Logfile for a session of program: bootstrap_binary.r
-----------------------------------------------------
INPUT:
workDir: C:/dino_nature/output/2023-11-07-D1\bs/set_1044
Nbootstrapsets: 2000
phyloFDAfile: c:/dino_nature/code/phylo.fda.R
auxFile: c:/dino_nature/code/auxiliary.r
boneType: femur
regressionData.file: C:/dino_nature/output/2023-11-07-D1\bs/set_1044/femur_set_1044.csv
applyDataFilter: FALSE
addTreeTips: TRUE
Ntrees: 100
calculateTrees: TRUE
saveTrees: FALSE


OPERATIONAL CHECKS:
* Regression data contains multiple copies of some taxa (user added variants of existing test taxa 
   or replacements due to bootstrap are present) which are not in the phylo tree:
     original taxon,   duplicate   
"1","Strigiops_habroptilus","Strigiops_habroptilus.1"
"2","Uncia_uncia","Uncia_uncia.1"
"3","Sphenodon_punctatus","Sphenodon_punctatus.1"
"4","Euroscaptor_micrura","Euroscaptor_micrura.1"
"5","Tribonyx_mortieri","Tribonyx_mortieri.1"
"6","Atlantisia_rogersi","Atlantisia_rogersi.1"
"7","Uncia_uncia","Uncia_uncia.2"
"8","Myrmecophaga_tridactyla","Myrmecophaga_tridactyla.1"
"9","Rupicapra_rupicapra","Rupicapra_rupicapra.1"
"10","Megaloceros_sp","Megaloceros_sp.1"
"11","Meles_meles","Meles_meles.1"
"12","Raphus","Raphus.1"
"13","Felis_felis","Felis_felis.1"
"14","Microgale_thomasi","Microgale_thomasi.1"
"15","Alces_americanus","Alces_americanus.1"
"16","Loxodonta_africana","Loxodonta_africana.1"
"17","Myrmecophaga_tridactyla","Myrmecophaga_tridactyla.2"
"18","Cephalophus_silvicultor","Cephalophus_silvicultor.1"
"19","Uncia_uncia","Uncia_uncia.3"
"20","Procyon_lotor","Procyon_lotor.1"
"21","Maiacetus","Maiacetus.1"
"22","Palaeospheniscus","Palaeospheniscus.1"
"23","Remingtonocetus","Remingtonocetus.1"
"24","Rodhocetus","Rodhocetus.1"
"25","Castor_fiber","Castor_fiber.1"
"26","Serpianosaurus","Serpianosaurus.1"
"27","Nothosaurus_mirabilis_1","Nothosaurus_mirabilis_1.1"
"28","large_eocene_stem_penguin","large_eocene_stem_penguin.1"
"29","Dyrosaurid","Dyrosaurid.1"
"30","Hesperornis","Hesperornis.1"
"31","Otaria_byronia","Otaria_byronia.1"
"32","Simosaurus_1","Simosaurus_1.1"
"33","Leptophoca_proxima","Leptophoca_proxima.1"
"34","Hesperornis","Hesperornis.2"
"35","Desmana_moschata","Desmana_moschata.1"
"36","Hexaprotodon_garyam","Hexaprotodon_garyam.1"
"37","Leptophoca_proxima","Leptophoca_proxima.2"
"38","Aptenodytes______","Aptenodytes______.1"
"39","Chironectes_minimus","Chironectes_minimus.1"
"40","Placondontia_indet","Placondontia_indet.1"
"41","Spinosaurus_","Spinosaurus_.1"
"42","Spinosaurus_","Spinosaurus_.2"
"43","Spinosaurus_","Spinosaurus_.3"
"44","Spinosaurus_","Spinosaurus_.4"
"45","Spinosaurus_","Spinosaurus_.5"
"46","Spinosaurus_","Spinosaurus_.6"
"47","Spinosaurus_","Spinosaurus_.7"
"48","Spinosaurus_","Spinosaurus_.8"
"49","Spinosaurus_","Spinosaurus_.9"
"50","Spinosaurus_","Spinosaurus_.10"
"51","Spinosaurus_","Spinosaurus_.11"
"52","Suchomimus","Suchomimus.1"
"53","Suchomimus","Suchomimus.2"
"54","Suchomimus","Suchomimus.3"
"55","Baryonyx","Baryonyx.1"
"56","Baryonyx","Baryonyx.2"
"57","Baryonyx","Baryonyx.3"
 
* Phylo tree and the main data and strata files have been modified to include duplicated taxa before the scaled random trees are generated.
* Selected categorical labels column: diving.or.not
* diving.or.equal column is identical to Diving column.
* Regression excludes flying taxa.
* Diving labels that are present in regression: 0,2
* lambda (calculated from a random tree) = : 0.1
* index-name alignment check: OK
