Logfile for a session of program: bootstrap_binary.r
-----------------------------------------------------
INPUT:
workDir: C:/dino_nature/output/2023-11-07-D1\bs/set_758
Nbootstrapsets: 2000
phyloFDAfile: c:/dino_nature/code/phylo.fda.R
auxFile: c:/dino_nature/code/auxiliary.r
boneType: femur
regressionData.file: C:/dino_nature/output/2023-11-07-D1\bs/set_758/femur_set_758.csv
applyDataFilter: FALSE
addTreeTips: TRUE
Ntrees: 100
calculateTrees: TRUE
saveTrees: FALSE


OPERATIONAL CHECKS:
* Regression data contains multiple copies of some taxa (user added variants of existing test taxa 
   or replacements due to bootstrap are present) which are not in the phylo tree:
     original taxon,   duplicate   
"1","Elephas_maximus","Elephas_maximus.1"
"2","Mustela_nivalis","Mustela_nivalis.1"
"3","Capreolus_capreolus","Capreolus_capreolus.1"
"4","Monodelphis_domestica","Monodelphis_domestica.1"
"5","Raphus","Raphus.1"
"6","Sphenodon_punctatus","Sphenodon_punctatus.1"
"7","Myrmecophaga_tridactyla","Myrmecophaga_tridactyla.1"
"8","Caloenas_nicobarica","Caloenas_nicobarica.1"
"9","Giraffa_camelopardalis","Giraffa_camelopardalis.1"
"10","Microgale_thomasi","Microgale_thomasi.1"
"11","Myrmecophaga_tridactyla","Myrmecophaga_tridactyla.2"
"12","Taxidea_taxus","Taxidea_taxus.1"
"13","Pogona_viceps","Pogona_viceps.1"
"14","Paguma_larvata","Paguma_larvata.1"
"15","Okapia_johnstoni","Okapia_johnstoni.1"
"16","Diplomesodon_pulchellum","Diplomesodon_pulchellum.1"
"17","Okapia_johnstoni","Okapia_johnstoni.2"
"18","Dicerorhinus_sumatrensis","Dicerorhinus_sumatrensis.1"
"19","Myrmecophaga_tridactyla","Myrmecophaga_tridactyla.3"
"20","Capreolus_capreolus","Capreolus_capreolus.2"
"21","Dasyurus_maculatus","Dasyurus_maculatus.1"
"22","Taxidea_taxus","Taxidea_taxus.2"
"23","Nothosaurus_150","Nothosaurus_150.1"
"24","Aptenodytes______","Aptenodytes______.1"
"25","Chironectes_minimus","Chironectes_minimus.1"
"26","Nothosaurus_150","Nothosaurus_150.2"
"27","Chironectes_minimus","Chironectes_minimus.2"
"28","Champsosaurus","Champsosaurus.1"
"29","Dyrosaurid","Dyrosaurid.1"
"30","Rodhocetus","Rodhocetus.1"
"31","Simosaurus_1","Simosaurus_1.1"
"32","Desmostylus_hesperus","Desmostylus_hesperus.1"
"33","Desmana_moschata","Desmana_moschata.1"
"34","Nothosaurus_mirabilis_1","Nothosaurus_mirabilis_1.1"
"35","Desmostylus_hesperus","Desmostylus_hesperus.2"
"36","Serpianosaurus","Serpianosaurus.1"
"37","Nothosaurus_giganteus","Nothosaurus_giganteus.1"
"38","Hippopotamus_amphibius","Hippopotamus_amphibius.1"
"39","Dyrosaurid","Dyrosaurid.2"
"40","Spheniscus","Spheniscus.1"
"41","Cricosaurus","Cricosaurus.1"
"42","Desmostylus_hesperus","Desmostylus_hesperus.3"
"43","Nothosaurus_mirabilis_1","Nothosaurus_mirabilis_1.2"
"44","Chapsosaurus_","Chapsosaurus_.1"
"45","Nothosaurus_150","Nothosaurus_150.3"
"46","Desmana_moschata","Desmana_moschata.2"
"47","Spinosaurus_","Spinosaurus_.1"
"48","Spinosaurus_","Spinosaurus_.2"
"49","Spinosaurus_","Spinosaurus_.3"
"50","Spinosaurus_","Spinosaurus_.4"
"51","Spinosaurus_","Spinosaurus_.5"
"52","Spinosaurus_","Spinosaurus_.6"
"53","Spinosaurus_","Spinosaurus_.7"
"54","Spinosaurus_","Spinosaurus_.8"
"55","Spinosaurus_","Spinosaurus_.9"
"56","Spinosaurus_","Spinosaurus_.10"
"57","Spinosaurus_","Spinosaurus_.11"
"58","Suchomimus","Suchomimus.1"
"59","Suchomimus","Suchomimus.2"
"60","Suchomimus","Suchomimus.3"
"61","Baryonyx","Baryonyx.1"
"62","Baryonyx","Baryonyx.2"
"63","Baryonyx","Baryonyx.3"
 
* Phylo tree and the main data and strata files have been modified to include duplicated taxa before the scaled random trees are generated.
* Selected categorical labels column: diving.or.not
* diving.or.equal column is identical to Diving column.
* Regression excludes flying taxa.
* Diving labels that are present in regression: 0,2
* lambda (calculated from a random tree) = : 0.09
* index-name alignment check: OK
