Logfile for a session of program: bootstrap_binary.r
-----------------------------------------------------
INPUT:
workDir: C:/dino_nature/output/2023-11-07-D1\bs/set_457
Nbootstrapsets: 2000
phyloFDAfile: c:/dino_nature/code/phylo.fda.R
auxFile: c:/dino_nature/code/auxiliary.r
boneType: femur
regressionData.file: C:/dino_nature/output/2023-11-07-D1\bs/set_457/femur_set_457.csv
applyDataFilter: FALSE
addTreeTips: TRUE
Ntrees: 100
calculateTrees: TRUE
saveTrees: FALSE


OPERATIONAL CHECKS:
* Regression data contains multiple copies of some taxa (user added variants of existing test taxa 
   or replacements due to bootstrap are present) which are not in the phylo tree:
     original taxon,   duplicate   
"1","Dicerorhinus_sumatrensis","Dicerorhinus_sumatrensis.1"
"2","Brachyodus_onoideum","Brachyodus_onoideum.1"
"3","Dasyurus_maculatus","Dasyurus_maculatus.1"
"4","Syncerus_caffer","Syncerus_caffer.1"
"5","Vulpes_vulpes","Vulpes_vulpes.1"
"6","Procavia_capensis","Procavia_capensis.1"
"7","Elomeryx_borbonicus_","Elomeryx_borbonicus_.1"
"8","Mustela_nivalis","Mustela_nivalis.1"
"9","Okapia_johnstoni","Okapia_johnstoni.1"
"10","Procavia_capensis","Procavia_capensis.2"
"11","Rupicapra_rupicapra","Rupicapra_rupicapra.1"
"12","Mammuthus_sp","Mammuthus_sp.1"
"13","Giraffa_camelopardalis","Giraffa_camelopardalis.1"
"14","Dama_dama","Dama_dama.1"
"15","Mammuthus_sp","Mammuthus_sp.2"
"16","Ceratotherium_simum","Ceratotherium_simum.1"
"17","Sphenodon_punctatus","Sphenodon_punctatus.1"
"18","Rupicapra_rupicapra","Rupicapra_rupicapra.2"
"19","Hemiechinus_azurites","Hemiechinus_azurites.1"
"20","Tenrec_ecaudatus","Tenrec_ecaudatus.1"
"21","Felis_felis","Felis_felis.1"
"22","Ornithorhynchus_anatinus","Ornithorhynchus_anatinus.1"
"23","Hippopotamus_amphibius","Hippopotamus_amphibius.1"
"24","Nothosaurus_mirabilis_1","Nothosaurus_mirabilis_1.1"
"25","Placodontia_indet_1","Placodontia_indet_1.1"
"26","Nanophoca_vitulinoides","Nanophoca_vitulinoides.1"
"27","Ornithorhynchus_anatinus","Ornithorhynchus_anatinus.2"
"28","Lutra_vulgaris","Lutra_vulgaris.1"
"29","large_eocene_stem_penguin","large_eocene_stem_penguin.1"
"30","Phocanella_pumila","Phocanella_pumila.1"
"31","Nothosaurus_giganteus","Nothosaurus_giganteus.1"
"32","Ichtyosaurus_","Ichtyosaurus_.1"
"33","Phalacrocorax_harrisi","Phalacrocorax_harrisi.1"
"34","Protochampsidae","Protochampsidae.1"
"35","Tapirus_terrestris","Tapirus_terrestris.1"
"36","Leptophoca_proxima","Leptophoca_proxima.1"
"37","Small_Eocene_penguin","Small_Eocene_penguin.1"
"38","Lutra_vulgaris","Lutra_vulgaris.2"
"39","Placondontia_indet","Placondontia_indet.1"
"40","Otaria_byronia","Otaria_byronia.1"
"41","Protochampsidae","Protochampsidae.2"
"42","Champsosaurus","Champsosaurus.1"
"43","Ornithorhynchus_anatinus","Ornithorhynchus_anatinus.3"
"44","large_eocene_stem_penguin","large_eocene_stem_penguin.2"
"45","Cryptoclidus","Cryptoclidus.1"
"46","Tapirus_terrestris","Tapirus_terrestris.2"
"47","Spinosaurus_","Spinosaurus_.1"
"48","Spinosaurus_","Spinosaurus_.2"
"49","Spinosaurus_","Spinosaurus_.3"
"50","Spinosaurus_","Spinosaurus_.4"
"51","Spinosaurus_","Spinosaurus_.5"
"52","Spinosaurus_","Spinosaurus_.6"
"53","Spinosaurus_","Spinosaurus_.7"
"54","Spinosaurus_","Spinosaurus_.8"
"55","Spinosaurus_","Spinosaurus_.9"
"56","Spinosaurus_","Spinosaurus_.10"
"57","Spinosaurus_","Spinosaurus_.11"
"58","Suchomimus","Suchomimus.1"
"59","Suchomimus","Suchomimus.2"
"60","Suchomimus","Suchomimus.3"
"61","Baryonyx","Baryonyx.1"
"62","Baryonyx","Baryonyx.2"
"63","Baryonyx","Baryonyx.3"
 
* Phylo tree and the main data and strata files have been modified to include duplicated taxa before the scaled random trees are generated.
* Selected categorical labels column: diving.or.not
* diving.or.equal column is identical to Diving column.
* Regression excludes flying taxa.
* Diving labels that are present in regression: 0,2
* lambda (calculated from a random tree) = : 0.14
* index-name alignment check: OK
