Logfile for a session of program: bootstrap_binary.r
-----------------------------------------------------
INPUT:
workDir: C:/dino_nature/output/2023-11-07-D1\bs/set_1860
Nbootstrapsets: 2000
phyloFDAfile: c:/dino_nature/code/phylo.fda.R
auxFile: c:/dino_nature/code/auxiliary.r
boneType: femur
regressionData.file: C:/dino_nature/output/2023-11-07-D1\bs/set_1860/femur_set_1860.csv
applyDataFilter: FALSE
addTreeTips: TRUE
Ntrees: 100
calculateTrees: TRUE
saveTrees: FALSE


OPERATIONAL CHECKS:
* Regression data contains multiple copies of some taxa (user added variants of existing test taxa 
   or replacements due to bootstrap are present) which are not in the phylo tree:
     original taxon,   duplicate   
"1","Euroscaptor_micrura","Euroscaptor_micrura.1"
"2","Mus_musculus","Mus_musculus.1"
"3","Megaloceros_sp","Megaloceros_sp.1"
"4","Rynochetus_jubatus","Rynochetus_jubatus.1"
"5","Tamandua_tetradactyla","Tamandua_tetradactyla.1"
"6","Ceratotherium_simum","Ceratotherium_simum.1"
"7","Mustela_nivalis","Mustela_nivalis.1"
"8","Microgale_thomasi","Microgale_thomasi.1"
"9","Tamandua_tetradactyla","Tamandua_tetradactyla.2"
"10","Megaloceros_sp","Megaloceros_sp.2"
"11","Apteryx_australis","Apteryx_australis.1"
"12","Raphus","Raphus.1"
"13","Tamandua_tetradactyla","Tamandua_tetradactyla.3"
"14","Elomeryx_borbonicus_","Elomeryx_borbonicus_.1"
"15","Capreolus_capreolus","Capreolus_capreolus.1"
"16","Ceratotherium_simum","Ceratotherium_simum.2"
"17","Megaloceros_sp","Megaloceros_sp.3"
"18","Mus_musculus","Mus_musculus.2"
"19","Rhynchocyon_petersi","Rhynchocyon_petersi.1"
"20","Mus_musculus","Mus_musculus.3"
"21","Giraffa_camelopardalis","Giraffa_camelopardalis.1"
"22","Nyctereutes_procyonoides","Nyctereutes_procyonoides.1"
"23","Dicerorhinus_sumatrensis","Dicerorhinus_sumatrensis.1"
"24","Rattus_rattus","Rattus_rattus.1"
"25","Bos_taurus","Bos_taurus.1"
"26","Pistosaurus","Pistosaurus.1"
"27","Choeropsis_liberiensis","Choeropsis_liberiensis.1"
"28","Desmana_moschata","Desmana_moschata.1"
"29","Otaria_byronia","Otaria_byronia.1"
"30","Ornithorhynchus_anatinus","Ornithorhynchus_anatinus.1"
"31","Spheniscus","Spheniscus.1"
"32","Callophoca_obscura","Callophoca_obscura.1"
"33","Castor_fiber","Castor_fiber.1"
"34","Hesperornis","Hesperornis.1"
"35","Plesiosaurus","Plesiosaurus.1"
"36","Leptophoca_proxima","Leptophoca_proxima.1"
"37","Remingtonocetus","Remingtonocetus.1"
"38","Otaria_byronia","Otaria_byronia.2"
"39","Neusticosaurus","Neusticosaurus.1"
"40","Dyrosaurid","Dyrosaurid.1"
"41","Hexaprotodon_garyam","Hexaprotodon_garyam.1"
"42","Hexaprotodon_garyam","Hexaprotodon_garyam.2"
"43","Pistosaurus","Pistosaurus.2"
"44","Spinosaurus_","Spinosaurus_.1"
"45","Spinosaurus_","Spinosaurus_.2"
"46","Spinosaurus_","Spinosaurus_.3"
"47","Spinosaurus_","Spinosaurus_.4"
"48","Spinosaurus_","Spinosaurus_.5"
"49","Spinosaurus_","Spinosaurus_.6"
"50","Spinosaurus_","Spinosaurus_.7"
"51","Spinosaurus_","Spinosaurus_.8"
"52","Spinosaurus_","Spinosaurus_.9"
"53","Spinosaurus_","Spinosaurus_.10"
"54","Spinosaurus_","Spinosaurus_.11"
"55","Suchomimus","Suchomimus.1"
"56","Suchomimus","Suchomimus.2"
"57","Suchomimus","Suchomimus.3"
"58","Baryonyx","Baryonyx.1"
"59","Baryonyx","Baryonyx.2"
"60","Baryonyx","Baryonyx.3"
 
* Phylo tree and the main data and strata files have been modified to include duplicated taxa before the scaled random trees are generated.
* Selected categorical labels column: diving.or.not
* diving.or.equal column is identical to Diving column.
* Regression excludes flying taxa.
* Diving labels that are present in regression: 0,2
* lambda (calculated from a random tree) = : 0.07
* index-name alignment check: OK
