Logfile for a session of program: bootstrap_binary.r
-----------------------------------------------------
INPUT:
workDir: C:/dino_nature/output/2023-11-07-D1\bs/set_1143
Nbootstrapsets: 2000
phyloFDAfile: c:/dino_nature/code/phylo.fda.R
auxFile: c:/dino_nature/code/auxiliary.r
boneType: femur
regressionData.file: C:/dino_nature/output/2023-11-07-D1\bs/set_1143/femur_set_1143.csv
applyDataFilter: FALSE
addTreeTips: TRUE
Ntrees: 100
calculateTrees: TRUE
saveTrees: FALSE


OPERATIONAL CHECKS:
* Regression data contains multiple copies of some taxa (user added variants of existing test taxa 
   or replacements due to bootstrap are present) which are not in the phylo tree:
     original taxon,   duplicate   
"1","Euroscaptor_micrura","Euroscaptor_micrura.1"
"2","Monodelphis_domestica","Monodelphis_domestica.1"
"3","Raphus","Raphus.1"
"4","Tamandua_tetradactyla","Tamandua_tetradactyla.1"
"5","Vulpes_vulpes","Vulpes_vulpes.1"
"6","Vulpes_vulpes","Vulpes_vulpes.2"
"7","Pogona_viceps","Pogona_viceps.1"
"8","Tamandua_tetradactyla","Tamandua_tetradactyla.2"
"9","Felis_felis","Felis_felis.1"
"10","Apteryx_owenii_","Apteryx_owenii_.1"
"11","Raphus","Raphus.2"
"12","Apteryx_australis","Apteryx_australis.1"
"13","Capreolus_capreolus","Capreolus_capreolus.1"
"14","Vulpes_vulpes","Vulpes_vulpes.3"
"15","Taxidea_taxus","Taxidea_taxus.1"
"16","Vulpes_vulpes","Vulpes_vulpes.4"
"17","Dasyurus_maculatus","Dasyurus_maculatus.1"
"18","Rattus_rattus","Rattus_rattus.1"
"19","Rynochetus_jubatus","Rynochetus_jubatus.1"
"20","Cephalophus_silvicultor","Cephalophus_silvicultor.1"
"21","Ceratotherium_simum","Ceratotherium_simum.1"
"22","Serpianosaurus","Serpianosaurus.1"
"23","Callophoca_obscura","Callophoca_obscura.1"
"24","Plesiosaurus","Plesiosaurus.1"
"25","Rodhocetus","Rodhocetus.1"
"26","Serpianosaurus","Serpianosaurus.2"
"27","Callophoca_obscura","Callophoca_obscura.2"
"28","Hexaprotodon_garyam","Hexaprotodon_garyam.1"
"29","Hexaprotodon_garyam","Hexaprotodon_garyam.2"
"30","Simosaurus_1","Simosaurus_1.1"
"31","Paraplacodus","Paraplacodus.1"
"32","large_eocene_stem_penguin","large_eocene_stem_penguin.1"
"33","Placondontia_indet","Placondontia_indet.1"
"34","Neusticosaurus","Neusticosaurus.1"
"35","Choeropsis_liberiensis","Choeropsis_liberiensis.1"
"36","large_eocene_stem_penguin","large_eocene_stem_penguin.2"
"37","large_eocene_stem_penguin","large_eocene_stem_penguin.3"
"38","Psephoderma","Psephoderma.1"
"39","Choeropsis_liberiensis","Choeropsis_liberiensis.2"
"40","Callophoca_obscura","Callophoca_obscura.3"
"41","Ichtyosaur_sp","Ichtyosaur_sp.1"
"42","Spinosaurus_","Spinosaurus_.1"
"43","Spinosaurus_","Spinosaurus_.2"
"44","Spinosaurus_","Spinosaurus_.3"
"45","Spinosaurus_","Spinosaurus_.4"
"46","Spinosaurus_","Spinosaurus_.5"
"47","Spinosaurus_","Spinosaurus_.6"
"48","Spinosaurus_","Spinosaurus_.7"
"49","Spinosaurus_","Spinosaurus_.8"
"50","Spinosaurus_","Spinosaurus_.9"
"51","Spinosaurus_","Spinosaurus_.10"
"52","Spinosaurus_","Spinosaurus_.11"
"53","Suchomimus","Suchomimus.1"
"54","Suchomimus","Suchomimus.2"
"55","Suchomimus","Suchomimus.3"
"56","Baryonyx","Baryonyx.1"
"57","Baryonyx","Baryonyx.2"
"58","Baryonyx","Baryonyx.3"
 
* Phylo tree and the main data and strata files have been modified to include duplicated taxa before the scaled random trees are generated.
* Selected categorical labels column: diving.or.not
* diving.or.equal column is identical to Diving column.
* Regression excludes flying taxa.
* Diving labels that are present in regression: 0,2
* lambda (calculated from a random tree) = : 0.09
* index-name alignment check: OK
