Logfile for a session of program: bootstrap_binary.r
-----------------------------------------------------
INPUT:
workDir: C:/dino_nature/output/2023-11-07-D1\bs/set_300
Nbootstrapsets: 2000
phyloFDAfile: c:/dino_nature/code/phylo.fda.R
auxFile: c:/dino_nature/code/auxiliary.r
boneType: femur
regressionData.file: C:/dino_nature/output/2023-11-07-D1\bs/set_300/femur_set_300.csv
applyDataFilter: FALSE
addTreeTips: TRUE
Ntrees: 100
calculateTrees: TRUE
saveTrees: FALSE


OPERATIONAL CHECKS:
* Regression data contains multiple copies of some taxa (user added variants of existing test taxa 
   or replacements due to bootstrap are present) which are not in the phylo tree:
     original taxon,   duplicate   
"1","Mustela_nivalis","Mustela_nivalis.1"
"2","Rhynchocyon_petersi","Rhynchocyon_petersi.1"
"3","Rattus_rattus","Rattus_rattus.1"
"4","Mustela_nivalis","Mustela_nivalis.2"
"5","Hemiechinus_azurites","Hemiechinus_azurites.1"
"6","Mustela_nivalis","Mustela_nivalis.3"
"7","Lacerta_viridis","Lacerta_viridis.1"
"8","Rhynchocyon_petersi","Rhynchocyon_petersi.2"
"9","Bison_bonasus","Bison_bonasus.1"
"10","Hemiechinus_azurites","Hemiechinus_azurites.2"
"11","Procyon_lotor","Procyon_lotor.1"
"12","Rhynchocyon_petersi","Rhynchocyon_petersi.3"
"13","Ceratotherium_simum","Ceratotherium_simum.1"
"14","Loxodonta_africana","Loxodonta_africana.1"
"15","Bison_bonasus","Bison_bonasus.2"
"16","Lacerta_viridis","Lacerta_viridis.2"
"17","Rattus_rattus","Rattus_rattus.2"
"18","Syncerus_caffer","Syncerus_caffer.1"
"19","Dromaius_","Dromaius_.1"
"20","Dicerorhinus_sumatrensis","Dicerorhinus_sumatrensis.1"
"21","Felis_felis","Felis_felis.1"
"22","Pistosaurus","Pistosaurus.1"
"23","Hesperornis","Hesperornis.1"
"24","Aptenodytes______","Aptenodytes______.1"
"25","Hesperornis","Hesperornis.2"
"26","Pistosaurus","Pistosaurus.2"
"27","Indohyus","Indohyus.1"
"28","Nothosaurus_mirabilis_1","Nothosaurus_mirabilis_1.1"
"29","Simosaurus_1","Simosaurus_1.1"
"30","Maiacetus","Maiacetus.1"
"31","Hippopotamus_amphibius","Hippopotamus_amphibius.1"
"32","Simosaurus","Simosaurus.1"
"33","Simosaurus","Simosaurus.2"
"34","Ichtyosaurus_","Ichtyosaurus_.1"
"35","Maiacetus","Maiacetus.2"
"36","Pistosaurus","Pistosaurus.3"
"37","Ichtyosaurus_","Ichtyosaurus_.2"
"38","Spheniscus","Spheniscus.1"
"39","Hexaprotodon_garyam","Hexaprotodon_garyam.1"
"40","Callophoca_obscura","Callophoca_obscura.1"
"41","Nanophoca_vitulinoides","Nanophoca_vitulinoides.1"
"42","Callophoca_obscura","Callophoca_obscura.2"
"43","Nothosaurus_102","Nothosaurus_102.1"
"44","Spinosaurus_","Spinosaurus_.1"
"45","Spinosaurus_","Spinosaurus_.2"
"46","Spinosaurus_","Spinosaurus_.3"
"47","Spinosaurus_","Spinosaurus_.4"
"48","Spinosaurus_","Spinosaurus_.5"
"49","Spinosaurus_","Spinosaurus_.6"
"50","Spinosaurus_","Spinosaurus_.7"
"51","Spinosaurus_","Spinosaurus_.8"
"52","Spinosaurus_","Spinosaurus_.9"
"53","Spinosaurus_","Spinosaurus_.10"
"54","Spinosaurus_","Spinosaurus_.11"
"55","Suchomimus","Suchomimus.1"
"56","Suchomimus","Suchomimus.2"
"57","Suchomimus","Suchomimus.3"
"58","Baryonyx","Baryonyx.1"
"59","Baryonyx","Baryonyx.2"
"60","Baryonyx","Baryonyx.3"
 
* Phylo tree and the main data and strata files have been modified to include duplicated taxa before the scaled random trees are generated.
* Selected categorical labels column: diving.or.not
* diving.or.equal column is identical to Diving column.
* Regression excludes flying taxa.
* Diving labels that are present in regression: 0,2
* lambda (calculated from a random tree) = : 0.1
* index-name alignment check: OK
