Logfile for a session of program: bootstrap_binary.r
-----------------------------------------------------
INPUT:
workDir: C:/dino_nature/output/2023-11-07-D1\bs/set_992
Nbootstrapsets: 2000
phyloFDAfile: c:/dino_nature/code/phylo.fda.R
auxFile: c:/dino_nature/code/auxiliary.r
boneType: femur
regressionData.file: C:/dino_nature/output/2023-11-07-D1\bs/set_992/femur_set_992.csv
applyDataFilter: FALSE
addTreeTips: TRUE
Ntrees: 100
calculateTrees: TRUE
saveTrees: FALSE


OPERATIONAL CHECKS:
* Regression data contains multiple copies of some taxa (user added variants of existing test taxa 
   or replacements due to bootstrap are present) which are not in the phylo tree:
     original taxon,   duplicate   
"1","Dama_dama","Dama_dama.1"
"2","Dicerorhinus_sumatrensis","Dicerorhinus_sumatrensis.1"
"3","Alces_americanus","Alces_americanus.1"
"4","Strigiops_habroptilus","Strigiops_habroptilus.1"
"5","Rupicapra_rupicapra","Rupicapra_rupicapra.1"
"6","Pogona_viceps","Pogona_viceps.1"
"7","Rhynchocyon_petersi","Rhynchocyon_petersi.1"
"8","Cephalophus_silvicultor","Cephalophus_silvicultor.1"
"9","Capreolus_capreolus","Capreolus_capreolus.1"
"10","Procavia_capensis","Procavia_capensis.1"
"11","Dama_dama","Dama_dama.2"
"12","Elephas_maximus","Elephas_maximus.1"
"13","Elephas_maximus","Elephas_maximus.2"
"14","Dicerorhinus_sumatrensis","Dicerorhinus_sumatrensis.2"
"15","Mammuthus_sp","Mammuthus_sp.1"
"16","Capreolus_capreolus","Capreolus_capreolus.2"
"17","Xenicus_giliventris","Xenicus_giliventris.1"
"18","Rattus_rattus","Rattus_rattus.1"
"19","Megaloceros_sp","Megaloceros_sp.1"
"20","Tamandua_tetradactyla","Tamandua_tetradactyla.1"
"21","Uncia_uncia","Uncia_uncia.1"
"22","Strigiops_habroptilus","Strigiops_habroptilus.2"
"23","Elephas_maximus","Elephas_maximus.3"
"24","Tamandua_tetradactyla","Tamandua_tetradactyla.2"
"25","Maiacetus","Maiacetus.1"
"26","Neusticosaurus","Neusticosaurus.1"
"27","Rhaeticosaurus","Rhaeticosaurus.1"
"28","Champsosaurus","Champsosaurus.1"
"29","Hippopotamus_amphibius","Hippopotamus_amphibius.1"
"30","Micropotamogale_euwenzorii","Micropotamogale_euwenzorii.1"
"31","Micropotamogale_euwenzorii","Micropotamogale_euwenzorii.2"
"32","Simosaurus_1","Simosaurus_1.1"
"33","Champsosaurus","Champsosaurus.2"
"34","Rodhocetus","Rodhocetus.1"
"35","Champsosaurus","Champsosaurus.3"
"36","Protochampsidae","Protochampsidae.1"
"37","Desmostylus_hesperus","Desmostylus_hesperus.1"
"38","Metryorhynchus","Metryorhynchus.1"
"39","Cryptoclidus","Cryptoclidus.1"
"40","Cryptoclidus","Cryptoclidus.2"
"41","Cryptoclidus","Cryptoclidus.3"
"42","Simosaurus","Simosaurus.1"
"43","Maiacetus","Maiacetus.2"
"44","Nothosaurus_150","Nothosaurus_150.1"
"45","Spinosaurus_","Spinosaurus_.1"
"46","Spinosaurus_","Spinosaurus_.2"
"47","Spinosaurus_","Spinosaurus_.3"
"48","Spinosaurus_","Spinosaurus_.4"
"49","Spinosaurus_","Spinosaurus_.5"
"50","Spinosaurus_","Spinosaurus_.6"
"51","Spinosaurus_","Spinosaurus_.7"
"52","Spinosaurus_","Spinosaurus_.8"
"53","Spinosaurus_","Spinosaurus_.9"
"54","Spinosaurus_","Spinosaurus_.10"
"55","Spinosaurus_","Spinosaurus_.11"
"56","Suchomimus","Suchomimus.1"
"57","Suchomimus","Suchomimus.2"
"58","Suchomimus","Suchomimus.3"
"59","Baryonyx","Baryonyx.1"
"60","Baryonyx","Baryonyx.2"
"61","Baryonyx","Baryonyx.3"
 
* Phylo tree and the main data and strata files have been modified to include duplicated taxa before the scaled random trees are generated.
* Selected categorical labels column: diving.or.not
* diving.or.equal column is identical to Diving column.
* Regression excludes flying taxa.
* Diving labels that are present in regression: 0,2
* lambda (calculated from a random tree) = : 0.11
* index-name alignment check: OK
