Logfile for a session of program: bootstrap_binary.r
-----------------------------------------------------
INPUT:
workDir: C:/dino_nature/output/2023-11-07-D1\bs/set_943
Nbootstrapsets: 2000
phyloFDAfile: c:/dino_nature/code/phylo.fda.R
auxFile: c:/dino_nature/code/auxiliary.r
boneType: femur
regressionData.file: C:/dino_nature/output/2023-11-07-D1\bs/set_943/femur_set_943.csv
applyDataFilter: FALSE
addTreeTips: TRUE
Ntrees: 100
calculateTrees: TRUE
saveTrees: FALSE


OPERATIONAL CHECKS:
* Regression data contains multiple copies of some taxa (user added variants of existing test taxa 
   or replacements due to bootstrap are present) which are not in the phylo tree:
     original taxon,   duplicate   
"1","Pogona_viceps","Pogona_viceps.1"
"2","Hemiechinus_azurites","Hemiechinus_azurites.1"
"3","Rattus_rattus","Rattus_rattus.1"
"4","Rattus_rattus","Rattus_rattus.2"
"5","Microgale_thomasi","Microgale_thomasi.1"
"6","Paguma_larvata","Paguma_larvata.1"
"7","Rupicapra_rupicapra","Rupicapra_rupicapra.1"
"8","Rattus_rattus","Rattus_rattus.3"
"9","Felis_felis","Felis_felis.1"
"10","Bos_taurus","Bos_taurus.1"
"11","Megaloceros_sp","Megaloceros_sp.1"
"12","Procavia_capensis","Procavia_capensis.1"
"13","Nyctereutes_procyonoides","Nyctereutes_procyonoides.1"
"14","Rupicapra_rupicapra","Rupicapra_rupicapra.2"
"15","Uncia_uncia","Uncia_uncia.1"
"16","Paguma_larvata","Paguma_larvata.2"
"17","Mus_musculus","Mus_musculus.1"
"18","Cephalophus_silvicultor","Cephalophus_silvicultor.1"
"19","Mustela_nivalis","Mustela_nivalis.1"
"20","Mustela_nivalis","Mustela_nivalis.2"
"21","Procavia_capensis","Procavia_capensis.2"
"22","Brachyodus_onoideum","Brachyodus_onoideum.1"
"23","Alligator","Alligator.1"
"24","Remingtonocetus","Remingtonocetus.1"
"25","Desmana_moschata","Desmana_moschata.1"
"26","Maiacetus","Maiacetus.1"
"27","Desmana_moschata","Desmana_moschata.2"
"28","Maiacetus","Maiacetus.2"
"29","Maiacetus","Maiacetus.3"
"30","Choeropsis_liberiensis","Choeropsis_liberiensis.1"
"31","Maiacetus","Maiacetus.4"
"32","Chironectes_minimus","Chironectes_minimus.1"
"33","Nothosaurus_giganteus","Nothosaurus_giganteus.1"
"34","Chironectes_minimus","Chironectes_minimus.2"
"35","Alligator","Alligator.2"
"36","Maiacetus","Maiacetus.5"
"37","Noemys_fodies","Noemys_fodies.1"
"38","Maiacetus","Maiacetus.6"
"39","Pistosaurus","Pistosaurus.1"
"40","Pistosaurus","Pistosaurus.2"
"41","Noemys_fodies","Noemys_fodies.2"
"42","Hesperornis","Hesperornis.1"
"43","Psephoderma","Psephoderma.1"
"44","Simosaurus","Simosaurus.1"
"45","Chapsosaurus_","Chapsosaurus_.1"
"46","Spinosaurus_","Spinosaurus_.1"
"47","Spinosaurus_","Spinosaurus_.2"
"48","Spinosaurus_","Spinosaurus_.3"
"49","Spinosaurus_","Spinosaurus_.4"
"50","Spinosaurus_","Spinosaurus_.5"
"51","Spinosaurus_","Spinosaurus_.6"
"52","Spinosaurus_","Spinosaurus_.7"
"53","Spinosaurus_","Spinosaurus_.8"
"54","Spinosaurus_","Spinosaurus_.9"
"55","Spinosaurus_","Spinosaurus_.10"
"56","Spinosaurus_","Spinosaurus_.11"
"57","Suchomimus","Suchomimus.1"
"58","Suchomimus","Suchomimus.2"
"59","Suchomimus","Suchomimus.3"
"60","Baryonyx","Baryonyx.1"
"61","Baryonyx","Baryonyx.2"
"62","Baryonyx","Baryonyx.3"
 
* Phylo tree and the main data and strata files have been modified to include duplicated taxa before the scaled random trees are generated.
* Selected categorical labels column: diving.or.not
* diving.or.equal column is identical to Diving column.
* Regression excludes flying taxa.
* Diving labels that are present in regression: 0,2
* lambda (calculated from a random tree) = : 0.09
* index-name alignment check: OK
