Logfile for a session of program: bootstrap_binary.r
-----------------------------------------------------
INPUT:
workDir: C:/dino_nature/output/2023-11-07-D1\bs/set_1745
Nbootstrapsets: 2000
phyloFDAfile: c:/dino_nature/code/phylo.fda.R
auxFile: c:/dino_nature/code/auxiliary.r
boneType: femur
regressionData.file: C:/dino_nature/output/2023-11-07-D1\bs/set_1745/femur_set_1745.csv
applyDataFilter: FALSE
addTreeTips: TRUE
Ntrees: 100
calculateTrees: TRUE
saveTrees: FALSE


OPERATIONAL CHECKS:
* Regression data contains multiple copies of some taxa (user added variants of existing test taxa 
   or replacements due to bootstrap are present) which are not in the phylo tree:
     original taxon,   duplicate   
"1","Rattus_rattus","Rattus_rattus.1"
"2","Meles_meles","Meles_meles.1"
"3","Mammuthus_sp","Mammuthus_sp.1"
"4","Pogona_viceps","Pogona_viceps.1"
"5","Mammuthus_sp","Mammuthus_sp.2"
"6","Meles_meles","Meles_meles.2"
"7","Loxodonta_africana","Loxodonta_africana.1"
"8","Microgale_thomasi","Microgale_thomasi.1"
"9","Mustela_nivalis","Mustela_nivalis.1"
"10","Okapia_johnstoni","Okapia_johnstoni.1"
"11","Loxodonta_africana","Loxodonta_africana.2"
"12","Dromaius_","Dromaius_.1"
"13","Mus_musculus","Mus_musculus.1"
"14","Rhinoceros_sondaicus","Rhinoceros_sondaicus.1"
"15","Dromaius_","Dromaius_.2"
"16","Myrmecophaga_tridactyla","Myrmecophaga_tridactyla.1"
"17","Lama_guanicoe","Lama_guanicoe.1"
"18","Sphenodon_punctatus","Sphenodon_punctatus.1"
"19","Diplomesodon_pulchellum","Diplomesodon_pulchellum.1"
"20","Taxidea_taxus","Taxidea_taxus.1"
"21","Remingtonocetus","Remingtonocetus.1"
"22","Maiacetus","Maiacetus.1"
"23","Nothosaurus_mirabilis_1","Nothosaurus_mirabilis_1.1"
"24","Ornithorhynchus_anatinus","Ornithorhynchus_anatinus.1"
"25","Placodontia_indet_1","Placodontia_indet_1.1"
"26","Noemys_fodies","Noemys_fodies.1"
"27","Castor_fiber","Castor_fiber.1"
"28","Aptenodytes______","Aptenodytes______.1"
"29","Rhaeticosaurus","Rhaeticosaurus.1"
"30","Otaria_byronia","Otaria_byronia.1"
"31","Maiacetus","Maiacetus.2"
"32","Noemys_fodies","Noemys_fodies.2"
"33","Castor_fiber","Castor_fiber.2"
"34","Cryptoclidus","Cryptoclidus.1"
"35","Alligator","Alligator.1"
"36","Nothosaurus_mirabilis_1","Nothosaurus_mirabilis_1.2"
"37","Small_Eocene_penguin","Small_Eocene_penguin.1"
"38","Ichtyosaurus_","Ichtyosaurus_.1"
"39","Small_Eocene_penguin","Small_Eocene_penguin.2"
"40","Spinosaurus_","Spinosaurus_.1"
"41","Spinosaurus_","Spinosaurus_.2"
"42","Spinosaurus_","Spinosaurus_.3"
"43","Spinosaurus_","Spinosaurus_.4"
"44","Spinosaurus_","Spinosaurus_.5"
"45","Spinosaurus_","Spinosaurus_.6"
"46","Spinosaurus_","Spinosaurus_.7"
"47","Spinosaurus_","Spinosaurus_.8"
"48","Spinosaurus_","Spinosaurus_.9"
"49","Spinosaurus_","Spinosaurus_.10"
"50","Spinosaurus_","Spinosaurus_.11"
"51","Suchomimus","Suchomimus.1"
"52","Suchomimus","Suchomimus.2"
"53","Suchomimus","Suchomimus.3"
"54","Baryonyx","Baryonyx.1"
"55","Baryonyx","Baryonyx.2"
"56","Baryonyx","Baryonyx.3"
 
* Phylo tree and the main data and strata files have been modified to include duplicated taxa before the scaled random trees are generated.
* Selected categorical labels column: diving.or.not
* diving.or.equal column is identical to Diving column.
* Regression excludes flying taxa.
* Diving labels that are present in regression: 0,2
* lambda (calculated from a random tree) = : 0.14
* index-name alignment check: OK
