Logfile for a session of program: bootstrap_binary.r
-----------------------------------------------------
INPUT:
workDir: C:/dino_nature/output/2023-11-07-D1\bs/set_13
Nbootstrapsets: 2000
phyloFDAfile: c:/dino_nature/code/phylo.fda.R
auxFile: c:/dino_nature/code/auxiliary.r
boneType: femur
regressionData.file: C:/dino_nature/output/2023-11-07-D1\bs/set_13/femur_set_13.csv
applyDataFilter: FALSE
addTreeTips: TRUE
Ntrees: 100
calculateTrees: TRUE
saveTrees: FALSE


OPERATIONAL CHECKS:
* Regression data contains multiple copies of some taxa (user added variants of existing test taxa 
   or replacements due to bootstrap are present) which are not in the phylo tree:
     original taxon,   duplicate   
"1","Alces_americanus","Alces_americanus.1"
"2","Giraffa_camelopardalis","Giraffa_camelopardalis.1"
"3","Strigiops_habroptilus","Strigiops_habroptilus.1"
"4","Okapia_johnstoni","Okapia_johnstoni.1"
"5","Porphyrio_hochstetteri","Porphyrio_hochstetteri.1"
"6","Caloenas_nicobarica","Caloenas_nicobarica.1"
"7","Strigiops_habroptilus","Strigiops_habroptilus.2"
"8","Euroscaptor_micrura","Euroscaptor_micrura.1"
"9","Strigiops_habroptilus","Strigiops_habroptilus.3"
"10","Alces_americanus","Alces_americanus.2"
"11","Porphyrio_hochstetteri","Porphyrio_hochstetteri.2"
"12","Porphyrio_hochstetteri","Porphyrio_hochstetteri.3"
"13","Pogona_viceps","Pogona_viceps.1"
"14","Euroscaptor_micrura","Euroscaptor_micrura.2"
"15","Tenrec_ecaudatus","Tenrec_ecaudatus.1"
"16","Bison_bonasus","Bison_bonasus.1"
"17","Alces_americanus","Alces_americanus.3"
"18","Monodelphis_domestica","Monodelphis_domestica.1"
"19","Nyctereutes_procyonoides","Nyctereutes_procyonoides.1"
"20","Rupicapra_rupicapra","Rupicapra_rupicapra.1"
"21","Otaria_byronia","Otaria_byronia.1"
"22","Champsosaurus","Champsosaurus.1"
"23","Otaria_byronia","Otaria_byronia.2"
"24","Psephoderma","Psephoderma.1"
"25","Micropotamogale_euwenzorii","Micropotamogale_euwenzorii.1"
"26","Placodontia_indet_1","Placodontia_indet_1.1"
"27","Anarosaurus","Anarosaurus.1"
"28","Ornithorhynchus_anatinus","Ornithorhynchus_anatinus.1"
"29","Champsosaurus","Champsosaurus.2"
"30","Desmana_moschata","Desmana_moschata.1"
"31","Simosaurus_1","Simosaurus_1.1"
"32","Remingtonocetus","Remingtonocetus.1"
"33","Ichtyosaur_sp","Ichtyosaur_sp.1"
"34","Ornithorhynchus_anatinus","Ornithorhynchus_anatinus.2"
"35","Anarosaurus","Anarosaurus.2"
"36","Champsosaurus","Champsosaurus.3"
"37","Dyrosaurid","Dyrosaurid.1"
"38","Micropotamogale_euwenzorii","Micropotamogale_euwenzorii.2"
"39","Desmostylus_hesperus","Desmostylus_hesperus.1"
"40","Ornithorhynchus_anatinus","Ornithorhynchus_anatinus.3"
"41","Indohyus","Indohyus.1"
"42","Rodhocetus","Rodhocetus.1"
"43","Remingtonocetus","Remingtonocetus.2"
"44","Neusticosaurus","Neusticosaurus.1"
"45","Spinosaurus_","Spinosaurus_.1"
"46","Spinosaurus_","Spinosaurus_.2"
"47","Spinosaurus_","Spinosaurus_.3"
"48","Spinosaurus_","Spinosaurus_.4"
"49","Spinosaurus_","Spinosaurus_.5"
"50","Spinosaurus_","Spinosaurus_.6"
"51","Spinosaurus_","Spinosaurus_.7"
"52","Spinosaurus_","Spinosaurus_.8"
"53","Spinosaurus_","Spinosaurus_.9"
"54","Spinosaurus_","Spinosaurus_.10"
"55","Spinosaurus_","Spinosaurus_.11"
"56","Suchomimus","Suchomimus.1"
"57","Suchomimus","Suchomimus.2"
"58","Suchomimus","Suchomimus.3"
"59","Baryonyx","Baryonyx.1"
"60","Baryonyx","Baryonyx.2"
"61","Baryonyx","Baryonyx.3"
 
* Phylo tree and the main data and strata files have been modified to include duplicated taxa before the scaled random trees are generated.
* Selected categorical labels column: diving.or.not
* diving.or.equal column is identical to Diving column.
* Regression excludes flying taxa.
* Diving labels that are present in regression: 0,2
* lambda (calculated from a random tree) = : 0.07
* index-name alignment check: OK
