Logfile for a session of program: bootstrap_binary.r
-----------------------------------------------------
INPUT:
workDir: C:/dino_nature/output/2023-11-07-D1\bs/set_98
Nbootstrapsets: 2000
phyloFDAfile: c:/dino_nature/code/phylo.fda.R
auxFile: c:/dino_nature/code/auxiliary.r
boneType: femur
regressionData.file: C:/dino_nature/output/2023-11-07-D1\bs/set_98/femur_set_98.csv
applyDataFilter: FALSE
addTreeTips: TRUE
Ntrees: 100
calculateTrees: TRUE
saveTrees: FALSE


OPERATIONAL CHECKS:
* Regression data contains multiple copies of some taxa (user added variants of existing test taxa 
   or replacements due to bootstrap are present) which are not in the phylo tree:
     original taxon,   duplicate   
"1","Rupicapra_rupicapra","Rupicapra_rupicapra.1"
"2","Uncia_uncia","Uncia_uncia.1"
"3","Apteryx_owenii_","Apteryx_owenii_.1"
"4","Dicerorhinus_sumatrensis","Dicerorhinus_sumatrensis.1"
"5","Sphenodon_punctatus","Sphenodon_punctatus.1"
"6","Pogona_viceps","Pogona_viceps.1"
"7","Cephalophus_silvicultor","Cephalophus_silvicultor.1"
"8","Tamandua_tetradactyla","Tamandua_tetradactyla.1"
"9","Capreolus_capreolus","Capreolus_capreolus.1"
"10","Microgale_thomasi","Microgale_thomasi.1"
"11","Capreolus_capreolus","Capreolus_capreolus.2"
"12","Cephalophus_silvicultor","Cephalophus_silvicultor.2"
"13","Mustela_nivalis","Mustela_nivalis.1"
"14","Syncerus_caffer","Syncerus_caffer.1"
"15","Uncia_uncia","Uncia_uncia.2"
"16","Capreolus_capreolus","Capreolus_capreolus.3"
"17","Tamandua_tetradactyla","Tamandua_tetradactyla.2"
"18","Okapia_johnstoni","Okapia_johnstoni.1"
"19","Tamandua_tetradactyla","Tamandua_tetradactyla.3"
"20","Sus_scrofa","Sus_scrofa.1"
"21","Meles_meles","Meles_meles.1"
"22","Paguma_larvata","Paguma_larvata.1"
"23","Leptophoca_proxima","Leptophoca_proxima.1"
"24","Leptophoca_proxima","Leptophoca_proxima.2"
"25","Leptophoca_proxima","Leptophoca_proxima.3"
"26","Chironectes_minimus","Chironectes_minimus.1"
"27","Hydromys_chrysogaster","Hydromys_chrysogaster.1"
"28","Dyrosaurid","Dyrosaurid.1"
"29","Ichtyosaurus_","Ichtyosaurus_.1"
"30","Protochampsidae","Protochampsidae.1"
"31","Desmostylus_hesperus","Desmostylus_hesperus.1"
"32","Pistosaurus","Pistosaurus.1"
"33","Desmostylus_hesperus","Desmostylus_hesperus.2"
"34","Desmostylus_hesperus","Desmostylus_hesperus.3"
"35","Ornithorhynchus_anatinus","Ornithorhynchus_anatinus.1"
"36","Otaria_byronia","Otaria_byronia.1"
"37","Ichtyosaurus_","Ichtyosaurus_.2"
"38","Nanophoca_vitulinoides","Nanophoca_vitulinoides.1"
"39","Dyrosaurid","Dyrosaurid.2"
"40","Simosaurus","Simosaurus.1"
"41","Micropotamogale_euwenzorii","Micropotamogale_euwenzorii.1"
"42","Spinosaurus_","Spinosaurus_.1"
"43","Spinosaurus_","Spinosaurus_.2"
"44","Spinosaurus_","Spinosaurus_.3"
"45","Spinosaurus_","Spinosaurus_.4"
"46","Spinosaurus_","Spinosaurus_.5"
"47","Spinosaurus_","Spinosaurus_.6"
"48","Spinosaurus_","Spinosaurus_.7"
"49","Spinosaurus_","Spinosaurus_.8"
"50","Spinosaurus_","Spinosaurus_.9"
"51","Spinosaurus_","Spinosaurus_.10"
"52","Spinosaurus_","Spinosaurus_.11"
"53","Suchomimus","Suchomimus.1"
"54","Suchomimus","Suchomimus.2"
"55","Suchomimus","Suchomimus.3"
"56","Baryonyx","Baryonyx.1"
"57","Baryonyx","Baryonyx.2"
"58","Baryonyx","Baryonyx.3"
 
* Phylo tree and the main data and strata files have been modified to include duplicated taxa before the scaled random trees are generated.
* Selected categorical labels column: diving.or.not
* diving.or.equal column is identical to Diving column.
* Regression excludes flying taxa.
* Diving labels that are present in regression: 0,2
* lambda (calculated from a random tree) = : 0.1
* index-name alignment check: OK
