Logfile for a session of program: bootstrap_binary.r
-----------------------------------------------------
INPUT:
workDir: C:/dino_nature/output/2023-11-07-D1\bs/set_339
Nbootstrapsets: 2000
phyloFDAfile: c:/dino_nature/code/phylo.fda.R
auxFile: c:/dino_nature/code/auxiliary.r
boneType: femur
regressionData.file: C:/dino_nature/output/2023-11-07-D1\bs/set_339/femur_set_339.csv
applyDataFilter: FALSE
addTreeTips: TRUE
Ntrees: 100
calculateTrees: TRUE
saveTrees: FALSE


OPERATIONAL CHECKS:
* Regression data contains multiple copies of some taxa (user added variants of existing test taxa 
   or replacements due to bootstrap are present) which are not in the phylo tree:
     original taxon,   duplicate   
"1","Okapia_johnstoni","Okapia_johnstoni.1"
"2","Okapia_johnstoni","Okapia_johnstoni.2"
"3","Monodelphis_domestica","Monodelphis_domestica.1"
"4","Loxodonta_africana","Loxodonta_africana.1"
"5","Strigiops_habroptilus","Strigiops_habroptilus.1"
"6","Bos_taurus","Bos_taurus.1"
"7","Apteryx_owenii_","Apteryx_owenii_.1"
"8","Diplomesodon_pulchellum","Diplomesodon_pulchellum.1"
"9","Pogona_viceps","Pogona_viceps.1"
"10","Dromaius_","Dromaius_.1"
"11","Apteryx_australis","Apteryx_australis.1"
"12","Sus_scrofa","Sus_scrofa.1"
"13","Pogona_viceps","Pogona_viceps.2"
"14","Dromaius_","Dromaius_.2"
"15","Ceratotherium_simum","Ceratotherium_simum.1"
"16","Raphus","Raphus.1"
"17","Bos_taurus","Bos_taurus.2"
"18","Tamandua_tetradactyla","Tamandua_tetradactyla.1"
"19","Euroscaptor_micrura","Euroscaptor_micrura.1"
"20","Bos_taurus","Bos_taurus.3"
"21","Diplomesodon_pulchellum","Diplomesodon_pulchellum.2"
"22","Dromaius_","Dromaius_.3"
"23","Dromaius_","Dromaius_.4"
"24","Apteryx_owenii_","Apteryx_owenii_.2"
"25","Nyctereutes_procyonoides","Nyctereutes_procyonoides.1"
"26","Alces_americanus","Alces_americanus.1"
"27","Nothosaurus_mirabilis_1","Nothosaurus_mirabilis_1.1"
"28","Small_Eocene_penguin","Small_Eocene_penguin.1"
"29","Hippopotamus_amphibius","Hippopotamus_amphibius.1"
"30","Otaria_byronia","Otaria_byronia.1"
"31","Hexaprotodon_garyam","Hexaprotodon_garyam.1"
"32","Simosaurus","Simosaurus.1"
"33","Remingtonocetus","Remingtonocetus.1"
"34","Anarosaurus","Anarosaurus.1"
"35","Psephoderma","Psephoderma.1"
"36","Simosaurus","Simosaurus.2"
"37","Aptenodytes______","Aptenodytes______.1"
"38","Hippopotamus_amphibius","Hippopotamus_amphibius.2"
"39","Otaria_byronia","Otaria_byronia.2"
"40","Neusticosaurus","Neusticosaurus.1"
"41","Nothosaurus_giganteus","Nothosaurus_giganteus.1"
"42","Placodontia_indet_1","Placodontia_indet_1.1"
"43","Psephoderma","Psephoderma.2"
"44","Placodontia_indet_1","Placodontia_indet_1.2"
"45","Neusticosaurus","Neusticosaurus.2"
"46","Cricosaurus","Cricosaurus.1"
"47","Cricosaurus","Cricosaurus.2"
"48","Hesperornis","Hesperornis.1"
"49","Hippopotamus_amphibius","Hippopotamus_amphibius.3"
"50","Spinosaurus_","Spinosaurus_.1"
"51","Spinosaurus_","Spinosaurus_.2"
"52","Spinosaurus_","Spinosaurus_.3"
"53","Spinosaurus_","Spinosaurus_.4"
"54","Spinosaurus_","Spinosaurus_.5"
"55","Spinosaurus_","Spinosaurus_.6"
"56","Spinosaurus_","Spinosaurus_.7"
"57","Spinosaurus_","Spinosaurus_.8"
"58","Spinosaurus_","Spinosaurus_.9"
"59","Spinosaurus_","Spinosaurus_.10"
"60","Spinosaurus_","Spinosaurus_.11"
"61","Suchomimus","Suchomimus.1"
"62","Suchomimus","Suchomimus.2"
"63","Suchomimus","Suchomimus.3"
"64","Baryonyx","Baryonyx.1"
"65","Baryonyx","Baryonyx.2"
"66","Baryonyx","Baryonyx.3"
 
* Phylo tree and the main data and strata files have been modified to include duplicated taxa before the scaled random trees are generated.
* Selected categorical labels column: diving.or.not
* diving.or.equal column is identical to Diving column.
* Regression excludes flying taxa.
* Diving labels that are present in regression: 0,2
* lambda (calculated from a random tree) = : 0.11
* index-name alignment check: OK
