Logfile for a session of program: bootstrap_binary.r
-----------------------------------------------------
INPUT:
workDir: C:/dino_nature/output/2023-11-07-D1\bs/set_800
Nbootstrapsets: 2000
phyloFDAfile: c:/dino_nature/code/phylo.fda.R
auxFile: c:/dino_nature/code/auxiliary.r
boneType: femur
regressionData.file: C:/dino_nature/output/2023-11-07-D1\bs/set_800/femur_set_800.csv
applyDataFilter: FALSE
addTreeTips: TRUE
Ntrees: 100
calculateTrees: TRUE
saveTrees: FALSE


OPERATIONAL CHECKS:
* Regression data contains multiple copies of some taxa (user added variants of existing test taxa 
   or replacements due to bootstrap are present) which are not in the phylo tree:
     original taxon,   duplicate   
"1","Paguma_larvata","Paguma_larvata.1"
"2","Dicerorhinus_sumatrensis","Dicerorhinus_sumatrensis.1"
"3","Apteryx_owenii_","Apteryx_owenii_.1"
"4","Elomeryx_borbonicus_","Elomeryx_borbonicus_.1"
"5","Hemiechinus_azurites","Hemiechinus_azurites.1"
"6","Paguma_larvata","Paguma_larvata.2"
"7","Apteryx_owenii_","Apteryx_owenii_.2"
"8","Apteryx_australis","Apteryx_australis.1"
"9","Paguma_larvata","Paguma_larvata.3"
"10","Rynochetus_jubatus","Rynochetus_jubatus.1"
"11","Procyon_lotor","Procyon_lotor.1"
"12","Procyon_lotor","Procyon_lotor.2"
"13","Atlantisia_rogersi","Atlantisia_rogersi.1"
"14","Paguma_larvata","Paguma_larvata.4"
"15","Dama_dama","Dama_dama.1"
"16","Syncerus_caffer","Syncerus_caffer.1"
"17","Rhinoceros_sondaicus","Rhinoceros_sondaicus.1"
"18","Caloenas_nicobarica","Caloenas_nicobarica.1"
"19","Dasyurus_maculatus","Dasyurus_maculatus.1"
"20","Okapia_johnstoni","Okapia_johnstoni.1"
"21","Rynochetus_jubatus","Rynochetus_jubatus.2"
"22","Okapia_johnstoni","Okapia_johnstoni.2"
"23","Procyon_lotor","Procyon_lotor.3"
"24","Rhinoceros_sondaicus","Rhinoceros_sondaicus.2"
"25","Felis_felis","Felis_felis.1"
"26","Chironectes_minimus","Chironectes_minimus.1"
"27","Simosaurus","Simosaurus.1"
"28","Pistosaurus","Pistosaurus.1"
"29","Plesiosaurus","Plesiosaurus.1"
"30","Small_Eocene_penguin","Small_Eocene_penguin.1"
"31","Protochampsidae","Protochampsidae.1"
"32","Nothosaurus_mirabilis","Nothosaurus_mirabilis.1"
"33","Simosaurus","Simosaurus.2"
"34","Protochampsidae","Protochampsidae.2"
"35","Chironectes_minimus","Chironectes_minimus.2"
"36","Desmana_moschata","Desmana_moschata.1"
"37","Ichtyosaur_sp","Ichtyosaur_sp.1"
"38","Remingtonocetus","Remingtonocetus.1"
"39","Plesiosaurus","Plesiosaurus.2"
"40","Nanophoca_vitulinoides","Nanophoca_vitulinoides.1"
"41","Placodontia_indet_1","Placodontia_indet_1.1"
"42","Phocanella_pumila","Phocanella_pumila.1"
"43","Spinosaurus_","Spinosaurus_.1"
"44","Spinosaurus_","Spinosaurus_.2"
"45","Spinosaurus_","Spinosaurus_.3"
"46","Spinosaurus_","Spinosaurus_.4"
"47","Spinosaurus_","Spinosaurus_.5"
"48","Spinosaurus_","Spinosaurus_.6"
"49","Spinosaurus_","Spinosaurus_.7"
"50","Spinosaurus_","Spinosaurus_.8"
"51","Spinosaurus_","Spinosaurus_.9"
"52","Spinosaurus_","Spinosaurus_.10"
"53","Spinosaurus_","Spinosaurus_.11"
"54","Suchomimus","Suchomimus.1"
"55","Suchomimus","Suchomimus.2"
"56","Suchomimus","Suchomimus.3"
"57","Baryonyx","Baryonyx.1"
"58","Baryonyx","Baryonyx.2"
"59","Baryonyx","Baryonyx.3"
 
* Phylo tree and the main data and strata files have been modified to include duplicated taxa before the scaled random trees are generated.
* Selected categorical labels column: diving.or.not
* diving.or.equal column is identical to Diving column.
* Regression excludes flying taxa.
* Diving labels that are present in regression: 0,2
* lambda (calculated from a random tree) = : 0.1
* index-name alignment check: OK
