Logfile for a session of program: bootstrap_binary.r
-----------------------------------------------------
INPUT:
workDir: C:/dino_nature/output/2023-11-07-D1\bs/set_695
Nbootstrapsets: 2000
phyloFDAfile: c:/dino_nature/code/phylo.fda.R
auxFile: c:/dino_nature/code/auxiliary.r
boneType: femur
regressionData.file: C:/dino_nature/output/2023-11-07-D1\bs/set_695/femur_set_695.csv
applyDataFilter: FALSE
addTreeTips: TRUE
Ntrees: 100
calculateTrees: TRUE
saveTrees: FALSE


OPERATIONAL CHECKS:
* Regression data contains multiple copies of some taxa (user added variants of existing test taxa 
   or replacements due to bootstrap are present) which are not in the phylo tree:
     original taxon,   duplicate   
"1","Diplomesodon_pulchellum","Diplomesodon_pulchellum.1"
"2","Rynochetus_jubatus","Rynochetus_jubatus.1"
"3","Syncerus_caffer","Syncerus_caffer.1"
"4","Tenrec_ecaudatus","Tenrec_ecaudatus.1"
"5","Okapia_johnstoni","Okapia_johnstoni.1"
"6","Rupicapra_rupicapra","Rupicapra_rupicapra.1"
"7","Rynochetus_jubatus","Rynochetus_jubatus.2"
"8","Uncia_uncia","Uncia_uncia.1"
"9","Uncia_uncia","Uncia_uncia.2"
"10","Apteryx_owenii_","Apteryx_owenii_.1"
"11","Megaloceros_sp","Megaloceros_sp.1"
"12","Tribonyx_mortieri","Tribonyx_mortieri.1"
"13","Dromaius_","Dromaius_.1"
"14","Caloenas_nicobarica","Caloenas_nicobarica.1"
"15","Diplomesodon_pulchellum","Diplomesodon_pulchellum.2"
"16","Mus_musculus","Mus_musculus.1"
"17","Mus_musculus","Mus_musculus.2"
"18","Mammuthus_sp","Mammuthus_sp.1"
"19","Dromaius_","Dromaius_.2"
"20","Pogona_viceps","Pogona_viceps.1"
"21","Apteryx_australis","Apteryx_australis.1"
"22","Pogona_viceps","Pogona_viceps.2"
"23","Anarosaurus","Anarosaurus.1"
"24","Phalacrocorax_harrisi","Phalacrocorax_harrisi.1"
"25","Micropotamogale_euwenzorii","Micropotamogale_euwenzorii.1"
"26","Placodontia_indet_1","Placodontia_indet_1.1"
"27","Placodontia_indet_1","Placodontia_indet_1.2"
"28","Nothosaurus_giganteus","Nothosaurus_giganteus.1"
"29","Cryptoclidus","Cryptoclidus.1"
"30","Placondontia_indet","Placondontia_indet.1"
"31","Nothosaurus_mirabilis","Nothosaurus_mirabilis.1"
"32","Serpianosaurus","Serpianosaurus.1"
"33","Nothosaurus_568","Nothosaurus_568.1"
"34","Simosaurus","Simosaurus.1"
"35","Nothosaurus_mirabilis","Nothosaurus_mirabilis.2"
"36","Castor_fiber","Castor_fiber.1"
"37","Pistosaurus","Pistosaurus.1"
"38","large_eocene_stem_penguin","large_eocene_stem_penguin.1"
"39","Nanophoca_vitulinoides","Nanophoca_vitulinoides.1"
"40","Spinosaurus_","Spinosaurus_.1"
"41","Spinosaurus_","Spinosaurus_.2"
"42","Spinosaurus_","Spinosaurus_.3"
"43","Spinosaurus_","Spinosaurus_.4"
"44","Spinosaurus_","Spinosaurus_.5"
"45","Spinosaurus_","Spinosaurus_.6"
"46","Spinosaurus_","Spinosaurus_.7"
"47","Spinosaurus_","Spinosaurus_.8"
"48","Spinosaurus_","Spinosaurus_.9"
"49","Spinosaurus_","Spinosaurus_.10"
"50","Spinosaurus_","Spinosaurus_.11"
"51","Suchomimus","Suchomimus.1"
"52","Suchomimus","Suchomimus.2"
"53","Suchomimus","Suchomimus.3"
"54","Baryonyx","Baryonyx.1"
"55","Baryonyx","Baryonyx.2"
"56","Baryonyx","Baryonyx.3"
 
* Phylo tree and the main data and strata files have been modified to include duplicated taxa before the scaled random trees are generated.
* Selected categorical labels column: diving.or.not
* diving.or.equal column is identical to Diving column.
* Regression excludes flying taxa.
* Diving labels that are present in regression: 0,2
* lambda (calculated from a random tree) = : 0.08
* index-name alignment check: OK
