Logfile for a session of program: bootstrap_binary.r
-----------------------------------------------------
INPUT:
workDir: C:/dino_nature/output/2023-11-07-D1\bs/set_625
Nbootstrapsets: 2000
phyloFDAfile: c:/dino_nature/code/phylo.fda.R
auxFile: c:/dino_nature/code/auxiliary.r
boneType: femur
regressionData.file: C:/dino_nature/output/2023-11-07-D1\bs/set_625/femur_set_625.csv
applyDataFilter: FALSE
addTreeTips: TRUE
Ntrees: 100
calculateTrees: TRUE
saveTrees: FALSE


OPERATIONAL CHECKS:
* Regression data contains multiple copies of some taxa (user added variants of existing test taxa 
   or replacements due to bootstrap are present) which are not in the phylo tree:
     original taxon,   duplicate   
"1","Atlantisia_rogersi","Atlantisia_rogersi.1"
"2","Atlantisia_rogersi","Atlantisia_rogersi.2"
"3","Dasyurus_maculatus","Dasyurus_maculatus.1"
"4","Tamandua_tetradactyla","Tamandua_tetradactyla.1"
"5","Nyctereutes_procyonoides","Nyctereutes_procyonoides.1"
"6","Giraffa_camelopardalis","Giraffa_camelopardalis.1"
"7","Nyctereutes_procyonoides","Nyctereutes_procyonoides.2"
"8","Rangifer_tarandus","Rangifer_tarandus.1"
"9","Bison_bonasus","Bison_bonasus.1"
"10","Vulpes_vulpes","Vulpes_vulpes.1"
"11","Myrmecophaga_tridactyla","Myrmecophaga_tridactyla.1"
"12","Bison_bonasus","Bison_bonasus.2"
"13","Mustela_nivalis","Mustela_nivalis.1"
"14","Atlantisia_rogersi","Atlantisia_rogersi.3"
"15","Tamandua_tetradactyla","Tamandua_tetradactyla.2"
"16","Rattus_rattus","Rattus_rattus.1"
"17","Mustela_nivalis","Mustela_nivalis.2"
"18","Bison_bonasus","Bison_bonasus.3"
"19","Uncia_uncia","Uncia_uncia.1"
"20","Dama_dama","Dama_dama.1"
"21","Procyon_lotor","Procyon_lotor.1"
"22","Rattus_rattus","Rattus_rattus.2"
"23","Porphyrio_hochstetteri","Porphyrio_hochstetteri.1"
"24","Nothosaurus_102","Nothosaurus_102.1"
"25","Cricosaurus","Cricosaurus.1"
"26","large_eocene_stem_penguin","large_eocene_stem_penguin.1"
"27","Placondontia_indet","Placondontia_indet.1"
"28","Maiacetus","Maiacetus.1"
"29","Paraplacodus","Paraplacodus.1"
"30","Nothosaurus_giganteus","Nothosaurus_giganteus.1"
"31","Pistosaurus","Pistosaurus.1"
"32","Champsosaurus","Champsosaurus.1"
"33","Dyrosaurid","Dyrosaurid.1"
"34","Remingtonocetus","Remingtonocetus.1"
"35","Hexaprotodon_garyam","Hexaprotodon_garyam.1"
"36","Castor_fiber","Castor_fiber.1"
"37","large_eocene_stem_penguin","large_eocene_stem_penguin.2"
"38","Nothosaurus_102","Nothosaurus_102.2"
"39","Phalacrocorax_harrisi","Phalacrocorax_harrisi.1"
"40","Paraplacodus","Paraplacodus.2"
"41","Maiacetus","Maiacetus.2"
"42","Otaria_byronia","Otaria_byronia.1"
"43","Otaria_byronia","Otaria_byronia.2"
"44","large_eocene_stem_penguin","large_eocene_stem_penguin.3"
"45","Spinosaurus_","Spinosaurus_.1"
"46","Spinosaurus_","Spinosaurus_.2"
"47","Spinosaurus_","Spinosaurus_.3"
"48","Spinosaurus_","Spinosaurus_.4"
"49","Spinosaurus_","Spinosaurus_.5"
"50","Spinosaurus_","Spinosaurus_.6"
"51","Spinosaurus_","Spinosaurus_.7"
"52","Spinosaurus_","Spinosaurus_.8"
"53","Spinosaurus_","Spinosaurus_.9"
"54","Spinosaurus_","Spinosaurus_.10"
"55","Spinosaurus_","Spinosaurus_.11"
"56","Suchomimus","Suchomimus.1"
"57","Suchomimus","Suchomimus.2"
"58","Suchomimus","Suchomimus.3"
"59","Baryonyx","Baryonyx.1"
"60","Baryonyx","Baryonyx.2"
"61","Baryonyx","Baryonyx.3"
 
* Phylo tree and the main data and strata files have been modified to include duplicated taxa before the scaled random trees are generated.
* Selected categorical labels column: diving.or.not
* diving.or.equal column is identical to Diving column.
* Regression excludes flying taxa.
* Diving labels that are present in regression: 0,2
* lambda (calculated from a random tree) = : 0.13
* index-name alignment check: OK
