Logfile for a session of program: bootstrap_binary.r
-----------------------------------------------------
INPUT:
workDir: C:/dino_nature/output/2023-11-07-D1\bs/set_1431
Nbootstrapsets: 2000
phyloFDAfile: c:/dino_nature/code/phylo.fda.R
auxFile: c:/dino_nature/code/auxiliary.r
boneType: femur
regressionData.file: C:/dino_nature/output/2023-11-07-D1\bs/set_1431/femur_set_1431.csv
applyDataFilter: FALSE
addTreeTips: TRUE
Ntrees: 100
calculateTrees: TRUE
saveTrees: FALSE


OPERATIONAL CHECKS:
* Regression data contains multiple copies of some taxa (user added variants of existing test taxa 
   or replacements due to bootstrap are present) which are not in the phylo tree:
     original taxon,   duplicate   
"1","Caloenas_nicobarica","Caloenas_nicobarica.1"
"2","Caloenas_nicobarica","Caloenas_nicobarica.2"
"3","Giraffa_camelopardalis","Giraffa_camelopardalis.1"
"4","Euroscaptor_micrura","Euroscaptor_micrura.1"
"5","Rangifer_tarandus","Rangifer_tarandus.1"
"6","Atlantisia_rogersi","Atlantisia_rogersi.1"
"7","Rangifer_tarandus","Rangifer_tarandus.2"
"8","Giraffa_camelopardalis","Giraffa_camelopardalis.2"
"9","Nyctereutes_procyonoides","Nyctereutes_procyonoides.1"
"10","Paguma_larvata","Paguma_larvata.1"
"11","Mammuthus_sp","Mammuthus_sp.1"
"12","Uncia_uncia","Uncia_uncia.1"
"13","Procyon_lotor","Procyon_lotor.1"
"14","Euroscaptor_micrura","Euroscaptor_micrura.2"
"15","Monodelphis_domestica","Monodelphis_domestica.1"
"16","Sus_scrofa","Sus_scrofa.1"
"17","Capreolus_capreolus","Capreolus_capreolus.1"
"18","Mustela_nivalis","Mustela_nivalis.1"
"19","Euroscaptor_micrura","Euroscaptor_micrura.3"
"20","Pogona_viceps","Pogona_viceps.1"
"21","Noemys_fodies","Noemys_fodies.1"
"22","Metryorhynchus","Metryorhynchus.1"
"23","Rodhocetus","Rodhocetus.1"
"24","Champsosaurus","Champsosaurus.1"
"25","Champsosaurus","Champsosaurus.2"
"26","Anarosaurus","Anarosaurus.1"
"27","Tapirus_terrestris","Tapirus_terrestris.1"
"28","Hexaprotodon_garyam","Hexaprotodon_garyam.1"
"29","large_eocene_stem_penguin","large_eocene_stem_penguin.1"
"30","Champsosaurus","Champsosaurus.3"
"31","Micropotamogale_euwenzorii","Micropotamogale_euwenzorii.1"
"32","Nothosaurus_150","Nothosaurus_150.1"
"33","Rodhocetus","Rodhocetus.2"
"34","Anarosaurus","Anarosaurus.2"
"35","Indohyus","Indohyus.1"
"36","Callophoca_obscura","Callophoca_obscura.1"
"37","Cryptoclidus","Cryptoclidus.1"
"38","Phocanella_pumila","Phocanella_pumila.1"
"39","Dyrosaurid","Dyrosaurid.1"
"40","Callophoca_obscura","Callophoca_obscura.2"
"41","Noemys_fodies","Noemys_fodies.2"
"42","Ornithorhynchus_anatinus","Ornithorhynchus_anatinus.1"
"43","Spinosaurus_","Spinosaurus_.1"
"44","Spinosaurus_","Spinosaurus_.2"
"45","Spinosaurus_","Spinosaurus_.3"
"46","Spinosaurus_","Spinosaurus_.4"
"47","Spinosaurus_","Spinosaurus_.5"
"48","Spinosaurus_","Spinosaurus_.6"
"49","Spinosaurus_","Spinosaurus_.7"
"50","Spinosaurus_","Spinosaurus_.8"
"51","Spinosaurus_","Spinosaurus_.9"
"52","Spinosaurus_","Spinosaurus_.10"
"53","Spinosaurus_","Spinosaurus_.11"
"54","Suchomimus","Suchomimus.1"
"55","Suchomimus","Suchomimus.2"
"56","Suchomimus","Suchomimus.3"
"57","Baryonyx","Baryonyx.1"
"58","Baryonyx","Baryonyx.2"
"59","Baryonyx","Baryonyx.3"
 
* Phylo tree and the main data and strata files have been modified to include duplicated taxa before the scaled random trees are generated.
* Selected categorical labels column: diving.or.not
* diving.or.equal column is identical to Diving column.
* Regression excludes flying taxa.
* Diving labels that are present in regression: 0,2
* lambda (calculated from a random tree) = : 0.06
* index-name alignment check: OK
