Logfile for a session of program: bootstrap_binary.r
-----------------------------------------------------
INPUT:
workDir: C:/dino_nature/output/2023-11-07-D1\bs/set_1089
Nbootstrapsets: 2000
phyloFDAfile: c:/dino_nature/code/phylo.fda.R
auxFile: c:/dino_nature/code/auxiliary.r
boneType: femur
regressionData.file: C:/dino_nature/output/2023-11-07-D1\bs/set_1089/femur_set_1089.csv
applyDataFilter: FALSE
addTreeTips: TRUE
Ntrees: 100
calculateTrees: TRUE
saveTrees: FALSE


OPERATIONAL CHECKS:
* Regression data contains multiple copies of some taxa (user added variants of existing test taxa 
   or replacements due to bootstrap are present) which are not in the phylo tree:
     original taxon,   duplicate   
"1","Alces_americanus","Alces_americanus.1"
"2","Giraffa_camelopardalis","Giraffa_camelopardalis.1"
"3","Nyctereutes_procyonoides","Nyctereutes_procyonoides.1"
"4","Giraffa_camelopardalis","Giraffa_camelopardalis.2"
"5","Rupicapra_rupicapra","Rupicapra_rupicapra.1"
"6","Sphenodon_punctatus","Sphenodon_punctatus.1"
"7","Alces_americanus","Alces_americanus.2"
"8","Sphenodon_punctatus","Sphenodon_punctatus.2"
"9","Nyctereutes_procyonoides","Nyctereutes_procyonoides.2"
"10","Giraffa_camelopardalis","Giraffa_camelopardalis.3"
"11","Sus_scrofa","Sus_scrofa.1"
"12","Cephalophus_silvicultor","Cephalophus_silvicultor.1"
"13","Bison_bonasus","Bison_bonasus.1"
"14","Megaloceros_sp","Megaloceros_sp.1"
"15","Giraffa_camelopardalis","Giraffa_camelopardalis.4"
"16","Elephas_maximus","Elephas_maximus.1"
"17","Strigiops_habroptilus","Strigiops_habroptilus.1"
"18","Strigiops_habroptilus","Strigiops_habroptilus.2"
"19","Porphyrio_hochstetteri","Porphyrio_hochstetteri.1"
"20","Hexaprotodon_garyam","Hexaprotodon_garyam.1"
"21","Otaria_byronia","Otaria_byronia.1"
"22","Basilosaurus","Basilosaurus.1"
"23","Ichtyosaurus_","Ichtyosaurus_.1"
"24","Rhaeticosaurus","Rhaeticosaurus.1"
"25","Callophoca_obscura","Callophoca_obscura.1"
"26","Castor_fiber","Castor_fiber.1"
"27","Lutra_vulgaris","Lutra_vulgaris.1"
"28","Micropotamogale_euwenzorii","Micropotamogale_euwenzorii.1"
"29","Leptophoca_proxima","Leptophoca_proxima.1"
"30","Chironectes_minimus","Chironectes_minimus.1"
"31","Rodhocetus","Rodhocetus.1"
"32","Tapirus_terrestris","Tapirus_terrestris.1"
"33","Palaeospheniscus","Palaeospheniscus.1"
"34","Callophoca_obscura","Callophoca_obscura.2"
"35","Hesperornis","Hesperornis.1"
"36","Small_Eocene_penguin","Small_Eocene_penguin.1"
"37","Placodontia_indet_1","Placodontia_indet_1.1"
"38","Spinosaurus_","Spinosaurus_.1"
"39","Spinosaurus_","Spinosaurus_.2"
"40","Spinosaurus_","Spinosaurus_.3"
"41","Spinosaurus_","Spinosaurus_.4"
"42","Spinosaurus_","Spinosaurus_.5"
"43","Spinosaurus_","Spinosaurus_.6"
"44","Spinosaurus_","Spinosaurus_.7"
"45","Spinosaurus_","Spinosaurus_.8"
"46","Spinosaurus_","Spinosaurus_.9"
"47","Spinosaurus_","Spinosaurus_.10"
"48","Spinosaurus_","Spinosaurus_.11"
"49","Suchomimus","Suchomimus.1"
"50","Suchomimus","Suchomimus.2"
"51","Suchomimus","Suchomimus.3"
"52","Baryonyx","Baryonyx.1"
"53","Baryonyx","Baryonyx.2"
"54","Baryonyx","Baryonyx.3"
 
* Phylo tree and the main data and strata files have been modified to include duplicated taxa before the scaled random trees are generated.
* Selected categorical labels column: diving.or.not
* diving.or.equal column is identical to Diving column.
* Regression excludes flying taxa.
* Diving labels that are present in regression: 0,2
* lambda (calculated from a random tree) = : 0.07
* index-name alignment check: OK
