Logfile for a session of program: bootstrap_binary.r
-----------------------------------------------------
INPUT:
workDir: C:/dino_nature/output/2023-11-07-D1\bs/set_165
Nbootstrapsets: 2000
phyloFDAfile: c:/dino_nature/code/phylo.fda.R
auxFile: c:/dino_nature/code/auxiliary.r
boneType: femur
regressionData.file: C:/dino_nature/output/2023-11-07-D1\bs/set_165/femur_set_165.csv
applyDataFilter: FALSE
addTreeTips: TRUE
Ntrees: 100
calculateTrees: TRUE
saveTrees: FALSE


OPERATIONAL CHECKS:
* Regression data contains multiple copies of some taxa (user added variants of existing test taxa 
   or replacements due to bootstrap are present) which are not in the phylo tree:
     original taxon,   duplicate   
"1","Nyctereutes_procyonoides","Nyctereutes_procyonoides.1"
"2","Mammuthus_sp","Mammuthus_sp.1"
"3","Microgale_thomasi","Microgale_thomasi.1"
"4","Giraffa_camelopardalis","Giraffa_camelopardalis.1"
"5","Okapia_johnstoni","Okapia_johnstoni.1"
"6","Okapia_johnstoni","Okapia_johnstoni.2"
"7","Megaloceros_sp","Megaloceros_sp.1"
"8","Atlantisia_rogersi","Atlantisia_rogersi.1"
"9","Megaloceros_sp","Megaloceros_sp.2"
"10","Megaloceros_sp","Megaloceros_sp.3"
"11","Uncia_uncia","Uncia_uncia.1"
"12","Megaloceros_sp","Megaloceros_sp.4"
"13","Apteryx_owenii_","Apteryx_owenii_.1"
"14","Elomeryx_borbonicus_","Elomeryx_borbonicus_.1"
"15","Okapia_johnstoni","Okapia_johnstoni.3"
"16","Syncerus_caffer","Syncerus_caffer.1"
"17","Uncia_uncia","Uncia_uncia.2"
"18","Porphyrio_hochstetteri","Porphyrio_hochstetteri.1"
"19","Ceratotherium_simum","Ceratotherium_simum.1"
"20","Uncia_uncia","Uncia_uncia.3"
"21","Tenrec_ecaudatus","Tenrec_ecaudatus.1"
"22","Tribonyx_mortieri","Tribonyx_mortieri.1"
"23","Ceratotherium_simum","Ceratotherium_simum.2"
"24","Rodhocetus","Rodhocetus.1"
"25","Simosaurus","Simosaurus.1"
"26","Lutra_vulgaris","Lutra_vulgaris.1"
"27","Rodhocetus","Rodhocetus.2"
"28","Otaria_byronia","Otaria_byronia.1"
"29","Desmana_moschata","Desmana_moschata.1"
"30","Placodontia_indet_1","Placodontia_indet_1.1"
"31","Ornithorhynchus_anatinus","Ornithorhynchus_anatinus.1"
"32","Aptenodytes______","Aptenodytes______.1"
"33","Rodhocetus","Rodhocetus.3"
"34","Neusticosaurus","Neusticosaurus.1"
"35","Ichtyosaurus_","Ichtyosaurus_.1"
"36","Castor_fiber","Castor_fiber.1"
"37","Aptenodytes______","Aptenodytes______.2"
"38","Dyrosaurid","Dyrosaurid.1"
"39","Protochampsidae","Protochampsidae.1"
"40","Castor_fiber","Castor_fiber.2"
"41","Simosaurus","Simosaurus.2"
"42","Callophoca_obscura","Callophoca_obscura.1"
"43","Spinosaurus_","Spinosaurus_.1"
"44","Spinosaurus_","Spinosaurus_.2"
"45","Spinosaurus_","Spinosaurus_.3"
"46","Spinosaurus_","Spinosaurus_.4"
"47","Spinosaurus_","Spinosaurus_.5"
"48","Spinosaurus_","Spinosaurus_.6"
"49","Spinosaurus_","Spinosaurus_.7"
"50","Spinosaurus_","Spinosaurus_.8"
"51","Spinosaurus_","Spinosaurus_.9"
"52","Spinosaurus_","Spinosaurus_.10"
"53","Spinosaurus_","Spinosaurus_.11"
"54","Suchomimus","Suchomimus.1"
"55","Suchomimus","Suchomimus.2"
"56","Suchomimus","Suchomimus.3"
"57","Baryonyx","Baryonyx.1"
"58","Baryonyx","Baryonyx.2"
"59","Baryonyx","Baryonyx.3"
 
* Phylo tree and the main data and strata files have been modified to include duplicated taxa before the scaled random trees are generated.
* Selected categorical labels column: diving.or.not
* diving.or.equal column is identical to Diving column.
* Regression excludes flying taxa.
* Diving labels that are present in regression: 0,2
* lambda (calculated from a random tree) = : 0.12
* index-name alignment check: OK
