Logfile for a session of program: bootstrap_binary.r
-----------------------------------------------------
INPUT:
workDir: C:/dino_nature/output/2023-11-07-D1\bs/set_265
Nbootstrapsets: 2000
phyloFDAfile: c:/dino_nature/code/phylo.fda.R
auxFile: c:/dino_nature/code/auxiliary.r
boneType: femur
regressionData.file: C:/dino_nature/output/2023-11-07-D1\bs/set_265/femur_set_265.csv
applyDataFilter: FALSE
addTreeTips: TRUE
Ntrees: 100
calculateTrees: TRUE
saveTrees: FALSE


OPERATIONAL CHECKS:
* Regression data contains multiple copies of some taxa (user added variants of existing test taxa 
   or replacements due to bootstrap are present) which are not in the phylo tree:
     original taxon,   duplicate   
"1","Rhynchocyon_petersi","Rhynchocyon_petersi.1"
"2","Dasyurus_maculatus","Dasyurus_maculatus.1"
"3","Alces_americanus","Alces_americanus.1"
"4","Euroscaptor_micrura","Euroscaptor_micrura.1"
"5","Dasyurus_maculatus","Dasyurus_maculatus.2"
"6","Meles_meles","Meles_meles.1"
"7","Apteryx_owenii_","Apteryx_owenii_.1"
"8","Meles_meles","Meles_meles.2"
"9","Microgale_thomasi","Microgale_thomasi.1"
"10","Apteryx_australis","Apteryx_australis.1"
"11","Dicerorhinus_sumatrensis","Dicerorhinus_sumatrensis.1"
"12","Syncerus_caffer","Syncerus_caffer.1"
"13","Taxidea_taxus","Taxidea_taxus.1"
"14","Monodelphis_domestica","Monodelphis_domestica.1"
"15","Loxodonta_africana","Loxodonta_africana.1"
"16","Caloenas_nicobarica","Caloenas_nicobarica.1"
"17","Felis_felis","Felis_felis.1"
"18","Capreolus_capreolus","Capreolus_capreolus.1"
"19","Microgale_thomasi","Microgale_thomasi.2"
"20","Atlantisia_rogersi","Atlantisia_rogersi.1"
"21","Desmana_moschata","Desmana_moschata.1"
"22","Phocanella_pumila","Phocanella_pumila.1"
"23","Maiacetus","Maiacetus.1"
"24","Plesiosaurus","Plesiosaurus.1"
"25","Phocanella_pumila","Phocanella_pumila.2"
"26","Phocanella_pumila","Phocanella_pumila.3"
"27","Caiman_yacare","Caiman_yacare.1"
"28","Nothosaurus_568","Nothosaurus_568.1"
"29","Ichtyosaurus_","Ichtyosaurus_.1"
"30","Phalacrocorax_harrisi","Phalacrocorax_harrisi.1"
"31","Simosaurus_1","Simosaurus_1.1"
"32","Spheniscus","Spheniscus.1"
"33","Hydromys_chrysogaster","Hydromys_chrysogaster.1"
"34","Desmana_moschata","Desmana_moschata.2"
"35","Paraplacodus","Paraplacodus.1"
"36","Ichtyosaur_sp","Ichtyosaur_sp.1"
"37","Pistosaurus","Pistosaurus.1"
"38","Nanophoca_vitulinoides","Nanophoca_vitulinoides.1"
"39","Small_Eocene_penguin","Small_Eocene_penguin.1"
"40","Maiacetus","Maiacetus.2"
"41","Indohyus","Indohyus.1"
"42","Hesperornis","Hesperornis.1"
"43","Spinosaurus_","Spinosaurus_.1"
"44","Spinosaurus_","Spinosaurus_.2"
"45","Spinosaurus_","Spinosaurus_.3"
"46","Spinosaurus_","Spinosaurus_.4"
"47","Spinosaurus_","Spinosaurus_.5"
"48","Spinosaurus_","Spinosaurus_.6"
"49","Spinosaurus_","Spinosaurus_.7"
"50","Spinosaurus_","Spinosaurus_.8"
"51","Spinosaurus_","Spinosaurus_.9"
"52","Spinosaurus_","Spinosaurus_.10"
"53","Spinosaurus_","Spinosaurus_.11"
"54","Suchomimus","Suchomimus.1"
"55","Suchomimus","Suchomimus.2"
"56","Suchomimus","Suchomimus.3"
"57","Baryonyx","Baryonyx.1"
"58","Baryonyx","Baryonyx.2"
"59","Baryonyx","Baryonyx.3"
 
* Phylo tree and the main data and strata files have been modified to include duplicated taxa before the scaled random trees are generated.
* Selected categorical labels column: diving.or.not
* diving.or.equal column is identical to Diving column.
* Regression excludes flying taxa.
* Diving labels that are present in regression: 0,2
* lambda (calculated from a random tree) = : 0.1
* index-name alignment check: OK
