Logfile for a session of program: bootstrap_binary.r
-----------------------------------------------------
INPUT:
workDir: C:/dino_nature/output/2023-11-07-D1\bs/set_739
Nbootstrapsets: 2000
phyloFDAfile: c:/dino_nature/code/phylo.fda.R
auxFile: c:/dino_nature/code/auxiliary.r
boneType: femur
regressionData.file: C:/dino_nature/output/2023-11-07-D1\bs/set_739/femur_set_739.csv
applyDataFilter: FALSE
addTreeTips: TRUE
Ntrees: 100
calculateTrees: TRUE
saveTrees: FALSE


OPERATIONAL CHECKS:
* Regression data contains multiple copies of some taxa (user added variants of existing test taxa 
   or replacements due to bootstrap are present) which are not in the phylo tree:
     original taxon,   duplicate   
"1","Ceratotherium_simum","Ceratotherium_simum.1"
"2","Taxidea_taxus","Taxidea_taxus.1"
"3","Sus_scrofa","Sus_scrofa.1"
"4","Bos_taurus","Bos_taurus.1"
"5","Ceratotherium_simum","Ceratotherium_simum.2"
"6","Mustela_nivalis","Mustela_nivalis.1"
"7","Tamandua_tetradactyla","Tamandua_tetradactyla.1"
"8","Microgale_thomasi","Microgale_thomasi.1"
"9","Cephalophus_silvicultor","Cephalophus_silvicultor.1"
"10","Giraffa_camelopardalis","Giraffa_camelopardalis.1"
"11","Capreolus_capreolus","Capreolus_capreolus.1"
"12","Giraffa_camelopardalis","Giraffa_camelopardalis.2"
"13","Sus_scrofa","Sus_scrofa.2"
"14","Sus_scrofa","Sus_scrofa.3"
"15","Meles_meles","Meles_meles.1"
"16","Meles_meles","Meles_meles.2"
"17","Okapia_johnstoni","Okapia_johnstoni.1"
"18","Rupicapra_rupicapra","Rupicapra_rupicapra.1"
"19","Procyon_lotor","Procyon_lotor.1"
"20","Mustela_nivalis","Mustela_nivalis.2"
"21","Vulpes_vulpes","Vulpes_vulpes.1"
"22","Nyctereutes_procyonoides","Nyctereutes_procyonoides.1"
"23","Hexaprotodon_garyam","Hexaprotodon_garyam.1"
"24","Nothosaurus_102","Nothosaurus_102.1"
"25","Nothosaurus_102","Nothosaurus_102.2"
"26","Desmana_moschata","Desmana_moschata.1"
"27","Leptophoca_proxima","Leptophoca_proxima.1"
"28","Desmana_moschata","Desmana_moschata.2"
"29","Callophoca_obscura","Callophoca_obscura.1"
"30","Choeropsis_liberiensis","Choeropsis_liberiensis.1"
"31","Nothosaurus_150","Nothosaurus_150.1"
"32","Indohyus","Indohyus.1"
"33","Protochampsidae","Protochampsidae.1"
"34","Nothosaurus_568","Nothosaurus_568.1"
"35","Pistosaurus","Pistosaurus.1"
"36","Aptenodytes______","Aptenodytes______.1"
"37","Protochampsidae","Protochampsidae.2"
"38","Ichtyosaurus_","Ichtyosaurus_.1"
"39","Protochampsidae","Protochampsidae.3"
"40","Phocanella_pumila","Phocanella_pumila.1"
"41","Hesperornis","Hesperornis.1"
"42","Maiacetus","Maiacetus.1"
"43","large_eocene_stem_penguin","large_eocene_stem_penguin.1"
"44","Spinosaurus_","Spinosaurus_.1"
"45","Spinosaurus_","Spinosaurus_.2"
"46","Spinosaurus_","Spinosaurus_.3"
"47","Spinosaurus_","Spinosaurus_.4"
"48","Spinosaurus_","Spinosaurus_.5"
"49","Spinosaurus_","Spinosaurus_.6"
"50","Spinosaurus_","Spinosaurus_.7"
"51","Spinosaurus_","Spinosaurus_.8"
"52","Spinosaurus_","Spinosaurus_.9"
"53","Spinosaurus_","Spinosaurus_.10"
"54","Spinosaurus_","Spinosaurus_.11"
"55","Suchomimus","Suchomimus.1"
"56","Suchomimus","Suchomimus.2"
"57","Suchomimus","Suchomimus.3"
"58","Baryonyx","Baryonyx.1"
"59","Baryonyx","Baryonyx.2"
"60","Baryonyx","Baryonyx.3"
 
* Phylo tree and the main data and strata files have been modified to include duplicated taxa before the scaled random trees are generated.
* Selected categorical labels column: diving.or.not
* diving.or.equal column is identical to Diving column.
* Regression excludes flying taxa.
* Diving labels that are present in regression: 0,2
* lambda (calculated from a random tree) = : 0.13
* index-name alignment check: OK
