Logfile for a session of program: bootstrap_binary.r
-----------------------------------------------------
INPUT:
workDir: C:/dino_nature/output/2023-11-07-D1\bs/set_646
Nbootstrapsets: 2000
phyloFDAfile: c:/dino_nature/code/phylo.fda.R
auxFile: c:/dino_nature/code/auxiliary.r
boneType: femur
regressionData.file: C:/dino_nature/output/2023-11-07-D1\bs/set_646/femur_set_646.csv
applyDataFilter: FALSE
addTreeTips: TRUE
Ntrees: 100
calculateTrees: TRUE
saveTrees: FALSE


OPERATIONAL CHECKS:
* Regression data contains multiple copies of some taxa (user added variants of existing test taxa 
   or replacements due to bootstrap are present) which are not in the phylo tree:
     original taxon,   duplicate   
"1","Nyctereutes_procyonoides","Nyctereutes_procyonoides.1"
"2","Felis_felis","Felis_felis.1"
"3","Vulpes_vulpes","Vulpes_vulpes.1"
"4","Hemiechinus_azurites","Hemiechinus_azurites.1"
"5","Nyctereutes_procyonoides","Nyctereutes_procyonoides.2"
"6","Megaloceros_sp","Megaloceros_sp.1"
"7","Felis_felis","Felis_felis.2"
"8","Sphenodon_punctatus","Sphenodon_punctatus.1"
"9","Uncia_uncia","Uncia_uncia.1"
"10","Capreolus_capreolus","Capreolus_capreolus.1"
"11","Dicerorhinus_sumatrensis","Dicerorhinus_sumatrensis.1"
"12","Porphyrio_hochstetteri","Porphyrio_hochstetteri.1"
"13","Felis_felis","Felis_felis.3"
"14","Myrmecophaga_tridactyla","Myrmecophaga_tridactyla.1"
"15","Megaloceros_sp","Megaloceros_sp.2"
"16","Ceratotherium_simum","Ceratotherium_simum.1"
"17","Megaloceros_sp","Megaloceros_sp.3"
"18","Procavia_capensis","Procavia_capensis.1"
"19","Loxodonta_africana","Loxodonta_africana.1"
"20","Myrmecophaga_tridactyla","Myrmecophaga_tridactyla.2"
"21","Rynochetus_jubatus","Rynochetus_jubatus.1"
"22","Felis_felis","Felis_felis.4"
"23","Leptophoca_proxima","Leptophoca_proxima.1"
"24","Leptophoca_proxima","Leptophoca_proxima.2"
"25","Neusticosaurus","Neusticosaurus.1"
"26","Callophoca_obscura","Callophoca_obscura.1"
"27","Callophoca_obscura","Callophoca_obscura.2"
"28","Nothosaurus_102","Nothosaurus_102.1"
"29","Chironectes_minimus","Chironectes_minimus.1"
"30","Callophoca_obscura","Callophoca_obscura.3"
"31","Leptophoca_proxima","Leptophoca_proxima.3"
"32","Chironectes_minimus","Chironectes_minimus.2"
"33","Nothosaurus_giganteus","Nothosaurus_giganteus.1"
"34","Maiacetus","Maiacetus.1"
"35","Callophoca_obscura","Callophoca_obscura.4"
"36","Nothosaurus_giganteus","Nothosaurus_giganteus.2"
"37","Cricosaurus","Cricosaurus.1"
"38","Plesiosaurus","Plesiosaurus.1"
"39","Placondontia_indet","Placondontia_indet.1"
"40","Serpianosaurus","Serpianosaurus.1"
"41","Chironectes_minimus","Chironectes_minimus.3"
"42","Maiacetus","Maiacetus.2"
"43","Aptenodytes______","Aptenodytes______.1"
"44","Phocanella_pumila","Phocanella_pumila.1"
"45","Psephoderma","Psephoderma.1"
"46","Spinosaurus_","Spinosaurus_.1"
"47","Spinosaurus_","Spinosaurus_.2"
"48","Spinosaurus_","Spinosaurus_.3"
"49","Spinosaurus_","Spinosaurus_.4"
"50","Spinosaurus_","Spinosaurus_.5"
"51","Spinosaurus_","Spinosaurus_.6"
"52","Spinosaurus_","Spinosaurus_.7"
"53","Spinosaurus_","Spinosaurus_.8"
"54","Spinosaurus_","Spinosaurus_.9"
"55","Spinosaurus_","Spinosaurus_.10"
"56","Spinosaurus_","Spinosaurus_.11"
"57","Suchomimus","Suchomimus.1"
"58","Suchomimus","Suchomimus.2"
"59","Suchomimus","Suchomimus.3"
"60","Baryonyx","Baryonyx.1"
"61","Baryonyx","Baryonyx.2"
"62","Baryonyx","Baryonyx.3"
 
* Phylo tree and the main data and strata files have been modified to include duplicated taxa before the scaled random trees are generated.
* Selected categorical labels column: diving.or.not
* diving.or.equal column is identical to Diving column.
* Regression excludes flying taxa.
* Diving labels that are present in regression: 0,2
* lambda (calculated from a random tree) = : 0.1
* index-name alignment check: OK
