Logfile for a session of program: bootstrap_binary.r
-----------------------------------------------------
INPUT:
workDir: C:/dino_nature/output/2023-11-07-D1\bs/set_1630
Nbootstrapsets: 2000
phyloFDAfile: c:/dino_nature/code/phylo.fda.R
auxFile: c:/dino_nature/code/auxiliary.r
boneType: femur
regressionData.file: C:/dino_nature/output/2023-11-07-D1\bs/set_1630/femur_set_1630.csv
applyDataFilter: FALSE
addTreeTips: TRUE
Ntrees: 100
calculateTrees: TRUE
saveTrees: FALSE


OPERATIONAL CHECKS:
* Regression data contains multiple copies of some taxa (user added variants of existing test taxa 
   or replacements due to bootstrap are present) which are not in the phylo tree:
     original taxon,   duplicate   
"1","Procavia_capensis","Procavia_capensis.1"
"2","Meles_meles","Meles_meles.1"
"3","Apteryx_owenii_","Apteryx_owenii_.1"
"4","Meles_meles","Meles_meles.2"
"5","Vulpes_vulpes","Vulpes_vulpes.1"
"6","Rangifer_tarandus","Rangifer_tarandus.1"
"7","Mus_musculus","Mus_musculus.1"
"8","Apteryx_owenii_","Apteryx_owenii_.2"
"9","Elomeryx_borbonicus_","Elomeryx_borbonicus_.1"
"10","Microgale_thomasi","Microgale_thomasi.1"
"11","Sphenodon_punctatus","Sphenodon_punctatus.1"
"12","Tenrec_ecaudatus","Tenrec_ecaudatus.1"
"13","Mammuthus_sp","Mammuthus_sp.1"
"14","Sus_scrofa","Sus_scrofa.1"
"15","Rattus_rattus","Rattus_rattus.1"
"16","Meles_meles","Meles_meles.3"
"17","Microgale_thomasi","Microgale_thomasi.2"
"18","Okapia_johnstoni","Okapia_johnstoni.1"
"19","Uncia_uncia","Uncia_uncia.1"
"20","Ceratotherium_simum","Ceratotherium_simum.1"
"21","Tenrec_ecaudatus","Tenrec_ecaudatus.2"
"22","Monodelphis_domestica","Monodelphis_domestica.1"
"23","Neusticosaurus","Neusticosaurus.1"
"24","Neusticosaurus","Neusticosaurus.2"
"25","Desmana_moschata","Desmana_moschata.1"
"26","Pistosaurus","Pistosaurus.1"
"27","Hexaprotodon_garyam","Hexaprotodon_garyam.1"
"28","Nothosaurus_150","Nothosaurus_150.1"
"29","Basilosaurus","Basilosaurus.1"
"30","Protochampsidae","Protochampsidae.1"
"31","Rhaeticosaurus","Rhaeticosaurus.1"
"32","Otaria_byronia","Otaria_byronia.1"
"33","Palaeospheniscus","Palaeospheniscus.1"
"34","Nothosaurus_mirabilis","Nothosaurus_mirabilis.1"
"35","Phalacrocorax_harrisi","Phalacrocorax_harrisi.1"
"36","Hesperornis","Hesperornis.1"
"37","Cricosaurus","Cricosaurus.1"
"38","Ichtyosaur_sp","Ichtyosaur_sp.1"
"39","Noemys_fodies","Noemys_fodies.1"
"40","Hesperornis","Hesperornis.2"
"41","Caiman_yacare","Caiman_yacare.1"
"42","Nothosaurus_giganteus","Nothosaurus_giganteus.1"
"43","Nothosaurus_102","Nothosaurus_102.1"
"44","Alligator","Alligator.1"
"45","Ichtyosaurus_","Ichtyosaurus_.1"
"46","Spinosaurus_","Spinosaurus_.1"
"47","Spinosaurus_","Spinosaurus_.2"
"48","Spinosaurus_","Spinosaurus_.3"
"49","Spinosaurus_","Spinosaurus_.4"
"50","Spinosaurus_","Spinosaurus_.5"
"51","Spinosaurus_","Spinosaurus_.6"
"52","Spinosaurus_","Spinosaurus_.7"
"53","Spinosaurus_","Spinosaurus_.8"
"54","Spinosaurus_","Spinosaurus_.9"
"55","Spinosaurus_","Spinosaurus_.10"
"56","Spinosaurus_","Spinosaurus_.11"
"57","Suchomimus","Suchomimus.1"
"58","Suchomimus","Suchomimus.2"
"59","Suchomimus","Suchomimus.3"
"60","Baryonyx","Baryonyx.1"
"61","Baryonyx","Baryonyx.2"
"62","Baryonyx","Baryonyx.3"
 
* Phylo tree and the main data and strata files have been modified to include duplicated taxa before the scaled random trees are generated.
* Selected categorical labels column: diving.or.not
* diving.or.equal column is identical to Diving column.
* Regression excludes flying taxa.
* Diving labels that are present in regression: 0,2
* lambda (calculated from a random tree) = : 0.14
* index-name alignment check: OK
