Logfile for a session of program: bootstrap_binary.r
-----------------------------------------------------
INPUT:
workDir: C:/dino_nature/output/2023-11-07-D1\bs/set_1705
Nbootstrapsets: 2000
phyloFDAfile: c:/dino_nature/code/phylo.fda.R
auxFile: c:/dino_nature/code/auxiliary.r
boneType: femur
regressionData.file: C:/dino_nature/output/2023-11-07-D1\bs/set_1705/femur_set_1705.csv
applyDataFilter: FALSE
addTreeTips: TRUE
Ntrees: 100
calculateTrees: TRUE
saveTrees: FALSE


OPERATIONAL CHECKS:
* Regression data contains multiple copies of some taxa (user added variants of existing test taxa 
   or replacements due to bootstrap are present) which are not in the phylo tree:
     original taxon,   duplicate   
"1","Dromaius_","Dromaius_.1"
"2","Rhinoceros_sondaicus","Rhinoceros_sondaicus.1"
"3","Xenicus_giliventris","Xenicus_giliventris.1"
"4","Okapia_johnstoni","Okapia_johnstoni.1"
"5","Sphenodon_punctatus","Sphenodon_punctatus.1"
"6","Uncia_uncia","Uncia_uncia.1"
"7","Dromaius_","Dromaius_.2"
"8","Brachyodus_onoideum","Brachyodus_onoideum.1"
"9","Paguma_larvata","Paguma_larvata.1"
"10","Bison_bonasus","Bison_bonasus.1"
"11","Pogona_viceps","Pogona_viceps.1"
"12","Rangifer_tarandus","Rangifer_tarandus.1"
"13","Tenrec_ecaudatus","Tenrec_ecaudatus.1"
"14","Mustela_nivalis","Mustela_nivalis.1"
"15","Sphenodon_punctatus","Sphenodon_punctatus.2"
"16","Rattus_rattus","Rattus_rattus.1"
"17","Capreolus_capreolus","Capreolus_capreolus.1"
"18","Rattus_rattus","Rattus_rattus.2"
"19","Strigiops_habroptilus","Strigiops_habroptilus.1"
"20","Apteryx_australis","Apteryx_australis.1"
"21","Lacerta_viridis","Lacerta_viridis.1"
"22","Paguma_larvata","Paguma_larvata.2"
"23","Procyon_lotor","Procyon_lotor.1"
"24","Porphyrio_hochstetteri","Porphyrio_hochstetteri.1"
"25","Monodelphis_domestica","Monodelphis_domestica.1"
"26","Dyrosaurid","Dyrosaurid.1"
"27","Nothosaurus_giganteus","Nothosaurus_giganteus.1"
"28","Hesperornis","Hesperornis.1"
"29","Anarosaurus","Anarosaurus.1"
"30","Rodhocetus","Rodhocetus.1"
"31","Anarosaurus","Anarosaurus.2"
"32","Indohyus","Indohyus.1"
"33","Protochampsidae","Protochampsidae.1"
"34","Callophoca_obscura","Callophoca_obscura.1"
"35","Aptenodytes______","Aptenodytes______.1"
"36","Micropotamogale_euwenzorii","Micropotamogale_euwenzorii.1"
"37","Dyrosaurid","Dyrosaurid.2"
"38","Rodhocetus","Rodhocetus.2"
"39","Aptenodytes______","Aptenodytes______.2"
"40","Otaria_byronia","Otaria_byronia.1"
"41","Indohyus","Indohyus.2"
"42","Otaria_byronia","Otaria_byronia.2"
"43","Nothosaurus_102","Nothosaurus_102.1"
"44","Protochampsidae","Protochampsidae.2"
"45","Tapirus_terrestris","Tapirus_terrestris.1"
"46","Tapirus_terrestris","Tapirus_terrestris.2"
"47","Rodhocetus","Rodhocetus.3"
"48","Neusticosaurus","Neusticosaurus.1"
"49","Nothosaurus_mirabilis_1","Nothosaurus_mirabilis_1.1"
"50","Nothosaurus_102","Nothosaurus_102.2"
"51","Callophoca_obscura","Callophoca_obscura.2"
"52","Hippopotamus_amphibius","Hippopotamus_amphibius.1"
"53","Spinosaurus_","Spinosaurus_.1"
"54","Spinosaurus_","Spinosaurus_.2"
"55","Spinosaurus_","Spinosaurus_.3"
"56","Spinosaurus_","Spinosaurus_.4"
"57","Spinosaurus_","Spinosaurus_.5"
"58","Spinosaurus_","Spinosaurus_.6"
"59","Spinosaurus_","Spinosaurus_.7"
"60","Spinosaurus_","Spinosaurus_.8"
"61","Spinosaurus_","Spinosaurus_.9"
"62","Spinosaurus_","Spinosaurus_.10"
"63","Spinosaurus_","Spinosaurus_.11"
"64","Suchomimus","Suchomimus.1"
"65","Suchomimus","Suchomimus.2"
"66","Suchomimus","Suchomimus.3"
"67","Baryonyx","Baryonyx.1"
"68","Baryonyx","Baryonyx.2"
"69","Baryonyx","Baryonyx.3"
 
* Phylo tree and the main data and strata files have been modified to include duplicated taxa before the scaled random trees are generated.
* Selected categorical labels column: diving.or.not
* diving.or.equal column is identical to Diving column.
* Regression excludes flying taxa.
* Diving labels that are present in regression: 0,2
* lambda (calculated from a random tree) = : 0.08
* index-name alignment check: OK
