Logfile for a session of program: bootstrap_binary.r
-----------------------------------------------------
INPUT:
workDir: C:/dino_nature/output/2023-11-07-D1\bs/set_1943
Nbootstrapsets: 2000
phyloFDAfile: c:/dino_nature/code/phylo.fda.R
auxFile: c:/dino_nature/code/auxiliary.r
boneType: femur
regressionData.file: C:/dino_nature/output/2023-11-07-D1\bs/set_1943/femur_set_1943.csv
applyDataFilter: FALSE
addTreeTips: TRUE
Ntrees: 100
calculateTrees: TRUE
saveTrees: FALSE


OPERATIONAL CHECKS:
* Regression data contains multiple copies of some taxa (user added variants of existing test taxa 
   or replacements due to bootstrap are present) which are not in the phylo tree:
     original taxon,   duplicate   
"1","Rangifer_tarandus","Rangifer_tarandus.1"
"2","Dasyurus_maculatus","Dasyurus_maculatus.1"
"3","Rangifer_tarandus","Rangifer_tarandus.2"
"4","Rhynchocyon_petersi","Rhynchocyon_petersi.1"
"5","Lama_guanicoe","Lama_guanicoe.1"
"6","Microgale_thomasi","Microgale_thomasi.1"
"7","Rhynchocyon_petersi","Rhynchocyon_petersi.2"
"8","Rhynchocyon_petersi","Rhynchocyon_petersi.3"
"9","Pogona_viceps","Pogona_viceps.1"
"10","Monodelphis_domestica","Monodelphis_domestica.1"
"11","Elomeryx_borbonicus_","Elomeryx_borbonicus_.1"
"12","Elephas_maximus","Elephas_maximus.1"
"13","Monodelphis_domestica","Monodelphis_domestica.2"
"14","Capreolus_capreolus","Capreolus_capreolus.1"
"15","Elephas_maximus","Elephas_maximus.2"
"16","Porphyrio_hochstetteri","Porphyrio_hochstetteri.1"
"17","Alligator","Alligator.1"
"18","Cricosaurus","Cricosaurus.1"
"19","Pistosaurus","Pistosaurus.1"
"20","Nothosaurus_568","Nothosaurus_568.1"
"21","Leptophoca_proxima","Leptophoca_proxima.1"
"22","Noemys_fodies","Noemys_fodies.1"
"23","Spheniscus","Spheniscus.1"
"24","Hippopotamus_amphibius","Hippopotamus_amphibius.1"
"25","Basilosaurus","Basilosaurus.1"
"26","Ichtyosaurus_","Ichtyosaurus_.1"
"27","Ichtyosaurus_","Ichtyosaurus_.2"
"28","Phocanella_pumila","Phocanella_pumila.1"
"29","Basilosaurus","Basilosaurus.2"
"30","Paraplacodus","Paraplacodus.1"
"31","Protochampsidae","Protochampsidae.1"
"32","Chapsosaurus_","Chapsosaurus_.1"
"33","Rhaeticosaurus","Rhaeticosaurus.1"
"34","Chapsosaurus_","Chapsosaurus_.2"
"35","Choeropsis_liberiensis","Choeropsis_liberiensis.1"
"36","Spinosaurus_","Spinosaurus_.1"
"37","Spinosaurus_","Spinosaurus_.2"
"38","Spinosaurus_","Spinosaurus_.3"
"39","Spinosaurus_","Spinosaurus_.4"
"40","Spinosaurus_","Spinosaurus_.5"
"41","Spinosaurus_","Spinosaurus_.6"
"42","Spinosaurus_","Spinosaurus_.7"
"43","Spinosaurus_","Spinosaurus_.8"
"44","Spinosaurus_","Spinosaurus_.9"
"45","Spinosaurus_","Spinosaurus_.10"
"46","Spinosaurus_","Spinosaurus_.11"
"47","Suchomimus","Suchomimus.1"
"48","Suchomimus","Suchomimus.2"
"49","Suchomimus","Suchomimus.3"
"50","Baryonyx","Baryonyx.1"
"51","Baryonyx","Baryonyx.2"
"52","Baryonyx","Baryonyx.3"
 
* Phylo tree and the main data and strata files have been modified to include duplicated taxa before the scaled random trees are generated.
* Selected categorical labels column: diving.or.not
* diving.or.equal column is identical to Diving column.
* Regression excludes flying taxa.
* Diving labels that are present in regression: 0,2
* lambda (calculated from a random tree) = : 0.12
* index-name alignment check: OK
