Logfile for a session of program: bootstrap_binary.r
-----------------------------------------------------
INPUT:
workDir: C:/dino_nature/output/2023-11-07-D1\bs/set_1757
Nbootstrapsets: 2000
phyloFDAfile: c:/dino_nature/code/phylo.fda.R
auxFile: c:/dino_nature/code/auxiliary.r
boneType: femur
regressionData.file: C:/dino_nature/output/2023-11-07-D1\bs/set_1757/femur_set_1757.csv
applyDataFilter: FALSE
addTreeTips: TRUE
Ntrees: 100
calculateTrees: TRUE
saveTrees: FALSE


OPERATIONAL CHECKS:
* Regression data contains multiple copies of some taxa (user added variants of existing test taxa 
   or replacements due to bootstrap are present) which are not in the phylo tree:
     original taxon,   duplicate   
"1","Apteryx_australis","Apteryx_australis.1"
"2","Elephas_maximus","Elephas_maximus.1"
"3","Megaloceros_sp","Megaloceros_sp.1"
"4","Rattus_rattus","Rattus_rattus.1"
"5","Myrmecophaga_tridactyla","Myrmecophaga_tridactyla.1"
"6","Capreolus_capreolus","Capreolus_capreolus.1"
"7","Porphyrio_hochstetteri","Porphyrio_hochstetteri.1"
"8","Rangifer_tarandus","Rangifer_tarandus.1"
"9","Strigiops_habroptilus","Strigiops_habroptilus.1"
"10","Rattus_rattus","Rattus_rattus.2"
"11","Strigiops_habroptilus","Strigiops_habroptilus.2"
"12","Hemiechinus_azurites","Hemiechinus_azurites.1"
"13","Hemiechinus_azurites","Hemiechinus_azurites.2"
"14","Dicerorhinus_sumatrensis","Dicerorhinus_sumatrensis.1"
"15","Dasyurus_maculatus","Dasyurus_maculatus.1"
"16","Euroscaptor_micrura","Euroscaptor_micrura.1"
"17","Rattus_rattus","Rattus_rattus.3"
"18","Loxodonta_africana","Loxodonta_africana.1"
"19","Dasyurus_maculatus","Dasyurus_maculatus.2"
"20","Okapia_johnstoni","Okapia_johnstoni.1"
"21","Sphenodon_punctatus","Sphenodon_punctatus.1"
"22","Procyon_lotor","Procyon_lotor.1"
"23","Apteryx_owenii_","Apteryx_owenii_.1"
"24","Metryorhynchus","Metryorhynchus.1"
"25","Simosaurus_1","Simosaurus_1.1"
"26","Rhaeticosaurus","Rhaeticosaurus.1"
"27","Placondontia_indet","Placondontia_indet.1"
"28","Leptophoca_proxima","Leptophoca_proxima.1"
"29","Leptophoca_proxima","Leptophoca_proxima.2"
"30","Noemys_fodies","Noemys_fodies.1"
"31","Pistosaurus","Pistosaurus.1"
"32","Pistosaurus","Pistosaurus.2"
"33","Chapsosaurus_","Chapsosaurus_.1"
"34","Rhaeticosaurus","Rhaeticosaurus.2"
"35","Pistosaurus","Pistosaurus.3"
"36","Micropotamogale_euwenzorii","Micropotamogale_euwenzorii.1"
"37","Nanophoca_vitulinoides","Nanophoca_vitulinoides.1"
"38","Nothosaurus_mirabilis","Nothosaurus_mirabilis.1"
"39","Ichtyosaurus_","Ichtyosaurus_.1"
"40","Spinosaurus_","Spinosaurus_.1"
"41","Spinosaurus_","Spinosaurus_.2"
"42","Spinosaurus_","Spinosaurus_.3"
"43","Spinosaurus_","Spinosaurus_.4"
"44","Spinosaurus_","Spinosaurus_.5"
"45","Spinosaurus_","Spinosaurus_.6"
"46","Spinosaurus_","Spinosaurus_.7"
"47","Spinosaurus_","Spinosaurus_.8"
"48","Spinosaurus_","Spinosaurus_.9"
"49","Spinosaurus_","Spinosaurus_.10"
"50","Spinosaurus_","Spinosaurus_.11"
"51","Suchomimus","Suchomimus.1"
"52","Suchomimus","Suchomimus.2"
"53","Suchomimus","Suchomimus.3"
"54","Baryonyx","Baryonyx.1"
"55","Baryonyx","Baryonyx.2"
"56","Baryonyx","Baryonyx.3"
 
* Phylo tree and the main data and strata files have been modified to include duplicated taxa before the scaled random trees are generated.
* Selected categorical labels column: diving.or.not
* diving.or.equal column is identical to Diving column.
* Regression excludes flying taxa.
* Diving labels that are present in regression: 0,2
* lambda (calculated from a random tree) = : 0.12
* index-name alignment check: OK
