Logfile for a session of program: bootstrap_binary.r
-----------------------------------------------------
INPUT:
workDir: C:/dino_nature/output/2023-11-07-D1\bs/set_560
Nbootstrapsets: 2000
phyloFDAfile: c:/dino_nature/code/phylo.fda.R
auxFile: c:/dino_nature/code/auxiliary.r
boneType: femur
regressionData.file: C:/dino_nature/output/2023-11-07-D1\bs/set_560/femur_set_560.csv
applyDataFilter: FALSE
addTreeTips: TRUE
Ntrees: 100
calculateTrees: TRUE
saveTrees: FALSE


OPERATIONAL CHECKS:
* Regression data contains multiple copies of some taxa (user added variants of existing test taxa 
   or replacements due to bootstrap are present) which are not in the phylo tree:
     original taxon,   duplicate   
"1","Pogona_viceps","Pogona_viceps.1"
"2","Dasyurus_maculatus","Dasyurus_maculatus.1"
"3","Lacerta_viridis","Lacerta_viridis.1"
"4","Rupicapra_rupicapra","Rupicapra_rupicapra.1"
"5","Caloenas_nicobarica","Caloenas_nicobarica.1"
"6","Myrmecophaga_tridactyla","Myrmecophaga_tridactyla.1"
"7","Tenrec_ecaudatus","Tenrec_ecaudatus.1"
"8","Rattus_rattus","Rattus_rattus.1"
"9","Tenrec_ecaudatus","Tenrec_ecaudatus.2"
"10","Myrmecophaga_tridactyla","Myrmecophaga_tridactyla.2"
"11","Capreolus_capreolus","Capreolus_capreolus.1"
"12","Dasyurus_maculatus","Dasyurus_maculatus.2"
"13","Bison_bonasus","Bison_bonasus.1"
"14","Procyon_lotor","Procyon_lotor.1"
"15","Rupicapra_rupicapra","Rupicapra_rupicapra.2"
"16","Rhinoceros_sondaicus","Rhinoceros_sondaicus.1"
"17","Syncerus_caffer","Syncerus_caffer.1"
"18","Rhynchocyon_petersi","Rhynchocyon_petersi.1"
"19","Rattus_rattus","Rattus_rattus.2"
"20","Rhynchocyon_petersi","Rhynchocyon_petersi.2"
"21","Elephas_maximus","Elephas_maximus.1"
"22","Meles_meles","Meles_meles.1"
"23","Rattus_rattus","Rattus_rattus.3"
"24","Porphyrio_hochstetteri","Porphyrio_hochstetteri.1"
"25","Choeropsis_liberiensis","Choeropsis_liberiensis.1"
"26","Palaeospheniscus","Palaeospheniscus.1"
"27","Dyrosaurid","Dyrosaurid.1"
"28","Noemys_fodies","Noemys_fodies.1"
"29","Spheniscus","Spheniscus.1"
"30","Palaeospheniscus","Palaeospheniscus.2"
"31","Psephoderma","Psephoderma.1"
"32","Psephoderma","Psephoderma.2"
"33","Remingtonocetus","Remingtonocetus.1"
"34","Palaeospheniscus","Palaeospheniscus.3"
"35","Spheniscus","Spheniscus.2"
"36","Maiacetus","Maiacetus.1"
"37","Nothosaurus_568","Nothosaurus_568.1"
"38","Choeropsis_liberiensis","Choeropsis_liberiensis.2"
"39","Castor_fiber","Castor_fiber.1"
"40","large_eocene_stem_penguin","large_eocene_stem_penguin.1"
"41","Psephoderma","Psephoderma.3"
"42","Small_Eocene_penguin","Small_Eocene_penguin.1"
"43","Psephoderma","Psephoderma.4"
"44","Maiacetus","Maiacetus.2"
"45","Hippopotamus_amphibius","Hippopotamus_amphibius.1"
"46","large_eocene_stem_penguin","large_eocene_stem_penguin.2"
"47","Chironectes_minimus","Chironectes_minimus.1"
"48","Spinosaurus_","Spinosaurus_.1"
"49","Spinosaurus_","Spinosaurus_.2"
"50","Spinosaurus_","Spinosaurus_.3"
"51","Spinosaurus_","Spinosaurus_.4"
"52","Spinosaurus_","Spinosaurus_.5"
"53","Spinosaurus_","Spinosaurus_.6"
"54","Spinosaurus_","Spinosaurus_.7"
"55","Spinosaurus_","Spinosaurus_.8"
"56","Spinosaurus_","Spinosaurus_.9"
"57","Spinosaurus_","Spinosaurus_.10"
"58","Spinosaurus_","Spinosaurus_.11"
"59","Suchomimus","Suchomimus.1"
"60","Suchomimus","Suchomimus.2"
"61","Suchomimus","Suchomimus.3"
"62","Baryonyx","Baryonyx.1"
"63","Baryonyx","Baryonyx.2"
"64","Baryonyx","Baryonyx.3"
 
* Phylo tree and the main data and strata files have been modified to include duplicated taxa before the scaled random trees are generated.
* Selected categorical labels column: diving.or.not
* diving.or.equal column is identical to Diving column.
* Regression excludes flying taxa.
* Diving labels that are present in regression: 0,2
* lambda (calculated from a random tree) = : 0.1
* index-name alignment check: OK
