Logfile for a session of program: bootstrap_binary.r
-----------------------------------------------------
INPUT:
workDir: C:/dino_nature/output/2023-11-07-D1\bs/set_127
Nbootstrapsets: 2000
phyloFDAfile: c:/dino_nature/code/phylo.fda.R
auxFile: c:/dino_nature/code/auxiliary.r
boneType: femur
regressionData.file: C:/dino_nature/output/2023-11-07-D1\bs/set_127/femur_set_127.csv
applyDataFilter: FALSE
addTreeTips: TRUE
Ntrees: 100
calculateTrees: TRUE
saveTrees: FALSE


OPERATIONAL CHECKS:
* Regression data contains multiple copies of some taxa (user added variants of existing test taxa 
   or replacements due to bootstrap are present) which are not in the phylo tree:
     original taxon,   duplicate   
"1","Rangifer_tarandus","Rangifer_tarandus.1"
"2","Porphyrio_hochstetteri","Porphyrio_hochstetteri.1"
"3","Sphenodon_punctatus","Sphenodon_punctatus.1"
"4","Rangifer_tarandus","Rangifer_tarandus.2"
"5","Microgale_thomasi","Microgale_thomasi.1"
"6","Porphyrio_hochstetteri","Porphyrio_hochstetteri.2"
"7","Apteryx_australis","Apteryx_australis.1"
"8","Apteryx_owenii_","Apteryx_owenii_.1"
"9","Monodelphis_domestica","Monodelphis_domestica.1"
"10","Monodelphis_domestica","Monodelphis_domestica.2"
"11","Rangifer_tarandus","Rangifer_tarandus.3"
"12","Alces_americanus","Alces_americanus.1"
"13","Sphenodon_punctatus","Sphenodon_punctatus.2"
"14","Rupicapra_rupicapra","Rupicapra_rupicapra.1"
"15","Microgale_thomasi","Microgale_thomasi.2"
"16","Hemiechinus_azurites","Hemiechinus_azurites.1"
"17","Tribonyx_mortieri","Tribonyx_mortieri.1"
"18","Myrmecophaga_tridactyla","Myrmecophaga_tridactyla.1"
"19","Rupicapra_rupicapra","Rupicapra_rupicapra.2"
"20","Taxidea_taxus","Taxidea_taxus.1"
"21","Protochampsidae","Protochampsidae.1"
"22","Aptenodytes______","Aptenodytes______.1"
"23","Lutra_vulgaris","Lutra_vulgaris.1"
"24","Protochampsidae","Protochampsidae.2"
"25","Psephoderma","Psephoderma.1"
"26","Callophoca_obscura","Callophoca_obscura.1"
"27","Palaeospheniscus","Palaeospheniscus.1"
"28","Ornithorhynchus_anatinus","Ornithorhynchus_anatinus.1"
"29","Aptenodytes______","Aptenodytes______.2"
"30","Nothosaurus_mirabilis_1","Nothosaurus_mirabilis_1.1"
"31","Dyrosaurid","Dyrosaurid.1"
"32","Psephoderma","Psephoderma.2"
"33","Psephoderma","Psephoderma.3"
"34","Nothosaurus_mirabilis","Nothosaurus_mirabilis.1"
"35","Lutra_vulgaris","Lutra_vulgaris.2"
"36","Cryptoclidus","Cryptoclidus.1"
"37","Otaria_byronia","Otaria_byronia.1"
"38","Metryorhynchus","Metryorhynchus.1"
"39","Alligator","Alligator.1"
"40","Pistosaurus","Pistosaurus.1"
"41","Remingtonocetus","Remingtonocetus.1"
"42","Otaria_byronia","Otaria_byronia.2"
"43","Spinosaurus_","Spinosaurus_.1"
"44","Spinosaurus_","Spinosaurus_.2"
"45","Spinosaurus_","Spinosaurus_.3"
"46","Spinosaurus_","Spinosaurus_.4"
"47","Spinosaurus_","Spinosaurus_.5"
"48","Spinosaurus_","Spinosaurus_.6"
"49","Spinosaurus_","Spinosaurus_.7"
"50","Spinosaurus_","Spinosaurus_.8"
"51","Spinosaurus_","Spinosaurus_.9"
"52","Spinosaurus_","Spinosaurus_.10"
"53","Spinosaurus_","Spinosaurus_.11"
"54","Suchomimus","Suchomimus.1"
"55","Suchomimus","Suchomimus.2"
"56","Suchomimus","Suchomimus.3"
"57","Baryonyx","Baryonyx.1"
"58","Baryonyx","Baryonyx.2"
"59","Baryonyx","Baryonyx.3"
 
* Phylo tree and the main data and strata files have been modified to include duplicated taxa before the scaled random trees are generated.
* Selected categorical labels column: diving.or.not
* diving.or.equal column is identical to Diving column.
* Regression excludes flying taxa.
* Diving labels that are present in regression: 0,2
* lambda (calculated from a random tree) = : 0.11
* index-name alignment check: OK
