Logfile for a session of program: bootstrap_binary.r
-----------------------------------------------------
INPUT:
workDir: C:/dino_nature/output/2023-11-07-D1\bs/set_1456
Nbootstrapsets: 2000
phyloFDAfile: c:/dino_nature/code/phylo.fda.R
auxFile: c:/dino_nature/code/auxiliary.r
boneType: femur
regressionData.file: C:/dino_nature/output/2023-11-07-D1\bs/set_1456/femur_set_1456.csv
applyDataFilter: FALSE
addTreeTips: TRUE
Ntrees: 100
calculateTrees: TRUE
saveTrees: FALSE


OPERATIONAL CHECKS:
* Regression data contains multiple copies of some taxa (user added variants of existing test taxa 
   or replacements due to bootstrap are present) which are not in the phylo tree:
     original taxon,   duplicate   
"1","Uncia_uncia","Uncia_uncia.1"
"2","Giraffa_camelopardalis","Giraffa_camelopardalis.1"
"3","Vulpes_vulpes","Vulpes_vulpes.1"
"4","Tribonyx_mortieri","Tribonyx_mortieri.1"
"5","Nyctereutes_procyonoides","Nyctereutes_procyonoides.1"
"6","Okapia_johnstoni","Okapia_johnstoni.1"
"7","Vulpes_vulpes","Vulpes_vulpes.2"
"8","Mus_musculus","Mus_musculus.1"
"9","Porphyrio_hochstetteri","Porphyrio_hochstetteri.1"
"10","Uncia_uncia","Uncia_uncia.2"
"11","Mustela_nivalis","Mustela_nivalis.1"
"12","Elomeryx_borbonicus_","Elomeryx_borbonicus_.1"
"13","Paguma_larvata","Paguma_larvata.1"
"14","Tribonyx_mortieri","Tribonyx_mortieri.2"
"15","Dicerorhinus_sumatrensis","Dicerorhinus_sumatrensis.1"
"16","Megaloceros_sp","Megaloceros_sp.1"
"17","Monodelphis_domestica","Monodelphis_domestica.1"
"18","Megaloceros_sp","Megaloceros_sp.2"
"19","Diplomesodon_pulchellum","Diplomesodon_pulchellum.1"
"20","Hydromys_chrysogaster","Hydromys_chrysogaster.1"
"21","Nanophoca_vitulinoides","Nanophoca_vitulinoides.1"
"22","Otaria_byronia","Otaria_byronia.1"
"23","Noemys_fodies","Noemys_fodies.1"
"24","Otaria_byronia","Otaria_byronia.2"
"25","Cricosaurus","Cricosaurus.1"
"26","Maiacetus","Maiacetus.1"
"27","Cricosaurus","Cricosaurus.2"
"28","Nanophoca_vitulinoides","Nanophoca_vitulinoides.2"
"29","Protochampsidae","Protochampsidae.1"
"30","Placodontia_indet_1","Placodontia_indet_1.1"
"31","Hydromys_chrysogaster","Hydromys_chrysogaster.2"
"32","Chironectes_minimus","Chironectes_minimus.1"
"33","Champsosaurus","Champsosaurus.1"
"34","Nothosaurus_mirabilis","Nothosaurus_mirabilis.1"
"35","Chapsosaurus_","Chapsosaurus_.1"
"36","Paraplacodus","Paraplacodus.1"
"37","Rhaeticosaurus","Rhaeticosaurus.1"
"38","Neusticosaurus","Neusticosaurus.1"
"39","Hesperornis","Hesperornis.1"
"40","Paraplacodus","Paraplacodus.2"
"41","Small_Eocene_penguin","Small_Eocene_penguin.1"
"42","Spinosaurus_","Spinosaurus_.1"
"43","Spinosaurus_","Spinosaurus_.2"
"44","Spinosaurus_","Spinosaurus_.3"
"45","Spinosaurus_","Spinosaurus_.4"
"46","Spinosaurus_","Spinosaurus_.5"
"47","Spinosaurus_","Spinosaurus_.6"
"48","Spinosaurus_","Spinosaurus_.7"
"49","Spinosaurus_","Spinosaurus_.8"
"50","Spinosaurus_","Spinosaurus_.9"
"51","Spinosaurus_","Spinosaurus_.10"
"52","Spinosaurus_","Spinosaurus_.11"
"53","Suchomimus","Suchomimus.1"
"54","Suchomimus","Suchomimus.2"
"55","Suchomimus","Suchomimus.3"
"56","Baryonyx","Baryonyx.1"
"57","Baryonyx","Baryonyx.2"
"58","Baryonyx","Baryonyx.3"
 
* Phylo tree and the main data and strata files have been modified to include duplicated taxa before the scaled random trees are generated.
* Selected categorical labels column: diving.or.not
* diving.or.equal column is identical to Diving column.
* Regression excludes flying taxa.
* Diving labels that are present in regression: 0,2
* lambda (calculated from a random tree) = : 0.08
* index-name alignment check: OK
