Logfile for a session of program: bootstrap_binary.r
-----------------------------------------------------
INPUT:
workDir: C:/dino_nature/output/2023-11-07-D1\bs/set_1877
Nbootstrapsets: 2000
phyloFDAfile: c:/dino_nature/code/phylo.fda.R
auxFile: c:/dino_nature/code/auxiliary.r
boneType: femur
regressionData.file: C:/dino_nature/output/2023-11-07-D1\bs/set_1877/femur_set_1877.csv
applyDataFilter: FALSE
addTreeTips: TRUE
Ntrees: 100
calculateTrees: TRUE
saveTrees: FALSE


OPERATIONAL CHECKS:
* Regression data contains multiple copies of some taxa (user added variants of existing test taxa 
   or replacements due to bootstrap are present) which are not in the phylo tree:
     original taxon,   duplicate   
"1","Hemiechinus_azurites","Hemiechinus_azurites.1"
"2","Caloenas_nicobarica","Caloenas_nicobarica.1"
"3","Atlantisia_rogersi","Atlantisia_rogersi.1"
"4","Sphenodon_punctatus","Sphenodon_punctatus.1"
"5","Cephalophus_silvicultor","Cephalophus_silvicultor.1"
"6","Uncia_uncia","Uncia_uncia.1"
"7","Alces_americanus","Alces_americanus.1"
"8","Vulpes_vulpes","Vulpes_vulpes.1"
"9","Elephas_maximus","Elephas_maximus.1"
"10","Vulpes_vulpes","Vulpes_vulpes.2"
"11","Rhynchocyon_petersi","Rhynchocyon_petersi.1"
"12","Vulpes_vulpes","Vulpes_vulpes.3"
"13","Atlantisia_rogersi","Atlantisia_rogersi.2"
"14","Paguma_larvata","Paguma_larvata.1"
"15","Uncia_uncia","Uncia_uncia.2"
"16","Diplomesodon_pulchellum","Diplomesodon_pulchellum.1"
"17","Giraffa_camelopardalis","Giraffa_camelopardalis.1"
"18","Dicerorhinus_sumatrensis","Dicerorhinus_sumatrensis.1"
"19","Xenicus_giliventris","Xenicus_giliventris.1"
"20","Loxodonta_africana","Loxodonta_africana.1"
"21","Bos_taurus","Bos_taurus.1"
"22","Cryptoclidus","Cryptoclidus.1"
"23","Cryptoclidus","Cryptoclidus.2"
"24","Placondontia_indet","Placondontia_indet.1"
"25","Rhaeticosaurus","Rhaeticosaurus.1"
"26","Nothosaurus_102","Nothosaurus_102.1"
"27","Caiman_yacare","Caiman_yacare.1"
"28","Hydromys_chrysogaster","Hydromys_chrysogaster.1"
"29","Remingtonocetus","Remingtonocetus.1"
"30","Placondontia_indet","Placondontia_indet.2"
"31","Psephoderma","Psephoderma.1"
"32","Desmana_moschata","Desmana_moschata.1"
"33","Aptenodytes______","Aptenodytes______.1"
"34","Metryorhynchus","Metryorhynchus.1"
"35","Ichtyosaurus_","Ichtyosaurus_.1"
"36","Rodhocetus","Rodhocetus.1"
"37","Desmana_moschata","Desmana_moschata.2"
"38","Placodontia_indet_1","Placodontia_indet_1.1"
"39","Phalacrocorax_harrisi","Phalacrocorax_harrisi.1"
"40","Paraplacodus","Paraplacodus.1"
"41","Desmana_moschata","Desmana_moschata.3"
"42","Nanophoca_vitulinoides","Nanophoca_vitulinoides.1"
"43","Pistosaurus","Pistosaurus.1"
"44","Pistosaurus","Pistosaurus.2"
"45","Placodontia_indet_1","Placodontia_indet_1.2"
"46","Spinosaurus_","Spinosaurus_.1"
"47","Spinosaurus_","Spinosaurus_.2"
"48","Spinosaurus_","Spinosaurus_.3"
"49","Spinosaurus_","Spinosaurus_.4"
"50","Spinosaurus_","Spinosaurus_.5"
"51","Spinosaurus_","Spinosaurus_.6"
"52","Spinosaurus_","Spinosaurus_.7"
"53","Spinosaurus_","Spinosaurus_.8"
"54","Spinosaurus_","Spinosaurus_.9"
"55","Spinosaurus_","Spinosaurus_.10"
"56","Spinosaurus_","Spinosaurus_.11"
"57","Suchomimus","Suchomimus.1"
"58","Suchomimus","Suchomimus.2"
"59","Suchomimus","Suchomimus.3"
"60","Baryonyx","Baryonyx.1"
"61","Baryonyx","Baryonyx.2"
"62","Baryonyx","Baryonyx.3"
 
* Phylo tree and the main data and strata files have been modified to include duplicated taxa before the scaled random trees are generated.
* Selected categorical labels column: diving.or.not
* diving.or.equal column is identical to Diving column.
* Regression excludes flying taxa.
* Diving labels that are present in regression: 0,2
* lambda (calculated from a random tree) = : 0.11
* index-name alignment check: OK
