Logfile for a session of program: bootstrap_binary.r
-----------------------------------------------------
INPUT:
workDir: C:/dino_nature/output/2023-11-07-D1\bs/set_976
Nbootstrapsets: 2000
phyloFDAfile: c:/dino_nature/code/phylo.fda.R
auxFile: c:/dino_nature/code/auxiliary.r
boneType: femur
regressionData.file: C:/dino_nature/output/2023-11-07-D1\bs/set_976/femur_set_976.csv
applyDataFilter: FALSE
addTreeTips: TRUE
Ntrees: 100
calculateTrees: TRUE
saveTrees: FALSE


OPERATIONAL CHECKS:
* Regression data contains multiple copies of some taxa (user added variants of existing test taxa 
   or replacements due to bootstrap are present) which are not in the phylo tree:
     original taxon,   duplicate   
"1","Rhynchocyon_petersi","Rhynchocyon_petersi.1"
"2","Diplomesodon_pulchellum","Diplomesodon_pulchellum.1"
"3","Rynochetus_jubatus","Rynochetus_jubatus.1"
"4","Bos_taurus","Bos_taurus.1"
"5","Apteryx_australis","Apteryx_australis.1"
"6","Apteryx_owenii_","Apteryx_owenii_.1"
"7","Diplomesodon_pulchellum","Diplomesodon_pulchellum.2"
"8","Bison_bonasus","Bison_bonasus.1"
"9","Rhynchocyon_petersi","Rhynchocyon_petersi.2"
"10","Rhynchocyon_petersi","Rhynchocyon_petersi.3"
"11","Procavia_capensis","Procavia_capensis.1"
"12","Apteryx_owenii_","Apteryx_owenii_.2"
"13","Rynochetus_jubatus","Rynochetus_jubatus.2"
"14","Apteryx_owenii_","Apteryx_owenii_.3"
"15","Apteryx_owenii_","Apteryx_owenii_.4"
"16","Capreolus_capreolus","Capreolus_capreolus.1"
"17","Rynochetus_jubatus","Rynochetus_jubatus.3"
"18","Apteryx_australis","Apteryx_australis.2"
"19","Alces_americanus","Alces_americanus.1"
"20","Rhinoceros_sondaicus","Rhinoceros_sondaicus.1"
"21","Dromaius_","Dromaius_.1"
"22","Porphyrio_hochstetteri","Porphyrio_hochstetteri.1"
"23","Dromaius_","Dromaius_.2"
"24","Bos_taurus","Bos_taurus.2"
"25","Champsosaurus","Champsosaurus.1"
"26","Ornithorhynchus_anatinus","Ornithorhynchus_anatinus.1"
"27","Ichtyosaur_sp","Ichtyosaur_sp.1"
"28","Neusticosaurus","Neusticosaurus.1"
"29","Remingtonocetus","Remingtonocetus.1"
"30","Otaria_byronia","Otaria_byronia.1"
"31","Nothosaurus_giganteus","Nothosaurus_giganteus.1"
"32","Otaria_byronia","Otaria_byronia.2"
"33","Phocanella_pumila","Phocanella_pumila.1"
"34","Otaria_byronia","Otaria_byronia.3"
"35","Nothosaurus_giganteus","Nothosaurus_giganteus.2"
"36","Simosaurus_1","Simosaurus_1.1"
"37","Champsosaurus","Champsosaurus.2"
"38","Castor_fiber","Castor_fiber.1"
"39","Phocanella_pumila","Phocanella_pumila.2"
"40","Desmana_moschata","Desmana_moschata.1"
"41","Nothosaurus_568","Nothosaurus_568.1"
"42","Castor_fiber","Castor_fiber.2"
"43","Ichtyosaurus_","Ichtyosaurus_.1"
"44","Spinosaurus_","Spinosaurus_.1"
"45","Spinosaurus_","Spinosaurus_.2"
"46","Spinosaurus_","Spinosaurus_.3"
"47","Spinosaurus_","Spinosaurus_.4"
"48","Spinosaurus_","Spinosaurus_.5"
"49","Spinosaurus_","Spinosaurus_.6"
"50","Spinosaurus_","Spinosaurus_.7"
"51","Spinosaurus_","Spinosaurus_.8"
"52","Spinosaurus_","Spinosaurus_.9"
"53","Spinosaurus_","Spinosaurus_.10"
"54","Spinosaurus_","Spinosaurus_.11"
"55","Suchomimus","Suchomimus.1"
"56","Suchomimus","Suchomimus.2"
"57","Suchomimus","Suchomimus.3"
"58","Baryonyx","Baryonyx.1"
"59","Baryonyx","Baryonyx.2"
"60","Baryonyx","Baryonyx.3"
 
* Phylo tree and the main data and strata files have been modified to include duplicated taxa before the scaled random trees are generated.
* Selected categorical labels column: diving.or.not
* diving.or.equal column is identical to Diving column.
* Regression excludes flying taxa.
* Diving labels that are present in regression: 0,2
* lambda (calculated from a random tree) = : 0.1
* index-name alignment check: OK
