Logfile for a session of program: bootstrap_binary.r
-----------------------------------------------------
INPUT:
workDir: C:/dino_nature/output/2023-11-07-D1\bs/set_1648
Nbootstrapsets: 2000
phyloFDAfile: c:/dino_nature/code/phylo.fda.R
auxFile: c:/dino_nature/code/auxiliary.r
boneType: femur
regressionData.file: C:/dino_nature/output/2023-11-07-D1\bs/set_1648/femur_set_1648.csv
applyDataFilter: FALSE
addTreeTips: TRUE
Ntrees: 100
calculateTrees: TRUE
saveTrees: FALSE


OPERATIONAL CHECKS:
* Regression data contains multiple copies of some taxa (user added variants of existing test taxa 
   or replacements due to bootstrap are present) which are not in the phylo tree:
     original taxon,   duplicate   
"1","Pogona_viceps","Pogona_viceps.1"
"2","Capreolus_capreolus","Capreolus_capreolus.1"
"3","Monodelphis_domestica","Monodelphis_domestica.1"
"4","Atlantisia_rogersi","Atlantisia_rogersi.1"
"5","Okapia_johnstoni","Okapia_johnstoni.1"
"6","Strigiops_habroptilus","Strigiops_habroptilus.1"
"7","Dama_dama","Dama_dama.1"
"8","Apteryx_australis","Apteryx_australis.1"
"9","Dicerorhinus_sumatrensis","Dicerorhinus_sumatrensis.1"
"10","Capreolus_capreolus","Capreolus_capreolus.2"
"11","Tenrec_ecaudatus","Tenrec_ecaudatus.1"
"12","Strigiops_habroptilus","Strigiops_habroptilus.2"
"13","Megaloceros_sp","Megaloceros_sp.1"
"14","Pogona_viceps","Pogona_viceps.2"
"15","Okapia_johnstoni","Okapia_johnstoni.2"
"16","Okapia_johnstoni","Okapia_johnstoni.3"
"17","Rhinoceros_sondaicus","Rhinoceros_sondaicus.1"
"18","Dama_dama","Dama_dama.2"
"19","Brachyodus_onoideum","Brachyodus_onoideum.1"
"20","Rhinoceros_sondaicus","Rhinoceros_sondaicus.2"
"21","Dama_dama","Dama_dama.3"
"22","Giraffa_camelopardalis","Giraffa_camelopardalis.1"
"23","Elomeryx_borbonicus_","Elomeryx_borbonicus_.1"
"24","Mammuthus_sp","Mammuthus_sp.1"
"25","Brachyodus_onoideum","Brachyodus_onoideum.2"
"26","Nothosaurus_giganteus","Nothosaurus_giganteus.1"
"27","Desmostylus_hesperus","Desmostylus_hesperus.1"
"28","Maiacetus","Maiacetus.1"
"29","Simosaurus","Simosaurus.1"
"30","Nanophoca_vitulinoides","Nanophoca_vitulinoides.1"
"31","Plesiosaurus","Plesiosaurus.1"
"32","Alligator","Alligator.1"
"33","Psephoderma","Psephoderma.1"
"34","Nothosaurus_giganteus","Nothosaurus_giganteus.2"
"35","Hippopotamus_amphibius","Hippopotamus_amphibius.1"
"36","Simosaurus","Simosaurus.2"
"37","Simosaurus","Simosaurus.3"
"38","Nothosaurus_568","Nothosaurus_568.1"
"39","Hesperornis","Hesperornis.1"
"40","Cryptoclidus","Cryptoclidus.1"
"41","large_eocene_stem_penguin","large_eocene_stem_penguin.1"
"42","Castor_fiber","Castor_fiber.1"
"43","Spinosaurus_","Spinosaurus_.1"
"44","Spinosaurus_","Spinosaurus_.2"
"45","Spinosaurus_","Spinosaurus_.3"
"46","Spinosaurus_","Spinosaurus_.4"
"47","Spinosaurus_","Spinosaurus_.5"
"48","Spinosaurus_","Spinosaurus_.6"
"49","Spinosaurus_","Spinosaurus_.7"
"50","Spinosaurus_","Spinosaurus_.8"
"51","Spinosaurus_","Spinosaurus_.9"
"52","Spinosaurus_","Spinosaurus_.10"
"53","Spinosaurus_","Spinosaurus_.11"
"54","Suchomimus","Suchomimus.1"
"55","Suchomimus","Suchomimus.2"
"56","Suchomimus","Suchomimus.3"
"57","Baryonyx","Baryonyx.1"
"58","Baryonyx","Baryonyx.2"
"59","Baryonyx","Baryonyx.3"
 
* Phylo tree and the main data and strata files have been modified to include duplicated taxa before the scaled random trees are generated.
* Selected categorical labels column: diving.or.not
* diving.or.equal column is identical to Diving column.
* Regression excludes flying taxa.
* Diving labels that are present in regression: 0,2
* lambda (calculated from a random tree) = : 0.13
* index-name alignment check: OK
