Logfile for a session of program: bootstrap_binary.r
-----------------------------------------------------
INPUT:
workDir: C:/dino_nature/output/2023-11-07-D1\bs/set_1094
Nbootstrapsets: 2000
phyloFDAfile: c:/dino_nature/code/phylo.fda.R
auxFile: c:/dino_nature/code/auxiliary.r
boneType: femur
regressionData.file: C:/dino_nature/output/2023-11-07-D1\bs/set_1094/femur_set_1094.csv
applyDataFilter: FALSE
addTreeTips: TRUE
Ntrees: 100
calculateTrees: TRUE
saveTrees: FALSE


OPERATIONAL CHECKS:
* Regression data contains multiple copies of some taxa (user added variants of existing test taxa 
   or replacements due to bootstrap are present) which are not in the phylo tree:
     original taxon,   duplicate   
"1","Syncerus_caffer","Syncerus_caffer.1"
"2","Felis_felis","Felis_felis.1"
"3","Mammuthus_sp","Mammuthus_sp.1"
"4","Nyctereutes_procyonoides","Nyctereutes_procyonoides.1"
"5","Brachyodus_onoideum","Brachyodus_onoideum.1"
"6","Syncerus_caffer","Syncerus_caffer.2"
"7","Procavia_capensis","Procavia_capensis.1"
"8","Elomeryx_borbonicus_","Elomeryx_borbonicus_.1"
"9","Nyctereutes_procyonoides","Nyctereutes_procyonoides.2"
"10","Elephas_maximus","Elephas_maximus.1"
"11","Meles_meles","Meles_meles.1"
"12","Sphenodon_punctatus","Sphenodon_punctatus.1"
"13","Mammuthus_sp","Mammuthus_sp.2"
"14","Euroscaptor_micrura","Euroscaptor_micrura.1"
"15","Uncia_uncia","Uncia_uncia.1"
"16","Brachyodus_onoideum","Brachyodus_onoideum.2"
"17","Tenrec_ecaudatus","Tenrec_ecaudatus.1"
"18","Metryorhynchus","Metryorhynchus.1"
"19","Psephoderma","Psephoderma.1"
"20","Metryorhynchus","Metryorhynchus.2"
"21","Psephoderma","Psephoderma.2"
"22","Nothosaurus_mirabilis_1","Nothosaurus_mirabilis_1.1"
"23","Small_Eocene_penguin","Small_Eocene_penguin.1"
"24","Nothosaurus_giganteus","Nothosaurus_giganteus.1"
"25","Metryorhynchus","Metryorhynchus.3"
"26","Small_Eocene_penguin","Small_Eocene_penguin.2"
"27","Noemys_fodies","Noemys_fodies.1"
"28","Small_Eocene_penguin","Small_Eocene_penguin.3"
"29","Paraplacodus","Paraplacodus.1"
"30","Paraplacodus","Paraplacodus.2"
"31","Cryptoclidus","Cryptoclidus.1"
"32","Desmostylus_hesperus","Desmostylus_hesperus.1"
"33","Anarosaurus","Anarosaurus.1"
"34","Placondontia_indet","Placondontia_indet.1"
"35","Metryorhynchus","Metryorhynchus.4"
"36","Simosaurus","Simosaurus.1"
"37","Callophoca_obscura","Callophoca_obscura.1"
"38","Small_Eocene_penguin","Small_Eocene_penguin.4"
"39","Choeropsis_liberiensis","Choeropsis_liberiensis.1"
"40","Chapsosaurus_","Chapsosaurus_.1"
"41","Metryorhynchus","Metryorhynchus.5"
"42","Tapirus_terrestris","Tapirus_terrestris.1"
"43","Nothosaurus_giganteus","Nothosaurus_giganteus.2"
"44","Spinosaurus_","Spinosaurus_.1"
"45","Spinosaurus_","Spinosaurus_.2"
"46","Spinosaurus_","Spinosaurus_.3"
"47","Spinosaurus_","Spinosaurus_.4"
"48","Spinosaurus_","Spinosaurus_.5"
"49","Spinosaurus_","Spinosaurus_.6"
"50","Spinosaurus_","Spinosaurus_.7"
"51","Spinosaurus_","Spinosaurus_.8"
"52","Spinosaurus_","Spinosaurus_.9"
"53","Spinosaurus_","Spinosaurus_.10"
"54","Spinosaurus_","Spinosaurus_.11"
"55","Suchomimus","Suchomimus.1"
"56","Suchomimus","Suchomimus.2"
"57","Suchomimus","Suchomimus.3"
"58","Baryonyx","Baryonyx.1"
"59","Baryonyx","Baryonyx.2"
"60","Baryonyx","Baryonyx.3"
 
* Phylo tree and the main data and strata files have been modified to include duplicated taxa before the scaled random trees are generated.
* Selected categorical labels column: diving.or.not
* diving.or.equal column is identical to Diving column.
* Regression excludes flying taxa.
* Diving labels that are present in regression: 0,2
* lambda (calculated from a random tree) = : 0.11
* index-name alignment check: OK
