Logfile for a session of program: bootstrap_binary.r
-----------------------------------------------------
INPUT:
workDir: C:/dino_nature/output/2023-11-07-D1\bs/set_903
Nbootstrapsets: 2000
phyloFDAfile: c:/dino_nature/code/phylo.fda.R
auxFile: c:/dino_nature/code/auxiliary.r
boneType: femur
regressionData.file: C:/dino_nature/output/2023-11-07-D1\bs/set_903/femur_set_903.csv
applyDataFilter: FALSE
addTreeTips: TRUE
Ntrees: 100
calculateTrees: TRUE
saveTrees: FALSE


OPERATIONAL CHECKS:
* Regression data contains multiple copies of some taxa (user added variants of existing test taxa 
   or replacements due to bootstrap are present) which are not in the phylo tree:
     original taxon,   duplicate   
"1","Tribonyx_mortieri","Tribonyx_mortieri.1"
"2","Loxodonta_africana","Loxodonta_africana.1"
"3","Cephalophus_silvicultor","Cephalophus_silvicultor.1"
"4","Myrmecophaga_tridactyla","Myrmecophaga_tridactyla.1"
"5","Giraffa_camelopardalis","Giraffa_camelopardalis.1"
"6","Megaloceros_sp","Megaloceros_sp.1"
"7","Xenicus_giliventris","Xenicus_giliventris.1"
"8","Hemiechinus_azurites","Hemiechinus_azurites.1"
"9","Pogona_viceps","Pogona_viceps.1"
"10","Meles_meles","Meles_meles.1"
"11","Diplomesodon_pulchellum","Diplomesodon_pulchellum.1"
"12","Dromaius_","Dromaius_.1"
"13","Myrmecophaga_tridactyla","Myrmecophaga_tridactyla.2"
"14","Hemiechinus_azurites","Hemiechinus_azurites.2"
"15","Pogona_viceps","Pogona_viceps.2"
"16","Vulpes_vulpes","Vulpes_vulpes.1"
"17","Monodelphis_domestica","Monodelphis_domestica.1"
"18","Capreolus_capreolus","Capreolus_capreolus.1"
"19","Xenicus_giliventris","Xenicus_giliventris.2"
"20","Megaloceros_sp","Megaloceros_sp.2"
"21","Otaria_byronia","Otaria_byronia.1"
"22","Nothosaurus_giganteus","Nothosaurus_giganteus.1"
"23","Ichtyosaurus_","Ichtyosaurus_.1"
"24","Protochampsidae","Protochampsidae.1"
"25","Nothosaurus_giganteus","Nothosaurus_giganteus.2"
"26","Placodontia_indet_1","Placodontia_indet_1.1"
"27","Phocanella_pumila","Phocanella_pumila.1"
"28","Dyrosaurid","Dyrosaurid.1"
"29","Nothosaurus_150","Nothosaurus_150.1"
"30","Hippopotamus_amphibius","Hippopotamus_amphibius.1"
"31","Nothosaurus_102","Nothosaurus_102.1"
"32","Placodontia_indet_1","Placodontia_indet_1.2"
"33","Placodontia_indet_1","Placodontia_indet_1.3"
"34","Paraplacodus","Paraplacodus.1"
"35","Simosaurus_1","Simosaurus_1.1"
"36","Maiacetus","Maiacetus.1"
"37","Nothosaurus_giganteus","Nothosaurus_giganteus.3"
"38","Paraplacodus","Paraplacodus.2"
"39","Protochampsidae","Protochampsidae.2"
"40","Caiman_yacare","Caiman_yacare.1"
"41","Chapsosaurus_","Chapsosaurus_.1"
"42","Placodontia_indet_1","Placodontia_indet_1.4"
"43","Spinosaurus_","Spinosaurus_.1"
"44","Spinosaurus_","Spinosaurus_.2"
"45","Spinosaurus_","Spinosaurus_.3"
"46","Spinosaurus_","Spinosaurus_.4"
"47","Spinosaurus_","Spinosaurus_.5"
"48","Spinosaurus_","Spinosaurus_.6"
"49","Spinosaurus_","Spinosaurus_.7"
"50","Spinosaurus_","Spinosaurus_.8"
"51","Spinosaurus_","Spinosaurus_.9"
"52","Spinosaurus_","Spinosaurus_.10"
"53","Spinosaurus_","Spinosaurus_.11"
"54","Suchomimus","Suchomimus.1"
"55","Suchomimus","Suchomimus.2"
"56","Suchomimus","Suchomimus.3"
"57","Baryonyx","Baryonyx.1"
"58","Baryonyx","Baryonyx.2"
"59","Baryonyx","Baryonyx.3"
 
* Phylo tree and the main data and strata files have been modified to include duplicated taxa before the scaled random trees are generated.
* Selected categorical labels column: diving.or.not
* diving.or.equal column is identical to Diving column.
* Regression excludes flying taxa.
* Diving labels that are present in regression: 0,2
* lambda (calculated from a random tree) = : 0.17
* index-name alignment check: OK
