Logfile for a session of program: bootstrap_binary.r
-----------------------------------------------------
INPUT:
workDir: C:/dino_nature/output/2023-11-07-D1\bs/set_132
Nbootstrapsets: 2000
phyloFDAfile: c:/dino_nature/code/phylo.fda.R
auxFile: c:/dino_nature/code/auxiliary.r
boneType: femur
regressionData.file: C:/dino_nature/output/2023-11-07-D1\bs/set_132/femur_set_132.csv
applyDataFilter: FALSE
addTreeTips: TRUE
Ntrees: 100
calculateTrees: TRUE
saveTrees: FALSE


OPERATIONAL CHECKS:
* Regression data contains multiple copies of some taxa (user added variants of existing test taxa 
   or replacements due to bootstrap are present) which are not in the phylo tree:
     original taxon,   duplicate   
"1","Dicerorhinus_sumatrensis","Dicerorhinus_sumatrensis.1"
"2","Elephas_maximus","Elephas_maximus.1"
"3","Dicerorhinus_sumatrensis","Dicerorhinus_sumatrensis.2"
"4","Strigiops_habroptilus","Strigiops_habroptilus.1"
"5","Dasyurus_maculatus","Dasyurus_maculatus.1"
"6","Myrmecophaga_tridactyla","Myrmecophaga_tridactyla.1"
"7","Elephas_maximus","Elephas_maximus.2"
"8","Dicerorhinus_sumatrensis","Dicerorhinus_sumatrensis.3"
"9","Elephas_maximus","Elephas_maximus.3"
"10","Rynochetus_jubatus","Rynochetus_jubatus.1"
"11","Strigiops_habroptilus","Strigiops_habroptilus.2"
"12","Dasyurus_maculatus","Dasyurus_maculatus.2"
"13","Giraffa_camelopardalis","Giraffa_camelopardalis.1"
"14","Atlantisia_rogersi","Atlantisia_rogersi.1"
"15","Tenrec_ecaudatus","Tenrec_ecaudatus.1"
"16","Procyon_lotor","Procyon_lotor.1"
"17","Rynochetus_jubatus","Rynochetus_jubatus.2"
"18","Mus_musculus","Mus_musculus.1"
"19","Rhynchocyon_petersi","Rhynchocyon_petersi.1"
"20","Procyon_lotor","Procyon_lotor.2"
"21","Rynochetus_jubatus","Rynochetus_jubatus.3"
"22","Euroscaptor_micrura","Euroscaptor_micrura.1"
"23","Elomeryx_borbonicus_","Elomeryx_borbonicus_.1"
"24","Tribonyx_mortieri","Tribonyx_mortieri.1"
"25","Chapsosaurus_","Chapsosaurus_.1"
"26","Chapsosaurus_","Chapsosaurus_.2"
"27","Paraplacodus","Paraplacodus.1"
"28","Placodontia_indet_1","Placodontia_indet_1.1"
"29","Hesperornis","Hesperornis.1"
"30","Metryorhynchus","Metryorhynchus.1"
"31","Phalacrocorax_harrisi","Phalacrocorax_harrisi.1"
"32","Protochampsidae","Protochampsidae.1"
"33","Phalacrocorax_harrisi","Phalacrocorax_harrisi.2"
"34","Castor_fiber","Castor_fiber.1"
"35","Placondontia_indet","Placondontia_indet.1"
"36","Placodontia_indet_1","Placodontia_indet_1.2"
"37","Serpianosaurus","Serpianosaurus.1"
"38","Basilosaurus","Basilosaurus.1"
"39","Metryorhynchus","Metryorhynchus.2"
"40","Maiacetus","Maiacetus.1"
"41","Phocanella_pumila","Phocanella_pumila.1"
"42","Chapsosaurus_","Chapsosaurus_.3"
"43","Aptenodytes______","Aptenodytes______.1"
"44","Placondontia_indet","Placondontia_indet.2"
"45","Neusticosaurus","Neusticosaurus.1"
"46","Small_Eocene_penguin","Small_Eocene_penguin.1"
"47","Placondontia_indet","Placondontia_indet.3"
"48","Aptenodytes______","Aptenodytes______.2"
"49","Maiacetus","Maiacetus.2"
"50","Spinosaurus_","Spinosaurus_.1"
"51","Spinosaurus_","Spinosaurus_.2"
"52","Spinosaurus_","Spinosaurus_.3"
"53","Spinosaurus_","Spinosaurus_.4"
"54","Spinosaurus_","Spinosaurus_.5"
"55","Spinosaurus_","Spinosaurus_.6"
"56","Spinosaurus_","Spinosaurus_.7"
"57","Spinosaurus_","Spinosaurus_.8"
"58","Spinosaurus_","Spinosaurus_.9"
"59","Spinosaurus_","Spinosaurus_.10"
"60","Spinosaurus_","Spinosaurus_.11"
"61","Suchomimus","Suchomimus.1"
"62","Suchomimus","Suchomimus.2"
"63","Suchomimus","Suchomimus.3"
"64","Baryonyx","Baryonyx.1"
"65","Baryonyx","Baryonyx.2"
"66","Baryonyx","Baryonyx.3"
 
* Phylo tree and the main data and strata files have been modified to include duplicated taxa before the scaled random trees are generated.
* Selected categorical labels column: diving.or.not
* diving.or.equal column is identical to Diving column.
* Regression excludes flying taxa.
* Diving labels that are present in regression: 0,2
* lambda (calculated from a random tree) = : 0.14
* index-name alignment check: OK
