Logfile for a session of program: bootstrap_binary.r
-----------------------------------------------------
INPUT:
workDir: C:/dino_nature/output/2023-11-07-D1\bs/set_561
Nbootstrapsets: 2000
phyloFDAfile: c:/dino_nature/code/phylo.fda.R
auxFile: c:/dino_nature/code/auxiliary.r
boneType: femur
regressionData.file: C:/dino_nature/output/2023-11-07-D1\bs/set_561/femur_set_561.csv
applyDataFilter: FALSE
addTreeTips: TRUE
Ntrees: 100
calculateTrees: TRUE
saveTrees: FALSE


OPERATIONAL CHECKS:
* Regression data contains multiple copies of some taxa (user added variants of existing test taxa 
   or replacements due to bootstrap are present) which are not in the phylo tree:
     original taxon,   duplicate   
"1","Atlantisia_rogersi","Atlantisia_rogersi.1"
"2","Strigiops_habroptilus","Strigiops_habroptilus.1"
"3","Sus_scrofa","Sus_scrofa.1"
"4","Strigiops_habroptilus","Strigiops_habroptilus.2"
"5","Caloenas_nicobarica","Caloenas_nicobarica.1"
"6","Ceratotherium_simum","Ceratotherium_simum.1"
"7","Mus_musculus","Mus_musculus.1"
"8","Dama_dama","Dama_dama.1"
"9","Atlantisia_rogersi","Atlantisia_rogersi.2"
"10","Monodelphis_domestica","Monodelphis_domestica.1"
"11","Hemiechinus_azurites","Hemiechinus_azurites.1"
"12","Giraffa_camelopardalis","Giraffa_camelopardalis.1"
"13","Strigiops_habroptilus","Strigiops_habroptilus.3"
"14","Rhinoceros_sondaicus","Rhinoceros_sondaicus.1"
"15","Caloenas_nicobarica","Caloenas_nicobarica.2"
"16","Vulpes_vulpes","Vulpes_vulpes.1"
"17","Rhinoceros_sondaicus","Rhinoceros_sondaicus.2"
"18","Syncerus_caffer","Syncerus_caffer.1"
"19","Sus_scrofa","Sus_scrofa.2"
"20","Porphyrio_hochstetteri","Porphyrio_hochstetteri.1"
"21","Vulpes_vulpes","Vulpes_vulpes.2"
"22","Caloenas_nicobarica","Caloenas_nicobarica.3"
"23","Alligator","Alligator.1"
"24","Neusticosaurus","Neusticosaurus.1"
"25","Nothosaurus_giganteus","Nothosaurus_giganteus.1"
"26","Callophoca_obscura","Callophoca_obscura.1"
"27","Chapsosaurus_","Chapsosaurus_.1"
"28","Basilosaurus","Basilosaurus.1"
"29","Hydromys_chrysogaster","Hydromys_chrysogaster.1"
"30","Otaria_byronia","Otaria_byronia.1"
"31","Nothosaurus_mirabilis_1","Nothosaurus_mirabilis_1.1"
"32","Paraplacodus","Paraplacodus.1"
"33","Nothosaurus_mirabilis_1","Nothosaurus_mirabilis_1.2"
"34","Anarosaurus","Anarosaurus.1"
"35","Nothosaurus_150","Nothosaurus_150.1"
"36","Alligator","Alligator.2"
"37","Pistosaurus","Pistosaurus.1"
"38","Basilosaurus","Basilosaurus.2"
"39","Micropotamogale_euwenzorii","Micropotamogale_euwenzorii.1"
"40","Hexaprotodon_garyam","Hexaprotodon_garyam.1"
"41","Leptophoca_proxima","Leptophoca_proxima.1"
"42","Rodhocetus","Rodhocetus.1"
"43","Leptophoca_proxima","Leptophoca_proxima.2"
"44","Plesiosaurus","Plesiosaurus.1"
"45","Spinosaurus_","Spinosaurus_.1"
"46","Spinosaurus_","Spinosaurus_.2"
"47","Spinosaurus_","Spinosaurus_.3"
"48","Spinosaurus_","Spinosaurus_.4"
"49","Spinosaurus_","Spinosaurus_.5"
"50","Spinosaurus_","Spinosaurus_.6"
"51","Spinosaurus_","Spinosaurus_.7"
"52","Spinosaurus_","Spinosaurus_.8"
"53","Spinosaurus_","Spinosaurus_.9"
"54","Spinosaurus_","Spinosaurus_.10"
"55","Spinosaurus_","Spinosaurus_.11"
"56","Suchomimus","Suchomimus.1"
"57","Suchomimus","Suchomimus.2"
"58","Suchomimus","Suchomimus.3"
"59","Baryonyx","Baryonyx.1"
"60","Baryonyx","Baryonyx.2"
"61","Baryonyx","Baryonyx.3"
 
* Phylo tree and the main data and strata files have been modified to include duplicated taxa before the scaled random trees are generated.
* Selected categorical labels column: diving.or.not
* diving.or.equal column is identical to Diving column.
* Regression excludes flying taxa.
* Diving labels that are present in regression: 0,2
* lambda (calculated from a random tree) = : 0.09
* index-name alignment check: OK
