Logfile for a session of program: bootstrap_binary.r
-----------------------------------------------------
INPUT:
workDir: C:/dino_nature/output/2023-11-07-D1\bs/set_20
Nbootstrapsets: 2000
phyloFDAfile: c:/dino_nature/code/phylo.fda.R
auxFile: c:/dino_nature/code/auxiliary.r
boneType: femur
regressionData.file: C:/dino_nature/output/2023-11-07-D1\bs/set_20/femur_set_20.csv
applyDataFilter: FALSE
addTreeTips: TRUE
Ntrees: 100
calculateTrees: TRUE
saveTrees: FALSE


OPERATIONAL CHECKS:
* Regression data contains multiple copies of some taxa (user added variants of existing test taxa 
   or replacements due to bootstrap are present) which are not in the phylo tree:
     original taxon,   duplicate   
"1","Meles_meles","Meles_meles.1"
"2","Meles_meles","Meles_meles.2"
"3","Megaloceros_sp","Megaloceros_sp.1"
"4","Giraffa_camelopardalis","Giraffa_camelopardalis.1"
"5","Bos_taurus","Bos_taurus.1"
"6","Paguma_larvata","Paguma_larvata.1"
"7","Nyctereutes_procyonoides","Nyctereutes_procyonoides.1"
"8","Caloenas_nicobarica","Caloenas_nicobarica.1"
"9","Tenrec_ecaudatus","Tenrec_ecaudatus.1"
"10","Capreolus_capreolus","Capreolus_capreolus.1"
"11","Tenrec_ecaudatus","Tenrec_ecaudatus.2"
"12","Myrmecophaga_tridactyla","Myrmecophaga_tridactyla.1"
"13","Giraffa_camelopardalis","Giraffa_camelopardalis.2"
"14","Bison_bonasus","Bison_bonasus.1"
"15","Alces_americanus","Alces_americanus.1"
"16","Lacerta_viridis","Lacerta_viridis.1"
"17","Giraffa_camelopardalis","Giraffa_camelopardalis.3"
"18","Myrmecophaga_tridactyla","Myrmecophaga_tridactyla.2"
"19","Bison_bonasus","Bison_bonasus.2"
"20","Bos_taurus","Bos_taurus.2"
"21","Mus_musculus","Mus_musculus.1"
"22","Euroscaptor_micrura","Euroscaptor_micrura.1"
"23","Aptenodytes______","Aptenodytes______.1"
"24","Ornithorhynchus_anatinus","Ornithorhynchus_anatinus.1"
"25","Callophoca_obscura","Callophoca_obscura.1"
"26","Cricosaurus","Cricosaurus.1"
"27","Aptenodytes______","Aptenodytes______.2"
"28","Basilosaurus","Basilosaurus.1"
"29","Nothosaurus_102","Nothosaurus_102.1"
"30","Noemys_fodies","Noemys_fodies.1"
"31","Palaeospheniscus","Palaeospheniscus.1"
"32","Palaeospheniscus","Palaeospheniscus.2"
"33","Rodhocetus","Rodhocetus.1"
"34","Cricosaurus","Cricosaurus.2"
"35","Nanophoca_vitulinoides","Nanophoca_vitulinoides.1"
"36","Simosaurus","Simosaurus.1"
"37","Nothosaurus_mirabilis","Nothosaurus_mirabilis.1"
"38","Remingtonocetus","Remingtonocetus.1"
"39","Ornithorhynchus_anatinus","Ornithorhynchus_anatinus.2"
"40","Rhaeticosaurus","Rhaeticosaurus.1"
"41","Choeropsis_liberiensis","Choeropsis_liberiensis.1"
"42","Ornithorhynchus_anatinus","Ornithorhynchus_anatinus.3"
"43","large_eocene_stem_penguin","large_eocene_stem_penguin.1"
"44","Spinosaurus_","Spinosaurus_.1"
"45","Spinosaurus_","Spinosaurus_.2"
"46","Spinosaurus_","Spinosaurus_.3"
"47","Spinosaurus_","Spinosaurus_.4"
"48","Spinosaurus_","Spinosaurus_.5"
"49","Spinosaurus_","Spinosaurus_.6"
"50","Spinosaurus_","Spinosaurus_.7"
"51","Spinosaurus_","Spinosaurus_.8"
"52","Spinosaurus_","Spinosaurus_.9"
"53","Spinosaurus_","Spinosaurus_.10"
"54","Spinosaurus_","Spinosaurus_.11"
"55","Suchomimus","Suchomimus.1"
"56","Suchomimus","Suchomimus.2"
"57","Suchomimus","Suchomimus.3"
"58","Baryonyx","Baryonyx.1"
"59","Baryonyx","Baryonyx.2"
"60","Baryonyx","Baryonyx.3"
 
* Phylo tree and the main data and strata files have been modified to include duplicated taxa before the scaled random trees are generated.
* Selected categorical labels column: diving.or.not
* diving.or.equal column is identical to Diving column.
* Regression excludes flying taxa.
* Diving labels that are present in regression: 0,2
* lambda (calculated from a random tree) = : 0.11
* index-name alignment check: OK
