Logfile for a session of program: bootstrap_binary.r
-----------------------------------------------------
INPUT:
workDir: C:/dino_nature/output/2023-11-07-D1\bs/set_1728
Nbootstrapsets: 2000
phyloFDAfile: c:/dino_nature/code/phylo.fda.R
auxFile: c:/dino_nature/code/auxiliary.r
boneType: femur
regressionData.file: C:/dino_nature/output/2023-11-07-D1\bs/set_1728/femur_set_1728.csv
applyDataFilter: FALSE
addTreeTips: TRUE
Ntrees: 100
calculateTrees: TRUE
saveTrees: FALSE


OPERATIONAL CHECKS:
* Regression data contains multiple copies of some taxa (user added variants of existing test taxa 
   or replacements due to bootstrap are present) which are not in the phylo tree:
     original taxon,   duplicate   
"1","Vulpes_vulpes","Vulpes_vulpes.1"
"2","Xenicus_giliventris","Xenicus_giliventris.1"
"3","Hemiechinus_azurites","Hemiechinus_azurites.1"
"4","Rupicapra_rupicapra","Rupicapra_rupicapra.1"
"5","Monodelphis_domestica","Monodelphis_domestica.1"
"6","Bison_bonasus","Bison_bonasus.1"
"7","Hemiechinus_azurites","Hemiechinus_azurites.2"
"8","Tamandua_tetradactyla","Tamandua_tetradactyla.1"
"9","Bison_bonasus","Bison_bonasus.2"
"10","Elephas_maximus","Elephas_maximus.1"
"11","Hemiechinus_azurites","Hemiechinus_azurites.3"
"12","Microgale_thomasi","Microgale_thomasi.1"
"13","Syncerus_caffer","Syncerus_caffer.1"
"14","Nyctereutes_procyonoides","Nyctereutes_procyonoides.1"
"15","Strigiops_habroptilus","Strigiops_habroptilus.1"
"16","Loxodonta_africana","Loxodonta_africana.1"
"17","Felis_felis","Felis_felis.1"
"18","Syncerus_caffer","Syncerus_caffer.2"
"19","Caloenas_nicobarica","Caloenas_nicobarica.1"
"20","Sus_scrofa","Sus_scrofa.1"
"21","Microgale_thomasi","Microgale_thomasi.2"
"22","Ornithorhynchus_anatinus","Ornithorhynchus_anatinus.1"
"23","Protochampsidae","Protochampsidae.1"
"24","Psephoderma","Psephoderma.1"
"25","Basilosaurus","Basilosaurus.1"
"26","Protochampsidae","Protochampsidae.2"
"27","Alligator","Alligator.1"
"28","Caiman_yacare","Caiman_yacare.1"
"29","Cryptoclidus","Cryptoclidus.1"
"30","Protochampsidae","Protochampsidae.3"
"31","Indohyus","Indohyus.1"
"32","Tapirus_terrestris","Tapirus_terrestris.1"
"33","Callophoca_obscura","Callophoca_obscura.1"
"34","Tapirus_terrestris","Tapirus_terrestris.2"
"35","Caiman_yacare","Caiman_yacare.2"
"36","Desmana_moschata","Desmana_moschata.1"
"37","Callophoca_obscura","Callophoca_obscura.2"
"38","Simosaurus","Simosaurus.1"
"39","Serpianosaurus","Serpianosaurus.1"
"40","Indohyus","Indohyus.2"
"41","Nanophoca_vitulinoides","Nanophoca_vitulinoides.1"
"42","Ichtyosaur_sp","Ichtyosaur_sp.1"
"43","Hydromys_chrysogaster","Hydromys_chrysogaster.1"
"44","Otaria_byronia","Otaria_byronia.1"
"45","Plesiosaurus","Plesiosaurus.1"
"46","Spinosaurus_","Spinosaurus_.1"
"47","Spinosaurus_","Spinosaurus_.2"
"48","Spinosaurus_","Spinosaurus_.3"
"49","Spinosaurus_","Spinosaurus_.4"
"50","Spinosaurus_","Spinosaurus_.5"
"51","Spinosaurus_","Spinosaurus_.6"
"52","Spinosaurus_","Spinosaurus_.7"
"53","Spinosaurus_","Spinosaurus_.8"
"54","Spinosaurus_","Spinosaurus_.9"
"55","Spinosaurus_","Spinosaurus_.10"
"56","Spinosaurus_","Spinosaurus_.11"
"57","Suchomimus","Suchomimus.1"
"58","Suchomimus","Suchomimus.2"
"59","Suchomimus","Suchomimus.3"
"60","Baryonyx","Baryonyx.1"
"61","Baryonyx","Baryonyx.2"
"62","Baryonyx","Baryonyx.3"
 
* Phylo tree and the main data and strata files have been modified to include duplicated taxa before the scaled random trees are generated.
* Selected categorical labels column: diving.or.not
* diving.or.equal column is identical to Diving column.
* Regression excludes flying taxa.
* Diving labels that are present in regression: 0,2
* lambda (calculated from a random tree) = : 0.13
* index-name alignment check: OK
