Logfile for a session of program: bootstrap_binary.r
-----------------------------------------------------
INPUT:
workDir: C:/dino_nature/output/2023-11-07-D1\bs/set_868
Nbootstrapsets: 2000
phyloFDAfile: c:/dino_nature/code/phylo.fda.R
auxFile: c:/dino_nature/code/auxiliary.r
boneType: femur
regressionData.file: C:/dino_nature/output/2023-11-07-D1\bs/set_868/femur_set_868.csv
applyDataFilter: FALSE
addTreeTips: TRUE
Ntrees: 100
calculateTrees: TRUE
saveTrees: FALSE


OPERATIONAL CHECKS:
* Regression data contains multiple copies of some taxa (user added variants of existing test taxa 
   or replacements due to bootstrap are present) which are not in the phylo tree:
     original taxon,   duplicate   
"1","Strigiops_habroptilus","Strigiops_habroptilus.1"
"2","Xenicus_giliventris","Xenicus_giliventris.1"
"3","Brachyodus_onoideum","Brachyodus_onoideum.1"
"4","Mustela_nivalis","Mustela_nivalis.1"
"5","Porphyrio_hochstetteri","Porphyrio_hochstetteri.1"
"6","Apteryx_australis","Apteryx_australis.1"
"7","Dama_dama","Dama_dama.1"
"8","Sphenodon_punctatus","Sphenodon_punctatus.1"
"9","Sus_scrofa","Sus_scrofa.1"
"10","Xenicus_giliventris","Xenicus_giliventris.2"
"11","Caloenas_nicobarica","Caloenas_nicobarica.1"
"12","Sphenodon_punctatus","Sphenodon_punctatus.2"
"13","Apteryx_owenii_","Apteryx_owenii_.1"
"14","Bison_bonasus","Bison_bonasus.1"
"15","Brachyodus_onoideum","Brachyodus_onoideum.2"
"16","Myrmecophaga_tridactyla","Myrmecophaga_tridactyla.1"
"17","Bison_bonasus","Bison_bonasus.2"
"18","Mammuthus_sp","Mammuthus_sp.1"
"19","Apteryx_australis","Apteryx_australis.2"
"20","Anarosaurus","Anarosaurus.1"
"21","Phalacrocorax_harrisi","Phalacrocorax_harrisi.1"
"22","Placondontia_indet","Placondontia_indet.1"
"23","Aptenodytes______","Aptenodytes______.1"
"24","Choeropsis_liberiensis","Choeropsis_liberiensis.1"
"25","Paraplacodus","Paraplacodus.1"
"26","Alligator","Alligator.1"
"27","Chironectes_minimus","Chironectes_minimus.1"
"28","Indohyus","Indohyus.1"
"29","Pistosaurus","Pistosaurus.1"
"30","Alligator","Alligator.2"
"31","Aptenodytes______","Aptenodytes______.2"
"32","Paraplacodus","Paraplacodus.2"
"33","Ichtyosaurus_","Ichtyosaurus_.1"
"34","Chironectes_minimus","Chironectes_minimus.2"
"35","Basilosaurus","Basilosaurus.1"
"36","Paraplacodus","Paraplacodus.3"
"37","Maiacetus","Maiacetus.1"
"38","Nothosaurus_mirabilis","Nothosaurus_mirabilis.1"
"39","Callophoca_obscura","Callophoca_obscura.1"
"40","Maiacetus","Maiacetus.2"
"41","Small_Eocene_penguin","Small_Eocene_penguin.1"
"42","Spinosaurus_","Spinosaurus_.1"
"43","Spinosaurus_","Spinosaurus_.2"
"44","Spinosaurus_","Spinosaurus_.3"
"45","Spinosaurus_","Spinosaurus_.4"
"46","Spinosaurus_","Spinosaurus_.5"
"47","Spinosaurus_","Spinosaurus_.6"
"48","Spinosaurus_","Spinosaurus_.7"
"49","Spinosaurus_","Spinosaurus_.8"
"50","Spinosaurus_","Spinosaurus_.9"
"51","Spinosaurus_","Spinosaurus_.10"
"52","Spinosaurus_","Spinosaurus_.11"
"53","Suchomimus","Suchomimus.1"
"54","Suchomimus","Suchomimus.2"
"55","Suchomimus","Suchomimus.3"
"56","Baryonyx","Baryonyx.1"
"57","Baryonyx","Baryonyx.2"
"58","Baryonyx","Baryonyx.3"
 
* Phylo tree and the main data and strata files have been modified to include duplicated taxa before the scaled random trees are generated.
* Selected categorical labels column: diving.or.not
* diving.or.equal column is identical to Diving column.
* Regression excludes flying taxa.
* Diving labels that are present in regression: 0,2
* lambda (calculated from a random tree) = : 0.12
* index-name alignment check: OK
