Logfile for a session of program: bootstrap_binary.r
-----------------------------------------------------
INPUT:
workDir: C:/dino_nature/output/2023-11-07-D1\bs/set_544
Nbootstrapsets: 2000
phyloFDAfile: c:/dino_nature/code/phylo.fda.R
auxFile: c:/dino_nature/code/auxiliary.r
boneType: femur
regressionData.file: C:/dino_nature/output/2023-11-07-D1\bs/set_544/femur_set_544.csv
applyDataFilter: FALSE
addTreeTips: TRUE
Ntrees: 100
calculateTrees: TRUE
saveTrees: FALSE


OPERATIONAL CHECKS:
* Regression data contains multiple copies of some taxa (user added variants of existing test taxa 
   or replacements due to bootstrap are present) which are not in the phylo tree:
     original taxon,   duplicate   
"1","Giraffa_camelopardalis","Giraffa_camelopardalis.1"
"2","Giraffa_camelopardalis","Giraffa_camelopardalis.2"
"3","Mus_musculus","Mus_musculus.1"
"4","Porphyrio_hochstetteri","Porphyrio_hochstetteri.1"
"5","Syncerus_caffer","Syncerus_caffer.1"
"6","Raphus","Raphus.1"
"7","Okapia_johnstoni","Okapia_johnstoni.1"
"8","Vulpes_vulpes","Vulpes_vulpes.1"
"9","Ceratotherium_simum","Ceratotherium_simum.1"
"10","Microgale_thomasi","Microgale_thomasi.1"
"11","Rupicapra_rupicapra","Rupicapra_rupicapra.1"
"12","Raphus","Raphus.2"
"13","Porphyrio_hochstetteri","Porphyrio_hochstetteri.2"
"14","Hemiechinus_azurites","Hemiechinus_azurites.1"
"15","Dasyurus_maculatus","Dasyurus_maculatus.1"
"16","Felis_felis","Felis_felis.1"
"17","Uncia_uncia","Uncia_uncia.1"
"18","Vulpes_vulpes","Vulpes_vulpes.2"
"19","Chapsosaurus_","Chapsosaurus_.1"
"20","Palaeospheniscus","Palaeospheniscus.1"
"21","Plesiosaurus","Plesiosaurus.1"
"22","Alligator","Alligator.1"
"23","Hippopotamus_amphibius","Hippopotamus_amphibius.1"
"24","Phalacrocorax_harrisi","Phalacrocorax_harrisi.1"
"25","Castor_fiber","Castor_fiber.1"
"26","Ichtyosaurus_","Ichtyosaurus_.1"
"27","Basilosaurus","Basilosaurus.1"
"28","Psephoderma","Psephoderma.1"
"29","Chapsosaurus_","Chapsosaurus_.2"
"30","Basilosaurus","Basilosaurus.2"
"31","Plesiosaurus","Plesiosaurus.2"
"32","Ichtyosaurus_","Ichtyosaurus_.2"
"33","Cryptoclidus","Cryptoclidus.1"
"34","Choeropsis_liberiensis","Choeropsis_liberiensis.1"
"35","Chapsosaurus_","Chapsosaurus_.3"
"36","Ichtyosaurus_","Ichtyosaurus_.3"
"37","Plesiosaurus","Plesiosaurus.3"
"38","Spinosaurus_","Spinosaurus_.1"
"39","Spinosaurus_","Spinosaurus_.2"
"40","Spinosaurus_","Spinosaurus_.3"
"41","Spinosaurus_","Spinosaurus_.4"
"42","Spinosaurus_","Spinosaurus_.5"
"43","Spinosaurus_","Spinosaurus_.6"
"44","Spinosaurus_","Spinosaurus_.7"
"45","Spinosaurus_","Spinosaurus_.8"
"46","Spinosaurus_","Spinosaurus_.9"
"47","Spinosaurus_","Spinosaurus_.10"
"48","Spinosaurus_","Spinosaurus_.11"
"49","Suchomimus","Suchomimus.1"
"50","Suchomimus","Suchomimus.2"
"51","Suchomimus","Suchomimus.3"
"52","Baryonyx","Baryonyx.1"
"53","Baryonyx","Baryonyx.2"
"54","Baryonyx","Baryonyx.3"
 
* Phylo tree and the main data and strata files have been modified to include duplicated taxa before the scaled random trees are generated.
* Selected categorical labels column: diving.or.not
* diving.or.equal column is identical to Diving column.
* Regression excludes flying taxa.
* Diving labels that are present in regression: 0,2
* lambda (calculated from a random tree) = : 0.12
* index-name alignment check: OK
