Logfile for a session of program: bootstrap_binary.r
-----------------------------------------------------
INPUT:
workDir: C:/dino_nature/output/2023-11-07-D1\bs/set_1167
Nbootstrapsets: 2000
phyloFDAfile: c:/dino_nature/code/phylo.fda.R
auxFile: c:/dino_nature/code/auxiliary.r
boneType: femur
regressionData.file: C:/dino_nature/output/2023-11-07-D1\bs/set_1167/femur_set_1167.csv
applyDataFilter: FALSE
addTreeTips: TRUE
Ntrees: 100
calculateTrees: TRUE
saveTrees: FALSE


OPERATIONAL CHECKS:
* Regression data contains multiple copies of some taxa (user added variants of existing test taxa 
   or replacements due to bootstrap are present) which are not in the phylo tree:
     original taxon,   duplicate   
"1","Taxidea_taxus","Taxidea_taxus.1"
"2","Taxidea_taxus","Taxidea_taxus.2"
"3","Taxidea_taxus","Taxidea_taxus.3"
"4","Bos_taurus","Bos_taurus.1"
"5","Atlantisia_rogersi","Atlantisia_rogersi.1"
"6","Bos_taurus","Bos_taurus.2"
"7","Lama_guanicoe","Lama_guanicoe.1"
"8","Dicerorhinus_sumatrensis","Dicerorhinus_sumatrensis.1"
"9","Taxidea_taxus","Taxidea_taxus.4"
"10","Bison_bonasus","Bison_bonasus.1"
"11","Bison_bonasus","Bison_bonasus.2"
"12","Rhynchocyon_petersi","Rhynchocyon_petersi.1"
"13","Tamandua_tetradactyla","Tamandua_tetradactyla.1"
"14","Atlantisia_rogersi","Atlantisia_rogersi.2"
"15","Meles_meles","Meles_meles.1"
"16","Raphus","Raphus.1"
"17","Mustela_nivalis","Mustela_nivalis.1"
"18","Dama_dama","Dama_dama.1"
"19","Megaloceros_sp","Megaloceros_sp.1"
"20","Cephalophus_silvicultor","Cephalophus_silvicultor.1"
"21","Dicerorhinus_sumatrensis","Dicerorhinus_sumatrensis.2"
"22","Dama_dama","Dama_dama.2"
"23","Okapia_johnstoni","Okapia_johnstoni.1"
"24","Champsosaurus","Champsosaurus.1"
"25","Micropotamogale_euwenzorii","Micropotamogale_euwenzorii.1"
"26","Placodontia_indet_1","Placodontia_indet_1.1"
"27","Maiacetus","Maiacetus.1"
"28","Placodontia_indet_1","Placodontia_indet_1.2"
"29","Small_Eocene_penguin","Small_Eocene_penguin.1"
"30","Ichtyosaurus_","Ichtyosaurus_.1"
"31","Phalacrocorax_harrisi","Phalacrocorax_harrisi.1"
"32","Micropotamogale_euwenzorii","Micropotamogale_euwenzorii.2"
"33","Ichtyosaur_sp","Ichtyosaur_sp.1"
"34","Desmostylus_hesperus","Desmostylus_hesperus.1"
"35","Ichtyosaurus_","Ichtyosaurus_.2"
"36","Small_Eocene_penguin","Small_Eocene_penguin.2"
"37","Tapirus_terrestris","Tapirus_terrestris.1"
"38","Pistosaurus","Pistosaurus.1"
"39","Hydromys_chrysogaster","Hydromys_chrysogaster.1"
"40","Rodhocetus","Rodhocetus.1"
"41","Simosaurus","Simosaurus.1"
"42","Rodhocetus","Rodhocetus.2"
"43","Maiacetus","Maiacetus.2"
"44","Leptophoca_proxima","Leptophoca_proxima.1"
"45","large_eocene_stem_penguin","large_eocene_stem_penguin.1"
"46","Metryorhynchus","Metryorhynchus.1"
"47","Spinosaurus_","Spinosaurus_.1"
"48","Spinosaurus_","Spinosaurus_.2"
"49","Spinosaurus_","Spinosaurus_.3"
"50","Spinosaurus_","Spinosaurus_.4"
"51","Spinosaurus_","Spinosaurus_.5"
"52","Spinosaurus_","Spinosaurus_.6"
"53","Spinosaurus_","Spinosaurus_.7"
"54","Spinosaurus_","Spinosaurus_.8"
"55","Spinosaurus_","Spinosaurus_.9"
"56","Spinosaurus_","Spinosaurus_.10"
"57","Spinosaurus_","Spinosaurus_.11"
"58","Suchomimus","Suchomimus.1"
"59","Suchomimus","Suchomimus.2"
"60","Suchomimus","Suchomimus.3"
"61","Baryonyx","Baryonyx.1"
"62","Baryonyx","Baryonyx.2"
"63","Baryonyx","Baryonyx.3"
 
* Phylo tree and the main data and strata files have been modified to include duplicated taxa before the scaled random trees are generated.
* Selected categorical labels column: diving.or.not
* diving.or.equal column is identical to Diving column.
* Regression excludes flying taxa.
* Diving labels that are present in regression: 0,2
* lambda (calculated from a random tree) = : 0.1
* index-name alignment check: OK
