Logfile for a session of program: bootstrap_binary.r
-----------------------------------------------------
INPUT:
workDir: C:/dino_nature/output/2023-11-07-D1\bs/set_518
Nbootstrapsets: 2000
phyloFDAfile: c:/dino_nature/code/phylo.fda.R
auxFile: c:/dino_nature/code/auxiliary.r
boneType: femur
regressionData.file: C:/dino_nature/output/2023-11-07-D1\bs/set_518/femur_set_518.csv
applyDataFilter: FALSE
addTreeTips: TRUE
Ntrees: 100
calculateTrees: TRUE
saveTrees: FALSE


OPERATIONAL CHECKS:
* Regression data contains multiple copies of some taxa (user added variants of existing test taxa 
   or replacements due to bootstrap are present) which are not in the phylo tree:
     original taxon,   duplicate   
"1","Meles_meles","Meles_meles.1"
"2","Bos_taurus","Bos_taurus.1"
"3","Apteryx_owenii_","Apteryx_owenii_.1"
"4","Apteryx_owenii_","Apteryx_owenii_.2"
"5","Rangifer_tarandus","Rangifer_tarandus.1"
"6","Lacerta_viridis","Lacerta_viridis.1"
"7","Bos_taurus","Bos_taurus.2"
"8","Caloenas_nicobarica","Caloenas_nicobarica.1"
"9","Tenrec_ecaudatus","Tenrec_ecaudatus.1"
"10","Dromaius_","Dromaius_.1"
"11","Meles_meles","Meles_meles.2"
"12","Alces_americanus","Alces_americanus.1"
"13","Giraffa_camelopardalis","Giraffa_camelopardalis.1"
"14","Raphus","Raphus.1"
"15","Pogona_viceps","Pogona_viceps.1"
"16","Tenrec_ecaudatus","Tenrec_ecaudatus.2"
"17","Dama_dama","Dama_dama.1"
"18","Phalacrocorax_harrisi","Phalacrocorax_harrisi.1"
"19","Chapsosaurus_","Chapsosaurus_.1"
"20","Pistosaurus","Pistosaurus.1"
"21","Castor_fiber","Castor_fiber.1"
"22","Desmana_moschata","Desmana_moschata.1"
"23","Tapirus_terrestris","Tapirus_terrestris.1"
"24","Nothosaurus_giganteus","Nothosaurus_giganteus.1"
"25","Chironectes_minimus","Chironectes_minimus.1"
"26","Psephoderma","Psephoderma.1"
"27","Caiman_yacare","Caiman_yacare.1"
"28","Chironectes_minimus","Chironectes_minimus.2"
"29","Nothosaurus_mirabilis","Nothosaurus_mirabilis.1"
"30","Nothosaurus_568","Nothosaurus_568.1"
"31","Castor_fiber","Castor_fiber.2"
"32","Phalacrocorax_harrisi","Phalacrocorax_harrisi.2"
"33","Paraplacodus","Paraplacodus.1"
"34","Ichtyosaurus_","Ichtyosaurus_.1"
"35","large_eocene_stem_penguin","large_eocene_stem_penguin.1"
"36","Chapsosaurus_","Chapsosaurus_.2"
"37","Hippopotamus_amphibius","Hippopotamus_amphibius.1"
"38","Plesiosaurus","Plesiosaurus.1"
"39","Plesiosaurus","Plesiosaurus.2"
"40","Spinosaurus_","Spinosaurus_.1"
"41","Spinosaurus_","Spinosaurus_.2"
"42","Spinosaurus_","Spinosaurus_.3"
"43","Spinosaurus_","Spinosaurus_.4"
"44","Spinosaurus_","Spinosaurus_.5"
"45","Spinosaurus_","Spinosaurus_.6"
"46","Spinosaurus_","Spinosaurus_.7"
"47","Spinosaurus_","Spinosaurus_.8"
"48","Spinosaurus_","Spinosaurus_.9"
"49","Spinosaurus_","Spinosaurus_.10"
"50","Spinosaurus_","Spinosaurus_.11"
"51","Suchomimus","Suchomimus.1"
"52","Suchomimus","Suchomimus.2"
"53","Suchomimus","Suchomimus.3"
"54","Baryonyx","Baryonyx.1"
"55","Baryonyx","Baryonyx.2"
"56","Baryonyx","Baryonyx.3"
 
* Phylo tree and the main data and strata files have been modified to include duplicated taxa before the scaled random trees are generated.
* Selected categorical labels column: diving.or.not
* diving.or.equal column is identical to Diving column.
* Regression excludes flying taxa.
* Diving labels that are present in regression: 0,2
* lambda (calculated from a random tree) = : 0.08
* index-name alignment check: OK
