Logfile for a session of program: bootstrap_binary.r
-----------------------------------------------------
INPUT:
workDir: C:/dino_nature/output/2023-11-07-D1\bs/set_1976
Nbootstrapsets: 2000
phyloFDAfile: c:/dino_nature/code/phylo.fda.R
auxFile: c:/dino_nature/code/auxiliary.r
boneType: femur
regressionData.file: C:/dino_nature/output/2023-11-07-D1\bs/set_1976/femur_set_1976.csv
applyDataFilter: FALSE
addTreeTips: TRUE
Ntrees: 100
calculateTrees: TRUE
saveTrees: FALSE


OPERATIONAL CHECKS:
* Regression data contains multiple copies of some taxa (user added variants of existing test taxa 
   or replacements due to bootstrap are present) which are not in the phylo tree:
     original taxon,   duplicate   
"1","Dama_dama","Dama_dama.1"
"2","Paguma_larvata","Paguma_larvata.1"
"3","Diplomesodon_pulchellum","Diplomesodon_pulchellum.1"
"4","Elomeryx_borbonicus_","Elomeryx_borbonicus_.1"
"5","Caloenas_nicobarica","Caloenas_nicobarica.1"
"6","Mammuthus_sp","Mammuthus_sp.1"
"7","Mammuthus_sp","Mammuthus_sp.2"
"8","Diplomesodon_pulchellum","Diplomesodon_pulchellum.2"
"9","Diplomesodon_pulchellum","Diplomesodon_pulchellum.3"
"10","Cephalophus_silvicultor","Cephalophus_silvicultor.1"
"11","Elomeryx_borbonicus_","Elomeryx_borbonicus_.2"
"12","Xenicus_giliventris","Xenicus_giliventris.1"
"13","Felis_felis","Felis_felis.1"
"14","Mus_musculus","Mus_musculus.1"
"15","Mammuthus_sp","Mammuthus_sp.3"
"16","Mus_musculus","Mus_musculus.2"
"17","Dromaius_","Dromaius_.1"
"18","Elephas_maximus","Elephas_maximus.1"
"19","Rynochetus_jubatus","Rynochetus_jubatus.1"
"20","Tenrec_ecaudatus","Tenrec_ecaudatus.1"
"21","Procavia_capensis","Procavia_capensis.1"
"22","Euroscaptor_micrura","Euroscaptor_micrura.1"
"23","Loxodonta_africana","Loxodonta_africana.1"
"24","Elomeryx_borbonicus_","Elomeryx_borbonicus_.3"
"25","Dromaius_","Dromaius_.2"
"26","Remingtonocetus","Remingtonocetus.1"
"27","Chapsosaurus_","Chapsosaurus_.1"
"28","Callophoca_obscura","Callophoca_obscura.1"
"29","Remingtonocetus","Remingtonocetus.2"
"30","Placondontia_indet","Placondontia_indet.1"
"31","Plesiosaurus","Plesiosaurus.1"
"32","Aptenodytes______","Aptenodytes______.1"
"33","Hesperornis","Hesperornis.1"
"34","Ichtyosaurus_","Ichtyosaurus_.1"
"35","Chapsosaurus_","Chapsosaurus_.2"
"36","Nothosaurus_giganteus","Nothosaurus_giganteus.1"
"37","Basilosaurus","Basilosaurus.1"
"38","Nothosaurus_150","Nothosaurus_150.1"
"39","Noemys_fodies","Noemys_fodies.1"
"40","Placondontia_indet","Placondontia_indet.2"
"41","Placondontia_indet","Placondontia_indet.3"
"42","Simosaurus_1","Simosaurus_1.1"
"43","Cryptoclidus","Cryptoclidus.1"
"44","Basilosaurus","Basilosaurus.2"
"45","Spinosaurus_","Spinosaurus_.1"
"46","Spinosaurus_","Spinosaurus_.2"
"47","Spinosaurus_","Spinosaurus_.3"
"48","Spinosaurus_","Spinosaurus_.4"
"49","Spinosaurus_","Spinosaurus_.5"
"50","Spinosaurus_","Spinosaurus_.6"
"51","Spinosaurus_","Spinosaurus_.7"
"52","Spinosaurus_","Spinosaurus_.8"
"53","Spinosaurus_","Spinosaurus_.9"
"54","Spinosaurus_","Spinosaurus_.10"
"55","Spinosaurus_","Spinosaurus_.11"
"56","Suchomimus","Suchomimus.1"
"57","Suchomimus","Suchomimus.2"
"58","Suchomimus","Suchomimus.3"
"59","Baryonyx","Baryonyx.1"
"60","Baryonyx","Baryonyx.2"
"61","Baryonyx","Baryonyx.3"
 
* Phylo tree and the main data and strata files have been modified to include duplicated taxa before the scaled random trees are generated.
* Selected categorical labels column: diving.or.not
* diving.or.equal column is identical to Diving column.
* Regression excludes flying taxa.
* Diving labels that are present in regression: 0,2
* lambda (calculated from a random tree) = : 0.12
* index-name alignment check: OK
