Logfile for a session of program: bootstrap_binary.r
-----------------------------------------------------
INPUT:
workDir: C:/dino_nature/output/2023-11-07-D1\bs/set_768
Nbootstrapsets: 2000
phyloFDAfile: c:/dino_nature/code/phylo.fda.R
auxFile: c:/dino_nature/code/auxiliary.r
boneType: femur
regressionData.file: C:/dino_nature/output/2023-11-07-D1\bs/set_768/femur_set_768.csv
applyDataFilter: FALSE
addTreeTips: TRUE
Ntrees: 100
calculateTrees: TRUE
saveTrees: FALSE


OPERATIONAL CHECKS:
* Regression data contains multiple copies of some taxa (user added variants of existing test taxa 
   or replacements due to bootstrap are present) which are not in the phylo tree:
     original taxon,   duplicate   
"1","Rhinoceros_sondaicus","Rhinoceros_sondaicus.1"
"2","Tenrec_ecaudatus","Tenrec_ecaudatus.1"
"3","Capreolus_capreolus","Capreolus_capreolus.1"
"4","Dama_dama","Dama_dama.1"
"5","Bison_bonasus","Bison_bonasus.1"
"6","Elomeryx_borbonicus_","Elomeryx_borbonicus_.1"
"7","Microgale_thomasi","Microgale_thomasi.1"
"8","Mus_musculus","Mus_musculus.1"
"9","Mammuthus_sp","Mammuthus_sp.1"
"10","Taxidea_taxus","Taxidea_taxus.1"
"11","Capreolus_capreolus","Capreolus_capreolus.2"
"12","Taxidea_taxus","Taxidea_taxus.2"
"13","Rattus_rattus","Rattus_rattus.1"
"14","Euroscaptor_micrura","Euroscaptor_micrura.1"
"15","Mus_musculus","Mus_musculus.2"
"16","Ceratotherium_simum","Ceratotherium_simum.1"
"17","Rhinoceros_sondaicus","Rhinoceros_sondaicus.2"
"18","Rupicapra_rupicapra","Rupicapra_rupicapra.1"
"19","Mammuthus_sp","Mammuthus_sp.2"
"20","Xenicus_giliventris","Xenicus_giliventris.1"
"21","Raphus","Raphus.1"
"22","Meles_meles","Meles_meles.1"
"23","Raphus","Raphus.2"
"24","Elomeryx_borbonicus_","Elomeryx_borbonicus_.2"
"25","Elomeryx_borbonicus_","Elomeryx_borbonicus_.3"
"26","Dama_dama","Dama_dama.2"
"27","Euroscaptor_micrura","Euroscaptor_micrura.2"
"28","Indohyus","Indohyus.1"
"29","Protochampsidae","Protochampsidae.1"
"30","Neusticosaurus","Neusticosaurus.1"
"31","Neusticosaurus","Neusticosaurus.2"
"32","Lutra_vulgaris","Lutra_vulgaris.1"
"33","Lutra_vulgaris","Lutra_vulgaris.2"
"34","Hippopotamus_amphibius","Hippopotamus_amphibius.1"
"35","Indohyus","Indohyus.2"
"36","Micropotamogale_euwenzorii","Micropotamogale_euwenzorii.1"
"37","Palaeospheniscus","Palaeospheniscus.1"
"38","Placondontia_indet","Placondontia_indet.1"
"39","Protochampsidae","Protochampsidae.2"
"40","Palaeospheniscus","Palaeospheniscus.2"
"41","Nothosaurus_150","Nothosaurus_150.1"
"42","Castor_fiber","Castor_fiber.1"
"43","Hippopotamus_amphibius","Hippopotamus_amphibius.2"
"44","Aptenodytes______","Aptenodytes______.1"
"45","Callophoca_obscura","Callophoca_obscura.1"
"46","Phalacrocorax_harrisi","Phalacrocorax_harrisi.1"
"47","Hippopotamus_amphibius","Hippopotamus_amphibius.3"
"48","Simosaurus","Simosaurus.1"
"49","Hippopotamus_amphibius","Hippopotamus_amphibius.4"
"50","Spinosaurus_","Spinosaurus_.1"
"51","Spinosaurus_","Spinosaurus_.2"
"52","Spinosaurus_","Spinosaurus_.3"
"53","Spinosaurus_","Spinosaurus_.4"
"54","Spinosaurus_","Spinosaurus_.5"
"55","Spinosaurus_","Spinosaurus_.6"
"56","Spinosaurus_","Spinosaurus_.7"
"57","Spinosaurus_","Spinosaurus_.8"
"58","Spinosaurus_","Spinosaurus_.9"
"59","Spinosaurus_","Spinosaurus_.10"
"60","Spinosaurus_","Spinosaurus_.11"
"61","Suchomimus","Suchomimus.1"
"62","Suchomimus","Suchomimus.2"
"63","Suchomimus","Suchomimus.3"
"64","Baryonyx","Baryonyx.1"
"65","Baryonyx","Baryonyx.2"
"66","Baryonyx","Baryonyx.3"
 
* Phylo tree and the main data and strata files have been modified to include duplicated taxa before the scaled random trees are generated.
* Selected categorical labels column: diving.or.not
* diving.or.equal column is identical to Diving column.
* Regression excludes flying taxa.
* Diving labels that are present in regression: 0,2
* lambda (calculated from a random tree) = : 0.07
* index-name alignment check: OK
