Logfile for a session of program: bootstrap_binary.r
-----------------------------------------------------
INPUT:
workDir: C:/dino_nature/output/2023-11-07-D1\bs/set_696
Nbootstrapsets: 2000
phyloFDAfile: c:/dino_nature/code/phylo.fda.R
auxFile: c:/dino_nature/code/auxiliary.r
boneType: femur
regressionData.file: C:/dino_nature/output/2023-11-07-D1\bs/set_696/femur_set_696.csv
applyDataFilter: FALSE
addTreeTips: TRUE
Ntrees: 100
calculateTrees: TRUE
saveTrees: FALSE


OPERATIONAL CHECKS:
* Regression data contains multiple copies of some taxa (user added variants of existing test taxa 
   or replacements due to bootstrap are present) which are not in the phylo tree:
     original taxon,   duplicate   
"1","Paguma_larvata","Paguma_larvata.1"
"2","Xenicus_giliventris","Xenicus_giliventris.1"
"3","Megaloceros_sp","Megaloceros_sp.1"
"4","Okapia_johnstoni","Okapia_johnstoni.1"
"5","Xenicus_giliventris","Xenicus_giliventris.2"
"6","Myrmecophaga_tridactyla","Myrmecophaga_tridactyla.1"
"7","Uncia_uncia","Uncia_uncia.1"
"8","Rangifer_tarandus","Rangifer_tarandus.1"
"9","Uncia_uncia","Uncia_uncia.2"
"10","Tenrec_ecaudatus","Tenrec_ecaudatus.1"
"11","Monodelphis_domestica","Monodelphis_domestica.1"
"12","Taxidea_taxus","Taxidea_taxus.1"
"13","Tenrec_ecaudatus","Tenrec_ecaudatus.2"
"14","Rynochetus_jubatus","Rynochetus_jubatus.1"
"15","Sus_scrofa","Sus_scrofa.1"
"16","Procavia_capensis","Procavia_capensis.1"
"17","Tenrec_ecaudatus","Tenrec_ecaudatus.3"
"18","Procavia_capensis","Procavia_capensis.2"
"19","Cryptoclidus","Cryptoclidus.1"
"20","Rhaeticosaurus","Rhaeticosaurus.1"
"21","Otaria_byronia","Otaria_byronia.1"
"22","Spheniscus","Spheniscus.1"
"23","Metryorhynchus","Metryorhynchus.1"
"24","Simosaurus","Simosaurus.1"
"25","Neusticosaurus","Neusticosaurus.1"
"26","Caiman_yacare","Caiman_yacare.1"
"27","Chironectes_minimus","Chironectes_minimus.1"
"28","Simosaurus","Simosaurus.2"
"29","Aptenodytes______","Aptenodytes______.1"
"30","Callophoca_obscura","Callophoca_obscura.1"
"31","Pistosaurus","Pistosaurus.1"
"32","Tapirus_terrestris","Tapirus_terrestris.1"
"33","Callophoca_obscura","Callophoca_obscura.2"
"34","Simosaurus","Simosaurus.3"
"35","Caiman_yacare","Caiman_yacare.2"
"36","Otaria_byronia","Otaria_byronia.2"
"37","Psephoderma","Psephoderma.1"
"38","Placondontia_indet","Placondontia_indet.1"
"39","Cryptoclidus","Cryptoclidus.2"
"40","Metryorhynchus","Metryorhynchus.2"
"41","Spinosaurus_","Spinosaurus_.1"
"42","Spinosaurus_","Spinosaurus_.2"
"43","Spinosaurus_","Spinosaurus_.3"
"44","Spinosaurus_","Spinosaurus_.4"
"45","Spinosaurus_","Spinosaurus_.5"
"46","Spinosaurus_","Spinosaurus_.6"
"47","Spinosaurus_","Spinosaurus_.7"
"48","Spinosaurus_","Spinosaurus_.8"
"49","Spinosaurus_","Spinosaurus_.9"
"50","Spinosaurus_","Spinosaurus_.10"
"51","Spinosaurus_","Spinosaurus_.11"
"52","Suchomimus","Suchomimus.1"
"53","Suchomimus","Suchomimus.2"
"54","Suchomimus","Suchomimus.3"
"55","Baryonyx","Baryonyx.1"
"56","Baryonyx","Baryonyx.2"
"57","Baryonyx","Baryonyx.3"
 
* Phylo tree and the main data and strata files have been modified to include duplicated taxa before the scaled random trees are generated.
* Selected categorical labels column: diving.or.not
* diving.or.equal column is identical to Diving column.
* Regression excludes flying taxa.
* Diving labels that are present in regression: 0,2
* lambda (calculated from a random tree) = : 0.12
* index-name alignment check: OK
