Logfile for a session of program: bootstrap_binary.r
-----------------------------------------------------
INPUT:
workDir: C:/dino_nature/output/2023-11-07-D1\bs/set_395
Nbootstrapsets: 2000
phyloFDAfile: c:/dino_nature/code/phylo.fda.R
auxFile: c:/dino_nature/code/auxiliary.r
boneType: femur
regressionData.file: C:/dino_nature/output/2023-11-07-D1\bs/set_395/femur_set_395.csv
applyDataFilter: FALSE
addTreeTips: TRUE
Ntrees: 100
calculateTrees: TRUE
saveTrees: FALSE


OPERATIONAL CHECKS:
* Regression data contains multiple copies of some taxa (user added variants of existing test taxa 
   or replacements due to bootstrap are present) which are not in the phylo tree:
     original taxon,   duplicate   
"1","Microgale_thomasi","Microgale_thomasi.1"
"2","Microgale_thomasi","Microgale_thomasi.2"
"3","Dama_dama","Dama_dama.1"
"4","Rynochetus_jubatus","Rynochetus_jubatus.1"
"5","Brachyodus_onoideum","Brachyodus_onoideum.1"
"6","Brachyodus_onoideum","Brachyodus_onoideum.2"
"7","Euroscaptor_micrura","Euroscaptor_micrura.1"
"8","Felis_felis","Felis_felis.1"
"9","Felis_felis","Felis_felis.2"
"10","Rhynchocyon_petersi","Rhynchocyon_petersi.1"
"11","Hemiechinus_azurites","Hemiechinus_azurites.1"
"12","Apteryx_australis","Apteryx_australis.1"
"13","Procyon_lotor","Procyon_lotor.1"
"14","Diplomesodon_pulchellum","Diplomesodon_pulchellum.1"
"15","Xenicus_giliventris","Xenicus_giliventris.1"
"16","Xenicus_giliventris","Xenicus_giliventris.2"
"17","Elomeryx_borbonicus_","Elomeryx_borbonicus_.1"
"18","Capreolus_capreolus","Capreolus_capreolus.1"
"19","Tribonyx_mortieri","Tribonyx_mortieri.1"
"20","Hemiechinus_azurites","Hemiechinus_azurites.2"
"21","Brachyodus_onoideum","Brachyodus_onoideum.3"
"22","Procyon_lotor","Procyon_lotor.2"
"23","Hemiechinus_azurites","Hemiechinus_azurites.3"
"24","Euroscaptor_micrura","Euroscaptor_micrura.2"
"25","Cephalophus_silvicultor","Cephalophus_silvicultor.1"
"26","Remingtonocetus","Remingtonocetus.1"
"27","Placodontia_indet_1","Placodontia_indet_1.1"
"28","Aptenodytes______","Aptenodytes______.1"
"29","Remingtonocetus","Remingtonocetus.2"
"30","Leptophoca_proxima","Leptophoca_proxima.1"
"31","Placodontia_indet_1","Placodontia_indet_1.2"
"32","Basilosaurus","Basilosaurus.1"
"33","Placodontia_indet_1","Placodontia_indet_1.3"
"34","Leptophoca_proxima","Leptophoca_proxima.2"
"35","large_eocene_stem_penguin","large_eocene_stem_penguin.1"
"36","Micropotamogale_euwenzorii","Micropotamogale_euwenzorii.1"
"37","Rodhocetus","Rodhocetus.1"
"38","large_eocene_stem_penguin","large_eocene_stem_penguin.2"
"39","Nothosaurus_102","Nothosaurus_102.1"
"40","Spheniscus","Spheniscus.1"
"41","Placodontia_indet_1","Placodontia_indet_1.4"
"42","large_eocene_stem_penguin","large_eocene_stem_penguin.3"
"43","Nothosaurus_giganteus","Nothosaurus_giganteus.1"
"44","Placodontia_indet_1","Placodontia_indet_1.5"
"45","Choeropsis_liberiensis","Choeropsis_liberiensis.1"
"46","Spinosaurus_","Spinosaurus_.1"
"47","Spinosaurus_","Spinosaurus_.2"
"48","Spinosaurus_","Spinosaurus_.3"
"49","Spinosaurus_","Spinosaurus_.4"
"50","Spinosaurus_","Spinosaurus_.5"
"51","Spinosaurus_","Spinosaurus_.6"
"52","Spinosaurus_","Spinosaurus_.7"
"53","Spinosaurus_","Spinosaurus_.8"
"54","Spinosaurus_","Spinosaurus_.9"
"55","Spinosaurus_","Spinosaurus_.10"
"56","Spinosaurus_","Spinosaurus_.11"
"57","Suchomimus","Suchomimus.1"
"58","Suchomimus","Suchomimus.2"
"59","Suchomimus","Suchomimus.3"
"60","Baryonyx","Baryonyx.1"
"61","Baryonyx","Baryonyx.2"
"62","Baryonyx","Baryonyx.3"
 
* Phylo tree and the main data and strata files have been modified to include duplicated taxa before the scaled random trees are generated.
* Selected categorical labels column: diving.or.not
* diving.or.equal column is identical to Diving column.
* Regression excludes flying taxa.
* Diving labels that are present in regression: 0,2
* lambda (calculated from a random tree) = : 0.08
* index-name alignment check: OK
