Logfile for a session of program: bootstrap_binary.r
-----------------------------------------------------
INPUT:
workDir: C:/dino_nature/output/2023-11-07-D1\bs/set_28
Nbootstrapsets: 2000
phyloFDAfile: c:/dino_nature/code/phylo.fda.R
auxFile: c:/dino_nature/code/auxiliary.r
boneType: femur
regressionData.file: C:/dino_nature/output/2023-11-07-D1\bs/set_28/femur_set_28.csv
applyDataFilter: FALSE
addTreeTips: TRUE
Ntrees: 100
calculateTrees: TRUE
saveTrees: FALSE


OPERATIONAL CHECKS:
* Regression data contains multiple copies of some taxa (user added variants of existing test taxa 
   or replacements due to bootstrap are present) which are not in the phylo tree:
     original taxon,   duplicate   
"1","Mus_musculus","Mus_musculus.1"
"2","Sus_scrofa","Sus_scrofa.1"
"3","Vulpes_vulpes","Vulpes_vulpes.1"
"4","Tamandua_tetradactyla","Tamandua_tetradactyla.1"
"5","Sus_scrofa","Sus_scrofa.2"
"6","Bison_bonasus","Bison_bonasus.1"
"7","Bison_bonasus","Bison_bonasus.2"
"8","Monodelphis_domestica","Monodelphis_domestica.1"
"9","Porphyrio_hochstetteri","Porphyrio_hochstetteri.1"
"10","Brachyodus_onoideum","Brachyodus_onoideum.1"
"11","Megaloceros_sp","Megaloceros_sp.1"
"12","Meles_meles","Meles_meles.1"
"13","Felis_felis","Felis_felis.1"
"14","Mammuthus_sp","Mammuthus_sp.1"
"15","Mammuthus_sp","Mammuthus_sp.2"
"16","Uncia_uncia","Uncia_uncia.1"
"17","Megaloceros_sp","Megaloceros_sp.2"
"18","Tamandua_tetradactyla","Tamandua_tetradactyla.2"
"19","Procavia_capensis","Procavia_capensis.1"
"20","Felis_felis","Felis_felis.2"
"21","Rynochetus_jubatus","Rynochetus_jubatus.1"
"22","Chironectes_minimus","Chironectes_minimus.1"
"23","Nothosaurus_568","Nothosaurus_568.1"
"24","large_eocene_stem_penguin","large_eocene_stem_penguin.1"
"25","Rhaeticosaurus","Rhaeticosaurus.1"
"26","Chapsosaurus_","Chapsosaurus_.1"
"27","Ichtyosaur_sp","Ichtyosaur_sp.1"
"28","Rhaeticosaurus","Rhaeticosaurus.2"
"29","Placodontia_indet_1","Placodontia_indet_1.1"
"30","Ornithorhynchus_anatinus","Ornithorhynchus_anatinus.1"
"31","Desmana_moschata","Desmana_moschata.1"
"32","Lutra_vulgaris","Lutra_vulgaris.1"
"33","Desmana_moschata","Desmana_moschata.2"
"34","Psephoderma","Psephoderma.1"
"35","Ichtyosaurus_","Ichtyosaurus_.1"
"36","Indohyus","Indohyus.1"
"37","Callophoca_obscura","Callophoca_obscura.1"
"38","Ornithorhynchus_anatinus","Ornithorhynchus_anatinus.2"
"39","Callophoca_obscura","Callophoca_obscura.2"
"40","Plesiosaurus","Plesiosaurus.1"
"41","Nothosaurus_mirabilis_1","Nothosaurus_mirabilis_1.1"
"42","Desmana_moschata","Desmana_moschata.3"
"43","Hexaprotodon_garyam","Hexaprotodon_garyam.1"
"44","Spinosaurus_","Spinosaurus_.1"
"45","Spinosaurus_","Spinosaurus_.2"
"46","Spinosaurus_","Spinosaurus_.3"
"47","Spinosaurus_","Spinosaurus_.4"
"48","Spinosaurus_","Spinosaurus_.5"
"49","Spinosaurus_","Spinosaurus_.6"
"50","Spinosaurus_","Spinosaurus_.7"
"51","Spinosaurus_","Spinosaurus_.8"
"52","Spinosaurus_","Spinosaurus_.9"
"53","Spinosaurus_","Spinosaurus_.10"
"54","Spinosaurus_","Spinosaurus_.11"
"55","Suchomimus","Suchomimus.1"
"56","Suchomimus","Suchomimus.2"
"57","Suchomimus","Suchomimus.3"
"58","Baryonyx","Baryonyx.1"
"59","Baryonyx","Baryonyx.2"
"60","Baryonyx","Baryonyx.3"
 
* Phylo tree and the main data and strata files have been modified to include duplicated taxa before the scaled random trees are generated.
* Selected categorical labels column: diving.or.not
* diving.or.equal column is identical to Diving column.
* Regression excludes flying taxa.
* Diving labels that are present in regression: 0,2
* lambda (calculated from a random tree) = : 0.1
* index-name alignment check: OK
