Logfile for a session of program: bootstrap_binary.r
-----------------------------------------------------
INPUT:
workDir: C:/dino_nature/output/2023-11-07-D1\bs/set_443
Nbootstrapsets: 2000
phyloFDAfile: c:/dino_nature/code/phylo.fda.R
auxFile: c:/dino_nature/code/auxiliary.r
boneType: femur
regressionData.file: C:/dino_nature/output/2023-11-07-D1\bs/set_443/femur_set_443.csv
applyDataFilter: FALSE
addTreeTips: TRUE
Ntrees: 100
calculateTrees: TRUE
saveTrees: FALSE


OPERATIONAL CHECKS:
* Regression data contains multiple copies of some taxa (user added variants of existing test taxa 
   or replacements due to bootstrap are present) which are not in the phylo tree:
     original taxon,   duplicate   
"1","Bison_bonasus","Bison_bonasus.1"
"2","Okapia_johnstoni","Okapia_johnstoni.1"
"3","Rynochetus_jubatus","Rynochetus_jubatus.1"
"4","Diplomesodon_pulchellum","Diplomesodon_pulchellum.1"
"5","Lacerta_viridis","Lacerta_viridis.1"
"6","Apteryx_australis","Apteryx_australis.1"
"7","Elephas_maximus","Elephas_maximus.1"
"8","Monodelphis_domestica","Monodelphis_domestica.1"
"9","Procyon_lotor","Procyon_lotor.1"
"10","Procyon_lotor","Procyon_lotor.2"
"11","Elephas_maximus","Elephas_maximus.2"
"12","Megaloceros_sp","Megaloceros_sp.1"
"13","Rangifer_tarandus","Rangifer_tarandus.1"
"14","Diplomesodon_pulchellum","Diplomesodon_pulchellum.2"
"15","Apteryx_australis","Apteryx_australis.2"
"16","Bison_bonasus","Bison_bonasus.2"
"17","Pogona_viceps","Pogona_viceps.1"
"18","Diplomesodon_pulchellum","Diplomesodon_pulchellum.3"
"19","Tribonyx_mortieri","Tribonyx_mortieri.1"
"20","Okapia_johnstoni","Okapia_johnstoni.2"
"21","Neusticosaurus","Neusticosaurus.1"
"22","Cricosaurus","Cricosaurus.1"
"23","Tapirus_terrestris","Tapirus_terrestris.1"
"24","Nanophoca_vitulinoides","Nanophoca_vitulinoides.1"
"25","Serpianosaurus","Serpianosaurus.1"
"26","Phalacrocorax_harrisi","Phalacrocorax_harrisi.1"
"27","Placondontia_indet","Placondontia_indet.1"
"28","Champsosaurus","Champsosaurus.1"
"29","Champsosaurus","Champsosaurus.2"
"30","Placondontia_indet","Placondontia_indet.2"
"31","Rodhocetus","Rodhocetus.1"
"32","Placondontia_indet","Placondontia_indet.3"
"33","Desmostylus_hesperus","Desmostylus_hesperus.1"
"34","Cricosaurus","Cricosaurus.2"
"35","Palaeospheniscus","Palaeospheniscus.1"
"36","Chapsosaurus_","Chapsosaurus_.1"
"37","Neusticosaurus","Neusticosaurus.2"
"38","Simosaurus","Simosaurus.1"
"39","Cricosaurus","Cricosaurus.3"
"40","Phalacrocorax_harrisi","Phalacrocorax_harrisi.2"
"41","Nothosaurus_mirabilis","Nothosaurus_mirabilis.1"
"42","Anarosaurus","Anarosaurus.1"
"43","Anarosaurus","Anarosaurus.2"
"44","Protochampsidae","Protochampsidae.1"
"45","Castor_fiber","Castor_fiber.1"
"46","Spinosaurus_","Spinosaurus_.1"
"47","Spinosaurus_","Spinosaurus_.2"
"48","Spinosaurus_","Spinosaurus_.3"
"49","Spinosaurus_","Spinosaurus_.4"
"50","Spinosaurus_","Spinosaurus_.5"
"51","Spinosaurus_","Spinosaurus_.6"
"52","Spinosaurus_","Spinosaurus_.7"
"53","Spinosaurus_","Spinosaurus_.8"
"54","Spinosaurus_","Spinosaurus_.9"
"55","Spinosaurus_","Spinosaurus_.10"
"56","Spinosaurus_","Spinosaurus_.11"
"57","Suchomimus","Suchomimus.1"
"58","Suchomimus","Suchomimus.2"
"59","Suchomimus","Suchomimus.3"
"60","Baryonyx","Baryonyx.1"
"61","Baryonyx","Baryonyx.2"
"62","Baryonyx","Baryonyx.3"
 
* Phylo tree and the main data and strata files have been modified to include duplicated taxa before the scaled random trees are generated.
* Selected categorical labels column: diving.or.not
* diving.or.equal column is identical to Diving column.
* Regression excludes flying taxa.
* Diving labels that are present in regression: 0,2
* lambda (calculated from a random tree) = : 0.1
* index-name alignment check: OK
