Logfile for a session of program: bootstrap_binary.r
-----------------------------------------------------
INPUT:
workDir: C:/dino_nature/output/2023-11-07-D1\bs/set_567
Nbootstrapsets: 2000
phyloFDAfile: c:/dino_nature/code/phylo.fda.R
auxFile: c:/dino_nature/code/auxiliary.r
boneType: femur
regressionData.file: C:/dino_nature/output/2023-11-07-D1\bs/set_567/femur_set_567.csv
applyDataFilter: FALSE
addTreeTips: TRUE
Ntrees: 100
calculateTrees: TRUE
saveTrees: FALSE


OPERATIONAL CHECKS:
* Regression data contains multiple copies of some taxa (user added variants of existing test taxa 
   or replacements due to bootstrap are present) which are not in the phylo tree:
     original taxon,   duplicate   
"1","Mammuthus_sp","Mammuthus_sp.1"
"2","Mammuthus_sp","Mammuthus_sp.2"
"3","Procavia_capensis","Procavia_capensis.1"
"4","Rupicapra_rupicapra","Rupicapra_rupicapra.1"
"5","Tenrec_ecaudatus","Tenrec_ecaudatus.1"
"6","Elomeryx_borbonicus_","Elomeryx_borbonicus_.1"
"7","Rynochetus_jubatus","Rynochetus_jubatus.1"
"8","Mustela_nivalis","Mustela_nivalis.1"
"9","Rhynchocyon_petersi","Rhynchocyon_petersi.1"
"10","Meles_meles","Meles_meles.1"
"11","Meles_meles","Meles_meles.2"
"12","Dasyurus_maculatus","Dasyurus_maculatus.1"
"13","Bos_taurus","Bos_taurus.1"
"14","Xenicus_giliventris","Xenicus_giliventris.1"
"15","Rynochetus_jubatus","Rynochetus_jubatus.2"
"16","Megaloceros_sp","Megaloceros_sp.1"
"17","Euroscaptor_micrura","Euroscaptor_micrura.1"
"18","Lutra_vulgaris","Lutra_vulgaris.1"
"19","Neusticosaurus","Neusticosaurus.1"
"20","Anarosaurus","Anarosaurus.1"
"21","Micropotamogale_euwenzorii","Micropotamogale_euwenzorii.1"
"22","Nothosaurus_150","Nothosaurus_150.1"
"23","Nothosaurus_102","Nothosaurus_102.1"
"24","Alligator","Alligator.1"
"25","Otaria_byronia","Otaria_byronia.1"
"26","Lutra_vulgaris","Lutra_vulgaris.2"
"27","Simosaurus_1","Simosaurus_1.1"
"28","Nanophoca_vitulinoides","Nanophoca_vitulinoides.1"
"29","Hydromys_chrysogaster","Hydromys_chrysogaster.1"
"30","Noemys_fodies","Noemys_fodies.1"
"31","Nothosaurus_giganteus","Nothosaurus_giganteus.1"
"32","Serpianosaurus","Serpianosaurus.1"
"33","Noemys_fodies","Noemys_fodies.2"
"34","Hexaprotodon_garyam","Hexaprotodon_garyam.1"
"35","Phocanella_pumila","Phocanella_pumila.1"
"36","Neusticosaurus","Neusticosaurus.2"
"37","Psephoderma","Psephoderma.1"
"38","Maiacetus","Maiacetus.1"
"39","Hydromys_chrysogaster","Hydromys_chrysogaster.2"
"40","Spinosaurus_","Spinosaurus_.1"
"41","Spinosaurus_","Spinosaurus_.2"
"42","Spinosaurus_","Spinosaurus_.3"
"43","Spinosaurus_","Spinosaurus_.4"
"44","Spinosaurus_","Spinosaurus_.5"
"45","Spinosaurus_","Spinosaurus_.6"
"46","Spinosaurus_","Spinosaurus_.7"
"47","Spinosaurus_","Spinosaurus_.8"
"48","Spinosaurus_","Spinosaurus_.9"
"49","Spinosaurus_","Spinosaurus_.10"
"50","Spinosaurus_","Spinosaurus_.11"
"51","Suchomimus","Suchomimus.1"
"52","Suchomimus","Suchomimus.2"
"53","Suchomimus","Suchomimus.3"
"54","Baryonyx","Baryonyx.1"
"55","Baryonyx","Baryonyx.2"
"56","Baryonyx","Baryonyx.3"
 
* Phylo tree and the main data and strata files have been modified to include duplicated taxa before the scaled random trees are generated.
* Selected categorical labels column: diving.or.not
* diving.or.equal column is identical to Diving column.
* Regression excludes flying taxa.
* Diving labels that are present in regression: 0,2
* lambda (calculated from a random tree) = : 0.09
* index-name alignment check: OK
