Logfile for a session of program: bootstrap_binary.r
-----------------------------------------------------
INPUT:
workDir: C:/dino_nature/output/2023-11-07-D1\bs/set_754
Nbootstrapsets: 2000
phyloFDAfile: c:/dino_nature/code/phylo.fda.R
auxFile: c:/dino_nature/code/auxiliary.r
boneType: femur
regressionData.file: C:/dino_nature/output/2023-11-07-D1\bs/set_754/femur_set_754.csv
applyDataFilter: FALSE
addTreeTips: TRUE
Ntrees: 100
calculateTrees: TRUE
saveTrees: FALSE


OPERATIONAL CHECKS:
* Regression data contains multiple copies of some taxa (user added variants of existing test taxa 
   or replacements due to bootstrap are present) which are not in the phylo tree:
     original taxon,   duplicate   
"1","Hemiechinus_azurites","Hemiechinus_azurites.1"
"2","Raphus","Raphus.1"
"3","Bos_taurus","Bos_taurus.1"
"4","Dama_dama","Dama_dama.1"
"5","Dama_dama","Dama_dama.2"
"6","Euroscaptor_micrura","Euroscaptor_micrura.1"
"7","Dama_dama","Dama_dama.3"
"8","Rupicapra_rupicapra","Rupicapra_rupicapra.1"
"9","Procyon_lotor","Procyon_lotor.1"
"10","Lama_guanicoe","Lama_guanicoe.1"
"11","Raphus","Raphus.2"
"12","Rupicapra_rupicapra","Rupicapra_rupicapra.2"
"13","Raphus","Raphus.3"
"14","Hemiechinus_azurites","Hemiechinus_azurites.2"
"15","Raphus","Raphus.4"
"16","Giraffa_camelopardalis","Giraffa_camelopardalis.1"
"17","Procyon_lotor","Procyon_lotor.2"
"18","Mammuthus_sp","Mammuthus_sp.1"
"19","Bison_bonasus","Bison_bonasus.1"
"20","Felis_felis","Felis_felis.1"
"21","Dama_dama","Dama_dama.4"
"22","Bison_bonasus","Bison_bonasus.2"
"23","Megaloceros_sp","Megaloceros_sp.1"
"24","Plesiosaurus","Plesiosaurus.1"
"25","Micropotamogale_euwenzorii","Micropotamogale_euwenzorii.1"
"26","Hydromys_chrysogaster","Hydromys_chrysogaster.1"
"27","Palaeospheniscus","Palaeospheniscus.1"
"28","Chironectes_minimus","Chironectes_minimus.1"
"29","Placondontia_indet","Placondontia_indet.1"
"30","Chironectes_minimus","Chironectes_minimus.2"
"31","Spheniscus","Spheniscus.1"
"32","Nothosaurus_mirabilis_1","Nothosaurus_mirabilis_1.1"
"33","Tapirus_terrestris","Tapirus_terrestris.1"
"34","Nanophoca_vitulinoides","Nanophoca_vitulinoides.1"
"35","Plesiosaurus","Plesiosaurus.2"
"36","Simosaurus","Simosaurus.1"
"37","Cryptoclidus","Cryptoclidus.1"
"38","Simosaurus","Simosaurus.2"
"39","Hexaprotodon_garyam","Hexaprotodon_garyam.1"
"40","Simosaurus_1","Simosaurus_1.1"
"41","Nothosaurus_102","Nothosaurus_102.1"
"42","Cryptoclidus","Cryptoclidus.2"
"43","Nothosaurus_150","Nothosaurus_150.1"
"44","Spinosaurus_","Spinosaurus_.1"
"45","Spinosaurus_","Spinosaurus_.2"
"46","Spinosaurus_","Spinosaurus_.3"
"47","Spinosaurus_","Spinosaurus_.4"
"48","Spinosaurus_","Spinosaurus_.5"
"49","Spinosaurus_","Spinosaurus_.6"
"50","Spinosaurus_","Spinosaurus_.7"
"51","Spinosaurus_","Spinosaurus_.8"
"52","Spinosaurus_","Spinosaurus_.9"
"53","Spinosaurus_","Spinosaurus_.10"
"54","Spinosaurus_","Spinosaurus_.11"
"55","Suchomimus","Suchomimus.1"
"56","Suchomimus","Suchomimus.2"
"57","Suchomimus","Suchomimus.3"
"58","Baryonyx","Baryonyx.1"
"59","Baryonyx","Baryonyx.2"
"60","Baryonyx","Baryonyx.3"
 
* Phylo tree and the main data and strata files have been modified to include duplicated taxa before the scaled random trees are generated.
* Selected categorical labels column: diving.or.not
* diving.or.equal column is identical to Diving column.
* Regression excludes flying taxa.
* Diving labels that are present in regression: 0,2
* lambda (calculated from a random tree) = : 0.06
* index-name alignment check: OK
