Logfile for a session of program: bootstrap_binary.r
-----------------------------------------------------
INPUT:
workDir: C:/dino_nature/output/2023-11-07-D1\bs/set_119
Nbootstrapsets: 2000
phyloFDAfile: c:/dino_nature/code/phylo.fda.R
auxFile: c:/dino_nature/code/auxiliary.r
boneType: femur
regressionData.file: C:/dino_nature/output/2023-11-07-D1\bs/set_119/femur_set_119.csv
applyDataFilter: FALSE
addTreeTips: TRUE
Ntrees: 100
calculateTrees: TRUE
saveTrees: FALSE


OPERATIONAL CHECKS:
* Regression data contains multiple copies of some taxa (user added variants of existing test taxa 
   or replacements due to bootstrap are present) which are not in the phylo tree:
     original taxon,   duplicate   
"1","Okapia_johnstoni","Okapia_johnstoni.1"
"2","Nyctereutes_procyonoides","Nyctereutes_procyonoides.1"
"3","Mus_musculus","Mus_musculus.1"
"4","Okapia_johnstoni","Okapia_johnstoni.2"
"5","Euroscaptor_micrura","Euroscaptor_micrura.1"
"6","Euroscaptor_micrura","Euroscaptor_micrura.2"
"7","Xenicus_giliventris","Xenicus_giliventris.1"
"8","Giraffa_camelopardalis","Giraffa_camelopardalis.1"
"9","Bison_bonasus","Bison_bonasus.1"
"10","Bos_taurus","Bos_taurus.1"
"11","Lama_guanicoe","Lama_guanicoe.1"
"12","Pogona_viceps","Pogona_viceps.1"
"13","Monodelphis_domestica","Monodelphis_domestica.1"
"14","Nyctereutes_procyonoides","Nyctereutes_procyonoides.2"
"15","Atlantisia_rogersi","Atlantisia_rogersi.1"
"16","Okapia_johnstoni","Okapia_johnstoni.3"
"17","Dicerorhinus_sumatrensis","Dicerorhinus_sumatrensis.1"
"18","Megaloceros_sp","Megaloceros_sp.1"
"19","Caloenas_nicobarica","Caloenas_nicobarica.1"
"20","Megaloceros_sp","Megaloceros_sp.2"
"21","Castor_fiber","Castor_fiber.1"
"22","Castor_fiber","Castor_fiber.2"
"23","Leptophoca_proxima","Leptophoca_proxima.1"
"24","Maiacetus","Maiacetus.1"
"25","Ichtyosaur_sp","Ichtyosaur_sp.1"
"26","Castor_fiber","Castor_fiber.3"
"27","Nothosaurus_mirabilis_1","Nothosaurus_mirabilis_1.1"
"28","Leptophoca_proxima","Leptophoca_proxima.2"
"29","Paraplacodus","Paraplacodus.1"
"30","Tapirus_terrestris","Tapirus_terrestris.1"
"31","Hippopotamus_amphibius","Hippopotamus_amphibius.1"
"32","Nanophoca_vitulinoides","Nanophoca_vitulinoides.1"
"33","large_eocene_stem_penguin","large_eocene_stem_penguin.1"
"34","Tapirus_terrestris","Tapirus_terrestris.2"
"35","Paraplacodus","Paraplacodus.2"
"36","Simosaurus","Simosaurus.1"
"37","Nothosaurus_giganteus","Nothosaurus_giganteus.1"
"38","Nothosaurus_mirabilis_1","Nothosaurus_mirabilis_1.2"
"39","Hydromys_chrysogaster","Hydromys_chrysogaster.1"
"40","Simosaurus","Simosaurus.2"
"41","Hesperornis","Hesperornis.1"
"42","Maiacetus","Maiacetus.2"
"43","Hesperornis","Hesperornis.2"
"44","Spinosaurus_","Spinosaurus_.1"
"45","Spinosaurus_","Spinosaurus_.2"
"46","Spinosaurus_","Spinosaurus_.3"
"47","Spinosaurus_","Spinosaurus_.4"
"48","Spinosaurus_","Spinosaurus_.5"
"49","Spinosaurus_","Spinosaurus_.6"
"50","Spinosaurus_","Spinosaurus_.7"
"51","Spinosaurus_","Spinosaurus_.8"
"52","Spinosaurus_","Spinosaurus_.9"
"53","Spinosaurus_","Spinosaurus_.10"
"54","Spinosaurus_","Spinosaurus_.11"
"55","Suchomimus","Suchomimus.1"
"56","Suchomimus","Suchomimus.2"
"57","Suchomimus","Suchomimus.3"
"58","Baryonyx","Baryonyx.1"
"59","Baryonyx","Baryonyx.2"
"60","Baryonyx","Baryonyx.3"
 
* Phylo tree and the main data and strata files have been modified to include duplicated taxa before the scaled random trees are generated.
* Selected categorical labels column: diving.or.not
* diving.or.equal column is identical to Diving column.
* Regression excludes flying taxa.
* Diving labels that are present in regression: 0,2
* lambda (calculated from a random tree) = : 0.11
* index-name alignment check: OK
