Logfile for a session of program: bootstrap_binary.r
-----------------------------------------------------
INPUT:
workDir: C:/dino_nature/output/2023-11-07-D1\bs/set_298
Nbootstrapsets: 2000
phyloFDAfile: c:/dino_nature/code/phylo.fda.R
auxFile: c:/dino_nature/code/auxiliary.r
boneType: femur
regressionData.file: C:/dino_nature/output/2023-11-07-D1\bs/set_298/femur_set_298.csv
applyDataFilter: FALSE
addTreeTips: TRUE
Ntrees: 100
calculateTrees: TRUE
saveTrees: FALSE


OPERATIONAL CHECKS:
* Regression data contains multiple copies of some taxa (user added variants of existing test taxa 
   or replacements due to bootstrap are present) which are not in the phylo tree:
     original taxon,   duplicate   
"1","Mustela_nivalis","Mustela_nivalis.1"
"2","Dicerorhinus_sumatrensis","Dicerorhinus_sumatrensis.1"
"3","Bos_taurus","Bos_taurus.1"
"4","Uncia_uncia","Uncia_uncia.1"
"5","Uncia_uncia","Uncia_uncia.2"
"6","Procavia_capensis","Procavia_capensis.1"
"7","Dromaius_","Dromaius_.1"
"8","Capreolus_capreolus","Capreolus_capreolus.1"
"9","Nyctereutes_procyonoides","Nyctereutes_procyonoides.1"
"10","Felis_felis","Felis_felis.1"
"11","Megaloceros_sp","Megaloceros_sp.1"
"12","Brachyodus_onoideum","Brachyodus_onoideum.1"
"13","Bos_taurus","Bos_taurus.2"
"14","Sphenodon_punctatus","Sphenodon_punctatus.1"
"15","Dicerorhinus_sumatrensis","Dicerorhinus_sumatrensis.2"
"16","Brachyodus_onoideum","Brachyodus_onoideum.2"
"17","Rupicapra_rupicapra","Rupicapra_rupicapra.1"
"18","Rattus_rattus","Rattus_rattus.1"
"19","Sphenodon_punctatus","Sphenodon_punctatus.2"
"20","Dromaius_","Dromaius_.2"
"21","Giraffa_camelopardalis","Giraffa_camelopardalis.1"
"22","Brachyodus_onoideum","Brachyodus_onoideum.3"
"23","Rhinoceros_sondaicus","Rhinoceros_sondaicus.1"
"24","Capreolus_capreolus","Capreolus_capreolus.2"
"25","Giraffa_camelopardalis","Giraffa_camelopardalis.2"
"26","Nothosaurus_giganteus","Nothosaurus_giganteus.1"
"27","Micropotamogale_euwenzorii","Micropotamogale_euwenzorii.1"
"28","Alligator","Alligator.1"
"29","Cryptoclidus","Cryptoclidus.1"
"30","Desmostylus_hesperus","Desmostylus_hesperus.1"
"31","Nothosaurus_mirabilis","Nothosaurus_mirabilis.1"
"32","Dyrosaurid","Dyrosaurid.1"
"33","Champsosaurus","Champsosaurus.1"
"34","Dyrosaurid","Dyrosaurid.2"
"35","Otaria_byronia","Otaria_byronia.1"
"36","Pistosaurus","Pistosaurus.1"
"37","Simosaurus_1","Simosaurus_1.1"
"38","Cricosaurus","Cricosaurus.1"
"39","Neusticosaurus","Neusticosaurus.1"
"40","Nothosaurus_mirabilis","Nothosaurus_mirabilis.2"
"41","Hexaprotodon_garyam","Hexaprotodon_garyam.1"
"42","Cricosaurus","Cricosaurus.2"
"43","Leptophoca_proxima","Leptophoca_proxima.1"
"44","Spinosaurus_","Spinosaurus_.1"
"45","Spinosaurus_","Spinosaurus_.2"
"46","Spinosaurus_","Spinosaurus_.3"
"47","Spinosaurus_","Spinosaurus_.4"
"48","Spinosaurus_","Spinosaurus_.5"
"49","Spinosaurus_","Spinosaurus_.6"
"50","Spinosaurus_","Spinosaurus_.7"
"51","Spinosaurus_","Spinosaurus_.8"
"52","Spinosaurus_","Spinosaurus_.9"
"53","Spinosaurus_","Spinosaurus_.10"
"54","Spinosaurus_","Spinosaurus_.11"
"55","Suchomimus","Suchomimus.1"
"56","Suchomimus","Suchomimus.2"
"57","Suchomimus","Suchomimus.3"
"58","Baryonyx","Baryonyx.1"
"59","Baryonyx","Baryonyx.2"
"60","Baryonyx","Baryonyx.3"
 
* Phylo tree and the main data and strata files have been modified to include duplicated taxa before the scaled random trees are generated.
* Selected categorical labels column: diving.or.not
* diving.or.equal column is identical to Diving column.
* Regression excludes flying taxa.
* Diving labels that are present in regression: 0,2
* lambda (calculated from a random tree) = : 0.12
* index-name alignment check: OK
