Logfile for a session of program: bootstrap_binary.r
-----------------------------------------------------
INPUT:
workDir: C:/dino_nature/output/2023-11-07-D1\bs/set_1209
Nbootstrapsets: 2000
phyloFDAfile: c:/dino_nature/code/phylo.fda.R
auxFile: c:/dino_nature/code/auxiliary.r
boneType: femur
regressionData.file: C:/dino_nature/output/2023-11-07-D1\bs/set_1209/femur_set_1209.csv
applyDataFilter: FALSE
addTreeTips: TRUE
Ntrees: 100
calculateTrees: TRUE
saveTrees: FALSE


OPERATIONAL CHECKS:
* Regression data contains multiple copies of some taxa (user added variants of existing test taxa 
   or replacements due to bootstrap are present) which are not in the phylo tree:
     original taxon,   duplicate   
"1","Alces_americanus","Alces_americanus.1"
"2","Rangifer_tarandus","Rangifer_tarandus.1"
"3","Dasyurus_maculatus","Dasyurus_maculatus.1"
"4","Giraffa_camelopardalis","Giraffa_camelopardalis.1"
"5","Capreolus_capreolus","Capreolus_capreolus.1"
"6","Hemiechinus_azurites","Hemiechinus_azurites.1"
"7","Rangifer_tarandus","Rangifer_tarandus.2"
"8","Megaloceros_sp","Megaloceros_sp.1"
"9","Pogona_viceps","Pogona_viceps.1"
"10","Lama_guanicoe","Lama_guanicoe.1"
"11","Bos_taurus","Bos_taurus.1"
"12","Hemiechinus_azurites","Hemiechinus_azurites.2"
"13","Rangifer_tarandus","Rangifer_tarandus.3"
"14","Giraffa_camelopardalis","Giraffa_camelopardalis.2"
"15","Sphenodon_punctatus","Sphenodon_punctatus.1"
"16","Felis_felis","Felis_felis.1"
"17","Apteryx_australis","Apteryx_australis.1"
"18","Rangifer_tarandus","Rangifer_tarandus.4"
"19","Strigiops_habroptilus","Strigiops_habroptilus.1"
"20","Elomeryx_borbonicus_","Elomeryx_borbonicus_.1"
"21","Pogona_viceps","Pogona_viceps.2"
"22","Hemiechinus_azurites","Hemiechinus_azurites.3"
"23","Remingtonocetus","Remingtonocetus.1"
"24","Nothosaurus_568","Nothosaurus_568.1"
"25","Nothosaurus_150","Nothosaurus_150.1"
"26","Nanophoca_vitulinoides","Nanophoca_vitulinoides.1"
"27","Basilosaurus","Basilosaurus.1"
"28","Tapirus_terrestris","Tapirus_terrestris.1"
"29","Nothosaurus_150","Nothosaurus_150.2"
"30","Pistosaurus","Pistosaurus.1"
"31","Neusticosaurus","Neusticosaurus.1"
"32","Hydromys_chrysogaster","Hydromys_chrysogaster.1"
"33","Placodontia_indet_1","Placodontia_indet_1.1"
"34","Simosaurus","Simosaurus.1"
"35","Chapsosaurus_","Chapsosaurus_.1"
"36","Metryorhynchus","Metryorhynchus.1"
"37","Anarosaurus","Anarosaurus.1"
"38","Chironectes_minimus","Chironectes_minimus.1"
"39","Placodontia_indet_1","Placodontia_indet_1.2"
"40","Palaeospheniscus","Palaeospheniscus.1"
"41","Nanophoca_vitulinoides","Nanophoca_vitulinoides.2"
"42","Metryorhynchus","Metryorhynchus.2"
"43","Alligator","Alligator.1"
"44","Nanophoca_vitulinoides","Nanophoca_vitulinoides.3"
"45","large_eocene_stem_penguin","large_eocene_stem_penguin.1"
"46","Protochampsidae","Protochampsidae.1"
"47","Nothosaurus_150","Nothosaurus_150.3"
"48","large_eocene_stem_penguin","large_eocene_stem_penguin.2"
"49","Spinosaurus_","Spinosaurus_.1"
"50","Spinosaurus_","Spinosaurus_.2"
"51","Spinosaurus_","Spinosaurus_.3"
"52","Spinosaurus_","Spinosaurus_.4"
"53","Spinosaurus_","Spinosaurus_.5"
"54","Spinosaurus_","Spinosaurus_.6"
"55","Spinosaurus_","Spinosaurus_.7"
"56","Spinosaurus_","Spinosaurus_.8"
"57","Spinosaurus_","Spinosaurus_.9"
"58","Spinosaurus_","Spinosaurus_.10"
"59","Spinosaurus_","Spinosaurus_.11"
"60","Suchomimus","Suchomimus.1"
"61","Suchomimus","Suchomimus.2"
"62","Suchomimus","Suchomimus.3"
"63","Baryonyx","Baryonyx.1"
"64","Baryonyx","Baryonyx.2"
"65","Baryonyx","Baryonyx.3"
 
* Phylo tree and the main data and strata files have been modified to include duplicated taxa before the scaled random trees are generated.
* Selected categorical labels column: diving.or.not
* diving.or.equal column is identical to Diving column.
* Regression excludes flying taxa.
* Diving labels that are present in regression: 0,2
* lambda (calculated from a random tree) = : 0.11
* index-name alignment check: OK
