Logfile for a session of program: bootstrap_binary.r
-----------------------------------------------------
INPUT:
workDir: C:/dino_nature/output/2023-11-07-D1\bs/set_505
Nbootstrapsets: 2000
phyloFDAfile: c:/dino_nature/code/phylo.fda.R
auxFile: c:/dino_nature/code/auxiliary.r
boneType: femur
regressionData.file: C:/dino_nature/output/2023-11-07-D1\bs/set_505/femur_set_505.csv
applyDataFilter: FALSE
addTreeTips: TRUE
Ntrees: 100
calculateTrees: TRUE
saveTrees: FALSE


OPERATIONAL CHECKS:
* Regression data contains multiple copies of some taxa (user added variants of existing test taxa 
   or replacements due to bootstrap are present) which are not in the phylo tree:
     original taxon,   duplicate   
"1","Syncerus_caffer","Syncerus_caffer.1"
"2","Taxidea_taxus","Taxidea_taxus.1"
"3","Syncerus_caffer","Syncerus_caffer.2"
"4","Ceratotherium_simum","Ceratotherium_simum.1"
"5","Dromaius_","Dromaius_.1"
"6","Rynochetus_jubatus","Rynochetus_jubatus.1"
"7","Rhynchocyon_petersi","Rhynchocyon_petersi.1"
"8","Strigiops_habroptilus","Strigiops_habroptilus.1"
"9","Taxidea_taxus","Taxidea_taxus.2"
"10","Capreolus_capreolus","Capreolus_capreolus.1"
"11","Rynochetus_jubatus","Rynochetus_jubatus.2"
"12","Ceratotherium_simum","Ceratotherium_simum.2"
"13","Lacerta_viridis","Lacerta_viridis.1"
"14","Capreolus_capreolus","Capreolus_capreolus.2"
"15","Tribonyx_mortieri","Tribonyx_mortieri.1"
"16","Rynochetus_jubatus","Rynochetus_jubatus.3"
"17","Rattus_rattus","Rattus_rattus.1"
"18","Tribonyx_mortieri","Tribonyx_mortieri.2"
"19","Bison_bonasus","Bison_bonasus.1"
"20","Alces_americanus","Alces_americanus.1"
"21","Ceratotherium_simum","Ceratotherium_simum.3"
"22","Hemiechinus_azurites","Hemiechinus_azurites.1"
"23","Tenrec_ecaudatus","Tenrec_ecaudatus.1"
"24","Serpianosaurus","Serpianosaurus.1"
"25","Nothosaurus_568","Nothosaurus_568.1"
"26","Phalacrocorax_harrisi","Phalacrocorax_harrisi.1"
"27","Placondontia_indet","Placondontia_indet.1"
"28","Callophoca_obscura","Callophoca_obscura.1"
"29","Hesperornis","Hesperornis.1"
"30","Caiman_yacare","Caiman_yacare.1"
"31","Small_Eocene_penguin","Small_Eocene_penguin.1"
"32","Nothosaurus_giganteus","Nothosaurus_giganteus.1"
"33","Choeropsis_liberiensis","Choeropsis_liberiensis.1"
"34","Hesperornis","Hesperornis.2"
"35","Remingtonocetus","Remingtonocetus.1"
"36","Rhaeticosaurus","Rhaeticosaurus.1"
"37","Basilosaurus","Basilosaurus.1"
"38","Noemys_fodies","Noemys_fodies.1"
"39","Placodontia_indet_1","Placodontia_indet_1.1"
"40","Placondontia_indet","Placondontia_indet.2"
"41","Protochampsidae","Protochampsidae.1"
"42","Castor_fiber","Castor_fiber.1"
"43","Nothosaurus_giganteus","Nothosaurus_giganteus.2"
"44","Spinosaurus_","Spinosaurus_.1"
"45","Spinosaurus_","Spinosaurus_.2"
"46","Spinosaurus_","Spinosaurus_.3"
"47","Spinosaurus_","Spinosaurus_.4"
"48","Spinosaurus_","Spinosaurus_.5"
"49","Spinosaurus_","Spinosaurus_.6"
"50","Spinosaurus_","Spinosaurus_.7"
"51","Spinosaurus_","Spinosaurus_.8"
"52","Spinosaurus_","Spinosaurus_.9"
"53","Spinosaurus_","Spinosaurus_.10"
"54","Spinosaurus_","Spinosaurus_.11"
"55","Suchomimus","Suchomimus.1"
"56","Suchomimus","Suchomimus.2"
"57","Suchomimus","Suchomimus.3"
"58","Baryonyx","Baryonyx.1"
"59","Baryonyx","Baryonyx.2"
"60","Baryonyx","Baryonyx.3"
 
* Phylo tree and the main data and strata files have been modified to include duplicated taxa before the scaled random trees are generated.
* Selected categorical labels column: diving.or.not
* diving.or.equal column is identical to Diving column.
* Regression excludes flying taxa.
* Diving labels that are present in regression: 0,2
* lambda (calculated from a random tree) = : 0.12
* index-name alignment check: OK
