Logfile for a session of program: bootstrap_binary.r
-----------------------------------------------------
INPUT:
workDir: C:/dino_nature/output/2023-11-07-D1\bs/set_1797
Nbootstrapsets: 2000
phyloFDAfile: c:/dino_nature/code/phylo.fda.R
auxFile: c:/dino_nature/code/auxiliary.r
boneType: femur
regressionData.file: C:/dino_nature/output/2023-11-07-D1\bs/set_1797/femur_set_1797.csv
applyDataFilter: FALSE
addTreeTips: TRUE
Ntrees: 100
calculateTrees: TRUE
saveTrees: FALSE


OPERATIONAL CHECKS:
* Regression data contains multiple copies of some taxa (user added variants of existing test taxa 
   or replacements due to bootstrap are present) which are not in the phylo tree:
     original taxon,   duplicate   
"1","Tenrec_ecaudatus","Tenrec_ecaudatus.1"
"2","Tenrec_ecaudatus","Tenrec_ecaudatus.2"
"3","Megaloceros_sp","Megaloceros_sp.1"
"4","Brachyodus_onoideum","Brachyodus_onoideum.1"
"5","Lama_guanicoe","Lama_guanicoe.1"
"6","Dromaius_","Dromaius_.1"
"7","Lama_guanicoe","Lama_guanicoe.2"
"8","Rupicapra_rupicapra","Rupicapra_rupicapra.1"
"9","Bos_taurus","Bos_taurus.1"
"10","Rhynchocyon_petersi","Rhynchocyon_petersi.1"
"11","Strigiops_habroptilus","Strigiops_habroptilus.1"
"12","Loxodonta_africana","Loxodonta_africana.1"
"13","Procyon_lotor","Procyon_lotor.1"
"14","Procyon_lotor","Procyon_lotor.2"
"15","Paguma_larvata","Paguma_larvata.1"
"16","Rynochetus_jubatus","Rynochetus_jubatus.1"
"17","Taxidea_taxus","Taxidea_taxus.1"
"18","Bos_taurus","Bos_taurus.2"
"19","Lama_guanicoe","Lama_guanicoe.3"
"20","Loxodonta_africana","Loxodonta_africana.2"
"21","Hexaprotodon_garyam","Hexaprotodon_garyam.1"
"22","Cryptoclidus","Cryptoclidus.1"
"23","Caiman_yacare","Caiman_yacare.1"
"24","Placodontia_indet_1","Placodontia_indet_1.1"
"25","Nothosaurus_150","Nothosaurus_150.1"
"26","Hesperornis","Hesperornis.1"
"27","Champsosaurus","Champsosaurus.1"
"28","Hexaprotodon_garyam","Hexaprotodon_garyam.2"
"29","Maiacetus","Maiacetus.1"
"30","Rhaeticosaurus","Rhaeticosaurus.1"
"31","Nothosaurus_giganteus","Nothosaurus_giganteus.1"
"32","Serpianosaurus","Serpianosaurus.1"
"33","Spheniscus","Spheniscus.1"
"34","Caiman_yacare","Caiman_yacare.2"
"35","Lutra_vulgaris","Lutra_vulgaris.1"
"36","Remingtonocetus","Remingtonocetus.1"
"37","Placodontia_indet_1","Placodontia_indet_1.2"
"38","Cryptoclidus","Cryptoclidus.2"
"39","Noemys_fodies","Noemys_fodies.1"
"40","Paraplacodus","Paraplacodus.1"
"41","Noemys_fodies","Noemys_fodies.2"
"42","Hesperornis","Hesperornis.2"
"43","Ichtyosaurus_","Ichtyosaurus_.1"
"44","Spinosaurus_","Spinosaurus_.1"
"45","Spinosaurus_","Spinosaurus_.2"
"46","Spinosaurus_","Spinosaurus_.3"
"47","Spinosaurus_","Spinosaurus_.4"
"48","Spinosaurus_","Spinosaurus_.5"
"49","Spinosaurus_","Spinosaurus_.6"
"50","Spinosaurus_","Spinosaurus_.7"
"51","Spinosaurus_","Spinosaurus_.8"
"52","Spinosaurus_","Spinosaurus_.9"
"53","Spinosaurus_","Spinosaurus_.10"
"54","Spinosaurus_","Spinosaurus_.11"
"55","Suchomimus","Suchomimus.1"
"56","Suchomimus","Suchomimus.2"
"57","Suchomimus","Suchomimus.3"
"58","Baryonyx","Baryonyx.1"
"59","Baryonyx","Baryonyx.2"
"60","Baryonyx","Baryonyx.3"
 
* Phylo tree and the main data and strata files have been modified to include duplicated taxa before the scaled random trees are generated.
* Selected categorical labels column: diving.or.not
* diving.or.equal column is identical to Diving column.
* Regression excludes flying taxa.
* Diving labels that are present in regression: 0,2
* lambda (calculated from a random tree) = : 0.1
* index-name alignment check: OK
