Logfile for a session of program: bootstrap_binary.r
-----------------------------------------------------
INPUT:
workDir: C:/dino_nature/output/2023-11-07-D1\bs/set_1947
Nbootstrapsets: 2000
phyloFDAfile: c:/dino_nature/code/phylo.fda.R
auxFile: c:/dino_nature/code/auxiliary.r
boneType: femur
regressionData.file: C:/dino_nature/output/2023-11-07-D1\bs/set_1947/femur_set_1947.csv
applyDataFilter: FALSE
addTreeTips: TRUE
Ntrees: 100
calculateTrees: TRUE
saveTrees: FALSE


OPERATIONAL CHECKS:
* Regression data contains multiple copies of some taxa (user added variants of existing test taxa 
   or replacements due to bootstrap are present) which are not in the phylo tree:
     original taxon,   duplicate   
"1","Caloenas_nicobarica","Caloenas_nicobarica.1"
"2","Myrmecophaga_tridactyla","Myrmecophaga_tridactyla.1"
"3","Rattus_rattus","Rattus_rattus.1"
"4","Elephas_maximus","Elephas_maximus.1"
"5","Mammuthus_sp","Mammuthus_sp.1"
"6","Xenicus_giliventris","Xenicus_giliventris.1"
"7","Caloenas_nicobarica","Caloenas_nicobarica.2"
"8","Rynochetus_jubatus","Rynochetus_jubatus.1"
"9","Tribonyx_mortieri","Tribonyx_mortieri.1"
"10","Loxodonta_africana","Loxodonta_africana.1"
"11","Mammuthus_sp","Mammuthus_sp.2"
"12","Meles_meles","Meles_meles.1"
"13","Dama_dama","Dama_dama.1"
"14","Mammuthus_sp","Mammuthus_sp.3"
"15","Uncia_uncia","Uncia_uncia.1"
"16","Procavia_capensis","Procavia_capensis.1"
"17","Lama_guanicoe","Lama_guanicoe.1"
"18","Microgale_thomasi","Microgale_thomasi.1"
"19","Rangifer_tarandus","Rangifer_tarandus.1"
"20","Mammuthus_sp","Mammuthus_sp.4"
"21","Tenrec_ecaudatus","Tenrec_ecaudatus.1"
"22","Loxodonta_africana","Loxodonta_africana.2"
"23","Ornithorhynchus_anatinus","Ornithorhynchus_anatinus.1"
"24","Desmostylus_hesperus","Desmostylus_hesperus.1"
"25","Cryptoclidus","Cryptoclidus.1"
"26","Desmostylus_hesperus","Desmostylus_hesperus.2"
"27","Paraplacodus","Paraplacodus.1"
"28","Desmana_moschata","Desmana_moschata.1"
"29","Palaeospheniscus","Palaeospheniscus.1"
"30","Tapirus_terrestris","Tapirus_terrestris.1"
"31","Desmana_moschata","Desmana_moschata.2"
"32","Tapirus_terrestris","Tapirus_terrestris.2"
"33","Desmana_moschata","Desmana_moschata.3"
"34","Paraplacodus","Paraplacodus.2"
"35","Tapirus_terrestris","Tapirus_terrestris.3"
"36","Ichtyosaur_sp","Ichtyosaur_sp.1"
"37","Desmostylus_hesperus","Desmostylus_hesperus.3"
"38","Cryptoclidus","Cryptoclidus.2"
"39","Simosaurus","Simosaurus.1"
"40","Simosaurus_1","Simosaurus_1.1"
"41","Alligator","Alligator.1"
"42","Metryorhynchus","Metryorhynchus.1"
"43","Lutra_vulgaris","Lutra_vulgaris.1"
"44","Spinosaurus_","Spinosaurus_.1"
"45","Spinosaurus_","Spinosaurus_.2"
"46","Spinosaurus_","Spinosaurus_.3"
"47","Spinosaurus_","Spinosaurus_.4"
"48","Spinosaurus_","Spinosaurus_.5"
"49","Spinosaurus_","Spinosaurus_.6"
"50","Spinosaurus_","Spinosaurus_.7"
"51","Spinosaurus_","Spinosaurus_.8"
"52","Spinosaurus_","Spinosaurus_.9"
"53","Spinosaurus_","Spinosaurus_.10"
"54","Spinosaurus_","Spinosaurus_.11"
"55","Suchomimus","Suchomimus.1"
"56","Suchomimus","Suchomimus.2"
"57","Suchomimus","Suchomimus.3"
"58","Baryonyx","Baryonyx.1"
"59","Baryonyx","Baryonyx.2"
"60","Baryonyx","Baryonyx.3"
 
* Phylo tree and the main data and strata files have been modified to include duplicated taxa before the scaled random trees are generated.
* Selected categorical labels column: diving.or.not
* diving.or.equal column is identical to Diving column.
* Regression excludes flying taxa.
* Diving labels that are present in regression: 0,2
* lambda (calculated from a random tree) = : 0.11
* index-name alignment check: OK
