Logfile for a session of program: bootstrap_binary.r
-----------------------------------------------------
INPUT:
workDir: C:/dino_nature/output/2023-11-07-D1\bs/set_1969
Nbootstrapsets: 2000
phyloFDAfile: c:/dino_nature/code/phylo.fda.R
auxFile: c:/dino_nature/code/auxiliary.r
boneType: femur
regressionData.file: C:/dino_nature/output/2023-11-07-D1\bs/set_1969/femur_set_1969.csv
applyDataFilter: FALSE
addTreeTips: TRUE
Ntrees: 100
calculateTrees: TRUE
saveTrees: FALSE


OPERATIONAL CHECKS:
* Regression data contains multiple copies of some taxa (user added variants of existing test taxa 
   or replacements due to bootstrap are present) which are not in the phylo tree:
     original taxon,   duplicate   
"1","Myrmecophaga_tridactyla","Myrmecophaga_tridactyla.1"
"2","Rhynchocyon_petersi","Rhynchocyon_petersi.1"
"3","Rhynchocyon_petersi","Rhynchocyon_petersi.2"
"4","Loxodonta_africana","Loxodonta_africana.1"
"5","Xenicus_giliventris","Xenicus_giliventris.1"
"6","Dasyurus_maculatus","Dasyurus_maculatus.1"
"7","Rupicapra_rupicapra","Rupicapra_rupicapra.1"
"8","Vulpes_vulpes","Vulpes_vulpes.1"
"9","Rhynchocyon_petersi","Rhynchocyon_petersi.3"
"10","Giraffa_camelopardalis","Giraffa_camelopardalis.1"
"11","Mustela_nivalis","Mustela_nivalis.1"
"12","Tribonyx_mortieri","Tribonyx_mortieri.1"
"13","Rupicapra_rupicapra","Rupicapra_rupicapra.2"
"14","Cephalophus_silvicultor","Cephalophus_silvicultor.1"
"15","Meles_meles","Meles_meles.1"
"16","Procyon_lotor","Procyon_lotor.1"
"17","Bison_bonasus","Bison_bonasus.1"
"18","Placodontia_indet_1","Placodontia_indet_1.1"
"19","Noemys_fodies","Noemys_fodies.1"
"20","Alligator","Alligator.1"
"21","Placondontia_indet","Placondontia_indet.1"
"22","large_eocene_stem_penguin","large_eocene_stem_penguin.1"
"23","Nanophoca_vitulinoides","Nanophoca_vitulinoides.1"
"24","Noemys_fodies","Noemys_fodies.2"
"25","Metryorhynchus","Metryorhynchus.1"
"26","Phocanella_pumila","Phocanella_pumila.1"
"27","Callophoca_obscura","Callophoca_obscura.1"
"28","Simosaurus_1","Simosaurus_1.1"
"29","Champsosaurus","Champsosaurus.1"
"30","Callophoca_obscura","Callophoca_obscura.2"
"31","Phocanella_pumila","Phocanella_pumila.2"
"32","Chironectes_minimus","Chironectes_minimus.1"
"33","Alligator","Alligator.2"
"34","Chironectes_minimus","Chironectes_minimus.2"
"35","Dyrosaurid","Dyrosaurid.1"
"36","Hexaprotodon_garyam","Hexaprotodon_garyam.1"
"37","Chironectes_minimus","Chironectes_minimus.3"
"38","Pistosaurus","Pistosaurus.1"
"39","Protochampsidae","Protochampsidae.1"
"40","Caiman_yacare","Caiman_yacare.1"
"41","Spinosaurus_","Spinosaurus_.1"
"42","Spinosaurus_","Spinosaurus_.2"
"43","Spinosaurus_","Spinosaurus_.3"
"44","Spinosaurus_","Spinosaurus_.4"
"45","Spinosaurus_","Spinosaurus_.5"
"46","Spinosaurus_","Spinosaurus_.6"
"47","Spinosaurus_","Spinosaurus_.7"
"48","Spinosaurus_","Spinosaurus_.8"
"49","Spinosaurus_","Spinosaurus_.9"
"50","Spinosaurus_","Spinosaurus_.10"
"51","Spinosaurus_","Spinosaurus_.11"
"52","Suchomimus","Suchomimus.1"
"53","Suchomimus","Suchomimus.2"
"54","Suchomimus","Suchomimus.3"
"55","Baryonyx","Baryonyx.1"
"56","Baryonyx","Baryonyx.2"
"57","Baryonyx","Baryonyx.3"
 
* Phylo tree and the main data and strata files have been modified to include duplicated taxa before the scaled random trees are generated.
* Selected categorical labels column: diving.or.not
* diving.or.equal column is identical to Diving column.
* Regression excludes flying taxa.
* Diving labels that are present in regression: 0,2
* lambda (calculated from a random tree) = : 0.1
* index-name alignment check: OK
