Logfile for a session of program: bootstrap_binary.r
-----------------------------------------------------
INPUT:
workDir: C:/dino_nature/output/2023-11-07-D1\bs/set_1960
Nbootstrapsets: 2000
phyloFDAfile: c:/dino_nature/code/phylo.fda.R
auxFile: c:/dino_nature/code/auxiliary.r
boneType: femur
regressionData.file: C:/dino_nature/output/2023-11-07-D1\bs/set_1960/femur_set_1960.csv
applyDataFilter: FALSE
addTreeTips: TRUE
Ntrees: 100
calculateTrees: TRUE
saveTrees: FALSE


OPERATIONAL CHECKS:
* Regression data contains multiple copies of some taxa (user added variants of existing test taxa 
   or replacements due to bootstrap are present) which are not in the phylo tree:
     original taxon,   duplicate   
"1","Tribonyx_mortieri","Tribonyx_mortieri.1"
"2","Procyon_lotor","Procyon_lotor.1"
"3","Vulpes_vulpes","Vulpes_vulpes.1"
"4","Dromaius_","Dromaius_.1"
"5","Loxodonta_africana","Loxodonta_africana.1"
"6","Lacerta_viridis","Lacerta_viridis.1"
"7","Procyon_lotor","Procyon_lotor.2"
"8","Meles_meles","Meles_meles.1"
"9","Megaloceros_sp","Megaloceros_sp.1"
"10","Brachyodus_onoideum","Brachyodus_onoideum.1"
"11","Uncia_uncia","Uncia_uncia.1"
"12","Meles_meles","Meles_meles.2"
"13","Strigiops_habroptilus","Strigiops_habroptilus.1"
"14","Tamandua_tetradactyla","Tamandua_tetradactyla.1"
"15","Lacerta_viridis","Lacerta_viridis.2"
"16","Lacerta_viridis","Lacerta_viridis.3"
"17","Tamandua_tetradactyla","Tamandua_tetradactyla.2"
"18","Uncia_uncia","Uncia_uncia.2"
"19","Tamandua_tetradactyla","Tamandua_tetradactyla.3"
"20","Dicerorhinus_sumatrensis","Dicerorhinus_sumatrensis.1"
"21","Elephas_maximus","Elephas_maximus.1"
"22","Procyon_lotor","Procyon_lotor.3"
"23","Rhinoceros_sondaicus","Rhinoceros_sondaicus.1"
"24","Giraffa_camelopardalis","Giraffa_camelopardalis.1"
"25","Chironectes_minimus","Chironectes_minimus.1"
"26","Phalacrocorax_harrisi","Phalacrocorax_harrisi.1"
"27","Callophoca_obscura","Callophoca_obscura.1"
"28","Micropotamogale_euwenzorii","Micropotamogale_euwenzorii.1"
"29","Castor_fiber","Castor_fiber.1"
"30","Indohyus","Indohyus.1"
"31","Psephoderma","Psephoderma.1"
"32","Ichtyosaurus_","Ichtyosaurus_.1"
"33","Aptenodytes______","Aptenodytes______.1"
"34","Ornithorhynchus_anatinus","Ornithorhynchus_anatinus.1"
"35","Noemys_fodies","Noemys_fodies.1"
"36","Tapirus_terrestris","Tapirus_terrestris.1"
"37","Paraplacodus","Paraplacodus.1"
"38","Paraplacodus","Paraplacodus.2"
"39","Nanophoca_vitulinoides","Nanophoca_vitulinoides.1"
"40","Ichtyosaur_sp","Ichtyosaur_sp.1"
"41","Caiman_yacare","Caiman_yacare.1"
"42","Spinosaurus_","Spinosaurus_.1"
"43","Spinosaurus_","Spinosaurus_.2"
"44","Spinosaurus_","Spinosaurus_.3"
"45","Spinosaurus_","Spinosaurus_.4"
"46","Spinosaurus_","Spinosaurus_.5"
"47","Spinosaurus_","Spinosaurus_.6"
"48","Spinosaurus_","Spinosaurus_.7"
"49","Spinosaurus_","Spinosaurus_.8"
"50","Spinosaurus_","Spinosaurus_.9"
"51","Spinosaurus_","Spinosaurus_.10"
"52","Spinosaurus_","Spinosaurus_.11"
"53","Suchomimus","Suchomimus.1"
"54","Suchomimus","Suchomimus.2"
"55","Suchomimus","Suchomimus.3"
"56","Baryonyx","Baryonyx.1"
"57","Baryonyx","Baryonyx.2"
"58","Baryonyx","Baryonyx.3"
 
* Phylo tree and the main data and strata files have been modified to include duplicated taxa before the scaled random trees are generated.
* Selected categorical labels column: diving.or.not
* diving.or.equal column is identical to Diving column.
* Regression excludes flying taxa.
* Diving labels that are present in regression: 0,2
* lambda (calculated from a random tree) = : 0.09
* index-name alignment check: OK
