Logfile for a session of program: bootstrap_binary.r
-----------------------------------------------------
INPUT:
workDir: C:/dino_nature/output/2023-11-07-D1\bs/set_19
Nbootstrapsets: 2000
phyloFDAfile: c:/dino_nature/code/phylo.fda.R
auxFile: c:/dino_nature/code/auxiliary.r
boneType: femur
regressionData.file: C:/dino_nature/output/2023-11-07-D1\bs/set_19/femur_set_19.csv
applyDataFilter: FALSE
addTreeTips: TRUE
Ntrees: 100
calculateTrees: TRUE
saveTrees: FALSE


OPERATIONAL CHECKS:
* Regression data contains multiple copies of some taxa (user added variants of existing test taxa 
   or replacements due to bootstrap are present) which are not in the phylo tree:
     original taxon,   duplicate   
"1","Rhynchocyon_petersi","Rhynchocyon_petersi.1"
"2","Rynochetus_jubatus","Rynochetus_jubatus.1"
"3","Rynochetus_jubatus","Rynochetus_jubatus.2"
"4","Monodelphis_domestica","Monodelphis_domestica.1"
"5","Xenicus_giliventris","Xenicus_giliventris.1"
"6","Mustela_nivalis","Mustela_nivalis.1"
"7","Dama_dama","Dama_dama.1"
"8","Mus_musculus","Mus_musculus.1"
"9","Tribonyx_mortieri","Tribonyx_mortieri.1"
"10","Apteryx_owenii_","Apteryx_owenii_.1"
"11","Sphenodon_punctatus","Sphenodon_punctatus.1"
"12","Rattus_rattus","Rattus_rattus.1"
"13","Taxidea_taxus","Taxidea_taxus.1"
"14","Apteryx_owenii_","Apteryx_owenii_.2"
"15","Rattus_rattus","Rattus_rattus.2"
"16","Alces_americanus","Alces_americanus.1"
"17","Xenicus_giliventris","Xenicus_giliventris.2"
"18","Lama_guanicoe","Lama_guanicoe.1"
"19","Brachyodus_onoideum","Brachyodus_onoideum.1"
"20","Brachyodus_onoideum","Brachyodus_onoideum.2"
"21","Tribonyx_mortieri","Tribonyx_mortieri.2"
"22","Mustela_nivalis","Mustela_nivalis.2"
"23","Caiman_yacare","Caiman_yacare.1"
"24","Nothosaurus_102","Nothosaurus_102.1"
"25","Dyrosaurid","Dyrosaurid.1"
"26","Micropotamogale_euwenzorii","Micropotamogale_euwenzorii.1"
"27","Castor_fiber","Castor_fiber.1"
"28","Pistosaurus","Pistosaurus.1"
"29","Metryorhynchus","Metryorhynchus.1"
"30","Protochampsidae","Protochampsidae.1"
"31","Basilosaurus","Basilosaurus.1"
"32","Spheniscus","Spheniscus.1"
"33","Tapirus_terrestris","Tapirus_terrestris.1"
"34","Basilosaurus","Basilosaurus.2"
"35","Chironectes_minimus","Chironectes_minimus.1"
"36","Hydromys_chrysogaster","Hydromys_chrysogaster.1"
"37","Cryptoclidus","Cryptoclidus.1"
"38","Nothosaurus_102","Nothosaurus_102.2"
"39","Anarosaurus","Anarosaurus.1"
"40","Metryorhynchus","Metryorhynchus.2"
"41","Spinosaurus_","Spinosaurus_.1"
"42","Spinosaurus_","Spinosaurus_.2"
"43","Spinosaurus_","Spinosaurus_.3"
"44","Spinosaurus_","Spinosaurus_.4"
"45","Spinosaurus_","Spinosaurus_.5"
"46","Spinosaurus_","Spinosaurus_.6"
"47","Spinosaurus_","Spinosaurus_.7"
"48","Spinosaurus_","Spinosaurus_.8"
"49","Spinosaurus_","Spinosaurus_.9"
"50","Spinosaurus_","Spinosaurus_.10"
"51","Spinosaurus_","Spinosaurus_.11"
"52","Suchomimus","Suchomimus.1"
"53","Suchomimus","Suchomimus.2"
"54","Suchomimus","Suchomimus.3"
"55","Baryonyx","Baryonyx.1"
"56","Baryonyx","Baryonyx.2"
"57","Baryonyx","Baryonyx.3"
 
* Phylo tree and the main data and strata files have been modified to include duplicated taxa before the scaled random trees are generated.
* Selected categorical labels column: diving.or.not
* diving.or.equal column is identical to Diving column.
* Regression excludes flying taxa.
* Diving labels that are present in regression: 0,2
* lambda (calculated from a random tree) = : 0.07
* index-name alignment check: OK
