Logfile for a session of program: bootstrap_binary.r
-----------------------------------------------------
INPUT:
workDir: C:/dino_nature/output/2023-11-07-D1\bs/set_708
Nbootstrapsets: 2000
phyloFDAfile: c:/dino_nature/code/phylo.fda.R
auxFile: c:/dino_nature/code/auxiliary.r
boneType: femur
regressionData.file: C:/dino_nature/output/2023-11-07-D1\bs/set_708/femur_set_708.csv
applyDataFilter: FALSE
addTreeTips: TRUE
Ntrees: 100
calculateTrees: TRUE
saveTrees: FALSE


OPERATIONAL CHECKS:
* Regression data contains multiple copies of some taxa (user added variants of existing test taxa 
   or replacements due to bootstrap are present) which are not in the phylo tree:
     original taxon,   duplicate   
"1","Giraffa_camelopardalis","Giraffa_camelopardalis.1"
"2","Tamandua_tetradactyla","Tamandua_tetradactyla.1"
"3","Rynochetus_jubatus","Rynochetus_jubatus.1"
"4","Tamandua_tetradactyla","Tamandua_tetradactyla.2"
"5","Giraffa_camelopardalis","Giraffa_camelopardalis.2"
"6","Syncerus_caffer","Syncerus_caffer.1"
"7","Bos_taurus","Bos_taurus.1"
"8","Lacerta_viridis","Lacerta_viridis.1"
"9","Raphus","Raphus.1"
"10","Nyctereutes_procyonoides","Nyctereutes_procyonoides.1"
"11","Tamandua_tetradactyla","Tamandua_tetradactyla.3"
"12","Dasyurus_maculatus","Dasyurus_maculatus.1"
"13","Dama_dama","Dama_dama.1"
"14","Syncerus_caffer","Syncerus_caffer.2"
"15","Lama_guanicoe","Lama_guanicoe.1"
"16","Dasyurus_maculatus","Dasyurus_maculatus.2"
"17","Atlantisia_rogersi","Atlantisia_rogersi.1"
"18","Vulpes_vulpes","Vulpes_vulpes.1"
"19","Taxidea_taxus","Taxidea_taxus.1"
"20","Paguma_larvata","Paguma_larvata.1"
"21","Plesiosaurus","Plesiosaurus.1"
"22","Nothosaurus_giganteus","Nothosaurus_giganteus.1"
"23","large_eocene_stem_penguin","large_eocene_stem_penguin.1"
"24","Phocanella_pumila","Phocanella_pumila.1"
"25","Lutra_vulgaris","Lutra_vulgaris.1"
"26","Simosaurus_1","Simosaurus_1.1"
"27","Rodhocetus","Rodhocetus.1"
"28","Small_Eocene_penguin","Small_Eocene_penguin.1"
"29","Maiacetus","Maiacetus.1"
"30","Serpianosaurus","Serpianosaurus.1"
"31","Basilosaurus","Basilosaurus.1"
"32","Choeropsis_liberiensis","Choeropsis_liberiensis.1"
"33","Nothosaurus_mirabilis","Nothosaurus_mirabilis.1"
"34","Nanophoca_vitulinoides","Nanophoca_vitulinoides.1"
"35","large_eocene_stem_penguin","large_eocene_stem_penguin.2"
"36","Indohyus","Indohyus.1"
"37","Tapirus_terrestris","Tapirus_terrestris.1"
"38","Rodhocetus","Rodhocetus.2"
"39","Hexaprotodon_garyam","Hexaprotodon_garyam.1"
"40","Castor_fiber","Castor_fiber.1"
"41","Small_Eocene_penguin","Small_Eocene_penguin.2"
"42","Cryptoclidus","Cryptoclidus.1"
"43","Spinosaurus_","Spinosaurus_.1"
"44","Spinosaurus_","Spinosaurus_.2"
"45","Spinosaurus_","Spinosaurus_.3"
"46","Spinosaurus_","Spinosaurus_.4"
"47","Spinosaurus_","Spinosaurus_.5"
"48","Spinosaurus_","Spinosaurus_.6"
"49","Spinosaurus_","Spinosaurus_.7"
"50","Spinosaurus_","Spinosaurus_.8"
"51","Spinosaurus_","Spinosaurus_.9"
"52","Spinosaurus_","Spinosaurus_.10"
"53","Spinosaurus_","Spinosaurus_.11"
"54","Suchomimus","Suchomimus.1"
"55","Suchomimus","Suchomimus.2"
"56","Suchomimus","Suchomimus.3"
"57","Baryonyx","Baryonyx.1"
"58","Baryonyx","Baryonyx.2"
"59","Baryonyx","Baryonyx.3"
 
* Phylo tree and the main data and strata files have been modified to include duplicated taxa before the scaled random trees are generated.
* Selected categorical labels column: diving.or.not
* diving.or.equal column is identical to Diving column.
* Regression excludes flying taxa.
* Diving labels that are present in regression: 0,2
* lambda (calculated from a random tree) = : 0.16
* index-name alignment check: OK
