Logfile for a session of program: bootstrap_binary.r
-----------------------------------------------------
INPUT:
workDir: C:/dino_nature/output/2023-11-07-D1\bs/set_1549
Nbootstrapsets: 2000
phyloFDAfile: c:/dino_nature/code/phylo.fda.R
auxFile: c:/dino_nature/code/auxiliary.r
boneType: femur
regressionData.file: C:/dino_nature/output/2023-11-07-D1\bs/set_1549/femur_set_1549.csv
applyDataFilter: FALSE
addTreeTips: TRUE
Ntrees: 100
calculateTrees: TRUE
saveTrees: FALSE


OPERATIONAL CHECKS:
* Regression data contains multiple copies of some taxa (user added variants of existing test taxa 
   or replacements due to bootstrap are present) which are not in the phylo tree:
     original taxon,   duplicate   
"1","Nyctereutes_procyonoides","Nyctereutes_procyonoides.1"
"2","Okapia_johnstoni","Okapia_johnstoni.1"
"3","Atlantisia_rogersi","Atlantisia_rogersi.1"
"4","Xenicus_giliventris","Xenicus_giliventris.1"
"5","Capreolus_capreolus","Capreolus_capreolus.1"
"6","Rhynchocyon_petersi","Rhynchocyon_petersi.1"
"7","Brachyodus_onoideum","Brachyodus_onoideum.1"
"8","Euroscaptor_micrura","Euroscaptor_micrura.1"
"9","Myrmecophaga_tridactyla","Myrmecophaga_tridactyla.1"
"10","Alces_americanus","Alces_americanus.1"
"11","Atlantisia_rogersi","Atlantisia_rogersi.2"
"12","Tamandua_tetradactyla","Tamandua_tetradactyla.1"
"13","Okapia_johnstoni","Okapia_johnstoni.2"
"14","Pogona_viceps","Pogona_viceps.1"
"15","Xenicus_giliventris","Xenicus_giliventris.2"
"16","Dama_dama","Dama_dama.1"
"17","Megaloceros_sp","Megaloceros_sp.1"
"18","Okapia_johnstoni","Okapia_johnstoni.3"
"19","Xenicus_giliventris","Xenicus_giliventris.3"
"20","Uncia_uncia","Uncia_uncia.1"
"21","Giraffa_camelopardalis","Giraffa_camelopardalis.1"
"22","Procavia_capensis","Procavia_capensis.1"
"23","Tenrec_ecaudatus","Tenrec_ecaudatus.1"
"24","Indohyus","Indohyus.1"
"25","Basilosaurus","Basilosaurus.1"
"26","Indohyus","Indohyus.2"
"27","Hydromys_chrysogaster","Hydromys_chrysogaster.1"
"28","Hippopotamus_amphibius","Hippopotamus_amphibius.1"
"29","large_eocene_stem_penguin","large_eocene_stem_penguin.1"
"30","Alligator","Alligator.1"
"31","Nothosaurus_150","Nothosaurus_150.1"
"32","Simosaurus_1","Simosaurus_1.1"
"33","large_eocene_stem_penguin","large_eocene_stem_penguin.2"
"34","Metryorhynchus","Metryorhynchus.1"
"35","Palaeospheniscus","Palaeospheniscus.1"
"36","Placondontia_indet","Placondontia_indet.1"
"37","Chapsosaurus_","Chapsosaurus_.1"
"38","Hippopotamus_amphibius","Hippopotamus_amphibius.2"
"39","Nanophoca_vitulinoides","Nanophoca_vitulinoides.1"
"40","Placondontia_indet","Placondontia_indet.2"
"41","Hexaprotodon_garyam","Hexaprotodon_garyam.1"
"42","Spinosaurus_","Spinosaurus_.1"
"43","Spinosaurus_","Spinosaurus_.2"
"44","Spinosaurus_","Spinosaurus_.3"
"45","Spinosaurus_","Spinosaurus_.4"
"46","Spinosaurus_","Spinosaurus_.5"
"47","Spinosaurus_","Spinosaurus_.6"
"48","Spinosaurus_","Spinosaurus_.7"
"49","Spinosaurus_","Spinosaurus_.8"
"50","Spinosaurus_","Spinosaurus_.9"
"51","Spinosaurus_","Spinosaurus_.10"
"52","Spinosaurus_","Spinosaurus_.11"
"53","Suchomimus","Suchomimus.1"
"54","Suchomimus","Suchomimus.2"
"55","Suchomimus","Suchomimus.3"
"56","Baryonyx","Baryonyx.1"
"57","Baryonyx","Baryonyx.2"
"58","Baryonyx","Baryonyx.3"
 
* Phylo tree and the main data and strata files have been modified to include duplicated taxa before the scaled random trees are generated.
* Selected categorical labels column: diving.or.not
* diving.or.equal column is identical to Diving column.
* Regression excludes flying taxa.
* Diving labels that are present in regression: 0,2
* lambda (calculated from a random tree) = : 0.1
* index-name alignment check: OK
