Logfile for a session of program: bootstrap_binary.r
-----------------------------------------------------
INPUT:
workDir: C:/dino_nature/output/2023-11-07-D1\bs/set_1112
Nbootstrapsets: 2000
phyloFDAfile: c:/dino_nature/code/phylo.fda.R
auxFile: c:/dino_nature/code/auxiliary.r
boneType: femur
regressionData.file: C:/dino_nature/output/2023-11-07-D1\bs/set_1112/femur_set_1112.csv
applyDataFilter: FALSE
addTreeTips: TRUE
Ntrees: 100
calculateTrees: TRUE
saveTrees: FALSE


OPERATIONAL CHECKS:
* Regression data contains multiple copies of some taxa (user added variants of existing test taxa 
   or replacements due to bootstrap are present) which are not in the phylo tree:
     original taxon,   duplicate   
"1","Tenrec_ecaudatus","Tenrec_ecaudatus.1"
"2","Rupicapra_rupicapra","Rupicapra_rupicapra.1"
"3","Lama_guanicoe","Lama_guanicoe.1"
"4","Hemiechinus_azurites","Hemiechinus_azurites.1"
"5","Bison_bonasus","Bison_bonasus.1"
"6","Dasyurus_maculatus","Dasyurus_maculatus.1"
"7","Xenicus_giliventris","Xenicus_giliventris.1"
"8","Lacerta_viridis","Lacerta_viridis.1"
"9","Bison_bonasus","Bison_bonasus.2"
"10","Apteryx_owenii_","Apteryx_owenii_.1"
"11","Dama_dama","Dama_dama.1"
"12","Loxodonta_africana","Loxodonta_africana.1"
"13","Xenicus_giliventris","Xenicus_giliventris.2"
"14","Xenicus_giliventris","Xenicus_giliventris.3"
"15","Porphyrio_hochstetteri","Porphyrio_hochstetteri.1"
"16","Sphenodon_punctatus","Sphenodon_punctatus.1"
"17","Xenicus_giliventris","Xenicus_giliventris.4"
"18","Dromaius_","Dromaius_.1"
"19","Tenrec_ecaudatus","Tenrec_ecaudatus.2"
"20","Loxodonta_africana","Loxodonta_africana.2"
"21","Dama_dama","Dama_dama.2"
"22","Mus_musculus","Mus_musculus.1"
"23","Raphus","Raphus.1"
"24","Protochampsidae","Protochampsidae.1"
"25","Serpianosaurus","Serpianosaurus.1"
"26","Protochampsidae","Protochampsidae.2"
"27","Ichtyosaur_sp","Ichtyosaur_sp.1"
"28","Maiacetus","Maiacetus.1"
"29","Ichtyosaur_sp","Ichtyosaur_sp.2"
"30","Metryorhynchus","Metryorhynchus.1"
"31","Remingtonocetus","Remingtonocetus.1"
"32","Choeropsis_liberiensis","Choeropsis_liberiensis.1"
"33","Serpianosaurus","Serpianosaurus.2"
"34","Choeropsis_liberiensis","Choeropsis_liberiensis.2"
"35","Ichtyosaurus_","Ichtyosaurus_.1"
"36","Paraplacodus","Paraplacodus.1"
"37","Psephoderma","Psephoderma.1"
"38","Otaria_byronia","Otaria_byronia.1"
"39","Metryorhynchus","Metryorhynchus.2"
"40","Remingtonocetus","Remingtonocetus.2"
"41","large_eocene_stem_penguin","large_eocene_stem_penguin.1"
"42","Chapsosaurus_","Chapsosaurus_.1"
"43","Desmana_moschata","Desmana_moschata.1"
"44","Aptenodytes______","Aptenodytes______.1"
"45","Palaeospheniscus","Palaeospheniscus.1"
"46","Anarosaurus","Anarosaurus.1"
"47","Metryorhynchus","Metryorhynchus.3"
"48","Spinosaurus_","Spinosaurus_.1"
"49","Spinosaurus_","Spinosaurus_.2"
"50","Spinosaurus_","Spinosaurus_.3"
"51","Spinosaurus_","Spinosaurus_.4"
"52","Spinosaurus_","Spinosaurus_.5"
"53","Spinosaurus_","Spinosaurus_.6"
"54","Spinosaurus_","Spinosaurus_.7"
"55","Spinosaurus_","Spinosaurus_.8"
"56","Spinosaurus_","Spinosaurus_.9"
"57","Spinosaurus_","Spinosaurus_.10"
"58","Spinosaurus_","Spinosaurus_.11"
"59","Suchomimus","Suchomimus.1"
"60","Suchomimus","Suchomimus.2"
"61","Suchomimus","Suchomimus.3"
"62","Baryonyx","Baryonyx.1"
"63","Baryonyx","Baryonyx.2"
"64","Baryonyx","Baryonyx.3"
 
* Phylo tree and the main data and strata files have been modified to include duplicated taxa before the scaled random trees are generated.
* Selected categorical labels column: diving.or.not
* diving.or.equal column is identical to Diving column.
* Regression excludes flying taxa.
* Diving labels that are present in regression: 0,2
* lambda (calculated from a random tree) = : 0.16
* index-name alignment check: OK
