Logfile for a session of program: bootstrap_binary.r
-----------------------------------------------------
INPUT:
workDir: C:/dino_nature/output/2023-11-07-D1\bs/set_1700
Nbootstrapsets: 2000
phyloFDAfile: c:/dino_nature/code/phylo.fda.R
auxFile: c:/dino_nature/code/auxiliary.r
boneType: femur
regressionData.file: C:/dino_nature/output/2023-11-07-D1\bs/set_1700/femur_set_1700.csv
applyDataFilter: FALSE
addTreeTips: TRUE
Ntrees: 100
calculateTrees: TRUE
saveTrees: FALSE


OPERATIONAL CHECKS:
* Regression data contains multiple copies of some taxa (user added variants of existing test taxa 
   or replacements due to bootstrap are present) which are not in the phylo tree:
     original taxon,   duplicate   
"1","Giraffa_camelopardalis","Giraffa_camelopardalis.1"
"2","Monodelphis_domestica","Monodelphis_domestica.1"
"3","Uncia_uncia","Uncia_uncia.1"
"4","Uncia_uncia","Uncia_uncia.2"
"5","Rhynchocyon_petersi","Rhynchocyon_petersi.1"
"6","Taxidea_taxus","Taxidea_taxus.1"
"7","Rhynchocyon_petersi","Rhynchocyon_petersi.2"
"8","Giraffa_camelopardalis","Giraffa_camelopardalis.2"
"9","Myrmecophaga_tridactyla","Myrmecophaga_tridactyla.1"
"10","Elephas_maximus","Elephas_maximus.1"
"11","Diplomesodon_pulchellum","Diplomesodon_pulchellum.1"
"12","Uncia_uncia","Uncia_uncia.3"
"13","Procyon_lotor","Procyon_lotor.1"
"14","Procyon_lotor","Procyon_lotor.2"
"15","Megaloceros_sp","Megaloceros_sp.1"
"16","Rhynchocyon_petersi","Rhynchocyon_petersi.3"
"17","Caloenas_nicobarica","Caloenas_nicobarica.1"
"18","Atlantisia_rogersi","Atlantisia_rogersi.1"
"19","Vulpes_vulpes","Vulpes_vulpes.1"
"20","Raphus","Raphus.1"
"21","Vulpes_vulpes","Vulpes_vulpes.2"
"22","Brachyodus_onoideum","Brachyodus_onoideum.1"
"23","Rupicapra_rupicapra","Rupicapra_rupicapra.1"
"24","Alligator","Alligator.1"
"25","Chironectes_minimus","Chironectes_minimus.1"
"26","Plesiosaurus","Plesiosaurus.1"
"27","Placodontia_indet_1","Placodontia_indet_1.1"
"28","Rodhocetus","Rodhocetus.1"
"29","Chironectes_minimus","Chironectes_minimus.2"
"30","Micropotamogale_euwenzorii","Micropotamogale_euwenzorii.1"
"31","Nothosaurus_102","Nothosaurus_102.1"
"32","Ornithorhynchus_anatinus","Ornithorhynchus_anatinus.1"
"33","Placodontia_indet_1","Placodontia_indet_1.2"
"34","Nothosaurus_102","Nothosaurus_102.2"
"35","Aptenodytes______","Aptenodytes______.1"
"36","Ornithorhynchus_anatinus","Ornithorhynchus_anatinus.2"
"37","Palaeospheniscus","Palaeospheniscus.1"
"38","Ichtyosaurus_","Ichtyosaurus_.1"
"39","Dyrosaurid","Dyrosaurid.1"
"40","Remingtonocetus","Remingtonocetus.1"
"41","Ichtyosaurus_","Ichtyosaurus_.2"
"42","Alligator","Alligator.2"
"43","Rhaeticosaurus","Rhaeticosaurus.1"
"44","Spinosaurus_","Spinosaurus_.1"
"45","Spinosaurus_","Spinosaurus_.2"
"46","Spinosaurus_","Spinosaurus_.3"
"47","Spinosaurus_","Spinosaurus_.4"
"48","Spinosaurus_","Spinosaurus_.5"
"49","Spinosaurus_","Spinosaurus_.6"
"50","Spinosaurus_","Spinosaurus_.7"
"51","Spinosaurus_","Spinosaurus_.8"
"52","Spinosaurus_","Spinosaurus_.9"
"53","Spinosaurus_","Spinosaurus_.10"
"54","Spinosaurus_","Spinosaurus_.11"
"55","Suchomimus","Suchomimus.1"
"56","Suchomimus","Suchomimus.2"
"57","Suchomimus","Suchomimus.3"
"58","Baryonyx","Baryonyx.1"
"59","Baryonyx","Baryonyx.2"
"60","Baryonyx","Baryonyx.3"
 
* Phylo tree and the main data and strata files have been modified to include duplicated taxa before the scaled random trees are generated.
* Selected categorical labels column: diving.or.not
* diving.or.equal column is identical to Diving column.
* Regression excludes flying taxa.
* Diving labels that are present in regression: 0,2
* lambda (calculated from a random tree) = : 0.13
* index-name alignment check: OK
