Logfile for a session of program: bootstrap_binary.r
-----------------------------------------------------
INPUT:
workDir: C:/dino_nature/output/2023-11-07-D1\bs/set_1255
Nbootstrapsets: 2000
phyloFDAfile: c:/dino_nature/code/phylo.fda.R
auxFile: c:/dino_nature/code/auxiliary.r
boneType: femur
regressionData.file: C:/dino_nature/output/2023-11-07-D1\bs/set_1255/femur_set_1255.csv
applyDataFilter: FALSE
addTreeTips: TRUE
Ntrees: 100
calculateTrees: TRUE
saveTrees: FALSE


OPERATIONAL CHECKS:
* Regression data contains multiple copies of some taxa (user added variants of existing test taxa 
   or replacements due to bootstrap are present) which are not in the phylo tree:
     original taxon,   duplicate   
"1","Atlantisia_rogersi","Atlantisia_rogersi.1"
"2","Atlantisia_rogersi","Atlantisia_rogersi.2"
"3","Felis_felis","Felis_felis.1"
"4","Procyon_lotor","Procyon_lotor.1"
"5","Rupicapra_rupicapra","Rupicapra_rupicapra.1"
"6","Paguma_larvata","Paguma_larvata.1"
"7","Monodelphis_domestica","Monodelphis_domestica.1"
"8","Capreolus_capreolus","Capreolus_capreolus.1"
"9","Brachyodus_onoideum","Brachyodus_onoideum.1"
"10","Paguma_larvata","Paguma_larvata.2"
"11","Cephalophus_silvicultor","Cephalophus_silvicultor.1"
"12","Apteryx_owenii_","Apteryx_owenii_.1"
"13","Bison_bonasus","Bison_bonasus.1"
"14","Dromaius_","Dromaius_.1"
"15","Tenrec_ecaudatus","Tenrec_ecaudatus.1"
"16","Apteryx_owenii_","Apteryx_owenii_.2"
"17","Microgale_thomasi","Microgale_thomasi.1"
"18","Dama_dama","Dama_dama.1"
"19","Dama_dama","Dama_dama.2"
"20","Capreolus_capreolus","Capreolus_capreolus.2"
"21","Hydromys_chrysogaster","Hydromys_chrysogaster.1"
"22","Spheniscus","Spheniscus.1"
"23","Remingtonocetus","Remingtonocetus.1"
"24","Tapirus_terrestris","Tapirus_terrestris.1"
"25","Tapirus_terrestris","Tapirus_terrestris.2"
"26","Chironectes_minimus","Chironectes_minimus.1"
"27","Basilosaurus","Basilosaurus.1"
"28","Hydromys_chrysogaster","Hydromys_chrysogaster.2"
"29","Hippopotamus_amphibius","Hippopotamus_amphibius.1"
"30","Hexaprotodon_garyam","Hexaprotodon_garyam.1"
"31","Desmana_moschata","Desmana_moschata.1"
"32","Ornithorhynchus_anatinus","Ornithorhynchus_anatinus.1"
"33","Phalacrocorax_harrisi","Phalacrocorax_harrisi.1"
"34","Placondontia_indet","Placondontia_indet.1"
"35","Alligator","Alligator.1"
"36","Remingtonocetus","Remingtonocetus.2"
"37","Remingtonocetus","Remingtonocetus.3"
"38","Remingtonocetus","Remingtonocetus.4"
"39","Alligator","Alligator.2"
"40","Hexaprotodon_garyam","Hexaprotodon_garyam.2"
"41","Alligator","Alligator.3"
"42","Spinosaurus_","Spinosaurus_.1"
"43","Spinosaurus_","Spinosaurus_.2"
"44","Spinosaurus_","Spinosaurus_.3"
"45","Spinosaurus_","Spinosaurus_.4"
"46","Spinosaurus_","Spinosaurus_.5"
"47","Spinosaurus_","Spinosaurus_.6"
"48","Spinosaurus_","Spinosaurus_.7"
"49","Spinosaurus_","Spinosaurus_.8"
"50","Spinosaurus_","Spinosaurus_.9"
"51","Spinosaurus_","Spinosaurus_.10"
"52","Spinosaurus_","Spinosaurus_.11"
"53","Suchomimus","Suchomimus.1"
"54","Suchomimus","Suchomimus.2"
"55","Suchomimus","Suchomimus.3"
"56","Baryonyx","Baryonyx.1"
"57","Baryonyx","Baryonyx.2"
"58","Baryonyx","Baryonyx.3"
 
* Phylo tree and the main data and strata files have been modified to include duplicated taxa before the scaled random trees are generated.
* Selected categorical labels column: diving.or.not
* diving.or.equal column is identical to Diving column.
* Regression excludes flying taxa.
* Diving labels that are present in regression: 0,2
* lambda (calculated from a random tree) = : 0.04
* index-name alignment check: OK
