Logfile for a session of program: bootstrap_binary.r
-----------------------------------------------------
INPUT:
workDir: C:/dino_nature/output/2023-11-07-D1\bs/set_1887
Nbootstrapsets: 2000
phyloFDAfile: c:/dino_nature/code/phylo.fda.R
auxFile: c:/dino_nature/code/auxiliary.r
boneType: femur
regressionData.file: C:/dino_nature/output/2023-11-07-D1\bs/set_1887/femur_set_1887.csv
applyDataFilter: FALSE
addTreeTips: TRUE
Ntrees: 100
calculateTrees: TRUE
saveTrees: FALSE


OPERATIONAL CHECKS:
* Regression data contains multiple copies of some taxa (user added variants of existing test taxa 
   or replacements due to bootstrap are present) which are not in the phylo tree:
     original taxon,   duplicate   
"1","Megaloceros_sp","Megaloceros_sp.1"
"2","Ceratotherium_simum","Ceratotherium_simum.1"
"3","Megaloceros_sp","Megaloceros_sp.2"
"4","Rynochetus_jubatus","Rynochetus_jubatus.1"
"5","Rynochetus_jubatus","Rynochetus_jubatus.2"
"6","Giraffa_camelopardalis","Giraffa_camelopardalis.1"
"7","Okapia_johnstoni","Okapia_johnstoni.1"
"8","Cephalophus_silvicultor","Cephalophus_silvicultor.1"
"9","Paguma_larvata","Paguma_larvata.1"
"10","Ceratotherium_simum","Ceratotherium_simum.2"
"11","Bos_taurus","Bos_taurus.1"
"12","Dasyurus_maculatus","Dasyurus_maculatus.1"
"13","Okapia_johnstoni","Okapia_johnstoni.2"
"14","Caloenas_nicobarica","Caloenas_nicobarica.1"
"15","Bos_taurus","Bos_taurus.2"
"16","Apteryx_owenii_","Apteryx_owenii_.1"
"17","Dasyurus_maculatus","Dasyurus_maculatus.2"
"18","Ceratotherium_simum","Ceratotherium_simum.3"
"19","Lama_guanicoe","Lama_guanicoe.1"
"20","Rattus_rattus","Rattus_rattus.1"
"21","Rattus_rattus","Rattus_rattus.2"
"22","Rynochetus_jubatus","Rynochetus_jubatus.3"
"23","Monodelphis_domestica","Monodelphis_domestica.1"
"24","Taxidea_taxus","Taxidea_taxus.1"
"25","Hippopotamus_amphibius","Hippopotamus_amphibius.1"
"26","Protochampsidae","Protochampsidae.1"
"27","large_eocene_stem_penguin","large_eocene_stem_penguin.1"
"28","Ornithorhynchus_anatinus","Ornithorhynchus_anatinus.1"
"29","Paraplacodus","Paraplacodus.1"
"30","Ornithorhynchus_anatinus","Ornithorhynchus_anatinus.2"
"31","Protochampsidae","Protochampsidae.2"
"32","Cryptoclidus","Cryptoclidus.1"
"33","Hippopotamus_amphibius","Hippopotamus_amphibius.2"
"34","Remingtonocetus","Remingtonocetus.1"
"35","Choeropsis_liberiensis","Choeropsis_liberiensis.1"
"36","Phocanella_pumila","Phocanella_pumila.1"
"37","large_eocene_stem_penguin","large_eocene_stem_penguin.2"
"38","Chironectes_minimus","Chironectes_minimus.1"
"39","Placondontia_indet","Placondontia_indet.1"
"40","large_eocene_stem_penguin","large_eocene_stem_penguin.3"
"41","Desmana_moschata","Desmana_moschata.1"
"42","Neusticosaurus","Neusticosaurus.1"
"43","Spinosaurus_","Spinosaurus_.1"
"44","Spinosaurus_","Spinosaurus_.2"
"45","Spinosaurus_","Spinosaurus_.3"
"46","Spinosaurus_","Spinosaurus_.4"
"47","Spinosaurus_","Spinosaurus_.5"
"48","Spinosaurus_","Spinosaurus_.6"
"49","Spinosaurus_","Spinosaurus_.7"
"50","Spinosaurus_","Spinosaurus_.8"
"51","Spinosaurus_","Spinosaurus_.9"
"52","Spinosaurus_","Spinosaurus_.10"
"53","Spinosaurus_","Spinosaurus_.11"
"54","Suchomimus","Suchomimus.1"
"55","Suchomimus","Suchomimus.2"
"56","Suchomimus","Suchomimus.3"
"57","Baryonyx","Baryonyx.1"
"58","Baryonyx","Baryonyx.2"
"59","Baryonyx","Baryonyx.3"
 
* Phylo tree and the main data and strata files have been modified to include duplicated taxa before the scaled random trees are generated.
* Selected categorical labels column: diving.or.not
* diving.or.equal column is identical to Diving column.
* Regression excludes flying taxa.
* Diving labels that are present in regression: 0,2
* lambda (calculated from a random tree) = : 0.12
* index-name alignment check: OK
