Logfile for a session of program: bootstrap_binary.r
-----------------------------------------------------
INPUT:
workDir: C:/dino_nature/output/2023-11-07-D1\bs/set_1449
Nbootstrapsets: 2000
phyloFDAfile: c:/dino_nature/code/phylo.fda.R
auxFile: c:/dino_nature/code/auxiliary.r
boneType: femur
regressionData.file: C:/dino_nature/output/2023-11-07-D1\bs/set_1449/femur_set_1449.csv
applyDataFilter: FALSE
addTreeTips: TRUE
Ntrees: 100
calculateTrees: TRUE
saveTrees: FALSE


OPERATIONAL CHECKS:
* Regression data contains multiple copies of some taxa (user added variants of existing test taxa 
   or replacements due to bootstrap are present) which are not in the phylo tree:
     original taxon,   duplicate   
"1","Lacerta_viridis","Lacerta_viridis.1"
"2","Vulpes_vulpes","Vulpes_vulpes.1"
"3","Raphus","Raphus.1"
"4","Raphus","Raphus.2"
"5","Nyctereutes_procyonoides","Nyctereutes_procyonoides.1"
"6","Rhinoceros_sondaicus","Rhinoceros_sondaicus.1"
"7","Lacerta_viridis","Lacerta_viridis.2"
"8","Rhynchocyon_petersi","Rhynchocyon_petersi.1"
"9","Procavia_capensis","Procavia_capensis.1"
"10","Cephalophus_silvicultor","Cephalophus_silvicultor.1"
"11","Ceratotherium_simum","Ceratotherium_simum.1"
"12","Nyctereutes_procyonoides","Nyctereutes_procyonoides.2"
"13","Syncerus_caffer","Syncerus_caffer.1"
"14","Apteryx_australis","Apteryx_australis.1"
"15","Strigiops_habroptilus","Strigiops_habroptilus.1"
"16","Atlantisia_rogersi","Atlantisia_rogersi.1"
"17","Raphus","Raphus.3"
"18","Loxodonta_africana","Loxodonta_africana.1"
"19","Brachyodus_onoideum","Brachyodus_onoideum.1"
"20","Hemiechinus_azurites","Hemiechinus_azurites.1"
"21","Rhinoceros_sondaicus","Rhinoceros_sondaicus.2"
"22","Taxidea_taxus","Taxidea_taxus.1"
"23","Maiacetus","Maiacetus.1"
"24","Choeropsis_liberiensis","Choeropsis_liberiensis.1"
"25","Caiman_yacare","Caiman_yacare.1"
"26","Hesperornis","Hesperornis.1"
"27","Indohyus","Indohyus.1"
"28","Nanophoca_vitulinoides","Nanophoca_vitulinoides.1"
"29","Tapirus_terrestris","Tapirus_terrestris.1"
"30","Ornithorhynchus_anatinus","Ornithorhynchus_anatinus.1"
"31","Maiacetus","Maiacetus.2"
"32","Nothosaurus_568","Nothosaurus_568.1"
"33","Alligator","Alligator.1"
"34","Castor_fiber","Castor_fiber.1"
"35","Micropotamogale_euwenzorii","Micropotamogale_euwenzorii.1"
"36","Nothosaurus_giganteus","Nothosaurus_giganteus.1"
"37","Hippopotamus_amphibius","Hippopotamus_amphibius.1"
"38","Ornithorhynchus_anatinus","Ornithorhynchus_anatinus.2"
"39","Nanophoca_vitulinoides","Nanophoca_vitulinoides.2"
"40","Caiman_yacare","Caiman_yacare.2"
"41","Maiacetus","Maiacetus.3"
"42","Choeropsis_liberiensis","Choeropsis_liberiensis.2"
"43","Basilosaurus","Basilosaurus.1"
"44","Micropotamogale_euwenzorii","Micropotamogale_euwenzorii.2"
"45","Remingtonocetus","Remingtonocetus.1"
"46","Simosaurus","Simosaurus.1"
"47","Micropotamogale_euwenzorii","Micropotamogale_euwenzorii.3"
"48","Spinosaurus_","Spinosaurus_.1"
"49","Spinosaurus_","Spinosaurus_.2"
"50","Spinosaurus_","Spinosaurus_.3"
"51","Spinosaurus_","Spinosaurus_.4"
"52","Spinosaurus_","Spinosaurus_.5"
"53","Spinosaurus_","Spinosaurus_.6"
"54","Spinosaurus_","Spinosaurus_.7"
"55","Spinosaurus_","Spinosaurus_.8"
"56","Spinosaurus_","Spinosaurus_.9"
"57","Spinosaurus_","Spinosaurus_.10"
"58","Spinosaurus_","Spinosaurus_.11"
"59","Suchomimus","Suchomimus.1"
"60","Suchomimus","Suchomimus.2"
"61","Suchomimus","Suchomimus.3"
"62","Baryonyx","Baryonyx.1"
"63","Baryonyx","Baryonyx.2"
"64","Baryonyx","Baryonyx.3"
 
* Phylo tree and the main data and strata files have been modified to include duplicated taxa before the scaled random trees are generated.
* Selected categorical labels column: diving.or.not
* diving.or.equal column is identical to Diving column.
* Regression excludes flying taxa.
* Diving labels that are present in regression: 0,2
* lambda (calculated from a random tree) = : 0.09
* index-name alignment check: OK
