Logfile for a session of program: bootstrap_binary.r
-----------------------------------------------------
INPUT:
workDir: C:/dino_nature/output/2023-11-07-D1\bs/set_835
Nbootstrapsets: 2000
phyloFDAfile: c:/dino_nature/code/phylo.fda.R
auxFile: c:/dino_nature/code/auxiliary.r
boneType: femur
regressionData.file: C:/dino_nature/output/2023-11-07-D1\bs/set_835/femur_set_835.csv
applyDataFilter: FALSE
addTreeTips: TRUE
Ntrees: 100
calculateTrees: TRUE
saveTrees: FALSE


OPERATIONAL CHECKS:
* Regression data contains multiple copies of some taxa (user added variants of existing test taxa 
   or replacements due to bootstrap are present) which are not in the phylo tree:
     original taxon,   duplicate   
"1","Procavia_capensis","Procavia_capensis.1"
"2","Bison_bonasus","Bison_bonasus.1"
"3","Syncerus_caffer","Syncerus_caffer.1"
"4","Uncia_uncia","Uncia_uncia.1"
"5","Syncerus_caffer","Syncerus_caffer.2"
"6","Procyon_lotor","Procyon_lotor.1"
"7","Procavia_capensis","Procavia_capensis.2"
"8","Rhynchocyon_petersi","Rhynchocyon_petersi.1"
"9","Meles_meles","Meles_meles.1"
"10","Pogona_viceps","Pogona_viceps.1"
"11","Apteryx_owenii_","Apteryx_owenii_.1"
"12","Procyon_lotor","Procyon_lotor.2"
"13","Meles_meles","Meles_meles.2"
"14","Microgale_thomasi","Microgale_thomasi.1"
"15","Elomeryx_borbonicus_","Elomeryx_borbonicus_.1"
"16","Bison_bonasus","Bison_bonasus.2"
"17","Vulpes_vulpes","Vulpes_vulpes.1"
"18","Rangifer_tarandus","Rangifer_tarandus.1"
"19","Xenicus_giliventris","Xenicus_giliventris.1"
"20","Ceratotherium_simum","Ceratotherium_simum.1"
"21","Simosaurus_1","Simosaurus_1.1"
"22","Aptenodytes______","Aptenodytes______.1"
"23","Spheniscus","Spheniscus.1"
"24","Aptenodytes______","Aptenodytes______.2"
"25","Nothosaurus_mirabilis","Nothosaurus_mirabilis.1"
"26","Leptophoca_proxima","Leptophoca_proxima.1"
"27","Castor_fiber","Castor_fiber.1"
"28","Indohyus","Indohyus.1"
"29","Hesperornis","Hesperornis.1"
"30","Paraplacodus","Paraplacodus.1"
"31","Paraplacodus","Paraplacodus.2"
"32","Chapsosaurus_","Chapsosaurus_.1"
"33","Lutra_vulgaris","Lutra_vulgaris.1"
"34","Hesperornis","Hesperornis.2"
"35","large_eocene_stem_penguin","large_eocene_stem_penguin.1"
"36","Serpianosaurus","Serpianosaurus.1"
"37","Nothosaurus_mirabilis_1","Nothosaurus_mirabilis_1.1"
"38","Chapsosaurus_","Chapsosaurus_.2"
"39","Spheniscus","Spheniscus.2"
"40","Nothosaurus_mirabilis","Nothosaurus_mirabilis.2"
"41","Spinosaurus_","Spinosaurus_.1"
"42","Spinosaurus_","Spinosaurus_.2"
"43","Spinosaurus_","Spinosaurus_.3"
"44","Spinosaurus_","Spinosaurus_.4"
"45","Spinosaurus_","Spinosaurus_.5"
"46","Spinosaurus_","Spinosaurus_.6"
"47","Spinosaurus_","Spinosaurus_.7"
"48","Spinosaurus_","Spinosaurus_.8"
"49","Spinosaurus_","Spinosaurus_.9"
"50","Spinosaurus_","Spinosaurus_.10"
"51","Spinosaurus_","Spinosaurus_.11"
"52","Suchomimus","Suchomimus.1"
"53","Suchomimus","Suchomimus.2"
"54","Suchomimus","Suchomimus.3"
"55","Baryonyx","Baryonyx.1"
"56","Baryonyx","Baryonyx.2"
"57","Baryonyx","Baryonyx.3"
 
* Phylo tree and the main data and strata files have been modified to include duplicated taxa before the scaled random trees are generated.
* Selected categorical labels column: diving.or.not
* diving.or.equal column is identical to Diving column.
* Regression excludes flying taxa.
* Diving labels that are present in regression: 0,2
* lambda (calculated from a random tree) = : 0.09
* index-name alignment check: OK
