Logfile for a session of program: bootstrap_binary.r
-----------------------------------------------------
INPUT:
workDir: C:/dino_nature/output/2023-11-07-D1\bs/set_1651
Nbootstrapsets: 2000
phyloFDAfile: c:/dino_nature/code/phylo.fda.R
auxFile: c:/dino_nature/code/auxiliary.r
boneType: femur
regressionData.file: C:/dino_nature/output/2023-11-07-D1\bs/set_1651/femur_set_1651.csv
applyDataFilter: FALSE
addTreeTips: TRUE
Ntrees: 100
calculateTrees: TRUE
saveTrees: FALSE


OPERATIONAL CHECKS:
* Regression data contains multiple copies of some taxa (user added variants of existing test taxa 
   or replacements due to bootstrap are present) which are not in the phylo tree:
     original taxon,   duplicate   
"1","Monodelphis_domestica","Monodelphis_domestica.1"
"2","Cephalophus_silvicultor","Cephalophus_silvicultor.1"
"3","Mustela_nivalis","Mustela_nivalis.1"
"4","Vulpes_vulpes","Vulpes_vulpes.1"
"5","Monodelphis_domestica","Monodelphis_domestica.2"
"6","Diplomesodon_pulchellum","Diplomesodon_pulchellum.1"
"7","Giraffa_camelopardalis","Giraffa_camelopardalis.1"
"8","Giraffa_camelopardalis","Giraffa_camelopardalis.2"
"9","Rhinoceros_sondaicus","Rhinoceros_sondaicus.1"
"10","Sphenodon_punctatus","Sphenodon_punctatus.1"
"11","Lama_guanicoe","Lama_guanicoe.1"
"12","Giraffa_camelopardalis","Giraffa_camelopardalis.3"
"13","Caloenas_nicobarica","Caloenas_nicobarica.1"
"14","Alces_americanus","Alces_americanus.1"
"15","Porphyrio_hochstetteri","Porphyrio_hochstetteri.1"
"16","Elephas_maximus","Elephas_maximus.1"
"17","Tenrec_ecaudatus","Tenrec_ecaudatus.1"
"18","Elephas_maximus","Elephas_maximus.2"
"19","Porphyrio_hochstetteri","Porphyrio_hochstetteri.2"
"20","Mustela_nivalis","Mustela_nivalis.2"
"21","Sus_scrofa","Sus_scrofa.1"
"22","Aptenodytes______","Aptenodytes______.1"
"23","Cryptoclidus","Cryptoclidus.1"
"24","Placodontia_indet_1","Placodontia_indet_1.1"
"25","Aptenodytes______","Aptenodytes______.2"
"26","Cricosaurus","Cricosaurus.1"
"27","Cricosaurus","Cricosaurus.2"
"28","Aptenodytes______","Aptenodytes______.3"
"29","Cricosaurus","Cricosaurus.3"
"30","Alligator","Alligator.1"
"31","Remingtonocetus","Remingtonocetus.1"
"32","Placodontia_indet_1","Placodontia_indet_1.2"
"33","Palaeospheniscus","Palaeospheniscus.1"
"34","Palaeospheniscus","Palaeospheniscus.2"
"35","Simosaurus_1","Simosaurus_1.1"
"36","Dyrosaurid","Dyrosaurid.1"
"37","Palaeospheniscus","Palaeospheniscus.3"
"38","Nothosaurus_102","Nothosaurus_102.1"
"39","Serpianosaurus","Serpianosaurus.1"
"40","Hippopotamus_amphibius","Hippopotamus_amphibius.1"
"41","Protochampsidae","Protochampsidae.1"
"42","Neusticosaurus","Neusticosaurus.1"
"43","Nothosaurus_568","Nothosaurus_568.1"
"44","Maiacetus","Maiacetus.1"
"45","Spinosaurus_","Spinosaurus_.1"
"46","Spinosaurus_","Spinosaurus_.2"
"47","Spinosaurus_","Spinosaurus_.3"
"48","Spinosaurus_","Spinosaurus_.4"
"49","Spinosaurus_","Spinosaurus_.5"
"50","Spinosaurus_","Spinosaurus_.6"
"51","Spinosaurus_","Spinosaurus_.7"
"52","Spinosaurus_","Spinosaurus_.8"
"53","Spinosaurus_","Spinosaurus_.9"
"54","Spinosaurus_","Spinosaurus_.10"
"55","Spinosaurus_","Spinosaurus_.11"
"56","Suchomimus","Suchomimus.1"
"57","Suchomimus","Suchomimus.2"
"58","Suchomimus","Suchomimus.3"
"59","Baryonyx","Baryonyx.1"
"60","Baryonyx","Baryonyx.2"
"61","Baryonyx","Baryonyx.3"
 
* Phylo tree and the main data and strata files have been modified to include duplicated taxa before the scaled random trees are generated.
* Selected categorical labels column: diving.or.not
* diving.or.equal column is identical to Diving column.
* Regression excludes flying taxa.
* Diving labels that are present in regression: 0,2
* lambda (calculated from a random tree) = : 0.13
* index-name alignment check: OK
