Logfile for a session of program: bootstrap_binary.r
-----------------------------------------------------
INPUT:
workDir: C:/dino_nature/output/2023-11-07-D1\bs/set_349
Nbootstrapsets: 2000
phyloFDAfile: c:/dino_nature/code/phylo.fda.R
auxFile: c:/dino_nature/code/auxiliary.r
boneType: femur
regressionData.file: C:/dino_nature/output/2023-11-07-D1\bs/set_349/femur_set_349.csv
applyDataFilter: FALSE
addTreeTips: TRUE
Ntrees: 100
calculateTrees: TRUE
saveTrees: FALSE


OPERATIONAL CHECKS:
* Regression data contains multiple copies of some taxa (user added variants of existing test taxa 
   or replacements due to bootstrap are present) which are not in the phylo tree:
     original taxon,   duplicate   
"1","Paguma_larvata","Paguma_larvata.1"
"2","Tamandua_tetradactyla","Tamandua_tetradactyla.1"
"3","Megaloceros_sp","Megaloceros_sp.1"
"4","Monodelphis_domestica","Monodelphis_domestica.1"
"5","Mustela_nivalis","Mustela_nivalis.1"
"6","Euroscaptor_micrura","Euroscaptor_micrura.1"
"7","Elephas_maximus","Elephas_maximus.1"
"8","Syncerus_caffer","Syncerus_caffer.1"
"9","Pogona_viceps","Pogona_viceps.1"
"10","Apteryx_australis","Apteryx_australis.1"
"11","Monodelphis_domestica","Monodelphis_domestica.2"
"12","Tamandua_tetradactyla","Tamandua_tetradactyla.2"
"13","Pogona_viceps","Pogona_viceps.2"
"14","Euroscaptor_micrura","Euroscaptor_micrura.2"
"15","Diplomesodon_pulchellum","Diplomesodon_pulchellum.1"
"16","Pogona_viceps","Pogona_viceps.3"
"17","Euroscaptor_micrura","Euroscaptor_micrura.3"
"18","Elomeryx_borbonicus_","Elomeryx_borbonicus_.1"
"19","Vulpes_vulpes","Vulpes_vulpes.1"
"20","Procyon_lotor","Procyon_lotor.1"
"21","Syncerus_caffer","Syncerus_caffer.2"
"22","Brachyodus_onoideum","Brachyodus_onoideum.1"
"23","Paguma_larvata","Paguma_larvata.2"
"24","Psephoderma","Psephoderma.1"
"25","Paraplacodus","Paraplacodus.1"
"26","Protochampsidae","Protochampsidae.1"
"27","Phalacrocorax_harrisi","Phalacrocorax_harrisi.1"
"28","Alligator","Alligator.1"
"29","Protochampsidae","Protochampsidae.2"
"30","Small_Eocene_penguin","Small_Eocene_penguin.1"
"31","Castor_fiber","Castor_fiber.1"
"32","Indohyus","Indohyus.1"
"33","Simosaurus","Simosaurus.1"
"34","Rodhocetus","Rodhocetus.1"
"35","Protochampsidae","Protochampsidae.3"
"36","Callophoca_obscura","Callophoca_obscura.1"
"37","Cricosaurus","Cricosaurus.1"
"38","Palaeospheniscus","Palaeospheniscus.1"
"39","Phocanella_pumila","Phocanella_pumila.1"
"40","Metryorhynchus","Metryorhynchus.1"
"41","Hexaprotodon_garyam","Hexaprotodon_garyam.1"
"42","Phalacrocorax_harrisi","Phalacrocorax_harrisi.2"
"43","Maiacetus","Maiacetus.1"
"44","Simosaurus_1","Simosaurus_1.1"
"45","Spinosaurus_","Spinosaurus_.1"
"46","Spinosaurus_","Spinosaurus_.2"
"47","Spinosaurus_","Spinosaurus_.3"
"48","Spinosaurus_","Spinosaurus_.4"
"49","Spinosaurus_","Spinosaurus_.5"
"50","Spinosaurus_","Spinosaurus_.6"
"51","Spinosaurus_","Spinosaurus_.7"
"52","Spinosaurus_","Spinosaurus_.8"
"53","Spinosaurus_","Spinosaurus_.9"
"54","Spinosaurus_","Spinosaurus_.10"
"55","Spinosaurus_","Spinosaurus_.11"
"56","Suchomimus","Suchomimus.1"
"57","Suchomimus","Suchomimus.2"
"58","Suchomimus","Suchomimus.3"
"59","Baryonyx","Baryonyx.1"
"60","Baryonyx","Baryonyx.2"
"61","Baryonyx","Baryonyx.3"
 
* Phylo tree and the main data and strata files have been modified to include duplicated taxa before the scaled random trees are generated.
* Selected categorical labels column: diving.or.not
* diving.or.equal column is identical to Diving column.
* Regression excludes flying taxa.
* Diving labels that are present in regression: 0,2
* lambda (calculated from a random tree) = : 0.13
* index-name alignment check: OK
