Logfile for a session of program: bootstrap_binary.r
-----------------------------------------------------
INPUT:
workDir: C:/dino_nature/output/2023-11-07-D1\bs/set_1582
Nbootstrapsets: 2000
phyloFDAfile: c:/dino_nature/code/phylo.fda.R
auxFile: c:/dino_nature/code/auxiliary.r
boneType: femur
regressionData.file: C:/dino_nature/output/2023-11-07-D1\bs/set_1582/femur_set_1582.csv
applyDataFilter: FALSE
addTreeTips: TRUE
Ntrees: 100
calculateTrees: TRUE
saveTrees: FALSE


OPERATIONAL CHECKS:
* Regression data contains multiple copies of some taxa (user added variants of existing test taxa 
   or replacements due to bootstrap are present) which are not in the phylo tree:
     original taxon,   duplicate   
"1","Rhinoceros_sondaicus","Rhinoceros_sondaicus.1"
"2","Xenicus_giliventris","Xenicus_giliventris.1"
"3","Xenicus_giliventris","Xenicus_giliventris.2"
"4","Nyctereutes_procyonoides","Nyctereutes_procyonoides.1"
"5","Atlantisia_rogersi","Atlantisia_rogersi.1"
"6","Nyctereutes_procyonoides","Nyctereutes_procyonoides.2"
"7","Vulpes_vulpes","Vulpes_vulpes.1"
"8","Elomeryx_borbonicus_","Elomeryx_borbonicus_.1"
"9","Mammuthus_sp","Mammuthus_sp.1"
"10","Uncia_uncia","Uncia_uncia.1"
"11","Dromaius_","Dromaius_.1"
"12","Apteryx_australis","Apteryx_australis.1"
"13","Rangifer_tarandus","Rangifer_tarandus.1"
"14","Bos_taurus","Bos_taurus.1"
"15","Felis_felis","Felis_felis.1"
"16","Vulpes_vulpes","Vulpes_vulpes.2"
"17","Diplomesodon_pulchellum","Diplomesodon_pulchellum.1"
"18","Hippopotamus_amphibius","Hippopotamus_amphibius.1"
"19","Cryptoclidus","Cryptoclidus.1"
"20","Simosaurus_1","Simosaurus_1.1"
"21","Desmostylus_hesperus","Desmostylus_hesperus.1"
"22","Nanophoca_vitulinoides","Nanophoca_vitulinoides.1"
"23","Desmostylus_hesperus","Desmostylus_hesperus.2"
"24","Simosaurus_1","Simosaurus_1.2"
"25","Ichtyosaur_sp","Ichtyosaur_sp.1"
"26","Desmostylus_hesperus","Desmostylus_hesperus.3"
"27","Castor_fiber","Castor_fiber.1"
"28","Nothosaurus_150","Nothosaurus_150.1"
"29","Hippopotamus_amphibius","Hippopotamus_amphibius.2"
"30","Ichtyosaur_sp","Ichtyosaur_sp.2"
"31","Cryptoclidus","Cryptoclidus.2"
"32","Castor_fiber","Castor_fiber.2"
"33","Desmana_moschata","Desmana_moschata.1"
"34","Nothosaurus_mirabilis_1","Nothosaurus_mirabilis_1.1"
"35","Neusticosaurus","Neusticosaurus.1"
"36","Hexaprotodon_garyam","Hexaprotodon_garyam.1"
"37","Spinosaurus_","Spinosaurus_.1"
"38","Spinosaurus_","Spinosaurus_.2"
"39","Spinosaurus_","Spinosaurus_.3"
"40","Spinosaurus_","Spinosaurus_.4"
"41","Spinosaurus_","Spinosaurus_.5"
"42","Spinosaurus_","Spinosaurus_.6"
"43","Spinosaurus_","Spinosaurus_.7"
"44","Spinosaurus_","Spinosaurus_.8"
"45","Spinosaurus_","Spinosaurus_.9"
"46","Spinosaurus_","Spinosaurus_.10"
"47","Spinosaurus_","Spinosaurus_.11"
"48","Suchomimus","Suchomimus.1"
"49","Suchomimus","Suchomimus.2"
"50","Suchomimus","Suchomimus.3"
"51","Baryonyx","Baryonyx.1"
"52","Baryonyx","Baryonyx.2"
"53","Baryonyx","Baryonyx.3"
 
* Phylo tree and the main data and strata files have been modified to include duplicated taxa before the scaled random trees are generated.
* Selected categorical labels column: diving.or.not
* diving.or.equal column is identical to Diving column.
* Regression excludes flying taxa.
* Diving labels that are present in regression: 0,2
* lambda (calculated from a random tree) = : 0.07
* index-name alignment check: OK
