Logfile for a session of program: bootstrap_binary.r
-----------------------------------------------------
INPUT:
workDir: C:/dino_nature/output/2023-11-07-D1\bs/set_636
Nbootstrapsets: 2000
phyloFDAfile: c:/dino_nature/code/phylo.fda.R
auxFile: c:/dino_nature/code/auxiliary.r
boneType: femur
regressionData.file: C:/dino_nature/output/2023-11-07-D1\bs/set_636/femur_set_636.csv
applyDataFilter: FALSE
addTreeTips: TRUE
Ntrees: 100
calculateTrees: TRUE
saveTrees: FALSE


OPERATIONAL CHECKS:
* Regression data contains multiple copies of some taxa (user added variants of existing test taxa 
   or replacements due to bootstrap are present) which are not in the phylo tree:
     original taxon,   duplicate   
"1","Rynochetus_jubatus","Rynochetus_jubatus.1"
"2","Meles_meles","Meles_meles.1"
"3","Cephalophus_silvicultor","Cephalophus_silvicultor.1"
"4","Alces_americanus","Alces_americanus.1"
"5","Diplomesodon_pulchellum","Diplomesodon_pulchellum.1"
"6","Rattus_rattus","Rattus_rattus.1"
"7","Felis_felis","Felis_felis.1"
"8","Elephas_maximus","Elephas_maximus.1"
"9","Tribonyx_mortieri","Tribonyx_mortieri.1"
"10","Raphus","Raphus.1"
"11","Meles_meles","Meles_meles.2"
"12","Procavia_capensis","Procavia_capensis.1"
"13","Megaloceros_sp","Megaloceros_sp.1"
"14","Uncia_uncia","Uncia_uncia.1"
"15","Procavia_capensis","Procavia_capensis.2"
"16","Nyctereutes_procyonoides","Nyctereutes_procyonoides.1"
"17","Ceratotherium_simum","Ceratotherium_simum.1"
"18","Diplomesodon_pulchellum","Diplomesodon_pulchellum.2"
"19","Okapia_johnstoni","Okapia_johnstoni.1"
"20","Rynochetus_jubatus","Rynochetus_jubatus.2"
"21","Metryorhynchus","Metryorhynchus.1"
"22","Maiacetus","Maiacetus.1"
"23","Chapsosaurus_","Chapsosaurus_.1"
"24","Phalacrocorax_harrisi","Phalacrocorax_harrisi.1"
"25","Chapsosaurus_","Chapsosaurus_.2"
"26","Metryorhynchus","Metryorhynchus.2"
"27","Phocanella_pumila","Phocanella_pumila.1"
"28","Ichtyosaurus_","Ichtyosaurus_.1"
"29","Spheniscus","Spheniscus.1"
"30","Leptophoca_proxima","Leptophoca_proxima.1"
"31","Serpianosaurus","Serpianosaurus.1"
"32","Plesiosaurus","Plesiosaurus.1"
"33","Indohyus","Indohyus.1"
"34","Micropotamogale_euwenzorii","Micropotamogale_euwenzorii.1"
"35","Psephoderma","Psephoderma.1"
"36","Leptophoca_proxima","Leptophoca_proxima.2"
"37","Caiman_yacare","Caiman_yacare.1"
"38","Protochampsidae","Protochampsidae.1"
"39","Spheniscus","Spheniscus.2"
"40","Nothosaurus_568","Nothosaurus_568.1"
"41","Micropotamogale_euwenzorii","Micropotamogale_euwenzorii.2"
"42","Nothosaurus_568","Nothosaurus_568.2"
"43","Cricosaurus","Cricosaurus.1"
"44","Lutra_vulgaris","Lutra_vulgaris.1"
"45","Callophoca_obscura","Callophoca_obscura.1"
"46","Paraplacodus","Paraplacodus.1"
"47","Spinosaurus_","Spinosaurus_.1"
"48","Spinosaurus_","Spinosaurus_.2"
"49","Spinosaurus_","Spinosaurus_.3"
"50","Spinosaurus_","Spinosaurus_.4"
"51","Spinosaurus_","Spinosaurus_.5"
"52","Spinosaurus_","Spinosaurus_.6"
"53","Spinosaurus_","Spinosaurus_.7"
"54","Spinosaurus_","Spinosaurus_.8"
"55","Spinosaurus_","Spinosaurus_.9"
"56","Spinosaurus_","Spinosaurus_.10"
"57","Spinosaurus_","Spinosaurus_.11"
"58","Suchomimus","Suchomimus.1"
"59","Suchomimus","Suchomimus.2"
"60","Suchomimus","Suchomimus.3"
"61","Baryonyx","Baryonyx.1"
"62","Baryonyx","Baryonyx.2"
"63","Baryonyx","Baryonyx.3"
 
* Phylo tree and the main data and strata files have been modified to include duplicated taxa before the scaled random trees are generated.
* Selected categorical labels column: diving.or.not
* diving.or.equal column is identical to Diving column.
* Regression excludes flying taxa.
* Diving labels that are present in regression: 0,2
* lambda (calculated from a random tree) = : 0.13
* index-name alignment check: OK
