Logfile for a session of program: bootstrap_binary.r
-----------------------------------------------------
INPUT:
workDir: C:/dino_nature/output/2023-11-07-D1\bs/set_1525
Nbootstrapsets: 2000
phyloFDAfile: c:/dino_nature/code/phylo.fda.R
auxFile: c:/dino_nature/code/auxiliary.r
boneType: femur
regressionData.file: C:/dino_nature/output/2023-11-07-D1\bs/set_1525/femur_set_1525.csv
applyDataFilter: FALSE
addTreeTips: TRUE
Ntrees: 100
calculateTrees: TRUE
saveTrees: FALSE


OPERATIONAL CHECKS:
* Regression data contains multiple copies of some taxa (user added variants of existing test taxa 
   or replacements due to bootstrap are present) which are not in the phylo tree:
     original taxon,   duplicate   
"1","Paguma_larvata","Paguma_larvata.1"
"2","Paguma_larvata","Paguma_larvata.2"
"3","Strigiops_habroptilus","Strigiops_habroptilus.1"
"4","Hemiechinus_azurites","Hemiechinus_azurites.1"
"5","Dicerorhinus_sumatrensis","Dicerorhinus_sumatrensis.1"
"6","Cephalophus_silvicultor","Cephalophus_silvicultor.1"
"7","Porphyrio_hochstetteri","Porphyrio_hochstetteri.1"
"8","Sus_scrofa","Sus_scrofa.1"
"9","Loxodonta_africana","Loxodonta_africana.1"
"10","Rhynchocyon_petersi","Rhynchocyon_petersi.1"
"11","Loxodonta_africana","Loxodonta_africana.2"
"12","Rynochetus_jubatus","Rynochetus_jubatus.1"
"13","Rynochetus_jubatus","Rynochetus_jubatus.2"
"14","Loxodonta_africana","Loxodonta_africana.3"
"15","Sphenodon_punctatus","Sphenodon_punctatus.1"
"16","Myrmecophaga_tridactyla","Myrmecophaga_tridactyla.1"
"17","Elomeryx_borbonicus_","Elomeryx_borbonicus_.1"
"18","Porphyrio_hochstetteri","Porphyrio_hochstetteri.2"
"19","Rynochetus_jubatus","Rynochetus_jubatus.3"
"20","Hexaprotodon_garyam","Hexaprotodon_garyam.1"
"21","Ichtyosaur_sp","Ichtyosaur_sp.1"
"22","Rhaeticosaurus","Rhaeticosaurus.1"
"23","Rhaeticosaurus","Rhaeticosaurus.2"
"24","Rhaeticosaurus","Rhaeticosaurus.3"
"25","Paraplacodus","Paraplacodus.1"
"26","Nothosaurus_giganteus","Nothosaurus_giganteus.1"
"27","Chironectes_minimus","Chironectes_minimus.1"
"28","Nothosaurus_150","Nothosaurus_150.1"
"29","Ichtyosaur_sp","Ichtyosaur_sp.2"
"30","Nanophoca_vitulinoides","Nanophoca_vitulinoides.1"
"31","Maiacetus","Maiacetus.1"
"32","Phalacrocorax_harrisi","Phalacrocorax_harrisi.1"
"33","Nanophoca_vitulinoides","Nanophoca_vitulinoides.2"
"34","Ichtyosaurus_","Ichtyosaurus_.1"
"35","Nanophoca_vitulinoides","Nanophoca_vitulinoides.3"
"36","Dyrosaurid","Dyrosaurid.1"
"37","Dyrosaurid","Dyrosaurid.2"
"38","Cricosaurus","Cricosaurus.1"
"39","Maiacetus","Maiacetus.2"
"40","Palaeospheniscus","Palaeospheniscus.1"
"41","Spinosaurus_","Spinosaurus_.1"
"42","Spinosaurus_","Spinosaurus_.2"
"43","Spinosaurus_","Spinosaurus_.3"
"44","Spinosaurus_","Spinosaurus_.4"
"45","Spinosaurus_","Spinosaurus_.5"
"46","Spinosaurus_","Spinosaurus_.6"
"47","Spinosaurus_","Spinosaurus_.7"
"48","Spinosaurus_","Spinosaurus_.8"
"49","Spinosaurus_","Spinosaurus_.9"
"50","Spinosaurus_","Spinosaurus_.10"
"51","Spinosaurus_","Spinosaurus_.11"
"52","Suchomimus","Suchomimus.1"
"53","Suchomimus","Suchomimus.2"
"54","Suchomimus","Suchomimus.3"
"55","Baryonyx","Baryonyx.1"
"56","Baryonyx","Baryonyx.2"
"57","Baryonyx","Baryonyx.3"
 
* Phylo tree and the main data and strata files have been modified to include duplicated taxa before the scaled random trees are generated.
* Selected categorical labels column: diving.or.not
* diving.or.equal column is identical to Diving column.
* Regression excludes flying taxa.
* Diving labels that are present in regression: 0,2
* lambda (calculated from a random tree) = : 0.13
* index-name alignment check: OK
