Logfile for a session of program: bootstrap_binary.r
-----------------------------------------------------
INPUT:
workDir: C:/dino_nature/output/2023-11-07-D1\bs/set_1279
Nbootstrapsets: 2000
phyloFDAfile: c:/dino_nature/code/phylo.fda.R
auxFile: c:/dino_nature/code/auxiliary.r
boneType: femur
regressionData.file: C:/dino_nature/output/2023-11-07-D1\bs/set_1279/femur_set_1279.csv
applyDataFilter: FALSE
addTreeTips: TRUE
Ntrees: 100
calculateTrees: TRUE
saveTrees: FALSE


OPERATIONAL CHECKS:
* Regression data contains multiple copies of some taxa (user added variants of existing test taxa 
   or replacements due to bootstrap are present) which are not in the phylo tree:
     original taxon,   duplicate   
"1","Diplomesodon_pulchellum","Diplomesodon_pulchellum.1"
"2","Paguma_larvata","Paguma_larvata.1"
"3","Bos_taurus","Bos_taurus.1"
"4","Tribonyx_mortieri","Tribonyx_mortieri.1"
"5","Rynochetus_jubatus","Rynochetus_jubatus.1"
"6","Rattus_rattus","Rattus_rattus.1"
"7","Ceratotherium_simum","Ceratotherium_simum.1"
"8","Tamandua_tetradactyla","Tamandua_tetradactyla.1"
"9","Felis_felis","Felis_felis.1"
"10","Raphus","Raphus.1"
"11","Bos_taurus","Bos_taurus.2"
"12","Ceratotherium_simum","Ceratotherium_simum.2"
"13","Alces_americanus","Alces_americanus.1"
"14","Pogona_viceps","Pogona_viceps.1"
"15","Lacerta_viridis","Lacerta_viridis.1"
"16","Myrmecophaga_tridactyla","Myrmecophaga_tridactyla.1"
"17","Mustela_nivalis","Mustela_nivalis.1"
"18","Tribonyx_mortieri","Tribonyx_mortieri.2"
"19","Nyctereutes_procyonoides","Nyctereutes_procyonoides.1"
"20","Lacerta_viridis","Lacerta_viridis.2"
"21","Rhaeticosaurus","Rhaeticosaurus.1"
"22","Rhaeticosaurus","Rhaeticosaurus.2"
"23","Hippopotamus_amphibius","Hippopotamus_amphibius.1"
"24","Protochampsidae","Protochampsidae.1"
"25","Desmostylus_hesperus","Desmostylus_hesperus.1"
"26","Chironectes_minimus","Chironectes_minimus.1"
"27","Protochampsidae","Protochampsidae.2"
"28","Ichtyosaur_sp","Ichtyosaur_sp.1"
"29","Noemys_fodies","Noemys_fodies.1"
"30","Ornithorhynchus_anatinus","Ornithorhynchus_anatinus.1"
"31","Caiman_yacare","Caiman_yacare.1"
"32","Neusticosaurus","Neusticosaurus.1"
"33","Hydromys_chrysogaster","Hydromys_chrysogaster.1"
"34","Chironectes_minimus","Chironectes_minimus.2"
"35","Otaria_byronia","Otaria_byronia.1"
"36","Simosaurus","Simosaurus.1"
"37","Metryorhynchus","Metryorhynchus.1"
"38","Hydromys_chrysogaster","Hydromys_chrysogaster.2"
"39","Basilosaurus","Basilosaurus.1"
"40","Nanophoca_vitulinoides","Nanophoca_vitulinoides.1"
"41","Phocanella_pumila","Phocanella_pumila.1"
"42","Phocanella_pumila","Phocanella_pumila.2"
"43","Ornithorhynchus_anatinus","Ornithorhynchus_anatinus.2"
"44","Spinosaurus_","Spinosaurus_.1"
"45","Spinosaurus_","Spinosaurus_.2"
"46","Spinosaurus_","Spinosaurus_.3"
"47","Spinosaurus_","Spinosaurus_.4"
"48","Spinosaurus_","Spinosaurus_.5"
"49","Spinosaurus_","Spinosaurus_.6"
"50","Spinosaurus_","Spinosaurus_.7"
"51","Spinosaurus_","Spinosaurus_.8"
"52","Spinosaurus_","Spinosaurus_.9"
"53","Spinosaurus_","Spinosaurus_.10"
"54","Spinosaurus_","Spinosaurus_.11"
"55","Suchomimus","Suchomimus.1"
"56","Suchomimus","Suchomimus.2"
"57","Suchomimus","Suchomimus.3"
"58","Baryonyx","Baryonyx.1"
"59","Baryonyx","Baryonyx.2"
"60","Baryonyx","Baryonyx.3"
 
* Phylo tree and the main data and strata files have been modified to include duplicated taxa before the scaled random trees are generated.
* Selected categorical labels column: diving.or.not
* diving.or.equal column is identical to Diving column.
* Regression excludes flying taxa.
* Diving labels that are present in regression: 0,2
* lambda (calculated from a random tree) = : 0.08
* index-name alignment check: OK
