Logfile for a session of program: bootstrap_binary.r
-----------------------------------------------------
INPUT:
workDir: C:/dino_nature/output/2023-11-07-D1\bs/set_1535
Nbootstrapsets: 2000
phyloFDAfile: c:/dino_nature/code/phylo.fda.R
auxFile: c:/dino_nature/code/auxiliary.r
boneType: femur
regressionData.file: C:/dino_nature/output/2023-11-07-D1\bs/set_1535/femur_set_1535.csv
applyDataFilter: FALSE
addTreeTips: TRUE
Ntrees: 100
calculateTrees: TRUE
saveTrees: FALSE


OPERATIONAL CHECKS:
* Regression data contains multiple copies of some taxa (user added variants of existing test taxa 
   or replacements due to bootstrap are present) which are not in the phylo tree:
     original taxon,   duplicate   
"1","Dromaius_","Dromaius_.1"
"2","Dasyurus_maculatus","Dasyurus_maculatus.1"
"3","Porphyrio_hochstetteri","Porphyrio_hochstetteri.1"
"4","Euroscaptor_micrura","Euroscaptor_micrura.1"
"5","Mus_musculus","Mus_musculus.1"
"6","Procyon_lotor","Procyon_lotor.1"
"7","Okapia_johnstoni","Okapia_johnstoni.1"
"8","Elomeryx_borbonicus_","Elomeryx_borbonicus_.1"
"9","Rhinoceros_sondaicus","Rhinoceros_sondaicus.1"
"10","Euroscaptor_micrura","Euroscaptor_micrura.2"
"11","Apteryx_owenii_","Apteryx_owenii_.1"
"12","Taxidea_taxus","Taxidea_taxus.1"
"13","Microgale_thomasi","Microgale_thomasi.1"
"14","Mus_musculus","Mus_musculus.2"
"15","Xenicus_giliventris","Xenicus_giliventris.1"
"16","Rattus_rattus","Rattus_rattus.1"
"17","Apteryx_owenii_","Apteryx_owenii_.2"
"18","Strigiops_habroptilus","Strigiops_habroptilus.1"
"19","Atlantisia_rogersi","Atlantisia_rogersi.1"
"20","Sphenodon_punctatus","Sphenodon_punctatus.1"
"21","Xenicus_giliventris","Xenicus_giliventris.2"
"22","Meles_meles","Meles_meles.1"
"23","Elomeryx_borbonicus_","Elomeryx_borbonicus_.2"
"24","Syncerus_caffer","Syncerus_caffer.1"
"25","Euroscaptor_micrura","Euroscaptor_micrura.3"
"26","Indohyus","Indohyus.1"
"27","Psephoderma","Psephoderma.1"
"28","Castor_fiber","Castor_fiber.1"
"29","Neusticosaurus","Neusticosaurus.1"
"30","Hesperornis","Hesperornis.1"
"31","Castor_fiber","Castor_fiber.2"
"32","large_eocene_stem_penguin","large_eocene_stem_penguin.1"
"33","Tapirus_terrestris","Tapirus_terrestris.1"
"34","Dyrosaurid","Dyrosaurid.1"
"35","Psephoderma","Psephoderma.2"
"36","Caiman_yacare","Caiman_yacare.1"
"37","Callophoca_obscura","Callophoca_obscura.1"
"38","Callophoca_obscura","Callophoca_obscura.2"
"39","Ornithorhynchus_anatinus","Ornithorhynchus_anatinus.1"
"40","Hydromys_chrysogaster","Hydromys_chrysogaster.1"
"41","Indohyus","Indohyus.2"
"42","Spheniscus","Spheniscus.1"
"43","Callophoca_obscura","Callophoca_obscura.3"
"44","Callophoca_obscura","Callophoca_obscura.4"
"45","Spinosaurus_","Spinosaurus_.1"
"46","Spinosaurus_","Spinosaurus_.2"
"47","Spinosaurus_","Spinosaurus_.3"
"48","Spinosaurus_","Spinosaurus_.4"
"49","Spinosaurus_","Spinosaurus_.5"
"50","Spinosaurus_","Spinosaurus_.6"
"51","Spinosaurus_","Spinosaurus_.7"
"52","Spinosaurus_","Spinosaurus_.8"
"53","Spinosaurus_","Spinosaurus_.9"
"54","Spinosaurus_","Spinosaurus_.10"
"55","Spinosaurus_","Spinosaurus_.11"
"56","Suchomimus","Suchomimus.1"
"57","Suchomimus","Suchomimus.2"
"58","Suchomimus","Suchomimus.3"
"59","Baryonyx","Baryonyx.1"
"60","Baryonyx","Baryonyx.2"
"61","Baryonyx","Baryonyx.3"
 
* Phylo tree and the main data and strata files have been modified to include duplicated taxa before the scaled random trees are generated.
* Selected categorical labels column: diving.or.not
* diving.or.equal column is identical to Diving column.
* Regression excludes flying taxa.
* Diving labels that are present in regression: 0,2
* lambda (calculated from a random tree) = : 0.06
* index-name alignment check: OK
