Logfile for a session of program: bootstrap_binary.r
-----------------------------------------------------
INPUT:
workDir: C:/dino_nature/output/2023-11-07-D1\bs/set_1231
Nbootstrapsets: 2000
phyloFDAfile: c:/dino_nature/code/phylo.fda.R
auxFile: c:/dino_nature/code/auxiliary.r
boneType: femur
regressionData.file: C:/dino_nature/output/2023-11-07-D1\bs/set_1231/femur_set_1231.csv
applyDataFilter: FALSE
addTreeTips: TRUE
Ntrees: 100
calculateTrees: TRUE
saveTrees: FALSE


OPERATIONAL CHECKS:
* Regression data contains multiple copies of some taxa (user added variants of existing test taxa 
   or replacements due to bootstrap are present) which are not in the phylo tree:
     original taxon,   duplicate   
"1","Tenrec_ecaudatus","Tenrec_ecaudatus.1"
"2","Rhynchocyon_petersi","Rhynchocyon_petersi.1"
"3","Rhynchocyon_petersi","Rhynchocyon_petersi.2"
"4","Raphus","Raphus.1"
"5","Okapia_johnstoni","Okapia_johnstoni.1"
"6","Procavia_capensis","Procavia_capensis.1"
"7","Rupicapra_rupicapra","Rupicapra_rupicapra.1"
"8","Okapia_johnstoni","Okapia_johnstoni.2"
"9","Rynochetus_jubatus","Rynochetus_jubatus.1"
"10","Atlantisia_rogersi","Atlantisia_rogersi.1"
"11","Monodelphis_domestica","Monodelphis_domestica.1"
"12","Rhynchocyon_petersi","Rhynchocyon_petersi.3"
"13","Rangifer_tarandus","Rangifer_tarandus.1"
"14","Bison_bonasus","Bison_bonasus.1"
"15","Apteryx_owenii_","Apteryx_owenii_.1"
"16","Mus_musculus","Mus_musculus.1"
"17","Strigiops_habroptilus","Strigiops_habroptilus.1"
"18","Megaloceros_sp","Megaloceros_sp.1"
"19","Apteryx_owenii_","Apteryx_owenii_.2"
"20","Caloenas_nicobarica","Caloenas_nicobarica.1"
"21","Meles_meles","Meles_meles.1"
"22","Rupicapra_rupicapra","Rupicapra_rupicapra.2"
"23","Cephalophus_silvicultor","Cephalophus_silvicultor.1"
"24","Rupicapra_rupicapra","Rupicapra_rupicapra.3"
"25","Meles_meles","Meles_meles.2"
"26","Rattus_rattus","Rattus_rattus.1"
"27","Rynochetus_jubatus","Rynochetus_jubatus.2"
"28","Otaria_byronia","Otaria_byronia.1"
"29","Desmana_moschata","Desmana_moschata.1"
"30","Micropotamogale_euwenzorii","Micropotamogale_euwenzorii.1"
"31","Indohyus","Indohyus.1"
"32","Nothosaurus_150","Nothosaurus_150.1"
"33","Indohyus","Indohyus.2"
"34","Rhaeticosaurus","Rhaeticosaurus.1"
"35","Micropotamogale_euwenzorii","Micropotamogale_euwenzorii.2"
"36","Nanophoca_vitulinoides","Nanophoca_vitulinoides.1"
"37","Cricosaurus","Cricosaurus.1"
"38","Aptenodytes______","Aptenodytes______.1"
"39","Basilosaurus","Basilosaurus.1"
"40","Rodhocetus","Rodhocetus.1"
"41","Ornithorhynchus_anatinus","Ornithorhynchus_anatinus.1"
"42","Rhaeticosaurus","Rhaeticosaurus.2"
"43","Ornithorhynchus_anatinus","Ornithorhynchus_anatinus.2"
"44","Ichtyosaurus_","Ichtyosaurus_.1"
"45","Indohyus","Indohyus.3"
"46","Caiman_yacare","Caiman_yacare.1"
"47","Placondontia_indet","Placondontia_indet.1"
"48","Nothosaurus_150","Nothosaurus_150.2"
"49","Nothosaurus_giganteus","Nothosaurus_giganteus.1"
"50","Ichtyosaur_sp","Ichtyosaur_sp.1"
"51","Ichtyosaur_sp","Ichtyosaur_sp.2"
"52","Spinosaurus_","Spinosaurus_.1"
"53","Spinosaurus_","Spinosaurus_.2"
"54","Spinosaurus_","Spinosaurus_.3"
"55","Spinosaurus_","Spinosaurus_.4"
"56","Spinosaurus_","Spinosaurus_.5"
"57","Spinosaurus_","Spinosaurus_.6"
"58","Spinosaurus_","Spinosaurus_.7"
"59","Spinosaurus_","Spinosaurus_.8"
"60","Spinosaurus_","Spinosaurus_.9"
"61","Spinosaurus_","Spinosaurus_.10"
"62","Spinosaurus_","Spinosaurus_.11"
"63","Suchomimus","Suchomimus.1"
"64","Suchomimus","Suchomimus.2"
"65","Suchomimus","Suchomimus.3"
"66","Baryonyx","Baryonyx.1"
"67","Baryonyx","Baryonyx.2"
"68","Baryonyx","Baryonyx.3"
 
* Phylo tree and the main data and strata files have been modified to include duplicated taxa before the scaled random trees are generated.
* Selected categorical labels column: diving.or.not
* diving.or.equal column is identical to Diving column.
* Regression excludes flying taxa.
* Diving labels that are present in regression: 0,2
* lambda (calculated from a random tree) = : 0.06
* index-name alignment check: OK
