Logfile for a session of program: bootstrap_binary.r
-----------------------------------------------------
INPUT:
workDir: C:/dino_nature/output/2023-11-07-D1\bs/set_573
Nbootstrapsets: 2000
phyloFDAfile: c:/dino_nature/code/phylo.fda.R
auxFile: c:/dino_nature/code/auxiliary.r
boneType: femur
regressionData.file: C:/dino_nature/output/2023-11-07-D1\bs/set_573/femur_set_573.csv
applyDataFilter: FALSE
addTreeTips: TRUE
Ntrees: 100
calculateTrees: TRUE
saveTrees: FALSE


OPERATIONAL CHECKS:
* Regression data contains multiple copies of some taxa (user added variants of existing test taxa 
   or replacements due to bootstrap are present) which are not in the phylo tree:
     original taxon,   duplicate   
"1","Apteryx_owenii_","Apteryx_owenii_.1"
"2","Apteryx_owenii_","Apteryx_owenii_.2"
"3","Myrmecophaga_tridactyla","Myrmecophaga_tridactyla.1"
"4","Porphyrio_hochstetteri","Porphyrio_hochstetteri.1"
"5","Alces_americanus","Alces_americanus.1"
"6","Rupicapra_rupicapra","Rupicapra_rupicapra.1"
"7","Mammuthus_sp","Mammuthus_sp.1"
"8","Dama_dama","Dama_dama.1"
"9","Elephas_maximus","Elephas_maximus.1"
"10","Tamandua_tetradactyla","Tamandua_tetradactyla.1"
"11","Mus_musculus","Mus_musculus.1"
"12","Tamandua_tetradactyla","Tamandua_tetradactyla.2"
"13","Taxidea_taxus","Taxidea_taxus.1"
"14","Atlantisia_rogersi","Atlantisia_rogersi.1"
"15","Taxidea_taxus","Taxidea_taxus.2"
"16","Dromaius_","Dromaius_.1"
"17","Okapia_johnstoni","Okapia_johnstoni.1"
"18","Raphus","Raphus.1"
"19","Rupicapra_rupicapra","Rupicapra_rupicapra.2"
"20","Microgale_thomasi","Microgale_thomasi.1"
"21","Bos_taurus","Bos_taurus.1"
"22","Rangifer_tarandus","Rangifer_tarandus.1"
"23","Hexaprotodon_garyam","Hexaprotodon_garyam.1"
"24","Metryorhynchus","Metryorhynchus.1"
"25","Maiacetus","Maiacetus.1"
"26","Metryorhynchus","Metryorhynchus.2"
"27","Pistosaurus","Pistosaurus.1"
"28","Metryorhynchus","Metryorhynchus.3"
"29","Otaria_byronia","Otaria_byronia.1"
"30","Cryptoclidus","Cryptoclidus.1"
"31","Spheniscus","Spheniscus.1"
"32","Aptenodytes______","Aptenodytes______.1"
"33","Nothosaurus_150","Nothosaurus_150.1"
"34","Rhaeticosaurus","Rhaeticosaurus.1"
"35","Metryorhynchus","Metryorhynchus.4"
"36","Castor_fiber","Castor_fiber.1"
"37","Indohyus","Indohyus.1"
"38","Callophoca_obscura","Callophoca_obscura.1"
"39","Indohyus","Indohyus.2"
"40","Cricosaurus","Cricosaurus.1"
"41","Phalacrocorax_harrisi","Phalacrocorax_harrisi.1"
"42","Neusticosaurus","Neusticosaurus.1"
"43","Spinosaurus_","Spinosaurus_.1"
"44","Spinosaurus_","Spinosaurus_.2"
"45","Spinosaurus_","Spinosaurus_.3"
"46","Spinosaurus_","Spinosaurus_.4"
"47","Spinosaurus_","Spinosaurus_.5"
"48","Spinosaurus_","Spinosaurus_.6"
"49","Spinosaurus_","Spinosaurus_.7"
"50","Spinosaurus_","Spinosaurus_.8"
"51","Spinosaurus_","Spinosaurus_.9"
"52","Spinosaurus_","Spinosaurus_.10"
"53","Spinosaurus_","Spinosaurus_.11"
"54","Suchomimus","Suchomimus.1"
"55","Suchomimus","Suchomimus.2"
"56","Suchomimus","Suchomimus.3"
"57","Baryonyx","Baryonyx.1"
"58","Baryonyx","Baryonyx.2"
"59","Baryonyx","Baryonyx.3"
 
* Phylo tree and the main data and strata files have been modified to include duplicated taxa before the scaled random trees are generated.
* Selected categorical labels column: diving.or.not
* diving.or.equal column is identical to Diving column.
* Regression excludes flying taxa.
* Diving labels that are present in regression: 0,2
* lambda (calculated from a random tree) = : 0.14
* index-name alignment check: OK
