Logfile for a session of program: bootstrap_binary.r
-----------------------------------------------------
INPUT:
workDir: C:/dino_nature/output/2023-11-07-D1\bs/set_1433
Nbootstrapsets: 2000
phyloFDAfile: c:/dino_nature/code/phylo.fda.R
auxFile: c:/dino_nature/code/auxiliary.r
boneType: femur
regressionData.file: C:/dino_nature/output/2023-11-07-D1\bs/set_1433/femur_set_1433.csv
applyDataFilter: FALSE
addTreeTips: TRUE
Ntrees: 100
calculateTrees: TRUE
saveTrees: FALSE


OPERATIONAL CHECKS:
* Regression data contains multiple copies of some taxa (user added variants of existing test taxa 
   or replacements due to bootstrap are present) which are not in the phylo tree:
     original taxon,   duplicate   
"1","Loxodonta_africana","Loxodonta_africana.1"
"2","Lama_guanicoe","Lama_guanicoe.1"
"3","Microgale_thomasi","Microgale_thomasi.1"
"4","Loxodonta_africana","Loxodonta_africana.2"
"5","Elomeryx_borbonicus_","Elomeryx_borbonicus_.1"
"6","Microgale_thomasi","Microgale_thomasi.2"
"7","Xenicus_giliventris","Xenicus_giliventris.1"
"8","Lama_guanicoe","Lama_guanicoe.2"
"9","Tamandua_tetradactyla","Tamandua_tetradactyla.1"
"10","Microgale_thomasi","Microgale_thomasi.3"
"11","Hemiechinus_azurites","Hemiechinus_azurites.1"
"12","Rattus_rattus","Rattus_rattus.1"
"13","Rattus_rattus","Rattus_rattus.2"
"14","Hemiechinus_azurites","Hemiechinus_azurites.2"
"15","Cephalophus_silvicultor","Cephalophus_silvicultor.1"
"16","Raphus","Raphus.1"
"17","Monodelphis_domestica","Monodelphis_domestica.1"
"18","Myrmecophaga_tridactyla","Myrmecophaga_tridactyla.1"
"19","Apteryx_owenii_","Apteryx_owenii_.1"
"20","Rynochetus_jubatus","Rynochetus_jubatus.1"
"21","Syncerus_caffer","Syncerus_caffer.1"
"22","Uncia_uncia","Uncia_uncia.1"
"23","Euroscaptor_micrura","Euroscaptor_micrura.1"
"24","large_eocene_stem_penguin","large_eocene_stem_penguin.1"
"25","Chapsosaurus_","Chapsosaurus_.1"
"26","Metryorhynchus","Metryorhynchus.1"
"27","Hexaprotodon_garyam","Hexaprotodon_garyam.1"
"28","Hexaprotodon_garyam","Hexaprotodon_garyam.2"
"29","Alligator","Alligator.1"
"30","Ichtyosaurus_","Ichtyosaurus_.1"
"31","Neusticosaurus","Neusticosaurus.1"
"32","Otaria_byronia","Otaria_byronia.1"
"33","Hippopotamus_amphibius","Hippopotamus_amphibius.1"
"34","Maiacetus","Maiacetus.1"
"35","Plesiosaurus","Plesiosaurus.1"
"36","Ornithorhynchus_anatinus","Ornithorhynchus_anatinus.1"
"37","Small_Eocene_penguin","Small_Eocene_penguin.1"
"38","Simosaurus","Simosaurus.1"
"39","Metryorhynchus","Metryorhynchus.2"
"40","Rodhocetus","Rodhocetus.1"
"41","Choeropsis_liberiensis","Choeropsis_liberiensis.1"
"42","Alligator","Alligator.2"
"43","Indohyus","Indohyus.1"
"44","Paraplacodus","Paraplacodus.1"
"45","Simosaurus","Simosaurus.2"
"46","Spinosaurus_","Spinosaurus_.1"
"47","Spinosaurus_","Spinosaurus_.2"
"48","Spinosaurus_","Spinosaurus_.3"
"49","Spinosaurus_","Spinosaurus_.4"
"50","Spinosaurus_","Spinosaurus_.5"
"51","Spinosaurus_","Spinosaurus_.6"
"52","Spinosaurus_","Spinosaurus_.7"
"53","Spinosaurus_","Spinosaurus_.8"
"54","Spinosaurus_","Spinosaurus_.9"
"55","Spinosaurus_","Spinosaurus_.10"
"56","Spinosaurus_","Spinosaurus_.11"
"57","Suchomimus","Suchomimus.1"
"58","Suchomimus","Suchomimus.2"
"59","Suchomimus","Suchomimus.3"
"60","Baryonyx","Baryonyx.1"
"61","Baryonyx","Baryonyx.2"
"62","Baryonyx","Baryonyx.3"
 
* Phylo tree and the main data and strata files have been modified to include duplicated taxa before the scaled random trees are generated.
* Selected categorical labels column: diving.or.not
* diving.or.equal column is identical to Diving column.
* Regression excludes flying taxa.
* Diving labels that are present in regression: 0,2
* lambda (calculated from a random tree) = : 0.11
* index-name alignment check: OK
