Logfile for a session of program: bootstrap_binary.r
-----------------------------------------------------
INPUT:
workDir: C:/dino_nature/output/2023-11-07-D1\bs/set_1216
Nbootstrapsets: 2000
phyloFDAfile: c:/dino_nature/code/phylo.fda.R
auxFile: c:/dino_nature/code/auxiliary.r
boneType: femur
regressionData.file: C:/dino_nature/output/2023-11-07-D1\bs/set_1216/femur_set_1216.csv
applyDataFilter: FALSE
addTreeTips: TRUE
Ntrees: 100
calculateTrees: TRUE
saveTrees: FALSE


OPERATIONAL CHECKS:
* Regression data contains multiple copies of some taxa (user added variants of existing test taxa 
   or replacements due to bootstrap are present) which are not in the phylo tree:
     original taxon,   duplicate   
"1","Rhinoceros_sondaicus","Rhinoceros_sondaicus.1"
"2","Caloenas_nicobarica","Caloenas_nicobarica.1"
"3","Paguma_larvata","Paguma_larvata.1"
"4","Ceratotherium_simum","Ceratotherium_simum.1"
"5","Rhynchocyon_petersi","Rhynchocyon_petersi.1"
"6","Ceratotherium_simum","Ceratotherium_simum.2"
"7","Capreolus_capreolus","Capreolus_capreolus.1"
"8","Brachyodus_onoideum","Brachyodus_onoideum.1"
"9","Diplomesodon_pulchellum","Diplomesodon_pulchellum.1"
"10","Pogona_viceps","Pogona_viceps.1"
"11","Rangifer_tarandus","Rangifer_tarandus.1"
"12","Ceratotherium_simum","Ceratotherium_simum.3"
"13","Syncerus_caffer","Syncerus_caffer.1"
"14","Meles_meles","Meles_meles.1"
"15","Rhinoceros_sondaicus","Rhinoceros_sondaicus.2"
"16","Giraffa_camelopardalis","Giraffa_camelopardalis.1"
"17","Mus_musculus","Mus_musculus.1"
"18","Rhynchocyon_petersi","Rhynchocyon_petersi.2"
"19","Dama_dama","Dama_dama.1"
"20","Tamandua_tetradactyla","Tamandua_tetradactyla.1"
"21","Microgale_thomasi","Microgale_thomasi.1"
"22","Lacerta_viridis","Lacerta_viridis.1"
"23","Nothosaurus_giganteus","Nothosaurus_giganteus.1"
"24","Spheniscus","Spheniscus.1"
"25","Nothosaurus_giganteus","Nothosaurus_giganteus.2"
"26","Palaeospheniscus","Palaeospheniscus.1"
"27","Hexaprotodon_garyam","Hexaprotodon_garyam.1"
"28","Placondontia_indet","Placondontia_indet.1"
"29","Pistosaurus","Pistosaurus.1"
"30","Chironectes_minimus","Chironectes_minimus.1"
"31","Rodhocetus","Rodhocetus.1"
"32","Basilosaurus","Basilosaurus.1"
"33","Micropotamogale_euwenzorii","Micropotamogale_euwenzorii.1"
"34","Nothosaurus_568","Nothosaurus_568.1"
"35","Placondontia_indet","Placondontia_indet.2"
"36","Choeropsis_liberiensis","Choeropsis_liberiensis.1"
"37","Ichtyosaur_sp","Ichtyosaur_sp.1"
"38","Placondontia_indet","Placondontia_indet.3"
"39","Nothosaurus_mirabilis_1","Nothosaurus_mirabilis_1.1"
"40","Nothosaurus_mirabilis","Nothosaurus_mirabilis.1"
"41","Ichtyosaur_sp","Ichtyosaur_sp.2"
"42","Spheniscus","Spheniscus.2"
"43","Callophoca_obscura","Callophoca_obscura.1"
"44","Spinosaurus_","Spinosaurus_.1"
"45","Spinosaurus_","Spinosaurus_.2"
"46","Spinosaurus_","Spinosaurus_.3"
"47","Spinosaurus_","Spinosaurus_.4"
"48","Spinosaurus_","Spinosaurus_.5"
"49","Spinosaurus_","Spinosaurus_.6"
"50","Spinosaurus_","Spinosaurus_.7"
"51","Spinosaurus_","Spinosaurus_.8"
"52","Spinosaurus_","Spinosaurus_.9"
"53","Spinosaurus_","Spinosaurus_.10"
"54","Spinosaurus_","Spinosaurus_.11"
"55","Suchomimus","Suchomimus.1"
"56","Suchomimus","Suchomimus.2"
"57","Suchomimus","Suchomimus.3"
"58","Baryonyx","Baryonyx.1"
"59","Baryonyx","Baryonyx.2"
"60","Baryonyx","Baryonyx.3"
 
* Phylo tree and the main data and strata files have been modified to include duplicated taxa before the scaled random trees are generated.
* Selected categorical labels column: diving.or.not
* diving.or.equal column is identical to Diving column.
* Regression excludes flying taxa.
* Diving labels that are present in regression: 0,2
* lambda (calculated from a random tree) = : 0.09
* index-name alignment check: OK
