Logfile for a session of program: bootstrap_binary.r
-----------------------------------------------------
INPUT:
workDir: C:/dino_nature/output/2023-11-07-D1\bs/set_658
Nbootstrapsets: 2000
phyloFDAfile: c:/dino_nature/code/phylo.fda.R
auxFile: c:/dino_nature/code/auxiliary.r
boneType: femur
regressionData.file: C:/dino_nature/output/2023-11-07-D1\bs/set_658/femur_set_658.csv
applyDataFilter: FALSE
addTreeTips: TRUE
Ntrees: 100
calculateTrees: TRUE
saveTrees: FALSE


OPERATIONAL CHECKS:
* Regression data contains multiple copies of some taxa (user added variants of existing test taxa 
   or replacements due to bootstrap are present) which are not in the phylo tree:
     original taxon,   duplicate   
"1","Megaloceros_sp","Megaloceros_sp.1"
"2","Tribonyx_mortieri","Tribonyx_mortieri.1"
"3","Sus_scrofa","Sus_scrofa.1"
"4","Tamandua_tetradactyla","Tamandua_tetradactyla.1"
"5","Mammuthus_sp","Mammuthus_sp.1"
"6","Brachyodus_onoideum","Brachyodus_onoideum.1"
"7","Paguma_larvata","Paguma_larvata.1"
"8","Brachyodus_onoideum","Brachyodus_onoideum.2"
"9","Caloenas_nicobarica","Caloenas_nicobarica.1"
"10","Okapia_johnstoni","Okapia_johnstoni.1"
"11","Alces_americanus","Alces_americanus.1"
"12","Sus_scrofa","Sus_scrofa.2"
"13","Tribonyx_mortieri","Tribonyx_mortieri.2"
"14","Sus_scrofa","Sus_scrofa.3"
"15","Brachyodus_onoideum","Brachyodus_onoideum.3"
"16","Dromaius_","Dromaius_.1"
"17","Rynochetus_jubatus","Rynochetus_jubatus.1"
"18","Elephas_maximus","Elephas_maximus.1"
"19","Lacerta_viridis","Lacerta_viridis.1"
"20","Okapia_johnstoni","Okapia_johnstoni.2"
"21","Dromaius_","Dromaius_.2"
"22","Lama_guanicoe","Lama_guanicoe.1"
"23","Bison_bonasus","Bison_bonasus.1"
"24","Otaria_byronia","Otaria_byronia.1"
"25","Lutra_vulgaris","Lutra_vulgaris.1"
"26","Phalacrocorax_harrisi","Phalacrocorax_harrisi.1"
"27","Hesperornis","Hesperornis.1"
"28","Nanophoca_vitulinoides","Nanophoca_vitulinoides.1"
"29","Hippopotamus_amphibius","Hippopotamus_amphibius.1"
"30","Caiman_yacare","Caiman_yacare.1"
"31","Simosaurus_1","Simosaurus_1.1"
"32","Noemys_fodies","Noemys_fodies.1"
"33","Castor_fiber","Castor_fiber.1"
"34","Nanophoca_vitulinoides","Nanophoca_vitulinoides.2"
"35","Simosaurus_1","Simosaurus_1.2"
"36","Paraplacodus","Paraplacodus.1"
"37","Small_Eocene_penguin","Small_Eocene_penguin.1"
"38","Lutra_vulgaris","Lutra_vulgaris.2"
"39","Phalacrocorax_harrisi","Phalacrocorax_harrisi.2"
"40","Caiman_yacare","Caiman_yacare.2"
"41","Nothosaurus_568","Nothosaurus_568.1"
"42","Nothosaurus_568","Nothosaurus_568.2"
"43","Phocanella_pumila","Phocanella_pumila.1"
"44","Spinosaurus_","Spinosaurus_.1"
"45","Spinosaurus_","Spinosaurus_.2"
"46","Spinosaurus_","Spinosaurus_.3"
"47","Spinosaurus_","Spinosaurus_.4"
"48","Spinosaurus_","Spinosaurus_.5"
"49","Spinosaurus_","Spinosaurus_.6"
"50","Spinosaurus_","Spinosaurus_.7"
"51","Spinosaurus_","Spinosaurus_.8"
"52","Spinosaurus_","Spinosaurus_.9"
"53","Spinosaurus_","Spinosaurus_.10"
"54","Spinosaurus_","Spinosaurus_.11"
"55","Suchomimus","Suchomimus.1"
"56","Suchomimus","Suchomimus.2"
"57","Suchomimus","Suchomimus.3"
"58","Baryonyx","Baryonyx.1"
"59","Baryonyx","Baryonyx.2"
"60","Baryonyx","Baryonyx.3"
 
* Phylo tree and the main data and strata files have been modified to include duplicated taxa before the scaled random trees are generated.
* Selected categorical labels column: diving.or.not
* diving.or.equal column is identical to Diving column.
* Regression excludes flying taxa.
* Diving labels that are present in regression: 0,2
* lambda (calculated from a random tree) = : 0.09
* index-name alignment check: OK
