Logfile for a session of program: bootstrap_binary.r
-----------------------------------------------------
INPUT:
workDir: C:/dino_nature/output/2023-11-07-D1\bs/set_564
Nbootstrapsets: 2000
phyloFDAfile: c:/dino_nature/code/phylo.fda.R
auxFile: c:/dino_nature/code/auxiliary.r
boneType: femur
regressionData.file: C:/dino_nature/output/2023-11-07-D1\bs/set_564/femur_set_564.csv
applyDataFilter: FALSE
addTreeTips: TRUE
Ntrees: 100
calculateTrees: TRUE
saveTrees: FALSE


OPERATIONAL CHECKS:
* Regression data contains multiple copies of some taxa (user added variants of existing test taxa 
   or replacements due to bootstrap are present) which are not in the phylo tree:
     original taxon,   duplicate   
"1","Elomeryx_borbonicus_","Elomeryx_borbonicus_.1"
"2","Felis_felis","Felis_felis.1"
"3","Rhynchocyon_petersi","Rhynchocyon_petersi.1"
"4","Mammuthus_sp","Mammuthus_sp.1"
"5","Elomeryx_borbonicus_","Elomeryx_borbonicus_.2"
"6","Felis_felis","Felis_felis.2"
"7","Meles_meles","Meles_meles.1"
"8","Monodelphis_domestica","Monodelphis_domestica.1"
"9","Megaloceros_sp","Megaloceros_sp.1"
"10","Meles_meles","Meles_meles.2"
"11","Procyon_lotor","Procyon_lotor.1"
"12","Mammuthus_sp","Mammuthus_sp.2"
"13","Caloenas_nicobarica","Caloenas_nicobarica.1"
"14","Felis_felis","Felis_felis.3"
"15","Cephalophus_silvicultor","Cephalophus_silvicultor.1"
"16","Megaloceros_sp","Megaloceros_sp.2"
"17","Giraffa_camelopardalis","Giraffa_camelopardalis.1"
"18","Dasyurus_maculatus","Dasyurus_maculatus.1"
"19","Diplomesodon_pulchellum","Diplomesodon_pulchellum.1"
"20","Dama_dama","Dama_dama.1"
"21","Rupicapra_rupicapra","Rupicapra_rupicapra.1"
"22","Raphus","Raphus.1"
"23","Rynochetus_jubatus","Rynochetus_jubatus.1"
"24","Paguma_larvata","Paguma_larvata.1"
"25","Tribonyx_mortieri","Tribonyx_mortieri.1"
"26","Micropotamogale_euwenzorii","Micropotamogale_euwenzorii.1"
"27","Small_Eocene_penguin","Small_Eocene_penguin.1"
"28","Plesiosaurus","Plesiosaurus.1"
"29","Alligator","Alligator.1"
"30","Aptenodytes______","Aptenodytes______.1"
"31","Aptenodytes______","Aptenodytes______.2"
"32","Nothosaurus_giganteus","Nothosaurus_giganteus.1"
"33","Callophoca_obscura","Callophoca_obscura.1"
"34","Small_Eocene_penguin","Small_Eocene_penguin.2"
"35","Alligator","Alligator.2"
"36","Small_Eocene_penguin","Small_Eocene_penguin.3"
"37","Spheniscus","Spheniscus.1"
"38","Aptenodytes______","Aptenodytes______.3"
"39","Caiman_yacare","Caiman_yacare.1"
"40","Cricosaurus","Cricosaurus.1"
"41","Nothosaurus_568","Nothosaurus_568.1"
"42","Small_Eocene_penguin","Small_Eocene_penguin.4"
"43","Desmana_moschata","Desmana_moschata.1"
"44","Plesiosaurus","Plesiosaurus.2"
"45","Plesiosaurus","Plesiosaurus.3"
"46","Alligator","Alligator.3"
"47","Castor_fiber","Castor_fiber.1"
"48","Micropotamogale_euwenzorii","Micropotamogale_euwenzorii.2"
"49","Callophoca_obscura","Callophoca_obscura.2"
"50","Phalacrocorax_harrisi","Phalacrocorax_harrisi.1"
"51","Spinosaurus_","Spinosaurus_.1"
"52","Spinosaurus_","Spinosaurus_.2"
"53","Spinosaurus_","Spinosaurus_.3"
"54","Spinosaurus_","Spinosaurus_.4"
"55","Spinosaurus_","Spinosaurus_.5"
"56","Spinosaurus_","Spinosaurus_.6"
"57","Spinosaurus_","Spinosaurus_.7"
"58","Spinosaurus_","Spinosaurus_.8"
"59","Spinosaurus_","Spinosaurus_.9"
"60","Spinosaurus_","Spinosaurus_.10"
"61","Spinosaurus_","Spinosaurus_.11"
"62","Suchomimus","Suchomimus.1"
"63","Suchomimus","Suchomimus.2"
"64","Suchomimus","Suchomimus.3"
"65","Baryonyx","Baryonyx.1"
"66","Baryonyx","Baryonyx.2"
"67","Baryonyx","Baryonyx.3"
 
* Phylo tree and the main data and strata files have been modified to include duplicated taxa before the scaled random trees are generated.
* Selected categorical labels column: diving.or.not
* diving.or.equal column is identical to Diving column.
* Regression excludes flying taxa.
* Diving labels that are present in regression: 0,2
* lambda (calculated from a random tree) = : 0.07
* index-name alignment check: OK
