Logfile for a session of program: bootstrap_binary.r
-----------------------------------------------------
INPUT:
workDir: C:/dino_nature/output/2023-11-07-D1\bs/set_540
Nbootstrapsets: 2000
phyloFDAfile: c:/dino_nature/code/phylo.fda.R
auxFile: c:/dino_nature/code/auxiliary.r
boneType: femur
regressionData.file: C:/dino_nature/output/2023-11-07-D1\bs/set_540/femur_set_540.csv
applyDataFilter: FALSE
addTreeTips: TRUE
Ntrees: 100
calculateTrees: TRUE
saveTrees: FALSE


OPERATIONAL CHECKS:
* Regression data contains multiple copies of some taxa (user added variants of existing test taxa 
   or replacements due to bootstrap are present) which are not in the phylo tree:
     original taxon,   duplicate   
"1","Lama_guanicoe","Lama_guanicoe.1"
"2","Sus_scrofa","Sus_scrofa.1"
"3","Hemiechinus_azurites","Hemiechinus_azurites.1"
"4","Alces_americanus","Alces_americanus.1"
"5","Atlantisia_rogersi","Atlantisia_rogersi.1"
"6","Cephalophus_silvicultor","Cephalophus_silvicultor.1"
"7","Rynochetus_jubatus","Rynochetus_jubatus.1"
"8","Mustela_nivalis","Mustela_nivalis.1"
"9","Hemiechinus_azurites","Hemiechinus_azurites.2"
"10","Sus_scrofa","Sus_scrofa.2"
"11","Diplomesodon_pulchellum","Diplomesodon_pulchellum.1"
"12","Hemiechinus_azurites","Hemiechinus_azurites.3"
"13","Atlantisia_rogersi","Atlantisia_rogersi.2"
"14","Rattus_rattus","Rattus_rattus.1"
"15","Loxodonta_africana","Loxodonta_africana.1"
"16","Apteryx_owenii_","Apteryx_owenii_.1"
"17","Rynochetus_jubatus","Rynochetus_jubatus.2"
"18","Mustela_nivalis","Mustela_nivalis.2"
"19","Ceratotherium_simum","Ceratotherium_simum.1"
"20","Alces_americanus","Alces_americanus.2"
"21","Mammuthus_sp","Mammuthus_sp.1"
"22","Porphyrio_hochstetteri","Porphyrio_hochstetteri.1"
"23","Bos_taurus","Bos_taurus.1"
"24","Hesperornis","Hesperornis.1"
"25","Simosaurus_1","Simosaurus_1.1"
"26","Simosaurus_1","Simosaurus_1.2"
"27","Simosaurus_1","Simosaurus_1.3"
"28","Paraplacodus","Paraplacodus.1"
"29","Cryptoclidus","Cryptoclidus.1"
"30","Nothosaurus_150","Nothosaurus_150.1"
"31","Paraplacodus","Paraplacodus.2"
"32","Simosaurus_1","Simosaurus_1.4"
"33","Leptophoca_proxima","Leptophoca_proxima.1"
"34","Nanophoca_vitulinoides","Nanophoca_vitulinoides.1"
"35","Paraplacodus","Paraplacodus.3"
"36","Ornithorhynchus_anatinus","Ornithorhynchus_anatinus.1"
"37","Phocanella_pumila","Phocanella_pumila.1"
"38","Rhaeticosaurus","Rhaeticosaurus.1"
"39","Serpianosaurus","Serpianosaurus.1"
"40","Neusticosaurus","Neusticosaurus.1"
"41","Tapirus_terrestris","Tapirus_terrestris.1"
"42","Simosaurus_1","Simosaurus_1.5"
"43","Nothosaurus_giganteus","Nothosaurus_giganteus.1"
"44","Nothosaurus_giganteus","Nothosaurus_giganteus.2"
"45","large_eocene_stem_penguin","large_eocene_stem_penguin.1"
"46","Alligator","Alligator.1"
"47","Spinosaurus_","Spinosaurus_.1"
"48","Spinosaurus_","Spinosaurus_.2"
"49","Spinosaurus_","Spinosaurus_.3"
"50","Spinosaurus_","Spinosaurus_.4"
"51","Spinosaurus_","Spinosaurus_.5"
"52","Spinosaurus_","Spinosaurus_.6"
"53","Spinosaurus_","Spinosaurus_.7"
"54","Spinosaurus_","Spinosaurus_.8"
"55","Spinosaurus_","Spinosaurus_.9"
"56","Spinosaurus_","Spinosaurus_.10"
"57","Spinosaurus_","Spinosaurus_.11"
"58","Suchomimus","Suchomimus.1"
"59","Suchomimus","Suchomimus.2"
"60","Suchomimus","Suchomimus.3"
"61","Baryonyx","Baryonyx.1"
"62","Baryonyx","Baryonyx.2"
"63","Baryonyx","Baryonyx.3"
 
* Phylo tree and the main data and strata files have been modified to include duplicated taxa before the scaled random trees are generated.
* Selected categorical labels column: diving.or.not
* diving.or.equal column is identical to Diving column.
* Regression excludes flying taxa.
* Diving labels that are present in regression: 0,2
* lambda (calculated from a random tree) = : 0.13
* index-name alignment check: OK
