Logfile for a session of program: bootstrap_binary.r
-----------------------------------------------------
INPUT:
workDir: C:/dino_nature/output/2023-11-07-D1\bs/set_1457
Nbootstrapsets: 2000
phyloFDAfile: c:/dino_nature/code/phylo.fda.R
auxFile: c:/dino_nature/code/auxiliary.r
boneType: femur
regressionData.file: C:/dino_nature/output/2023-11-07-D1\bs/set_1457/femur_set_1457.csv
applyDataFilter: FALSE
addTreeTips: TRUE
Ntrees: 100
calculateTrees: TRUE
saveTrees: FALSE


OPERATIONAL CHECKS:
* Regression data contains multiple copies of some taxa (user added variants of existing test taxa 
   or replacements due to bootstrap are present) which are not in the phylo tree:
     original taxon,   duplicate   
"1","Raphus","Raphus.1"
"2","Raphus","Raphus.2"
"3","Xenicus_giliventris","Xenicus_giliventris.1"
"4","Xenicus_giliventris","Xenicus_giliventris.2"
"5","Rangifer_tarandus","Rangifer_tarandus.1"
"6","Pogona_viceps","Pogona_viceps.1"
"7","Microgale_thomasi","Microgale_thomasi.1"
"8","Raphus","Raphus.3"
"9","Porphyrio_hochstetteri","Porphyrio_hochstetteri.1"
"10","Rhynchocyon_petersi","Rhynchocyon_petersi.1"
"11","Myrmecophaga_tridactyla","Myrmecophaga_tridactyla.1"
"12","Rattus_rattus","Rattus_rattus.1"
"13","Dama_dama","Dama_dama.1"
"14","Rhynchocyon_petersi","Rhynchocyon_petersi.2"
"15","Dromaius_","Dromaius_.1"
"16","Diplomesodon_pulchellum","Diplomesodon_pulchellum.1"
"17","Dicerorhinus_sumatrensis","Dicerorhinus_sumatrensis.1"
"18","Dromaius_","Dromaius_.2"
"19","Tribonyx_mortieri","Tribonyx_mortieri.1"
"20","Meles_meles","Meles_meles.1"
"21","Giraffa_camelopardalis","Giraffa_camelopardalis.1"
"22","Atlantisia_rogersi","Atlantisia_rogersi.1"
"23","Small_Eocene_penguin","Small_Eocene_penguin.1"
"24","Desmostylus_hesperus","Desmostylus_hesperus.1"
"25","Placodontia_indet_1","Placodontia_indet_1.1"
"26","Protochampsidae","Protochampsidae.1"
"27","Desmana_moschata","Desmana_moschata.1"
"28","Choeropsis_liberiensis","Choeropsis_liberiensis.1"
"29","Hydromys_chrysogaster","Hydromys_chrysogaster.1"
"30","Champsosaurus","Champsosaurus.1"
"31","Otaria_byronia","Otaria_byronia.1"
"32","Chapsosaurus_","Chapsosaurus_.1"
"33","Protochampsidae","Protochampsidae.2"
"34","Serpianosaurus","Serpianosaurus.1"
"35","Plesiosaurus","Plesiosaurus.1"
"36","Castor_fiber","Castor_fiber.1"
"37","Placodontia_indet_1","Placodontia_indet_1.2"
"38","Simosaurus_1","Simosaurus_1.1"
"39","Chironectes_minimus","Chironectes_minimus.1"
"40","Chapsosaurus_","Chapsosaurus_.2"
"41","Hippopotamus_amphibius","Hippopotamus_amphibius.1"
"42","Otaria_byronia","Otaria_byronia.2"
"43","Callophoca_obscura","Callophoca_obscura.1"
"44","Callophoca_obscura","Callophoca_obscura.2"
"45","Desmana_moschata","Desmana_moschata.2"
"46","Serpianosaurus","Serpianosaurus.2"
"47","Protochampsidae","Protochampsidae.3"
"48","Spinosaurus_","Spinosaurus_.1"
"49","Spinosaurus_","Spinosaurus_.2"
"50","Spinosaurus_","Spinosaurus_.3"
"51","Spinosaurus_","Spinosaurus_.4"
"52","Spinosaurus_","Spinosaurus_.5"
"53","Spinosaurus_","Spinosaurus_.6"
"54","Spinosaurus_","Spinosaurus_.7"
"55","Spinosaurus_","Spinosaurus_.8"
"56","Spinosaurus_","Spinosaurus_.9"
"57","Spinosaurus_","Spinosaurus_.10"
"58","Spinosaurus_","Spinosaurus_.11"
"59","Suchomimus","Suchomimus.1"
"60","Suchomimus","Suchomimus.2"
"61","Suchomimus","Suchomimus.3"
"62","Baryonyx","Baryonyx.1"
"63","Baryonyx","Baryonyx.2"
"64","Baryonyx","Baryonyx.3"
 
* Phylo tree and the main data and strata files have been modified to include duplicated taxa before the scaled random trees are generated.
* Selected categorical labels column: diving.or.not
* diving.or.equal column is identical to Diving column.
* Regression excludes flying taxa.
* Diving labels that are present in regression: 0,2
* lambda (calculated from a random tree) = : 0.07
* index-name alignment check: OK
