Logfile for a session of program: bootstrap_binary.r
-----------------------------------------------------
INPUT:
workDir: C:/dino_nature/output/2023-11-07-D1\bs/set_752
Nbootstrapsets: 2000
phyloFDAfile: c:/dino_nature/code/phylo.fda.R
auxFile: c:/dino_nature/code/auxiliary.r
boneType: femur
regressionData.file: C:/dino_nature/output/2023-11-07-D1\bs/set_752/femur_set_752.csv
applyDataFilter: FALSE
addTreeTips: TRUE
Ntrees: 100
calculateTrees: TRUE
saveTrees: FALSE


OPERATIONAL CHECKS:
* Regression data contains multiple copies of some taxa (user added variants of existing test taxa 
   or replacements due to bootstrap are present) which are not in the phylo tree:
     original taxon,   duplicate   
"1","Megaloceros_sp","Megaloceros_sp.1"
"2","Brachyodus_onoideum","Brachyodus_onoideum.1"
"3","Caloenas_nicobarica","Caloenas_nicobarica.1"
"4","Ceratotherium_simum","Ceratotherium_simum.1"
"5","Monodelphis_domestica","Monodelphis_domestica.1"
"6","Ceratotherium_simum","Ceratotherium_simum.2"
"7","Apteryx_australis","Apteryx_australis.1"
"8","Procavia_capensis","Procavia_capensis.1"
"9","Mammuthus_sp","Mammuthus_sp.1"
"10","Microgale_thomasi","Microgale_thomasi.1"
"11","Tenrec_ecaudatus","Tenrec_ecaudatus.1"
"12","Brachyodus_onoideum","Brachyodus_onoideum.2"
"13","Apteryx_australis","Apteryx_australis.2"
"14","Alces_americanus","Alces_americanus.1"
"15","Alces_americanus","Alces_americanus.2"
"16","Felis_felis","Felis_felis.1"
"17","Tamandua_tetradactyla","Tamandua_tetradactyla.1"
"18","Taxidea_taxus","Taxidea_taxus.1"
"19","Ceratotherium_simum","Ceratotherium_simum.3"
"20","Tribonyx_mortieri","Tribonyx_mortieri.1"
"21","Rynochetus_jubatus","Rynochetus_jubatus.1"
"22","Tribonyx_mortieri","Tribonyx_mortieri.2"
"23","Monodelphis_domestica","Monodelphis_domestica.2"
"24","Indohyus","Indohyus.1"
"25","Leptophoca_proxima","Leptophoca_proxima.1"
"26","Cricosaurus","Cricosaurus.1"
"27","Indohyus","Indohyus.2"
"28","Leptophoca_proxima","Leptophoca_proxima.2"
"29","Nanophoca_vitulinoides","Nanophoca_vitulinoides.1"
"30","large_eocene_stem_penguin","large_eocene_stem_penguin.1"
"31","Phocanella_pumila","Phocanella_pumila.1"
"32","Micropotamogale_euwenzorii","Micropotamogale_euwenzorii.1"
"33","Micropotamogale_euwenzorii","Micropotamogale_euwenzorii.2"
"34","Nanophoca_vitulinoides","Nanophoca_vitulinoides.2"
"35","Nothosaurus_giganteus","Nothosaurus_giganteus.1"
"36","large_eocene_stem_penguin","large_eocene_stem_penguin.2"
"37","Aptenodytes______","Aptenodytes______.1"
"38","Phocanella_pumila","Phocanella_pumila.2"
"39","Leptophoca_proxima","Leptophoca_proxima.3"
"40","Plesiosaurus","Plesiosaurus.1"
"41","Anarosaurus","Anarosaurus.1"
"42","Aptenodytes______","Aptenodytes______.2"
"43","Phocanella_pumila","Phocanella_pumila.3"
"44","Plesiosaurus","Plesiosaurus.2"
"45","Palaeospheniscus","Palaeospheniscus.1"
"46","Hydromys_chrysogaster","Hydromys_chrysogaster.1"
"47","Indohyus","Indohyus.3"
"48","Spinosaurus_","Spinosaurus_.1"
"49","Spinosaurus_","Spinosaurus_.2"
"50","Spinosaurus_","Spinosaurus_.3"
"51","Spinosaurus_","Spinosaurus_.4"
"52","Spinosaurus_","Spinosaurus_.5"
"53","Spinosaurus_","Spinosaurus_.6"
"54","Spinosaurus_","Spinosaurus_.7"
"55","Spinosaurus_","Spinosaurus_.8"
"56","Spinosaurus_","Spinosaurus_.9"
"57","Spinosaurus_","Spinosaurus_.10"
"58","Spinosaurus_","Spinosaurus_.11"
"59","Suchomimus","Suchomimus.1"
"60","Suchomimus","Suchomimus.2"
"61","Suchomimus","Suchomimus.3"
"62","Baryonyx","Baryonyx.1"
"63","Baryonyx","Baryonyx.2"
"64","Baryonyx","Baryonyx.3"
 
* Phylo tree and the main data and strata files have been modified to include duplicated taxa before the scaled random trees are generated.
* Selected categorical labels column: diving.or.not
* diving.or.equal column is identical to Diving column.
* Regression excludes flying taxa.
* Diving labels that are present in regression: 0,2
* lambda (calculated from a random tree) = : 0.08
* index-name alignment check: OK
