Logfile for a session of program: bootstrap_binary.r
-----------------------------------------------------
INPUT:
workDir: C:/dino_nature/output/2023-11-07-D1\bs/set_1200
Nbootstrapsets: 2000
phyloFDAfile: c:/dino_nature/code/phylo.fda.R
auxFile: c:/dino_nature/code/auxiliary.r
boneType: femur
regressionData.file: C:/dino_nature/output/2023-11-07-D1\bs/set_1200/femur_set_1200.csv
applyDataFilter: FALSE
addTreeTips: TRUE
Ntrees: 100
calculateTrees: TRUE
saveTrees: FALSE


OPERATIONAL CHECKS:
* Regression data contains multiple copies of some taxa (user added variants of existing test taxa 
   or replacements due to bootstrap are present) which are not in the phylo tree:
     original taxon,   duplicate   
"1","Apteryx_australis","Apteryx_australis.1"
"2","Rhinoceros_sondaicus","Rhinoceros_sondaicus.1"
"3","Raphus","Raphus.1"
"4","Hemiechinus_azurites","Hemiechinus_azurites.1"
"5","Rhynchocyon_petersi","Rhynchocyon_petersi.1"
"6","Myrmecophaga_tridactyla","Myrmecophaga_tridactyla.1"
"7","Caloenas_nicobarica","Caloenas_nicobarica.1"
"8","Apteryx_australis","Apteryx_australis.2"
"9","Rupicapra_rupicapra","Rupicapra_rupicapra.1"
"10","Procavia_capensis","Procavia_capensis.1"
"11","Loxodonta_africana","Loxodonta_africana.1"
"12","Loxodonta_africana","Loxodonta_africana.2"
"13","Sphenodon_punctatus","Sphenodon_punctatus.1"
"14","Nyctereutes_procyonoides","Nyctereutes_procyonoides.1"
"15","Paguma_larvata","Paguma_larvata.1"
"16","Rangifer_tarandus","Rangifer_tarandus.1"
"17","Dasyurus_maculatus","Dasyurus_maculatus.1"
"18","Rhinoceros_sondaicus","Rhinoceros_sondaicus.2"
"19","Rhynchocyon_petersi","Rhynchocyon_petersi.2"
"20","Apteryx_owenii_","Apteryx_owenii_.1"
"21","Caloenas_nicobarica","Caloenas_nicobarica.2"
"22","Maiacetus","Maiacetus.1"
"23","Callophoca_obscura","Callophoca_obscura.1"
"24","Desmana_moschata","Desmana_moschata.1"
"25","Psephoderma","Psephoderma.1"
"26","Psephoderma","Psephoderma.2"
"27","Choeropsis_liberiensis","Choeropsis_liberiensis.1"
"28","Chironectes_minimus","Chironectes_minimus.1"
"29","Rodhocetus","Rodhocetus.1"
"30","Nothosaurus_giganteus","Nothosaurus_giganteus.1"
"31","Nothosaurus_mirabilis_1","Nothosaurus_mirabilis_1.1"
"32","Desmana_moschata","Desmana_moschata.2"
"33","Callophoca_obscura","Callophoca_obscura.2"
"34","Noemys_fodies","Noemys_fodies.1"
"35","Choeropsis_liberiensis","Choeropsis_liberiensis.2"
"36","Desmostylus_hesperus","Desmostylus_hesperus.1"
"37","Simosaurus_1","Simosaurus_1.1"
"38","Small_Eocene_penguin","Small_Eocene_penguin.1"
"39","Noemys_fodies","Noemys_fodies.2"
"40","Choeropsis_liberiensis","Choeropsis_liberiensis.3"
"41","Rhaeticosaurus","Rhaeticosaurus.1"
"42","Palaeospheniscus","Palaeospheniscus.1"
"43","Neusticosaurus","Neusticosaurus.1"
"44","Palaeospheniscus","Palaeospheniscus.2"
"45","Spinosaurus_","Spinosaurus_.1"
"46","Spinosaurus_","Spinosaurus_.2"
"47","Spinosaurus_","Spinosaurus_.3"
"48","Spinosaurus_","Spinosaurus_.4"
"49","Spinosaurus_","Spinosaurus_.5"
"50","Spinosaurus_","Spinosaurus_.6"
"51","Spinosaurus_","Spinosaurus_.7"
"52","Spinosaurus_","Spinosaurus_.8"
"53","Spinosaurus_","Spinosaurus_.9"
"54","Spinosaurus_","Spinosaurus_.10"
"55","Spinosaurus_","Spinosaurus_.11"
"56","Suchomimus","Suchomimus.1"
"57","Suchomimus","Suchomimus.2"
"58","Suchomimus","Suchomimus.3"
"59","Baryonyx","Baryonyx.1"
"60","Baryonyx","Baryonyx.2"
"61","Baryonyx","Baryonyx.3"
 
* Phylo tree and the main data and strata files have been modified to include duplicated taxa before the scaled random trees are generated.
* Selected categorical labels column: diving.or.not
* diving.or.equal column is identical to Diving column.
* Regression excludes flying taxa.
* Diving labels that are present in regression: 0,2
* lambda (calculated from a random tree) = : 0.08
* index-name alignment check: OK
