Logfile for a session of program: bootstrap_binary.r
-----------------------------------------------------
INPUT:
workDir: C:/dino_nature/output/2023-11-07-D1\bs/set_1308
Nbootstrapsets: 2000
phyloFDAfile: c:/dino_nature/code/phylo.fda.R
auxFile: c:/dino_nature/code/auxiliary.r
boneType: femur
regressionData.file: C:/dino_nature/output/2023-11-07-D1\bs/set_1308/femur_set_1308.csv
applyDataFilter: FALSE
addTreeTips: TRUE
Ntrees: 100
calculateTrees: TRUE
saveTrees: FALSE


OPERATIONAL CHECKS:
* Regression data contains multiple copies of some taxa (user added variants of existing test taxa 
   or replacements due to bootstrap are present) which are not in the phylo tree:
     original taxon,   duplicate   
"1","Nyctereutes_procyonoides","Nyctereutes_procyonoides.1"
"2","Brachyodus_onoideum","Brachyodus_onoideum.1"
"3","Sus_scrofa","Sus_scrofa.1"
"4","Nyctereutes_procyonoides","Nyctereutes_procyonoides.2"
"5","Tamandua_tetradactyla","Tamandua_tetradactyla.1"
"6","Nyctereutes_procyonoides","Nyctereutes_procyonoides.3"
"7","Nyctereutes_procyonoides","Nyctereutes_procyonoides.4"
"8","Okapia_johnstoni","Okapia_johnstoni.1"
"9","Giraffa_camelopardalis","Giraffa_camelopardalis.1"
"10","Megaloceros_sp","Megaloceros_sp.1"
"11","Capreolus_capreolus","Capreolus_capreolus.1"
"12","Hemiechinus_azurites","Hemiechinus_azurites.1"
"13","Taxidea_taxus","Taxidea_taxus.1"
"14","Lacerta_viridis","Lacerta_viridis.1"
"15","Paguma_larvata","Paguma_larvata.1"
"16","Lama_guanicoe","Lama_guanicoe.1"
"17","Uncia_uncia","Uncia_uncia.1"
"18","Lama_guanicoe","Lama_guanicoe.2"
"19","Atlantisia_rogersi","Atlantisia_rogersi.1"
"20","Chapsosaurus_","Chapsosaurus_.1"
"21","Chironectes_minimus","Chironectes_minimus.1"
"22","Palaeospheniscus","Palaeospheniscus.1"
"23","Micropotamogale_euwenzorii","Micropotamogale_euwenzorii.1"
"24","Chironectes_minimus","Chironectes_minimus.2"
"25","Remingtonocetus","Remingtonocetus.1"
"26","Micropotamogale_euwenzorii","Micropotamogale_euwenzorii.2"
"27","Small_Eocene_penguin","Small_Eocene_penguin.1"
"28","Nothosaurus_mirabilis_1","Nothosaurus_mirabilis_1.1"
"29","Nanophoca_vitulinoides","Nanophoca_vitulinoides.1"
"30","Aptenodytes______","Aptenodytes______.1"
"31","Ichtyosaur_sp","Ichtyosaur_sp.1"
"32","Nanophoca_vitulinoides","Nanophoca_vitulinoides.2"
"33","Chironectes_minimus","Chironectes_minimus.3"
"34","Castor_fiber","Castor_fiber.1"
"35","Maiacetus","Maiacetus.1"
"36","Nanophoca_vitulinoides","Nanophoca_vitulinoides.3"
"37","Cryptoclidus","Cryptoclidus.1"
"38","Nothosaurus_150","Nothosaurus_150.1"
"39","Metryorhynchus","Metryorhynchus.1"
"40","Choeropsis_liberiensis","Choeropsis_liberiensis.1"
"41","Maiacetus","Maiacetus.2"
"42","Metryorhynchus","Metryorhynchus.2"
"43","Spinosaurus_","Spinosaurus_.1"
"44","Spinosaurus_","Spinosaurus_.2"
"45","Spinosaurus_","Spinosaurus_.3"
"46","Spinosaurus_","Spinosaurus_.4"
"47","Spinosaurus_","Spinosaurus_.5"
"48","Spinosaurus_","Spinosaurus_.6"
"49","Spinosaurus_","Spinosaurus_.7"
"50","Spinosaurus_","Spinosaurus_.8"
"51","Spinosaurus_","Spinosaurus_.9"
"52","Spinosaurus_","Spinosaurus_.10"
"53","Spinosaurus_","Spinosaurus_.11"
"54","Suchomimus","Suchomimus.1"
"55","Suchomimus","Suchomimus.2"
"56","Suchomimus","Suchomimus.3"
"57","Baryonyx","Baryonyx.1"
"58","Baryonyx","Baryonyx.2"
"59","Baryonyx","Baryonyx.3"
 
* Phylo tree and the main data and strata files have been modified to include duplicated taxa before the scaled random trees are generated.
* Selected categorical labels column: diving.or.not
* diving.or.equal column is identical to Diving column.
* Regression excludes flying taxa.
* Diving labels that are present in regression: 0,2
* lambda (calculated from a random tree) = : 0.07
* index-name alignment check: OK
