Logfile for a session of program: bootstrap_binary.r
-----------------------------------------------------
INPUT:
workDir: C:/dino_nature/output/2023-11-07-D1\bs/set_404
Nbootstrapsets: 2000
phyloFDAfile: c:/dino_nature/code/phylo.fda.R
auxFile: c:/dino_nature/code/auxiliary.r
boneType: femur
regressionData.file: C:/dino_nature/output/2023-11-07-D1\bs/set_404/femur_set_404.csv
applyDataFilter: FALSE
addTreeTips: TRUE
Ntrees: 100
calculateTrees: TRUE
saveTrees: FALSE


OPERATIONAL CHECKS:
* Regression data contains multiple copies of some taxa (user added variants of existing test taxa 
   or replacements due to bootstrap are present) which are not in the phylo tree:
     original taxon,   duplicate   
"1","Mammuthus_sp","Mammuthus_sp.1"
"2","Alces_americanus","Alces_americanus.1"
"3","Alces_americanus","Alces_americanus.2"
"4","Tribonyx_mortieri","Tribonyx_mortieri.1"
"5","Lacerta_viridis","Lacerta_viridis.1"
"6","Syncerus_caffer","Syncerus_caffer.1"
"7","Tribonyx_mortieri","Tribonyx_mortieri.2"
"8","Tribonyx_mortieri","Tribonyx_mortieri.3"
"9","Euroscaptor_micrura","Euroscaptor_micrura.1"
"10","Euroscaptor_micrura","Euroscaptor_micrura.2"
"11","Diplomesodon_pulchellum","Diplomesodon_pulchellum.1"
"12","Syncerus_caffer","Syncerus_caffer.2"
"13","Dromaius_","Dromaius_.1"
"14","Taxidea_taxus","Taxidea_taxus.1"
"15","Caloenas_nicobarica","Caloenas_nicobarica.1"
"16","Elomeryx_borbonicus_","Elomeryx_borbonicus_.1"
"17","Mustela_nivalis","Mustela_nivalis.1"
"18","Bos_taurus","Bos_taurus.1"
"19","Apteryx_owenii_","Apteryx_owenii_.1"
"20","Dromaius_","Dromaius_.2"
"21","Euroscaptor_micrura","Euroscaptor_micrura.3"
"22","Sus_scrofa","Sus_scrofa.1"
"23","Bos_taurus","Bos_taurus.2"
"24","Rhaeticosaurus","Rhaeticosaurus.1"
"25","Nanophoca_vitulinoides","Nanophoca_vitulinoides.1"
"26","Nanophoca_vitulinoides","Nanophoca_vitulinoides.2"
"27","Cricosaurus","Cricosaurus.1"
"28","Rhaeticosaurus","Rhaeticosaurus.2"
"29","Chironectes_minimus","Chironectes_minimus.1"
"30","Hexaprotodon_garyam","Hexaprotodon_garyam.1"
"31","Hydromys_chrysogaster","Hydromys_chrysogaster.1"
"32","Aptenodytes______","Aptenodytes______.1"
"33","Maiacetus","Maiacetus.1"
"34","Cricosaurus","Cricosaurus.2"
"35","Chapsosaurus_","Chapsosaurus_.1"
"36","Nothosaurus_giganteus","Nothosaurus_giganteus.1"
"37","Alligator","Alligator.1"
"38","Tapirus_terrestris","Tapirus_terrestris.1"
"39","Aptenodytes______","Aptenodytes______.2"
"40","Tapirus_terrestris","Tapirus_terrestris.2"
"41","Rhaeticosaurus","Rhaeticosaurus.3"
"42","Placondontia_indet","Placondontia_indet.1"
"43","Rhaeticosaurus","Rhaeticosaurus.4"
"44","large_eocene_stem_penguin","large_eocene_stem_penguin.1"
"45","Micropotamogale_euwenzorii","Micropotamogale_euwenzorii.1"
"46","Spinosaurus_","Spinosaurus_.1"
"47","Spinosaurus_","Spinosaurus_.2"
"48","Spinosaurus_","Spinosaurus_.3"
"49","Spinosaurus_","Spinosaurus_.4"
"50","Spinosaurus_","Spinosaurus_.5"
"51","Spinosaurus_","Spinosaurus_.6"
"52","Spinosaurus_","Spinosaurus_.7"
"53","Spinosaurus_","Spinosaurus_.8"
"54","Spinosaurus_","Spinosaurus_.9"
"55","Spinosaurus_","Spinosaurus_.10"
"56","Spinosaurus_","Spinosaurus_.11"
"57","Suchomimus","Suchomimus.1"
"58","Suchomimus","Suchomimus.2"
"59","Suchomimus","Suchomimus.3"
"60","Baryonyx","Baryonyx.1"
"61","Baryonyx","Baryonyx.2"
"62","Baryonyx","Baryonyx.3"
 
* Phylo tree and the main data and strata files have been modified to include duplicated taxa before the scaled random trees are generated.
* Selected categorical labels column: diving.or.not
* diving.or.equal column is identical to Diving column.
* Regression excludes flying taxa.
* Diving labels that are present in regression: 0,2
* lambda (calculated from a random tree) = : 0.07
* index-name alignment check: OK
