Logfile for a session of program: bootstrap_binary.r
-----------------------------------------------------
INPUT:
workDir: C:/dino_nature/output/2023-11-07-D1\bs/set_1027
Nbootstrapsets: 2000
phyloFDAfile: c:/dino_nature/code/phylo.fda.R
auxFile: c:/dino_nature/code/auxiliary.r
boneType: femur
regressionData.file: C:/dino_nature/output/2023-11-07-D1\bs/set_1027/femur_set_1027.csv
applyDataFilter: FALSE
addTreeTips: TRUE
Ntrees: 100
calculateTrees: TRUE
saveTrees: FALSE


OPERATIONAL CHECKS:
* Regression data contains multiple copies of some taxa (user added variants of existing test taxa 
   or replacements due to bootstrap are present) which are not in the phylo tree:
     original taxon,   duplicate   
"1","Lama_guanicoe","Lama_guanicoe.1"
"2","Lacerta_viridis","Lacerta_viridis.1"
"3","Lacerta_viridis","Lacerta_viridis.2"
"4","Mus_musculus","Mus_musculus.1"
"5","Sus_scrofa","Sus_scrofa.1"
"6","Lama_guanicoe","Lama_guanicoe.2"
"7","Elephas_maximus","Elephas_maximus.1"
"8","Megaloceros_sp","Megaloceros_sp.1"
"9","Lama_guanicoe","Lama_guanicoe.3"
"10","Taxidea_taxus","Taxidea_taxus.1"
"11","Tenrec_ecaudatus","Tenrec_ecaudatus.1"
"12","Hemiechinus_azurites","Hemiechinus_azurites.1"
"13","Porphyrio_hochstetteri","Porphyrio_hochstetteri.1"
"14","Hemiechinus_azurites","Hemiechinus_azurites.2"
"15","Meles_meles","Meles_meles.1"
"16","Tenrec_ecaudatus","Tenrec_ecaudatus.2"
"17","Syncerus_caffer","Syncerus_caffer.1"
"18","Tenrec_ecaudatus","Tenrec_ecaudatus.3"
"19","Tenrec_ecaudatus","Tenrec_ecaudatus.4"
"20","Giraffa_camelopardalis","Giraffa_camelopardalis.1"
"21","Tamandua_tetradactyla","Tamandua_tetradactyla.1"
"22","Lama_guanicoe","Lama_guanicoe.4"
"23","Syncerus_caffer","Syncerus_caffer.2"
"24","Megaloceros_sp","Megaloceros_sp.2"
"25","Plesiosaurus","Plesiosaurus.1"
"26","Alligator","Alligator.1"
"27","Hexaprotodon_garyam","Hexaprotodon_garyam.1"
"28","Desmostylus_hesperus","Desmostylus_hesperus.1"
"29","Ichtyosaur_sp","Ichtyosaur_sp.1"
"30","Hexaprotodon_garyam","Hexaprotodon_garyam.2"
"31","Rodhocetus","Rodhocetus.1"
"32","Ornithorhynchus_anatinus","Ornithorhynchus_anatinus.1"
"33","Rodhocetus","Rodhocetus.2"
"34","Chironectes_minimus","Chironectes_minimus.1"
"35","Hydromys_chrysogaster","Hydromys_chrysogaster.1"
"36","Protochampsidae","Protochampsidae.1"
"37","Nothosaurus_568","Nothosaurus_568.1"
"38","Neusticosaurus","Neusticosaurus.1"
"39","Hydromys_chrysogaster","Hydromys_chrysogaster.2"
"40","Small_Eocene_penguin","Small_Eocene_penguin.1"
"41","Alligator","Alligator.2"
"42","Rhaeticosaurus","Rhaeticosaurus.1"
"43","Desmana_moschata","Desmana_moschata.1"
"44","Spinosaurus_","Spinosaurus_.1"
"45","Spinosaurus_","Spinosaurus_.2"
"46","Spinosaurus_","Spinosaurus_.3"
"47","Spinosaurus_","Spinosaurus_.4"
"48","Spinosaurus_","Spinosaurus_.5"
"49","Spinosaurus_","Spinosaurus_.6"
"50","Spinosaurus_","Spinosaurus_.7"
"51","Spinosaurus_","Spinosaurus_.8"
"52","Spinosaurus_","Spinosaurus_.9"
"53","Spinosaurus_","Spinosaurus_.10"
"54","Spinosaurus_","Spinosaurus_.11"
"55","Suchomimus","Suchomimus.1"
"56","Suchomimus","Suchomimus.2"
"57","Suchomimus","Suchomimus.3"
"58","Baryonyx","Baryonyx.1"
"59","Baryonyx","Baryonyx.2"
"60","Baryonyx","Baryonyx.3"
 
* Phylo tree and the main data and strata files have been modified to include duplicated taxa before the scaled random trees are generated.
* Selected categorical labels column: diving.or.not
* diving.or.equal column is identical to Diving column.
* Regression excludes flying taxa.
* Diving labels that are present in regression: 0,2
* lambda (calculated from a random tree) = : 0.1
* index-name alignment check: OK
