Logfile for a session of program: bootstrap_binary.r
-----------------------------------------------------
INPUT:
workDir: C:/dino_nature/output/2023-11-07-D1\bs/set_181
Nbootstrapsets: 2000
phyloFDAfile: c:/dino_nature/code/phylo.fda.R
auxFile: c:/dino_nature/code/auxiliary.r
boneType: femur
regressionData.file: C:/dino_nature/output/2023-11-07-D1\bs/set_181/femur_set_181.csv
applyDataFilter: FALSE
addTreeTips: TRUE
Ntrees: 100
calculateTrees: TRUE
saveTrees: FALSE


OPERATIONAL CHECKS:
* Regression data contains multiple copies of some taxa (user added variants of existing test taxa 
   or replacements due to bootstrap are present) which are not in the phylo tree:
     original taxon,   duplicate   
"1","Okapia_johnstoni","Okapia_johnstoni.1"
"2","Rangifer_tarandus","Rangifer_tarandus.1"
"3","Brachyodus_onoideum","Brachyodus_onoideum.1"
"4","Brachyodus_onoideum","Brachyodus_onoideum.2"
"5","Rynochetus_jubatus","Rynochetus_jubatus.1"
"6","Bos_taurus","Bos_taurus.1"
"7","Porphyrio_hochstetteri","Porphyrio_hochstetteri.1"
"8","Atlantisia_rogersi","Atlantisia_rogersi.1"
"9","Atlantisia_rogersi","Atlantisia_rogersi.2"
"10","Apteryx_owenii_","Apteryx_owenii_.1"
"11","Rattus_rattus","Rattus_rattus.1"
"12","Alces_americanus","Alces_americanus.1"
"13","Dromaius_","Dromaius_.1"
"14","Felis_felis","Felis_felis.1"
"15","Rynochetus_jubatus","Rynochetus_jubatus.2"
"16","Brachyodus_onoideum","Brachyodus_onoideum.3"
"17","Strigiops_habroptilus","Strigiops_habroptilus.1"
"18","Brachyodus_onoideum","Brachyodus_onoideum.4"
"19","Taxidea_taxus","Taxidea_taxus.1"
"20","Lama_guanicoe","Lama_guanicoe.1"
"21","Porphyrio_hochstetteri","Porphyrio_hochstetteri.2"
"22","Vulpes_vulpes","Vulpes_vulpes.1"
"23","Diplomesodon_pulchellum","Diplomesodon_pulchellum.1"
"24","Rattus_rattus","Rattus_rattus.2"
"25","Myrmecophaga_tridactyla","Myrmecophaga_tridactyla.1"
"26","Elephas_maximus","Elephas_maximus.1"
"27","Strigiops_habroptilus","Strigiops_habroptilus.2"
"28","Choeropsis_liberiensis","Choeropsis_liberiensis.1"
"29","Hesperornis","Hesperornis.1"
"30","Placondontia_indet","Placondontia_indet.1"
"31","Spheniscus","Spheniscus.1"
"32","Metryorhynchus","Metryorhynchus.1"
"33","Protochampsidae","Protochampsidae.1"
"34","Basilosaurus","Basilosaurus.1"
"35","Remingtonocetus","Remingtonocetus.1"
"36","Cryptoclidus","Cryptoclidus.1"
"37","Placondontia_indet","Placondontia_indet.2"
"38","Hexaprotodon_garyam","Hexaprotodon_garyam.1"
"39","Cricosaurus","Cricosaurus.1"
"40","Nanophoca_vitulinoides","Nanophoca_vitulinoides.1"
"41","Ichtyosaurus_","Ichtyosaurus_.1"
"42","Desmostylus_hesperus","Desmostylus_hesperus.1"
"43","Callophoca_obscura","Callophoca_obscura.1"
"44","Choeropsis_liberiensis","Choeropsis_liberiensis.2"
"45","Basilosaurus","Basilosaurus.2"
"46","Protochampsidae","Protochampsidae.2"
"47","Protochampsidae","Protochampsidae.3"
"48","Ichtyosaurus_","Ichtyosaurus_.2"
"49","Hippopotamus_amphibius","Hippopotamus_amphibius.1"
"50","Spinosaurus_","Spinosaurus_.1"
"51","Spinosaurus_","Spinosaurus_.2"
"52","Spinosaurus_","Spinosaurus_.3"
"53","Spinosaurus_","Spinosaurus_.4"
"54","Spinosaurus_","Spinosaurus_.5"
"55","Spinosaurus_","Spinosaurus_.6"
"56","Spinosaurus_","Spinosaurus_.7"
"57","Spinosaurus_","Spinosaurus_.8"
"58","Spinosaurus_","Spinosaurus_.9"
"59","Spinosaurus_","Spinosaurus_.10"
"60","Spinosaurus_","Spinosaurus_.11"
"61","Suchomimus","Suchomimus.1"
"62","Suchomimus","Suchomimus.2"
"63","Suchomimus","Suchomimus.3"
"64","Baryonyx","Baryonyx.1"
"65","Baryonyx","Baryonyx.2"
"66","Baryonyx","Baryonyx.3"
 
* Phylo tree and the main data and strata files have been modified to include duplicated taxa before the scaled random trees are generated.
* Selected categorical labels column: diving.or.not
* diving.or.equal column is identical to Diving column.
* Regression excludes flying taxa.
* Diving labels that are present in regression: 0,2
* lambda (calculated from a random tree) = : 0.09
* index-name alignment check: OK
