Logfile for a session of program: bootstrap_binary.r
-----------------------------------------------------
INPUT:
workDir: C:/dino_nature/output/2023-11-07-D1\bs/set_382
Nbootstrapsets: 2000
phyloFDAfile: c:/dino_nature/code/phylo.fda.R
auxFile: c:/dino_nature/code/auxiliary.r
boneType: femur
regressionData.file: C:/dino_nature/output/2023-11-07-D1\bs/set_382/femur_set_382.csv
applyDataFilter: FALSE
addTreeTips: TRUE
Ntrees: 100
calculateTrees: TRUE
saveTrees: FALSE


OPERATIONAL CHECKS:
* Regression data contains multiple copies of some taxa (user added variants of existing test taxa 
   or replacements due to bootstrap are present) which are not in the phylo tree:
     original taxon,   duplicate   
"1","Meles_meles","Meles_meles.1"
"2","Mus_musculus","Mus_musculus.1"
"3","Diplomesodon_pulchellum","Diplomesodon_pulchellum.1"
"4","Okapia_johnstoni","Okapia_johnstoni.1"
"5","Okapia_johnstoni","Okapia_johnstoni.2"
"6","Mus_musculus","Mus_musculus.2"
"7","Diplomesodon_pulchellum","Diplomesodon_pulchellum.2"
"8","Capreolus_capreolus","Capreolus_capreolus.1"
"9","Rattus_rattus","Rattus_rattus.1"
"10","Meles_meles","Meles_meles.2"
"11","Procyon_lotor","Procyon_lotor.1"
"12","Rupicapra_rupicapra","Rupicapra_rupicapra.1"
"13","Mus_musculus","Mus_musculus.3"
"14","Brachyodus_onoideum","Brachyodus_onoideum.1"
"15","Felis_felis","Felis_felis.1"
"16","Procyon_lotor","Procyon_lotor.2"
"17","Syncerus_caffer","Syncerus_caffer.1"
"18","Euroscaptor_micrura","Euroscaptor_micrura.1"
"19","Myrmecophaga_tridactyla","Myrmecophaga_tridactyla.1"
"20","Tenrec_ecaudatus","Tenrec_ecaudatus.1"
"21","Okapia_johnstoni","Okapia_johnstoni.3"
"22","Nothosaurus_giganteus","Nothosaurus_giganteus.1"
"23","Rodhocetus","Rodhocetus.1"
"24","Nothosaurus_mirabilis_1","Nothosaurus_mirabilis_1.1"
"25","Neusticosaurus","Neusticosaurus.1"
"26","Ornithorhynchus_anatinus","Ornithorhynchus_anatinus.1"
"27","Nothosaurus_mirabilis_1","Nothosaurus_mirabilis_1.2"
"28","Dyrosaurid","Dyrosaurid.1"
"29","Nothosaurus_150","Nothosaurus_150.1"
"30","Rodhocetus","Rodhocetus.2"
"31","Ornithorhynchus_anatinus","Ornithorhynchus_anatinus.2"
"32","Plesiosaurus","Plesiosaurus.1"
"33","Nothosaurus_568","Nothosaurus_568.1"
"34","Nothosaurus_568","Nothosaurus_568.2"
"35","Maiacetus","Maiacetus.1"
"36","Rodhocetus","Rodhocetus.3"
"37","Phalacrocorax_harrisi","Phalacrocorax_harrisi.1"
"38","Rodhocetus","Rodhocetus.4"
"39","Nothosaurus_568","Nothosaurus_568.3"
"40","Nothosaurus_568","Nothosaurus_568.4"
"41","Nothosaurus_giganteus","Nothosaurus_giganteus.2"
"42","Nothosaurus_568","Nothosaurus_568.5"
"43","Spinosaurus_","Spinosaurus_.1"
"44","Spinosaurus_","Spinosaurus_.2"
"45","Spinosaurus_","Spinosaurus_.3"
"46","Spinosaurus_","Spinosaurus_.4"
"47","Spinosaurus_","Spinosaurus_.5"
"48","Spinosaurus_","Spinosaurus_.6"
"49","Spinosaurus_","Spinosaurus_.7"
"50","Spinosaurus_","Spinosaurus_.8"
"51","Spinosaurus_","Spinosaurus_.9"
"52","Spinosaurus_","Spinosaurus_.10"
"53","Spinosaurus_","Spinosaurus_.11"
"54","Suchomimus","Suchomimus.1"
"55","Suchomimus","Suchomimus.2"
"56","Suchomimus","Suchomimus.3"
"57","Baryonyx","Baryonyx.1"
"58","Baryonyx","Baryonyx.2"
"59","Baryonyx","Baryonyx.3"
 
* Phylo tree and the main data and strata files have been modified to include duplicated taxa before the scaled random trees are generated.
* Selected categorical labels column: diving.or.not
* diving.or.equal column is identical to Diving column.
* Regression excludes flying taxa.
* Diving labels that are present in regression: 0,2
* lambda (calculated from a random tree) = : 0.13
* index-name alignment check: OK
