Logfile for a session of program: bootstrap_binary.r
-----------------------------------------------------
INPUT:
workDir: C:/dino_nature/output/2023-11-07-D1\bs/set_1264
Nbootstrapsets: 2000
phyloFDAfile: c:/dino_nature/code/phylo.fda.R
auxFile: c:/dino_nature/code/auxiliary.r
boneType: femur
regressionData.file: C:/dino_nature/output/2023-11-07-D1\bs/set_1264/femur_set_1264.csv
applyDataFilter: FALSE
addTreeTips: TRUE
Ntrees: 100
calculateTrees: TRUE
saveTrees: FALSE


OPERATIONAL CHECKS:
* Regression data contains multiple copies of some taxa (user added variants of existing test taxa 
   or replacements due to bootstrap are present) which are not in the phylo tree:
     original taxon,   duplicate   
"1","Giraffa_camelopardalis","Giraffa_camelopardalis.1"
"2","Elephas_maximus","Elephas_maximus.1"
"3","Syncerus_caffer","Syncerus_caffer.1"
"4","Sus_scrofa","Sus_scrofa.1"
"5","Capreolus_capreolus","Capreolus_capreolus.1"
"6","Tamandua_tetradactyla","Tamandua_tetradactyla.1"
"7","Tamandua_tetradactyla","Tamandua_tetradactyla.2"
"8","Monodelphis_domestica","Monodelphis_domestica.1"
"9","Pogona_viceps","Pogona_viceps.1"
"10","Elephas_maximus","Elephas_maximus.2"
"11","Rhynchocyon_petersi","Rhynchocyon_petersi.1"
"12","Pogona_viceps","Pogona_viceps.2"
"13","Pogona_viceps","Pogona_viceps.3"
"14","Megaloceros_sp","Megaloceros_sp.1"
"15","Elephas_maximus","Elephas_maximus.3"
"16","Pogona_viceps","Pogona_viceps.4"
"17","Lacerta_viridis","Lacerta_viridis.1"
"18","Uncia_uncia","Uncia_uncia.1"
"19","Alces_americanus","Alces_americanus.1"
"20","Syncerus_caffer","Syncerus_caffer.2"
"21","Tamandua_tetradactyla","Tamandua_tetradactyla.3"
"22","Tenrec_ecaudatus","Tenrec_ecaudatus.1"
"23","Taxidea_taxus","Taxidea_taxus.1"
"24","Elephas_maximus","Elephas_maximus.4"
"25","Rupicapra_rupicapra","Rupicapra_rupicapra.1"
"26","Rynochetus_jubatus","Rynochetus_jubatus.1"
"27","Dama_dama","Dama_dama.1"
"28","Metryorhynchus","Metryorhynchus.1"
"29","Callophoca_obscura","Callophoca_obscura.1"
"30","Nothosaurus_150","Nothosaurus_150.1"
"31","Nothosaurus_150","Nothosaurus_150.2"
"32","Protochampsidae","Protochampsidae.1"
"33","Phalacrocorax_harrisi","Phalacrocorax_harrisi.1"
"34","Paraplacodus","Paraplacodus.1"
"35","Micropotamogale_euwenzorii","Micropotamogale_euwenzorii.1"
"36","Paraplacodus","Paraplacodus.2"
"37","Phocanella_pumila","Phocanella_pumila.1"
"38","Chapsosaurus_","Chapsosaurus_.1"
"39","Rhaeticosaurus","Rhaeticosaurus.1"
"40","Caiman_yacare","Caiman_yacare.1"
"41","Caiman_yacare","Caiman_yacare.2"
"42","Chapsosaurus_","Chapsosaurus_.2"
"43","Alligator","Alligator.1"
"44","Castor_fiber","Castor_fiber.1"
"45","Paraplacodus","Paraplacodus.3"
"46","Maiacetus","Maiacetus.1"
"47","Remingtonocetus","Remingtonocetus.1"
"48","Champsosaurus","Champsosaurus.1"
"49","Psephoderma","Psephoderma.1"
"50","Rhaeticosaurus","Rhaeticosaurus.2"
"51","Small_Eocene_penguin","Small_Eocene_penguin.1"
"52","Caiman_yacare","Caiman_yacare.3"
"53","Rhaeticosaurus","Rhaeticosaurus.3"
"54","Plesiosaurus","Plesiosaurus.1"
"55","Spinosaurus_","Spinosaurus_.1"
"56","Spinosaurus_","Spinosaurus_.2"
"57","Spinosaurus_","Spinosaurus_.3"
"58","Spinosaurus_","Spinosaurus_.4"
"59","Spinosaurus_","Spinosaurus_.5"
"60","Spinosaurus_","Spinosaurus_.6"
"61","Spinosaurus_","Spinosaurus_.7"
"62","Spinosaurus_","Spinosaurus_.8"
"63","Spinosaurus_","Spinosaurus_.9"
"64","Spinosaurus_","Spinosaurus_.10"
"65","Spinosaurus_","Spinosaurus_.11"
"66","Suchomimus","Suchomimus.1"
"67","Suchomimus","Suchomimus.2"
"68","Suchomimus","Suchomimus.3"
"69","Baryonyx","Baryonyx.1"
"70","Baryonyx","Baryonyx.2"
"71","Baryonyx","Baryonyx.3"
 
* Phylo tree and the main data and strata files have been modified to include duplicated taxa before the scaled random trees are generated.
* Selected categorical labels column: diving.or.not
* diving.or.equal column is identical to Diving column.
* Regression excludes flying taxa.
* Diving labels that are present in regression: 0,2
* lambda (calculated from a random tree) = : 0.15
* index-name alignment check: OK
