Logfile for a session of program: bootstrap_binary.r
-----------------------------------------------------
INPUT:
workDir: C:/dino_nature/output/2023-11-07-D1\bs/set_1601
Nbootstrapsets: 2000
phyloFDAfile: c:/dino_nature/code/phylo.fda.R
auxFile: c:/dino_nature/code/auxiliary.r
boneType: femur
regressionData.file: C:/dino_nature/output/2023-11-07-D1\bs/set_1601/femur_set_1601.csv
applyDataFilter: FALSE
addTreeTips: TRUE
Ntrees: 100
calculateTrees: TRUE
saveTrees: FALSE


OPERATIONAL CHECKS:
* Regression data contains multiple copies of some taxa (user added variants of existing test taxa 
   or replacements due to bootstrap are present) which are not in the phylo tree:
     original taxon,   duplicate   
"1","Taxidea_taxus","Taxidea_taxus.1"
"2","Dama_dama","Dama_dama.1"
"3","Porphyrio_hochstetteri","Porphyrio_hochstetteri.1"
"4","Dasyurus_maculatus","Dasyurus_maculatus.1"
"5","Dromaius_","Dromaius_.1"
"6","Tamandua_tetradactyla","Tamandua_tetradactyla.1"
"7","Capreolus_capreolus","Capreolus_capreolus.1"
"8","Okapia_johnstoni","Okapia_johnstoni.1"
"9","Tamandua_tetradactyla","Tamandua_tetradactyla.2"
"10","Paguma_larvata","Paguma_larvata.1"
"11","Sus_scrofa","Sus_scrofa.1"
"12","Paguma_larvata","Paguma_larvata.2"
"13","Hemiechinus_azurites","Hemiechinus_azurites.1"
"14","Rhinoceros_sondaicus","Rhinoceros_sondaicus.1"
"15","Vulpes_vulpes","Vulpes_vulpes.1"
"16","Vulpes_vulpes","Vulpes_vulpes.2"
"17","Apteryx_owenii_","Apteryx_owenii_.1"
"18","Rhynchocyon_petersi","Rhynchocyon_petersi.1"
"19","Hippopotamus_amphibius","Hippopotamus_amphibius.1"
"20","Nothosaurus_giganteus","Nothosaurus_giganteus.1"
"21","Hydromys_chrysogaster","Hydromys_chrysogaster.1"
"22","Ichtyosaurus_","Ichtyosaurus_.1"
"23","Castor_fiber","Castor_fiber.1"
"24","Basilosaurus","Basilosaurus.1"
"25","Champsosaurus","Champsosaurus.1"
"26","Palaeospheniscus","Palaeospheniscus.1"
"27","Hippopotamus_amphibius","Hippopotamus_amphibius.2"
"28","Nothosaurus_150","Nothosaurus_150.1"
"29","Indohyus","Indohyus.1"
"30","Hexaprotodon_garyam","Hexaprotodon_garyam.1"
"31","Chironectes_minimus","Chironectes_minimus.1"
"32","Nothosaurus_102","Nothosaurus_102.1"
"33","Hexaprotodon_garyam","Hexaprotodon_garyam.2"
"34","Palaeospheniscus","Palaeospheniscus.2"
"35","Micropotamogale_euwenzorii","Micropotamogale_euwenzorii.1"
"36","Hexaprotodon_garyam","Hexaprotodon_garyam.3"
"37","Remingtonocetus","Remingtonocetus.1"
"38","Spinosaurus_","Spinosaurus_.1"
"39","Spinosaurus_","Spinosaurus_.2"
"40","Spinosaurus_","Spinosaurus_.3"
"41","Spinosaurus_","Spinosaurus_.4"
"42","Spinosaurus_","Spinosaurus_.5"
"43","Spinosaurus_","Spinosaurus_.6"
"44","Spinosaurus_","Spinosaurus_.7"
"45","Spinosaurus_","Spinosaurus_.8"
"46","Spinosaurus_","Spinosaurus_.9"
"47","Spinosaurus_","Spinosaurus_.10"
"48","Spinosaurus_","Spinosaurus_.11"
"49","Suchomimus","Suchomimus.1"
"50","Suchomimus","Suchomimus.2"
"51","Suchomimus","Suchomimus.3"
"52","Baryonyx","Baryonyx.1"
"53","Baryonyx","Baryonyx.2"
"54","Baryonyx","Baryonyx.3"
 
* Phylo tree and the main data and strata files have been modified to include duplicated taxa before the scaled random trees are generated.
* Selected categorical labels column: diving.or.not
* diving.or.equal column is identical to Diving column.
* Regression excludes flying taxa.
* Diving labels that are present in regression: 0,2
* lambda (calculated from a random tree) = : 0.08
* index-name alignment check: OK
