Logfile for a session of program: bootstrap_binary.r
-----------------------------------------------------
INPUT:
workDir: C:/dino_nature/output/2023-11-07-D1\bs/set_522
Nbootstrapsets: 2000
phyloFDAfile: c:/dino_nature/code/phylo.fda.R
auxFile: c:/dino_nature/code/auxiliary.r
boneType: femur
regressionData.file: C:/dino_nature/output/2023-11-07-D1\bs/set_522/femur_set_522.csv
applyDataFilter: FALSE
addTreeTips: TRUE
Ntrees: 100
calculateTrees: TRUE
saveTrees: FALSE


OPERATIONAL CHECKS:
* Regression data contains multiple copies of some taxa (user added variants of existing test taxa 
   or replacements due to bootstrap are present) which are not in the phylo tree:
     original taxon,   duplicate   
"1","Raphus","Raphus.1"
"2","Dasyurus_maculatus","Dasyurus_maculatus.1"
"3","Taxidea_taxus","Taxidea_taxus.1"
"4","Dicerorhinus_sumatrensis","Dicerorhinus_sumatrensis.1"
"5","Pogona_viceps","Pogona_viceps.1"
"6","Loxodonta_africana","Loxodonta_africana.1"
"7","Rhynchocyon_petersi","Rhynchocyon_petersi.1"
"8","Dicerorhinus_sumatrensis","Dicerorhinus_sumatrensis.2"
"9","Sus_scrofa","Sus_scrofa.1"
"10","Tenrec_ecaudatus","Tenrec_ecaudatus.1"
"11","Raphus","Raphus.2"
"12","Mammuthus_sp","Mammuthus_sp.1"
"13","Loxodonta_africana","Loxodonta_africana.2"
"14","Pogona_viceps","Pogona_viceps.2"
"15","Vulpes_vulpes","Vulpes_vulpes.1"
"16","Dama_dama","Dama_dama.1"
"17","Lacerta_viridis","Lacerta_viridis.1"
"18","Felis_felis","Felis_felis.1"
"19","Vulpes_vulpes","Vulpes_vulpes.2"
"20","Myrmecophaga_tridactyla","Myrmecophaga_tridactyla.1"
"21","Vulpes_vulpes","Vulpes_vulpes.3"
"22","Nothosaurus_102","Nothosaurus_102.1"
"23","Hexaprotodon_garyam","Hexaprotodon_garyam.1"
"24","Spheniscus","Spheniscus.1"
"25","Nothosaurus_568","Nothosaurus_568.1"
"26","Nothosaurus_568","Nothosaurus_568.2"
"27","Aptenodytes______","Aptenodytes______.1"
"28","Serpianosaurus","Serpianosaurus.1"
"29","Noemys_fodies","Noemys_fodies.1"
"30","Nothosaurus_568","Nothosaurus_568.3"
"31","Hexaprotodon_garyam","Hexaprotodon_garyam.2"
"32","Dyrosaurid","Dyrosaurid.1"
"33","Placondontia_indet","Placondontia_indet.1"
"34","Alligator","Alligator.1"
"35","Phalacrocorax_harrisi","Phalacrocorax_harrisi.1"
"36","Dyrosaurid","Dyrosaurid.2"
"37","Cricosaurus","Cricosaurus.1"
"38","Placodontia_indet_1","Placodontia_indet_1.1"
"39","Simosaurus_1","Simosaurus_1.1"
"40","Chironectes_minimus","Chironectes_minimus.1"
"41","Simosaurus_1","Simosaurus_1.2"
"42","Hexaprotodon_garyam","Hexaprotodon_garyam.3"
"43","Ornithorhynchus_anatinus","Ornithorhynchus_anatinus.1"
"44","Leptophoca_proxima","Leptophoca_proxima.1"
"45","Spinosaurus_","Spinosaurus_.1"
"46","Spinosaurus_","Spinosaurus_.2"
"47","Spinosaurus_","Spinosaurus_.3"
"48","Spinosaurus_","Spinosaurus_.4"
"49","Spinosaurus_","Spinosaurus_.5"
"50","Spinosaurus_","Spinosaurus_.6"
"51","Spinosaurus_","Spinosaurus_.7"
"52","Spinosaurus_","Spinosaurus_.8"
"53","Spinosaurus_","Spinosaurus_.9"
"54","Spinosaurus_","Spinosaurus_.10"
"55","Spinosaurus_","Spinosaurus_.11"
"56","Suchomimus","Suchomimus.1"
"57","Suchomimus","Suchomimus.2"
"58","Suchomimus","Suchomimus.3"
"59","Baryonyx","Baryonyx.1"
"60","Baryonyx","Baryonyx.2"
"61","Baryonyx","Baryonyx.3"
 
* Phylo tree and the main data and strata files have been modified to include duplicated taxa before the scaled random trees are generated.
* Selected categorical labels column: diving.or.not
* diving.or.equal column is identical to Diving column.
* Regression excludes flying taxa.
* Diving labels that are present in regression: 0,2
* lambda (calculated from a random tree) = : 0.15
* index-name alignment check: OK
