Logfile for a session of program: bootstrap_binary.r
-----------------------------------------------------
INPUT:
workDir: C:/dino_nature/output/2023-11-07-D1\bs/set_1671
Nbootstrapsets: 2000
phyloFDAfile: c:/dino_nature/code/phylo.fda.R
auxFile: c:/dino_nature/code/auxiliary.r
boneType: femur
regressionData.file: C:/dino_nature/output/2023-11-07-D1\bs/set_1671/femur_set_1671.csv
applyDataFilter: FALSE
addTreeTips: TRUE
Ntrees: 100
calculateTrees: TRUE
saveTrees: FALSE


OPERATIONAL CHECKS:
* Regression data contains multiple copies of some taxa (user added variants of existing test taxa 
   or replacements due to bootstrap are present) which are not in the phylo tree:
     original taxon,   duplicate   
"1","Mammuthus_sp","Mammuthus_sp.1"
"2","Rupicapra_rupicapra","Rupicapra_rupicapra.1"
"3","Felis_felis","Felis_felis.1"
"4","Vulpes_vulpes","Vulpes_vulpes.1"
"5","Elomeryx_borbonicus_","Elomeryx_borbonicus_.1"
"6","Microgale_thomasi","Microgale_thomasi.1"
"7","Elephas_maximus","Elephas_maximus.1"
"8","Okapia_johnstoni","Okapia_johnstoni.1"
"9","Elephas_maximus","Elephas_maximus.2"
"10","Procavia_capensis","Procavia_capensis.1"
"11","Paguma_larvata","Paguma_larvata.1"
"12","Bison_bonasus","Bison_bonasus.1"
"13","Uncia_uncia","Uncia_uncia.1"
"14","Lama_guanicoe","Lama_guanicoe.1"
"15","Monodelphis_domestica","Monodelphis_domestica.1"
"16","Pogona_viceps","Pogona_viceps.1"
"17","Rupicapra_rupicapra","Rupicapra_rupicapra.2"
"18","Rupicapra_rupicapra","Rupicapra_rupicapra.3"
"19","Procavia_capensis","Procavia_capensis.2"
"20","Anarosaurus","Anarosaurus.1"
"21","Rodhocetus","Rodhocetus.1"
"22","Neusticosaurus","Neusticosaurus.1"
"23","Choeropsis_liberiensis","Choeropsis_liberiensis.1"
"24","Rodhocetus","Rodhocetus.2"
"25","Hippopotamus_amphibius","Hippopotamus_amphibius.1"
"26","Rodhocetus","Rodhocetus.3"
"27","Nothosaurus_568","Nothosaurus_568.1"
"28","Phocanella_pumila","Phocanella_pumila.1"
"29","Nothosaurus_102","Nothosaurus_102.1"
"30","Metryorhynchus","Metryorhynchus.1"
"31","Cricosaurus","Cricosaurus.1"
"32","Otaria_byronia","Otaria_byronia.1"
"33","Pistosaurus","Pistosaurus.1"
"34","Simosaurus","Simosaurus.1"
"35","Nothosaurus_150","Nothosaurus_150.1"
"36","Nothosaurus_giganteus","Nothosaurus_giganteus.1"
"37","Maiacetus","Maiacetus.1"
"38","Pistosaurus","Pistosaurus.2"
"39","Remingtonocetus","Remingtonocetus.1"
"40","Choeropsis_liberiensis","Choeropsis_liberiensis.2"
"41","Rodhocetus","Rodhocetus.4"
"42","Phocanella_pumila","Phocanella_pumila.2"
"43","Castor_fiber","Castor_fiber.1"
"44","Spinosaurus_","Spinosaurus_.1"
"45","Spinosaurus_","Spinosaurus_.2"
"46","Spinosaurus_","Spinosaurus_.3"
"47","Spinosaurus_","Spinosaurus_.4"
"48","Spinosaurus_","Spinosaurus_.5"
"49","Spinosaurus_","Spinosaurus_.6"
"50","Spinosaurus_","Spinosaurus_.7"
"51","Spinosaurus_","Spinosaurus_.8"
"52","Spinosaurus_","Spinosaurus_.9"
"53","Spinosaurus_","Spinosaurus_.10"
"54","Spinosaurus_","Spinosaurus_.11"
"55","Suchomimus","Suchomimus.1"
"56","Suchomimus","Suchomimus.2"
"57","Suchomimus","Suchomimus.3"
"58","Baryonyx","Baryonyx.1"
"59","Baryonyx","Baryonyx.2"
"60","Baryonyx","Baryonyx.3"
 
* Phylo tree and the main data and strata files have been modified to include duplicated taxa before the scaled random trees are generated.
* Selected categorical labels column: diving.or.not
* diving.or.equal column is identical to Diving column.
* Regression excludes flying taxa.
* Diving labels that are present in regression: 0,2
* lambda (calculated from a random tree) = : 0.1
* index-name alignment check: OK
