Logfile for a session of program: bootstrap_binary.r
-----------------------------------------------------
INPUT:
workDir: C:/dino_nature/output/2023-11-07-D1\bs/set_1769
Nbootstrapsets: 2000
phyloFDAfile: c:/dino_nature/code/phylo.fda.R
auxFile: c:/dino_nature/code/auxiliary.r
boneType: femur
regressionData.file: C:/dino_nature/output/2023-11-07-D1\bs/set_1769/femur_set_1769.csv
applyDataFilter: FALSE
addTreeTips: TRUE
Ntrees: 100
calculateTrees: TRUE
saveTrees: FALSE


OPERATIONAL CHECKS:
* Regression data contains multiple copies of some taxa (user added variants of existing test taxa 
   or replacements due to bootstrap are present) which are not in the phylo tree:
     original taxon,   duplicate   
"1","Ceratotherium_simum","Ceratotherium_simum.1"
"2","Tamandua_tetradactyla","Tamandua_tetradactyla.1"
"3","Okapia_johnstoni","Okapia_johnstoni.1"
"4","Okapia_johnstoni","Okapia_johnstoni.2"
"5","Loxodonta_africana","Loxodonta_africana.1"
"6","Monodelphis_domestica","Monodelphis_domestica.1"
"7","Bos_taurus","Bos_taurus.1"
"8","Bison_bonasus","Bison_bonasus.1"
"9","Myrmecophaga_tridactyla","Myrmecophaga_tridactyla.1"
"10","Lama_guanicoe","Lama_guanicoe.1"
"11","Bos_taurus","Bos_taurus.2"
"12","Loxodonta_africana","Loxodonta_africana.2"
"13","Bison_bonasus","Bison_bonasus.2"
"14","Bison_bonasus","Bison_bonasus.3"
"15","Euroscaptor_micrura","Euroscaptor_micrura.1"
"16","Mustela_nivalis","Mustela_nivalis.1"
"17","Tamandua_tetradactyla","Tamandua_tetradactyla.2"
"18","Atlantisia_rogersi","Atlantisia_rogersi.1"
"19","Atlantisia_rogersi","Atlantisia_rogersi.2"
"20","Cephalophus_silvicultor","Cephalophus_silvicultor.1"
"21","Placondontia_indet","Placondontia_indet.1"
"22","Phocanella_pumila","Phocanella_pumila.1"
"23","Basilosaurus","Basilosaurus.1"
"24","Noemys_fodies","Noemys_fodies.1"
"25","Simosaurus_1","Simosaurus_1.1"
"26","Castor_fiber","Castor_fiber.1"
"27","Rodhocetus","Rodhocetus.1"
"28","Rodhocetus","Rodhocetus.2"
"29","Aptenodytes______","Aptenodytes______.1"
"30","Paraplacodus","Paraplacodus.1"
"31","Protochampsidae","Protochampsidae.1"
"32","Remingtonocetus","Remingtonocetus.1"
"33","Placondontia_indet","Placondontia_indet.2"
"34","Ichtyosaurus_","Ichtyosaurus_.1"
"35","Cricosaurus","Cricosaurus.1"
"36","Rodhocetus","Rodhocetus.3"
"37","Rodhocetus","Rodhocetus.4"
"38","Noemys_fodies","Noemys_fodies.2"
"39","Remingtonocetus","Remingtonocetus.2"
"40","Protochampsidae","Protochampsidae.2"
"41","Spheniscus","Spheniscus.1"
"42","Nothosaurus_568","Nothosaurus_568.1"
"43","Simosaurus_1","Simosaurus_1.2"
"44","Spinosaurus_","Spinosaurus_.1"
"45","Spinosaurus_","Spinosaurus_.2"
"46","Spinosaurus_","Spinosaurus_.3"
"47","Spinosaurus_","Spinosaurus_.4"
"48","Spinosaurus_","Spinosaurus_.5"
"49","Spinosaurus_","Spinosaurus_.6"
"50","Spinosaurus_","Spinosaurus_.7"
"51","Spinosaurus_","Spinosaurus_.8"
"52","Spinosaurus_","Spinosaurus_.9"
"53","Spinosaurus_","Spinosaurus_.10"
"54","Spinosaurus_","Spinosaurus_.11"
"55","Suchomimus","Suchomimus.1"
"56","Suchomimus","Suchomimus.2"
"57","Suchomimus","Suchomimus.3"
"58","Baryonyx","Baryonyx.1"
"59","Baryonyx","Baryonyx.2"
"60","Baryonyx","Baryonyx.3"
 
* Phylo tree and the main data and strata files have been modified to include duplicated taxa before the scaled random trees are generated.
* Selected categorical labels column: diving.or.not
* diving.or.equal column is identical to Diving column.
* Regression excludes flying taxa.
* Diving labels that are present in regression: 0,2
* lambda (calculated from a random tree) = : 0.15
* index-name alignment check: OK
