Logfile for a session of program: bootstrap_binary.r
-----------------------------------------------------
INPUT:
workDir: C:/dino_nature/output/2023-11-07-D1\bs/set_546
Nbootstrapsets: 2000
phyloFDAfile: c:/dino_nature/code/phylo.fda.R
auxFile: c:/dino_nature/code/auxiliary.r
boneType: femur
regressionData.file: C:/dino_nature/output/2023-11-07-D1\bs/set_546/femur_set_546.csv
applyDataFilter: FALSE
addTreeTips: TRUE
Ntrees: 100
calculateTrees: TRUE
saveTrees: FALSE


OPERATIONAL CHECKS:
* Regression data contains multiple copies of some taxa (user added variants of existing test taxa 
   or replacements due to bootstrap are present) which are not in the phylo tree:
     original taxon,   duplicate   
"1","Lacerta_viridis","Lacerta_viridis.1"
"2","Rattus_rattus","Rattus_rattus.1"
"3","Rattus_rattus","Rattus_rattus.2"
"4","Apteryx_owenii_","Apteryx_owenii_.1"
"5","Procyon_lotor","Procyon_lotor.1"
"6","Bison_bonasus","Bison_bonasus.1"
"7","Tribonyx_mortieri","Tribonyx_mortieri.1"
"8","Megaloceros_sp","Megaloceros_sp.1"
"9","Bison_bonasus","Bison_bonasus.2"
"10","Bos_taurus","Bos_taurus.1"
"11","Meles_meles","Meles_meles.1"
"12","Euroscaptor_micrura","Euroscaptor_micrura.1"
"13","Porphyrio_hochstetteri","Porphyrio_hochstetteri.1"
"14","Felis_felis","Felis_felis.1"
"15","Rattus_rattus","Rattus_rattus.3"
"16","Bison_bonasus","Bison_bonasus.3"
"17","Syncerus_caffer","Syncerus_caffer.1"
"18","Procyon_lotor","Procyon_lotor.2"
"19","Elomeryx_borbonicus_","Elomeryx_borbonicus_.1"
"20","Cryptoclidus","Cryptoclidus.1"
"21","Basilosaurus","Basilosaurus.1"
"22","Alligator","Alligator.1"
"23","Rodhocetus","Rodhocetus.1"
"24","large_eocene_stem_penguin","large_eocene_stem_penguin.1"
"25","Dyrosaurid","Dyrosaurid.1"
"26","Ornithorhynchus_anatinus","Ornithorhynchus_anatinus.1"
"27","Ichtyosaur_sp","Ichtyosaur_sp.1"
"28","Lutra_vulgaris","Lutra_vulgaris.1"
"29","Phalacrocorax_harrisi","Phalacrocorax_harrisi.1"
"30","Plesiosaurus","Plesiosaurus.1"
"31","large_eocene_stem_penguin","large_eocene_stem_penguin.2"
"32","Chapsosaurus_","Chapsosaurus_.1"
"33","Paraplacodus","Paraplacodus.1"
"34","Simosaurus","Simosaurus.1"
"35","Phalacrocorax_harrisi","Phalacrocorax_harrisi.2"
"36","Champsosaurus","Champsosaurus.1"
"37","Basilosaurus","Basilosaurus.2"
"38","Phocanella_pumila","Phocanella_pumila.1"
"39","Hydromys_chrysogaster","Hydromys_chrysogaster.1"
"40","Phalacrocorax_harrisi","Phalacrocorax_harrisi.3"
"41","Ornithorhynchus_anatinus","Ornithorhynchus_anatinus.2"
"42","Caiman_yacare","Caiman_yacare.1"
"43","Spinosaurus_","Spinosaurus_.1"
"44","Spinosaurus_","Spinosaurus_.2"
"45","Spinosaurus_","Spinosaurus_.3"
"46","Spinosaurus_","Spinosaurus_.4"
"47","Spinosaurus_","Spinosaurus_.5"
"48","Spinosaurus_","Spinosaurus_.6"
"49","Spinosaurus_","Spinosaurus_.7"
"50","Spinosaurus_","Spinosaurus_.8"
"51","Spinosaurus_","Spinosaurus_.9"
"52","Spinosaurus_","Spinosaurus_.10"
"53","Spinosaurus_","Spinosaurus_.11"
"54","Suchomimus","Suchomimus.1"
"55","Suchomimus","Suchomimus.2"
"56","Suchomimus","Suchomimus.3"
"57","Baryonyx","Baryonyx.1"
"58","Baryonyx","Baryonyx.2"
"59","Baryonyx","Baryonyx.3"
 
* Phylo tree and the main data and strata files have been modified to include duplicated taxa before the scaled random trees are generated.
* Selected categorical labels column: diving.or.not
* diving.or.equal column is identical to Diving column.
* Regression excludes flying taxa.
* Diving labels that are present in regression: 0,2
* lambda (calculated from a random tree) = : 0.07
* index-name alignment check: OK
