Logfile for a session of program: bootstrap_binary.r
-----------------------------------------------------
INPUT:
workDir: C:/dino_nature/output/2023-11-07-D1\bs/set_1470
Nbootstrapsets: 2000
phyloFDAfile: c:/dino_nature/code/phylo.fda.R
auxFile: c:/dino_nature/code/auxiliary.r
boneType: femur
regressionData.file: C:/dino_nature/output/2023-11-07-D1\bs/set_1470/femur_set_1470.csv
applyDataFilter: FALSE
addTreeTips: TRUE
Ntrees: 100
calculateTrees: TRUE
saveTrees: FALSE


OPERATIONAL CHECKS:
* Regression data contains multiple copies of some taxa (user added variants of existing test taxa 
   or replacements due to bootstrap are present) which are not in the phylo tree:
     original taxon,   duplicate   
"1","Euroscaptor_micrura","Euroscaptor_micrura.1"
"2","Lacerta_viridis","Lacerta_viridis.1"
"3","Xenicus_giliventris","Xenicus_giliventris.1"
"4","Apteryx_owenii_","Apteryx_owenii_.1"
"5","Alces_americanus","Alces_americanus.1"
"6","Giraffa_camelopardalis","Giraffa_camelopardalis.1"
"7","Rhinoceros_sondaicus","Rhinoceros_sondaicus.1"
"8","Apteryx_owenii_","Apteryx_owenii_.2"
"9","Alces_americanus","Alces_americanus.2"
"10","Alces_americanus","Alces_americanus.3"
"11","Diplomesodon_pulchellum","Diplomesodon_pulchellum.1"
"12","Euroscaptor_micrura","Euroscaptor_micrura.2"
"13","Okapia_johnstoni","Okapia_johnstoni.1"
"14","Lacerta_viridis","Lacerta_viridis.2"
"15","Cephalophus_silvicultor","Cephalophus_silvicultor.1"
"16","Giraffa_camelopardalis","Giraffa_camelopardalis.2"
"17","Loxodonta_africana","Loxodonta_africana.1"
"18","Giraffa_camelopardalis","Giraffa_camelopardalis.3"
"19","Dromaius_","Dromaius_.1"
"20","Rynochetus_jubatus","Rynochetus_jubatus.1"
"21","Nyctereutes_procyonoides","Nyctereutes_procyonoides.1"
"22","Monodelphis_domestica","Monodelphis_domestica.1"
"23","Dasyurus_maculatus","Dasyurus_maculatus.1"
"24","Paguma_larvata","Paguma_larvata.1"
"25","Felis_felis","Felis_felis.1"
"26","Alces_americanus","Alces_americanus.4"
"27","Simosaurus","Simosaurus.1"
"28","Spheniscus","Spheniscus.1"
"29","Hexaprotodon_garyam","Hexaprotodon_garyam.1"
"30","Desmana_moschata","Desmana_moschata.1"
"31","Hippopotamus_amphibius","Hippopotamus_amphibius.1"
"32","Plesiosaurus","Plesiosaurus.1"
"33","Maiacetus","Maiacetus.1"
"34","Desmana_moschata","Desmana_moschata.2"
"35","Nothosaurus_mirabilis","Nothosaurus_mirabilis.1"
"36","Spheniscus","Spheniscus.2"
"37","Desmana_moschata","Desmana_moschata.3"
"38","Hexaprotodon_garyam","Hexaprotodon_garyam.2"
"39","Nothosaurus_102","Nothosaurus_102.1"
"40","Simosaurus","Simosaurus.2"
"41","Protochampsidae","Protochampsidae.1"
"42","Maiacetus","Maiacetus.2"
"43","Psephoderma","Psephoderma.1"
"44","Nothosaurus_giganteus","Nothosaurus_giganteus.1"
"45","Spinosaurus_","Spinosaurus_.1"
"46","Spinosaurus_","Spinosaurus_.2"
"47","Spinosaurus_","Spinosaurus_.3"
"48","Spinosaurus_","Spinosaurus_.4"
"49","Spinosaurus_","Spinosaurus_.5"
"50","Spinosaurus_","Spinosaurus_.6"
"51","Spinosaurus_","Spinosaurus_.7"
"52","Spinosaurus_","Spinosaurus_.8"
"53","Spinosaurus_","Spinosaurus_.9"
"54","Spinosaurus_","Spinosaurus_.10"
"55","Spinosaurus_","Spinosaurus_.11"
"56","Suchomimus","Suchomimus.1"
"57","Suchomimus","Suchomimus.2"
"58","Suchomimus","Suchomimus.3"
"59","Baryonyx","Baryonyx.1"
"60","Baryonyx","Baryonyx.2"
"61","Baryonyx","Baryonyx.3"
 
* Phylo tree and the main data and strata files have been modified to include duplicated taxa before the scaled random trees are generated.
* Selected categorical labels column: diving.or.not
* diving.or.equal column is identical to Diving column.
* Regression excludes flying taxa.
* Diving labels that are present in regression: 0,2
* lambda (calculated from a random tree) = : 0.12
* index-name alignment check: OK
