Logfile for a session of program: bootstrap_binary.r
-----------------------------------------------------
INPUT:
workDir: C:/dino_nature/output/2023-11-07-D1\bs/set_1824
Nbootstrapsets: 2000
phyloFDAfile: c:/dino_nature/code/phylo.fda.R
auxFile: c:/dino_nature/code/auxiliary.r
boneType: femur
regressionData.file: C:/dino_nature/output/2023-11-07-D1\bs/set_1824/femur_set_1824.csv
applyDataFilter: FALSE
addTreeTips: TRUE
Ntrees: 100
calculateTrees: TRUE
saveTrees: FALSE


OPERATIONAL CHECKS:
* Regression data contains multiple copies of some taxa (user added variants of existing test taxa 
   or replacements due to bootstrap are present) which are not in the phylo tree:
     original taxon,   duplicate   
"1","Strigiops_habroptilus","Strigiops_habroptilus.1"
"2","Mus_musculus","Mus_musculus.1"
"3","Apteryx_australis","Apteryx_australis.1"
"4","Dromaius_","Dromaius_.1"
"5","Felis_felis","Felis_felis.1"
"6","Apteryx_australis","Apteryx_australis.2"
"7","Felis_felis","Felis_felis.2"
"8","Rhynchocyon_petersi","Rhynchocyon_petersi.1"
"9","Tenrec_ecaudatus","Tenrec_ecaudatus.1"
"10","Tenrec_ecaudatus","Tenrec_ecaudatus.2"
"11","Rupicapra_rupicapra","Rupicapra_rupicapra.1"
"12","Rhinoceros_sondaicus","Rhinoceros_sondaicus.1"
"13","Syncerus_caffer","Syncerus_caffer.1"
"14","Dicerorhinus_sumatrensis","Dicerorhinus_sumatrensis.1"
"15","Loxodonta_africana","Loxodonta_africana.1"
"16","Ceratotherium_simum","Ceratotherium_simum.1"
"17","Rhinoceros_sondaicus","Rhinoceros_sondaicus.2"
"18","Procyon_lotor","Procyon_lotor.1"
"19","Atlantisia_rogersi","Atlantisia_rogersi.1"
"20","Felis_felis","Felis_felis.3"
"21","Lacerta_viridis","Lacerta_viridis.1"
"22","Simosaurus_1","Simosaurus_1.1"
"23","Placondontia_indet","Placondontia_indet.1"
"24","Phocanella_pumila","Phocanella_pumila.1"
"25","Basilosaurus","Basilosaurus.1"
"26","large_eocene_stem_penguin","large_eocene_stem_penguin.1"
"27","Hippopotamus_amphibius","Hippopotamus_amphibius.1"
"28","Aptenodytes______","Aptenodytes______.1"
"29","Otaria_byronia","Otaria_byronia.1"
"30","Spheniscus","Spheniscus.1"
"31","Simosaurus","Simosaurus.1"
"32","Castor_fiber","Castor_fiber.1"
"33","Palaeospheniscus","Palaeospheniscus.1"
"34","Leptophoca_proxima","Leptophoca_proxima.1"
"35","Dyrosaurid","Dyrosaurid.1"
"36","Simosaurus_1","Simosaurus_1.2"
"37","large_eocene_stem_penguin","large_eocene_stem_penguin.2"
"38","Hippopotamus_amphibius","Hippopotamus_amphibius.2"
"39","Simosaurus","Simosaurus.2"
"40","Spinosaurus_","Spinosaurus_.1"
"41","Spinosaurus_","Spinosaurus_.2"
"42","Spinosaurus_","Spinosaurus_.3"
"43","Spinosaurus_","Spinosaurus_.4"
"44","Spinosaurus_","Spinosaurus_.5"
"45","Spinosaurus_","Spinosaurus_.6"
"46","Spinosaurus_","Spinosaurus_.7"
"47","Spinosaurus_","Spinosaurus_.8"
"48","Spinosaurus_","Spinosaurus_.9"
"49","Spinosaurus_","Spinosaurus_.10"
"50","Spinosaurus_","Spinosaurus_.11"
"51","Suchomimus","Suchomimus.1"
"52","Suchomimus","Suchomimus.2"
"53","Suchomimus","Suchomimus.3"
"54","Baryonyx","Baryonyx.1"
"55","Baryonyx","Baryonyx.2"
"56","Baryonyx","Baryonyx.3"
 
* Phylo tree and the main data and strata files have been modified to include duplicated taxa before the scaled random trees are generated.
* Selected categorical labels column: diving.or.not
* diving.or.equal column is identical to Diving column.
* Regression excludes flying taxa.
* Diving labels that are present in regression: 0,2
* lambda (calculated from a random tree) = : 0.11
* index-name alignment check: OK
