Logfile for a session of program: bootstrap_binary.r
-----------------------------------------------------
INPUT:
workDir: C:/dino_nature/output/2023-11-07-D1\bs/set_1865
Nbootstrapsets: 2000
phyloFDAfile: c:/dino_nature/code/phylo.fda.R
auxFile: c:/dino_nature/code/auxiliary.r
boneType: femur
regressionData.file: C:/dino_nature/output/2023-11-07-D1\bs/set_1865/femur_set_1865.csv
applyDataFilter: FALSE
addTreeTips: TRUE
Ntrees: 100
calculateTrees: TRUE
saveTrees: FALSE


OPERATIONAL CHECKS:
* Regression data contains multiple copies of some taxa (user added variants of existing test taxa 
   or replacements due to bootstrap are present) which are not in the phylo tree:
     original taxon,   duplicate   
"1","Procyon_lotor","Procyon_lotor.1"
"2","Paguma_larvata","Paguma_larvata.1"
"3","Procyon_lotor","Procyon_lotor.2"
"4","Porphyrio_hochstetteri","Porphyrio_hochstetteri.1"
"5","Tenrec_ecaudatus","Tenrec_ecaudatus.1"
"6","Giraffa_camelopardalis","Giraffa_camelopardalis.1"
"7","Xenicus_giliventris","Xenicus_giliventris.1"
"8","Syncerus_caffer","Syncerus_caffer.1"
"9","Dasyurus_maculatus","Dasyurus_maculatus.1"
"10","Tamandua_tetradactyla","Tamandua_tetradactyla.1"
"11","Procavia_capensis","Procavia_capensis.1"
"12","Procyon_lotor","Procyon_lotor.3"
"13","Euroscaptor_micrura","Euroscaptor_micrura.1"
"14","Procavia_capensis","Procavia_capensis.2"
"15","Giraffa_camelopardalis","Giraffa_camelopardalis.2"
"16","Rhynchocyon_petersi","Rhynchocyon_petersi.1"
"17","Uncia_uncia","Uncia_uncia.1"
"18","Raphus","Raphus.1"
"19","Tamandua_tetradactyla","Tamandua_tetradactyla.2"
"20","Psephoderma","Psephoderma.1"
"21","Nothosaurus_giganteus","Nothosaurus_giganteus.1"
"22","Paraplacodus","Paraplacodus.1"
"23","Remingtonocetus","Remingtonocetus.1"
"24","Simosaurus_1","Simosaurus_1.1"
"25","Nothosaurus_giganteus","Nothosaurus_giganteus.2"
"26","Simosaurus_1","Simosaurus_1.2"
"27","Castor_fiber","Castor_fiber.1"
"28","Remingtonocetus","Remingtonocetus.2"
"29","Nothosaurus_150","Nothosaurus_150.1"
"30","Hydromys_chrysogaster","Hydromys_chrysogaster.1"
"31","Hesperornis","Hesperornis.1"
"32","Nothosaurus_150","Nothosaurus_150.2"
"33","Simosaurus","Simosaurus.1"
"34","Aptenodytes______","Aptenodytes______.1"
"35","Simosaurus_1","Simosaurus_1.3"
"36","Otaria_byronia","Otaria_byronia.1"
"37","Spheniscus","Spheniscus.1"
"38","Castor_fiber","Castor_fiber.2"
"39","Nothosaurus_150","Nothosaurus_150.3"
"40","Spinosaurus_","Spinosaurus_.1"
"41","Spinosaurus_","Spinosaurus_.2"
"42","Spinosaurus_","Spinosaurus_.3"
"43","Spinosaurus_","Spinosaurus_.4"
"44","Spinosaurus_","Spinosaurus_.5"
"45","Spinosaurus_","Spinosaurus_.6"
"46","Spinosaurus_","Spinosaurus_.7"
"47","Spinosaurus_","Spinosaurus_.8"
"48","Spinosaurus_","Spinosaurus_.9"
"49","Spinosaurus_","Spinosaurus_.10"
"50","Spinosaurus_","Spinosaurus_.11"
"51","Suchomimus","Suchomimus.1"
"52","Suchomimus","Suchomimus.2"
"53","Suchomimus","Suchomimus.3"
"54","Baryonyx","Baryonyx.1"
"55","Baryonyx","Baryonyx.2"
"56","Baryonyx","Baryonyx.3"
 
* Phylo tree and the main data and strata files have been modified to include duplicated taxa before the scaled random trees are generated.
* Selected categorical labels column: diving.or.not
* diving.or.equal column is identical to Diving column.
* Regression excludes flying taxa.
* Diving labels that are present in regression: 0,2
* lambda (calculated from a random tree) = : 0.12
* index-name alignment check: OK
