Logfile for a session of program: bootstrap_binary.r
-----------------------------------------------------
INPUT:
workDir: C:/dino_nature/output/2023-11-07-D1\bs/set_1198
Nbootstrapsets: 2000
phyloFDAfile: c:/dino_nature/code/phylo.fda.R
auxFile: c:/dino_nature/code/auxiliary.r
boneType: femur
regressionData.file: C:/dino_nature/output/2023-11-07-D1\bs/set_1198/femur_set_1198.csv
applyDataFilter: FALSE
addTreeTips: TRUE
Ntrees: 100
calculateTrees: TRUE
saveTrees: FALSE


OPERATIONAL CHECKS:
* Regression data contains multiple copies of some taxa (user added variants of existing test taxa 
   or replacements due to bootstrap are present) which are not in the phylo tree:
     original taxon,   duplicate   
"1","Uncia_uncia","Uncia_uncia.1"
"2","Myrmecophaga_tridactyla","Myrmecophaga_tridactyla.1"
"3","Mustela_nivalis","Mustela_nivalis.1"
"4","Megaloceros_sp","Megaloceros_sp.1"
"5","Dama_dama","Dama_dama.1"
"6","Mustela_nivalis","Mustela_nivalis.2"
"7","Felis_felis","Felis_felis.1"
"8","Dicerorhinus_sumatrensis","Dicerorhinus_sumatrensis.1"
"9","Dama_dama","Dama_dama.2"
"10","Felis_felis","Felis_felis.2"
"11","Sphenodon_punctatus","Sphenodon_punctatus.1"
"12","Rhinoceros_sondaicus","Rhinoceros_sondaicus.1"
"13","Megaloceros_sp","Megaloceros_sp.2"
"14","Rattus_rattus","Rattus_rattus.1"
"15","Brachyodus_onoideum","Brachyodus_onoideum.1"
"16","Rhinoceros_sondaicus","Rhinoceros_sondaicus.2"
"17","Bos_taurus","Bos_taurus.1"
"18","Sphenodon_punctatus","Sphenodon_punctatus.2"
"19","Lama_guanicoe","Lama_guanicoe.1"
"20","Brachyodus_onoideum","Brachyodus_onoideum.2"
"21","Paguma_larvata","Paguma_larvata.1"
"22","Paguma_larvata","Paguma_larvata.2"
"23","Rhynchocyon_petersi","Rhynchocyon_petersi.1"
"24","Myrmecophaga_tridactyla","Myrmecophaga_tridactyla.2"
"25","Spheniscus","Spheniscus.1"
"26","Choeropsis_liberiensis","Choeropsis_liberiensis.1"
"27","Caiman_yacare","Caiman_yacare.1"
"28","large_eocene_stem_penguin","large_eocene_stem_penguin.1"
"29","Nothosaurus_mirabilis","Nothosaurus_mirabilis.1"
"30","large_eocene_stem_penguin","large_eocene_stem_penguin.2"
"31","Spheniscus","Spheniscus.2"
"32","Nothosaurus_150","Nothosaurus_150.1"
"33","Paraplacodus","Paraplacodus.1"
"34","Nothosaurus_102","Nothosaurus_102.1"
"35","Ichtyosaur_sp","Ichtyosaur_sp.1"
"36","Micropotamogale_euwenzorii","Micropotamogale_euwenzorii.1"
"37","Micropotamogale_euwenzorii","Micropotamogale_euwenzorii.2"
"38","Ichtyosaur_sp","Ichtyosaur_sp.2"
"39","Nothosaurus_150","Nothosaurus_150.2"
"40","Simosaurus_1","Simosaurus_1.1"
"41","Nothosaurus_giganteus","Nothosaurus_giganteus.1"
"42","Nothosaurus_mirabilis","Nothosaurus_mirabilis.2"
"43","Placondontia_indet","Placondontia_indet.1"
"44","Caiman_yacare","Caiman_yacare.2"
"45","Psephoderma","Psephoderma.1"
"46","Spinosaurus_","Spinosaurus_.1"
"47","Spinosaurus_","Spinosaurus_.2"
"48","Spinosaurus_","Spinosaurus_.3"
"49","Spinosaurus_","Spinosaurus_.4"
"50","Spinosaurus_","Spinosaurus_.5"
"51","Spinosaurus_","Spinosaurus_.6"
"52","Spinosaurus_","Spinosaurus_.7"
"53","Spinosaurus_","Spinosaurus_.8"
"54","Spinosaurus_","Spinosaurus_.9"
"55","Spinosaurus_","Spinosaurus_.10"
"56","Spinosaurus_","Spinosaurus_.11"
"57","Suchomimus","Suchomimus.1"
"58","Suchomimus","Suchomimus.2"
"59","Suchomimus","Suchomimus.3"
"60","Baryonyx","Baryonyx.1"
"61","Baryonyx","Baryonyx.2"
"62","Baryonyx","Baryonyx.3"
 
* Phylo tree and the main data and strata files have been modified to include duplicated taxa before the scaled random trees are generated.
* Selected categorical labels column: diving.or.not
* diving.or.equal column is identical to Diving column.
* Regression excludes flying taxa.
* Diving labels that are present in regression: 0,2
* lambda (calculated from a random tree) = : 0.12
* index-name alignment check: OK
