Logfile for a session of program: bootstrap_binary.r
-----------------------------------------------------
INPUT:
workDir: C:/dino_nature/output/2023-11-07-D1\bs/set_585
Nbootstrapsets: 2000
phyloFDAfile: c:/dino_nature/code/phylo.fda.R
auxFile: c:/dino_nature/code/auxiliary.r
boneType: femur
regressionData.file: C:/dino_nature/output/2023-11-07-D1\bs/set_585/femur_set_585.csv
applyDataFilter: FALSE
addTreeTips: TRUE
Ntrees: 100
calculateTrees: TRUE
saveTrees: FALSE


OPERATIONAL CHECKS:
* Regression data contains multiple copies of some taxa (user added variants of existing test taxa 
   or replacements due to bootstrap are present) which are not in the phylo tree:
     original taxon,   duplicate   
"1","Alces_americanus","Alces_americanus.1"
"2","Mustela_nivalis","Mustela_nivalis.1"
"3","Elephas_maximus","Elephas_maximus.1"
"4","Mammuthus_sp","Mammuthus_sp.1"
"5","Procyon_lotor","Procyon_lotor.1"
"6","Elephas_maximus","Elephas_maximus.2"
"7","Pogona_viceps","Pogona_viceps.1"
"8","Pogona_viceps","Pogona_viceps.2"
"9","Pogona_viceps","Pogona_viceps.3"
"10","Apteryx_australis","Apteryx_australis.1"
"11","Lacerta_viridis","Lacerta_viridis.1"
"12","Elephas_maximus","Elephas_maximus.3"
"13","Sphenodon_punctatus","Sphenodon_punctatus.1"
"14","Euroscaptor_micrura","Euroscaptor_micrura.1"
"15","Strigiops_habroptilus","Strigiops_habroptilus.1"
"16","Tribonyx_mortieri","Tribonyx_mortieri.1"
"17","Dicerorhinus_sumatrensis","Dicerorhinus_sumatrensis.1"
"18","Hemiechinus_azurites","Hemiechinus_azurites.1"
"19","Uncia_uncia","Uncia_uncia.1"
"20","Vulpes_vulpes","Vulpes_vulpes.1"
"21","Dama_dama","Dama_dama.1"
"22","Uncia_uncia","Uncia_uncia.2"
"23","Meles_meles","Meles_meles.1"
"24","Rhaeticosaurus","Rhaeticosaurus.1"
"25","Lutra_vulgaris","Lutra_vulgaris.1"
"26","Callophoca_obscura","Callophoca_obscura.1"
"27","Neusticosaurus","Neusticosaurus.1"
"28","Spheniscus","Spheniscus.1"
"29","Nothosaurus_568","Nothosaurus_568.1"
"30","Rodhocetus","Rodhocetus.1"
"31","Hippopotamus_amphibius","Hippopotamus_amphibius.1"
"32","Simosaurus","Simosaurus.1"
"33","Callophoca_obscura","Callophoca_obscura.2"
"34","Basilosaurus","Basilosaurus.1"
"35","Choeropsis_liberiensis","Choeropsis_liberiensis.1"
"36","Lutra_vulgaris","Lutra_vulgaris.2"
"37","Rodhocetus","Rodhocetus.2"
"38","Nothosaurus_150","Nothosaurus_150.1"
"39","Nothosaurus_mirabilis","Nothosaurus_mirabilis.1"
"40","Indohyus","Indohyus.1"
"41","Nothosaurus_568","Nothosaurus_568.2"
"42","Spheniscus","Spheniscus.2"
"43","Noemys_fodies","Noemys_fodies.1"
"44","Remingtonocetus","Remingtonocetus.1"
"45","Callophoca_obscura","Callophoca_obscura.3"
"46","Micropotamogale_euwenzorii","Micropotamogale_euwenzorii.1"
"47","Metryorhynchus","Metryorhynchus.1"
"48","Plesiosaurus","Plesiosaurus.1"
"49","Lutra_vulgaris","Lutra_vulgaris.3"
"50","Phalacrocorax_harrisi","Phalacrocorax_harrisi.1"
"51","Nanophoca_vitulinoides","Nanophoca_vitulinoides.1"
"52","Spinosaurus_","Spinosaurus_.1"
"53","Spinosaurus_","Spinosaurus_.2"
"54","Spinosaurus_","Spinosaurus_.3"
"55","Spinosaurus_","Spinosaurus_.4"
"56","Spinosaurus_","Spinosaurus_.5"
"57","Spinosaurus_","Spinosaurus_.6"
"58","Spinosaurus_","Spinosaurus_.7"
"59","Spinosaurus_","Spinosaurus_.8"
"60","Spinosaurus_","Spinosaurus_.9"
"61","Spinosaurus_","Spinosaurus_.10"
"62","Spinosaurus_","Spinosaurus_.11"
"63","Suchomimus","Suchomimus.1"
"64","Suchomimus","Suchomimus.2"
"65","Suchomimus","Suchomimus.3"
"66","Baryonyx","Baryonyx.1"
"67","Baryonyx","Baryonyx.2"
"68","Baryonyx","Baryonyx.3"
 
* Phylo tree and the main data and strata files have been modified to include duplicated taxa before the scaled random trees are generated.
* Selected categorical labels column: diving.or.not
* diving.or.equal column is identical to Diving column.
* Regression excludes flying taxa.
* Diving labels that are present in regression: 0,2
* lambda (calculated from a random tree) = : 0.06
* index-name alignment check: OK
