Logfile for a session of program: bootstrap_binary.r
-----------------------------------------------------
INPUT:
workDir: C:/dino_nature/output/2023-11-07-D1\bs/set_634
Nbootstrapsets: 2000
phyloFDAfile: c:/dino_nature/code/phylo.fda.R
auxFile: c:/dino_nature/code/auxiliary.r
boneType: femur
regressionData.file: C:/dino_nature/output/2023-11-07-D1\bs/set_634/femur_set_634.csv
applyDataFilter: FALSE
addTreeTips: TRUE
Ntrees: 100
calculateTrees: TRUE
saveTrees: FALSE


OPERATIONAL CHECKS:
* Regression data contains multiple copies of some taxa (user added variants of existing test taxa 
   or replacements due to bootstrap are present) which are not in the phylo tree:
     original taxon,   duplicate   
"1","Rhinoceros_sondaicus","Rhinoceros_sondaicus.1"
"2","Alces_americanus","Alces_americanus.1"
"3","Nyctereutes_procyonoides","Nyctereutes_procyonoides.1"
"4","Mustela_nivalis","Mustela_nivalis.1"
"5","Tenrec_ecaudatus","Tenrec_ecaudatus.1"
"6","Pogona_viceps","Pogona_viceps.1"
"7","Rhinoceros_sondaicus","Rhinoceros_sondaicus.2"
"8","Ceratotherium_simum","Ceratotherium_simum.1"
"9","Mustela_nivalis","Mustela_nivalis.2"
"10","Nyctereutes_procyonoides","Nyctereutes_procyonoides.2"
"11","Uncia_uncia","Uncia_uncia.1"
"12","Rangifer_tarandus","Rangifer_tarandus.1"
"13","Rangifer_tarandus","Rangifer_tarandus.2"
"14","Rangifer_tarandus","Rangifer_tarandus.3"
"15","Rhinoceros_sondaicus","Rhinoceros_sondaicus.3"
"16","Rupicapra_rupicapra","Rupicapra_rupicapra.1"
"17","Nyctereutes_procyonoides","Nyctereutes_procyonoides.3"
"18","Meles_meles","Meles_meles.1"
"19","Capreolus_capreolus","Capreolus_capreolus.1"
"20","Remingtonocetus","Remingtonocetus.1"
"21","Noemys_fodies","Noemys_fodies.1"
"22","Choeropsis_liberiensis","Choeropsis_liberiensis.1"
"23","Nothosaurus_150","Nothosaurus_150.1"
"24","large_eocene_stem_penguin","large_eocene_stem_penguin.1"
"25","Otaria_byronia","Otaria_byronia.1"
"26","large_eocene_stem_penguin","large_eocene_stem_penguin.2"
"27","Ornithorhynchus_anatinus","Ornithorhynchus_anatinus.1"
"28","Nothosaurus_giganteus","Nothosaurus_giganteus.1"
"29","Spheniscus","Spheniscus.1"
"30","Callophoca_obscura","Callophoca_obscura.1"
"31","Tapirus_terrestris","Tapirus_terrestris.1"
"32","Cryptoclidus","Cryptoclidus.1"
"33","Hydromys_chrysogaster","Hydromys_chrysogaster.1"
"34","Maiacetus","Maiacetus.1"
"35","Lutra_vulgaris","Lutra_vulgaris.1"
"36","Ichtyosaur_sp","Ichtyosaur_sp.1"
"37","Phocanella_pumila","Phocanella_pumila.1"
"38","Alligator","Alligator.1"
"39","Spinosaurus_","Spinosaurus_.1"
"40","Spinosaurus_","Spinosaurus_.2"
"41","Spinosaurus_","Spinosaurus_.3"
"42","Spinosaurus_","Spinosaurus_.4"
"43","Spinosaurus_","Spinosaurus_.5"
"44","Spinosaurus_","Spinosaurus_.6"
"45","Spinosaurus_","Spinosaurus_.7"
"46","Spinosaurus_","Spinosaurus_.8"
"47","Spinosaurus_","Spinosaurus_.9"
"48","Spinosaurus_","Spinosaurus_.10"
"49","Spinosaurus_","Spinosaurus_.11"
"50","Suchomimus","Suchomimus.1"
"51","Suchomimus","Suchomimus.2"
"52","Suchomimus","Suchomimus.3"
"53","Baryonyx","Baryonyx.1"
"54","Baryonyx","Baryonyx.2"
"55","Baryonyx","Baryonyx.3"
 
* Phylo tree and the main data and strata files have been modified to include duplicated taxa before the scaled random trees are generated.
* Selected categorical labels column: diving.or.not
* diving.or.equal column is identical to Diving column.
* Regression excludes flying taxa.
* Diving labels that are present in regression: 0,2
* lambda (calculated from a random tree) = : 0.05
* index-name alignment check: OK
