Logfile for a session of program: bootstrap_binary.r
-----------------------------------------------------
INPUT:
workDir: C:/dino_nature/output/2023-11-07-D1\bs/set_859
Nbootstrapsets: 2000
phyloFDAfile: c:/dino_nature/code/phylo.fda.R
auxFile: c:/dino_nature/code/auxiliary.r
boneType: femur
regressionData.file: C:/dino_nature/output/2023-11-07-D1\bs/set_859/femur_set_859.csv
applyDataFilter: FALSE
addTreeTips: TRUE
Ntrees: 100
calculateTrees: TRUE
saveTrees: FALSE


OPERATIONAL CHECKS:
* Regression data contains multiple copies of some taxa (user added variants of existing test taxa 
   or replacements due to bootstrap are present) which are not in the phylo tree:
     original taxon,   duplicate   
"1","Okapia_johnstoni","Okapia_johnstoni.1"
"2","Dromaius_","Dromaius_.1"
"3","Microgale_thomasi","Microgale_thomasi.1"
"4","Sus_scrofa","Sus_scrofa.1"
"5","Okapia_johnstoni","Okapia_johnstoni.2"
"6","Syncerus_caffer","Syncerus_caffer.1"
"7","Mammuthus_sp","Mammuthus_sp.1"
"8","Okapia_johnstoni","Okapia_johnstoni.3"
"9","Elomeryx_borbonicus_","Elomeryx_borbonicus_.1"
"10","Syncerus_caffer","Syncerus_caffer.2"
"11","Dama_dama","Dama_dama.1"
"12","Ceratotherium_simum","Ceratotherium_simum.1"
"13","Lacerta_viridis","Lacerta_viridis.1"
"14","Mammuthus_sp","Mammuthus_sp.2"
"15","Dicerorhinus_sumatrensis","Dicerorhinus_sumatrensis.1"
"16","Tamandua_tetradactyla","Tamandua_tetradactyla.1"
"17","Elephas_maximus","Elephas_maximus.1"
"18","Porphyrio_hochstetteri","Porphyrio_hochstetteri.1"
"19","Desmana_moschata","Desmana_moschata.1"
"20","Hesperornis","Hesperornis.1"
"21","Choeropsis_liberiensis","Choeropsis_liberiensis.1"
"22","Desmana_moschata","Desmana_moschata.2"
"23","Nothosaurus_150","Nothosaurus_150.1"
"24","Nothosaurus_150","Nothosaurus_150.2"
"25","Rhaeticosaurus","Rhaeticosaurus.1"
"26","Nothosaurus_giganteus","Nothosaurus_giganteus.1"
"27","Ichtyosaurus_","Ichtyosaurus_.1"
"28","Neusticosaurus","Neusticosaurus.1"
"29","Desmana_moschata","Desmana_moschata.3"
"30","Hesperornis","Hesperornis.2"
"31","Anarosaurus","Anarosaurus.1"
"32","Chapsosaurus_","Chapsosaurus_.1"
"33","Neusticosaurus","Neusticosaurus.2"
"34","Aptenodytes______","Aptenodytes______.1"
"35","Callophoca_obscura","Callophoca_obscura.1"
"36","Pistosaurus","Pistosaurus.1"
"37","Rhaeticosaurus","Rhaeticosaurus.2"
"38","Spinosaurus_","Spinosaurus_.1"
"39","Spinosaurus_","Spinosaurus_.2"
"40","Spinosaurus_","Spinosaurus_.3"
"41","Spinosaurus_","Spinosaurus_.4"
"42","Spinosaurus_","Spinosaurus_.5"
"43","Spinosaurus_","Spinosaurus_.6"
"44","Spinosaurus_","Spinosaurus_.7"
"45","Spinosaurus_","Spinosaurus_.8"
"46","Spinosaurus_","Spinosaurus_.9"
"47","Spinosaurus_","Spinosaurus_.10"
"48","Spinosaurus_","Spinosaurus_.11"
"49","Suchomimus","Suchomimus.1"
"50","Suchomimus","Suchomimus.2"
"51","Suchomimus","Suchomimus.3"
"52","Baryonyx","Baryonyx.1"
"53","Baryonyx","Baryonyx.2"
"54","Baryonyx","Baryonyx.3"
 
* Phylo tree and the main data and strata files have been modified to include duplicated taxa before the scaled random trees are generated.
* Selected categorical labels column: diving.or.not
* diving.or.equal column is identical to Diving column.
* Regression excludes flying taxa.
* Diving labels that are present in regression: 0,2
* lambda (calculated from a random tree) = : 0.13
* index-name alignment check: OK
