Logfile for a session of program: bootstrap_binary.r
-----------------------------------------------------
INPUT:
workDir: C:/dino_nature/output/2023-11-07-D1\bs/set_1781
Nbootstrapsets: 2000
phyloFDAfile: c:/dino_nature/code/phylo.fda.R
auxFile: c:/dino_nature/code/auxiliary.r
boneType: femur
regressionData.file: C:/dino_nature/output/2023-11-07-D1\bs/set_1781/femur_set_1781.csv
applyDataFilter: FALSE
addTreeTips: TRUE
Ntrees: 100
calculateTrees: TRUE
saveTrees: FALSE


OPERATIONAL CHECKS:
* Regression data contains multiple copies of some taxa (user added variants of existing test taxa 
   or replacements due to bootstrap are present) which are not in the phylo tree:
     original taxon,   duplicate   
"1","Diplomesodon_pulchellum","Diplomesodon_pulchellum.1"
"2","Mammuthus_sp","Mammuthus_sp.1"
"3","Mammuthus_sp","Mammuthus_sp.2"
"4","Felis_felis","Felis_felis.1"
"5","Mus_musculus","Mus_musculus.1"
"6","Tribonyx_mortieri","Tribonyx_mortieri.1"
"7","Tribonyx_mortieri","Tribonyx_mortieri.2"
"8","Uncia_uncia","Uncia_uncia.1"
"9","Felis_felis","Felis_felis.2"
"10","Sphenodon_punctatus","Sphenodon_punctatus.1"
"11","Megaloceros_sp","Megaloceros_sp.1"
"12","Mus_musculus","Mus_musculus.2"
"13","Caloenas_nicobarica","Caloenas_nicobarica.1"
"14","Tamandua_tetradactyla","Tamandua_tetradactyla.1"
"15","Atlantisia_rogersi","Atlantisia_rogersi.1"
"16","Alces_americanus","Alces_americanus.1"
"17","Porphyrio_hochstetteri","Porphyrio_hochstetteri.1"
"18","Euroscaptor_micrura","Euroscaptor_micrura.1"
"19","Microgale_thomasi","Microgale_thomasi.1"
"20","large_eocene_stem_penguin","large_eocene_stem_penguin.1"
"21","Basilosaurus","Basilosaurus.1"
"22","large_eocene_stem_penguin","large_eocene_stem_penguin.2"
"23","large_eocene_stem_penguin","large_eocene_stem_penguin.3"
"24","Plesiosaurus","Plesiosaurus.1"
"25","Placondontia_indet","Placondontia_indet.1"
"26","Hippopotamus_amphibius","Hippopotamus_amphibius.1"
"27","Phocanella_pumila","Phocanella_pumila.1"
"28","Nothosaurus_mirabilis_1","Nothosaurus_mirabilis_1.1"
"29","Basilosaurus","Basilosaurus.2"
"30","Castor_fiber","Castor_fiber.1"
"31","Hippopotamus_amphibius","Hippopotamus_amphibius.2"
"32","Ichtyosaurus_","Ichtyosaurus_.1"
"33","Chironectes_minimus","Chironectes_minimus.1"
"34","Placondontia_indet","Placondontia_indet.2"
"35","Indohyus","Indohyus.1"
"36","Pistosaurus","Pistosaurus.1"
"37","Choeropsis_liberiensis","Choeropsis_liberiensis.1"
"38","Metryorhynchus","Metryorhynchus.1"
"39","Leptophoca_proxima","Leptophoca_proxima.1"
"40","Spinosaurus_","Spinosaurus_.1"
"41","Spinosaurus_","Spinosaurus_.2"
"42","Spinosaurus_","Spinosaurus_.3"
"43","Spinosaurus_","Spinosaurus_.4"
"44","Spinosaurus_","Spinosaurus_.5"
"45","Spinosaurus_","Spinosaurus_.6"
"46","Spinosaurus_","Spinosaurus_.7"
"47","Spinosaurus_","Spinosaurus_.8"
"48","Spinosaurus_","Spinosaurus_.9"
"49","Spinosaurus_","Spinosaurus_.10"
"50","Spinosaurus_","Spinosaurus_.11"
"51","Suchomimus","Suchomimus.1"
"52","Suchomimus","Suchomimus.2"
"53","Suchomimus","Suchomimus.3"
"54","Baryonyx","Baryonyx.1"
"55","Baryonyx","Baryonyx.2"
"56","Baryonyx","Baryonyx.3"
 
* Phylo tree and the main data and strata files have been modified to include duplicated taxa before the scaled random trees are generated.
* Selected categorical labels column: diving.or.not
* diving.or.equal column is identical to Diving column.
* Regression excludes flying taxa.
* Diving labels that are present in regression: 0,2
* lambda (calculated from a random tree) = : 0.12
* index-name alignment check: OK
