Logfile for a session of program: bootstrap_binary.r
-----------------------------------------------------
INPUT:
workDir: C:/dino_nature/output/2023-11-07-D1\bs/set_340
Nbootstrapsets: 2000
phyloFDAfile: c:/dino_nature/code/phylo.fda.R
auxFile: c:/dino_nature/code/auxiliary.r
boneType: femur
regressionData.file: C:/dino_nature/output/2023-11-07-D1\bs/set_340/femur_set_340.csv
applyDataFilter: FALSE
addTreeTips: TRUE
Ntrees: 100
calculateTrees: TRUE
saveTrees: FALSE


OPERATIONAL CHECKS:
* Regression data contains multiple copies of some taxa (user added variants of existing test taxa 
   or replacements due to bootstrap are present) which are not in the phylo tree:
     original taxon,   duplicate   
"1","Paguma_larvata","Paguma_larvata.1"
"2","Pogona_viceps","Pogona_viceps.1"
"3","Giraffa_camelopardalis","Giraffa_camelopardalis.1"
"4","Felis_felis","Felis_felis.1"
"5","Mus_musculus","Mus_musculus.1"
"6","Xenicus_giliventris","Xenicus_giliventris.1"
"7","Bos_taurus","Bos_taurus.1"
"8","Alces_americanus","Alces_americanus.1"
"9","Rattus_rattus","Rattus_rattus.1"
"10","Microgale_thomasi","Microgale_thomasi.1"
"11","Tenrec_ecaudatus","Tenrec_ecaudatus.1"
"12","Apteryx_owenii_","Apteryx_owenii_.1"
"13","Rupicapra_rupicapra","Rupicapra_rupicapra.1"
"14","Felis_felis","Felis_felis.2"
"15","Procyon_lotor","Procyon_lotor.1"
"16","Nyctereutes_procyonoides","Nyctereutes_procyonoides.1"
"17","Hemiechinus_azurites","Hemiechinus_azurites.1"
"18","Cephalophus_silvicultor","Cephalophus_silvicultor.1"
"19","Bos_taurus","Bos_taurus.2"
"20","Giraffa_camelopardalis","Giraffa_camelopardalis.2"
"21","Caloenas_nicobarica","Caloenas_nicobarica.1"
"22","Cricosaurus","Cricosaurus.1"
"23","Neusticosaurus","Neusticosaurus.1"
"24","Rhaeticosaurus","Rhaeticosaurus.1"
"25","Psephoderma","Psephoderma.1"
"26","Rhaeticosaurus","Rhaeticosaurus.2"
"27","Nanophoca_vitulinoides","Nanophoca_vitulinoides.1"
"28","Nothosaurus_mirabilis_1","Nothosaurus_mirabilis_1.1"
"29","Neusticosaurus","Neusticosaurus.2"
"30","Hesperornis","Hesperornis.1"
"31","Maiacetus","Maiacetus.1"
"32","Noemys_fodies","Noemys_fodies.1"
"33","Nothosaurus_mirabilis","Nothosaurus_mirabilis.1"
"34","Nanophoca_vitulinoides","Nanophoca_vitulinoides.2"
"35","Ichtyosaurus_","Ichtyosaurus_.1"
"36","Chapsosaurus_","Chapsosaurus_.1"
"37","Callophoca_obscura","Callophoca_obscura.1"
"38","Nothosaurus_150","Nothosaurus_150.1"
"39","Ornithorhynchus_anatinus","Ornithorhynchus_anatinus.1"
"40","Phocanella_pumila","Phocanella_pumila.1"
"41","Nanophoca_vitulinoides","Nanophoca_vitulinoides.3"
"42","Nothosaurus_mirabilis","Nothosaurus_mirabilis.2"
"43","Spinosaurus_","Spinosaurus_.1"
"44","Spinosaurus_","Spinosaurus_.2"
"45","Spinosaurus_","Spinosaurus_.3"
"46","Spinosaurus_","Spinosaurus_.4"
"47","Spinosaurus_","Spinosaurus_.5"
"48","Spinosaurus_","Spinosaurus_.6"
"49","Spinosaurus_","Spinosaurus_.7"
"50","Spinosaurus_","Spinosaurus_.8"
"51","Spinosaurus_","Spinosaurus_.9"
"52","Spinosaurus_","Spinosaurus_.10"
"53","Spinosaurus_","Spinosaurus_.11"
"54","Suchomimus","Suchomimus.1"
"55","Suchomimus","Suchomimus.2"
"56","Suchomimus","Suchomimus.3"
"57","Baryonyx","Baryonyx.1"
"58","Baryonyx","Baryonyx.2"
"59","Baryonyx","Baryonyx.3"
 
* Phylo tree and the main data and strata files have been modified to include duplicated taxa before the scaled random trees are generated.
* Selected categorical labels column: diving.or.not
* diving.or.equal column is identical to Diving column.
* Regression excludes flying taxa.
* Diving labels that are present in regression: 0,2
* lambda (calculated from a random tree) = : 0.1
* index-name alignment check: OK
