Logfile for a session of program: bootstrap_binary.r
-----------------------------------------------------
INPUT:
workDir: C:/dino_nature/output/2023-11-07-D1\bs/set_1069
Nbootstrapsets: 2000
phyloFDAfile: c:/dino_nature/code/phylo.fda.R
auxFile: c:/dino_nature/code/auxiliary.r
boneType: femur
regressionData.file: C:/dino_nature/output/2023-11-07-D1\bs/set_1069/femur_set_1069.csv
applyDataFilter: FALSE
addTreeTips: TRUE
Ntrees: 100
calculateTrees: TRUE
saveTrees: FALSE


OPERATIONAL CHECKS:
* Regression data contains multiple copies of some taxa (user added variants of existing test taxa 
   or replacements due to bootstrap are present) which are not in the phylo tree:
     original taxon,   duplicate   
"1","Dicerorhinus_sumatrensis","Dicerorhinus_sumatrensis.1"
"2","Capreolus_capreolus","Capreolus_capreolus.1"
"3","Paguma_larvata","Paguma_larvata.1"
"4","Paguma_larvata","Paguma_larvata.2"
"5","Pogona_viceps","Pogona_viceps.1"
"6","Elephas_maximus","Elephas_maximus.1"
"7","Myrmecophaga_tridactyla","Myrmecophaga_tridactyla.1"
"8","Pogona_viceps","Pogona_viceps.2"
"9","Paguma_larvata","Paguma_larvata.3"
"10","Procavia_capensis","Procavia_capensis.1"
"11","Microgale_thomasi","Microgale_thomasi.1"
"12","Microgale_thomasi","Microgale_thomasi.2"
"13","Diplomesodon_pulchellum","Diplomesodon_pulchellum.1"
"14","Porphyrio_hochstetteri","Porphyrio_hochstetteri.1"
"15","Lama_guanicoe","Lama_guanicoe.1"
"16","Capreolus_capreolus","Capreolus_capreolus.2"
"17","Dicerorhinus_sumatrensis","Dicerorhinus_sumatrensis.2"
"18","Procyon_lotor","Procyon_lotor.1"
"19","Rupicapra_rupicapra","Rupicapra_rupicapra.1"
"20","Procyon_lotor","Procyon_lotor.2"
"21","Cephalophus_silvicultor","Cephalophus_silvicultor.1"
"22","Tenrec_ecaudatus","Tenrec_ecaudatus.1"
"23","Giraffa_camelopardalis","Giraffa_camelopardalis.1"
"24","Placondontia_indet","Placondontia_indet.1"
"25","Desmostylus_hesperus","Desmostylus_hesperus.1"
"26","Nanophoca_vitulinoides","Nanophoca_vitulinoides.1"
"27","Hesperornis","Hesperornis.1"
"28","Basilosaurus","Basilosaurus.1"
"29","Hesperornis","Hesperornis.2"
"30","Neusticosaurus","Neusticosaurus.1"
"31","Nothosaurus_568","Nothosaurus_568.1"
"32","Caiman_yacare","Caiman_yacare.1"
"33","Rhaeticosaurus","Rhaeticosaurus.1"
"34","Indohyus","Indohyus.1"
"35","Nothosaurus_568","Nothosaurus_568.2"
"36","Nothosaurus_150","Nothosaurus_150.1"
"37","Nothosaurus_giganteus","Nothosaurus_giganteus.1"
"38","Phalacrocorax_harrisi","Phalacrocorax_harrisi.1"
"39","Nothosaurus_mirabilis","Nothosaurus_mirabilis.1"
"40","Dyrosaurid","Dyrosaurid.1"
"41","Plesiosaurus","Plesiosaurus.1"
"42","Nothosaurus_giganteus","Nothosaurus_giganteus.2"
"43","Psephoderma","Psephoderma.1"
"44","Phalacrocorax_harrisi","Phalacrocorax_harrisi.2"
"45","Spinosaurus_","Spinosaurus_.1"
"46","Spinosaurus_","Spinosaurus_.2"
"47","Spinosaurus_","Spinosaurus_.3"
"48","Spinosaurus_","Spinosaurus_.4"
"49","Spinosaurus_","Spinosaurus_.5"
"50","Spinosaurus_","Spinosaurus_.6"
"51","Spinosaurus_","Spinosaurus_.7"
"52","Spinosaurus_","Spinosaurus_.8"
"53","Spinosaurus_","Spinosaurus_.9"
"54","Spinosaurus_","Spinosaurus_.10"
"55","Spinosaurus_","Spinosaurus_.11"
"56","Suchomimus","Suchomimus.1"
"57","Suchomimus","Suchomimus.2"
"58","Suchomimus","Suchomimus.3"
"59","Baryonyx","Baryonyx.1"
"60","Baryonyx","Baryonyx.2"
"61","Baryonyx","Baryonyx.3"
 
* Phylo tree and the main data and strata files have been modified to include duplicated taxa before the scaled random trees are generated.
* Selected categorical labels column: diving.or.not
* diving.or.equal column is identical to Diving column.
* Regression excludes flying taxa.
* Diving labels that are present in regression: 0,2
* lambda (calculated from a random tree) = : 0.1
* index-name alignment check: OK
