Logfile for a session of program: bootstrap_binary.r
-----------------------------------------------------
INPUT:
workDir: C:/dino_nature/output/2023-11-07-D1\bs/set_1258
Nbootstrapsets: 2000
phyloFDAfile: c:/dino_nature/code/phylo.fda.R
auxFile: c:/dino_nature/code/auxiliary.r
boneType: femur
regressionData.file: C:/dino_nature/output/2023-11-07-D1\bs/set_1258/femur_set_1258.csv
applyDataFilter: FALSE
addTreeTips: TRUE
Ntrees: 100
calculateTrees: TRUE
saveTrees: FALSE


OPERATIONAL CHECKS:
* Regression data contains multiple copies of some taxa (user added variants of existing test taxa 
   or replacements due to bootstrap are present) which are not in the phylo tree:
     original taxon,   duplicate   
"1","Cephalophus_silvicultor","Cephalophus_silvicultor.1"
"2","Cephalophus_silvicultor","Cephalophus_silvicultor.2"
"3","Procavia_capensis","Procavia_capensis.1"
"4","Bison_bonasus","Bison_bonasus.1"
"5","Porphyrio_hochstetteri","Porphyrio_hochstetteri.1"
"6","Mammuthus_sp","Mammuthus_sp.1"
"7","Rhynchocyon_petersi","Rhynchocyon_petersi.1"
"8","Porphyrio_hochstetteri","Porphyrio_hochstetteri.2"
"9","Raphus","Raphus.1"
"10","Procavia_capensis","Procavia_capensis.2"
"11","Mammuthus_sp","Mammuthus_sp.2"
"12","Mammuthus_sp","Mammuthus_sp.3"
"13","Syncerus_caffer","Syncerus_caffer.1"
"14","Microgale_thomasi","Microgale_thomasi.1"
"15","Paguma_larvata","Paguma_larvata.1"
"16","Syncerus_caffer","Syncerus_caffer.2"
"17","Meles_meles","Meles_meles.1"
"18","Microgale_thomasi","Microgale_thomasi.2"
"19","Vulpes_vulpes","Vulpes_vulpes.1"
"20","Rattus_rattus","Rattus_rattus.1"
"21","Paguma_larvata","Paguma_larvata.2"
"22","Caiman_yacare","Caiman_yacare.1"
"23","Pistosaurus","Pistosaurus.1"
"24","Nothosaurus_150","Nothosaurus_150.1"
"25","Nothosaurus_568","Nothosaurus_568.1"
"26","Hydromys_chrysogaster","Hydromys_chrysogaster.1"
"27","Nothosaurus_568","Nothosaurus_568.2"
"28","Small_Eocene_penguin","Small_Eocene_penguin.1"
"29","Small_Eocene_penguin","Small_Eocene_penguin.2"
"30","Anarosaurus","Anarosaurus.1"
"31","Nothosaurus_102","Nothosaurus_102.1"
"32","Caiman_yacare","Caiman_yacare.2"
"33","Caiman_yacare","Caiman_yacare.3"
"34","Psephoderma","Psephoderma.1"
"35","Ichtyosaurus_","Ichtyosaurus_.1"
"36","Desmana_moschata","Desmana_moschata.1"
"37","Palaeospheniscus","Palaeospheniscus.1"
"38","Tapirus_terrestris","Tapirus_terrestris.1"
"39","Placondontia_indet","Placondontia_indet.1"
"40","Lutra_vulgaris","Lutra_vulgaris.1"
"41","Lutra_vulgaris","Lutra_vulgaris.2"
"42","Ichtyosaur_sp","Ichtyosaur_sp.1"
"43","Cryptoclidus","Cryptoclidus.1"
"44","Spinosaurus_","Spinosaurus_.1"
"45","Spinosaurus_","Spinosaurus_.2"
"46","Spinosaurus_","Spinosaurus_.3"
"47","Spinosaurus_","Spinosaurus_.4"
"48","Spinosaurus_","Spinosaurus_.5"
"49","Spinosaurus_","Spinosaurus_.6"
"50","Spinosaurus_","Spinosaurus_.7"
"51","Spinosaurus_","Spinosaurus_.8"
"52","Spinosaurus_","Spinosaurus_.9"
"53","Spinosaurus_","Spinosaurus_.10"
"54","Spinosaurus_","Spinosaurus_.11"
"55","Suchomimus","Suchomimus.1"
"56","Suchomimus","Suchomimus.2"
"57","Suchomimus","Suchomimus.3"
"58","Baryonyx","Baryonyx.1"
"59","Baryonyx","Baryonyx.2"
"60","Baryonyx","Baryonyx.3"
 
* Phylo tree and the main data and strata files have been modified to include duplicated taxa before the scaled random trees are generated.
* Selected categorical labels column: diving.or.not
* diving.or.equal column is identical to Diving column.
* Regression excludes flying taxa.
* Diving labels that are present in regression: 0,2
* lambda (calculated from a random tree) = : 0.11
* index-name alignment check: OK
