Logfile for a session of program: bootstrap_binary.r
-----------------------------------------------------
INPUT:
workDir: C:/dino_nature/output/2023-11-07-D1\bs/set_220
Nbootstrapsets: 2000
phyloFDAfile: c:/dino_nature/code/phylo.fda.R
auxFile: c:/dino_nature/code/auxiliary.r
boneType: femur
regressionData.file: C:/dino_nature/output/2023-11-07-D1\bs/set_220/femur_set_220.csv
applyDataFilter: FALSE
addTreeTips: TRUE
Ntrees: 100
calculateTrees: TRUE
saveTrees: FALSE


OPERATIONAL CHECKS:
* Regression data contains multiple copies of some taxa (user added variants of existing test taxa 
   or replacements due to bootstrap are present) which are not in the phylo tree:
     original taxon,   duplicate   
"1","Lama_guanicoe","Lama_guanicoe.1"
"2","Uncia_uncia","Uncia_uncia.1"
"3","Capreolus_capreolus","Capreolus_capreolus.1"
"4","Felis_felis","Felis_felis.1"
"5","Pogona_viceps","Pogona_viceps.1"
"6","Xenicus_giliventris","Xenicus_giliventris.1"
"7","Giraffa_camelopardalis","Giraffa_camelopardalis.1"
"8","Rangifer_tarandus","Rangifer_tarandus.1"
"9","Cephalophus_silvicultor","Cephalophus_silvicultor.1"
"10","Giraffa_camelopardalis","Giraffa_camelopardalis.2"
"11","Procyon_lotor","Procyon_lotor.1"
"12","Syncerus_caffer","Syncerus_caffer.1"
"13","Hemiechinus_azurites","Hemiechinus_azurites.1"
"14","Uncia_uncia","Uncia_uncia.2"
"15","Dama_dama","Dama_dama.1"
"16","Rangifer_tarandus","Rangifer_tarandus.2"
"17","Rattus_rattus","Rattus_rattus.1"
"18","Mus_musculus","Mus_musculus.1"
"19","Rattus_rattus","Rattus_rattus.2"
"20","Okapia_johnstoni","Okapia_johnstoni.1"
"21","Psephoderma","Psephoderma.1"
"22","Nothosaurus_mirabilis","Nothosaurus_mirabilis.1"
"23","Placodontia_indet_1","Placodontia_indet_1.1"
"24","Ichtyosaur_sp","Ichtyosaur_sp.1"
"25","Simosaurus_1","Simosaurus_1.1"
"26","Lutra_vulgaris","Lutra_vulgaris.1"
"27","Hexaprotodon_garyam","Hexaprotodon_garyam.1"
"28","Phalacrocorax_harrisi","Phalacrocorax_harrisi.1"
"29","Lutra_vulgaris","Lutra_vulgaris.2"
"30","Ichtyosaur_sp","Ichtyosaur_sp.2"
"31","Simosaurus_1","Simosaurus_1.2"
"32","Phalacrocorax_harrisi","Phalacrocorax_harrisi.2"
"33","Ichtyosaurus_","Ichtyosaurus_.1"
"34","Nothosaurus_mirabilis","Nothosaurus_mirabilis.2"
"35","Alligator","Alligator.1"
"36","Choeropsis_liberiensis","Choeropsis_liberiensis.1"
"37","Simosaurus_1","Simosaurus_1.3"
"38","Alligator","Alligator.2"
"39","Simosaurus","Simosaurus.1"
"40","Nothosaurus_102","Nothosaurus_102.1"
"41","Serpianosaurus","Serpianosaurus.1"
"42","Hydromys_chrysogaster","Hydromys_chrysogaster.1"
"43","Spinosaurus_","Spinosaurus_.1"
"44","Spinosaurus_","Spinosaurus_.2"
"45","Spinosaurus_","Spinosaurus_.3"
"46","Spinosaurus_","Spinosaurus_.4"
"47","Spinosaurus_","Spinosaurus_.5"
"48","Spinosaurus_","Spinosaurus_.6"
"49","Spinosaurus_","Spinosaurus_.7"
"50","Spinosaurus_","Spinosaurus_.8"
"51","Spinosaurus_","Spinosaurus_.9"
"52","Spinosaurus_","Spinosaurus_.10"
"53","Spinosaurus_","Spinosaurus_.11"
"54","Suchomimus","Suchomimus.1"
"55","Suchomimus","Suchomimus.2"
"56","Suchomimus","Suchomimus.3"
"57","Baryonyx","Baryonyx.1"
"58","Baryonyx","Baryonyx.2"
"59","Baryonyx","Baryonyx.3"
 
* Phylo tree and the main data and strata files have been modified to include duplicated taxa before the scaled random trees are generated.
* Selected categorical labels column: diving.or.not
* diving.or.equal column is identical to Diving column.
* Regression excludes flying taxa.
* Diving labels that are present in regression: 0,2
* lambda (calculated from a random tree) = : 0.12
* index-name alignment check: OK
