Logfile for a session of program: bootstrap_binary.r
-----------------------------------------------------
INPUT:
workDir: C:/dino_nature/output/2023-11-07-D1\bs/set_96
Nbootstrapsets: 2000
phyloFDAfile: c:/dino_nature/code/phylo.fda.R
auxFile: c:/dino_nature/code/auxiliary.r
boneType: femur
regressionData.file: C:/dino_nature/output/2023-11-07-D1\bs/set_96/femur_set_96.csv
applyDataFilter: FALSE
addTreeTips: TRUE
Ntrees: 100
calculateTrees: TRUE
saveTrees: FALSE


OPERATIONAL CHECKS:
* Regression data contains multiple copies of some taxa (user added variants of existing test taxa 
   or replacements due to bootstrap are present) which are not in the phylo tree:
     original taxon,   duplicate   
"1","Procavia_capensis","Procavia_capensis.1"
"2","Felis_felis","Felis_felis.1"
"3","Diplomesodon_pulchellum","Diplomesodon_pulchellum.1"
"4","Sus_scrofa","Sus_scrofa.1"
"5","Xenicus_giliventris","Xenicus_giliventris.1"
"6","Okapia_johnstoni","Okapia_johnstoni.1"
"7","Felis_felis","Felis_felis.2"
"8","Hemiechinus_azurites","Hemiechinus_azurites.1"
"9","Atlantisia_rogersi","Atlantisia_rogersi.1"
"10","Felis_felis","Felis_felis.3"
"11","Elomeryx_borbonicus_","Elomeryx_borbonicus_.1"
"12","Rynochetus_jubatus","Rynochetus_jubatus.1"
"13","Elomeryx_borbonicus_","Elomeryx_borbonicus_.2"
"14","Atlantisia_rogersi","Atlantisia_rogersi.2"
"15","Elomeryx_borbonicus_","Elomeryx_borbonicus_.3"
"16","Hemiechinus_azurites","Hemiechinus_azurites.2"
"17","Rhynchocyon_petersi","Rhynchocyon_petersi.1"
"18","Diplomesodon_pulchellum","Diplomesodon_pulchellum.2"
"19","Diplomesodon_pulchellum","Diplomesodon_pulchellum.3"
"20","Rynochetus_jubatus","Rynochetus_jubatus.2"
"21","Vulpes_vulpes","Vulpes_vulpes.1"
"22","Felis_felis","Felis_felis.4"
"23","Dama_dama","Dama_dama.1"
"24","Apteryx_owenii_","Apteryx_owenii_.1"
"25","Tenrec_ecaudatus","Tenrec_ecaudatus.1"
"26","Phocanella_pumila","Phocanella_pumila.1"
"27","Desmostylus_hesperus","Desmostylus_hesperus.1"
"28","Ornithorhynchus_anatinus","Ornithorhynchus_anatinus.1"
"29","Rodhocetus","Rodhocetus.1"
"30","Indohyus","Indohyus.1"
"31","Remingtonocetus","Remingtonocetus.1"
"32","Castor_fiber","Castor_fiber.1"
"33","Cryptoclidus","Cryptoclidus.1"
"34","Basilosaurus","Basilosaurus.1"
"35","Paraplacodus","Paraplacodus.1"
"36","Noemys_fodies","Noemys_fodies.1"
"37","Nothosaurus_mirabilis_1","Nothosaurus_mirabilis_1.1"
"38","Remingtonocetus","Remingtonocetus.2"
"39","Aptenodytes______","Aptenodytes______.1"
"40","Noemys_fodies","Noemys_fodies.2"
"41","Protochampsidae","Protochampsidae.1"
"42","Protochampsidae","Protochampsidae.2"
"43","Maiacetus","Maiacetus.1"
"44","Hippopotamus_amphibius","Hippopotamus_amphibius.1"
"45","Nothosaurus_mirabilis","Nothosaurus_mirabilis.1"
"46","Chapsosaurus_","Chapsosaurus_.1"
"47","Chapsosaurus_","Chapsosaurus_.2"
"48","Ichtyosaurus_","Ichtyosaurus_.1"
"49","Spinosaurus_","Spinosaurus_.1"
"50","Spinosaurus_","Spinosaurus_.2"
"51","Spinosaurus_","Spinosaurus_.3"
"52","Spinosaurus_","Spinosaurus_.4"
"53","Spinosaurus_","Spinosaurus_.5"
"54","Spinosaurus_","Spinosaurus_.6"
"55","Spinosaurus_","Spinosaurus_.7"
"56","Spinosaurus_","Spinosaurus_.8"
"57","Spinosaurus_","Spinosaurus_.9"
"58","Spinosaurus_","Spinosaurus_.10"
"59","Spinosaurus_","Spinosaurus_.11"
"60","Suchomimus","Suchomimus.1"
"61","Suchomimus","Suchomimus.2"
"62","Suchomimus","Suchomimus.3"
"63","Baryonyx","Baryonyx.1"
"64","Baryonyx","Baryonyx.2"
"65","Baryonyx","Baryonyx.3"
 
* Phylo tree and the main data and strata files have been modified to include duplicated taxa before the scaled random trees are generated.
* Selected categorical labels column: diving.or.not
* diving.or.equal column is identical to Diving column.
* Regression excludes flying taxa.
* Diving labels that are present in regression: 0,2
* lambda (calculated from a random tree) = : 0.09
* index-name alignment check: OK
