Logfile for a session of program: bootstrap_binary.r
-----------------------------------------------------
INPUT:
workDir: C:/dino_nature/output/2023-11-07-D1\bs/set_1266
Nbootstrapsets: 2000
phyloFDAfile: c:/dino_nature/code/phylo.fda.R
auxFile: c:/dino_nature/code/auxiliary.r
boneType: femur
regressionData.file: C:/dino_nature/output/2023-11-07-D1\bs/set_1266/femur_set_1266.csv
applyDataFilter: FALSE
addTreeTips: TRUE
Ntrees: 100
calculateTrees: TRUE
saveTrees: FALSE


OPERATIONAL CHECKS:
* Regression data contains multiple copies of some taxa (user added variants of existing test taxa 
   or replacements due to bootstrap are present) which are not in the phylo tree:
     original taxon,   duplicate   
"1","Euroscaptor_micrura","Euroscaptor_micrura.1"
"2","Hemiechinus_azurites","Hemiechinus_azurites.1"
"3","Hemiechinus_azurites","Hemiechinus_azurites.2"
"4","Loxodonta_africana","Loxodonta_africana.1"
"5","Porphyrio_hochstetteri","Porphyrio_hochstetteri.1"
"6","Hemiechinus_azurites","Hemiechinus_azurites.3"
"7","Nyctereutes_procyonoides","Nyctereutes_procyonoides.1"
"8","Nyctereutes_procyonoides","Nyctereutes_procyonoides.2"
"9","Euroscaptor_micrura","Euroscaptor_micrura.2"
"10","Nyctereutes_procyonoides","Nyctereutes_procyonoides.3"
"11","Ceratotherium_simum","Ceratotherium_simum.1"
"12","Cephalophus_silvicultor","Cephalophus_silvicultor.1"
"13","Euroscaptor_micrura","Euroscaptor_micrura.3"
"14","Dicerorhinus_sumatrensis","Dicerorhinus_sumatrensis.1"
"15","Loxodonta_africana","Loxodonta_africana.2"
"16","Porphyrio_hochstetteri","Porphyrio_hochstetteri.2"
"17","Caloenas_nicobarica","Caloenas_nicobarica.1"
"18","Lacerta_viridis","Lacerta_viridis.1"
"19","Caloenas_nicobarica","Caloenas_nicobarica.2"
"20","Tribonyx_mortieri","Tribonyx_mortieri.1"
"21","Caloenas_nicobarica","Caloenas_nicobarica.3"
"22","Procyon_lotor","Procyon_lotor.1"
"23","Hydromys_chrysogaster","Hydromys_chrysogaster.1"
"24","Castor_fiber","Castor_fiber.1"
"25","Desmostylus_hesperus","Desmostylus_hesperus.1"
"26","large_eocene_stem_penguin","large_eocene_stem_penguin.1"
"27","Nothosaurus_mirabilis","Nothosaurus_mirabilis.1"
"28","Noemys_fodies","Noemys_fodies.1"
"29","Chapsosaurus_","Chapsosaurus_.1"
"30","Desmana_moschata","Desmana_moschata.1"
"31","Pistosaurus","Pistosaurus.1"
"32","Lutra_vulgaris","Lutra_vulgaris.1"
"33","Palaeospheniscus","Palaeospheniscus.1"
"34","Ichtyosaur_sp","Ichtyosaur_sp.1"
"35","Ichtyosaurus_","Ichtyosaurus_.1"
"36","Pistosaurus","Pistosaurus.2"
"37","Psephoderma","Psephoderma.1"
"38","Chironectes_minimus","Chironectes_minimus.1"
"39","Noemys_fodies","Noemys_fodies.2"
"40","Choeropsis_liberiensis","Choeropsis_liberiensis.1"
"41","Nothosaurus_giganteus","Nothosaurus_giganteus.1"
"42","Spinosaurus_","Spinosaurus_.1"
"43","Spinosaurus_","Spinosaurus_.2"
"44","Spinosaurus_","Spinosaurus_.3"
"45","Spinosaurus_","Spinosaurus_.4"
"46","Spinosaurus_","Spinosaurus_.5"
"47","Spinosaurus_","Spinosaurus_.6"
"48","Spinosaurus_","Spinosaurus_.7"
"49","Spinosaurus_","Spinosaurus_.8"
"50","Spinosaurus_","Spinosaurus_.9"
"51","Spinosaurus_","Spinosaurus_.10"
"52","Spinosaurus_","Spinosaurus_.11"
"53","Suchomimus","Suchomimus.1"
"54","Suchomimus","Suchomimus.2"
"55","Suchomimus","Suchomimus.3"
"56","Baryonyx","Baryonyx.1"
"57","Baryonyx","Baryonyx.2"
"58","Baryonyx","Baryonyx.3"
 
* Phylo tree and the main data and strata files have been modified to include duplicated taxa before the scaled random trees are generated.
* Selected categorical labels column: diving.or.not
* diving.or.equal column is identical to Diving column.
* Regression excludes flying taxa.
* Diving labels that are present in regression: 0,2
* lambda (calculated from a random tree) = : 0.09
* index-name alignment check: OK
