Logfile for a session of program: bootstrap_binary.r
-----------------------------------------------------
INPUT:
workDir: C:/dino_nature/output/2023-11-07-D1\bs/set_1850
Nbootstrapsets: 2000
phyloFDAfile: c:/dino_nature/code/phylo.fda.R
auxFile: c:/dino_nature/code/auxiliary.r
boneType: femur
regressionData.file: C:/dino_nature/output/2023-11-07-D1\bs/set_1850/femur_set_1850.csv
applyDataFilter: FALSE
addTreeTips: TRUE
Ntrees: 100
calculateTrees: TRUE
saveTrees: FALSE


OPERATIONAL CHECKS:
* Regression data contains multiple copies of some taxa (user added variants of existing test taxa 
   or replacements due to bootstrap are present) which are not in the phylo tree:
     original taxon,   duplicate   
"1","Megaloceros_sp","Megaloceros_sp.1"
"2","Rangifer_tarandus","Rangifer_tarandus.1"
"3","Paguma_larvata","Paguma_larvata.1"
"4","Dromaius_","Dromaius_.1"
"5","Syncerus_caffer","Syncerus_caffer.1"
"6","Megaloceros_sp","Megaloceros_sp.2"
"7","Syncerus_caffer","Syncerus_caffer.2"
"8","Dromaius_","Dromaius_.2"
"9","Megaloceros_sp","Megaloceros_sp.3"
"10","Megaloceros_sp","Megaloceros_sp.4"
"11","Rhinoceros_sondaicus","Rhinoceros_sondaicus.1"
"12","Hemiechinus_azurites","Hemiechinus_azurites.1"
"13","Bos_taurus","Bos_taurus.1"
"14","Apteryx_australis","Apteryx_australis.1"
"15","Capreolus_capreolus","Capreolus_capreolus.1"
"16","Capreolus_capreolus","Capreolus_capreolus.2"
"17","Rhinoceros_sondaicus","Rhinoceros_sondaicus.2"
"18","Alces_americanus","Alces_americanus.1"
"19","Capreolus_capreolus","Capreolus_capreolus.3"
"20","Dromaius_","Dromaius_.3"
"21","Myrmecophaga_tridactyla","Myrmecophaga_tridactyla.1"
"22","Dromaius_","Dromaius_.4"
"23","Taxidea_taxus","Taxidea_taxus.1"
"24","Rodhocetus","Rodhocetus.1"
"25","Ichtyosaurus_","Ichtyosaurus_.1"
"26","Ichtyosaurus_","Ichtyosaurus_.2"
"27","Ichtyosaurus_","Ichtyosaurus_.3"
"28","Metryorhynchus","Metryorhynchus.1"
"29","Placodontia_indet_1","Placodontia_indet_1.1"
"30","Cryptoclidus","Cryptoclidus.1"
"31","Placondontia_indet","Placondontia_indet.1"
"32","Leptophoca_proxima","Leptophoca_proxima.1"
"33","large_eocene_stem_penguin","large_eocene_stem_penguin.1"
"34","Nothosaurus_568","Nothosaurus_568.1"
"35","Remingtonocetus","Remingtonocetus.1"
"36","Metryorhynchus","Metryorhynchus.2"
"37","Desmostylus_hesperus","Desmostylus_hesperus.1"
"38","Basilosaurus","Basilosaurus.1"
"39","Neusticosaurus","Neusticosaurus.1"
"40","Paraplacodus","Paraplacodus.1"
"41","Placodontia_indet_1","Placodontia_indet_1.2"
"42","Dyrosaurid","Dyrosaurid.1"
"43","Chapsosaurus_","Chapsosaurus_.1"
"44","Simosaurus_1","Simosaurus_1.1"
"45","Spinosaurus_","Spinosaurus_.1"
"46","Spinosaurus_","Spinosaurus_.2"
"47","Spinosaurus_","Spinosaurus_.3"
"48","Spinosaurus_","Spinosaurus_.4"
"49","Spinosaurus_","Spinosaurus_.5"
"50","Spinosaurus_","Spinosaurus_.6"
"51","Spinosaurus_","Spinosaurus_.7"
"52","Spinosaurus_","Spinosaurus_.8"
"53","Spinosaurus_","Spinosaurus_.9"
"54","Spinosaurus_","Spinosaurus_.10"
"55","Spinosaurus_","Spinosaurus_.11"
"56","Suchomimus","Suchomimus.1"
"57","Suchomimus","Suchomimus.2"
"58","Suchomimus","Suchomimus.3"
"59","Baryonyx","Baryonyx.1"
"60","Baryonyx","Baryonyx.2"
"61","Baryonyx","Baryonyx.3"
 
* Phylo tree and the main data and strata files have been modified to include duplicated taxa before the scaled random trees are generated.
* Selected categorical labels column: diving.or.not
* diving.or.equal column is identical to Diving column.
* Regression excludes flying taxa.
* Diving labels that are present in regression: 0,2
* lambda (calculated from a random tree) = : 0.14
* index-name alignment check: OK
