Logfile for a session of program: bootstrap_binary.r
-----------------------------------------------------
INPUT:
workDir: C:/dino_nature/output/2023-11-07-D1\bs/set_1636
Nbootstrapsets: 2000
phyloFDAfile: c:/dino_nature/code/phylo.fda.R
auxFile: c:/dino_nature/code/auxiliary.r
boneType: femur
regressionData.file: C:/dino_nature/output/2023-11-07-D1\bs/set_1636/femur_set_1636.csv
applyDataFilter: FALSE
addTreeTips: TRUE
Ntrees: 100
calculateTrees: TRUE
saveTrees: FALSE


OPERATIONAL CHECKS:
* Regression data contains multiple copies of some taxa (user added variants of existing test taxa 
   or replacements due to bootstrap are present) which are not in the phylo tree:
     original taxon,   duplicate   
"1","Dasyurus_maculatus","Dasyurus_maculatus.1"
"2","Lama_guanicoe","Lama_guanicoe.1"
"3","Uncia_uncia","Uncia_uncia.1"
"4","Raphus","Raphus.1"
"5","Dicerorhinus_sumatrensis","Dicerorhinus_sumatrensis.1"
"6","Lacerta_viridis","Lacerta_viridis.1"
"7","Meles_meles","Meles_meles.1"
"8","Dicerorhinus_sumatrensis","Dicerorhinus_sumatrensis.2"
"9","Porphyrio_hochstetteri","Porphyrio_hochstetteri.1"
"10","Caloenas_nicobarica","Caloenas_nicobarica.1"
"11","Dicerorhinus_sumatrensis","Dicerorhinus_sumatrensis.3"
"12","Rhynchocyon_petersi","Rhynchocyon_petersi.1"
"13","Caloenas_nicobarica","Caloenas_nicobarica.2"
"14","Loxodonta_africana","Loxodonta_africana.1"
"15","Mammuthus_sp","Mammuthus_sp.1"
"16","Raphus","Raphus.2"
"17","Dasyurus_maculatus","Dasyurus_maculatus.2"
"18","Myrmecophaga_tridactyla","Myrmecophaga_tridactyla.1"
"19","Lacerta_viridis","Lacerta_viridis.2"
"20","Nyctereutes_procyonoides","Nyctereutes_procyonoides.1"
"21","Chironectes_minimus","Chironectes_minimus.1"
"22","large_eocene_stem_penguin","large_eocene_stem_penguin.1"
"23","Nanophoca_vitulinoides","Nanophoca_vitulinoides.1"
"24","Indohyus","Indohyus.1"
"25","Micropotamogale_euwenzorii","Micropotamogale_euwenzorii.1"
"26","Psephoderma","Psephoderma.1"
"27","Otaria_byronia","Otaria_byronia.1"
"28","Cryptoclidus","Cryptoclidus.1"
"29","Placondontia_indet","Placondontia_indet.1"
"30","Phocanella_pumila","Phocanella_pumila.1"
"31","Choeropsis_liberiensis","Choeropsis_liberiensis.1"
"32","Metryorhynchus","Metryorhynchus.1"
"33","Spheniscus","Spheniscus.1"
"34","Lutra_vulgaris","Lutra_vulgaris.1"
"35","Ornithorhynchus_anatinus","Ornithorhynchus_anatinus.1"
"36","Nothosaurus_giganteus","Nothosaurus_giganteus.1"
"37","Protochampsidae","Protochampsidae.1"
"38","Lutra_vulgaris","Lutra_vulgaris.2"
"39","Protochampsidae","Protochampsidae.2"
"40","Champsosaurus","Champsosaurus.1"
"41","Spheniscus","Spheniscus.2"
"42","Spinosaurus_","Spinosaurus_.1"
"43","Spinosaurus_","Spinosaurus_.2"
"44","Spinosaurus_","Spinosaurus_.3"
"45","Spinosaurus_","Spinosaurus_.4"
"46","Spinosaurus_","Spinosaurus_.5"
"47","Spinosaurus_","Spinosaurus_.6"
"48","Spinosaurus_","Spinosaurus_.7"
"49","Spinosaurus_","Spinosaurus_.8"
"50","Spinosaurus_","Spinosaurus_.9"
"51","Spinosaurus_","Spinosaurus_.10"
"52","Spinosaurus_","Spinosaurus_.11"
"53","Suchomimus","Suchomimus.1"
"54","Suchomimus","Suchomimus.2"
"55","Suchomimus","Suchomimus.3"
"56","Baryonyx","Baryonyx.1"
"57","Baryonyx","Baryonyx.2"
"58","Baryonyx","Baryonyx.3"
 
* Phylo tree and the main data and strata files have been modified to include duplicated taxa before the scaled random trees are generated.
* Selected categorical labels column: diving.or.not
* diving.or.equal column is identical to Diving column.
* Regression excludes flying taxa.
* Diving labels that are present in regression: 0,2
* lambda (calculated from a random tree) = : 0.1
* index-name alignment check: OK
