Logfile for a session of program: bootstrap_binary.r
-----------------------------------------------------
INPUT:
workDir: C:/dino_nature/output/2023-11-07-D1\bs/set_1642
Nbootstrapsets: 2000
phyloFDAfile: c:/dino_nature/code/phylo.fda.R
auxFile: c:/dino_nature/code/auxiliary.r
boneType: femur
regressionData.file: C:/dino_nature/output/2023-11-07-D1\bs/set_1642/femur_set_1642.csv
applyDataFilter: FALSE
addTreeTips: TRUE
Ntrees: 100
calculateTrees: TRUE
saveTrees: FALSE


OPERATIONAL CHECKS:
* Regression data contains multiple copies of some taxa (user added variants of existing test taxa 
   or replacements due to bootstrap are present) which are not in the phylo tree:
     original taxon,   duplicate   
"1","Felis_felis","Felis_felis.1"
"2","Loxodonta_africana","Loxodonta_africana.1"
"3","Nyctereutes_procyonoides","Nyctereutes_procyonoides.1"
"4","Loxodonta_africana","Loxodonta_africana.2"
"5","Mustela_nivalis","Mustela_nivalis.1"
"6","Xenicus_giliventris","Xenicus_giliventris.1"
"7","Paguma_larvata","Paguma_larvata.1"
"8","Tamandua_tetradactyla","Tamandua_tetradactyla.1"
"9","Lama_guanicoe","Lama_guanicoe.1"
"10","Bos_taurus","Bos_taurus.1"
"11","Rupicapra_rupicapra","Rupicapra_rupicapra.1"
"12","Lacerta_viridis","Lacerta_viridis.1"
"13","Bos_taurus","Bos_taurus.2"
"14","Diplomesodon_pulchellum","Diplomesodon_pulchellum.1"
"15","Microgale_thomasi","Microgale_thomasi.1"
"16","Nyctereutes_procyonoides","Nyctereutes_procyonoides.2"
"17","Rynochetus_jubatus","Rynochetus_jubatus.1"
"18","Dama_dama","Dama_dama.1"
"19","Strigiops_habroptilus","Strigiops_habroptilus.1"
"20","Rupicapra_rupicapra","Rupicapra_rupicapra.2"
"21","Apteryx_australis","Apteryx_australis.1"
"22","Myrmecophaga_tridactyla","Myrmecophaga_tridactyla.1"
"23","Plesiosaurus","Plesiosaurus.1"
"24","Simosaurus_1","Simosaurus_1.1"
"25","Champsosaurus","Champsosaurus.1"
"26","Noemys_fodies","Noemys_fodies.1"
"27","Nothosaurus_mirabilis","Nothosaurus_mirabilis.1"
"28","Nothosaurus_mirabilis_1","Nothosaurus_mirabilis_1.1"
"29","Castor_fiber","Castor_fiber.1"
"30","Aptenodytes______","Aptenodytes______.1"
"31","Hesperornis","Hesperornis.1"
"32","Maiacetus","Maiacetus.1"
"33","Protochampsidae","Protochampsidae.1"
"34","Noemys_fodies","Noemys_fodies.2"
"35","Remingtonocetus","Remingtonocetus.1"
"36","Micropotamogale_euwenzorii","Micropotamogale_euwenzorii.1"
"37","Lutra_vulgaris","Lutra_vulgaris.1"
"38","Rodhocetus","Rodhocetus.1"
"39","Plesiosaurus","Plesiosaurus.2"
"40","Small_Eocene_penguin","Small_Eocene_penguin.1"
"41","Spinosaurus_","Spinosaurus_.1"
"42","Spinosaurus_","Spinosaurus_.2"
"43","Spinosaurus_","Spinosaurus_.3"
"44","Spinosaurus_","Spinosaurus_.4"
"45","Spinosaurus_","Spinosaurus_.5"
"46","Spinosaurus_","Spinosaurus_.6"
"47","Spinosaurus_","Spinosaurus_.7"
"48","Spinosaurus_","Spinosaurus_.8"
"49","Spinosaurus_","Spinosaurus_.9"
"50","Spinosaurus_","Spinosaurus_.10"
"51","Spinosaurus_","Spinosaurus_.11"
"52","Suchomimus","Suchomimus.1"
"53","Suchomimus","Suchomimus.2"
"54","Suchomimus","Suchomimus.3"
"55","Baryonyx","Baryonyx.1"
"56","Baryonyx","Baryonyx.2"
"57","Baryonyx","Baryonyx.3"
 
* Phylo tree and the main data and strata files have been modified to include duplicated taxa before the scaled random trees are generated.
* Selected categorical labels column: diving.or.not
* diving.or.equal column is identical to Diving column.
* Regression excludes flying taxa.
* Diving labels that are present in regression: 0,2
* lambda (calculated from a random tree) = : 0.1
* index-name alignment check: OK
