Logfile for a session of program: bootstrap_binary.r
-----------------------------------------------------
INPUT:
workDir: C:/dino_nature/output/2023-11-07-D1\bs/set_1118
Nbootstrapsets: 2000
phyloFDAfile: c:/dino_nature/code/phylo.fda.R
auxFile: c:/dino_nature/code/auxiliary.r
boneType: femur
regressionData.file: C:/dino_nature/output/2023-11-07-D1\bs/set_1118/femur_set_1118.csv
applyDataFilter: FALSE
addTreeTips: TRUE
Ntrees: 100
calculateTrees: TRUE
saveTrees: FALSE


OPERATIONAL CHECKS:
* Regression data contains multiple copies of some taxa (user added variants of existing test taxa 
   or replacements due to bootstrap are present) which are not in the phylo tree:
     original taxon,   duplicate   
"1","Rattus_rattus","Rattus_rattus.1"
"2","Dromaius_","Dromaius_.1"
"3","Strigiops_habroptilus","Strigiops_habroptilus.1"
"4","Tenrec_ecaudatus","Tenrec_ecaudatus.1"
"5","Okapia_johnstoni","Okapia_johnstoni.1"
"6","Pogona_viceps","Pogona_viceps.1"
"7","Tenrec_ecaudatus","Tenrec_ecaudatus.2"
"8","Vulpes_vulpes","Vulpes_vulpes.1"
"9","Meles_meles","Meles_meles.1"
"10","Mammuthus_sp","Mammuthus_sp.1"
"11","Dromaius_","Dromaius_.2"
"12","Pogona_viceps","Pogona_viceps.2"
"13","Rattus_rattus","Rattus_rattus.2"
"14","Elephas_maximus","Elephas_maximus.1"
"15","Vulpes_vulpes","Vulpes_vulpes.2"
"16","Cephalophus_silvicultor","Cephalophus_silvicultor.1"
"17","Elephas_maximus","Elephas_maximus.2"
"18","Porphyrio_hochstetteri","Porphyrio_hochstetteri.1"
"19","Pogona_viceps","Pogona_viceps.3"
"20","Hemiechinus_azurites","Hemiechinus_azurites.1"
"21","Raphus","Raphus.1"
"22","Otaria_byronia","Otaria_byronia.1"
"23","Lutra_vulgaris","Lutra_vulgaris.1"
"24","Desmana_moschata","Desmana_moschata.1"
"25","Cricosaurus","Cricosaurus.1"
"26","Caiman_yacare","Caiman_yacare.1"
"27","Hesperornis","Hesperornis.1"
"28","Lutra_vulgaris","Lutra_vulgaris.2"
"29","Small_Eocene_penguin","Small_Eocene_penguin.1"
"30","Chironectes_minimus","Chironectes_minimus.1"
"31","Placodontia_indet_1","Placodontia_indet_1.1"
"32","Hydromys_chrysogaster","Hydromys_chrysogaster.1"
"33","Placondontia_indet","Placondontia_indet.1"
"34","Chapsosaurus_","Chapsosaurus_.1"
"35","Ornithorhynchus_anatinus","Ornithorhynchus_anatinus.1"
"36","Nothosaurus_mirabilis","Nothosaurus_mirabilis.1"
"37","Hydromys_chrysogaster","Hydromys_chrysogaster.2"
"38","Rodhocetus","Rodhocetus.1"
"39","Anarosaurus","Anarosaurus.1"
"40","Nothosaurus_giganteus","Nothosaurus_giganteus.1"
"41","Chapsosaurus_","Chapsosaurus_.2"
"42","Rodhocetus","Rodhocetus.2"
"43","Ornithorhynchus_anatinus","Ornithorhynchus_anatinus.2"
"44","Spinosaurus_","Spinosaurus_.1"
"45","Spinosaurus_","Spinosaurus_.2"
"46","Spinosaurus_","Spinosaurus_.3"
"47","Spinosaurus_","Spinosaurus_.4"
"48","Spinosaurus_","Spinosaurus_.5"
"49","Spinosaurus_","Spinosaurus_.6"
"50","Spinosaurus_","Spinosaurus_.7"
"51","Spinosaurus_","Spinosaurus_.8"
"52","Spinosaurus_","Spinosaurus_.9"
"53","Spinosaurus_","Spinosaurus_.10"
"54","Spinosaurus_","Spinosaurus_.11"
"55","Suchomimus","Suchomimus.1"
"56","Suchomimus","Suchomimus.2"
"57","Suchomimus","Suchomimus.3"
"58","Baryonyx","Baryonyx.1"
"59","Baryonyx","Baryonyx.2"
"60","Baryonyx","Baryonyx.3"
 
* Phylo tree and the main data and strata files have been modified to include duplicated taxa before the scaled random trees are generated.
* Selected categorical labels column: diving.or.not
* diving.or.equal column is identical to Diving column.
* Regression excludes flying taxa.
* Diving labels that are present in regression: 0,2
* lambda (calculated from a random tree) = : 0.11
* index-name alignment check: OK
