Logfile for a session of program: bootstrap_binary.r
-----------------------------------------------------
INPUT:
workDir: C:/dino_nature/output/2023-11-07-D1\bs/set_463
Nbootstrapsets: 2000
phyloFDAfile: c:/dino_nature/code/phylo.fda.R
auxFile: c:/dino_nature/code/auxiliary.r
boneType: femur
regressionData.file: C:/dino_nature/output/2023-11-07-D1\bs/set_463/femur_set_463.csv
applyDataFilter: FALSE
addTreeTips: TRUE
Ntrees: 100
calculateTrees: TRUE
saveTrees: FALSE


OPERATIONAL CHECKS:
* Regression data contains multiple copies of some taxa (user added variants of existing test taxa 
   or replacements due to bootstrap are present) which are not in the phylo tree:
     original taxon,   duplicate   
"1","Atlantisia_rogersi","Atlantisia_rogersi.1"
"2","Ceratotherium_simum","Ceratotherium_simum.1"
"3","Felis_felis","Felis_felis.1"
"4","Capreolus_capreolus","Capreolus_capreolus.1"
"5","Alces_americanus","Alces_americanus.1"
"6","Capreolus_capreolus","Capreolus_capreolus.2"
"7","Xenicus_giliventris","Xenicus_giliventris.1"
"8","Mammuthus_sp","Mammuthus_sp.1"
"9","Bison_bonasus","Bison_bonasus.1"
"10","Sphenodon_punctatus","Sphenodon_punctatus.1"
"11","Hemiechinus_azurites","Hemiechinus_azurites.1"
"12","Monodelphis_domestica","Monodelphis_domestica.1"
"13","Mammuthus_sp","Mammuthus_sp.2"
"14","Dromaius_","Dromaius_.1"
"15","Okapia_johnstoni","Okapia_johnstoni.1"
"16","Lama_guanicoe","Lama_guanicoe.1"
"17","Hemiechinus_azurites","Hemiechinus_azurites.2"
"18","Lacerta_viridis","Lacerta_viridis.1"
"19","Palaeospheniscus","Palaeospheniscus.1"
"20","Palaeospheniscus","Palaeospheniscus.2"
"21","Tapirus_terrestris","Tapirus_terrestris.1"
"22","Remingtonocetus","Remingtonocetus.1"
"23","Dyrosaurid","Dyrosaurid.1"
"24","Hexaprotodon_garyam","Hexaprotodon_garyam.1"
"25","Cricosaurus","Cricosaurus.1"
"26","Nothosaurus_giganteus","Nothosaurus_giganteus.1"
"27","Caiman_yacare","Caiman_yacare.1"
"28","Serpianosaurus","Serpianosaurus.1"
"29","Basilosaurus","Basilosaurus.1"
"30","Simosaurus_1","Simosaurus_1.1"
"31","Tapirus_terrestris","Tapirus_terrestris.2"
"32","Basilosaurus","Basilosaurus.2"
"33","Nothosaurus_mirabilis_1","Nothosaurus_mirabilis_1.1"
"34","Champsosaurus","Champsosaurus.1"
"35","Phalacrocorax_harrisi","Phalacrocorax_harrisi.1"
"36","Ornithorhynchus_anatinus","Ornithorhynchus_anatinus.1"
"37","Hexaprotodon_garyam","Hexaprotodon_garyam.2"
"38","Cricosaurus","Cricosaurus.2"
"39","Pistosaurus","Pistosaurus.1"
"40","Spinosaurus_","Spinosaurus_.1"
"41","Spinosaurus_","Spinosaurus_.2"
"42","Spinosaurus_","Spinosaurus_.3"
"43","Spinosaurus_","Spinosaurus_.4"
"44","Spinosaurus_","Spinosaurus_.5"
"45","Spinosaurus_","Spinosaurus_.6"
"46","Spinosaurus_","Spinosaurus_.7"
"47","Spinosaurus_","Spinosaurus_.8"
"48","Spinosaurus_","Spinosaurus_.9"
"49","Spinosaurus_","Spinosaurus_.10"
"50","Spinosaurus_","Spinosaurus_.11"
"51","Suchomimus","Suchomimus.1"
"52","Suchomimus","Suchomimus.2"
"53","Suchomimus","Suchomimus.3"
"54","Baryonyx","Baryonyx.1"
"55","Baryonyx","Baryonyx.2"
"56","Baryonyx","Baryonyx.3"
 
* Phylo tree and the main data and strata files have been modified to include duplicated taxa before the scaled random trees are generated.
* Selected categorical labels column: diving.or.not
* diving.or.equal column is identical to Diving column.
* Regression excludes flying taxa.
* Diving labels that are present in regression: 0,2
* lambda (calculated from a random tree) = : 0.1
* index-name alignment check: OK
