Logfile for a session of program: bootstrap_binary.r
-----------------------------------------------------
INPUT:
workDir: C:/dino_nature/output/2023-11-07-D1\bs/set_1946
Nbootstrapsets: 2000
phyloFDAfile: c:/dino_nature/code/phylo.fda.R
auxFile: c:/dino_nature/code/auxiliary.r
boneType: femur
regressionData.file: C:/dino_nature/output/2023-11-07-D1\bs/set_1946/femur_set_1946.csv
applyDataFilter: FALSE
addTreeTips: TRUE
Ntrees: 100
calculateTrees: TRUE
saveTrees: FALSE


OPERATIONAL CHECKS:
* Regression data contains multiple copies of some taxa (user added variants of existing test taxa 
   or replacements due to bootstrap are present) which are not in the phylo tree:
     original taxon,   duplicate   
"1","Myrmecophaga_tridactyla","Myrmecophaga_tridactyla.1"
"2","Mus_musculus","Mus_musculus.1"
"3","Syncerus_caffer","Syncerus_caffer.1"
"4","Capreolus_capreolus","Capreolus_capreolus.1"
"5","Rangifer_tarandus","Rangifer_tarandus.1"
"6","Mustela_nivalis","Mustela_nivalis.1"
"7","Dama_dama","Dama_dama.1"
"8","Procavia_capensis","Procavia_capensis.1"
"9","Mus_musculus","Mus_musculus.2"
"10","Meles_meles","Meles_meles.1"
"11","Atlantisia_rogersi","Atlantisia_rogersi.1"
"12","Atlantisia_rogersi","Atlantisia_rogersi.2"
"13","Porphyrio_hochstetteri","Porphyrio_hochstetteri.1"
"14","Vulpes_vulpes","Vulpes_vulpes.1"
"15","Porphyrio_hochstetteri","Porphyrio_hochstetteri.2"
"16","Porphyrio_hochstetteri","Porphyrio_hochstetteri.3"
"17","Rhynchocyon_petersi","Rhynchocyon_petersi.1"
"18","Hemiechinus_azurites","Hemiechinus_azurites.1"
"19","Alces_americanus","Alces_americanus.1"
"20","Pogona_viceps","Pogona_viceps.1"
"21","Myrmecophaga_tridactyla","Myrmecophaga_tridactyla.2"
"22","Hemiechinus_azurites","Hemiechinus_azurites.2"
"23","Pistosaurus","Pistosaurus.1"
"24","Tapirus_terrestris","Tapirus_terrestris.1"
"25","Placondontia_indet","Placondontia_indet.1"
"26","Chironectes_minimus","Chironectes_minimus.1"
"27","Indohyus","Indohyus.1"
"28","Paraplacodus","Paraplacodus.1"
"29","Rodhocetus","Rodhocetus.1"
"30","Dyrosaurid","Dyrosaurid.1"
"31","Hippopotamus_amphibius","Hippopotamus_amphibius.1"
"32","Pistosaurus","Pistosaurus.2"
"33","Placodontia_indet_1","Placodontia_indet_1.1"
"34","Chironectes_minimus","Chironectes_minimus.2"
"35","Phocanella_pumila","Phocanella_pumila.1"
"36","Nothosaurus_102","Nothosaurus_102.1"
"37","Alligator","Alligator.1"
"38","Maiacetus","Maiacetus.1"
"39","Nothosaurus_mirabilis_1","Nothosaurus_mirabilis_1.1"
"40","Hexaprotodon_garyam","Hexaprotodon_garyam.1"
"41","Placondontia_indet","Placondontia_indet.2"
"42","Dyrosaurid","Dyrosaurid.2"
"43","Micropotamogale_euwenzorii","Micropotamogale_euwenzorii.1"
"44","Ichtyosaurus_","Ichtyosaurus_.1"
"45","Indohyus","Indohyus.2"
"46","Spinosaurus_","Spinosaurus_.1"
"47","Spinosaurus_","Spinosaurus_.2"
"48","Spinosaurus_","Spinosaurus_.3"
"49","Spinosaurus_","Spinosaurus_.4"
"50","Spinosaurus_","Spinosaurus_.5"
"51","Spinosaurus_","Spinosaurus_.6"
"52","Spinosaurus_","Spinosaurus_.7"
"53","Spinosaurus_","Spinosaurus_.8"
"54","Spinosaurus_","Spinosaurus_.9"
"55","Spinosaurus_","Spinosaurus_.10"
"56","Spinosaurus_","Spinosaurus_.11"
"57","Suchomimus","Suchomimus.1"
"58","Suchomimus","Suchomimus.2"
"59","Suchomimus","Suchomimus.3"
"60","Baryonyx","Baryonyx.1"
"61","Baryonyx","Baryonyx.2"
"62","Baryonyx","Baryonyx.3"
 
* Phylo tree and the main data and strata files have been modified to include duplicated taxa before the scaled random trees are generated.
* Selected categorical labels column: diving.or.not
* diving.or.equal column is identical to Diving column.
* Regression excludes flying taxa.
* Diving labels that are present in regression: 0,2
* lambda (calculated from a random tree) = : 0.12
* index-name alignment check: OK
