Logfile for a session of program: bootstrap_binary.r
-----------------------------------------------------
INPUT:
workDir: C:/dino_nature/output/2023-11-07-D1\bs/set_252
Nbootstrapsets: 2000
phyloFDAfile: c:/dino_nature/code/phylo.fda.R
auxFile: c:/dino_nature/code/auxiliary.r
boneType: femur
regressionData.file: C:/dino_nature/output/2023-11-07-D1\bs/set_252/femur_set_252.csv
applyDataFilter: FALSE
addTreeTips: TRUE
Ntrees: 100
calculateTrees: TRUE
saveTrees: FALSE


OPERATIONAL CHECKS:
* Regression data contains multiple copies of some taxa (user added variants of existing test taxa 
   or replacements due to bootstrap are present) which are not in the phylo tree:
     original taxon,   duplicate   
"1","Mammuthus_sp","Mammuthus_sp.1"
"2","Syncerus_caffer","Syncerus_caffer.1"
"3","Caloenas_nicobarica","Caloenas_nicobarica.1"
"4","Mammuthus_sp","Mammuthus_sp.2"
"5","Mammuthus_sp","Mammuthus_sp.3"
"6","Ceratotherium_simum","Ceratotherium_simum.1"
"7","Ceratotherium_simum","Ceratotherium_simum.2"
"8","Cephalophus_silvicultor","Cephalophus_silvicultor.1"
"9","Caloenas_nicobarica","Caloenas_nicobarica.2"
"10","Ceratotherium_simum","Ceratotherium_simum.3"
"11","Tenrec_ecaudatus","Tenrec_ecaudatus.1"
"12","Cephalophus_silvicultor","Cephalophus_silvicultor.2"
"13","Rattus_rattus","Rattus_rattus.1"
"14","Meles_meles","Meles_meles.1"
"15","Mammuthus_sp","Mammuthus_sp.4"
"16","Sus_scrofa","Sus_scrofa.1"
"17","Procyon_lotor","Procyon_lotor.1"
"18","Syncerus_caffer","Syncerus_caffer.2"
"19","Atlantisia_rogersi","Atlantisia_rogersi.1"
"20","Raphus","Raphus.1"
"21","Dasyurus_maculatus","Dasyurus_maculatus.1"
"22","Sus_scrofa","Sus_scrofa.2"
"23","Alligator","Alligator.1"
"24","Psephoderma","Psephoderma.1"
"25","Pistosaurus","Pistosaurus.1"
"26","Phalacrocorax_harrisi","Phalacrocorax_harrisi.1"
"27","Nanophoca_vitulinoides","Nanophoca_vitulinoides.1"
"28","Dyrosaurid","Dyrosaurid.1"
"29","Nothosaurus_mirabilis","Nothosaurus_mirabilis.1"
"30","Lutra_vulgaris","Lutra_vulgaris.1"
"31","Callophoca_obscura","Callophoca_obscura.1"
"32","Simosaurus","Simosaurus.1"
"33","Psephoderma","Psephoderma.2"
"34","Aptenodytes______","Aptenodytes______.1"
"35","Nothosaurus_giganteus","Nothosaurus_giganteus.1"
"36","Simosaurus_1","Simosaurus_1.1"
"37","Cricosaurus","Cricosaurus.1"
"38","Nothosaurus_mirabilis","Nothosaurus_mirabilis.2"
"39","Ichtyosaurus_","Ichtyosaurus_.1"
"40","Hesperornis","Hesperornis.1"
"41","Cricosaurus","Cricosaurus.2"
"42","Noemys_fodies","Noemys_fodies.1"
"43","Simosaurus_1","Simosaurus_1.2"
"44","Psephoderma","Psephoderma.3"
"45","Spinosaurus_","Spinosaurus_.1"
"46","Spinosaurus_","Spinosaurus_.2"
"47","Spinosaurus_","Spinosaurus_.3"
"48","Spinosaurus_","Spinosaurus_.4"
"49","Spinosaurus_","Spinosaurus_.5"
"50","Spinosaurus_","Spinosaurus_.6"
"51","Spinosaurus_","Spinosaurus_.7"
"52","Spinosaurus_","Spinosaurus_.8"
"53","Spinosaurus_","Spinosaurus_.9"
"54","Spinosaurus_","Spinosaurus_.10"
"55","Spinosaurus_","Spinosaurus_.11"
"56","Suchomimus","Suchomimus.1"
"57","Suchomimus","Suchomimus.2"
"58","Suchomimus","Suchomimus.3"
"59","Baryonyx","Baryonyx.1"
"60","Baryonyx","Baryonyx.2"
"61","Baryonyx","Baryonyx.3"
 
* Phylo tree and the main data and strata files have been modified to include duplicated taxa before the scaled random trees are generated.
* Selected categorical labels column: diving.or.not
* diving.or.equal column is identical to Diving column.
* Regression excludes flying taxa.
* Diving labels that are present in regression: 0,2
* lambda (calculated from a random tree) = : 0.17
* index-name alignment check: OK
