Logfile for a session of program: bootstrap_binary.r
-----------------------------------------------------
INPUT:
workDir: C:/dino_nature/output/2023-11-07-D1\bs/set_81
Nbootstrapsets: 2000
phyloFDAfile: c:/dino_nature/code/phylo.fda.R
auxFile: c:/dino_nature/code/auxiliary.r
boneType: femur
regressionData.file: C:/dino_nature/output/2023-11-07-D1\bs/set_81/femur_set_81.csv
applyDataFilter: FALSE
addTreeTips: TRUE
Ntrees: 100
calculateTrees: TRUE
saveTrees: FALSE


OPERATIONAL CHECKS:
* Regression data contains multiple copies of some taxa (user added variants of existing test taxa 
   or replacements due to bootstrap are present) which are not in the phylo tree:
     original taxon,   duplicate   
"1","Bison_bonasus","Bison_bonasus.1"
"2","Paguma_larvata","Paguma_larvata.1"
"3","Mammuthus_sp","Mammuthus_sp.1"
"4","Diplomesodon_pulchellum","Diplomesodon_pulchellum.1"
"5","Brachyodus_onoideum","Brachyodus_onoideum.1"
"6","Hemiechinus_azurites","Hemiechinus_azurites.1"
"7","Taxidea_taxus","Taxidea_taxus.1"
"8","Raphus","Raphus.1"
"9","Brachyodus_onoideum","Brachyodus_onoideum.2"
"10","Sus_scrofa","Sus_scrofa.1"
"11","Taxidea_taxus","Taxidea_taxus.2"
"12","Mus_musculus","Mus_musculus.1"
"13","Tribonyx_mortieri","Tribonyx_mortieri.1"
"14","Elephas_maximus","Elephas_maximus.1"
"15","Tenrec_ecaudatus","Tenrec_ecaudatus.1"
"16","Dromaius_","Dromaius_.1"
"17","Sus_scrofa","Sus_scrofa.2"
"18","Bos_taurus","Bos_taurus.1"
"19","Rupicapra_rupicapra","Rupicapra_rupicapra.1"
"20","Rupicapra_rupicapra","Rupicapra_rupicapra.2"
"21","Meles_meles","Meles_meles.1"
"22","Nothosaurus_102","Nothosaurus_102.1"
"23","Nothosaurus_102","Nothosaurus_102.2"
"24","Phalacrocorax_harrisi","Phalacrocorax_harrisi.1"
"25","Callophoca_obscura","Callophoca_obscura.1"
"26","Maiacetus","Maiacetus.1"
"27","Caiman_yacare","Caiman_yacare.1"
"28","Chironectes_minimus","Chironectes_minimus.1"
"29","Choeropsis_liberiensis","Choeropsis_liberiensis.1"
"30","Callophoca_obscura","Callophoca_obscura.2"
"31","Protochampsidae","Protochampsidae.1"
"32","Hexaprotodon_garyam","Hexaprotodon_garyam.1"
"33","Ichtyosaurus_","Ichtyosaurus_.1"
"34","Nothosaurus_568","Nothosaurus_568.1"
"35","Simosaurus","Simosaurus.1"
"36","Noemys_fodies","Noemys_fodies.1"
"37","Nothosaurus_102","Nothosaurus_102.3"
"38","Simosaurus","Simosaurus.2"
"39","Chironectes_minimus","Chironectes_minimus.2"
"40","Simosaurus_1","Simosaurus_1.1"
"41","Spinosaurus_","Spinosaurus_.1"
"42","Spinosaurus_","Spinosaurus_.2"
"43","Spinosaurus_","Spinosaurus_.3"
"44","Spinosaurus_","Spinosaurus_.4"
"45","Spinosaurus_","Spinosaurus_.5"
"46","Spinosaurus_","Spinosaurus_.6"
"47","Spinosaurus_","Spinosaurus_.7"
"48","Spinosaurus_","Spinosaurus_.8"
"49","Spinosaurus_","Spinosaurus_.9"
"50","Spinosaurus_","Spinosaurus_.10"
"51","Spinosaurus_","Spinosaurus_.11"
"52","Suchomimus","Suchomimus.1"
"53","Suchomimus","Suchomimus.2"
"54","Suchomimus","Suchomimus.3"
"55","Baryonyx","Baryonyx.1"
"56","Baryonyx","Baryonyx.2"
"57","Baryonyx","Baryonyx.3"
 
* Phylo tree and the main data and strata files have been modified to include duplicated taxa before the scaled random trees are generated.
* Selected categorical labels column: diving.or.not
* diving.or.equal column is identical to Diving column.
* Regression excludes flying taxa.
* Diving labels that are present in regression: 0,2
* lambda (calculated from a random tree) = : 0.1
* index-name alignment check: OK
