Logfile for a session of program: bootstrap_binary.r
-----------------------------------------------------
INPUT:
workDir: C:/dino_nature/output/2023-11-07-D1\bs/set_1927
Nbootstrapsets: 2000
phyloFDAfile: c:/dino_nature/code/phylo.fda.R
auxFile: c:/dino_nature/code/auxiliary.r
boneType: femur
regressionData.file: C:/dino_nature/output/2023-11-07-D1\bs/set_1927/femur_set_1927.csv
applyDataFilter: FALSE
addTreeTips: TRUE
Ntrees: 100
calculateTrees: TRUE
saveTrees: FALSE


OPERATIONAL CHECKS:
* Regression data contains multiple copies of some taxa (user added variants of existing test taxa 
   or replacements due to bootstrap are present) which are not in the phylo tree:
     original taxon,   duplicate   
"1","Sphenodon_punctatus","Sphenodon_punctatus.1"
"2","Raphus","Raphus.1"
"3","Raphus","Raphus.2"
"4","Caloenas_nicobarica","Caloenas_nicobarica.1"
"5","Strigiops_habroptilus","Strigiops_habroptilus.1"
"6","Strigiops_habroptilus","Strigiops_habroptilus.2"
"7","Euroscaptor_micrura","Euroscaptor_micrura.1"
"8","Caloenas_nicobarica","Caloenas_nicobarica.2"
"9","Dasyurus_maculatus","Dasyurus_maculatus.1"
"10","Rhynchocyon_petersi","Rhynchocyon_petersi.1"
"11","Alces_americanus","Alces_americanus.1"
"12","Giraffa_camelopardalis","Giraffa_camelopardalis.1"
"13","Uncia_uncia","Uncia_uncia.1"
"14","Rhynchocyon_petersi","Rhynchocyon_petersi.2"
"15","Rhinoceros_sondaicus","Rhinoceros_sondaicus.1"
"16","Rynochetus_jubatus","Rynochetus_jubatus.1"
"17","Capreolus_capreolus","Capreolus_capreolus.1"
"18","Raphus","Raphus.3"
"19","Lama_guanicoe","Lama_guanicoe.1"
"20","Lama_guanicoe","Lama_guanicoe.2"
"21","Caloenas_nicobarica","Caloenas_nicobarica.3"
"22","Raphus","Raphus.4"
"23","Elephas_maximus","Elephas_maximus.1"
"24","Alces_americanus","Alces_americanus.2"
"25","Strigiops_habroptilus","Strigiops_habroptilus.3"
"26","Pogona_viceps","Pogona_viceps.1"
"27","Simosaurus","Simosaurus.1"
"28","Desmana_moschata","Desmana_moschata.1"
"29","Maiacetus","Maiacetus.1"
"30","Nothosaurus_mirabilis_1","Nothosaurus_mirabilis_1.1"
"31","Noemys_fodies","Noemys_fodies.1"
"32","Rodhocetus","Rodhocetus.1"
"33","Paraplacodus","Paraplacodus.1"
"34","Callophoca_obscura","Callophoca_obscura.1"
"35","Placondontia_indet","Placondontia_indet.1"
"36","Chironectes_minimus","Chironectes_minimus.1"
"37","Ornithorhynchus_anatinus","Ornithorhynchus_anatinus.1"
"38","Palaeospheniscus","Palaeospheniscus.1"
"39","Callophoca_obscura","Callophoca_obscura.2"
"40","Hippopotamus_amphibius","Hippopotamus_amphibius.1"
"41","Dyrosaurid","Dyrosaurid.1"
"42","Nothosaurus_mirabilis_1","Nothosaurus_mirabilis_1.2"
"43","Chironectes_minimus","Chironectes_minimus.2"
"44","Hippopotamus_amphibius","Hippopotamus_amphibius.2"
"45","Simosaurus_1","Simosaurus_1.1"
"46","Spinosaurus_","Spinosaurus_.1"
"47","Spinosaurus_","Spinosaurus_.2"
"48","Spinosaurus_","Spinosaurus_.3"
"49","Spinosaurus_","Spinosaurus_.4"
"50","Spinosaurus_","Spinosaurus_.5"
"51","Spinosaurus_","Spinosaurus_.6"
"52","Spinosaurus_","Spinosaurus_.7"
"53","Spinosaurus_","Spinosaurus_.8"
"54","Spinosaurus_","Spinosaurus_.9"
"55","Spinosaurus_","Spinosaurus_.10"
"56","Spinosaurus_","Spinosaurus_.11"
"57","Suchomimus","Suchomimus.1"
"58","Suchomimus","Suchomimus.2"
"59","Suchomimus","Suchomimus.3"
"60","Baryonyx","Baryonyx.1"
"61","Baryonyx","Baryonyx.2"
"62","Baryonyx","Baryonyx.3"
 
* Phylo tree and the main data and strata files have been modified to include duplicated taxa before the scaled random trees are generated.
* Selected categorical labels column: diving.or.not
* diving.or.equal column is identical to Diving column.
* Regression excludes flying taxa.
* Diving labels that are present in regression: 0,2
* lambda (calculated from a random tree) = : 0.05
* index-name alignment check: OK
