Logfile for a session of program: bootstrap_binary.r
-----------------------------------------------------
INPUT:
workDir: C:/dino_nature/output/2023-11-07-D1\bs/set_1026
Nbootstrapsets: 2000
phyloFDAfile: c:/dino_nature/code/phylo.fda.R
auxFile: c:/dino_nature/code/auxiliary.r
boneType: femur
regressionData.file: C:/dino_nature/output/2023-11-07-D1\bs/set_1026/femur_set_1026.csv
applyDataFilter: FALSE
addTreeTips: TRUE
Ntrees: 100
calculateTrees: TRUE
saveTrees: FALSE


OPERATIONAL CHECKS:
* Regression data contains multiple copies of some taxa (user added variants of existing test taxa 
   or replacements due to bootstrap are present) which are not in the phylo tree:
     original taxon,   duplicate   
"1","Sphenodon_punctatus","Sphenodon_punctatus.1"
"2","Giraffa_camelopardalis","Giraffa_camelopardalis.1"
"3","Cephalophus_silvicultor","Cephalophus_silvicultor.1"
"4","Syncerus_caffer","Syncerus_caffer.1"
"5","Tenrec_ecaudatus","Tenrec_ecaudatus.1"
"6","Microgale_thomasi","Microgale_thomasi.1"
"7","Tenrec_ecaudatus","Tenrec_ecaudatus.2"
"8","Hemiechinus_azurites","Hemiechinus_azurites.1"
"9","Alces_americanus","Alces_americanus.1"
"10","Cephalophus_silvicultor","Cephalophus_silvicultor.2"
"11","Sphenodon_punctatus","Sphenodon_punctatus.2"
"12","Porphyrio_hochstetteri","Porphyrio_hochstetteri.1"
"13","Uncia_uncia","Uncia_uncia.1"
"14","Dasyurus_maculatus","Dasyurus_maculatus.1"
"15","Cephalophus_silvicultor","Cephalophus_silvicultor.3"
"16","Capreolus_capreolus","Capreolus_capreolus.1"
"17","Hemiechinus_azurites","Hemiechinus_azurites.2"
"18","Apteryx_australis","Apteryx_australis.1"
"19","Euroscaptor_micrura","Euroscaptor_micrura.1"
"20","Paguma_larvata","Paguma_larvata.1"
"21","Taxidea_taxus","Taxidea_taxus.1"
"22","Desmana_moschata","Desmana_moschata.1"
"23","Remingtonocetus","Remingtonocetus.1"
"24","Simosaurus","Simosaurus.1"
"25","Placondontia_indet","Placondontia_indet.1"
"26","Desmana_moschata","Desmana_moschata.2"
"27","Tapirus_terrestris","Tapirus_terrestris.1"
"28","Callophoca_obscura","Callophoca_obscura.1"
"29","Phocanella_pumila","Phocanella_pumila.1"
"30","Cryptoclidus","Cryptoclidus.1"
"31","Noemys_fodies","Noemys_fodies.1"
"32","Paraplacodus","Paraplacodus.1"
"33","Desmostylus_hesperus","Desmostylus_hesperus.1"
"34","Callophoca_obscura","Callophoca_obscura.2"
"35","Paraplacodus","Paraplacodus.2"
"36","Caiman_yacare","Caiman_yacare.1"
"37","Cryptoclidus","Cryptoclidus.2"
"38","Phocanella_pumila","Phocanella_pumila.2"
"39","Phocanella_pumila","Phocanella_pumila.3"
"40","Nothosaurus_568","Nothosaurus_568.1"
"41","Hesperornis","Hesperornis.1"
"42","Placondontia_indet","Placondontia_indet.2"
"43","Phalacrocorax_harrisi","Phalacrocorax_harrisi.1"
"44","Small_Eocene_penguin","Small_Eocene_penguin.1"
"45","Placondontia_indet","Placondontia_indet.3"
"46","Phalacrocorax_harrisi","Phalacrocorax_harrisi.2"
"47","Small_Eocene_penguin","Small_Eocene_penguin.2"
"48","Micropotamogale_euwenzorii","Micropotamogale_euwenzorii.1"
"49","Spinosaurus_","Spinosaurus_.1"
"50","Spinosaurus_","Spinosaurus_.2"
"51","Spinosaurus_","Spinosaurus_.3"
"52","Spinosaurus_","Spinosaurus_.4"
"53","Spinosaurus_","Spinosaurus_.5"
"54","Spinosaurus_","Spinosaurus_.6"
"55","Spinosaurus_","Spinosaurus_.7"
"56","Spinosaurus_","Spinosaurus_.8"
"57","Spinosaurus_","Spinosaurus_.9"
"58","Spinosaurus_","Spinosaurus_.10"
"59","Spinosaurus_","Spinosaurus_.11"
"60","Suchomimus","Suchomimus.1"
"61","Suchomimus","Suchomimus.2"
"62","Suchomimus","Suchomimus.3"
"63","Baryonyx","Baryonyx.1"
"64","Baryonyx","Baryonyx.2"
"65","Baryonyx","Baryonyx.3"
 
* Phylo tree and the main data and strata files have been modified to include duplicated taxa before the scaled random trees are generated.
* Selected categorical labels column: diving.or.not
* diving.or.equal column is identical to Diving column.
* Regression excludes flying taxa.
* Diving labels that are present in regression: 0,2
* lambda (calculated from a random tree) = : 0.05
* index-name alignment check: OK
