Logfile for a session of program: bootstrap_binary.r
-----------------------------------------------------
INPUT:
workDir: C:/dino_nature/output/2023-11-07-D1\bs/set_1682
Nbootstrapsets: 2000
phyloFDAfile: c:/dino_nature/code/phylo.fda.R
auxFile: c:/dino_nature/code/auxiliary.r
boneType: femur
regressionData.file: C:/dino_nature/output/2023-11-07-D1\bs/set_1682/femur_set_1682.csv
applyDataFilter: FALSE
addTreeTips: TRUE
Ntrees: 100
calculateTrees: TRUE
saveTrees: FALSE


OPERATIONAL CHECKS:
* Regression data contains multiple copies of some taxa (user added variants of existing test taxa 
   or replacements due to bootstrap are present) which are not in the phylo tree:
     original taxon,   duplicate   
"1","Myrmecophaga_tridactyla","Myrmecophaga_tridactyla.1"
"2","Uncia_uncia","Uncia_uncia.1"
"3","Myrmecophaga_tridactyla","Myrmecophaga_tridactyla.2"
"4","Elephas_maximus","Elephas_maximus.1"
"5","Elephas_maximus","Elephas_maximus.2"
"6","Mustela_nivalis","Mustela_nivalis.1"
"7","Rynochetus_jubatus","Rynochetus_jubatus.1"
"8","Elephas_maximus","Elephas_maximus.3"
"9","Euroscaptor_micrura","Euroscaptor_micrura.1"
"10","Nyctereutes_procyonoides","Nyctereutes_procyonoides.1"
"11","Apteryx_australis","Apteryx_australis.1"
"12","Rangifer_tarandus","Rangifer_tarandus.1"
"13","Meles_meles","Meles_meles.1"
"14","Tribonyx_mortieri","Tribonyx_mortieri.1"
"15","Rupicapra_rupicapra","Rupicapra_rupicapra.1"
"16","Dasyurus_maculatus","Dasyurus_maculatus.1"
"17","Euroscaptor_micrura","Euroscaptor_micrura.2"
"18","Rynochetus_jubatus","Rynochetus_jubatus.2"
"19","Rangifer_tarandus","Rangifer_tarandus.2"
"20","Mammuthus_sp","Mammuthus_sp.1"
"21","Sphenodon_punctatus","Sphenodon_punctatus.1"
"22","Rupicapra_rupicapra","Rupicapra_rupicapra.2"
"23","Hippopotamus_amphibius","Hippopotamus_amphibius.1"
"24","Noemys_fodies","Noemys_fodies.1"
"25","Ichtyosaur_sp","Ichtyosaur_sp.1"
"26","Hippopotamus_amphibius","Hippopotamus_amphibius.2"
"27","Noemys_fodies","Noemys_fodies.2"
"28","Desmana_moschata","Desmana_moschata.1"
"29","Ichtyosaur_sp","Ichtyosaur_sp.2"
"30","Castor_fiber","Castor_fiber.1"
"31","Ichtyosaurus_","Ichtyosaurus_.1"
"32","Metryorhynchus","Metryorhynchus.1"
"33","Nothosaurus_150","Nothosaurus_150.1"
"34","Chironectes_minimus","Chironectes_minimus.1"
"35","Cryptoclidus","Cryptoclidus.1"
"36","Hippopotamus_amphibius","Hippopotamus_amphibius.3"
"37","Cryptoclidus","Cryptoclidus.2"
"38","Hesperornis","Hesperornis.1"
"39","Lutra_vulgaris","Lutra_vulgaris.1"
"40","Alligator","Alligator.1"
"41","Lutra_vulgaris","Lutra_vulgaris.2"
"42","Basilosaurus","Basilosaurus.1"
"43","Remingtonocetus","Remingtonocetus.1"
"44","Spinosaurus_","Spinosaurus_.1"
"45","Spinosaurus_","Spinosaurus_.2"
"46","Spinosaurus_","Spinosaurus_.3"
"47","Spinosaurus_","Spinosaurus_.4"
"48","Spinosaurus_","Spinosaurus_.5"
"49","Spinosaurus_","Spinosaurus_.6"
"50","Spinosaurus_","Spinosaurus_.7"
"51","Spinosaurus_","Spinosaurus_.8"
"52","Spinosaurus_","Spinosaurus_.9"
"53","Spinosaurus_","Spinosaurus_.10"
"54","Spinosaurus_","Spinosaurus_.11"
"55","Suchomimus","Suchomimus.1"
"56","Suchomimus","Suchomimus.2"
"57","Suchomimus","Suchomimus.3"
"58","Baryonyx","Baryonyx.1"
"59","Baryonyx","Baryonyx.2"
"60","Baryonyx","Baryonyx.3"
 
* Phylo tree and the main data and strata files have been modified to include duplicated taxa before the scaled random trees are generated.
* Selected categorical labels column: diving.or.not
* diving.or.equal column is identical to Diving column.
* Regression excludes flying taxa.
* Diving labels that are present in regression: 0,2
* lambda (calculated from a random tree) = : 0.09
* index-name alignment check: OK
