Logfile for a session of program: bootstrap_binary.r
-----------------------------------------------------
INPUT:
workDir: C:/dino_nature/output/2023-11-07-D1\bs/set_1298
Nbootstrapsets: 2000
phyloFDAfile: c:/dino_nature/code/phylo.fda.R
auxFile: c:/dino_nature/code/auxiliary.r
boneType: femur
regressionData.file: C:/dino_nature/output/2023-11-07-D1\bs/set_1298/femur_set_1298.csv
applyDataFilter: FALSE
addTreeTips: TRUE
Ntrees: 100
calculateTrees: TRUE
saveTrees: FALSE


OPERATIONAL CHECKS:
* Regression data contains multiple copies of some taxa (user added variants of existing test taxa 
   or replacements due to bootstrap are present) which are not in the phylo tree:
     original taxon,   duplicate   
"1","Rangifer_tarandus","Rangifer_tarandus.1"
"2","Sphenodon_punctatus","Sphenodon_punctatus.1"
"3","Loxodonta_africana","Loxodonta_africana.1"
"4","Elephas_maximus","Elephas_maximus.1"
"5","Caloenas_nicobarica","Caloenas_nicobarica.1"
"6","Capreolus_capreolus","Capreolus_capreolus.1"
"7","Elephas_maximus","Elephas_maximus.2"
"8","Lama_guanicoe","Lama_guanicoe.1"
"9","Procyon_lotor","Procyon_lotor.1"
"10","Dromaius_","Dromaius_.1"
"11","Procyon_lotor","Procyon_lotor.2"
"12","Uncia_uncia","Uncia_uncia.1"
"13","Vulpes_vulpes","Vulpes_vulpes.1"
"14","Capreolus_capreolus","Capreolus_capreolus.2"
"15","Rhynchocyon_petersi","Rhynchocyon_petersi.1"
"16","Cephalophus_silvicultor","Cephalophus_silvicultor.1"
"17","Rangifer_tarandus","Rangifer_tarandus.2"
"18","Lacerta_viridis","Lacerta_viridis.1"
"19","Cryptoclidus","Cryptoclidus.1"
"20","Noemys_fodies","Noemys_fodies.1"
"21","Castor_fiber","Castor_fiber.1"
"22","Anarosaurus","Anarosaurus.1"
"23","Phocanella_pumila","Phocanella_pumila.1"
"24","large_eocene_stem_penguin","large_eocene_stem_penguin.1"
"25","Nanophoca_vitulinoides","Nanophoca_vitulinoides.1"
"26","Basilosaurus","Basilosaurus.1"
"27","Hippopotamus_amphibius","Hippopotamus_amphibius.1"
"28","Nanophoca_vitulinoides","Nanophoca_vitulinoides.2"
"29","Noemys_fodies","Noemys_fodies.2"
"30","Callophoca_obscura","Callophoca_obscura.1"
"31","Nothosaurus_giganteus","Nothosaurus_giganteus.1"
"32","large_eocene_stem_penguin","large_eocene_stem_penguin.2"
"33","Phocanella_pumila","Phocanella_pumila.2"
"34","Nothosaurus_giganteus","Nothosaurus_giganteus.2"
"35","Noemys_fodies","Noemys_fodies.3"
"36","Aptenodytes______","Aptenodytes______.1"
"37","Dyrosaurid","Dyrosaurid.1"
"38","Nothosaurus_giganteus","Nothosaurus_giganteus.3"
"39","Basilosaurus","Basilosaurus.2"
"40","Metryorhynchus","Metryorhynchus.1"
"41","Simosaurus_1","Simosaurus_1.1"
"42","Champsosaurus","Champsosaurus.1"
"43","Paraplacodus","Paraplacodus.1"
"44","Spinosaurus_","Spinosaurus_.1"
"45","Spinosaurus_","Spinosaurus_.2"
"46","Spinosaurus_","Spinosaurus_.3"
"47","Spinosaurus_","Spinosaurus_.4"
"48","Spinosaurus_","Spinosaurus_.5"
"49","Spinosaurus_","Spinosaurus_.6"
"50","Spinosaurus_","Spinosaurus_.7"
"51","Spinosaurus_","Spinosaurus_.8"
"52","Spinosaurus_","Spinosaurus_.9"
"53","Spinosaurus_","Spinosaurus_.10"
"54","Spinosaurus_","Spinosaurus_.11"
"55","Suchomimus","Suchomimus.1"
"56","Suchomimus","Suchomimus.2"
"57","Suchomimus","Suchomimus.3"
"58","Baryonyx","Baryonyx.1"
"59","Baryonyx","Baryonyx.2"
"60","Baryonyx","Baryonyx.3"
 
* Phylo tree and the main data and strata files have been modified to include duplicated taxa before the scaled random trees are generated.
* Selected categorical labels column: diving.or.not
* diving.or.equal column is identical to Diving column.
* Regression excludes flying taxa.
* Diving labels that are present in regression: 0,2
* lambda (calculated from a random tree) = : 0.11
* index-name alignment check: OK
