Logfile for a session of program: bootstrap_binary.r
-----------------------------------------------------
INPUT:
workDir: C:/dino_nature/output/2023-11-07-D1\bs/set_620
Nbootstrapsets: 2000
phyloFDAfile: c:/dino_nature/code/phylo.fda.R
auxFile: c:/dino_nature/code/auxiliary.r
boneType: femur
regressionData.file: C:/dino_nature/output/2023-11-07-D1\bs/set_620/femur_set_620.csv
applyDataFilter: FALSE
addTreeTips: TRUE
Ntrees: 100
calculateTrees: TRUE
saveTrees: FALSE


OPERATIONAL CHECKS:
* Regression data contains multiple copies of some taxa (user added variants of existing test taxa 
   or replacements due to bootstrap are present) which are not in the phylo tree:
     original taxon,   duplicate   
"1","Raphus","Raphus.1"
"2","Rynochetus_jubatus","Rynochetus_jubatus.1"
"3","Vulpes_vulpes","Vulpes_vulpes.1"
"4","Ceratotherium_simum","Ceratotherium_simum.1"
"5","Diplomesodon_pulchellum","Diplomesodon_pulchellum.1"
"6","Dama_dama","Dama_dama.1"
"7","Syncerus_caffer","Syncerus_caffer.1"
"8","Rangifer_tarandus","Rangifer_tarandus.1"
"9","Nyctereutes_procyonoides","Nyctereutes_procyonoides.1"
"10","Bos_taurus","Bos_taurus.1"
"11","Bison_bonasus","Bison_bonasus.1"
"12","Rhinoceros_sondaicus","Rhinoceros_sondaicus.1"
"13","Bison_bonasus","Bison_bonasus.2"
"14","Rynochetus_jubatus","Rynochetus_jubatus.2"
"15","Mus_musculus","Mus_musculus.1"
"16","Rhinoceros_sondaicus","Rhinoceros_sondaicus.2"
"17","Small_Eocene_penguin","Small_Eocene_penguin.1"
"18","Champsosaurus","Champsosaurus.1"
"19","Aptenodytes______","Aptenodytes______.1"
"20","Leptophoca_proxima","Leptophoca_proxima.1"
"21","Simosaurus_1","Simosaurus_1.1"
"22","Nothosaurus_mirabilis_1","Nothosaurus_mirabilis_1.1"
"23","Choeropsis_liberiensis","Choeropsis_liberiensis.1"
"24","Nothosaurus_150","Nothosaurus_150.1"
"25","Ichtyosaurus_","Ichtyosaurus_.1"
"26","Champsosaurus","Champsosaurus.2"
"27","Cryptoclidus","Cryptoclidus.1"
"28","Tapirus_terrestris","Tapirus_terrestris.1"
"29","Choeropsis_liberiensis","Choeropsis_liberiensis.2"
"30","Ornithorhynchus_anatinus","Ornithorhynchus_anatinus.1"
"31","Tapirus_terrestris","Tapirus_terrestris.2"
"32","Pistosaurus","Pistosaurus.1"
"33","Ichtyosaurus_","Ichtyosaurus_.2"
"34","Rodhocetus","Rodhocetus.1"
"35","Spinosaurus_","Spinosaurus_.1"
"36","Spinosaurus_","Spinosaurus_.2"
"37","Spinosaurus_","Spinosaurus_.3"
"38","Spinosaurus_","Spinosaurus_.4"
"39","Spinosaurus_","Spinosaurus_.5"
"40","Spinosaurus_","Spinosaurus_.6"
"41","Spinosaurus_","Spinosaurus_.7"
"42","Spinosaurus_","Spinosaurus_.8"
"43","Spinosaurus_","Spinosaurus_.9"
"44","Spinosaurus_","Spinosaurus_.10"
"45","Spinosaurus_","Spinosaurus_.11"
"46","Suchomimus","Suchomimus.1"
"47","Suchomimus","Suchomimus.2"
"48","Suchomimus","Suchomimus.3"
"49","Baryonyx","Baryonyx.1"
"50","Baryonyx","Baryonyx.2"
"51","Baryonyx","Baryonyx.3"
 
* Phylo tree and the main data and strata files have been modified to include duplicated taxa before the scaled random trees are generated.
* Selected categorical labels column: diving.or.not
* diving.or.equal column is identical to Diving column.
* Regression excludes flying taxa.
* Diving labels that are present in regression: 0,2
* lambda (calculated from a random tree) = : 0.09
* index-name alignment check: OK
