Logfile for a session of program: bootstrap_binary.r
-----------------------------------------------------
INPUT:
workDir: C:/dino_nature/output/2023-11-07-D1\bs/set_1858
Nbootstrapsets: 2000
phyloFDAfile: c:/dino_nature/code/phylo.fda.R
auxFile: c:/dino_nature/code/auxiliary.r
boneType: femur
regressionData.file: C:/dino_nature/output/2023-11-07-D1\bs/set_1858/femur_set_1858.csv
applyDataFilter: FALSE
addTreeTips: TRUE
Ntrees: 100
calculateTrees: TRUE
saveTrees: FALSE


OPERATIONAL CHECKS:
* Regression data contains multiple copies of some taxa (user added variants of existing test taxa 
   or replacements due to bootstrap are present) which are not in the phylo tree:
     original taxon,   duplicate   
"1","Dama_dama","Dama_dama.1"
"2","Alces_americanus","Alces_americanus.1"
"3","Lama_guanicoe","Lama_guanicoe.1"
"4","Diplomesodon_pulchellum","Diplomesodon_pulchellum.1"
"5","Lama_guanicoe","Lama_guanicoe.2"
"6","Apteryx_australis","Apteryx_australis.1"
"7","Bison_bonasus","Bison_bonasus.1"
"8","Brachyodus_onoideum","Brachyodus_onoideum.1"
"9","Apteryx_owenii_","Apteryx_owenii_.1"
"10","Apteryx_owenii_","Apteryx_owenii_.2"
"11","Elephas_maximus","Elephas_maximus.1"
"12","Alces_americanus","Alces_americanus.2"
"13","Porphyrio_hochstetteri","Porphyrio_hochstetteri.1"
"14","Procyon_lotor","Procyon_lotor.1"
"15","Apteryx_owenii_","Apteryx_owenii_.3"
"16","Apteryx_owenii_","Apteryx_owenii_.4"
"17","Alces_americanus","Alces_americanus.3"
"18","Euroscaptor_micrura","Euroscaptor_micrura.1"
"19","Strigiops_habroptilus","Strigiops_habroptilus.1"
"20","Brachyodus_onoideum","Brachyodus_onoideum.2"
"21","Rynochetus_jubatus","Rynochetus_jubatus.1"
"22","Rattus_rattus","Rattus_rattus.1"
"23","Strigiops_habroptilus","Strigiops_habroptilus.2"
"24","Capreolus_capreolus","Capreolus_capreolus.1"
"25","Ichtyosaur_sp","Ichtyosaur_sp.1"
"26","Small_Eocene_penguin","Small_Eocene_penguin.1"
"27","Choeropsis_liberiensis","Choeropsis_liberiensis.1"
"28","Ichtyosaur_sp","Ichtyosaur_sp.2"
"29","Hesperornis","Hesperornis.1"
"30","Simosaurus","Simosaurus.1"
"31","Leptophoca_proxima","Leptophoca_proxima.1"
"32","Ichtyosaur_sp","Ichtyosaur_sp.3"
"33","Serpianosaurus","Serpianosaurus.1"
"34","Indohyus","Indohyus.1"
"35","Choeropsis_liberiensis","Choeropsis_liberiensis.2"
"36","Cricosaurus","Cricosaurus.1"
"37","Placondontia_indet","Placondontia_indet.1"
"38","Cricosaurus","Cricosaurus.2"
"39","Hydromys_chrysogaster","Hydromys_chrysogaster.1"
"40","Cryptoclidus","Cryptoclidus.1"
"41","Chironectes_minimus","Chironectes_minimus.1"
"42","Spinosaurus_","Spinosaurus_.1"
"43","Spinosaurus_","Spinosaurus_.2"
"44","Spinosaurus_","Spinosaurus_.3"
"45","Spinosaurus_","Spinosaurus_.4"
"46","Spinosaurus_","Spinosaurus_.5"
"47","Spinosaurus_","Spinosaurus_.6"
"48","Spinosaurus_","Spinosaurus_.7"
"49","Spinosaurus_","Spinosaurus_.8"
"50","Spinosaurus_","Spinosaurus_.9"
"51","Spinosaurus_","Spinosaurus_.10"
"52","Spinosaurus_","Spinosaurus_.11"
"53","Suchomimus","Suchomimus.1"
"54","Suchomimus","Suchomimus.2"
"55","Suchomimus","Suchomimus.3"
"56","Baryonyx","Baryonyx.1"
"57","Baryonyx","Baryonyx.2"
"58","Baryonyx","Baryonyx.3"
 
* Phylo tree and the main data and strata files have been modified to include duplicated taxa before the scaled random trees are generated.
* Selected categorical labels column: diving.or.not
* diving.or.equal column is identical to Diving column.
* Regression excludes flying taxa.
* Diving labels that are present in regression: 0,2
* lambda (calculated from a random tree) = : 0.05
* index-name alignment check: OK
