Logfile for a session of program: bootstrap_binary.r
-----------------------------------------------------
INPUT:
workDir: C:/dino_nature/output/2023-11-07-D1\bs/set_407
Nbootstrapsets: 2000
phyloFDAfile: c:/dino_nature/code/phylo.fda.R
auxFile: c:/dino_nature/code/auxiliary.r
boneType: femur
regressionData.file: C:/dino_nature/output/2023-11-07-D1\bs/set_407/femur_set_407.csv
applyDataFilter: FALSE
addTreeTips: TRUE
Ntrees: 100
calculateTrees: TRUE
saveTrees: FALSE


OPERATIONAL CHECKS:
* Regression data contains multiple copies of some taxa (user added variants of existing test taxa 
   or replacements due to bootstrap are present) which are not in the phylo tree:
     original taxon,   duplicate   
"1","Felis_felis","Felis_felis.1"
"2","Taxidea_taxus","Taxidea_taxus.1"
"3","Brachyodus_onoideum","Brachyodus_onoideum.1"
"4","Meles_meles","Meles_meles.1"
"5","Rangifer_tarandus","Rangifer_tarandus.1"
"6","Capreolus_capreolus","Capreolus_capreolus.1"
"7","Capreolus_capreolus","Capreolus_capreolus.2"
"8","Strigiops_habroptilus","Strigiops_habroptilus.1"
"9","Megaloceros_sp","Megaloceros_sp.1"
"10","Raphus","Raphus.1"
"11","Cephalophus_silvicultor","Cephalophus_silvicultor.1"
"12","Megaloceros_sp","Megaloceros_sp.2"
"13","Tenrec_ecaudatus","Tenrec_ecaudatus.1"
"14","Lama_guanicoe","Lama_guanicoe.1"
"15","Caloenas_nicobarica","Caloenas_nicobarica.1"
"16","Meles_meles","Meles_meles.2"
"17","Lama_guanicoe","Lama_guanicoe.2"
"18","Taxidea_taxus","Taxidea_taxus.2"
"19","Taxidea_taxus","Taxidea_taxus.3"
"20","Alces_americanus","Alces_americanus.1"
"21","Nothosaurus_mirabilis","Nothosaurus_mirabilis.1"
"22","Ornithorhynchus_anatinus","Ornithorhynchus_anatinus.1"
"23","Nothosaurus_mirabilis_1","Nothosaurus_mirabilis_1.1"
"24","Rodhocetus","Rodhocetus.1"
"25","Nothosaurus_568","Nothosaurus_568.1"
"26","Nothosaurus_mirabilis_1","Nothosaurus_mirabilis_1.2"
"27","Simosaurus","Simosaurus.1"
"28","Simosaurus","Simosaurus.2"
"29","Simosaurus","Simosaurus.3"
"30","Callophoca_obscura","Callophoca_obscura.1"
"31","Simosaurus","Simosaurus.4"
"32","Cryptoclidus","Cryptoclidus.1"
"33","Micropotamogale_euwenzorii","Micropotamogale_euwenzorii.1"
"34","Nothosaurus_mirabilis_1","Nothosaurus_mirabilis_1.3"
"35","Simosaurus_1","Simosaurus_1.1"
"36","Pistosaurus","Pistosaurus.1"
"37","Chironectes_minimus","Chironectes_minimus.1"
"38","Spheniscus","Spheniscus.1"
"39","Otaria_byronia","Otaria_byronia.1"
"40","Nothosaurus_102","Nothosaurus_102.1"
"41","Pistosaurus","Pistosaurus.2"
"42","Spinosaurus_","Spinosaurus_.1"
"43","Spinosaurus_","Spinosaurus_.2"
"44","Spinosaurus_","Spinosaurus_.3"
"45","Spinosaurus_","Spinosaurus_.4"
"46","Spinosaurus_","Spinosaurus_.5"
"47","Spinosaurus_","Spinosaurus_.6"
"48","Spinosaurus_","Spinosaurus_.7"
"49","Spinosaurus_","Spinosaurus_.8"
"50","Spinosaurus_","Spinosaurus_.9"
"51","Spinosaurus_","Spinosaurus_.10"
"52","Spinosaurus_","Spinosaurus_.11"
"53","Suchomimus","Suchomimus.1"
"54","Suchomimus","Suchomimus.2"
"55","Suchomimus","Suchomimus.3"
"56","Baryonyx","Baryonyx.1"
"57","Baryonyx","Baryonyx.2"
"58","Baryonyx","Baryonyx.3"
 
* Phylo tree and the main data and strata files have been modified to include duplicated taxa before the scaled random trees are generated.
* Selected categorical labels column: diving.or.not
* diving.or.equal column is identical to Diving column.
* Regression excludes flying taxa.
* Diving labels that are present in regression: 0,2
* lambda (calculated from a random tree) = : 0.08
* index-name alignment check: OK
