Logfile for a session of program: bootstrap_binary.r
-----------------------------------------------------
INPUT:
workDir: C:/dino_nature/output/2023-11-07-D1\bs/set_877
Nbootstrapsets: 2000
phyloFDAfile: c:/dino_nature/code/phylo.fda.R
auxFile: c:/dino_nature/code/auxiliary.r
boneType: femur
regressionData.file: C:/dino_nature/output/2023-11-07-D1\bs/set_877/femur_set_877.csv
applyDataFilter: FALSE
addTreeTips: TRUE
Ntrees: 100
calculateTrees: TRUE
saveTrees: FALSE


OPERATIONAL CHECKS:
* Regression data contains multiple copies of some taxa (user added variants of existing test taxa 
   or replacements due to bootstrap are present) which are not in the phylo tree:
     original taxon,   duplicate   
"1","Okapia_johnstoni","Okapia_johnstoni.1"
"2","Porphyrio_hochstetteri","Porphyrio_hochstetteri.1"
"3","Procyon_lotor","Procyon_lotor.1"
"4","Apteryx_owenii_","Apteryx_owenii_.1"
"5","Lama_guanicoe","Lama_guanicoe.1"
"6","Microgale_thomasi","Microgale_thomasi.1"
"7","Dicerorhinus_sumatrensis","Dicerorhinus_sumatrensis.1"
"8","Bos_taurus","Bos_taurus.1"
"9","Apteryx_owenii_","Apteryx_owenii_.2"
"10","Brachyodus_onoideum","Brachyodus_onoideum.1"
"11","Porphyrio_hochstetteri","Porphyrio_hochstetteri.2"
"12","Lama_guanicoe","Lama_guanicoe.2"
"13","Apteryx_australis","Apteryx_australis.1"
"14","Rattus_rattus","Rattus_rattus.1"
"15","Elomeryx_borbonicus_","Elomeryx_borbonicus_.1"
"16","Microgale_thomasi","Microgale_thomasi.2"
"17","Dicerorhinus_sumatrensis","Dicerorhinus_sumatrensis.2"
"18","Pogona_viceps","Pogona_viceps.1"
"19","Apteryx_australis","Apteryx_australis.2"
"20","Taxidea_taxus","Taxidea_taxus.1"
"21","Ceratotherium_simum","Ceratotherium_simum.1"
"22","Chironectes_minimus","Chironectes_minimus.1"
"23","Otaria_byronia","Otaria_byronia.1"
"24","large_eocene_stem_penguin","large_eocene_stem_penguin.1"
"25","Chironectes_minimus","Chironectes_minimus.2"
"26","Chironectes_minimus","Chironectes_minimus.3"
"27","large_eocene_stem_penguin","large_eocene_stem_penguin.2"
"28","Chapsosaurus_","Chapsosaurus_.1"
"29","Anarosaurus","Anarosaurus.1"
"30","Rodhocetus","Rodhocetus.1"
"31","Anarosaurus","Anarosaurus.2"
"32","Serpianosaurus","Serpianosaurus.1"
"33","Placondontia_indet","Placondontia_indet.1"
"34","Protochampsidae","Protochampsidae.1"
"35","Nothosaurus_102","Nothosaurus_102.1"
"36","Nothosaurus_568","Nothosaurus_568.1"
"37","Basilosaurus","Basilosaurus.1"
"38","Chapsosaurus_","Chapsosaurus_.2"
"39","Champsosaurus","Champsosaurus.1"
"40","Lutra_vulgaris","Lutra_vulgaris.1"
"41","Otaria_byronia","Otaria_byronia.2"
"42","Nothosaurus_102","Nothosaurus_102.2"
"43","Small_Eocene_penguin","Small_Eocene_penguin.1"
"44","Basilosaurus","Basilosaurus.2"
"45","Nothosaurus_giganteus","Nothosaurus_giganteus.1"
"46","Spinosaurus_","Spinosaurus_.1"
"47","Spinosaurus_","Spinosaurus_.2"
"48","Spinosaurus_","Spinosaurus_.3"
"49","Spinosaurus_","Spinosaurus_.4"
"50","Spinosaurus_","Spinosaurus_.5"
"51","Spinosaurus_","Spinosaurus_.6"
"52","Spinosaurus_","Spinosaurus_.7"
"53","Spinosaurus_","Spinosaurus_.8"
"54","Spinosaurus_","Spinosaurus_.9"
"55","Spinosaurus_","Spinosaurus_.10"
"56","Spinosaurus_","Spinosaurus_.11"
"57","Suchomimus","Suchomimus.1"
"58","Suchomimus","Suchomimus.2"
"59","Suchomimus","Suchomimus.3"
"60","Baryonyx","Baryonyx.1"
"61","Baryonyx","Baryonyx.2"
"62","Baryonyx","Baryonyx.3"
 
* Phylo tree and the main data and strata files have been modified to include duplicated taxa before the scaled random trees are generated.
* Selected categorical labels column: diving.or.not
* diving.or.equal column is identical to Diving column.
* Regression excludes flying taxa.
* Diving labels that are present in regression: 0,2
* lambda (calculated from a random tree) = : 0.1
* index-name alignment check: OK
