Logfile for a session of program: bootstrap_binary.r
-----------------------------------------------------
INPUT:
workDir: C:/dino_nature/output/2023-11-07-D1\bs/set_1173
Nbootstrapsets: 2000
phyloFDAfile: c:/dino_nature/code/phylo.fda.R
auxFile: c:/dino_nature/code/auxiliary.r
boneType: femur
regressionData.file: C:/dino_nature/output/2023-11-07-D1\bs/set_1173/femur_set_1173.csv
applyDataFilter: FALSE
addTreeTips: TRUE
Ntrees: 100
calculateTrees: TRUE
saveTrees: FALSE


OPERATIONAL CHECKS:
* Regression data contains multiple copies of some taxa (user added variants of existing test taxa 
   or replacements due to bootstrap are present) which are not in the phylo tree:
     original taxon,   duplicate   
"1","Bos_taurus","Bos_taurus.1"
"2","Brachyodus_onoideum","Brachyodus_onoideum.1"
"3","Bos_taurus","Bos_taurus.2"
"4","Dasyurus_maculatus","Dasyurus_maculatus.1"
"5","Capreolus_capreolus","Capreolus_capreolus.1"
"6","Strigiops_habroptilus","Strigiops_habroptilus.1"
"7","Procyon_lotor","Procyon_lotor.1"
"8","Rangifer_tarandus","Rangifer_tarandus.1"
"9","Giraffa_camelopardalis","Giraffa_camelopardalis.1"
"10","Bos_taurus","Bos_taurus.3"
"11","Strigiops_habroptilus","Strigiops_habroptilus.2"
"12","Caloenas_nicobarica","Caloenas_nicobarica.1"
"13","Tenrec_ecaudatus","Tenrec_ecaudatus.1"
"14","Capreolus_capreolus","Capreolus_capreolus.2"
"15","Atlantisia_rogersi","Atlantisia_rogersi.1"
"16","Mustela_nivalis","Mustela_nivalis.1"
"17","Nyctereutes_procyonoides","Nyctereutes_procyonoides.1"
"18","Lama_guanicoe","Lama_guanicoe.1"
"19","Mustela_nivalis","Mustela_nivalis.2"
"20","Capreolus_capreolus","Capreolus_capreolus.3"
"21","Meles_meles","Meles_meles.1"
"22","Noemys_fodies","Noemys_fodies.1"
"23","Spheniscus","Spheniscus.1"
"24","Indohyus","Indohyus.1"
"25","Ichtyosaurus_","Ichtyosaurus_.1"
"26","Noemys_fodies","Noemys_fodies.2"
"27","Ornithorhynchus_anatinus","Ornithorhynchus_anatinus.1"
"28","Psephoderma","Psephoderma.1"
"29","Callophoca_obscura","Callophoca_obscura.1"
"30","Remingtonocetus","Remingtonocetus.1"
"31","Ichtyosaurus_","Ichtyosaurus_.2"
"32","Nothosaurus_giganteus","Nothosaurus_giganteus.1"
"33","Nothosaurus_mirabilis","Nothosaurus_mirabilis.1"
"34","Micropotamogale_euwenzorii","Micropotamogale_euwenzorii.1"
"35","Remingtonocetus","Remingtonocetus.2"
"36","Ornithorhynchus_anatinus","Ornithorhynchus_anatinus.2"
"37","Caiman_yacare","Caiman_yacare.1"
"38","Cricosaurus","Cricosaurus.1"
"39","Choeropsis_liberiensis","Choeropsis_liberiensis.1"
"40","large_eocene_stem_penguin","large_eocene_stem_penguin.1"
"41","Callophoca_obscura","Callophoca_obscura.2"
"42","Cricosaurus","Cricosaurus.2"
"43","Maiacetus","Maiacetus.1"
"44","Nothosaurus_102","Nothosaurus_102.1"
"45","Choeropsis_liberiensis","Choeropsis_liberiensis.2"
"46","Spinosaurus_","Spinosaurus_.1"
"47","Spinosaurus_","Spinosaurus_.2"
"48","Spinosaurus_","Spinosaurus_.3"
"49","Spinosaurus_","Spinosaurus_.4"
"50","Spinosaurus_","Spinosaurus_.5"
"51","Spinosaurus_","Spinosaurus_.6"
"52","Spinosaurus_","Spinosaurus_.7"
"53","Spinosaurus_","Spinosaurus_.8"
"54","Spinosaurus_","Spinosaurus_.9"
"55","Spinosaurus_","Spinosaurus_.10"
"56","Spinosaurus_","Spinosaurus_.11"
"57","Suchomimus","Suchomimus.1"
"58","Suchomimus","Suchomimus.2"
"59","Suchomimus","Suchomimus.3"
"60","Baryonyx","Baryonyx.1"
"61","Baryonyx","Baryonyx.2"
"62","Baryonyx","Baryonyx.3"
 
* Phylo tree and the main data and strata files have been modified to include duplicated taxa before the scaled random trees are generated.
* Selected categorical labels column: diving.or.not
* diving.or.equal column is identical to Diving column.
* Regression excludes flying taxa.
* Diving labels that are present in regression: 0,2
* lambda (calculated from a random tree) = : 0.07
* index-name alignment check: OK
