Logfile for a session of program: bootstrap_binary.r
-----------------------------------------------------
INPUT:
workDir: C:/dino_nature/output/2023-11-07-D1\bs/set_256
Nbootstrapsets: 2000
phyloFDAfile: c:/dino_nature/code/phylo.fda.R
auxFile: c:/dino_nature/code/auxiliary.r
boneType: femur
regressionData.file: C:/dino_nature/output/2023-11-07-D1\bs/set_256/femur_set_256.csv
applyDataFilter: FALSE
addTreeTips: TRUE
Ntrees: 100
calculateTrees: TRUE
saveTrees: FALSE


OPERATIONAL CHECKS:
* Regression data contains multiple copies of some taxa (user added variants of existing test taxa 
   or replacements due to bootstrap are present) which are not in the phylo tree:
     original taxon,   duplicate   
"1","Megaloceros_sp","Megaloceros_sp.1"
"2","Procavia_capensis","Procavia_capensis.1"
"3","Diplomesodon_pulchellum","Diplomesodon_pulchellum.1"
"4","Cephalophus_silvicultor","Cephalophus_silvicultor.1"
"5","Diplomesodon_pulchellum","Diplomesodon_pulchellum.2"
"6","Rattus_rattus","Rattus_rattus.1"
"7","Pogona_viceps","Pogona_viceps.1"
"8","Caloenas_nicobarica","Caloenas_nicobarica.1"
"9","Pogona_viceps","Pogona_viceps.2"
"10","Lacerta_viridis","Lacerta_viridis.1"
"11","Rangifer_tarandus","Rangifer_tarandus.1"
"12","Rhynchocyon_petersi","Rhynchocyon_petersi.1"
"13","Procavia_capensis","Procavia_capensis.2"
"14","Paguma_larvata","Paguma_larvata.1"
"15","Apteryx_owenii_","Apteryx_owenii_.1"
"16","Strigiops_habroptilus","Strigiops_habroptilus.1"
"17","Dicerorhinus_sumatrensis","Dicerorhinus_sumatrensis.1"
"18","Mustela_nivalis","Mustela_nivalis.1"
"19","Procavia_capensis","Procavia_capensis.3"
"20","Bison_bonasus","Bison_bonasus.1"
"21","Procavia_capensis","Procavia_capensis.4"
"22","Rhaeticosaurus","Rhaeticosaurus.1"
"23","Ichtyosaur_sp","Ichtyosaur_sp.1"
"24","Protochampsidae","Protochampsidae.1"
"25","Dyrosaurid","Dyrosaurid.1"
"26","Choeropsis_liberiensis","Choeropsis_liberiensis.1"
"27","Caiman_yacare","Caiman_yacare.1"
"28","Aptenodytes______","Aptenodytes______.1"
"29","Aptenodytes______","Aptenodytes______.2"
"30","Noemys_fodies","Noemys_fodies.1"
"31","Choeropsis_liberiensis","Choeropsis_liberiensis.2"
"32","Indohyus","Indohyus.1"
"33","large_eocene_stem_penguin","large_eocene_stem_penguin.1"
"34","Phocanella_pumila","Phocanella_pumila.1"
"35","Psephoderma","Psephoderma.1"
"36","Dyrosaurid","Dyrosaurid.2"
"37","Noemys_fodies","Noemys_fodies.2"
"38","Micropotamogale_euwenzorii","Micropotamogale_euwenzorii.1"
"39","large_eocene_stem_penguin","large_eocene_stem_penguin.2"
"40","Caiman_yacare","Caiman_yacare.2"
"41","Pistosaurus","Pistosaurus.1"
"42","Spinosaurus_","Spinosaurus_.1"
"43","Spinosaurus_","Spinosaurus_.2"
"44","Spinosaurus_","Spinosaurus_.3"
"45","Spinosaurus_","Spinosaurus_.4"
"46","Spinosaurus_","Spinosaurus_.5"
"47","Spinosaurus_","Spinosaurus_.6"
"48","Spinosaurus_","Spinosaurus_.7"
"49","Spinosaurus_","Spinosaurus_.8"
"50","Spinosaurus_","Spinosaurus_.9"
"51","Spinosaurus_","Spinosaurus_.10"
"52","Spinosaurus_","Spinosaurus_.11"
"53","Suchomimus","Suchomimus.1"
"54","Suchomimus","Suchomimus.2"
"55","Suchomimus","Suchomimus.3"
"56","Baryonyx","Baryonyx.1"
"57","Baryonyx","Baryonyx.2"
"58","Baryonyx","Baryonyx.3"
 
* Phylo tree and the main data and strata files have been modified to include duplicated taxa before the scaled random trees are generated.
* Selected categorical labels column: diving.or.not
* diving.or.equal column is identical to Diving column.
* Regression excludes flying taxa.
* Diving labels that are present in regression: 0,2
* lambda (calculated from a random tree) = : 0.1
* index-name alignment check: OK
