Logfile for a session of program: bootstrap_binary.r
-----------------------------------------------------
INPUT:
workDir: C:/dino_nature/output/2023-11-07-D1\bs/set_422
Nbootstrapsets: 2000
phyloFDAfile: c:/dino_nature/code/phylo.fda.R
auxFile: c:/dino_nature/code/auxiliary.r
boneType: femur
regressionData.file: C:/dino_nature/output/2023-11-07-D1\bs/set_422/femur_set_422.csv
applyDataFilter: FALSE
addTreeTips: TRUE
Ntrees: 100
calculateTrees: TRUE
saveTrees: FALSE


OPERATIONAL CHECKS:
* Regression data contains multiple copies of some taxa (user added variants of existing test taxa 
   or replacements due to bootstrap are present) which are not in the phylo tree:
     original taxon,   duplicate   
"1","Rupicapra_rupicapra","Rupicapra_rupicapra.1"
"2","Rattus_rattus","Rattus_rattus.1"
"3","Atlantisia_rogersi","Atlantisia_rogersi.1"
"4","Apteryx_owenii_","Apteryx_owenii_.1"
"5","Dama_dama","Dama_dama.1"
"6","Mammuthus_sp","Mammuthus_sp.1"
"7","Atlantisia_rogersi","Atlantisia_rogersi.2"
"8","Capreolus_capreolus","Capreolus_capreolus.1"
"9","Rattus_rattus","Rattus_rattus.2"
"10","Megaloceros_sp","Megaloceros_sp.1"
"11","Rupicapra_rupicapra","Rupicapra_rupicapra.2"
"12","Hemiechinus_azurites","Hemiechinus_azurites.1"
"13","Uncia_uncia","Uncia_uncia.1"
"14","Vulpes_vulpes","Vulpes_vulpes.1"
"15","Euroscaptor_micrura","Euroscaptor_micrura.1"
"16","Elephas_maximus","Elephas_maximus.1"
"17","Caloenas_nicobarica","Caloenas_nicobarica.1"
"18","Dama_dama","Dama_dama.2"
"19","Lacerta_viridis","Lacerta_viridis.1"
"20","Lacerta_viridis","Lacerta_viridis.2"
"21","Diplomesodon_pulchellum","Diplomesodon_pulchellum.1"
"22","Dama_dama","Dama_dama.3"
"23","Rattus_rattus","Rattus_rattus.3"
"24","Microgale_thomasi","Microgale_thomasi.1"
"25","Serpianosaurus","Serpianosaurus.1"
"26","Serpianosaurus","Serpianosaurus.2"
"27","Nothosaurus_102","Nothosaurus_102.1"
"28","Desmana_moschata","Desmana_moschata.1"
"29","Chapsosaurus_","Chapsosaurus_.1"
"30","large_eocene_stem_penguin","large_eocene_stem_penguin.1"
"31","Lutra_vulgaris","Lutra_vulgaris.1"
"32","large_eocene_stem_penguin","large_eocene_stem_penguin.2"
"33","Choeropsis_liberiensis","Choeropsis_liberiensis.1"
"34","Champsosaurus","Champsosaurus.1"
"35","Hippopotamus_amphibius","Hippopotamus_amphibius.1"
"36","Hippopotamus_amphibius","Hippopotamus_amphibius.2"
"37","Psephoderma","Psephoderma.1"
"38","Lutra_vulgaris","Lutra_vulgaris.2"
"39","Protochampsidae","Protochampsidae.1"
"40","Protochampsidae","Protochampsidae.2"
"41","Chapsosaurus_","Chapsosaurus_.2"
"42","Desmostylus_hesperus","Desmostylus_hesperus.1"
"43","Ichtyosaur_sp","Ichtyosaur_sp.1"
"44","Placondontia_indet","Placondontia_indet.1"
"45","Psephoderma","Psephoderma.2"
"46","Spinosaurus_","Spinosaurus_.1"
"47","Spinosaurus_","Spinosaurus_.2"
"48","Spinosaurus_","Spinosaurus_.3"
"49","Spinosaurus_","Spinosaurus_.4"
"50","Spinosaurus_","Spinosaurus_.5"
"51","Spinosaurus_","Spinosaurus_.6"
"52","Spinosaurus_","Spinosaurus_.7"
"53","Spinosaurus_","Spinosaurus_.8"
"54","Spinosaurus_","Spinosaurus_.9"
"55","Spinosaurus_","Spinosaurus_.10"
"56","Spinosaurus_","Spinosaurus_.11"
"57","Suchomimus","Suchomimus.1"
"58","Suchomimus","Suchomimus.2"
"59","Suchomimus","Suchomimus.3"
"60","Baryonyx","Baryonyx.1"
"61","Baryonyx","Baryonyx.2"
"62","Baryonyx","Baryonyx.3"
 
* Phylo tree and the main data and strata files have been modified to include duplicated taxa before the scaled random trees are generated.
* Selected categorical labels column: diving.or.not
* diving.or.equal column is identical to Diving column.
* Regression excludes flying taxa.
* Diving labels that are present in regression: 0,2
* lambda (calculated from a random tree) = : 0.1
* index-name alignment check: OK
