Logfile for a session of program: bootstrap_binary.r
-----------------------------------------------------
INPUT:
workDir: C:/dino_nature/output/2023-11-07-D1\bs/set_1463
Nbootstrapsets: 2000
phyloFDAfile: c:/dino_nature/code/phylo.fda.R
auxFile: c:/dino_nature/code/auxiliary.r
boneType: femur
regressionData.file: C:/dino_nature/output/2023-11-07-D1\bs/set_1463/femur_set_1463.csv
applyDataFilter: FALSE
addTreeTips: TRUE
Ntrees: 100
calculateTrees: TRUE
saveTrees: FALSE


OPERATIONAL CHECKS:
* Regression data contains multiple copies of some taxa (user added variants of existing test taxa 
   or replacements due to bootstrap are present) which are not in the phylo tree:
     original taxon,   duplicate   
"1","Loxodonta_africana","Loxodonta_africana.1"
"2","Rhynchocyon_petersi","Rhynchocyon_petersi.1"
"3","Felis_felis","Felis_felis.1"
"4","Lama_guanicoe","Lama_guanicoe.1"
"5","Capreolus_capreolus","Capreolus_capreolus.1"
"6","Hemiechinus_azurites","Hemiechinus_azurites.1"
"7","Myrmecophaga_tridactyla","Myrmecophaga_tridactyla.1"
"8","Apteryx_australis","Apteryx_australis.1"
"9","Tenrec_ecaudatus","Tenrec_ecaudatus.1"
"10","Rhynchocyon_petersi","Rhynchocyon_petersi.2"
"11","Dasyurus_maculatus","Dasyurus_maculatus.1"
"12","Myrmecophaga_tridactyla","Myrmecophaga_tridactyla.2"
"13","Myrmecophaga_tridactyla","Myrmecophaga_tridactyla.3"
"14","Capreolus_capreolus","Capreolus_capreolus.2"
"15","Rhynchocyon_petersi","Rhynchocyon_petersi.3"
"16","Dama_dama","Dama_dama.1"
"17","Dama_dama","Dama_dama.2"
"18","Euroscaptor_micrura","Euroscaptor_micrura.1"
"19","Rattus_rattus","Rattus_rattus.1"
"20","Nyctereutes_procyonoides","Nyctereutes_procyonoides.1"
"21","Nothosaurus_mirabilis_1","Nothosaurus_mirabilis_1.1"
"22","Phocanella_pumila","Phocanella_pumila.1"
"23","Chapsosaurus_","Chapsosaurus_.1"
"24","Ichtyosaur_sp","Ichtyosaur_sp.1"
"25","Hydromys_chrysogaster","Hydromys_chrysogaster.1"
"26","Psephoderma","Psephoderma.1"
"27","Champsosaurus","Champsosaurus.1"
"28","Lutra_vulgaris","Lutra_vulgaris.1"
"29","Anarosaurus","Anarosaurus.1"
"30","Placodontia_indet_1","Placodontia_indet_1.1"
"31","Chapsosaurus_","Chapsosaurus_.2"
"32","Metryorhynchus","Metryorhynchus.1"
"33","Castor_fiber","Castor_fiber.1"
"34","Spheniscus","Spheniscus.1"
"35","Nothosaurus_mirabilis_1","Nothosaurus_mirabilis_1.2"
"36","Lutra_vulgaris","Lutra_vulgaris.2"
"37","Ichtyosaurus_","Ichtyosaurus_.1"
"38","Rodhocetus","Rodhocetus.1"
"39","Phalacrocorax_harrisi","Phalacrocorax_harrisi.1"
"40","Tapirus_terrestris","Tapirus_terrestris.1"
"41","Spinosaurus_","Spinosaurus_.1"
"42","Spinosaurus_","Spinosaurus_.2"
"43","Spinosaurus_","Spinosaurus_.3"
"44","Spinosaurus_","Spinosaurus_.4"
"45","Spinosaurus_","Spinosaurus_.5"
"46","Spinosaurus_","Spinosaurus_.6"
"47","Spinosaurus_","Spinosaurus_.7"
"48","Spinosaurus_","Spinosaurus_.8"
"49","Spinosaurus_","Spinosaurus_.9"
"50","Spinosaurus_","Spinosaurus_.10"
"51","Spinosaurus_","Spinosaurus_.11"
"52","Suchomimus","Suchomimus.1"
"53","Suchomimus","Suchomimus.2"
"54","Suchomimus","Suchomimus.3"
"55","Baryonyx","Baryonyx.1"
"56","Baryonyx","Baryonyx.2"
"57","Baryonyx","Baryonyx.3"
 
* Phylo tree and the main data and strata files have been modified to include duplicated taxa before the scaled random trees are generated.
* Selected categorical labels column: diving.or.not
* diving.or.equal column is identical to Diving column.
* Regression excludes flying taxa.
* Diving labels that are present in regression: 0,2
* lambda (calculated from a random tree) = : 0.11
* index-name alignment check: OK
