Logfile for a session of program: bootstrap_binary.r
-----------------------------------------------------
INPUT:
workDir: C:/dino_nature/output/2023-11-07-D1\bs/set_684
Nbootstrapsets: 2000
phyloFDAfile: c:/dino_nature/code/phylo.fda.R
auxFile: c:/dino_nature/code/auxiliary.r
boneType: femur
regressionData.file: C:/dino_nature/output/2023-11-07-D1\bs/set_684/femur_set_684.csv
applyDataFilter: FALSE
addTreeTips: TRUE
Ntrees: 100
calculateTrees: TRUE
saveTrees: FALSE


OPERATIONAL CHECKS:
* Regression data contains multiple copies of some taxa (user added variants of existing test taxa 
   or replacements due to bootstrap are present) which are not in the phylo tree:
     original taxon,   duplicate   
"1","Procyon_lotor","Procyon_lotor.1"
"2","Felis_felis","Felis_felis.1"
"3","Meles_meles","Meles_meles.1"
"4","Meles_meles","Meles_meles.2"
"5","Cephalophus_silvicultor","Cephalophus_silvicultor.1"
"6","Xenicus_giliventris","Xenicus_giliventris.1"
"7","Megaloceros_sp","Megaloceros_sp.1"
"8","Ceratotherium_simum","Ceratotherium_simum.1"
"9","Ceratotherium_simum","Ceratotherium_simum.2"
"10","Caloenas_nicobarica","Caloenas_nicobarica.1"
"11","Cephalophus_silvicultor","Cephalophus_silvicultor.2"
"12","Apteryx_australis","Apteryx_australis.1"
"13","Mammuthus_sp","Mammuthus_sp.1"
"14","Dama_dama","Dama_dama.1"
"15","Brachyodus_onoideum","Brachyodus_onoideum.1"
"16","Brachyodus_onoideum","Brachyodus_onoideum.2"
"17","Monodelphis_domestica","Monodelphis_domestica.1"
"18","Ceratotherium_simum","Ceratotherium_simum.3"
"19","Raphus","Raphus.1"
"20","Procyon_lotor","Procyon_lotor.2"
"21","Caloenas_nicobarica","Caloenas_nicobarica.2"
"22","Brachyodus_onoideum","Brachyodus_onoideum.3"
"23","Paguma_larvata","Paguma_larvata.1"
"24","Placodontia_indet_1","Placodontia_indet_1.1"
"25","Phocanella_pumila","Phocanella_pumila.1"
"26","Otaria_byronia","Otaria_byronia.1"
"27","Palaeospheniscus","Palaeospheniscus.1"
"28","Callophoca_obscura","Callophoca_obscura.1"
"29","Nothosaurus_giganteus","Nothosaurus_giganteus.1"
"30","Palaeospheniscus","Palaeospheniscus.2"
"31","Basilosaurus","Basilosaurus.1"
"32","Pistosaurus","Pistosaurus.1"
"33","Otaria_byronia","Otaria_byronia.2"
"34","Nothosaurus_150","Nothosaurus_150.1"
"35","Hippopotamus_amphibius","Hippopotamus_amphibius.1"
"36","Hydromys_chrysogaster","Hydromys_chrysogaster.1"
"37","Nothosaurus_150","Nothosaurus_150.2"
"38","Hippopotamus_amphibius","Hippopotamus_amphibius.2"
"39","Basilosaurus","Basilosaurus.2"
"40","Serpianosaurus","Serpianosaurus.1"
"41","Ichtyosaur_sp","Ichtyosaur_sp.1"
"42","Protochampsidae","Protochampsidae.1"
"43","Ornithorhynchus_anatinus","Ornithorhynchus_anatinus.1"
"44","Micropotamogale_euwenzorii","Micropotamogale_euwenzorii.1"
"45","Placodontia_indet_1","Placodontia_indet_1.2"
"46","Spinosaurus_","Spinosaurus_.1"
"47","Spinosaurus_","Spinosaurus_.2"
"48","Spinosaurus_","Spinosaurus_.3"
"49","Spinosaurus_","Spinosaurus_.4"
"50","Spinosaurus_","Spinosaurus_.5"
"51","Spinosaurus_","Spinosaurus_.6"
"52","Spinosaurus_","Spinosaurus_.7"
"53","Spinosaurus_","Spinosaurus_.8"
"54","Spinosaurus_","Spinosaurus_.9"
"55","Spinosaurus_","Spinosaurus_.10"
"56","Spinosaurus_","Spinosaurus_.11"
"57","Suchomimus","Suchomimus.1"
"58","Suchomimus","Suchomimus.2"
"59","Suchomimus","Suchomimus.3"
"60","Baryonyx","Baryonyx.1"
"61","Baryonyx","Baryonyx.2"
"62","Baryonyx","Baryonyx.3"
 
* Phylo tree and the main data and strata files have been modified to include duplicated taxa before the scaled random trees are generated.
* Selected categorical labels column: diving.or.not
* diving.or.equal column is identical to Diving column.
* Regression excludes flying taxa.
* Diving labels that are present in regression: 0,2
* lambda (calculated from a random tree) = : 0.1
* index-name alignment check: OK
