Logfile for a session of program: bootstrap_binary.r
-----------------------------------------------------
INPUT:
workDir: C:/dino_nature/output/2023-11-07-D1\bs/set_134
Nbootstrapsets: 2000
phyloFDAfile: c:/dino_nature/code/phylo.fda.R
auxFile: c:/dino_nature/code/auxiliary.r
boneType: femur
regressionData.file: C:/dino_nature/output/2023-11-07-D1\bs/set_134/femur_set_134.csv
applyDataFilter: FALSE
addTreeTips: TRUE
Ntrees: 100
calculateTrees: TRUE
saveTrees: FALSE


OPERATIONAL CHECKS:
* Regression data contains multiple copies of some taxa (user added variants of existing test taxa 
   or replacements due to bootstrap are present) which are not in the phylo tree:
     original taxon,   duplicate   
"1","Mus_musculus","Mus_musculus.1"
"2","Atlantisia_rogersi","Atlantisia_rogersi.1"
"3","Rhinoceros_sondaicus","Rhinoceros_sondaicus.1"
"4","Uncia_uncia","Uncia_uncia.1"
"5","Atlantisia_rogersi","Atlantisia_rogersi.2"
"6","Sphenodon_punctatus","Sphenodon_punctatus.1"
"7","Sphenodon_punctatus","Sphenodon_punctatus.2"
"8","Rattus_rattus","Rattus_rattus.1"
"9","Rhynchocyon_petersi","Rhynchocyon_petersi.1"
"10","Nyctereutes_procyonoides","Nyctereutes_procyonoides.1"
"11","Ceratotherium_simum","Ceratotherium_simum.1"
"12","Alces_americanus","Alces_americanus.1"
"13","Dasyurus_maculatus","Dasyurus_maculatus.1"
"14","Apteryx_owenii_","Apteryx_owenii_.1"
"15","Procyon_lotor","Procyon_lotor.1"
"16","Dasyurus_maculatus","Dasyurus_maculatus.2"
"17","Placodontia_indet_1","Placodontia_indet_1.1"
"18","Desmana_moschata","Desmana_moschata.1"
"19","Noemys_fodies","Noemys_fodies.1"
"20","Desmana_moschata","Desmana_moschata.2"
"21","Hexaprotodon_garyam","Hexaprotodon_garyam.1"
"22","Noemys_fodies","Noemys_fodies.2"
"23","Phocanella_pumila","Phocanella_pumila.1"
"24","Psephoderma","Psephoderma.1"
"25","Desmana_moschata","Desmana_moschata.3"
"26","Dyrosaurid","Dyrosaurid.1"
"27","Nothosaurus_568","Nothosaurus_568.1"
"28","Noemys_fodies","Noemys_fodies.3"
"29","Placodontia_indet_1","Placodontia_indet_1.2"
"30","Paraplacodus","Paraplacodus.1"
"31","Phalacrocorax_harrisi","Phalacrocorax_harrisi.1"
"32","Metryorhynchus","Metryorhynchus.1"
"33","Basilosaurus","Basilosaurus.1"
"34","Metryorhynchus","Metryorhynchus.2"
"35","Desmostylus_hesperus","Desmostylus_hesperus.1"
"36","Spinosaurus_","Spinosaurus_.1"
"37","Spinosaurus_","Spinosaurus_.2"
"38","Spinosaurus_","Spinosaurus_.3"
"39","Spinosaurus_","Spinosaurus_.4"
"40","Spinosaurus_","Spinosaurus_.5"
"41","Spinosaurus_","Spinosaurus_.6"
"42","Spinosaurus_","Spinosaurus_.7"
"43","Spinosaurus_","Spinosaurus_.8"
"44","Spinosaurus_","Spinosaurus_.9"
"45","Spinosaurus_","Spinosaurus_.10"
"46","Spinosaurus_","Spinosaurus_.11"
"47","Suchomimus","Suchomimus.1"
"48","Suchomimus","Suchomimus.2"
"49","Suchomimus","Suchomimus.3"
"50","Baryonyx","Baryonyx.1"
"51","Baryonyx","Baryonyx.2"
"52","Baryonyx","Baryonyx.3"
 
* Phylo tree and the main data and strata files have been modified to include duplicated taxa before the scaled random trees are generated.
* Selected categorical labels column: diving.or.not
* diving.or.equal column is identical to Diving column.
* Regression excludes flying taxa.
* Diving labels that are present in regression: 0,2
* lambda (calculated from a random tree) = : 0.08
* index-name alignment check: OK
