Logfile for a session of program: bootstrap_binary.r
-----------------------------------------------------
INPUT:
workDir: C:/dino_nature/output/2023-11-07-D1\bs/set_933
Nbootstrapsets: 2000
phyloFDAfile: c:/dino_nature/code/phylo.fda.R
auxFile: c:/dino_nature/code/auxiliary.r
boneType: femur
regressionData.file: C:/dino_nature/output/2023-11-07-D1\bs/set_933/femur_set_933.csv
applyDataFilter: FALSE
addTreeTips: TRUE
Ntrees: 100
calculateTrees: TRUE
saveTrees: FALSE


OPERATIONAL CHECKS:
* Regression data contains multiple copies of some taxa (user added variants of existing test taxa 
   or replacements due to bootstrap are present) which are not in the phylo tree:
     original taxon,   duplicate   
"1","Caloenas_nicobarica","Caloenas_nicobarica.1"
"2","Diplomesodon_pulchellum","Diplomesodon_pulchellum.1"
"3","Microgale_thomasi","Microgale_thomasi.1"
"4","Tamandua_tetradactyla","Tamandua_tetradactyla.1"
"5","Capreolus_capreolus","Capreolus_capreolus.1"
"6","Apteryx_owenii_","Apteryx_owenii_.1"
"7","Alces_americanus","Alces_americanus.1"
"8","Dicerorhinus_sumatrensis","Dicerorhinus_sumatrensis.1"
"9","Lama_guanicoe","Lama_guanicoe.1"
"10","Lama_guanicoe","Lama_guanicoe.2"
"11","Diplomesodon_pulchellum","Diplomesodon_pulchellum.2"
"12","Xenicus_giliventris","Xenicus_giliventris.1"
"13","Tamandua_tetradactyla","Tamandua_tetradactyla.2"
"14","Raphus","Raphus.1"
"15","Tamandua_tetradactyla","Tamandua_tetradactyla.3"
"16","Porphyrio_hochstetteri","Porphyrio_hochstetteri.1"
"17","Sus_scrofa","Sus_scrofa.1"
"18","Raphus","Raphus.2"
"19","Brachyodus_onoideum","Brachyodus_onoideum.1"
"20","Taxidea_taxus","Taxidea_taxus.1"
"21","Brachyodus_onoideum","Brachyodus_onoideum.2"
"22","Cephalophus_silvicultor","Cephalophus_silvicultor.1"
"23","Vulpes_vulpes","Vulpes_vulpes.1"
"24","Alces_americanus","Alces_americanus.2"
"25","Palaeospheniscus","Palaeospheniscus.1"
"26","Nanophoca_vitulinoides","Nanophoca_vitulinoides.1"
"27","Remingtonocetus","Remingtonocetus.1"
"28","Nothosaurus_giganteus","Nothosaurus_giganteus.1"
"29","Rodhocetus","Rodhocetus.1"
"30","Hesperornis","Hesperornis.1"
"31","Desmostylus_hesperus","Desmostylus_hesperus.1"
"32","Neusticosaurus","Neusticosaurus.1"
"33","Small_Eocene_penguin","Small_Eocene_penguin.1"
"34","Simosaurus","Simosaurus.1"
"35","Nothosaurus_giganteus","Nothosaurus_giganteus.2"
"36","Rodhocetus","Rodhocetus.2"
"37","Alligator","Alligator.1"
"38","Cricosaurus","Cricosaurus.1"
"39","Hippopotamus_amphibius","Hippopotamus_amphibius.1"
"40","Desmostylus_hesperus","Desmostylus_hesperus.2"
"41","Palaeospheniscus","Palaeospheniscus.2"
"42","Neusticosaurus","Neusticosaurus.2"
"43","Spinosaurus_","Spinosaurus_.1"
"44","Spinosaurus_","Spinosaurus_.2"
"45","Spinosaurus_","Spinosaurus_.3"
"46","Spinosaurus_","Spinosaurus_.4"
"47","Spinosaurus_","Spinosaurus_.5"
"48","Spinosaurus_","Spinosaurus_.6"
"49","Spinosaurus_","Spinosaurus_.7"
"50","Spinosaurus_","Spinosaurus_.8"
"51","Spinosaurus_","Spinosaurus_.9"
"52","Spinosaurus_","Spinosaurus_.10"
"53","Spinosaurus_","Spinosaurus_.11"
"54","Suchomimus","Suchomimus.1"
"55","Suchomimus","Suchomimus.2"
"56","Suchomimus","Suchomimus.3"
"57","Baryonyx","Baryonyx.1"
"58","Baryonyx","Baryonyx.2"
"59","Baryonyx","Baryonyx.3"
 
* Phylo tree and the main data and strata files have been modified to include duplicated taxa before the scaled random trees are generated.
* Selected categorical labels column: diving.or.not
* diving.or.equal column is identical to Diving column.
* Regression excludes flying taxa.
* Diving labels that are present in regression: 0,2
* lambda (calculated from a random tree) = : 0.09
* index-name alignment check: OK
