Logfile for a session of program: bootstrap_binary.r
-----------------------------------------------------
INPUT:
workDir: C:/dino_nature/output/2023-11-07-D1\bs/set_97
Nbootstrapsets: 2000
phyloFDAfile: c:/dino_nature/code/phylo.fda.R
auxFile: c:/dino_nature/code/auxiliary.r
boneType: femur
regressionData.file: C:/dino_nature/output/2023-11-07-D1\bs/set_97/femur_set_97.csv
applyDataFilter: FALSE
addTreeTips: TRUE
Ntrees: 100
calculateTrees: TRUE
saveTrees: FALSE


OPERATIONAL CHECKS:
* Regression data contains multiple copies of some taxa (user added variants of existing test taxa 
   or replacements due to bootstrap are present) which are not in the phylo tree:
     original taxon,   duplicate   
"1","Porphyrio_hochstetteri","Porphyrio_hochstetteri.1"
"2","Procavia_capensis","Procavia_capensis.1"
"3","Elomeryx_borbonicus_","Elomeryx_borbonicus_.1"
"4","Hemiechinus_azurites","Hemiechinus_azurites.1"
"5","Procyon_lotor","Procyon_lotor.1"
"6","Apteryx_owenii_","Apteryx_owenii_.1"
"7","Raphus","Raphus.1"
"8","Vulpes_vulpes","Vulpes_vulpes.1"
"9","Porphyrio_hochstetteri","Porphyrio_hochstetteri.2"
"10","Dicerorhinus_sumatrensis","Dicerorhinus_sumatrensis.1"
"11","Rupicapra_rupicapra","Rupicapra_rupicapra.1"
"12","Okapia_johnstoni","Okapia_johnstoni.1"
"13","Euroscaptor_micrura","Euroscaptor_micrura.1"
"14","Alces_americanus","Alces_americanus.1"
"15","Elephas_maximus","Elephas_maximus.1"
"16","Megaloceros_sp","Megaloceros_sp.1"
"17","Phalacrocorax_harrisi","Phalacrocorax_harrisi.1"
"18","Nothosaurus_102","Nothosaurus_102.1"
"19","Champsosaurus","Champsosaurus.1"
"20","Anarosaurus","Anarosaurus.1"
"21","Rodhocetus","Rodhocetus.1"
"22","Rodhocetus","Rodhocetus.2"
"23","Ornithorhynchus_anatinus","Ornithorhynchus_anatinus.1"
"24","Simosaurus","Simosaurus.1"
"25","Placondontia_indet","Placondontia_indet.1"
"26","Hippopotamus_amphibius","Hippopotamus_amphibius.1"
"27","Callophoca_obscura","Callophoca_obscura.1"
"28","Placondontia_indet","Placondontia_indet.2"
"29","Champsosaurus","Champsosaurus.2"
"30","Lutra_vulgaris","Lutra_vulgaris.1"
"31","Hesperornis","Hesperornis.1"
"32","Ornithorhynchus_anatinus","Ornithorhynchus_anatinus.2"
"33","Spinosaurus_","Spinosaurus_.1"
"34","Spinosaurus_","Spinosaurus_.2"
"35","Spinosaurus_","Spinosaurus_.3"
"36","Spinosaurus_","Spinosaurus_.4"
"37","Spinosaurus_","Spinosaurus_.5"
"38","Spinosaurus_","Spinosaurus_.6"
"39","Spinosaurus_","Spinosaurus_.7"
"40","Spinosaurus_","Spinosaurus_.8"
"41","Spinosaurus_","Spinosaurus_.9"
"42","Spinosaurus_","Spinosaurus_.10"
"43","Spinosaurus_","Spinosaurus_.11"
"44","Suchomimus","Suchomimus.1"
"45","Suchomimus","Suchomimus.2"
"46","Suchomimus","Suchomimus.3"
"47","Baryonyx","Baryonyx.1"
"48","Baryonyx","Baryonyx.2"
"49","Baryonyx","Baryonyx.3"
 
* Phylo tree and the main data and strata files have been modified to include duplicated taxa before the scaled random trees are generated.
* Selected categorical labels column: diving.or.not
* diving.or.equal column is identical to Diving column.
* Regression excludes flying taxa.
* Diving labels that are present in regression: 0,2
* lambda (calculated from a random tree) = : 0.07
* index-name alignment check: OK
