Logfile for a session of program: bootstrap_binary.r
-----------------------------------------------------
INPUT:
workDir: C:/dino_nature/output/2023-11-07-D1\bs/set_268
Nbootstrapsets: 2000
phyloFDAfile: c:/dino_nature/code/phylo.fda.R
auxFile: c:/dino_nature/code/auxiliary.r
boneType: femur
regressionData.file: C:/dino_nature/output/2023-11-07-D1\bs/set_268/femur_set_268.csv
applyDataFilter: FALSE
addTreeTips: TRUE
Ntrees: 100
calculateTrees: TRUE
saveTrees: FALSE


OPERATIONAL CHECKS:
* Regression data contains multiple copies of some taxa (user added variants of existing test taxa 
   or replacements due to bootstrap are present) which are not in the phylo tree:
     original taxon,   duplicate   
"1","Strigiops_habroptilus","Strigiops_habroptilus.1"
"2","Meles_meles","Meles_meles.1"
"3","Lacerta_viridis","Lacerta_viridis.1"
"4","Elephas_maximus","Elephas_maximus.1"
"5","Rattus_rattus","Rattus_rattus.1"
"6","Bos_taurus","Bos_taurus.1"
"7","Brachyodus_onoideum","Brachyodus_onoideum.1"
"8","Elephas_maximus","Elephas_maximus.2"
"9","Meles_meles","Meles_meles.2"
"10","Rhinoceros_sondaicus","Rhinoceros_sondaicus.1"
"11","Elephas_maximus","Elephas_maximus.3"
"12","Rhynchocyon_petersi","Rhynchocyon_petersi.1"
"13","Meles_meles","Meles_meles.3"
"14","Tribonyx_mortieri","Tribonyx_mortieri.1"
"15","Giraffa_camelopardalis","Giraffa_camelopardalis.1"
"16","Meles_meles","Meles_meles.4"
"17","Lacerta_viridis","Lacerta_viridis.2"
"18","Mus_musculus","Mus_musculus.1"
"19","Elephas_maximus","Elephas_maximus.4"
"20","Bison_bonasus","Bison_bonasus.1"
"21","Ceratotherium_simum","Ceratotherium_simum.1"
"22","Metryorhynchus","Metryorhynchus.1"
"23","Leptophoca_proxima","Leptophoca_proxima.1"
"24","Psephoderma","Psephoderma.1"
"25","Paraplacodus","Paraplacodus.1"
"26","Aptenodytes______","Aptenodytes______.1"
"27","Micropotamogale_euwenzorii","Micropotamogale_euwenzorii.1"
"28","Choeropsis_liberiensis","Choeropsis_liberiensis.1"
"29","Lutra_vulgaris","Lutra_vulgaris.1"
"30","Noemys_fodies","Noemys_fodies.1"
"31","Simosaurus_1","Simosaurus_1.1"
"32","Nothosaurus_mirabilis","Nothosaurus_mirabilis.1"
"33","Aptenodytes______","Aptenodytes______.2"
"34","Ornithorhynchus_anatinus","Ornithorhynchus_anatinus.1"
"35","Palaeospheniscus","Palaeospheniscus.1"
"36","Paraplacodus","Paraplacodus.2"
"37","Nothosaurus_mirabilis_1","Nothosaurus_mirabilis_1.1"
"38","Metryorhynchus","Metryorhynchus.2"
"39","Spinosaurus_","Spinosaurus_.1"
"40","Spinosaurus_","Spinosaurus_.2"
"41","Spinosaurus_","Spinosaurus_.3"
"42","Spinosaurus_","Spinosaurus_.4"
"43","Spinosaurus_","Spinosaurus_.5"
"44","Spinosaurus_","Spinosaurus_.6"
"45","Spinosaurus_","Spinosaurus_.7"
"46","Spinosaurus_","Spinosaurus_.8"
"47","Spinosaurus_","Spinosaurus_.9"
"48","Spinosaurus_","Spinosaurus_.10"
"49","Spinosaurus_","Spinosaurus_.11"
"50","Suchomimus","Suchomimus.1"
"51","Suchomimus","Suchomimus.2"
"52","Suchomimus","Suchomimus.3"
"53","Baryonyx","Baryonyx.1"
"54","Baryonyx","Baryonyx.2"
"55","Baryonyx","Baryonyx.3"
 
* Phylo tree and the main data and strata files have been modified to include duplicated taxa before the scaled random trees are generated.
* Selected categorical labels column: diving.or.not
* diving.or.equal column is identical to Diving column.
* Regression excludes flying taxa.
* Diving labels that are present in regression: 0,2
* lambda (calculated from a random tree) = : 0.09
* index-name alignment check: OK
