Logfile for a session of program: bootstrap_binary.r
-----------------------------------------------------
INPUT:
workDir: C:/dino_nature/output/2023-11-07-D1\bs/set_1735
Nbootstrapsets: 2000
phyloFDAfile: c:/dino_nature/code/phylo.fda.R
auxFile: c:/dino_nature/code/auxiliary.r
boneType: femur
regressionData.file: C:/dino_nature/output/2023-11-07-D1\bs/set_1735/femur_set_1735.csv
applyDataFilter: FALSE
addTreeTips: TRUE
Ntrees: 100
calculateTrees: TRUE
saveTrees: FALSE


OPERATIONAL CHECKS:
* Regression data contains multiple copies of some taxa (user added variants of existing test taxa 
   or replacements due to bootstrap are present) which are not in the phylo tree:
     original taxon,   duplicate   
"1","Syncerus_caffer","Syncerus_caffer.1"
"2","Porphyrio_hochstetteri","Porphyrio_hochstetteri.1"
"3","Myrmecophaga_tridactyla","Myrmecophaga_tridactyla.1"
"4","Mustela_nivalis","Mustela_nivalis.1"
"5","Dama_dama","Dama_dama.1"
"6","Cephalophus_silvicultor","Cephalophus_silvicultor.1"
"7","Bos_taurus","Bos_taurus.1"
"8","Taxidea_taxus","Taxidea_taxus.1"
"9","Paguma_larvata","Paguma_larvata.1"
"10","Lama_guanicoe","Lama_guanicoe.1"
"11","Taxidea_taxus","Taxidea_taxus.2"
"12","Paguma_larvata","Paguma_larvata.2"
"13","Monodelphis_domestica","Monodelphis_domestica.1"
"14","Rhynchocyon_petersi","Rhynchocyon_petersi.1"
"15","Uncia_uncia","Uncia_uncia.1"
"16","Xenicus_giliventris","Xenicus_giliventris.1"
"17","Mammuthus_sp","Mammuthus_sp.1"
"18","Syncerus_caffer","Syncerus_caffer.2"
"19","Nyctereutes_procyonoides","Nyctereutes_procyonoides.1"
"20","Monodelphis_domestica","Monodelphis_domestica.2"
"21","Dicerorhinus_sumatrensis","Dicerorhinus_sumatrensis.1"
"22","Small_Eocene_penguin","Small_Eocene_penguin.1"
"23","Metryorhynchus","Metryorhynchus.1"
"24","Nothosaurus_568","Nothosaurus_568.1"
"25","Maiacetus","Maiacetus.1"
"26","Anarosaurus","Anarosaurus.1"
"27","Metryorhynchus","Metryorhynchus.2"
"28","Placondontia_indet","Placondontia_indet.1"
"29","Metryorhynchus","Metryorhynchus.3"
"30","Nothosaurus_giganteus","Nothosaurus_giganteus.1"
"31","Metryorhynchus","Metryorhynchus.4"
"32","Hesperornis","Hesperornis.1"
"33","Spheniscus","Spheniscus.1"
"34","Nothosaurus_102","Nothosaurus_102.1"
"35","Otaria_byronia","Otaria_byronia.1"
"36","Nanophoca_vitulinoides","Nanophoca_vitulinoides.1"
"37","Protochampsidae","Protochampsidae.1"
"38","Desmana_moschata","Desmana_moschata.1"
"39","Hesperornis","Hesperornis.2"
"40","Lutra_vulgaris","Lutra_vulgaris.1"
"41","Lutra_vulgaris","Lutra_vulgaris.2"
"42","Micropotamogale_euwenzorii","Micropotamogale_euwenzorii.1"
"43","Simosaurus_1","Simosaurus_1.1"
"44","Spheniscus","Spheniscus.2"
"45","Spinosaurus_","Spinosaurus_.1"
"46","Spinosaurus_","Spinosaurus_.2"
"47","Spinosaurus_","Spinosaurus_.3"
"48","Spinosaurus_","Spinosaurus_.4"
"49","Spinosaurus_","Spinosaurus_.5"
"50","Spinosaurus_","Spinosaurus_.6"
"51","Spinosaurus_","Spinosaurus_.7"
"52","Spinosaurus_","Spinosaurus_.8"
"53","Spinosaurus_","Spinosaurus_.9"
"54","Spinosaurus_","Spinosaurus_.10"
"55","Spinosaurus_","Spinosaurus_.11"
"56","Suchomimus","Suchomimus.1"
"57","Suchomimus","Suchomimus.2"
"58","Suchomimus","Suchomimus.3"
"59","Baryonyx","Baryonyx.1"
"60","Baryonyx","Baryonyx.2"
"61","Baryonyx","Baryonyx.3"
 
* Phylo tree and the main data and strata files have been modified to include duplicated taxa before the scaled random trees are generated.
* Selected categorical labels column: diving.or.not
* diving.or.equal column is identical to Diving column.
* Regression excludes flying taxa.
* Diving labels that are present in regression: 0,2
* lambda (calculated from a random tree) = : 0.13
* index-name alignment check: OK
