Logfile for a session of program: bootstrap_binary.r
-----------------------------------------------------
INPUT:
workDir: C:/dino_nature/output/2023-11-07-D1\bs/set_1058
Nbootstrapsets: 2000
phyloFDAfile: c:/dino_nature/code/phylo.fda.R
auxFile: c:/dino_nature/code/auxiliary.r
boneType: femur
regressionData.file: C:/dino_nature/output/2023-11-07-D1\bs/set_1058/femur_set_1058.csv
applyDataFilter: FALSE
addTreeTips: TRUE
Ntrees: 100
calculateTrees: TRUE
saveTrees: FALSE


OPERATIONAL CHECKS:
* Regression data contains multiple copies of some taxa (user added variants of existing test taxa 
   or replacements due to bootstrap are present) which are not in the phylo tree:
     original taxon,   duplicate   
"1","Okapia_johnstoni","Okapia_johnstoni.1"
"2","Dromaius_","Dromaius_.1"
"3","Dromaius_","Dromaius_.2"
"4","Tenrec_ecaudatus","Tenrec_ecaudatus.1"
"5","Rangifer_tarandus","Rangifer_tarandus.1"
"6","Rangifer_tarandus","Rangifer_tarandus.2"
"7","Tenrec_ecaudatus","Tenrec_ecaudatus.2"
"8","Uncia_uncia","Uncia_uncia.1"
"9","Rattus_rattus","Rattus_rattus.1"
"10","Loxodonta_africana","Loxodonta_africana.1"
"11","Rattus_rattus","Rattus_rattus.2"
"12","Rattus_rattus","Rattus_rattus.3"
"13","Brachyodus_onoideum","Brachyodus_onoideum.1"
"14","Atlantisia_rogersi","Atlantisia_rogersi.1"
"15","Giraffa_camelopardalis","Giraffa_camelopardalis.1"
"16","Atlantisia_rogersi","Atlantisia_rogersi.2"
"17","Xenicus_giliventris","Xenicus_giliventris.1"
"18","Tamandua_tetradactyla","Tamandua_tetradactyla.1"
"19","Rynochetus_jubatus","Rynochetus_jubatus.1"
"20","Porphyrio_hochstetteri","Porphyrio_hochstetteri.1"
"21","Giraffa_camelopardalis","Giraffa_camelopardalis.2"
"22","Champsosaurus","Champsosaurus.1"
"23","Otaria_byronia","Otaria_byronia.1"
"24","Spheniscus","Spheniscus.1"
"25","Phalacrocorax_harrisi","Phalacrocorax_harrisi.1"
"26","Plesiosaurus","Plesiosaurus.1"
"27","Caiman_yacare","Caiman_yacare.1"
"28","Caiman_yacare","Caiman_yacare.2"
"29","Phalacrocorax_harrisi","Phalacrocorax_harrisi.2"
"30","Spheniscus","Spheniscus.2"
"31","Placodontia_indet_1","Placodontia_indet_1.1"
"32","Paraplacodus","Paraplacodus.1"
"33","Desmostylus_hesperus","Desmostylus_hesperus.1"
"34","Micropotamogale_euwenzorii","Micropotamogale_euwenzorii.1"
"35","Hydromys_chrysogaster","Hydromys_chrysogaster.1"
"36","Hippopotamus_amphibius","Hippopotamus_amphibius.1"
"37","Dyrosaurid","Dyrosaurid.1"
"38","Aptenodytes______","Aptenodytes______.1"
"39","Chapsosaurus_","Chapsosaurus_.1"
"40","Phalacrocorax_harrisi","Phalacrocorax_harrisi.3"
"41","Indohyus","Indohyus.1"
"42","Chironectes_minimus","Chironectes_minimus.1"
"43","Hesperornis","Hesperornis.1"
"44","Spinosaurus_","Spinosaurus_.1"
"45","Spinosaurus_","Spinosaurus_.2"
"46","Spinosaurus_","Spinosaurus_.3"
"47","Spinosaurus_","Spinosaurus_.4"
"48","Spinosaurus_","Spinosaurus_.5"
"49","Spinosaurus_","Spinosaurus_.6"
"50","Spinosaurus_","Spinosaurus_.7"
"51","Spinosaurus_","Spinosaurus_.8"
"52","Spinosaurus_","Spinosaurus_.9"
"53","Spinosaurus_","Spinosaurus_.10"
"54","Spinosaurus_","Spinosaurus_.11"
"55","Suchomimus","Suchomimus.1"
"56","Suchomimus","Suchomimus.2"
"57","Suchomimus","Suchomimus.3"
"58","Baryonyx","Baryonyx.1"
"59","Baryonyx","Baryonyx.2"
"60","Baryonyx","Baryonyx.3"
 
* Phylo tree and the main data and strata files have been modified to include duplicated taxa before the scaled random trees are generated.
* Selected categorical labels column: diving.or.not
* diving.or.equal column is identical to Diving column.
* Regression excludes flying taxa.
* Diving labels that are present in regression: 0,2
* lambda (calculated from a random tree) = : 0.07
* index-name alignment check: OK
