Logfile for a session of program: bootstrap_binary.r
-----------------------------------------------------
INPUT:
workDir: C:/dino_nature/output/2023-11-07-D1\bs/set_1744
Nbootstrapsets: 2000
phyloFDAfile: c:/dino_nature/code/phylo.fda.R
auxFile: c:/dino_nature/code/auxiliary.r
boneType: femur
regressionData.file: C:/dino_nature/output/2023-11-07-D1\bs/set_1744/femur_set_1744.csv
applyDataFilter: FALSE
addTreeTips: TRUE
Ntrees: 100
calculateTrees: TRUE
saveTrees: FALSE


OPERATIONAL CHECKS:
* Regression data contains multiple copies of some taxa (user added variants of existing test taxa 
   or replacements due to bootstrap are present) which are not in the phylo tree:
     original taxon,   duplicate   
"1","Caloenas_nicobarica","Caloenas_nicobarica.1"
"2","Dromaius_","Dromaius_.1"
"3","Microgale_thomasi","Microgale_thomasi.1"
"4","Brachyodus_onoideum","Brachyodus_onoideum.1"
"5","Elomeryx_borbonicus_","Elomeryx_borbonicus_.1"
"6","Mammuthus_sp","Mammuthus_sp.1"
"7","Porphyrio_hochstetteri","Porphyrio_hochstetteri.1"
"8","Pogona_viceps","Pogona_viceps.1"
"9","Euroscaptor_micrura","Euroscaptor_micrura.1"
"10","Sphenodon_punctatus","Sphenodon_punctatus.1"
"11","Felis_felis","Felis_felis.1"
"12","Rhynchocyon_petersi","Rhynchocyon_petersi.1"
"13","Tamandua_tetradactyla","Tamandua_tetradactyla.1"
"14","Dromaius_","Dromaius_.2"
"15","Brachyodus_onoideum","Brachyodus_onoideum.2"
"16","Pogona_viceps","Pogona_viceps.2"
"17","Capreolus_capreolus","Capreolus_capreolus.1"
"18","Rhynchocyon_petersi","Rhynchocyon_petersi.2"
"19","Euroscaptor_micrura","Euroscaptor_micrura.2"
"20","Caloenas_nicobarica","Caloenas_nicobarica.2"
"21","Apteryx_australis","Apteryx_australis.1"
"22","Elomeryx_borbonicus_","Elomeryx_borbonicus_.2"
"23","Alligator","Alligator.1"
"24","Ornithorhynchus_anatinus","Ornithorhynchus_anatinus.1"
"25","Maiacetus","Maiacetus.1"
"26","Choeropsis_liberiensis","Choeropsis_liberiensis.1"
"27","Nothosaurus_568","Nothosaurus_568.1"
"28","Choeropsis_liberiensis","Choeropsis_liberiensis.2"
"29","Desmostylus_hesperus","Desmostylus_hesperus.1"
"30","Nothosaurus_giganteus","Nothosaurus_giganteus.1"
"31","Cricosaurus","Cricosaurus.1"
"32","Nothosaurus_giganteus","Nothosaurus_giganteus.2"
"33","Cryptoclidus","Cryptoclidus.1"
"34","Simosaurus","Simosaurus.1"
"35","Simosaurus_1","Simosaurus_1.1"
"36","Simosaurus","Simosaurus.2"
"37","Placondontia_indet","Placondontia_indet.1"
"38","Cricosaurus","Cricosaurus.2"
"39","Tapirus_terrestris","Tapirus_terrestris.1"
"40","Basilosaurus","Basilosaurus.1"
"41","Champsosaurus","Champsosaurus.1"
"42","Palaeospheniscus","Palaeospheniscus.1"
"43","Nothosaurus_mirabilis","Nothosaurus_mirabilis.1"
"44","Spinosaurus_","Spinosaurus_.1"
"45","Spinosaurus_","Spinosaurus_.2"
"46","Spinosaurus_","Spinosaurus_.3"
"47","Spinosaurus_","Spinosaurus_.4"
"48","Spinosaurus_","Spinosaurus_.5"
"49","Spinosaurus_","Spinosaurus_.6"
"50","Spinosaurus_","Spinosaurus_.7"
"51","Spinosaurus_","Spinosaurus_.8"
"52","Spinosaurus_","Spinosaurus_.9"
"53","Spinosaurus_","Spinosaurus_.10"
"54","Spinosaurus_","Spinosaurus_.11"
"55","Suchomimus","Suchomimus.1"
"56","Suchomimus","Suchomimus.2"
"57","Suchomimus","Suchomimus.3"
"58","Baryonyx","Baryonyx.1"
"59","Baryonyx","Baryonyx.2"
"60","Baryonyx","Baryonyx.3"
 
* Phylo tree and the main data and strata files have been modified to include duplicated taxa before the scaled random trees are generated.
* Selected categorical labels column: diving.or.not
* diving.or.equal column is identical to Diving column.
* Regression excludes flying taxa.
* Diving labels that are present in regression: 0,2
* lambda (calculated from a random tree) = : 0.08
* index-name alignment check: OK
