Logfile for a session of program: bootstrap_binary.r
-----------------------------------------------------
INPUT:
workDir: C:/dino_nature/output/2023-11-07-D1\bs/set_157
Nbootstrapsets: 2000
phyloFDAfile: c:/dino_nature/code/phylo.fda.R
auxFile: c:/dino_nature/code/auxiliary.r
boneType: femur
regressionData.file: C:/dino_nature/output/2023-11-07-D1\bs/set_157/femur_set_157.csv
applyDataFilter: FALSE
addTreeTips: TRUE
Ntrees: 100
calculateTrees: TRUE
saveTrees: FALSE


OPERATIONAL CHECKS:
* Regression data contains multiple copies of some taxa (user added variants of existing test taxa 
   or replacements due to bootstrap are present) which are not in the phylo tree:
     original taxon,   duplicate   
"1","Pogona_viceps","Pogona_viceps.1"
"2","Apteryx_australis","Apteryx_australis.1"
"3","Taxidea_taxus","Taxidea_taxus.1"
"4","Caloenas_nicobarica","Caloenas_nicobarica.1"
"5","Capreolus_capreolus","Capreolus_capreolus.1"
"6","Porphyrio_hochstetteri","Porphyrio_hochstetteri.1"
"7","Euroscaptor_micrura","Euroscaptor_micrura.1"
"8","Sus_scrofa","Sus_scrofa.1"
"9","Caloenas_nicobarica","Caloenas_nicobarica.2"
"10","Taxidea_taxus","Taxidea_taxus.2"
"11","Tribonyx_mortieri","Tribonyx_mortieri.1"
"12","Rangifer_tarandus","Rangifer_tarandus.1"
"13","Diplomesodon_pulchellum","Diplomesodon_pulchellum.1"
"14","Pogona_viceps","Pogona_viceps.2"
"15","Tamandua_tetradactyla","Tamandua_tetradactyla.1"
"16","Tamandua_tetradactyla","Tamandua_tetradactyla.2"
"17","Cricosaurus","Cricosaurus.1"
"18","Plesiosaurus","Plesiosaurus.1"
"19","Cricosaurus","Cricosaurus.2"
"20","Desmana_moschata","Desmana_moschata.1"
"21","Psephoderma","Psephoderma.1"
"22","Neusticosaurus","Neusticosaurus.1"
"23","Simosaurus_1","Simosaurus_1.1"
"24","Tapirus_terrestris","Tapirus_terrestris.1"
"25","Basilosaurus","Basilosaurus.1"
"26","Alligator","Alligator.1"
"27","Ichtyosaur_sp","Ichtyosaur_sp.1"
"28","Alligator","Alligator.2"
"29","Cricosaurus","Cricosaurus.3"
"30","Micropotamogale_euwenzorii","Micropotamogale_euwenzorii.1"
"31","Pistosaurus","Pistosaurus.1"
"32","Champsosaurus","Champsosaurus.1"
"33","Aptenodytes______","Aptenodytes______.1"
"34","Hesperornis","Hesperornis.1"
"35","Chironectes_minimus","Chironectes_minimus.1"
"36","Spinosaurus_","Spinosaurus_.1"
"37","Spinosaurus_","Spinosaurus_.2"
"38","Spinosaurus_","Spinosaurus_.3"
"39","Spinosaurus_","Spinosaurus_.4"
"40","Spinosaurus_","Spinosaurus_.5"
"41","Spinosaurus_","Spinosaurus_.6"
"42","Spinosaurus_","Spinosaurus_.7"
"43","Spinosaurus_","Spinosaurus_.8"
"44","Spinosaurus_","Spinosaurus_.9"
"45","Spinosaurus_","Spinosaurus_.10"
"46","Spinosaurus_","Spinosaurus_.11"
"47","Suchomimus","Suchomimus.1"
"48","Suchomimus","Suchomimus.2"
"49","Suchomimus","Suchomimus.3"
"50","Baryonyx","Baryonyx.1"
"51","Baryonyx","Baryonyx.2"
"52","Baryonyx","Baryonyx.3"
 
* Phylo tree and the main data and strata files have been modified to include duplicated taxa before the scaled random trees are generated.
* Selected categorical labels column: diving.or.not
* diving.or.equal column is identical to Diving column.
* Regression excludes flying taxa.
* Diving labels that are present in regression: 0,2
* lambda (calculated from a random tree) = : 0.09
* index-name alignment check: OK
