Logfile for a session of program: bootstrap_binary.r
-----------------------------------------------------
INPUT:
workDir: C:/dino_nature/output/2023-11-07-D1\bs/set_1001
Nbootstrapsets: 2000
phyloFDAfile: c:/dino_nature/code/phylo.fda.R
auxFile: c:/dino_nature/code/auxiliary.r
boneType: femur
regressionData.file: C:/dino_nature/output/2023-11-07-D1\bs/set_1001/femur_set_1001.csv
applyDataFilter: FALSE
addTreeTips: TRUE
Ntrees: 100
calculateTrees: TRUE
saveTrees: FALSE


OPERATIONAL CHECKS:
* Regression data contains multiple copies of some taxa (user added variants of existing test taxa 
   or replacements due to bootstrap are present) which are not in the phylo tree:
     original taxon,   duplicate   
"1","Uncia_uncia","Uncia_uncia.1"
"2","Procyon_lotor","Procyon_lotor.1"
"3","Strigiops_habroptilus","Strigiops_habroptilus.1"
"4","Rupicapra_rupicapra","Rupicapra_rupicapra.1"
"5","Rupicapra_rupicapra","Rupicapra_rupicapra.2"
"6","Dromaius_","Dromaius_.1"
"7","Dromaius_","Dromaius_.2"
"8","Tribonyx_mortieri","Tribonyx_mortieri.1"
"9","Dromaius_","Dromaius_.3"
"10","Diplomesodon_pulchellum","Diplomesodon_pulchellum.1"
"11","Felis_felis","Felis_felis.1"
"12","Procyon_lotor","Procyon_lotor.2"
"13","Taxidea_taxus","Taxidea_taxus.1"
"14","Procyon_lotor","Procyon_lotor.3"
"15","Procyon_lotor","Procyon_lotor.4"
"16","Tribonyx_mortieri","Tribonyx_mortieri.2"
"17","Loxodonta_africana","Loxodonta_africana.1"
"18","Tribonyx_mortieri","Tribonyx_mortieri.3"
"19","Rupicapra_rupicapra","Rupicapra_rupicapra.3"
"20","Capreolus_capreolus","Capreolus_capreolus.1"
"21","Desmana_moschata","Desmana_moschata.1"
"22","Protochampsidae","Protochampsidae.1"
"23","Hydromys_chrysogaster","Hydromys_chrysogaster.1"
"24","Protochampsidae","Protochampsidae.2"
"25","Leptophoca_proxima","Leptophoca_proxima.1"
"26","Indohyus","Indohyus.1"
"27","Nothosaurus_150","Nothosaurus_150.1"
"28","Indohyus","Indohyus.2"
"29","Ichtyosaur_sp","Ichtyosaur_sp.1"
"30","Hexaprotodon_garyam","Hexaprotodon_garyam.1"
"31","Protochampsidae","Protochampsidae.3"
"32","Small_Eocene_penguin","Small_Eocene_penguin.1"
"33","Nanophoca_vitulinoides","Nanophoca_vitulinoides.1"
"34","Ichtyosaur_sp","Ichtyosaur_sp.2"
"35","Nanophoca_vitulinoides","Nanophoca_vitulinoides.2"
"36","Caiman_yacare","Caiman_yacare.1"
"37","Nothosaurus_102","Nothosaurus_102.1"
"38","Small_Eocene_penguin","Small_Eocene_penguin.2"
"39","Choeropsis_liberiensis","Choeropsis_liberiensis.1"
"40","Spinosaurus_","Spinosaurus_.1"
"41","Spinosaurus_","Spinosaurus_.2"
"42","Spinosaurus_","Spinosaurus_.3"
"43","Spinosaurus_","Spinosaurus_.4"
"44","Spinosaurus_","Spinosaurus_.5"
"45","Spinosaurus_","Spinosaurus_.6"
"46","Spinosaurus_","Spinosaurus_.7"
"47","Spinosaurus_","Spinosaurus_.8"
"48","Spinosaurus_","Spinosaurus_.9"
"49","Spinosaurus_","Spinosaurus_.10"
"50","Spinosaurus_","Spinosaurus_.11"
"51","Suchomimus","Suchomimus.1"
"52","Suchomimus","Suchomimus.2"
"53","Suchomimus","Suchomimus.3"
"54","Baryonyx","Baryonyx.1"
"55","Baryonyx","Baryonyx.2"
"56","Baryonyx","Baryonyx.3"
 
* Phylo tree and the main data and strata files have been modified to include duplicated taxa before the scaled random trees are generated.
* Selected categorical labels column: diving.or.not
* diving.or.equal column is identical to Diving column.
* Regression excludes flying taxa.
* Diving labels that are present in regression: 0,2
* lambda (calculated from a random tree) = : 0.09
* index-name alignment check: OK
