Logfile for a session of program: bootstrap_binary.r
-----------------------------------------------------
INPUT:
workDir: C:/dino_nature/output/2023-11-07-D1\bs/set_1964
Nbootstrapsets: 2000
phyloFDAfile: c:/dino_nature/code/phylo.fda.R
auxFile: c:/dino_nature/code/auxiliary.r
boneType: femur
regressionData.file: C:/dino_nature/output/2023-11-07-D1\bs/set_1964/femur_set_1964.csv
applyDataFilter: FALSE
addTreeTips: TRUE
Ntrees: 100
calculateTrees: TRUE
saveTrees: FALSE


OPERATIONAL CHECKS:
* Regression data contains multiple copies of some taxa (user added variants of existing test taxa 
   or replacements due to bootstrap are present) which are not in the phylo tree:
     original taxon,   duplicate   
"1","Mustela_nivalis","Mustela_nivalis.1"
"2","Sus_scrofa","Sus_scrofa.1"
"3","Dicerorhinus_sumatrensis","Dicerorhinus_sumatrensis.1"
"4","Caloenas_nicobarica","Caloenas_nicobarica.1"
"5","Caloenas_nicobarica","Caloenas_nicobarica.2"
"6","Bos_taurus","Bos_taurus.1"
"7","Dromaius_","Dromaius_.1"
"8","Mustela_nivalis","Mustela_nivalis.2"
"9","Caloenas_nicobarica","Caloenas_nicobarica.3"
"10","Tribonyx_mortieri","Tribonyx_mortieri.1"
"11","Ceratotherium_simum","Ceratotherium_simum.1"
"12","Sus_scrofa","Sus_scrofa.2"
"13","Dicerorhinus_sumatrensis","Dicerorhinus_sumatrensis.2"
"14","Uncia_uncia","Uncia_uncia.1"
"15","Alces_americanus","Alces_americanus.1"
"16","Dama_dama","Dama_dama.1"
"17","Rangifer_tarandus","Rangifer_tarandus.1"
"18","Rangifer_tarandus","Rangifer_tarandus.2"
"19","Lacerta_viridis","Lacerta_viridis.1"
"20","Atlantisia_rogersi","Atlantisia_rogersi.1"
"21","Brachyodus_onoideum","Brachyodus_onoideum.1"
"22","Chironectes_minimus","Chironectes_minimus.1"
"23","Micropotamogale_euwenzorii","Micropotamogale_euwenzorii.1"
"24","Micropotamogale_euwenzorii","Micropotamogale_euwenzorii.2"
"25","Nothosaurus_150","Nothosaurus_150.1"
"26","Callophoca_obscura","Callophoca_obscura.1"
"27","Rodhocetus","Rodhocetus.1"
"28","Indohyus","Indohyus.1"
"29","Desmostylus_hesperus","Desmostylus_hesperus.1"
"30","Cricosaurus","Cricosaurus.1"
"31","Rodhocetus","Rodhocetus.2"
"32","Nothosaurus_mirabilis","Nothosaurus_mirabilis.1"
"33","Protochampsidae","Protochampsidae.1"
"34","Pistosaurus","Pistosaurus.1"
"35","Hydromys_chrysogaster","Hydromys_chrysogaster.1"
"36","Paraplacodus","Paraplacodus.1"
"37","Desmostylus_hesperus","Desmostylus_hesperus.2"
"38","Rodhocetus","Rodhocetus.3"
"39","Hydromys_chrysogaster","Hydromys_chrysogaster.2"
"40","Protochampsidae","Protochampsidae.2"
"41","Paraplacodus","Paraplacodus.2"
"42","Spinosaurus_","Spinosaurus_.1"
"43","Spinosaurus_","Spinosaurus_.2"
"44","Spinosaurus_","Spinosaurus_.3"
"45","Spinosaurus_","Spinosaurus_.4"
"46","Spinosaurus_","Spinosaurus_.5"
"47","Spinosaurus_","Spinosaurus_.6"
"48","Spinosaurus_","Spinosaurus_.7"
"49","Spinosaurus_","Spinosaurus_.8"
"50","Spinosaurus_","Spinosaurus_.9"
"51","Spinosaurus_","Spinosaurus_.10"
"52","Spinosaurus_","Spinosaurus_.11"
"53","Suchomimus","Suchomimus.1"
"54","Suchomimus","Suchomimus.2"
"55","Suchomimus","Suchomimus.3"
"56","Baryonyx","Baryonyx.1"
"57","Baryonyx","Baryonyx.2"
"58","Baryonyx","Baryonyx.3"
 
* Phylo tree and the main data and strata files have been modified to include duplicated taxa before the scaled random trees are generated.
* Selected categorical labels column: diving.or.not
* diving.or.equal column is identical to Diving column.
* Regression excludes flying taxa.
* Diving labels that are present in regression: 0,2
* lambda (calculated from a random tree) = : 0.06
* index-name alignment check: OK
