Logfile for a session of program: bootstrap_binary.r
-----------------------------------------------------
INPUT:
workDir: C:/dino_nature/output/2023-11-07-D1\bs/set_200
Nbootstrapsets: 2000
phyloFDAfile: c:/dino_nature/code/phylo.fda.R
auxFile: c:/dino_nature/code/auxiliary.r
boneType: femur
regressionData.file: C:/dino_nature/output/2023-11-07-D1\bs/set_200/femur_set_200.csv
applyDataFilter: FALSE
addTreeTips: TRUE
Ntrees: 100
calculateTrees: TRUE
saveTrees: FALSE


OPERATIONAL CHECKS:
* Regression data contains multiple copies of some taxa (user added variants of existing test taxa 
   or replacements due to bootstrap are present) which are not in the phylo tree:
     original taxon,   duplicate   
"1","Procavia_capensis","Procavia_capensis.1"
"2","Caloenas_nicobarica","Caloenas_nicobarica.1"
"3","Mus_musculus","Mus_musculus.1"
"4","Raphus","Raphus.1"
"5","Mus_musculus","Mus_musculus.2"
"6","Giraffa_camelopardalis","Giraffa_camelopardalis.1"
"7","Cephalophus_silvicultor","Cephalophus_silvicultor.1"
"8","Dicerorhinus_sumatrensis","Dicerorhinus_sumatrensis.1"
"9","Raphus","Raphus.2"
"10","Brachyodus_onoideum","Brachyodus_onoideum.1"
"11","Apteryx_owenii_","Apteryx_owenii_.1"
"12","Lacerta_viridis","Lacerta_viridis.1"
"13","Elephas_maximus","Elephas_maximus.1"
"14","Tamandua_tetradactyla","Tamandua_tetradactyla.1"
"15","Procavia_capensis","Procavia_capensis.2"
"16","Apteryx_owenii_","Apteryx_owenii_.2"
"17","Alces_americanus","Alces_americanus.1"
"18","Procavia_capensis","Procavia_capensis.3"
"19","Taxidea_taxus","Taxidea_taxus.1"
"20","Diplomesodon_pulchellum","Diplomesodon_pulchellum.1"
"21","Dama_dama","Dama_dama.1"
"22","Anarosaurus","Anarosaurus.1"
"23","Anarosaurus","Anarosaurus.2"
"24","Maiacetus","Maiacetus.1"
"25","Alligator","Alligator.1"
"26","Simosaurus_1","Simosaurus_1.1"
"27","Nothosaurus_mirabilis","Nothosaurus_mirabilis.1"
"28","Champsosaurus","Champsosaurus.1"
"29","Noemys_fodies","Noemys_fodies.1"
"30","Nothosaurus_mirabilis","Nothosaurus_mirabilis.2"
"31","Tapirus_terrestris","Tapirus_terrestris.1"
"32","Nothosaurus_150","Nothosaurus_150.1"
"33","Nothosaurus_giganteus","Nothosaurus_giganteus.1"
"34","Anarosaurus","Anarosaurus.3"
"35","Hippopotamus_amphibius","Hippopotamus_amphibius.1"
"36","Callophoca_obscura","Callophoca_obscura.1"
"37","Noemys_fodies","Noemys_fodies.2"
"38","Noemys_fodies","Noemys_fodies.3"
"39","Anarosaurus","Anarosaurus.4"
"40","Champsosaurus","Champsosaurus.2"
"41","Small_Eocene_penguin","Small_Eocene_penguin.1"
"42","Micropotamogale_euwenzorii","Micropotamogale_euwenzorii.1"
"43","large_eocene_stem_penguin","large_eocene_stem_penguin.1"
"44","Callophoca_obscura","Callophoca_obscura.2"
"45","Nothosaurus_giganteus","Nothosaurus_giganteus.2"
"46","Spinosaurus_","Spinosaurus_.1"
"47","Spinosaurus_","Spinosaurus_.2"
"48","Spinosaurus_","Spinosaurus_.3"
"49","Spinosaurus_","Spinosaurus_.4"
"50","Spinosaurus_","Spinosaurus_.5"
"51","Spinosaurus_","Spinosaurus_.6"
"52","Spinosaurus_","Spinosaurus_.7"
"53","Spinosaurus_","Spinosaurus_.8"
"54","Spinosaurus_","Spinosaurus_.9"
"55","Spinosaurus_","Spinosaurus_.10"
"56","Spinosaurus_","Spinosaurus_.11"
"57","Suchomimus","Suchomimus.1"
"58","Suchomimus","Suchomimus.2"
"59","Suchomimus","Suchomimus.3"
"60","Baryonyx","Baryonyx.1"
"61","Baryonyx","Baryonyx.2"
"62","Baryonyx","Baryonyx.3"
 
* Phylo tree and the main data and strata files have been modified to include duplicated taxa before the scaled random trees are generated.
* Selected categorical labels column: diving.or.not
* diving.or.equal column is identical to Diving column.
* Regression excludes flying taxa.
* Diving labels that are present in regression: 0,2
* lambda (calculated from a random tree) = : 0.11
* index-name alignment check: OK
