Logfile for a session of program: bootstrap_binary.r
-----------------------------------------------------
INPUT:
workDir: C:/dino_nature/output/2023-11-07-D1\bs/set_187
Nbootstrapsets: 2000
phyloFDAfile: c:/dino_nature/code/phylo.fda.R
auxFile: c:/dino_nature/code/auxiliary.r
boneType: femur
regressionData.file: C:/dino_nature/output/2023-11-07-D1\bs/set_187/femur_set_187.csv
applyDataFilter: FALSE
addTreeTips: TRUE
Ntrees: 100
calculateTrees: TRUE
saveTrees: FALSE


OPERATIONAL CHECKS:
* Regression data contains multiple copies of some taxa (user added variants of existing test taxa 
   or replacements due to bootstrap are present) which are not in the phylo tree:
     original taxon,   duplicate   
"1","Syncerus_caffer","Syncerus_caffer.1"
"2","Capreolus_capreolus","Capreolus_capreolus.1"
"3","Mammuthus_sp","Mammuthus_sp.1"
"4","Brachyodus_onoideum","Brachyodus_onoideum.1"
"5","Elephas_maximus","Elephas_maximus.1"
"6","Alces_americanus","Alces_americanus.1"
"7","Rhinoceros_sondaicus","Rhinoceros_sondaicus.1"
"8","Alces_americanus","Alces_americanus.2"
"9","Tribonyx_mortieri","Tribonyx_mortieri.1"
"10","Sus_scrofa","Sus_scrofa.1"
"11","Tamandua_tetradactyla","Tamandua_tetradactyla.1"
"12","Hemiechinus_azurites","Hemiechinus_azurites.1"
"13","Felis_felis","Felis_felis.1"
"14","Rhinoceros_sondaicus","Rhinoceros_sondaicus.2"
"15","Strigiops_habroptilus","Strigiops_habroptilus.1"
"16","Vulpes_vulpes","Vulpes_vulpes.1"
"17","Porphyrio_hochstetteri","Porphyrio_hochstetteri.1"
"18","Syncerus_caffer","Syncerus_caffer.2"
"19","Rhynchocyon_petersi","Rhynchocyon_petersi.1"
"20","Elephas_maximus","Elephas_maximus.2"
"21","Bos_taurus","Bos_taurus.1"
"22","Pogona_viceps","Pogona_viceps.1"
"23","Protochampsidae","Protochampsidae.1"
"24","Palaeospheniscus","Palaeospheniscus.1"
"25","Nothosaurus_568","Nothosaurus_568.1"
"26","Hexaprotodon_garyam","Hexaprotodon_garyam.1"
"27","Nothosaurus_150","Nothosaurus_150.1"
"28","Indohyus","Indohyus.1"
"29","Simosaurus","Simosaurus.1"
"30","Metryorhynchus","Metryorhynchus.1"
"31","Paraplacodus","Paraplacodus.1"
"32","Dyrosaurid","Dyrosaurid.1"
"33","Simosaurus","Simosaurus.2"
"34","Nothosaurus_568","Nothosaurus_568.2"
"35","Alligator","Alligator.1"
"36","Protochampsidae","Protochampsidae.2"
"37","Micropotamogale_euwenzorii","Micropotamogale_euwenzorii.1"
"38","Dyrosaurid","Dyrosaurid.2"
"39","Rhaeticosaurus","Rhaeticosaurus.1"
"40","Simosaurus","Simosaurus.3"
"41","Remingtonocetus","Remingtonocetus.1"
"42","Nothosaurus_150","Nothosaurus_150.2"
"43","Nanophoca_vitulinoides","Nanophoca_vitulinoides.1"
"44","Spinosaurus_","Spinosaurus_.1"
"45","Spinosaurus_","Spinosaurus_.2"
"46","Spinosaurus_","Spinosaurus_.3"
"47","Spinosaurus_","Spinosaurus_.4"
"48","Spinosaurus_","Spinosaurus_.5"
"49","Spinosaurus_","Spinosaurus_.6"
"50","Spinosaurus_","Spinosaurus_.7"
"51","Spinosaurus_","Spinosaurus_.8"
"52","Spinosaurus_","Spinosaurus_.9"
"53","Spinosaurus_","Spinosaurus_.10"
"54","Spinosaurus_","Spinosaurus_.11"
"55","Suchomimus","Suchomimus.1"
"56","Suchomimus","Suchomimus.2"
"57","Suchomimus","Suchomimus.3"
"58","Baryonyx","Baryonyx.1"
"59","Baryonyx","Baryonyx.2"
"60","Baryonyx","Baryonyx.3"
 
* Phylo tree and the main data and strata files have been modified to include duplicated taxa before the scaled random trees are generated.
* Selected categorical labels column: diving.or.not
* diving.or.equal column is identical to Diving column.
* Regression excludes flying taxa.
* Diving labels that are present in regression: 0,2
* lambda (calculated from a random tree) = : 0.14
* index-name alignment check: OK
