Logfile for a session of program: bootstrap_binary.r
-----------------------------------------------------
INPUT:
workDir: C:/dino_nature/output/2023-11-07-D1\bs/set_1663
Nbootstrapsets: 2000
phyloFDAfile: c:/dino_nature/code/phylo.fda.R
auxFile: c:/dino_nature/code/auxiliary.r
boneType: femur
regressionData.file: C:/dino_nature/output/2023-11-07-D1\bs/set_1663/femur_set_1663.csv
applyDataFilter: FALSE
addTreeTips: TRUE
Ntrees: 100
calculateTrees: TRUE
saveTrees: FALSE


OPERATIONAL CHECKS:
* Regression data contains multiple copies of some taxa (user added variants of existing test taxa 
   or replacements due to bootstrap are present) which are not in the phylo tree:
     original taxon,   duplicate   
"1","Nyctereutes_procyonoides","Nyctereutes_procyonoides.1"
"2","Felis_felis","Felis_felis.1"
"3","Euroscaptor_micrura","Euroscaptor_micrura.1"
"4","Rangifer_tarandus","Rangifer_tarandus.1"
"5","Raphus","Raphus.1"
"6","Atlantisia_rogersi","Atlantisia_rogersi.1"
"7","Atlantisia_rogersi","Atlantisia_rogersi.2"
"8","Cephalophus_silvicultor","Cephalophus_silvicultor.1"
"9","Sphenodon_punctatus","Sphenodon_punctatus.1"
"10","Okapia_johnstoni","Okapia_johnstoni.1"
"11","Apteryx_australis","Apteryx_australis.1"
"12","Xenicus_giliventris","Xenicus_giliventris.1"
"13","Mustela_nivalis","Mustela_nivalis.1"
"14","Caloenas_nicobarica","Caloenas_nicobarica.1"
"15","Atlantisia_rogersi","Atlantisia_rogersi.3"
"16","Tribonyx_mortieri","Tribonyx_mortieri.1"
"17","Monodelphis_domestica","Monodelphis_domestica.1"
"18","Procyon_lotor","Procyon_lotor.1"
"19","Micropotamogale_euwenzorii","Micropotamogale_euwenzorii.1"
"20","Plesiosaurus","Plesiosaurus.1"
"21","Metryorhynchus","Metryorhynchus.1"
"22","Desmana_moschata","Desmana_moschata.1"
"23","Chapsosaurus_","Chapsosaurus_.1"
"24","Basilosaurus","Basilosaurus.1"
"25","Chapsosaurus_","Chapsosaurus_.2"
"26","Otaria_byronia","Otaria_byronia.1"
"27","Paraplacodus","Paraplacodus.1"
"28","Hydromys_chrysogaster","Hydromys_chrysogaster.1"
"29","Castor_fiber","Castor_fiber.1"
"30","Chironectes_minimus","Chironectes_minimus.1"
"31","Indohyus","Indohyus.1"
"32","Plesiosaurus","Plesiosaurus.2"
"33","Metryorhynchus","Metryorhynchus.2"
"34","Cryptoclidus","Cryptoclidus.1"
"35","Neusticosaurus","Neusticosaurus.1"
"36","Plesiosaurus","Plesiosaurus.3"
"37","Basilosaurus","Basilosaurus.2"
"38","Spinosaurus_","Spinosaurus_.1"
"39","Spinosaurus_","Spinosaurus_.2"
"40","Spinosaurus_","Spinosaurus_.3"
"41","Spinosaurus_","Spinosaurus_.4"
"42","Spinosaurus_","Spinosaurus_.5"
"43","Spinosaurus_","Spinosaurus_.6"
"44","Spinosaurus_","Spinosaurus_.7"
"45","Spinosaurus_","Spinosaurus_.8"
"46","Spinosaurus_","Spinosaurus_.9"
"47","Spinosaurus_","Spinosaurus_.10"
"48","Spinosaurus_","Spinosaurus_.11"
"49","Suchomimus","Suchomimus.1"
"50","Suchomimus","Suchomimus.2"
"51","Suchomimus","Suchomimus.3"
"52","Baryonyx","Baryonyx.1"
"53","Baryonyx","Baryonyx.2"
"54","Baryonyx","Baryonyx.3"
 
* Phylo tree and the main data and strata files have been modified to include duplicated taxa before the scaled random trees are generated.
* Selected categorical labels column: diving.or.not
* diving.or.equal column is identical to Diving column.
* Regression excludes flying taxa.
* Diving labels that are present in regression: 0,2
* lambda (calculated from a random tree) = : 0.05
* index-name alignment check: OK
