Logfile for a session of program: bootstrap_binary.r
-----------------------------------------------------
INPUT:
workDir: C:/dino_nature/output/2023-11-07-D1\bs/set_1475
Nbootstrapsets: 2000
phyloFDAfile: c:/dino_nature/code/phylo.fda.R
auxFile: c:/dino_nature/code/auxiliary.r
boneType: femur
regressionData.file: C:/dino_nature/output/2023-11-07-D1\bs/set_1475/femur_set_1475.csv
applyDataFilter: FALSE
addTreeTips: TRUE
Ntrees: 100
calculateTrees: TRUE
saveTrees: FALSE


OPERATIONAL CHECKS:
* Regression data contains multiple copies of some taxa (user added variants of existing test taxa 
   or replacements due to bootstrap are present) which are not in the phylo tree:
     original taxon,   duplicate   
"1","Dasyurus_maculatus","Dasyurus_maculatus.1"
"2","Cephalophus_silvicultor","Cephalophus_silvicultor.1"
"3","Loxodonta_africana","Loxodonta_africana.1"
"4","Tamandua_tetradactyla","Tamandua_tetradactyla.1"
"5","Dasyurus_maculatus","Dasyurus_maculatus.2"
"6","Mustela_nivalis","Mustela_nivalis.1"
"7","Mustela_nivalis","Mustela_nivalis.2"
"8","Apteryx_australis","Apteryx_australis.1"
"9","Elephas_maximus","Elephas_maximus.1"
"10","Apteryx_owenii_","Apteryx_owenii_.1"
"11","Rhynchocyon_petersi","Rhynchocyon_petersi.1"
"12","Strigiops_habroptilus","Strigiops_habroptilus.1"
"13","Tamandua_tetradactyla","Tamandua_tetradactyla.2"
"14","Rhynchocyon_petersi","Rhynchocyon_petersi.2"
"15","Pogona_viceps","Pogona_viceps.1"
"16","Elephas_maximus","Elephas_maximus.2"
"17","Tenrec_ecaudatus","Tenrec_ecaudatus.1"
"18","Indohyus","Indohyus.1"
"19","Spheniscus","Spheniscus.1"
"20","Caiman_yacare","Caiman_yacare.1"
"21","Spheniscus","Spheniscus.2"
"22","Phalacrocorax_harrisi","Phalacrocorax_harrisi.1"
"23","Phalacrocorax_harrisi","Phalacrocorax_harrisi.2"
"24","Nothosaurus_102","Nothosaurus_102.1"
"25","Ichtyosaur_sp","Ichtyosaur_sp.1"
"26","Spheniscus","Spheniscus.3"
"27","Choeropsis_liberiensis","Choeropsis_liberiensis.1"
"28","Choeropsis_liberiensis","Choeropsis_liberiensis.2"
"29","Chironectes_minimus","Chironectes_minimus.1"
"30","Desmostylus_hesperus","Desmostylus_hesperus.1"
"31","Caiman_yacare","Caiman_yacare.2"
"32","Rodhocetus","Rodhocetus.1"
"33","Choeropsis_liberiensis","Choeropsis_liberiensis.3"
"34","Cryptoclidus","Cryptoclidus.1"
"35","Nothosaurus_giganteus","Nothosaurus_giganteus.1"
"36","Callophoca_obscura","Callophoca_obscura.1"
"37","Ornithorhynchus_anatinus","Ornithorhynchus_anatinus.1"
"38","Ichtyosaur_sp","Ichtyosaur_sp.2"
"39","Spinosaurus_","Spinosaurus_.1"
"40","Spinosaurus_","Spinosaurus_.2"
"41","Spinosaurus_","Spinosaurus_.3"
"42","Spinosaurus_","Spinosaurus_.4"
"43","Spinosaurus_","Spinosaurus_.5"
"44","Spinosaurus_","Spinosaurus_.6"
"45","Spinosaurus_","Spinosaurus_.7"
"46","Spinosaurus_","Spinosaurus_.8"
"47","Spinosaurus_","Spinosaurus_.9"
"48","Spinosaurus_","Spinosaurus_.10"
"49","Spinosaurus_","Spinosaurus_.11"
"50","Suchomimus","Suchomimus.1"
"51","Suchomimus","Suchomimus.2"
"52","Suchomimus","Suchomimus.3"
"53","Baryonyx","Baryonyx.1"
"54","Baryonyx","Baryonyx.2"
"55","Baryonyx","Baryonyx.3"
 
* Phylo tree and the main data and strata files have been modified to include duplicated taxa before the scaled random trees are generated.
* Selected categorical labels column: diving.or.not
* diving.or.equal column is identical to Diving column.
* Regression excludes flying taxa.
* Diving labels that are present in regression: 0,2
* lambda (calculated from a random tree) = : 0.1
* index-name alignment check: OK
