Logfile for a session of program: bootstrap_binary.r
-----------------------------------------------------
INPUT:
workDir: C:/dino_nature/output/2023-11-07-D1\bs/set_1830
Nbootstrapsets: 2000
phyloFDAfile: c:/dino_nature/code/phylo.fda.R
auxFile: c:/dino_nature/code/auxiliary.r
boneType: femur
regressionData.file: C:/dino_nature/output/2023-11-07-D1\bs/set_1830/femur_set_1830.csv
applyDataFilter: FALSE
addTreeTips: TRUE
Ntrees: 100
calculateTrees: TRUE
saveTrees: FALSE


OPERATIONAL CHECKS:
* Regression data contains multiple copies of some taxa (user added variants of existing test taxa 
   or replacements due to bootstrap are present) which are not in the phylo tree:
     original taxon,   duplicate   
"1","Raphus","Raphus.1"
"2","Apteryx_owenii_","Apteryx_owenii_.1"
"3","Meles_meles","Meles_meles.1"
"4","Raphus","Raphus.2"
"5","Alces_americanus","Alces_americanus.1"
"6","Mammuthus_sp","Mammuthus_sp.1"
"7","Dama_dama","Dama_dama.1"
"8","Procavia_capensis","Procavia_capensis.1"
"9","Rhynchocyon_petersi","Rhynchocyon_petersi.1"
"10","Microgale_thomasi","Microgale_thomasi.1"
"11","Raphus","Raphus.3"
"12","Meles_meles","Meles_meles.2"
"13","Procavia_capensis","Procavia_capensis.2"
"14","Rangifer_tarandus","Rangifer_tarandus.1"
"15","Mammuthus_sp","Mammuthus_sp.2"
"16","Capreolus_capreolus","Capreolus_capreolus.1"
"17","Meles_meles","Meles_meles.3"
"18","Paguma_larvata","Paguma_larvata.1"
"19","Mustela_nivalis","Mustela_nivalis.1"
"20","Xenicus_giliventris","Xenicus_giliventris.1"
"21","Palaeospheniscus","Palaeospheniscus.1"
"22","Nothosaurus_mirabilis_1","Nothosaurus_mirabilis_1.1"
"23","Small_Eocene_penguin","Small_Eocene_penguin.1"
"24","Simosaurus","Simosaurus.1"
"25","Rodhocetus","Rodhocetus.1"
"26","Champsosaurus","Champsosaurus.1"
"27","Rodhocetus","Rodhocetus.2"
"28","Caiman_yacare","Caiman_yacare.1"
"29","Champsosaurus","Champsosaurus.2"
"30","Desmana_moschata","Desmana_moschata.1"
"31","Castor_fiber","Castor_fiber.1"
"32","Cryptoclidus","Cryptoclidus.1"
"33","Micropotamogale_euwenzorii","Micropotamogale_euwenzorii.1"
"34","Chironectes_minimus","Chironectes_minimus.1"
"35","Chironectes_minimus","Chironectes_minimus.2"
"36","Simosaurus_1","Simosaurus_1.1"
"37","Rhaeticosaurus","Rhaeticosaurus.1"
"38","Palaeospheniscus","Palaeospheniscus.2"
"39","Hydromys_chrysogaster","Hydromys_chrysogaster.1"
"40","Hydromys_chrysogaster","Hydromys_chrysogaster.2"
"41","Palaeospheniscus","Palaeospheniscus.3"
"42","Spinosaurus_","Spinosaurus_.1"
"43","Spinosaurus_","Spinosaurus_.2"
"44","Spinosaurus_","Spinosaurus_.3"
"45","Spinosaurus_","Spinosaurus_.4"
"46","Spinosaurus_","Spinosaurus_.5"
"47","Spinosaurus_","Spinosaurus_.6"
"48","Spinosaurus_","Spinosaurus_.7"
"49","Spinosaurus_","Spinosaurus_.8"
"50","Spinosaurus_","Spinosaurus_.9"
"51","Spinosaurus_","Spinosaurus_.10"
"52","Spinosaurus_","Spinosaurus_.11"
"53","Suchomimus","Suchomimus.1"
"54","Suchomimus","Suchomimus.2"
"55","Suchomimus","Suchomimus.3"
"56","Baryonyx","Baryonyx.1"
"57","Baryonyx","Baryonyx.2"
"58","Baryonyx","Baryonyx.3"
 
* Phylo tree and the main data and strata files have been modified to include duplicated taxa before the scaled random trees are generated.
* Selected categorical labels column: diving.or.not
* diving.or.equal column is identical to Diving column.
* Regression excludes flying taxa.
* Diving labels that are present in regression: 0,2
* lambda (calculated from a random tree) = : 0.08
* index-name alignment check: OK
