Logfile for a session of program: bootstrap_binary.r
-----------------------------------------------------
INPUT:
workDir: C:/dino_nature/output/2023-11-07-D1\bs/set_1788
Nbootstrapsets: 2000
phyloFDAfile: c:/dino_nature/code/phylo.fda.R
auxFile: c:/dino_nature/code/auxiliary.r
boneType: femur
regressionData.file: C:/dino_nature/output/2023-11-07-D1\bs/set_1788/femur_set_1788.csv
applyDataFilter: FALSE
addTreeTips: TRUE
Ntrees: 100
calculateTrees: TRUE
saveTrees: FALSE


OPERATIONAL CHECKS:
* Regression data contains multiple copies of some taxa (user added variants of existing test taxa 
   or replacements due to bootstrap are present) which are not in the phylo tree:
     original taxon,   duplicate   
"1","Lacerta_viridis","Lacerta_viridis.1"
"2","Nyctereutes_procyonoides","Nyctereutes_procyonoides.1"
"3","Dasyurus_maculatus","Dasyurus_maculatus.1"
"4","Euroscaptor_micrura","Euroscaptor_micrura.1"
"5","Procavia_capensis","Procavia_capensis.1"
"6","Dromaius_","Dromaius_.1"
"7","Diplomesodon_pulchellum","Diplomesodon_pulchellum.1"
"8","Felis_felis","Felis_felis.1"
"9","Brachyodus_onoideum","Brachyodus_onoideum.1"
"10","Procavia_capensis","Procavia_capensis.2"
"11","Caloenas_nicobarica","Caloenas_nicobarica.1"
"12","Diplomesodon_pulchellum","Diplomesodon_pulchellum.2"
"13","Lacerta_viridis","Lacerta_viridis.2"
"14","Diplomesodon_pulchellum","Diplomesodon_pulchellum.3"
"15","Megaloceros_sp","Megaloceros_sp.1"
"16","Nyctereutes_procyonoides","Nyctereutes_procyonoides.2"
"17","Euroscaptor_micrura","Euroscaptor_micrura.2"
"18","Bison_bonasus","Bison_bonasus.1"
"19","Tribonyx_mortieri","Tribonyx_mortieri.1"
"20","Mammuthus_sp","Mammuthus_sp.1"
"21","Rangifer_tarandus","Rangifer_tarandus.1"
"22","Spheniscus","Spheniscus.1"
"23","Remingtonocetus","Remingtonocetus.1"
"24","Ichtyosaurus_","Ichtyosaurus_.1"
"25","Metryorhynchus","Metryorhynchus.1"
"26","Metryorhynchus","Metryorhynchus.2"
"27","Otaria_byronia","Otaria_byronia.1"
"28","Noemys_fodies","Noemys_fodies.1"
"29","Small_Eocene_penguin","Small_Eocene_penguin.1"
"30","Ichtyosaurus_","Ichtyosaurus_.2"
"31","Aptenodytes______","Aptenodytes______.1"
"32","Plesiosaurus","Plesiosaurus.1"
"33","Rhaeticosaurus","Rhaeticosaurus.1"
"34","Palaeospheniscus","Palaeospheniscus.1"
"35","Psephoderma","Psephoderma.1"
"36","Palaeospheniscus","Palaeospheniscus.2"
"37","Champsosaurus","Champsosaurus.1"
"38","Spinosaurus_","Spinosaurus_.1"
"39","Spinosaurus_","Spinosaurus_.2"
"40","Spinosaurus_","Spinosaurus_.3"
"41","Spinosaurus_","Spinosaurus_.4"
"42","Spinosaurus_","Spinosaurus_.5"
"43","Spinosaurus_","Spinosaurus_.6"
"44","Spinosaurus_","Spinosaurus_.7"
"45","Spinosaurus_","Spinosaurus_.8"
"46","Spinosaurus_","Spinosaurus_.9"
"47","Spinosaurus_","Spinosaurus_.10"
"48","Spinosaurus_","Spinosaurus_.11"
"49","Suchomimus","Suchomimus.1"
"50","Suchomimus","Suchomimus.2"
"51","Suchomimus","Suchomimus.3"
"52","Baryonyx","Baryonyx.1"
"53","Baryonyx","Baryonyx.2"
"54","Baryonyx","Baryonyx.3"
 
* Phylo tree and the main data and strata files have been modified to include duplicated taxa before the scaled random trees are generated.
* Selected categorical labels column: diving.or.not
* diving.or.equal column is identical to Diving column.
* Regression excludes flying taxa.
* Diving labels that are present in regression: 0,2
* lambda (calculated from a random tree) = : 0.08
* index-name alignment check: OK
