Logfile for a session of program: bootstrap_binary.r
-----------------------------------------------------
INPUT:
workDir: C:/dino_nature/output/2023-11-07-D1\bs/set_1179
Nbootstrapsets: 2000
phyloFDAfile: c:/dino_nature/code/phylo.fda.R
auxFile: c:/dino_nature/code/auxiliary.r
boneType: femur
regressionData.file: C:/dino_nature/output/2023-11-07-D1\bs/set_1179/femur_set_1179.csv
applyDataFilter: FALSE
addTreeTips: TRUE
Ntrees: 100
calculateTrees: TRUE
saveTrees: FALSE


OPERATIONAL CHECKS:
* Regression data contains multiple copies of some taxa (user added variants of existing test taxa 
   or replacements due to bootstrap are present) which are not in the phylo tree:
     original taxon,   duplicate   
"1","Atlantisia_rogersi","Atlantisia_rogersi.1"
"2","Apteryx_australis","Apteryx_australis.1"
"3","Procavia_capensis","Procavia_capensis.1"
"4","Rynochetus_jubatus","Rynochetus_jubatus.1"
"5","Cephalophus_silvicultor","Cephalophus_silvicultor.1"
"6","Giraffa_camelopardalis","Giraffa_camelopardalis.1"
"7","Alces_americanus","Alces_americanus.1"
"8","Lacerta_viridis","Lacerta_viridis.1"
"9","Lacerta_viridis","Lacerta_viridis.2"
"10","Tamandua_tetradactyla","Tamandua_tetradactyla.1"
"11","Xenicus_giliventris","Xenicus_giliventris.1"
"12","Rynochetus_jubatus","Rynochetus_jubatus.2"
"13","Mustela_nivalis","Mustela_nivalis.1"
"14","Caloenas_nicobarica","Caloenas_nicobarica.1"
"15","Alces_americanus","Alces_americanus.2"
"16","Procavia_capensis","Procavia_capensis.2"
"17","Vulpes_vulpes","Vulpes_vulpes.1"
"18","Euroscaptor_micrura","Euroscaptor_micrura.1"
"19","Dasyurus_maculatus","Dasyurus_maculatus.1"
"20","Dromaius_","Dromaius_.1"
"21","Capreolus_capreolus","Capreolus_capreolus.1"
"22","Alces_americanus","Alces_americanus.3"
"23","Xenicus_giliventris","Xenicus_giliventris.2"
"24","Procavia_capensis","Procavia_capensis.3"
"25","Ceratotherium_simum","Ceratotherium_simum.1"
"26","Chironectes_minimus","Chironectes_minimus.1"
"27","Plesiosaurus","Plesiosaurus.1"
"28","Ichtyosaur_sp","Ichtyosaur_sp.1"
"29","Alligator","Alligator.1"
"30","Callophoca_obscura","Callophoca_obscura.1"
"31","Spheniscus","Spheniscus.1"
"32","Noemys_fodies","Noemys_fodies.1"
"33","Chironectes_minimus","Chironectes_minimus.2"
"34","Callophoca_obscura","Callophoca_obscura.2"
"35","Indohyus","Indohyus.1"
"36","Ornithorhynchus_anatinus","Ornithorhynchus_anatinus.1"
"37","Placodontia_indet_1","Placodontia_indet_1.1"
"38","Hexaprotodon_garyam","Hexaprotodon_garyam.1"
"39","Spheniscus","Spheniscus.2"
"40","Hexaprotodon_garyam","Hexaprotodon_garyam.2"
"41","Tapirus_terrestris","Tapirus_terrestris.1"
"42","Nothosaurus_150","Nothosaurus_150.1"
"43","Caiman_yacare","Caiman_yacare.1"
"44","Spinosaurus_","Spinosaurus_.1"
"45","Spinosaurus_","Spinosaurus_.2"
"46","Spinosaurus_","Spinosaurus_.3"
"47","Spinosaurus_","Spinosaurus_.4"
"48","Spinosaurus_","Spinosaurus_.5"
"49","Spinosaurus_","Spinosaurus_.6"
"50","Spinosaurus_","Spinosaurus_.7"
"51","Spinosaurus_","Spinosaurus_.8"
"52","Spinosaurus_","Spinosaurus_.9"
"53","Spinosaurus_","Spinosaurus_.10"
"54","Spinosaurus_","Spinosaurus_.11"
"55","Suchomimus","Suchomimus.1"
"56","Suchomimus","Suchomimus.2"
"57","Suchomimus","Suchomimus.3"
"58","Baryonyx","Baryonyx.1"
"59","Baryonyx","Baryonyx.2"
"60","Baryonyx","Baryonyx.3"
 
* Phylo tree and the main data and strata files have been modified to include duplicated taxa before the scaled random trees are generated.
* Selected categorical labels column: diving.or.not
* diving.or.equal column is identical to Diving column.
* Regression excludes flying taxa.
* Diving labels that are present in regression: 0,2
* lambda (calculated from a random tree) = : 0.08
* index-name alignment check: OK
