Logfile for a session of program: bootstrap_binary.r
-----------------------------------------------------
INPUT:
workDir: C:/dino_nature/output/2023-11-07-D1\bs/set_175
Nbootstrapsets: 2000
phyloFDAfile: c:/dino_nature/code/phylo.fda.R
auxFile: c:/dino_nature/code/auxiliary.r
boneType: femur
regressionData.file: C:/dino_nature/output/2023-11-07-D1\bs/set_175/femur_set_175.csv
applyDataFilter: FALSE
addTreeTips: TRUE
Ntrees: 100
calculateTrees: TRUE
saveTrees: FALSE


OPERATIONAL CHECKS:
* Regression data contains multiple copies of some taxa (user added variants of existing test taxa 
   or replacements due to bootstrap are present) which are not in the phylo tree:
     original taxon,   duplicate   
"1","Okapia_johnstoni","Okapia_johnstoni.1"
"2","Euroscaptor_micrura","Euroscaptor_micrura.1"
"3","Meles_meles","Meles_meles.1"
"4","Mammuthus_sp","Mammuthus_sp.1"
"5","Myrmecophaga_tridactyla","Myrmecophaga_tridactyla.1"
"6","Rangifer_tarandus","Rangifer_tarandus.1"
"7","Euroscaptor_micrura","Euroscaptor_micrura.2"
"8","Mammuthus_sp","Mammuthus_sp.2"
"9","Euroscaptor_micrura","Euroscaptor_micrura.3"
"10","Giraffa_camelopardalis","Giraffa_camelopardalis.1"
"11","Meles_meles","Meles_meles.2"
"12","Hemiechinus_azurites","Hemiechinus_azurites.1"
"13","Lama_guanicoe","Lama_guanicoe.1"
"14","Rynochetus_jubatus","Rynochetus_jubatus.1"
"15","Atlantisia_rogersi","Atlantisia_rogersi.1"
"16","Myrmecophaga_tridactyla","Myrmecophaga_tridactyla.2"
"17","Mammuthus_sp","Mammuthus_sp.3"
"18","Alces_americanus","Alces_americanus.1"
"19","Ceratotherium_simum","Ceratotherium_simum.1"
"20","Ceratotherium_simum","Ceratotherium_simum.2"
"21","Aptenodytes______","Aptenodytes______.1"
"22","Lutra_vulgaris","Lutra_vulgaris.1"
"23","Lutra_vulgaris","Lutra_vulgaris.2"
"24","Simosaurus_1","Simosaurus_1.1"
"25","Hexaprotodon_garyam","Hexaprotodon_garyam.1"
"26","Plesiosaurus","Plesiosaurus.1"
"27","Anarosaurus","Anarosaurus.1"
"28","Caiman_yacare","Caiman_yacare.1"
"29","Hesperornis","Hesperornis.1"
"30","Hesperornis","Hesperornis.2"
"31","Ichtyosaurus_","Ichtyosaurus_.1"
"32","Pistosaurus","Pistosaurus.1"
"33","Phocanella_pumila","Phocanella_pumila.1"
"34","Neusticosaurus","Neusticosaurus.1"
"35","Palaeospheniscus","Palaeospheniscus.1"
"36","Nothosaurus_102","Nothosaurus_102.1"
"37","Callophoca_obscura","Callophoca_obscura.1"
"38","Nanophoca_vitulinoides","Nanophoca_vitulinoides.1"
"39","Protochampsidae","Protochampsidae.1"
"40","Spinosaurus_","Spinosaurus_.1"
"41","Spinosaurus_","Spinosaurus_.2"
"42","Spinosaurus_","Spinosaurus_.3"
"43","Spinosaurus_","Spinosaurus_.4"
"44","Spinosaurus_","Spinosaurus_.5"
"45","Spinosaurus_","Spinosaurus_.6"
"46","Spinosaurus_","Spinosaurus_.7"
"47","Spinosaurus_","Spinosaurus_.8"
"48","Spinosaurus_","Spinosaurus_.9"
"49","Spinosaurus_","Spinosaurus_.10"
"50","Spinosaurus_","Spinosaurus_.11"
"51","Suchomimus","Suchomimus.1"
"52","Suchomimus","Suchomimus.2"
"53","Suchomimus","Suchomimus.3"
"54","Baryonyx","Baryonyx.1"
"55","Baryonyx","Baryonyx.2"
"56","Baryonyx","Baryonyx.3"
 
* Phylo tree and the main data and strata files have been modified to include duplicated taxa before the scaled random trees are generated.
* Selected categorical labels column: diving.or.not
* diving.or.equal column is identical to Diving column.
* Regression excludes flying taxa.
* Diving labels that are present in regression: 0,2
* lambda (calculated from a random tree) = : 0.15
* index-name alignment check: OK
