Logfile for a session of program: bootstrap_binary.r
-----------------------------------------------------
INPUT:
workDir: C:/dino_nature/output/2023-11-07-D1\bs/set_1892
Nbootstrapsets: 2000
phyloFDAfile: c:/dino_nature/code/phylo.fda.R
auxFile: c:/dino_nature/code/auxiliary.r
boneType: femur
regressionData.file: C:/dino_nature/output/2023-11-07-D1\bs/set_1892/femur_set_1892.csv
applyDataFilter: FALSE
addTreeTips: TRUE
Ntrees: 100
calculateTrees: TRUE
saveTrees: FALSE


OPERATIONAL CHECKS:
* Regression data contains multiple copies of some taxa (user added variants of existing test taxa 
   or replacements due to bootstrap are present) which are not in the phylo tree:
     original taxon,   duplicate   
"1","Giraffa_camelopardalis","Giraffa_camelopardalis.1"
"2","Bison_bonasus","Bison_bonasus.1"
"3","Uncia_uncia","Uncia_uncia.1"
"4","Procavia_capensis","Procavia_capensis.1"
"5","Bison_bonasus","Bison_bonasus.2"
"6","Vulpes_vulpes","Vulpes_vulpes.1"
"7","Caloenas_nicobarica","Caloenas_nicobarica.1"
"8","Capreolus_capreolus","Capreolus_capreolus.1"
"9","Strigiops_habroptilus","Strigiops_habroptilus.1"
"10","Alces_americanus","Alces_americanus.1"
"11","Mammuthus_sp","Mammuthus_sp.1"
"12","Alces_americanus","Alces_americanus.2"
"13","Loxodonta_africana","Loxodonta_africana.1"
"14","Lama_guanicoe","Lama_guanicoe.1"
"15","Apteryx_owenii_","Apteryx_owenii_.1"
"16","Uncia_uncia","Uncia_uncia.2"
"17","Monodelphis_domestica","Monodelphis_domestica.1"
"18","Euroscaptor_micrura","Euroscaptor_micrura.1"
"19","Cephalophus_silvicultor","Cephalophus_silvicultor.1"
"20","Taxidea_taxus","Taxidea_taxus.1"
"21","Apteryx_owenii_","Apteryx_owenii_.2"
"22","Mustela_nivalis","Mustela_nivalis.1"
"23","Plesiosaurus","Plesiosaurus.1"
"24","Cryptoclidus","Cryptoclidus.1"
"25","Cryptoclidus","Cryptoclidus.2"
"26","Plesiosaurus","Plesiosaurus.2"
"27","Cryptoclidus","Cryptoclidus.3"
"28","Cricosaurus","Cricosaurus.1"
"29","Anarosaurus","Anarosaurus.1"
"30","large_eocene_stem_penguin","large_eocene_stem_penguin.1"
"31","large_eocene_stem_penguin","large_eocene_stem_penguin.2"
"32","Leptophoca_proxima","Leptophoca_proxima.1"
"33","Plesiosaurus","Plesiosaurus.3"
"34","Nothosaurus_568","Nothosaurus_568.1"
"35","Noemys_fodies","Noemys_fodies.1"
"36","Nothosaurus_mirabilis_1","Nothosaurus_mirabilis_1.1"
"37","Castor_fiber","Castor_fiber.1"
"38","large_eocene_stem_penguin","large_eocene_stem_penguin.3"
"39","Ichtyosaurus_","Ichtyosaurus_.1"
"40","Nothosaurus_150","Nothosaurus_150.1"
"41","Cryptoclidus","Cryptoclidus.4"
"42","Rhaeticosaurus","Rhaeticosaurus.1"
"43","Caiman_yacare","Caiman_yacare.1"
"44","Ichtyosaurus_","Ichtyosaurus_.2"
"45","Leptophoca_proxima","Leptophoca_proxima.2"
"46","Nothosaurus_568","Nothosaurus_568.2"
"47","Spinosaurus_","Spinosaurus_.1"
"48","Spinosaurus_","Spinosaurus_.2"
"49","Spinosaurus_","Spinosaurus_.3"
"50","Spinosaurus_","Spinosaurus_.4"
"51","Spinosaurus_","Spinosaurus_.5"
"52","Spinosaurus_","Spinosaurus_.6"
"53","Spinosaurus_","Spinosaurus_.7"
"54","Spinosaurus_","Spinosaurus_.8"
"55","Spinosaurus_","Spinosaurus_.9"
"56","Spinosaurus_","Spinosaurus_.10"
"57","Spinosaurus_","Spinosaurus_.11"
"58","Suchomimus","Suchomimus.1"
"59","Suchomimus","Suchomimus.2"
"60","Suchomimus","Suchomimus.3"
"61","Baryonyx","Baryonyx.1"
"62","Baryonyx","Baryonyx.2"
"63","Baryonyx","Baryonyx.3"
 
* Phylo tree and the main data and strata files have been modified to include duplicated taxa before the scaled random trees are generated.
* Selected categorical labels column: diving.or.not
* diving.or.equal column is identical to Diving column.
* Regression excludes flying taxa.
* Diving labels that are present in regression: 0,2
* lambda (calculated from a random tree) = : 0.14
* index-name alignment check: OK
