Logfile for a session of program: bootstrap_binary.r
-----------------------------------------------------
INPUT:
workDir: C:/dino_nature/output/2023-11-07-D1\bs/set_1269
Nbootstrapsets: 2000
phyloFDAfile: c:/dino_nature/code/phylo.fda.R
auxFile: c:/dino_nature/code/auxiliary.r
boneType: femur
regressionData.file: C:/dino_nature/output/2023-11-07-D1\bs/set_1269/femur_set_1269.csv
applyDataFilter: FALSE
addTreeTips: TRUE
Ntrees: 100
calculateTrees: TRUE
saveTrees: FALSE


OPERATIONAL CHECKS:
* Regression data contains multiple copies of some taxa (user added variants of existing test taxa 
   or replacements due to bootstrap are present) which are not in the phylo tree:
     original taxon,   duplicate   
"1","Tribonyx_mortieri","Tribonyx_mortieri.1"
"2","Rynochetus_jubatus","Rynochetus_jubatus.1"
"3","Strigiops_habroptilus","Strigiops_habroptilus.1"
"4","Sus_scrofa","Sus_scrofa.1"
"5","Mammuthus_sp","Mammuthus_sp.1"
"6","Porphyrio_hochstetteri","Porphyrio_hochstetteri.1"
"7","Pogona_viceps","Pogona_viceps.1"
"8","Tamandua_tetradactyla","Tamandua_tetradactyla.1"
"9","Atlantisia_rogersi","Atlantisia_rogersi.1"
"10","Meles_meles","Meles_meles.1"
"11","Bison_bonasus","Bison_bonasus.1"
"12","Atlantisia_rogersi","Atlantisia_rogersi.2"
"13","Tamandua_tetradactyla","Tamandua_tetradactyla.2"
"14","Loxodonta_africana","Loxodonta_africana.1"
"15","Rhynchocyon_petersi","Rhynchocyon_petersi.1"
"16","Loxodonta_africana","Loxodonta_africana.2"
"17","Apteryx_australis","Apteryx_australis.1"
"18","Okapia_johnstoni","Okapia_johnstoni.1"
"19","Plesiosaurus","Plesiosaurus.1"
"20","Cricosaurus","Cricosaurus.1"
"21","Maiacetus","Maiacetus.1"
"22","Choeropsis_liberiensis","Choeropsis_liberiensis.1"
"23","Otaria_byronia","Otaria_byronia.1"
"24","Otaria_byronia","Otaria_byronia.2"
"25","Simosaurus","Simosaurus.1"
"26","Desmostylus_hesperus","Desmostylus_hesperus.1"
"27","Ichtyosaur_sp","Ichtyosaur_sp.1"
"28","Placondontia_indet","Placondontia_indet.1"
"29","Hexaprotodon_garyam","Hexaprotodon_garyam.1"
"30","Caiman_yacare","Caiman_yacare.1"
"31","Nothosaurus_giganteus","Nothosaurus_giganteus.1"
"32","Placodontia_indet_1","Placodontia_indet_1.1"
"33","Rhaeticosaurus","Rhaeticosaurus.1"
"34","Chapsosaurus_","Chapsosaurus_.1"
"35","Paraplacodus","Paraplacodus.1"
"36","Rhaeticosaurus","Rhaeticosaurus.2"
"37","Psephoderma","Psephoderma.1"
"38","Plesiosaurus","Plesiosaurus.2"
"39","Nothosaurus_giganteus","Nothosaurus_giganteus.2"
"40","Spinosaurus_","Spinosaurus_.1"
"41","Spinosaurus_","Spinosaurus_.2"
"42","Spinosaurus_","Spinosaurus_.3"
"43","Spinosaurus_","Spinosaurus_.4"
"44","Spinosaurus_","Spinosaurus_.5"
"45","Spinosaurus_","Spinosaurus_.6"
"46","Spinosaurus_","Spinosaurus_.7"
"47","Spinosaurus_","Spinosaurus_.8"
"48","Spinosaurus_","Spinosaurus_.9"
"49","Spinosaurus_","Spinosaurus_.10"
"50","Spinosaurus_","Spinosaurus_.11"
"51","Suchomimus","Suchomimus.1"
"52","Suchomimus","Suchomimus.2"
"53","Suchomimus","Suchomimus.3"
"54","Baryonyx","Baryonyx.1"
"55","Baryonyx","Baryonyx.2"
"56","Baryonyx","Baryonyx.3"
 
* Phylo tree and the main data and strata files have been modified to include duplicated taxa before the scaled random trees are generated.
* Selected categorical labels column: diving.or.not
* diving.or.equal column is identical to Diving column.
* Regression excludes flying taxa.
* Diving labels that are present in regression: 0,2
* lambda (calculated from a random tree) = : 0.13
* index-name alignment check: OK
