Logfile for a session of program: bootstrap_binary.r
-----------------------------------------------------
INPUT:
workDir: C:/dino_nature/output/2023-11-07-D1\bs/set_1622
Nbootstrapsets: 2000
phyloFDAfile: c:/dino_nature/code/phylo.fda.R
auxFile: c:/dino_nature/code/auxiliary.r
boneType: femur
regressionData.file: C:/dino_nature/output/2023-11-07-D1\bs/set_1622/femur_set_1622.csv
applyDataFilter: FALSE
addTreeTips: TRUE
Ntrees: 100
calculateTrees: TRUE
saveTrees: FALSE


OPERATIONAL CHECKS:
* Regression data contains multiple copies of some taxa (user added variants of existing test taxa 
   or replacements due to bootstrap are present) which are not in the phylo tree:
     original taxon,   duplicate   
"1","Capreolus_capreolus","Capreolus_capreolus.1"
"2","Ceratotherium_simum","Ceratotherium_simum.1"
"3","Raphus","Raphus.1"
"4","Rhynchocyon_petersi","Rhynchocyon_petersi.1"
"5","Bison_bonasus","Bison_bonasus.1"
"6","Brachyodus_onoideum","Brachyodus_onoideum.1"
"7","Meles_meles","Meles_meles.1"
"8","Apteryx_owenii_","Apteryx_owenii_.1"
"9","Hemiechinus_azurites","Hemiechinus_azurites.1"
"10","Microgale_thomasi","Microgale_thomasi.1"
"11","Taxidea_taxus","Taxidea_taxus.1"
"12","Microgale_thomasi","Microgale_thomasi.2"
"13","Euroscaptor_micrura","Euroscaptor_micrura.1"
"14","Capreolus_capreolus","Capreolus_capreolus.2"
"15","Megaloceros_sp","Megaloceros_sp.1"
"16","Apteryx_australis","Apteryx_australis.1"
"17","Euroscaptor_micrura","Euroscaptor_micrura.2"
"18","Apteryx_australis","Apteryx_australis.2"
"19","Dama_dama","Dama_dama.1"
"20","Xenicus_giliventris","Xenicus_giliventris.1"
"21","Elephas_maximus","Elephas_maximus.1"
"22","Rattus_rattus","Rattus_rattus.1"
"23","Bos_taurus","Bos_taurus.1"
"24","Atlantisia_rogersi","Atlantisia_rogersi.1"
"25","Rhinoceros_sondaicus","Rhinoceros_sondaicus.1"
"26","Simosaurus","Simosaurus.1"
"27","Ichtyosaur_sp","Ichtyosaur_sp.1"
"28","Tapirus_terrestris","Tapirus_terrestris.1"
"29","Desmana_moschata","Desmana_moschata.1"
"30","Placondontia_indet","Placondontia_indet.1"
"31","Paraplacodus","Paraplacodus.1"
"32","large_eocene_stem_penguin","large_eocene_stem_penguin.1"
"33","Nothosaurus_568","Nothosaurus_568.1"
"34","large_eocene_stem_penguin","large_eocene_stem_penguin.2"
"35","Tapirus_terrestris","Tapirus_terrestris.2"
"36","Pistosaurus","Pistosaurus.1"
"37","Phocanella_pumila","Phocanella_pumila.1"
"38","Anarosaurus","Anarosaurus.1"
"39","Desmana_moschata","Desmana_moschata.2"
"40","Protochampsidae","Protochampsidae.1"
"41","Desmana_moschata","Desmana_moschata.3"
"42","Hippopotamus_amphibius","Hippopotamus_amphibius.1"
"43","Indohyus","Indohyus.1"
"44","Nothosaurus_150","Nothosaurus_150.1"
"45","Aptenodytes______","Aptenodytes______.1"
"46","Caiman_yacare","Caiman_yacare.1"
"47","Tapirus_terrestris","Tapirus_terrestris.3"
"48","Champsosaurus","Champsosaurus.1"
"49","Spinosaurus_","Spinosaurus_.1"
"50","Spinosaurus_","Spinosaurus_.2"
"51","Spinosaurus_","Spinosaurus_.3"
"52","Spinosaurus_","Spinosaurus_.4"
"53","Spinosaurus_","Spinosaurus_.5"
"54","Spinosaurus_","Spinosaurus_.6"
"55","Spinosaurus_","Spinosaurus_.7"
"56","Spinosaurus_","Spinosaurus_.8"
"57","Spinosaurus_","Spinosaurus_.9"
"58","Spinosaurus_","Spinosaurus_.10"
"59","Spinosaurus_","Spinosaurus_.11"
"60","Suchomimus","Suchomimus.1"
"61","Suchomimus","Suchomimus.2"
"62","Suchomimus","Suchomimus.3"
"63","Baryonyx","Baryonyx.1"
"64","Baryonyx","Baryonyx.2"
"65","Baryonyx","Baryonyx.3"
 
* Phylo tree and the main data and strata files have been modified to include duplicated taxa before the scaled random trees are generated.
* Selected categorical labels column: diving.or.not
* diving.or.equal column is identical to Diving column.
* Regression excludes flying taxa.
* Diving labels that are present in regression: 0,2
* lambda (calculated from a random tree) = : 0.09
* index-name alignment check: OK
