Logfile for a session of program: bootstrap_binary.r
-----------------------------------------------------
INPUT:
workDir: C:/dino_nature/output/2023-11-07-D1\bs/set_1862
Nbootstrapsets: 2000
phyloFDAfile: c:/dino_nature/code/phylo.fda.R
auxFile: c:/dino_nature/code/auxiliary.r
boneType: femur
regressionData.file: C:/dino_nature/output/2023-11-07-D1\bs/set_1862/femur_set_1862.csv
applyDataFilter: FALSE
addTreeTips: TRUE
Ntrees: 100
calculateTrees: TRUE
saveTrees: FALSE


OPERATIONAL CHECKS:
* Regression data contains multiple copies of some taxa (user added variants of existing test taxa 
   or replacements due to bootstrap are present) which are not in the phylo tree:
     original taxon,   duplicate   
"1","Bison_bonasus","Bison_bonasus.1"
"2","Dasyurus_maculatus","Dasyurus_maculatus.1"
"3","Caloenas_nicobarica","Caloenas_nicobarica.1"
"4","Elephas_maximus","Elephas_maximus.1"
"5","Bison_bonasus","Bison_bonasus.2"
"6","Monodelphis_domestica","Monodelphis_domestica.1"
"7","Caloenas_nicobarica","Caloenas_nicobarica.2"
"8","Apteryx_australis","Apteryx_australis.1"
"9","Elephas_maximus","Elephas_maximus.2"
"10","Pogona_viceps","Pogona_viceps.1"
"11","Uncia_uncia","Uncia_uncia.1"
"12","Caloenas_nicobarica","Caloenas_nicobarica.3"
"13","Dromaius_","Dromaius_.1"
"14","Elephas_maximus","Elephas_maximus.3"
"15","Okapia_johnstoni","Okapia_johnstoni.1"
"16","Dicerorhinus_sumatrensis","Dicerorhinus_sumatrensis.1"
"17","Meles_meles","Meles_meles.1"
"18","Tenrec_ecaudatus","Tenrec_ecaudatus.1"
"19","Elomeryx_borbonicus_","Elomeryx_borbonicus_.1"
"20","Atlantisia_rogersi","Atlantisia_rogersi.1"
"21","Dyrosaurid","Dyrosaurid.1"
"22","Hexaprotodon_garyam","Hexaprotodon_garyam.1"
"23","Choeropsis_liberiensis","Choeropsis_liberiensis.1"
"24","Placodontia_indet_1","Placodontia_indet_1.1"
"25","Plesiosaurus","Plesiosaurus.1"
"26","Rodhocetus","Rodhocetus.1"
"27","Pistosaurus","Pistosaurus.1"
"28","Nothosaurus_568","Nothosaurus_568.1"
"29","Hexaprotodon_garyam","Hexaprotodon_garyam.2"
"30","Basilosaurus","Basilosaurus.1"
"31","Simosaurus_1","Simosaurus_1.1"
"32","Simosaurus_1","Simosaurus_1.2"
"33","Simosaurus","Simosaurus.1"
"34","Serpianosaurus","Serpianosaurus.1"
"35","Cryptoclidus","Cryptoclidus.1"
"36","Dyrosaurid","Dyrosaurid.2"
"37","Choeropsis_liberiensis","Choeropsis_liberiensis.2"
"38","Nothosaurus_150","Nothosaurus_150.1"
"39","Chapsosaurus_","Chapsosaurus_.1"
"40","Chapsosaurus_","Chapsosaurus_.2"
"41","Ichtyosaurus_","Ichtyosaurus_.1"
"42","Nothosaurus_mirabilis_1","Nothosaurus_mirabilis_1.1"
"43","Nothosaurus_568","Nothosaurus_568.2"
"44","Plesiosaurus","Plesiosaurus.2"
"45","Ichtyosaurus_","Ichtyosaurus_.2"
"46","Aptenodytes______","Aptenodytes______.1"
"47","Spinosaurus_","Spinosaurus_.1"
"48","Spinosaurus_","Spinosaurus_.2"
"49","Spinosaurus_","Spinosaurus_.3"
"50","Spinosaurus_","Spinosaurus_.4"
"51","Spinosaurus_","Spinosaurus_.5"
"52","Spinosaurus_","Spinosaurus_.6"
"53","Spinosaurus_","Spinosaurus_.7"
"54","Spinosaurus_","Spinosaurus_.8"
"55","Spinosaurus_","Spinosaurus_.9"
"56","Spinosaurus_","Spinosaurus_.10"
"57","Spinosaurus_","Spinosaurus_.11"
"58","Suchomimus","Suchomimus.1"
"59","Suchomimus","Suchomimus.2"
"60","Suchomimus","Suchomimus.3"
"61","Baryonyx","Baryonyx.1"
"62","Baryonyx","Baryonyx.2"
"63","Baryonyx","Baryonyx.3"
 
* Phylo tree and the main data and strata files have been modified to include duplicated taxa before the scaled random trees are generated.
* Selected categorical labels column: diving.or.not
* diving.or.equal column is identical to Diving column.
* Regression excludes flying taxa.
* Diving labels that are present in regression: 0,2
* lambda (calculated from a random tree) = : 0.26
* index-name alignment check: OK
