Logfile for a session of program: bootstrap_binary.r
-----------------------------------------------------
INPUT:
workDir: C:/dino_nature/output/2023-11-07-D1\bs/set_550
Nbootstrapsets: 2000
phyloFDAfile: c:/dino_nature/code/phylo.fda.R
auxFile: c:/dino_nature/code/auxiliary.r
boneType: femur
regressionData.file: C:/dino_nature/output/2023-11-07-D1\bs/set_550/femur_set_550.csv
applyDataFilter: FALSE
addTreeTips: TRUE
Ntrees: 100
calculateTrees: TRUE
saveTrees: FALSE


OPERATIONAL CHECKS:
* Regression data contains multiple copies of some taxa (user added variants of existing test taxa 
   or replacements due to bootstrap are present) which are not in the phylo tree:
     original taxon,   duplicate   
"1","Ceratotherium_simum","Ceratotherium_simum.1"
"2","Ceratotherium_simum","Ceratotherium_simum.2"
"3","Atlantisia_rogersi","Atlantisia_rogersi.1"
"4","Giraffa_camelopardalis","Giraffa_camelopardalis.1"
"5","Syncerus_caffer","Syncerus_caffer.1"
"6","Elomeryx_borbonicus_","Elomeryx_borbonicus_.1"
"7","Apteryx_australis","Apteryx_australis.1"
"8","Tribonyx_mortieri","Tribonyx_mortieri.1"
"9","Uncia_uncia","Uncia_uncia.1"
"10","Capreolus_capreolus","Capreolus_capreolus.1"
"11","Okapia_johnstoni","Okapia_johnstoni.1"
"12","Elomeryx_borbonicus_","Elomeryx_borbonicus_.2"
"13","Pogona_viceps","Pogona_viceps.1"
"14","Alces_americanus","Alces_americanus.1"
"15","Rhinoceros_sondaicus","Rhinoceros_sondaicus.1"
"16","Apteryx_australis","Apteryx_australis.2"
"17","Uncia_uncia","Uncia_uncia.2"
"18","Brachyodus_onoideum","Brachyodus_onoideum.1"
"19","Myrmecophaga_tridactyla","Myrmecophaga_tridactyla.1"
"20","Procavia_capensis","Procavia_capensis.1"
"21","Procavia_capensis","Procavia_capensis.2"
"22","Uncia_uncia","Uncia_uncia.3"
"23","Callophoca_obscura","Callophoca_obscura.1"
"24","Hippopotamus_amphibius","Hippopotamus_amphibius.1"
"25","Nanophoca_vitulinoides","Nanophoca_vitulinoides.1"
"26","Castor_fiber","Castor_fiber.1"
"27","Nothosaurus_mirabilis_1","Nothosaurus_mirabilis_1.1"
"28","Hippopotamus_amphibius","Hippopotamus_amphibius.2"
"29","Phocanella_pumila","Phocanella_pumila.1"
"30","Placondontia_indet","Placondontia_indet.1"
"31","Plesiosaurus","Plesiosaurus.1"
"32","Hydromys_chrysogaster","Hydromys_chrysogaster.1"
"33","Protochampsidae","Protochampsidae.1"
"34","Hydromys_chrysogaster","Hydromys_chrysogaster.2"
"35","Placodontia_indet_1","Placodontia_indet_1.1"
"36","Caiman_yacare","Caiman_yacare.1"
"37","Plesiosaurus","Plesiosaurus.2"
"38","Nothosaurus_102","Nothosaurus_102.1"
"39","Hippopotamus_amphibius","Hippopotamus_amphibius.3"
"40","Chapsosaurus_","Chapsosaurus_.1"
"41","Neusticosaurus","Neusticosaurus.1"
"42","Neusticosaurus","Neusticosaurus.2"
"43","Plesiosaurus","Plesiosaurus.3"
"44","Indohyus","Indohyus.1"
"45","Choeropsis_liberiensis","Choeropsis_liberiensis.1"
"46","Anarosaurus","Anarosaurus.1"
"47","Psephoderma","Psephoderma.1"
"48","Spinosaurus_","Spinosaurus_.1"
"49","Spinosaurus_","Spinosaurus_.2"
"50","Spinosaurus_","Spinosaurus_.3"
"51","Spinosaurus_","Spinosaurus_.4"
"52","Spinosaurus_","Spinosaurus_.5"
"53","Spinosaurus_","Spinosaurus_.6"
"54","Spinosaurus_","Spinosaurus_.7"
"55","Spinosaurus_","Spinosaurus_.8"
"56","Spinosaurus_","Spinosaurus_.9"
"57","Spinosaurus_","Spinosaurus_.10"
"58","Spinosaurus_","Spinosaurus_.11"
"59","Suchomimus","Suchomimus.1"
"60","Suchomimus","Suchomimus.2"
"61","Suchomimus","Suchomimus.3"
"62","Baryonyx","Baryonyx.1"
"63","Baryonyx","Baryonyx.2"
"64","Baryonyx","Baryonyx.3"
 
* Phylo tree and the main data and strata files have been modified to include duplicated taxa before the scaled random trees are generated.
* Selected categorical labels column: diving.or.not
* diving.or.equal column is identical to Diving column.
* Regression excludes flying taxa.
* Diving labels that are present in regression: 0,2
* lambda (calculated from a random tree) = : 0.12
* index-name alignment check: OK
