Logfile for a session of program: bootstrap_binary.r
-----------------------------------------------------
INPUT:
workDir: C:/dino_nature/output/2023-11-07-D1\bs/set_352
Nbootstrapsets: 2000
phyloFDAfile: c:/dino_nature/code/phylo.fda.R
auxFile: c:/dino_nature/code/auxiliary.r
boneType: femur
regressionData.file: C:/dino_nature/output/2023-11-07-D1\bs/set_352/femur_set_352.csv
applyDataFilter: FALSE
addTreeTips: TRUE
Ntrees: 100
calculateTrees: TRUE
saveTrees: FALSE


OPERATIONAL CHECKS:
* Regression data contains multiple copies of some taxa (user added variants of existing test taxa 
   or replacements due to bootstrap are present) which are not in the phylo tree:
     original taxon,   duplicate   
"1","Tenrec_ecaudatus","Tenrec_ecaudatus.1"
"2","Mammuthus_sp","Mammuthus_sp.1"
"3","Microgale_thomasi","Microgale_thomasi.1"
"4","Taxidea_taxus","Taxidea_taxus.1"
"5","Tribonyx_mortieri","Tribonyx_mortieri.1"
"6","Tenrec_ecaudatus","Tenrec_ecaudatus.2"
"7","Rupicapra_rupicapra","Rupicapra_rupicapra.1"
"8","Apteryx_australis","Apteryx_australis.1"
"9","Rhinoceros_sondaicus","Rhinoceros_sondaicus.1"
"10","Tamandua_tetradactyla","Tamandua_tetradactyla.1"
"11","Myrmecophaga_tridactyla","Myrmecophaga_tridactyla.1"
"12","Tenrec_ecaudatus","Tenrec_ecaudatus.3"
"13","Strigiops_habroptilus","Strigiops_habroptilus.1"
"14","Strigiops_habroptilus","Strigiops_habroptilus.2"
"15","Rupicapra_rupicapra","Rupicapra_rupicapra.2"
"16","Mammuthus_sp","Mammuthus_sp.2"
"17","Taxidea_taxus","Taxidea_taxus.2"
"18","Euroscaptor_micrura","Euroscaptor_micrura.1"
"19","Noemys_fodies","Noemys_fodies.1"
"20","Noemys_fodies","Noemys_fodies.2"
"21","Phalacrocorax_harrisi","Phalacrocorax_harrisi.1"
"22","Phalacrocorax_harrisi","Phalacrocorax_harrisi.2"
"23","Rodhocetus","Rodhocetus.1"
"24","Ichtyosaur_sp","Ichtyosaur_sp.1"
"25","Castor_fiber","Castor_fiber.1"
"26","Rodhocetus","Rodhocetus.2"
"27","Ichtyosaur_sp","Ichtyosaur_sp.2"
"28","Lutra_vulgaris","Lutra_vulgaris.1"
"29","Phalacrocorax_harrisi","Phalacrocorax_harrisi.3"
"30","Rodhocetus","Rodhocetus.3"
"31","Nanophoca_vitulinoides","Nanophoca_vitulinoides.1"
"32","Chironectes_minimus","Chironectes_minimus.1"
"33","Choeropsis_liberiensis","Choeropsis_liberiensis.1"
"34","Aptenodytes______","Aptenodytes______.1"
"35","Hippopotamus_amphibius","Hippopotamus_amphibius.1"
"36","Phalacrocorax_harrisi","Phalacrocorax_harrisi.4"
"37","Basilosaurus","Basilosaurus.1"
"38","Desmana_moschata","Desmana_moschata.1"
"39","Basilosaurus","Basilosaurus.2"
"40","Rhaeticosaurus","Rhaeticosaurus.1"
"41","Ornithorhynchus_anatinus","Ornithorhynchus_anatinus.1"
"42","Hippopotamus_amphibius","Hippopotamus_amphibius.2"
"43","Metryorhynchus","Metryorhynchus.1"
"44","Spinosaurus_","Spinosaurus_.1"
"45","Spinosaurus_","Spinosaurus_.2"
"46","Spinosaurus_","Spinosaurus_.3"
"47","Spinosaurus_","Spinosaurus_.4"
"48","Spinosaurus_","Spinosaurus_.5"
"49","Spinosaurus_","Spinosaurus_.6"
"50","Spinosaurus_","Spinosaurus_.7"
"51","Spinosaurus_","Spinosaurus_.8"
"52","Spinosaurus_","Spinosaurus_.9"
"53","Spinosaurus_","Spinosaurus_.10"
"54","Spinosaurus_","Spinosaurus_.11"
"55","Suchomimus","Suchomimus.1"
"56","Suchomimus","Suchomimus.2"
"57","Suchomimus","Suchomimus.3"
"58","Baryonyx","Baryonyx.1"
"59","Baryonyx","Baryonyx.2"
"60","Baryonyx","Baryonyx.3"
 
* Phylo tree and the main data and strata files have been modified to include duplicated taxa before the scaled random trees are generated.
* Selected categorical labels column: diving.or.not
* diving.or.equal column is identical to Diving column.
* Regression excludes flying taxa.
* Diving labels that are present in regression: 0,2
* lambda (calculated from a random tree) = : 0.13
* index-name alignment check: OK
