Logfile for a session of program: bootstrap_binary.r
-----------------------------------------------------
INPUT:
workDir: C:/dino_nature/output/2023-11-07-D1\bs/set_380
Nbootstrapsets: 2000
phyloFDAfile: c:/dino_nature/code/phylo.fda.R
auxFile: c:/dino_nature/code/auxiliary.r
boneType: femur
regressionData.file: C:/dino_nature/output/2023-11-07-D1\bs/set_380/femur_set_380.csv
applyDataFilter: FALSE
addTreeTips: TRUE
Ntrees: 100
calculateTrees: TRUE
saveTrees: FALSE


OPERATIONAL CHECKS:
* Regression data contains multiple copies of some taxa (user added variants of existing test taxa 
   or replacements due to bootstrap are present) which are not in the phylo tree:
     original taxon,   duplicate   
"1","Bison_bonasus","Bison_bonasus.1"
"2","Bison_bonasus","Bison_bonasus.2"
"3","Giraffa_camelopardalis","Giraffa_camelopardalis.1"
"4","Elephas_maximus","Elephas_maximus.1"
"5","Monodelphis_domestica","Monodelphis_domestica.1"
"6","Brachyodus_onoideum","Brachyodus_onoideum.1"
"7","Mustela_nivalis","Mustela_nivalis.1"
"8","Syncerus_caffer","Syncerus_caffer.1"
"9","Microgale_thomasi","Microgale_thomasi.1"
"10","Taxidea_taxus","Taxidea_taxus.1"
"11","Paguma_larvata","Paguma_larvata.1"
"12","Myrmecophaga_tridactyla","Myrmecophaga_tridactyla.1"
"13","Elephas_maximus","Elephas_maximus.2"
"14","Alces_americanus","Alces_americanus.1"
"15","Meles_meles","Meles_meles.1"
"16","Meles_meles","Meles_meles.2"
"17","Syncerus_caffer","Syncerus_caffer.2"
"18","Cricosaurus","Cricosaurus.1"
"19","Phocanella_pumila","Phocanella_pumila.1"
"20","Palaeospheniscus","Palaeospheniscus.1"
"21","Neusticosaurus","Neusticosaurus.1"
"22","Simosaurus_1","Simosaurus_1.1"
"23","Micropotamogale_euwenzorii","Micropotamogale_euwenzorii.1"
"24","Basilosaurus","Basilosaurus.1"
"25","Leptophoca_proxima","Leptophoca_proxima.1"
"26","Desmana_moschata","Desmana_moschata.1"
"27","Remingtonocetus","Remingtonocetus.1"
"28","Nothosaurus_mirabilis_1","Nothosaurus_mirabilis_1.1"
"29","Cricosaurus","Cricosaurus.2"
"30","Cricosaurus","Cricosaurus.3"
"31","Metryorhynchus","Metryorhynchus.1"
"32","Cryptoclidus","Cryptoclidus.1"
"33","Metryorhynchus","Metryorhynchus.2"
"34","Palaeospheniscus","Palaeospheniscus.2"
"35","Hydromys_chrysogaster","Hydromys_chrysogaster.1"
"36","Hexaprotodon_garyam","Hexaprotodon_garyam.1"
"37","Psephoderma","Psephoderma.1"
"38","Basilosaurus","Basilosaurus.2"
"39","Placondontia_indet","Placondontia_indet.1"
"40","Castor_fiber","Castor_fiber.1"
"41","Spinosaurus_","Spinosaurus_.1"
"42","Spinosaurus_","Spinosaurus_.2"
"43","Spinosaurus_","Spinosaurus_.3"
"44","Spinosaurus_","Spinosaurus_.4"
"45","Spinosaurus_","Spinosaurus_.5"
"46","Spinosaurus_","Spinosaurus_.6"
"47","Spinosaurus_","Spinosaurus_.7"
"48","Spinosaurus_","Spinosaurus_.8"
"49","Spinosaurus_","Spinosaurus_.9"
"50","Spinosaurus_","Spinosaurus_.10"
"51","Spinosaurus_","Spinosaurus_.11"
"52","Suchomimus","Suchomimus.1"
"53","Suchomimus","Suchomimus.2"
"54","Suchomimus","Suchomimus.3"
"55","Baryonyx","Baryonyx.1"
"56","Baryonyx","Baryonyx.2"
"57","Baryonyx","Baryonyx.3"
 
* Phylo tree and the main data and strata files have been modified to include duplicated taxa before the scaled random trees are generated.
* Selected categorical labels column: diving.or.not
* diving.or.equal column is identical to Diving column.
* Regression excludes flying taxa.
* Diving labels that are present in regression: 0,2
* lambda (calculated from a random tree) = : 0.09
* index-name alignment check: OK
