Logfile for a session of program: bootstrap_binary.r
-----------------------------------------------------
INPUT:
workDir: C:/dino_nature/output/2023-11-07-D1\bs/set_1718
Nbootstrapsets: 2000
phyloFDAfile: c:/dino_nature/code/phylo.fda.R
auxFile: c:/dino_nature/code/auxiliary.r
boneType: femur
regressionData.file: C:/dino_nature/output/2023-11-07-D1\bs/set_1718/femur_set_1718.csv
applyDataFilter: FALSE
addTreeTips: TRUE
Ntrees: 100
calculateTrees: TRUE
saveTrees: FALSE


OPERATIONAL CHECKS:
* Regression data contains multiple copies of some taxa (user added variants of existing test taxa 
   or replacements due to bootstrap are present) which are not in the phylo tree:
     original taxon,   duplicate   
"1","Ceratotherium_simum","Ceratotherium_simum.1"
"2","Raphus","Raphus.1"
"3","Hemiechinus_azurites","Hemiechinus_azurites.1"
"4","Microgale_thomasi","Microgale_thomasi.1"
"5","Loxodonta_africana","Loxodonta_africana.1"
"6","Xenicus_giliventris","Xenicus_giliventris.1"
"7","Procavia_capensis","Procavia_capensis.1"
"8","Giraffa_camelopardalis","Giraffa_camelopardalis.1"
"9","Meles_meles","Meles_meles.1"
"10","Dicerorhinus_sumatrensis","Dicerorhinus_sumatrensis.1"
"11","Xenicus_giliventris","Xenicus_giliventris.2"
"12","Procavia_capensis","Procavia_capensis.2"
"13","Syncerus_caffer","Syncerus_caffer.1"
"14","Rattus_rattus","Rattus_rattus.1"
"15","Hemiechinus_azurites","Hemiechinus_azurites.2"
"16","Hemiechinus_azurites","Hemiechinus_azurites.3"
"17","Aptenodytes______","Aptenodytes______.1"
"18","Otaria_byronia","Otaria_byronia.1"
"19","Castor_fiber","Castor_fiber.1"
"20","Castor_fiber","Castor_fiber.2"
"21","Serpianosaurus","Serpianosaurus.1"
"22","Castor_fiber","Castor_fiber.3"
"23","Caiman_yacare","Caiman_yacare.1"
"24","Ichtyosaur_sp","Ichtyosaur_sp.1"
"25","Otaria_byronia","Otaria_byronia.2"
"26","Caiman_yacare","Caiman_yacare.2"
"27","Protochampsidae","Protochampsidae.1"
"28","Cryptoclidus","Cryptoclidus.1"
"29","large_eocene_stem_penguin","large_eocene_stem_penguin.1"
"30","Alligator","Alligator.1"
"31","Chironectes_minimus","Chironectes_minimus.1"
"32","Protochampsidae","Protochampsidae.2"
"33","Alligator","Alligator.2"
"34","Chapsosaurus_","Chapsosaurus_.1"
"35","Caiman_yacare","Caiman_yacare.3"
"36","Simosaurus_1","Simosaurus_1.1"
"37","Small_Eocene_penguin","Small_Eocene_penguin.1"
"38","Phalacrocorax_harrisi","Phalacrocorax_harrisi.1"
"39","Lutra_vulgaris","Lutra_vulgaris.1"
"40","Hydromys_chrysogaster","Hydromys_chrysogaster.1"
"41","Chapsosaurus_","Chapsosaurus_.2"
"42","Plesiosaurus","Plesiosaurus.1"
"43","Cryptoclidus","Cryptoclidus.2"
"44","Spinosaurus_","Spinosaurus_.1"
"45","Spinosaurus_","Spinosaurus_.2"
"46","Spinosaurus_","Spinosaurus_.3"
"47","Spinosaurus_","Spinosaurus_.4"
"48","Spinosaurus_","Spinosaurus_.5"
"49","Spinosaurus_","Spinosaurus_.6"
"50","Spinosaurus_","Spinosaurus_.7"
"51","Spinosaurus_","Spinosaurus_.8"
"52","Spinosaurus_","Spinosaurus_.9"
"53","Spinosaurus_","Spinosaurus_.10"
"54","Spinosaurus_","Spinosaurus_.11"
"55","Suchomimus","Suchomimus.1"
"56","Suchomimus","Suchomimus.2"
"57","Suchomimus","Suchomimus.3"
"58","Baryonyx","Baryonyx.1"
"59","Baryonyx","Baryonyx.2"
"60","Baryonyx","Baryonyx.3"
 
* Phylo tree and the main data and strata files have been modified to include duplicated taxa before the scaled random trees are generated.
* Selected categorical labels column: diving.or.not
* diving.or.equal column is identical to Diving column.
* Regression excludes flying taxa.
* Diving labels that are present in regression: 0,2
* lambda (calculated from a random tree) = : 0.14
* index-name alignment check: OK
