Logfile for a session of program: bootstrap_binary.r
-----------------------------------------------------
INPUT:
workDir: C:/dino_nature/output/2023-11-07-D1\bs/set_1270
Nbootstrapsets: 2000
phyloFDAfile: c:/dino_nature/code/phylo.fda.R
auxFile: c:/dino_nature/code/auxiliary.r
boneType: femur
regressionData.file: C:/dino_nature/output/2023-11-07-D1\bs/set_1270/femur_set_1270.csv
applyDataFilter: FALSE
addTreeTips: TRUE
Ntrees: 100
calculateTrees: TRUE
saveTrees: FALSE


OPERATIONAL CHECKS:
* Regression data contains multiple copies of some taxa (user added variants of existing test taxa 
   or replacements due to bootstrap are present) which are not in the phylo tree:
     original taxon,   duplicate   
"1","Euroscaptor_micrura","Euroscaptor_micrura.1"
"2","Dama_dama","Dama_dama.1"
"3","Ceratotherium_simum","Ceratotherium_simum.1"
"4","Mammuthus_sp","Mammuthus_sp.1"
"5","Myrmecophaga_tridactyla","Myrmecophaga_tridactyla.1"
"6","Vulpes_vulpes","Vulpes_vulpes.1"
"7","Bison_bonasus","Bison_bonasus.1"
"8","Vulpes_vulpes","Vulpes_vulpes.2"
"9","Apteryx_owenii_","Apteryx_owenii_.1"
"10","Rhinoceros_sondaicus","Rhinoceros_sondaicus.1"
"11","Myrmecophaga_tridactyla","Myrmecophaga_tridactyla.2"
"12","Cephalophus_silvicultor","Cephalophus_silvicultor.1"
"13","Felis_felis","Felis_felis.1"
"14","Myrmecophaga_tridactyla","Myrmecophaga_tridactyla.3"
"15","Nyctereutes_procyonoides","Nyctereutes_procyonoides.1"
"16","Mustela_nivalis","Mustela_nivalis.1"
"17","Bison_bonasus","Bison_bonasus.2"
"18","Loxodonta_africana","Loxodonta_africana.1"
"19","Mammuthus_sp","Mammuthus_sp.2"
"20","Dicerorhinus_sumatrensis","Dicerorhinus_sumatrensis.1"
"21","Bison_bonasus","Bison_bonasus.3"
"22","Tenrec_ecaudatus","Tenrec_ecaudatus.1"
"23","Nothosaurus_150","Nothosaurus_150.1"
"24","Nothosaurus_mirabilis_1","Nothosaurus_mirabilis_1.1"
"25","Castor_fiber","Castor_fiber.1"
"26","Neusticosaurus","Neusticosaurus.1"
"27","Cryptoclidus","Cryptoclidus.1"
"28","Caiman_yacare","Caiman_yacare.1"
"29","Dyrosaurid","Dyrosaurid.1"
"30","Nothosaurus_150","Nothosaurus_150.2"
"31","Maiacetus","Maiacetus.1"
"32","Protochampsidae","Protochampsidae.1"
"33","Nanophoca_vitulinoides","Nanophoca_vitulinoides.1"
"34","Ichtyosaur_sp","Ichtyosaur_sp.1"
"35","Ichtyosaur_sp","Ichtyosaur_sp.2"
"36","Protochampsidae","Protochampsidae.2"
"37","Simosaurus_1","Simosaurus_1.1"
"38","Lutra_vulgaris","Lutra_vulgaris.1"
"39","Rodhocetus","Rodhocetus.1"
"40","Noemys_fodies","Noemys_fodies.1"
"41","Spheniscus","Spheniscus.1"
"42","Neusticosaurus","Neusticosaurus.2"
"43","Spinosaurus_","Spinosaurus_.1"
"44","Spinosaurus_","Spinosaurus_.2"
"45","Spinosaurus_","Spinosaurus_.3"
"46","Spinosaurus_","Spinosaurus_.4"
"47","Spinosaurus_","Spinosaurus_.5"
"48","Spinosaurus_","Spinosaurus_.6"
"49","Spinosaurus_","Spinosaurus_.7"
"50","Spinosaurus_","Spinosaurus_.8"
"51","Spinosaurus_","Spinosaurus_.9"
"52","Spinosaurus_","Spinosaurus_.10"
"53","Spinosaurus_","Spinosaurus_.11"
"54","Suchomimus","Suchomimus.1"
"55","Suchomimus","Suchomimus.2"
"56","Suchomimus","Suchomimus.3"
"57","Baryonyx","Baryonyx.1"
"58","Baryonyx","Baryonyx.2"
"59","Baryonyx","Baryonyx.3"
 
* Phylo tree and the main data and strata files have been modified to include duplicated taxa before the scaled random trees are generated.
* Selected categorical labels column: diving.or.not
* diving.or.equal column is identical to Diving column.
* Regression excludes flying taxa.
* Diving labels that are present in regression: 0,2
* lambda (calculated from a random tree) = : 0.18
* index-name alignment check: OK
