Logfile for a session of program: bootstrap_binary.r
-----------------------------------------------------
INPUT:
workDir: C:/dino_nature/output/2023-11-07-D1\bs/set_1935
Nbootstrapsets: 2000
phyloFDAfile: c:/dino_nature/code/phylo.fda.R
auxFile: c:/dino_nature/code/auxiliary.r
boneType: femur
regressionData.file: C:/dino_nature/output/2023-11-07-D1\bs/set_1935/femur_set_1935.csv
applyDataFilter: FALSE
addTreeTips: TRUE
Ntrees: 100
calculateTrees: TRUE
saveTrees: FALSE


OPERATIONAL CHECKS:
* Regression data contains multiple copies of some taxa (user added variants of existing test taxa 
   or replacements due to bootstrap are present) which are not in the phylo tree:
     original taxon,   duplicate   
"1","Xenicus_giliventris","Xenicus_giliventris.1"
"2","Elomeryx_borbonicus_","Elomeryx_borbonicus_.1"
"3","Loxodonta_africana","Loxodonta_africana.1"
"4","Xenicus_giliventris","Xenicus_giliventris.2"
"5","Diplomesodon_pulchellum","Diplomesodon_pulchellum.1"
"6","Strigiops_habroptilus","Strigiops_habroptilus.1"
"7","Dicerorhinus_sumatrensis","Dicerorhinus_sumatrensis.1"
"8","Xenicus_giliventris","Xenicus_giliventris.3"
"9","Meles_meles","Meles_meles.1"
"10","Caloenas_nicobarica","Caloenas_nicobarica.1"
"11","Caloenas_nicobarica","Caloenas_nicobarica.2"
"12","Caloenas_nicobarica","Caloenas_nicobarica.3"
"13","Hemiechinus_azurites","Hemiechinus_azurites.1"
"14","Myrmecophaga_tridactyla","Myrmecophaga_tridactyla.1"
"15","Loxodonta_africana","Loxodonta_africana.2"
"16","Rhinoceros_sondaicus","Rhinoceros_sondaicus.1"
"17","Microgale_thomasi","Microgale_thomasi.1"
"18","Xenicus_giliventris","Xenicus_giliventris.4"
"19","Lacerta_viridis","Lacerta_viridis.1"
"20","Brachyodus_onoideum","Brachyodus_onoideum.1"
"21","Strigiops_habroptilus","Strigiops_habroptilus.2"
"22","Dromaius_","Dromaius_.1"
"23","Tenrec_ecaudatus","Tenrec_ecaudatus.1"
"24","Palaeospheniscus","Palaeospheniscus.1"
"25","Otaria_byronia","Otaria_byronia.1"
"26","Otaria_byronia","Otaria_byronia.2"
"27","Nothosaurus_568","Nothosaurus_568.1"
"28","Desmana_moschata","Desmana_moschata.1"
"29","Desmostylus_hesperus","Desmostylus_hesperus.1"
"30","Nothosaurus_mirabilis","Nothosaurus_mirabilis.1"
"31","Plesiosaurus","Plesiosaurus.1"
"32","Ornithorhynchus_anatinus","Ornithorhynchus_anatinus.1"
"33","Choeropsis_liberiensis","Choeropsis_liberiensis.1"
"34","Hydromys_chrysogaster","Hydromys_chrysogaster.1"
"35","Hexaprotodon_garyam","Hexaprotodon_garyam.1"
"36","Paraplacodus","Paraplacodus.1"
"37","Hesperornis","Hesperornis.1"
"38","Hexaprotodon_garyam","Hexaprotodon_garyam.2"
"39","Desmostylus_hesperus","Desmostylus_hesperus.2"
"40","Palaeospheniscus","Palaeospheniscus.2"
"41","Desmostylus_hesperus","Desmostylus_hesperus.3"
"42","Cricosaurus","Cricosaurus.1"
"43","Plesiosaurus","Plesiosaurus.2"
"44","Serpianosaurus","Serpianosaurus.1"
"45","Tapirus_terrestris","Tapirus_terrestris.1"
"46","Lutra_vulgaris","Lutra_vulgaris.1"
"47","Rhaeticosaurus","Rhaeticosaurus.1"
"48","Serpianosaurus","Serpianosaurus.2"
"49","Spinosaurus_","Spinosaurus_.1"
"50","Spinosaurus_","Spinosaurus_.2"
"51","Spinosaurus_","Spinosaurus_.3"
"52","Spinosaurus_","Spinosaurus_.4"
"53","Spinosaurus_","Spinosaurus_.5"
"54","Spinosaurus_","Spinosaurus_.6"
"55","Spinosaurus_","Spinosaurus_.7"
"56","Spinosaurus_","Spinosaurus_.8"
"57","Spinosaurus_","Spinosaurus_.9"
"58","Spinosaurus_","Spinosaurus_.10"
"59","Spinosaurus_","Spinosaurus_.11"
"60","Suchomimus","Suchomimus.1"
"61","Suchomimus","Suchomimus.2"
"62","Suchomimus","Suchomimus.3"
"63","Baryonyx","Baryonyx.1"
"64","Baryonyx","Baryonyx.2"
"65","Baryonyx","Baryonyx.3"
 
* Phylo tree and the main data and strata files have been modified to include duplicated taxa before the scaled random trees are generated.
* Selected categorical labels column: diving.or.not
* diving.or.equal column is identical to Diving column.
* Regression excludes flying taxa.
* Diving labels that are present in regression: 0,2
* lambda (calculated from a random tree) = : 0.06
* index-name alignment check: OK
