Logfile for a session of program: bootstrap_binary.r
-----------------------------------------------------
INPUT:
workDir: C:/dino_nature/output/2023-11-07-D1\bs/set_1128
Nbootstrapsets: 2000
phyloFDAfile: c:/dino_nature/code/phylo.fda.R
auxFile: c:/dino_nature/code/auxiliary.r
boneType: femur
regressionData.file: C:/dino_nature/output/2023-11-07-D1\bs/set_1128/femur_set_1128.csv
applyDataFilter: FALSE
addTreeTips: TRUE
Ntrees: 100
calculateTrees: TRUE
saveTrees: FALSE


OPERATIONAL CHECKS:
* Regression data contains multiple copies of some taxa (user added variants of existing test taxa 
   or replacements due to bootstrap are present) which are not in the phylo tree:
     original taxon,   duplicate   
"1","Atlantisia_rogersi","Atlantisia_rogersi.1"
"2","Euroscaptor_micrura","Euroscaptor_micrura.1"
"3","Procyon_lotor","Procyon_lotor.1"
"4","Meles_meles","Meles_meles.1"
"5","Brachyodus_onoideum","Brachyodus_onoideum.1"
"6","Bison_bonasus","Bison_bonasus.1"
"7","Strigiops_habroptilus","Strigiops_habroptilus.1"
"8","Mustela_nivalis","Mustela_nivalis.1"
"9","Apteryx_owenii_","Apteryx_owenii_.1"
"10","Procyon_lotor","Procyon_lotor.2"
"11","Uncia_uncia","Uncia_uncia.1"
"12","Taxidea_taxus","Taxidea_taxus.1"
"13","Taxidea_taxus","Taxidea_taxus.2"
"14","Mustela_nivalis","Mustela_nivalis.2"
"15","Apteryx_australis","Apteryx_australis.1"
"16","Taxidea_taxus","Taxidea_taxus.3"
"17","Hemiechinus_azurites","Hemiechinus_azurites.1"
"18","Lama_guanicoe","Lama_guanicoe.1"
"19","Microgale_thomasi","Microgale_thomasi.1"
"20","Alces_americanus","Alces_americanus.1"
"21","Uncia_uncia","Uncia_uncia.2"
"22","Strigiops_habroptilus","Strigiops_habroptilus.2"
"23","Otaria_byronia","Otaria_byronia.1"
"24","Anarosaurus","Anarosaurus.1"
"25","Hexaprotodon_garyam","Hexaprotodon_garyam.1"
"26","Tapirus_terrestris","Tapirus_terrestris.1"
"27","Indohyus","Indohyus.1"
"28","Anarosaurus","Anarosaurus.2"
"29","Pistosaurus","Pistosaurus.1"
"30","Nanophoca_vitulinoides","Nanophoca_vitulinoides.1"
"31","Tapirus_terrestris","Tapirus_terrestris.2"
"32","Anarosaurus","Anarosaurus.3"
"33","Indohyus","Indohyus.2"
"34","Indohyus","Indohyus.3"
"35","Placodontia_indet_1","Placodontia_indet_1.1"
"36","Psephoderma","Psephoderma.1"
"37","Phalacrocorax_harrisi","Phalacrocorax_harrisi.1"
"38","Tapirus_terrestris","Tapirus_terrestris.3"
"39","Nanophoca_vitulinoides","Nanophoca_vitulinoides.2"
"40","Desmostylus_hesperus","Desmostylus_hesperus.1"
"41","Plesiosaurus","Plesiosaurus.1"
"42","Neusticosaurus","Neusticosaurus.1"
"43","Ichtyosaurus_","Ichtyosaurus_.1"
"44","Otaria_byronia","Otaria_byronia.2"
"45","Spinosaurus_","Spinosaurus_.1"
"46","Spinosaurus_","Spinosaurus_.2"
"47","Spinosaurus_","Spinosaurus_.3"
"48","Spinosaurus_","Spinosaurus_.4"
"49","Spinosaurus_","Spinosaurus_.5"
"50","Spinosaurus_","Spinosaurus_.6"
"51","Spinosaurus_","Spinosaurus_.7"
"52","Spinosaurus_","Spinosaurus_.8"
"53","Spinosaurus_","Spinosaurus_.9"
"54","Spinosaurus_","Spinosaurus_.10"
"55","Spinosaurus_","Spinosaurus_.11"
"56","Suchomimus","Suchomimus.1"
"57","Suchomimus","Suchomimus.2"
"58","Suchomimus","Suchomimus.3"
"59","Baryonyx","Baryonyx.1"
"60","Baryonyx","Baryonyx.2"
"61","Baryonyx","Baryonyx.3"
 
* Phylo tree and the main data and strata files have been modified to include duplicated taxa before the scaled random trees are generated.
* Selected categorical labels column: diving.or.not
* diving.or.equal column is identical to Diving column.
* Regression excludes flying taxa.
* Diving labels that are present in regression: 0,2
* lambda (calculated from a random tree) = : 0.07
* index-name alignment check: OK
