Logfile for a session of program: bootstrap_binary.r
-----------------------------------------------------
INPUT:
workDir: C:/dino_nature/output/2023-11-07-D1\bs/set_1132
Nbootstrapsets: 2000
phyloFDAfile: c:/dino_nature/code/phylo.fda.R
auxFile: c:/dino_nature/code/auxiliary.r
boneType: femur
regressionData.file: C:/dino_nature/output/2023-11-07-D1\bs/set_1132/femur_set_1132.csv
applyDataFilter: FALSE
addTreeTips: TRUE
Ntrees: 100
calculateTrees: TRUE
saveTrees: FALSE


OPERATIONAL CHECKS:
* Regression data contains multiple copies of some taxa (user added variants of existing test taxa 
   or replacements due to bootstrap are present) which are not in the phylo tree:
     original taxon,   duplicate   
"1","Mammuthus_sp","Mammuthus_sp.1"
"2","Diplomesodon_pulchellum","Diplomesodon_pulchellum.1"
"3","Sus_scrofa","Sus_scrofa.1"
"4","Euroscaptor_micrura","Euroscaptor_micrura.1"
"5","Bos_taurus","Bos_taurus.1"
"6","Uncia_uncia","Uncia_uncia.1"
"7","Hemiechinus_azurites","Hemiechinus_azurites.1"
"8","Elomeryx_borbonicus_","Elomeryx_borbonicus_.1"
"9","Bos_taurus","Bos_taurus.2"
"10","Elephas_maximus","Elephas_maximus.1"
"11","Mammuthus_sp","Mammuthus_sp.2"
"12","Mammuthus_sp","Mammuthus_sp.3"
"13","Cephalophus_silvicultor","Cephalophus_silvicultor.1"
"14","Diplomesodon_pulchellum","Diplomesodon_pulchellum.2"
"15","Monodelphis_domestica","Monodelphis_domestica.1"
"16","Hemiechinus_azurites","Hemiechinus_azurites.2"
"17","Monodelphis_domestica","Monodelphis_domestica.2"
"18","Hemiechinus_azurites","Hemiechinus_azurites.3"
"19","Cephalophus_silvicultor","Cephalophus_silvicultor.2"
"20","Taxidea_taxus","Taxidea_taxus.1"
"21","Aptenodytes______","Aptenodytes______.1"
"22","Hydromys_chrysogaster","Hydromys_chrysogaster.1"
"23","Phalacrocorax_harrisi","Phalacrocorax_harrisi.1"
"24","Desmostylus_hesperus","Desmostylus_hesperus.1"
"25","Desmostylus_hesperus","Desmostylus_hesperus.2"
"26","Phalacrocorax_harrisi","Phalacrocorax_harrisi.2"
"27","Simosaurus","Simosaurus.1"
"28","Cricosaurus","Cricosaurus.1"
"29","Paraplacodus","Paraplacodus.1"
"30","Basilosaurus","Basilosaurus.1"
"31","Otaria_byronia","Otaria_byronia.1"
"32","Paraplacodus","Paraplacodus.2"
"33","Pistosaurus","Pistosaurus.1"
"34","Cricosaurus","Cricosaurus.2"
"35","Neusticosaurus","Neusticosaurus.1"
"36","Protochampsidae","Protochampsidae.1"
"37","Alligator","Alligator.1"
"38","Spinosaurus_","Spinosaurus_.1"
"39","Spinosaurus_","Spinosaurus_.2"
"40","Spinosaurus_","Spinosaurus_.3"
"41","Spinosaurus_","Spinosaurus_.4"
"42","Spinosaurus_","Spinosaurus_.5"
"43","Spinosaurus_","Spinosaurus_.6"
"44","Spinosaurus_","Spinosaurus_.7"
"45","Spinosaurus_","Spinosaurus_.8"
"46","Spinosaurus_","Spinosaurus_.9"
"47","Spinosaurus_","Spinosaurus_.10"
"48","Spinosaurus_","Spinosaurus_.11"
"49","Suchomimus","Suchomimus.1"
"50","Suchomimus","Suchomimus.2"
"51","Suchomimus","Suchomimus.3"
"52","Baryonyx","Baryonyx.1"
"53","Baryonyx","Baryonyx.2"
"54","Baryonyx","Baryonyx.3"
 
* Phylo tree and the main data and strata files have been modified to include duplicated taxa before the scaled random trees are generated.
* Selected categorical labels column: diving.or.not
* diving.or.equal column is identical to Diving column.
* Regression excludes flying taxa.
* Diving labels that are present in regression: 0,2
* lambda (calculated from a random tree) = : 0.13
* index-name alignment check: OK
