Logfile for a session of program: bootstrap_binary.r
-----------------------------------------------------
INPUT:
workDir: C:/dino_nature/output/2023-11-07-D1\bs/set_707
Nbootstrapsets: 2000
phyloFDAfile: c:/dino_nature/code/phylo.fda.R
auxFile: c:/dino_nature/code/auxiliary.r
boneType: femur
regressionData.file: C:/dino_nature/output/2023-11-07-D1\bs/set_707/femur_set_707.csv
applyDataFilter: FALSE
addTreeTips: TRUE
Ntrees: 100
calculateTrees: TRUE
saveTrees: FALSE


OPERATIONAL CHECKS:
* Regression data contains multiple copies of some taxa (user added variants of existing test taxa 
   or replacements due to bootstrap are present) which are not in the phylo tree:
     original taxon,   duplicate   
"1","Dama_dama","Dama_dama.1"
"2","Rynochetus_jubatus","Rynochetus_jubatus.1"
"3","Megaloceros_sp","Megaloceros_sp.1"
"4","Dama_dama","Dama_dama.2"
"5","Strigiops_habroptilus","Strigiops_habroptilus.1"
"6","Megaloceros_sp","Megaloceros_sp.2"
"7","Giraffa_camelopardalis","Giraffa_camelopardalis.1"
"8","Strigiops_habroptilus","Strigiops_habroptilus.2"
"9","Bison_bonasus","Bison_bonasus.1"
"10","Rynochetus_jubatus","Rynochetus_jubatus.2"
"11","Strigiops_habroptilus","Strigiops_habroptilus.3"
"12","Giraffa_camelopardalis","Giraffa_camelopardalis.2"
"13","Mammuthus_sp","Mammuthus_sp.1"
"14","Rhinoceros_sondaicus","Rhinoceros_sondaicus.1"
"15","Raphus","Raphus.1"
"16","Monodelphis_domestica","Monodelphis_domestica.1"
"17","Rattus_rattus","Rattus_rattus.1"
"18","Mammuthus_sp","Mammuthus_sp.2"
"19","Dama_dama","Dama_dama.3"
"20","Elomeryx_borbonicus_","Elomeryx_borbonicus_.1"
"21","Dromaius_","Dromaius_.1"
"22","Monodelphis_domestica","Monodelphis_domestica.2"
"23","Elephas_maximus","Elephas_maximus.1"
"24","Xenicus_giliventris","Xenicus_giliventris.1"
"25","Pogona_viceps","Pogona_viceps.1"
"26","Chapsosaurus_","Chapsosaurus_.1"
"27","Champsosaurus","Champsosaurus.1"
"28","Simosaurus_1","Simosaurus_1.1"
"29","Callophoca_obscura","Callophoca_obscura.1"
"30","Chapsosaurus_","Chapsosaurus_.2"
"31","Hesperornis","Hesperornis.1"
"32","Hesperornis","Hesperornis.2"
"33","Desmostylus_hesperus","Desmostylus_hesperus.1"
"34","Rodhocetus","Rodhocetus.1"
"35","Desmana_moschata","Desmana_moschata.1"
"36","Champsosaurus","Champsosaurus.2"
"37","Plesiosaurus","Plesiosaurus.1"
"38","Simosaurus_1","Simosaurus_1.2"
"39","Ichtyosaurus_","Ichtyosaurus_.1"
"40","Leptophoca_proxima","Leptophoca_proxima.1"
"41","Champsosaurus","Champsosaurus.3"
"42","Spinosaurus_","Spinosaurus_.1"
"43","Spinosaurus_","Spinosaurus_.2"
"44","Spinosaurus_","Spinosaurus_.3"
"45","Spinosaurus_","Spinosaurus_.4"
"46","Spinosaurus_","Spinosaurus_.5"
"47","Spinosaurus_","Spinosaurus_.6"
"48","Spinosaurus_","Spinosaurus_.7"
"49","Spinosaurus_","Spinosaurus_.8"
"50","Spinosaurus_","Spinosaurus_.9"
"51","Spinosaurus_","Spinosaurus_.10"
"52","Spinosaurus_","Spinosaurus_.11"
"53","Suchomimus","Suchomimus.1"
"54","Suchomimus","Suchomimus.2"
"55","Suchomimus","Suchomimus.3"
"56","Baryonyx","Baryonyx.1"
"57","Baryonyx","Baryonyx.2"
"58","Baryonyx","Baryonyx.3"
 
* Phylo tree and the main data and strata files have been modified to include duplicated taxa before the scaled random trees are generated.
* Selected categorical labels column: diving.or.not
* diving.or.equal column is identical to Diving column.
* Regression excludes flying taxa.
* Diving labels that are present in regression: 0,2
* lambda (calculated from a random tree) = : 0.11
* index-name alignment check: OK
