Logfile for a session of program: bootstrap_binary.r
-----------------------------------------------------
INPUT:
workDir: C:/dino_nature/output/2023-11-07-D1\bs/set_367
Nbootstrapsets: 2000
phyloFDAfile: c:/dino_nature/code/phylo.fda.R
auxFile: c:/dino_nature/code/auxiliary.r
boneType: femur
regressionData.file: C:/dino_nature/output/2023-11-07-D1\bs/set_367/femur_set_367.csv
applyDataFilter: FALSE
addTreeTips: TRUE
Ntrees: 100
calculateTrees: TRUE
saveTrees: FALSE


OPERATIONAL CHECKS:
* Regression data contains multiple copies of some taxa (user added variants of existing test taxa 
   or replacements due to bootstrap are present) which are not in the phylo tree:
     original taxon,   duplicate   
"1","Lama_guanicoe","Lama_guanicoe.1"
"2","Lama_guanicoe","Lama_guanicoe.2"
"3","Okapia_johnstoni","Okapia_johnstoni.1"
"4","Lama_guanicoe","Lama_guanicoe.3"
"5","Okapia_johnstoni","Okapia_johnstoni.2"
"6","Rynochetus_jubatus","Rynochetus_jubatus.1"
"7","Loxodonta_africana","Loxodonta_africana.1"
"8","Mammuthus_sp","Mammuthus_sp.1"
"9","Rynochetus_jubatus","Rynochetus_jubatus.2"
"10","Okapia_johnstoni","Okapia_johnstoni.3"
"11","Ceratotherium_simum","Ceratotherium_simum.1"
"12","Rupicapra_rupicapra","Rupicapra_rupicapra.1"
"13","Loxodonta_africana","Loxodonta_africana.2"
"14","Dama_dama","Dama_dama.1"
"15","Caloenas_nicobarica","Caloenas_nicobarica.1"
"16","Ceratotherium_simum","Ceratotherium_simum.2"
"17","Uncia_uncia","Uncia_uncia.1"
"18","Rynochetus_jubatus","Rynochetus_jubatus.3"
"19","Dama_dama","Dama_dama.2"
"20","Metryorhynchus","Metryorhynchus.1"
"21","Rodhocetus","Rodhocetus.1"
"22","Cricosaurus","Cricosaurus.1"
"23","Anarosaurus","Anarosaurus.1"
"24","Small_Eocene_penguin","Small_Eocene_penguin.1"
"25","Anarosaurus","Anarosaurus.2"
"26","Nothosaurus_mirabilis","Nothosaurus_mirabilis.1"
"27","Hippopotamus_amphibius","Hippopotamus_amphibius.1"
"28","Otaria_byronia","Otaria_byronia.1"
"29","Callophoca_obscura","Callophoca_obscura.1"
"30","Neusticosaurus","Neusticosaurus.1"
"31","Cricosaurus","Cricosaurus.2"
"32","Small_Eocene_penguin","Small_Eocene_penguin.2"
"33","Rodhocetus","Rodhocetus.2"
"34","Lutra_vulgaris","Lutra_vulgaris.1"
"35","Maiacetus","Maiacetus.1"
"36","Nanophoca_vitulinoides","Nanophoca_vitulinoides.1"
"37","Plesiosaurus","Plesiosaurus.1"
"38","Spinosaurus_","Spinosaurus_.1"
"39","Spinosaurus_","Spinosaurus_.2"
"40","Spinosaurus_","Spinosaurus_.3"
"41","Spinosaurus_","Spinosaurus_.4"
"42","Spinosaurus_","Spinosaurus_.5"
"43","Spinosaurus_","Spinosaurus_.6"
"44","Spinosaurus_","Spinosaurus_.7"
"45","Spinosaurus_","Spinosaurus_.8"
"46","Spinosaurus_","Spinosaurus_.9"
"47","Spinosaurus_","Spinosaurus_.10"
"48","Spinosaurus_","Spinosaurus_.11"
"49","Suchomimus","Suchomimus.1"
"50","Suchomimus","Suchomimus.2"
"51","Suchomimus","Suchomimus.3"
"52","Baryonyx","Baryonyx.1"
"53","Baryonyx","Baryonyx.2"
"54","Baryonyx","Baryonyx.3"
 
* Phylo tree and the main data and strata files have been modified to include duplicated taxa before the scaled random trees are generated.
* Selected categorical labels column: diving.or.not
* diving.or.equal column is identical to Diving column.
* Regression excludes flying taxa.
* Diving labels that are present in regression: 0,2
* lambda (calculated from a random tree) = : 0.08
* index-name alignment check: OK
