Logfile for a session of program: bootstrap_binary.r
-----------------------------------------------------
INPUT:
workDir: C:/dino_nature/output/2023-11-07-D1\bs/set_940
Nbootstrapsets: 2000
phyloFDAfile: c:/dino_nature/code/phylo.fda.R
auxFile: c:/dino_nature/code/auxiliary.r
boneType: femur
regressionData.file: C:/dino_nature/output/2023-11-07-D1\bs/set_940/femur_set_940.csv
applyDataFilter: FALSE
addTreeTips: TRUE
Ntrees: 100
calculateTrees: TRUE
saveTrees: FALSE


OPERATIONAL CHECKS:
* Regression data contains multiple copies of some taxa (user added variants of existing test taxa 
   or replacements due to bootstrap are present) which are not in the phylo tree:
     original taxon,   duplicate   
"1","Brachyodus_onoideum","Brachyodus_onoideum.1"
"2","Cephalophus_silvicultor","Cephalophus_silvicultor.1"
"3","Felis_felis","Felis_felis.1"
"4","Loxodonta_africana","Loxodonta_africana.1"
"5","Felis_felis","Felis_felis.2"
"6","Rhynchocyon_petersi","Rhynchocyon_petersi.1"
"7","Rhynchocyon_petersi","Rhynchocyon_petersi.2"
"8","Lama_guanicoe","Lama_guanicoe.1"
"9","Rynochetus_jubatus","Rynochetus_jubatus.1"
"10","Raphus","Raphus.1"
"11","Procavia_capensis","Procavia_capensis.1"
"12","Loxodonta_africana","Loxodonta_africana.2"
"13","Ceratotherium_simum","Ceratotherium_simum.1"
"14","Ceratotherium_simum","Ceratotherium_simum.2"
"15","Porphyrio_hochstetteri","Porphyrio_hochstetteri.1"
"16","Mustela_nivalis","Mustela_nivalis.1"
"17","Procyon_lotor","Procyon_lotor.1"
"18","Paguma_larvata","Paguma_larvata.1"
"19","Loxodonta_africana","Loxodonta_africana.3"
"20","Vulpes_vulpes","Vulpes_vulpes.1"
"21","Loxodonta_africana","Loxodonta_africana.4"
"22","Sphenodon_punctatus","Sphenodon_punctatus.1"
"23","Procyon_lotor","Procyon_lotor.2"
"24","Bos_taurus","Bos_taurus.1"
"25","Callophoca_obscura","Callophoca_obscura.1"
"26","Cricosaurus","Cricosaurus.1"
"27","Indohyus","Indohyus.1"
"28","Chironectes_minimus","Chironectes_minimus.1"
"29","Simosaurus","Simosaurus.1"
"30","Serpianosaurus","Serpianosaurus.1"
"31","Placondontia_indet","Placondontia_indet.1"
"32","Protochampsidae","Protochampsidae.1"
"33","Placondontia_indet","Placondontia_indet.2"
"34","Palaeospheniscus","Palaeospheniscus.1"
"35","Placondontia_indet","Placondontia_indet.3"
"36","Alligator","Alligator.1"
"37","Palaeospheniscus","Palaeospheniscus.2"
"38","Phocanella_pumila","Phocanella_pumila.1"
"39","Leptophoca_proxima","Leptophoca_proxima.1"
"40","Nothosaurus_mirabilis","Nothosaurus_mirabilis.1"
"41","Nothosaurus_102","Nothosaurus_102.1"
"42","Anarosaurus","Anarosaurus.1"
"43","Spinosaurus_","Spinosaurus_.1"
"44","Spinosaurus_","Spinosaurus_.2"
"45","Spinosaurus_","Spinosaurus_.3"
"46","Spinosaurus_","Spinosaurus_.4"
"47","Spinosaurus_","Spinosaurus_.5"
"48","Spinosaurus_","Spinosaurus_.6"
"49","Spinosaurus_","Spinosaurus_.7"
"50","Spinosaurus_","Spinosaurus_.8"
"51","Spinosaurus_","Spinosaurus_.9"
"52","Spinosaurus_","Spinosaurus_.10"
"53","Spinosaurus_","Spinosaurus_.11"
"54","Suchomimus","Suchomimus.1"
"55","Suchomimus","Suchomimus.2"
"56","Suchomimus","Suchomimus.3"
"57","Baryonyx","Baryonyx.1"
"58","Baryonyx","Baryonyx.2"
"59","Baryonyx","Baryonyx.3"
 
* Phylo tree and the main data and strata files have been modified to include duplicated taxa before the scaled random trees are generated.
* Selected categorical labels column: diving.or.not
* diving.or.equal column is identical to Diving column.
* Regression excludes flying taxa.
* Diving labels that are present in regression: 0,2
* lambda (calculated from a random tree) = : 0.11
* index-name alignment check: OK
