Logfile for a session of program: bootstrap_binary.r
-----------------------------------------------------
INPUT:
workDir: C:/dino_nature/output/2023-11-07-D1\bs/set_847
Nbootstrapsets: 2000
phyloFDAfile: c:/dino_nature/code/phylo.fda.R
auxFile: c:/dino_nature/code/auxiliary.r
boneType: femur
regressionData.file: C:/dino_nature/output/2023-11-07-D1\bs/set_847/femur_set_847.csv
applyDataFilter: FALSE
addTreeTips: TRUE
Ntrees: 100
calculateTrees: TRUE
saveTrees: FALSE


OPERATIONAL CHECKS:
* Regression data contains multiple copies of some taxa (user added variants of existing test taxa 
   or replacements due to bootstrap are present) which are not in the phylo tree:
     original taxon,   duplicate   
"1","Mustela_nivalis","Mustela_nivalis.1"
"2","Dama_dama","Dama_dama.1"
"3","Apteryx_australis","Apteryx_australis.1"
"4","Caloenas_nicobarica","Caloenas_nicobarica.1"
"5","Monodelphis_domestica","Monodelphis_domestica.1"
"6","Diplomesodon_pulchellum","Diplomesodon_pulchellum.1"
"7","Caloenas_nicobarica","Caloenas_nicobarica.2"
"8","Dama_dama","Dama_dama.2"
"9","Dama_dama","Dama_dama.3"
"10","Tenrec_ecaudatus","Tenrec_ecaudatus.1"
"11","Cephalophus_silvicultor","Cephalophus_silvicultor.1"
"12","Mus_musculus","Mus_musculus.1"
"13","Brachyodus_onoideum","Brachyodus_onoideum.1"
"14","Capreolus_capreolus","Capreolus_capreolus.1"
"15","Procyon_lotor","Procyon_lotor.1"
"16","Mustela_nivalis","Mustela_nivalis.2"
"17","Procyon_lotor","Procyon_lotor.2"
"18","Apteryx_australis","Apteryx_australis.2"
"19","Taxidea_taxus","Taxidea_taxus.1"
"20","Procyon_lotor","Procyon_lotor.3"
"21","Dasyurus_maculatus","Dasyurus_maculatus.1"
"22","Lacerta_viridis","Lacerta_viridis.1"
"23","Dama_dama","Dama_dama.4"
"24","Tribonyx_mortieri","Tribonyx_mortieri.1"
"25","Mustela_nivalis","Mustela_nivalis.3"
"26","Porphyrio_hochstetteri","Porphyrio_hochstetteri.1"
"27","Alces_americanus","Alces_americanus.1"
"28","Micropotamogale_euwenzorii","Micropotamogale_euwenzorii.1"
"29","Basilosaurus","Basilosaurus.1"
"30","Basilosaurus","Basilosaurus.2"
"31","Chapsosaurus_","Chapsosaurus_.1"
"32","Placondontia_indet","Placondontia_indet.1"
"33","Micropotamogale_euwenzorii","Micropotamogale_euwenzorii.2"
"34","Champsosaurus","Champsosaurus.1"
"35","Ichtyosaurus_","Ichtyosaurus_.1"
"36","Champsosaurus","Champsosaurus.2"
"37","Alligator","Alligator.1"
"38","Hexaprotodon_garyam","Hexaprotodon_garyam.1"
"39","Neusticosaurus","Neusticosaurus.1"
"40","Serpianosaurus","Serpianosaurus.1"
"41","Alligator","Alligator.2"
"42","Plesiosaurus","Plesiosaurus.1"
"43","Ichtyosaurus_","Ichtyosaurus_.2"
"44","Ornithorhynchus_anatinus","Ornithorhynchus_anatinus.1"
"45","Anarosaurus","Anarosaurus.1"
"46","Castor_fiber","Castor_fiber.1"
"47","Small_Eocene_penguin","Small_Eocene_penguin.1"
"48","Anarosaurus","Anarosaurus.2"
"49","Callophoca_obscura","Callophoca_obscura.1"
"50","Callophoca_obscura","Callophoca_obscura.2"
"51","Spinosaurus_","Spinosaurus_.1"
"52","Spinosaurus_","Spinosaurus_.2"
"53","Spinosaurus_","Spinosaurus_.3"
"54","Spinosaurus_","Spinosaurus_.4"
"55","Spinosaurus_","Spinosaurus_.5"
"56","Spinosaurus_","Spinosaurus_.6"
"57","Spinosaurus_","Spinosaurus_.7"
"58","Spinosaurus_","Spinosaurus_.8"
"59","Spinosaurus_","Spinosaurus_.9"
"60","Spinosaurus_","Spinosaurus_.10"
"61","Spinosaurus_","Spinosaurus_.11"
"62","Suchomimus","Suchomimus.1"
"63","Suchomimus","Suchomimus.2"
"64","Suchomimus","Suchomimus.3"
"65","Baryonyx","Baryonyx.1"
"66","Baryonyx","Baryonyx.2"
"67","Baryonyx","Baryonyx.3"
 
* Phylo tree and the main data and strata files have been modified to include duplicated taxa before the scaled random trees are generated.
* Selected categorical labels column: diving.or.not
* diving.or.equal column is identical to Diving column.
* Regression excludes flying taxa.
* Diving labels that are present in regression: 0,2
* lambda (calculated from a random tree) = : 0.07
* index-name alignment check: OK
