Logfile for a session of program: bootstrap_binary.r
-----------------------------------------------------
INPUT:
workDir: C:/dino_nature/output/2023-11-07-D1\bs/set_1322
Nbootstrapsets: 2000
phyloFDAfile: c:/dino_nature/code/phylo.fda.R
auxFile: c:/dino_nature/code/auxiliary.r
boneType: femur
regressionData.file: C:/dino_nature/output/2023-11-07-D1\bs/set_1322/femur_set_1322.csv
applyDataFilter: FALSE
addTreeTips: TRUE
Ntrees: 100
calculateTrees: TRUE
saveTrees: FALSE


OPERATIONAL CHECKS:
* Regression data contains multiple copies of some taxa (user added variants of existing test taxa 
   or replacements due to bootstrap are present) which are not in the phylo tree:
     original taxon,   duplicate   
"1","Mus_musculus","Mus_musculus.1"
"2","Rhinoceros_sondaicus","Rhinoceros_sondaicus.1"
"3","Rynochetus_jubatus","Rynochetus_jubatus.1"
"4","Sus_scrofa","Sus_scrofa.1"
"5","Dasyurus_maculatus","Dasyurus_maculatus.1"
"6","Rynochetus_jubatus","Rynochetus_jubatus.2"
"7","Monodelphis_domestica","Monodelphis_domestica.1"
"8","Dasyurus_maculatus","Dasyurus_maculatus.2"
"9","Alces_americanus","Alces_americanus.1"
"10","Elephas_maximus","Elephas_maximus.1"
"11","Sus_scrofa","Sus_scrofa.2"
"12","Uncia_uncia","Uncia_uncia.1"
"13","Rynochetus_jubatus","Rynochetus_jubatus.3"
"14","Uncia_uncia","Uncia_uncia.2"
"15","Strigiops_habroptilus","Strigiops_habroptilus.1"
"16","Porphyrio_hochstetteri","Porphyrio_hochstetteri.1"
"17","Rynochetus_jubatus","Rynochetus_jubatus.4"
"18","Vulpes_vulpes","Vulpes_vulpes.1"
"19","Pogona_viceps","Pogona_viceps.1"
"20","Alces_americanus","Alces_americanus.2"
"21","Dromaius_","Dromaius_.1"
"22","Apteryx_owenii_","Apteryx_owenii_.1"
"23","Nothosaurus_102","Nothosaurus_102.1"
"24","Psephoderma","Psephoderma.1"
"25","Hippopotamus_amphibius","Hippopotamus_amphibius.1"
"26","Rodhocetus","Rodhocetus.1"
"27","Psephoderma","Psephoderma.2"
"28","Placondontia_indet","Placondontia_indet.1"
"29","Hippopotamus_amphibius","Hippopotamus_amphibius.2"
"30","Champsosaurus","Champsosaurus.1"
"31","Psephoderma","Psephoderma.3"
"32","Rodhocetus","Rodhocetus.2"
"33","Desmostylus_hesperus","Desmostylus_hesperus.1"
"34","Phocanella_pumila","Phocanella_pumila.1"
"35","Nothosaurus_102","Nothosaurus_102.2"
"36","Hydromys_chrysogaster","Hydromys_chrysogaster.1"
"37","Phocanella_pumila","Phocanella_pumila.2"
"38","large_eocene_stem_penguin","large_eocene_stem_penguin.1"
"39","Champsosaurus","Champsosaurus.2"
"40","Nothosaurus_giganteus","Nothosaurus_giganteus.1"
"41","Hesperornis","Hesperornis.1"
"42","Champsosaurus","Champsosaurus.3"
"43","Ornithorhynchus_anatinus","Ornithorhynchus_anatinus.1"
"44","Anarosaurus","Anarosaurus.1"
"45","Nothosaurus_mirabilis_1","Nothosaurus_mirabilis_1.1"
"46","Chapsosaurus_","Chapsosaurus_.1"
"47","Champsosaurus","Champsosaurus.4"
"48","Simosaurus","Simosaurus.1"
"49","Spinosaurus_","Spinosaurus_.1"
"50","Spinosaurus_","Spinosaurus_.2"
"51","Spinosaurus_","Spinosaurus_.3"
"52","Spinosaurus_","Spinosaurus_.4"
"53","Spinosaurus_","Spinosaurus_.5"
"54","Spinosaurus_","Spinosaurus_.6"
"55","Spinosaurus_","Spinosaurus_.7"
"56","Spinosaurus_","Spinosaurus_.8"
"57","Spinosaurus_","Spinosaurus_.9"
"58","Spinosaurus_","Spinosaurus_.10"
"59","Spinosaurus_","Spinosaurus_.11"
"60","Suchomimus","Suchomimus.1"
"61","Suchomimus","Suchomimus.2"
"62","Suchomimus","Suchomimus.3"
"63","Baryonyx","Baryonyx.1"
"64","Baryonyx","Baryonyx.2"
"65","Baryonyx","Baryonyx.3"
 
* Phylo tree and the main data and strata files have been modified to include duplicated taxa before the scaled random trees are generated.
* Selected categorical labels column: diving.or.not
* diving.or.equal column is identical to Diving column.
* Regression excludes flying taxa.
* Diving labels that are present in regression: 0,2
* lambda (calculated from a random tree) = : 0.1
* index-name alignment check: OK
