Logfile for a session of program: bootstrap_binary.r
-----------------------------------------------------
INPUT:
workDir: C:/dino_nature/output/2023-11-07-D1\bs/set_1552
Nbootstrapsets: 2000
phyloFDAfile: c:/dino_nature/code/phylo.fda.R
auxFile: c:/dino_nature/code/auxiliary.r
boneType: femur
regressionData.file: C:/dino_nature/output/2023-11-07-D1\bs/set_1552/femur_set_1552.csv
applyDataFilter: FALSE
addTreeTips: TRUE
Ntrees: 100
calculateTrees: TRUE
saveTrees: FALSE


OPERATIONAL CHECKS:
* Regression data contains multiple copies of some taxa (user added variants of existing test taxa 
   or replacements due to bootstrap are present) which are not in the phylo tree:
     original taxon,   duplicate   
"1","Vulpes_vulpes","Vulpes_vulpes.1"
"2","Elephas_maximus","Elephas_maximus.1"
"3","Rattus_rattus","Rattus_rattus.1"
"4","Dromaius_","Dromaius_.1"
"5","Rynochetus_jubatus","Rynochetus_jubatus.1"
"6","Mammuthus_sp","Mammuthus_sp.1"
"7","Rattus_rattus","Rattus_rattus.2"
"8","Xenicus_giliventris","Xenicus_giliventris.1"
"9","Mammuthus_sp","Mammuthus_sp.2"
"10","Megaloceros_sp","Megaloceros_sp.1"
"11","Rynochetus_jubatus","Rynochetus_jubatus.2"
"12","Syncerus_caffer","Syncerus_caffer.1"
"13","Procavia_capensis","Procavia_capensis.1"
"14","Uncia_uncia","Uncia_uncia.1"
"15","Rattus_rattus","Rattus_rattus.3"
"16","Mustela_nivalis","Mustela_nivalis.1"
"17","Strigiops_habroptilus","Strigiops_habroptilus.1"
"18","Okapia_johnstoni","Okapia_johnstoni.1"
"19","Xenicus_giliventris","Xenicus_giliventris.2"
"20","Cephalophus_silvicultor","Cephalophus_silvicultor.1"
"21","Rattus_rattus","Rattus_rattus.4"
"22","Procavia_capensis","Procavia_capensis.2"
"23","Tamandua_tetradactyla","Tamandua_tetradactyla.1"
"24","Castor_fiber","Castor_fiber.1"
"25","Hippopotamus_amphibius","Hippopotamus_amphibius.1"
"26","Phalacrocorax_harrisi","Phalacrocorax_harrisi.1"
"27","Otaria_byronia","Otaria_byronia.1"
"28","Desmana_moschata","Desmana_moschata.1"
"29","Hexaprotodon_garyam","Hexaprotodon_garyam.1"
"30","Otaria_byronia","Otaria_byronia.2"
"31","Metryorhynchus","Metryorhynchus.1"
"32","Callophoca_obscura","Callophoca_obscura.1"
"33","Desmana_moschata","Desmana_moschata.2"
"34","Nothosaurus_150","Nothosaurus_150.1"
"35","Leptophoca_proxima","Leptophoca_proxima.1"
"36","Pistosaurus","Pistosaurus.1"
"37","Callophoca_obscura","Callophoca_obscura.2"
"38","Lutra_vulgaris","Lutra_vulgaris.1"
"39","Hippopotamus_amphibius","Hippopotamus_amphibius.2"
"40","Spinosaurus_","Spinosaurus_.1"
"41","Spinosaurus_","Spinosaurus_.2"
"42","Spinosaurus_","Spinosaurus_.3"
"43","Spinosaurus_","Spinosaurus_.4"
"44","Spinosaurus_","Spinosaurus_.5"
"45","Spinosaurus_","Spinosaurus_.6"
"46","Spinosaurus_","Spinosaurus_.7"
"47","Spinosaurus_","Spinosaurus_.8"
"48","Spinosaurus_","Spinosaurus_.9"
"49","Spinosaurus_","Spinosaurus_.10"
"50","Spinosaurus_","Spinosaurus_.11"
"51","Suchomimus","Suchomimus.1"
"52","Suchomimus","Suchomimus.2"
"53","Suchomimus","Suchomimus.3"
"54","Baryonyx","Baryonyx.1"
"55","Baryonyx","Baryonyx.2"
"56","Baryonyx","Baryonyx.3"
 
* Phylo tree and the main data and strata files have been modified to include duplicated taxa before the scaled random trees are generated.
* Selected categorical labels column: diving.or.not
* diving.or.equal column is identical to Diving column.
* Regression excludes flying taxa.
* Diving labels that are present in regression: 0,2
* lambda (calculated from a random tree) = : 0.09
* index-name alignment check: OK
