Logfile for a session of program: bootstrap_binary.r
-----------------------------------------------------
INPUT:
workDir: C:/dino_nature/output/2023-11-07-D1\bs/set_1644
Nbootstrapsets: 2000
phyloFDAfile: c:/dino_nature/code/phylo.fda.R
auxFile: c:/dino_nature/code/auxiliary.r
boneType: femur
regressionData.file: C:/dino_nature/output/2023-11-07-D1\bs/set_1644/femur_set_1644.csv
applyDataFilter: FALSE
addTreeTips: TRUE
Ntrees: 100
calculateTrees: TRUE
saveTrees: FALSE


OPERATIONAL CHECKS:
* Regression data contains multiple copies of some taxa (user added variants of existing test taxa 
   or replacements due to bootstrap are present) which are not in the phylo tree:
     original taxon,   duplicate   
"1","Uncia_uncia","Uncia_uncia.1"
"2","Sus_scrofa","Sus_scrofa.1"
"3","Cephalophus_silvicultor","Cephalophus_silvicultor.1"
"4","Tribonyx_mortieri","Tribonyx_mortieri.1"
"5","Xenicus_giliventris","Xenicus_giliventris.1"
"6","Rhinoceros_sondaicus","Rhinoceros_sondaicus.1"
"7","Xenicus_giliventris","Xenicus_giliventris.2"
"8","Mus_musculus","Mus_musculus.1"
"9","Procavia_capensis","Procavia_capensis.1"
"10","Rattus_rattus","Rattus_rattus.1"
"11","Nyctereutes_procyonoides","Nyctereutes_procyonoides.1"
"12","Apteryx_australis","Apteryx_australis.1"
"13","Procavia_capensis","Procavia_capensis.2"
"14","Atlantisia_rogersi","Atlantisia_rogersi.1"
"15","Dama_dama","Dama_dama.1"
"16","Dama_dama","Dama_dama.2"
"17","Atlantisia_rogersi","Atlantisia_rogersi.2"
"18","Tamandua_tetradactyla","Tamandua_tetradactyla.1"
"19","Mus_musculus","Mus_musculus.2"
"20","Porphyrio_hochstetteri","Porphyrio_hochstetteri.1"
"21","Elephas_maximus","Elephas_maximus.1"
"22","Nothosaurus_mirabilis_1","Nothosaurus_mirabilis_1.1"
"23","Protochampsidae","Protochampsidae.1"
"24","Nothosaurus_mirabilis_1","Nothosaurus_mirabilis_1.2"
"25","Protochampsidae","Protochampsidae.2"
"26","Indohyus","Indohyus.1"
"27","Cryptoclidus","Cryptoclidus.1"
"28","Caiman_yacare","Caiman_yacare.1"
"29","Paraplacodus","Paraplacodus.1"
"30","Serpianosaurus","Serpianosaurus.1"
"31","Lutra_vulgaris","Lutra_vulgaris.1"
"32","Psephoderma","Psephoderma.1"
"33","Nothosaurus_mirabilis_1","Nothosaurus_mirabilis_1.3"
"34","Small_Eocene_penguin","Small_Eocene_penguin.1"
"35","Serpianosaurus","Serpianosaurus.2"
"36","Anarosaurus","Anarosaurus.1"
"37","Nothosaurus_mirabilis","Nothosaurus_mirabilis.1"
"38","Hesperornis","Hesperornis.1"
"39","Callophoca_obscura","Callophoca_obscura.1"
"40","Alligator","Alligator.1"
"41","Aptenodytes______","Aptenodytes______.1"
"42","Phocanella_pumila","Phocanella_pumila.1"
"43","Anarosaurus","Anarosaurus.2"
"44","Spinosaurus_","Spinosaurus_.1"
"45","Spinosaurus_","Spinosaurus_.2"
"46","Spinosaurus_","Spinosaurus_.3"
"47","Spinosaurus_","Spinosaurus_.4"
"48","Spinosaurus_","Spinosaurus_.5"
"49","Spinosaurus_","Spinosaurus_.6"
"50","Spinosaurus_","Spinosaurus_.7"
"51","Spinosaurus_","Spinosaurus_.8"
"52","Spinosaurus_","Spinosaurus_.9"
"53","Spinosaurus_","Spinosaurus_.10"
"54","Spinosaurus_","Spinosaurus_.11"
"55","Suchomimus","Suchomimus.1"
"56","Suchomimus","Suchomimus.2"
"57","Suchomimus","Suchomimus.3"
"58","Baryonyx","Baryonyx.1"
"59","Baryonyx","Baryonyx.2"
"60","Baryonyx","Baryonyx.3"
 
* Phylo tree and the main data and strata files have been modified to include duplicated taxa before the scaled random trees are generated.
* Selected categorical labels column: diving.or.not
* diving.or.equal column is identical to Diving column.
* Regression excludes flying taxa.
* Diving labels that are present in regression: 0,2
* lambda (calculated from a random tree) = : 0.15
* index-name alignment check: OK
