Logfile for a session of program: bootstrap_binary.r
-----------------------------------------------------
INPUT:
workDir: C:/dino_nature/output/2023-11-07-D1\bs/set_62
Nbootstrapsets: 2000
phyloFDAfile: c:/dino_nature/code/phylo.fda.R
auxFile: c:/dino_nature/code/auxiliary.r
boneType: femur
regressionData.file: C:/dino_nature/output/2023-11-07-D1\bs/set_62/femur_set_62.csv
applyDataFilter: FALSE
addTreeTips: TRUE
Ntrees: 100
calculateTrees: TRUE
saveTrees: FALSE


OPERATIONAL CHECKS:
* Regression data contains multiple copies of some taxa (user added variants of existing test taxa 
   or replacements due to bootstrap are present) which are not in the phylo tree:
     original taxon,   duplicate   
"1","Cephalophus_silvicultor","Cephalophus_silvicultor.1"
"2","Bison_bonasus","Bison_bonasus.1"
"3","Bos_taurus","Bos_taurus.1"
"4","Caloenas_nicobarica","Caloenas_nicobarica.1"
"5","Elomeryx_borbonicus_","Elomeryx_borbonicus_.1"
"6","Bison_bonasus","Bison_bonasus.2"
"7","Elomeryx_borbonicus_","Elomeryx_borbonicus_.2"
"8","Dasyurus_maculatus","Dasyurus_maculatus.1"
"9","Xenicus_giliventris","Xenicus_giliventris.1"
"10","Brachyodus_onoideum","Brachyodus_onoideum.1"
"11","Brachyodus_onoideum","Brachyodus_onoideum.2"
"12","Nyctereutes_procyonoides","Nyctereutes_procyonoides.1"
"13","Euroscaptor_micrura","Euroscaptor_micrura.1"
"14","Pogona_viceps","Pogona_viceps.1"
"15","Megaloceros_sp","Megaloceros_sp.1"
"16","Nyctereutes_procyonoides","Nyctereutes_procyonoides.2"
"17","Procyon_lotor","Procyon_lotor.1"
"18","Taxidea_taxus","Taxidea_taxus.1"
"19","Sphenodon_punctatus","Sphenodon_punctatus.1"
"20","Dyrosaurid","Dyrosaurid.1"
"21","Remingtonocetus","Remingtonocetus.1"
"22","Neusticosaurus","Neusticosaurus.1"
"23","Neusticosaurus","Neusticosaurus.2"
"24","Palaeospheniscus","Palaeospheniscus.1"
"25","Champsosaurus","Champsosaurus.1"
"26","Caiman_yacare","Caiman_yacare.1"
"27","Phocanella_pumila","Phocanella_pumila.1"
"28","Nothosaurus_mirabilis","Nothosaurus_mirabilis.1"
"29","Caiman_yacare","Caiman_yacare.2"
"30","Aptenodytes______","Aptenodytes______.1"
"31","Small_Eocene_penguin","Small_Eocene_penguin.1"
"32","Nothosaurus_102","Nothosaurus_102.1"
"33","Hesperornis","Hesperornis.1"
"34","Ichtyosaurus_","Ichtyosaurus_.1"
"35","Desmana_moschata","Desmana_moschata.1"
"36","Placodontia_indet_1","Placodontia_indet_1.1"
"37","Dyrosaurid","Dyrosaurid.2"
"38","Nothosaurus_568","Nothosaurus_568.1"
"39","Nothosaurus_568","Nothosaurus_568.2"
"40","Small_Eocene_penguin","Small_Eocene_penguin.2"
"41","Desmostylus_hesperus","Desmostylus_hesperus.1"
"42","Spinosaurus_","Spinosaurus_.1"
"43","Spinosaurus_","Spinosaurus_.2"
"44","Spinosaurus_","Spinosaurus_.3"
"45","Spinosaurus_","Spinosaurus_.4"
"46","Spinosaurus_","Spinosaurus_.5"
"47","Spinosaurus_","Spinosaurus_.6"
"48","Spinosaurus_","Spinosaurus_.7"
"49","Spinosaurus_","Spinosaurus_.8"
"50","Spinosaurus_","Spinosaurus_.9"
"51","Spinosaurus_","Spinosaurus_.10"
"52","Spinosaurus_","Spinosaurus_.11"
"53","Suchomimus","Suchomimus.1"
"54","Suchomimus","Suchomimus.2"
"55","Suchomimus","Suchomimus.3"
"56","Baryonyx","Baryonyx.1"
"57","Baryonyx","Baryonyx.2"
"58","Baryonyx","Baryonyx.3"
 
* Phylo tree and the main data and strata files have been modified to include duplicated taxa before the scaled random trees are generated.
* Selected categorical labels column: diving.or.not
* diving.or.equal column is identical to Diving column.
* Regression excludes flying taxa.
* Diving labels that are present in regression: 0,2
* lambda (calculated from a random tree) = : 0.1
* index-name alignment check: OK
