Logfile for a session of program: bootstrap_binary.r
-----------------------------------------------------
INPUT:
workDir: C:/dino_nature/output/2023-11-07-D1\bs/set_1033
Nbootstrapsets: 2000
phyloFDAfile: c:/dino_nature/code/phylo.fda.R
auxFile: c:/dino_nature/code/auxiliary.r
boneType: femur
regressionData.file: C:/dino_nature/output/2023-11-07-D1\bs/set_1033/femur_set_1033.csv
applyDataFilter: FALSE
addTreeTips: TRUE
Ntrees: 100
calculateTrees: TRUE
saveTrees: FALSE


OPERATIONAL CHECKS:
* Regression data contains multiple copies of some taxa (user added variants of existing test taxa 
   or replacements due to bootstrap are present) which are not in the phylo tree:
     original taxon,   duplicate   
"1","Syncerus_caffer","Syncerus_caffer.1"
"2","Apteryx_australis","Apteryx_australis.1"
"3","Paguma_larvata","Paguma_larvata.1"
"4","Megaloceros_sp","Megaloceros_sp.1"
"5","Mammuthus_sp","Mammuthus_sp.1"
"6","Meles_meles","Meles_meles.1"
"7","Pogona_viceps","Pogona_viceps.1"
"8","Sus_scrofa","Sus_scrofa.1"
"9","Okapia_johnstoni","Okapia_johnstoni.1"
"10","Vulpes_vulpes","Vulpes_vulpes.1"
"11","Dicerorhinus_sumatrensis","Dicerorhinus_sumatrensis.1"
"12","Dasyurus_maculatus","Dasyurus_maculatus.1"
"13","Megaloceros_sp","Megaloceros_sp.2"
"14","Uncia_uncia","Uncia_uncia.1"
"15","Dama_dama","Dama_dama.1"
"16","Megaloceros_sp","Megaloceros_sp.3"
"17","Meles_meles","Meles_meles.2"
"18","Microgale_thomasi","Microgale_thomasi.1"
"19","Choeropsis_liberiensis","Choeropsis_liberiensis.1"
"20","Leptophoca_proxima","Leptophoca_proxima.1"
"21","Placodontia_indet_1","Placodontia_indet_1.1"
"22","Noemys_fodies","Noemys_fodies.1"
"23","Psephoderma","Psephoderma.1"
"24","Noemys_fodies","Noemys_fodies.2"
"25","Hydromys_chrysogaster","Hydromys_chrysogaster.1"
"26","Nothosaurus_568","Nothosaurus_568.1"
"27","Chapsosaurus_","Chapsosaurus_.1"
"28","Hydromys_chrysogaster","Hydromys_chrysogaster.2"
"29","Protochampsidae","Protochampsidae.1"
"30","Protochampsidae","Protochampsidae.2"
"31","Desmana_moschata","Desmana_moschata.1"
"32","Metryorhynchus","Metryorhynchus.1"
"33","Serpianosaurus","Serpianosaurus.1"
"34","Chapsosaurus_","Chapsosaurus_.2"
"35","large_eocene_stem_penguin","large_eocene_stem_penguin.1"
"36","Chapsosaurus_","Chapsosaurus_.3"
"37","Nothosaurus_mirabilis","Nothosaurus_mirabilis.1"
"38","Phalacrocorax_harrisi","Phalacrocorax_harrisi.1"
"39","Phalacrocorax_harrisi","Phalacrocorax_harrisi.2"
"40","Psephoderma","Psephoderma.2"
"41","Indohyus","Indohyus.1"
"42","Spinosaurus_","Spinosaurus_.1"
"43","Spinosaurus_","Spinosaurus_.2"
"44","Spinosaurus_","Spinosaurus_.3"
"45","Spinosaurus_","Spinosaurus_.4"
"46","Spinosaurus_","Spinosaurus_.5"
"47","Spinosaurus_","Spinosaurus_.6"
"48","Spinosaurus_","Spinosaurus_.7"
"49","Spinosaurus_","Spinosaurus_.8"
"50","Spinosaurus_","Spinosaurus_.9"
"51","Spinosaurus_","Spinosaurus_.10"
"52","Spinosaurus_","Spinosaurus_.11"
"53","Suchomimus","Suchomimus.1"
"54","Suchomimus","Suchomimus.2"
"55","Suchomimus","Suchomimus.3"
"56","Baryonyx","Baryonyx.1"
"57","Baryonyx","Baryonyx.2"
"58","Baryonyx","Baryonyx.3"
 
* Phylo tree and the main data and strata files have been modified to include duplicated taxa before the scaled random trees are generated.
* Selected categorical labels column: diving.or.not
* diving.or.equal column is identical to Diving column.
* Regression excludes flying taxa.
* Diving labels that are present in regression: 0,2
* lambda (calculated from a random tree) = : 0.12
* index-name alignment check: OK
