Logfile for a session of program: bootstrap_binary.r
-----------------------------------------------------
INPUT:
workDir: C:/dino_nature/output/2023-11-07-D1\bs/set_704
Nbootstrapsets: 2000
phyloFDAfile: c:/dino_nature/code/phylo.fda.R
auxFile: c:/dino_nature/code/auxiliary.r
boneType: femur
regressionData.file: C:/dino_nature/output/2023-11-07-D1\bs/set_704/femur_set_704.csv
applyDataFilter: FALSE
addTreeTips: TRUE
Ntrees: 100
calculateTrees: TRUE
saveTrees: FALSE


OPERATIONAL CHECKS:
* Regression data contains multiple copies of some taxa (user added variants of existing test taxa 
   or replacements due to bootstrap are present) which are not in the phylo tree:
     original taxon,   duplicate   
"1","Mammuthus_sp","Mammuthus_sp.1"
"2","Dicerorhinus_sumatrensis","Dicerorhinus_sumatrensis.1"
"3","Dromaius_","Dromaius_.1"
"4","Cephalophus_silvicultor","Cephalophus_silvicultor.1"
"5","Mus_musculus","Mus_musculus.1"
"6","Bison_bonasus","Bison_bonasus.1"
"7","Bison_bonasus","Bison_bonasus.2"
"8","Rangifer_tarandus","Rangifer_tarandus.1"
"9","Procavia_capensis","Procavia_capensis.1"
"10","Xenicus_giliventris","Xenicus_giliventris.1"
"11","Mammuthus_sp","Mammuthus_sp.2"
"12","Rattus_rattus","Rattus_rattus.1"
"13","Raphus","Raphus.1"
"14","Lama_guanicoe","Lama_guanicoe.1"
"15","Elomeryx_borbonicus_","Elomeryx_borbonicus_.1"
"16","Rhynchocyon_petersi","Rhynchocyon_petersi.1"
"17","Diplomesodon_pulchellum","Diplomesodon_pulchellum.1"
"18","Rangifer_tarandus","Rangifer_tarandus.2"
"19","Diplomesodon_pulchellum","Diplomesodon_pulchellum.2"
"20","Rynochetus_jubatus","Rynochetus_jubatus.1"
"21","Phocanella_pumila","Phocanella_pumila.1"
"22","Placodontia_indet_1","Placodontia_indet_1.1"
"23","Placodontia_indet_1","Placodontia_indet_1.2"
"24","Hexaprotodon_garyam","Hexaprotodon_garyam.1"
"25","Tapirus_terrestris","Tapirus_terrestris.1"
"26","Alligator","Alligator.1"
"27","Desmana_moschata","Desmana_moschata.1"
"28","Hexaprotodon_garyam","Hexaprotodon_garyam.2"
"29","Placodontia_indet_1","Placodontia_indet_1.3"
"30","Choeropsis_liberiensis","Choeropsis_liberiensis.1"
"31","Chapsosaurus_","Chapsosaurus_.1"
"32","Palaeospheniscus","Palaeospheniscus.1"
"33","Aptenodytes______","Aptenodytes______.1"
"34","Nothosaurus_102","Nothosaurus_102.1"
"35","Hippopotamus_amphibius","Hippopotamus_amphibius.1"
"36","Small_Eocene_penguin","Small_Eocene_penguin.1"
"37","Caiman_yacare","Caiman_yacare.1"
"38","Aptenodytes______","Aptenodytes______.2"
"39","Nanophoca_vitulinoides","Nanophoca_vitulinoides.1"
"40","Nothosaurus_102","Nothosaurus_102.2"
"41","Spinosaurus_","Spinosaurus_.1"
"42","Spinosaurus_","Spinosaurus_.2"
"43","Spinosaurus_","Spinosaurus_.3"
"44","Spinosaurus_","Spinosaurus_.4"
"45","Spinosaurus_","Spinosaurus_.5"
"46","Spinosaurus_","Spinosaurus_.6"
"47","Spinosaurus_","Spinosaurus_.7"
"48","Spinosaurus_","Spinosaurus_.8"
"49","Spinosaurus_","Spinosaurus_.9"
"50","Spinosaurus_","Spinosaurus_.10"
"51","Spinosaurus_","Spinosaurus_.11"
"52","Suchomimus","Suchomimus.1"
"53","Suchomimus","Suchomimus.2"
"54","Suchomimus","Suchomimus.3"
"55","Baryonyx","Baryonyx.1"
"56","Baryonyx","Baryonyx.2"
"57","Baryonyx","Baryonyx.3"
 
* Phylo tree and the main data and strata files have been modified to include duplicated taxa before the scaled random trees are generated.
* Selected categorical labels column: diving.or.not
* diving.or.equal column is identical to Diving column.
* Regression excludes flying taxa.
* Diving labels that are present in regression: 0,2
* lambda (calculated from a random tree) = : 0.08
* index-name alignment check: OK
