Logfile for a session of program: bootstrap_binary.r
-----------------------------------------------------
INPUT:
workDir: C:/dino_nature/output/2023-11-07-D1\bs/set_1324
Nbootstrapsets: 2000
phyloFDAfile: c:/dino_nature/code/phylo.fda.R
auxFile: c:/dino_nature/code/auxiliary.r
boneType: femur
regressionData.file: C:/dino_nature/output/2023-11-07-D1\bs/set_1324/femur_set_1324.csv
applyDataFilter: FALSE
addTreeTips: TRUE
Ntrees: 100
calculateTrees: TRUE
saveTrees: FALSE


OPERATIONAL CHECKS:
* Regression data contains multiple copies of some taxa (user added variants of existing test taxa 
   or replacements due to bootstrap are present) which are not in the phylo tree:
     original taxon,   duplicate   
"1","Diplomesodon_pulchellum","Diplomesodon_pulchellum.1"
"2","Tribonyx_mortieri","Tribonyx_mortieri.1"
"3","Mammuthus_sp","Mammuthus_sp.1"
"4","Taxidea_taxus","Taxidea_taxus.1"
"5","Rhinoceros_sondaicus","Rhinoceros_sondaicus.1"
"6","Ceratotherium_simum","Ceratotherium_simum.1"
"7","Mammuthus_sp","Mammuthus_sp.2"
"8","Taxidea_taxus","Taxidea_taxus.2"
"9","Tribonyx_mortieri","Tribonyx_mortieri.2"
"10","Ceratotherium_simum","Ceratotherium_simum.2"
"11","Capreolus_capreolus","Capreolus_capreolus.1"
"12","Megaloceros_sp","Megaloceros_sp.1"
"13","Bison_bonasus","Bison_bonasus.1"
"14","Loxodonta_africana","Loxodonta_africana.1"
"15","Pogona_viceps","Pogona_viceps.1"
"16","Rhynchocyon_petersi","Rhynchocyon_petersi.1"
"17","Euroscaptor_micrura","Euroscaptor_micrura.1"
"18","Procyon_lotor","Procyon_lotor.1"
"19","Euroscaptor_micrura","Euroscaptor_micrura.2"
"20","Euroscaptor_micrura","Euroscaptor_micrura.3"
"21","Rattus_rattus","Rattus_rattus.1"
"22","Placodontia_indet_1","Placodontia_indet_1.1"
"23","Chapsosaurus_","Chapsosaurus_.1"
"24","Remingtonocetus","Remingtonocetus.1"
"25","Ornithorhynchus_anatinus","Ornithorhynchus_anatinus.1"
"26","Spheniscus","Spheniscus.1"
"27","Ornithorhynchus_anatinus","Ornithorhynchus_anatinus.2"
"28","Palaeospheniscus","Palaeospheniscus.1"
"29","Choeropsis_liberiensis","Choeropsis_liberiensis.1"
"30","Small_Eocene_penguin","Small_Eocene_penguin.1"
"31","Anarosaurus","Anarosaurus.1"
"32","Choeropsis_liberiensis","Choeropsis_liberiensis.2"
"33","Nothosaurus_mirabilis","Nothosaurus_mirabilis.1"
"34","Alligator","Alligator.1"
"35","Cricosaurus","Cricosaurus.1"
"36","Nothosaurus_150","Nothosaurus_150.1"
"37","Spinosaurus_","Spinosaurus_.1"
"38","Spinosaurus_","Spinosaurus_.2"
"39","Spinosaurus_","Spinosaurus_.3"
"40","Spinosaurus_","Spinosaurus_.4"
"41","Spinosaurus_","Spinosaurus_.5"
"42","Spinosaurus_","Spinosaurus_.6"
"43","Spinosaurus_","Spinosaurus_.7"
"44","Spinosaurus_","Spinosaurus_.8"
"45","Spinosaurus_","Spinosaurus_.9"
"46","Spinosaurus_","Spinosaurus_.10"
"47","Spinosaurus_","Spinosaurus_.11"
"48","Suchomimus","Suchomimus.1"
"49","Suchomimus","Suchomimus.2"
"50","Suchomimus","Suchomimus.3"
"51","Baryonyx","Baryonyx.1"
"52","Baryonyx","Baryonyx.2"
"53","Baryonyx","Baryonyx.3"
 
* Phylo tree and the main data and strata files have been modified to include duplicated taxa before the scaled random trees are generated.
* Selected categorical labels column: diving.or.not
* diving.or.equal column is identical to Diving column.
* Regression excludes flying taxa.
* Diving labels that are present in regression: 0,2
* lambda (calculated from a random tree) = : 0.1
* index-name alignment check: OK
