Logfile for a session of program: bootstrap_binary.r
-----------------------------------------------------
INPUT:
workDir: C:/dino_nature/output/2023-11-07-D1\bs/set_594
Nbootstrapsets: 2000
phyloFDAfile: c:/dino_nature/code/phylo.fda.R
auxFile: c:/dino_nature/code/auxiliary.r
boneType: femur
regressionData.file: C:/dino_nature/output/2023-11-07-D1\bs/set_594/femur_set_594.csv
applyDataFilter: FALSE
addTreeTips: TRUE
Ntrees: 100
calculateTrees: TRUE
saveTrees: FALSE


OPERATIONAL CHECKS:
* Regression data contains multiple copies of some taxa (user added variants of existing test taxa 
   or replacements due to bootstrap are present) which are not in the phylo tree:
     original taxon,   duplicate   
"1","Mammuthus_sp","Mammuthus_sp.1"
"2","Loxodonta_africana","Loxodonta_africana.1"
"3","Rynochetus_jubatus","Rynochetus_jubatus.1"
"4","Rhynchocyon_petersi","Rhynchocyon_petersi.1"
"5","Strigiops_habroptilus","Strigiops_habroptilus.1"
"6","Rhynchocyon_petersi","Rhynchocyon_petersi.2"
"7","Dasyurus_maculatus","Dasyurus_maculatus.1"
"8","Dama_dama","Dama_dama.1"
"9","Loxodonta_africana","Loxodonta_africana.2"
"10","Brachyodus_onoideum","Brachyodus_onoideum.1"
"11","Procavia_capensis","Procavia_capensis.1"
"12","Syncerus_caffer","Syncerus_caffer.1"
"13","Microgale_thomasi","Microgale_thomasi.1"
"14","Felis_felis","Felis_felis.1"
"15","Rynochetus_jubatus","Rynochetus_jubatus.2"
"16","Brachyodus_onoideum","Brachyodus_onoideum.2"
"17","Microgale_thomasi","Microgale_thomasi.2"
"18","Alces_americanus","Alces_americanus.1"
"19","Pogona_viceps","Pogona_viceps.1"
"20","Euroscaptor_micrura","Euroscaptor_micrura.1"
"21","Ichtyosaur_sp","Ichtyosaur_sp.1"
"22","Pistosaurus","Pistosaurus.1"
"23","Nothosaurus_giganteus","Nothosaurus_giganteus.1"
"24","Callophoca_obscura","Callophoca_obscura.1"
"25","Nothosaurus_mirabilis","Nothosaurus_mirabilis.1"
"26","Nothosaurus_150","Nothosaurus_150.1"
"27","Nothosaurus_150","Nothosaurus_150.2"
"28","Pistosaurus","Pistosaurus.2"
"29","Caiman_yacare","Caiman_yacare.1"
"30","Pistosaurus","Pistosaurus.3"
"31","Callophoca_obscura","Callophoca_obscura.2"
"32","Caiman_yacare","Caiman_yacare.2"
"33","Caiman_yacare","Caiman_yacare.3"
"34","Cricosaurus","Cricosaurus.1"
"35","Phalacrocorax_harrisi","Phalacrocorax_harrisi.1"
"36","Desmostylus_hesperus","Desmostylus_hesperus.1"
"37","Cryptoclidus","Cryptoclidus.1"
"38","Nanophoca_vitulinoides","Nanophoca_vitulinoides.1"
"39","Hesperornis","Hesperornis.1"
"40","Phocanella_pumila","Phocanella_pumila.1"
"41","Simosaurus","Simosaurus.1"
"42","Serpianosaurus","Serpianosaurus.1"
"43","Caiman_yacare","Caiman_yacare.4"
"44","Spinosaurus_","Spinosaurus_.1"
"45","Spinosaurus_","Spinosaurus_.2"
"46","Spinosaurus_","Spinosaurus_.3"
"47","Spinosaurus_","Spinosaurus_.4"
"48","Spinosaurus_","Spinosaurus_.5"
"49","Spinosaurus_","Spinosaurus_.6"
"50","Spinosaurus_","Spinosaurus_.7"
"51","Spinosaurus_","Spinosaurus_.8"
"52","Spinosaurus_","Spinosaurus_.9"
"53","Spinosaurus_","Spinosaurus_.10"
"54","Spinosaurus_","Spinosaurus_.11"
"55","Suchomimus","Suchomimus.1"
"56","Suchomimus","Suchomimus.2"
"57","Suchomimus","Suchomimus.3"
"58","Baryonyx","Baryonyx.1"
"59","Baryonyx","Baryonyx.2"
"60","Baryonyx","Baryonyx.3"
 
* Phylo tree and the main data and strata files have been modified to include duplicated taxa before the scaled random trees are generated.
* Selected categorical labels column: diving.or.not
* diving.or.equal column is identical to Diving column.
* Regression excludes flying taxa.
* Diving labels that are present in regression: 0,2
* lambda (calculated from a random tree) = : 0.11
* index-name alignment check: OK
