Logfile for a session of program: bootstrap_binary.r
-----------------------------------------------------
INPUT:
workDir: C:/dino_nature/output/2023-11-07-D1\bs/set_113
Nbootstrapsets: 2000
phyloFDAfile: c:/dino_nature/code/phylo.fda.R
auxFile: c:/dino_nature/code/auxiliary.r
boneType: femur
regressionData.file: C:/dino_nature/output/2023-11-07-D1\bs/set_113/femur_set_113.csv
applyDataFilter: FALSE
addTreeTips: TRUE
Ntrees: 100
calculateTrees: TRUE
saveTrees: FALSE


OPERATIONAL CHECKS:
* Regression data contains multiple copies of some taxa (user added variants of existing test taxa 
   or replacements due to bootstrap are present) which are not in the phylo tree:
     original taxon,   duplicate   
"1","Diplomesodon_pulchellum","Diplomesodon_pulchellum.1"
"2","Rupicapra_rupicapra","Rupicapra_rupicapra.1"
"3","Porphyrio_hochstetteri","Porphyrio_hochstetteri.1"
"4","Rattus_rattus","Rattus_rattus.1"
"5","Rattus_rattus","Rattus_rattus.2"
"6","Diplomesodon_pulchellum","Diplomesodon_pulchellum.2"
"7","Mus_musculus","Mus_musculus.1"
"8","Dama_dama","Dama_dama.1"
"9","Strigiops_habroptilus","Strigiops_habroptilus.1"
"10","Giraffa_camelopardalis","Giraffa_camelopardalis.1"
"11","Rattus_rattus","Rattus_rattus.3"
"12","Apteryx_australis","Apteryx_australis.1"
"13","Apteryx_owenii_","Apteryx_owenii_.1"
"14","Tenrec_ecaudatus","Tenrec_ecaudatus.1"
"15","Rhynchocyon_petersi","Rhynchocyon_petersi.1"
"16","Ceratotherium_simum","Ceratotherium_simum.1"
"17","Strigiops_habroptilus","Strigiops_habroptilus.2"
"18","Dasyurus_maculatus","Dasyurus_maculatus.1"
"19","Cephalophus_silvicultor","Cephalophus_silvicultor.1"
"20","Megaloceros_sp","Megaloceros_sp.1"
"21","Vulpes_vulpes","Vulpes_vulpes.1"
"22","Lacerta_viridis","Lacerta_viridis.1"
"23","Desmana_moschata","Desmana_moschata.1"
"24","Protochampsidae","Protochampsidae.1"
"25","Plesiosaurus","Plesiosaurus.1"
"26","Small_Eocene_penguin","Small_Eocene_penguin.1"
"27","Simosaurus","Simosaurus.1"
"28","Small_Eocene_penguin","Small_Eocene_penguin.2"
"29","Phalacrocorax_harrisi","Phalacrocorax_harrisi.1"
"30","Maiacetus","Maiacetus.1"
"31","Hesperornis","Hesperornis.1"
"32","Nothosaurus_giganteus","Nothosaurus_giganteus.1"
"33","Paraplacodus","Paraplacodus.1"
"34","Nothosaurus_mirabilis","Nothosaurus_mirabilis.1"
"35","Hippopotamus_amphibius","Hippopotamus_amphibius.1"
"36","Simosaurus_1","Simosaurus_1.1"
"37","Tapirus_terrestris","Tapirus_terrestris.1"
"38","Hesperornis","Hesperornis.2"
"39","Tapirus_terrestris","Tapirus_terrestris.2"
"40","Caiman_yacare","Caiman_yacare.1"
"41","Ichtyosaurus_","Ichtyosaurus_.1"
"42","Placondontia_indet","Placondontia_indet.1"
"43","Spinosaurus_","Spinosaurus_.1"
"44","Spinosaurus_","Spinosaurus_.2"
"45","Spinosaurus_","Spinosaurus_.3"
"46","Spinosaurus_","Spinosaurus_.4"
"47","Spinosaurus_","Spinosaurus_.5"
"48","Spinosaurus_","Spinosaurus_.6"
"49","Spinosaurus_","Spinosaurus_.7"
"50","Spinosaurus_","Spinosaurus_.8"
"51","Spinosaurus_","Spinosaurus_.9"
"52","Spinosaurus_","Spinosaurus_.10"
"53","Spinosaurus_","Spinosaurus_.11"
"54","Suchomimus","Suchomimus.1"
"55","Suchomimus","Suchomimus.2"
"56","Suchomimus","Suchomimus.3"
"57","Baryonyx","Baryonyx.1"
"58","Baryonyx","Baryonyx.2"
"59","Baryonyx","Baryonyx.3"
 
* Phylo tree and the main data and strata files have been modified to include duplicated taxa before the scaled random trees are generated.
* Selected categorical labels column: diving.or.not
* diving.or.equal column is identical to Diving column.
* Regression excludes flying taxa.
* Diving labels that are present in regression: 0,2
* lambda (calculated from a random tree) = : 0.09
* index-name alignment check: OK
