Logfile for a session of program: bootstrap_binary.r
-----------------------------------------------------
INPUT:
workDir: C:/dino_nature/output/2023-11-07-D1\bs/set_1513
Nbootstrapsets: 2000
phyloFDAfile: c:/dino_nature/code/phylo.fda.R
auxFile: c:/dino_nature/code/auxiliary.r
boneType: femur
regressionData.file: C:/dino_nature/output/2023-11-07-D1\bs/set_1513/femur_set_1513.csv
applyDataFilter: FALSE
addTreeTips: TRUE
Ntrees: 100
calculateTrees: TRUE
saveTrees: FALSE


OPERATIONAL CHECKS:
* Regression data contains multiple copies of some taxa (user added variants of existing test taxa 
   or replacements due to bootstrap are present) which are not in the phylo tree:
     original taxon,   duplicate   
"1","Meles_meles","Meles_meles.1"
"2","Caloenas_nicobarica","Caloenas_nicobarica.1"
"3","Felis_felis","Felis_felis.1"
"4","Rynochetus_jubatus","Rynochetus_jubatus.1"
"5","Loxodonta_africana","Loxodonta_africana.1"
"6","Capreolus_capreolus","Capreolus_capreolus.1"
"7","Bison_bonasus","Bison_bonasus.1"
"8","Felis_felis","Felis_felis.2"
"9","Alces_americanus","Alces_americanus.1"
"10","Bison_bonasus","Bison_bonasus.2"
"11","Procyon_lotor","Procyon_lotor.1"
"12","Strigiops_habroptilus","Strigiops_habroptilus.1"
"13","Rynochetus_jubatus","Rynochetus_jubatus.2"
"14","Meles_meles","Meles_meles.2"
"15","Microgale_thomasi","Microgale_thomasi.1"
"16","Rattus_rattus","Rattus_rattus.1"
"17","Vulpes_vulpes","Vulpes_vulpes.1"
"18","Atlantisia_rogersi","Atlantisia_rogersi.1"
"19","Lacerta_viridis","Lacerta_viridis.1"
"20","Brachyodus_onoideum","Brachyodus_onoideum.1"
"21","Elephas_maximus","Elephas_maximus.1"
"22","Felis_felis","Felis_felis.3"
"23","Basilosaurus","Basilosaurus.1"
"24","Protochampsidae","Protochampsidae.1"
"25","Phocanella_pumila","Phocanella_pumila.1"
"26","Chapsosaurus_","Chapsosaurus_.1"
"27","Basilosaurus","Basilosaurus.2"
"28","Ornithorhynchus_anatinus","Ornithorhynchus_anatinus.1"
"29","Simosaurus_1","Simosaurus_1.1"
"30","Placondontia_indet","Placondontia_indet.1"
"31","Basilosaurus","Basilosaurus.3"
"32","Anarosaurus","Anarosaurus.1"
"33","Chapsosaurus_","Chapsosaurus_.2"
"34","Chapsosaurus_","Chapsosaurus_.3"
"35","Chapsosaurus_","Chapsosaurus_.4"
"36","Metryorhynchus","Metryorhynchus.1"
"37","Metryorhynchus","Metryorhynchus.2"
"38","Simosaurus_1","Simosaurus_1.2"
"39","Noemys_fodies","Noemys_fodies.1"
"40","Simosaurus_1","Simosaurus_1.3"
"41","Phalacrocorax_harrisi","Phalacrocorax_harrisi.1"
"42","Hippopotamus_amphibius","Hippopotamus_amphibius.1"
"43","Cryptoclidus","Cryptoclidus.1"
"44","Maiacetus","Maiacetus.1"
"45","Hesperornis","Hesperornis.1"
"46","Spinosaurus_","Spinosaurus_.1"
"47","Spinosaurus_","Spinosaurus_.2"
"48","Spinosaurus_","Spinosaurus_.3"
"49","Spinosaurus_","Spinosaurus_.4"
"50","Spinosaurus_","Spinosaurus_.5"
"51","Spinosaurus_","Spinosaurus_.6"
"52","Spinosaurus_","Spinosaurus_.7"
"53","Spinosaurus_","Spinosaurus_.8"
"54","Spinosaurus_","Spinosaurus_.9"
"55","Spinosaurus_","Spinosaurus_.10"
"56","Spinosaurus_","Spinosaurus_.11"
"57","Suchomimus","Suchomimus.1"
"58","Suchomimus","Suchomimus.2"
"59","Suchomimus","Suchomimus.3"
"60","Baryonyx","Baryonyx.1"
"61","Baryonyx","Baryonyx.2"
"62","Baryonyx","Baryonyx.3"
 
* Phylo tree and the main data and strata files have been modified to include duplicated taxa before the scaled random trees are generated.
* Selected categorical labels column: diving.or.not
* diving.or.equal column is identical to Diving column.
* Regression excludes flying taxa.
* Diving labels that are present in regression: 0,2
* lambda (calculated from a random tree) = : 0.15
* index-name alignment check: OK
