Logfile for a session of program: bootstrap_binary.r
-----------------------------------------------------
INPUT:
workDir: C:/dino_nature/output/2023-11-07-D1\bs/set_434
Nbootstrapsets: 2000
phyloFDAfile: c:/dino_nature/code/phylo.fda.R
auxFile: c:/dino_nature/code/auxiliary.r
boneType: femur
regressionData.file: C:/dino_nature/output/2023-11-07-D1\bs/set_434/femur_set_434.csv
applyDataFilter: FALSE
addTreeTips: TRUE
Ntrees: 100
calculateTrees: TRUE
saveTrees: FALSE


OPERATIONAL CHECKS:
* Regression data contains multiple copies of some taxa (user added variants of existing test taxa 
   or replacements due to bootstrap are present) which are not in the phylo tree:
     original taxon,   duplicate   
"1","Tamandua_tetradactyla","Tamandua_tetradactyla.1"
"2","Sus_scrofa","Sus_scrofa.1"
"3","Apteryx_owenii_","Apteryx_owenii_.1"
"4","Tribonyx_mortieri","Tribonyx_mortieri.1"
"5","Apteryx_owenii_","Apteryx_owenii_.2"
"6","Brachyodus_onoideum","Brachyodus_onoideum.1"
"7","Apteryx_owenii_","Apteryx_owenii_.3"
"8","Uncia_uncia","Uncia_uncia.1"
"9","Myrmecophaga_tridactyla","Myrmecophaga_tridactyla.1"
"10","Tenrec_ecaudatus","Tenrec_ecaudatus.1"
"11","Tamandua_tetradactyla","Tamandua_tetradactyla.2"
"12","Mustela_nivalis","Mustela_nivalis.1"
"13","Sus_scrofa","Sus_scrofa.2"
"14","Taxidea_taxus","Taxidea_taxus.1"
"15","Myrmecophaga_tridactyla","Myrmecophaga_tridactyla.2"
"16","Dama_dama","Dama_dama.1"
"17","Dasyurus_maculatus","Dasyurus_maculatus.1"
"18","Mammuthus_sp","Mammuthus_sp.1"
"19","Rodhocetus","Rodhocetus.1"
"20","Palaeospheniscus","Palaeospheniscus.1"
"21","Callophoca_obscura","Callophoca_obscura.1"
"22","Placodontia_indet_1","Placodontia_indet_1.1"
"23","Micropotamogale_euwenzorii","Micropotamogale_euwenzorii.1"
"24","Ichtyosaurus_","Ichtyosaurus_.1"
"25","Rodhocetus","Rodhocetus.2"
"26","Simosaurus","Simosaurus.1"
"27","Rodhocetus","Rodhocetus.3"
"28","Alligator","Alligator.1"
"29","Neusticosaurus","Neusticosaurus.1"
"30","Micropotamogale_euwenzorii","Micropotamogale_euwenzorii.2"
"31","Alligator","Alligator.2"
"32","Rodhocetus","Rodhocetus.4"
"33","Small_Eocene_penguin","Small_Eocene_penguin.1"
"34","Hippopotamus_amphibius","Hippopotamus_amphibius.1"
"35","Otaria_byronia","Otaria_byronia.1"
"36","Placodontia_indet_1","Placodontia_indet_1.2"
"37","Otaria_byronia","Otaria_byronia.2"
"38","Choeropsis_liberiensis","Choeropsis_liberiensis.1"
"39","Nothosaurus_102","Nothosaurus_102.1"
"40","Serpianosaurus","Serpianosaurus.1"
"41","Tapirus_terrestris","Tapirus_terrestris.1"
"42","Spinosaurus_","Spinosaurus_.1"
"43","Spinosaurus_","Spinosaurus_.2"
"44","Spinosaurus_","Spinosaurus_.3"
"45","Spinosaurus_","Spinosaurus_.4"
"46","Spinosaurus_","Spinosaurus_.5"
"47","Spinosaurus_","Spinosaurus_.6"
"48","Spinosaurus_","Spinosaurus_.7"
"49","Spinosaurus_","Spinosaurus_.8"
"50","Spinosaurus_","Spinosaurus_.9"
"51","Spinosaurus_","Spinosaurus_.10"
"52","Spinosaurus_","Spinosaurus_.11"
"53","Suchomimus","Suchomimus.1"
"54","Suchomimus","Suchomimus.2"
"55","Suchomimus","Suchomimus.3"
"56","Baryonyx","Baryonyx.1"
"57","Baryonyx","Baryonyx.2"
"58","Baryonyx","Baryonyx.3"
 
* Phylo tree and the main data and strata files have been modified to include duplicated taxa before the scaled random trees are generated.
* Selected categorical labels column: diving.or.not
* diving.or.equal column is identical to Diving column.
* Regression excludes flying taxa.
* Diving labels that are present in regression: 0,2
* lambda (calculated from a random tree) = : 0.1
* index-name alignment check: OK
