Logfile for a session of program: bootstrap_binary.r
-----------------------------------------------------
INPUT:
workDir: C:/dino_nature/output/2023-11-07-D1\bs/set_373
Nbootstrapsets: 2000
phyloFDAfile: c:/dino_nature/code/phylo.fda.R
auxFile: c:/dino_nature/code/auxiliary.r
boneType: femur
regressionData.file: C:/dino_nature/output/2023-11-07-D1\bs/set_373/femur_set_373.csv
applyDataFilter: FALSE
addTreeTips: TRUE
Ntrees: 100
calculateTrees: TRUE
saveTrees: FALSE


OPERATIONAL CHECKS:
* Regression data contains multiple copies of some taxa (user added variants of existing test taxa 
   or replacements due to bootstrap are present) which are not in the phylo tree:
     original taxon,   duplicate   
"1","Monodelphis_domestica","Monodelphis_domestica.1"
"2","Mustela_nivalis","Mustela_nivalis.1"
"3","Monodelphis_domestica","Monodelphis_domestica.2"
"4","Myrmecophaga_tridactyla","Myrmecophaga_tridactyla.1"
"5","Capreolus_capreolus","Capreolus_capreolus.1"
"6","Dasyurus_maculatus","Dasyurus_maculatus.1"
"7","Meles_meles","Meles_meles.1"
"8","Lama_guanicoe","Lama_guanicoe.1"
"9","Mustela_nivalis","Mustela_nivalis.2"
"10","Tribonyx_mortieri","Tribonyx_mortieri.1"
"11","Paguma_larvata","Paguma_larvata.1"
"12","Tamandua_tetradactyla","Tamandua_tetradactyla.1"
"13","Cephalophus_silvicultor","Cephalophus_silvicultor.1"
"14","Procyon_lotor","Procyon_lotor.1"
"15","Tribonyx_mortieri","Tribonyx_mortieri.2"
"16","Lacerta_viridis","Lacerta_viridis.1"
"17","Dicerorhinus_sumatrensis","Dicerorhinus_sumatrensis.1"
"18","Xenicus_giliventris","Xenicus_giliventris.1"
"19","Cephalophus_silvicultor","Cephalophus_silvicultor.2"
"20","Rynochetus_jubatus","Rynochetus_jubatus.1"
"21","Rhinoceros_sondaicus","Rhinoceros_sondaicus.1"
"22","Desmostylus_hesperus","Desmostylus_hesperus.1"
"23","Tapirus_terrestris","Tapirus_terrestris.1"
"24","Simosaurus","Simosaurus.1"
"25","large_eocene_stem_penguin","large_eocene_stem_penguin.1"
"26","large_eocene_stem_penguin","large_eocene_stem_penguin.2"
"27","Simosaurus_1","Simosaurus_1.1"
"28","Nothosaurus_mirabilis","Nothosaurus_mirabilis.1"
"29","Micropotamogale_euwenzorii","Micropotamogale_euwenzorii.1"
"30","Aptenodytes______","Aptenodytes______.1"
"31","Hippopotamus_amphibius","Hippopotamus_amphibius.1"
"32","large_eocene_stem_penguin","large_eocene_stem_penguin.3"
"33","Nothosaurus_mirabilis","Nothosaurus_mirabilis.2"
"34","Palaeospheniscus","Palaeospheniscus.1"
"35","Indohyus","Indohyus.1"
"36","Hippopotamus_amphibius","Hippopotamus_amphibius.2"
"37","Micropotamogale_euwenzorii","Micropotamogale_euwenzorii.2"
"38","Nanophoca_vitulinoides","Nanophoca_vitulinoides.1"
"39","Chapsosaurus_","Chapsosaurus_.1"
"40","Phalacrocorax_harrisi","Phalacrocorax_harrisi.1"
"41","Desmostylus_hesperus","Desmostylus_hesperus.2"
"42","Metryorhynchus","Metryorhynchus.1"
"43","Basilosaurus","Basilosaurus.1"
"44","Chapsosaurus_","Chapsosaurus_.2"
"45","Spinosaurus_","Spinosaurus_.1"
"46","Spinosaurus_","Spinosaurus_.2"
"47","Spinosaurus_","Spinosaurus_.3"
"48","Spinosaurus_","Spinosaurus_.4"
"49","Spinosaurus_","Spinosaurus_.5"
"50","Spinosaurus_","Spinosaurus_.6"
"51","Spinosaurus_","Spinosaurus_.7"
"52","Spinosaurus_","Spinosaurus_.8"
"53","Spinosaurus_","Spinosaurus_.9"
"54","Spinosaurus_","Spinosaurus_.10"
"55","Spinosaurus_","Spinosaurus_.11"
"56","Suchomimus","Suchomimus.1"
"57","Suchomimus","Suchomimus.2"
"58","Suchomimus","Suchomimus.3"
"59","Baryonyx","Baryonyx.1"
"60","Baryonyx","Baryonyx.2"
"61","Baryonyx","Baryonyx.3"
 
* Phylo tree and the main data and strata files have been modified to include duplicated taxa before the scaled random trees are generated.
* Selected categorical labels column: diving.or.not
* diving.or.equal column is identical to Diving column.
* Regression excludes flying taxa.
* Diving labels that are present in regression: 0,2
* lambda (calculated from a random tree) = : 0.11
* index-name alignment check: OK
