Logfile for a session of program: bootstrap_binary.r
-----------------------------------------------------
INPUT:
workDir: C:/dino_nature/output/2023-11-07-D1\bs/set_1982
Nbootstrapsets: 2000
phyloFDAfile: c:/dino_nature/code/phylo.fda.R
auxFile: c:/dino_nature/code/auxiliary.r
boneType: femur
regressionData.file: C:/dino_nature/output/2023-11-07-D1\bs/set_1982/femur_set_1982.csv
applyDataFilter: FALSE
addTreeTips: TRUE
Ntrees: 100
calculateTrees: TRUE
saveTrees: FALSE


OPERATIONAL CHECKS:
* Regression data contains multiple copies of some taxa (user added variants of existing test taxa 
   or replacements due to bootstrap are present) which are not in the phylo tree:
     original taxon,   duplicate   
"1","Alces_americanus","Alces_americanus.1"
"2","Dama_dama","Dama_dama.1"
"3","Pogona_viceps","Pogona_viceps.1"
"4","Cephalophus_silvicultor","Cephalophus_silvicultor.1"
"5","Pogona_viceps","Pogona_viceps.2"
"6","Diplomesodon_pulchellum","Diplomesodon_pulchellum.1"
"7","Apteryx_australis","Apteryx_australis.1"
"8","Monodelphis_domestica","Monodelphis_domestica.1"
"9","Cephalophus_silvicultor","Cephalophus_silvicultor.2"
"10","Dasyurus_maculatus","Dasyurus_maculatus.1"
"11","Loxodonta_africana","Loxodonta_africana.1"
"12","Uncia_uncia","Uncia_uncia.1"
"13","Loxodonta_africana","Loxodonta_africana.2"
"14","Cephalophus_silvicultor","Cephalophus_silvicultor.3"
"15","Brachyodus_onoideum","Brachyodus_onoideum.1"
"16","Cephalophus_silvicultor","Cephalophus_silvicultor.4"
"17","Strigiops_habroptilus","Strigiops_habroptilus.1"
"18","Atlantisia_rogersi","Atlantisia_rogersi.1"
"19","Indohyus","Indohyus.1"
"20","Hippopotamus_amphibius","Hippopotamus_amphibius.1"
"21","Palaeospheniscus","Palaeospheniscus.1"
"22","Pistosaurus","Pistosaurus.1"
"23","Small_Eocene_penguin","Small_Eocene_penguin.1"
"24","Rodhocetus","Rodhocetus.1"
"25","Nothosaurus_568","Nothosaurus_568.1"
"26","Plesiosaurus","Plesiosaurus.1"
"27","Nothosaurus_giganteus","Nothosaurus_giganteus.1"
"28","Phocanella_pumila","Phocanella_pumila.1"
"29","Phalacrocorax_harrisi","Phalacrocorax_harrisi.1"
"30","Nothosaurus_giganteus","Nothosaurus_giganteus.2"
"31","Choeropsis_liberiensis","Choeropsis_liberiensis.1"
"32","Small_Eocene_penguin","Small_Eocene_penguin.2"
"33","Phocanella_pumila","Phocanella_pumila.2"
"34","Ornithorhynchus_anatinus","Ornithorhynchus_anatinus.1"
"35","Paraplacodus","Paraplacodus.1"
"36","Placondontia_indet","Placondontia_indet.1"
"37","Hippopotamus_amphibius","Hippopotamus_amphibius.2"
"38","Phalacrocorax_harrisi","Phalacrocorax_harrisi.2"
"39","Small_Eocene_penguin","Small_Eocene_penguin.3"
"40","Leptophoca_proxima","Leptophoca_proxima.1"
"41","Nothosaurus_150","Nothosaurus_150.1"
"42","Nothosaurus_mirabilis","Nothosaurus_mirabilis.1"
"43","Maiacetus","Maiacetus.1"
"44","Spinosaurus_","Spinosaurus_.1"
"45","Spinosaurus_","Spinosaurus_.2"
"46","Spinosaurus_","Spinosaurus_.3"
"47","Spinosaurus_","Spinosaurus_.4"
"48","Spinosaurus_","Spinosaurus_.5"
"49","Spinosaurus_","Spinosaurus_.6"
"50","Spinosaurus_","Spinosaurus_.7"
"51","Spinosaurus_","Spinosaurus_.8"
"52","Spinosaurus_","Spinosaurus_.9"
"53","Spinosaurus_","Spinosaurus_.10"
"54","Spinosaurus_","Spinosaurus_.11"
"55","Suchomimus","Suchomimus.1"
"56","Suchomimus","Suchomimus.2"
"57","Suchomimus","Suchomimus.3"
"58","Baryonyx","Baryonyx.1"
"59","Baryonyx","Baryonyx.2"
"60","Baryonyx","Baryonyx.3"
 
* Phylo tree and the main data and strata files have been modified to include duplicated taxa before the scaled random trees are generated.
* Selected categorical labels column: diving.or.not
* diving.or.equal column is identical to Diving column.
* Regression excludes flying taxa.
* Diving labels that are present in regression: 0,2
* lambda (calculated from a random tree) = : 0.11
* index-name alignment check: OK
