Logfile for a session of program: bootstrap_binary.r
-----------------------------------------------------
INPUT:
workDir: C:/dino_nature/output/2023-11-07-D1\bs/set_114
Nbootstrapsets: 2000
phyloFDAfile: c:/dino_nature/code/phylo.fda.R
auxFile: c:/dino_nature/code/auxiliary.r
boneType: femur
regressionData.file: C:/dino_nature/output/2023-11-07-D1\bs/set_114/femur_set_114.csv
applyDataFilter: FALSE
addTreeTips: TRUE
Ntrees: 100
calculateTrees: TRUE
saveTrees: FALSE


OPERATIONAL CHECKS:
* Regression data contains multiple copies of some taxa (user added variants of existing test taxa 
   or replacements due to bootstrap are present) which are not in the phylo tree:
     original taxon,   duplicate   
"1","Diplomesodon_pulchellum","Diplomesodon_pulchellum.1"
"2","Okapia_johnstoni","Okapia_johnstoni.1"
"3","Brachyodus_onoideum","Brachyodus_onoideum.1"
"4","Diplomesodon_pulchellum","Diplomesodon_pulchellum.2"
"5","Hemiechinus_azurites","Hemiechinus_azurites.1"
"6","Tenrec_ecaudatus","Tenrec_ecaudatus.1"
"7","Capreolus_capreolus","Capreolus_capreolus.1"
"8","Okapia_johnstoni","Okapia_johnstoni.2"
"9","Okapia_johnstoni","Okapia_johnstoni.3"
"10","Rangifer_tarandus","Rangifer_tarandus.1"
"11","Apteryx_owenii_","Apteryx_owenii_.1"
"12","Megaloceros_sp","Megaloceros_sp.1"
"13","Felis_felis","Felis_felis.1"
"14","Tenrec_ecaudatus","Tenrec_ecaudatus.2"
"15","Apteryx_owenii_","Apteryx_owenii_.2"
"16","Procavia_capensis","Procavia_capensis.1"
"17","Caloenas_nicobarica","Caloenas_nicobarica.1"
"18","Okapia_johnstoni","Okapia_johnstoni.4"
"19","Euroscaptor_micrura","Euroscaptor_micrura.1"
"20","Elomeryx_borbonicus_","Elomeryx_borbonicus_.1"
"21","Okapia_johnstoni","Okapia_johnstoni.5"
"22","Tenrec_ecaudatus","Tenrec_ecaudatus.3"
"23","Lutra_vulgaris","Lutra_vulgaris.1"
"24","Leptophoca_proxima","Leptophoca_proxima.1"
"25","Plesiosaurus","Plesiosaurus.1"
"26","Protochampsidae","Protochampsidae.1"
"27","Micropotamogale_euwenzorii","Micropotamogale_euwenzorii.1"
"28","Castor_fiber","Castor_fiber.1"
"29","Lutra_vulgaris","Lutra_vulgaris.2"
"30","Nothosaurus_150","Nothosaurus_150.1"
"31","Dyrosaurid","Dyrosaurid.1"
"32","Nothosaurus_150","Nothosaurus_150.2"
"33","Hippopotamus_amphibius","Hippopotamus_amphibius.1"
"34","Phalacrocorax_harrisi","Phalacrocorax_harrisi.1"
"35","Remingtonocetus","Remingtonocetus.1"
"36","Nothosaurus_102","Nothosaurus_102.1"
"37","Nothosaurus_mirabilis_1","Nothosaurus_mirabilis_1.1"
"38","Hexaprotodon_garyam","Hexaprotodon_garyam.1"
"39","Castor_fiber","Castor_fiber.2"
"40","Indohyus","Indohyus.1"
"41","Placondontia_indet","Placondontia_indet.1"
"42","Caiman_yacare","Caiman_yacare.1"
"43","Nanophoca_vitulinoides","Nanophoca_vitulinoides.1"
"44","Plesiosaurus","Plesiosaurus.2"
"45","Nanophoca_vitulinoides","Nanophoca_vitulinoides.2"
"46","Spinosaurus_","Spinosaurus_.1"
"47","Spinosaurus_","Spinosaurus_.2"
"48","Spinosaurus_","Spinosaurus_.3"
"49","Spinosaurus_","Spinosaurus_.4"
"50","Spinosaurus_","Spinosaurus_.5"
"51","Spinosaurus_","Spinosaurus_.6"
"52","Spinosaurus_","Spinosaurus_.7"
"53","Spinosaurus_","Spinosaurus_.8"
"54","Spinosaurus_","Spinosaurus_.9"
"55","Spinosaurus_","Spinosaurus_.10"
"56","Spinosaurus_","Spinosaurus_.11"
"57","Suchomimus","Suchomimus.1"
"58","Suchomimus","Suchomimus.2"
"59","Suchomimus","Suchomimus.3"
"60","Baryonyx","Baryonyx.1"
"61","Baryonyx","Baryonyx.2"
"62","Baryonyx","Baryonyx.3"
 
* Phylo tree and the main data and strata files have been modified to include duplicated taxa before the scaled random trees are generated.
* Selected categorical labels column: diving.or.not
* diving.or.equal column is identical to Diving column.
* Regression excludes flying taxa.
* Diving labels that are present in regression: 0,2
* lambda (calculated from a random tree) = : 0.07
* index-name alignment check: OK
