Logfile for a session of program: bootstrap_binary.r
-----------------------------------------------------
INPUT:
workDir: C:/dino_nature/output/2023-11-07-D1\bs/set_1498
Nbootstrapsets: 2000
phyloFDAfile: c:/dino_nature/code/phylo.fda.R
auxFile: c:/dino_nature/code/auxiliary.r
boneType: femur
regressionData.file: C:/dino_nature/output/2023-11-07-D1\bs/set_1498/femur_set_1498.csv
applyDataFilter: FALSE
addTreeTips: TRUE
Ntrees: 100
calculateTrees: TRUE
saveTrees: FALSE


OPERATIONAL CHECKS:
* Regression data contains multiple copies of some taxa (user added variants of existing test taxa 
   or replacements due to bootstrap are present) which are not in the phylo tree:
     original taxon,   duplicate   
"1","Syncerus_caffer","Syncerus_caffer.1"
"2","Xenicus_giliventris","Xenicus_giliventris.1"
"3","Syncerus_caffer","Syncerus_caffer.2"
"4","Rangifer_tarandus","Rangifer_tarandus.1"
"5","Procavia_capensis","Procavia_capensis.1"
"6","Bison_bonasus","Bison_bonasus.1"
"7","Myrmecophaga_tridactyla","Myrmecophaga_tridactyla.1"
"8","Rynochetus_jubatus","Rynochetus_jubatus.1"
"9","Xenicus_giliventris","Xenicus_giliventris.2"
"10","Procavia_capensis","Procavia_capensis.2"
"11","Myrmecophaga_tridactyla","Myrmecophaga_tridactyla.2"
"12","Sus_scrofa","Sus_scrofa.1"
"13","Atlantisia_rogersi","Atlantisia_rogersi.1"
"14","Syncerus_caffer","Syncerus_caffer.3"
"15","Atlantisia_rogersi","Atlantisia_rogersi.2"
"16","Sus_scrofa","Sus_scrofa.2"
"17","Procavia_capensis","Procavia_capensis.3"
"18","Hemiechinus_azurites","Hemiechinus_azurites.1"
"19","Rynochetus_jubatus","Rynochetus_jubatus.2"
"20","Mus_musculus","Mus_musculus.1"
"21","Strigiops_habroptilus","Strigiops_habroptilus.1"
"22","Rynochetus_jubatus","Rynochetus_jubatus.3"
"23","Desmana_moschata","Desmana_moschata.1"
"24","Maiacetus","Maiacetus.1"
"25","Plesiosaurus","Plesiosaurus.1"
"26","Desmana_moschata","Desmana_moschata.2"
"27","Plesiosaurus","Plesiosaurus.2"
"28","Rodhocetus","Rodhocetus.1"
"29","Nothosaurus_150","Nothosaurus_150.1"
"30","Ichtyosaur_sp","Ichtyosaur_sp.1"
"31","Nothosaurus_150","Nothosaurus_150.2"
"32","Rodhocetus","Rodhocetus.2"
"33","Palaeospheniscus","Palaeospheniscus.1"
"34","Palaeospheniscus","Palaeospheniscus.2"
"35","Chironectes_minimus","Chironectes_minimus.1"
"36","Nothosaurus_102","Nothosaurus_102.1"
"37","Nothosaurus_102","Nothosaurus_102.2"
"38","Cricosaurus","Cricosaurus.1"
"39","Lutra_vulgaris","Lutra_vulgaris.1"
"40","Cryptoclidus","Cryptoclidus.1"
"41","Nanophoca_vitulinoides","Nanophoca_vitulinoides.1"
"42","Champsosaurus","Champsosaurus.1"
"43","Callophoca_obscura","Callophoca_obscura.1"
"44","Psephoderma","Psephoderma.1"
"45","Neusticosaurus","Neusticosaurus.1"
"46","Cryptoclidus","Cryptoclidus.2"
"47","Desmana_moschata","Desmana_moschata.3"
"48","Spinosaurus_","Spinosaurus_.1"
"49","Spinosaurus_","Spinosaurus_.2"
"50","Spinosaurus_","Spinosaurus_.3"
"51","Spinosaurus_","Spinosaurus_.4"
"52","Spinosaurus_","Spinosaurus_.5"
"53","Spinosaurus_","Spinosaurus_.6"
"54","Spinosaurus_","Spinosaurus_.7"
"55","Spinosaurus_","Spinosaurus_.8"
"56","Spinosaurus_","Spinosaurus_.9"
"57","Spinosaurus_","Spinosaurus_.10"
"58","Spinosaurus_","Spinosaurus_.11"
"59","Suchomimus","Suchomimus.1"
"60","Suchomimus","Suchomimus.2"
"61","Suchomimus","Suchomimus.3"
"62","Baryonyx","Baryonyx.1"
"63","Baryonyx","Baryonyx.2"
"64","Baryonyx","Baryonyx.3"
 
* Phylo tree and the main data and strata files have been modified to include duplicated taxa before the scaled random trees are generated.
* Selected categorical labels column: diving.or.not
* diving.or.equal column is identical to Diving column.
* Regression excludes flying taxa.
* Diving labels that are present in regression: 0,2
* lambda (calculated from a random tree) = : 0.13
* index-name alignment check: OK
