Logfile for a session of program: bootstrap_binary.r
-----------------------------------------------------
INPUT:
workDir: C:/dino_nature/output/2023-11-07-D1\bs/set_1181
Nbootstrapsets: 2000
phyloFDAfile: c:/dino_nature/code/phylo.fda.R
auxFile: c:/dino_nature/code/auxiliary.r
boneType: femur
regressionData.file: C:/dino_nature/output/2023-11-07-D1\bs/set_1181/femur_set_1181.csv
applyDataFilter: FALSE
addTreeTips: TRUE
Ntrees: 100
calculateTrees: TRUE
saveTrees: FALSE


OPERATIONAL CHECKS:
* Regression data contains multiple copies of some taxa (user added variants of existing test taxa 
   or replacements due to bootstrap are present) which are not in the phylo tree:
     original taxon,   duplicate   
"1","Porphyrio_hochstetteri","Porphyrio_hochstetteri.1"
"2","Myrmecophaga_tridactyla","Myrmecophaga_tridactyla.1"
"3","Microgale_thomasi","Microgale_thomasi.1"
"4","Myrmecophaga_tridactyla","Myrmecophaga_tridactyla.2"
"5","Tenrec_ecaudatus","Tenrec_ecaudatus.1"
"6","Loxodonta_africana","Loxodonta_africana.1"
"7","Hemiechinus_azurites","Hemiechinus_azurites.1"
"8","Caloenas_nicobarica","Caloenas_nicobarica.1"
"9","Rattus_rattus","Rattus_rattus.1"
"10","Tenrec_ecaudatus","Tenrec_ecaudatus.2"
"11","Taxidea_taxus","Taxidea_taxus.1"
"12","Brachyodus_onoideum","Brachyodus_onoideum.1"
"13","Giraffa_camelopardalis","Giraffa_camelopardalis.1"
"14","Lama_guanicoe","Lama_guanicoe.1"
"15","Euroscaptor_micrura","Euroscaptor_micrura.1"
"16","Microgale_thomasi","Microgale_thomasi.2"
"17","Tamandua_tetradactyla","Tamandua_tetradactyla.1"
"18","Tenrec_ecaudatus","Tenrec_ecaudatus.3"
"19","Syncerus_caffer","Syncerus_caffer.1"
"20","Porphyrio_hochstetteri","Porphyrio_hochstetteri.2"
"21","Monodelphis_domestica","Monodelphis_domestica.1"
"22","Tenrec_ecaudatus","Tenrec_ecaudatus.4"
"23","Procavia_capensis","Procavia_capensis.1"
"24","Euroscaptor_micrura","Euroscaptor_micrura.2"
"25","Choeropsis_liberiensis","Choeropsis_liberiensis.1"
"26","Pistosaurus","Pistosaurus.1"
"27","Caiman_yacare","Caiman_yacare.1"
"28","Neusticosaurus","Neusticosaurus.1"
"29","Placodontia_indet_1","Placodontia_indet_1.1"
"30","Hexaprotodon_garyam","Hexaprotodon_garyam.1"
"31","Plesiosaurus","Plesiosaurus.1"
"32","Hydromys_chrysogaster","Hydromys_chrysogaster.1"
"33","Remingtonocetus","Remingtonocetus.1"
"34","Micropotamogale_euwenzorii","Micropotamogale_euwenzorii.1"
"35","Plesiosaurus","Plesiosaurus.2"
"36","Placondontia_indet","Placondontia_indet.1"
"37","Nanophoca_vitulinoides","Nanophoca_vitulinoides.1"
"38","Nothosaurus_giganteus","Nothosaurus_giganteus.1"
"39","Nothosaurus_giganteus","Nothosaurus_giganteus.2"
"40","Hydromys_chrysogaster","Hydromys_chrysogaster.2"
"41","Hesperornis","Hesperornis.1"
"42","Nothosaurus_mirabilis","Nothosaurus_mirabilis.1"
"43","Desmostylus_hesperus","Desmostylus_hesperus.1"
"44","Tapirus_terrestris","Tapirus_terrestris.1"
"45","Desmostylus_hesperus","Desmostylus_hesperus.2"
"46","Plesiosaurus","Plesiosaurus.3"
"47","Spinosaurus_","Spinosaurus_.1"
"48","Spinosaurus_","Spinosaurus_.2"
"49","Spinosaurus_","Spinosaurus_.3"
"50","Spinosaurus_","Spinosaurus_.4"
"51","Spinosaurus_","Spinosaurus_.5"
"52","Spinosaurus_","Spinosaurus_.6"
"53","Spinosaurus_","Spinosaurus_.7"
"54","Spinosaurus_","Spinosaurus_.8"
"55","Spinosaurus_","Spinosaurus_.9"
"56","Spinosaurus_","Spinosaurus_.10"
"57","Spinosaurus_","Spinosaurus_.11"
"58","Suchomimus","Suchomimus.1"
"59","Suchomimus","Suchomimus.2"
"60","Suchomimus","Suchomimus.3"
"61","Baryonyx","Baryonyx.1"
"62","Baryonyx","Baryonyx.2"
"63","Baryonyx","Baryonyx.3"
 
* Phylo tree and the main data and strata files have been modified to include duplicated taxa before the scaled random trees are generated.
* Selected categorical labels column: diving.or.not
* diving.or.equal column is identical to Diving column.
* Regression excludes flying taxa.
* Diving labels that are present in regression: 0,2
* lambda (calculated from a random tree) = : 0.09
* index-name alignment check: OK
