Logfile for a session of program: bootstrap_binary.r
-----------------------------------------------------
INPUT:
workDir: C:/dino_nature/output/2023-11-07-D1\bs/set_437
Nbootstrapsets: 2000
phyloFDAfile: c:/dino_nature/code/phylo.fda.R
auxFile: c:/dino_nature/code/auxiliary.r
boneType: femur
regressionData.file: C:/dino_nature/output/2023-11-07-D1\bs/set_437/femur_set_437.csv
applyDataFilter: FALSE
addTreeTips: TRUE
Ntrees: 100
calculateTrees: TRUE
saveTrees: FALSE


OPERATIONAL CHECKS:
* Regression data contains multiple copies of some taxa (user added variants of existing test taxa 
   or replacements due to bootstrap are present) which are not in the phylo tree:
     original taxon,   duplicate   
"1","Raphus","Raphus.1"
"2","Lacerta_viridis","Lacerta_viridis.1"
"3","Apteryx_australis","Apteryx_australis.1"
"4","Mus_musculus","Mus_musculus.1"
"5","Brachyodus_onoideum","Brachyodus_onoideum.1"
"6","Pogona_viceps","Pogona_viceps.1"
"7","Paguma_larvata","Paguma_larvata.1"
"8","Brachyodus_onoideum","Brachyodus_onoideum.2"
"9","Porphyrio_hochstetteri","Porphyrio_hochstetteri.1"
"10","Rhinoceros_sondaicus","Rhinoceros_sondaicus.1"
"11","Brachyodus_onoideum","Brachyodus_onoideum.3"
"12","Mus_musculus","Mus_musculus.2"
"13","Vulpes_vulpes","Vulpes_vulpes.1"
"14","Strigiops_habroptilus","Strigiops_habroptilus.1"
"15","Rhinoceros_sondaicus","Rhinoceros_sondaicus.2"
"16","Mus_musculus","Mus_musculus.3"
"17","Capreolus_capreolus","Capreolus_capreolus.1"
"18","Microgale_thomasi","Microgale_thomasi.1"
"19","Sus_scrofa","Sus_scrofa.1"
"20","Rhinoceros_sondaicus","Rhinoceros_sondaicus.3"
"21","Tribonyx_mortieri","Tribonyx_mortieri.1"
"22","Microgale_thomasi","Microgale_thomasi.2"
"23","Rynochetus_jubatus","Rynochetus_jubatus.1"
"24","Spheniscus","Spheniscus.1"
"25","Psephoderma","Psephoderma.1"
"26","Noemys_fodies","Noemys_fodies.1"
"27","Noemys_fodies","Noemys_fodies.2"
"28","Hippopotamus_amphibius","Hippopotamus_amphibius.1"
"29","Paraplacodus","Paraplacodus.1"
"30","Spheniscus","Spheniscus.2"
"31","Metryorhynchus","Metryorhynchus.1"
"32","Palaeospheniscus","Palaeospheniscus.1"
"33","Choeropsis_liberiensis","Choeropsis_liberiensis.1"
"34","Psephoderma","Psephoderma.2"
"35","Dyrosaurid","Dyrosaurid.1"
"36","Dyrosaurid","Dyrosaurid.2"
"37","Anarosaurus","Anarosaurus.1"
"38","Phalacrocorax_harrisi","Phalacrocorax_harrisi.1"
"39","Nothosaurus_mirabilis_1","Nothosaurus_mirabilis_1.1"
"40","Protochampsidae","Protochampsidae.1"
"41","Lutra_vulgaris","Lutra_vulgaris.1"
"42","Cricosaurus","Cricosaurus.1"
"43","Nothosaurus_mirabilis","Nothosaurus_mirabilis.1"
"44","Spinosaurus_","Spinosaurus_.1"
"45","Spinosaurus_","Spinosaurus_.2"
"46","Spinosaurus_","Spinosaurus_.3"
"47","Spinosaurus_","Spinosaurus_.4"
"48","Spinosaurus_","Spinosaurus_.5"
"49","Spinosaurus_","Spinosaurus_.6"
"50","Spinosaurus_","Spinosaurus_.7"
"51","Spinosaurus_","Spinosaurus_.8"
"52","Spinosaurus_","Spinosaurus_.9"
"53","Spinosaurus_","Spinosaurus_.10"
"54","Spinosaurus_","Spinosaurus_.11"
"55","Suchomimus","Suchomimus.1"
"56","Suchomimus","Suchomimus.2"
"57","Suchomimus","Suchomimus.3"
"58","Baryonyx","Baryonyx.1"
"59","Baryonyx","Baryonyx.2"
"60","Baryonyx","Baryonyx.3"
 
* Phylo tree and the main data and strata files have been modified to include duplicated taxa before the scaled random trees are generated.
* Selected categorical labels column: diving.or.not
* diving.or.equal column is identical to Diving column.
* Regression excludes flying taxa.
* Diving labels that are present in regression: 0,2
* lambda (calculated from a random tree) = : 0.12
* index-name alignment check: OK
