Logfile for a session of program: bootstrap_binary.r
-----------------------------------------------------
INPUT:
workDir: C:/dino_nature/output/2023-11-07-D1\bs/set_1109
Nbootstrapsets: 2000
phyloFDAfile: c:/dino_nature/code/phylo.fda.R
auxFile: c:/dino_nature/code/auxiliary.r
boneType: femur
regressionData.file: C:/dino_nature/output/2023-11-07-D1\bs/set_1109/femur_set_1109.csv
applyDataFilter: FALSE
addTreeTips: TRUE
Ntrees: 100
calculateTrees: TRUE
saveTrees: FALSE


OPERATIONAL CHECKS:
* Regression data contains multiple copies of some taxa (user added variants of existing test taxa 
   or replacements due to bootstrap are present) which are not in the phylo tree:
     original taxon,   duplicate   
"1","Okapia_johnstoni","Okapia_johnstoni.1"
"2","Rattus_rattus","Rattus_rattus.1"
"3","Uncia_uncia","Uncia_uncia.1"
"4","Uncia_uncia","Uncia_uncia.2"
"5","Brachyodus_onoideum","Brachyodus_onoideum.1"
"6","Elomeryx_borbonicus_","Elomeryx_borbonicus_.1"
"7","Elomeryx_borbonicus_","Elomeryx_borbonicus_.2"
"8","Dromaius_","Dromaius_.1"
"9","Sphenodon_punctatus","Sphenodon_punctatus.1"
"10","Sus_scrofa","Sus_scrofa.1"
"11","Diplomesodon_pulchellum","Diplomesodon_pulchellum.1"
"12","Dicerorhinus_sumatrensis","Dicerorhinus_sumatrensis.1"
"13","Rattus_rattus","Rattus_rattus.2"
"14","Pogona_viceps","Pogona_viceps.1"
"15","Dromaius_","Dromaius_.2"
"16","Sphenodon_punctatus","Sphenodon_punctatus.2"
"17","Paguma_larvata","Paguma_larvata.1"
"18","Mustela_nivalis","Mustela_nivalis.1"
"19","Paguma_larvata","Paguma_larvata.2"
"20","Nothosaurus_mirabilis_1","Nothosaurus_mirabilis_1.1"
"21","Palaeospheniscus","Palaeospheniscus.1"
"22","Champsosaurus","Champsosaurus.1"
"23","Caiman_yacare","Caiman_yacare.1"
"24","Aptenodytes______","Aptenodytes______.1"
"25","Champsosaurus","Champsosaurus.2"
"26","Metryorhynchus","Metryorhynchus.1"
"27","Dyrosaurid","Dyrosaurid.1"
"28","Nothosaurus_568","Nothosaurus_568.1"
"29","Nothosaurus_568","Nothosaurus_568.2"
"30","Placondontia_indet","Placondontia_indet.1"
"31","Small_Eocene_penguin","Small_Eocene_penguin.1"
"32","Leptophoca_proxima","Leptophoca_proxima.1"
"33","large_eocene_stem_penguin","large_eocene_stem_penguin.1"
"34","Hippopotamus_amphibius","Hippopotamus_amphibius.1"
"35","Remingtonocetus","Remingtonocetus.1"
"36","Placondontia_indet","Placondontia_indet.2"
"37","Paraplacodus","Paraplacodus.1"
"38","Indohyus","Indohyus.1"
"39","Protochampsidae","Protochampsidae.1"
"40","Anarosaurus","Anarosaurus.1"
"41","Spinosaurus_","Spinosaurus_.1"
"42","Spinosaurus_","Spinosaurus_.2"
"43","Spinosaurus_","Spinosaurus_.3"
"44","Spinosaurus_","Spinosaurus_.4"
"45","Spinosaurus_","Spinosaurus_.5"
"46","Spinosaurus_","Spinosaurus_.6"
"47","Spinosaurus_","Spinosaurus_.7"
"48","Spinosaurus_","Spinosaurus_.8"
"49","Spinosaurus_","Spinosaurus_.9"
"50","Spinosaurus_","Spinosaurus_.10"
"51","Spinosaurus_","Spinosaurus_.11"
"52","Suchomimus","Suchomimus.1"
"53","Suchomimus","Suchomimus.2"
"54","Suchomimus","Suchomimus.3"
"55","Baryonyx","Baryonyx.1"
"56","Baryonyx","Baryonyx.2"
"57","Baryonyx","Baryonyx.3"
 
* Phylo tree and the main data and strata files have been modified to include duplicated taxa before the scaled random trees are generated.
* Selected categorical labels column: diving.or.not
* diving.or.equal column is identical to Diving column.
* Regression excludes flying taxa.
* Diving labels that are present in regression: 0,2
* lambda (calculated from a random tree) = : 0.13
* index-name alignment check: OK
