Logfile for a session of program: bootstrap_binary.r
-----------------------------------------------------
INPUT:
workDir: C:/dino_nature/output/2023-11-07-D1\bs/set_1268
Nbootstrapsets: 2000
phyloFDAfile: c:/dino_nature/code/phylo.fda.R
auxFile: c:/dino_nature/code/auxiliary.r
boneType: femur
regressionData.file: C:/dino_nature/output/2023-11-07-D1\bs/set_1268/femur_set_1268.csv
applyDataFilter: FALSE
addTreeTips: TRUE
Ntrees: 100
calculateTrees: TRUE
saveTrees: FALSE


OPERATIONAL CHECKS:
* Regression data contains multiple copies of some taxa (user added variants of existing test taxa 
   or replacements due to bootstrap are present) which are not in the phylo tree:
     original taxon,   duplicate   
"1","Monodelphis_domestica","Monodelphis_domestica.1"
"2","Giraffa_camelopardalis","Giraffa_camelopardalis.1"
"3","Vulpes_vulpes","Vulpes_vulpes.1"
"4","Alces_americanus","Alces_americanus.1"
"5","Xenicus_giliventris","Xenicus_giliventris.1"
"6","Cephalophus_silvicultor","Cephalophus_silvicultor.1"
"7","Dama_dama","Dama_dama.1"
"8","Capreolus_capreolus","Capreolus_capreolus.1"
"9","Uncia_uncia","Uncia_uncia.1"
"10","Cephalophus_silvicultor","Cephalophus_silvicultor.2"
"11","Xenicus_giliventris","Xenicus_giliventris.2"
"12","Dromaius_","Dromaius_.1"
"13","Atlantisia_rogersi","Atlantisia_rogersi.1"
"14","Tribonyx_mortieri","Tribonyx_mortieri.1"
"15","Meles_meles","Meles_meles.1"
"16","Tamandua_tetradactyla","Tamandua_tetradactyla.1"
"17","Uncia_uncia","Uncia_uncia.2"
"18","Tamandua_tetradactyla","Tamandua_tetradactyla.2"
"19","Dama_dama","Dama_dama.2"
"20","Meles_meles","Meles_meles.2"
"21","Myrmecophaga_tridactyla","Myrmecophaga_tridactyla.1"
"22","Capreolus_capreolus","Capreolus_capreolus.2"
"23","Tribonyx_mortieri","Tribonyx_mortieri.2"
"24","Cephalophus_silvicultor","Cephalophus_silvicultor.3"
"25","Dama_dama","Dama_dama.3"
"26","Tapirus_terrestris","Tapirus_terrestris.1"
"27","Tapirus_terrestris","Tapirus_terrestris.2"
"28","Tapirus_terrestris","Tapirus_terrestris.3"
"29","Hesperornis","Hesperornis.1"
"30","Chironectes_minimus","Chironectes_minimus.1"
"31","Micropotamogale_euwenzorii","Micropotamogale_euwenzorii.1"
"32","Chironectes_minimus","Chironectes_minimus.2"
"33","Desmana_moschata","Desmana_moschata.1"
"34","Cryptoclidus","Cryptoclidus.1"
"35","Spheniscus","Spheniscus.1"
"36","Metryorhynchus","Metryorhynchus.1"
"37","Cryptoclidus","Cryptoclidus.2"
"38","Nothosaurus_mirabilis_1","Nothosaurus_mirabilis_1.1"
"39","Basilosaurus","Basilosaurus.1"
"40","Placodontia_indet_1","Placodontia_indet_1.1"
"41","Anarosaurus","Anarosaurus.1"
"42","Champsosaurus","Champsosaurus.1"
"43","Choeropsis_liberiensis","Choeropsis_liberiensis.1"
"44","Ichtyosaur_sp","Ichtyosaur_sp.1"
"45","Ichtyosaurus_","Ichtyosaurus_.1"
"46","Spheniscus","Spheniscus.2"
"47","Tapirus_terrestris","Tapirus_terrestris.4"
"48","Desmostylus_hesperus","Desmostylus_hesperus.1"
"49","Nothosaurus_giganteus","Nothosaurus_giganteus.1"
"50","Spinosaurus_","Spinosaurus_.1"
"51","Spinosaurus_","Spinosaurus_.2"
"52","Spinosaurus_","Spinosaurus_.3"
"53","Spinosaurus_","Spinosaurus_.4"
"54","Spinosaurus_","Spinosaurus_.5"
"55","Spinosaurus_","Spinosaurus_.6"
"56","Spinosaurus_","Spinosaurus_.7"
"57","Spinosaurus_","Spinosaurus_.8"
"58","Spinosaurus_","Spinosaurus_.9"
"59","Spinosaurus_","Spinosaurus_.10"
"60","Spinosaurus_","Spinosaurus_.11"
"61","Suchomimus","Suchomimus.1"
"62","Suchomimus","Suchomimus.2"
"63","Suchomimus","Suchomimus.3"
"64","Baryonyx","Baryonyx.1"
"65","Baryonyx","Baryonyx.2"
"66","Baryonyx","Baryonyx.3"
 
* Phylo tree and the main data and strata files have been modified to include duplicated taxa before the scaled random trees are generated.
* Selected categorical labels column: diving.or.not
* diving.or.equal column is identical to Diving column.
* Regression excludes flying taxa.
* Diving labels that are present in regression: 0,2
* lambda (calculated from a random tree) = : 0.09
* index-name alignment check: OK
