Logfile for a session of program: bootstrap_binary.r
-----------------------------------------------------
INPUT:
workDir: C:/dino_nature/output/2023-11-07-D1\bs/set_668
Nbootstrapsets: 2000
phyloFDAfile: c:/dino_nature/code/phylo.fda.R
auxFile: c:/dino_nature/code/auxiliary.r
boneType: femur
regressionData.file: C:/dino_nature/output/2023-11-07-D1\bs/set_668/femur_set_668.csv
applyDataFilter: FALSE
addTreeTips: TRUE
Ntrees: 100
calculateTrees: TRUE
saveTrees: FALSE


OPERATIONAL CHECKS:
* Regression data contains multiple copies of some taxa (user added variants of existing test taxa 
   or replacements due to bootstrap are present) which are not in the phylo tree:
     original taxon,   duplicate   
"1","Nyctereutes_procyonoides","Nyctereutes_procyonoides.1"
"2","Sphenodon_punctatus","Sphenodon_punctatus.1"
"3","Cephalophus_silvicultor","Cephalophus_silvicultor.1"
"4","Rupicapra_rupicapra","Rupicapra_rupicapra.1"
"5","Nyctereutes_procyonoides","Nyctereutes_procyonoides.2"
"6","Diplomesodon_pulchellum","Diplomesodon_pulchellum.1"
"7","Vulpes_vulpes","Vulpes_vulpes.1"
"8","Microgale_thomasi","Microgale_thomasi.1"
"9","Myrmecophaga_tridactyla","Myrmecophaga_tridactyla.1"
"10","Paguma_larvata","Paguma_larvata.1"
"11","Monodelphis_domestica","Monodelphis_domestica.1"
"12","Mammuthus_sp","Mammuthus_sp.1"
"13","Loxodonta_africana","Loxodonta_africana.1"
"14","Porphyrio_hochstetteri","Porphyrio_hochstetteri.1"
"15","Hemiechinus_azurites","Hemiechinus_azurites.1"
"16","Dromaius_","Dromaius_.1"
"17","Syncerus_caffer","Syncerus_caffer.1"
"18","Bison_bonasus","Bison_bonasus.1"
"19","Mustela_nivalis","Mustela_nivalis.1"
"20","Tamandua_tetradactyla","Tamandua_tetradactyla.1"
"21","Megaloceros_sp","Megaloceros_sp.1"
"22","Rangifer_tarandus","Rangifer_tarandus.1"
"23","Hexaprotodon_garyam","Hexaprotodon_garyam.1"
"24","Ichtyosaur_sp","Ichtyosaur_sp.1"
"25","Spheniscus","Spheniscus.1"
"26","Leptophoca_proxima","Leptophoca_proxima.1"
"27","Hexaprotodon_garyam","Hexaprotodon_garyam.2"
"28","Leptophoca_proxima","Leptophoca_proxima.2"
"29","Indohyus","Indohyus.1"
"30","Metryorhynchus","Metryorhynchus.1"
"31","Ichtyosaur_sp","Ichtyosaur_sp.2"
"32","Metryorhynchus","Metryorhynchus.2"
"33","Nothosaurus_568","Nothosaurus_568.1"
"34","Palaeospheniscus","Palaeospheniscus.1"
"35","Desmostylus_hesperus","Desmostylus_hesperus.1"
"36","Placodontia_indet_1","Placodontia_indet_1.1"
"37","Small_Eocene_penguin","Small_Eocene_penguin.1"
"38","Small_Eocene_penguin","Small_Eocene_penguin.2"
"39","Hydromys_chrysogaster","Hydromys_chrysogaster.1"
"40","Protochampsidae","Protochampsidae.1"
"41","Hesperornis","Hesperornis.1"
"42","Hippopotamus_amphibius","Hippopotamus_amphibius.1"
"43","Rodhocetus","Rodhocetus.1"
"44","Spinosaurus_","Spinosaurus_.1"
"45","Spinosaurus_","Spinosaurus_.2"
"46","Spinosaurus_","Spinosaurus_.3"
"47","Spinosaurus_","Spinosaurus_.4"
"48","Spinosaurus_","Spinosaurus_.5"
"49","Spinosaurus_","Spinosaurus_.6"
"50","Spinosaurus_","Spinosaurus_.7"
"51","Spinosaurus_","Spinosaurus_.8"
"52","Spinosaurus_","Spinosaurus_.9"
"53","Spinosaurus_","Spinosaurus_.10"
"54","Spinosaurus_","Spinosaurus_.11"
"55","Suchomimus","Suchomimus.1"
"56","Suchomimus","Suchomimus.2"
"57","Suchomimus","Suchomimus.3"
"58","Baryonyx","Baryonyx.1"
"59","Baryonyx","Baryonyx.2"
"60","Baryonyx","Baryonyx.3"
 
* Phylo tree and the main data and strata files have been modified to include duplicated taxa before the scaled random trees are generated.
* Selected categorical labels column: diving.or.not
* diving.or.equal column is identical to Diving column.
* Regression excludes flying taxa.
* Diving labels that are present in regression: 0,2
* lambda (calculated from a random tree) = : 0.1
* index-name alignment check: OK
