Logfile for a session of program: bootstrap_binary.r
-----------------------------------------------------
INPUT:
workDir: C:/dino_nature/output/2023-11-07-D1\bs/set_894
Nbootstrapsets: 2000
phyloFDAfile: c:/dino_nature/code/phylo.fda.R
auxFile: c:/dino_nature/code/auxiliary.r
boneType: femur
regressionData.file: C:/dino_nature/output/2023-11-07-D1\bs/set_894/femur_set_894.csv
applyDataFilter: FALSE
addTreeTips: TRUE
Ntrees: 100
calculateTrees: TRUE
saveTrees: FALSE


OPERATIONAL CHECKS:
* Regression data contains multiple copies of some taxa (user added variants of existing test taxa 
   or replacements due to bootstrap are present) which are not in the phylo tree:
     original taxon,   duplicate   
"1","Lama_guanicoe","Lama_guanicoe.1"
"2","Tamandua_tetradactyla","Tamandua_tetradactyla.1"
"3","Elephas_maximus","Elephas_maximus.1"
"4","Meles_meles","Meles_meles.1"
"5","Microgale_thomasi","Microgale_thomasi.1"
"6","Elephas_maximus","Elephas_maximus.2"
"7","Ceratotherium_simum","Ceratotherium_simum.1"
"8","Strigiops_habroptilus","Strigiops_habroptilus.1"
"9","Procyon_lotor","Procyon_lotor.1"
"10","Raphus","Raphus.1"
"11","Lama_guanicoe","Lama_guanicoe.2"
"12","Rattus_rattus","Rattus_rattus.1"
"13","Porphyrio_hochstetteri","Porphyrio_hochstetteri.1"
"14","Mus_musculus","Mus_musculus.1"
"15","Procavia_capensis","Procavia_capensis.1"
"16","Rynochetus_jubatus","Rynochetus_jubatus.1"
"17","Procyon_lotor","Procyon_lotor.2"
"18","Dama_dama","Dama_dama.1"
"19","Hippopotamus_amphibius","Hippopotamus_amphibius.1"
"20","Chironectes_minimus","Chironectes_minimus.1"
"21","Nothosaurus_150","Nothosaurus_150.1"
"22","Rodhocetus","Rodhocetus.1"
"23","Tapirus_terrestris","Tapirus_terrestris.1"
"24","Pistosaurus","Pistosaurus.1"
"25","Hippopotamus_amphibius","Hippopotamus_amphibius.2"
"26","Hexaprotodon_garyam","Hexaprotodon_garyam.1"
"27","Nothosaurus_150","Nothosaurus_150.2"
"28","Placondontia_indet","Placondontia_indet.1"
"29","Champsosaurus","Champsosaurus.1"
"30","Hesperornis","Hesperornis.1"
"31","Simosaurus_1","Simosaurus_1.1"
"32","Pistosaurus","Pistosaurus.2"
"33","Choeropsis_liberiensis","Choeropsis_liberiensis.1"
"34","Maiacetus","Maiacetus.1"
"35","Pistosaurus","Pistosaurus.3"
"36","Placodontia_indet_1","Placodontia_indet_1.1"
"37","Dyrosaurid","Dyrosaurid.1"
"38","Spinosaurus_","Spinosaurus_.1"
"39","Spinosaurus_","Spinosaurus_.2"
"40","Spinosaurus_","Spinosaurus_.3"
"41","Spinosaurus_","Spinosaurus_.4"
"42","Spinosaurus_","Spinosaurus_.5"
"43","Spinosaurus_","Spinosaurus_.6"
"44","Spinosaurus_","Spinosaurus_.7"
"45","Spinosaurus_","Spinosaurus_.8"
"46","Spinosaurus_","Spinosaurus_.9"
"47","Spinosaurus_","Spinosaurus_.10"
"48","Spinosaurus_","Spinosaurus_.11"
"49","Suchomimus","Suchomimus.1"
"50","Suchomimus","Suchomimus.2"
"51","Suchomimus","Suchomimus.3"
"52","Baryonyx","Baryonyx.1"
"53","Baryonyx","Baryonyx.2"
"54","Baryonyx","Baryonyx.3"
 
* Phylo tree and the main data and strata files have been modified to include duplicated taxa before the scaled random trees are generated.
* Selected categorical labels column: diving.or.not
* diving.or.equal column is identical to Diving column.
* Regression excludes flying taxa.
* Diving labels that are present in regression: 0,2
* lambda (calculated from a random tree) = : 0.12
* index-name alignment check: OK
