Logfile for a session of program: bootstrap_binary.r
-----------------------------------------------------
INPUT:
workDir: C:/dino_nature/output/2023-11-07-D1\bs/set_1163
Nbootstrapsets: 2000
phyloFDAfile: c:/dino_nature/code/phylo.fda.R
auxFile: c:/dino_nature/code/auxiliary.r
boneType: femur
regressionData.file: C:/dino_nature/output/2023-11-07-D1\bs/set_1163/femur_set_1163.csv
applyDataFilter: FALSE
addTreeTips: TRUE
Ntrees: 100
calculateTrees: TRUE
saveTrees: FALSE


OPERATIONAL CHECKS:
* Regression data contains multiple copies of some taxa (user added variants of existing test taxa 
   or replacements due to bootstrap are present) which are not in the phylo tree:
     original taxon,   duplicate   
"1","Paguma_larvata","Paguma_larvata.1"
"2","Strigiops_habroptilus","Strigiops_habroptilus.1"
"3","Lama_guanicoe","Lama_guanicoe.1"
"4","Syncerus_caffer","Syncerus_caffer.1"
"5","Ceratotherium_simum","Ceratotherium_simum.1"
"6","Felis_felis","Felis_felis.1"
"7","Dama_dama","Dama_dama.1"
"8","Paguma_larvata","Paguma_larvata.2"
"9","Felis_felis","Felis_felis.2"
"10","Lama_guanicoe","Lama_guanicoe.2"
"11","Sphenodon_punctatus","Sphenodon_punctatus.1"
"12","Mus_musculus","Mus_musculus.1"
"13","Pogona_viceps","Pogona_viceps.1"
"14","Porphyrio_hochstetteri","Porphyrio_hochstetteri.1"
"15","Cephalophus_silvicultor","Cephalophus_silvicultor.1"
"16","Nyctereutes_procyonoides","Nyctereutes_procyonoides.1"
"17","Syncerus_caffer","Syncerus_caffer.2"
"18","Rhinoceros_sondaicus","Rhinoceros_sondaicus.1"
"19","Alces_americanus","Alces_americanus.1"
"20","Bison_bonasus","Bison_bonasus.1"
"21","Elomeryx_borbonicus_","Elomeryx_borbonicus_.1"
"22","Lutra_vulgaris","Lutra_vulgaris.1"
"23","Ichtyosaur_sp","Ichtyosaur_sp.1"
"24","Rodhocetus","Rodhocetus.1"
"25","Chapsosaurus_","Chapsosaurus_.1"
"26","Chironectes_minimus","Chironectes_minimus.1"
"27","Desmostylus_hesperus","Desmostylus_hesperus.1"
"28","Tapirus_terrestris","Tapirus_terrestris.1"
"29","Tapirus_terrestris","Tapirus_terrestris.2"
"30","Desmostylus_hesperus","Desmostylus_hesperus.2"
"31","Castor_fiber","Castor_fiber.1"
"32","Plesiosaurus","Plesiosaurus.1"
"33","Placodontia_indet_1","Placodontia_indet_1.1"
"34","Caiman_yacare","Caiman_yacare.1"
"35","Nothosaurus_568","Nothosaurus_568.1"
"36","Rodhocetus","Rodhocetus.2"
"37","Serpianosaurus","Serpianosaurus.1"
"38","Hippopotamus_amphibius","Hippopotamus_amphibius.1"
"39","Placodontia_indet_1","Placodontia_indet_1.2"
"40","Phocanella_pumila","Phocanella_pumila.1"
"41","Hippopotamus_amphibius","Hippopotamus_amphibius.2"
"42","Hesperornis","Hesperornis.1"
"43","Indohyus","Indohyus.1"
"44","Spinosaurus_","Spinosaurus_.1"
"45","Spinosaurus_","Spinosaurus_.2"
"46","Spinosaurus_","Spinosaurus_.3"
"47","Spinosaurus_","Spinosaurus_.4"
"48","Spinosaurus_","Spinosaurus_.5"
"49","Spinosaurus_","Spinosaurus_.6"
"50","Spinosaurus_","Spinosaurus_.7"
"51","Spinosaurus_","Spinosaurus_.8"
"52","Spinosaurus_","Spinosaurus_.9"
"53","Spinosaurus_","Spinosaurus_.10"
"54","Spinosaurus_","Spinosaurus_.11"
"55","Suchomimus","Suchomimus.1"
"56","Suchomimus","Suchomimus.2"
"57","Suchomimus","Suchomimus.3"
"58","Baryonyx","Baryonyx.1"
"59","Baryonyx","Baryonyx.2"
"60","Baryonyx","Baryonyx.3"
 
* Phylo tree and the main data and strata files have been modified to include duplicated taxa before the scaled random trees are generated.
* Selected categorical labels column: diving.or.not
* diving.or.equal column is identical to Diving column.
* Regression excludes flying taxa.
* Diving labels that are present in regression: 0,2
* lambda (calculated from a random tree) = : 0.04
* index-name alignment check: OK
