Logfile for a session of program: bootstrap_binary.r
-----------------------------------------------------
INPUT:
workDir: C:/dino_nature/output/2023-11-07-D1\bs/set_1990
Nbootstrapsets: 2000
phyloFDAfile: c:/dino_nature/code/phylo.fda.R
auxFile: c:/dino_nature/code/auxiliary.r
boneType: femur
regressionData.file: C:/dino_nature/output/2023-11-07-D1\bs/set_1990/femur_set_1990.csv
applyDataFilter: FALSE
addTreeTips: TRUE
Ntrees: 100
calculateTrees: TRUE
saveTrees: FALSE


OPERATIONAL CHECKS:
* Regression data contains multiple copies of some taxa (user added variants of existing test taxa 
   or replacements due to bootstrap are present) which are not in the phylo tree:
     original taxon,   duplicate   
"1","Sus_scrofa","Sus_scrofa.1"
"2","Cephalophus_silvicultor","Cephalophus_silvicultor.1"
"3","Bos_taurus","Bos_taurus.1"
"4","Bos_taurus","Bos_taurus.2"
"5","Strigiops_habroptilus","Strigiops_habroptilus.1"
"6","Tamandua_tetradactyla","Tamandua_tetradactyla.1"
"7","Rattus_rattus","Rattus_rattus.1"
"8","Meles_meles","Meles_meles.1"
"9","Alces_americanus","Alces_americanus.1"
"10","Myrmecophaga_tridactyla","Myrmecophaga_tridactyla.1"
"11","Rhinoceros_sondaicus","Rhinoceros_sondaicus.1"
"12","Tribonyx_mortieri","Tribonyx_mortieri.1"
"13","Ceratotherium_simum","Ceratotherium_simum.1"
"14","Procavia_capensis","Procavia_capensis.1"
"15","Rangifer_tarandus","Rangifer_tarandus.1"
"16","Atlantisia_rogersi","Atlantisia_rogersi.1"
"17","Myrmecophaga_tridactyla","Myrmecophaga_tridactyla.2"
"18","Ichtyosaurus_","Ichtyosaurus_.1"
"19","Alligator","Alligator.1"
"20","Castor_fiber","Castor_fiber.1"
"21","Noemys_fodies","Noemys_fodies.1"
"22","Protochampsidae","Protochampsidae.1"
"23","Champsosaurus","Champsosaurus.1"
"24","Protochampsidae","Protochampsidae.2"
"25","Castor_fiber","Castor_fiber.2"
"26","Basilosaurus","Basilosaurus.1"
"27","Hydromys_chrysogaster","Hydromys_chrysogaster.1"
"28","Paraplacodus","Paraplacodus.1"
"29","Cricosaurus","Cricosaurus.1"
"30","Serpianosaurus","Serpianosaurus.1"
"31","Paraplacodus","Paraplacodus.2"
"32","Nothosaurus_giganteus","Nothosaurus_giganteus.1"
"33","Cricosaurus","Cricosaurus.2"
"34","Castor_fiber","Castor_fiber.3"
"35","Hydromys_chrysogaster","Hydromys_chrysogaster.2"
"36","Palaeospheniscus","Palaeospheniscus.1"
"37","Cricosaurus","Cricosaurus.3"
"38","Champsosaurus","Champsosaurus.2"
"39","Chapsosaurus_","Chapsosaurus_.1"
"40","Spinosaurus_","Spinosaurus_.1"
"41","Spinosaurus_","Spinosaurus_.2"
"42","Spinosaurus_","Spinosaurus_.3"
"43","Spinosaurus_","Spinosaurus_.4"
"44","Spinosaurus_","Spinosaurus_.5"
"45","Spinosaurus_","Spinosaurus_.6"
"46","Spinosaurus_","Spinosaurus_.7"
"47","Spinosaurus_","Spinosaurus_.8"
"48","Spinosaurus_","Spinosaurus_.9"
"49","Spinosaurus_","Spinosaurus_.10"
"50","Spinosaurus_","Spinosaurus_.11"
"51","Suchomimus","Suchomimus.1"
"52","Suchomimus","Suchomimus.2"
"53","Suchomimus","Suchomimus.3"
"54","Baryonyx","Baryonyx.1"
"55","Baryonyx","Baryonyx.2"
"56","Baryonyx","Baryonyx.3"
 
* Phylo tree and the main data and strata files have been modified to include duplicated taxa before the scaled random trees are generated.
* Selected categorical labels column: diving.or.not
* diving.or.equal column is identical to Diving column.
* Regression excludes flying taxa.
* Diving labels that are present in regression: 0,2
* lambda (calculated from a random tree) = : 0.15
* index-name alignment check: OK
