Logfile for a session of program: bootstrap_binary.r
-----------------------------------------------------
INPUT:
workDir: C:/dino_nature/output/2023-11-07-D1\bs/set_246
Nbootstrapsets: 2000
phyloFDAfile: c:/dino_nature/code/phylo.fda.R
auxFile: c:/dino_nature/code/auxiliary.r
boneType: femur
regressionData.file: C:/dino_nature/output/2023-11-07-D1\bs/set_246/femur_set_246.csv
applyDataFilter: FALSE
addTreeTips: TRUE
Ntrees: 100
calculateTrees: TRUE
saveTrees: FALSE


OPERATIONAL CHECKS:
* Regression data contains multiple copies of some taxa (user added variants of existing test taxa 
   or replacements due to bootstrap are present) which are not in the phylo tree:
     original taxon,   duplicate   
"1","Bison_bonasus","Bison_bonasus.1"
"2","Rynochetus_jubatus","Rynochetus_jubatus.1"
"3","Meles_meles","Meles_meles.1"
"4","Giraffa_camelopardalis","Giraffa_camelopardalis.1"
"5","Procavia_capensis","Procavia_capensis.1"
"6","Lacerta_viridis","Lacerta_viridis.1"
"7","Rupicapra_rupicapra","Rupicapra_rupicapra.1"
"8","Monodelphis_domestica","Monodelphis_domestica.1"
"9","Bison_bonasus","Bison_bonasus.2"
"10","Syncerus_caffer","Syncerus_caffer.1"
"11","Tribonyx_mortieri","Tribonyx_mortieri.1"
"12","Monodelphis_domestica","Monodelphis_domestica.2"
"13","Mustela_nivalis","Mustela_nivalis.1"
"14","Mustela_nivalis","Mustela_nivalis.2"
"15","Lama_guanicoe","Lama_guanicoe.1"
"16","Rynochetus_jubatus","Rynochetus_jubatus.2"
"17","Syncerus_caffer","Syncerus_caffer.2"
"18","Rupicapra_rupicapra","Rupicapra_rupicapra.2"
"19","Meles_meles","Meles_meles.2"
"20","Rodhocetus","Rodhocetus.1"
"21","Basilosaurus","Basilosaurus.1"
"22","Anarosaurus","Anarosaurus.1"
"23","Palaeospheniscus","Palaeospheniscus.1"
"24","Serpianosaurus","Serpianosaurus.1"
"25","Micropotamogale_euwenzorii","Micropotamogale_euwenzorii.1"
"26","Plesiosaurus","Plesiosaurus.1"
"27","Protochampsidae","Protochampsidae.1"
"28","Protochampsidae","Protochampsidae.2"
"29","Serpianosaurus","Serpianosaurus.2"
"30","Hydromys_chrysogaster","Hydromys_chrysogaster.1"
"31","Hydromys_chrysogaster","Hydromys_chrysogaster.2"
"32","Nothosaurus_mirabilis","Nothosaurus_mirabilis.1"
"33","Noemys_fodies","Noemys_fodies.1"
"34","Leptophoca_proxima","Leptophoca_proxima.1"
"35","Protochampsidae","Protochampsidae.3"
"36","Tapirus_terrestris","Tapirus_terrestris.1"
"37","Plesiosaurus","Plesiosaurus.2"
"38","Dyrosaurid","Dyrosaurid.1"
"39","Chironectes_minimus","Chironectes_minimus.1"
"40","Spinosaurus_","Spinosaurus_.1"
"41","Spinosaurus_","Spinosaurus_.2"
"42","Spinosaurus_","Spinosaurus_.3"
"43","Spinosaurus_","Spinosaurus_.4"
"44","Spinosaurus_","Spinosaurus_.5"
"45","Spinosaurus_","Spinosaurus_.6"
"46","Spinosaurus_","Spinosaurus_.7"
"47","Spinosaurus_","Spinosaurus_.8"
"48","Spinosaurus_","Spinosaurus_.9"
"49","Spinosaurus_","Spinosaurus_.10"
"50","Spinosaurus_","Spinosaurus_.11"
"51","Suchomimus","Suchomimus.1"
"52","Suchomimus","Suchomimus.2"
"53","Suchomimus","Suchomimus.3"
"54","Baryonyx","Baryonyx.1"
"55","Baryonyx","Baryonyx.2"
"56","Baryonyx","Baryonyx.3"
 
* Phylo tree and the main data and strata files have been modified to include duplicated taxa before the scaled random trees are generated.
* Selected categorical labels column: diving.or.not
* diving.or.equal column is identical to Diving column.
* Regression excludes flying taxa.
* Diving labels that are present in regression: 0,2
* lambda (calculated from a random tree) = : 0.09
* index-name alignment check: OK
