Logfile for a session of program: bootstrap_binary.r
-----------------------------------------------------
INPUT:
workDir: C:/dino_nature/output/2023-11-07-D1\bs/set_1646
Nbootstrapsets: 2000
phyloFDAfile: c:/dino_nature/code/phylo.fda.R
auxFile: c:/dino_nature/code/auxiliary.r
boneType: femur
regressionData.file: C:/dino_nature/output/2023-11-07-D1\bs/set_1646/femur_set_1646.csv
applyDataFilter: FALSE
addTreeTips: TRUE
Ntrees: 100
calculateTrees: TRUE
saveTrees: FALSE


OPERATIONAL CHECKS:
* Regression data contains multiple copies of some taxa (user added variants of existing test taxa 
   or replacements due to bootstrap are present) which are not in the phylo tree:
     original taxon,   duplicate   
"1","Dasyurus_maculatus","Dasyurus_maculatus.1"
"2","Meles_meles","Meles_meles.1"
"3","Dama_dama","Dama_dama.1"
"4","Dasyurus_maculatus","Dasyurus_maculatus.2"
"5","Bison_bonasus","Bison_bonasus.1"
"6","Dasyurus_maculatus","Dasyurus_maculatus.3"
"7","Tenrec_ecaudatus","Tenrec_ecaudatus.1"
"8","Meles_meles","Meles_meles.2"
"9","Tenrec_ecaudatus","Tenrec_ecaudatus.2"
"10","Dasyurus_maculatus","Dasyurus_maculatus.4"
"11","Taxidea_taxus","Taxidea_taxus.1"
"12","Felis_felis","Felis_felis.1"
"13","Microgale_thomasi","Microgale_thomasi.1"
"14","Mustela_nivalis","Mustela_nivalis.1"
"15","Vulpes_vulpes","Vulpes_vulpes.1"
"16","Caloenas_nicobarica","Caloenas_nicobarica.1"
"17","Dama_dama","Dama_dama.2"
"18","Apteryx_owenii_","Apteryx_owenii_.1"
"19","Myrmecophaga_tridactyla","Myrmecophaga_tridactyla.1"
"20","Apteryx_australis","Apteryx_australis.1"
"21","Choeropsis_liberiensis","Choeropsis_liberiensis.1"
"22","Desmana_moschata","Desmana_moschata.1"
"23","Dyrosaurid","Dyrosaurid.1"
"24","Callophoca_obscura","Callophoca_obscura.1"
"25","Dyrosaurid","Dyrosaurid.2"
"26","Chapsosaurus_","Chapsosaurus_.1"
"27","Dyrosaurid","Dyrosaurid.3"
"28","Alligator","Alligator.1"
"29","Nothosaurus_102","Nothosaurus_102.1"
"30","Phocanella_pumila","Phocanella_pumila.1"
"31","Caiman_yacare","Caiman_yacare.1"
"32","Palaeospheniscus","Palaeospheniscus.1"
"33","Phocanella_pumila","Phocanella_pumila.2"
"34","Dyrosaurid","Dyrosaurid.4"
"35","Paraplacodus","Paraplacodus.1"
"36","Desmana_moschata","Desmana_moschata.2"
"37","Otaria_byronia","Otaria_byronia.1"
"38","Rodhocetus","Rodhocetus.1"
"39","Maiacetus","Maiacetus.1"
"40","Alligator","Alligator.2"
"41","Otaria_byronia","Otaria_byronia.2"
"42","Spinosaurus_","Spinosaurus_.1"
"43","Spinosaurus_","Spinosaurus_.2"
"44","Spinosaurus_","Spinosaurus_.3"
"45","Spinosaurus_","Spinosaurus_.4"
"46","Spinosaurus_","Spinosaurus_.5"
"47","Spinosaurus_","Spinosaurus_.6"
"48","Spinosaurus_","Spinosaurus_.7"
"49","Spinosaurus_","Spinosaurus_.8"
"50","Spinosaurus_","Spinosaurus_.9"
"51","Spinosaurus_","Spinosaurus_.10"
"52","Spinosaurus_","Spinosaurus_.11"
"53","Suchomimus","Suchomimus.1"
"54","Suchomimus","Suchomimus.2"
"55","Suchomimus","Suchomimus.3"
"56","Baryonyx","Baryonyx.1"
"57","Baryonyx","Baryonyx.2"
"58","Baryonyx","Baryonyx.3"
 
* Phylo tree and the main data and strata files have been modified to include duplicated taxa before the scaled random trees are generated.
* Selected categorical labels column: diving.or.not
* diving.or.equal column is identical to Diving column.
* Regression excludes flying taxa.
* Diving labels that are present in regression: 0,2
* lambda (calculated from a random tree) = : 0.13
* index-name alignment check: OK
