Logfile for a session of program: bootstrap_binary.r
-----------------------------------------------------
INPUT:
workDir: C:/dino_nature/output/2023-11-07-D1\bs/set_1762
Nbootstrapsets: 2000
phyloFDAfile: c:/dino_nature/code/phylo.fda.R
auxFile: c:/dino_nature/code/auxiliary.r
boneType: femur
regressionData.file: C:/dino_nature/output/2023-11-07-D1\bs/set_1762/femur_set_1762.csv
applyDataFilter: FALSE
addTreeTips: TRUE
Ntrees: 100
calculateTrees: TRUE
saveTrees: FALSE


OPERATIONAL CHECKS:
* Regression data contains multiple copies of some taxa (user added variants of existing test taxa 
   or replacements due to bootstrap are present) which are not in the phylo tree:
     original taxon,   duplicate   
"1","Xenicus_giliventris","Xenicus_giliventris.1"
"2","Mustela_nivalis","Mustela_nivalis.1"
"3","Elephas_maximus","Elephas_maximus.1"
"4","Dromaius_","Dromaius_.1"
"5","Taxidea_taxus","Taxidea_taxus.1"
"6","Rupicapra_rupicapra","Rupicapra_rupicapra.1"
"7","Mammuthus_sp","Mammuthus_sp.1"
"8","Raphus","Raphus.1"
"9","Procavia_capensis","Procavia_capensis.1"
"10","Mustela_nivalis","Mustela_nivalis.2"
"11","Monodelphis_domestica","Monodelphis_domestica.1"
"12","Rupicapra_rupicapra","Rupicapra_rupicapra.2"
"13","Monodelphis_domestica","Monodelphis_domestica.2"
"14","Apteryx_owenii_","Apteryx_owenii_.1"
"15","Elephas_maximus","Elephas_maximus.2"
"16","Procavia_capensis","Procavia_capensis.2"
"17","Meles_meles","Meles_meles.1"
"18","Tenrec_ecaudatus","Tenrec_ecaudatus.1"
"19","Xenicus_giliventris","Xenicus_giliventris.2"
"20","Ceratotherium_simum","Ceratotherium_simum.1"
"21","Vulpes_vulpes","Vulpes_vulpes.1"
"22","Sphenodon_punctatus","Sphenodon_punctatus.1"
"23","Dasyurus_maculatus","Dasyurus_maculatus.1"
"24","Paraplacodus","Paraplacodus.1"
"25","Palaeospheniscus","Palaeospheniscus.1"
"26","Paraplacodus","Paraplacodus.2"
"27","Desmana_moschata","Desmana_moschata.1"
"28","Lutra_vulgaris","Lutra_vulgaris.1"
"29","Hexaprotodon_garyam","Hexaprotodon_garyam.1"
"30","Chironectes_minimus","Chironectes_minimus.1"
"31","Callophoca_obscura","Callophoca_obscura.1"
"32","Ornithorhynchus_anatinus","Ornithorhynchus_anatinus.1"
"33","Callophoca_obscura","Callophoca_obscura.2"
"34","Placodontia_indet_1","Placodontia_indet_1.1"
"35","Rhaeticosaurus","Rhaeticosaurus.1"
"36","Ichtyosaurus_","Ichtyosaurus_.1"
"37","Ichtyosaurus_","Ichtyosaurus_.2"
"38","Lutra_vulgaris","Lutra_vulgaris.2"
"39","Cricosaurus","Cricosaurus.1"
"40","Paraplacodus","Paraplacodus.3"
"41","Desmana_moschata","Desmana_moschata.2"
"42","Cryptoclidus","Cryptoclidus.1"
"43","Tapirus_terrestris","Tapirus_terrestris.1"
"44","Placodontia_indet_1","Placodontia_indet_1.2"
"45","Spinosaurus_","Spinosaurus_.1"
"46","Spinosaurus_","Spinosaurus_.2"
"47","Spinosaurus_","Spinosaurus_.3"
"48","Spinosaurus_","Spinosaurus_.4"
"49","Spinosaurus_","Spinosaurus_.5"
"50","Spinosaurus_","Spinosaurus_.6"
"51","Spinosaurus_","Spinosaurus_.7"
"52","Spinosaurus_","Spinosaurus_.8"
"53","Spinosaurus_","Spinosaurus_.9"
"54","Spinosaurus_","Spinosaurus_.10"
"55","Spinosaurus_","Spinosaurus_.11"
"56","Suchomimus","Suchomimus.1"
"57","Suchomimus","Suchomimus.2"
"58","Suchomimus","Suchomimus.3"
"59","Baryonyx","Baryonyx.1"
"60","Baryonyx","Baryonyx.2"
"61","Baryonyx","Baryonyx.3"
 
* Phylo tree and the main data and strata files have been modified to include duplicated taxa before the scaled random trees are generated.
* Selected categorical labels column: diving.or.not
* diving.or.equal column is identical to Diving column.
* Regression excludes flying taxa.
* Diving labels that are present in regression: 0,2
* lambda (calculated from a random tree) = : 0.11
* index-name alignment check: OK
