Logfile for a session of program: bootstrap_binary.r
-----------------------------------------------------
INPUT:
workDir: C:/dino_nature/output/2023-11-07-D1\bs/set_1090
Nbootstrapsets: 2000
phyloFDAfile: c:/dino_nature/code/phylo.fda.R
auxFile: c:/dino_nature/code/auxiliary.r
boneType: femur
regressionData.file: C:/dino_nature/output/2023-11-07-D1\bs/set_1090/femur_set_1090.csv
applyDataFilter: FALSE
addTreeTips: TRUE
Ntrees: 100
calculateTrees: TRUE
saveTrees: FALSE


OPERATIONAL CHECKS:
* Regression data contains multiple copies of some taxa (user added variants of existing test taxa 
   or replacements due to bootstrap are present) which are not in the phylo tree:
     original taxon,   duplicate   
"1","Rangifer_tarandus","Rangifer_tarandus.1"
"2","Myrmecophaga_tridactyla","Myrmecophaga_tridactyla.1"
"3","Tribonyx_mortieri","Tribonyx_mortieri.1"
"4","Rupicapra_rupicapra","Rupicapra_rupicapra.1"
"5","Syncerus_caffer","Syncerus_caffer.1"
"6","Rangifer_tarandus","Rangifer_tarandus.2"
"7","Elomeryx_borbonicus_","Elomeryx_borbonicus_.1"
"8","Uncia_uncia","Uncia_uncia.1"
"9","Cephalophus_silvicultor","Cephalophus_silvicultor.1"
"10","Uncia_uncia","Uncia_uncia.2"
"11","Brachyodus_onoideum","Brachyodus_onoideum.1"
"12","Caloenas_nicobarica","Caloenas_nicobarica.1"
"13","Sphenodon_punctatus","Sphenodon_punctatus.1"
"14","Cephalophus_silvicultor","Cephalophus_silvicultor.2"
"15","Sphenodon_punctatus","Sphenodon_punctatus.2"
"16","Hemiechinus_azurites","Hemiechinus_azurites.1"
"17","Rupicapra_rupicapra","Rupicapra_rupicapra.2"
"18","Dasyurus_maculatus","Dasyurus_maculatus.1"
"19","Sphenodon_punctatus","Sphenodon_punctatus.3"
"20","Lama_guanicoe","Lama_guanicoe.1"
"21","Castor_fiber","Castor_fiber.1"
"22","Callophoca_obscura","Callophoca_obscura.1"
"23","Alligator","Alligator.1"
"24","Alligator","Alligator.2"
"25","Desmana_moschata","Desmana_moschata.1"
"26","Serpianosaurus","Serpianosaurus.1"
"27","Rodhocetus","Rodhocetus.1"
"28","Maiacetus","Maiacetus.1"
"29","Nothosaurus_102","Nothosaurus_102.1"
"30","Nothosaurus_mirabilis_1","Nothosaurus_mirabilis_1.1"
"31","Plesiosaurus","Plesiosaurus.1"
"32","Rodhocetus","Rodhocetus.2"
"33","Rodhocetus","Rodhocetus.3"
"34","Paraplacodus","Paraplacodus.1"
"35","Alligator","Alligator.3"
"36","Nothosaurus_mirabilis_1","Nothosaurus_mirabilis_1.2"
"37","Nothosaurus_102","Nothosaurus_102.2"
"38","Pistosaurus","Pistosaurus.1"
"39","Callophoca_obscura","Callophoca_obscura.2"
"40","Simosaurus","Simosaurus.1"
"41","Alligator","Alligator.4"
"42","Tapirus_terrestris","Tapirus_terrestris.1"
"43","Paraplacodus","Paraplacodus.2"
"44","Callophoca_obscura","Callophoca_obscura.3"
"45","Serpianosaurus","Serpianosaurus.2"
"46","Spinosaurus_","Spinosaurus_.1"
"47","Spinosaurus_","Spinosaurus_.2"
"48","Spinosaurus_","Spinosaurus_.3"
"49","Spinosaurus_","Spinosaurus_.4"
"50","Spinosaurus_","Spinosaurus_.5"
"51","Spinosaurus_","Spinosaurus_.6"
"52","Spinosaurus_","Spinosaurus_.7"
"53","Spinosaurus_","Spinosaurus_.8"
"54","Spinosaurus_","Spinosaurus_.9"
"55","Spinosaurus_","Spinosaurus_.10"
"56","Spinosaurus_","Spinosaurus_.11"
"57","Suchomimus","Suchomimus.1"
"58","Suchomimus","Suchomimus.2"
"59","Suchomimus","Suchomimus.3"
"60","Baryonyx","Baryonyx.1"
"61","Baryonyx","Baryonyx.2"
"62","Baryonyx","Baryonyx.3"
 
* Phylo tree and the main data and strata files have been modified to include duplicated taxa before the scaled random trees are generated.
* Selected categorical labels column: diving.or.not
* diving.or.equal column is identical to Diving column.
* Regression excludes flying taxa.
* Diving labels that are present in regression: 0,2
* lambda (calculated from a random tree) = : 0.09
* index-name alignment check: OK
