Logfile for a session of program: bootstrap_binary.r
-----------------------------------------------------
INPUT:
workDir: C:/dino_nature/output/2023-11-07-D1\bs/set_1280
Nbootstrapsets: 2000
phyloFDAfile: c:/dino_nature/code/phylo.fda.R
auxFile: c:/dino_nature/code/auxiliary.r
boneType: femur
regressionData.file: C:/dino_nature/output/2023-11-07-D1\bs/set_1280/femur_set_1280.csv
applyDataFilter: FALSE
addTreeTips: TRUE
Ntrees: 100
calculateTrees: TRUE
saveTrees: FALSE


OPERATIONAL CHECKS:
* Regression data contains multiple copies of some taxa (user added variants of existing test taxa 
   or replacements due to bootstrap are present) which are not in the phylo tree:
     original taxon,   duplicate   
"1","Strigiops_habroptilus","Strigiops_habroptilus.1"
"2","Rynochetus_jubatus","Rynochetus_jubatus.1"
"3","Pogona_viceps","Pogona_viceps.1"
"4","Dasyurus_maculatus","Dasyurus_maculatus.1"
"5","Pogona_viceps","Pogona_viceps.2"
"6","Pogona_viceps","Pogona_viceps.3"
"7","Alces_americanus","Alces_americanus.1"
"8","Rhynchocyon_petersi","Rhynchocyon_petersi.1"
"9","Sus_scrofa","Sus_scrofa.1"
"10","Brachyodus_onoideum","Brachyodus_onoideum.1"
"11","Rhynchocyon_petersi","Rhynchocyon_petersi.2"
"12","Euroscaptor_micrura","Euroscaptor_micrura.1"
"13","Felis_felis","Felis_felis.1"
"14","Dicerorhinus_sumatrensis","Dicerorhinus_sumatrensis.1"
"15","Brachyodus_onoideum","Brachyodus_onoideum.2"
"16","Felis_felis","Felis_felis.2"
"17","Caloenas_nicobarica","Caloenas_nicobarica.1"
"18","Pogona_viceps","Pogona_viceps.4"
"19","Mustela_nivalis","Mustela_nivalis.1"
"20","Dicerorhinus_sumatrensis","Dicerorhinus_sumatrensis.2"
"21","Caloenas_nicobarica","Caloenas_nicobarica.2"
"22","Euroscaptor_micrura","Euroscaptor_micrura.2"
"23","Bos_taurus","Bos_taurus.1"
"24","Myrmecophaga_tridactyla","Myrmecophaga_tridactyla.1"
"25","Simosaurus","Simosaurus.1"
"26","Cryptoclidus","Cryptoclidus.1"
"27","Protochampsidae","Protochampsidae.1"
"28","Protochampsidae","Protochampsidae.2"
"29","Anarosaurus","Anarosaurus.1"
"30","Noemys_fodies","Noemys_fodies.1"
"31","Desmana_moschata","Desmana_moschata.1"
"32","Hippopotamus_amphibius","Hippopotamus_amphibius.1"
"33","Choeropsis_liberiensis","Choeropsis_liberiensis.1"
"34","Micropotamogale_euwenzorii","Micropotamogale_euwenzorii.1"
"35","Maiacetus","Maiacetus.1"
"36","Castor_fiber","Castor_fiber.1"
"37","Castor_fiber","Castor_fiber.2"
"38","Nothosaurus_mirabilis_1","Nothosaurus_mirabilis_1.1"
"39","Hesperornis","Hesperornis.1"
"40","Otaria_byronia","Otaria_byronia.1"
"41","Remingtonocetus","Remingtonocetus.1"
"42","large_eocene_stem_penguin","large_eocene_stem_penguin.1"
"43","Rhaeticosaurus","Rhaeticosaurus.1"
"44","Neusticosaurus","Neusticosaurus.1"
"45","Desmostylus_hesperus","Desmostylus_hesperus.1"
"46","Spinosaurus_","Spinosaurus_.1"
"47","Spinosaurus_","Spinosaurus_.2"
"48","Spinosaurus_","Spinosaurus_.3"
"49","Spinosaurus_","Spinosaurus_.4"
"50","Spinosaurus_","Spinosaurus_.5"
"51","Spinosaurus_","Spinosaurus_.6"
"52","Spinosaurus_","Spinosaurus_.7"
"53","Spinosaurus_","Spinosaurus_.8"
"54","Spinosaurus_","Spinosaurus_.9"
"55","Spinosaurus_","Spinosaurus_.10"
"56","Spinosaurus_","Spinosaurus_.11"
"57","Suchomimus","Suchomimus.1"
"58","Suchomimus","Suchomimus.2"
"59","Suchomimus","Suchomimus.3"
"60","Baryonyx","Baryonyx.1"
"61","Baryonyx","Baryonyx.2"
"62","Baryonyx","Baryonyx.3"
 
* Phylo tree and the main data and strata files have been modified to include duplicated taxa before the scaled random trees are generated.
* Selected categorical labels column: diving.or.not
* diving.or.equal column is identical to Diving column.
* Regression excludes flying taxa.
* Diving labels that are present in regression: 0,2
* lambda (calculated from a random tree) = : 0.07
* index-name alignment check: OK
