Logfile for a session of program: bootstrap_binary.r
-----------------------------------------------------
INPUT:
workDir: C:/dino_nature/output/2023-11-07-D1\bs/set_679
Nbootstrapsets: 2000
phyloFDAfile: c:/dino_nature/code/phylo.fda.R
auxFile: c:/dino_nature/code/auxiliary.r
boneType: femur
regressionData.file: C:/dino_nature/output/2023-11-07-D1\bs/set_679/femur_set_679.csv
applyDataFilter: FALSE
addTreeTips: TRUE
Ntrees: 100
calculateTrees: TRUE
saveTrees: FALSE


OPERATIONAL CHECKS:
* Regression data contains multiple copies of some taxa (user added variants of existing test taxa 
   or replacements due to bootstrap are present) which are not in the phylo tree:
     original taxon,   duplicate   
"1","Dicerorhinus_sumatrensis","Dicerorhinus_sumatrensis.1"
"2","Okapia_johnstoni","Okapia_johnstoni.1"
"3","Alces_americanus","Alces_americanus.1"
"4","Meles_meles","Meles_meles.1"
"5","Dromaius_","Dromaius_.1"
"6","Raphus","Raphus.1"
"7","Elephas_maximus","Elephas_maximus.1"
"8","Rynochetus_jubatus","Rynochetus_jubatus.1"
"9","Euroscaptor_micrura","Euroscaptor_micrura.1"
"10","Procyon_lotor","Procyon_lotor.1"
"11","Giraffa_camelopardalis","Giraffa_camelopardalis.1"
"12","Dromaius_","Dromaius_.2"
"13","Sus_scrofa","Sus_scrofa.1"
"14","Dasyurus_maculatus","Dasyurus_maculatus.1"
"15","Tenrec_ecaudatus","Tenrec_ecaudatus.1"
"16","Pogona_viceps","Pogona_viceps.1"
"17","Mus_musculus","Mus_musculus.1"
"18","Mus_musculus","Mus_musculus.2"
"19","Tenrec_ecaudatus","Tenrec_ecaudatus.2"
"20","Euroscaptor_micrura","Euroscaptor_micrura.2"
"21","Tenrec_ecaudatus","Tenrec_ecaudatus.3"
"22","Ceratotherium_simum","Ceratotherium_simum.1"
"23","Pogona_viceps","Pogona_viceps.2"
"24","Giraffa_camelopardalis","Giraffa_camelopardalis.2"
"25","Micropotamogale_euwenzorii","Micropotamogale_euwenzorii.1"
"26","Callophoca_obscura","Callophoca_obscura.1"
"27","Champsosaurus","Champsosaurus.1"
"28","Chapsosaurus_","Chapsosaurus_.1"
"29","Maiacetus","Maiacetus.1"
"30","Nothosaurus_568","Nothosaurus_568.1"
"31","Ichtyosaur_sp","Ichtyosaur_sp.1"
"32","Maiacetus","Maiacetus.2"
"33","Desmostylus_hesperus","Desmostylus_hesperus.1"
"34","Basilosaurus","Basilosaurus.1"
"35","Alligator","Alligator.1"
"36","Micropotamogale_euwenzorii","Micropotamogale_euwenzorii.2"
"37","Nothosaurus_102","Nothosaurus_102.1"
"38","Nothosaurus_102","Nothosaurus_102.2"
"39","Nothosaurus_150","Nothosaurus_150.1"
"40","Cricosaurus","Cricosaurus.1"
"41","Lutra_vulgaris","Lutra_vulgaris.1"
"42","large_eocene_stem_penguin","large_eocene_stem_penguin.1"
"43","Hippopotamus_amphibius","Hippopotamus_amphibius.1"
"44","Metryorhynchus","Metryorhynchus.1"
"45","Nothosaurus_568","Nothosaurus_568.2"
"46","Castor_fiber","Castor_fiber.1"
"47","Spinosaurus_","Spinosaurus_.1"
"48","Spinosaurus_","Spinosaurus_.2"
"49","Spinosaurus_","Spinosaurus_.3"
"50","Spinosaurus_","Spinosaurus_.4"
"51","Spinosaurus_","Spinosaurus_.5"
"52","Spinosaurus_","Spinosaurus_.6"
"53","Spinosaurus_","Spinosaurus_.7"
"54","Spinosaurus_","Spinosaurus_.8"
"55","Spinosaurus_","Spinosaurus_.9"
"56","Spinosaurus_","Spinosaurus_.10"
"57","Spinosaurus_","Spinosaurus_.11"
"58","Suchomimus","Suchomimus.1"
"59","Suchomimus","Suchomimus.2"
"60","Suchomimus","Suchomimus.3"
"61","Baryonyx","Baryonyx.1"
"62","Baryonyx","Baryonyx.2"
"63","Baryonyx","Baryonyx.3"
 
* Phylo tree and the main data and strata files have been modified to include duplicated taxa before the scaled random trees are generated.
* Selected categorical labels column: diving.or.not
* diving.or.equal column is identical to Diving column.
* Regression excludes flying taxa.
* Diving labels that are present in regression: 0,2
* lambda (calculated from a random tree) = : 0.09
* index-name alignment check: OK
