Logfile for a session of program: bootstrap_binary.r
-----------------------------------------------------
INPUT:
workDir: C:/dino_nature/output/2023-11-07-D1\bs/set_1297
Nbootstrapsets: 2000
phyloFDAfile: c:/dino_nature/code/phylo.fda.R
auxFile: c:/dino_nature/code/auxiliary.r
boneType: femur
regressionData.file: C:/dino_nature/output/2023-11-07-D1\bs/set_1297/femur_set_1297.csv
applyDataFilter: FALSE
addTreeTips: TRUE
Ntrees: 100
calculateTrees: TRUE
saveTrees: FALSE


OPERATIONAL CHECKS:
* Regression data contains multiple copies of some taxa (user added variants of existing test taxa 
   or replacements due to bootstrap are present) which are not in the phylo tree:
     original taxon,   duplicate   
"1","Vulpes_vulpes","Vulpes_vulpes.1"
"2","Rupicapra_rupicapra","Rupicapra_rupicapra.1"
"3","Ceratotherium_simum","Ceratotherium_simum.1"
"4","Syncerus_caffer","Syncerus_caffer.1"
"5","Rupicapra_rupicapra","Rupicapra_rupicapra.2"
"6","Cephalophus_silvicultor","Cephalophus_silvicultor.1"
"7","Cephalophus_silvicultor","Cephalophus_silvicultor.2"
"8","Sphenodon_punctatus","Sphenodon_punctatus.1"
"9","Lama_guanicoe","Lama_guanicoe.1"
"10","Vulpes_vulpes","Vulpes_vulpes.2"
"11","Felis_felis","Felis_felis.1"
"12","Giraffa_camelopardalis","Giraffa_camelopardalis.1"
"13","Taxidea_taxus","Taxidea_taxus.1"
"14","Alces_americanus","Alces_americanus.1"
"15","Giraffa_camelopardalis","Giraffa_camelopardalis.2"
"16","Taxidea_taxus","Taxidea_taxus.2"
"17","Elephas_maximus","Elephas_maximus.1"
"18","Felis_felis","Felis_felis.2"
"19","Pogona_viceps","Pogona_viceps.1"
"20","Rhynchocyon_petersi","Rhynchocyon_petersi.1"
"21","Okapia_johnstoni","Okapia_johnstoni.1"
"22","Brachyodus_onoideum","Brachyodus_onoideum.1"
"23","Uncia_uncia","Uncia_uncia.1"
"24","Indohyus","Indohyus.1"
"25","Desmostylus_hesperus","Desmostylus_hesperus.1"
"26","Rhaeticosaurus","Rhaeticosaurus.1"
"27","Small_Eocene_penguin","Small_Eocene_penguin.1"
"28","Indohyus","Indohyus.2"
"29","Simosaurus","Simosaurus.1"
"30","Cryptoclidus","Cryptoclidus.1"
"31","Desmostylus_hesperus","Desmostylus_hesperus.2"
"32","Champsosaurus","Champsosaurus.1"
"33","Palaeospheniscus","Palaeospheniscus.1"
"34","Micropotamogale_euwenzorii","Micropotamogale_euwenzorii.1"
"35","Champsosaurus","Champsosaurus.2"
"36","Leptophoca_proxima","Leptophoca_proxima.1"
"37","Noemys_fodies","Noemys_fodies.1"
"38","Rhaeticosaurus","Rhaeticosaurus.2"
"39","Caiman_yacare","Caiman_yacare.1"
"40","Chapsosaurus_","Chapsosaurus_.1"
"41","Lutra_vulgaris","Lutra_vulgaris.1"
"42","Metryorhynchus","Metryorhynchus.1"
"43","Indohyus","Indohyus.3"
"44","large_eocene_stem_penguin","large_eocene_stem_penguin.1"
"45","Cryptoclidus","Cryptoclidus.2"
"46","Spinosaurus_","Spinosaurus_.1"
"47","Spinosaurus_","Spinosaurus_.2"
"48","Spinosaurus_","Spinosaurus_.3"
"49","Spinosaurus_","Spinosaurus_.4"
"50","Spinosaurus_","Spinosaurus_.5"
"51","Spinosaurus_","Spinosaurus_.6"
"52","Spinosaurus_","Spinosaurus_.7"
"53","Spinosaurus_","Spinosaurus_.8"
"54","Spinosaurus_","Spinosaurus_.9"
"55","Spinosaurus_","Spinosaurus_.10"
"56","Spinosaurus_","Spinosaurus_.11"
"57","Suchomimus","Suchomimus.1"
"58","Suchomimus","Suchomimus.2"
"59","Suchomimus","Suchomimus.3"
"60","Baryonyx","Baryonyx.1"
"61","Baryonyx","Baryonyx.2"
"62","Baryonyx","Baryonyx.3"
 
* Phylo tree and the main data and strata files have been modified to include duplicated taxa before the scaled random trees are generated.
* Selected categorical labels column: diving.or.not
* diving.or.equal column is identical to Diving column.
* Regression excludes flying taxa.
* Diving labels that are present in regression: 0,2
* lambda (calculated from a random tree) = : 0.08
* index-name alignment check: OK
