Logfile for a session of program: bootstrap_binary.r
-----------------------------------------------------
INPUT:
workDir: C:/dino_nature/output/2023-11-07-D1\bs/set_666
Nbootstrapsets: 2000
phyloFDAfile: c:/dino_nature/code/phylo.fda.R
auxFile: c:/dino_nature/code/auxiliary.r
boneType: femur
regressionData.file: C:/dino_nature/output/2023-11-07-D1\bs/set_666/femur_set_666.csv
applyDataFilter: FALSE
addTreeTips: TRUE
Ntrees: 100
calculateTrees: TRUE
saveTrees: FALSE


OPERATIONAL CHECKS:
* Regression data contains multiple copies of some taxa (user added variants of existing test taxa 
   or replacements due to bootstrap are present) which are not in the phylo tree:
     original taxon,   duplicate   
"1","Mammuthus_sp","Mammuthus_sp.1"
"2","Mammuthus_sp","Mammuthus_sp.2"
"3","Pogona_viceps","Pogona_viceps.1"
"4","Procyon_lotor","Procyon_lotor.1"
"5","Mammuthus_sp","Mammuthus_sp.3"
"6","Loxodonta_africana","Loxodonta_africana.1"
"7","Alces_americanus","Alces_americanus.1"
"8","Caloenas_nicobarica","Caloenas_nicobarica.1"
"9","Caloenas_nicobarica","Caloenas_nicobarica.2"
"10","Dama_dama","Dama_dama.1"
"11","Hemiechinus_azurites","Hemiechinus_azurites.1"
"12","Strigiops_habroptilus","Strigiops_habroptilus.1"
"13","Bos_taurus","Bos_taurus.1"
"14","Elephas_maximus","Elephas_maximus.1"
"15","Pogona_viceps","Pogona_viceps.2"
"16","Euroscaptor_micrura","Euroscaptor_micrura.1"
"17","Loxodonta_africana","Loxodonta_africana.2"
"18","Alces_americanus","Alces_americanus.2"
"19","Sphenodon_punctatus","Sphenodon_punctatus.1"
"20","Callophoca_obscura","Callophoca_obscura.1"
"21","Aptenodytes______","Aptenodytes______.1"
"22","Maiacetus","Maiacetus.1"
"23","Maiacetus","Maiacetus.2"
"24","Nanophoca_vitulinoides","Nanophoca_vitulinoides.1"
"25","Callophoca_obscura","Callophoca_obscura.2"
"26","Rodhocetus","Rodhocetus.1"
"27","Nanophoca_vitulinoides","Nanophoca_vitulinoides.2"
"28","Nothosaurus_568","Nothosaurus_568.1"
"29","Rhaeticosaurus","Rhaeticosaurus.1"
"30","Dyrosaurid","Dyrosaurid.1"
"31","Nothosaurus_102","Nothosaurus_102.1"
"32","Maiacetus","Maiacetus.3"
"33","Ichtyosaurus_","Ichtyosaurus_.1"
"34","Desmostylus_hesperus","Desmostylus_hesperus.1"
"35","Chapsosaurus_","Chapsosaurus_.1"
"36","Ornithorhynchus_anatinus","Ornithorhynchus_anatinus.1"
"37","Aptenodytes______","Aptenodytes______.2"
"38","Nothosaurus_102","Nothosaurus_102.2"
"39","Nothosaurus_giganteus","Nothosaurus_giganteus.1"
"40","Spinosaurus_","Spinosaurus_.1"
"41","Spinosaurus_","Spinosaurus_.2"
"42","Spinosaurus_","Spinosaurus_.3"
"43","Spinosaurus_","Spinosaurus_.4"
"44","Spinosaurus_","Spinosaurus_.5"
"45","Spinosaurus_","Spinosaurus_.6"
"46","Spinosaurus_","Spinosaurus_.7"
"47","Spinosaurus_","Spinosaurus_.8"
"48","Spinosaurus_","Spinosaurus_.9"
"49","Spinosaurus_","Spinosaurus_.10"
"50","Spinosaurus_","Spinosaurus_.11"
"51","Suchomimus","Suchomimus.1"
"52","Suchomimus","Suchomimus.2"
"53","Suchomimus","Suchomimus.3"
"54","Baryonyx","Baryonyx.1"
"55","Baryonyx","Baryonyx.2"
"56","Baryonyx","Baryonyx.3"
 
* Phylo tree and the main data and strata files have been modified to include duplicated taxa before the scaled random trees are generated.
* Selected categorical labels column: diving.or.not
* diving.or.equal column is identical to Diving column.
* Regression excludes flying taxa.
* Diving labels that are present in regression: 0,2
* lambda (calculated from a random tree) = : 0.12
* index-name alignment check: OK
