Logfile for a session of program: bootstrap_binary.r
-----------------------------------------------------
INPUT:
workDir: C:/dino_nature/output/2023-11-07-D1\bs/set_1839
Nbootstrapsets: 2000
phyloFDAfile: c:/dino_nature/code/phylo.fda.R
auxFile: c:/dino_nature/code/auxiliary.r
boneType: femur
regressionData.file: C:/dino_nature/output/2023-11-07-D1\bs/set_1839/femur_set_1839.csv
applyDataFilter: FALSE
addTreeTips: TRUE
Ntrees: 100
calculateTrees: TRUE
saveTrees: FALSE


OPERATIONAL CHECKS:
* Regression data contains multiple copies of some taxa (user added variants of existing test taxa 
   or replacements due to bootstrap are present) which are not in the phylo tree:
     original taxon,   duplicate   
"1","Atlantisia_rogersi","Atlantisia_rogersi.1"
"2","Rattus_rattus","Rattus_rattus.1"
"3","Lama_guanicoe","Lama_guanicoe.1"
"4","Hemiechinus_azurites","Hemiechinus_azurites.1"
"5","Brachyodus_onoideum","Brachyodus_onoideum.1"
"6","Lama_guanicoe","Lama_guanicoe.2"
"7","Rattus_rattus","Rattus_rattus.2"
"8","Elephas_maximus","Elephas_maximus.1"
"9","Paguma_larvata","Paguma_larvata.1"
"10","Porphyrio_hochstetteri","Porphyrio_hochstetteri.1"
"11","Tribonyx_mortieri","Tribonyx_mortieri.1"
"12","Megaloceros_sp","Megaloceros_sp.1"
"13","Rhynchocyon_petersi","Rhynchocyon_petersi.1"
"14","Megaloceros_sp","Megaloceros_sp.2"
"15","Dama_dama","Dama_dama.1"
"16","Porphyrio_hochstetteri","Porphyrio_hochstetteri.2"
"17","Rattus_rattus","Rattus_rattus.3"
"18","Procavia_capensis","Procavia_capensis.1"
"19","Taxidea_taxus","Taxidea_taxus.1"
"20","Capreolus_capreolus","Capreolus_capreolus.1"
"21","Porphyrio_hochstetteri","Porphyrio_hochstetteri.3"
"22","Hippopotamus_amphibius","Hippopotamus_amphibius.1"
"23","Chironectes_minimus","Chironectes_minimus.1"
"24","Phalacrocorax_harrisi","Phalacrocorax_harrisi.1"
"25","Nanophoca_vitulinoides","Nanophoca_vitulinoides.1"
"26","Nothosaurus_mirabilis_1","Nothosaurus_mirabilis_1.1"
"27","Micropotamogale_euwenzorii","Micropotamogale_euwenzorii.1"
"28","Cryptoclidus","Cryptoclidus.1"
"29","Basilosaurus","Basilosaurus.1"
"30","Rodhocetus","Rodhocetus.1"
"31","Psephoderma","Psephoderma.1"
"32","Remingtonocetus","Remingtonocetus.1"
"33","Indohyus","Indohyus.1"
"34","Nothosaurus_mirabilis_1","Nothosaurus_mirabilis_1.2"
"35","Basilosaurus","Basilosaurus.2"
"36","Alligator","Alligator.1"
"37","Ichtyosaur_sp","Ichtyosaur_sp.1"
"38","Simosaurus","Simosaurus.1"
"39","Choeropsis_liberiensis","Choeropsis_liberiensis.1"
"40","Spinosaurus_","Spinosaurus_.1"
"41","Spinosaurus_","Spinosaurus_.2"
"42","Spinosaurus_","Spinosaurus_.3"
"43","Spinosaurus_","Spinosaurus_.4"
"44","Spinosaurus_","Spinosaurus_.5"
"45","Spinosaurus_","Spinosaurus_.6"
"46","Spinosaurus_","Spinosaurus_.7"
"47","Spinosaurus_","Spinosaurus_.8"
"48","Spinosaurus_","Spinosaurus_.9"
"49","Spinosaurus_","Spinosaurus_.10"
"50","Spinosaurus_","Spinosaurus_.11"
"51","Suchomimus","Suchomimus.1"
"52","Suchomimus","Suchomimus.2"
"53","Suchomimus","Suchomimus.3"
"54","Baryonyx","Baryonyx.1"
"55","Baryonyx","Baryonyx.2"
"56","Baryonyx","Baryonyx.3"
 
* Phylo tree and the main data and strata files have been modified to include duplicated taxa before the scaled random trees are generated.
* Selected categorical labels column: diving.or.not
* diving.or.equal column is identical to Diving column.
* Regression excludes flying taxa.
* Diving labels that are present in regression: 0,2
* lambda (calculated from a random tree) = : 0.08
* index-name alignment check: OK
