Logfile for a session of program: bootstrap_binary.r
-----------------------------------------------------
INPUT:
workDir: C:/dino_nature/output/2023-11-07-D1\bs/set_425
Nbootstrapsets: 2000
phyloFDAfile: c:/dino_nature/code/phylo.fda.R
auxFile: c:/dino_nature/code/auxiliary.r
boneType: femur
regressionData.file: C:/dino_nature/output/2023-11-07-D1\bs/set_425/femur_set_425.csv
applyDataFilter: FALSE
addTreeTips: TRUE
Ntrees: 100
calculateTrees: TRUE
saveTrees: FALSE


OPERATIONAL CHECKS:
* Regression data contains multiple copies of some taxa (user added variants of existing test taxa 
   or replacements due to bootstrap are present) which are not in the phylo tree:
     original taxon,   duplicate   
"1","Apteryx_australis","Apteryx_australis.1"
"2","Bison_bonasus","Bison_bonasus.1"
"3","Nyctereutes_procyonoides","Nyctereutes_procyonoides.1"
"4","Dicerorhinus_sumatrensis","Dicerorhinus_sumatrensis.1"
"5","Hemiechinus_azurites","Hemiechinus_azurites.1"
"6","Caloenas_nicobarica","Caloenas_nicobarica.1"
"7","Capreolus_capreolus","Capreolus_capreolus.1"
"8","Caloenas_nicobarica","Caloenas_nicobarica.2"
"9","Tribonyx_mortieri","Tribonyx_mortieri.1"
"10","Tribonyx_mortieri","Tribonyx_mortieri.2"
"11","Rupicapra_rupicapra","Rupicapra_rupicapra.1"
"12","Rupicapra_rupicapra","Rupicapra_rupicapra.2"
"13","Rhynchocyon_petersi","Rhynchocyon_petersi.1"
"14","Rhynchocyon_petersi","Rhynchocyon_petersi.2"
"15","Syncerus_caffer","Syncerus_caffer.1"
"16","Apteryx_owenii_","Apteryx_owenii_.1"
"17","Apteryx_australis","Apteryx_australis.2"
"18","Micropotamogale_euwenzorii","Micropotamogale_euwenzorii.1"
"19","Phalacrocorax_harrisi","Phalacrocorax_harrisi.1"
"20","Placodontia_indet_1","Placodontia_indet_1.1"
"21","Placodontia_indet_1","Placodontia_indet_1.2"
"22","Hippopotamus_amphibius","Hippopotamus_amphibius.1"
"23","Metryorhynchus","Metryorhynchus.1"
"24","Basilosaurus","Basilosaurus.1"
"25","Metryorhynchus","Metryorhynchus.2"
"26","Rodhocetus","Rodhocetus.1"
"27","Desmana_moschata","Desmana_moschata.1"
"28","Choeropsis_liberiensis","Choeropsis_liberiensis.1"
"29","Nothosaurus_giganteus","Nothosaurus_giganteus.1"
"30","Hippopotamus_amphibius","Hippopotamus_amphibius.2"
"31","Plesiosaurus","Plesiosaurus.1"
"32","Leptophoca_proxima","Leptophoca_proxima.1"
"33","Placodontia_indet_1","Placodontia_indet_1.3"
"34","Spheniscus","Spheniscus.1"
"35","Cricosaurus","Cricosaurus.1"
"36","Callophoca_obscura","Callophoca_obscura.1"
"37","Small_Eocene_penguin","Small_Eocene_penguin.1"
"38","Spinosaurus_","Spinosaurus_.1"
"39","Spinosaurus_","Spinosaurus_.2"
"40","Spinosaurus_","Spinosaurus_.3"
"41","Spinosaurus_","Spinosaurus_.4"
"42","Spinosaurus_","Spinosaurus_.5"
"43","Spinosaurus_","Spinosaurus_.6"
"44","Spinosaurus_","Spinosaurus_.7"
"45","Spinosaurus_","Spinosaurus_.8"
"46","Spinosaurus_","Spinosaurus_.9"
"47","Spinosaurus_","Spinosaurus_.10"
"48","Spinosaurus_","Spinosaurus_.11"
"49","Suchomimus","Suchomimus.1"
"50","Suchomimus","Suchomimus.2"
"51","Suchomimus","Suchomimus.3"
"52","Baryonyx","Baryonyx.1"
"53","Baryonyx","Baryonyx.2"
"54","Baryonyx","Baryonyx.3"
 
* Phylo tree and the main data and strata files have been modified to include duplicated taxa before the scaled random trees are generated.
* Selected categorical labels column: diving.or.not
* diving.or.equal column is identical to Diving column.
* Regression excludes flying taxa.
* Diving labels that are present in regression: 0,2
* lambda (calculated from a random tree) = : 0.07
* index-name alignment check: OK
