Logfile for a session of program: bootstrap_binary.r
-----------------------------------------------------
INPUT:
workDir: C:/dino_nature/output/2023-11-07-D1\bs/set_1559
Nbootstrapsets: 2000
phyloFDAfile: c:/dino_nature/code/phylo.fda.R
auxFile: c:/dino_nature/code/auxiliary.r
boneType: femur
regressionData.file: C:/dino_nature/output/2023-11-07-D1\bs/set_1559/femur_set_1559.csv
applyDataFilter: FALSE
addTreeTips: TRUE
Ntrees: 100
calculateTrees: TRUE
saveTrees: FALSE


OPERATIONAL CHECKS:
* Regression data contains multiple copies of some taxa (user added variants of existing test taxa 
   or replacements due to bootstrap are present) which are not in the phylo tree:
     original taxon,   duplicate   
"1","Bison_bonasus","Bison_bonasus.1"
"2","Bos_taurus","Bos_taurus.1"
"3","Alces_americanus","Alces_americanus.1"
"4","Mus_musculus","Mus_musculus.1"
"5","Raphus","Raphus.1"
"6","Mustela_nivalis","Mustela_nivalis.1"
"7","Dicerorhinus_sumatrensis","Dicerorhinus_sumatrensis.1"
"8","Bos_taurus","Bos_taurus.2"
"9","Xenicus_giliventris","Xenicus_giliventris.1"
"10","Rupicapra_rupicapra","Rupicapra_rupicapra.1"
"11","Taxidea_taxus","Taxidea_taxus.1"
"12","Brachyodus_onoideum","Brachyodus_onoideum.1"
"13","Myrmecophaga_tridactyla","Myrmecophaga_tridactyla.1"
"14","Bos_taurus","Bos_taurus.3"
"15","Felis_felis","Felis_felis.1"
"16","Vulpes_vulpes","Vulpes_vulpes.1"
"17","Rodhocetus","Rodhocetus.1"
"18","Simosaurus","Simosaurus.1"
"19","Basilosaurus","Basilosaurus.1"
"20","Basilosaurus","Basilosaurus.2"
"21","Nothosaurus_150","Nothosaurus_150.1"
"22","Nothosaurus_mirabilis","Nothosaurus_mirabilis.1"
"23","Placodontia_indet_1","Placodontia_indet_1.1"
"24","Placodontia_indet_1","Placodontia_indet_1.2"
"25","Simosaurus","Simosaurus.2"
"26","Chapsosaurus_","Chapsosaurus_.1"
"27","Chapsosaurus_","Chapsosaurus_.2"
"28","Hydromys_chrysogaster","Hydromys_chrysogaster.1"
"29","Castor_fiber","Castor_fiber.1"
"30","Ornithorhynchus_anatinus","Ornithorhynchus_anatinus.1"
"31","Tapirus_terrestris","Tapirus_terrestris.1"
"32","Phocanella_pumila","Phocanella_pumila.1"
"33","Simosaurus","Simosaurus.3"
"34","Simosaurus","Simosaurus.4"
"35","Nothosaurus_mirabilis","Nothosaurus_mirabilis.2"
"36","Placodontia_indet_1","Placodontia_indet_1.3"
"37","Nothosaurus_102","Nothosaurus_102.1"
"38","Spinosaurus_","Spinosaurus_.1"
"39","Spinosaurus_","Spinosaurus_.2"
"40","Spinosaurus_","Spinosaurus_.3"
"41","Spinosaurus_","Spinosaurus_.4"
"42","Spinosaurus_","Spinosaurus_.5"
"43","Spinosaurus_","Spinosaurus_.6"
"44","Spinosaurus_","Spinosaurus_.7"
"45","Spinosaurus_","Spinosaurus_.8"
"46","Spinosaurus_","Spinosaurus_.9"
"47","Spinosaurus_","Spinosaurus_.10"
"48","Spinosaurus_","Spinosaurus_.11"
"49","Suchomimus","Suchomimus.1"
"50","Suchomimus","Suchomimus.2"
"51","Suchomimus","Suchomimus.3"
"52","Baryonyx","Baryonyx.1"
"53","Baryonyx","Baryonyx.2"
"54","Baryonyx","Baryonyx.3"
 
* Phylo tree and the main data and strata files have been modified to include duplicated taxa before the scaled random trees are generated.
* Selected categorical labels column: diving.or.not
* diving.or.equal column is identical to Diving column.
* Regression excludes flying taxa.
* Diving labels that are present in regression: 0,2
* lambda (calculated from a random tree) = : 0.1
* index-name alignment check: OK
