Logfile for a session of program: bootstrap_binary.r
-----------------------------------------------------
INPUT:
workDir: C:/dino_nature/output/2023-11-07-D1\bs/set_1146
Nbootstrapsets: 2000
phyloFDAfile: c:/dino_nature/code/phylo.fda.R
auxFile: c:/dino_nature/code/auxiliary.r
boneType: femur
regressionData.file: C:/dino_nature/output/2023-11-07-D1\bs/set_1146/femur_set_1146.csv
applyDataFilter: FALSE
addTreeTips: TRUE
Ntrees: 100
calculateTrees: TRUE
saveTrees: FALSE


OPERATIONAL CHECKS:
* Regression data contains multiple copies of some taxa (user added variants of existing test taxa 
   or replacements due to bootstrap are present) which are not in the phylo tree:
     original taxon,   duplicate   
"1","Myrmecophaga_tridactyla","Myrmecophaga_tridactyla.1"
"2","Rhinoceros_sondaicus","Rhinoceros_sondaicus.1"
"3","Tenrec_ecaudatus","Tenrec_ecaudatus.1"
"4","Rhinoceros_sondaicus","Rhinoceros_sondaicus.2"
"5","Rupicapra_rupicapra","Rupicapra_rupicapra.1"
"6","Microgale_thomasi","Microgale_thomasi.1"
"7","Okapia_johnstoni","Okapia_johnstoni.1"
"8","Elomeryx_borbonicus_","Elomeryx_borbonicus_.1"
"9","Syncerus_caffer","Syncerus_caffer.1"
"10","Raphus","Raphus.1"
"11","Microgale_thomasi","Microgale_thomasi.2"
"12","Rhinoceros_sondaicus","Rhinoceros_sondaicus.3"
"13","Syncerus_caffer","Syncerus_caffer.2"
"14","Elephas_maximus","Elephas_maximus.1"
"15","Okapia_johnstoni","Okapia_johnstoni.2"
"16","Dama_dama","Dama_dama.1"
"17","Mus_musculus","Mus_musculus.1"
"18","Capreolus_capreolus","Capreolus_capreolus.1"
"19","Dama_dama","Dama_dama.2"
"20","Otaria_byronia","Otaria_byronia.1"
"21","Nanophoca_vitulinoides","Nanophoca_vitulinoides.1"
"22","Protochampsidae","Protochampsidae.1"
"23","Protochampsidae","Protochampsidae.2"
"24","Chapsosaurus_","Chapsosaurus_.1"
"25","Pistosaurus","Pistosaurus.1"
"26","Otaria_byronia","Otaria_byronia.2"
"27","Otaria_byronia","Otaria_byronia.3"
"28","Maiacetus","Maiacetus.1"
"29","Psephoderma","Psephoderma.1"
"30","Cryptoclidus","Cryptoclidus.1"
"31","Caiman_yacare","Caiman_yacare.1"
"32","Tapirus_terrestris","Tapirus_terrestris.1"
"33","Palaeospheniscus","Palaeospheniscus.1"
"34","Hexaprotodon_garyam","Hexaprotodon_garyam.1"
"35","Tapirus_terrestris","Tapirus_terrestris.2"
"36","Basilosaurus","Basilosaurus.1"
"37","Alligator","Alligator.1"
"38","Nothosaurus_102","Nothosaurus_102.1"
"39","Spinosaurus_","Spinosaurus_.1"
"40","Spinosaurus_","Spinosaurus_.2"
"41","Spinosaurus_","Spinosaurus_.3"
"42","Spinosaurus_","Spinosaurus_.4"
"43","Spinosaurus_","Spinosaurus_.5"
"44","Spinosaurus_","Spinosaurus_.6"
"45","Spinosaurus_","Spinosaurus_.7"
"46","Spinosaurus_","Spinosaurus_.8"
"47","Spinosaurus_","Spinosaurus_.9"
"48","Spinosaurus_","Spinosaurus_.10"
"49","Spinosaurus_","Spinosaurus_.11"
"50","Suchomimus","Suchomimus.1"
"51","Suchomimus","Suchomimus.2"
"52","Suchomimus","Suchomimus.3"
"53","Baryonyx","Baryonyx.1"
"54","Baryonyx","Baryonyx.2"
"55","Baryonyx","Baryonyx.3"
 
* Phylo tree and the main data and strata files have been modified to include duplicated taxa before the scaled random trees are generated.
* Selected categorical labels column: diving.or.not
* diving.or.equal column is identical to Diving column.
* Regression excludes flying taxa.
* Diving labels that are present in regression: 0,2
* lambda (calculated from a random tree) = : 0.12
* index-name alignment check: OK
