Logfile for a session of program: bootstrap_binary.r
-----------------------------------------------------
INPUT:
workDir: C:/dino_nature/output/2023-11-07-D1\bs/set_1896
Nbootstrapsets: 2000
phyloFDAfile: c:/dino_nature/code/phylo.fda.R
auxFile: c:/dino_nature/code/auxiliary.r
boneType: femur
regressionData.file: C:/dino_nature/output/2023-11-07-D1\bs/set_1896/femur_set_1896.csv
applyDataFilter: FALSE
addTreeTips: TRUE
Ntrees: 100
calculateTrees: TRUE
saveTrees: FALSE


OPERATIONAL CHECKS:
* Regression data contains multiple copies of some taxa (user added variants of existing test taxa 
   or replacements due to bootstrap are present) which are not in the phylo tree:
     original taxon,   duplicate   
"1","Rhynchocyon_petersi","Rhynchocyon_petersi.1"
"2","Lama_guanicoe","Lama_guanicoe.1"
"3","Sphenodon_punctatus","Sphenodon_punctatus.1"
"4","Sus_scrofa","Sus_scrofa.1"
"5","Strigiops_habroptilus","Strigiops_habroptilus.1"
"6","Paguma_larvata","Paguma_larvata.1"
"7","Caloenas_nicobarica","Caloenas_nicobarica.1"
"8","Dasyurus_maculatus","Dasyurus_maculatus.1"
"9","Raphus","Raphus.1"
"10","Diplomesodon_pulchellum","Diplomesodon_pulchellum.1"
"11","Elomeryx_borbonicus_","Elomeryx_borbonicus_.1"
"12","Giraffa_camelopardalis","Giraffa_camelopardalis.1"
"13","Strigiops_habroptilus","Strigiops_habroptilus.2"
"14","Strigiops_habroptilus","Strigiops_habroptilus.3"
"15","Paguma_larvata","Paguma_larvata.2"
"16","Felis_felis","Felis_felis.1"
"17","Rynochetus_jubatus","Rynochetus_jubatus.1"
"18","Microgale_thomasi","Microgale_thomasi.1"
"19","Rattus_rattus","Rattus_rattus.1"
"20","Felis_felis","Felis_felis.2"
"21","Brachyodus_onoideum","Brachyodus_onoideum.1"
"22","Otaria_byronia","Otaria_byronia.1"
"23","Serpianosaurus","Serpianosaurus.1"
"24","Otaria_byronia","Otaria_byronia.2"
"25","Psephoderma","Psephoderma.1"
"26","Placodontia_indet_1","Placodontia_indet_1.1"
"27","Dyrosaurid","Dyrosaurid.1"
"28","Plesiosaurus","Plesiosaurus.1"
"29","Serpianosaurus","Serpianosaurus.2"
"30","Otaria_byronia","Otaria_byronia.3"
"31","Maiacetus","Maiacetus.1"
"32","Spheniscus","Spheniscus.1"
"33","Maiacetus","Maiacetus.2"
"34","Maiacetus","Maiacetus.3"
"35","Phalacrocorax_harrisi","Phalacrocorax_harrisi.1"
"36","Castor_fiber","Castor_fiber.1"
"37","Neusticosaurus","Neusticosaurus.1"
"38","Desmana_moschata","Desmana_moschata.1"
"39","Lutra_vulgaris","Lutra_vulgaris.1"
"40","Desmostylus_hesperus","Desmostylus_hesperus.1"
"41","Castor_fiber","Castor_fiber.2"
"42","Cricosaurus","Cricosaurus.1"
"43","Spinosaurus_","Spinosaurus_.1"
"44","Spinosaurus_","Spinosaurus_.2"
"45","Spinosaurus_","Spinosaurus_.3"
"46","Spinosaurus_","Spinosaurus_.4"
"47","Spinosaurus_","Spinosaurus_.5"
"48","Spinosaurus_","Spinosaurus_.6"
"49","Spinosaurus_","Spinosaurus_.7"
"50","Spinosaurus_","Spinosaurus_.8"
"51","Spinosaurus_","Spinosaurus_.9"
"52","Spinosaurus_","Spinosaurus_.10"
"53","Spinosaurus_","Spinosaurus_.11"
"54","Suchomimus","Suchomimus.1"
"55","Suchomimus","Suchomimus.2"
"56","Suchomimus","Suchomimus.3"
"57","Baryonyx","Baryonyx.1"
"58","Baryonyx","Baryonyx.2"
"59","Baryonyx","Baryonyx.3"
 
* Phylo tree and the main data and strata files have been modified to include duplicated taxa before the scaled random trees are generated.
* Selected categorical labels column: diving.or.not
* diving.or.equal column is identical to Diving column.
* Regression excludes flying taxa.
* Diving labels that are present in regression: 0,2
* lambda (calculated from a random tree) = : 0.06
* index-name alignment check: OK
