Logfile for a session of program: bootstrap_binary.r
-----------------------------------------------------
INPUT:
workDir: C:/dino_nature/output/2023-11-07-D1\bs/set_1568
Nbootstrapsets: 2000
phyloFDAfile: c:/dino_nature/code/phylo.fda.R
auxFile: c:/dino_nature/code/auxiliary.r
boneType: femur
regressionData.file: C:/dino_nature/output/2023-11-07-D1\bs/set_1568/femur_set_1568.csv
applyDataFilter: FALSE
addTreeTips: TRUE
Ntrees: 100
calculateTrees: TRUE
saveTrees: FALSE


OPERATIONAL CHECKS:
* Regression data contains multiple copies of some taxa (user added variants of existing test taxa 
   or replacements due to bootstrap are present) which are not in the phylo tree:
     original taxon,   duplicate   
"1","Elomeryx_borbonicus_","Elomeryx_borbonicus_.1"
"2","Sus_scrofa","Sus_scrofa.1"
"3","Rhynchocyon_petersi","Rhynchocyon_petersi.1"
"4","Xenicus_giliventris","Xenicus_giliventris.1"
"5","Rhynchocyon_petersi","Rhynchocyon_petersi.2"
"6","Lacerta_viridis","Lacerta_viridis.1"
"7","Rangifer_tarandus","Rangifer_tarandus.1"
"8","Elomeryx_borbonicus_","Elomeryx_borbonicus_.2"
"9","Paguma_larvata","Paguma_larvata.1"
"10","Taxidea_taxus","Taxidea_taxus.1"
"11","Bos_taurus","Bos_taurus.1"
"12","Elomeryx_borbonicus_","Elomeryx_borbonicus_.3"
"13","Monodelphis_domestica","Monodelphis_domestica.1"
"14","Procyon_lotor","Procyon_lotor.1"
"15","Okapia_johnstoni","Okapia_johnstoni.1"
"16","Dama_dama","Dama_dama.1"
"17","Sus_scrofa","Sus_scrofa.2"
"18","Xenicus_giliventris","Xenicus_giliventris.2"
"19","Rynochetus_jubatus","Rynochetus_jubatus.1"
"20","Dicerorhinus_sumatrensis","Dicerorhinus_sumatrensis.1"
"21","Small_Eocene_penguin","Small_Eocene_penguin.1"
"22","Rodhocetus","Rodhocetus.1"
"23","Aptenodytes______","Aptenodytes______.1"
"24","Rodhocetus","Rodhocetus.2"
"25","Ornithorhynchus_anatinus","Ornithorhynchus_anatinus.1"
"26","Chironectes_minimus","Chironectes_minimus.1"
"27","Spheniscus","Spheniscus.1"
"28","Phocanella_pumila","Phocanella_pumila.1"
"29","Placodontia_indet_1","Placodontia_indet_1.1"
"30","Aptenodytes______","Aptenodytes______.2"
"31","Chironectes_minimus","Chironectes_minimus.2"
"32","Phocanella_pumila","Phocanella_pumila.2"
"33","Aptenodytes______","Aptenodytes______.3"
"34","Dyrosaurid","Dyrosaurid.1"
"35","Callophoca_obscura","Callophoca_obscura.1"
"36","Caiman_yacare","Caiman_yacare.1"
"37","Champsosaurus","Champsosaurus.1"
"38","Nothosaurus_giganteus","Nothosaurus_giganteus.1"
"39","Castor_fiber","Castor_fiber.1"
"40","Callophoca_obscura","Callophoca_obscura.2"
"41","Spinosaurus_","Spinosaurus_.1"
"42","Spinosaurus_","Spinosaurus_.2"
"43","Spinosaurus_","Spinosaurus_.3"
"44","Spinosaurus_","Spinosaurus_.4"
"45","Spinosaurus_","Spinosaurus_.5"
"46","Spinosaurus_","Spinosaurus_.6"
"47","Spinosaurus_","Spinosaurus_.7"
"48","Spinosaurus_","Spinosaurus_.8"
"49","Spinosaurus_","Spinosaurus_.9"
"50","Spinosaurus_","Spinosaurus_.10"
"51","Spinosaurus_","Spinosaurus_.11"
"52","Suchomimus","Suchomimus.1"
"53","Suchomimus","Suchomimus.2"
"54","Suchomimus","Suchomimus.3"
"55","Baryonyx","Baryonyx.1"
"56","Baryonyx","Baryonyx.2"
"57","Baryonyx","Baryonyx.3"
 
* Phylo tree and the main data and strata files have been modified to include duplicated taxa before the scaled random trees are generated.
* Selected categorical labels column: diving.or.not
* diving.or.equal column is identical to Diving column.
* Regression excludes flying taxa.
* Diving labels that are present in regression: 0,2
* lambda (calculated from a random tree) = : 0.07
* index-name alignment check: OK
