Logfile for a session of program: bootstrap_binary.r
-----------------------------------------------------
INPUT:
workDir: C:/dino_nature/output/2023-11-07-D1\bs/set_1903
Nbootstrapsets: 2000
phyloFDAfile: c:/dino_nature/code/phylo.fda.R
auxFile: c:/dino_nature/code/auxiliary.r
boneType: femur
regressionData.file: C:/dino_nature/output/2023-11-07-D1\bs/set_1903/femur_set_1903.csv
applyDataFilter: FALSE
addTreeTips: TRUE
Ntrees: 100
calculateTrees: TRUE
saveTrees: FALSE


OPERATIONAL CHECKS:
* Regression data contains multiple copies of some taxa (user added variants of existing test taxa 
   or replacements due to bootstrap are present) which are not in the phylo tree:
     original taxon,   duplicate   
"1","Elomeryx_borbonicus_","Elomeryx_borbonicus_.1"
"2","Sphenodon_punctatus","Sphenodon_punctatus.1"
"3","Elomeryx_borbonicus_","Elomeryx_borbonicus_.2"
"4","Dromaius_","Dromaius_.1"
"5","Dromaius_","Dromaius_.2"
"6","Lama_guanicoe","Lama_guanicoe.1"
"7","Elomeryx_borbonicus_","Elomeryx_borbonicus_.3"
"8","Cephalophus_silvicultor","Cephalophus_silvicultor.1"
"9","Megaloceros_sp","Megaloceros_sp.1"
"10","Dama_dama","Dama_dama.1"
"11","Sus_scrofa","Sus_scrofa.1"
"12","Felis_felis","Felis_felis.1"
"13","Apteryx_owenii_","Apteryx_owenii_.1"
"14","Cephalophus_silvicultor","Cephalophus_silvicultor.2"
"15","Rangifer_tarandus","Rangifer_tarandus.1"
"16","Apteryx_australis","Apteryx_australis.1"
"17","Taxidea_taxus","Taxidea_taxus.1"
"18","Dicerorhinus_sumatrensis","Dicerorhinus_sumatrensis.1"
"19","Mammuthus_sp","Mammuthus_sp.1"
"20","Procavia_capensis","Procavia_capensis.1"
"21","Mustela_nivalis","Mustela_nivalis.1"
"22","Protochampsidae","Protochampsidae.1"
"23","Micropotamogale_euwenzorii","Micropotamogale_euwenzorii.1"
"24","Psephoderma","Psephoderma.1"
"25","Nanophoca_vitulinoides","Nanophoca_vitulinoides.1"
"26","Nothosaurus_150","Nothosaurus_150.1"
"27","Tapirus_terrestris","Tapirus_terrestris.1"
"28","Cricosaurus","Cricosaurus.1"
"29","Alligator","Alligator.1"
"30","Noemys_fodies","Noemys_fodies.1"
"31","Nanophoca_vitulinoides","Nanophoca_vitulinoides.2"
"32","Tapirus_terrestris","Tapirus_terrestris.2"
"33","Simosaurus","Simosaurus.1"
"34","Champsosaurus","Champsosaurus.1"
"35","Champsosaurus","Champsosaurus.2"
"36","Phalacrocorax_harrisi","Phalacrocorax_harrisi.1"
"37","Micropotamogale_euwenzorii","Micropotamogale_euwenzorii.2"
"38","Phalacrocorax_harrisi","Phalacrocorax_harrisi.2"
"39","Small_Eocene_penguin","Small_Eocene_penguin.1"
"40","Ornithorhynchus_anatinus","Ornithorhynchus_anatinus.1"
"41","Hexaprotodon_garyam","Hexaprotodon_garyam.1"
"42","Nothosaurus_mirabilis_1","Nothosaurus_mirabilis_1.1"
"43","Spinosaurus_","Spinosaurus_.1"
"44","Spinosaurus_","Spinosaurus_.2"
"45","Spinosaurus_","Spinosaurus_.3"
"46","Spinosaurus_","Spinosaurus_.4"
"47","Spinosaurus_","Spinosaurus_.5"
"48","Spinosaurus_","Spinosaurus_.6"
"49","Spinosaurus_","Spinosaurus_.7"
"50","Spinosaurus_","Spinosaurus_.8"
"51","Spinosaurus_","Spinosaurus_.9"
"52","Spinosaurus_","Spinosaurus_.10"
"53","Spinosaurus_","Spinosaurus_.11"
"54","Suchomimus","Suchomimus.1"
"55","Suchomimus","Suchomimus.2"
"56","Suchomimus","Suchomimus.3"
"57","Baryonyx","Baryonyx.1"
"58","Baryonyx","Baryonyx.2"
"59","Baryonyx","Baryonyx.3"
 
* Phylo tree and the main data and strata files have been modified to include duplicated taxa before the scaled random trees are generated.
* Selected categorical labels column: diving.or.not
* diving.or.equal column is identical to Diving column.
* Regression excludes flying taxa.
* Diving labels that are present in regression: 0,2
* lambda (calculated from a random tree) = : 0.1
* index-name alignment check: OK
