Logfile for a session of program: bootstrap_binary.r
-----------------------------------------------------
INPUT:
workDir: C:/dino_nature/output/2023-11-07-D1\bs/set_1825
Nbootstrapsets: 2000
phyloFDAfile: c:/dino_nature/code/phylo.fda.R
auxFile: c:/dino_nature/code/auxiliary.r
boneType: femur
regressionData.file: C:/dino_nature/output/2023-11-07-D1\bs/set_1825/femur_set_1825.csv
applyDataFilter: FALSE
addTreeTips: TRUE
Ntrees: 100
calculateTrees: TRUE
saveTrees: FALSE


OPERATIONAL CHECKS:
* Regression data contains multiple copies of some taxa (user added variants of existing test taxa 
   or replacements due to bootstrap are present) which are not in the phylo tree:
     original taxon,   duplicate   
"1","Vulpes_vulpes","Vulpes_vulpes.1"
"2","Vulpes_vulpes","Vulpes_vulpes.2"
"3","Elephas_maximus","Elephas_maximus.1"
"4","Euroscaptor_micrura","Euroscaptor_micrura.1"
"5","Vulpes_vulpes","Vulpes_vulpes.3"
"6","Uncia_uncia","Uncia_uncia.1"
"7","Elephas_maximus","Elephas_maximus.2"
"8","Euroscaptor_micrura","Euroscaptor_micrura.2"
"9","Rhinoceros_sondaicus","Rhinoceros_sondaicus.1"
"10","Pogona_viceps","Pogona_viceps.1"
"11","Paguma_larvata","Paguma_larvata.1"
"12","Lama_guanicoe","Lama_guanicoe.1"
"13","Vulpes_vulpes","Vulpes_vulpes.4"
"14","Ceratotherium_simum","Ceratotherium_simum.1"
"15","Mustela_nivalis","Mustela_nivalis.1"
"16","Caloenas_nicobarica","Caloenas_nicobarica.1"
"17","Elephas_maximus","Elephas_maximus.3"
"18","Ceratotherium_simum","Ceratotherium_simum.2"
"19","Mammuthus_sp","Mammuthus_sp.1"
"20","Paguma_larvata","Paguma_larvata.2"
"21","Palaeospheniscus","Palaeospheniscus.1"
"22","Indohyus","Indohyus.1"
"23","Alligator","Alligator.1"
"24","Simosaurus","Simosaurus.1"
"25","Simosaurus","Simosaurus.2"
"26","Phalacrocorax_harrisi","Phalacrocorax_harrisi.1"
"27","Lutra_vulgaris","Lutra_vulgaris.1"
"28","Palaeospheniscus","Palaeospheniscus.2"
"29","Nothosaurus_568","Nothosaurus_568.1"
"30","Alligator","Alligator.2"
"31","Simosaurus","Simosaurus.3"
"32","Noemys_fodies","Noemys_fodies.1"
"33","Nothosaurus_568","Nothosaurus_568.2"
"34","Noemys_fodies","Noemys_fodies.2"
"35","Indohyus","Indohyus.2"
"36","Lutra_vulgaris","Lutra_vulgaris.2"
"37","Lutra_vulgaris","Lutra_vulgaris.3"
"38","Noemys_fodies","Noemys_fodies.3"
"39","Nothosaurus_568","Nothosaurus_568.3"
"40","Simosaurus_1","Simosaurus_1.1"
"41","Anarosaurus","Anarosaurus.1"
"42","Nothosaurus_568","Nothosaurus_568.4"
"43","Rodhocetus","Rodhocetus.1"
"44","Plesiosaurus","Plesiosaurus.1"
"45","Maiacetus","Maiacetus.1"
"46","Spinosaurus_","Spinosaurus_.1"
"47","Spinosaurus_","Spinosaurus_.2"
"48","Spinosaurus_","Spinosaurus_.3"
"49","Spinosaurus_","Spinosaurus_.4"
"50","Spinosaurus_","Spinosaurus_.5"
"51","Spinosaurus_","Spinosaurus_.6"
"52","Spinosaurus_","Spinosaurus_.7"
"53","Spinosaurus_","Spinosaurus_.8"
"54","Spinosaurus_","Spinosaurus_.9"
"55","Spinosaurus_","Spinosaurus_.10"
"56","Spinosaurus_","Spinosaurus_.11"
"57","Suchomimus","Suchomimus.1"
"58","Suchomimus","Suchomimus.2"
"59","Suchomimus","Suchomimus.3"
"60","Baryonyx","Baryonyx.1"
"61","Baryonyx","Baryonyx.2"
"62","Baryonyx","Baryonyx.3"
 
* Phylo tree and the main data and strata files have been modified to include duplicated taxa before the scaled random trees are generated.
* Selected categorical labels column: diving.or.not
* diving.or.equal column is identical to Diving column.
* Regression excludes flying taxa.
* Diving labels that are present in regression: 0,2
* lambda (calculated from a random tree) = : 0.08
* index-name alignment check: OK
