Logfile for a session of program: bootstrap_binary.r
-----------------------------------------------------
INPUT:
workDir: C:/dino_nature/output/2023-11-07-D1\bs/set_365
Nbootstrapsets: 2000
phyloFDAfile: c:/dino_nature/code/phylo.fda.R
auxFile: c:/dino_nature/code/auxiliary.r
boneType: femur
regressionData.file: C:/dino_nature/output/2023-11-07-D1\bs/set_365/femur_set_365.csv
applyDataFilter: FALSE
addTreeTips: TRUE
Ntrees: 100
calculateTrees: TRUE
saveTrees: FALSE


OPERATIONAL CHECKS:
* Regression data contains multiple copies of some taxa (user added variants of existing test taxa 
   or replacements due to bootstrap are present) which are not in the phylo tree:
     original taxon,   duplicate   
"1","Xenicus_giliventris","Xenicus_giliventris.1"
"2","Dama_dama","Dama_dama.1"
"3","Rangifer_tarandus","Rangifer_tarandus.1"
"4","Sphenodon_punctatus","Sphenodon_punctatus.1"
"5","Rynochetus_jubatus","Rynochetus_jubatus.1"
"6","Syncerus_caffer","Syncerus_caffer.1"
"7","Procavia_capensis","Procavia_capensis.1"
"8","Xenicus_giliventris","Xenicus_giliventris.2"
"9","Tamandua_tetradactyla","Tamandua_tetradactyla.1"
"10","Monodelphis_domestica","Monodelphis_domestica.1"
"11","Raphus","Raphus.1"
"12","Procyon_lotor","Procyon_lotor.1"
"13","Raphus","Raphus.2"
"14","Lama_guanicoe","Lama_guanicoe.1"
"15","Uncia_uncia","Uncia_uncia.1"
"16","Tenrec_ecaudatus","Tenrec_ecaudatus.1"
"17","Tamandua_tetradactyla","Tamandua_tetradactyla.2"
"18","Dama_dama","Dama_dama.2"
"19","Cephalophus_silvicultor","Cephalophus_silvicultor.1"
"20","Strigiops_habroptilus","Strigiops_habroptilus.1"
"21","Paguma_larvata","Paguma_larvata.1"
"22","Champsosaurus","Champsosaurus.1"
"23","Caiman_yacare","Caiman_yacare.1"
"24","Champsosaurus","Champsosaurus.2"
"25","Chironectes_minimus","Chironectes_minimus.1"
"26","Anarosaurus","Anarosaurus.1"
"27","Hexaprotodon_garyam","Hexaprotodon_garyam.1"
"28","Protochampsidae","Protochampsidae.1"
"29","Rhaeticosaurus","Rhaeticosaurus.1"
"30","Plesiosaurus","Plesiosaurus.1"
"31","Tapirus_terrestris","Tapirus_terrestris.1"
"32","Hexaprotodon_garyam","Hexaprotodon_garyam.2"
"33","Placodontia_indet_1","Placodontia_indet_1.1"
"34","Pistosaurus","Pistosaurus.1"
"35","Hesperornis","Hesperornis.1"
"36","Otaria_byronia","Otaria_byronia.1"
"37","Placodontia_indet_1","Placodontia_indet_1.2"
"38","Nothosaurus_102","Nothosaurus_102.1"
"39","Nothosaurus_mirabilis","Nothosaurus_mirabilis.1"
"40","Spinosaurus_","Spinosaurus_.1"
"41","Spinosaurus_","Spinosaurus_.2"
"42","Spinosaurus_","Spinosaurus_.3"
"43","Spinosaurus_","Spinosaurus_.4"
"44","Spinosaurus_","Spinosaurus_.5"
"45","Spinosaurus_","Spinosaurus_.6"
"46","Spinosaurus_","Spinosaurus_.7"
"47","Spinosaurus_","Spinosaurus_.8"
"48","Spinosaurus_","Spinosaurus_.9"
"49","Spinosaurus_","Spinosaurus_.10"
"50","Spinosaurus_","Spinosaurus_.11"
"51","Suchomimus","Suchomimus.1"
"52","Suchomimus","Suchomimus.2"
"53","Suchomimus","Suchomimus.3"
"54","Baryonyx","Baryonyx.1"
"55","Baryonyx","Baryonyx.2"
"56","Baryonyx","Baryonyx.3"
 
* Phylo tree and the main data and strata files have been modified to include duplicated taxa before the scaled random trees are generated.
* Selected categorical labels column: diving.or.not
* diving.or.equal column is identical to Diving column.
* Regression excludes flying taxa.
* Diving labels that are present in regression: 0,2
* lambda (calculated from a random tree) = : 0.1
* index-name alignment check: OK
