Logfile for a session of program: bootstrap_binary.r
-----------------------------------------------------
INPUT:
workDir: C:/dino_nature/output/2023-11-07-D1\bs/set_1378
Nbootstrapsets: 2000
phyloFDAfile: c:/dino_nature/code/phylo.fda.R
auxFile: c:/dino_nature/code/auxiliary.r
boneType: femur
regressionData.file: C:/dino_nature/output/2023-11-07-D1\bs/set_1378/femur_set_1378.csv
applyDataFilter: FALSE
addTreeTips: TRUE
Ntrees: 100
calculateTrees: TRUE
saveTrees: FALSE


OPERATIONAL CHECKS:
* Regression data contains multiple copies of some taxa (user added variants of existing test taxa 
   or replacements due to bootstrap are present) which are not in the phylo tree:
     original taxon,   duplicate   
"1","Megaloceros_sp","Megaloceros_sp.1"
"2","Megaloceros_sp","Megaloceros_sp.2"
"3","Dromaius_","Dromaius_.1"
"4","Apteryx_australis","Apteryx_australis.1"
"5","Taxidea_taxus","Taxidea_taxus.1"
"6","Apteryx_owenii_","Apteryx_owenii_.1"
"7","Bos_taurus","Bos_taurus.1"
"8","Alces_americanus","Alces_americanus.1"
"9","Procyon_lotor","Procyon_lotor.1"
"10","Myrmecophaga_tridactyla","Myrmecophaga_tridactyla.1"
"11","Dasyurus_maculatus","Dasyurus_maculatus.1"
"12","Taxidea_taxus","Taxidea_taxus.2"
"13","Dama_dama","Dama_dama.1"
"14","Alces_americanus","Alces_americanus.2"
"15","Megaloceros_sp","Megaloceros_sp.3"
"16","Taxidea_taxus","Taxidea_taxus.3"
"17","Diplomesodon_pulchellum","Diplomesodon_pulchellum.1"
"18","Vulpes_vulpes","Vulpes_vulpes.1"
"19","Raphus","Raphus.1"
"20","Diplomesodon_pulchellum","Diplomesodon_pulchellum.2"
"21","Apteryx_owenii_","Apteryx_owenii_.2"
"22","Vulpes_vulpes","Vulpes_vulpes.2"
"23","Atlantisia_rogersi","Atlantisia_rogersi.1"
"24","Lama_guanicoe","Lama_guanicoe.1"
"25","Apteryx_owenii_","Apteryx_owenii_.3"
"26","Ceratotherium_simum","Ceratotherium_simum.1"
"27","Apteryx_australis","Apteryx_australis.2"
"28","Neusticosaurus","Neusticosaurus.1"
"29","Micropotamogale_euwenzorii","Micropotamogale_euwenzorii.1"
"30","Palaeospheniscus","Palaeospheniscus.1"
"31","Ornithorhynchus_anatinus","Ornithorhynchus_anatinus.1"
"32","Nothosaurus_mirabilis_1","Nothosaurus_mirabilis_1.1"
"33","Rhaeticosaurus","Rhaeticosaurus.1"
"34","Simosaurus_1","Simosaurus_1.1"
"35","Rodhocetus","Rodhocetus.1"
"36","Leptophoca_proxima","Leptophoca_proxima.1"
"37","Aptenodytes______","Aptenodytes______.1"
"38","Caiman_yacare","Caiman_yacare.1"
"39","Simosaurus_1","Simosaurus_1.2"
"40","Dyrosaurid","Dyrosaurid.1"
"41","Protochampsidae","Protochampsidae.1"
"42","Callophoca_obscura","Callophoca_obscura.1"
"43","Cryptoclidus","Cryptoclidus.1"
"44","Ornithorhynchus_anatinus","Ornithorhynchus_anatinus.2"
"45","Placondontia_indet","Placondontia_indet.1"
"46","Chapsosaurus_","Chapsosaurus_.1"
"47","Rhaeticosaurus","Rhaeticosaurus.2"
"48","Phalacrocorax_harrisi","Phalacrocorax_harrisi.1"
"49","Micropotamogale_euwenzorii","Micropotamogale_euwenzorii.2"
"50","Spinosaurus_","Spinosaurus_.1"
"51","Spinosaurus_","Spinosaurus_.2"
"52","Spinosaurus_","Spinosaurus_.3"
"53","Spinosaurus_","Spinosaurus_.4"
"54","Spinosaurus_","Spinosaurus_.5"
"55","Spinosaurus_","Spinosaurus_.6"
"56","Spinosaurus_","Spinosaurus_.7"
"57","Spinosaurus_","Spinosaurus_.8"
"58","Spinosaurus_","Spinosaurus_.9"
"59","Spinosaurus_","Spinosaurus_.10"
"60","Spinosaurus_","Spinosaurus_.11"
"61","Suchomimus","Suchomimus.1"
"62","Suchomimus","Suchomimus.2"
"63","Suchomimus","Suchomimus.3"
"64","Baryonyx","Baryonyx.1"
"65","Baryonyx","Baryonyx.2"
"66","Baryonyx","Baryonyx.3"
 
* Phylo tree and the main data and strata files have been modified to include duplicated taxa before the scaled random trees are generated.
* Selected categorical labels column: diving.or.not
* diving.or.equal column is identical to Diving column.
* Regression excludes flying taxa.
* Diving labels that are present in regression: 0,2
* lambda (calculated from a random tree) = : 0.11
* index-name alignment check: OK
