Logfile for a session of program: bootstrap_binary.r
-----------------------------------------------------
INPUT:
workDir: C:/dino_nature/output/2023-11-07-D1\bs/set_1360
Nbootstrapsets: 2000
phyloFDAfile: c:/dino_nature/code/phylo.fda.R
auxFile: c:/dino_nature/code/auxiliary.r
boneType: femur
regressionData.file: C:/dino_nature/output/2023-11-07-D1\bs/set_1360/femur_set_1360.csv
applyDataFilter: FALSE
addTreeTips: TRUE
Ntrees: 100
calculateTrees: TRUE
saveTrees: FALSE


OPERATIONAL CHECKS:
* Regression data contains multiple copies of some taxa (user added variants of existing test taxa 
   or replacements due to bootstrap are present) which are not in the phylo tree:
     original taxon,   duplicate   
"1","Elomeryx_borbonicus_","Elomeryx_borbonicus_.1"
"2","Elephas_maximus","Elephas_maximus.1"
"3","Sphenodon_punctatus","Sphenodon_punctatus.1"
"4","Megaloceros_sp","Megaloceros_sp.1"
"5","Euroscaptor_micrura","Euroscaptor_micrura.1"
"6","Okapia_johnstoni","Okapia_johnstoni.1"
"7","Euroscaptor_micrura","Euroscaptor_micrura.2"
"8","Giraffa_camelopardalis","Giraffa_camelopardalis.1"
"9","Euroscaptor_micrura","Euroscaptor_micrura.3"
"10","Lacerta_viridis","Lacerta_viridis.1"
"11","Dicerorhinus_sumatrensis","Dicerorhinus_sumatrensis.1"
"12","Capreolus_capreolus","Capreolus_capreolus.1"
"13","Euroscaptor_micrura","Euroscaptor_micrura.4"
"14","Elomeryx_borbonicus_","Elomeryx_borbonicus_.2"
"15","Brachyodus_onoideum","Brachyodus_onoideum.1"
"16","Monodelphis_domestica","Monodelphis_domestica.1"
"17","Dasyurus_maculatus","Dasyurus_maculatus.1"
"18","Megaloceros_sp","Megaloceros_sp.2"
"19","Lacerta_viridis","Lacerta_viridis.2"
"20","Microgale_thomasi","Microgale_thomasi.1"
"21","Procyon_lotor","Procyon_lotor.1"
"22","Microgale_thomasi","Microgale_thomasi.2"
"23","Procyon_lotor","Procyon_lotor.2"
"24","Nothosaurus_mirabilis_1","Nothosaurus_mirabilis_1.1"
"25","Ichtyosaurus_","Ichtyosaurus_.1"
"26","Phocanella_pumila","Phocanella_pumila.1"
"27","Metryorhynchus","Metryorhynchus.1"
"28","Placondontia_indet","Placondontia_indet.1"
"29","Maiacetus","Maiacetus.1"
"30","Choeropsis_liberiensis","Choeropsis_liberiensis.1"
"31","Ichtyosaurus_","Ichtyosaurus_.2"
"32","Desmana_moschata","Desmana_moschata.1"
"33","Phocanella_pumila","Phocanella_pumila.2"
"34","Leptophoca_proxima","Leptophoca_proxima.1"
"35","Alligator","Alligator.1"
"36","Maiacetus","Maiacetus.2"
"37","Desmostylus_hesperus","Desmostylus_hesperus.1"
"38","Nothosaurus_568","Nothosaurus_568.1"
"39","Nothosaurus_giganteus","Nothosaurus_giganteus.1"
"40","Desmana_moschata","Desmana_moschata.2"
"41","Protochampsidae","Protochampsidae.1"
"42","Chironectes_minimus","Chironectes_minimus.1"
"43","Dyrosaurid","Dyrosaurid.1"
"44","Phocanella_pumila","Phocanella_pumila.3"
"45","Desmostylus_hesperus","Desmostylus_hesperus.2"
"46","Spinosaurus_","Spinosaurus_.1"
"47","Spinosaurus_","Spinosaurus_.2"
"48","Spinosaurus_","Spinosaurus_.3"
"49","Spinosaurus_","Spinosaurus_.4"
"50","Spinosaurus_","Spinosaurus_.5"
"51","Spinosaurus_","Spinosaurus_.6"
"52","Spinosaurus_","Spinosaurus_.7"
"53","Spinosaurus_","Spinosaurus_.8"
"54","Spinosaurus_","Spinosaurus_.9"
"55","Spinosaurus_","Spinosaurus_.10"
"56","Spinosaurus_","Spinosaurus_.11"
"57","Suchomimus","Suchomimus.1"
"58","Suchomimus","Suchomimus.2"
"59","Suchomimus","Suchomimus.3"
"60","Baryonyx","Baryonyx.1"
"61","Baryonyx","Baryonyx.2"
"62","Baryonyx","Baryonyx.3"
 
* Phylo tree and the main data and strata files have been modified to include duplicated taxa before the scaled random trees are generated.
* Selected categorical labels column: diving.or.not
* diving.or.equal column is identical to Diving column.
* Regression excludes flying taxa.
* Diving labels that are present in regression: 0,2
* lambda (calculated from a random tree) = : 0.09
* index-name alignment check: OK
