Logfile for a session of program: bootstrap_binary.r
-----------------------------------------------------
INPUT:
workDir: C:/dino_nature/output/2023-11-07-D1\bs/set_667
Nbootstrapsets: 2000
phyloFDAfile: c:/dino_nature/code/phylo.fda.R
auxFile: c:/dino_nature/code/auxiliary.r
boneType: femur
regressionData.file: C:/dino_nature/output/2023-11-07-D1\bs/set_667/femur_set_667.csv
applyDataFilter: FALSE
addTreeTips: TRUE
Ntrees: 100
calculateTrees: TRUE
saveTrees: FALSE


OPERATIONAL CHECKS:
* Regression data contains multiple copies of some taxa (user added variants of existing test taxa 
   or replacements due to bootstrap are present) which are not in the phylo tree:
     original taxon,   duplicate   
"1","Caloenas_nicobarica","Caloenas_nicobarica.1"
"2","Meles_meles","Meles_meles.1"
"3","Porphyrio_hochstetteri","Porphyrio_hochstetteri.1"
"4","Caloenas_nicobarica","Caloenas_nicobarica.2"
"5","Caloenas_nicobarica","Caloenas_nicobarica.3"
"6","Dasyurus_maculatus","Dasyurus_maculatus.1"
"7","Apteryx_australis","Apteryx_australis.1"
"8","Lacerta_viridis","Lacerta_viridis.1"
"9","Caloenas_nicobarica","Caloenas_nicobarica.4"
"10","Meles_meles","Meles_meles.2"
"11","Procavia_capensis","Procavia_capensis.1"
"12","Procyon_lotor","Procyon_lotor.1"
"13","Rattus_rattus","Rattus_rattus.1"
"14","Pogona_viceps","Pogona_viceps.1"
"15","Uncia_uncia","Uncia_uncia.1"
"16","Rhynchocyon_petersi","Rhynchocyon_petersi.1"
"17","Pogona_viceps","Pogona_viceps.2"
"18","Sus_scrofa","Sus_scrofa.1"
"19","Procavia_capensis","Procavia_capensis.2"
"20","Porphyrio_hochstetteri","Porphyrio_hochstetteri.2"
"21","Euroscaptor_micrura","Euroscaptor_micrura.1"
"22","Tribonyx_mortieri","Tribonyx_mortieri.1"
"23","Hexaprotodon_garyam","Hexaprotodon_garyam.1"
"24","Phocanella_pumila","Phocanella_pumila.1"
"25","Rhaeticosaurus","Rhaeticosaurus.1"
"26","Palaeospheniscus","Palaeospheniscus.1"
"27","Noemys_fodies","Noemys_fodies.1"
"28","Placodontia_indet_1","Placodontia_indet_1.1"
"29","Pistosaurus","Pistosaurus.1"
"30","Choeropsis_liberiensis","Choeropsis_liberiensis.1"
"31","Hippopotamus_amphibius","Hippopotamus_amphibius.1"
"32","Placodontia_indet_1","Placodontia_indet_1.2"
"33","Remingtonocetus","Remingtonocetus.1"
"34","Noemys_fodies","Noemys_fodies.2"
"35","Nothosaurus_giganteus","Nothosaurus_giganteus.1"
"36","Plesiosaurus","Plesiosaurus.1"
"37","Phocanella_pumila","Phocanella_pumila.2"
"38","Noemys_fodies","Noemys_fodies.3"
"39","Indohyus","Indohyus.1"
"40","Choeropsis_liberiensis","Choeropsis_liberiensis.2"
"41","Placodontia_indet_1","Placodontia_indet_1.3"
"42","Basilosaurus","Basilosaurus.1"
"43","Neusticosaurus","Neusticosaurus.1"
"44","Nothosaurus_mirabilis_1","Nothosaurus_mirabilis_1.1"
"45","Hippopotamus_amphibius","Hippopotamus_amphibius.2"
"46","Hesperornis","Hesperornis.1"
"47","Spinosaurus_","Spinosaurus_.1"
"48","Spinosaurus_","Spinosaurus_.2"
"49","Spinosaurus_","Spinosaurus_.3"
"50","Spinosaurus_","Spinosaurus_.4"
"51","Spinosaurus_","Spinosaurus_.5"
"52","Spinosaurus_","Spinosaurus_.6"
"53","Spinosaurus_","Spinosaurus_.7"
"54","Spinosaurus_","Spinosaurus_.8"
"55","Spinosaurus_","Spinosaurus_.9"
"56","Spinosaurus_","Spinosaurus_.10"
"57","Spinosaurus_","Spinosaurus_.11"
"58","Suchomimus","Suchomimus.1"
"59","Suchomimus","Suchomimus.2"
"60","Suchomimus","Suchomimus.3"
"61","Baryonyx","Baryonyx.1"
"62","Baryonyx","Baryonyx.2"
"63","Baryonyx","Baryonyx.3"
 
* Phylo tree and the main data and strata files have been modified to include duplicated taxa before the scaled random trees are generated.
* Selected categorical labels column: diving.or.not
* diving.or.equal column is identical to Diving column.
* Regression excludes flying taxa.
* Diving labels that are present in regression: 0,2
* lambda (calculated from a random tree) = : 0.1
* index-name alignment check: OK
