Logfile for a session of program: bootstrap_binary.r
-----------------------------------------------------
INPUT:
workDir: C:/dino_nature/output/2023-11-07-D1\bs/set_1878
Nbootstrapsets: 2000
phyloFDAfile: c:/dino_nature/code/phylo.fda.R
auxFile: c:/dino_nature/code/auxiliary.r
boneType: femur
regressionData.file: C:/dino_nature/output/2023-11-07-D1\bs/set_1878/femur_set_1878.csv
applyDataFilter: FALSE
addTreeTips: TRUE
Ntrees: 100
calculateTrees: TRUE
saveTrees: FALSE


OPERATIONAL CHECKS:
* Regression data contains multiple copies of some taxa (user added variants of existing test taxa 
   or replacements due to bootstrap are present) which are not in the phylo tree:
     original taxon,   duplicate   
"1","Rattus_rattus","Rattus_rattus.1"
"2","Elephas_maximus","Elephas_maximus.1"
"3","Procyon_lotor","Procyon_lotor.1"
"4","Cephalophus_silvicultor","Cephalophus_silvicultor.1"
"5","Procyon_lotor","Procyon_lotor.2"
"6","Felis_felis","Felis_felis.1"
"7","Atlantisia_rogersi","Atlantisia_rogersi.1"
"8","Elephas_maximus","Elephas_maximus.2"
"9","Procavia_capensis","Procavia_capensis.1"
"10","Euroscaptor_micrura","Euroscaptor_micrura.1"
"11","Lama_guanicoe","Lama_guanicoe.1"
"12","Bos_taurus","Bos_taurus.1"
"13","Tamandua_tetradactyla","Tamandua_tetradactyla.1"
"14","Euroscaptor_micrura","Euroscaptor_micrura.2"
"15","Tenrec_ecaudatus","Tenrec_ecaudatus.1"
"16","Strigiops_habroptilus","Strigiops_habroptilus.1"
"17","Pogona_viceps","Pogona_viceps.1"
"18","Rhinoceros_sondaicus","Rhinoceros_sondaicus.1"
"19","Rattus_rattus","Rattus_rattus.2"
"20","Leptophoca_proxima","Leptophoca_proxima.1"
"21","Neusticosaurus","Neusticosaurus.1"
"22","Caiman_yacare","Caiman_yacare.1"
"23","Cryptoclidus","Cryptoclidus.1"
"24","Aptenodytes______","Aptenodytes______.1"
"25","Lutra_vulgaris","Lutra_vulgaris.1"
"26","Hexaprotodon_garyam","Hexaprotodon_garyam.1"
"27","Nothosaurus_mirabilis","Nothosaurus_mirabilis.1"
"28","Caiman_yacare","Caiman_yacare.2"
"29","Small_Eocene_penguin","Small_Eocene_penguin.1"
"30","Protochampsidae","Protochampsidae.1"
"31","Placodontia_indet_1","Placodontia_indet_1.1"
"32","Chironectes_minimus","Chironectes_minimus.1"
"33","Remingtonocetus","Remingtonocetus.1"
"34","Caiman_yacare","Caiman_yacare.3"
"35","Hexaprotodon_garyam","Hexaprotodon_garyam.2"
"36","Chapsosaurus_","Chapsosaurus_.1"
"37","Champsosaurus","Champsosaurus.1"
"38","Lutra_vulgaris","Lutra_vulgaris.2"
"39","Hesperornis","Hesperornis.1"
"40","Metryorhynchus","Metryorhynchus.1"
"41","Lutra_vulgaris","Lutra_vulgaris.3"
"42","Rodhocetus","Rodhocetus.1"
"43","Spinosaurus_","Spinosaurus_.1"
"44","Spinosaurus_","Spinosaurus_.2"
"45","Spinosaurus_","Spinosaurus_.3"
"46","Spinosaurus_","Spinosaurus_.4"
"47","Spinosaurus_","Spinosaurus_.5"
"48","Spinosaurus_","Spinosaurus_.6"
"49","Spinosaurus_","Spinosaurus_.7"
"50","Spinosaurus_","Spinosaurus_.8"
"51","Spinosaurus_","Spinosaurus_.9"
"52","Spinosaurus_","Spinosaurus_.10"
"53","Spinosaurus_","Spinosaurus_.11"
"54","Suchomimus","Suchomimus.1"
"55","Suchomimus","Suchomimus.2"
"56","Suchomimus","Suchomimus.3"
"57","Baryonyx","Baryonyx.1"
"58","Baryonyx","Baryonyx.2"
"59","Baryonyx","Baryonyx.3"
 
* Phylo tree and the main data and strata files have been modified to include duplicated taxa before the scaled random trees are generated.
* Selected categorical labels column: diving.or.not
* diving.or.equal column is identical to Diving column.
* Regression excludes flying taxa.
* Diving labels that are present in regression: 0,2
* lambda (calculated from a random tree) = : 0.09
* index-name alignment check: OK
