Logfile for a session of program: bootstrap_binary.r
-----------------------------------------------------
INPUT:
workDir: C:/dino_nature/output/2023-11-07-D1\bs/set_1383
Nbootstrapsets: 2000
phyloFDAfile: c:/dino_nature/code/phylo.fda.R
auxFile: c:/dino_nature/code/auxiliary.r
boneType: femur
regressionData.file: C:/dino_nature/output/2023-11-07-D1\bs/set_1383/femur_set_1383.csv
applyDataFilter: FALSE
addTreeTips: TRUE
Ntrees: 100
calculateTrees: TRUE
saveTrees: FALSE


OPERATIONAL CHECKS:
* Regression data contains multiple copies of some taxa (user added variants of existing test taxa 
   or replacements due to bootstrap are present) which are not in the phylo tree:
     original taxon,   duplicate   
"1","Bison_bonasus","Bison_bonasus.1"
"2","Lama_guanicoe","Lama_guanicoe.1"
"3","Monodelphis_domestica","Monodelphis_domestica.1"
"4","Vulpes_vulpes","Vulpes_vulpes.1"
"5","Tamandua_tetradactyla","Tamandua_tetradactyla.1"
"6","Mustela_nivalis","Mustela_nivalis.1"
"7","Rattus_rattus","Rattus_rattus.1"
"8","Elomeryx_borbonicus_","Elomeryx_borbonicus_.1"
"9","Rattus_rattus","Rattus_rattus.2"
"10","Monodelphis_domestica","Monodelphis_domestica.2"
"11","Tenrec_ecaudatus","Tenrec_ecaudatus.1"
"12","Lama_guanicoe","Lama_guanicoe.2"
"13","Caloenas_nicobarica","Caloenas_nicobarica.1"
"14","Alces_americanus","Alces_americanus.1"
"15","Strigiops_habroptilus","Strigiops_habroptilus.1"
"16","Tenrec_ecaudatus","Tenrec_ecaudatus.2"
"17","Apteryx_australis","Apteryx_australis.1"
"18","Apteryx_owenii_","Apteryx_owenii_.1"
"19","Tribonyx_mortieri","Tribonyx_mortieri.1"
"20","Mustela_nivalis","Mustela_nivalis.2"
"21","Hesperornis","Hesperornis.1"
"22","Anarosaurus","Anarosaurus.1"
"23","Lutra_vulgaris","Lutra_vulgaris.1"
"24","Simosaurus_1","Simosaurus_1.1"
"25","Aptenodytes______","Aptenodytes______.1"
"26","Aptenodytes______","Aptenodytes______.2"
"27","Small_Eocene_penguin","Small_Eocene_penguin.1"
"28","Basilosaurus","Basilosaurus.1"
"29","Simosaurus_1","Simosaurus_1.2"
"30","Simosaurus","Simosaurus.1"
"31","Phocanella_pumila","Phocanella_pumila.1"
"32","Simosaurus","Simosaurus.2"
"33","Anarosaurus","Anarosaurus.2"
"34","Placodontia_indet_1","Placodontia_indet_1.1"
"35","Phalacrocorax_harrisi","Phalacrocorax_harrisi.1"
"36","Ichtyosaurus_","Ichtyosaurus_.1"
"37","Chapsosaurus_","Chapsosaurus_.1"
"38","Maiacetus","Maiacetus.1"
"39","Neusticosaurus","Neusticosaurus.1"
"40","Placodontia_indet_1","Placodontia_indet_1.2"
"41","Nothosaurus_giganteus","Nothosaurus_giganteus.1"
"42","Placodontia_indet_1","Placodontia_indet_1.3"
"43","Spinosaurus_","Spinosaurus_.1"
"44","Spinosaurus_","Spinosaurus_.2"
"45","Spinosaurus_","Spinosaurus_.3"
"46","Spinosaurus_","Spinosaurus_.4"
"47","Spinosaurus_","Spinosaurus_.5"
"48","Spinosaurus_","Spinosaurus_.6"
"49","Spinosaurus_","Spinosaurus_.7"
"50","Spinosaurus_","Spinosaurus_.8"
"51","Spinosaurus_","Spinosaurus_.9"
"52","Spinosaurus_","Spinosaurus_.10"
"53","Spinosaurus_","Spinosaurus_.11"
"54","Suchomimus","Suchomimus.1"
"55","Suchomimus","Suchomimus.2"
"56","Suchomimus","Suchomimus.3"
"57","Baryonyx","Baryonyx.1"
"58","Baryonyx","Baryonyx.2"
"59","Baryonyx","Baryonyx.3"
 
* Phylo tree and the main data and strata files have been modified to include duplicated taxa before the scaled random trees are generated.
* Selected categorical labels column: diving.or.not
* diving.or.equal column is identical to Diving column.
* Regression excludes flying taxa.
* Diving labels that are present in regression: 0,2
* lambda (calculated from a random tree) = : 0.1
* index-name alignment check: OK
