Logfile for a session of program: bootstrap_binary.r
-----------------------------------------------------
INPUT:
workDir: C:/dino_nature/output/2023-11-07-D1\bs/set_1821
Nbootstrapsets: 2000
phyloFDAfile: c:/dino_nature/code/phylo.fda.R
auxFile: c:/dino_nature/code/auxiliary.r
boneType: femur
regressionData.file: C:/dino_nature/output/2023-11-07-D1\bs/set_1821/femur_set_1821.csv
applyDataFilter: FALSE
addTreeTips: TRUE
Ntrees: 100
calculateTrees: TRUE
saveTrees: FALSE


OPERATIONAL CHECKS:
* Regression data contains multiple copies of some taxa (user added variants of existing test taxa 
   or replacements due to bootstrap are present) which are not in the phylo tree:
     original taxon,   duplicate   
"1","Rupicapra_rupicapra","Rupicapra_rupicapra.1"
"2","Tenrec_ecaudatus","Tenrec_ecaudatus.1"
"3","Caloenas_nicobarica","Caloenas_nicobarica.1"
"4","Rupicapra_rupicapra","Rupicapra_rupicapra.2"
"5","Paguma_larvata","Paguma_larvata.1"
"6","Tenrec_ecaudatus","Tenrec_ecaudatus.2"
"7","Lacerta_viridis","Lacerta_viridis.1"
"8","Mammuthus_sp","Mammuthus_sp.1"
"9","Vulpes_vulpes","Vulpes_vulpes.1"
"10","Atlantisia_rogersi","Atlantisia_rogersi.1"
"11","Vulpes_vulpes","Vulpes_vulpes.2"
"12","Apteryx_owenii_","Apteryx_owenii_.1"
"13","Lacerta_viridis","Lacerta_viridis.2"
"14","Procyon_lotor","Procyon_lotor.1"
"15","Capreolus_capreolus","Capreolus_capreolus.1"
"16","Microgale_thomasi","Microgale_thomasi.1"
"17","Tenrec_ecaudatus","Tenrec_ecaudatus.3"
"18","Ceratotherium_simum","Ceratotherium_simum.1"
"19","Euroscaptor_micrura","Euroscaptor_micrura.1"
"20","Tapirus_terrestris","Tapirus_terrestris.1"
"21","Protochampsidae","Protochampsidae.1"
"22","Simosaurus","Simosaurus.1"
"23","Chapsosaurus_","Chapsosaurus_.1"
"24","Simosaurus","Simosaurus.2"
"25","Tapirus_terrestris","Tapirus_terrestris.2"
"26","Nothosaurus_mirabilis","Nothosaurus_mirabilis.1"
"27","Tapirus_terrestris","Tapirus_terrestris.3"
"28","Aptenodytes______","Aptenodytes______.1"
"29","Chapsosaurus_","Chapsosaurus_.2"
"30","Chapsosaurus_","Chapsosaurus_.3"
"31","Spheniscus","Spheniscus.1"
"32","Nothosaurus_mirabilis","Nothosaurus_mirabilis.2"
"33","Rodhocetus","Rodhocetus.1"
"34","Spheniscus","Spheniscus.2"
"35","Simosaurus","Simosaurus.3"
"36","Nothosaurus_giganteus","Nothosaurus_giganteus.1"
"37","Champsosaurus","Champsosaurus.1"
"38","Nanophoca_vitulinoides","Nanophoca_vitulinoides.1"
"39","Protochampsidae","Protochampsidae.2"
"40","Aptenodytes______","Aptenodytes______.2"
"41","Hippopotamus_amphibius","Hippopotamus_amphibius.1"
"42","Caiman_yacare","Caiman_yacare.1"
"43","Nothosaurus_102","Nothosaurus_102.1"
"44","Spinosaurus_","Spinosaurus_.1"
"45","Spinosaurus_","Spinosaurus_.2"
"46","Spinosaurus_","Spinosaurus_.3"
"47","Spinosaurus_","Spinosaurus_.4"
"48","Spinosaurus_","Spinosaurus_.5"
"49","Spinosaurus_","Spinosaurus_.6"
"50","Spinosaurus_","Spinosaurus_.7"
"51","Spinosaurus_","Spinosaurus_.8"
"52","Spinosaurus_","Spinosaurus_.9"
"53","Spinosaurus_","Spinosaurus_.10"
"54","Spinosaurus_","Spinosaurus_.11"
"55","Suchomimus","Suchomimus.1"
"56","Suchomimus","Suchomimus.2"
"57","Suchomimus","Suchomimus.3"
"58","Baryonyx","Baryonyx.1"
"59","Baryonyx","Baryonyx.2"
"60","Baryonyx","Baryonyx.3"
 
* Phylo tree and the main data and strata files have been modified to include duplicated taxa before the scaled random trees are generated.
* Selected categorical labels column: diving.or.not
* diving.or.equal column is identical to Diving column.
* Regression excludes flying taxa.
* Diving labels that are present in regression: 0,2
* lambda (calculated from a random tree) = : 0.11
* index-name alignment check: OK
