Logfile for a session of program: bootstrap_binary.r
-----------------------------------------------------
INPUT:
workDir: C:/dino_nature/output/2023-11-07-D1\bs/set_348
Nbootstrapsets: 2000
phyloFDAfile: c:/dino_nature/code/phylo.fda.R
auxFile: c:/dino_nature/code/auxiliary.r
boneType: femur
regressionData.file: C:/dino_nature/output/2023-11-07-D1\bs/set_348/femur_set_348.csv
applyDataFilter: FALSE
addTreeTips: TRUE
Ntrees: 100
calculateTrees: TRUE
saveTrees: FALSE


OPERATIONAL CHECKS:
* Regression data contains multiple copies of some taxa (user added variants of existing test taxa 
   or replacements due to bootstrap are present) which are not in the phylo tree:
     original taxon,   duplicate   
"1","Procyon_lotor","Procyon_lotor.1"
"2","Meles_meles","Meles_meles.1"
"3","Procavia_capensis","Procavia_capensis.1"
"4","Dama_dama","Dama_dama.1"
"5","Mustela_nivalis","Mustela_nivalis.1"
"6","Rynochetus_jubatus","Rynochetus_jubatus.1"
"7","Dama_dama","Dama_dama.2"
"8","Dasyurus_maculatus","Dasyurus_maculatus.1"
"9","Mustela_nivalis","Mustela_nivalis.2"
"10","Ceratotherium_simum","Ceratotherium_simum.1"
"11","Loxodonta_africana","Loxodonta_africana.1"
"12","Rupicapra_rupicapra","Rupicapra_rupicapra.1"
"13","Dromaius_","Dromaius_.1"
"14","Elephas_maximus","Elephas_maximus.1"
"15","Vulpes_vulpes","Vulpes_vulpes.1"
"16","Lama_guanicoe","Lama_guanicoe.1"
"17","Euroscaptor_micrura","Euroscaptor_micrura.1"
"18","Rupicapra_rupicapra","Rupicapra_rupicapra.2"
"19","Ceratotherium_simum","Ceratotherium_simum.2"
"20","Dasyurus_maculatus","Dasyurus_maculatus.2"
"21","Dromaius_","Dromaius_.2"
"22","Champsosaurus","Champsosaurus.1"
"23","Simosaurus_1","Simosaurus_1.1"
"24","Placodontia_indet_1","Placodontia_indet_1.1"
"25","Serpianosaurus","Serpianosaurus.1"
"26","Neusticosaurus","Neusticosaurus.1"
"27","Ichtyosaur_sp","Ichtyosaur_sp.1"
"28","Paraplacodus","Paraplacodus.1"
"29","Simosaurus","Simosaurus.1"
"30","Champsosaurus","Champsosaurus.2"
"31","Castor_fiber","Castor_fiber.1"
"32","Placondontia_indet","Placondontia_indet.1"
"33","Placondontia_indet","Placondontia_indet.2"
"34","Hexaprotodon_garyam","Hexaprotodon_garyam.1"
"35","Rodhocetus","Rodhocetus.1"
"36","Remingtonocetus","Remingtonocetus.1"
"37","Plesiosaurus","Plesiosaurus.1"
"38","Callophoca_obscura","Callophoca_obscura.1"
"39","Serpianosaurus","Serpianosaurus.2"
"40","Phalacrocorax_harrisi","Phalacrocorax_harrisi.1"
"41","Spinosaurus_","Spinosaurus_.1"
"42","Spinosaurus_","Spinosaurus_.2"
"43","Spinosaurus_","Spinosaurus_.3"
"44","Spinosaurus_","Spinosaurus_.4"
"45","Spinosaurus_","Spinosaurus_.5"
"46","Spinosaurus_","Spinosaurus_.6"
"47","Spinosaurus_","Spinosaurus_.7"
"48","Spinosaurus_","Spinosaurus_.8"
"49","Spinosaurus_","Spinosaurus_.9"
"50","Spinosaurus_","Spinosaurus_.10"
"51","Spinosaurus_","Spinosaurus_.11"
"52","Suchomimus","Suchomimus.1"
"53","Suchomimus","Suchomimus.2"
"54","Suchomimus","Suchomimus.3"
"55","Baryonyx","Baryonyx.1"
"56","Baryonyx","Baryonyx.2"
"57","Baryonyx","Baryonyx.3"
 
* Phylo tree and the main data and strata files have been modified to include duplicated taxa before the scaled random trees are generated.
* Selected categorical labels column: diving.or.not
* diving.or.equal column is identical to Diving column.
* Regression excludes flying taxa.
* Diving labels that are present in regression: 0,2
* lambda (calculated from a random tree) = : 0.1
* index-name alignment check: OK
