Logfile for a session of program: bootstrap_binary.r
-----------------------------------------------------
INPUT:
workDir: C:/dino_nature/output/2023-11-07-D1\bs/set_790
Nbootstrapsets: 2000
phyloFDAfile: c:/dino_nature/code/phylo.fda.R
auxFile: c:/dino_nature/code/auxiliary.r
boneType: femur
regressionData.file: C:/dino_nature/output/2023-11-07-D1\bs/set_790/femur_set_790.csv
applyDataFilter: FALSE
addTreeTips: TRUE
Ntrees: 100
calculateTrees: TRUE
saveTrees: FALSE


OPERATIONAL CHECKS:
* Regression data contains multiple copies of some taxa (user added variants of existing test taxa 
   or replacements due to bootstrap are present) which are not in the phylo tree:
     original taxon,   duplicate   
"1","Tenrec_ecaudatus","Tenrec_ecaudatus.1"
"2","Porphyrio_hochstetteri","Porphyrio_hochstetteri.1"
"3","Bison_bonasus","Bison_bonasus.1"
"4","Tenrec_ecaudatus","Tenrec_ecaudatus.2"
"5","Loxodonta_africana","Loxodonta_africana.1"
"6","Loxodonta_africana","Loxodonta_africana.2"
"7","Vulpes_vulpes","Vulpes_vulpes.1"
"8","Okapia_johnstoni","Okapia_johnstoni.1"
"9","Bos_taurus","Bos_taurus.1"
"10","Microgale_thomasi","Microgale_thomasi.1"
"11","Dicerorhinus_sumatrensis","Dicerorhinus_sumatrensis.1"
"12","Loxodonta_africana","Loxodonta_africana.3"
"13","Diplomesodon_pulchellum","Diplomesodon_pulchellum.1"
"14","Diplomesodon_pulchellum","Diplomesodon_pulchellum.2"
"15","Loxodonta_africana","Loxodonta_africana.4"
"16","Pogona_viceps","Pogona_viceps.1"
"17","Microgale_thomasi","Microgale_thomasi.2"
"18","Lacerta_viridis","Lacerta_viridis.1"
"19","Loxodonta_africana","Loxodonta_africana.5"
"20","Caiman_yacare","Caiman_yacare.1"
"21","Caiman_yacare","Caiman_yacare.2"
"22","Noemys_fodies","Noemys_fodies.1"
"23","Noemys_fodies","Noemys_fodies.2"
"24","Noemys_fodies","Noemys_fodies.3"
"25","Neusticosaurus","Neusticosaurus.1"
"26","Caiman_yacare","Caiman_yacare.3"
"27","Neusticosaurus","Neusticosaurus.2"
"28","Desmana_moschata","Desmana_moschata.1"
"29","Desmostylus_hesperus","Desmostylus_hesperus.1"
"30","Micropotamogale_euwenzorii","Micropotamogale_euwenzorii.1"
"31","Nothosaurus_mirabilis","Nothosaurus_mirabilis.1"
"32","Micropotamogale_euwenzorii","Micropotamogale_euwenzorii.2"
"33","Paraplacodus","Paraplacodus.1"
"34","Plesiosaurus","Plesiosaurus.1"
"35","Spheniscus","Spheniscus.1"
"36","Ichtyosaur_sp","Ichtyosaur_sp.1"
"37","Desmostylus_hesperus","Desmostylus_hesperus.2"
"38","Anarosaurus","Anarosaurus.1"
"39","Noemys_fodies","Noemys_fodies.4"
"40","Ornithorhynchus_anatinus","Ornithorhynchus_anatinus.1"
"41","Spinosaurus_","Spinosaurus_.1"
"42","Spinosaurus_","Spinosaurus_.2"
"43","Spinosaurus_","Spinosaurus_.3"
"44","Spinosaurus_","Spinosaurus_.4"
"45","Spinosaurus_","Spinosaurus_.5"
"46","Spinosaurus_","Spinosaurus_.6"
"47","Spinosaurus_","Spinosaurus_.7"
"48","Spinosaurus_","Spinosaurus_.8"
"49","Spinosaurus_","Spinosaurus_.9"
"50","Spinosaurus_","Spinosaurus_.10"
"51","Spinosaurus_","Spinosaurus_.11"
"52","Suchomimus","Suchomimus.1"
"53","Suchomimus","Suchomimus.2"
"54","Suchomimus","Suchomimus.3"
"55","Baryonyx","Baryonyx.1"
"56","Baryonyx","Baryonyx.2"
"57","Baryonyx","Baryonyx.3"
 
* Phylo tree and the main data and strata files have been modified to include duplicated taxa before the scaled random trees are generated.
* Selected categorical labels column: diving.or.not
* diving.or.equal column is identical to Diving column.
* Regression excludes flying taxa.
* Diving labels that are present in regression: 0,2
* lambda (calculated from a random tree) = : 0.09
* index-name alignment check: OK
