Logfile for a session of program: bootstrap_binary.r
-----------------------------------------------------
INPUT:
workDir: C:/dino_nature/output/2023-11-07-D1\bs/set_1178
Nbootstrapsets: 2000
phyloFDAfile: c:/dino_nature/code/phylo.fda.R
auxFile: c:/dino_nature/code/auxiliary.r
boneType: femur
regressionData.file: C:/dino_nature/output/2023-11-07-D1\bs/set_1178/femur_set_1178.csv
applyDataFilter: FALSE
addTreeTips: TRUE
Ntrees: 100
calculateTrees: TRUE
saveTrees: FALSE


OPERATIONAL CHECKS:
* Regression data contains multiple copies of some taxa (user added variants of existing test taxa 
   or replacements due to bootstrap are present) which are not in the phylo tree:
     original taxon,   duplicate   
"1","Microgale_thomasi","Microgale_thomasi.1"
"2","Procavia_capensis","Procavia_capensis.1"
"3","Porphyrio_hochstetteri","Porphyrio_hochstetteri.1"
"4","Microgale_thomasi","Microgale_thomasi.2"
"5","Monodelphis_domestica","Monodelphis_domestica.1"
"6","Capreolus_capreolus","Capreolus_capreolus.1"
"7","Apteryx_owenii_","Apteryx_owenii_.1"
"8","Mammuthus_sp","Mammuthus_sp.1"
"9","Megaloceros_sp","Megaloceros_sp.1"
"10","Ceratotherium_simum","Ceratotherium_simum.1"
"11","Apteryx_owenii_","Apteryx_owenii_.2"
"12","Apteryx_owenii_","Apteryx_owenii_.3"
"13","Rynochetus_jubatus","Rynochetus_jubatus.1"
"14","Dromaius_","Dromaius_.1"
"15","Xenicus_giliventris","Xenicus_giliventris.1"
"16","Indohyus","Indohyus.1"
"17","Ornithorhynchus_anatinus","Ornithorhynchus_anatinus.1"
"18","Serpianosaurus","Serpianosaurus.1"
"19","Noemys_fodies","Noemys_fodies.1"
"20","Simosaurus","Simosaurus.1"
"21","Nothosaurus_mirabilis","Nothosaurus_mirabilis.1"
"22","Protochampsidae","Protochampsidae.1"
"23","Cryptoclidus","Cryptoclidus.1"
"24","Noemys_fodies","Noemys_fodies.2"
"25","Desmana_moschata","Desmana_moschata.1"
"26","Nothosaurus_mirabilis_1","Nothosaurus_mirabilis_1.1"
"27","Cryptoclidus","Cryptoclidus.2"
"28","Nothosaurus_150","Nothosaurus_150.1"
"29","Neusticosaurus","Neusticosaurus.1"
"30","Desmostylus_hesperus","Desmostylus_hesperus.1"
"31","Cryptoclidus","Cryptoclidus.3"
"32","Ichtyosaur_sp","Ichtyosaur_sp.1"
"33","Spinosaurus_","Spinosaurus_.1"
"34","Spinosaurus_","Spinosaurus_.2"
"35","Spinosaurus_","Spinosaurus_.3"
"36","Spinosaurus_","Spinosaurus_.4"
"37","Spinosaurus_","Spinosaurus_.5"
"38","Spinosaurus_","Spinosaurus_.6"
"39","Spinosaurus_","Spinosaurus_.7"
"40","Spinosaurus_","Spinosaurus_.8"
"41","Spinosaurus_","Spinosaurus_.9"
"42","Spinosaurus_","Spinosaurus_.10"
"43","Spinosaurus_","Spinosaurus_.11"
"44","Suchomimus","Suchomimus.1"
"45","Suchomimus","Suchomimus.2"
"46","Suchomimus","Suchomimus.3"
"47","Baryonyx","Baryonyx.1"
"48","Baryonyx","Baryonyx.2"
"49","Baryonyx","Baryonyx.3"
 
* Phylo tree and the main data and strata files have been modified to include duplicated taxa before the scaled random trees are generated.
* Selected categorical labels column: diving.or.not
* diving.or.equal column is identical to Diving column.
* Regression excludes flying taxa.
* Diving labels that are present in regression: 0,2
* lambda (calculated from a random tree) = : 0.08
* index-name alignment check: OK
