Logfile for a session of program: bootstrap_binary.r
-----------------------------------------------------
INPUT:
workDir: C:/dino_nature/output/2023-11-07-D1\bs/set_221
Nbootstrapsets: 2000
phyloFDAfile: c:/dino_nature/code/phylo.fda.R
auxFile: c:/dino_nature/code/auxiliary.r
boneType: femur
regressionData.file: C:/dino_nature/output/2023-11-07-D1\bs/set_221/femur_set_221.csv
applyDataFilter: FALSE
addTreeTips: TRUE
Ntrees: 100
calculateTrees: TRUE
saveTrees: FALSE


OPERATIONAL CHECKS:
* Regression data contains multiple copies of some taxa (user added variants of existing test taxa 
   or replacements due to bootstrap are present) which are not in the phylo tree:
     original taxon,   duplicate   
"1","Cephalophus_silvicultor","Cephalophus_silvicultor.1"
"2","Paguma_larvata","Paguma_larvata.1"
"3","Tribonyx_mortieri","Tribonyx_mortieri.1"
"4","Sus_scrofa","Sus_scrofa.1"
"5","Vulpes_vulpes","Vulpes_vulpes.1"
"6","Apteryx_owenii_","Apteryx_owenii_.1"
"7","Brachyodus_onoideum","Brachyodus_onoideum.1"
"8","Nyctereutes_procyonoides","Nyctereutes_procyonoides.1"
"9","Vulpes_vulpes","Vulpes_vulpes.2"
"10","Dicerorhinus_sumatrensis","Dicerorhinus_sumatrensis.1"
"11","Taxidea_taxus","Taxidea_taxus.1"
"12","Rattus_rattus","Rattus_rattus.1"
"13","Dromaius_","Dromaius_.1"
"14","Atlantisia_rogersi","Atlantisia_rogersi.1"
"15","Dromaius_","Dromaius_.2"
"16","Elomeryx_borbonicus_","Elomeryx_borbonicus_.1"
"17","Giraffa_camelopardalis","Giraffa_camelopardalis.1"
"18","Elephas_maximus","Elephas_maximus.1"
"19","Elomeryx_borbonicus_","Elomeryx_borbonicus_.2"
"20","Mammuthus_sp","Mammuthus_sp.1"
"21","Rhinoceros_sondaicus","Rhinoceros_sondaicus.1"
"22","Tribonyx_mortieri","Tribonyx_mortieri.2"
"23","Hexaprotodon_garyam","Hexaprotodon_garyam.1"
"24","Lutra_vulgaris","Lutra_vulgaris.1"
"25","Nothosaurus_mirabilis_1","Nothosaurus_mirabilis_1.1"
"26","Choeropsis_liberiensis","Choeropsis_liberiensis.1"
"27","Hydromys_chrysogaster","Hydromys_chrysogaster.1"
"28","Palaeospheniscus","Palaeospheniscus.1"
"29","Dyrosaurid","Dyrosaurid.1"
"30","Leptophoca_proxima","Leptophoca_proxima.1"
"31","Castor_fiber","Castor_fiber.1"
"32","Protochampsidae","Protochampsidae.1"
"33","Desmana_moschata","Desmana_moschata.1"
"34","Desmostylus_hesperus","Desmostylus_hesperus.1"
"35","Protochampsidae","Protochampsidae.2"
"36","Desmostylus_hesperus","Desmostylus_hesperus.2"
"37","Neusticosaurus","Neusticosaurus.1"
"38","Placodontia_indet_1","Placodontia_indet_1.1"
"39","Serpianosaurus","Serpianosaurus.1"
"40","Castor_fiber","Castor_fiber.2"
"41","Alligator","Alligator.1"
"42","Pistosaurus","Pistosaurus.1"
"43","Chironectes_minimus","Chironectes_minimus.1"
"44","Remingtonocetus","Remingtonocetus.1"
"45","Ichtyosaur_sp","Ichtyosaur_sp.1"
"46","Palaeospheniscus","Palaeospheniscus.2"
"47","Hippopotamus_amphibius","Hippopotamus_amphibius.1"
"48","Spinosaurus_","Spinosaurus_.1"
"49","Spinosaurus_","Spinosaurus_.2"
"50","Spinosaurus_","Spinosaurus_.3"
"51","Spinosaurus_","Spinosaurus_.4"
"52","Spinosaurus_","Spinosaurus_.5"
"53","Spinosaurus_","Spinosaurus_.6"
"54","Spinosaurus_","Spinosaurus_.7"
"55","Spinosaurus_","Spinosaurus_.8"
"56","Spinosaurus_","Spinosaurus_.9"
"57","Spinosaurus_","Spinosaurus_.10"
"58","Spinosaurus_","Spinosaurus_.11"
"59","Suchomimus","Suchomimus.1"
"60","Suchomimus","Suchomimus.2"
"61","Suchomimus","Suchomimus.3"
"62","Baryonyx","Baryonyx.1"
"63","Baryonyx","Baryonyx.2"
"64","Baryonyx","Baryonyx.3"
 
* Phylo tree and the main data and strata files have been modified to include duplicated taxa before the scaled random trees are generated.
* Selected categorical labels column: diving.or.not
* diving.or.equal column is identical to Diving column.
* Regression excludes flying taxa.
* Diving labels that are present in regression: 0,2
* lambda (calculated from a random tree) = : 0.08
* index-name alignment check: OK
