Logfile for a session of program: bootstrap_binary.r
-----------------------------------------------------
INPUT:
workDir: C:/dino_nature/output/2023-11-07-D1\bs/set_1239
Nbootstrapsets: 2000
phyloFDAfile: c:/dino_nature/code/phylo.fda.R
auxFile: c:/dino_nature/code/auxiliary.r
boneType: femur
regressionData.file: C:/dino_nature/output/2023-11-07-D1\bs/set_1239/femur_set_1239.csv
applyDataFilter: FALSE
addTreeTips: TRUE
Ntrees: 100
calculateTrees: TRUE
saveTrees: FALSE


OPERATIONAL CHECKS:
* Regression data contains multiple copies of some taxa (user added variants of existing test taxa 
   or replacements due to bootstrap are present) which are not in the phylo tree:
     original taxon,   duplicate   
"1","Rangifer_tarandus","Rangifer_tarandus.1"
"2","Bison_bonasus","Bison_bonasus.1"
"3","Meles_meles","Meles_meles.1"
"4","Mus_musculus","Mus_musculus.1"
"5","Rangifer_tarandus","Rangifer_tarandus.2"
"6","Taxidea_taxus","Taxidea_taxus.1"
"7","Cephalophus_silvicultor","Cephalophus_silvicultor.1"
"8","Tribonyx_mortieri","Tribonyx_mortieri.1"
"9","Euroscaptor_micrura","Euroscaptor_micrura.1"
"10","Rangifer_tarandus","Rangifer_tarandus.3"
"11","Porphyrio_hochstetteri","Porphyrio_hochstetteri.1"
"12","Taxidea_taxus","Taxidea_taxus.2"
"13","Microgale_thomasi","Microgale_thomasi.1"
"14","Caloenas_nicobarica","Caloenas_nicobarica.1"
"15","Rupicapra_rupicapra","Rupicapra_rupicapra.1"
"16","Cephalophus_silvicultor","Cephalophus_silvicultor.2"
"17","Microgale_thomasi","Microgale_thomasi.2"
"18","Elomeryx_borbonicus_","Elomeryx_borbonicus_.1"
"19","Mus_musculus","Mus_musculus.2"
"20","Lama_guanicoe","Lama_guanicoe.1"
"21","Capreolus_capreolus","Capreolus_capreolus.1"
"22","Rhynchocyon_petersi","Rhynchocyon_petersi.1"
"23","Aptenodytes______","Aptenodytes______.1"
"24","Desmostylus_hesperus","Desmostylus_hesperus.1"
"25","Hydromys_chrysogaster","Hydromys_chrysogaster.1"
"26","Hydromys_chrysogaster","Hydromys_chrysogaster.2"
"27","Castor_fiber","Castor_fiber.1"
"28","Phocanella_pumila","Phocanella_pumila.1"
"29","Palaeospheniscus","Palaeospheniscus.1"
"30","Lutra_vulgaris","Lutra_vulgaris.1"
"31","Protochampsidae","Protochampsidae.1"
"32","Desmostylus_hesperus","Desmostylus_hesperus.2"
"33","Phalacrocorax_harrisi","Phalacrocorax_harrisi.1"
"34","Desmana_moschata","Desmana_moschata.1"
"35","Hydromys_chrysogaster","Hydromys_chrysogaster.3"
"36","Phocanella_pumila","Phocanella_pumila.2"
"37","Chapsosaurus_","Chapsosaurus_.1"
"38","Desmostylus_hesperus","Desmostylus_hesperus.3"
"39","Desmana_moschata","Desmana_moschata.2"
"40","Desmostylus_hesperus","Desmostylus_hesperus.4"
"41","Alligator","Alligator.1"
"42","Rodhocetus","Rodhocetus.1"
"43","Castor_fiber","Castor_fiber.2"
"44","Rodhocetus","Rodhocetus.2"
"45","Spinosaurus_","Spinosaurus_.1"
"46","Spinosaurus_","Spinosaurus_.2"
"47","Spinosaurus_","Spinosaurus_.3"
"48","Spinosaurus_","Spinosaurus_.4"
"49","Spinosaurus_","Spinosaurus_.5"
"50","Spinosaurus_","Spinosaurus_.6"
"51","Spinosaurus_","Spinosaurus_.7"
"52","Spinosaurus_","Spinosaurus_.8"
"53","Spinosaurus_","Spinosaurus_.9"
"54","Spinosaurus_","Spinosaurus_.10"
"55","Spinosaurus_","Spinosaurus_.11"
"56","Suchomimus","Suchomimus.1"
"57","Suchomimus","Suchomimus.2"
"58","Suchomimus","Suchomimus.3"
"59","Baryonyx","Baryonyx.1"
"60","Baryonyx","Baryonyx.2"
"61","Baryonyx","Baryonyx.3"
 
* Phylo tree and the main data and strata files have been modified to include duplicated taxa before the scaled random trees are generated.
* Selected categorical labels column: diving.or.not
* diving.or.equal column is identical to Diving column.
* Regression excludes flying taxa.
* Diving labels that are present in regression: 0,2
* lambda (calculated from a random tree) = : 0.07
* index-name alignment check: OK
