Logfile for a session of program: bootstrap_binary.r
-----------------------------------------------------
INPUT:
workDir: C:/dino_nature/output/2023-11-07-D1\bs/set_1208
Nbootstrapsets: 2000
phyloFDAfile: c:/dino_nature/code/phylo.fda.R
auxFile: c:/dino_nature/code/auxiliary.r
boneType: femur
regressionData.file: C:/dino_nature/output/2023-11-07-D1\bs/set_1208/femur_set_1208.csv
applyDataFilter: FALSE
addTreeTips: TRUE
Ntrees: 100
calculateTrees: TRUE
saveTrees: FALSE


OPERATIONAL CHECKS:
* Regression data contains multiple copies of some taxa (user added variants of existing test taxa 
   or replacements due to bootstrap are present) which are not in the phylo tree:
     original taxon,   duplicate   
"1","Ceratotherium_simum","Ceratotherium_simum.1"
"2","Okapia_johnstoni","Okapia_johnstoni.1"
"3","Uncia_uncia","Uncia_uncia.1"
"4","Okapia_johnstoni","Okapia_johnstoni.2"
"5","Cephalophus_silvicultor","Cephalophus_silvicultor.1"
"6","Felis_felis","Felis_felis.1"
"7","Paguma_larvata","Paguma_larvata.1"
"8","Dasyurus_maculatus","Dasyurus_maculatus.1"
"9","Capreolus_capreolus","Capreolus_capreolus.1"
"10","Uncia_uncia","Uncia_uncia.2"
"11","Okapia_johnstoni","Okapia_johnstoni.3"
"12","Bos_taurus","Bos_taurus.1"
"13","Mammuthus_sp","Mammuthus_sp.1"
"14","Uncia_uncia","Uncia_uncia.3"
"15","Uncia_uncia","Uncia_uncia.4"
"16","Dromaius_","Dromaius_.1"
"17","Apteryx_australis","Apteryx_australis.1"
"18","Paguma_larvata","Paguma_larvata.2"
"19","Giraffa_camelopardalis","Giraffa_camelopardalis.1"
"20","Tenrec_ecaudatus","Tenrec_ecaudatus.1"
"21","Remingtonocetus","Remingtonocetus.1"
"22","Simosaurus_1","Simosaurus_1.1"
"23","Otaria_byronia","Otaria_byronia.1"
"24","Choeropsis_liberiensis","Choeropsis_liberiensis.1"
"25","Nothosaurus_giganteus","Nothosaurus_giganteus.1"
"26","Cryptoclidus","Cryptoclidus.1"
"27","Callophoca_obscura","Callophoca_obscura.1"
"28","Callophoca_obscura","Callophoca_obscura.2"
"29","Placodontia_indet_1","Placodontia_indet_1.1"
"30","Lutra_vulgaris","Lutra_vulgaris.1"
"31","Nothosaurus_mirabilis","Nothosaurus_mirabilis.1"
"32","Neusticosaurus","Neusticosaurus.1"
"33","Alligator","Alligator.1"
"34","Choeropsis_liberiensis","Choeropsis_liberiensis.2"
"35","Nanophoca_vitulinoides","Nanophoca_vitulinoides.1"
"36","Placodontia_indet_1","Placodontia_indet_1.2"
"37","Protochampsidae","Protochampsidae.1"
"38","large_eocene_stem_penguin","large_eocene_stem_penguin.1"
"39","Nothosaurus_giganteus","Nothosaurus_giganteus.2"
"40","Simosaurus","Simosaurus.1"
"41","Cricosaurus","Cricosaurus.1"
"42","Choeropsis_liberiensis","Choeropsis_liberiensis.3"
"43","Hexaprotodon_garyam","Hexaprotodon_garyam.1"
"44","Spheniscus","Spheniscus.1"
"45","Spinosaurus_","Spinosaurus_.1"
"46","Spinosaurus_","Spinosaurus_.2"
"47","Spinosaurus_","Spinosaurus_.3"
"48","Spinosaurus_","Spinosaurus_.4"
"49","Spinosaurus_","Spinosaurus_.5"
"50","Spinosaurus_","Spinosaurus_.6"
"51","Spinosaurus_","Spinosaurus_.7"
"52","Spinosaurus_","Spinosaurus_.8"
"53","Spinosaurus_","Spinosaurus_.9"
"54","Spinosaurus_","Spinosaurus_.10"
"55","Spinosaurus_","Spinosaurus_.11"
"56","Suchomimus","Suchomimus.1"
"57","Suchomimus","Suchomimus.2"
"58","Suchomimus","Suchomimus.3"
"59","Baryonyx","Baryonyx.1"
"60","Baryonyx","Baryonyx.2"
"61","Baryonyx","Baryonyx.3"
 
* Phylo tree and the main data and strata files have been modified to include duplicated taxa before the scaled random trees are generated.
* Selected categorical labels column: diving.or.not
* diving.or.equal column is identical to Diving column.
* Regression excludes flying taxa.
* Diving labels that are present in regression: 0,2
* lambda (calculated from a random tree) = : 0.11
* index-name alignment check: OK
