Logfile for a session of program: bootstrap_binary.r
-----------------------------------------------------
INPUT:
workDir: C:/dino_nature/output/2023-11-07-D1\bs/set_391
Nbootstrapsets: 2000
phyloFDAfile: c:/dino_nature/code/phylo.fda.R
auxFile: c:/dino_nature/code/auxiliary.r
boneType: femur
regressionData.file: C:/dino_nature/output/2023-11-07-D1\bs/set_391/femur_set_391.csv
applyDataFilter: FALSE
addTreeTips: TRUE
Ntrees: 100
calculateTrees: TRUE
saveTrees: FALSE


OPERATIONAL CHECKS:
* Regression data contains multiple copies of some taxa (user added variants of existing test taxa 
   or replacements due to bootstrap are present) which are not in the phylo tree:
     original taxon,   duplicate   
"1","Bos_taurus","Bos_taurus.1"
"2","Giraffa_camelopardalis","Giraffa_camelopardalis.1"
"3","Mus_musculus","Mus_musculus.1"
"4","Myrmecophaga_tridactyla","Myrmecophaga_tridactyla.1"
"5","Lacerta_viridis","Lacerta_viridis.1"
"6","Bos_taurus","Bos_taurus.2"
"7","Rupicapra_rupicapra","Rupicapra_rupicapra.1"
"8","Uncia_uncia","Uncia_uncia.1"
"9","Lacerta_viridis","Lacerta_viridis.2"
"10","Brachyodus_onoideum","Brachyodus_onoideum.1"
"11","Paguma_larvata","Paguma_larvata.1"
"12","Apteryx_australis","Apteryx_australis.1"
"13","Tribonyx_mortieri","Tribonyx_mortieri.1"
"14","Uncia_uncia","Uncia_uncia.2"
"15","Lacerta_viridis","Lacerta_viridis.3"
"16","Vulpes_vulpes","Vulpes_vulpes.1"
"17","Uncia_uncia","Uncia_uncia.3"
"18","Monodelphis_domestica","Monodelphis_domestica.1"
"19","Rangifer_tarandus","Rangifer_tarandus.1"
"20","Elomeryx_borbonicus_","Elomeryx_borbonicus_.1"
"21","Strigiops_habroptilus","Strigiops_habroptilus.1"
"22","Dama_dama","Dama_dama.1"
"23","Rhynchocyon_petersi","Rhynchocyon_petersi.1"
"24","Castor_fiber","Castor_fiber.1"
"25","Paraplacodus","Paraplacodus.1"
"26","Pistosaurus","Pistosaurus.1"
"27","Cryptoclidus","Cryptoclidus.1"
"28","Maiacetus","Maiacetus.1"
"29","Lutra_vulgaris","Lutra_vulgaris.1"
"30","Neusticosaurus","Neusticosaurus.1"
"31","Psephoderma","Psephoderma.1"
"32","Psephoderma","Psephoderma.2"
"33","Leptophoca_proxima","Leptophoca_proxima.1"
"34","Lutra_vulgaris","Lutra_vulgaris.2"
"35","Pistosaurus","Pistosaurus.2"
"36","Micropotamogale_euwenzorii","Micropotamogale_euwenzorii.1"
"37","Rhaeticosaurus","Rhaeticosaurus.1"
"38","Cricosaurus","Cricosaurus.1"
"39","Phocanella_pumila","Phocanella_pumila.1"
"40","Plesiosaurus","Plesiosaurus.1"
"41","Placodontia_indet_1","Placodontia_indet_1.1"
"42","Metryorhynchus","Metryorhynchus.1"
"43","Caiman_yacare","Caiman_yacare.1"
"44","Aptenodytes______","Aptenodytes______.1"
"45","Spinosaurus_","Spinosaurus_.1"
"46","Spinosaurus_","Spinosaurus_.2"
"47","Spinosaurus_","Spinosaurus_.3"
"48","Spinosaurus_","Spinosaurus_.4"
"49","Spinosaurus_","Spinosaurus_.5"
"50","Spinosaurus_","Spinosaurus_.6"
"51","Spinosaurus_","Spinosaurus_.7"
"52","Spinosaurus_","Spinosaurus_.8"
"53","Spinosaurus_","Spinosaurus_.9"
"54","Spinosaurus_","Spinosaurus_.10"
"55","Spinosaurus_","Spinosaurus_.11"
"56","Suchomimus","Suchomimus.1"
"57","Suchomimus","Suchomimus.2"
"58","Suchomimus","Suchomimus.3"
"59","Baryonyx","Baryonyx.1"
"60","Baryonyx","Baryonyx.2"
"61","Baryonyx","Baryonyx.3"
 
* Phylo tree and the main data and strata files have been modified to include duplicated taxa before the scaled random trees are generated.
* Selected categorical labels column: diving.or.not
* diving.or.equal column is identical to Diving column.
* Regression excludes flying taxa.
* Diving labels that are present in regression: 0,2
* lambda (calculated from a random tree) = : 0.07
* index-name alignment check: OK
