Logfile for a session of program: bootstrap_binary.r
-----------------------------------------------------
INPUT:
workDir: C:/dino_nature/output/2023-11-07-D1\bs/set_1522
Nbootstrapsets: 2000
phyloFDAfile: c:/dino_nature/code/phylo.fda.R
auxFile: c:/dino_nature/code/auxiliary.r
boneType: femur
regressionData.file: C:/dino_nature/output/2023-11-07-D1\bs/set_1522/femur_set_1522.csv
applyDataFilter: FALSE
addTreeTips: TRUE
Ntrees: 100
calculateTrees: TRUE
saveTrees: FALSE


OPERATIONAL CHECKS:
* Regression data contains multiple copies of some taxa (user added variants of existing test taxa 
   or replacements due to bootstrap are present) which are not in the phylo tree:
     original taxon,   duplicate   
"1","Dicerorhinus_sumatrensis","Dicerorhinus_sumatrensis.1"
"2","Alces_americanus","Alces_americanus.1"
"3","Rhynchocyon_petersi","Rhynchocyon_petersi.1"
"4","Tamandua_tetradactyla","Tamandua_tetradactyla.1"
"5","Caloenas_nicobarica","Caloenas_nicobarica.1"
"6","Mammuthus_sp","Mammuthus_sp.1"
"7","Dama_dama","Dama_dama.1"
"8","Felis_felis","Felis_felis.1"
"9","Vulpes_vulpes","Vulpes_vulpes.1"
"10","Syncerus_caffer","Syncerus_caffer.1"
"11","Dromaius_","Dromaius_.1"
"12","Mammuthus_sp","Mammuthus_sp.2"
"13","Dicerorhinus_sumatrensis","Dicerorhinus_sumatrensis.2"
"14","Rhynchocyon_petersi","Rhynchocyon_petersi.2"
"15","Tribonyx_mortieri","Tribonyx_mortieri.1"
"16","Tamandua_tetradactyla","Tamandua_tetradactyla.2"
"17","Caloenas_nicobarica","Caloenas_nicobarica.2"
"18","Brachyodus_onoideum","Brachyodus_onoideum.1"
"19","Taxidea_taxus","Taxidea_taxus.1"
"20","Lacerta_viridis","Lacerta_viridis.1"
"21","Rattus_rattus","Rattus_rattus.1"
"22","Tenrec_ecaudatus","Tenrec_ecaudatus.1"
"23","Dicerorhinus_sumatrensis","Dicerorhinus_sumatrensis.3"
"24","Taxidea_taxus","Taxidea_taxus.2"
"25","Tapirus_terrestris","Tapirus_terrestris.1"
"26","Tapirus_terrestris","Tapirus_terrestris.2"
"27","Nothosaurus_giganteus","Nothosaurus_giganteus.1"
"28","Micropotamogale_euwenzorii","Micropotamogale_euwenzorii.1"
"29","Plesiosaurus","Plesiosaurus.1"
"30","Protochampsidae","Protochampsidae.1"
"31","Phalacrocorax_harrisi","Phalacrocorax_harrisi.1"
"32","Caiman_yacare","Caiman_yacare.1"
"33","Maiacetus","Maiacetus.1"
"34","Nothosaurus_150","Nothosaurus_150.1"
"35","Placondontia_indet","Placondontia_indet.1"
"36","Hippopotamus_amphibius","Hippopotamus_amphibius.1"
"37","Nothosaurus_giganteus","Nothosaurus_giganteus.2"
"38","Cryptoclidus","Cryptoclidus.1"
"39","Pistosaurus","Pistosaurus.1"
"40","Chironectes_minimus","Chironectes_minimus.1"
"41","Nothosaurus_568","Nothosaurus_568.1"
"42","Nothosaurus_102","Nothosaurus_102.1"
"43","Spinosaurus_","Spinosaurus_.1"
"44","Spinosaurus_","Spinosaurus_.2"
"45","Spinosaurus_","Spinosaurus_.3"
"46","Spinosaurus_","Spinosaurus_.4"
"47","Spinosaurus_","Spinosaurus_.5"
"48","Spinosaurus_","Spinosaurus_.6"
"49","Spinosaurus_","Spinosaurus_.7"
"50","Spinosaurus_","Spinosaurus_.8"
"51","Spinosaurus_","Spinosaurus_.9"
"52","Spinosaurus_","Spinosaurus_.10"
"53","Spinosaurus_","Spinosaurus_.11"
"54","Suchomimus","Suchomimus.1"
"55","Suchomimus","Suchomimus.2"
"56","Suchomimus","Suchomimus.3"
"57","Baryonyx","Baryonyx.1"
"58","Baryonyx","Baryonyx.2"
"59","Baryonyx","Baryonyx.3"
 
* Phylo tree and the main data and strata files have been modified to include duplicated taxa before the scaled random trees are generated.
* Selected categorical labels column: diving.or.not
* diving.or.equal column is identical to Diving column.
* Regression excludes flying taxa.
* Diving labels that are present in regression: 0,2
* lambda (calculated from a random tree) = : 0.12
* index-name alignment check: OK
