Logfile for a session of program: bootstrap_binary.r
-----------------------------------------------------
INPUT:
workDir: C:/dino_nature/output/2023-11-07-D1\bs/set_1776
Nbootstrapsets: 2000
phyloFDAfile: c:/dino_nature/code/phylo.fda.R
auxFile: c:/dino_nature/code/auxiliary.r
boneType: femur
regressionData.file: C:/dino_nature/output/2023-11-07-D1\bs/set_1776/femur_set_1776.csv
applyDataFilter: FALSE
addTreeTips: TRUE
Ntrees: 100
calculateTrees: TRUE
saveTrees: FALSE


OPERATIONAL CHECKS:
* Regression data contains multiple copies of some taxa (user added variants of existing test taxa 
   or replacements due to bootstrap are present) which are not in the phylo tree:
     original taxon,   duplicate   
"1","Lama_guanicoe","Lama_guanicoe.1"
"2","Monodelphis_domestica","Monodelphis_domestica.1"
"3","Sus_scrofa","Sus_scrofa.1"
"4","Sus_scrofa","Sus_scrofa.2"
"5","Dama_dama","Dama_dama.1"
"6","Strigiops_habroptilus","Strigiops_habroptilus.1"
"7","Euroscaptor_micrura","Euroscaptor_micrura.1"
"8","Diplomesodon_pulchellum","Diplomesodon_pulchellum.1"
"9","Taxidea_taxus","Taxidea_taxus.1"
"10","Tamandua_tetradactyla","Tamandua_tetradactyla.1"
"11","Rhynchocyon_petersi","Rhynchocyon_petersi.1"
"12","Pogona_viceps","Pogona_viceps.1"
"13","Dromaius_","Dromaius_.1"
"14","Lama_guanicoe","Lama_guanicoe.2"
"15","Tenrec_ecaudatus","Tenrec_ecaudatus.1"
"16","Megaloceros_sp","Megaloceros_sp.1"
"17","Bos_taurus","Bos_taurus.1"
"18","Felis_felis","Felis_felis.1"
"19","Megaloceros_sp","Megaloceros_sp.2"
"20","Nyctereutes_procyonoides","Nyctereutes_procyonoides.1"
"21","Megaloceros_sp","Megaloceros_sp.3"
"22","Simosaurus_1","Simosaurus_1.1"
"23","Pistosaurus","Pistosaurus.1"
"24","Nothosaurus_mirabilis","Nothosaurus_mirabilis.1"
"25","Noemys_fodies","Noemys_fodies.1"
"26","Nothosaurus_mirabilis","Nothosaurus_mirabilis.2"
"27","Desmostylus_hesperus","Desmostylus_hesperus.1"
"28","Lutra_vulgaris","Lutra_vulgaris.1"
"29","Nothosaurus_150","Nothosaurus_150.1"
"30","Simosaurus_1","Simosaurus_1.2"
"31","Remingtonocetus","Remingtonocetus.1"
"32","Micropotamogale_euwenzorii","Micropotamogale_euwenzorii.1"
"33","Placondontia_indet","Placondontia_indet.1"
"34","Anarosaurus","Anarosaurus.1"
"35","Choeropsis_liberiensis","Choeropsis_liberiensis.1"
"36","Placondontia_indet","Placondontia_indet.2"
"37","Nanophoca_vitulinoides","Nanophoca_vitulinoides.1"
"38","Nothosaurus_102","Nothosaurus_102.1"
"39","Spinosaurus_","Spinosaurus_.1"
"40","Spinosaurus_","Spinosaurus_.2"
"41","Spinosaurus_","Spinosaurus_.3"
"42","Spinosaurus_","Spinosaurus_.4"
"43","Spinosaurus_","Spinosaurus_.5"
"44","Spinosaurus_","Spinosaurus_.6"
"45","Spinosaurus_","Spinosaurus_.7"
"46","Spinosaurus_","Spinosaurus_.8"
"47","Spinosaurus_","Spinosaurus_.9"
"48","Spinosaurus_","Spinosaurus_.10"
"49","Spinosaurus_","Spinosaurus_.11"
"50","Suchomimus","Suchomimus.1"
"51","Suchomimus","Suchomimus.2"
"52","Suchomimus","Suchomimus.3"
"53","Baryonyx","Baryonyx.1"
"54","Baryonyx","Baryonyx.2"
"55","Baryonyx","Baryonyx.3"
 
* Phylo tree and the main data and strata files have been modified to include duplicated taxa before the scaled random trees are generated.
* Selected categorical labels column: diving.or.not
* diving.or.equal column is identical to Diving column.
* Regression excludes flying taxa.
* Diving labels that are present in regression: 0,2
* lambda (calculated from a random tree) = : 0.07
* index-name alignment check: OK
