Logfile for a session of program: bootstrap_binary.r
-----------------------------------------------------
INPUT:
workDir: C:/dino_nature/output/2023-11-07-D1\bs/set_563
Nbootstrapsets: 2000
phyloFDAfile: c:/dino_nature/code/phylo.fda.R
auxFile: c:/dino_nature/code/auxiliary.r
boneType: femur
regressionData.file: C:/dino_nature/output/2023-11-07-D1\bs/set_563/femur_set_563.csv
applyDataFilter: FALSE
addTreeTips: TRUE
Ntrees: 100
calculateTrees: TRUE
saveTrees: FALSE


OPERATIONAL CHECKS:
* Regression data contains multiple copies of some taxa (user added variants of existing test taxa 
   or replacements due to bootstrap are present) which are not in the phylo tree:
     original taxon,   duplicate   
"1","Pogona_viceps","Pogona_viceps.1"
"2","Apteryx_owenii_","Apteryx_owenii_.1"
"3","Raphus","Raphus.1"
"4","Ceratotherium_simum","Ceratotherium_simum.1"
"5","Brachyodus_onoideum","Brachyodus_onoideum.1"
"6","Dromaius_","Dromaius_.1"
"7","Rhynchocyon_petersi","Rhynchocyon_petersi.1"
"8","Mustela_nivalis","Mustela_nivalis.1"
"9","Porphyrio_hochstetteri","Porphyrio_hochstetteri.1"
"10","Mustela_nivalis","Mustela_nivalis.2"
"11","Myrmecophaga_tridactyla","Myrmecophaga_tridactyla.1"
"12","Brachyodus_onoideum","Brachyodus_onoideum.2"
"13","Elomeryx_borbonicus_","Elomeryx_borbonicus_.1"
"14","Rattus_rattus","Rattus_rattus.1"
"15","Giraffa_camelopardalis","Giraffa_camelopardalis.1"
"16","Xenicus_giliventris","Xenicus_giliventris.1"
"17","Brachyodus_onoideum","Brachyodus_onoideum.3"
"18","Elomeryx_borbonicus_","Elomeryx_borbonicus_.2"
"19","Apteryx_owenii_","Apteryx_owenii_.2"
"20","Mammuthus_sp","Mammuthus_sp.1"
"21","Meles_meles","Meles_meles.1"
"22","Cryptoclidus","Cryptoclidus.1"
"23","Simosaurus","Simosaurus.1"
"24","Leptophoca_proxima","Leptophoca_proxima.1"
"25","Nothosaurus_giganteus","Nothosaurus_giganteus.1"
"26","Palaeospheniscus","Palaeospheniscus.1"
"27","Placondontia_indet","Placondontia_indet.1"
"28","Simosaurus","Simosaurus.2"
"29","Nanophoca_vitulinoides","Nanophoca_vitulinoides.1"
"30","Hesperornis","Hesperornis.1"
"31","Tapirus_terrestris","Tapirus_terrestris.1"
"32","Nothosaurus_568","Nothosaurus_568.1"
"33","Rodhocetus","Rodhocetus.1"
"34","Simosaurus_1","Simosaurus_1.1"
"35","Nanophoca_vitulinoides","Nanophoca_vitulinoides.2"
"36","Champsosaurus","Champsosaurus.1"
"37","Callophoca_obscura","Callophoca_obscura.1"
"38","Phalacrocorax_harrisi","Phalacrocorax_harrisi.1"
"39","Nothosaurus_102","Nothosaurus_102.1"
"40","Chapsosaurus_","Chapsosaurus_.1"
"41","Spinosaurus_","Spinosaurus_.1"
"42","Spinosaurus_","Spinosaurus_.2"
"43","Spinosaurus_","Spinosaurus_.3"
"44","Spinosaurus_","Spinosaurus_.4"
"45","Spinosaurus_","Spinosaurus_.5"
"46","Spinosaurus_","Spinosaurus_.6"
"47","Spinosaurus_","Spinosaurus_.7"
"48","Spinosaurus_","Spinosaurus_.8"
"49","Spinosaurus_","Spinosaurus_.9"
"50","Spinosaurus_","Spinosaurus_.10"
"51","Spinosaurus_","Spinosaurus_.11"
"52","Suchomimus","Suchomimus.1"
"53","Suchomimus","Suchomimus.2"
"54","Suchomimus","Suchomimus.3"
"55","Baryonyx","Baryonyx.1"
"56","Baryonyx","Baryonyx.2"
"57","Baryonyx","Baryonyx.3"
 
* Phylo tree and the main data and strata files have been modified to include duplicated taxa before the scaled random trees are generated.
* Selected categorical labels column: diving.or.not
* diving.or.equal column is identical to Diving column.
* Regression excludes flying taxa.
* Diving labels that are present in regression: 0,2
* lambda (calculated from a random tree) = : 0.1
* index-name alignment check: OK
