Logfile for a session of program: bootstrap_binary.r
-----------------------------------------------------
INPUT:
workDir: C:/dino_nature/output/2023-11-07-D1\bs/set_1543
Nbootstrapsets: 2000
phyloFDAfile: c:/dino_nature/code/phylo.fda.R
auxFile: c:/dino_nature/code/auxiliary.r
boneType: femur
regressionData.file: C:/dino_nature/output/2023-11-07-D1\bs/set_1543/femur_set_1543.csv
applyDataFilter: FALSE
addTreeTips: TRUE
Ntrees: 100
calculateTrees: TRUE
saveTrees: FALSE


OPERATIONAL CHECKS:
* Regression data contains multiple copies of some taxa (user added variants of existing test taxa 
   or replacements due to bootstrap are present) which are not in the phylo tree:
     original taxon,   duplicate   
"1","Lama_guanicoe","Lama_guanicoe.1"
"2","Strigiops_habroptilus","Strigiops_habroptilus.1"
"3","Dama_dama","Dama_dama.1"
"4","Raphus","Raphus.1"
"5","Capreolus_capreolus","Capreolus_capreolus.1"
"6","Tamandua_tetradactyla","Tamandua_tetradactyla.1"
"7","Lama_guanicoe","Lama_guanicoe.2"
"8","Capreolus_capreolus","Capreolus_capreolus.2"
"9","Capreolus_capreolus","Capreolus_capreolus.3"
"10","Tenrec_ecaudatus","Tenrec_ecaudatus.1"
"11","Dasyurus_maculatus","Dasyurus_maculatus.1"
"12","Hemiechinus_azurites","Hemiechinus_azurites.1"
"13","Ceratotherium_simum","Ceratotherium_simum.1"
"14","Vulpes_vulpes","Vulpes_vulpes.1"
"15","Elomeryx_borbonicus_","Elomeryx_borbonicus_.1"
"16","Meles_meles","Meles_meles.1"
"17","Cephalophus_silvicultor","Cephalophus_silvicultor.1"
"18","Procyon_lotor","Procyon_lotor.1"
"19","Vulpes_vulpes","Vulpes_vulpes.2"
"20","Caloenas_nicobarica","Caloenas_nicobarica.1"
"21","Elomeryx_borbonicus_","Elomeryx_borbonicus_.2"
"22","Nothosaurus_giganteus","Nothosaurus_giganteus.1"
"23","Chapsosaurus_","Chapsosaurus_.1"
"24","Castor_fiber","Castor_fiber.1"
"25","Small_Eocene_penguin","Small_Eocene_penguin.1"
"26","Metryorhynchus","Metryorhynchus.1"
"27","Nothosaurus_mirabilis_1","Nothosaurus_mirabilis_1.1"
"28","Nothosaurus_mirabilis_1","Nothosaurus_mirabilis_1.2"
"29","Chapsosaurus_","Chapsosaurus_.2"
"30","Pistosaurus","Pistosaurus.1"
"31","Chapsosaurus_","Chapsosaurus_.3"
"32","Nothosaurus_mirabilis","Nothosaurus_mirabilis.1"
"33","Serpianosaurus","Serpianosaurus.1"
"34","Noemys_fodies","Noemys_fodies.1"
"35","Nothosaurus_mirabilis_1","Nothosaurus_mirabilis_1.3"
"36","Neusticosaurus","Neusticosaurus.1"
"37","Neusticosaurus","Neusticosaurus.2"
"38","Nothosaurus_giganteus","Nothosaurus_giganteus.2"
"39","Hexaprotodon_garyam","Hexaprotodon_garyam.1"
"40","Simosaurus_1","Simosaurus_1.1"
"41","Chironectes_minimus","Chironectes_minimus.1"
"42","Nothosaurus_568","Nothosaurus_568.1"
"43","Placodontia_indet_1","Placodontia_indet_1.1"
"44","Spinosaurus_","Spinosaurus_.1"
"45","Spinosaurus_","Spinosaurus_.2"
"46","Spinosaurus_","Spinosaurus_.3"
"47","Spinosaurus_","Spinosaurus_.4"
"48","Spinosaurus_","Spinosaurus_.5"
"49","Spinosaurus_","Spinosaurus_.6"
"50","Spinosaurus_","Spinosaurus_.7"
"51","Spinosaurus_","Spinosaurus_.8"
"52","Spinosaurus_","Spinosaurus_.9"
"53","Spinosaurus_","Spinosaurus_.10"
"54","Spinosaurus_","Spinosaurus_.11"
"55","Suchomimus","Suchomimus.1"
"56","Suchomimus","Suchomimus.2"
"57","Suchomimus","Suchomimus.3"
"58","Baryonyx","Baryonyx.1"
"59","Baryonyx","Baryonyx.2"
"60","Baryonyx","Baryonyx.3"
 
* Phylo tree and the main data and strata files have been modified to include duplicated taxa before the scaled random trees are generated.
* Selected categorical labels column: diving.or.not
* diving.or.equal column is identical to Diving column.
* Regression excludes flying taxa.
* Diving labels that are present in regression: 0,2
* lambda (calculated from a random tree) = : 0.1
* index-name alignment check: OK
