Logfile for a session of program: bootstrap_binary.r
-----------------------------------------------------
INPUT:
workDir: C:/dino_nature/output/2023-11-07-D1\bs/set_1104
Nbootstrapsets: 2000
phyloFDAfile: c:/dino_nature/code/phylo.fda.R
auxFile: c:/dino_nature/code/auxiliary.r
boneType: femur
regressionData.file: C:/dino_nature/output/2023-11-07-D1\bs/set_1104/femur_set_1104.csv
applyDataFilter: FALSE
addTreeTips: TRUE
Ntrees: 100
calculateTrees: TRUE
saveTrees: FALSE


OPERATIONAL CHECKS:
* Regression data contains multiple copies of some taxa (user added variants of existing test taxa 
   or replacements due to bootstrap are present) which are not in the phylo tree:
     original taxon,   duplicate   
"1","Taxidea_taxus","Taxidea_taxus.1"
"2","Bison_bonasus","Bison_bonasus.1"
"3","Rupicapra_rupicapra","Rupicapra_rupicapra.1"
"4","Bos_taurus","Bos_taurus.1"
"5","Procyon_lotor","Procyon_lotor.1"
"6","Dicerorhinus_sumatrensis","Dicerorhinus_sumatrensis.1"
"7","Loxodonta_africana","Loxodonta_africana.1"
"8","Dama_dama","Dama_dama.1"
"9","Tribonyx_mortieri","Tribonyx_mortieri.1"
"10","Apteryx_owenii_","Apteryx_owenii_.1"
"11","Pogona_viceps","Pogona_viceps.1"
"12","Tribonyx_mortieri","Tribonyx_mortieri.2"
"13","Mammuthus_sp","Mammuthus_sp.1"
"14","Apteryx_owenii_","Apteryx_owenii_.2"
"15","Pogona_viceps","Pogona_viceps.2"
"16","Giraffa_camelopardalis","Giraffa_camelopardalis.1"
"17","Euroscaptor_micrura","Euroscaptor_micrura.1"
"18","Pogona_viceps","Pogona_viceps.3"
"19","Paguma_larvata","Paguma_larvata.1"
"20","Pogona_viceps","Pogona_viceps.4"
"21","Dromaius_","Dromaius_.1"
"22","Psephoderma","Psephoderma.1"
"23","Remingtonocetus","Remingtonocetus.1"
"24","Choeropsis_liberiensis","Choeropsis_liberiensis.1"
"25","Alligator","Alligator.1"
"26","Maiacetus","Maiacetus.1"
"27","large_eocene_stem_penguin","large_eocene_stem_penguin.1"
"28","Otaria_byronia","Otaria_byronia.1"
"29","Alligator","Alligator.2"
"30","Alligator","Alligator.3"
"31","Placondontia_indet","Placondontia_indet.1"
"32","Neusticosaurus","Neusticosaurus.1"
"33","Tapirus_terrestris","Tapirus_terrestris.1"
"34","Psephoderma","Psephoderma.2"
"35","Neusticosaurus","Neusticosaurus.2"
"36","Callophoca_obscura","Callophoca_obscura.1"
"37","Callophoca_obscura","Callophoca_obscura.2"
"38","large_eocene_stem_penguin","large_eocene_stem_penguin.2"
"39","Tapirus_terrestris","Tapirus_terrestris.2"
"40","Otaria_byronia","Otaria_byronia.2"
"41","Simosaurus_1","Simosaurus_1.1"
"42","Aptenodytes______","Aptenodytes______.1"
"43","Spinosaurus_","Spinosaurus_.1"
"44","Spinosaurus_","Spinosaurus_.2"
"45","Spinosaurus_","Spinosaurus_.3"
"46","Spinosaurus_","Spinosaurus_.4"
"47","Spinosaurus_","Spinosaurus_.5"
"48","Spinosaurus_","Spinosaurus_.6"
"49","Spinosaurus_","Spinosaurus_.7"
"50","Spinosaurus_","Spinosaurus_.8"
"51","Spinosaurus_","Spinosaurus_.9"
"52","Spinosaurus_","Spinosaurus_.10"
"53","Spinosaurus_","Spinosaurus_.11"
"54","Suchomimus","Suchomimus.1"
"55","Suchomimus","Suchomimus.2"
"56","Suchomimus","Suchomimus.3"
"57","Baryonyx","Baryonyx.1"
"58","Baryonyx","Baryonyx.2"
"59","Baryonyx","Baryonyx.3"
 
* Phylo tree and the main data and strata files have been modified to include duplicated taxa before the scaled random trees are generated.
* Selected categorical labels column: diving.or.not
* diving.or.equal column is identical to Diving column.
* Regression excludes flying taxa.
* Diving labels that are present in regression: 0,2
* lambda (calculated from a random tree) = : 0.1
* index-name alignment check: OK
