Logfile for a session of program: bootstrap_binary.r
-----------------------------------------------------
INPUT:
workDir: C:/dino_nature/output/2023-11-07-D1\bs/set_647
Nbootstrapsets: 2000
phyloFDAfile: c:/dino_nature/code/phylo.fda.R
auxFile: c:/dino_nature/code/auxiliary.r
boneType: femur
regressionData.file: C:/dino_nature/output/2023-11-07-D1\bs/set_647/femur_set_647.csv
applyDataFilter: FALSE
addTreeTips: TRUE
Ntrees: 100
calculateTrees: TRUE
saveTrees: FALSE


OPERATIONAL CHECKS:
* Regression data contains multiple copies of some taxa (user added variants of existing test taxa 
   or replacements due to bootstrap are present) which are not in the phylo tree:
     original taxon,   duplicate   
"1","Rhynchocyon_petersi","Rhynchocyon_petersi.1"
"2","Meles_meles","Meles_meles.1"
"3","Rhynchocyon_petersi","Rhynchocyon_petersi.2"
"4","Rhynchocyon_petersi","Rhynchocyon_petersi.3"
"5","Rynochetus_jubatus","Rynochetus_jubatus.1"
"6","Strigiops_habroptilus","Strigiops_habroptilus.1"
"7","Apteryx_australis","Apteryx_australis.1"
"8","Monodelphis_domestica","Monodelphis_domestica.1"
"9","Meles_meles","Meles_meles.2"
"10","Pogona_viceps","Pogona_viceps.1"
"11","Dicerorhinus_sumatrensis","Dicerorhinus_sumatrensis.1"
"12","Raphus","Raphus.1"
"13","Atlantisia_rogersi","Atlantisia_rogersi.1"
"14","Elomeryx_borbonicus_","Elomeryx_borbonicus_.1"
"15","Atlantisia_rogersi","Atlantisia_rogersi.2"
"16","Felis_felis","Felis_felis.1"
"17","Giraffa_camelopardalis","Giraffa_camelopardalis.1"
"18","Cephalophus_silvicultor","Cephalophus_silvicultor.1"
"19","Procavia_capensis","Procavia_capensis.1"
"20","Myrmecophaga_tridactyla","Myrmecophaga_tridactyla.1"
"21","Porphyrio_hochstetteri","Porphyrio_hochstetteri.1"
"22","Cephalophus_silvicultor","Cephalophus_silvicultor.2"
"23","Xenicus_giliventris","Xenicus_giliventris.1"
"24","Hippopotamus_amphibius","Hippopotamus_amphibius.1"
"25","Ichtyosaur_sp","Ichtyosaur_sp.1"
"26","Indohyus","Indohyus.1"
"27","Tapirus_terrestris","Tapirus_terrestris.1"
"28","Aptenodytes______","Aptenodytes______.1"
"29","Tapirus_terrestris","Tapirus_terrestris.2"
"30","Ichtyosaur_sp","Ichtyosaur_sp.2"
"31","Placodontia_indet_1","Placodontia_indet_1.1"
"32","Placodontia_indet_1","Placodontia_indet_1.2"
"33","Desmostylus_hesperus","Desmostylus_hesperus.1"
"34","Placondontia_indet","Placondontia_indet.1"
"35","Alligator","Alligator.1"
"36","Spheniscus","Spheniscus.1"
"37","Champsosaurus","Champsosaurus.1"
"38","Rodhocetus","Rodhocetus.1"
"39","Simosaurus","Simosaurus.1"
"40","Nothosaurus_102","Nothosaurus_102.1"
"41","Ichtyosaur_sp","Ichtyosaur_sp.3"
"42","Spheniscus","Spheniscus.2"
"43","Champsosaurus","Champsosaurus.2"
"44","Indohyus","Indohyus.2"
"45","Serpianosaurus","Serpianosaurus.1"
"46","Chironectes_minimus","Chironectes_minimus.1"
"47","Spinosaurus_","Spinosaurus_.1"
"48","Spinosaurus_","Spinosaurus_.2"
"49","Spinosaurus_","Spinosaurus_.3"
"50","Spinosaurus_","Spinosaurus_.4"
"51","Spinosaurus_","Spinosaurus_.5"
"52","Spinosaurus_","Spinosaurus_.6"
"53","Spinosaurus_","Spinosaurus_.7"
"54","Spinosaurus_","Spinosaurus_.8"
"55","Spinosaurus_","Spinosaurus_.9"
"56","Spinosaurus_","Spinosaurus_.10"
"57","Spinosaurus_","Spinosaurus_.11"
"58","Suchomimus","Suchomimus.1"
"59","Suchomimus","Suchomimus.2"
"60","Suchomimus","Suchomimus.3"
"61","Baryonyx","Baryonyx.1"
"62","Baryonyx","Baryonyx.2"
"63","Baryonyx","Baryonyx.3"
 
* Phylo tree and the main data and strata files have been modified to include duplicated taxa before the scaled random trees are generated.
* Selected categorical labels column: diving.or.not
* diving.or.equal column is identical to Diving column.
* Regression excludes flying taxa.
* Diving labels that are present in regression: 0,2
* lambda (calculated from a random tree) = : 0.06
* index-name alignment check: OK
