Logfile for a session of program: bootstrap_binary.r
-----------------------------------------------------
INPUT:
workDir: C:/dino_nature/output/2023-11-07-D1\bs/set_574
Nbootstrapsets: 2000
phyloFDAfile: c:/dino_nature/code/phylo.fda.R
auxFile: c:/dino_nature/code/auxiliary.r
boneType: femur
regressionData.file: C:/dino_nature/output/2023-11-07-D1\bs/set_574/femur_set_574.csv
applyDataFilter: FALSE
addTreeTips: TRUE
Ntrees: 100
calculateTrees: TRUE
saveTrees: FALSE


OPERATIONAL CHECKS:
* Regression data contains multiple copies of some taxa (user added variants of existing test taxa 
   or replacements due to bootstrap are present) which are not in the phylo tree:
     original taxon,   duplicate   
"1","Syncerus_caffer","Syncerus_caffer.1"
"2","Felis_felis","Felis_felis.1"
"3","Xenicus_giliventris","Xenicus_giliventris.1"
"4","Apteryx_owenii_","Apteryx_owenii_.1"
"5","Bison_bonasus","Bison_bonasus.1"
"6","Hemiechinus_azurites","Hemiechinus_azurites.1"
"7","Euroscaptor_micrura","Euroscaptor_micrura.1"
"8","Brachyodus_onoideum","Brachyodus_onoideum.1"
"9","Euroscaptor_micrura","Euroscaptor_micrura.2"
"10","Euroscaptor_micrura","Euroscaptor_micrura.3"
"11","Euroscaptor_micrura","Euroscaptor_micrura.4"
"12","Nyctereutes_procyonoides","Nyctereutes_procyonoides.1"
"13","Meles_meles","Meles_meles.1"
"14","Elephas_maximus","Elephas_maximus.1"
"15","Tribonyx_mortieri","Tribonyx_mortieri.1"
"16","Elephas_maximus","Elephas_maximus.2"
"17","Megaloceros_sp","Megaloceros_sp.1"
"18","Rhaeticosaurus","Rhaeticosaurus.1"
"19","Plesiosaurus","Plesiosaurus.1"
"20","Phalacrocorax_harrisi","Phalacrocorax_harrisi.1"
"21","Otaria_byronia","Otaria_byronia.1"
"22","Choeropsis_liberiensis","Choeropsis_liberiensis.1"
"23","Plesiosaurus","Plesiosaurus.2"
"24","Castor_fiber","Castor_fiber.1"
"25","Serpianosaurus","Serpianosaurus.1"
"26","Metryorhynchus","Metryorhynchus.1"
"27","Otaria_byronia","Otaria_byronia.2"
"28","Ichtyosaurus_","Ichtyosaurus_.1"
"29","Ichtyosaur_sp","Ichtyosaur_sp.1"
"30","Maiacetus","Maiacetus.1"
"31","Hydromys_chrysogaster","Hydromys_chrysogaster.1"
"32","Chapsosaurus_","Chapsosaurus_.1"
"33","Callophoca_obscura","Callophoca_obscura.1"
"34","Paraplacodus","Paraplacodus.1"
"35","Spinosaurus_","Spinosaurus_.1"
"36","Spinosaurus_","Spinosaurus_.2"
"37","Spinosaurus_","Spinosaurus_.3"
"38","Spinosaurus_","Spinosaurus_.4"
"39","Spinosaurus_","Spinosaurus_.5"
"40","Spinosaurus_","Spinosaurus_.6"
"41","Spinosaurus_","Spinosaurus_.7"
"42","Spinosaurus_","Spinosaurus_.8"
"43","Spinosaurus_","Spinosaurus_.9"
"44","Spinosaurus_","Spinosaurus_.10"
"45","Spinosaurus_","Spinosaurus_.11"
"46","Suchomimus","Suchomimus.1"
"47","Suchomimus","Suchomimus.2"
"48","Suchomimus","Suchomimus.3"
"49","Baryonyx","Baryonyx.1"
"50","Baryonyx","Baryonyx.2"
"51","Baryonyx","Baryonyx.3"
 
* Phylo tree and the main data and strata files have been modified to include duplicated taxa before the scaled random trees are generated.
* Selected categorical labels column: diving.or.not
* diving.or.equal column is identical to Diving column.
* Regression excludes flying taxa.
* Diving labels that are present in regression: 0,2
* lambda (calculated from a random tree) = : 0.09
* index-name alignment check: OK
