Logfile for a session of program: bootstrap_binary.r
-----------------------------------------------------
INPUT:
workDir: C:/dino_nature/output/2023-11-07-D1\bs/set_1111
Nbootstrapsets: 2000
phyloFDAfile: c:/dino_nature/code/phylo.fda.R
auxFile: c:/dino_nature/code/auxiliary.r
boneType: femur
regressionData.file: C:/dino_nature/output/2023-11-07-D1\bs/set_1111/femur_set_1111.csv
applyDataFilter: FALSE
addTreeTips: TRUE
Ntrees: 100
calculateTrees: TRUE
saveTrees: FALSE


OPERATIONAL CHECKS:
* Regression data contains multiple copies of some taxa (user added variants of existing test taxa 
   or replacements due to bootstrap are present) which are not in the phylo tree:
     original taxon,   duplicate   
"1","Syncerus_caffer","Syncerus_caffer.1"
"2","Dasyurus_maculatus","Dasyurus_maculatus.1"
"3","Syncerus_caffer","Syncerus_caffer.2"
"4","Megaloceros_sp","Megaloceros_sp.1"
"5","Atlantisia_rogersi","Atlantisia_rogersi.1"
"6","Cephalophus_silvicultor","Cephalophus_silvicultor.1"
"7","Dasyurus_maculatus","Dasyurus_maculatus.2"
"8","Felis_felis","Felis_felis.1"
"9","Sus_scrofa","Sus_scrofa.1"
"10","Felis_felis","Felis_felis.2"
"11","Cephalophus_silvicultor","Cephalophus_silvicultor.2"
"12","Tamandua_tetradactyla","Tamandua_tetradactyla.1"
"13","Nyctereutes_procyonoides","Nyctereutes_procyonoides.1"
"14","Syncerus_caffer","Syncerus_caffer.3"
"15","Bison_bonasus","Bison_bonasus.1"
"16","Cephalophus_silvicultor","Cephalophus_silvicultor.3"
"17","Mammuthus_sp","Mammuthus_sp.1"
"18","Bos_taurus","Bos_taurus.1"
"19","Microgale_thomasi","Microgale_thomasi.1"
"20","Euroscaptor_micrura","Euroscaptor_micrura.1"
"21","Metryorhynchus","Metryorhynchus.1"
"22","Hexaprotodon_garyam","Hexaprotodon_garyam.1"
"23","Ichtyosaurus_","Ichtyosaurus_.1"
"24","Noemys_fodies","Noemys_fodies.1"
"25","Simosaurus_1","Simosaurus_1.1"
"26","Noemys_fodies","Noemys_fodies.2"
"27","Micropotamogale_euwenzorii","Micropotamogale_euwenzorii.1"
"28","Neusticosaurus","Neusticosaurus.1"
"29","Indohyus","Indohyus.1"
"30","Tapirus_terrestris","Tapirus_terrestris.1"
"31","Plesiosaurus","Plesiosaurus.1"
"32","Alligator","Alligator.1"
"33","Neusticosaurus","Neusticosaurus.2"
"34","Metryorhynchus","Metryorhynchus.2"
"35","Indohyus","Indohyus.2"
"36","Cricosaurus","Cricosaurus.1"
"37","Spheniscus","Spheniscus.1"
"38","Hippopotamus_amphibius","Hippopotamus_amphibius.1"
"39","Plesiosaurus","Plesiosaurus.2"
"40","Neusticosaurus","Neusticosaurus.3"
"41","Placondontia_indet","Placondontia_indet.1"
"42","Nothosaurus_568","Nothosaurus_568.1"
"43","Serpianosaurus","Serpianosaurus.1"
"44","Spinosaurus_","Spinosaurus_.1"
"45","Spinosaurus_","Spinosaurus_.2"
"46","Spinosaurus_","Spinosaurus_.3"
"47","Spinosaurus_","Spinosaurus_.4"
"48","Spinosaurus_","Spinosaurus_.5"
"49","Spinosaurus_","Spinosaurus_.6"
"50","Spinosaurus_","Spinosaurus_.7"
"51","Spinosaurus_","Spinosaurus_.8"
"52","Spinosaurus_","Spinosaurus_.9"
"53","Spinosaurus_","Spinosaurus_.10"
"54","Spinosaurus_","Spinosaurus_.11"
"55","Suchomimus","Suchomimus.1"
"56","Suchomimus","Suchomimus.2"
"57","Suchomimus","Suchomimus.3"
"58","Baryonyx","Baryonyx.1"
"59","Baryonyx","Baryonyx.2"
"60","Baryonyx","Baryonyx.3"
 
* Phylo tree and the main data and strata files have been modified to include duplicated taxa before the scaled random trees are generated.
* Selected categorical labels column: diving.or.not
* diving.or.equal column is identical to Diving column.
* Regression excludes flying taxa.
* Diving labels that are present in regression: 0,2
* lambda (calculated from a random tree) = : 0.07
* index-name alignment check: OK
