Logfile for a session of program: bootstrap_binary.r
-----------------------------------------------------
INPUT:
workDir: C:/dino_nature/output/2023-11-07-D1\bs/set_1224
Nbootstrapsets: 2000
phyloFDAfile: c:/dino_nature/code/phylo.fda.R
auxFile: c:/dino_nature/code/auxiliary.r
boneType: femur
regressionData.file: C:/dino_nature/output/2023-11-07-D1\bs/set_1224/femur_set_1224.csv
applyDataFilter: FALSE
addTreeTips: TRUE
Ntrees: 100
calculateTrees: TRUE
saveTrees: FALSE


OPERATIONAL CHECKS:
* Regression data contains multiple copies of some taxa (user added variants of existing test taxa 
   or replacements due to bootstrap are present) which are not in the phylo tree:
     original taxon,   duplicate   
"1","Alces_americanus","Alces_americanus.1"
"2","Xenicus_giliventris","Xenicus_giliventris.1"
"3","Dama_dama","Dama_dama.1"
"4","Raphus","Raphus.1"
"5","Rhinoceros_sondaicus","Rhinoceros_sondaicus.1"
"6","Procavia_capensis","Procavia_capensis.1"
"7","Procavia_capensis","Procavia_capensis.2"
"8","Sphenodon_punctatus","Sphenodon_punctatus.1"
"9","Rhynchocyon_petersi","Rhynchocyon_petersi.1"
"10","Rupicapra_rupicapra","Rupicapra_rupicapra.1"
"11","Rhinoceros_sondaicus","Rhinoceros_sondaicus.2"
"12","Sphenodon_punctatus","Sphenodon_punctatus.2"
"13","Rhinoceros_sondaicus","Rhinoceros_sondaicus.3"
"14","Rupicapra_rupicapra","Rupicapra_rupicapra.2"
"15","Sphenodon_punctatus","Sphenodon_punctatus.3"
"16","Taxidea_taxus","Taxidea_taxus.1"
"17","Rupicapra_rupicapra","Rupicapra_rupicapra.3"
"18","Dasyurus_maculatus","Dasyurus_maculatus.1"
"19","Dromaius_","Dromaius_.1"
"20","Procavia_capensis","Procavia_capensis.3"
"21","Rupicapra_rupicapra","Rupicapra_rupicapra.4"
"22","Atlantisia_rogersi","Atlantisia_rogersi.1"
"23","Raphus","Raphus.2"
"24","Atlantisia_rogersi","Atlantisia_rogersi.2"
"25","Mus_musculus","Mus_musculus.1"
"26","Sphenodon_punctatus","Sphenodon_punctatus.4"
"27","Placondontia_indet","Placondontia_indet.1"
"28","Basilosaurus","Basilosaurus.1"
"29","Nothosaurus_150","Nothosaurus_150.1"
"30","Aptenodytes______","Aptenodytes______.1"
"31","Simosaurus","Simosaurus.1"
"32","Metryorhynchus","Metryorhynchus.1"
"33","Chironectes_minimus","Chironectes_minimus.1"
"34","Cryptoclidus","Cryptoclidus.1"
"35","Simosaurus_1","Simosaurus_1.1"
"36","Rhaeticosaurus","Rhaeticosaurus.1"
"37","Noemys_fodies","Noemys_fodies.1"
"38","Cryptoclidus","Cryptoclidus.2"
"39","Phalacrocorax_harrisi","Phalacrocorax_harrisi.1"
"40","Tapirus_terrestris","Tapirus_terrestris.1"
"41","Chironectes_minimus","Chironectes_minimus.2"
"42","Cryptoclidus","Cryptoclidus.3"
"43","Dyrosaurid","Dyrosaurid.1"
"44","Ornithorhynchus_anatinus","Ornithorhynchus_anatinus.1"
"45","Ichtyosaurus_","Ichtyosaurus_.1"
"46","Aptenodytes______","Aptenodytes______.2"
"47","Placondontia_indet","Placondontia_indet.2"
"48","Spinosaurus_","Spinosaurus_.1"
"49","Spinosaurus_","Spinosaurus_.2"
"50","Spinosaurus_","Spinosaurus_.3"
"51","Spinosaurus_","Spinosaurus_.4"
"52","Spinosaurus_","Spinosaurus_.5"
"53","Spinosaurus_","Spinosaurus_.6"
"54","Spinosaurus_","Spinosaurus_.7"
"55","Spinosaurus_","Spinosaurus_.8"
"56","Spinosaurus_","Spinosaurus_.9"
"57","Spinosaurus_","Spinosaurus_.10"
"58","Spinosaurus_","Spinosaurus_.11"
"59","Suchomimus","Suchomimus.1"
"60","Suchomimus","Suchomimus.2"
"61","Suchomimus","Suchomimus.3"
"62","Baryonyx","Baryonyx.1"
"63","Baryonyx","Baryonyx.2"
"64","Baryonyx","Baryonyx.3"
 
* Phylo tree and the main data and strata files have been modified to include duplicated taxa before the scaled random trees are generated.
* Selected categorical labels column: diving.or.not
* diving.or.equal column is identical to Diving column.
* Regression excludes flying taxa.
* Diving labels that are present in regression: 0,2
* lambda (calculated from a random tree) = : 0.12
* index-name alignment check: OK
