Logfile for a session of program: bootstrap_binary.r
-----------------------------------------------------
INPUT:
workDir: C:/dino_nature/output/2023-11-07-D1\bs/set_938
Nbootstrapsets: 2000
phyloFDAfile: c:/dino_nature/code/phylo.fda.R
auxFile: c:/dino_nature/code/auxiliary.r
boneType: femur
regressionData.file: C:/dino_nature/output/2023-11-07-D1\bs/set_938/femur_set_938.csv
applyDataFilter: FALSE
addTreeTips: TRUE
Ntrees: 100
calculateTrees: TRUE
saveTrees: FALSE


OPERATIONAL CHECKS:
* Regression data contains multiple copies of some taxa (user added variants of existing test taxa 
   or replacements due to bootstrap are present) which are not in the phylo tree:
     original taxon,   duplicate   
"1","Rynochetus_jubatus","Rynochetus_jubatus.1"
"2","Rattus_rattus","Rattus_rattus.1"
"3","Giraffa_camelopardalis","Giraffa_camelopardalis.1"
"4","Bison_bonasus","Bison_bonasus.1"
"5","Dromaius_","Dromaius_.1"
"6","Lama_guanicoe","Lama_guanicoe.1"
"7","Xenicus_giliventris","Xenicus_giliventris.1"
"8","Loxodonta_africana","Loxodonta_africana.1"
"9","Okapia_johnstoni","Okapia_johnstoni.1"
"10","Rangifer_tarandus","Rangifer_tarandus.1"
"11","Felis_felis","Felis_felis.1"
"12","Rynochetus_jubatus","Rynochetus_jubatus.2"
"13","Loxodonta_africana","Loxodonta_africana.2"
"14","Dicerorhinus_sumatrensis","Dicerorhinus_sumatrensis.1"
"15","Syncerus_caffer","Syncerus_caffer.1"
"16","Megaloceros_sp","Megaloceros_sp.1"
"17","Ceratotherium_simum","Ceratotherium_simum.1"
"18","Xenicus_giliventris","Xenicus_giliventris.2"
"19","Apteryx_owenii_","Apteryx_owenii_.1"
"20","Syncerus_caffer","Syncerus_caffer.2"
"21","Placodontia_indet_1","Placodontia_indet_1.1"
"22","Hexaprotodon_garyam","Hexaprotodon_garyam.1"
"23","Placondontia_indet","Placondontia_indet.1"
"24","Maiacetus","Maiacetus.1"
"25","Placodontia_indet_1","Placodontia_indet_1.2"
"26","Tapirus_terrestris","Tapirus_terrestris.1"
"27","Rhaeticosaurus","Rhaeticosaurus.1"
"28","large_eocene_stem_penguin","large_eocene_stem_penguin.1"
"29","Paraplacodus","Paraplacodus.1"
"30","Desmana_moschata","Desmana_moschata.1"
"31","Hesperornis","Hesperornis.1"
"32","Desmana_moschata","Desmana_moschata.2"
"33","Metryorhynchus","Metryorhynchus.1"
"34","Rhaeticosaurus","Rhaeticosaurus.2"
"35","Metryorhynchus","Metryorhynchus.2"
"36","Tapirus_terrestris","Tapirus_terrestris.2"
"37","Cryptoclidus","Cryptoclidus.1"
"38","Ichtyosaur_sp","Ichtyosaur_sp.1"
"39","Rodhocetus","Rodhocetus.1"
"40","Spinosaurus_","Spinosaurus_.1"
"41","Spinosaurus_","Spinosaurus_.2"
"42","Spinosaurus_","Spinosaurus_.3"
"43","Spinosaurus_","Spinosaurus_.4"
"44","Spinosaurus_","Spinosaurus_.5"
"45","Spinosaurus_","Spinosaurus_.6"
"46","Spinosaurus_","Spinosaurus_.7"
"47","Spinosaurus_","Spinosaurus_.8"
"48","Spinosaurus_","Spinosaurus_.9"
"49","Spinosaurus_","Spinosaurus_.10"
"50","Spinosaurus_","Spinosaurus_.11"
"51","Suchomimus","Suchomimus.1"
"52","Suchomimus","Suchomimus.2"
"53","Suchomimus","Suchomimus.3"
"54","Baryonyx","Baryonyx.1"
"55","Baryonyx","Baryonyx.2"
"56","Baryonyx","Baryonyx.3"
 
* Phylo tree and the main data and strata files have been modified to include duplicated taxa before the scaled random trees are generated.
* Selected categorical labels column: diving.or.not
* diving.or.equal column is identical to Diving column.
* Regression excludes flying taxa.
* Diving labels that are present in regression: 0,2
* lambda (calculated from a random tree) = : 0.08
* index-name alignment check: OK
