Logfile for a session of program: bootstrap_binary.r
-----------------------------------------------------
INPUT:
workDir: C:/dino_nature/output/2023-11-07-D1\bs/set_1491
Nbootstrapsets: 2000
phyloFDAfile: c:/dino_nature/code/phylo.fda.R
auxFile: c:/dino_nature/code/auxiliary.r
boneType: femur
regressionData.file: C:/dino_nature/output/2023-11-07-D1\bs/set_1491/femur_set_1491.csv
applyDataFilter: FALSE
addTreeTips: TRUE
Ntrees: 100
calculateTrees: TRUE
saveTrees: FALSE


OPERATIONAL CHECKS:
* Regression data contains multiple copies of some taxa (user added variants of existing test taxa 
   or replacements due to bootstrap are present) which are not in the phylo tree:
     original taxon,   duplicate   
"1","Elephas_maximus","Elephas_maximus.1"
"2","Megaloceros_sp","Megaloceros_sp.1"
"3","Sphenodon_punctatus","Sphenodon_punctatus.1"
"4","Apteryx_owenii_","Apteryx_owenii_.1"
"5","Sphenodon_punctatus","Sphenodon_punctatus.2"
"6","Tamandua_tetradactyla","Tamandua_tetradactyla.1"
"7","Vulpes_vulpes","Vulpes_vulpes.1"
"8","Rangifer_tarandus","Rangifer_tarandus.1"
"9","Caloenas_nicobarica","Caloenas_nicobarica.1"
"10","Tamandua_tetradactyla","Tamandua_tetradactyla.2"
"11","Alces_americanus","Alces_americanus.1"
"12","Apteryx_australis","Apteryx_australis.1"
"13","Alces_americanus","Alces_americanus.2"
"14","Mus_musculus","Mus_musculus.1"
"15","Procavia_capensis","Procavia_capensis.1"
"16","Dicerorhinus_sumatrensis","Dicerorhinus_sumatrensis.1"
"17","Rangifer_tarandus","Rangifer_tarandus.2"
"18","Uncia_uncia","Uncia_uncia.1"
"19","Raphus","Raphus.1"
"20","Paguma_larvata","Paguma_larvata.1"
"21","Atlantisia_rogersi","Atlantisia_rogersi.1"
"22","Micropotamogale_euwenzorii","Micropotamogale_euwenzorii.1"
"23","Cricosaurus","Cricosaurus.1"
"24","Ornithorhynchus_anatinus","Ornithorhynchus_anatinus.1"
"25","Micropotamogale_euwenzorii","Micropotamogale_euwenzorii.2"
"26","Basilosaurus","Basilosaurus.1"
"27","Pistosaurus","Pistosaurus.1"
"28","Plesiosaurus","Plesiosaurus.1"
"29","Alligator","Alligator.1"
"30","Hesperornis","Hesperornis.1"
"31","Nothosaurus_150","Nothosaurus_150.1"
"32","Neusticosaurus","Neusticosaurus.1"
"33","Micropotamogale_euwenzorii","Micropotamogale_euwenzorii.3"
"34","Callophoca_obscura","Callophoca_obscura.1"
"35","Choeropsis_liberiensis","Choeropsis_liberiensis.1"
"36","Simosaurus_1","Simosaurus_1.1"
"37","Choeropsis_liberiensis","Choeropsis_liberiensis.2"
"38","Rodhocetus","Rodhocetus.1"
"39","Ornithorhynchus_anatinus","Ornithorhynchus_anatinus.2"
"40","Lutra_vulgaris","Lutra_vulgaris.1"
"41","Lutra_vulgaris","Lutra_vulgaris.2"
"42","Cricosaurus","Cricosaurus.2"
"43","Chapsosaurus_","Chapsosaurus_.1"
"44","Placondontia_indet","Placondontia_indet.1"
"45","Nothosaurus_150","Nothosaurus_150.2"
"46","Spinosaurus_","Spinosaurus_.1"
"47","Spinosaurus_","Spinosaurus_.2"
"48","Spinosaurus_","Spinosaurus_.3"
"49","Spinosaurus_","Spinosaurus_.4"
"50","Spinosaurus_","Spinosaurus_.5"
"51","Spinosaurus_","Spinosaurus_.6"
"52","Spinosaurus_","Spinosaurus_.7"
"53","Spinosaurus_","Spinosaurus_.8"
"54","Spinosaurus_","Spinosaurus_.9"
"55","Spinosaurus_","Spinosaurus_.10"
"56","Spinosaurus_","Spinosaurus_.11"
"57","Suchomimus","Suchomimus.1"
"58","Suchomimus","Suchomimus.2"
"59","Suchomimus","Suchomimus.3"
"60","Baryonyx","Baryonyx.1"
"61","Baryonyx","Baryonyx.2"
"62","Baryonyx","Baryonyx.3"
 
* Phylo tree and the main data and strata files have been modified to include duplicated taxa before the scaled random trees are generated.
* Selected categorical labels column: diving.or.not
* diving.or.equal column is identical to Diving column.
* Regression excludes flying taxa.
* Diving labels that are present in regression: 0,2
* lambda (calculated from a random tree) = : 0.06
* index-name alignment check: OK
