Logfile for a session of program: bootstrap_binary.r
-----------------------------------------------------
INPUT:
workDir: C:/dino_nature/output/2023-11-07-D1\bs/set_177
Nbootstrapsets: 2000
phyloFDAfile: c:/dino_nature/code/phylo.fda.R
auxFile: c:/dino_nature/code/auxiliary.r
boneType: femur
regressionData.file: C:/dino_nature/output/2023-11-07-D1\bs/set_177/femur_set_177.csv
applyDataFilter: FALSE
addTreeTips: TRUE
Ntrees: 100
calculateTrees: TRUE
saveTrees: FALSE


OPERATIONAL CHECKS:
* Regression data contains multiple copies of some taxa (user added variants of existing test taxa 
   or replacements due to bootstrap are present) which are not in the phylo tree:
     original taxon,   duplicate   
"1","Caloenas_nicobarica","Caloenas_nicobarica.1"
"2","Tenrec_ecaudatus","Tenrec_ecaudatus.1"
"3","Okapia_johnstoni","Okapia_johnstoni.1"
"4","Tenrec_ecaudatus","Tenrec_ecaudatus.2"
"5","Megaloceros_sp","Megaloceros_sp.1"
"6","Myrmecophaga_tridactyla","Myrmecophaga_tridactyla.1"
"7","Cephalophus_silvicultor","Cephalophus_silvicultor.1"
"8","Cephalophus_silvicultor","Cephalophus_silvicultor.2"
"9","Loxodonta_africana","Loxodonta_africana.1"
"10","Rhinoceros_sondaicus","Rhinoceros_sondaicus.1"
"11","Sus_scrofa","Sus_scrofa.1"
"12","Okapia_johnstoni","Okapia_johnstoni.2"
"13","Apteryx_owenii_","Apteryx_owenii_.1"
"14","Capreolus_capreolus","Capreolus_capreolus.1"
"15","Sus_scrofa","Sus_scrofa.2"
"16","Rhinoceros_sondaicus","Rhinoceros_sondaicus.2"
"17","Uncia_uncia","Uncia_uncia.1"
"18","Nyctereutes_procyonoides","Nyctereutes_procyonoides.1"
"19","Hemiechinus_azurites","Hemiechinus_azurites.1"
"20","Euroscaptor_micrura","Euroscaptor_micrura.1"
"21","Euroscaptor_micrura","Euroscaptor_micrura.2"
"22","Apteryx_owenii_","Apteryx_owenii_.2"
"23","Ornithorhynchus_anatinus","Ornithorhynchus_anatinus.1"
"24","Choeropsis_liberiensis","Choeropsis_liberiensis.1"
"25","Placodontia_indet_1","Placodontia_indet_1.1"
"26","Paraplacodus","Paraplacodus.1"
"27","Choeropsis_liberiensis","Choeropsis_liberiensis.2"
"28","Remingtonocetus","Remingtonocetus.1"
"29","large_eocene_stem_penguin","large_eocene_stem_penguin.1"
"30","Cryptoclidus","Cryptoclidus.1"
"31","Tapirus_terrestris","Tapirus_terrestris.1"
"32","Chapsosaurus_","Chapsosaurus_.1"
"33","Simosaurus","Simosaurus.1"
"34","Plesiosaurus","Plesiosaurus.1"
"35","Plesiosaurus","Plesiosaurus.2"
"36","Small_Eocene_penguin","Small_Eocene_penguin.1"
"37","Alligator","Alligator.1"
"38","Placodontia_indet_1","Placodontia_indet_1.2"
"39","large_eocene_stem_penguin","large_eocene_stem_penguin.2"
"40","Tapirus_terrestris","Tapirus_terrestris.2"
"41","Chironectes_minimus","Chironectes_minimus.1"
"42","Nothosaurus_giganteus","Nothosaurus_giganteus.1"
"43","Nothosaurus_mirabilis","Nothosaurus_mirabilis.1"
"44","Chapsosaurus_","Chapsosaurus_.2"
"45","Spinosaurus_","Spinosaurus_.1"
"46","Spinosaurus_","Spinosaurus_.2"
"47","Spinosaurus_","Spinosaurus_.3"
"48","Spinosaurus_","Spinosaurus_.4"
"49","Spinosaurus_","Spinosaurus_.5"
"50","Spinosaurus_","Spinosaurus_.6"
"51","Spinosaurus_","Spinosaurus_.7"
"52","Spinosaurus_","Spinosaurus_.8"
"53","Spinosaurus_","Spinosaurus_.9"
"54","Spinosaurus_","Spinosaurus_.10"
"55","Spinosaurus_","Spinosaurus_.11"
"56","Suchomimus","Suchomimus.1"
"57","Suchomimus","Suchomimus.2"
"58","Suchomimus","Suchomimus.3"
"59","Baryonyx","Baryonyx.1"
"60","Baryonyx","Baryonyx.2"
"61","Baryonyx","Baryonyx.3"
 
* Phylo tree and the main data and strata files have been modified to include duplicated taxa before the scaled random trees are generated.
* Selected categorical labels column: diving.or.not
* diving.or.equal column is identical to Diving column.
* Regression excludes flying taxa.
* Diving labels that are present in regression: 0,2
* lambda (calculated from a random tree) = : 0.13
* index-name alignment check: OK
