Logfile for a session of program: bootstrap_binary.r
-----------------------------------------------------
INPUT:
workDir: C:/dino_nature/output/2023-11-07-D1\bs/set_1088
Nbootstrapsets: 2000
phyloFDAfile: c:/dino_nature/code/phylo.fda.R
auxFile: c:/dino_nature/code/auxiliary.r
boneType: femur
regressionData.file: C:/dino_nature/output/2023-11-07-D1\bs/set_1088/femur_set_1088.csv
applyDataFilter: FALSE
addTreeTips: TRUE
Ntrees: 100
calculateTrees: TRUE
saveTrees: FALSE


OPERATIONAL CHECKS:
* Regression data contains multiple copies of some taxa (user added variants of existing test taxa 
   or replacements due to bootstrap are present) which are not in the phylo tree:
     original taxon,   duplicate   
"1","Bison_bonasus","Bison_bonasus.1"
"2","Rhynchocyon_petersi","Rhynchocyon_petersi.1"
"3","Rhynchocyon_petersi","Rhynchocyon_petersi.2"
"4","Brachyodus_onoideum","Brachyodus_onoideum.1"
"5","Syncerus_caffer","Syncerus_caffer.1"
"6","Lama_guanicoe","Lama_guanicoe.1"
"7","Bos_taurus","Bos_taurus.1"
"8","Lama_guanicoe","Lama_guanicoe.2"
"9","Caloenas_nicobarica","Caloenas_nicobarica.1"
"10","Paguma_larvata","Paguma_larvata.1"
"11","Syncerus_caffer","Syncerus_caffer.2"
"12","Rhynchocyon_petersi","Rhynchocyon_petersi.3"
"13","Elomeryx_borbonicus_","Elomeryx_borbonicus_.1"
"14","Cephalophus_silvicultor","Cephalophus_silvicultor.1"
"15","Vulpes_vulpes","Vulpes_vulpes.1"
"16","Lacerta_viridis","Lacerta_viridis.1"
"17","Paguma_larvata","Paguma_larvata.2"
"18","Rhinoceros_sondaicus","Rhinoceros_sondaicus.1"
"19","Bos_taurus","Bos_taurus.2"
"20","Castor_fiber","Castor_fiber.1"
"21","Phalacrocorax_harrisi","Phalacrocorax_harrisi.1"
"22","Hexaprotodon_garyam","Hexaprotodon_garyam.1"
"23","Hexaprotodon_garyam","Hexaprotodon_garyam.2"
"24","Nothosaurus_giganteus","Nothosaurus_giganteus.1"
"25","Nanophoca_vitulinoides","Nanophoca_vitulinoides.1"
"26","Rhaeticosaurus","Rhaeticosaurus.1"
"27","Nothosaurus_giganteus","Nothosaurus_giganteus.2"
"28","Basilosaurus","Basilosaurus.1"
"29","Otaria_byronia","Otaria_byronia.1"
"30","Nothosaurus_giganteus","Nothosaurus_giganteus.3"
"31","Hexaprotodon_garyam","Hexaprotodon_garyam.3"
"32","Basilosaurus","Basilosaurus.2"
"33","Anarosaurus","Anarosaurus.1"
"34","Nothosaurus_giganteus","Nothosaurus_giganteus.4"
"35","Nothosaurus_102","Nothosaurus_102.1"
"36","Nothosaurus_102","Nothosaurus_102.2"
"37","Indohyus","Indohyus.1"
"38","Anarosaurus","Anarosaurus.2"
"39","Chapsosaurus_","Chapsosaurus_.1"
"40","Spinosaurus_","Spinosaurus_.1"
"41","Spinosaurus_","Spinosaurus_.2"
"42","Spinosaurus_","Spinosaurus_.3"
"43","Spinosaurus_","Spinosaurus_.4"
"44","Spinosaurus_","Spinosaurus_.5"
"45","Spinosaurus_","Spinosaurus_.6"
"46","Spinosaurus_","Spinosaurus_.7"
"47","Spinosaurus_","Spinosaurus_.8"
"48","Spinosaurus_","Spinosaurus_.9"
"49","Spinosaurus_","Spinosaurus_.10"
"50","Spinosaurus_","Spinosaurus_.11"
"51","Suchomimus","Suchomimus.1"
"52","Suchomimus","Suchomimus.2"
"53","Suchomimus","Suchomimus.3"
"54","Baryonyx","Baryonyx.1"
"55","Baryonyx","Baryonyx.2"
"56","Baryonyx","Baryonyx.3"
 
* Phylo tree and the main data and strata files have been modified to include duplicated taxa before the scaled random trees are generated.
* Selected categorical labels column: diving.or.not
* diving.or.equal column is identical to Diving column.
* Regression excludes flying taxa.
* Diving labels that are present in regression: 0,2
* lambda (calculated from a random tree) = : 0.1
* index-name alignment check: OK
