Logfile for a session of program: bootstrap_binary.r
-----------------------------------------------------
INPUT:
workDir: C:/dino_nature/output/2023-11-07-D1\bs/set_1925
Nbootstrapsets: 2000
phyloFDAfile: c:/dino_nature/code/phylo.fda.R
auxFile: c:/dino_nature/code/auxiliary.r
boneType: femur
regressionData.file: C:/dino_nature/output/2023-11-07-D1\bs/set_1925/femur_set_1925.csv
applyDataFilter: FALSE
addTreeTips: TRUE
Ntrees: 100
calculateTrees: TRUE
saveTrees: FALSE


OPERATIONAL CHECKS:
* Regression data contains multiple copies of some taxa (user added variants of existing test taxa 
   or replacements due to bootstrap are present) which are not in the phylo tree:
     original taxon,   duplicate   
"1","Vulpes_vulpes","Vulpes_vulpes.1"
"2","Bison_bonasus","Bison_bonasus.1"
"3","Dicerorhinus_sumatrensis","Dicerorhinus_sumatrensis.1"
"4","Rynochetus_jubatus","Rynochetus_jubatus.1"
"5","Monodelphis_domestica","Monodelphis_domestica.1"
"6","Monodelphis_domestica","Monodelphis_domestica.2"
"7","Lacerta_viridis","Lacerta_viridis.1"
"8","Ceratotherium_simum","Ceratotherium_simum.1"
"9","Lama_guanicoe","Lama_guanicoe.1"
"10","Xenicus_giliventris","Xenicus_giliventris.1"
"11","Bos_taurus","Bos_taurus.1"
"12","Bos_taurus","Bos_taurus.2"
"13","Rupicapra_rupicapra","Rupicapra_rupicapra.1"
"14","Giraffa_camelopardalis","Giraffa_camelopardalis.1"
"15","Megaloceros_sp","Megaloceros_sp.1"
"16","Lacerta_viridis","Lacerta_viridis.2"
"17","Porphyrio_hochstetteri","Porphyrio_hochstetteri.1"
"18","Rhinoceros_sondaicus","Rhinoceros_sondaicus.1"
"19","Monodelphis_domestica","Monodelphis_domestica.3"
"20","Mustela_nivalis","Mustela_nivalis.1"
"21","Apteryx_owenii_","Apteryx_owenii_.1"
"22","Syncerus_caffer","Syncerus_caffer.1"
"23","Castor_fiber","Castor_fiber.1"
"24","Callophoca_obscura","Callophoca_obscura.1"
"25","Nothosaurus_568","Nothosaurus_568.1"
"26","Ichtyosaurus_","Ichtyosaurus_.1"
"27","Spheniscus","Spheniscus.1"
"28","Dyrosaurid","Dyrosaurid.1"
"29","Pistosaurus","Pistosaurus.1"
"30","Neusticosaurus","Neusticosaurus.1"
"31","Simosaurus","Simosaurus.1"
"32","Phocanella_pumila","Phocanella_pumila.1"
"33","Simosaurus","Simosaurus.2"
"34","Ichtyosaurus_","Ichtyosaurus_.2"
"35","Callophoca_obscura","Callophoca_obscura.2"
"36","Nothosaurus_102","Nothosaurus_102.1"
"37","Tapirus_terrestris","Tapirus_terrestris.1"
"38","Choeropsis_liberiensis","Choeropsis_liberiensis.1"
"39","Ornithorhynchus_anatinus","Ornithorhynchus_anatinus.1"
"40","Nothosaurus_giganteus","Nothosaurus_giganteus.1"
"41","Dyrosaurid","Dyrosaurid.2"
"42","Nothosaurus_568","Nothosaurus_568.2"
"43","Nothosaurus_mirabilis","Nothosaurus_mirabilis.1"
"44","Spinosaurus_","Spinosaurus_.1"
"45","Spinosaurus_","Spinosaurus_.2"
"46","Spinosaurus_","Spinosaurus_.3"
"47","Spinosaurus_","Spinosaurus_.4"
"48","Spinosaurus_","Spinosaurus_.5"
"49","Spinosaurus_","Spinosaurus_.6"
"50","Spinosaurus_","Spinosaurus_.7"
"51","Spinosaurus_","Spinosaurus_.8"
"52","Spinosaurus_","Spinosaurus_.9"
"53","Spinosaurus_","Spinosaurus_.10"
"54","Spinosaurus_","Spinosaurus_.11"
"55","Suchomimus","Suchomimus.1"
"56","Suchomimus","Suchomimus.2"
"57","Suchomimus","Suchomimus.3"
"58","Baryonyx","Baryonyx.1"
"59","Baryonyx","Baryonyx.2"
"60","Baryonyx","Baryonyx.3"
 
* Phylo tree and the main data and strata files have been modified to include duplicated taxa before the scaled random trees are generated.
* Selected categorical labels column: diving.or.not
* diving.or.equal column is identical to Diving column.
* Regression excludes flying taxa.
* Diving labels that are present in regression: 0,2
* lambda (calculated from a random tree) = : 0.13
* index-name alignment check: OK
