Logfile for a session of program: bootstrap_binary.r
-----------------------------------------------------
INPUT:
workDir: C:/dino_nature/output/2023-11-07-D1\bs/set_1774
Nbootstrapsets: 2000
phyloFDAfile: c:/dino_nature/code/phylo.fda.R
auxFile: c:/dino_nature/code/auxiliary.r
boneType: femur
regressionData.file: C:/dino_nature/output/2023-11-07-D1\bs/set_1774/femur_set_1774.csv
applyDataFilter: FALSE
addTreeTips: TRUE
Ntrees: 100
calculateTrees: TRUE
saveTrees: FALSE


OPERATIONAL CHECKS:
* Regression data contains multiple copies of some taxa (user added variants of existing test taxa 
   or replacements due to bootstrap are present) which are not in the phylo tree:
     original taxon,   duplicate   
"1","Rhynchocyon_petersi","Rhynchocyon_petersi.1"
"2","Apteryx_australis","Apteryx_australis.1"
"3","Caloenas_nicobarica","Caloenas_nicobarica.1"
"4","Nyctereutes_procyonoides","Nyctereutes_procyonoides.1"
"5","Cephalophus_silvicultor","Cephalophus_silvicultor.1"
"6","Cephalophus_silvicultor","Cephalophus_silvicultor.2"
"7","Rhinoceros_sondaicus","Rhinoceros_sondaicus.1"
"8","Lacerta_viridis","Lacerta_viridis.1"
"9","Euroscaptor_micrura","Euroscaptor_micrura.1"
"10","Apteryx_owenii_","Apteryx_owenii_.1"
"11","Bos_taurus","Bos_taurus.1"
"12","Bison_bonasus","Bison_bonasus.1"
"13","Euroscaptor_micrura","Euroscaptor_micrura.2"
"14","Mammuthus_sp","Mammuthus_sp.1"
"15","Euroscaptor_micrura","Euroscaptor_micrura.3"
"16","Nyctereutes_procyonoides","Nyctereutes_procyonoides.2"
"17","Meles_meles","Meles_meles.1"
"18","Uncia_uncia","Uncia_uncia.1"
"19","Atlantisia_rogersi","Atlantisia_rogersi.1"
"20","Apteryx_australis","Apteryx_australis.2"
"21","Okapia_johnstoni","Okapia_johnstoni.1"
"22","Sus_scrofa","Sus_scrofa.1"
"23","Apteryx_owenii_","Apteryx_owenii_.2"
"24","Porphyrio_hochstetteri","Porphyrio_hochstetteri.1"
"25","Giraffa_camelopardalis","Giraffa_camelopardalis.1"
"26","Hexaprotodon_garyam","Hexaprotodon_garyam.1"
"27","Hexaprotodon_garyam","Hexaprotodon_garyam.2"
"28","Palaeospheniscus","Palaeospheniscus.1"
"29","Palaeospheniscus","Palaeospheniscus.2"
"30","Otaria_byronia","Otaria_byronia.1"
"31","Rodhocetus","Rodhocetus.1"
"32","Castor_fiber","Castor_fiber.1"
"33","Nothosaurus_giganteus","Nothosaurus_giganteus.1"
"34","Hexaprotodon_garyam","Hexaprotodon_garyam.3"
"35","Leptophoca_proxima","Leptophoca_proxima.1"
"36","Otaria_byronia","Otaria_byronia.2"
"37","Pistosaurus","Pistosaurus.1"
"38","Nothosaurus_giganteus","Nothosaurus_giganteus.2"
"39","Hesperornis","Hesperornis.1"
"40","Alligator","Alligator.1"
"41","Ichtyosaur_sp","Ichtyosaur_sp.1"
"42","Alligator","Alligator.2"
"43","large_eocene_stem_penguin","large_eocene_stem_penguin.1"
"44","Palaeospheniscus","Palaeospheniscus.3"
"45","Placondontia_indet","Placondontia_indet.1"
"46","Chironectes_minimus","Chironectes_minimus.1"
"47","Anarosaurus","Anarosaurus.1"
"48","Phocanella_pumila","Phocanella_pumila.1"
"49","Spinosaurus_","Spinosaurus_.1"
"50","Spinosaurus_","Spinosaurus_.2"
"51","Spinosaurus_","Spinosaurus_.3"
"52","Spinosaurus_","Spinosaurus_.4"
"53","Spinosaurus_","Spinosaurus_.5"
"54","Spinosaurus_","Spinosaurus_.6"
"55","Spinosaurus_","Spinosaurus_.7"
"56","Spinosaurus_","Spinosaurus_.8"
"57","Spinosaurus_","Spinosaurus_.9"
"58","Spinosaurus_","Spinosaurus_.10"
"59","Spinosaurus_","Spinosaurus_.11"
"60","Suchomimus","Suchomimus.1"
"61","Suchomimus","Suchomimus.2"
"62","Suchomimus","Suchomimus.3"
"63","Baryonyx","Baryonyx.1"
"64","Baryonyx","Baryonyx.2"
"65","Baryonyx","Baryonyx.3"
 
* Phylo tree and the main data and strata files have been modified to include duplicated taxa before the scaled random trees are generated.
* Selected categorical labels column: diving.or.not
* diving.or.equal column is identical to Diving column.
* Regression excludes flying taxa.
* Diving labels that are present in regression: 0,2
* lambda (calculated from a random tree) = : 0.06
* index-name alignment check: OK
