Logfile for a session of program: bootstrap_binary.r
-----------------------------------------------------
INPUT:
workDir: C:/dino_nature/output/2023-11-07-D1\bs/set_1091
Nbootstrapsets: 2000
phyloFDAfile: c:/dino_nature/code/phylo.fda.R
auxFile: c:/dino_nature/code/auxiliary.r
boneType: femur
regressionData.file: C:/dino_nature/output/2023-11-07-D1\bs/set_1091/femur_set_1091.csv
applyDataFilter: FALSE
addTreeTips: TRUE
Ntrees: 100
calculateTrees: TRUE
saveTrees: FALSE


OPERATIONAL CHECKS:
* Regression data contains multiple copies of some taxa (user added variants of existing test taxa 
   or replacements due to bootstrap are present) which are not in the phylo tree:
     original taxon,   duplicate   
"1","Cephalophus_silvicultor","Cephalophus_silvicultor.1"
"2","Porphyrio_hochstetteri","Porphyrio_hochstetteri.1"
"3","Porphyrio_hochstetteri","Porphyrio_hochstetteri.2"
"4","Hemiechinus_azurites","Hemiechinus_azurites.1"
"5","Dromaius_","Dromaius_.1"
"6","Mus_musculus","Mus_musculus.1"
"7","Cephalophus_silvicultor","Cephalophus_silvicultor.2"
"8","Hemiechinus_azurites","Hemiechinus_azurites.2"
"9","Meles_meles","Meles_meles.1"
"10","Rhynchocyon_petersi","Rhynchocyon_petersi.1"
"11","Tribonyx_mortieri","Tribonyx_mortieri.1"
"12","Hemiechinus_azurites","Hemiechinus_azurites.3"
"13","Bos_taurus","Bos_taurus.1"
"14","Mus_musculus","Mus_musculus.2"
"15","Rangifer_tarandus","Rangifer_tarandus.1"
"16","Microgale_thomasi","Microgale_thomasi.1"
"17","Hemiechinus_azurites","Hemiechinus_azurites.4"
"18","Dama_dama","Dama_dama.1"
"19","Alces_americanus","Alces_americanus.1"
"20","Dama_dama","Dama_dama.2"
"21","Porphyrio_hochstetteri","Porphyrio_hochstetteri.3"
"22","Nanophoca_vitulinoides","Nanophoca_vitulinoides.1"
"23","Micropotamogale_euwenzorii","Micropotamogale_euwenzorii.1"
"24","Cricosaurus","Cricosaurus.1"
"25","Rodhocetus","Rodhocetus.1"
"26","Callophoca_obscura","Callophoca_obscura.1"
"27","Otaria_byronia","Otaria_byronia.1"
"28","Cricosaurus","Cricosaurus.2"
"29","Chironectes_minimus","Chironectes_minimus.1"
"30","Small_Eocene_penguin","Small_Eocene_penguin.1"
"31","Small_Eocene_penguin","Small_Eocene_penguin.2"
"32","Cryptoclidus","Cryptoclidus.1"
"33","Neusticosaurus","Neusticosaurus.1"
"34","Neusticosaurus","Neusticosaurus.2"
"35","Anarosaurus","Anarosaurus.1"
"36","Small_Eocene_penguin","Small_Eocene_penguin.3"
"37","Nanophoca_vitulinoides","Nanophoca_vitulinoides.2"
"38","Ichtyosaur_sp","Ichtyosaur_sp.1"
"39","Nanophoca_vitulinoides","Nanophoca_vitulinoides.3"
"40","Nanophoca_vitulinoides","Nanophoca_vitulinoides.4"
"41","Spinosaurus_","Spinosaurus_.1"
"42","Spinosaurus_","Spinosaurus_.2"
"43","Spinosaurus_","Spinosaurus_.3"
"44","Spinosaurus_","Spinosaurus_.4"
"45","Spinosaurus_","Spinosaurus_.5"
"46","Spinosaurus_","Spinosaurus_.6"
"47","Spinosaurus_","Spinosaurus_.7"
"48","Spinosaurus_","Spinosaurus_.8"
"49","Spinosaurus_","Spinosaurus_.9"
"50","Spinosaurus_","Spinosaurus_.10"
"51","Spinosaurus_","Spinosaurus_.11"
"52","Suchomimus","Suchomimus.1"
"53","Suchomimus","Suchomimus.2"
"54","Suchomimus","Suchomimus.3"
"55","Baryonyx","Baryonyx.1"
"56","Baryonyx","Baryonyx.2"
"57","Baryonyx","Baryonyx.3"
 
* Phylo tree and the main data and strata files have been modified to include duplicated taxa before the scaled random trees are generated.
* Selected categorical labels column: diving.or.not
* diving.or.equal column is identical to Diving column.
* Regression excludes flying taxa.
* Diving labels that are present in regression: 0,2
* lambda (calculated from a random tree) = : 0.09
* index-name alignment check: OK
