Logfile for a session of program: bootstrap_binary.r
-----------------------------------------------------
INPUT:
workDir: C:/dino_nature/output/2023-11-07-D1\bs/set_1785
Nbootstrapsets: 2000
phyloFDAfile: c:/dino_nature/code/phylo.fda.R
auxFile: c:/dino_nature/code/auxiliary.r
boneType: femur
regressionData.file: C:/dino_nature/output/2023-11-07-D1\bs/set_1785/femur_set_1785.csv
applyDataFilter: FALSE
addTreeTips: TRUE
Ntrees: 100
calculateTrees: TRUE
saveTrees: FALSE


OPERATIONAL CHECKS:
* Regression data contains multiple copies of some taxa (user added variants of existing test taxa 
   or replacements due to bootstrap are present) which are not in the phylo tree:
     original taxon,   duplicate   
"1","Megaloceros_sp","Megaloceros_sp.1"
"2","Megaloceros_sp","Megaloceros_sp.2"
"3","Apteryx_owenii_","Apteryx_owenii_.1"
"4","Procavia_capensis","Procavia_capensis.1"
"5","Megaloceros_sp","Megaloceros_sp.3"
"6","Raphus","Raphus.1"
"7","Microgale_thomasi","Microgale_thomasi.1"
"8","Cephalophus_silvicultor","Cephalophus_silvicultor.1"
"9","Mustela_nivalis","Mustela_nivalis.1"
"10","Dasyurus_maculatus","Dasyurus_maculatus.1"
"11","Mustela_nivalis","Mustela_nivalis.2"
"12","Euroscaptor_micrura","Euroscaptor_micrura.1"
"13","Dasyurus_maculatus","Dasyurus_maculatus.2"
"14","Dicerorhinus_sumatrensis","Dicerorhinus_sumatrensis.1"
"15","Elomeryx_borbonicus_","Elomeryx_borbonicus_.1"
"16","Dicerorhinus_sumatrensis","Dicerorhinus_sumatrensis.2"
"17","Rhinoceros_sondaicus","Rhinoceros_sondaicus.1"
"18","Euroscaptor_micrura","Euroscaptor_micrura.2"
"19","Euroscaptor_micrura","Euroscaptor_micrura.3"
"20","Alces_americanus","Alces_americanus.1"
"21","Rhinoceros_sondaicus","Rhinoceros_sondaicus.2"
"22","Choeropsis_liberiensis","Choeropsis_liberiensis.1"
"23","Dyrosaurid","Dyrosaurid.1"
"24","Choeropsis_liberiensis","Choeropsis_liberiensis.2"
"25","Placondontia_indet","Placondontia_indet.1"
"26","Leptophoca_proxima","Leptophoca_proxima.1"
"27","Leptophoca_proxima","Leptophoca_proxima.2"
"28","Choeropsis_liberiensis","Choeropsis_liberiensis.3"
"29","Chironectes_minimus","Chironectes_minimus.1"
"30","Leptophoca_proxima","Leptophoca_proxima.3"
"31","Cryptoclidus","Cryptoclidus.1"
"32","Nothosaurus_102","Nothosaurus_102.1"
"33","Spheniscus","Spheniscus.1"
"34","Placondontia_indet","Placondontia_indet.2"
"35","Nothosaurus_150","Nothosaurus_150.1"
"36","Pistosaurus","Pistosaurus.1"
"37","Phocanella_pumila","Phocanella_pumila.1"
"38","Alligator","Alligator.1"
"39","Psephoderma","Psephoderma.1"
"40","Chapsosaurus_","Chapsosaurus_.1"
"41","Chapsosaurus_","Chapsosaurus_.2"
"42","Dyrosaurid","Dyrosaurid.2"
"43","Leptophoca_proxima","Leptophoca_proxima.4"
"44","Spinosaurus_","Spinosaurus_.1"
"45","Spinosaurus_","Spinosaurus_.2"
"46","Spinosaurus_","Spinosaurus_.3"
"47","Spinosaurus_","Spinosaurus_.4"
"48","Spinosaurus_","Spinosaurus_.5"
"49","Spinosaurus_","Spinosaurus_.6"
"50","Spinosaurus_","Spinosaurus_.7"
"51","Spinosaurus_","Spinosaurus_.8"
"52","Spinosaurus_","Spinosaurus_.9"
"53","Spinosaurus_","Spinosaurus_.10"
"54","Spinosaurus_","Spinosaurus_.11"
"55","Suchomimus","Suchomimus.1"
"56","Suchomimus","Suchomimus.2"
"57","Suchomimus","Suchomimus.3"
"58","Baryonyx","Baryonyx.1"
"59","Baryonyx","Baryonyx.2"
"60","Baryonyx","Baryonyx.3"
 
* Phylo tree and the main data and strata files have been modified to include duplicated taxa before the scaled random trees are generated.
* Selected categorical labels column: diving.or.not
* diving.or.equal column is identical to Diving column.
* Regression excludes flying taxa.
* Diving labels that are present in regression: 0,2
* lambda (calculated from a random tree) = : 0.11
* index-name alignment check: OK
