Logfile for a session of program: bootstrap_binary.r
-----------------------------------------------------
INPUT:
workDir: C:/dino_nature/output/2023-11-07-D1\bs/set_674
Nbootstrapsets: 2000
phyloFDAfile: c:/dino_nature/code/phylo.fda.R
auxFile: c:/dino_nature/code/auxiliary.r
boneType: femur
regressionData.file: C:/dino_nature/output/2023-11-07-D1\bs/set_674/femur_set_674.csv
applyDataFilter: FALSE
addTreeTips: TRUE
Ntrees: 100
calculateTrees: TRUE
saveTrees: FALSE


OPERATIONAL CHECKS:
* Regression data contains multiple copies of some taxa (user added variants of existing test taxa 
   or replacements due to bootstrap are present) which are not in the phylo tree:
     original taxon,   duplicate   
"1","Rynochetus_jubatus","Rynochetus_jubatus.1"
"2","Alces_americanus","Alces_americanus.1"
"3","Ceratotherium_simum","Ceratotherium_simum.1"
"4","Felis_felis","Felis_felis.1"
"5","Rattus_rattus","Rattus_rattus.1"
"6","Strigiops_habroptilus","Strigiops_habroptilus.1"
"7","Lama_guanicoe","Lama_guanicoe.1"
"8","Loxodonta_africana","Loxodonta_africana.1"
"9","Euroscaptor_micrura","Euroscaptor_micrura.1"
"10","Dicerorhinus_sumatrensis","Dicerorhinus_sumatrensis.1"
"11","Diplomesodon_pulchellum","Diplomesodon_pulchellum.1"
"12","Lacerta_viridis","Lacerta_viridis.1"
"13","Syncerus_caffer","Syncerus_caffer.1"
"14","Tribonyx_mortieri","Tribonyx_mortieri.1"
"15","Rangifer_tarandus","Rangifer_tarandus.1"
"16","Megaloceros_sp","Megaloceros_sp.1"
"17","Monodelphis_domestica","Monodelphis_domestica.1"
"18","Lama_guanicoe","Lama_guanicoe.2"
"19","Capreolus_capreolus","Capreolus_capreolus.1"
"20","Tenrec_ecaudatus","Tenrec_ecaudatus.1"
"21","Dicerorhinus_sumatrensis","Dicerorhinus_sumatrensis.2"
"22","Tapirus_terrestris","Tapirus_terrestris.1"
"23","Choeropsis_liberiensis","Choeropsis_liberiensis.1"
"24","Callophoca_obscura","Callophoca_obscura.1"
"25","Callophoca_obscura","Callophoca_obscura.2"
"26","Caiman_yacare","Caiman_yacare.1"
"27","Alligator","Alligator.1"
"28","Desmostylus_hesperus","Desmostylus_hesperus.1"
"29","Alligator","Alligator.2"
"30","Palaeospheniscus","Palaeospheniscus.1"
"31","Nothosaurus_mirabilis_1","Nothosaurus_mirabilis_1.1"
"32","Palaeospheniscus","Palaeospheniscus.2"
"33","Champsosaurus","Champsosaurus.1"
"34","Nothosaurus_mirabilis","Nothosaurus_mirabilis.1"
"35","Champsosaurus","Champsosaurus.2"
"36","Palaeospheniscus","Palaeospheniscus.3"
"37","Ichtyosaur_sp","Ichtyosaur_sp.1"
"38","Ichtyosaur_sp","Ichtyosaur_sp.2"
"39","Ornithorhynchus_anatinus","Ornithorhynchus_anatinus.1"
"40","Nothosaurus_102","Nothosaurus_102.1"
"41","Maiacetus","Maiacetus.1"
"42","Dyrosaurid","Dyrosaurid.1"
"43","Hippopotamus_amphibius","Hippopotamus_amphibius.1"
"44","Spinosaurus_","Spinosaurus_.1"
"45","Spinosaurus_","Spinosaurus_.2"
"46","Spinosaurus_","Spinosaurus_.3"
"47","Spinosaurus_","Spinosaurus_.4"
"48","Spinosaurus_","Spinosaurus_.5"
"49","Spinosaurus_","Spinosaurus_.6"
"50","Spinosaurus_","Spinosaurus_.7"
"51","Spinosaurus_","Spinosaurus_.8"
"52","Spinosaurus_","Spinosaurus_.9"
"53","Spinosaurus_","Spinosaurus_.10"
"54","Spinosaurus_","Spinosaurus_.11"
"55","Suchomimus","Suchomimus.1"
"56","Suchomimus","Suchomimus.2"
"57","Suchomimus","Suchomimus.3"
"58","Baryonyx","Baryonyx.1"
"59","Baryonyx","Baryonyx.2"
"60","Baryonyx","Baryonyx.3"
 
* Phylo tree and the main data and strata files have been modified to include duplicated taxa before the scaled random trees are generated.
* Selected categorical labels column: diving.or.not
* diving.or.equal column is identical to Diving column.
* Regression excludes flying taxa.
* Diving labels that are present in regression: 0,2
* lambda (calculated from a random tree) = : 0.09
* index-name alignment check: OK
