Logfile for a session of program: bootstrap_binary.r
-----------------------------------------------------
INPUT:
workDir: C:/dino_nature/output/2023-11-07-D1\bs/set_862
Nbootstrapsets: 2000
phyloFDAfile: c:/dino_nature/code/phylo.fda.R
auxFile: c:/dino_nature/code/auxiliary.r
boneType: femur
regressionData.file: C:/dino_nature/output/2023-11-07-D1\bs/set_862/femur_set_862.csv
applyDataFilter: FALSE
addTreeTips: TRUE
Ntrees: 100
calculateTrees: TRUE
saveTrees: FALSE


OPERATIONAL CHECKS:
* Regression data contains multiple copies of some taxa (user added variants of existing test taxa 
   or replacements due to bootstrap are present) which are not in the phylo tree:
     original taxon,   duplicate   
"1","Rhinoceros_sondaicus","Rhinoceros_sondaicus.1"
"2","Mammuthus_sp","Mammuthus_sp.1"
"3","Bison_bonasus","Bison_bonasus.1"
"4","Rangifer_tarandus","Rangifer_tarandus.1"
"5","Myrmecophaga_tridactyla","Myrmecophaga_tridactyla.1"
"6","Dasyurus_maculatus","Dasyurus_maculatus.1"
"7","Brachyodus_onoideum","Brachyodus_onoideum.1"
"8","Dasyurus_maculatus","Dasyurus_maculatus.2"
"9","Dromaius_","Dromaius_.1"
"10","Rupicapra_rupicapra","Rupicapra_rupicapra.1"
"11","Dasyurus_maculatus","Dasyurus_maculatus.3"
"12","Rangifer_tarandus","Rangifer_tarandus.2"
"13","Ceratotherium_simum","Ceratotherium_simum.1"
"14","Rynochetus_jubatus","Rynochetus_jubatus.1"
"15","Myrmecophaga_tridactyla","Myrmecophaga_tridactyla.2"
"16","Syncerus_caffer","Syncerus_caffer.1"
"17","Xenicus_giliventris","Xenicus_giliventris.1"
"18","Rynochetus_jubatus","Rynochetus_jubatus.2"
"19","Lacerta_viridis","Lacerta_viridis.1"
"20","Rattus_rattus","Rattus_rattus.1"
"21","Myrmecophaga_tridactyla","Myrmecophaga_tridactyla.3"
"22","Cephalophus_silvicultor","Cephalophus_silvicultor.1"
"23","Rhinoceros_sondaicus","Rhinoceros_sondaicus.2"
"24","Tribonyx_mortieri","Tribonyx_mortieri.1"
"25","Rhaeticosaurus","Rhaeticosaurus.1"
"26","Simosaurus_1","Simosaurus_1.1"
"27","Serpianosaurus","Serpianosaurus.1"
"28","Nothosaurus_giganteus","Nothosaurus_giganteus.1"
"29","Neusticosaurus","Neusticosaurus.1"
"30","Micropotamogale_euwenzorii","Micropotamogale_euwenzorii.1"
"31","Neusticosaurus","Neusticosaurus.2"
"32","Nothosaurus_568","Nothosaurus_568.1"
"33","Chironectes_minimus","Chironectes_minimus.1"
"34","Rhaeticosaurus","Rhaeticosaurus.2"
"35","Nothosaurus_568","Nothosaurus_568.2"
"36","Simosaurus","Simosaurus.1"
"37","Dyrosaurid","Dyrosaurid.1"
"38","Protochampsidae","Protochampsidae.1"
"39","Rhaeticosaurus","Rhaeticosaurus.3"
"40","Simosaurus","Simosaurus.2"
"41","Nothosaurus_568","Nothosaurus_568.3"
"42","Cryptoclidus","Cryptoclidus.1"
"43","Spinosaurus_","Spinosaurus_.1"
"44","Spinosaurus_","Spinosaurus_.2"
"45","Spinosaurus_","Spinosaurus_.3"
"46","Spinosaurus_","Spinosaurus_.4"
"47","Spinosaurus_","Spinosaurus_.5"
"48","Spinosaurus_","Spinosaurus_.6"
"49","Spinosaurus_","Spinosaurus_.7"
"50","Spinosaurus_","Spinosaurus_.8"
"51","Spinosaurus_","Spinosaurus_.9"
"52","Spinosaurus_","Spinosaurus_.10"
"53","Spinosaurus_","Spinosaurus_.11"
"54","Suchomimus","Suchomimus.1"
"55","Suchomimus","Suchomimus.2"
"56","Suchomimus","Suchomimus.3"
"57","Baryonyx","Baryonyx.1"
"58","Baryonyx","Baryonyx.2"
"59","Baryonyx","Baryonyx.3"
 
* Phylo tree and the main data and strata files have been modified to include duplicated taxa before the scaled random trees are generated.
* Selected categorical labels column: diving.or.not
* diving.or.equal column is identical to Diving column.
* Regression excludes flying taxa.
* Diving labels that are present in regression: 0,2
* lambda (calculated from a random tree) = : 0.16
* index-name alignment check: OK
