Logfile for a session of program: bootstrap_binary.r
-----------------------------------------------------
INPUT:
workDir: C:/dino_nature/output/2023-11-07-D1\bs/set_1629
Nbootstrapsets: 2000
phyloFDAfile: c:/dino_nature/code/phylo.fda.R
auxFile: c:/dino_nature/code/auxiliary.r
boneType: femur
regressionData.file: C:/dino_nature/output/2023-11-07-D1\bs/set_1629/femur_set_1629.csv
applyDataFilter: FALSE
addTreeTips: TRUE
Ntrees: 100
calculateTrees: TRUE
saveTrees: FALSE


OPERATIONAL CHECKS:
* Regression data contains multiple copies of some taxa (user added variants of existing test taxa 
   or replacements due to bootstrap are present) which are not in the phylo tree:
     original taxon,   duplicate   
"1","Felis_felis","Felis_felis.1"
"2","Hemiechinus_azurites","Hemiechinus_azurites.1"
"3","Tamandua_tetradactyla","Tamandua_tetradactyla.1"
"4","Strigiops_habroptilus","Strigiops_habroptilus.1"
"5","Mammuthus_sp","Mammuthus_sp.1"
"6","Felis_felis","Felis_felis.2"
"7","Raphus","Raphus.1"
"8","Lama_guanicoe","Lama_guanicoe.1"
"9","Pogona_viceps","Pogona_viceps.1"
"10","Paguma_larvata","Paguma_larvata.1"
"11","Diplomesodon_pulchellum","Diplomesodon_pulchellum.1"
"12","Pogona_viceps","Pogona_viceps.2"
"13","Rangifer_tarandus","Rangifer_tarandus.1"
"14","Dromaius_","Dromaius_.1"
"15","Alces_americanus","Alces_americanus.1"
"16","Ceratotherium_simum","Ceratotherium_simum.1"
"17","Porphyrio_hochstetteri","Porphyrio_hochstetteri.1"
"18","Micropotamogale_euwenzorii","Micropotamogale_euwenzorii.1"
"19","Caiman_yacare","Caiman_yacare.1"
"20","Caiman_yacare","Caiman_yacare.2"
"21","Callophoca_obscura","Callophoca_obscura.1"
"22","Simosaurus","Simosaurus.1"
"23","Nothosaurus_mirabilis","Nothosaurus_mirabilis.1"
"24","Placodontia_indet_1","Placodontia_indet_1.1"
"25","Hydromys_chrysogaster","Hydromys_chrysogaster.1"
"26","Callophoca_obscura","Callophoca_obscura.2"
"27","Aptenodytes______","Aptenodytes______.1"
"28","Desmostylus_hesperus","Desmostylus_hesperus.1"
"29","Chapsosaurus_","Chapsosaurus_.1"
"30","Chapsosaurus_","Chapsosaurus_.2"
"31","Simosaurus_1","Simosaurus_1.1"
"32","Hesperornis","Hesperornis.1"
"33","Chapsosaurus_","Chapsosaurus_.3"
"34","Caiman_yacare","Caiman_yacare.3"
"35","Nothosaurus_mirabilis","Nothosaurus_mirabilis.2"
"36","Maiacetus","Maiacetus.1"
"37","Aptenodytes______","Aptenodytes______.2"
"38","Simosaurus","Simosaurus.2"
"39","Hesperornis","Hesperornis.2"
"40","Callophoca_obscura","Callophoca_obscura.3"
"41","Nothosaurus_102","Nothosaurus_102.1"
"42","Hydromys_chrysogaster","Hydromys_chrysogaster.2"
"43","Nothosaurus_mirabilis","Nothosaurus_mirabilis.3"
"44","Spinosaurus_","Spinosaurus_.1"
"45","Spinosaurus_","Spinosaurus_.2"
"46","Spinosaurus_","Spinosaurus_.3"
"47","Spinosaurus_","Spinosaurus_.4"
"48","Spinosaurus_","Spinosaurus_.5"
"49","Spinosaurus_","Spinosaurus_.6"
"50","Spinosaurus_","Spinosaurus_.7"
"51","Spinosaurus_","Spinosaurus_.8"
"52","Spinosaurus_","Spinosaurus_.9"
"53","Spinosaurus_","Spinosaurus_.10"
"54","Spinosaurus_","Spinosaurus_.11"
"55","Suchomimus","Suchomimus.1"
"56","Suchomimus","Suchomimus.2"
"57","Suchomimus","Suchomimus.3"
"58","Baryonyx","Baryonyx.1"
"59","Baryonyx","Baryonyx.2"
"60","Baryonyx","Baryonyx.3"
 
* Phylo tree and the main data and strata files have been modified to include duplicated taxa before the scaled random trees are generated.
* Selected categorical labels column: diving.or.not
* diving.or.equal column is identical to Diving column.
* Regression excludes flying taxa.
* Diving labels that are present in regression: 0,2
* lambda (calculated from a random tree) = : 0.07
* index-name alignment check: OK
