Logfile for a session of program: bootstrap_binary.r
-----------------------------------------------------
INPUT:
workDir: C:/dino_nature/output/2023-11-07-D1\bs/set_1162
Nbootstrapsets: 2000
phyloFDAfile: c:/dino_nature/code/phylo.fda.R
auxFile: c:/dino_nature/code/auxiliary.r
boneType: femur
regressionData.file: C:/dino_nature/output/2023-11-07-D1\bs/set_1162/femur_set_1162.csv
applyDataFilter: FALSE
addTreeTips: TRUE
Ntrees: 100
calculateTrees: TRUE
saveTrees: FALSE


OPERATIONAL CHECKS:
* Regression data contains multiple copies of some taxa (user added variants of existing test taxa 
   or replacements due to bootstrap are present) which are not in the phylo tree:
     original taxon,   duplicate   
"1","Rhynchocyon_petersi","Rhynchocyon_petersi.1"
"2","Nyctereutes_procyonoides","Nyctereutes_procyonoides.1"
"3","Elephas_maximus","Elephas_maximus.1"
"4","Rynochetus_jubatus","Rynochetus_jubatus.1"
"5","Mus_musculus","Mus_musculus.1"
"6","Loxodonta_africana","Loxodonta_africana.1"
"7","Elephas_maximus","Elephas_maximus.2"
"8","Nyctereutes_procyonoides","Nyctereutes_procyonoides.2"
"9","Dasyurus_maculatus","Dasyurus_maculatus.1"
"10","Dama_dama","Dama_dama.1"
"11","Rattus_rattus","Rattus_rattus.1"
"12","Elephas_maximus","Elephas_maximus.3"
"13","Bos_taurus","Bos_taurus.1"
"14","Microgale_thomasi","Microgale_thomasi.1"
"15","Nyctereutes_procyonoides","Nyctereutes_procyonoides.3"
"16","Apteryx_owenii_","Apteryx_owenii_.1"
"17","Hemiechinus_azurites","Hemiechinus_azurites.1"
"18","Elephas_maximus","Elephas_maximus.4"
"19","Porphyrio_hochstetteri","Porphyrio_hochstetteri.1"
"20","Diplomesodon_pulchellum","Diplomesodon_pulchellum.1"
"21","Rhynchocyon_petersi","Rhynchocyon_petersi.2"
"22","Myrmecophaga_tridactyla","Myrmecophaga_tridactyla.1"
"23","Nothosaurus_mirabilis","Nothosaurus_mirabilis.1"
"24","Plesiosaurus","Plesiosaurus.1"
"25","Protochampsidae","Protochampsidae.1"
"26","Plesiosaurus","Plesiosaurus.2"
"27","Rhaeticosaurus","Rhaeticosaurus.1"
"28","Callophoca_obscura","Callophoca_obscura.1"
"29","Rhaeticosaurus","Rhaeticosaurus.2"
"30","Pistosaurus","Pistosaurus.1"
"31","Small_Eocene_penguin","Small_Eocene_penguin.1"
"32","Placondontia_indet","Placondontia_indet.1"
"33","Chironectes_minimus","Chironectes_minimus.1"
"34","Nothosaurus_150","Nothosaurus_150.1"
"35","Serpianosaurus","Serpianosaurus.1"
"36","Ichtyosaur_sp","Ichtyosaur_sp.1"
"37","Micropotamogale_euwenzorii","Micropotamogale_euwenzorii.1"
"38","Placondontia_indet","Placondontia_indet.2"
"39","Serpianosaurus","Serpianosaurus.2"
"40","Lutra_vulgaris","Lutra_vulgaris.1"
"41","Serpianosaurus","Serpianosaurus.3"
"42","Anarosaurus","Anarosaurus.1"
"43","Leptophoca_proxima","Leptophoca_proxima.1"
"44","Spinosaurus_","Spinosaurus_.1"
"45","Spinosaurus_","Spinosaurus_.2"
"46","Spinosaurus_","Spinosaurus_.3"
"47","Spinosaurus_","Spinosaurus_.4"
"48","Spinosaurus_","Spinosaurus_.5"
"49","Spinosaurus_","Spinosaurus_.6"
"50","Spinosaurus_","Spinosaurus_.7"
"51","Spinosaurus_","Spinosaurus_.8"
"52","Spinosaurus_","Spinosaurus_.9"
"53","Spinosaurus_","Spinosaurus_.10"
"54","Spinosaurus_","Spinosaurus_.11"
"55","Suchomimus","Suchomimus.1"
"56","Suchomimus","Suchomimus.2"
"57","Suchomimus","Suchomimus.3"
"58","Baryonyx","Baryonyx.1"
"59","Baryonyx","Baryonyx.2"
"60","Baryonyx","Baryonyx.3"
 
* Phylo tree and the main data and strata files have been modified to include duplicated taxa before the scaled random trees are generated.
* Selected categorical labels column: diving.or.not
* diving.or.equal column is identical to Diving column.
* Regression excludes flying taxa.
* Diving labels that are present in regression: 0,2
* lambda (calculated from a random tree) = : 0.13
* index-name alignment check: OK
