Logfile for a session of program: bootstrap_binary.r
-----------------------------------------------------
INPUT:
workDir: C:/dino_nature/output/2023-11-07-D1\bs/set_602
Nbootstrapsets: 2000
phyloFDAfile: c:/dino_nature/code/phylo.fda.R
auxFile: c:/dino_nature/code/auxiliary.r
boneType: femur
regressionData.file: C:/dino_nature/output/2023-11-07-D1\bs/set_602/femur_set_602.csv
applyDataFilter: FALSE
addTreeTips: TRUE
Ntrees: 100
calculateTrees: TRUE
saveTrees: FALSE


OPERATIONAL CHECKS:
* Regression data contains multiple copies of some taxa (user added variants of existing test taxa 
   or replacements due to bootstrap are present) which are not in the phylo tree:
     original taxon,   duplicate   
"1","Tamandua_tetradactyla","Tamandua_tetradactyla.1"
"2","Sphenodon_punctatus","Sphenodon_punctatus.1"
"3","Sphenodon_punctatus","Sphenodon_punctatus.2"
"4","Caloenas_nicobarica","Caloenas_nicobarica.1"
"5","Tribonyx_mortieri","Tribonyx_mortieri.1"
"6","Rynochetus_jubatus","Rynochetus_jubatus.1"
"7","Strigiops_habroptilus","Strigiops_habroptilus.1"
"8","Megaloceros_sp","Megaloceros_sp.1"
"9","Paguma_larvata","Paguma_larvata.1"
"10","Sus_scrofa","Sus_scrofa.1"
"11","Hemiechinus_azurites","Hemiechinus_azurites.1"
"12","Loxodonta_africana","Loxodonta_africana.1"
"13","Myrmecophaga_tridactyla","Myrmecophaga_tridactyla.1"
"14","Taxidea_taxus","Taxidea_taxus.1"
"15","Tribonyx_mortieri","Tribonyx_mortieri.2"
"16","Rhinoceros_sondaicus","Rhinoceros_sondaicus.1"
"17","Dromaius_","Dromaius_.1"
"18","Rhynchocyon_petersi","Rhynchocyon_petersi.1"
"19","Lutra_vulgaris","Lutra_vulgaris.1"
"20","Dyrosaurid","Dyrosaurid.1"
"21","Nothosaurus_102","Nothosaurus_102.1"
"22","Nothosaurus_mirabilis","Nothosaurus_mirabilis.1"
"23","Castor_fiber","Castor_fiber.1"
"24","Callophoca_obscura","Callophoca_obscura.1"
"25","Psephoderma","Psephoderma.1"
"26","Otaria_byronia","Otaria_byronia.1"
"27","Placondontia_indet","Placondontia_indet.1"
"28","Lutra_vulgaris","Lutra_vulgaris.2"
"29","Nothosaurus_102","Nothosaurus_102.2"
"30","Paraplacodus","Paraplacodus.1"
"31","Psephoderma","Psephoderma.2"
"32","Phalacrocorax_harrisi","Phalacrocorax_harrisi.1"
"33","Basilosaurus","Basilosaurus.1"
"34","Nothosaurus_mirabilis","Nothosaurus_mirabilis.2"
"35","Phocanella_pumila","Phocanella_pumila.1"
"36","Metryorhynchus","Metryorhynchus.1"
"37","Spinosaurus_","Spinosaurus_.1"
"38","Spinosaurus_","Spinosaurus_.2"
"39","Spinosaurus_","Spinosaurus_.3"
"40","Spinosaurus_","Spinosaurus_.4"
"41","Spinosaurus_","Spinosaurus_.5"
"42","Spinosaurus_","Spinosaurus_.6"
"43","Spinosaurus_","Spinosaurus_.7"
"44","Spinosaurus_","Spinosaurus_.8"
"45","Spinosaurus_","Spinosaurus_.9"
"46","Spinosaurus_","Spinosaurus_.10"
"47","Spinosaurus_","Spinosaurus_.11"
"48","Suchomimus","Suchomimus.1"
"49","Suchomimus","Suchomimus.2"
"50","Suchomimus","Suchomimus.3"
"51","Baryonyx","Baryonyx.1"
"52","Baryonyx","Baryonyx.2"
"53","Baryonyx","Baryonyx.3"
 
* Phylo tree and the main data and strata files have been modified to include duplicated taxa before the scaled random trees are generated.
* Selected categorical labels column: diving.or.not
* diving.or.equal column is identical to Diving column.
* Regression excludes flying taxa.
* Diving labels that are present in regression: 0,2
* lambda (calculated from a random tree) = : 0.11
* index-name alignment check: OK
