Logfile for a session of program: bootstrap_binary.r
-----------------------------------------------------
INPUT:
workDir: C:/dino_nature/output/2023-11-07-D1\bs/set_202
Nbootstrapsets: 2000
phyloFDAfile: c:/dino_nature/code/phylo.fda.R
auxFile: c:/dino_nature/code/auxiliary.r
boneType: femur
regressionData.file: C:/dino_nature/output/2023-11-07-D1\bs/set_202/femur_set_202.csv
applyDataFilter: FALSE
addTreeTips: TRUE
Ntrees: 100
calculateTrees: TRUE
saveTrees: FALSE


OPERATIONAL CHECKS:
* Regression data contains multiple copies of some taxa (user added variants of existing test taxa 
   or replacements due to bootstrap are present) which are not in the phylo tree:
     original taxon,   duplicate   
"1","Cephalophus_silvicultor","Cephalophus_silvicultor.1"
"2","Hemiechinus_azurites","Hemiechinus_azurites.1"
"3","Mammuthus_sp","Mammuthus_sp.1"
"4","Megaloceros_sp","Megaloceros_sp.1"
"5","Ceratotherium_simum","Ceratotherium_simum.1"
"6","Bison_bonasus","Bison_bonasus.1"
"7","Rynochetus_jubatus","Rynochetus_jubatus.1"
"8","Capreolus_capreolus","Capreolus_capreolus.1"
"9","Dicerorhinus_sumatrensis","Dicerorhinus_sumatrensis.1"
"10","Xenicus_giliventris","Xenicus_giliventris.1"
"11","Mammuthus_sp","Mammuthus_sp.2"
"12","Apteryx_australis","Apteryx_australis.1"
"13","Vulpes_vulpes","Vulpes_vulpes.1"
"14","Apteryx_australis","Apteryx_australis.2"
"15","Brachyodus_onoideum","Brachyodus_onoideum.1"
"16","Meles_meles","Meles_meles.1"
"17","Uncia_uncia","Uncia_uncia.1"
"18","Hemiechinus_azurites","Hemiechinus_azurites.2"
"19","Rhynchocyon_petersi","Rhynchocyon_petersi.1"
"20","Rhinoceros_sondaicus","Rhinoceros_sondaicus.1"
"21","Elephas_maximus","Elephas_maximus.1"
"22","Spheniscus","Spheniscus.1"
"23","Ichtyosaurus_","Ichtyosaurus_.1"
"24","Anarosaurus","Anarosaurus.1"
"25","Placondontia_indet","Placondontia_indet.1"
"26","Cryptoclidus","Cryptoclidus.1"
"27","Ornithorhynchus_anatinus","Ornithorhynchus_anatinus.1"
"28","large_eocene_stem_penguin","large_eocene_stem_penguin.1"
"29","Tapirus_terrestris","Tapirus_terrestris.1"
"30","Nothosaurus_giganteus","Nothosaurus_giganteus.1"
"31","Small_Eocene_penguin","Small_Eocene_penguin.1"
"32","Caiman_yacare","Caiman_yacare.1"
"33","Spheniscus","Spheniscus.2"
"34","Dyrosaurid","Dyrosaurid.1"
"35","Nothosaurus_giganteus","Nothosaurus_giganteus.2"
"36","Nothosaurus_mirabilis","Nothosaurus_mirabilis.1"
"37","Cricosaurus","Cricosaurus.1"
"38","Desmana_moschata","Desmana_moschata.1"
"39","Small_Eocene_penguin","Small_Eocene_penguin.2"
"40","Maiacetus","Maiacetus.1"
"41","Spinosaurus_","Spinosaurus_.1"
"42","Spinosaurus_","Spinosaurus_.2"
"43","Spinosaurus_","Spinosaurus_.3"
"44","Spinosaurus_","Spinosaurus_.4"
"45","Spinosaurus_","Spinosaurus_.5"
"46","Spinosaurus_","Spinosaurus_.6"
"47","Spinosaurus_","Spinosaurus_.7"
"48","Spinosaurus_","Spinosaurus_.8"
"49","Spinosaurus_","Spinosaurus_.9"
"50","Spinosaurus_","Spinosaurus_.10"
"51","Spinosaurus_","Spinosaurus_.11"
"52","Suchomimus","Suchomimus.1"
"53","Suchomimus","Suchomimus.2"
"54","Suchomimus","Suchomimus.3"
"55","Baryonyx","Baryonyx.1"
"56","Baryonyx","Baryonyx.2"
"57","Baryonyx","Baryonyx.3"
 
* Phylo tree and the main data and strata files have been modified to include duplicated taxa before the scaled random trees are generated.
* Selected categorical labels column: diving.or.not
* diving.or.equal column is identical to Diving column.
* Regression excludes flying taxa.
* Diving labels that are present in regression: 0,2
* lambda (calculated from a random tree) = : 0.12
* index-name alignment check: OK
