Logfile for a session of program: bootstrap_binary.r
-----------------------------------------------------
INPUT:
workDir: C:/dino_nature/output/2023-11-07-D1\bs/set_1998
Nbootstrapsets: 2000
phyloFDAfile: c:/dino_nature/code/phylo.fda.R
auxFile: c:/dino_nature/code/auxiliary.r
boneType: femur
regressionData.file: C:/dino_nature/output/2023-11-07-D1\bs/set_1998/femur_set_1998.csv
applyDataFilter: FALSE
addTreeTips: TRUE
Ntrees: 100
calculateTrees: TRUE
saveTrees: FALSE


OPERATIONAL CHECKS:
* Regression data contains multiple copies of some taxa (user added variants of existing test taxa 
   or replacements due to bootstrap are present) which are not in the phylo tree:
     original taxon,   duplicate   
"1","Sphenodon_punctatus","Sphenodon_punctatus.1"
"2","Rattus_rattus","Rattus_rattus.1"
"3","Sphenodon_punctatus","Sphenodon_punctatus.2"
"4","Bos_taurus","Bos_taurus.1"
"5","Loxodonta_africana","Loxodonta_africana.1"
"6","Okapia_johnstoni","Okapia_johnstoni.1"
"7","Taxidea_taxus","Taxidea_taxus.1"
"8","Okapia_johnstoni","Okapia_johnstoni.2"
"9","Giraffa_camelopardalis","Giraffa_camelopardalis.1"
"10","Elephas_maximus","Elephas_maximus.1"
"11","Strigiops_habroptilus","Strigiops_habroptilus.1"
"12","Giraffa_camelopardalis","Giraffa_camelopardalis.2"
"13","Euroscaptor_micrura","Euroscaptor_micrura.1"
"14","Giraffa_camelopardalis","Giraffa_camelopardalis.3"
"15","Pogona_viceps","Pogona_viceps.1"
"16","Paguma_larvata","Paguma_larvata.1"
"17","Tenrec_ecaudatus","Tenrec_ecaudatus.1"
"18","Elomeryx_borbonicus_","Elomeryx_borbonicus_.1"
"19","Tamandua_tetradactyla","Tamandua_tetradactyla.1"
"20","Xenicus_giliventris","Xenicus_giliventris.1"
"21","Giraffa_camelopardalis","Giraffa_camelopardalis.4"
"22","Bos_taurus","Bos_taurus.2"
"23","Bos_taurus","Bos_taurus.3"
"24","Bos_taurus","Bos_taurus.4"
"25","Plesiosaurus","Plesiosaurus.1"
"26","Remingtonocetus","Remingtonocetus.1"
"27","Rhaeticosaurus","Rhaeticosaurus.1"
"28","large_eocene_stem_penguin","large_eocene_stem_penguin.1"
"29","Hexaprotodon_garyam","Hexaprotodon_garyam.1"
"30","large_eocene_stem_penguin","large_eocene_stem_penguin.2"
"31","Metryorhynchus","Metryorhynchus.1"
"32","Nothosaurus_150","Nothosaurus_150.1"
"33","Nothosaurus_102","Nothosaurus_102.1"
"34","Hydromys_chrysogaster","Hydromys_chrysogaster.1"
"35","Placondontia_indet","Placondontia_indet.1"
"36","Nothosaurus_giganteus","Nothosaurus_giganteus.1"
"37","Ichtyosaurus_","Ichtyosaurus_.1"
"38","Psephoderma","Psephoderma.1"
"39","Champsosaurus","Champsosaurus.1"
"40","Maiacetus","Maiacetus.1"
"41","Hydromys_chrysogaster","Hydromys_chrysogaster.2"
"42","Spheniscus","Spheniscus.1"
"43","Remingtonocetus","Remingtonocetus.2"
"44","Neusticosaurus","Neusticosaurus.1"
"45","Spinosaurus_","Spinosaurus_.1"
"46","Spinosaurus_","Spinosaurus_.2"
"47","Spinosaurus_","Spinosaurus_.3"
"48","Spinosaurus_","Spinosaurus_.4"
"49","Spinosaurus_","Spinosaurus_.5"
"50","Spinosaurus_","Spinosaurus_.6"
"51","Spinosaurus_","Spinosaurus_.7"
"52","Spinosaurus_","Spinosaurus_.8"
"53","Spinosaurus_","Spinosaurus_.9"
"54","Spinosaurus_","Spinosaurus_.10"
"55","Spinosaurus_","Spinosaurus_.11"
"56","Suchomimus","Suchomimus.1"
"57","Suchomimus","Suchomimus.2"
"58","Suchomimus","Suchomimus.3"
"59","Baryonyx","Baryonyx.1"
"60","Baryonyx","Baryonyx.2"
"61","Baryonyx","Baryonyx.3"
 
* Phylo tree and the main data and strata files have been modified to include duplicated taxa before the scaled random trees are generated.
* Selected categorical labels column: diving.or.not
* diving.or.equal column is identical to Diving column.
* Regression excludes flying taxa.
* Diving labels that are present in regression: 0,2
* lambda (calculated from a random tree) = : 0.16
* index-name alignment check: OK
