Logfile for a session of program: bootstrap_binary.r
-----------------------------------------------------
INPUT:
workDir: C:/dino_nature/output/2023-11-07-D1\bs/set_537
Nbootstrapsets: 2000
phyloFDAfile: c:/dino_nature/code/phylo.fda.R
auxFile: c:/dino_nature/code/auxiliary.r
boneType: femur
regressionData.file: C:/dino_nature/output/2023-11-07-D1\bs/set_537/femur_set_537.csv
applyDataFilter: FALSE
addTreeTips: TRUE
Ntrees: 100
calculateTrees: TRUE
saveTrees: FALSE


OPERATIONAL CHECKS:
* Regression data contains multiple copies of some taxa (user added variants of existing test taxa 
   or replacements due to bootstrap are present) which are not in the phylo tree:
     original taxon,   duplicate   
"1","Bison_bonasus","Bison_bonasus.1"
"2","Dromaius_","Dromaius_.1"
"3","Rhynchocyon_petersi","Rhynchocyon_petersi.1"
"4","Cephalophus_silvicultor","Cephalophus_silvicultor.1"
"5","Ceratotherium_simum","Ceratotherium_simum.1"
"6","Tenrec_ecaudatus","Tenrec_ecaudatus.1"
"7","Dicerorhinus_sumatrensis","Dicerorhinus_sumatrensis.1"
"8","Apteryx_owenii_","Apteryx_owenii_.1"
"9","Uncia_uncia","Uncia_uncia.1"
"10","Hemiechinus_azurites","Hemiechinus_azurites.1"
"11","Apteryx_owenii_","Apteryx_owenii_.2"
"12","Elephas_maximus","Elephas_maximus.1"
"13","Meles_meles","Meles_meles.1"
"14","Tribonyx_mortieri","Tribonyx_mortieri.1"
"15","Lacerta_viridis","Lacerta_viridis.1"
"16","Megaloceros_sp","Megaloceros_sp.1"
"17","Myrmecophaga_tridactyla","Myrmecophaga_tridactyla.1"
"18","Uncia_uncia","Uncia_uncia.2"
"19","Myrmecophaga_tridactyla","Myrmecophaga_tridactyla.2"
"20","Sphenodon_punctatus","Sphenodon_punctatus.1"
"21","Uncia_uncia","Uncia_uncia.3"
"22","Mammuthus_sp","Mammuthus_sp.1"
"23","Chironectes_minimus","Chironectes_minimus.1"
"24","Desmana_moschata","Desmana_moschata.1"
"25","Ichtyosaurus_","Ichtyosaurus_.1"
"26","Hydromys_chrysogaster","Hydromys_chrysogaster.1"
"27","Neusticosaurus","Neusticosaurus.1"
"28","Rhaeticosaurus","Rhaeticosaurus.1"
"29","Small_Eocene_penguin","Small_Eocene_penguin.1"
"30","Maiacetus","Maiacetus.1"
"31","Small_Eocene_penguin","Small_Eocene_penguin.2"
"32","Hydromys_chrysogaster","Hydromys_chrysogaster.2"
"33","Caiman_yacare","Caiman_yacare.1"
"34","Hexaprotodon_garyam","Hexaprotodon_garyam.1"
"35","Nothosaurus_102","Nothosaurus_102.1"
"36","Cricosaurus","Cricosaurus.1"
"37","Rodhocetus","Rodhocetus.1"
"38","Chironectes_minimus","Chironectes_minimus.2"
"39","Psephoderma","Psephoderma.1"
"40","Spinosaurus_","Spinosaurus_.1"
"41","Spinosaurus_","Spinosaurus_.2"
"42","Spinosaurus_","Spinosaurus_.3"
"43","Spinosaurus_","Spinosaurus_.4"
"44","Spinosaurus_","Spinosaurus_.5"
"45","Spinosaurus_","Spinosaurus_.6"
"46","Spinosaurus_","Spinosaurus_.7"
"47","Spinosaurus_","Spinosaurus_.8"
"48","Spinosaurus_","Spinosaurus_.9"
"49","Spinosaurus_","Spinosaurus_.10"
"50","Spinosaurus_","Spinosaurus_.11"
"51","Suchomimus","Suchomimus.1"
"52","Suchomimus","Suchomimus.2"
"53","Suchomimus","Suchomimus.3"
"54","Baryonyx","Baryonyx.1"
"55","Baryonyx","Baryonyx.2"
"56","Baryonyx","Baryonyx.3"
 
* Phylo tree and the main data and strata files have been modified to include duplicated taxa before the scaled random trees are generated.
* Selected categorical labels column: diving.or.not
* diving.or.equal column is identical to Diving column.
* Regression excludes flying taxa.
* Diving labels that are present in regression: 0,2
* lambda (calculated from a random tree) = : 0.13
* index-name alignment check: OK
