Logfile for a session of program: bootstrap_binary.r
-----------------------------------------------------
INPUT:
workDir: C:/dino_nature/output/2023-11-07-D1\bs/set_124
Nbootstrapsets: 2000
phyloFDAfile: c:/dino_nature/code/phylo.fda.R
auxFile: c:/dino_nature/code/auxiliary.r
boneType: femur
regressionData.file: C:/dino_nature/output/2023-11-07-D1\bs/set_124/femur_set_124.csv
applyDataFilter: FALSE
addTreeTips: TRUE
Ntrees: 100
calculateTrees: TRUE
saveTrees: FALSE


OPERATIONAL CHECKS:
* Regression data contains multiple copies of some taxa (user added variants of existing test taxa 
   or replacements due to bootstrap are present) which are not in the phylo tree:
     original taxon,   duplicate   
"1","Dicerorhinus_sumatrensis","Dicerorhinus_sumatrensis.1"
"2","Rangifer_tarandus","Rangifer_tarandus.1"
"3","Rynochetus_jubatus","Rynochetus_jubatus.1"
"4","Cephalophus_silvicultor","Cephalophus_silvicultor.1"
"5","Brachyodus_onoideum","Brachyodus_onoideum.1"
"6","Apteryx_australis","Apteryx_australis.1"
"7","Diplomesodon_pulchellum","Diplomesodon_pulchellum.1"
"8","Lacerta_viridis","Lacerta_viridis.1"
"9","Rangifer_tarandus","Rangifer_tarandus.2"
"10","Alces_americanus","Alces_americanus.1"
"11","Nyctereutes_procyonoides","Nyctereutes_procyonoides.1"
"12","Dicerorhinus_sumatrensis","Dicerorhinus_sumatrensis.2"
"13","Paguma_larvata","Paguma_larvata.1"
"14","Cephalophus_silvicultor","Cephalophus_silvicultor.2"
"15","Rhynchocyon_petersi","Rhynchocyon_petersi.1"
"16","Apteryx_australis","Apteryx_australis.2"
"17","Rupicapra_rupicapra","Rupicapra_rupicapra.1"
"18","Lacerta_viridis","Lacerta_viridis.2"
"19","Okapia_johnstoni","Okapia_johnstoni.1"
"20","Elomeryx_borbonicus_","Elomeryx_borbonicus_.1"
"21","Procyon_lotor","Procyon_lotor.1"
"22","Rupicapra_rupicapra","Rupicapra_rupicapra.2"
"23","Paguma_larvata","Paguma_larvata.2"
"24","Nothosaurus_102","Nothosaurus_102.1"
"25","Psephoderma","Psephoderma.1"
"26","Protochampsidae","Protochampsidae.1"
"27","Paraplacodus","Paraplacodus.1"
"28","Leptophoca_proxima","Leptophoca_proxima.1"
"29","Paraplacodus","Paraplacodus.2"
"30","Caiman_yacare","Caiman_yacare.1"
"31","Spheniscus","Spheniscus.1"
"32","Spheniscus","Spheniscus.2"
"33","Spheniscus","Spheniscus.3"
"34","Nothosaurus_mirabilis","Nothosaurus_mirabilis.1"
"35","Small_Eocene_penguin","Small_Eocene_penguin.1"
"36","Noemys_fodies","Noemys_fodies.1"
"37","Leptophoca_proxima","Leptophoca_proxima.2"
"38","Phalacrocorax_harrisi","Phalacrocorax_harrisi.1"
"39","Small_Eocene_penguin","Small_Eocene_penguin.2"
"40","Tapirus_terrestris","Tapirus_terrestris.1"
"41","Simosaurus_1","Simosaurus_1.1"
"42","Desmana_moschata","Desmana_moschata.1"
"43","Placondontia_indet","Placondontia_indet.1"
"44","Leptophoca_proxima","Leptophoca_proxima.3"
"45","Spinosaurus_","Spinosaurus_.1"
"46","Spinosaurus_","Spinosaurus_.2"
"47","Spinosaurus_","Spinosaurus_.3"
"48","Spinosaurus_","Spinosaurus_.4"
"49","Spinosaurus_","Spinosaurus_.5"
"50","Spinosaurus_","Spinosaurus_.6"
"51","Spinosaurus_","Spinosaurus_.7"
"52","Spinosaurus_","Spinosaurus_.8"
"53","Spinosaurus_","Spinosaurus_.9"
"54","Spinosaurus_","Spinosaurus_.10"
"55","Spinosaurus_","Spinosaurus_.11"
"56","Suchomimus","Suchomimus.1"
"57","Suchomimus","Suchomimus.2"
"58","Suchomimus","Suchomimus.3"
"59","Baryonyx","Baryonyx.1"
"60","Baryonyx","Baryonyx.2"
"61","Baryonyx","Baryonyx.3"
 
* Phylo tree and the main data and strata files have been modified to include duplicated taxa before the scaled random trees are generated.
* Selected categorical labels column: diving.or.not
* diving.or.equal column is identical to Diving column.
* Regression excludes flying taxa.
* Diving labels that are present in regression: 0,2
* lambda (calculated from a random tree) = : 0.08
* index-name alignment check: OK
