Logfile for a session of program: bootstrap_binary.r
-----------------------------------------------------
INPUT:
workDir: C:/dino_nature/output/2023-11-07-D1\bs/set_1034
Nbootstrapsets: 2000
phyloFDAfile: c:/dino_nature/code/phylo.fda.R
auxFile: c:/dino_nature/code/auxiliary.r
boneType: femur
regressionData.file: C:/dino_nature/output/2023-11-07-D1\bs/set_1034/femur_set_1034.csv
applyDataFilter: FALSE
addTreeTips: TRUE
Ntrees: 100
calculateTrees: TRUE
saveTrees: FALSE


OPERATIONAL CHECKS:
* Regression data contains multiple copies of some taxa (user added variants of existing test taxa 
   or replacements due to bootstrap are present) which are not in the phylo tree:
     original taxon,   duplicate   
"1","Rangifer_tarandus","Rangifer_tarandus.1"
"2","Capreolus_capreolus","Capreolus_capreolus.1"
"3","Cephalophus_silvicultor","Cephalophus_silvicultor.1"
"4","Rangifer_tarandus","Rangifer_tarandus.2"
"5","Tamandua_tetradactyla","Tamandua_tetradactyla.1"
"6","Pogona_viceps","Pogona_viceps.1"
"7","Hemiechinus_azurites","Hemiechinus_azurites.1"
"8","Tamandua_tetradactyla","Tamandua_tetradactyla.2"
"9","Mus_musculus","Mus_musculus.1"
"10","Felis_felis","Felis_felis.1"
"11","Syncerus_caffer","Syncerus_caffer.1"
"12","Caloenas_nicobarica","Caloenas_nicobarica.1"
"13","Sus_scrofa","Sus_scrofa.1"
"14","Rhynchocyon_petersi","Rhynchocyon_petersi.1"
"15","Alces_americanus","Alces_americanus.1"
"16","Megaloceros_sp","Megaloceros_sp.1"
"17","Capreolus_capreolus","Capreolus_capreolus.2"
"18","Hemiechinus_azurites","Hemiechinus_azurites.2"
"19","Brachyodus_onoideum","Brachyodus_onoideum.1"
"20","Cephalophus_silvicultor","Cephalophus_silvicultor.2"
"21","Desmana_moschata","Desmana_moschata.1"
"22","Rhaeticosaurus","Rhaeticosaurus.1"
"23","Placondontia_indet","Placondontia_indet.1"
"24","Phocanella_pumila","Phocanella_pumila.1"
"25","Lutra_vulgaris","Lutra_vulgaris.1"
"26","Desmana_moschata","Desmana_moschata.2"
"27","Desmana_moschata","Desmana_moschata.3"
"28","Placondontia_indet","Placondontia_indet.2"
"29","Spheniscus","Spheniscus.1"
"30","Champsosaurus","Champsosaurus.1"
"31","Paraplacodus","Paraplacodus.1"
"32","Nothosaurus_giganteus","Nothosaurus_giganteus.1"
"33","Lutra_vulgaris","Lutra_vulgaris.2"
"34","Otaria_byronia","Otaria_byronia.1"
"35","Nothosaurus_102","Nothosaurus_102.1"
"36","Pistosaurus","Pistosaurus.1"
"37","Hexaprotodon_garyam","Hexaprotodon_garyam.1"
"38","Choeropsis_liberiensis","Choeropsis_liberiensis.1"
"39","Hesperornis","Hesperornis.1"
"40","Rhaeticosaurus","Rhaeticosaurus.2"
"41","Micropotamogale_euwenzorii","Micropotamogale_euwenzorii.1"
"42","Anarosaurus","Anarosaurus.1"
"43","Hippopotamus_amphibius","Hippopotamus_amphibius.1"
"44","Noemys_fodies","Noemys_fodies.1"
"45","Spinosaurus_","Spinosaurus_.1"
"46","Spinosaurus_","Spinosaurus_.2"
"47","Spinosaurus_","Spinosaurus_.3"
"48","Spinosaurus_","Spinosaurus_.4"
"49","Spinosaurus_","Spinosaurus_.5"
"50","Spinosaurus_","Spinosaurus_.6"
"51","Spinosaurus_","Spinosaurus_.7"
"52","Spinosaurus_","Spinosaurus_.8"
"53","Spinosaurus_","Spinosaurus_.9"
"54","Spinosaurus_","Spinosaurus_.10"
"55","Spinosaurus_","Spinosaurus_.11"
"56","Suchomimus","Suchomimus.1"
"57","Suchomimus","Suchomimus.2"
"58","Suchomimus","Suchomimus.3"
"59","Baryonyx","Baryonyx.1"
"60","Baryonyx","Baryonyx.2"
"61","Baryonyx","Baryonyx.3"
 
* Phylo tree and the main data and strata files have been modified to include duplicated taxa before the scaled random trees are generated.
* Selected categorical labels column: diving.or.not
* diving.or.equal column is identical to Diving column.
* Regression excludes flying taxa.
* Diving labels that are present in regression: 0,2
* lambda (calculated from a random tree) = : 0.07
* index-name alignment check: OK
