Logfile for a session of program: bootstrap_binary.r
-----------------------------------------------------
INPUT:
workDir: C:/dino_nature/output/2023-11-07-D1\bs/set_1666
Nbootstrapsets: 2000
phyloFDAfile: c:/dino_nature/code/phylo.fda.R
auxFile: c:/dino_nature/code/auxiliary.r
boneType: femur
regressionData.file: C:/dino_nature/output/2023-11-07-D1\bs/set_1666/femur_set_1666.csv
applyDataFilter: FALSE
addTreeTips: TRUE
Ntrees: 100
calculateTrees: TRUE
saveTrees: FALSE


OPERATIONAL CHECKS:
* Regression data contains multiple copies of some taxa (user added variants of existing test taxa 
   or replacements due to bootstrap are present) which are not in the phylo tree:
     original taxon,   duplicate   
"1","Dromaius_","Dromaius_.1"
"2","Rhinoceros_sondaicus","Rhinoceros_sondaicus.1"
"3","Dromaius_","Dromaius_.2"
"4","Syncerus_caffer","Syncerus_caffer.1"
"5","Megaloceros_sp","Megaloceros_sp.1"
"6","Rhinoceros_sondaicus","Rhinoceros_sondaicus.2"
"7","Myrmecophaga_tridactyla","Myrmecophaga_tridactyla.1"
"8","Megaloceros_sp","Megaloceros_sp.2"
"9","Vulpes_vulpes","Vulpes_vulpes.1"
"10","Sus_scrofa","Sus_scrofa.1"
"11","Tribonyx_mortieri","Tribonyx_mortieri.1"
"12","Caloenas_nicobarica","Caloenas_nicobarica.1"
"13","Rhinoceros_sondaicus","Rhinoceros_sondaicus.3"
"14","Elomeryx_borbonicus_","Elomeryx_borbonicus_.1"
"15","Vulpes_vulpes","Vulpes_vulpes.2"
"16","Caloenas_nicobarica","Caloenas_nicobarica.2"
"17","Megaloceros_sp","Megaloceros_sp.3"
"18","Euroscaptor_micrura","Euroscaptor_micrura.1"
"19","Paguma_larvata","Paguma_larvata.1"
"20","Cephalophus_silvicultor","Cephalophus_silvicultor.1"
"21","Capreolus_capreolus","Capreolus_capreolus.1"
"22","Dyrosaurid","Dyrosaurid.1"
"23","Simosaurus","Simosaurus.1"
"24","Aptenodytes______","Aptenodytes______.1"
"25","Castor_fiber","Castor_fiber.1"
"26","Nothosaurus_mirabilis","Nothosaurus_mirabilis.1"
"27","Leptophoca_proxima","Leptophoca_proxima.1"
"28","Nothosaurus_150","Nothosaurus_150.1"
"29","Small_Eocene_penguin","Small_Eocene_penguin.1"
"30","Desmostylus_hesperus","Desmostylus_hesperus.1"
"31","Small_Eocene_penguin","Small_Eocene_penguin.2"
"32","Pistosaurus","Pistosaurus.1"
"33","Placodontia_indet_1","Placodontia_indet_1.1"
"34","Small_Eocene_penguin","Small_Eocene_penguin.3"
"35","Pistosaurus","Pistosaurus.2"
"36","Leptophoca_proxima","Leptophoca_proxima.2"
"37","Nothosaurus_mirabilis","Nothosaurus_mirabilis.2"
"38","Callophoca_obscura","Callophoca_obscura.1"
"39","Nothosaurus_mirabilis","Nothosaurus_mirabilis.3"
"40","Serpianosaurus","Serpianosaurus.1"
"41","Otaria_byronia","Otaria_byronia.1"
"42","large_eocene_stem_penguin","large_eocene_stem_penguin.1"
"43","Aptenodytes______","Aptenodytes______.2"
"44","Desmostylus_hesperus","Desmostylus_hesperus.2"
"45","Spinosaurus_","Spinosaurus_.1"
"46","Spinosaurus_","Spinosaurus_.2"
"47","Spinosaurus_","Spinosaurus_.3"
"48","Spinosaurus_","Spinosaurus_.4"
"49","Spinosaurus_","Spinosaurus_.5"
"50","Spinosaurus_","Spinosaurus_.6"
"51","Spinosaurus_","Spinosaurus_.7"
"52","Spinosaurus_","Spinosaurus_.8"
"53","Spinosaurus_","Spinosaurus_.9"
"54","Spinosaurus_","Spinosaurus_.10"
"55","Spinosaurus_","Spinosaurus_.11"
"56","Suchomimus","Suchomimus.1"
"57","Suchomimus","Suchomimus.2"
"58","Suchomimus","Suchomimus.3"
"59","Baryonyx","Baryonyx.1"
"60","Baryonyx","Baryonyx.2"
"61","Baryonyx","Baryonyx.3"
 
* Phylo tree and the main data and strata files have been modified to include duplicated taxa before the scaled random trees are generated.
* Selected categorical labels column: diving.or.not
* diving.or.equal column is identical to Diving column.
* Regression excludes flying taxa.
* Diving labels that are present in regression: 0,2
* lambda (calculated from a random tree) = : 0.1
* index-name alignment check: OK
