Logfile for a session of program: bootstrap_binary.r
-----------------------------------------------------
INPUT:
workDir: C:/dino_nature/output/2023-11-07-D1\bs/set_509
Nbootstrapsets: 2000
phyloFDAfile: c:/dino_nature/code/phylo.fda.R
auxFile: c:/dino_nature/code/auxiliary.r
boneType: femur
regressionData.file: C:/dino_nature/output/2023-11-07-D1\bs/set_509/femur_set_509.csv
applyDataFilter: FALSE
addTreeTips: TRUE
Ntrees: 100
calculateTrees: TRUE
saveTrees: FALSE


OPERATIONAL CHECKS:
* Regression data contains multiple copies of some taxa (user added variants of existing test taxa 
   or replacements due to bootstrap are present) which are not in the phylo tree:
     original taxon,   duplicate   
"1","Mammuthus_sp","Mammuthus_sp.1"
"2","Paguma_larvata","Paguma_larvata.1"
"3","Paguma_larvata","Paguma_larvata.2"
"4","Paguma_larvata","Paguma_larvata.3"
"5","Paguma_larvata","Paguma_larvata.4"
"6","Dasyurus_maculatus","Dasyurus_maculatus.1"
"7","Tamandua_tetradactyla","Tamandua_tetradactyla.1"
"8","Atlantisia_rogersi","Atlantisia_rogersi.1"
"9","Caloenas_nicobarica","Caloenas_nicobarica.1"
"10","Tenrec_ecaudatus","Tenrec_ecaudatus.1"
"11","Raphus","Raphus.1"
"12","Sus_scrofa","Sus_scrofa.1"
"13","Dasyurus_maculatus","Dasyurus_maculatus.2"
"14","Rhynchocyon_petersi","Rhynchocyon_petersi.1"
"15","Paguma_larvata","Paguma_larvata.5"
"16","Rangifer_tarandus","Rangifer_tarandus.1"
"17","Mustela_nivalis","Mustela_nivalis.1"
"18","Diplomesodon_pulchellum","Diplomesodon_pulchellum.1"
"19","Rangifer_tarandus","Rangifer_tarandus.2"
"20","Caloenas_nicobarica","Caloenas_nicobarica.2"
"21","Rhynchocyon_petersi","Rhynchocyon_petersi.2"
"22","Lacerta_viridis","Lacerta_viridis.1"
"23","Mustela_nivalis","Mustela_nivalis.2"
"24","Okapia_johnstoni","Okapia_johnstoni.1"
"25","Syncerus_caffer","Syncerus_caffer.1"
"26","Mustela_nivalis","Mustela_nivalis.3"
"27","Champsosaurus","Champsosaurus.1"
"28","Anarosaurus","Anarosaurus.1"
"29","Hexaprotodon_garyam","Hexaprotodon_garyam.1"
"30","Ornithorhynchus_anatinus","Ornithorhynchus_anatinus.1"
"31","Hexaprotodon_garyam","Hexaprotodon_garyam.2"
"32","Placodontia_indet_1","Placodontia_indet_1.1"
"33","Cricosaurus","Cricosaurus.1"
"34","Placodontia_indet_1","Placodontia_indet_1.2"
"35","Hydromys_chrysogaster","Hydromys_chrysogaster.1"
"36","Champsosaurus","Champsosaurus.2"
"37","Chapsosaurus_","Chapsosaurus_.1"
"38","Desmostylus_hesperus","Desmostylus_hesperus.1"
"39","Simosaurus_1","Simosaurus_1.1"
"40","Choeropsis_liberiensis","Choeropsis_liberiensis.1"
"41","Desmostylus_hesperus","Desmostylus_hesperus.2"
"42","Placodontia_indet_1","Placodontia_indet_1.3"
"43","Pistosaurus","Pistosaurus.1"
"44","Aptenodytes______","Aptenodytes______.1"
"45","Ornithorhynchus_anatinus","Ornithorhynchus_anatinus.2"
"46","Phalacrocorax_harrisi","Phalacrocorax_harrisi.1"
"47","Simosaurus_1","Simosaurus_1.2"
"48","Cricosaurus","Cricosaurus.2"
"49","Spinosaurus_","Spinosaurus_.1"
"50","Spinosaurus_","Spinosaurus_.2"
"51","Spinosaurus_","Spinosaurus_.3"
"52","Spinosaurus_","Spinosaurus_.4"
"53","Spinosaurus_","Spinosaurus_.5"
"54","Spinosaurus_","Spinosaurus_.6"
"55","Spinosaurus_","Spinosaurus_.7"
"56","Spinosaurus_","Spinosaurus_.8"
"57","Spinosaurus_","Spinosaurus_.9"
"58","Spinosaurus_","Spinosaurus_.10"
"59","Spinosaurus_","Spinosaurus_.11"
"60","Suchomimus","Suchomimus.1"
"61","Suchomimus","Suchomimus.2"
"62","Suchomimus","Suchomimus.3"
"63","Baryonyx","Baryonyx.1"
"64","Baryonyx","Baryonyx.2"
"65","Baryonyx","Baryonyx.3"
 
* Phylo tree and the main data and strata files have been modified to include duplicated taxa before the scaled random trees are generated.
* Selected categorical labels column: diving.or.not
* diving.or.equal column is identical to Diving column.
* Regression excludes flying taxa.
* Diving labels that are present in regression: 0,2
* lambda (calculated from a random tree) = : 0.07
* index-name alignment check: OK
