Logfile for a session of program: bootstrap_binary.r
-----------------------------------------------------
INPUT:
workDir: C:/dino_nature/output/2023-11-07-D1\bs/set_1479
Nbootstrapsets: 2000
phyloFDAfile: c:/dino_nature/code/phylo.fda.R
auxFile: c:/dino_nature/code/auxiliary.r
boneType: femur
regressionData.file: C:/dino_nature/output/2023-11-07-D1\bs/set_1479/femur_set_1479.csv
applyDataFilter: FALSE
addTreeTips: TRUE
Ntrees: 100
calculateTrees: TRUE
saveTrees: FALSE


OPERATIONAL CHECKS:
* Regression data contains multiple copies of some taxa (user added variants of existing test taxa 
   or replacements due to bootstrap are present) which are not in the phylo tree:
     original taxon,   duplicate   
"1","Dicerorhinus_sumatrensis","Dicerorhinus_sumatrensis.1"
"2","Atlantisia_rogersi","Atlantisia_rogersi.1"
"3","Strigiops_habroptilus","Strigiops_habroptilus.1"
"4","Nyctereutes_procyonoides","Nyctereutes_procyonoides.1"
"5","Elomeryx_borbonicus_","Elomeryx_borbonicus_.1"
"6","Porphyrio_hochstetteri","Porphyrio_hochstetteri.1"
"7","Elomeryx_borbonicus_","Elomeryx_borbonicus_.2"
"8","Dicerorhinus_sumatrensis","Dicerorhinus_sumatrensis.2"
"9","Uncia_uncia","Uncia_uncia.1"
"10","Rynochetus_jubatus","Rynochetus_jubatus.1"
"11","Loxodonta_africana","Loxodonta_africana.1"
"12","Uncia_uncia","Uncia_uncia.2"
"13","Mus_musculus","Mus_musculus.1"
"14","Tenrec_ecaudatus","Tenrec_ecaudatus.1"
"15","Procavia_capensis","Procavia_capensis.1"
"16","Uncia_uncia","Uncia_uncia.3"
"17","Dicerorhinus_sumatrensis","Dicerorhinus_sumatrensis.3"
"18","Vulpes_vulpes","Vulpes_vulpes.1"
"19","Elephas_maximus","Elephas_maximus.1"
"20","Tribonyx_mortieri","Tribonyx_mortieri.1"
"21","Elomeryx_borbonicus_","Elomeryx_borbonicus_.3"
"22","Porphyrio_hochstetteri","Porphyrio_hochstetteri.2"
"23","Xenicus_giliventris","Xenicus_giliventris.1"
"24","Tamandua_tetradactyla","Tamandua_tetradactyla.1"
"25","Meles_meles","Meles_meles.1"
"26","Rynochetus_jubatus","Rynochetus_jubatus.2"
"27","Nothosaurus_568","Nothosaurus_568.1"
"28","Placodontia_indet_1","Placodontia_indet_1.1"
"29","Nothosaurus_mirabilis","Nothosaurus_mirabilis.1"
"30","Hippopotamus_amphibius","Hippopotamus_amphibius.1"
"31","Aptenodytes______","Aptenodytes______.1"
"32","Neusticosaurus","Neusticosaurus.1"
"33","Ornithorhynchus_anatinus","Ornithorhynchus_anatinus.1"
"34","Plesiosaurus","Plesiosaurus.1"
"35","Neusticosaurus","Neusticosaurus.2"
"36","Aptenodytes______","Aptenodytes______.2"
"37","Nothosaurus_mirabilis","Nothosaurus_mirabilis.2"
"38","Aptenodytes______","Aptenodytes______.3"
"39","Hippopotamus_amphibius","Hippopotamus_amphibius.2"
"40","Spheniscus","Spheniscus.1"
"41","Anarosaurus","Anarosaurus.1"
"42","Hexaprotodon_garyam","Hexaprotodon_garyam.1"
"43","Spheniscus","Spheniscus.2"
"44","Plesiosaurus","Plesiosaurus.2"
"45","Phocanella_pumila","Phocanella_pumila.1"
"46","Spinosaurus_","Spinosaurus_.1"
"47","Spinosaurus_","Spinosaurus_.2"
"48","Spinosaurus_","Spinosaurus_.3"
"49","Spinosaurus_","Spinosaurus_.4"
"50","Spinosaurus_","Spinosaurus_.5"
"51","Spinosaurus_","Spinosaurus_.6"
"52","Spinosaurus_","Spinosaurus_.7"
"53","Spinosaurus_","Spinosaurus_.8"
"54","Spinosaurus_","Spinosaurus_.9"
"55","Spinosaurus_","Spinosaurus_.10"
"56","Spinosaurus_","Spinosaurus_.11"
"57","Suchomimus","Suchomimus.1"
"58","Suchomimus","Suchomimus.2"
"59","Suchomimus","Suchomimus.3"
"60","Baryonyx","Baryonyx.1"
"61","Baryonyx","Baryonyx.2"
"62","Baryonyx","Baryonyx.3"
 
* Phylo tree and the main data and strata files have been modified to include duplicated taxa before the scaled random trees are generated.
* Selected categorical labels column: diving.or.not
* diving.or.equal column is identical to Diving column.
* Regression excludes flying taxa.
* Diving labels that are present in regression: 0,2
* lambda (calculated from a random tree) = : 0.11
* index-name alignment check: OK
