Logfile for a session of program: bootstrap_binary.r
-----------------------------------------------------
INPUT:
workDir: C:/dino_nature/output/2023-11-07-D1\bs/set_671
Nbootstrapsets: 2000
phyloFDAfile: c:/dino_nature/code/phylo.fda.R
auxFile: c:/dino_nature/code/auxiliary.r
boneType: femur
regressionData.file: C:/dino_nature/output/2023-11-07-D1\bs/set_671/femur_set_671.csv
applyDataFilter: FALSE
addTreeTips: TRUE
Ntrees: 100
calculateTrees: TRUE
saveTrees: FALSE


OPERATIONAL CHECKS:
* Regression data contains multiple copies of some taxa (user added variants of existing test taxa 
   or replacements due to bootstrap are present) which are not in the phylo tree:
     original taxon,   duplicate   
"1","Porphyrio_hochstetteri","Porphyrio_hochstetteri.1"
"2","Megaloceros_sp","Megaloceros_sp.1"
"3","Pogona_viceps","Pogona_viceps.1"
"4","Rupicapra_rupicapra","Rupicapra_rupicapra.1"
"5","Felis_felis","Felis_felis.1"
"6","Procyon_lotor","Procyon_lotor.1"
"7","Raphus","Raphus.1"
"8","Atlantisia_rogersi","Atlantisia_rogersi.1"
"9","Okapia_johnstoni","Okapia_johnstoni.1"
"10","Rynochetus_jubatus","Rynochetus_jubatus.1"
"11","Dasyurus_maculatus","Dasyurus_maculatus.1"
"12","Rynochetus_jubatus","Rynochetus_jubatus.2"
"13","Dicerorhinus_sumatrensis","Dicerorhinus_sumatrensis.1"
"14","Xenicus_giliventris","Xenicus_giliventris.1"
"15","Atlantisia_rogersi","Atlantisia_rogersi.2"
"16","Vulpes_vulpes","Vulpes_vulpes.1"
"17","Mammuthus_sp","Mammuthus_sp.1"
"18","Rynochetus_jubatus","Rynochetus_jubatus.3"
"19","Dasyurus_maculatus","Dasyurus_maculatus.2"
"20","Nothosaurus_150","Nothosaurus_150.1"
"21","Nothosaurus_giganteus","Nothosaurus_giganteus.1"
"22","Rodhocetus","Rodhocetus.1"
"23","Simosaurus_1","Simosaurus_1.1"
"24","Desmana_moschata","Desmana_moschata.1"
"25","Nothosaurus_150","Nothosaurus_150.2"
"26","Cricosaurus","Cricosaurus.1"
"27","Nothosaurus_mirabilis_1","Nothosaurus_mirabilis_1.1"
"28","Rhaeticosaurus","Rhaeticosaurus.1"
"29","Simosaurus_1","Simosaurus_1.2"
"30","Ornithorhynchus_anatinus","Ornithorhynchus_anatinus.1"
"31","Desmana_moschata","Desmana_moschata.2"
"32","Phocanella_pumila","Phocanella_pumila.1"
"33","Rhaeticosaurus","Rhaeticosaurus.2"
"34","Hippopotamus_amphibius","Hippopotamus_amphibius.1"
"35","Palaeospheniscus","Palaeospheniscus.1"
"36","Nothosaurus_150","Nothosaurus_150.3"
"37","Protochampsidae","Protochampsidae.1"
"38","Basilosaurus","Basilosaurus.1"
"39","Anarosaurus","Anarosaurus.1"
"40","Desmana_moschata","Desmana_moschata.3"
"41","Spinosaurus_","Spinosaurus_.1"
"42","Spinosaurus_","Spinosaurus_.2"
"43","Spinosaurus_","Spinosaurus_.3"
"44","Spinosaurus_","Spinosaurus_.4"
"45","Spinosaurus_","Spinosaurus_.5"
"46","Spinosaurus_","Spinosaurus_.6"
"47","Spinosaurus_","Spinosaurus_.7"
"48","Spinosaurus_","Spinosaurus_.8"
"49","Spinosaurus_","Spinosaurus_.9"
"50","Spinosaurus_","Spinosaurus_.10"
"51","Spinosaurus_","Spinosaurus_.11"
"52","Suchomimus","Suchomimus.1"
"53","Suchomimus","Suchomimus.2"
"54","Suchomimus","Suchomimus.3"
"55","Baryonyx","Baryonyx.1"
"56","Baryonyx","Baryonyx.2"
"57","Baryonyx","Baryonyx.3"
 
* Phylo tree and the main data and strata files have been modified to include duplicated taxa before the scaled random trees are generated.
* Selected categorical labels column: diving.or.not
* diving.or.equal column is identical to Diving column.
* Regression excludes flying taxa.
* Diving labels that are present in regression: 0,2
* lambda (calculated from a random tree) = : 0.1
* index-name alignment check: OK
