Logfile for a session of program: bootstrap_binary.r
-----------------------------------------------------
INPUT:
workDir: C:/dino_nature/output/2023-11-07-D1\bs/set_1275
Nbootstrapsets: 2000
phyloFDAfile: c:/dino_nature/code/phylo.fda.R
auxFile: c:/dino_nature/code/auxiliary.r
boneType: femur
regressionData.file: C:/dino_nature/output/2023-11-07-D1\bs/set_1275/femur_set_1275.csv
applyDataFilter: FALSE
addTreeTips: TRUE
Ntrees: 100
calculateTrees: TRUE
saveTrees: FALSE


OPERATIONAL CHECKS:
* Regression data contains multiple copies of some taxa (user added variants of existing test taxa 
   or replacements due to bootstrap are present) which are not in the phylo tree:
     original taxon,   duplicate   
"1","Capreolus_capreolus","Capreolus_capreolus.1"
"2","Mammuthus_sp","Mammuthus_sp.1"
"3","Lama_guanicoe","Lama_guanicoe.1"
"4","Bison_bonasus","Bison_bonasus.1"
"5","Apteryx_australis","Apteryx_australis.1"
"6","Elephas_maximus","Elephas_maximus.1"
"7","Elephas_maximus","Elephas_maximus.2"
"8","Okapia_johnstoni","Okapia_johnstoni.1"
"9","Uncia_uncia","Uncia_uncia.1"
"10","Rangifer_tarandus","Rangifer_tarandus.1"
"11","Strigiops_habroptilus","Strigiops_habroptilus.1"
"12","Apteryx_australis","Apteryx_australis.2"
"13","Diplomesodon_pulchellum","Diplomesodon_pulchellum.1"
"14","Mammuthus_sp","Mammuthus_sp.2"
"15","Uncia_uncia","Uncia_uncia.2"
"16","Alces_americanus","Alces_americanus.1"
"17","Euroscaptor_micrura","Euroscaptor_micrura.1"
"18","Paguma_larvata","Paguma_larvata.1"
"19","Strigiops_habroptilus","Strigiops_habroptilus.2"
"20","Capreolus_capreolus","Capreolus_capreolus.2"
"21","Loxodonta_africana","Loxodonta_africana.1"
"22","Maiacetus","Maiacetus.1"
"23","Basilosaurus","Basilosaurus.1"
"24","Placondontia_indet","Placondontia_indet.1"
"25","Nothosaurus_giganteus","Nothosaurus_giganteus.1"
"26","Placondontia_indet","Placondontia_indet.2"
"27","Neusticosaurus","Neusticosaurus.1"
"28","Nanophoca_vitulinoides","Nanophoca_vitulinoides.1"
"29","Nanophoca_vitulinoides","Nanophoca_vitulinoides.2"
"30","Cricosaurus","Cricosaurus.1"
"31","Choeropsis_liberiensis","Choeropsis_liberiensis.1"
"32","Cricosaurus","Cricosaurus.2"
"33","Cricosaurus","Cricosaurus.3"
"34","Nothosaurus_568","Nothosaurus_568.1"
"35","Phalacrocorax_harrisi","Phalacrocorax_harrisi.1"
"36","Psephoderma","Psephoderma.1"
"37","Callophoca_obscura","Callophoca_obscura.1"
"38","Phocanella_pumila","Phocanella_pumila.1"
"39","Callophoca_obscura","Callophoca_obscura.2"
"40","Nothosaurus_568","Nothosaurus_568.2"
"41","Otaria_byronia","Otaria_byronia.1"
"42","Spinosaurus_","Spinosaurus_.1"
"43","Spinosaurus_","Spinosaurus_.2"
"44","Spinosaurus_","Spinosaurus_.3"
"45","Spinosaurus_","Spinosaurus_.4"
"46","Spinosaurus_","Spinosaurus_.5"
"47","Spinosaurus_","Spinosaurus_.6"
"48","Spinosaurus_","Spinosaurus_.7"
"49","Spinosaurus_","Spinosaurus_.8"
"50","Spinosaurus_","Spinosaurus_.9"
"51","Spinosaurus_","Spinosaurus_.10"
"52","Spinosaurus_","Spinosaurus_.11"
"53","Suchomimus","Suchomimus.1"
"54","Suchomimus","Suchomimus.2"
"55","Suchomimus","Suchomimus.3"
"56","Baryonyx","Baryonyx.1"
"57","Baryonyx","Baryonyx.2"
"58","Baryonyx","Baryonyx.3"
 
* Phylo tree and the main data and strata files have been modified to include duplicated taxa before the scaled random trees are generated.
* Selected categorical labels column: diving.or.not
* diving.or.equal column is identical to Diving column.
* Regression excludes flying taxa.
* Diving labels that are present in regression: 0,2
* lambda (calculated from a random tree) = : 0.1
* index-name alignment check: OK
