Logfile for a session of program: bootstrap_binary.r
-----------------------------------------------------
INPUT:
workDir: C:/dino_nature/output/2023-11-07-D1\bs/set_907
Nbootstrapsets: 2000
phyloFDAfile: c:/dino_nature/code/phylo.fda.R
auxFile: c:/dino_nature/code/auxiliary.r
boneType: femur
regressionData.file: C:/dino_nature/output/2023-11-07-D1\bs/set_907/femur_set_907.csv
applyDataFilter: FALSE
addTreeTips: TRUE
Ntrees: 100
calculateTrees: TRUE
saveTrees: FALSE


OPERATIONAL CHECKS:
* Regression data contains multiple copies of some taxa (user added variants of existing test taxa 
   or replacements due to bootstrap are present) which are not in the phylo tree:
     original taxon,   duplicate   
"1","Rattus_rattus","Rattus_rattus.1"
"2","Sus_scrofa","Sus_scrofa.1"
"3","Strigiops_habroptilus","Strigiops_habroptilus.1"
"4","Vulpes_vulpes","Vulpes_vulpes.1"
"5","Alces_americanus","Alces_americanus.1"
"6","Felis_felis","Felis_felis.1"
"7","Megaloceros_sp","Megaloceros_sp.1"
"8","Rhinoceros_sondaicus","Rhinoceros_sondaicus.1"
"9","Megaloceros_sp","Megaloceros_sp.2"
"10","Xenicus_giliventris","Xenicus_giliventris.1"
"11","Lacerta_viridis","Lacerta_viridis.1"
"12","Mus_musculus","Mus_musculus.1"
"13","Lacerta_viridis","Lacerta_viridis.2"
"14","Dromaius_","Dromaius_.1"
"15","Lama_guanicoe","Lama_guanicoe.1"
"16","Felis_felis","Felis_felis.2"
"17","Lacerta_viridis","Lacerta_viridis.3"
"18","Xenicus_giliventris","Xenicus_giliventris.2"
"19","Rattus_rattus","Rattus_rattus.2"
"20","Felis_felis","Felis_felis.3"
"21","Lama_guanicoe","Lama_guanicoe.2"
"22","Apteryx_australis","Apteryx_australis.1"
"23","Rhinoceros_sondaicus","Rhinoceros_sondaicus.2"
"24","Rangifer_tarandus","Rangifer_tarandus.1"
"25","Phalacrocorax_harrisi","Phalacrocorax_harrisi.1"
"26","Palaeospheniscus","Palaeospheniscus.1"
"27","Nothosaurus_mirabilis_1","Nothosaurus_mirabilis_1.1"
"28","Maiacetus","Maiacetus.1"
"29","Hippopotamus_amphibius","Hippopotamus_amphibius.1"
"30","Champsosaurus","Champsosaurus.1"
"31","Metryorhynchus","Metryorhynchus.1"
"32","Metryorhynchus","Metryorhynchus.2"
"33","Chironectes_minimus","Chironectes_minimus.1"
"34","Maiacetus","Maiacetus.2"
"35","large_eocene_stem_penguin","large_eocene_stem_penguin.1"
"36","Plesiosaurus","Plesiosaurus.1"
"37","Protochampsidae","Protochampsidae.1"
"38","Palaeospheniscus","Palaeospheniscus.2"
"39","Nothosaurus_mirabilis_1","Nothosaurus_mirabilis_1.2"
"40","Leptophoca_proxima","Leptophoca_proxima.1"
"41","Champsosaurus","Champsosaurus.2"
"42","Maiacetus","Maiacetus.3"
"43","Nothosaurus_568","Nothosaurus_568.1"
"44","Nothosaurus_giganteus","Nothosaurus_giganteus.1"
"45","large_eocene_stem_penguin","large_eocene_stem_penguin.2"
"46","Nothosaurus_568","Nothosaurus_568.2"
"47","Indohyus","Indohyus.1"
"48","Spinosaurus_","Spinosaurus_.1"
"49","Spinosaurus_","Spinosaurus_.2"
"50","Spinosaurus_","Spinosaurus_.3"
"51","Spinosaurus_","Spinosaurus_.4"
"52","Spinosaurus_","Spinosaurus_.5"
"53","Spinosaurus_","Spinosaurus_.6"
"54","Spinosaurus_","Spinosaurus_.7"
"55","Spinosaurus_","Spinosaurus_.8"
"56","Spinosaurus_","Spinosaurus_.9"
"57","Spinosaurus_","Spinosaurus_.10"
"58","Spinosaurus_","Spinosaurus_.11"
"59","Suchomimus","Suchomimus.1"
"60","Suchomimus","Suchomimus.2"
"61","Suchomimus","Suchomimus.3"
"62","Baryonyx","Baryonyx.1"
"63","Baryonyx","Baryonyx.2"
"64","Baryonyx","Baryonyx.3"
 
* Phylo tree and the main data and strata files have been modified to include duplicated taxa before the scaled random trees are generated.
* Selected categorical labels column: diving.or.not
* diving.or.equal column is identical to Diving column.
* Regression excludes flying taxa.
* Diving labels that are present in regression: 0,2
* lambda (calculated from a random tree) = : 0.11
* index-name alignment check: OK
