Logfile for a session of program: bootstrap_binary.r
-----------------------------------------------------
INPUT:
workDir: C:/dino_nature/output/2023-11-07-D1\bs/set_1039
Nbootstrapsets: 2000
phyloFDAfile: c:/dino_nature/code/phylo.fda.R
auxFile: c:/dino_nature/code/auxiliary.r
boneType: femur
regressionData.file: C:/dino_nature/output/2023-11-07-D1\bs/set_1039/femur_set_1039.csv
applyDataFilter: FALSE
addTreeTips: TRUE
Ntrees: 100
calculateTrees: TRUE
saveTrees: FALSE


OPERATIONAL CHECKS:
* Regression data contains multiple copies of some taxa (user added variants of existing test taxa 
   or replacements due to bootstrap are present) which are not in the phylo tree:
     original taxon,   duplicate   
"1","Vulpes_vulpes","Vulpes_vulpes.1"
"2","Caloenas_nicobarica","Caloenas_nicobarica.1"
"3","Caloenas_nicobarica","Caloenas_nicobarica.2"
"4","Felis_felis","Felis_felis.1"
"5","Strigiops_habroptilus","Strigiops_habroptilus.1"
"6","Porphyrio_hochstetteri","Porphyrio_hochstetteri.1"
"7","Felis_felis","Felis_felis.2"
"8","Felis_felis","Felis_felis.3"
"9","Caloenas_nicobarica","Caloenas_nicobarica.3"
"10","Sus_scrofa","Sus_scrofa.1"
"11","Tenrec_ecaudatus","Tenrec_ecaudatus.1"
"12","Rynochetus_jubatus","Rynochetus_jubatus.1"
"13","Vulpes_vulpes","Vulpes_vulpes.2"
"14","Caloenas_nicobarica","Caloenas_nicobarica.4"
"15","Caloenas_nicobarica","Caloenas_nicobarica.5"
"16","Loxodonta_africana","Loxodonta_africana.1"
"17","Sphenodon_punctatus","Sphenodon_punctatus.1"
"18","Vulpes_vulpes","Vulpes_vulpes.3"
"19","Ceratotherium_simum","Ceratotherium_simum.1"
"20","Atlantisia_rogersi","Atlantisia_rogersi.1"
"21","Ceratotherium_simum","Ceratotherium_simum.2"
"22","Okapia_johnstoni","Okapia_johnstoni.1"
"23","Sus_scrofa","Sus_scrofa.2"
"24","Giraffa_camelopardalis","Giraffa_camelopardalis.1"
"25","Mus_musculus","Mus_musculus.1"
"26","Vulpes_vulpes","Vulpes_vulpes.4"
"27","Raphus","Raphus.1"
"28","Desmana_moschata","Desmana_moschata.1"
"29","Placondontia_indet","Placondontia_indet.1"
"30","Desmana_moschata","Desmana_moschata.2"
"31","Nanophoca_vitulinoides","Nanophoca_vitulinoides.1"
"32","Desmana_moschata","Desmana_moschata.3"
"33","Serpianosaurus","Serpianosaurus.1"
"34","Simosaurus","Simosaurus.1"
"35","Nanophoca_vitulinoides","Nanophoca_vitulinoides.2"
"36","Desmostylus_hesperus","Desmostylus_hesperus.1"
"37","Nothosaurus_giganteus","Nothosaurus_giganteus.1"
"38","Palaeospheniscus","Palaeospheniscus.1"
"39","Desmana_moschata","Desmana_moschata.4"
"40","Dyrosaurid","Dyrosaurid.1"
"41","Ichtyosaur_sp","Ichtyosaur_sp.1"
"42","Indohyus","Indohyus.1"
"43","Micropotamogale_euwenzorii","Micropotamogale_euwenzorii.1"
"44","Palaeospheniscus","Palaeospheniscus.2"
"45","Tapirus_terrestris","Tapirus_terrestris.1"
"46","Alligator","Alligator.1"
"47","Spinosaurus_","Spinosaurus_.1"
"48","Spinosaurus_","Spinosaurus_.2"
"49","Spinosaurus_","Spinosaurus_.3"
"50","Spinosaurus_","Spinosaurus_.4"
"51","Spinosaurus_","Spinosaurus_.5"
"52","Spinosaurus_","Spinosaurus_.6"
"53","Spinosaurus_","Spinosaurus_.7"
"54","Spinosaurus_","Spinosaurus_.8"
"55","Spinosaurus_","Spinosaurus_.9"
"56","Spinosaurus_","Spinosaurus_.10"
"57","Spinosaurus_","Spinosaurus_.11"
"58","Suchomimus","Suchomimus.1"
"59","Suchomimus","Suchomimus.2"
"60","Suchomimus","Suchomimus.3"
"61","Baryonyx","Baryonyx.1"
"62","Baryonyx","Baryonyx.2"
"63","Baryonyx","Baryonyx.3"
 
* Phylo tree and the main data and strata files have been modified to include duplicated taxa before the scaled random trees are generated.
* Selected categorical labels column: diving.or.not
* diving.or.equal column is identical to Diving column.
* Regression excludes flying taxa.
* Diving labels that are present in regression: 0,2
* lambda (calculated from a random tree) = : 0.06
* index-name alignment check: OK
