Logfile for a session of program: bootstrap_binary.r
-----------------------------------------------------
INPUT:
workDir: C:/dino_nature/output/2023-11-07-D1\bs/set_1989
Nbootstrapsets: 2000
phyloFDAfile: c:/dino_nature/code/phylo.fda.R
auxFile: c:/dino_nature/code/auxiliary.r
boneType: femur
regressionData.file: C:/dino_nature/output/2023-11-07-D1\bs/set_1989/femur_set_1989.csv
applyDataFilter: FALSE
addTreeTips: TRUE
Ntrees: 100
calculateTrees: TRUE
saveTrees: FALSE


OPERATIONAL CHECKS:
* Regression data contains multiple copies of some taxa (user added variants of existing test taxa 
   or replacements due to bootstrap are present) which are not in the phylo tree:
     original taxon,   duplicate   
"1","Sus_scrofa","Sus_scrofa.1"
"2","Uncia_uncia","Uncia_uncia.1"
"3","Nyctereutes_procyonoides","Nyctereutes_procyonoides.1"
"4","Procyon_lotor","Procyon_lotor.1"
"5","Euroscaptor_micrura","Euroscaptor_micrura.1"
"6","Sus_scrofa","Sus_scrofa.2"
"7","Okapia_johnstoni","Okapia_johnstoni.1"
"8","Porphyrio_hochstetteri","Porphyrio_hochstetteri.1"
"9","Sus_scrofa","Sus_scrofa.3"
"10","Procavia_capensis","Procavia_capensis.1"
"11","Giraffa_camelopardalis","Giraffa_camelopardalis.1"
"12","Tribonyx_mortieri","Tribonyx_mortieri.1"
"13","Ceratotherium_simum","Ceratotherium_simum.1"
"14","Tenrec_ecaudatus","Tenrec_ecaudatus.1"
"15","Rynochetus_jubatus","Rynochetus_jubatus.1"
"16","Euroscaptor_micrura","Euroscaptor_micrura.2"
"17","Sus_scrofa","Sus_scrofa.4"
"18","Lacerta_viridis","Lacerta_viridis.1"
"19","Rattus_rattus","Rattus_rattus.1"
"20","Giraffa_camelopardalis","Giraffa_camelopardalis.2"
"21","Sus_scrofa","Sus_scrofa.5"
"22","Serpianosaurus","Serpianosaurus.1"
"23","Nanophoca_vitulinoides","Nanophoca_vitulinoides.1"
"24","Remingtonocetus","Remingtonocetus.1"
"25","Alligator","Alligator.1"
"26","Psephoderma","Psephoderma.1"
"27","Plesiosaurus","Plesiosaurus.1"
"28","Rhaeticosaurus","Rhaeticosaurus.1"
"29","Nanophoca_vitulinoides","Nanophoca_vitulinoides.2"
"30","Chironectes_minimus","Chironectes_minimus.1"
"31","large_eocene_stem_penguin","large_eocene_stem_penguin.1"
"32","Nothosaurus_150","Nothosaurus_150.1"
"33","large_eocene_stem_penguin","large_eocene_stem_penguin.2"
"34","Serpianosaurus","Serpianosaurus.2"
"35","Nothosaurus_102","Nothosaurus_102.1"
"36","Ichtyosaurus_","Ichtyosaurus_.1"
"37","Ichtyosaur_sp","Ichtyosaur_sp.1"
"38","Protochampsidae","Protochampsidae.1"
"39","Protochampsidae","Protochampsidae.2"
"40","Ichtyosaurus_","Ichtyosaurus_.2"
"41","Spheniscus","Spheniscus.1"
"42","Nothosaurus_mirabilis","Nothosaurus_mirabilis.1"
"43","Noemys_fodies","Noemys_fodies.1"
"44","Nothosaurus_568","Nothosaurus_568.1"
"45","Tapirus_terrestris","Tapirus_terrestris.1"
"46","Spinosaurus_","Spinosaurus_.1"
"47","Spinosaurus_","Spinosaurus_.2"
"48","Spinosaurus_","Spinosaurus_.3"
"49","Spinosaurus_","Spinosaurus_.4"
"50","Spinosaurus_","Spinosaurus_.5"
"51","Spinosaurus_","Spinosaurus_.6"
"52","Spinosaurus_","Spinosaurus_.7"
"53","Spinosaurus_","Spinosaurus_.8"
"54","Spinosaurus_","Spinosaurus_.9"
"55","Spinosaurus_","Spinosaurus_.10"
"56","Spinosaurus_","Spinosaurus_.11"
"57","Suchomimus","Suchomimus.1"
"58","Suchomimus","Suchomimus.2"
"59","Suchomimus","Suchomimus.3"
"60","Baryonyx","Baryonyx.1"
"61","Baryonyx","Baryonyx.2"
"62","Baryonyx","Baryonyx.3"
 
* Phylo tree and the main data and strata files have been modified to include duplicated taxa before the scaled random trees are generated.
* Selected categorical labels column: diving.or.not
* diving.or.equal column is identical to Diving column.
* Regression excludes flying taxa.
* Diving labels that are present in regression: 0,2
* lambda (calculated from a random tree) = : 0.14
* index-name alignment check: OK
