Logfile for a session of program: bootstrap_binary.r
-----------------------------------------------------
INPUT:
workDir: C:/dino_nature/output/2023-11-07-D1\bs/set_986
Nbootstrapsets: 2000
phyloFDAfile: c:/dino_nature/code/phylo.fda.R
auxFile: c:/dino_nature/code/auxiliary.r
boneType: femur
regressionData.file: C:/dino_nature/output/2023-11-07-D1\bs/set_986/femur_set_986.csv
applyDataFilter: FALSE
addTreeTips: TRUE
Ntrees: 100
calculateTrees: TRUE
saveTrees: FALSE


OPERATIONAL CHECKS:
* Regression data contains multiple copies of some taxa (user added variants of existing test taxa 
   or replacements due to bootstrap are present) which are not in the phylo tree:
     original taxon,   duplicate   
"1","Lama_guanicoe","Lama_guanicoe.1"
"2","Alces_americanus","Alces_americanus.1"
"3","Apteryx_owenii_","Apteryx_owenii_.1"
"4","Tamandua_tetradactyla","Tamandua_tetradactyla.1"
"5","Lacerta_viridis","Lacerta_viridis.1"
"6","Monodelphis_domestica","Monodelphis_domestica.1"
"7","Tamandua_tetradactyla","Tamandua_tetradactyla.2"
"8","Taxidea_taxus","Taxidea_taxus.1"
"9","Rynochetus_jubatus","Rynochetus_jubatus.1"
"10","Megaloceros_sp","Megaloceros_sp.1"
"11","Procyon_lotor","Procyon_lotor.1"
"12","Ceratotherium_simum","Ceratotherium_simum.1"
"13","Atlantisia_rogersi","Atlantisia_rogersi.1"
"14","Tamandua_tetradactyla","Tamandua_tetradactyla.3"
"15","Rhinoceros_sondaicus","Rhinoceros_sondaicus.1"
"16","Loxodonta_africana","Loxodonta_africana.1"
"17","Ceratotherium_simum","Ceratotherium_simum.2"
"18","Apteryx_owenii_","Apteryx_owenii_.2"
"19","Atlantisia_rogersi","Atlantisia_rogersi.2"
"20","Hemiechinus_azurites","Hemiechinus_azurites.1"
"21","Dromaius_","Dromaius_.1"
"22","Alligator","Alligator.1"
"23","Phalacrocorax_harrisi","Phalacrocorax_harrisi.1"
"24","Choeropsis_liberiensis","Choeropsis_liberiensis.1"
"25","Protochampsidae","Protochampsidae.1"
"26","Neusticosaurus","Neusticosaurus.1"
"27","Choeropsis_liberiensis","Choeropsis_liberiensis.2"
"28","Alligator","Alligator.2"
"29","Otaria_byronia","Otaria_byronia.1"
"30","Rodhocetus","Rodhocetus.1"
"31","Palaeospheniscus","Palaeospheniscus.1"
"32","Spheniscus","Spheniscus.1"
"33","Metryorhynchus","Metryorhynchus.1"
"34","Ichtyosaur_sp","Ichtyosaur_sp.1"
"35","Nothosaurus_giganteus","Nothosaurus_giganteus.1"
"36","Anarosaurus","Anarosaurus.1"
"37","Anarosaurus","Anarosaurus.2"
"38","Otaria_byronia","Otaria_byronia.2"
"39","large_eocene_stem_penguin","large_eocene_stem_penguin.1"
"40","Ichtyosaur_sp","Ichtyosaur_sp.2"
"41","large_eocene_stem_penguin","large_eocene_stem_penguin.2"
"42","Spheniscus","Spheniscus.2"
"43","Neusticosaurus","Neusticosaurus.2"
"44","Protochampsidae","Protochampsidae.2"
"45","Placodontia_indet_1","Placodontia_indet_1.1"
"46","Spinosaurus_","Spinosaurus_.1"
"47","Spinosaurus_","Spinosaurus_.2"
"48","Spinosaurus_","Spinosaurus_.3"
"49","Spinosaurus_","Spinosaurus_.4"
"50","Spinosaurus_","Spinosaurus_.5"
"51","Spinosaurus_","Spinosaurus_.6"
"52","Spinosaurus_","Spinosaurus_.7"
"53","Spinosaurus_","Spinosaurus_.8"
"54","Spinosaurus_","Spinosaurus_.9"
"55","Spinosaurus_","Spinosaurus_.10"
"56","Spinosaurus_","Spinosaurus_.11"
"57","Suchomimus","Suchomimus.1"
"58","Suchomimus","Suchomimus.2"
"59","Suchomimus","Suchomimus.3"
"60","Baryonyx","Baryonyx.1"
"61","Baryonyx","Baryonyx.2"
"62","Baryonyx","Baryonyx.3"
 
* Phylo tree and the main data and strata files have been modified to include duplicated taxa before the scaled random trees are generated.
* Selected categorical labels column: diving.or.not
* diving.or.equal column is identical to Diving column.
* Regression excludes flying taxa.
* Diving labels that are present in regression: 0,2
* lambda (calculated from a random tree) = : 0.17
* index-name alignment check: OK
