Logfile for a session of program: bootstrap_binary.r
-----------------------------------------------------
INPUT:
workDir: C:/dino_nature/output/2023-11-07-D1\bs/set_99
Nbootstrapsets: 2000
phyloFDAfile: c:/dino_nature/code/phylo.fda.R
auxFile: c:/dino_nature/code/auxiliary.r
boneType: femur
regressionData.file: C:/dino_nature/output/2023-11-07-D1\bs/set_99/femur_set_99.csv
applyDataFilter: FALSE
addTreeTips: TRUE
Ntrees: 100
calculateTrees: TRUE
saveTrees: FALSE


OPERATIONAL CHECKS:
* Regression data contains multiple copies of some taxa (user added variants of existing test taxa 
   or replacements due to bootstrap are present) which are not in the phylo tree:
     original taxon,   duplicate   
"1","Atlantisia_rogersi","Atlantisia_rogersi.1"
"2","Rattus_rattus","Rattus_rattus.1"
"3","Procyon_lotor","Procyon_lotor.1"
"4","Uncia_uncia","Uncia_uncia.1"
"5","Procyon_lotor","Procyon_lotor.2"
"6","Apteryx_owenii_","Apteryx_owenii_.1"
"7","Procavia_capensis","Procavia_capensis.1"
"8","Mus_musculus","Mus_musculus.1"
"9","Procyon_lotor","Procyon_lotor.3"
"10","Tamandua_tetradactyla","Tamandua_tetradactyla.1"
"11","Mammuthus_sp","Mammuthus_sp.1"
"12","Mustela_nivalis","Mustela_nivalis.1"
"13","Mustela_nivalis","Mustela_nivalis.2"
"14","Strigiops_habroptilus","Strigiops_habroptilus.1"
"15","Loxodonta_africana","Loxodonta_africana.1"
"16","Rupicapra_rupicapra","Rupicapra_rupicapra.1"
"17","Uncia_uncia","Uncia_uncia.2"
"18","Okapia_johnstoni","Okapia_johnstoni.1"
"19","Mustela_nivalis","Mustela_nivalis.3"
"20","Rattus_rattus","Rattus_rattus.2"
"21","Rhynchocyon_petersi","Rhynchocyon_petersi.1"
"22","Mammuthus_sp","Mammuthus_sp.2"
"23","Dicerorhinus_sumatrensis","Dicerorhinus_sumatrensis.1"
"24","Hemiechinus_azurites","Hemiechinus_azurites.1"
"25","Lacerta_viridis","Lacerta_viridis.1"
"26","Palaeospheniscus","Palaeospheniscus.1"
"27","large_eocene_stem_penguin","large_eocene_stem_penguin.1"
"28","Palaeospheniscus","Palaeospheniscus.2"
"29","large_eocene_stem_penguin","large_eocene_stem_penguin.2"
"30","Indohyus","Indohyus.1"
"31","Cricosaurus","Cricosaurus.1"
"32","Hydromys_chrysogaster","Hydromys_chrysogaster.1"
"33","Lutra_vulgaris","Lutra_vulgaris.1"
"34","Nothosaurus_568","Nothosaurus_568.1"
"35","Cricosaurus","Cricosaurus.2"
"36","Nothosaurus_102","Nothosaurus_102.1"
"37","Micropotamogale_euwenzorii","Micropotamogale_euwenzorii.1"
"38","Hydromys_chrysogaster","Hydromys_chrysogaster.2"
"39","Otaria_byronia","Otaria_byronia.1"
"40","Anarosaurus","Anarosaurus.1"
"41","Palaeospheniscus","Palaeospheniscus.3"
"42","Placodontia_indet_1","Placodontia_indet_1.1"
"43","Phalacrocorax_harrisi","Phalacrocorax_harrisi.1"
"44","Caiman_yacare","Caiman_yacare.1"
"45","Otaria_byronia","Otaria_byronia.2"
"46","Otaria_byronia","Otaria_byronia.3"
"47","Lutra_vulgaris","Lutra_vulgaris.2"
"48","Cricosaurus","Cricosaurus.3"
"49","Metryorhynchus","Metryorhynchus.1"
"50","Hydromys_chrysogaster","Hydromys_chrysogaster.3"
"51","Caiman_yacare","Caiman_yacare.2"
"52","Spinosaurus_","Spinosaurus_.1"
"53","Spinosaurus_","Spinosaurus_.2"
"54","Spinosaurus_","Spinosaurus_.3"
"55","Spinosaurus_","Spinosaurus_.4"
"56","Spinosaurus_","Spinosaurus_.5"
"57","Spinosaurus_","Spinosaurus_.6"
"58","Spinosaurus_","Spinosaurus_.7"
"59","Spinosaurus_","Spinosaurus_.8"
"60","Spinosaurus_","Spinosaurus_.9"
"61","Spinosaurus_","Spinosaurus_.10"
"62","Spinosaurus_","Spinosaurus_.11"
"63","Suchomimus","Suchomimus.1"
"64","Suchomimus","Suchomimus.2"
"65","Suchomimus","Suchomimus.3"
"66","Baryonyx","Baryonyx.1"
"67","Baryonyx","Baryonyx.2"
"68","Baryonyx","Baryonyx.3"
 
* Phylo tree and the main data and strata files have been modified to include duplicated taxa before the scaled random trees are generated.
* Selected categorical labels column: diving.or.not
* diving.or.equal column is identical to Diving column.
* Regression excludes flying taxa.
* Diving labels that are present in regression: 0,2
* lambda (calculated from a random tree) = : 0.09
* index-name alignment check: OK
