Logfile for a session of program: bootstrap_binary.r
-----------------------------------------------------
INPUT:
workDir: C:/dino_nature/output/2023-11-07-D1\bs/set_1294
Nbootstrapsets: 2000
phyloFDAfile: c:/dino_nature/code/phylo.fda.R
auxFile: c:/dino_nature/code/auxiliary.r
boneType: femur
regressionData.file: C:/dino_nature/output/2023-11-07-D1\bs/set_1294/femur_set_1294.csv
applyDataFilter: FALSE
addTreeTips: TRUE
Ntrees: 100
calculateTrees: TRUE
saveTrees: FALSE


OPERATIONAL CHECKS:
* Regression data contains multiple copies of some taxa (user added variants of existing test taxa 
   or replacements due to bootstrap are present) which are not in the phylo tree:
     original taxon,   duplicate   
"1","Felis_felis","Felis_felis.1"
"2","Brachyodus_onoideum","Brachyodus_onoideum.1"
"3","Xenicus_giliventris","Xenicus_giliventris.1"
"4","Mustela_nivalis","Mustela_nivalis.1"
"5","Elephas_maximus","Elephas_maximus.1"
"6","Pogona_viceps","Pogona_viceps.1"
"7","Rattus_rattus","Rattus_rattus.1"
"8","Alces_americanus","Alces_americanus.1"
"9","Apteryx_owenii_","Apteryx_owenii_.1"
"10","Bison_bonasus","Bison_bonasus.1"
"11","Apteryx_owenii_","Apteryx_owenii_.2"
"12","Rattus_rattus","Rattus_rattus.2"
"13","Procyon_lotor","Procyon_lotor.1"
"14","Loxodonta_africana","Loxodonta_africana.1"
"15","Mustela_nivalis","Mustela_nivalis.2"
"16","Rhinoceros_sondaicus","Rhinoceros_sondaicus.1"
"17","Tribonyx_mortieri","Tribonyx_mortieri.1"
"18","Diplomesodon_pulchellum","Diplomesodon_pulchellum.1"
"19","Euroscaptor_micrura","Euroscaptor_micrura.1"
"20","Caloenas_nicobarica","Caloenas_nicobarica.1"
"21","Loxodonta_africana","Loxodonta_africana.2"
"22","Raphus","Raphus.1"
"23","Maiacetus","Maiacetus.1"
"24","Nothosaurus_102","Nothosaurus_102.1"
"25","Maiacetus","Maiacetus.2"
"26","Otaria_byronia","Otaria_byronia.1"
"27","Ornithorhynchus_anatinus","Ornithorhynchus_anatinus.1"
"28","Chironectes_minimus","Chironectes_minimus.1"
"29","Dyrosaurid","Dyrosaurid.1"
"30","Rodhocetus","Rodhocetus.1"
"31","Nothosaurus_mirabilis_1","Nothosaurus_mirabilis_1.1"
"32","Lutra_vulgaris","Lutra_vulgaris.1"
"33","Champsosaurus","Champsosaurus.1"
"34","Ichtyosaurus_","Ichtyosaurus_.1"
"35","Callophoca_obscura","Callophoca_obscura.1"
"36","Nothosaurus_mirabilis","Nothosaurus_mirabilis.1"
"37","Ichtyosaur_sp","Ichtyosaur_sp.1"
"38","Chironectes_minimus","Chironectes_minimus.2"
"39","Maiacetus","Maiacetus.3"
"40","Phalacrocorax_harrisi","Phalacrocorax_harrisi.1"
"41","Indohyus","Indohyus.1"
"42","Ichtyosaur_sp","Ichtyosaur_sp.2"
"43","Lutra_vulgaris","Lutra_vulgaris.2"
"44","Phalacrocorax_harrisi","Phalacrocorax_harrisi.2"
"45","Hexaprotodon_garyam","Hexaprotodon_garyam.1"
"46","Nothosaurus_150","Nothosaurus_150.1"
"47","Spinosaurus_","Spinosaurus_.1"
"48","Spinosaurus_","Spinosaurus_.2"
"49","Spinosaurus_","Spinosaurus_.3"
"50","Spinosaurus_","Spinosaurus_.4"
"51","Spinosaurus_","Spinosaurus_.5"
"52","Spinosaurus_","Spinosaurus_.6"
"53","Spinosaurus_","Spinosaurus_.7"
"54","Spinosaurus_","Spinosaurus_.8"
"55","Spinosaurus_","Spinosaurus_.9"
"56","Spinosaurus_","Spinosaurus_.10"
"57","Spinosaurus_","Spinosaurus_.11"
"58","Suchomimus","Suchomimus.1"
"59","Suchomimus","Suchomimus.2"
"60","Suchomimus","Suchomimus.3"
"61","Baryonyx","Baryonyx.1"
"62","Baryonyx","Baryonyx.2"
"63","Baryonyx","Baryonyx.3"
 
* Phylo tree and the main data and strata files have been modified to include duplicated taxa before the scaled random trees are generated.
* Selected categorical labels column: diving.or.not
* diving.or.equal column is identical to Diving column.
* Regression excludes flying taxa.
* Diving labels that are present in regression: 0,2
* lambda (calculated from a random tree) = : 0.11
* index-name alignment check: OK
