Logfile for a session of program: bootstrap_binary.r
-----------------------------------------------------
INPUT:
workDir: C:/dino_nature/output/2023-11-07-D1\bs/set_700
Nbootstrapsets: 2000
phyloFDAfile: c:/dino_nature/code/phylo.fda.R
auxFile: c:/dino_nature/code/auxiliary.r
boneType: femur
regressionData.file: C:/dino_nature/output/2023-11-07-D1\bs/set_700/femur_set_700.csv
applyDataFilter: FALSE
addTreeTips: TRUE
Ntrees: 100
calculateTrees: TRUE
saveTrees: FALSE


OPERATIONAL CHECKS:
* Regression data contains multiple copies of some taxa (user added variants of existing test taxa 
   or replacements due to bootstrap are present) which are not in the phylo tree:
     original taxon,   duplicate   
"1","Rynochetus_jubatus","Rynochetus_jubatus.1"
"2","Taxidea_taxus","Taxidea_taxus.1"
"3","Tribonyx_mortieri","Tribonyx_mortieri.1"
"4","Uncia_uncia","Uncia_uncia.1"
"5","Bison_bonasus","Bison_bonasus.1"
"6","Okapia_johnstoni","Okapia_johnstoni.1"
"7","Mus_musculus","Mus_musculus.1"
"8","Okapia_johnstoni","Okapia_johnstoni.2"
"9","Tribonyx_mortieri","Tribonyx_mortieri.2"
"10","Hemiechinus_azurites","Hemiechinus_azurites.1"
"11","Monodelphis_domestica","Monodelphis_domestica.1"
"12","Bos_taurus","Bos_taurus.1"
"13","Monodelphis_domestica","Monodelphis_domestica.2"
"14","Cephalophus_silvicultor","Cephalophus_silvicultor.1"
"15","Raphus","Raphus.1"
"16","Rynochetus_jubatus","Rynochetus_jubatus.2"
"17","Felis_felis","Felis_felis.1"
"18","Dicerorhinus_sumatrensis","Dicerorhinus_sumatrensis.1"
"19","Ornithorhynchus_anatinus","Ornithorhynchus_anatinus.1"
"20","Lutra_vulgaris","Lutra_vulgaris.1"
"21","Hexaprotodon_garyam","Hexaprotodon_garyam.1"
"22","Lutra_vulgaris","Lutra_vulgaris.2"
"23","Paraplacodus","Paraplacodus.1"
"24","Lutra_vulgaris","Lutra_vulgaris.3"
"25","Placodontia_indet_1","Placodontia_indet_1.1"
"26","Pistosaurus","Pistosaurus.1"
"27","Placondontia_indet","Placondontia_indet.1"
"28","Spheniscus","Spheniscus.1"
"29","Choeropsis_liberiensis","Choeropsis_liberiensis.1"
"30","Remingtonocetus","Remingtonocetus.1"
"31","Cricosaurus","Cricosaurus.1"
"32","Champsosaurus","Champsosaurus.1"
"33","Choeropsis_liberiensis","Choeropsis_liberiensis.2"
"34","Neusticosaurus","Neusticosaurus.1"
"35","Plesiosaurus","Plesiosaurus.1"
"36","Remingtonocetus","Remingtonocetus.2"
"37","Nothosaurus_568","Nothosaurus_568.1"
"38","Nothosaurus_102","Nothosaurus_102.1"
"39","Micropotamogale_euwenzorii","Micropotamogale_euwenzorii.1"
"40","Hydromys_chrysogaster","Hydromys_chrysogaster.1"
"41","Spinosaurus_","Spinosaurus_.1"
"42","Spinosaurus_","Spinosaurus_.2"
"43","Spinosaurus_","Spinosaurus_.3"
"44","Spinosaurus_","Spinosaurus_.4"
"45","Spinosaurus_","Spinosaurus_.5"
"46","Spinosaurus_","Spinosaurus_.6"
"47","Spinosaurus_","Spinosaurus_.7"
"48","Spinosaurus_","Spinosaurus_.8"
"49","Spinosaurus_","Spinosaurus_.9"
"50","Spinosaurus_","Spinosaurus_.10"
"51","Spinosaurus_","Spinosaurus_.11"
"52","Suchomimus","Suchomimus.1"
"53","Suchomimus","Suchomimus.2"
"54","Suchomimus","Suchomimus.3"
"55","Baryonyx","Baryonyx.1"
"56","Baryonyx","Baryonyx.2"
"57","Baryonyx","Baryonyx.3"
 
* Phylo tree and the main data and strata files have been modified to include duplicated taxa before the scaled random trees are generated.
* Selected categorical labels column: diving.or.not
* diving.or.equal column is identical to Diving column.
* Regression excludes flying taxa.
* Diving labels that are present in regression: 0,2
* lambda (calculated from a random tree) = : 0.06
* index-name alignment check: OK
