Logfile for a session of program: bootstrap_binary.r
-----------------------------------------------------
INPUT:
workDir: C:/dino_nature/output/2023-11-07-D1\bs/set_1863
Nbootstrapsets: 2000
phyloFDAfile: c:/dino_nature/code/phylo.fda.R
auxFile: c:/dino_nature/code/auxiliary.r
boneType: femur
regressionData.file: C:/dino_nature/output/2023-11-07-D1\bs/set_1863/femur_set_1863.csv
applyDataFilter: FALSE
addTreeTips: TRUE
Ntrees: 100
calculateTrees: TRUE
saveTrees: FALSE


OPERATIONAL CHECKS:
* Regression data contains multiple copies of some taxa (user added variants of existing test taxa 
   or replacements due to bootstrap are present) which are not in the phylo tree:
     original taxon,   duplicate   
"1","Microgale_thomasi","Microgale_thomasi.1"
"2","Apteryx_owenii_","Apteryx_owenii_.1"
"3","Atlantisia_rogersi","Atlantisia_rogersi.1"
"4","Lama_guanicoe","Lama_guanicoe.1"
"5","Okapia_johnstoni","Okapia_johnstoni.1"
"6","Elephas_maximus","Elephas_maximus.1"
"7","Nyctereutes_procyonoides","Nyctereutes_procyonoides.1"
"8","Giraffa_camelopardalis","Giraffa_camelopardalis.1"
"9","Brachyodus_onoideum","Brachyodus_onoideum.1"
"10","Paguma_larvata","Paguma_larvata.1"
"11","Elephas_maximus","Elephas_maximus.2"
"12","Mus_musculus","Mus_musculus.1"
"13","Giraffa_camelopardalis","Giraffa_camelopardalis.2"
"14","Vulpes_vulpes","Vulpes_vulpes.1"
"15","Apteryx_australis","Apteryx_australis.1"
"16","Paguma_larvata","Paguma_larvata.2"
"17","Nyctereutes_procyonoides","Nyctereutes_procyonoides.2"
"18","Rattus_rattus","Rattus_rattus.1"
"19","Rupicapra_rupicapra","Rupicapra_rupicapra.1"
"20","Lama_guanicoe","Lama_guanicoe.2"
"21","Brachyodus_onoideum","Brachyodus_onoideum.2"
"22","Lama_guanicoe","Lama_guanicoe.3"
"23","Brachyodus_onoideum","Brachyodus_onoideum.3"
"24","Apteryx_australis","Apteryx_australis.2"
"25","Rupicapra_rupicapra","Rupicapra_rupicapra.2"
"26","Apteryx_australis","Apteryx_australis.3"
"27","Vulpes_vulpes","Vulpes_vulpes.2"
"28","Placodontia_indet_1","Placodontia_indet_1.1"
"29","Caiman_yacare","Caiman_yacare.1"
"30","Ornithorhynchus_anatinus","Ornithorhynchus_anatinus.1"
"31","Caiman_yacare","Caiman_yacare.2"
"32","Desmostylus_hesperus","Desmostylus_hesperus.1"
"33","Dyrosaurid","Dyrosaurid.1"
"34","Caiman_yacare","Caiman_yacare.3"
"35","Placondontia_indet","Placondontia_indet.1"
"36","Indohyus","Indohyus.1"
"37","Hydromys_chrysogaster","Hydromys_chrysogaster.1"
"38","Anarosaurus","Anarosaurus.1"
"39","Alligator","Alligator.1"
"40","Dyrosaurid","Dyrosaurid.2"
"41","Castor_fiber","Castor_fiber.1"
"42","Leptophoca_proxima","Leptophoca_proxima.1"
"43","Chapsosaurus_","Chapsosaurus_.1"
"44","Metryorhynchus","Metryorhynchus.1"
"45","Aptenodytes______","Aptenodytes______.1"
"46","Nothosaurus_mirabilis","Nothosaurus_mirabilis.1"
"47","Noemys_fodies","Noemys_fodies.1"
"48","Callophoca_obscura","Callophoca_obscura.1"
"49","Spinosaurus_","Spinosaurus_.1"
"50","Spinosaurus_","Spinosaurus_.2"
"51","Spinosaurus_","Spinosaurus_.3"
"52","Spinosaurus_","Spinosaurus_.4"
"53","Spinosaurus_","Spinosaurus_.5"
"54","Spinosaurus_","Spinosaurus_.6"
"55","Spinosaurus_","Spinosaurus_.7"
"56","Spinosaurus_","Spinosaurus_.8"
"57","Spinosaurus_","Spinosaurus_.9"
"58","Spinosaurus_","Spinosaurus_.10"
"59","Spinosaurus_","Spinosaurus_.11"
"60","Suchomimus","Suchomimus.1"
"61","Suchomimus","Suchomimus.2"
"62","Suchomimus","Suchomimus.3"
"63","Baryonyx","Baryonyx.1"
"64","Baryonyx","Baryonyx.2"
"65","Baryonyx","Baryonyx.3"
 
* Phylo tree and the main data and strata files have been modified to include duplicated taxa before the scaled random trees are generated.
* Selected categorical labels column: diving.or.not
* diving.or.equal column is identical to Diving column.
* Regression excludes flying taxa.
* Diving labels that are present in regression: 0,2
* lambda (calculated from a random tree) = : 0.06
* index-name alignment check: OK
