Logfile for a session of program: bootstrap_binary.r
-----------------------------------------------------
INPUT:
workDir: C:/dino_nature/output/2023-11-07-D1\bs/set_1770
Nbootstrapsets: 2000
phyloFDAfile: c:/dino_nature/code/phylo.fda.R
auxFile: c:/dino_nature/code/auxiliary.r
boneType: femur
regressionData.file: C:/dino_nature/output/2023-11-07-D1\bs/set_1770/femur_set_1770.csv
applyDataFilter: FALSE
addTreeTips: TRUE
Ntrees: 100
calculateTrees: TRUE
saveTrees: FALSE


OPERATIONAL CHECKS:
* Regression data contains multiple copies of some taxa (user added variants of existing test taxa 
   or replacements due to bootstrap are present) which are not in the phylo tree:
     original taxon,   duplicate   
"1","Porphyrio_hochstetteri","Porphyrio_hochstetteri.1"
"2","Elephas_maximus","Elephas_maximus.1"
"3","Raphus","Raphus.1"
"4","Lama_guanicoe","Lama_guanicoe.1"
"5","Tribonyx_mortieri","Tribonyx_mortieri.1"
"6","Elephas_maximus","Elephas_maximus.2"
"7","Okapia_johnstoni","Okapia_johnstoni.1"
"8","Mus_musculus","Mus_musculus.1"
"9","Diplomesodon_pulchellum","Diplomesodon_pulchellum.1"
"10","Tribonyx_mortieri","Tribonyx_mortieri.2"
"11","Rhynchocyon_petersi","Rhynchocyon_petersi.1"
"12","Dicerorhinus_sumatrensis","Dicerorhinus_sumatrensis.1"
"13","Lama_guanicoe","Lama_guanicoe.2"
"14","Mustela_nivalis","Mustela_nivalis.1"
"15","Porphyrio_hochstetteri","Porphyrio_hochstetteri.2"
"16","Atlantisia_rogersi","Atlantisia_rogersi.1"
"17","Lama_guanicoe","Lama_guanicoe.3"
"18","Rhynchocyon_petersi","Rhynchocyon_petersi.2"
"19","Raphus","Raphus.2"
"20","Sus_scrofa","Sus_scrofa.1"
"21","Megaloceros_sp","Megaloceros_sp.1"
"22","Brachyodus_onoideum","Brachyodus_onoideum.1"
"23","Serpianosaurus","Serpianosaurus.1"
"24","Serpianosaurus","Serpianosaurus.2"
"25","Psephoderma","Psephoderma.1"
"26","Chapsosaurus_","Chapsosaurus_.1"
"27","Cryptoclidus","Cryptoclidus.1"
"28","Phocanella_pumila","Phocanella_pumila.1"
"29","Micropotamogale_euwenzorii","Micropotamogale_euwenzorii.1"
"30","Metryorhynchus","Metryorhynchus.1"
"31","Cryptoclidus","Cryptoclidus.2"
"32","Nothosaurus_giganteus","Nothosaurus_giganteus.1"
"33","Hesperornis","Hesperornis.1"
"34","Metryorhynchus","Metryorhynchus.2"
"35","Desmostylus_hesperus","Desmostylus_hesperus.1"
"36","Remingtonocetus","Remingtonocetus.1"
"37","Anarosaurus","Anarosaurus.1"
"38","Dyrosaurid","Dyrosaurid.1"
"39","Simosaurus","Simosaurus.1"
"40","Anarosaurus","Anarosaurus.2"
"41","Metryorhynchus","Metryorhynchus.3"
"42","Cryptoclidus","Cryptoclidus.3"
"43","Spinosaurus_","Spinosaurus_.1"
"44","Spinosaurus_","Spinosaurus_.2"
"45","Spinosaurus_","Spinosaurus_.3"
"46","Spinosaurus_","Spinosaurus_.4"
"47","Spinosaurus_","Spinosaurus_.5"
"48","Spinosaurus_","Spinosaurus_.6"
"49","Spinosaurus_","Spinosaurus_.7"
"50","Spinosaurus_","Spinosaurus_.8"
"51","Spinosaurus_","Spinosaurus_.9"
"52","Spinosaurus_","Spinosaurus_.10"
"53","Spinosaurus_","Spinosaurus_.11"
"54","Suchomimus","Suchomimus.1"
"55","Suchomimus","Suchomimus.2"
"56","Suchomimus","Suchomimus.3"
"57","Baryonyx","Baryonyx.1"
"58","Baryonyx","Baryonyx.2"
"59","Baryonyx","Baryonyx.3"
 
* Phylo tree and the main data and strata files have been modified to include duplicated taxa before the scaled random trees are generated.
* Selected categorical labels column: diving.or.not
* diving.or.equal column is identical to Diving column.
* Regression excludes flying taxa.
* Diving labels that are present in regression: 0,2
* lambda (calculated from a random tree) = : 0.1
* index-name alignment check: OK
