Logfile for a session of program: bootstrap_binary.r
-----------------------------------------------------
INPUT:
workDir: C:/dino_nature/output/2023-11-07-D1\bs/set_921
Nbootstrapsets: 2000
phyloFDAfile: c:/dino_nature/code/phylo.fda.R
auxFile: c:/dino_nature/code/auxiliary.r
boneType: femur
regressionData.file: C:/dino_nature/output/2023-11-07-D1\bs/set_921/femur_set_921.csv
applyDataFilter: FALSE
addTreeTips: TRUE
Ntrees: 100
calculateTrees: TRUE
saveTrees: FALSE


OPERATIONAL CHECKS:
* Regression data contains multiple copies of some taxa (user added variants of existing test taxa 
   or replacements due to bootstrap are present) which are not in the phylo tree:
     original taxon,   duplicate   
"1","Uncia_uncia","Uncia_uncia.1"
"2","Felis_felis","Felis_felis.1"
"3","Strigiops_habroptilus","Strigiops_habroptilus.1"
"4","Rangifer_tarandus","Rangifer_tarandus.1"
"5","Strigiops_habroptilus","Strigiops_habroptilus.2"
"6","Sus_scrofa","Sus_scrofa.1"
"7","Rhynchocyon_petersi","Rhynchocyon_petersi.1"
"8","Felis_felis","Felis_felis.2"
"9","Sus_scrofa","Sus_scrofa.2"
"10","Rhynchocyon_petersi","Rhynchocyon_petersi.2"
"11","Tamandua_tetradactyla","Tamandua_tetradactyla.1"
"12","Sus_scrofa","Sus_scrofa.3"
"13","Felis_felis","Felis_felis.3"
"14","Strigiops_habroptilus","Strigiops_habroptilus.3"
"15","Lacerta_viridis","Lacerta_viridis.1"
"16","Ceratotherium_simum","Ceratotherium_simum.1"
"17","Apteryx_owenii_","Apteryx_owenii_.1"
"18","Dama_dama","Dama_dama.1"
"19","Euroscaptor_micrura","Euroscaptor_micrura.1"
"20","Dromaius_","Dromaius_.1"
"21","Lacerta_viridis","Lacerta_viridis.2"
"22","Nothosaurus_150","Nothosaurus_150.1"
"23","Indohyus","Indohyus.1"
"24","Nothosaurus_568","Nothosaurus_568.1"
"25","Serpianosaurus","Serpianosaurus.1"
"26","Nothosaurus_102","Nothosaurus_102.1"
"27","Protochampsidae","Protochampsidae.1"
"28","Noemys_fodies","Noemys_fodies.1"
"29","Serpianosaurus","Serpianosaurus.2"
"30","Lutra_vulgaris","Lutra_vulgaris.1"
"31","Phocanella_pumila","Phocanella_pumila.1"
"32","Cricosaurus","Cricosaurus.1"
"33","Choeropsis_liberiensis","Choeropsis_liberiensis.1"
"34","Serpianosaurus","Serpianosaurus.3"
"35","Hippopotamus_amphibius","Hippopotamus_amphibius.1"
"36","Chironectes_minimus","Chironectes_minimus.1"
"37","Protochampsidae","Protochampsidae.2"
"38","Chironectes_minimus","Chironectes_minimus.2"
"39","Otaria_byronia","Otaria_byronia.1"
"40","Anarosaurus","Anarosaurus.1"
"41","Maiacetus","Maiacetus.1"
"42","Spinosaurus_","Spinosaurus_.1"
"43","Spinosaurus_","Spinosaurus_.2"
"44","Spinosaurus_","Spinosaurus_.3"
"45","Spinosaurus_","Spinosaurus_.4"
"46","Spinosaurus_","Spinosaurus_.5"
"47","Spinosaurus_","Spinosaurus_.6"
"48","Spinosaurus_","Spinosaurus_.7"
"49","Spinosaurus_","Spinosaurus_.8"
"50","Spinosaurus_","Spinosaurus_.9"
"51","Spinosaurus_","Spinosaurus_.10"
"52","Spinosaurus_","Spinosaurus_.11"
"53","Suchomimus","Suchomimus.1"
"54","Suchomimus","Suchomimus.2"
"55","Suchomimus","Suchomimus.3"
"56","Baryonyx","Baryonyx.1"
"57","Baryonyx","Baryonyx.2"
"58","Baryonyx","Baryonyx.3"
 
* Phylo tree and the main data and strata files have been modified to include duplicated taxa before the scaled random trees are generated.
* Selected categorical labels column: diving.or.not
* diving.or.equal column is identical to Diving column.
* Regression excludes flying taxa.
* Diving labels that are present in regression: 0,2
* lambda (calculated from a random tree) = : 0.11
* index-name alignment check: OK
