Logfile for a session of program: bootstrap_binary.r
-----------------------------------------------------
INPUT:
workDir: C:/dino_nature/output/2023-11-07-D1\bs/set_898
Nbootstrapsets: 2000
phyloFDAfile: c:/dino_nature/code/phylo.fda.R
auxFile: c:/dino_nature/code/auxiliary.r
boneType: femur
regressionData.file: C:/dino_nature/output/2023-11-07-D1\bs/set_898/femur_set_898.csv
applyDataFilter: FALSE
addTreeTips: TRUE
Ntrees: 100
calculateTrees: TRUE
saveTrees: FALSE


OPERATIONAL CHECKS:
* Regression data contains multiple copies of some taxa (user added variants of existing test taxa 
   or replacements due to bootstrap are present) which are not in the phylo tree:
     original taxon,   duplicate   
"1","Raphus","Raphus.1"
"2","Procavia_capensis","Procavia_capensis.1"
"3","Rangifer_tarandus","Rangifer_tarandus.1"
"4","Procavia_capensis","Procavia_capensis.2"
"5","Lacerta_viridis","Lacerta_viridis.1"
"6","Mammuthus_sp","Mammuthus_sp.1"
"7","Procavia_capensis","Procavia_capensis.3"
"8","Raphus","Raphus.2"
"9","Sus_scrofa","Sus_scrofa.1"
"10","Uncia_uncia","Uncia_uncia.1"
"11","Felis_felis","Felis_felis.1"
"12","Bison_bonasus","Bison_bonasus.1"
"13","Rhinoceros_sondaicus","Rhinoceros_sondaicus.1"
"14","Tamandua_tetradactyla","Tamandua_tetradactyla.1"
"15","Hemiechinus_azurites","Hemiechinus_azurites.1"
"16","Raphus","Raphus.3"
"17","Rattus_rattus","Rattus_rattus.1"
"18","Microgale_thomasi","Microgale_thomasi.1"
"19","Phalacrocorax_harrisi","Phalacrocorax_harrisi.1"
"20","Basilosaurus","Basilosaurus.1"
"21","Basilosaurus","Basilosaurus.2"
"22","Leptophoca_proxima","Leptophoca_proxima.1"
"23","Hippopotamus_amphibius","Hippopotamus_amphibius.1"
"24","Basilosaurus","Basilosaurus.3"
"25","Desmana_moschata","Desmana_moschata.1"
"26","Chapsosaurus_","Chapsosaurus_.1"
"27","Small_Eocene_penguin","Small_Eocene_penguin.1"
"28","Leptophoca_proxima","Leptophoca_proxima.2"
"29","Hydromys_chrysogaster","Hydromys_chrysogaster.1"
"30","Nanophoca_vitulinoides","Nanophoca_vitulinoides.1"
"31","Hydromys_chrysogaster","Hydromys_chrysogaster.2"
"32","Desmostylus_hesperus","Desmostylus_hesperus.1"
"33","Maiacetus","Maiacetus.1"
"34","Hesperornis","Hesperornis.1"
"35","Phocanella_pumila","Phocanella_pumila.1"
"36","Placondontia_indet","Placondontia_indet.1"
"37","Lutra_vulgaris","Lutra_vulgaris.1"
"38","Champsosaurus","Champsosaurus.1"
"39","Ichtyosaurus_","Ichtyosaurus_.1"
"40","Small_Eocene_penguin","Small_Eocene_penguin.2"
"41","Spinosaurus_","Spinosaurus_.1"
"42","Spinosaurus_","Spinosaurus_.2"
"43","Spinosaurus_","Spinosaurus_.3"
"44","Spinosaurus_","Spinosaurus_.4"
"45","Spinosaurus_","Spinosaurus_.5"
"46","Spinosaurus_","Spinosaurus_.6"
"47","Spinosaurus_","Spinosaurus_.7"
"48","Spinosaurus_","Spinosaurus_.8"
"49","Spinosaurus_","Spinosaurus_.9"
"50","Spinosaurus_","Spinosaurus_.10"
"51","Spinosaurus_","Spinosaurus_.11"
"52","Suchomimus","Suchomimus.1"
"53","Suchomimus","Suchomimus.2"
"54","Suchomimus","Suchomimus.3"
"55","Baryonyx","Baryonyx.1"
"56","Baryonyx","Baryonyx.2"
"57","Baryonyx","Baryonyx.3"
 
* Phylo tree and the main data and strata files have been modified to include duplicated taxa before the scaled random trees are generated.
* Selected categorical labels column: diving.or.not
* diving.or.equal column is identical to Diving column.
* Regression excludes flying taxa.
* Diving labels that are present in regression: 0,2
* lambda (calculated from a random tree) = : 0.09
* index-name alignment check: OK
