Logfile for a session of program: bootstrap_binary.r
-----------------------------------------------------
INPUT:
workDir: C:/dino_nature/output/2023-11-07-D1\bs/set_885
Nbootstrapsets: 2000
phyloFDAfile: c:/dino_nature/code/phylo.fda.R
auxFile: c:/dino_nature/code/auxiliary.r
boneType: femur
regressionData.file: C:/dino_nature/output/2023-11-07-D1\bs/set_885/femur_set_885.csv
applyDataFilter: FALSE
addTreeTips: TRUE
Ntrees: 100
calculateTrees: TRUE
saveTrees: FALSE


OPERATIONAL CHECKS:
* Regression data contains multiple copies of some taxa (user added variants of existing test taxa 
   or replacements due to bootstrap are present) which are not in the phylo tree:
     original taxon,   duplicate   
"1","Taxidea_taxus","Taxidea_taxus.1"
"2","Strigiops_habroptilus","Strigiops_habroptilus.1"
"3","Diplomesodon_pulchellum","Diplomesodon_pulchellum.1"
"4","Rhinoceros_sondaicus","Rhinoceros_sondaicus.1"
"5","Paguma_larvata","Paguma_larvata.1"
"6","Dama_dama","Dama_dama.1"
"7","Megaloceros_sp","Megaloceros_sp.1"
"8","Strigiops_habroptilus","Strigiops_habroptilus.2"
"9","Paguma_larvata","Paguma_larvata.2"
"10","Elephas_maximus","Elephas_maximus.1"
"11","Cephalophus_silvicultor","Cephalophus_silvicultor.1"
"12","Monodelphis_domestica","Monodelphis_domestica.1"
"13","Microgale_thomasi","Microgale_thomasi.1"
"14","Mus_musculus","Mus_musculus.1"
"15","Elephas_maximus","Elephas_maximus.2"
"16","Apteryx_australis","Apteryx_australis.1"
"17","Diplomesodon_pulchellum","Diplomesodon_pulchellum.2"
"18","Tenrec_ecaudatus","Tenrec_ecaudatus.1"
"19","Raphus","Raphus.1"
"20","Rhinoceros_sondaicus","Rhinoceros_sondaicus.2"
"21","Taxidea_taxus","Taxidea_taxus.2"
"22","Chironectes_minimus","Chironectes_minimus.1"
"23","Simosaurus","Simosaurus.1"
"24","Simosaurus","Simosaurus.2"
"25","Desmostylus_hesperus","Desmostylus_hesperus.1"
"26","Callophoca_obscura","Callophoca_obscura.1"
"27","Paraplacodus","Paraplacodus.1"
"28","Neusticosaurus","Neusticosaurus.1"
"29","Phalacrocorax_harrisi","Phalacrocorax_harrisi.1"
"30","Leptophoca_proxima","Leptophoca_proxima.1"
"31","Remingtonocetus","Remingtonocetus.1"
"32","Cryptoclidus","Cryptoclidus.1"
"33","Leptophoca_proxima","Leptophoca_proxima.2"
"34","Ornithorhynchus_anatinus","Ornithorhynchus_anatinus.1"
"35","Spheniscus","Spheniscus.1"
"36","Ornithorhynchus_anatinus","Ornithorhynchus_anatinus.2"
"37","Spheniscus","Spheniscus.2"
"38","Callophoca_obscura","Callophoca_obscura.2"
"39","Ichtyosaur_sp","Ichtyosaur_sp.1"
"40","Rhaeticosaurus","Rhaeticosaurus.1"
"41","Serpianosaurus","Serpianosaurus.1"
"42","Phalacrocorax_harrisi","Phalacrocorax_harrisi.2"
"43","Hydromys_chrysogaster","Hydromys_chrysogaster.1"
"44","Aptenodytes______","Aptenodytes______.1"
"45","Spinosaurus_","Spinosaurus_.1"
"46","Spinosaurus_","Spinosaurus_.2"
"47","Spinosaurus_","Spinosaurus_.3"
"48","Spinosaurus_","Spinosaurus_.4"
"49","Spinosaurus_","Spinosaurus_.5"
"50","Spinosaurus_","Spinosaurus_.6"
"51","Spinosaurus_","Spinosaurus_.7"
"52","Spinosaurus_","Spinosaurus_.8"
"53","Spinosaurus_","Spinosaurus_.9"
"54","Spinosaurus_","Spinosaurus_.10"
"55","Spinosaurus_","Spinosaurus_.11"
"56","Suchomimus","Suchomimus.1"
"57","Suchomimus","Suchomimus.2"
"58","Suchomimus","Suchomimus.3"
"59","Baryonyx","Baryonyx.1"
"60","Baryonyx","Baryonyx.2"
"61","Baryonyx","Baryonyx.3"
 
* Phylo tree and the main data and strata files have been modified to include duplicated taxa before the scaled random trees are generated.
* Selected categorical labels column: diving.or.not
* diving.or.equal column is identical to Diving column.
* Regression excludes flying taxa.
* Diving labels that are present in regression: 0,2
* lambda (calculated from a random tree) = : 0.07
* index-name alignment check: OK
