Logfile for a session of program: bootstrap_binary.r
-----------------------------------------------------
INPUT:
workDir: C:/dino_nature/output/2023-11-07-D1\bs/set_972
Nbootstrapsets: 2000
phyloFDAfile: c:/dino_nature/code/phylo.fda.R
auxFile: c:/dino_nature/code/auxiliary.r
boneType: femur
regressionData.file: C:/dino_nature/output/2023-11-07-D1\bs/set_972/femur_set_972.csv
applyDataFilter: FALSE
addTreeTips: TRUE
Ntrees: 100
calculateTrees: TRUE
saveTrees: FALSE


OPERATIONAL CHECKS:
* Regression data contains multiple copies of some taxa (user added variants of existing test taxa 
   or replacements due to bootstrap are present) which are not in the phylo tree:
     original taxon,   duplicate   
"1","Porphyrio_hochstetteri","Porphyrio_hochstetteri.1"
"2","Tenrec_ecaudatus","Tenrec_ecaudatus.1"
"3","Rangifer_tarandus","Rangifer_tarandus.1"
"4","Mus_musculus","Mus_musculus.1"
"5","Hemiechinus_azurites","Hemiechinus_azurites.1"
"6","Pogona_viceps","Pogona_viceps.1"
"7","Xenicus_giliventris","Xenicus_giliventris.1"
"8","Brachyodus_onoideum","Brachyodus_onoideum.1"
"9","Ceratotherium_simum","Ceratotherium_simum.1"
"10","Tenrec_ecaudatus","Tenrec_ecaudatus.2"
"11","Lama_guanicoe","Lama_guanicoe.1"
"12","Hemiechinus_azurites","Hemiechinus_azurites.2"
"13","Brachyodus_onoideum","Brachyodus_onoideum.2"
"14","Brachyodus_onoideum","Brachyodus_onoideum.3"
"15","Tenrec_ecaudatus","Tenrec_ecaudatus.3"
"16","Dromaius_","Dromaius_.1"
"17","Uncia_uncia","Uncia_uncia.1"
"18","Mus_musculus","Mus_musculus.2"
"19","Serpianosaurus","Serpianosaurus.1"
"20","Otaria_byronia","Otaria_byronia.1"
"21","Nanophoca_vitulinoides","Nanophoca_vitulinoides.1"
"22","Serpianosaurus","Serpianosaurus.2"
"23","Ichtyosaurus_","Ichtyosaurus_.1"
"24","Hydromys_chrysogaster","Hydromys_chrysogaster.1"
"25","Small_Eocene_penguin","Small_Eocene_penguin.1"
"26","Cricosaurus","Cricosaurus.1"
"27","Ichtyosaur_sp","Ichtyosaur_sp.1"
"28","Serpianosaurus","Serpianosaurus.3"
"29","Simosaurus","Simosaurus.1"
"30","Otaria_byronia","Otaria_byronia.2"
"31","Leptophoca_proxima","Leptophoca_proxima.1"
"32","Chironectes_minimus","Chironectes_minimus.1"
"33","Leptophoca_proxima","Leptophoca_proxima.2"
"34","Placondontia_indet","Placondontia_indet.1"
"35","Nothosaurus_150","Nothosaurus_150.1"
"36","Nanophoca_vitulinoides","Nanophoca_vitulinoides.2"
"37","Nanophoca_vitulinoides","Nanophoca_vitulinoides.3"
"38","Callophoca_obscura","Callophoca_obscura.1"
"39","Palaeospheniscus","Palaeospheniscus.1"
"40","Tapirus_terrestris","Tapirus_terrestris.1"
"41","Spinosaurus_","Spinosaurus_.1"
"42","Spinosaurus_","Spinosaurus_.2"
"43","Spinosaurus_","Spinosaurus_.3"
"44","Spinosaurus_","Spinosaurus_.4"
"45","Spinosaurus_","Spinosaurus_.5"
"46","Spinosaurus_","Spinosaurus_.6"
"47","Spinosaurus_","Spinosaurus_.7"
"48","Spinosaurus_","Spinosaurus_.8"
"49","Spinosaurus_","Spinosaurus_.9"
"50","Spinosaurus_","Spinosaurus_.10"
"51","Spinosaurus_","Spinosaurus_.11"
"52","Suchomimus","Suchomimus.1"
"53","Suchomimus","Suchomimus.2"
"54","Suchomimus","Suchomimus.3"
"55","Baryonyx","Baryonyx.1"
"56","Baryonyx","Baryonyx.2"
"57","Baryonyx","Baryonyx.3"
 
* Phylo tree and the main data and strata files have been modified to include duplicated taxa before the scaled random trees are generated.
* Selected categorical labels column: diving.or.not
* diving.or.equal column is identical to Diving column.
* Regression excludes flying taxa.
* Diving labels that are present in regression: 0,2
* lambda (calculated from a random tree) = : 0.07
* index-name alignment check: OK
