Logfile for a session of program: bootstrap_binary.r
-----------------------------------------------------
INPUT:
workDir: C:/dino_nature/output/2023-11-07-D1\bs/set_740
Nbootstrapsets: 2000
phyloFDAfile: c:/dino_nature/code/phylo.fda.R
auxFile: c:/dino_nature/code/auxiliary.r
boneType: femur
regressionData.file: C:/dino_nature/output/2023-11-07-D1\bs/set_740/femur_set_740.csv
applyDataFilter: FALSE
addTreeTips: TRUE
Ntrees: 100
calculateTrees: TRUE
saveTrees: FALSE


OPERATIONAL CHECKS:
* Regression data contains multiple copies of some taxa (user added variants of existing test taxa 
   or replacements due to bootstrap are present) which are not in the phylo tree:
     original taxon,   duplicate   
"1","Hemiechinus_azurites","Hemiechinus_azurites.1"
"2","Alces_americanus","Alces_americanus.1"
"3","Diplomesodon_pulchellum","Diplomesodon_pulchellum.1"
"4","Hemiechinus_azurites","Hemiechinus_azurites.2"
"5","Elephas_maximus","Elephas_maximus.1"
"6","Dromaius_","Dromaius_.1"
"7","Procavia_capensis","Procavia_capensis.1"
"8","Apteryx_owenii_","Apteryx_owenii_.1"
"9","Felis_felis","Felis_felis.1"
"10","Uncia_uncia","Uncia_uncia.1"
"11","Pogona_viceps","Pogona_viceps.1"
"12","Procavia_capensis","Procavia_capensis.2"
"13","Tribonyx_mortieri","Tribonyx_mortieri.1"
"14","Loxodonta_africana","Loxodonta_africana.1"
"15","Loxodonta_africana","Loxodonta_africana.2"
"16","Xenicus_giliventris","Xenicus_giliventris.1"
"17","Elomeryx_borbonicus_","Elomeryx_borbonicus_.1"
"18","Sphenodon_punctatus","Sphenodon_punctatus.1"
"19","Elephas_maximus","Elephas_maximus.2"
"20","Caloenas_nicobarica","Caloenas_nicobarica.1"
"21","Syncerus_caffer","Syncerus_caffer.1"
"22","Raphus","Raphus.1"
"23","Mustela_nivalis","Mustela_nivalis.1"
"24","Sphenodon_punctatus","Sphenodon_punctatus.2"
"25","Nothosaurus_150","Nothosaurus_150.1"
"26","Palaeospheniscus","Palaeospheniscus.1"
"27","Nothosaurus_150","Nothosaurus_150.2"
"28","Chapsosaurus_","Chapsosaurus_.1"
"29","Tapirus_terrestris","Tapirus_terrestris.1"
"30","Spheniscus","Spheniscus.1"
"31","Ichtyosaurus_","Ichtyosaurus_.1"
"32","Desmana_moschata","Desmana_moschata.1"
"33","Desmana_moschata","Desmana_moschata.2"
"34","Chapsosaurus_","Chapsosaurus_.2"
"35","Tapirus_terrestris","Tapirus_terrestris.2"
"36","Hexaprotodon_garyam","Hexaprotodon_garyam.1"
"37","Psephoderma","Psephoderma.1"
"38","Small_Eocene_penguin","Small_Eocene_penguin.1"
"39","Phocanella_pumila","Phocanella_pumila.1"
"40","Dyrosaurid","Dyrosaurid.1"
"41","Rhaeticosaurus","Rhaeticosaurus.1"
"42","Psephoderma","Psephoderma.2"
"43","Tapirus_terrestris","Tapirus_terrestris.3"
"44","Lutra_vulgaris","Lutra_vulgaris.1"
"45","Ichtyosaurus_","Ichtyosaurus_.2"
"46","Spheniscus","Spheniscus.2"
"47","Spinosaurus_","Spinosaurus_.1"
"48","Spinosaurus_","Spinosaurus_.2"
"49","Spinosaurus_","Spinosaurus_.3"
"50","Spinosaurus_","Spinosaurus_.4"
"51","Spinosaurus_","Spinosaurus_.5"
"52","Spinosaurus_","Spinosaurus_.6"
"53","Spinosaurus_","Spinosaurus_.7"
"54","Spinosaurus_","Spinosaurus_.8"
"55","Spinosaurus_","Spinosaurus_.9"
"56","Spinosaurus_","Spinosaurus_.10"
"57","Spinosaurus_","Spinosaurus_.11"
"58","Suchomimus","Suchomimus.1"
"59","Suchomimus","Suchomimus.2"
"60","Suchomimus","Suchomimus.3"
"61","Baryonyx","Baryonyx.1"
"62","Baryonyx","Baryonyx.2"
"63","Baryonyx","Baryonyx.3"
 
* Phylo tree and the main data and strata files have been modified to include duplicated taxa before the scaled random trees are generated.
* Selected categorical labels column: diving.or.not
* diving.or.equal column is identical to Diving column.
* Regression excludes flying taxa.
* Diving labels that are present in regression: 0,2
* lambda (calculated from a random tree) = : 0.14
* index-name alignment check: OK
