Logfile for a session of program: bootstrap_binary.r
-----------------------------------------------------
INPUT:
workDir: C:/dino_nature/output/2023-11-07-D1\bs/set_489
Nbootstrapsets: 2000
phyloFDAfile: c:/dino_nature/code/phylo.fda.R
auxFile: c:/dino_nature/code/auxiliary.r
boneType: femur
regressionData.file: C:/dino_nature/output/2023-11-07-D1\bs/set_489/femur_set_489.csv
applyDataFilter: FALSE
addTreeTips: TRUE
Ntrees: 100
calculateTrees: TRUE
saveTrees: FALSE


OPERATIONAL CHECKS:
* Regression data contains multiple copies of some taxa (user added variants of existing test taxa 
   or replacements due to bootstrap are present) which are not in the phylo tree:
     original taxon,   duplicate   
"1","Rhynchocyon_petersi","Rhynchocyon_petersi.1"
"2","Atlantisia_rogersi","Atlantisia_rogersi.1"
"3","Vulpes_vulpes","Vulpes_vulpes.1"
"4","Diplomesodon_pulchellum","Diplomesodon_pulchellum.1"
"5","Lama_guanicoe","Lama_guanicoe.1"
"6","Rattus_rattus","Rattus_rattus.1"
"7","Hemiechinus_azurites","Hemiechinus_azurites.1"
"8","Bos_taurus","Bos_taurus.1"
"9","Atlantisia_rogersi","Atlantisia_rogersi.2"
"10","Lacerta_viridis","Lacerta_viridis.1"
"11","Atlantisia_rogersi","Atlantisia_rogersi.3"
"12","Dasyurus_maculatus","Dasyurus_maculatus.1"
"13","Vulpes_vulpes","Vulpes_vulpes.2"
"14","Apteryx_australis","Apteryx_australis.1"
"15","Vulpes_vulpes","Vulpes_vulpes.3"
"16","Myrmecophaga_tridactyla","Myrmecophaga_tridactyla.1"
"17","Dicerorhinus_sumatrensis","Dicerorhinus_sumatrensis.1"
"18","Syncerus_caffer","Syncerus_caffer.1"
"19","Microgale_thomasi","Microgale_thomasi.1"
"20","Strigiops_habroptilus","Strigiops_habroptilus.1"
"21","Rynochetus_jubatus","Rynochetus_jubatus.1"
"22","Lacerta_viridis","Lacerta_viridis.2"
"23","Nothosaurus_102","Nothosaurus_102.1"
"24","Palaeospheniscus","Palaeospheniscus.1"
"25","Cryptoclidus","Cryptoclidus.1"
"26","Aptenodytes______","Aptenodytes______.1"
"27","Chironectes_minimus","Chironectes_minimus.1"
"28","Basilosaurus","Basilosaurus.1"
"29","large_eocene_stem_penguin","large_eocene_stem_penguin.1"
"30","Chironectes_minimus","Chironectes_minimus.2"
"31","Serpianosaurus","Serpianosaurus.1"
"32","Nothosaurus_mirabilis","Nothosaurus_mirabilis.1"
"33","Ornithorhynchus_anatinus","Ornithorhynchus_anatinus.1"
"34","large_eocene_stem_penguin","large_eocene_stem_penguin.2"
"35","Basilosaurus","Basilosaurus.2"
"36","Nanophoca_vitulinoides","Nanophoca_vitulinoides.1"
"37","Nothosaurus_mirabilis_1","Nothosaurus_mirabilis_1.1"
"38","Choeropsis_liberiensis","Choeropsis_liberiensis.1"
"39","Rodhocetus","Rodhocetus.1"
"40","Small_Eocene_penguin","Small_Eocene_penguin.1"
"41","Chironectes_minimus","Chironectes_minimus.3"
"42","Serpianosaurus","Serpianosaurus.2"
"43","Ornithorhynchus_anatinus","Ornithorhynchus_anatinus.2"
"44","Spinosaurus_","Spinosaurus_.1"
"45","Spinosaurus_","Spinosaurus_.2"
"46","Spinosaurus_","Spinosaurus_.3"
"47","Spinosaurus_","Spinosaurus_.4"
"48","Spinosaurus_","Spinosaurus_.5"
"49","Spinosaurus_","Spinosaurus_.6"
"50","Spinosaurus_","Spinosaurus_.7"
"51","Spinosaurus_","Spinosaurus_.8"
"52","Spinosaurus_","Spinosaurus_.9"
"53","Spinosaurus_","Spinosaurus_.10"
"54","Spinosaurus_","Spinosaurus_.11"
"55","Suchomimus","Suchomimus.1"
"56","Suchomimus","Suchomimus.2"
"57","Suchomimus","Suchomimus.3"
"58","Baryonyx","Baryonyx.1"
"59","Baryonyx","Baryonyx.2"
"60","Baryonyx","Baryonyx.3"
 
* Phylo tree and the main data and strata files have been modified to include duplicated taxa before the scaled random trees are generated.
* Selected categorical labels column: diving.or.not
* diving.or.equal column is identical to Diving column.
* Regression excludes flying taxa.
* Diving labels that are present in regression: 0,2
* lambda (calculated from a random tree) = : 0.1
* index-name alignment check: OK
