Logfile for a session of program: bootstrap_binary.r
-----------------------------------------------------
INPUT:
workDir: C:/dino_nature/output/2023-11-07-D1\bs/set_1189
Nbootstrapsets: 2000
phyloFDAfile: c:/dino_nature/code/phylo.fda.R
auxFile: c:/dino_nature/code/auxiliary.r
boneType: femur
regressionData.file: C:/dino_nature/output/2023-11-07-D1\bs/set_1189/femur_set_1189.csv
applyDataFilter: FALSE
addTreeTips: TRUE
Ntrees: 100
calculateTrees: TRUE
saveTrees: FALSE


OPERATIONAL CHECKS:
* Regression data contains multiple copies of some taxa (user added variants of existing test taxa 
   or replacements due to bootstrap are present) which are not in the phylo tree:
     original taxon,   duplicate   
"1","Okapia_johnstoni","Okapia_johnstoni.1"
"2","Okapia_johnstoni","Okapia_johnstoni.2"
"3","Nyctereutes_procyonoides","Nyctereutes_procyonoides.1"
"4","Tribonyx_mortieri","Tribonyx_mortieri.1"
"5","Tenrec_ecaudatus","Tenrec_ecaudatus.1"
"6","Rangifer_tarandus","Rangifer_tarandus.1"
"7","Cephalophus_silvicultor","Cephalophus_silvicultor.1"
"8","Tribonyx_mortieri","Tribonyx_mortieri.2"
"9","Raphus","Raphus.1"
"10","Rupicapra_rupicapra","Rupicapra_rupicapra.1"
"11","Rhynchocyon_petersi","Rhynchocyon_petersi.1"
"12","Megaloceros_sp","Megaloceros_sp.1"
"13","Porphyrio_hochstetteri","Porphyrio_hochstetteri.1"
"14","Mammuthus_sp","Mammuthus_sp.1"
"15","Sus_scrofa","Sus_scrofa.1"
"16","Bos_taurus","Bos_taurus.1"
"17","Raphus","Raphus.2"
"18","Choeropsis_liberiensis","Choeropsis_liberiensis.1"
"19","Simosaurus_1","Simosaurus_1.1"
"20","Indohyus","Indohyus.1"
"21","Simosaurus_1","Simosaurus_1.2"
"22","Rhaeticosaurus","Rhaeticosaurus.1"
"23","Alligator","Alligator.1"
"24","Paraplacodus","Paraplacodus.1"
"25","Phalacrocorax_harrisi","Phalacrocorax_harrisi.1"
"26","Nanophoca_vitulinoides","Nanophoca_vitulinoides.1"
"27","Caiman_yacare","Caiman_yacare.1"
"28","Phalacrocorax_harrisi","Phalacrocorax_harrisi.2"
"29","Castor_fiber","Castor_fiber.1"
"30","Nothosaurus_150","Nothosaurus_150.1"
"31","Leptophoca_proxima","Leptophoca_proxima.1"
"32","Dyrosaurid","Dyrosaurid.1"
"33","Hydromys_chrysogaster","Hydromys_chrysogaster.1"
"34","Nothosaurus_mirabilis_1","Nothosaurus_mirabilis_1.1"
"35","Lutra_vulgaris","Lutra_vulgaris.1"
"36","Castor_fiber","Castor_fiber.2"
"37","Protochampsidae","Protochampsidae.1"
"38","Paraplacodus","Paraplacodus.2"
"39","Spinosaurus_","Spinosaurus_.1"
"40","Spinosaurus_","Spinosaurus_.2"
"41","Spinosaurus_","Spinosaurus_.3"
"42","Spinosaurus_","Spinosaurus_.4"
"43","Spinosaurus_","Spinosaurus_.5"
"44","Spinosaurus_","Spinosaurus_.6"
"45","Spinosaurus_","Spinosaurus_.7"
"46","Spinosaurus_","Spinosaurus_.8"
"47","Spinosaurus_","Spinosaurus_.9"
"48","Spinosaurus_","Spinosaurus_.10"
"49","Spinosaurus_","Spinosaurus_.11"
"50","Suchomimus","Suchomimus.1"
"51","Suchomimus","Suchomimus.2"
"52","Suchomimus","Suchomimus.3"
"53","Baryonyx","Baryonyx.1"
"54","Baryonyx","Baryonyx.2"
"55","Baryonyx","Baryonyx.3"
 
* Phylo tree and the main data and strata files have been modified to include duplicated taxa before the scaled random trees are generated.
* Selected categorical labels column: diving.or.not
* diving.or.equal column is identical to Diving column.
* Regression excludes flying taxa.
* Diving labels that are present in regression: 0,2
* lambda (calculated from a random tree) = : 0.12
* index-name alignment check: OK
