Logfile for a session of program: bootstrap_binary.r
-----------------------------------------------------
INPUT:
workDir: C:/dino_nature/output/2023-11-07-D1\bs/set_1129
Nbootstrapsets: 2000
phyloFDAfile: c:/dino_nature/code/phylo.fda.R
auxFile: c:/dino_nature/code/auxiliary.r
boneType: femur
regressionData.file: C:/dino_nature/output/2023-11-07-D1\bs/set_1129/femur_set_1129.csv
applyDataFilter: FALSE
addTreeTips: TRUE
Ntrees: 100
calculateTrees: TRUE
saveTrees: FALSE


OPERATIONAL CHECKS:
* Regression data contains multiple copies of some taxa (user added variants of existing test taxa 
   or replacements due to bootstrap are present) which are not in the phylo tree:
     original taxon,   duplicate   
"1","Porphyrio_hochstetteri","Porphyrio_hochstetteri.1"
"2","Syncerus_caffer","Syncerus_caffer.1"
"3","Bison_bonasus","Bison_bonasus.1"
"4","Mustela_nivalis","Mustela_nivalis.1"
"5","Porphyrio_hochstetteri","Porphyrio_hochstetteri.2"
"6","Rupicapra_rupicapra","Rupicapra_rupicapra.1"
"7","Cephalophus_silvicultor","Cephalophus_silvicultor.1"
"8","Porphyrio_hochstetteri","Porphyrio_hochstetteri.3"
"9","Dromaius_","Dromaius_.1"
"10","Rangifer_tarandus","Rangifer_tarandus.1"
"11","Mammuthus_sp","Mammuthus_sp.1"
"12","Dromaius_","Dromaius_.2"
"13","Hemiechinus_azurites","Hemiechinus_azurites.1"
"14","Xenicus_giliventris","Xenicus_giliventris.1"
"15","Tamandua_tetradactyla","Tamandua_tetradactyla.1"
"16","Brachyodus_onoideum","Brachyodus_onoideum.1"
"17","Tamandua_tetradactyla","Tamandua_tetradactyla.2"
"18","Rattus_rattus","Rattus_rattus.1"
"19","Mustela_nivalis","Mustela_nivalis.2"
"20","large_eocene_stem_penguin","large_eocene_stem_penguin.1"
"21","Remingtonocetus","Remingtonocetus.1"
"22","Castor_fiber","Castor_fiber.1"
"23","Castor_fiber","Castor_fiber.2"
"24","Hydromys_chrysogaster","Hydromys_chrysogaster.1"
"25","Castor_fiber","Castor_fiber.3"
"26","Otaria_byronia","Otaria_byronia.1"
"27","large_eocene_stem_penguin","large_eocene_stem_penguin.2"
"28","Hydromys_chrysogaster","Hydromys_chrysogaster.2"
"29","Dyrosaurid","Dyrosaurid.1"
"30","large_eocene_stem_penguin","large_eocene_stem_penguin.3"
"31","large_eocene_stem_penguin","large_eocene_stem_penguin.4"
"32","Hexaprotodon_garyam","Hexaprotodon_garyam.1"
"33","Hydromys_chrysogaster","Hydromys_chrysogaster.3"
"34","Castor_fiber","Castor_fiber.4"
"35","Protochampsidae","Protochampsidae.1"
"36","Caiman_yacare","Caiman_yacare.1"
"37","Nanophoca_vitulinoides","Nanophoca_vitulinoides.1"
"38","Placondontia_indet","Placondontia_indet.1"
"39","Phocanella_pumila","Phocanella_pumila.1"
"40","Chironectes_minimus","Chironectes_minimus.1"
"41","Nothosaurus_mirabilis","Nothosaurus_mirabilis.1"
"42","Hydromys_chrysogaster","Hydromys_chrysogaster.4"
"43","Serpianosaurus","Serpianosaurus.1"
"44","Nothosaurus_giganteus","Nothosaurus_giganteus.1"
"45","Micropotamogale_euwenzorii","Micropotamogale_euwenzorii.1"
"46","Spinosaurus_","Spinosaurus_.1"
"47","Spinosaurus_","Spinosaurus_.2"
"48","Spinosaurus_","Spinosaurus_.3"
"49","Spinosaurus_","Spinosaurus_.4"
"50","Spinosaurus_","Spinosaurus_.5"
"51","Spinosaurus_","Spinosaurus_.6"
"52","Spinosaurus_","Spinosaurus_.7"
"53","Spinosaurus_","Spinosaurus_.8"
"54","Spinosaurus_","Spinosaurus_.9"
"55","Spinosaurus_","Spinosaurus_.10"
"56","Spinosaurus_","Spinosaurus_.11"
"57","Suchomimus","Suchomimus.1"
"58","Suchomimus","Suchomimus.2"
"59","Suchomimus","Suchomimus.3"
"60","Baryonyx","Baryonyx.1"
"61","Baryonyx","Baryonyx.2"
"62","Baryonyx","Baryonyx.3"
 
* Phylo tree and the main data and strata files have been modified to include duplicated taxa before the scaled random trees are generated.
* Selected categorical labels column: diving.or.not
* diving.or.equal column is identical to Diving column.
* Regression excludes flying taxa.
* Diving labels that are present in regression: 0,2
* lambda (calculated from a random tree) = : 0.13
* index-name alignment check: OK
