Logfile for a session of program: bootstrap_binary.r
-----------------------------------------------------
INPUT:
workDir: C:/dino_nature/output/2023-11-07-D1\bs/set_715
Nbootstrapsets: 2000
phyloFDAfile: c:/dino_nature/code/phylo.fda.R
auxFile: c:/dino_nature/code/auxiliary.r
boneType: femur
regressionData.file: C:/dino_nature/output/2023-11-07-D1\bs/set_715/femur_set_715.csv
applyDataFilter: FALSE
addTreeTips: TRUE
Ntrees: 100
calculateTrees: TRUE
saveTrees: FALSE


OPERATIONAL CHECKS:
* Regression data contains multiple copies of some taxa (user added variants of existing test taxa 
   or replacements due to bootstrap are present) which are not in the phylo tree:
     original taxon,   duplicate   
"1","Alces_americanus","Alces_americanus.1"
"2","Okapia_johnstoni","Okapia_johnstoni.1"
"3","Raphus","Raphus.1"
"4","Pogona_viceps","Pogona_viceps.1"
"5","Rynochetus_jubatus","Rynochetus_jubatus.1"
"6","Raphus","Raphus.2"
"7","Strigiops_habroptilus","Strigiops_habroptilus.1"
"8","Okapia_johnstoni","Okapia_johnstoni.2"
"9","Dromaius_","Dromaius_.1"
"10","Giraffa_camelopardalis","Giraffa_camelopardalis.1"
"11","Procavia_capensis","Procavia_capensis.1"
"12","Meles_meles","Meles_meles.1"
"13","Cephalophus_silvicultor","Cephalophus_silvicultor.1"
"14","Mus_musculus","Mus_musculus.1"
"15","Mammuthus_sp","Mammuthus_sp.1"
"16","Mus_musculus","Mus_musculus.2"
"17","Giraffa_camelopardalis","Giraffa_camelopardalis.2"
"18","Dromaius_","Dromaius_.2"
"19","Raphus","Raphus.3"
"20","Bos_taurus","Bos_taurus.1"
"21","Elephas_maximus","Elephas_maximus.1"
"22","Raphus","Raphus.4"
"23","Porphyrio_hochstetteri","Porphyrio_hochstetteri.1"
"24","Monodelphis_domestica","Monodelphis_domestica.1"
"25","Placodontia_indet_1","Placodontia_indet_1.1"
"26","Champsosaurus","Champsosaurus.1"
"27","Remingtonocetus","Remingtonocetus.1"
"28","Ichtyosaur_sp","Ichtyosaur_sp.1"
"29","Protochampsidae","Protochampsidae.1"
"30","Remingtonocetus","Remingtonocetus.2"
"31","Maiacetus","Maiacetus.1"
"32","Champsosaurus","Champsosaurus.2"
"33","Psephoderma","Psephoderma.1"
"34","Cryptoclidus","Cryptoclidus.1"
"35","Chapsosaurus_","Chapsosaurus_.1"
"36","Paraplacodus","Paraplacodus.1"
"37","Placodontia_indet_1","Placodontia_indet_1.2"
"38","large_eocene_stem_penguin","large_eocene_stem_penguin.1"
"39","Cricosaurus","Cricosaurus.1"
"40","Rhaeticosaurus","Rhaeticosaurus.1"
"41","Phalacrocorax_harrisi","Phalacrocorax_harrisi.1"
"42","Ornithorhynchus_anatinus","Ornithorhynchus_anatinus.1"
"43","Serpianosaurus","Serpianosaurus.1"
"44","Ichtyosaurus_","Ichtyosaurus_.1"
"45","Paraplacodus","Paraplacodus.2"
"46","Spinosaurus_","Spinosaurus_.1"
"47","Spinosaurus_","Spinosaurus_.2"
"48","Spinosaurus_","Spinosaurus_.3"
"49","Spinosaurus_","Spinosaurus_.4"
"50","Spinosaurus_","Spinosaurus_.5"
"51","Spinosaurus_","Spinosaurus_.6"
"52","Spinosaurus_","Spinosaurus_.7"
"53","Spinosaurus_","Spinosaurus_.8"
"54","Spinosaurus_","Spinosaurus_.9"
"55","Spinosaurus_","Spinosaurus_.10"
"56","Spinosaurus_","Spinosaurus_.11"
"57","Suchomimus","Suchomimus.1"
"58","Suchomimus","Suchomimus.2"
"59","Suchomimus","Suchomimus.3"
"60","Baryonyx","Baryonyx.1"
"61","Baryonyx","Baryonyx.2"
"62","Baryonyx","Baryonyx.3"
 
* Phylo tree and the main data and strata files have been modified to include duplicated taxa before the scaled random trees are generated.
* Selected categorical labels column: diving.or.not
* diving.or.equal column is identical to Diving column.
* Regression excludes flying taxa.
* Diving labels that are present in regression: 0,2
* lambda (calculated from a random tree) = : 0.14
* index-name alignment check: OK
