Logfile for a session of program: bootstrap_binary.r
-----------------------------------------------------
INPUT:
workDir: C:/dino_nature/output/2023-11-07-D1\bs/set_1680
Nbootstrapsets: 2000
phyloFDAfile: c:/dino_nature/code/phylo.fda.R
auxFile: c:/dino_nature/code/auxiliary.r
boneType: femur
regressionData.file: C:/dino_nature/output/2023-11-07-D1\bs/set_1680/femur_set_1680.csv
applyDataFilter: FALSE
addTreeTips: TRUE
Ntrees: 100
calculateTrees: TRUE
saveTrees: FALSE


OPERATIONAL CHECKS:
* Regression data contains multiple copies of some taxa (user added variants of existing test taxa 
   or replacements due to bootstrap are present) which are not in the phylo tree:
     original taxon,   duplicate   
"1","Dasyurus_maculatus","Dasyurus_maculatus.1"
"2","Strigiops_habroptilus","Strigiops_habroptilus.1"
"3","Capreolus_capreolus","Capreolus_capreolus.1"
"4","Procyon_lotor","Procyon_lotor.1"
"5","Sphenodon_punctatus","Sphenodon_punctatus.1"
"6","Sphenodon_punctatus","Sphenodon_punctatus.2"
"7","Sphenodon_punctatus","Sphenodon_punctatus.3"
"8","Monodelphis_domestica","Monodelphis_domestica.1"
"9","Paguma_larvata","Paguma_larvata.1"
"10","Atlantisia_rogersi","Atlantisia_rogersi.1"
"11","Alces_americanus","Alces_americanus.1"
"12","Uncia_uncia","Uncia_uncia.1"
"13","Dama_dama","Dama_dama.1"
"14","Bison_bonasus","Bison_bonasus.1"
"15","Alces_americanus","Alces_americanus.2"
"16","Dasyurus_maculatus","Dasyurus_maculatus.2"
"17","Loxodonta_africana","Loxodonta_africana.1"
"18","Bison_bonasus","Bison_bonasus.2"
"19","Elephas_maximus","Elephas_maximus.1"
"20","Placondontia_indet","Placondontia_indet.1"
"21","Phocanella_pumila","Phocanella_pumila.1"
"22","Alligator","Alligator.1"
"23","Placondontia_indet","Placondontia_indet.2"
"24","Palaeospheniscus","Palaeospheniscus.1"
"25","Protochampsidae","Protochampsidae.1"
"26","Placondontia_indet","Placondontia_indet.3"
"27","Hexaprotodon_garyam","Hexaprotodon_garyam.1"
"28","Remingtonocetus","Remingtonocetus.1"
"29","Castor_fiber","Castor_fiber.1"
"30","Micropotamogale_euwenzorii","Micropotamogale_euwenzorii.1"
"31","Noemys_fodies","Noemys_fodies.1"
"32","Maiacetus","Maiacetus.1"
"33","Cricosaurus","Cricosaurus.1"
"34","Psephoderma","Psephoderma.1"
"35","Leptophoca_proxima","Leptophoca_proxima.1"
"36","Remingtonocetus","Remingtonocetus.2"
"37","Anarosaurus","Anarosaurus.1"
"38","Hippopotamus_amphibius","Hippopotamus_amphibius.1"
"39","Rodhocetus","Rodhocetus.1"
"40","Nothosaurus_giganteus","Nothosaurus_giganteus.1"
"41","Spinosaurus_","Spinosaurus_.1"
"42","Spinosaurus_","Spinosaurus_.2"
"43","Spinosaurus_","Spinosaurus_.3"
"44","Spinosaurus_","Spinosaurus_.4"
"45","Spinosaurus_","Spinosaurus_.5"
"46","Spinosaurus_","Spinosaurus_.6"
"47","Spinosaurus_","Spinosaurus_.7"
"48","Spinosaurus_","Spinosaurus_.8"
"49","Spinosaurus_","Spinosaurus_.9"
"50","Spinosaurus_","Spinosaurus_.10"
"51","Spinosaurus_","Spinosaurus_.11"
"52","Suchomimus","Suchomimus.1"
"53","Suchomimus","Suchomimus.2"
"54","Suchomimus","Suchomimus.3"
"55","Baryonyx","Baryonyx.1"
"56","Baryonyx","Baryonyx.2"
"57","Baryonyx","Baryonyx.3"
 
* Phylo tree and the main data and strata files have been modified to include duplicated taxa before the scaled random trees are generated.
* Selected categorical labels column: diving.or.not
* diving.or.equal column is identical to Diving column.
* Regression excludes flying taxa.
* Diving labels that are present in regression: 0,2
* lambda (calculated from a random tree) = : 0.09
* index-name alignment check: OK
