Logfile for a session of program: bootstrap_binary.r
-----------------------------------------------------
INPUT:
workDir: C:/dino_nature/output/2023-11-07-D1\bs/set_1902
Nbootstrapsets: 2000
phyloFDAfile: c:/dino_nature/code/phylo.fda.R
auxFile: c:/dino_nature/code/auxiliary.r
boneType: femur
regressionData.file: C:/dino_nature/output/2023-11-07-D1\bs/set_1902/femur_set_1902.csv
applyDataFilter: FALSE
addTreeTips: TRUE
Ntrees: 100
calculateTrees: TRUE
saveTrees: FALSE


OPERATIONAL CHECKS:
* Regression data contains multiple copies of some taxa (user added variants of existing test taxa 
   or replacements due to bootstrap are present) which are not in the phylo tree:
     original taxon,   duplicate   
"1","Rattus_rattus","Rattus_rattus.1"
"2","Strigiops_habroptilus","Strigiops_habroptilus.1"
"3","Ceratotherium_simum","Ceratotherium_simum.1"
"4","Rattus_rattus","Rattus_rattus.2"
"5","Caloenas_nicobarica","Caloenas_nicobarica.1"
"6","Rynochetus_jubatus","Rynochetus_jubatus.1"
"7","Rangifer_tarandus","Rangifer_tarandus.1"
"8","Pogona_viceps","Pogona_viceps.1"
"9","Rattus_rattus","Rattus_rattus.3"
"10","Strigiops_habroptilus","Strigiops_habroptilus.2"
"11","Brachyodus_onoideum","Brachyodus_onoideum.1"
"12","Sphenodon_punctatus","Sphenodon_punctatus.1"
"13","Sphenodon_punctatus","Sphenodon_punctatus.2"
"14","Rangifer_tarandus","Rangifer_tarandus.2"
"15","Microgale_thomasi","Microgale_thomasi.1"
"16","Xenicus_giliventris","Xenicus_giliventris.1"
"17","Elomeryx_borbonicus_","Elomeryx_borbonicus_.1"
"18","Xenicus_giliventris","Xenicus_giliventris.2"
"19","Rynochetus_jubatus","Rynochetus_jubatus.2"
"20","Porphyrio_hochstetteri","Porphyrio_hochstetteri.1"
"21","Vulpes_vulpes","Vulpes_vulpes.1"
"22","Lama_guanicoe","Lama_guanicoe.1"
"23","Nyctereutes_procyonoides","Nyctereutes_procyonoides.1"
"24","Paguma_larvata","Paguma_larvata.1"
"25","Basilosaurus","Basilosaurus.1"
"26","Lutra_vulgaris","Lutra_vulgaris.1"
"27","Spheniscus","Spheniscus.1"
"28","Rodhocetus","Rodhocetus.1"
"29","Desmostylus_hesperus","Desmostylus_hesperus.1"
"30","Nothosaurus_mirabilis_1","Nothosaurus_mirabilis_1.1"
"31","Leptophoca_proxima","Leptophoca_proxima.1"
"32","Hippopotamus_amphibius","Hippopotamus_amphibius.1"
"33","Callophoca_obscura","Callophoca_obscura.1"
"34","Nothosaurus_102","Nothosaurus_102.1"
"35","Rhaeticosaurus","Rhaeticosaurus.1"
"36","Neusticosaurus","Neusticosaurus.1"
"37","Nothosaurus_mirabilis","Nothosaurus_mirabilis.1"
"38","Nothosaurus_102","Nothosaurus_102.2"
"39","Serpianosaurus","Serpianosaurus.1"
"40","Tapirus_terrestris","Tapirus_terrestris.1"
"41","Ichtyosaurus_","Ichtyosaurus_.1"
"42","Nothosaurus_150","Nothosaurus_150.1"
"43","Desmostylus_hesperus","Desmostylus_hesperus.2"
"44","Spinosaurus_","Spinosaurus_.1"
"45","Spinosaurus_","Spinosaurus_.2"
"46","Spinosaurus_","Spinosaurus_.3"
"47","Spinosaurus_","Spinosaurus_.4"
"48","Spinosaurus_","Spinosaurus_.5"
"49","Spinosaurus_","Spinosaurus_.6"
"50","Spinosaurus_","Spinosaurus_.7"
"51","Spinosaurus_","Spinosaurus_.8"
"52","Spinosaurus_","Spinosaurus_.9"
"53","Spinosaurus_","Spinosaurus_.10"
"54","Spinosaurus_","Spinosaurus_.11"
"55","Suchomimus","Suchomimus.1"
"56","Suchomimus","Suchomimus.2"
"57","Suchomimus","Suchomimus.3"
"58","Baryonyx","Baryonyx.1"
"59","Baryonyx","Baryonyx.2"
"60","Baryonyx","Baryonyx.3"
 
* Phylo tree and the main data and strata files have been modified to include duplicated taxa before the scaled random trees are generated.
* Selected categorical labels column: diving.or.not
* diving.or.equal column is identical to Diving column.
* Regression excludes flying taxa.
* Diving labels that are present in regression: 0,2
* lambda (calculated from a random tree) = : 0.06
* index-name alignment check: OK
