Logfile for a session of program: bootstrap_binary.r
-----------------------------------------------------
INPUT:
workDir: C:/dino_nature/output/2023-11-07-D1\bs/set_107
Nbootstrapsets: 2000
phyloFDAfile: c:/dino_nature/code/phylo.fda.R
auxFile: c:/dino_nature/code/auxiliary.r
boneType: femur
regressionData.file: C:/dino_nature/output/2023-11-07-D1\bs/set_107/femur_set_107.csv
applyDataFilter: FALSE
addTreeTips: TRUE
Ntrees: 100
calculateTrees: TRUE
saveTrees: FALSE


OPERATIONAL CHECKS:
* Regression data contains multiple copies of some taxa (user added variants of existing test taxa 
   or replacements due to bootstrap are present) which are not in the phylo tree:
     original taxon,   duplicate   
"1","Dasyurus_maculatus","Dasyurus_maculatus.1"
"2","Rupicapra_rupicapra","Rupicapra_rupicapra.1"
"3","Rangifer_tarandus","Rangifer_tarandus.1"
"4","Rangifer_tarandus","Rangifer_tarandus.2"
"5","Rattus_rattus","Rattus_rattus.1"
"6","Porphyrio_hochstetteri","Porphyrio_hochstetteri.1"
"7","Caloenas_nicobarica","Caloenas_nicobarica.1"
"8","Paguma_larvata","Paguma_larvata.1"
"9","Megaloceros_sp","Megaloceros_sp.1"
"10","Dasyurus_maculatus","Dasyurus_maculatus.2"
"11","Caloenas_nicobarica","Caloenas_nicobarica.2"
"12","Apteryx_owenii_","Apteryx_owenii_.1"
"13","Sus_scrofa","Sus_scrofa.1"
"14","Tribonyx_mortieri","Tribonyx_mortieri.1"
"15","Dasyurus_maculatus","Dasyurus_maculatus.3"
"16","Apteryx_owenii_","Apteryx_owenii_.2"
"17","Megaloceros_sp","Megaloceros_sp.2"
"18","Dromaius_","Dromaius_.1"
"19","Paguma_larvata","Paguma_larvata.2"
"20","Dromaius_","Dromaius_.2"
"21","Procavia_capensis","Procavia_capensis.1"
"22","Lama_guanicoe","Lama_guanicoe.1"
"23","Desmostylus_hesperus","Desmostylus_hesperus.1"
"24","Ornithorhynchus_anatinus","Ornithorhynchus_anatinus.1"
"25","Desmostylus_hesperus","Desmostylus_hesperus.2"
"26","Desmostylus_hesperus","Desmostylus_hesperus.3"
"27","Neusticosaurus","Neusticosaurus.1"
"28","Serpianosaurus","Serpianosaurus.1"
"29","Phocanella_pumila","Phocanella_pumila.1"
"30","Cryptoclidus","Cryptoclidus.1"
"31","Simosaurus","Simosaurus.1"
"32","Ichtyosaur_sp","Ichtyosaur_sp.1"
"33","Rhaeticosaurus","Rhaeticosaurus.1"
"34","Nothosaurus_giganteus","Nothosaurus_giganteus.1"
"35","Serpianosaurus","Serpianosaurus.2"
"36","Basilosaurus","Basilosaurus.1"
"37","Anarosaurus","Anarosaurus.1"
"38","Plesiosaurus","Plesiosaurus.1"
"39","Palaeospheniscus","Palaeospheniscus.1"
"40","Leptophoca_proxima","Leptophoca_proxima.1"
"41","Desmostylus_hesperus","Desmostylus_hesperus.4"
"42","Palaeospheniscus","Palaeospheniscus.2"
"43","Hesperornis","Hesperornis.1"
"44","Castor_fiber","Castor_fiber.1"
"45","Spinosaurus_","Spinosaurus_.1"
"46","Spinosaurus_","Spinosaurus_.2"
"47","Spinosaurus_","Spinosaurus_.3"
"48","Spinosaurus_","Spinosaurus_.4"
"49","Spinosaurus_","Spinosaurus_.5"
"50","Spinosaurus_","Spinosaurus_.6"
"51","Spinosaurus_","Spinosaurus_.7"
"52","Spinosaurus_","Spinosaurus_.8"
"53","Spinosaurus_","Spinosaurus_.9"
"54","Spinosaurus_","Spinosaurus_.10"
"55","Spinosaurus_","Spinosaurus_.11"
"56","Suchomimus","Suchomimus.1"
"57","Suchomimus","Suchomimus.2"
"58","Suchomimus","Suchomimus.3"
"59","Baryonyx","Baryonyx.1"
"60","Baryonyx","Baryonyx.2"
"61","Baryonyx","Baryonyx.3"
 
* Phylo tree and the main data and strata files have been modified to include duplicated taxa before the scaled random trees are generated.
* Selected categorical labels column: diving.or.not
* diving.or.equal column is identical to Diving column.
* Regression excludes flying taxa.
* Diving labels that are present in regression: 0,2
* lambda (calculated from a random tree) = : 0.04
* index-name alignment check: OK
