Logfile for a session of program: bootstrap_binary.r
-----------------------------------------------------
INPUT:
workDir: C:/dino_nature/output/2023-11-07-D1\bs/set_584
Nbootstrapsets: 2000
phyloFDAfile: c:/dino_nature/code/phylo.fda.R
auxFile: c:/dino_nature/code/auxiliary.r
boneType: femur
regressionData.file: C:/dino_nature/output/2023-11-07-D1\bs/set_584/femur_set_584.csv
applyDataFilter: FALSE
addTreeTips: TRUE
Ntrees: 100
calculateTrees: TRUE
saveTrees: FALSE


OPERATIONAL CHECKS:
* Regression data contains multiple copies of some taxa (user added variants of existing test taxa 
   or replacements due to bootstrap are present) which are not in the phylo tree:
     original taxon,   duplicate   
"1","Megaloceros_sp","Megaloceros_sp.1"
"2","Rhynchocyon_petersi","Rhynchocyon_petersi.1"
"3","Paguma_larvata","Paguma_larvata.1"
"4","Strigiops_habroptilus","Strigiops_habroptilus.1"
"5","Rupicapra_rupicapra","Rupicapra_rupicapra.1"
"6","Myrmecophaga_tridactyla","Myrmecophaga_tridactyla.1"
"7","Rhinoceros_sondaicus","Rhinoceros_sondaicus.1"
"8","Taxidea_taxus","Taxidea_taxus.1"
"9","Rangifer_tarandus","Rangifer_tarandus.1"
"10","Ceratotherium_simum","Ceratotherium_simum.1"
"11","Rynochetus_jubatus","Rynochetus_jubatus.1"
"12","Porphyrio_hochstetteri","Porphyrio_hochstetteri.1"
"13","Procyon_lotor","Procyon_lotor.1"
"14","Mammuthus_sp","Mammuthus_sp.1"
"15","Giraffa_camelopardalis","Giraffa_camelopardalis.1"
"16","Rupicapra_rupicapra","Rupicapra_rupicapra.2"
"17","Taxidea_taxus","Taxidea_taxus.2"
"18","Strigiops_habroptilus","Strigiops_habroptilus.2"
"19","Rangifer_tarandus","Rangifer_tarandus.2"
"20","Euroscaptor_micrura","Euroscaptor_micrura.1"
"21","Ornithorhynchus_anatinus","Ornithorhynchus_anatinus.1"
"22","Castor_fiber","Castor_fiber.1"
"23","Metryorhynchus","Metryorhynchus.1"
"24","Ornithorhynchus_anatinus","Ornithorhynchus_anatinus.2"
"25","large_eocene_stem_penguin","large_eocene_stem_penguin.1"
"26","Chironectes_minimus","Chironectes_minimus.1"
"27","Chapsosaurus_","Chapsosaurus_.1"
"28","Chapsosaurus_","Chapsosaurus_.2"
"29","Chironectes_minimus","Chironectes_minimus.2"
"30","Psephoderma","Psephoderma.1"
"31","Pistosaurus","Pistosaurus.1"
"32","Serpianosaurus","Serpianosaurus.1"
"33","Basilosaurus","Basilosaurus.1"
"34","Castor_fiber","Castor_fiber.2"
"35","Hippopotamus_amphibius","Hippopotamus_amphibius.1"
"36","Nothosaurus_mirabilis_1","Nothosaurus_mirabilis_1.1"
"37","Metryorhynchus","Metryorhynchus.2"
"38","Palaeospheniscus","Palaeospheniscus.1"
"39","Nothosaurus_150","Nothosaurus_150.1"
"40","Nothosaurus_150","Nothosaurus_150.2"
"41","Ichtyosaur_sp","Ichtyosaur_sp.1"
"42","Hippopotamus_amphibius","Hippopotamus_amphibius.2"
"43","Pistosaurus","Pistosaurus.2"
"44","Spinosaurus_","Spinosaurus_.1"
"45","Spinosaurus_","Spinosaurus_.2"
"46","Spinosaurus_","Spinosaurus_.3"
"47","Spinosaurus_","Spinosaurus_.4"
"48","Spinosaurus_","Spinosaurus_.5"
"49","Spinosaurus_","Spinosaurus_.6"
"50","Spinosaurus_","Spinosaurus_.7"
"51","Spinosaurus_","Spinosaurus_.8"
"52","Spinosaurus_","Spinosaurus_.9"
"53","Spinosaurus_","Spinosaurus_.10"
"54","Spinosaurus_","Spinosaurus_.11"
"55","Suchomimus","Suchomimus.1"
"56","Suchomimus","Suchomimus.2"
"57","Suchomimus","Suchomimus.3"
"58","Baryonyx","Baryonyx.1"
"59","Baryonyx","Baryonyx.2"
"60","Baryonyx","Baryonyx.3"
 
* Phylo tree and the main data and strata files have been modified to include duplicated taxa before the scaled random trees are generated.
* Selected categorical labels column: diving.or.not
* diving.or.equal column is identical to Diving column.
* Regression excludes flying taxa.
* Diving labels that are present in regression: 0,2
* lambda (calculated from a random tree) = : 0.11
* index-name alignment check: OK
