Logfile for a session of program: bootstrap_binary.r
-----------------------------------------------------
INPUT:
workDir: C:/dino_nature/output/2023-11-07-D1\bs/set_417
Nbootstrapsets: 2000
phyloFDAfile: c:/dino_nature/code/phylo.fda.R
auxFile: c:/dino_nature/code/auxiliary.r
boneType: femur
regressionData.file: C:/dino_nature/output/2023-11-07-D1\bs/set_417/femur_set_417.csv
applyDataFilter: FALSE
addTreeTips: TRUE
Ntrees: 100
calculateTrees: TRUE
saveTrees: FALSE


OPERATIONAL CHECKS:
* Regression data contains multiple copies of some taxa (user added variants of existing test taxa 
   or replacements due to bootstrap are present) which are not in the phylo tree:
     original taxon,   duplicate   
"1","Microgale_thomasi","Microgale_thomasi.1"
"2","Apteryx_owenii_","Apteryx_owenii_.1"
"3","Megaloceros_sp","Megaloceros_sp.1"
"4","Pogona_viceps","Pogona_viceps.1"
"5","Syncerus_caffer","Syncerus_caffer.1"
"6","Rupicapra_rupicapra","Rupicapra_rupicapra.1"
"7","Brachyodus_onoideum","Brachyodus_onoideum.1"
"8","Bos_taurus","Bos_taurus.1"
"9","Pogona_viceps","Pogona_viceps.2"
"10","Syncerus_caffer","Syncerus_caffer.2"
"11","Elephas_maximus","Elephas_maximus.1"
"12","Meles_meles","Meles_meles.1"
"13","Monodelphis_domestica","Monodelphis_domestica.1"
"14","Microgale_thomasi","Microgale_thomasi.2"
"15","Xenicus_giliventris","Xenicus_giliventris.1"
"16","Rhinoceros_sondaicus","Rhinoceros_sondaicus.1"
"17","Apteryx_owenii_","Apteryx_owenii_.2"
"18","Pogona_viceps","Pogona_viceps.3"
"19","Pogona_viceps","Pogona_viceps.4"
"20","Tapirus_terrestris","Tapirus_terrestris.1"
"21","Cryptoclidus","Cryptoclidus.1"
"22","Leptophoca_proxima","Leptophoca_proxima.1"
"23","Callophoca_obscura","Callophoca_obscura.1"
"24","Tapirus_terrestris","Tapirus_terrestris.2"
"25","Rodhocetus","Rodhocetus.1"
"26","Placondontia_indet","Placondontia_indet.1"
"27","large_eocene_stem_penguin","large_eocene_stem_penguin.1"
"28","Hydromys_chrysogaster","Hydromys_chrysogaster.1"
"29","Pistosaurus","Pistosaurus.1"
"30","Hexaprotodon_garyam","Hexaprotodon_garyam.1"
"31","Alligator","Alligator.1"
"32","Hexaprotodon_garyam","Hexaprotodon_garyam.2"
"33","Plesiosaurus","Plesiosaurus.1"
"34","Dyrosaurid","Dyrosaurid.1"
"35","Hexaprotodon_garyam","Hexaprotodon_garyam.3"
"36","Plesiosaurus","Plesiosaurus.2"
"37","Nothosaurus_mirabilis_1","Nothosaurus_mirabilis_1.1"
"38","Hesperornis","Hesperornis.1"
"39","Callophoca_obscura","Callophoca_obscura.2"
"40","Placondontia_indet","Placondontia_indet.2"
"41","Simosaurus_1","Simosaurus_1.1"
"42","Spinosaurus_","Spinosaurus_.1"
"43","Spinosaurus_","Spinosaurus_.2"
"44","Spinosaurus_","Spinosaurus_.3"
"45","Spinosaurus_","Spinosaurus_.4"
"46","Spinosaurus_","Spinosaurus_.5"
"47","Spinosaurus_","Spinosaurus_.6"
"48","Spinosaurus_","Spinosaurus_.7"
"49","Spinosaurus_","Spinosaurus_.8"
"50","Spinosaurus_","Spinosaurus_.9"
"51","Spinosaurus_","Spinosaurus_.10"
"52","Spinosaurus_","Spinosaurus_.11"
"53","Suchomimus","Suchomimus.1"
"54","Suchomimus","Suchomimus.2"
"55","Suchomimus","Suchomimus.3"
"56","Baryonyx","Baryonyx.1"
"57","Baryonyx","Baryonyx.2"
"58","Baryonyx","Baryonyx.3"
 
* Phylo tree and the main data and strata files have been modified to include duplicated taxa before the scaled random trees are generated.
* Selected categorical labels column: diving.or.not
* diving.or.equal column is identical to Diving column.
* Regression excludes flying taxa.
* Diving labels that are present in regression: 0,2
* lambda (calculated from a random tree) = : 0.08
* index-name alignment check: OK
