Logfile for a session of program: bootstrap_binary.r
-----------------------------------------------------
INPUT:
workDir: C:/dino_nature/output/2023-11-07-D1\bs/set_996
Nbootstrapsets: 2000
phyloFDAfile: c:/dino_nature/code/phylo.fda.R
auxFile: c:/dino_nature/code/auxiliary.r
boneType: femur
regressionData.file: C:/dino_nature/output/2023-11-07-D1\bs/set_996/femur_set_996.csv
applyDataFilter: FALSE
addTreeTips: TRUE
Ntrees: 100
calculateTrees: TRUE
saveTrees: FALSE


OPERATIONAL CHECKS:
* Regression data contains multiple copies of some taxa (user added variants of existing test taxa 
   or replacements due to bootstrap are present) which are not in the phylo tree:
     original taxon,   duplicate   
"1","Pogona_viceps","Pogona_viceps.1"
"2","Giraffa_camelopardalis","Giraffa_camelopardalis.1"
"3","Myrmecophaga_tridactyla","Myrmecophaga_tridactyla.1"
"4","Felis_felis","Felis_felis.1"
"5","Dromaius_","Dromaius_.1"
"6","Alces_americanus","Alces_americanus.1"
"7","Rangifer_tarandus","Rangifer_tarandus.1"
"8","Lacerta_viridis","Lacerta_viridis.1"
"9","Rangifer_tarandus","Rangifer_tarandus.2"
"10","Bison_bonasus","Bison_bonasus.1"
"11","Taxidea_taxus","Taxidea_taxus.1"
"12","Raphus","Raphus.1"
"13","Okapia_johnstoni","Okapia_johnstoni.1"
"14","Mustela_nivalis","Mustela_nivalis.1"
"15","Uncia_uncia","Uncia_uncia.1"
"16","Vulpes_vulpes","Vulpes_vulpes.1"
"17","Megaloceros_sp","Megaloceros_sp.1"
"18","Taxidea_taxus","Taxidea_taxus.2"
"19","Felis_felis","Felis_felis.2"
"20","Paguma_larvata","Paguma_larvata.1"
"21","Apteryx_owenii_","Apteryx_owenii_.1"
"22","Myrmecophaga_tridactyla","Myrmecophaga_tridactyla.2"
"23","Hexaprotodon_garyam","Hexaprotodon_garyam.1"
"24","Placondontia_indet","Placondontia_indet.1"
"25","Metryorhynchus","Metryorhynchus.1"
"26","Metryorhynchus","Metryorhynchus.2"
"27","Psephoderma","Psephoderma.1"
"28","Serpianosaurus","Serpianosaurus.1"
"29","Metryorhynchus","Metryorhynchus.3"
"30","Plesiosaurus","Plesiosaurus.1"
"31","Alligator","Alligator.1"
"32","Serpianosaurus","Serpianosaurus.2"
"33","Nothosaurus_giganteus","Nothosaurus_giganteus.1"
"34","Plesiosaurus","Plesiosaurus.2"
"35","Caiman_yacare","Caiman_yacare.1"
"36","Phalacrocorax_harrisi","Phalacrocorax_harrisi.1"
"37","Nothosaurus_giganteus","Nothosaurus_giganteus.2"
"38","Placondontia_indet","Placondontia_indet.2"
"39","Caiman_yacare","Caiman_yacare.2"
"40","Simosaurus","Simosaurus.1"
"41","Champsosaurus","Champsosaurus.1"
"42","Chironectes_minimus","Chironectes_minimus.1"
"43","Hexaprotodon_garyam","Hexaprotodon_garyam.2"
"44","Simosaurus","Simosaurus.2"
"45","Spinosaurus_","Spinosaurus_.1"
"46","Spinosaurus_","Spinosaurus_.2"
"47","Spinosaurus_","Spinosaurus_.3"
"48","Spinosaurus_","Spinosaurus_.4"
"49","Spinosaurus_","Spinosaurus_.5"
"50","Spinosaurus_","Spinosaurus_.6"
"51","Spinosaurus_","Spinosaurus_.7"
"52","Spinosaurus_","Spinosaurus_.8"
"53","Spinosaurus_","Spinosaurus_.9"
"54","Spinosaurus_","Spinosaurus_.10"
"55","Spinosaurus_","Spinosaurus_.11"
"56","Suchomimus","Suchomimus.1"
"57","Suchomimus","Suchomimus.2"
"58","Suchomimus","Suchomimus.3"
"59","Baryonyx","Baryonyx.1"
"60","Baryonyx","Baryonyx.2"
"61","Baryonyx","Baryonyx.3"
 
* Phylo tree and the main data and strata files have been modified to include duplicated taxa before the scaled random trees are generated.
* Selected categorical labels column: diving.or.not
* diving.or.equal column is identical to Diving column.
* Regression excludes flying taxa.
* Diving labels that are present in regression: 0,2
* lambda (calculated from a random tree) = : 0.1
* index-name alignment check: OK
