Logfile for a session of program: bootstrap_binary.r
-----------------------------------------------------
INPUT:
workDir: C:/dino_nature/output/2023-11-07-D1\bs/set_969
Nbootstrapsets: 2000
phyloFDAfile: c:/dino_nature/code/phylo.fda.R
auxFile: c:/dino_nature/code/auxiliary.r
boneType: femur
regressionData.file: C:/dino_nature/output/2023-11-07-D1\bs/set_969/femur_set_969.csv
applyDataFilter: FALSE
addTreeTips: TRUE
Ntrees: 100
calculateTrees: TRUE
saveTrees: FALSE


OPERATIONAL CHECKS:
* Regression data contains multiple copies of some taxa (user added variants of existing test taxa 
   or replacements due to bootstrap are present) which are not in the phylo tree:
     original taxon,   duplicate   
"1","Bos_taurus","Bos_taurus.1"
"2","Rynochetus_jubatus","Rynochetus_jubatus.1"
"3","Giraffa_camelopardalis","Giraffa_camelopardalis.1"
"4","Uncia_uncia","Uncia_uncia.1"
"5","Elephas_maximus","Elephas_maximus.1"
"6","Cephalophus_silvicultor","Cephalophus_silvicultor.1"
"7","Mammuthus_sp","Mammuthus_sp.1"
"8","Rynochetus_jubatus","Rynochetus_jubatus.2"
"9","Dasyurus_maculatus","Dasyurus_maculatus.1"
"10","Meles_meles","Meles_meles.1"
"11","Rynochetus_jubatus","Rynochetus_jubatus.3"
"12","Rynochetus_jubatus","Rynochetus_jubatus.4"
"13","Tenrec_ecaudatus","Tenrec_ecaudatus.1"
"14","Elephas_maximus","Elephas_maximus.2"
"15","Bison_bonasus","Bison_bonasus.1"
"16","Dama_dama","Dama_dama.1"
"17","Nyctereutes_procyonoides","Nyctereutes_procyonoides.1"
"18","Dama_dama","Dama_dama.2"
"19","Capreolus_capreolus","Capreolus_capreolus.1"
"20","Taxidea_taxus","Taxidea_taxus.1"
"21","Dasyurus_maculatus","Dasyurus_maculatus.2"
"22","Metryorhynchus","Metryorhynchus.1"
"23","large_eocene_stem_penguin","large_eocene_stem_penguin.1"
"24","Pistosaurus","Pistosaurus.1"
"25","Spheniscus","Spheniscus.1"
"26","Pistosaurus","Pistosaurus.2"
"27","Placodontia_indet_1","Placodontia_indet_1.1"
"28","Indohyus","Indohyus.1"
"29","Dyrosaurid","Dyrosaurid.1"
"30","Serpianosaurus","Serpianosaurus.1"
"31","Maiacetus","Maiacetus.1"
"32","large_eocene_stem_penguin","large_eocene_stem_penguin.2"
"33","Simosaurus_1","Simosaurus_1.1"
"34","Desmostylus_hesperus","Desmostylus_hesperus.1"
"35","Placodontia_indet_1","Placodontia_indet_1.2"
"36","Placodontia_indet_1","Placodontia_indet_1.3"
"37","Nothosaurus_102","Nothosaurus_102.1"
"38","Anarosaurus","Anarosaurus.1"
"39","Nothosaurus_568","Nothosaurus_568.1"
"40","Chapsosaurus_","Chapsosaurus_.1"
"41","Small_Eocene_penguin","Small_Eocene_penguin.1"
"42","Pistosaurus","Pistosaurus.3"
"43","Protochampsidae","Protochampsidae.1"
"44","Chapsosaurus_","Chapsosaurus_.2"
"45","Anarosaurus","Anarosaurus.2"
"46","Protochampsidae","Protochampsidae.2"
"47","Spinosaurus_","Spinosaurus_.1"
"48","Spinosaurus_","Spinosaurus_.2"
"49","Spinosaurus_","Spinosaurus_.3"
"50","Spinosaurus_","Spinosaurus_.4"
"51","Spinosaurus_","Spinosaurus_.5"
"52","Spinosaurus_","Spinosaurus_.6"
"53","Spinosaurus_","Spinosaurus_.7"
"54","Spinosaurus_","Spinosaurus_.8"
"55","Spinosaurus_","Spinosaurus_.9"
"56","Spinosaurus_","Spinosaurus_.10"
"57","Spinosaurus_","Spinosaurus_.11"
"58","Suchomimus","Suchomimus.1"
"59","Suchomimus","Suchomimus.2"
"60","Suchomimus","Suchomimus.3"
"61","Baryonyx","Baryonyx.1"
"62","Baryonyx","Baryonyx.2"
"63","Baryonyx","Baryonyx.3"
 
* Phylo tree and the main data and strata files have been modified to include duplicated taxa before the scaled random trees are generated.
* Selected categorical labels column: diving.or.not
* diving.or.equal column is identical to Diving column.
* Regression excludes flying taxa.
* Diving labels that are present in regression: 0,2
* lambda (calculated from a random tree) = : 0.14
* index-name alignment check: OK
