Logfile for a session of program: bootstrap_binary.r
-----------------------------------------------------
INPUT:
workDir: C:/dino_nature/output/2023-11-07-D1\bs/set_458
Nbootstrapsets: 2000
phyloFDAfile: c:/dino_nature/code/phylo.fda.R
auxFile: c:/dino_nature/code/auxiliary.r
boneType: femur
regressionData.file: C:/dino_nature/output/2023-11-07-D1\bs/set_458/femur_set_458.csv
applyDataFilter: FALSE
addTreeTips: TRUE
Ntrees: 100
calculateTrees: TRUE
saveTrees: FALSE


OPERATIONAL CHECKS:
* Regression data contains multiple copies of some taxa (user added variants of existing test taxa 
   or replacements due to bootstrap are present) which are not in the phylo tree:
     original taxon,   duplicate   
"1","Tamandua_tetradactyla","Tamandua_tetradactyla.1"
"2","Tamandua_tetradactyla","Tamandua_tetradactyla.2"
"3","Procavia_capensis","Procavia_capensis.1"
"4","Elephas_maximus","Elephas_maximus.1"
"5","Apteryx_australis","Apteryx_australis.1"
"6","Bison_bonasus","Bison_bonasus.1"
"7","Atlantisia_rogersi","Atlantisia_rogersi.1"
"8","Brachyodus_onoideum","Brachyodus_onoideum.1"
"9","Tamandua_tetradactyla","Tamandua_tetradactyla.3"
"10","Brachyodus_onoideum","Brachyodus_onoideum.2"
"11","Syncerus_caffer","Syncerus_caffer.1"
"12","Apteryx_australis","Apteryx_australis.2"
"13","Capreolus_capreolus","Capreolus_capreolus.1"
"14","Elephas_maximus","Elephas_maximus.2"
"15","Sus_scrofa","Sus_scrofa.1"
"16","Bos_taurus","Bos_taurus.1"
"17","Tamandua_tetradactyla","Tamandua_tetradactyla.4"
"18","Ornithorhynchus_anatinus","Ornithorhynchus_anatinus.1"
"19","Alligator","Alligator.1"
"20","Phalacrocorax_harrisi","Phalacrocorax_harrisi.1"
"21","Small_Eocene_penguin","Small_Eocene_penguin.1"
"22","Metryorhynchus","Metryorhynchus.1"
"23","Aptenodytes______","Aptenodytes______.1"
"24","Ornithorhynchus_anatinus","Ornithorhynchus_anatinus.2"
"25","Otaria_byronia","Otaria_byronia.1"
"26","Hydromys_chrysogaster","Hydromys_chrysogaster.1"
"27","Hexaprotodon_garyam","Hexaprotodon_garyam.1"
"28","Remingtonocetus","Remingtonocetus.1"
"29","Cricosaurus","Cricosaurus.1"
"30","Small_Eocene_penguin","Small_Eocene_penguin.2"
"31","Tapirus_terrestris","Tapirus_terrestris.1"
"32","Small_Eocene_penguin","Small_Eocene_penguin.3"
"33","Metryorhynchus","Metryorhynchus.2"
"34","Ornithorhynchus_anatinus","Ornithorhynchus_anatinus.3"
"35","Hesperornis","Hesperornis.1"
"36","Desmana_moschata","Desmana_moschata.1"
"37","Cryptoclidus","Cryptoclidus.1"
"38","Remingtonocetus","Remingtonocetus.2"
"39","Basilosaurus","Basilosaurus.1"
"40","Neusticosaurus","Neusticosaurus.1"
"41","Nothosaurus_102","Nothosaurus_102.1"
"42","Caiman_yacare","Caiman_yacare.1"
"43","Spinosaurus_","Spinosaurus_.1"
"44","Spinosaurus_","Spinosaurus_.2"
"45","Spinosaurus_","Spinosaurus_.3"
"46","Spinosaurus_","Spinosaurus_.4"
"47","Spinosaurus_","Spinosaurus_.5"
"48","Spinosaurus_","Spinosaurus_.6"
"49","Spinosaurus_","Spinosaurus_.7"
"50","Spinosaurus_","Spinosaurus_.8"
"51","Spinosaurus_","Spinosaurus_.9"
"52","Spinosaurus_","Spinosaurus_.10"
"53","Spinosaurus_","Spinosaurus_.11"
"54","Suchomimus","Suchomimus.1"
"55","Suchomimus","Suchomimus.2"
"56","Suchomimus","Suchomimus.3"
"57","Baryonyx","Baryonyx.1"
"58","Baryonyx","Baryonyx.2"
"59","Baryonyx","Baryonyx.3"
 
* Phylo tree and the main data and strata files have been modified to include duplicated taxa before the scaled random trees are generated.
* Selected categorical labels column: diving.or.not
* diving.or.equal column is identical to Diving column.
* Regression excludes flying taxa.
* Diving labels that are present in regression: 0,2
* lambda (calculated from a random tree) = : 0.09
* index-name alignment check: OK
