Logfile for a session of program: bootstrap_binary.r
-----------------------------------------------------
INPUT:
workDir: C:/dino_nature/output/2023-11-07-D1\bs/set_438
Nbootstrapsets: 2000
phyloFDAfile: c:/dino_nature/code/phylo.fda.R
auxFile: c:/dino_nature/code/auxiliary.r
boneType: femur
regressionData.file: C:/dino_nature/output/2023-11-07-D1\bs/set_438/femur_set_438.csv
applyDataFilter: FALSE
addTreeTips: TRUE
Ntrees: 100
calculateTrees: TRUE
saveTrees: FALSE


OPERATIONAL CHECKS:
* Regression data contains multiple copies of some taxa (user added variants of existing test taxa 
   or replacements due to bootstrap are present) which are not in the phylo tree:
     original taxon,   duplicate   
"1","Mammuthus_sp","Mammuthus_sp.1"
"2","Rhynchocyon_petersi","Rhynchocyon_petersi.1"
"3","Sphenodon_punctatus","Sphenodon_punctatus.1"
"4","Bison_bonasus","Bison_bonasus.1"
"5","Caloenas_nicobarica","Caloenas_nicobarica.1"
"6","Uncia_uncia","Uncia_uncia.1"
"7","Bos_taurus","Bos_taurus.1"
"8","Caloenas_nicobarica","Caloenas_nicobarica.2"
"9","Rhinoceros_sondaicus","Rhinoceros_sondaicus.1"
"10","Capreolus_capreolus","Capreolus_capreolus.1"
"11","Xenicus_giliventris","Xenicus_giliventris.1"
"12","Caloenas_nicobarica","Caloenas_nicobarica.3"
"13","Procyon_lotor","Procyon_lotor.1"
"14","Myrmecophaga_tridactyla","Myrmecophaga_tridactyla.1"
"15","Sphenodon_punctatus","Sphenodon_punctatus.2"
"16","Syncerus_caffer","Syncerus_caffer.1"
"17","Loxodonta_africana","Loxodonta_africana.1"
"18","Diplomesodon_pulchellum","Diplomesodon_pulchellum.1"
"19","Rupicapra_rupicapra","Rupicapra_rupicapra.1"
"20","Uncia_uncia","Uncia_uncia.2"
"21","Myrmecophaga_tridactyla","Myrmecophaga_tridactyla.2"
"22","Alces_americanus","Alces_americanus.1"
"23","Mammuthus_sp","Mammuthus_sp.2"
"24","Uncia_uncia","Uncia_uncia.3"
"25","Lama_guanicoe","Lama_guanicoe.1"
"26","Maiacetus","Maiacetus.1"
"27","Small_Eocene_penguin","Small_Eocene_penguin.1"
"28","Lutra_vulgaris","Lutra_vulgaris.1"
"29","Desmostylus_hesperus","Desmostylus_hesperus.1"
"30","Small_Eocene_penguin","Small_Eocene_penguin.2"
"31","Ichtyosaurus_","Ichtyosaurus_.1"
"32","Chapsosaurus_","Chapsosaurus_.1"
"33","Pistosaurus","Pistosaurus.1"
"34","Hexaprotodon_garyam","Hexaprotodon_garyam.1"
"35","Chapsosaurus_","Chapsosaurus_.2"
"36","Ichtyosaurus_","Ichtyosaurus_.2"
"37","Anarosaurus","Anarosaurus.1"
"38","Phalacrocorax_harrisi","Phalacrocorax_harrisi.1"
"39","Chironectes_minimus","Chironectes_minimus.1"
"40","Hydromys_chrysogaster","Hydromys_chrysogaster.1"
"41","Nothosaurus_giganteus","Nothosaurus_giganteus.1"
"42","Pistosaurus","Pistosaurus.2"
"43","Desmostylus_hesperus","Desmostylus_hesperus.2"
"44","Callophoca_obscura","Callophoca_obscura.1"
"45","Phocanella_pumila","Phocanella_pumila.1"
"46","Tapirus_terrestris","Tapirus_terrestris.1"
"47","Nothosaurus_568","Nothosaurus_568.1"
"48","Spinosaurus_","Spinosaurus_.1"
"49","Spinosaurus_","Spinosaurus_.2"
"50","Spinosaurus_","Spinosaurus_.3"
"51","Spinosaurus_","Spinosaurus_.4"
"52","Spinosaurus_","Spinosaurus_.5"
"53","Spinosaurus_","Spinosaurus_.6"
"54","Spinosaurus_","Spinosaurus_.7"
"55","Spinosaurus_","Spinosaurus_.8"
"56","Spinosaurus_","Spinosaurus_.9"
"57","Spinosaurus_","Spinosaurus_.10"
"58","Spinosaurus_","Spinosaurus_.11"
"59","Suchomimus","Suchomimus.1"
"60","Suchomimus","Suchomimus.2"
"61","Suchomimus","Suchomimus.3"
"62","Baryonyx","Baryonyx.1"
"63","Baryonyx","Baryonyx.2"
"64","Baryonyx","Baryonyx.3"
 
* Phylo tree and the main data and strata files have been modified to include duplicated taxa before the scaled random trees are generated.
* Selected categorical labels column: diving.or.not
* diving.or.equal column is identical to Diving column.
* Regression excludes flying taxa.
* Diving labels that are present in regression: 0,2
* lambda (calculated from a random tree) = : 0.09
* index-name alignment check: OK
