Logfile for a session of program: bootstrap_binary.r
-----------------------------------------------------
INPUT:
workDir: C:/dino_nature/output/2023-11-07-D1\bs/set_502
Nbootstrapsets: 2000
phyloFDAfile: c:/dino_nature/code/phylo.fda.R
auxFile: c:/dino_nature/code/auxiliary.r
boneType: femur
regressionData.file: C:/dino_nature/output/2023-11-07-D1\bs/set_502/femur_set_502.csv
applyDataFilter: FALSE
addTreeTips: TRUE
Ntrees: 100
calculateTrees: TRUE
saveTrees: FALSE


OPERATIONAL CHECKS:
* Regression data contains multiple copies of some taxa (user added variants of existing test taxa 
   or replacements due to bootstrap are present) which are not in the phylo tree:
     original taxon,   duplicate   
"1","Tenrec_ecaudatus","Tenrec_ecaudatus.1"
"2","Procyon_lotor","Procyon_lotor.1"
"3","Tamandua_tetradactyla","Tamandua_tetradactyla.1"
"4","Rhinoceros_sondaicus","Rhinoceros_sondaicus.1"
"5","Dama_dama","Dama_dama.1"
"6","Rangifer_tarandus","Rangifer_tarandus.1"
"7","Rynochetus_jubatus","Rynochetus_jubatus.1"
"8","Dicerorhinus_sumatrensis","Dicerorhinus_sumatrensis.1"
"9","Diplomesodon_pulchellum","Diplomesodon_pulchellum.1"
"10","Tenrec_ecaudatus","Tenrec_ecaudatus.2"
"11","Tenrec_ecaudatus","Tenrec_ecaudatus.3"
"12","Nyctereutes_procyonoides","Nyctereutes_procyonoides.1"
"13","Giraffa_camelopardalis","Giraffa_camelopardalis.1"
"14","Strigiops_habroptilus","Strigiops_habroptilus.1"
"15","Loxodonta_africana","Loxodonta_africana.1"
"16","Monodelphis_domestica","Monodelphis_domestica.1"
"17","Taxidea_taxus","Taxidea_taxus.1"
"18","Capreolus_capreolus","Capreolus_capreolus.1"
"19","Pistosaurus","Pistosaurus.1"
"20","Pistosaurus","Pistosaurus.2"
"21","Neusticosaurus","Neusticosaurus.1"
"22","Neusticosaurus","Neusticosaurus.2"
"23","Metryorhynchus","Metryorhynchus.1"
"24","Champsosaurus","Champsosaurus.1"
"25","Neusticosaurus","Neusticosaurus.3"
"26","Pistosaurus","Pistosaurus.3"
"27","Nothosaurus_mirabilis_1","Nothosaurus_mirabilis_1.1"
"28","Nothosaurus_568","Nothosaurus_568.1"
"29","Champsosaurus","Champsosaurus.2"
"30","Rodhocetus","Rodhocetus.1"
"31","Nothosaurus_giganteus","Nothosaurus_giganteus.1"
"32","Nothosaurus_568","Nothosaurus_568.2"
"33","Maiacetus","Maiacetus.1"
"34","Dyrosaurid","Dyrosaurid.1"
"35","Nothosaurus_mirabilis","Nothosaurus_mirabilis.1"
"36","Nothosaurus_giganteus","Nothosaurus_giganteus.2"
"37","Lutra_vulgaris","Lutra_vulgaris.1"
"38","Neusticosaurus","Neusticosaurus.4"
"39","Aptenodytes______","Aptenodytes______.1"
"40","Dyrosaurid","Dyrosaurid.2"
"41","Ichtyosaur_sp","Ichtyosaur_sp.1"
"42","Indohyus","Indohyus.1"
"43","Spinosaurus_","Spinosaurus_.1"
"44","Spinosaurus_","Spinosaurus_.2"
"45","Spinosaurus_","Spinosaurus_.3"
"46","Spinosaurus_","Spinosaurus_.4"
"47","Spinosaurus_","Spinosaurus_.5"
"48","Spinosaurus_","Spinosaurus_.6"
"49","Spinosaurus_","Spinosaurus_.7"
"50","Spinosaurus_","Spinosaurus_.8"
"51","Spinosaurus_","Spinosaurus_.9"
"52","Spinosaurus_","Spinosaurus_.10"
"53","Spinosaurus_","Spinosaurus_.11"
"54","Suchomimus","Suchomimus.1"
"55","Suchomimus","Suchomimus.2"
"56","Suchomimus","Suchomimus.3"
"57","Baryonyx","Baryonyx.1"
"58","Baryonyx","Baryonyx.2"
"59","Baryonyx","Baryonyx.3"
 
* Phylo tree and the main data and strata files have been modified to include duplicated taxa before the scaled random trees are generated.
* Selected categorical labels column: diving.or.not
* diving.or.equal column is identical to Diving column.
* Regression excludes flying taxa.
* Diving labels that are present in regression: 0,2
* lambda (calculated from a random tree) = : 0.18
* index-name alignment check: OK
