Logfile for a session of program: bootstrap_binary.r
-----------------------------------------------------
INPUT:
workDir: C:/dino_nature/output/2023-11-07-D1\bs/set_1772
Nbootstrapsets: 2000
phyloFDAfile: c:/dino_nature/code/phylo.fda.R
auxFile: c:/dino_nature/code/auxiliary.r
boneType: femur
regressionData.file: C:/dino_nature/output/2023-11-07-D1\bs/set_1772/femur_set_1772.csv
applyDataFilter: FALSE
addTreeTips: TRUE
Ntrees: 100
calculateTrees: TRUE
saveTrees: FALSE


OPERATIONAL CHECKS:
* Regression data contains multiple copies of some taxa (user added variants of existing test taxa 
   or replacements due to bootstrap are present) which are not in the phylo tree:
     original taxon,   duplicate   
"1","Paguma_larvata","Paguma_larvata.1"
"2","Uncia_uncia","Uncia_uncia.1"
"3","Megaloceros_sp","Megaloceros_sp.1"
"4","Nyctereutes_procyonoides","Nyctereutes_procyonoides.1"
"5","Capreolus_capreolus","Capreolus_capreolus.1"
"6","Sphenodon_punctatus","Sphenodon_punctatus.1"
"7","Mammuthus_sp","Mammuthus_sp.1"
"8","Tenrec_ecaudatus","Tenrec_ecaudatus.1"
"9","Microgale_thomasi","Microgale_thomasi.1"
"10","Microgale_thomasi","Microgale_thomasi.2"
"11","Raphus","Raphus.1"
"12","Capreolus_capreolus","Capreolus_capreolus.2"
"13","Nyctereutes_procyonoides","Nyctereutes_procyonoides.2"
"14","Uncia_uncia","Uncia_uncia.2"
"15","Mus_musculus","Mus_musculus.1"
"16","Elomeryx_borbonicus_","Elomeryx_borbonicus_.1"
"17","Mus_musculus","Mus_musculus.2"
"18","Loxodonta_africana","Loxodonta_africana.1"
"19","Capreolus_capreolus","Capreolus_capreolus.3"
"20","Nyctereutes_procyonoides","Nyctereutes_procyonoides.3"
"21","Capreolus_capreolus","Capreolus_capreolus.4"
"22","Dromaius_","Dromaius_.1"
"23","Nothosaurus_giganteus","Nothosaurus_giganteus.1"
"24","Hexaprotodon_garyam","Hexaprotodon_garyam.1"
"25","Remingtonocetus","Remingtonocetus.1"
"26","Maiacetus","Maiacetus.1"
"27","Hexaprotodon_garyam","Hexaprotodon_garyam.2"
"28","Dyrosaurid","Dyrosaurid.1"
"29","Desmostylus_hesperus","Desmostylus_hesperus.1"
"30","Ichtyosaurus_","Ichtyosaurus_.1"
"31","Cryptoclidus","Cryptoclidus.1"
"32","Noemys_fodies","Noemys_fodies.1"
"33","Caiman_yacare","Caiman_yacare.1"
"34","Chapsosaurus_","Chapsosaurus_.1"
"35","Tapirus_terrestris","Tapirus_terrestris.1"
"36","Chironectes_minimus","Chironectes_minimus.1"
"37","Nothosaurus_568","Nothosaurus_568.1"
"38","Psephoderma","Psephoderma.1"
"39","Chironectes_minimus","Chironectes_minimus.2"
"40","Basilosaurus","Basilosaurus.1"
"41","Hydromys_chrysogaster","Hydromys_chrysogaster.1"
"42","Spinosaurus_","Spinosaurus_.1"
"43","Spinosaurus_","Spinosaurus_.2"
"44","Spinosaurus_","Spinosaurus_.3"
"45","Spinosaurus_","Spinosaurus_.4"
"46","Spinosaurus_","Spinosaurus_.5"
"47","Spinosaurus_","Spinosaurus_.6"
"48","Spinosaurus_","Spinosaurus_.7"
"49","Spinosaurus_","Spinosaurus_.8"
"50","Spinosaurus_","Spinosaurus_.9"
"51","Spinosaurus_","Spinosaurus_.10"
"52","Spinosaurus_","Spinosaurus_.11"
"53","Suchomimus","Suchomimus.1"
"54","Suchomimus","Suchomimus.2"
"55","Suchomimus","Suchomimus.3"
"56","Baryonyx","Baryonyx.1"
"57","Baryonyx","Baryonyx.2"
"58","Baryonyx","Baryonyx.3"
 
* Phylo tree and the main data and strata files have been modified to include duplicated taxa before the scaled random trees are generated.
* Selected categorical labels column: diving.or.not
* diving.or.equal column is identical to Diving column.
* Regression excludes flying taxa.
* Diving labels that are present in regression: 0,2
* lambda (calculated from a random tree) = : 0.1
* index-name alignment check: OK
