Logfile for a session of program: bootstrap_binary.r
-----------------------------------------------------
INPUT:
workDir: C:/dino_nature/output/2023-11-07-D1\bs/set_1124
Nbootstrapsets: 2000
phyloFDAfile: c:/dino_nature/code/phylo.fda.R
auxFile: c:/dino_nature/code/auxiliary.r
boneType: femur
regressionData.file: C:/dino_nature/output/2023-11-07-D1\bs/set_1124/femur_set_1124.csv
applyDataFilter: FALSE
addTreeTips: TRUE
Ntrees: 100
calculateTrees: TRUE
saveTrees: FALSE


OPERATIONAL CHECKS:
* Regression data contains multiple copies of some taxa (user added variants of existing test taxa 
   or replacements due to bootstrap are present) which are not in the phylo tree:
     original taxon,   duplicate   
"1","Capreolus_capreolus","Capreolus_capreolus.1"
"2","Mammuthus_sp","Mammuthus_sp.1"
"3","Okapia_johnstoni","Okapia_johnstoni.1"
"4","Rhynchocyon_petersi","Rhynchocyon_petersi.1"
"5","Okapia_johnstoni","Okapia_johnstoni.2"
"6","Procyon_lotor","Procyon_lotor.1"
"7","Vulpes_vulpes","Vulpes_vulpes.1"
"8","Pogona_viceps","Pogona_viceps.1"
"9","Rhynchocyon_petersi","Rhynchocyon_petersi.2"
"10","Rattus_rattus","Rattus_rattus.1"
"11","Lama_guanicoe","Lama_guanicoe.1"
"12","Atlantisia_rogersi","Atlantisia_rogersi.1"
"13","Brachyodus_onoideum","Brachyodus_onoideum.1"
"14","Okapia_johnstoni","Okapia_johnstoni.3"
"15","Raphus","Raphus.1"
"16","Elomeryx_borbonicus_","Elomeryx_borbonicus_.1"
"17","Microgale_thomasi","Microgale_thomasi.1"
"18","Atlantisia_rogersi","Atlantisia_rogersi.2"
"19","Tenrec_ecaudatus","Tenrec_ecaudatus.1"
"20","Rattus_rattus","Rattus_rattus.2"
"21","Metryorhynchus","Metryorhynchus.1"
"22","Spheniscus","Spheniscus.1"
"23","Neusticosaurus","Neusticosaurus.1"
"24","Metryorhynchus","Metryorhynchus.2"
"25","Metryorhynchus","Metryorhynchus.3"
"26","Hippopotamus_amphibius","Hippopotamus_amphibius.1"
"27","Caiman_yacare","Caiman_yacare.1"
"28","Cryptoclidus","Cryptoclidus.1"
"29","Noemys_fodies","Noemys_fodies.1"
"30","Otaria_byronia","Otaria_byronia.1"
"31","Nothosaurus_568","Nothosaurus_568.1"
"32","Metryorhynchus","Metryorhynchus.4"
"33","Leptophoca_proxima","Leptophoca_proxima.1"
"34","Nothosaurus_mirabilis","Nothosaurus_mirabilis.1"
"35","Aptenodytes______","Aptenodytes______.1"
"36","Caiman_yacare","Caiman_yacare.2"
"37","Neusticosaurus","Neusticosaurus.2"
"38","Paraplacodus","Paraplacodus.1"
"39","Neusticosaurus","Neusticosaurus.3"
"40","Indohyus","Indohyus.1"
"41","Rhaeticosaurus","Rhaeticosaurus.1"
"42","Ornithorhynchus_anatinus","Ornithorhynchus_anatinus.1"
"43","Spinosaurus_","Spinosaurus_.1"
"44","Spinosaurus_","Spinosaurus_.2"
"45","Spinosaurus_","Spinosaurus_.3"
"46","Spinosaurus_","Spinosaurus_.4"
"47","Spinosaurus_","Spinosaurus_.5"
"48","Spinosaurus_","Spinosaurus_.6"
"49","Spinosaurus_","Spinosaurus_.7"
"50","Spinosaurus_","Spinosaurus_.8"
"51","Spinosaurus_","Spinosaurus_.9"
"52","Spinosaurus_","Spinosaurus_.10"
"53","Spinosaurus_","Spinosaurus_.11"
"54","Suchomimus","Suchomimus.1"
"55","Suchomimus","Suchomimus.2"
"56","Suchomimus","Suchomimus.3"
"57","Baryonyx","Baryonyx.1"
"58","Baryonyx","Baryonyx.2"
"59","Baryonyx","Baryonyx.3"
 
* Phylo tree and the main data and strata files have been modified to include duplicated taxa before the scaled random trees are generated.
* Selected categorical labels column: diving.or.not
* diving.or.equal column is identical to Diving column.
* Regression excludes flying taxa.
* Diving labels that are present in regression: 0,2
* lambda (calculated from a random tree) = : 0.08
* index-name alignment check: OK
