Logfile for a session of program: bootstrap_binary.r
-----------------------------------------------------
INPUT:
workDir: C:/dino_nature/output/2023-11-07-D1\bs/set_1287
Nbootstrapsets: 2000
phyloFDAfile: c:/dino_nature/code/phylo.fda.R
auxFile: c:/dino_nature/code/auxiliary.r
boneType: femur
regressionData.file: C:/dino_nature/output/2023-11-07-D1\bs/set_1287/femur_set_1287.csv
applyDataFilter: FALSE
addTreeTips: TRUE
Ntrees: 100
calculateTrees: TRUE
saveTrees: FALSE


OPERATIONAL CHECKS:
* Regression data contains multiple copies of some taxa (user added variants of existing test taxa 
   or replacements due to bootstrap are present) which are not in the phylo tree:
     original taxon,   duplicate   
"1","Dromaius_","Dromaius_.1"
"2","Capreolus_capreolus","Capreolus_capreolus.1"
"3","Xenicus_giliventris","Xenicus_giliventris.1"
"4","Strigiops_habroptilus","Strigiops_habroptilus.1"
"5","Strigiops_habroptilus","Strigiops_habroptilus.2"
"6","Rhinoceros_sondaicus","Rhinoceros_sondaicus.1"
"7","Okapia_johnstoni","Okapia_johnstoni.1"
"8","Tamandua_tetradactyla","Tamandua_tetradactyla.1"
"9","Taxidea_taxus","Taxidea_taxus.1"
"10","Euroscaptor_micrura","Euroscaptor_micrura.1"
"11","Tamandua_tetradactyla","Tamandua_tetradactyla.2"
"12","Tamandua_tetradactyla","Tamandua_tetradactyla.3"
"13","Taxidea_taxus","Taxidea_taxus.2"
"14","Euroscaptor_micrura","Euroscaptor_micrura.2"
"15","Dasyurus_maculatus","Dasyurus_maculatus.1"
"16","Mus_musculus","Mus_musculus.1"
"17","Sphenodon_punctatus","Sphenodon_punctatus.1"
"18","Apteryx_australis","Apteryx_australis.1"
"19","Okapia_johnstoni","Okapia_johnstoni.2"
"20","Psephoderma","Psephoderma.1"
"21","Cryptoclidus","Cryptoclidus.1"
"22","Rhaeticosaurus","Rhaeticosaurus.1"
"23","Cricosaurus","Cricosaurus.1"
"24","Nanophoca_vitulinoides","Nanophoca_vitulinoides.1"
"25","Psephoderma","Psephoderma.2"
"26","Basilosaurus","Basilosaurus.1"
"27","Champsosaurus","Champsosaurus.1"
"28","Ornithorhynchus_anatinus","Ornithorhynchus_anatinus.1"
"29","Micropotamogale_euwenzorii","Micropotamogale_euwenzorii.1"
"30","Nothosaurus_150","Nothosaurus_150.1"
"31","Placodontia_indet_1","Placodontia_indet_1.1"
"32","Nanophoca_vitulinoides","Nanophoca_vitulinoides.2"
"33","Otaria_byronia","Otaria_byronia.1"
"34","Nothosaurus_mirabilis_1","Nothosaurus_mirabilis_1.1"
"35","Otaria_byronia","Otaria_byronia.2"
"36","Micropotamogale_euwenzorii","Micropotamogale_euwenzorii.2"
"37","Aptenodytes______","Aptenodytes______.1"
"38","Chapsosaurus_","Chapsosaurus_.1"
"39","Spinosaurus_","Spinosaurus_.1"
"40","Spinosaurus_","Spinosaurus_.2"
"41","Spinosaurus_","Spinosaurus_.3"
"42","Spinosaurus_","Spinosaurus_.4"
"43","Spinosaurus_","Spinosaurus_.5"
"44","Spinosaurus_","Spinosaurus_.6"
"45","Spinosaurus_","Spinosaurus_.7"
"46","Spinosaurus_","Spinosaurus_.8"
"47","Spinosaurus_","Spinosaurus_.9"
"48","Spinosaurus_","Spinosaurus_.10"
"49","Spinosaurus_","Spinosaurus_.11"
"50","Suchomimus","Suchomimus.1"
"51","Suchomimus","Suchomimus.2"
"52","Suchomimus","Suchomimus.3"
"53","Baryonyx","Baryonyx.1"
"54","Baryonyx","Baryonyx.2"
"55","Baryonyx","Baryonyx.3"
 
* Phylo tree and the main data and strata files have been modified to include duplicated taxa before the scaled random trees are generated.
* Selected categorical labels column: diving.or.not
* diving.or.equal column is identical to Diving column.
* Regression excludes flying taxa.
* Diving labels that are present in regression: 0,2
* lambda (calculated from a random tree) = : 0.11
* index-name alignment check: OK
