Logfile for a session of program: bootstrap_binary.r
-----------------------------------------------------
INPUT:
workDir: C:/dino_nature/output/2023-11-07-D1\bs/set_35
Nbootstrapsets: 2000
phyloFDAfile: c:/dino_nature/code/phylo.fda.R
auxFile: c:/dino_nature/code/auxiliary.r
boneType: femur
regressionData.file: C:/dino_nature/output/2023-11-07-D1\bs/set_35/femur_set_35.csv
applyDataFilter: FALSE
addTreeTips: TRUE
Ntrees: 100
calculateTrees: TRUE
saveTrees: FALSE


OPERATIONAL CHECKS:
* Regression data contains multiple copies of some taxa (user added variants of existing test taxa 
   or replacements due to bootstrap are present) which are not in the phylo tree:
     original taxon,   duplicate   
"1","Tribonyx_mortieri","Tribonyx_mortieri.1"
"2","Rattus_rattus","Rattus_rattus.1"
"3","Loxodonta_africana","Loxodonta_africana.1"
"4","Dasyurus_maculatus","Dasyurus_maculatus.1"
"5","Caloenas_nicobarica","Caloenas_nicobarica.1"
"6","Tribonyx_mortieri","Tribonyx_mortieri.2"
"7","Paguma_larvata","Paguma_larvata.1"
"8","Rynochetus_jubatus","Rynochetus_jubatus.1"
"9","Rynochetus_jubatus","Rynochetus_jubatus.2"
"10","Vulpes_vulpes","Vulpes_vulpes.1"
"11","Rhynchocyon_petersi","Rhynchocyon_petersi.1"
"12","Capreolus_capreolus","Capreolus_capreolus.1"
"13","Dromaius_","Dromaius_.1"
"14","Dromaius_","Dromaius_.2"
"15","Bison_bonasus","Bison_bonasus.1"
"16","Dromaius_","Dromaius_.3"
"17","Bison_bonasus","Bison_bonasus.2"
"18","Caloenas_nicobarica","Caloenas_nicobarica.2"
"19","Pogona_viceps","Pogona_viceps.1"
"20","Capreolus_capreolus","Capreolus_capreolus.2"
"21","Sus_scrofa","Sus_scrofa.1"
"22","Rhynchocyon_petersi","Rhynchocyon_petersi.2"
"23","Apteryx_owenii_","Apteryx_owenii_.1"
"24","Apteryx_owenii_","Apteryx_owenii_.2"
"25","Nothosaurus_102","Nothosaurus_102.1"
"26","Hippopotamus_amphibius","Hippopotamus_amphibius.1"
"27","Nothosaurus_102","Nothosaurus_102.2"
"28","Neusticosaurus","Neusticosaurus.1"
"29","Desmana_moschata","Desmana_moschata.1"
"30","Neusticosaurus","Neusticosaurus.2"
"31","Simosaurus","Simosaurus.1"
"32","Indohyus","Indohyus.1"
"33","Nothosaurus_102","Nothosaurus_102.3"
"34","Rodhocetus","Rodhocetus.1"
"35","Neusticosaurus","Neusticosaurus.3"
"36","Lutra_vulgaris","Lutra_vulgaris.1"
"37","Champsosaurus","Champsosaurus.1"
"38","Hesperornis","Hesperornis.1"
"39","Simosaurus","Simosaurus.2"
"40","Leptophoca_proxima","Leptophoca_proxima.1"
"41","Phalacrocorax_harrisi","Phalacrocorax_harrisi.1"
"42","Spheniscus","Spheniscus.1"
"43","Nothosaurus_568","Nothosaurus_568.1"
"44","Hexaprotodon_garyam","Hexaprotodon_garyam.1"
"45","Hexaprotodon_garyam","Hexaprotodon_garyam.2"
"46","Plesiosaurus","Plesiosaurus.1"
"47","Spinosaurus_","Spinosaurus_.1"
"48","Spinosaurus_","Spinosaurus_.2"
"49","Spinosaurus_","Spinosaurus_.3"
"50","Spinosaurus_","Spinosaurus_.4"
"51","Spinosaurus_","Spinosaurus_.5"
"52","Spinosaurus_","Spinosaurus_.6"
"53","Spinosaurus_","Spinosaurus_.7"
"54","Spinosaurus_","Spinosaurus_.8"
"55","Spinosaurus_","Spinosaurus_.9"
"56","Spinosaurus_","Spinosaurus_.10"
"57","Spinosaurus_","Spinosaurus_.11"
"58","Suchomimus","Suchomimus.1"
"59","Suchomimus","Suchomimus.2"
"60","Suchomimus","Suchomimus.3"
"61","Baryonyx","Baryonyx.1"
"62","Baryonyx","Baryonyx.2"
"63","Baryonyx","Baryonyx.3"
 
* Phylo tree and the main data and strata files have been modified to include duplicated taxa before the scaled random trees are generated.
* Selected categorical labels column: diving.or.not
* diving.or.equal column is identical to Diving column.
* Regression excludes flying taxa.
* Diving labels that are present in regression: 0,2
* lambda (calculated from a random tree) = : 0.07
* index-name alignment check: OK
