Logfile for a session of program: bootstrap_binary.r
-----------------------------------------------------
INPUT:
workDir: C:/dino_nature/output/2023-11-07-D1\bs/set_1983
Nbootstrapsets: 2000
phyloFDAfile: c:/dino_nature/code/phylo.fda.R
auxFile: c:/dino_nature/code/auxiliary.r
boneType: femur
regressionData.file: C:/dino_nature/output/2023-11-07-D1\bs/set_1983/femur_set_1983.csv
applyDataFilter: FALSE
addTreeTips: TRUE
Ntrees: 100
calculateTrees: TRUE
saveTrees: FALSE


OPERATIONAL CHECKS:
* Regression data contains multiple copies of some taxa (user added variants of existing test taxa 
   or replacements due to bootstrap are present) which are not in the phylo tree:
     original taxon,   duplicate   
"1","Tamandua_tetradactyla","Tamandua_tetradactyla.1"
"2","Strigiops_habroptilus","Strigiops_habroptilus.1"
"3","Loxodonta_africana","Loxodonta_africana.1"
"4","Dama_dama","Dama_dama.1"
"5","Loxodonta_africana","Loxodonta_africana.2"
"6","Tamandua_tetradactyla","Tamandua_tetradactyla.2"
"7","Tamandua_tetradactyla","Tamandua_tetradactyla.3"
"8","Uncia_uncia","Uncia_uncia.1"
"9","Bos_taurus","Bos_taurus.1"
"10","Hemiechinus_azurites","Hemiechinus_azurites.1"
"11","Euroscaptor_micrura","Euroscaptor_micrura.1"
"12","Rhynchocyon_petersi","Rhynchocyon_petersi.1"
"13","Rynochetus_jubatus","Rynochetus_jubatus.1"
"14","Elephas_maximus","Elephas_maximus.1"
"15","Procavia_capensis","Procavia_capensis.1"
"16","Dasyurus_maculatus","Dasyurus_maculatus.1"
"17","Procavia_capensis","Procavia_capensis.2"
"18","Myrmecophaga_tridactyla","Myrmecophaga_tridactyla.1"
"19","Caloenas_nicobarica","Caloenas_nicobarica.1"
"20","Rupicapra_rupicapra","Rupicapra_rupicapra.1"
"21","Elephas_maximus","Elephas_maximus.2"
"22","Cricosaurus","Cricosaurus.1"
"23","Aptenodytes______","Aptenodytes______.1"
"24","Aptenodytes______","Aptenodytes______.2"
"25","Aptenodytes______","Aptenodytes______.3"
"26","Hydromys_chrysogaster","Hydromys_chrysogaster.1"
"27","Maiacetus","Maiacetus.1"
"28","Plesiosaurus","Plesiosaurus.1"
"29","Pistosaurus","Pistosaurus.1"
"30","Micropotamogale_euwenzorii","Micropotamogale_euwenzorii.1"
"31","Protochampsidae","Protochampsidae.1"
"32","Desmostylus_hesperus","Desmostylus_hesperus.1"
"33","Palaeospheniscus","Palaeospheniscus.1"
"34","Desmostylus_hesperus","Desmostylus_hesperus.2"
"35","Rhaeticosaurus","Rhaeticosaurus.1"
"36","Champsosaurus","Champsosaurus.1"
"37","Placodontia_indet_1","Placodontia_indet_1.1"
"38","Callophoca_obscura","Callophoca_obscura.1"
"39","Desmostylus_hesperus","Desmostylus_hesperus.3"
"40","Pistosaurus","Pistosaurus.2"
"41","Callophoca_obscura","Callophoca_obscura.2"
"42","Pistosaurus","Pistosaurus.3"
"43","Spinosaurus_","Spinosaurus_.1"
"44","Spinosaurus_","Spinosaurus_.2"
"45","Spinosaurus_","Spinosaurus_.3"
"46","Spinosaurus_","Spinosaurus_.4"
"47","Spinosaurus_","Spinosaurus_.5"
"48","Spinosaurus_","Spinosaurus_.6"
"49","Spinosaurus_","Spinosaurus_.7"
"50","Spinosaurus_","Spinosaurus_.8"
"51","Spinosaurus_","Spinosaurus_.9"
"52","Spinosaurus_","Spinosaurus_.10"
"53","Spinosaurus_","Spinosaurus_.11"
"54","Suchomimus","Suchomimus.1"
"55","Suchomimus","Suchomimus.2"
"56","Suchomimus","Suchomimus.3"
"57","Baryonyx","Baryonyx.1"
"58","Baryonyx","Baryonyx.2"
"59","Baryonyx","Baryonyx.3"
 
* Phylo tree and the main data and strata files have been modified to include duplicated taxa before the scaled random trees are generated.
* Selected categorical labels column: diving.or.not
* diving.or.equal column is identical to Diving column.
* Regression excludes flying taxa.
* Diving labels that are present in regression: 0,2
* lambda (calculated from a random tree) = : 0.13
* index-name alignment check: OK
