Logfile for a session of program: bootstrap_binary.r
-----------------------------------------------------
INPUT:
workDir: C:/dino_nature/output/2023-11-07-D1\bs/set_650
Nbootstrapsets: 2000
phyloFDAfile: c:/dino_nature/code/phylo.fda.R
auxFile: c:/dino_nature/code/auxiliary.r
boneType: femur
regressionData.file: C:/dino_nature/output/2023-11-07-D1\bs/set_650/femur_set_650.csv
applyDataFilter: FALSE
addTreeTips: TRUE
Ntrees: 100
calculateTrees: TRUE
saveTrees: FALSE


OPERATIONAL CHECKS:
* Regression data contains multiple copies of some taxa (user added variants of existing test taxa 
   or replacements due to bootstrap are present) which are not in the phylo tree:
     original taxon,   duplicate   
"1","Rattus_rattus","Rattus_rattus.1"
"2","Giraffa_camelopardalis","Giraffa_camelopardalis.1"
"3","Vulpes_vulpes","Vulpes_vulpes.1"
"4","Vulpes_vulpes","Vulpes_vulpes.2"
"5","Rattus_rattus","Rattus_rattus.2"
"6","Mammuthus_sp","Mammuthus_sp.1"
"7","Meles_meles","Meles_meles.1"
"8","Nyctereutes_procyonoides","Nyctereutes_procyonoides.1"
"9","Procyon_lotor","Procyon_lotor.1"
"10","Dama_dama","Dama_dama.1"
"11","Meles_meles","Meles_meles.2"
"12","Giraffa_camelopardalis","Giraffa_camelopardalis.2"
"13","Megaloceros_sp","Megaloceros_sp.1"
"14","Paguma_larvata","Paguma_larvata.1"
"15","Megaloceros_sp","Megaloceros_sp.2"
"16","Bison_bonasus","Bison_bonasus.1"
"17","Bos_taurus","Bos_taurus.1"
"18","Giraffa_camelopardalis","Giraffa_camelopardalis.3"
"19","Cryptoclidus","Cryptoclidus.1"
"20","Cryptoclidus","Cryptoclidus.2"
"21","Spheniscus","Spheniscus.1"
"22","Chapsosaurus_","Chapsosaurus_.1"
"23","Simosaurus_1","Simosaurus_1.1"
"24","Ornithorhynchus_anatinus","Ornithorhynchus_anatinus.1"
"25","Cryptoclidus","Cryptoclidus.3"
"26","Maiacetus","Maiacetus.1"
"27","Palaeospheniscus","Palaeospheniscus.1"
"28","Simosaurus","Simosaurus.1"
"29","Callophoca_obscura","Callophoca_obscura.1"
"30","Simosaurus","Simosaurus.2"
"31","Maiacetus","Maiacetus.2"
"32","Anarosaurus","Anarosaurus.1"
"33","Metryorhynchus","Metryorhynchus.1"
"34","Maiacetus","Maiacetus.3"
"35","Pistosaurus","Pistosaurus.1"
"36","Cryptoclidus","Cryptoclidus.4"
"37","Callophoca_obscura","Callophoca_obscura.2"
"38","Metryorhynchus","Metryorhynchus.2"
"39","Maiacetus","Maiacetus.4"
"40","Maiacetus","Maiacetus.5"
"41","Nothosaurus_150","Nothosaurus_150.1"
"42","Noemys_fodies","Noemys_fodies.1"
"43","Protochampsidae","Protochampsidae.1"
"44","Spinosaurus_","Spinosaurus_.1"
"45","Spinosaurus_","Spinosaurus_.2"
"46","Spinosaurus_","Spinosaurus_.3"
"47","Spinosaurus_","Spinosaurus_.4"
"48","Spinosaurus_","Spinosaurus_.5"
"49","Spinosaurus_","Spinosaurus_.6"
"50","Spinosaurus_","Spinosaurus_.7"
"51","Spinosaurus_","Spinosaurus_.8"
"52","Spinosaurus_","Spinosaurus_.9"
"53","Spinosaurus_","Spinosaurus_.10"
"54","Spinosaurus_","Spinosaurus_.11"
"55","Suchomimus","Suchomimus.1"
"56","Suchomimus","Suchomimus.2"
"57","Suchomimus","Suchomimus.3"
"58","Baryonyx","Baryonyx.1"
"59","Baryonyx","Baryonyx.2"
"60","Baryonyx","Baryonyx.3"
 
* Phylo tree and the main data and strata files have been modified to include duplicated taxa before the scaled random trees are generated.
* Selected categorical labels column: diving.or.not
* diving.or.equal column is identical to Diving column.
* Regression excludes flying taxa.
* Diving labels that are present in regression: 0,2
* lambda (calculated from a random tree) = : 0.11
* index-name alignment check: OK
