Logfile for a session of program: bootstrap_binary.r
-----------------------------------------------------
INPUT:
workDir: C:/dino_nature/output/2023-11-07-D1\bs/set_1350
Nbootstrapsets: 2000
phyloFDAfile: c:/dino_nature/code/phylo.fda.R
auxFile: c:/dino_nature/code/auxiliary.r
boneType: femur
regressionData.file: C:/dino_nature/output/2023-11-07-D1\bs/set_1350/femur_set_1350.csv
applyDataFilter: FALSE
addTreeTips: TRUE
Ntrees: 100
calculateTrees: TRUE
saveTrees: FALSE


OPERATIONAL CHECKS:
* Regression data contains multiple copies of some taxa (user added variants of existing test taxa 
   or replacements due to bootstrap are present) which are not in the phylo tree:
     original taxon,   duplicate   
"1","Nyctereutes_procyonoides","Nyctereutes_procyonoides.1"
"2","Syncerus_caffer","Syncerus_caffer.1"
"3","Ceratotherium_simum","Ceratotherium_simum.1"
"4","Nyctereutes_procyonoides","Nyctereutes_procyonoides.2"
"5","Procavia_capensis","Procavia_capensis.1"
"6","Sus_scrofa","Sus_scrofa.1"
"7","Dasyurus_maculatus","Dasyurus_maculatus.1"
"8","Ceratotherium_simum","Ceratotherium_simum.2"
"9","Hemiechinus_azurites","Hemiechinus_azurites.1"
"10","Rupicapra_rupicapra","Rupicapra_rupicapra.1"
"11","Hemiechinus_azurites","Hemiechinus_azurites.2"
"12","Nyctereutes_procyonoides","Nyctereutes_procyonoides.3"
"13","Ceratotherium_simum","Ceratotherium_simum.3"
"14","Bison_bonasus","Bison_bonasus.1"
"15","Strigiops_habroptilus","Strigiops_habroptilus.1"
"16","Pogona_viceps","Pogona_viceps.1"
"17","Atlantisia_rogersi","Atlantisia_rogersi.1"
"18","Rattus_rattus","Rattus_rattus.1"
"19","Rupicapra_rupicapra","Rupicapra_rupicapra.2"
"20","Rupicapra_rupicapra","Rupicapra_rupicapra.3"
"21","Meles_meles","Meles_meles.1"
"22","Bison_bonasus","Bison_bonasus.2"
"23","Syncerus_caffer","Syncerus_caffer.2"
"24","Porphyrio_hochstetteri","Porphyrio_hochstetteri.1"
"25","Hexaprotodon_garyam","Hexaprotodon_garyam.1"
"26","Protochampsidae","Protochampsidae.1"
"27","Rhaeticosaurus","Rhaeticosaurus.1"
"28","Champsosaurus","Champsosaurus.1"
"29","Cryptoclidus","Cryptoclidus.1"
"30","Basilosaurus","Basilosaurus.1"
"31","Rhaeticosaurus","Rhaeticosaurus.2"
"32","Caiman_yacare","Caiman_yacare.1"
"33","Hesperornis","Hesperornis.1"
"34","Rodhocetus","Rodhocetus.1"
"35","Ichtyosaur_sp","Ichtyosaur_sp.1"
"36","Serpianosaurus","Serpianosaurus.1"
"37","Ichtyosaurus_","Ichtyosaurus_.1"
"38","Protochampsidae","Protochampsidae.2"
"39","Micropotamogale_euwenzorii","Micropotamogale_euwenzorii.1"
"40","Cryptoclidus","Cryptoclidus.2"
"41","Phocanella_pumila","Phocanella_pumila.1"
"42","Basilosaurus","Basilosaurus.2"
"43","Nothosaurus_mirabilis_1","Nothosaurus_mirabilis_1.1"
"44","Spinosaurus_","Spinosaurus_.1"
"45","Spinosaurus_","Spinosaurus_.2"
"46","Spinosaurus_","Spinosaurus_.3"
"47","Spinosaurus_","Spinosaurus_.4"
"48","Spinosaurus_","Spinosaurus_.5"
"49","Spinosaurus_","Spinosaurus_.6"
"50","Spinosaurus_","Spinosaurus_.7"
"51","Spinosaurus_","Spinosaurus_.8"
"52","Spinosaurus_","Spinosaurus_.9"
"53","Spinosaurus_","Spinosaurus_.10"
"54","Spinosaurus_","Spinosaurus_.11"
"55","Suchomimus","Suchomimus.1"
"56","Suchomimus","Suchomimus.2"
"57","Suchomimus","Suchomimus.3"
"58","Baryonyx","Baryonyx.1"
"59","Baryonyx","Baryonyx.2"
"60","Baryonyx","Baryonyx.3"
 
* Phylo tree and the main data and strata files have been modified to include duplicated taxa before the scaled random trees are generated.
* Selected categorical labels column: diving.or.not
* diving.or.equal column is identical to Diving column.
* Regression excludes flying taxa.
* Diving labels that are present in regression: 0,2
* lambda (calculated from a random tree) = : 0.12
* index-name alignment check: OK
