Logfile for a session of program: bootstrap_binary.r
-----------------------------------------------------
INPUT:
workDir: C:/dino_nature/output/2023-11-07-D1\bs/set_1263
Nbootstrapsets: 2000
phyloFDAfile: c:/dino_nature/code/phylo.fda.R
auxFile: c:/dino_nature/code/auxiliary.r
boneType: femur
regressionData.file: C:/dino_nature/output/2023-11-07-D1\bs/set_1263/femur_set_1263.csv
applyDataFilter: FALSE
addTreeTips: TRUE
Ntrees: 100
calculateTrees: TRUE
saveTrees: FALSE


OPERATIONAL CHECKS:
* Regression data contains multiple copies of some taxa (user added variants of existing test taxa 
   or replacements due to bootstrap are present) which are not in the phylo tree:
     original taxon,   duplicate   
"1","Alces_americanus","Alces_americanus.1"
"2","Uncia_uncia","Uncia_uncia.1"
"3","Rynochetus_jubatus","Rynochetus_jubatus.1"
"4","Sphenodon_punctatus","Sphenodon_punctatus.1"
"5","Ceratotherium_simum","Ceratotherium_simum.1"
"6","Megaloceros_sp","Megaloceros_sp.1"
"7","Procyon_lotor","Procyon_lotor.1"
"8","Procyon_lotor","Procyon_lotor.2"
"9","Rupicapra_rupicapra","Rupicapra_rupicapra.1"
"10","Uncia_uncia","Uncia_uncia.2"
"11","Procyon_lotor","Procyon_lotor.3"
"12","Tribonyx_mortieri","Tribonyx_mortieri.1"
"13","Mus_musculus","Mus_musculus.1"
"14","Rattus_rattus","Rattus_rattus.1"
"15","Elephas_maximus","Elephas_maximus.1"
"16","Dama_dama","Dama_dama.1"
"17","Rynochetus_jubatus","Rynochetus_jubatus.2"
"18","Meles_meles","Meles_meles.1"
"19","Hemiechinus_azurites","Hemiechinus_azurites.1"
"20","Taxidea_taxus","Taxidea_taxus.1"
"21","large_eocene_stem_penguin","large_eocene_stem_penguin.1"
"22","Phocanella_pumila","Phocanella_pumila.1"
"23","large_eocene_stem_penguin","large_eocene_stem_penguin.2"
"24","Nothosaurus_102","Nothosaurus_102.1"
"25","Callophoca_obscura","Callophoca_obscura.1"
"26","Phocanella_pumila","Phocanella_pumila.2"
"27","large_eocene_stem_penguin","large_eocene_stem_penguin.3"
"28","Neusticosaurus","Neusticosaurus.1"
"29","Simosaurus","Simosaurus.1"
"30","Chapsosaurus_","Chapsosaurus_.1"
"31","Hexaprotodon_garyam","Hexaprotodon_garyam.1"
"32","Rodhocetus","Rodhocetus.1"
"33","Simosaurus_1","Simosaurus_1.1"
"34","Ichtyosaurus_","Ichtyosaurus_.1"
"35","Hydromys_chrysogaster","Hydromys_chrysogaster.1"
"36","Rhaeticosaurus","Rhaeticosaurus.1"
"37","Micropotamogale_euwenzorii","Micropotamogale_euwenzorii.1"
"38","Nothosaurus_102","Nothosaurus_102.2"
"39","Placodontia_indet_1","Placodontia_indet_1.1"
"40","Spinosaurus_","Spinosaurus_.1"
"41","Spinosaurus_","Spinosaurus_.2"
"42","Spinosaurus_","Spinosaurus_.3"
"43","Spinosaurus_","Spinosaurus_.4"
"44","Spinosaurus_","Spinosaurus_.5"
"45","Spinosaurus_","Spinosaurus_.6"
"46","Spinosaurus_","Spinosaurus_.7"
"47","Spinosaurus_","Spinosaurus_.8"
"48","Spinosaurus_","Spinosaurus_.9"
"49","Spinosaurus_","Spinosaurus_.10"
"50","Spinosaurus_","Spinosaurus_.11"
"51","Suchomimus","Suchomimus.1"
"52","Suchomimus","Suchomimus.2"
"53","Suchomimus","Suchomimus.3"
"54","Baryonyx","Baryonyx.1"
"55","Baryonyx","Baryonyx.2"
"56","Baryonyx","Baryonyx.3"
 
* Phylo tree and the main data and strata files have been modified to include duplicated taxa before the scaled random trees are generated.
* Selected categorical labels column: diving.or.not
* diving.or.equal column is identical to Diving column.
* Regression excludes flying taxa.
* Diving labels that are present in regression: 0,2
* lambda (calculated from a random tree) = : 0.11
* index-name alignment check: OK
