Logfile for a session of program: bootstrap_binary.r
-----------------------------------------------------
INPUT:
workDir: C:/dino_nature/output/2023-11-07-D1\bs/set_277
Nbootstrapsets: 2000
phyloFDAfile: c:/dino_nature/code/phylo.fda.R
auxFile: c:/dino_nature/code/auxiliary.r
boneType: femur
regressionData.file: C:/dino_nature/output/2023-11-07-D1\bs/set_277/femur_set_277.csv
applyDataFilter: FALSE
addTreeTips: TRUE
Ntrees: 100
calculateTrees: TRUE
saveTrees: FALSE


OPERATIONAL CHECKS:
* Regression data contains multiple copies of some taxa (user added variants of existing test taxa 
   or replacements due to bootstrap are present) which are not in the phylo tree:
     original taxon,   duplicate   
"1","Euroscaptor_micrura","Euroscaptor_micrura.1"
"2","Raphus","Raphus.1"
"3","Diplomesodon_pulchellum","Diplomesodon_pulchellum.1"
"4","Meles_meles","Meles_meles.1"
"5","Rynochetus_jubatus","Rynochetus_jubatus.1"
"6","Tribonyx_mortieri","Tribonyx_mortieri.1"
"7","Tenrec_ecaudatus","Tenrec_ecaudatus.1"
"8","Meles_meles","Meles_meles.2"
"9","Rynochetus_jubatus","Rynochetus_jubatus.2"
"10","Ceratotherium_simum","Ceratotherium_simum.1"
"11","Atlantisia_rogersi","Atlantisia_rogersi.1"
"12","Cephalophus_silvicultor","Cephalophus_silvicultor.1"
"13","Dasyurus_maculatus","Dasyurus_maculatus.1"
"14","Apteryx_owenii_","Apteryx_owenii_.1"
"15","Monodelphis_domestica","Monodelphis_domestica.1"
"16","Cephalophus_silvicultor","Cephalophus_silvicultor.2"
"17","Atlantisia_rogersi","Atlantisia_rogersi.2"
"18","Dyrosaurid","Dyrosaurid.1"
"19","Maiacetus","Maiacetus.1"
"20","Chironectes_minimus","Chironectes_minimus.1"
"21","Pistosaurus","Pistosaurus.1"
"22","Nothosaurus_150","Nothosaurus_150.1"
"23","Micropotamogale_euwenzorii","Micropotamogale_euwenzorii.1"
"24","Metryorhynchus","Metryorhynchus.1"
"25","Simosaurus","Simosaurus.1"
"26","Metryorhynchus","Metryorhynchus.2"
"27","Pistosaurus","Pistosaurus.2"
"28","Phalacrocorax_harrisi","Phalacrocorax_harrisi.1"
"29","Basilosaurus","Basilosaurus.1"
"30","Basilosaurus","Basilosaurus.2"
"31","Rhaeticosaurus","Rhaeticosaurus.1"
"32","Ichtyosaurus_","Ichtyosaurus_.1"
"33","Micropotamogale_euwenzorii","Micropotamogale_euwenzorii.2"
"34","Remingtonocetus","Remingtonocetus.1"
"35","Champsosaurus","Champsosaurus.1"
"36","Otaria_byronia","Otaria_byronia.1"
"37","Ornithorhynchus_anatinus","Ornithorhynchus_anatinus.1"
"38","Maiacetus","Maiacetus.2"
"39","Alligator","Alligator.1"
"40","Simosaurus_1","Simosaurus_1.1"
"41","Spinosaurus_","Spinosaurus_.1"
"42","Spinosaurus_","Spinosaurus_.2"
"43","Spinosaurus_","Spinosaurus_.3"
"44","Spinosaurus_","Spinosaurus_.4"
"45","Spinosaurus_","Spinosaurus_.5"
"46","Spinosaurus_","Spinosaurus_.6"
"47","Spinosaurus_","Spinosaurus_.7"
"48","Spinosaurus_","Spinosaurus_.8"
"49","Spinosaurus_","Spinosaurus_.9"
"50","Spinosaurus_","Spinosaurus_.10"
"51","Spinosaurus_","Spinosaurus_.11"
"52","Suchomimus","Suchomimus.1"
"53","Suchomimus","Suchomimus.2"
"54","Suchomimus","Suchomimus.3"
"55","Baryonyx","Baryonyx.1"
"56","Baryonyx","Baryonyx.2"
"57","Baryonyx","Baryonyx.3"
 
* Phylo tree and the main data and strata files have been modified to include duplicated taxa before the scaled random trees are generated.
* Selected categorical labels column: diving.or.not
* diving.or.equal column is identical to Diving column.
* Regression excludes flying taxa.
* Diving labels that are present in regression: 0,2
* lambda (calculated from a random tree) = : 0.11
* index-name alignment check: OK
