Logfile for a session of program: bootstrap_binary.r
-----------------------------------------------------
INPUT:
workDir: C:/dino_nature/output/2023-11-07-D1\bs/set_592
Nbootstrapsets: 2000
phyloFDAfile: c:/dino_nature/code/phylo.fda.R
auxFile: c:/dino_nature/code/auxiliary.r
boneType: femur
regressionData.file: C:/dino_nature/output/2023-11-07-D1\bs/set_592/femur_set_592.csv
applyDataFilter: FALSE
addTreeTips: TRUE
Ntrees: 100
calculateTrees: TRUE
saveTrees: FALSE


OPERATIONAL CHECKS:
* Regression data contains multiple copies of some taxa (user added variants of existing test taxa 
   or replacements due to bootstrap are present) which are not in the phylo tree:
     original taxon,   duplicate   
"1","Monodelphis_domestica","Monodelphis_domestica.1"
"2","Okapia_johnstoni","Okapia_johnstoni.1"
"3","Monodelphis_domestica","Monodelphis_domestica.2"
"4","Apteryx_owenii_","Apteryx_owenii_.1"
"5","Apteryx_australis","Apteryx_australis.1"
"6","Porphyrio_hochstetteri","Porphyrio_hochstetteri.1"
"7","Apteryx_owenii_","Apteryx_owenii_.2"
"8","Atlantisia_rogersi","Atlantisia_rogersi.1"
"9","Apteryx_australis","Apteryx_australis.2"
"10","Taxidea_taxus","Taxidea_taxus.1"
"11","Vulpes_vulpes","Vulpes_vulpes.1"
"12","Rangifer_tarandus","Rangifer_tarandus.1"
"13","Atlantisia_rogersi","Atlantisia_rogersi.2"
"14","Elephas_maximus","Elephas_maximus.1"
"15","Rhinoceros_sondaicus","Rhinoceros_sondaicus.1"
"16","Giraffa_camelopardalis","Giraffa_camelopardalis.1"
"17","Hemiechinus_azurites","Hemiechinus_azurites.1"
"18","Lacerta_viridis","Lacerta_viridis.1"
"19","Vulpes_vulpes","Vulpes_vulpes.2"
"20","Aptenodytes______","Aptenodytes______.1"
"21","Callophoca_obscura","Callophoca_obscura.1"
"22","Noemys_fodies","Noemys_fodies.1"
"23","Callophoca_obscura","Callophoca_obscura.2"
"24","Ichtyosaur_sp","Ichtyosaur_sp.1"
"25","Spheniscus","Spheniscus.1"
"26","Leptophoca_proxima","Leptophoca_proxima.1"
"27","Callophoca_obscura","Callophoca_obscura.3"
"28","Castor_fiber","Castor_fiber.1"
"29","Tapirus_terrestris","Tapirus_terrestris.1"
"30","Indohyus","Indohyus.1"
"31","Ornithorhynchus_anatinus","Ornithorhynchus_anatinus.1"
"32","Placondontia_indet","Placondontia_indet.1"
"33","Dyrosaurid","Dyrosaurid.1"
"34","Lutra_vulgaris","Lutra_vulgaris.1"
"35","Dyrosaurid","Dyrosaurid.2"
"36","Cryptoclidus","Cryptoclidus.1"
"37","Spheniscus","Spheniscus.2"
"38","Nothosaurus_568","Nothosaurus_568.1"
"39","Alligator","Alligator.1"
"40","Rodhocetus","Rodhocetus.1"
"41","Spinosaurus_","Spinosaurus_.1"
"42","Spinosaurus_","Spinosaurus_.2"
"43","Spinosaurus_","Spinosaurus_.3"
"44","Spinosaurus_","Spinosaurus_.4"
"45","Spinosaurus_","Spinosaurus_.5"
"46","Spinosaurus_","Spinosaurus_.6"
"47","Spinosaurus_","Spinosaurus_.7"
"48","Spinosaurus_","Spinosaurus_.8"
"49","Spinosaurus_","Spinosaurus_.9"
"50","Spinosaurus_","Spinosaurus_.10"
"51","Spinosaurus_","Spinosaurus_.11"
"52","Suchomimus","Suchomimus.1"
"53","Suchomimus","Suchomimus.2"
"54","Suchomimus","Suchomimus.3"
"55","Baryonyx","Baryonyx.1"
"56","Baryonyx","Baryonyx.2"
"57","Baryonyx","Baryonyx.3"
 
* Phylo tree and the main data and strata files have been modified to include duplicated taxa before the scaled random trees are generated.
* Selected categorical labels column: diving.or.not
* diving.or.equal column is identical to Diving column.
* Regression excludes flying taxa.
* Diving labels that are present in regression: 0,2
* lambda (calculated from a random tree) = : 0.08
* index-name alignment check: OK
