Logfile for a session of program: bootstrap_binary.r
-----------------------------------------------------
INPUT:
workDir: C:/dino_nature/output/2023-11-07-D1\bs/set_1466
Nbootstrapsets: 2000
phyloFDAfile: c:/dino_nature/code/phylo.fda.R
auxFile: c:/dino_nature/code/auxiliary.r
boneType: femur
regressionData.file: C:/dino_nature/output/2023-11-07-D1\bs/set_1466/femur_set_1466.csv
applyDataFilter: FALSE
addTreeTips: TRUE
Ntrees: 100
calculateTrees: TRUE
saveTrees: FALSE


OPERATIONAL CHECKS:
* Regression data contains multiple copies of some taxa (user added variants of existing test taxa 
   or replacements due to bootstrap are present) which are not in the phylo tree:
     original taxon,   duplicate   
"1","Rangifer_tarandus","Rangifer_tarandus.1"
"2","Lama_guanicoe","Lama_guanicoe.1"
"3","Elephas_maximus","Elephas_maximus.1"
"4","Rattus_rattus","Rattus_rattus.1"
"5","Monodelphis_domestica","Monodelphis_domestica.1"
"6","Rattus_rattus","Rattus_rattus.2"
"7","Dasyurus_maculatus","Dasyurus_maculatus.1"
"8","Dama_dama","Dama_dama.1"
"9","Monodelphis_domestica","Monodelphis_domestica.2"
"10","Atlantisia_rogersi","Atlantisia_rogersi.1"
"11","Loxodonta_africana","Loxodonta_africana.1"
"12","Rattus_rattus","Rattus_rattus.3"
"13","Tenrec_ecaudatus","Tenrec_ecaudatus.1"
"14","Procyon_lotor","Procyon_lotor.1"
"15","Pogona_viceps","Pogona_viceps.1"
"16","Atlantisia_rogersi","Atlantisia_rogersi.2"
"17","Strigiops_habroptilus","Strigiops_habroptilus.1"
"18","Tenrec_ecaudatus","Tenrec_ecaudatus.2"
"19","Dasyurus_maculatus","Dasyurus_maculatus.2"
"20","Hemiechinus_azurites","Hemiechinus_azurites.1"
"21","Monodelphis_domestica","Monodelphis_domestica.3"
"22","Taxidea_taxus","Taxidea_taxus.1"
"23","Brachyodus_onoideum","Brachyodus_onoideum.1"
"24","Brachyodus_onoideum","Brachyodus_onoideum.2"
"25","Castor_fiber","Castor_fiber.1"
"26","Plesiosaurus","Plesiosaurus.1"
"27","Plesiosaurus","Plesiosaurus.2"
"28","Ornithorhynchus_anatinus","Ornithorhynchus_anatinus.1"
"29","Alligator","Alligator.1"
"30","Nothosaurus_150","Nothosaurus_150.1"
"31","Noemys_fodies","Noemys_fodies.1"
"32","Choeropsis_liberiensis","Choeropsis_liberiensis.1"
"33","Desmana_moschata","Desmana_moschata.1"
"34","Desmana_moschata","Desmana_moschata.2"
"35","Remingtonocetus","Remingtonocetus.1"
"36","Basilosaurus","Basilosaurus.1"
"37","Nanophoca_vitulinoides","Nanophoca_vitulinoides.1"
"38","Choeropsis_liberiensis","Choeropsis_liberiensis.2"
"39","Alligator","Alligator.2"
"40","Protochampsidae","Protochampsidae.1"
"41","Micropotamogale_euwenzorii","Micropotamogale_euwenzorii.1"
"42","Psephoderma","Psephoderma.1"
"43","Hippopotamus_amphibius","Hippopotamus_amphibius.1"
"44","Choeropsis_liberiensis","Choeropsis_liberiensis.3"
"45","Nothosaurus_giganteus","Nothosaurus_giganteus.1"
"46","Hippopotamus_amphibius","Hippopotamus_amphibius.2"
"47","Otaria_byronia","Otaria_byronia.1"
"48","Spinosaurus_","Spinosaurus_.1"
"49","Spinosaurus_","Spinosaurus_.2"
"50","Spinosaurus_","Spinosaurus_.3"
"51","Spinosaurus_","Spinosaurus_.4"
"52","Spinosaurus_","Spinosaurus_.5"
"53","Spinosaurus_","Spinosaurus_.6"
"54","Spinosaurus_","Spinosaurus_.7"
"55","Spinosaurus_","Spinosaurus_.8"
"56","Spinosaurus_","Spinosaurus_.9"
"57","Spinosaurus_","Spinosaurus_.10"
"58","Spinosaurus_","Spinosaurus_.11"
"59","Suchomimus","Suchomimus.1"
"60","Suchomimus","Suchomimus.2"
"61","Suchomimus","Suchomimus.3"
"62","Baryonyx","Baryonyx.1"
"63","Baryonyx","Baryonyx.2"
"64","Baryonyx","Baryonyx.3"
 
* Phylo tree and the main data and strata files have been modified to include duplicated taxa before the scaled random trees are generated.
* Selected categorical labels column: diving.or.not
* diving.or.equal column is identical to Diving column.
* Regression excludes flying taxa.
* Diving labels that are present in regression: 0,2
* lambda (calculated from a random tree) = : 0.13
* index-name alignment check: OK
