Logfile for a session of program: bootstrap_binary.r
-----------------------------------------------------
INPUT:
workDir: C:/dino_nature/output/2023-11-07-D1\bs/set_471
Nbootstrapsets: 2000
phyloFDAfile: c:/dino_nature/code/phylo.fda.R
auxFile: c:/dino_nature/code/auxiliary.r
boneType: femur
regressionData.file: C:/dino_nature/output/2023-11-07-D1\bs/set_471/femur_set_471.csv
applyDataFilter: FALSE
addTreeTips: TRUE
Ntrees: 100
calculateTrees: TRUE
saveTrees: FALSE


OPERATIONAL CHECKS:
* Regression data contains multiple copies of some taxa (user added variants of existing test taxa 
   or replacements due to bootstrap are present) which are not in the phylo tree:
     original taxon,   duplicate   
"1","Rattus_rattus","Rattus_rattus.1"
"2","Raphus","Raphus.1"
"3","Dama_dama","Dama_dama.1"
"4","Tribonyx_mortieri","Tribonyx_mortieri.1"
"5","Syncerus_caffer","Syncerus_caffer.1"
"6","Meles_meles","Meles_meles.1"
"7","Elomeryx_borbonicus_","Elomeryx_borbonicus_.1"
"8","Meles_meles","Meles_meles.2"
"9","Okapia_johnstoni","Okapia_johnstoni.1"
"10","Brachyodus_onoideum","Brachyodus_onoideum.1"
"11","Meles_meles","Meles_meles.3"
"12","Loxodonta_africana","Loxodonta_africana.1"
"13","Lacerta_viridis","Lacerta_viridis.1"
"14","Myrmecophaga_tridactyla","Myrmecophaga_tridactyla.1"
"15","Diplomesodon_pulchellum","Diplomesodon_pulchellum.1"
"16","Uncia_uncia","Uncia_uncia.1"
"17","Mammuthus_sp","Mammuthus_sp.1"
"18","Atlantisia_rogersi","Atlantisia_rogersi.1"
"19","Nothosaurus_150","Nothosaurus_150.1"
"20","Remingtonocetus","Remingtonocetus.1"
"21","Ornithorhynchus_anatinus","Ornithorhynchus_anatinus.1"
"22","Choeropsis_liberiensis","Choeropsis_liberiensis.1"
"23","Remingtonocetus","Remingtonocetus.2"
"24","Rhaeticosaurus","Rhaeticosaurus.1"
"25","Ornithorhynchus_anatinus","Ornithorhynchus_anatinus.2"
"26","Remingtonocetus","Remingtonocetus.3"
"27","Noemys_fodies","Noemys_fodies.1"
"28","Simosaurus","Simosaurus.1"
"29","Dyrosaurid","Dyrosaurid.1"
"30","Basilosaurus","Basilosaurus.1"
"31","Placondontia_indet","Placondontia_indet.1"
"32","Leptophoca_proxima","Leptophoca_proxima.1"
"33","Leptophoca_proxima","Leptophoca_proxima.2"
"34","Ichtyosaurus_","Ichtyosaurus_.1"
"35","Metryorhynchus","Metryorhynchus.1"
"36","Choeropsis_liberiensis","Choeropsis_liberiensis.2"
"37","Tapirus_terrestris","Tapirus_terrestris.1"
"38","Ichtyosaur_sp","Ichtyosaur_sp.1"
"39","Remingtonocetus","Remingtonocetus.4"
"40","Chironectes_minimus","Chironectes_minimus.1"
"41","Nothosaurus_giganteus","Nothosaurus_giganteus.1"
"42","Spinosaurus_","Spinosaurus_.1"
"43","Spinosaurus_","Spinosaurus_.2"
"44","Spinosaurus_","Spinosaurus_.3"
"45","Spinosaurus_","Spinosaurus_.4"
"46","Spinosaurus_","Spinosaurus_.5"
"47","Spinosaurus_","Spinosaurus_.6"
"48","Spinosaurus_","Spinosaurus_.7"
"49","Spinosaurus_","Spinosaurus_.8"
"50","Spinosaurus_","Spinosaurus_.9"
"51","Spinosaurus_","Spinosaurus_.10"
"52","Spinosaurus_","Spinosaurus_.11"
"53","Suchomimus","Suchomimus.1"
"54","Suchomimus","Suchomimus.2"
"55","Suchomimus","Suchomimus.3"
"56","Baryonyx","Baryonyx.1"
"57","Baryonyx","Baryonyx.2"
"58","Baryonyx","Baryonyx.3"
 
* Phylo tree and the main data and strata files have been modified to include duplicated taxa before the scaled random trees are generated.
* Selected categorical labels column: diving.or.not
* diving.or.equal column is identical to Diving column.
* Regression excludes flying taxa.
* Diving labels that are present in regression: 0,2
* lambda (calculated from a random tree) = : 0.07
* index-name alignment check: OK
