Logfile for a session of program: bootstrap_binary.r
-----------------------------------------------------
INPUT:
workDir: C:/dino_nature/output/2023-11-07-D1\bs/set_491
Nbootstrapsets: 2000
phyloFDAfile: c:/dino_nature/code/phylo.fda.R
auxFile: c:/dino_nature/code/auxiliary.r
boneType: femur
regressionData.file: C:/dino_nature/output/2023-11-07-D1\bs/set_491/femur_set_491.csv
applyDataFilter: FALSE
addTreeTips: TRUE
Ntrees: 100
calculateTrees: TRUE
saveTrees: FALSE


OPERATIONAL CHECKS:
* Regression data contains multiple copies of some taxa (user added variants of existing test taxa 
   or replacements due to bootstrap are present) which are not in the phylo tree:
     original taxon,   duplicate   
"1","Brachyodus_onoideum","Brachyodus_onoideum.1"
"2","Rupicapra_rupicapra","Rupicapra_rupicapra.1"
"3","Hemiechinus_azurites","Hemiechinus_azurites.1"
"4","Vulpes_vulpes","Vulpes_vulpes.1"
"5","Rhinoceros_sondaicus","Rhinoceros_sondaicus.1"
"6","Procyon_lotor","Procyon_lotor.1"
"7","Capreolus_capreolus","Capreolus_capreolus.1"
"8","Hemiechinus_azurites","Hemiechinus_azurites.2"
"9","Uncia_uncia","Uncia_uncia.1"
"10","Porphyrio_hochstetteri","Porphyrio_hochstetteri.1"
"11","Euroscaptor_micrura","Euroscaptor_micrura.1"
"12","Uncia_uncia","Uncia_uncia.2"
"13","Dicerorhinus_sumatrensis","Dicerorhinus_sumatrensis.1"
"14","Dicerorhinus_sumatrensis","Dicerorhinus_sumatrensis.2"
"15","Elephas_maximus","Elephas_maximus.1"
"16","Pogona_viceps","Pogona_viceps.1"
"17","Bos_taurus","Bos_taurus.1"
"18","Hemiechinus_azurites","Hemiechinus_azurites.3"
"19","Uncia_uncia","Uncia_uncia.3"
"20","Bos_taurus","Bos_taurus.2"
"21","Myrmecophaga_tridactyla","Myrmecophaga_tridactyla.1"
"22","Felis_felis","Felis_felis.1"
"23","Taxidea_taxus","Taxidea_taxus.1"
"24","Monodelphis_domestica","Monodelphis_domestica.1"
"25","Euroscaptor_micrura","Euroscaptor_micrura.2"
"26","Rhinoceros_sondaicus","Rhinoceros_sondaicus.2"
"27","Aptenodytes______","Aptenodytes______.1"
"28","Aptenodytes______","Aptenodytes______.2"
"29","Alligator","Alligator.1"
"30","Aptenodytes______","Aptenodytes______.3"
"31","Aptenodytes______","Aptenodytes______.4"
"32","Noemys_fodies","Noemys_fodies.1"
"33","Nanophoca_vitulinoides","Nanophoca_vitulinoides.1"
"34","Nothosaurus_568","Nothosaurus_568.1"
"35","Indohyus","Indohyus.1"
"36","large_eocene_stem_penguin","large_eocene_stem_penguin.1"
"37","Alligator","Alligator.2"
"38","Indohyus","Indohyus.2"
"39","Chapsosaurus_","Chapsosaurus_.1"
"40","Nanophoca_vitulinoides","Nanophoca_vitulinoides.2"
"41","Phalacrocorax_harrisi","Phalacrocorax_harrisi.1"
"42","Micropotamogale_euwenzorii","Micropotamogale_euwenzorii.1"
"43","Hydromys_chrysogaster","Hydromys_chrysogaster.1"
"44","Alligator","Alligator.3"
"45","Plesiosaurus","Plesiosaurus.1"
"46","Choeropsis_liberiensis","Choeropsis_liberiensis.1"
"47","Chapsosaurus_","Chapsosaurus_.2"
"48","Palaeospheniscus","Palaeospheniscus.1"
"49","Simosaurus","Simosaurus.1"
"50","Lutra_vulgaris","Lutra_vulgaris.1"
"51","large_eocene_stem_penguin","large_eocene_stem_penguin.2"
"52","Spinosaurus_","Spinosaurus_.1"
"53","Spinosaurus_","Spinosaurus_.2"
"54","Spinosaurus_","Spinosaurus_.3"
"55","Spinosaurus_","Spinosaurus_.4"
"56","Spinosaurus_","Spinosaurus_.5"
"57","Spinosaurus_","Spinosaurus_.6"
"58","Spinosaurus_","Spinosaurus_.7"
"59","Spinosaurus_","Spinosaurus_.8"
"60","Spinosaurus_","Spinosaurus_.9"
"61","Spinosaurus_","Spinosaurus_.10"
"62","Spinosaurus_","Spinosaurus_.11"
"63","Suchomimus","Suchomimus.1"
"64","Suchomimus","Suchomimus.2"
"65","Suchomimus","Suchomimus.3"
"66","Baryonyx","Baryonyx.1"
"67","Baryonyx","Baryonyx.2"
"68","Baryonyx","Baryonyx.3"
 
* Phylo tree and the main data and strata files have been modified to include duplicated taxa before the scaled random trees are generated.
* Selected categorical labels column: diving.or.not
* diving.or.equal column is identical to Diving column.
* Regression excludes flying taxa.
* Diving labels that are present in regression: 0,2
* lambda (calculated from a random tree) = : 0.1
* index-name alignment check: OK
