Logfile for a session of program: bootstrap_binary.r
-----------------------------------------------------
INPUT:
workDir: C:/dino_nature/output/2023-11-07-D1\bs/set_1748
Nbootstrapsets: 2000
phyloFDAfile: c:/dino_nature/code/phylo.fda.R
auxFile: c:/dino_nature/code/auxiliary.r
boneType: femur
regressionData.file: C:/dino_nature/output/2023-11-07-D1\bs/set_1748/femur_set_1748.csv
applyDataFilter: FALSE
addTreeTips: TRUE
Ntrees: 100
calculateTrees: TRUE
saveTrees: FALSE


OPERATIONAL CHECKS:
* Regression data contains multiple copies of some taxa (user added variants of existing test taxa 
   or replacements due to bootstrap are present) which are not in the phylo tree:
     original taxon,   duplicate   
"1","Procavia_capensis","Procavia_capensis.1"
"2","Bison_bonasus","Bison_bonasus.1"
"3","Felis_felis","Felis_felis.1"
"4","Myrmecophaga_tridactyla","Myrmecophaga_tridactyla.1"
"5","Rangifer_tarandus","Rangifer_tarandus.1"
"6","Rattus_rattus","Rattus_rattus.1"
"7","Rangifer_tarandus","Rangifer_tarandus.2"
"8","Alces_americanus","Alces_americanus.1"
"9","Bison_bonasus","Bison_bonasus.2"
"10","Bison_bonasus","Bison_bonasus.3"
"11","Raphus","Raphus.1"
"12","Ceratotherium_simum","Ceratotherium_simum.1"
"13","Tenrec_ecaudatus","Tenrec_ecaudatus.1"
"14","Bos_taurus","Bos_taurus.1"
"15","Loxodonta_africana","Loxodonta_africana.1"
"16","Okapia_johnstoni","Okapia_johnstoni.1"
"17","Apteryx_owenii_","Apteryx_owenii_.1"
"18","Aptenodytes______","Aptenodytes______.1"
"19","Indohyus","Indohyus.1"
"20","Indohyus","Indohyus.2"
"21","Anarosaurus","Anarosaurus.1"
"22","Rhaeticosaurus","Rhaeticosaurus.1"
"23","Tapirus_terrestris","Tapirus_terrestris.1"
"24","Remingtonocetus","Remingtonocetus.1"
"25","Rhaeticosaurus","Rhaeticosaurus.2"
"26","Chironectes_minimus","Chironectes_minimus.1"
"27","Callophoca_obscura","Callophoca_obscura.1"
"28","Paraplacodus","Paraplacodus.1"
"29","Lutra_vulgaris","Lutra_vulgaris.1"
"30","Nothosaurus_150","Nothosaurus_150.1"
"31","Desmana_moschata","Desmana_moschata.1"
"32","Metryorhynchus","Metryorhynchus.1"
"33","Cricosaurus","Cricosaurus.1"
"34","Chironectes_minimus","Chironectes_minimus.2"
"35","Micropotamogale_euwenzorii","Micropotamogale_euwenzorii.1"
"36","Indohyus","Indohyus.3"
"37","Micropotamogale_euwenzorii","Micropotamogale_euwenzorii.2"
"38","Micropotamogale_euwenzorii","Micropotamogale_euwenzorii.3"
"39","Hesperornis","Hesperornis.1"
"40","Psephoderma","Psephoderma.1"
"41","Spinosaurus_","Spinosaurus_.1"
"42","Spinosaurus_","Spinosaurus_.2"
"43","Spinosaurus_","Spinosaurus_.3"
"44","Spinosaurus_","Spinosaurus_.4"
"45","Spinosaurus_","Spinosaurus_.5"
"46","Spinosaurus_","Spinosaurus_.6"
"47","Spinosaurus_","Spinosaurus_.7"
"48","Spinosaurus_","Spinosaurus_.8"
"49","Spinosaurus_","Spinosaurus_.9"
"50","Spinosaurus_","Spinosaurus_.10"
"51","Spinosaurus_","Spinosaurus_.11"
"52","Suchomimus","Suchomimus.1"
"53","Suchomimus","Suchomimus.2"
"54","Suchomimus","Suchomimus.3"
"55","Baryonyx","Baryonyx.1"
"56","Baryonyx","Baryonyx.2"
"57","Baryonyx","Baryonyx.3"
 
* Phylo tree and the main data and strata files have been modified to include duplicated taxa before the scaled random trees are generated.
* Selected categorical labels column: diving.or.not
* diving.or.equal column is identical to Diving column.
* Regression excludes flying taxa.
* Diving labels that are present in regression: 0,2
* lambda (calculated from a random tree) = : 0.06
* index-name alignment check: OK
