Logfile for a session of program: bootstrap_binary.r
-----------------------------------------------------
INPUT:
workDir: C:/dino_nature/output/2023-11-07-D1\bs/set_1587
Nbootstrapsets: 2000
phyloFDAfile: c:/dino_nature/code/phylo.fda.R
auxFile: c:/dino_nature/code/auxiliary.r
boneType: femur
regressionData.file: C:/dino_nature/output/2023-11-07-D1\bs/set_1587/femur_set_1587.csv
applyDataFilter: FALSE
addTreeTips: TRUE
Ntrees: 100
calculateTrees: TRUE
saveTrees: FALSE


OPERATIONAL CHECKS:
* Regression data contains multiple copies of some taxa (user added variants of existing test taxa 
   or replacements due to bootstrap are present) which are not in the phylo tree:
     original taxon,   duplicate   
"1","Loxodonta_africana","Loxodonta_africana.1"
"2","Loxodonta_africana","Loxodonta_africana.2"
"3","Loxodonta_africana","Loxodonta_africana.3"
"4","Procyon_lotor","Procyon_lotor.1"
"5","Procyon_lotor","Procyon_lotor.2"
"6","Uncia_uncia","Uncia_uncia.1"
"7","Rattus_rattus","Rattus_rattus.1"
"8","Alces_americanus","Alces_americanus.1"
"9","Loxodonta_africana","Loxodonta_africana.4"
"10","Bos_taurus","Bos_taurus.1"
"11","Xenicus_giliventris","Xenicus_giliventris.1"
"12","Pogona_viceps","Pogona_viceps.1"
"13","Giraffa_camelopardalis","Giraffa_camelopardalis.1"
"14","Sphenodon_punctatus","Sphenodon_punctatus.1"
"15","Dromaius_","Dromaius_.1"
"16","Mustela_nivalis","Mustela_nivalis.1"
"17","Rhynchocyon_petersi","Rhynchocyon_petersi.1"
"18","Lama_guanicoe","Lama_guanicoe.1"
"19","Phocanella_pumila","Phocanella_pumila.1"
"20","Hexaprotodon_garyam","Hexaprotodon_garyam.1"
"21","Remingtonocetus","Remingtonocetus.1"
"22","Hesperornis","Hesperornis.1"
"23","Pistosaurus","Pistosaurus.1"
"24","Castor_fiber","Castor_fiber.1"
"25","Metryorhynchus","Metryorhynchus.1"
"26","Tapirus_terrestris","Tapirus_terrestris.1"
"27","Pistosaurus","Pistosaurus.2"
"28","Hexaprotodon_garyam","Hexaprotodon_garyam.2"
"29","Hesperornis","Hesperornis.2"
"30","Tapirus_terrestris","Tapirus_terrestris.2"
"31","Neusticosaurus","Neusticosaurus.1"
"32","Aptenodytes______","Aptenodytes______.1"
"33","Metryorhynchus","Metryorhynchus.2"
"34","Hexaprotodon_garyam","Hexaprotodon_garyam.3"
"35","Nanophoca_vitulinoides","Nanophoca_vitulinoides.1"
"36","Pistosaurus","Pistosaurus.3"
"37","Protochampsidae","Protochampsidae.1"
"38","Protochampsidae","Protochampsidae.2"
"39","Spheniscus","Spheniscus.1"
"40","Hydromys_chrysogaster","Hydromys_chrysogaster.1"
"41","Simosaurus_1","Simosaurus_1.1"
"42","Palaeospheniscus","Palaeospheniscus.1"
"43","Placodontia_indet_1","Placodontia_indet_1.1"
"44","Spheniscus","Spheniscus.2"
"45","Paraplacodus","Paraplacodus.1"
"46","Spinosaurus_","Spinosaurus_.1"
"47","Spinosaurus_","Spinosaurus_.2"
"48","Spinosaurus_","Spinosaurus_.3"
"49","Spinosaurus_","Spinosaurus_.4"
"50","Spinosaurus_","Spinosaurus_.5"
"51","Spinosaurus_","Spinosaurus_.6"
"52","Spinosaurus_","Spinosaurus_.7"
"53","Spinosaurus_","Spinosaurus_.8"
"54","Spinosaurus_","Spinosaurus_.9"
"55","Spinosaurus_","Spinosaurus_.10"
"56","Spinosaurus_","Spinosaurus_.11"
"57","Suchomimus","Suchomimus.1"
"58","Suchomimus","Suchomimus.2"
"59","Suchomimus","Suchomimus.3"
"60","Baryonyx","Baryonyx.1"
"61","Baryonyx","Baryonyx.2"
"62","Baryonyx","Baryonyx.3"
 
* Phylo tree and the main data and strata files have been modified to include duplicated taxa before the scaled random trees are generated.
* Selected categorical labels column: diving.or.not
* diving.or.equal column is identical to Diving column.
* Regression excludes flying taxa.
* Diving labels that are present in regression: 0,2
* lambda (calculated from a random tree) = : 0.16
* index-name alignment check: OK
