Logfile for a session of program: bootstrap_binary.r
-----------------------------------------------------
INPUT:
workDir: C:/dino_nature/output/2023-11-07-D1\bs/set_659
Nbootstrapsets: 2000
phyloFDAfile: c:/dino_nature/code/phylo.fda.R
auxFile: c:/dino_nature/code/auxiliary.r
boneType: femur
regressionData.file: C:/dino_nature/output/2023-11-07-D1\bs/set_659/femur_set_659.csv
applyDataFilter: FALSE
addTreeTips: TRUE
Ntrees: 100
calculateTrees: TRUE
saveTrees: FALSE


OPERATIONAL CHECKS:
* Regression data contains multiple copies of some taxa (user added variants of existing test taxa 
   or replacements due to bootstrap are present) which are not in the phylo tree:
     original taxon,   duplicate   
"1","Mus_musculus","Mus_musculus.1"
"2","Lama_guanicoe","Lama_guanicoe.1"
"3","Hemiechinus_azurites","Hemiechinus_azurites.1"
"4","Lama_guanicoe","Lama_guanicoe.2"
"5","Syncerus_caffer","Syncerus_caffer.1"
"6","Sus_scrofa","Sus_scrofa.1"
"7","Apteryx_owenii_","Apteryx_owenii_.1"
"8","Tamandua_tetradactyla","Tamandua_tetradactyla.1"
"9","Rynochetus_jubatus","Rynochetus_jubatus.1"
"10","Lama_guanicoe","Lama_guanicoe.3"
"11","Loxodonta_africana","Loxodonta_africana.1"
"12","Vulpes_vulpes","Vulpes_vulpes.1"
"13","Diplomesodon_pulchellum","Diplomesodon_pulchellum.1"
"14","Procavia_capensis","Procavia_capensis.1"
"15","Loxodonta_africana","Loxodonta_africana.2"
"16","Sus_scrofa","Sus_scrofa.2"
"17","Dama_dama","Dama_dama.1"
"18","Pogona_viceps","Pogona_viceps.1"
"19","Pogona_viceps","Pogona_viceps.2"
"20","Caloenas_nicobarica","Caloenas_nicobarica.1"
"21","Microgale_thomasi","Microgale_thomasi.1"
"22","Phalacrocorax_harrisi","Phalacrocorax_harrisi.1"
"23","Chapsosaurus_","Chapsosaurus_.1"
"24","Chironectes_minimus","Chironectes_minimus.1"
"25","Aptenodytes______","Aptenodytes______.1"
"26","Nothosaurus_mirabilis_1","Nothosaurus_mirabilis_1.1"
"27","large_eocene_stem_penguin","large_eocene_stem_penguin.1"
"28","Nothosaurus_150","Nothosaurus_150.1"
"29","Basilosaurus","Basilosaurus.1"
"30","Phalacrocorax_harrisi","Phalacrocorax_harrisi.2"
"31","Chapsosaurus_","Chapsosaurus_.2"
"32","Leptophoca_proxima","Leptophoca_proxima.1"
"33","Pistosaurus","Pistosaurus.1"
"34","Paraplacodus","Paraplacodus.1"
"35","Phalacrocorax_harrisi","Phalacrocorax_harrisi.3"
"36","Psephoderma","Psephoderma.1"
"37","Desmostylus_hesperus","Desmostylus_hesperus.1"
"38","Chapsosaurus_","Chapsosaurus_.3"
"39","Noemys_fodies","Noemys_fodies.1"
"40","Spheniscus","Spheniscus.1"
"41","Micropotamogale_euwenzorii","Micropotamogale_euwenzorii.1"
"42","Castor_fiber","Castor_fiber.1"
"43","Phocanella_pumila","Phocanella_pumila.1"
"44","Spinosaurus_","Spinosaurus_.1"
"45","Spinosaurus_","Spinosaurus_.2"
"46","Spinosaurus_","Spinosaurus_.3"
"47","Spinosaurus_","Spinosaurus_.4"
"48","Spinosaurus_","Spinosaurus_.5"
"49","Spinosaurus_","Spinosaurus_.6"
"50","Spinosaurus_","Spinosaurus_.7"
"51","Spinosaurus_","Spinosaurus_.8"
"52","Spinosaurus_","Spinosaurus_.9"
"53","Spinosaurus_","Spinosaurus_.10"
"54","Spinosaurus_","Spinosaurus_.11"
"55","Suchomimus","Suchomimus.1"
"56","Suchomimus","Suchomimus.2"
"57","Suchomimus","Suchomimus.3"
"58","Baryonyx","Baryonyx.1"
"59","Baryonyx","Baryonyx.2"
"60","Baryonyx","Baryonyx.3"
 
* Phylo tree and the main data and strata files have been modified to include duplicated taxa before the scaled random trees are generated.
* Selected categorical labels column: diving.or.not
* diving.or.equal column is identical to Diving column.
* Regression excludes flying taxa.
* Diving labels that are present in regression: 0,2
* lambda (calculated from a random tree) = : 0.09
* index-name alignment check: OK
