Logfile for a session of program: bootstrap_binary.r
-----------------------------------------------------
INPUT:
workDir: C:/dino_nature/output/2023-11-07-D1\bs/set_288
Nbootstrapsets: 2000
phyloFDAfile: c:/dino_nature/code/phylo.fda.R
auxFile: c:/dino_nature/code/auxiliary.r
boneType: femur
regressionData.file: C:/dino_nature/output/2023-11-07-D1\bs/set_288/femur_set_288.csv
applyDataFilter: FALSE
addTreeTips: TRUE
Ntrees: 100
calculateTrees: TRUE
saveTrees: FALSE


OPERATIONAL CHECKS:
* Regression data contains multiple copies of some taxa (user added variants of existing test taxa 
   or replacements due to bootstrap are present) which are not in the phylo tree:
     original taxon,   duplicate   
"1","Vulpes_vulpes","Vulpes_vulpes.1"
"2","Porphyrio_hochstetteri","Porphyrio_hochstetteri.1"
"3","Capreolus_capreolus","Capreolus_capreolus.1"
"4","Porphyrio_hochstetteri","Porphyrio_hochstetteri.2"
"5","Capreolus_capreolus","Capreolus_capreolus.2"
"6","Cephalophus_silvicultor","Cephalophus_silvicultor.1"
"7","Apteryx_owenii_","Apteryx_owenii_.1"
"8","Capreolus_capreolus","Capreolus_capreolus.3"
"9","Apteryx_owenii_","Apteryx_owenii_.2"
"10","Elomeryx_borbonicus_","Elomeryx_borbonicus_.1"
"11","Capreolus_capreolus","Capreolus_capreolus.4"
"12","Atlantisia_rogersi","Atlantisia_rogersi.1"
"13","Mus_musculus","Mus_musculus.1"
"14","Dicerorhinus_sumatrensis","Dicerorhinus_sumatrensis.1"
"15","Dama_dama","Dama_dama.1"
"16","Dicerorhinus_sumatrensis","Dicerorhinus_sumatrensis.2"
"17","Raphus","Raphus.1"
"18","Paguma_larvata","Paguma_larvata.1"
"19","Procyon_lotor","Procyon_lotor.1"
"20","Hexaprotodon_garyam","Hexaprotodon_garyam.1"
"21","Noemys_fodies","Noemys_fodies.1"
"22","Protochampsidae","Protochampsidae.1"
"23","Palaeospheniscus","Palaeospheniscus.1"
"24","Palaeospheniscus","Palaeospheniscus.2"
"25","Spheniscus","Spheniscus.1"
"26","Noemys_fodies","Noemys_fodies.2"
"27","Chironectes_minimus","Chironectes_minimus.1"
"28","Desmostylus_hesperus","Desmostylus_hesperus.1"
"29","large_eocene_stem_penguin","large_eocene_stem_penguin.1"
"30","Spheniscus","Spheniscus.2"
"31","Plesiosaurus","Plesiosaurus.1"
"32","Aptenodytes______","Aptenodytes______.1"
"33","Anarosaurus","Anarosaurus.1"
"34","Dyrosaurid","Dyrosaurid.1"
"35","Desmana_moschata","Desmana_moschata.1"
"36","Small_Eocene_penguin","Small_Eocene_penguin.1"
"37","Placondontia_indet","Placondontia_indet.1"
"38","Small_Eocene_penguin","Small_Eocene_penguin.2"
"39","Chapsosaurus_","Chapsosaurus_.1"
"40","Simosaurus","Simosaurus.1"
"41","Spinosaurus_","Spinosaurus_.1"
"42","Spinosaurus_","Spinosaurus_.2"
"43","Spinosaurus_","Spinosaurus_.3"
"44","Spinosaurus_","Spinosaurus_.4"
"45","Spinosaurus_","Spinosaurus_.5"
"46","Spinosaurus_","Spinosaurus_.6"
"47","Spinosaurus_","Spinosaurus_.7"
"48","Spinosaurus_","Spinosaurus_.8"
"49","Spinosaurus_","Spinosaurus_.9"
"50","Spinosaurus_","Spinosaurus_.10"
"51","Spinosaurus_","Spinosaurus_.11"
"52","Suchomimus","Suchomimus.1"
"53","Suchomimus","Suchomimus.2"
"54","Suchomimus","Suchomimus.3"
"55","Baryonyx","Baryonyx.1"
"56","Baryonyx","Baryonyx.2"
"57","Baryonyx","Baryonyx.3"
 
* Phylo tree and the main data and strata files have been modified to include duplicated taxa before the scaled random trees are generated.
* Selected categorical labels column: diving.or.not
* diving.or.equal column is identical to Diving column.
* Regression excludes flying taxa.
* Diving labels that are present in regression: 0,2
* lambda (calculated from a random tree) = : 0.06
* index-name alignment check: OK
