Logfile for a session of program: bootstrap_binary.r
-----------------------------------------------------
INPUT:
workDir: C:/dino_nature/output/2023-11-07-D1\bs/set_871
Nbootstrapsets: 2000
phyloFDAfile: c:/dino_nature/code/phylo.fda.R
auxFile: c:/dino_nature/code/auxiliary.r
boneType: femur
regressionData.file: C:/dino_nature/output/2023-11-07-D1\bs/set_871/femur_set_871.csv
applyDataFilter: FALSE
addTreeTips: TRUE
Ntrees: 100
calculateTrees: TRUE
saveTrees: FALSE


OPERATIONAL CHECKS:
* Regression data contains multiple copies of some taxa (user added variants of existing test taxa 
   or replacements due to bootstrap are present) which are not in the phylo tree:
     original taxon,   duplicate   
"1","Procavia_capensis","Procavia_capensis.1"
"2","Procyon_lotor","Procyon_lotor.1"
"3","Felis_felis","Felis_felis.1"
"4","Rupicapra_rupicapra","Rupicapra_rupicapra.1"
"5","Mus_musculus","Mus_musculus.1"
"6","Monodelphis_domestica","Monodelphis_domestica.1"
"7","Apteryx_owenii_","Apteryx_owenii_.1"
"8","Alces_americanus","Alces_americanus.1"
"9","Strigiops_habroptilus","Strigiops_habroptilus.1"
"10","Lacerta_viridis","Lacerta_viridis.1"
"11","Lama_guanicoe","Lama_guanicoe.1"
"12","Dromaius_","Dromaius_.1"
"13","Porphyrio_hochstetteri","Porphyrio_hochstetteri.1"
"14","Procyon_lotor","Procyon_lotor.2"
"15","Megaloceros_sp","Megaloceros_sp.1"
"16","Bos_taurus","Bos_taurus.1"
"17","Monodelphis_domestica","Monodelphis_domestica.2"
"18","Elomeryx_borbonicus_","Elomeryx_borbonicus_.1"
"19","Meles_meles","Meles_meles.1"
"20","Choeropsis_liberiensis","Choeropsis_liberiensis.1"
"21","Placodontia_indet_1","Placodontia_indet_1.1"
"22","Spheniscus","Spheniscus.1"
"23","Serpianosaurus","Serpianosaurus.1"
"24","Callophoca_obscura","Callophoca_obscura.1"
"25","Lutra_vulgaris","Lutra_vulgaris.1"
"26","Otaria_byronia","Otaria_byronia.1"
"27","Neusticosaurus","Neusticosaurus.1"
"28","Nothosaurus_568","Nothosaurus_568.1"
"29","Serpianosaurus","Serpianosaurus.2"
"30","Serpianosaurus","Serpianosaurus.3"
"31","Nothosaurus_giganteus","Nothosaurus_giganteus.1"
"32","Phocanella_pumila","Phocanella_pumila.1"
"33","Paraplacodus","Paraplacodus.1"
"34","Neusticosaurus","Neusticosaurus.2"
"35","Paraplacodus","Paraplacodus.2"
"36","Spheniscus","Spheniscus.2"
"37","Nothosaurus_150","Nothosaurus_150.1"
"38","Simosaurus","Simosaurus.1"
"39","Metryorhynchus","Metryorhynchus.1"
"40","Desmana_moschata","Desmana_moschata.1"
"41","Spinosaurus_","Spinosaurus_.1"
"42","Spinosaurus_","Spinosaurus_.2"
"43","Spinosaurus_","Spinosaurus_.3"
"44","Spinosaurus_","Spinosaurus_.4"
"45","Spinosaurus_","Spinosaurus_.5"
"46","Spinosaurus_","Spinosaurus_.6"
"47","Spinosaurus_","Spinosaurus_.7"
"48","Spinosaurus_","Spinosaurus_.8"
"49","Spinosaurus_","Spinosaurus_.9"
"50","Spinosaurus_","Spinosaurus_.10"
"51","Spinosaurus_","Spinosaurus_.11"
"52","Suchomimus","Suchomimus.1"
"53","Suchomimus","Suchomimus.2"
"54","Suchomimus","Suchomimus.3"
"55","Baryonyx","Baryonyx.1"
"56","Baryonyx","Baryonyx.2"
"57","Baryonyx","Baryonyx.3"
 
* Phylo tree and the main data and strata files have been modified to include duplicated taxa before the scaled random trees are generated.
* Selected categorical labels column: diving.or.not
* diving.or.equal column is identical to Diving column.
* Regression excludes flying taxa.
* Diving labels that are present in regression: 0,2
* lambda (calculated from a random tree) = : 0.09
* index-name alignment check: OK
