Logfile for a session of program: bootstrap_binary.r
-----------------------------------------------------
INPUT:
workDir: C:/dino_nature/output/2023-11-07-D1\bs/set_1532
Nbootstrapsets: 2000
phyloFDAfile: c:/dino_nature/code/phylo.fda.R
auxFile: c:/dino_nature/code/auxiliary.r
boneType: femur
regressionData.file: C:/dino_nature/output/2023-11-07-D1\bs/set_1532/femur_set_1532.csv
applyDataFilter: FALSE
addTreeTips: TRUE
Ntrees: 100
calculateTrees: TRUE
saveTrees: FALSE


OPERATIONAL CHECKS:
* Regression data contains multiple copies of some taxa (user added variants of existing test taxa 
   or replacements due to bootstrap are present) which are not in the phylo tree:
     original taxon,   duplicate   
"1","Syncerus_caffer","Syncerus_caffer.1"
"2","Tamandua_tetradactyla","Tamandua_tetradactyla.1"
"3","Syncerus_caffer","Syncerus_caffer.2"
"4","Dasyurus_maculatus","Dasyurus_maculatus.1"
"5","Paguma_larvata","Paguma_larvata.1"
"6","Apteryx_australis","Apteryx_australis.1"
"7","Vulpes_vulpes","Vulpes_vulpes.1"
"8","Porphyrio_hochstetteri","Porphyrio_hochstetteri.1"
"9","Apteryx_owenii_","Apteryx_owenii_.1"
"10","Euroscaptor_micrura","Euroscaptor_micrura.1"
"11","Nyctereutes_procyonoides","Nyctereutes_procyonoides.1"
"12","Hemiechinus_azurites","Hemiechinus_azurites.1"
"13","Megaloceros_sp","Megaloceros_sp.1"
"14","Procavia_capensis","Procavia_capensis.1"
"15","Pogona_viceps","Pogona_viceps.1"
"16","Caloenas_nicobarica","Caloenas_nicobarica.1"
"17","Caloenas_nicobarica","Caloenas_nicobarica.2"
"18","Porphyrio_hochstetteri","Porphyrio_hochstetteri.2"
"19","Vulpes_vulpes","Vulpes_vulpes.2"
"20","Hemiechinus_azurites","Hemiechinus_azurites.2"
"21","Euroscaptor_micrura","Euroscaptor_micrura.2"
"22","Diplomesodon_pulchellum","Diplomesodon_pulchellum.1"
"23","Nothosaurus_giganteus","Nothosaurus_giganteus.1"
"24","Psephoderma","Psephoderma.1"
"25","Psephoderma","Psephoderma.2"
"26","Nothosaurus_mirabilis","Nothosaurus_mirabilis.1"
"27","Desmana_moschata","Desmana_moschata.1"
"28","Alligator","Alligator.1"
"29","Maiacetus","Maiacetus.1"
"30","Paraplacodus","Paraplacodus.1"
"31","Nothosaurus_mirabilis","Nothosaurus_mirabilis.2"
"32","Nothosaurus_150","Nothosaurus_150.1"
"33","Dyrosaurid","Dyrosaurid.1"
"34","Placodontia_indet_1","Placodontia_indet_1.1"
"35","Castor_fiber","Castor_fiber.1"
"36","Nothosaurus_giganteus","Nothosaurus_giganteus.2"
"37","Remingtonocetus","Remingtonocetus.1"
"38","Maiacetus","Maiacetus.2"
"39","Placodontia_indet_1","Placodontia_indet_1.2"
"40","Paraplacodus","Paraplacodus.2"
"41","Palaeospheniscus","Palaeospheniscus.1"
"42","Alligator","Alligator.2"
"43","Chironectes_minimus","Chironectes_minimus.1"
"44","Cricosaurus","Cricosaurus.1"
"45","Callophoca_obscura","Callophoca_obscura.1"
"46","Spinosaurus_","Spinosaurus_.1"
"47","Spinosaurus_","Spinosaurus_.2"
"48","Spinosaurus_","Spinosaurus_.3"
"49","Spinosaurus_","Spinosaurus_.4"
"50","Spinosaurus_","Spinosaurus_.5"
"51","Spinosaurus_","Spinosaurus_.6"
"52","Spinosaurus_","Spinosaurus_.7"
"53","Spinosaurus_","Spinosaurus_.8"
"54","Spinosaurus_","Spinosaurus_.9"
"55","Spinosaurus_","Spinosaurus_.10"
"56","Spinosaurus_","Spinosaurus_.11"
"57","Suchomimus","Suchomimus.1"
"58","Suchomimus","Suchomimus.2"
"59","Suchomimus","Suchomimus.3"
"60","Baryonyx","Baryonyx.1"
"61","Baryonyx","Baryonyx.2"
"62","Baryonyx","Baryonyx.3"
 
* Phylo tree and the main data and strata files have been modified to include duplicated taxa before the scaled random trees are generated.
* Selected categorical labels column: diving.or.not
* diving.or.equal column is identical to Diving column.
* Regression excludes flying taxa.
* Diving labels that are present in regression: 0,2
* lambda (calculated from a random tree) = : 0.11
* index-name alignment check: OK
