Logfile for a session of program: bootstrap_binary.r
-----------------------------------------------------
INPUT:
workDir: C:/dino_nature/output/2023-11-07-D1\bs/set_1908
Nbootstrapsets: 2000
phyloFDAfile: c:/dino_nature/code/phylo.fda.R
auxFile: c:/dino_nature/code/auxiliary.r
boneType: femur
regressionData.file: C:/dino_nature/output/2023-11-07-D1\bs/set_1908/femur_set_1908.csv
applyDataFilter: FALSE
addTreeTips: TRUE
Ntrees: 100
calculateTrees: TRUE
saveTrees: FALSE


OPERATIONAL CHECKS:
* Regression data contains multiple copies of some taxa (user added variants of existing test taxa 
   or replacements due to bootstrap are present) which are not in the phylo tree:
     original taxon,   duplicate   
"1","Syncerus_caffer","Syncerus_caffer.1"
"2","Capreolus_capreolus","Capreolus_capreolus.1"
"3","Rupicapra_rupicapra","Rupicapra_rupicapra.1"
"4","Elomeryx_borbonicus_","Elomeryx_borbonicus_.1"
"5","Rattus_rattus","Rattus_rattus.1"
"6","Capreolus_capreolus","Capreolus_capreolus.2"
"7","Procyon_lotor","Procyon_lotor.1"
"8","Rhinoceros_sondaicus","Rhinoceros_sondaicus.1"
"9","Raphus","Raphus.1"
"10","Okapia_johnstoni","Okapia_johnstoni.1"
"11","Capreolus_capreolus","Capreolus_capreolus.3"
"12","Capreolus_capreolus","Capreolus_capreolus.4"
"13","Procavia_capensis","Procavia_capensis.1"
"14","Bos_taurus","Bos_taurus.1"
"15","Alces_americanus","Alces_americanus.1"
"16","Euroscaptor_micrura","Euroscaptor_micrura.1"
"17","Mus_musculus","Mus_musculus.1"
"18","Rhinoceros_sondaicus","Rhinoceros_sondaicus.2"
"19","Rattus_rattus","Rattus_rattus.2"
"20","Alces_americanus","Alces_americanus.2"
"21","Lama_guanicoe","Lama_guanicoe.1"
"22","Rupicapra_rupicapra","Rupicapra_rupicapra.2"
"23","Pistosaurus","Pistosaurus.1"
"24","Pistosaurus","Pistosaurus.2"
"25","Callophoca_obscura","Callophoca_obscura.1"
"26","Ichtyosaur_sp","Ichtyosaur_sp.1"
"27","Aptenodytes______","Aptenodytes______.1"
"28","Alligator","Alligator.1"
"29","Nothosaurus_giganteus","Nothosaurus_giganteus.1"
"30","Psephoderma","Psephoderma.1"
"31","Paraplacodus","Paraplacodus.1"
"32","Hexaprotodon_garyam","Hexaprotodon_garyam.1"
"33","Placodontia_indet_1","Placodontia_indet_1.1"
"34","Nothosaurus_150","Nothosaurus_150.1"
"35","Cricosaurus","Cricosaurus.1"
"36","Nothosaurus_giganteus","Nothosaurus_giganteus.2"
"37","Desmostylus_hesperus","Desmostylus_hesperus.1"
"38","Otaria_byronia","Otaria_byronia.1"
"39","Rodhocetus","Rodhocetus.1"
"40","Ichtyosaur_sp","Ichtyosaur_sp.2"
"41","Nothosaurus_giganteus","Nothosaurus_giganteus.3"
"42","Nothosaurus_150","Nothosaurus_150.2"
"43","Spinosaurus_","Spinosaurus_.1"
"44","Spinosaurus_","Spinosaurus_.2"
"45","Spinosaurus_","Spinosaurus_.3"
"46","Spinosaurus_","Spinosaurus_.4"
"47","Spinosaurus_","Spinosaurus_.5"
"48","Spinosaurus_","Spinosaurus_.6"
"49","Spinosaurus_","Spinosaurus_.7"
"50","Spinosaurus_","Spinosaurus_.8"
"51","Spinosaurus_","Spinosaurus_.9"
"52","Spinosaurus_","Spinosaurus_.10"
"53","Spinosaurus_","Spinosaurus_.11"
"54","Suchomimus","Suchomimus.1"
"55","Suchomimus","Suchomimus.2"
"56","Suchomimus","Suchomimus.3"
"57","Baryonyx","Baryonyx.1"
"58","Baryonyx","Baryonyx.2"
"59","Baryonyx","Baryonyx.3"
 
* Phylo tree and the main data and strata files have been modified to include duplicated taxa before the scaled random trees are generated.
* Selected categorical labels column: diving.or.not
* diving.or.equal column is identical to Diving column.
* Regression excludes flying taxa.
* Diving labels that are present in regression: 0,2
* lambda (calculated from a random tree) = : 0.09
* index-name alignment check: OK
