Logfile for a session of program: bootstrap_binary.r
-----------------------------------------------------
INPUT:
workDir: C:/dino_nature/output/2023-11-07-D1\bs/set_118
Nbootstrapsets: 2000
phyloFDAfile: c:/dino_nature/code/phylo.fda.R
auxFile: c:/dino_nature/code/auxiliary.r
boneType: femur
regressionData.file: C:/dino_nature/output/2023-11-07-D1\bs/set_118/femur_set_118.csv
applyDataFilter: FALSE
addTreeTips: TRUE
Ntrees: 100
calculateTrees: TRUE
saveTrees: FALSE


OPERATIONAL CHECKS:
* Regression data contains multiple copies of some taxa (user added variants of existing test taxa 
   or replacements due to bootstrap are present) which are not in the phylo tree:
     original taxon,   duplicate   
"1","Porphyrio_hochstetteri","Porphyrio_hochstetteri.1"
"2","Brachyodus_onoideum","Brachyodus_onoideum.1"
"3","Porphyrio_hochstetteri","Porphyrio_hochstetteri.2"
"4","Megaloceros_sp","Megaloceros_sp.1"
"5","Brachyodus_onoideum","Brachyodus_onoideum.2"
"6","Brachyodus_onoideum","Brachyodus_onoideum.3"
"7","Rangifer_tarandus","Rangifer_tarandus.1"
"8","Dicerorhinus_sumatrensis","Dicerorhinus_sumatrensis.1"
"9","Caloenas_nicobarica","Caloenas_nicobarica.1"
"10","Dama_dama","Dama_dama.1"
"11","Xenicus_giliventris","Xenicus_giliventris.1"
"12","Dama_dama","Dama_dama.2"
"13","Caloenas_nicobarica","Caloenas_nicobarica.2"
"14","Xenicus_giliventris","Xenicus_giliventris.2"
"15","Nyctereutes_procyonoides","Nyctereutes_procyonoides.1"
"16","Rhynchocyon_petersi","Rhynchocyon_petersi.1"
"17","Uncia_uncia","Uncia_uncia.1"
"18","Caloenas_nicobarica","Caloenas_nicobarica.3"
"19","Tenrec_ecaudatus","Tenrec_ecaudatus.1"
"20","Rattus_rattus","Rattus_rattus.1"
"21","Strigiops_habroptilus","Strigiops_habroptilus.1"
"22","Desmostylus_hesperus","Desmostylus_hesperus.1"
"23","Spheniscus","Spheniscus.1"
"24","Nothosaurus_giganteus","Nothosaurus_giganteus.1"
"25","Nanophoca_vitulinoides","Nanophoca_vitulinoides.1"
"26","Placodontia_indet_1","Placodontia_indet_1.1"
"27","Caiman_yacare","Caiman_yacare.1"
"28","Hexaprotodon_garyam","Hexaprotodon_garyam.1"
"29","Pistosaurus","Pistosaurus.1"
"30","Castor_fiber","Castor_fiber.1"
"31","Lutra_vulgaris","Lutra_vulgaris.1"
"32","Nothosaurus_mirabilis","Nothosaurus_mirabilis.1"
"33","Psephoderma","Psephoderma.1"
"34","Pistosaurus","Pistosaurus.2"
"35","Plesiosaurus","Plesiosaurus.1"
"36","Hexaprotodon_garyam","Hexaprotodon_garyam.2"
"37","Castor_fiber","Castor_fiber.2"
"38","Basilosaurus","Basilosaurus.1"
"39","Caiman_yacare","Caiman_yacare.2"
"40","Nothosaurus_giganteus","Nothosaurus_giganteus.2"
"41","Rhaeticosaurus","Rhaeticosaurus.1"
"42","Nothosaurus_150","Nothosaurus_150.1"
"43","Pistosaurus","Pistosaurus.3"
"44","Anarosaurus","Anarosaurus.1"
"45","Nothosaurus_mirabilis","Nothosaurus_mirabilis.2"
"46","Dyrosaurid","Dyrosaurid.1"
"47","Nothosaurus_mirabilis_1","Nothosaurus_mirabilis_1.1"
"48","Spinosaurus_","Spinosaurus_.1"
"49","Spinosaurus_","Spinosaurus_.2"
"50","Spinosaurus_","Spinosaurus_.3"
"51","Spinosaurus_","Spinosaurus_.4"
"52","Spinosaurus_","Spinosaurus_.5"
"53","Spinosaurus_","Spinosaurus_.6"
"54","Spinosaurus_","Spinosaurus_.7"
"55","Spinosaurus_","Spinosaurus_.8"
"56","Spinosaurus_","Spinosaurus_.9"
"57","Spinosaurus_","Spinosaurus_.10"
"58","Spinosaurus_","Spinosaurus_.11"
"59","Suchomimus","Suchomimus.1"
"60","Suchomimus","Suchomimus.2"
"61","Suchomimus","Suchomimus.3"
"62","Baryonyx","Baryonyx.1"
"63","Baryonyx","Baryonyx.2"
"64","Baryonyx","Baryonyx.3"
 
* Phylo tree and the main data and strata files have been modified to include duplicated taxa before the scaled random trees are generated.
* Selected categorical labels column: diving.or.not
* diving.or.equal column is identical to Diving column.
* Regression excludes flying taxa.
* Diving labels that are present in regression: 0,2
* lambda (calculated from a random tree) = : 0.1
* index-name alignment check: OK
