Logfile for a session of program: bootstrap_binary.r
-----------------------------------------------------
INPUT:
workDir: C:/dino_nature/output/2023-11-07-D1\bs/set_1138
Nbootstrapsets: 2000
phyloFDAfile: c:/dino_nature/code/phylo.fda.R
auxFile: c:/dino_nature/code/auxiliary.r
boneType: femur
regressionData.file: C:/dino_nature/output/2023-11-07-D1\bs/set_1138/femur_set_1138.csv
applyDataFilter: FALSE
addTreeTips: TRUE
Ntrees: 100
calculateTrees: TRUE
saveTrees: FALSE


OPERATIONAL CHECKS:
* Regression data contains multiple copies of some taxa (user added variants of existing test taxa 
   or replacements due to bootstrap are present) which are not in the phylo tree:
     original taxon,   duplicate   
"1","Pogona_viceps","Pogona_viceps.1"
"2","Capreolus_capreolus","Capreolus_capreolus.1"
"3","Okapia_johnstoni","Okapia_johnstoni.1"
"4","Sphenodon_punctatus","Sphenodon_punctatus.1"
"5","Euroscaptor_micrura","Euroscaptor_micrura.1"
"6","Sphenodon_punctatus","Sphenodon_punctatus.2"
"7","Monodelphis_domestica","Monodelphis_domestica.1"
"8","Porphyrio_hochstetteri","Porphyrio_hochstetteri.1"
"9","Cephalophus_silvicultor","Cephalophus_silvicultor.1"
"10","Okapia_johnstoni","Okapia_johnstoni.2"
"11","Meles_meles","Meles_meles.1"
"12","Syncerus_caffer","Syncerus_caffer.1"
"13","Lacerta_viridis","Lacerta_viridis.1"
"14","Cephalophus_silvicultor","Cephalophus_silvicultor.2"
"15","Raphus","Raphus.1"
"16","Pogona_viceps","Pogona_viceps.2"
"17","Rhinoceros_sondaicus","Rhinoceros_sondaicus.1"
"18","Rynochetus_jubatus","Rynochetus_jubatus.1"
"19","Lacerta_viridis","Lacerta_viridis.2"
"20","Uncia_uncia","Uncia_uncia.1"
"21","Felis_felis","Felis_felis.1"
"22","Anarosaurus","Anarosaurus.1"
"23","Aptenodytes______","Aptenodytes______.1"
"24","Nothosaurus_150","Nothosaurus_150.1"
"25","Nothosaurus_102","Nothosaurus_102.1"
"26","Basilosaurus","Basilosaurus.1"
"27","Serpianosaurus","Serpianosaurus.1"
"28","Ornithorhynchus_anatinus","Ornithorhynchus_anatinus.1"
"29","Leptophoca_proxima","Leptophoca_proxima.1"
"30","Protochampsidae","Protochampsidae.1"
"31","Nothosaurus_giganteus","Nothosaurus_giganteus.1"
"32","Small_Eocene_penguin","Small_Eocene_penguin.1"
"33","Callophoca_obscura","Callophoca_obscura.1"
"34","Phalacrocorax_harrisi","Phalacrocorax_harrisi.1"
"35","Tapirus_terrestris","Tapirus_terrestris.1"
"36","Rhaeticosaurus","Rhaeticosaurus.1"
"37","Aptenodytes______","Aptenodytes______.2"
"38","Nothosaurus_mirabilis_1","Nothosaurus_mirabilis_1.1"
"39","Nothosaurus_102","Nothosaurus_102.2"
"40","Spheniscus","Spheniscus.1"
"41","Remingtonocetus","Remingtonocetus.1"
"42","Metryorhynchus","Metryorhynchus.1"
"43","Spinosaurus_","Spinosaurus_.1"
"44","Spinosaurus_","Spinosaurus_.2"
"45","Spinosaurus_","Spinosaurus_.3"
"46","Spinosaurus_","Spinosaurus_.4"
"47","Spinosaurus_","Spinosaurus_.5"
"48","Spinosaurus_","Spinosaurus_.6"
"49","Spinosaurus_","Spinosaurus_.7"
"50","Spinosaurus_","Spinosaurus_.8"
"51","Spinosaurus_","Spinosaurus_.9"
"52","Spinosaurus_","Spinosaurus_.10"
"53","Spinosaurus_","Spinosaurus_.11"
"54","Suchomimus","Suchomimus.1"
"55","Suchomimus","Suchomimus.2"
"56","Suchomimus","Suchomimus.3"
"57","Baryonyx","Baryonyx.1"
"58","Baryonyx","Baryonyx.2"
"59","Baryonyx","Baryonyx.3"
 
* Phylo tree and the main data and strata files have been modified to include duplicated taxa before the scaled random trees are generated.
* Selected categorical labels column: diving.or.not
* diving.or.equal column is identical to Diving column.
* Regression excludes flying taxa.
* Diving labels that are present in regression: 0,2
* lambda (calculated from a random tree) = : 0.09
* index-name alignment check: OK
