Logfile for a session of program: bootstrap_binary.r
-----------------------------------------------------
INPUT:
workDir: C:/dino_nature/output/2023-11-07-D1\bs/set_1752
Nbootstrapsets: 2000
phyloFDAfile: c:/dino_nature/code/phylo.fda.R
auxFile: c:/dino_nature/code/auxiliary.r
boneType: femur
regressionData.file: C:/dino_nature/output/2023-11-07-D1\bs/set_1752/femur_set_1752.csv
applyDataFilter: FALSE
addTreeTips: TRUE
Ntrees: 100
calculateTrees: TRUE
saveTrees: FALSE


OPERATIONAL CHECKS:
* Regression data contains multiple copies of some taxa (user added variants of existing test taxa 
   or replacements due to bootstrap are present) which are not in the phylo tree:
     original taxon,   duplicate   
"1","Apteryx_owenii_","Apteryx_owenii_.1"
"2","Porphyrio_hochstetteri","Porphyrio_hochstetteri.1"
"3","Elomeryx_borbonicus_","Elomeryx_borbonicus_.1"
"4","Lacerta_viridis","Lacerta_viridis.1"
"5","Rhynchocyon_petersi","Rhynchocyon_petersi.1"
"6","Porphyrio_hochstetteri","Porphyrio_hochstetteri.2"
"7","Caloenas_nicobarica","Caloenas_nicobarica.1"
"8","Monodelphis_domestica","Monodelphis_domestica.1"
"9","Caloenas_nicobarica","Caloenas_nicobarica.2"
"10","Myrmecophaga_tridactyla","Myrmecophaga_tridactyla.1"
"11","Cephalophus_silvicultor","Cephalophus_silvicultor.1"
"12","Monodelphis_domestica","Monodelphis_domestica.2"
"13","Megaloceros_sp","Megaloceros_sp.1"
"14","Mustela_nivalis","Mustela_nivalis.1"
"15","Dama_dama","Dama_dama.1"
"16","Brachyodus_onoideum","Brachyodus_onoideum.1"
"17","Monodelphis_domestica","Monodelphis_domestica.3"
"18","Atlantisia_rogersi","Atlantisia_rogersi.1"
"19","Palaeospheniscus","Palaeospheniscus.1"
"20","Palaeospheniscus","Palaeospheniscus.2"
"21","Protochampsidae","Protochampsidae.1"
"22","Dyrosaurid","Dyrosaurid.1"
"23","Metryorhynchus","Metryorhynchus.1"
"24","Hesperornis","Hesperornis.1"
"25","Metryorhynchus","Metryorhynchus.2"
"26","Callophoca_obscura","Callophoca_obscura.1"
"27","Simosaurus_1","Simosaurus_1.1"
"28","Protochampsidae","Protochampsidae.2"
"29","Simosaurus","Simosaurus.1"
"30","Nothosaurus_102","Nothosaurus_102.1"
"31","Basilosaurus","Basilosaurus.1"
"32","Dyrosaurid","Dyrosaurid.2"
"33","Neusticosaurus","Neusticosaurus.1"
"34","Metryorhynchus","Metryorhynchus.3"
"35","Callophoca_obscura","Callophoca_obscura.2"
"36","Rodhocetus","Rodhocetus.1"
"37","Serpianosaurus","Serpianosaurus.1"
"38","Spinosaurus_","Spinosaurus_.1"
"39","Spinosaurus_","Spinosaurus_.2"
"40","Spinosaurus_","Spinosaurus_.3"
"41","Spinosaurus_","Spinosaurus_.4"
"42","Spinosaurus_","Spinosaurus_.5"
"43","Spinosaurus_","Spinosaurus_.6"
"44","Spinosaurus_","Spinosaurus_.7"
"45","Spinosaurus_","Spinosaurus_.8"
"46","Spinosaurus_","Spinosaurus_.9"
"47","Spinosaurus_","Spinosaurus_.10"
"48","Spinosaurus_","Spinosaurus_.11"
"49","Suchomimus","Suchomimus.1"
"50","Suchomimus","Suchomimus.2"
"51","Suchomimus","Suchomimus.3"
"52","Baryonyx","Baryonyx.1"
"53","Baryonyx","Baryonyx.2"
"54","Baryonyx","Baryonyx.3"
 
* Phylo tree and the main data and strata files have been modified to include duplicated taxa before the scaled random trees are generated.
* Selected categorical labels column: diving.or.not
* diving.or.equal column is identical to Diving column.
* Regression excludes flying taxa.
* Diving labels that are present in regression: 0,2
* lambda (calculated from a random tree) = : 0.11
* index-name alignment check: OK
