Logfile for a session of program: bootstrap_binary.r
-----------------------------------------------------
INPUT:
workDir: C:/dino_nature/output/2023-11-07-D1\bs/set_950
Nbootstrapsets: 2000
phyloFDAfile: c:/dino_nature/code/phylo.fda.R
auxFile: c:/dino_nature/code/auxiliary.r
boneType: femur
regressionData.file: C:/dino_nature/output/2023-11-07-D1\bs/set_950/femur_set_950.csv
applyDataFilter: FALSE
addTreeTips: TRUE
Ntrees: 100
calculateTrees: TRUE
saveTrees: FALSE


OPERATIONAL CHECKS:
* Regression data contains multiple copies of some taxa (user added variants of existing test taxa 
   or replacements due to bootstrap are present) which are not in the phylo tree:
     original taxon,   duplicate   
"1","Tenrec_ecaudatus","Tenrec_ecaudatus.1"
"2","Microgale_thomasi","Microgale_thomasi.1"
"3","Megaloceros_sp","Megaloceros_sp.1"
"4","Bison_bonasus","Bison_bonasus.1"
"5","Dicerorhinus_sumatrensis","Dicerorhinus_sumatrensis.1"
"6","Megaloceros_sp","Megaloceros_sp.2"
"7","Monodelphis_domestica","Monodelphis_domestica.1"
"8","Cephalophus_silvicultor","Cephalophus_silvicultor.1"
"9","Diplomesodon_pulchellum","Diplomesodon_pulchellum.1"
"10","Euroscaptor_micrura","Euroscaptor_micrura.1"
"11","Dicerorhinus_sumatrensis","Dicerorhinus_sumatrensis.2"
"12","Taxidea_taxus","Taxidea_taxus.1"
"13","Mammuthus_sp","Mammuthus_sp.1"
"14","Bos_taurus","Bos_taurus.1"
"15","Bos_taurus","Bos_taurus.2"
"16","Meles_meles","Meles_meles.1"
"17","Elephas_maximus","Elephas_maximus.1"
"18","Sphenodon_punctatus","Sphenodon_punctatus.1"
"19","Rhynchocyon_petersi","Rhynchocyon_petersi.1"
"20","Tamandua_tetradactyla","Tamandua_tetradactyla.1"
"21","Diplomesodon_pulchellum","Diplomesodon_pulchellum.2"
"22","Phalacrocorax_harrisi","Phalacrocorax_harrisi.1"
"23","Pistosaurus","Pistosaurus.1"
"24","Placondontia_indet","Placondontia_indet.1"
"25","Cricosaurus","Cricosaurus.1"
"26","Ornithorhynchus_anatinus","Ornithorhynchus_anatinus.1"
"27","Metryorhynchus","Metryorhynchus.1"
"28","Chironectes_minimus","Chironectes_minimus.1"
"29","Simosaurus","Simosaurus.1"
"30","Chironectes_minimus","Chironectes_minimus.2"
"31","Pistosaurus","Pistosaurus.2"
"32","Nothosaurus_150","Nothosaurus_150.1"
"33","Hesperornis","Hesperornis.1"
"34","Chapsosaurus_","Chapsosaurus_.1"
"35","Small_Eocene_penguin","Small_Eocene_penguin.1"
"36","Cricosaurus","Cricosaurus.2"
"37","Cricosaurus","Cricosaurus.3"
"38","Ichtyosaur_sp","Ichtyosaur_sp.1"
"39","Small_Eocene_penguin","Small_Eocene_penguin.2"
"40","Ornithorhynchus_anatinus","Ornithorhynchus_anatinus.2"
"41","Cricosaurus","Cricosaurus.4"
"42","Placondontia_indet","Placondontia_indet.2"
"43","Neusticosaurus","Neusticosaurus.1"
"44","Hippopotamus_amphibius","Hippopotamus_amphibius.1"
"45","Protochampsidae","Protochampsidae.1"
"46","Chironectes_minimus","Chironectes_minimus.3"
"47","Castor_fiber","Castor_fiber.1"
"48","Spinosaurus_","Spinosaurus_.1"
"49","Spinosaurus_","Spinosaurus_.2"
"50","Spinosaurus_","Spinosaurus_.3"
"51","Spinosaurus_","Spinosaurus_.4"
"52","Spinosaurus_","Spinosaurus_.5"
"53","Spinosaurus_","Spinosaurus_.6"
"54","Spinosaurus_","Spinosaurus_.7"
"55","Spinosaurus_","Spinosaurus_.8"
"56","Spinosaurus_","Spinosaurus_.9"
"57","Spinosaurus_","Spinosaurus_.10"
"58","Spinosaurus_","Spinosaurus_.11"
"59","Suchomimus","Suchomimus.1"
"60","Suchomimus","Suchomimus.2"
"61","Suchomimus","Suchomimus.3"
"62","Baryonyx","Baryonyx.1"
"63","Baryonyx","Baryonyx.2"
"64","Baryonyx","Baryonyx.3"
 
* Phylo tree and the main data and strata files have been modified to include duplicated taxa before the scaled random trees are generated.
* Selected categorical labels column: diving.or.not
* diving.or.equal column is identical to Diving column.
* Regression excludes flying taxa.
* Diving labels that are present in regression: 0,2
* lambda (calculated from a random tree) = : 0.16
* index-name alignment check: OK
