Logfile for a session of program: bootstrap_binary.r
-----------------------------------------------------
INPUT:
workDir: C:/dino_nature/output/2023-11-07-D1\bs/set_1106
Nbootstrapsets: 2000
phyloFDAfile: c:/dino_nature/code/phylo.fda.R
auxFile: c:/dino_nature/code/auxiliary.r
boneType: femur
regressionData.file: C:/dino_nature/output/2023-11-07-D1\bs/set_1106/femur_set_1106.csv
applyDataFilter: FALSE
addTreeTips: TRUE
Ntrees: 100
calculateTrees: TRUE
saveTrees: FALSE


OPERATIONAL CHECKS:
* Regression data contains multiple copies of some taxa (user added variants of existing test taxa 
   or replacements due to bootstrap are present) which are not in the phylo tree:
     original taxon,   duplicate   
"1","Tribonyx_mortieri","Tribonyx_mortieri.1"
"2","Megaloceros_sp","Megaloceros_sp.1"
"3","Megaloceros_sp","Megaloceros_sp.2"
"4","Procyon_lotor","Procyon_lotor.1"
"5","Elephas_maximus","Elephas_maximus.1"
"6","Raphus","Raphus.1"
"7","Bison_bonasus","Bison_bonasus.1"
"8","Megaloceros_sp","Megaloceros_sp.3"
"9","Lacerta_viridis","Lacerta_viridis.1"
"10","Rupicapra_rupicapra","Rupicapra_rupicapra.1"
"11","Rhynchocyon_petersi","Rhynchocyon_petersi.1"
"12","Rupicapra_rupicapra","Rupicapra_rupicapra.2"
"13","Bison_bonasus","Bison_bonasus.2"
"14","Mus_musculus","Mus_musculus.1"
"15","Raphus","Raphus.2"
"16","Elephas_maximus","Elephas_maximus.2"
"17","Alces_americanus","Alces_americanus.1"
"18","Cephalophus_silvicultor","Cephalophus_silvicultor.1"
"19","Dama_dama","Dama_dama.1"
"20","Raphus","Raphus.3"
"21","Apteryx_australis","Apteryx_australis.1"
"22","Rattus_rattus","Rattus_rattus.1"
"23","Rupicapra_rupicapra","Rupicapra_rupicapra.3"
"24","Noemys_fodies","Noemys_fodies.1"
"25","Phocanella_pumila","Phocanella_pumila.1"
"26","Micropotamogale_euwenzorii","Micropotamogale_euwenzorii.1"
"27","Lutra_vulgaris","Lutra_vulgaris.1"
"28","Remingtonocetus","Remingtonocetus.1"
"29","Aptenodytes______","Aptenodytes______.1"
"30","Aptenodytes______","Aptenodytes______.2"
"31","Indohyus","Indohyus.1"
"32","Small_Eocene_penguin","Small_Eocene_penguin.1"
"33","Aptenodytes______","Aptenodytes______.3"
"34","Paraplacodus","Paraplacodus.1"
"35","Hydromys_chrysogaster","Hydromys_chrysogaster.1"
"36","Hexaprotodon_garyam","Hexaprotodon_garyam.1"
"37","Aptenodytes______","Aptenodytes______.4"
"38","Cricosaurus","Cricosaurus.1"
"39","Hippopotamus_amphibius","Hippopotamus_amphibius.1"
"40","Simosaurus","Simosaurus.1"
"41","Indohyus","Indohyus.2"
"42","Simosaurus","Simosaurus.2"
"43","Nothosaurus_102","Nothosaurus_102.1"
"44","Indohyus","Indohyus.3"
"45","Spinosaurus_","Spinosaurus_.1"
"46","Spinosaurus_","Spinosaurus_.2"
"47","Spinosaurus_","Spinosaurus_.3"
"48","Spinosaurus_","Spinosaurus_.4"
"49","Spinosaurus_","Spinosaurus_.5"
"50","Spinosaurus_","Spinosaurus_.6"
"51","Spinosaurus_","Spinosaurus_.7"
"52","Spinosaurus_","Spinosaurus_.8"
"53","Spinosaurus_","Spinosaurus_.9"
"54","Spinosaurus_","Spinosaurus_.10"
"55","Spinosaurus_","Spinosaurus_.11"
"56","Suchomimus","Suchomimus.1"
"57","Suchomimus","Suchomimus.2"
"58","Suchomimus","Suchomimus.3"
"59","Baryonyx","Baryonyx.1"
"60","Baryonyx","Baryonyx.2"
"61","Baryonyx","Baryonyx.3"
 
* Phylo tree and the main data and strata files have been modified to include duplicated taxa before the scaled random trees are generated.
* Selected categorical labels column: diving.or.not
* diving.or.equal column is identical to Diving column.
* Regression excludes flying taxa.
* Diving labels that are present in regression: 0,2
* lambda (calculated from a random tree) = : 0.05
* index-name alignment check: OK
