Logfile for a session of program: bootstrap_binary.r
-----------------------------------------------------
INPUT:
workDir: C:/dino_nature/output/2023-11-07-D1\bs/set_1292
Nbootstrapsets: 2000
phyloFDAfile: c:/dino_nature/code/phylo.fda.R
auxFile: c:/dino_nature/code/auxiliary.r
boneType: femur
regressionData.file: C:/dino_nature/output/2023-11-07-D1\bs/set_1292/femur_set_1292.csv
applyDataFilter: FALSE
addTreeTips: TRUE
Ntrees: 100
calculateTrees: TRUE
saveTrees: FALSE


OPERATIONAL CHECKS:
* Regression data contains multiple copies of some taxa (user added variants of existing test taxa 
   or replacements due to bootstrap are present) which are not in the phylo tree:
     original taxon,   duplicate   
"1","Raphus","Raphus.1"
"2","Microgale_thomasi","Microgale_thomasi.1"
"3","Alces_americanus","Alces_americanus.1"
"4","Strigiops_habroptilus","Strigiops_habroptilus.1"
"5","Rhynchocyon_petersi","Rhynchocyon_petersi.1"
"6","Syncerus_caffer","Syncerus_caffer.1"
"7","Vulpes_vulpes","Vulpes_vulpes.1"
"8","Tribonyx_mortieri","Tribonyx_mortieri.1"
"9","Euroscaptor_micrura","Euroscaptor_micrura.1"
"10","Xenicus_giliventris","Xenicus_giliventris.1"
"11","Pogona_viceps","Pogona_viceps.1"
"12","Strigiops_habroptilus","Strigiops_habroptilus.2"
"13","Elomeryx_borbonicus_","Elomeryx_borbonicus_.1"
"14","Euroscaptor_micrura","Euroscaptor_micrura.2"
"15","Microgale_thomasi","Microgale_thomasi.2"
"16","Rynochetus_jubatus","Rynochetus_jubatus.1"
"17","Rynochetus_jubatus","Rynochetus_jubatus.2"
"18","Dasyurus_maculatus","Dasyurus_maculatus.1"
"19","Rhinoceros_sondaicus","Rhinoceros_sondaicus.1"
"20","Elomeryx_borbonicus_","Elomeryx_borbonicus_.2"
"21","Raphus","Raphus.2"
"22","Procyon_lotor","Procyon_lotor.1"
"23","Mammuthus_sp","Mammuthus_sp.1"
"24","Nanophoca_vitulinoides","Nanophoca_vitulinoides.1"
"25","Desmana_moschata","Desmana_moschata.1"
"26","Chapsosaurus_","Chapsosaurus_.1"
"27","Indohyus","Indohyus.1"
"28","Metryorhynchus","Metryorhynchus.1"
"29","Indohyus","Indohyus.2"
"30","Cryptoclidus","Cryptoclidus.1"
"31","Indohyus","Indohyus.3"
"32","Noemys_fodies","Noemys_fodies.1"
"33","Placodontia_indet_1","Placodontia_indet_1.1"
"34","Neusticosaurus","Neusticosaurus.1"
"35","Nanophoca_vitulinoides","Nanophoca_vitulinoides.2"
"36","Hippopotamus_amphibius","Hippopotamus_amphibius.1"
"37","Chironectes_minimus","Chironectes_minimus.1"
"38","Leptophoca_proxima","Leptophoca_proxima.1"
"39","Hippopotamus_amphibius","Hippopotamus_amphibius.2"
"40","Hippopotamus_amphibius","Hippopotamus_amphibius.3"
"41","Caiman_yacare","Caiman_yacare.1"
"42","Nothosaurus_102","Nothosaurus_102.1"
"43","Nanophoca_vitulinoides","Nanophoca_vitulinoides.3"
"44","Caiman_yacare","Caiman_yacare.2"
"45","Ornithorhynchus_anatinus","Ornithorhynchus_anatinus.1"
"46","Spinosaurus_","Spinosaurus_.1"
"47","Spinosaurus_","Spinosaurus_.2"
"48","Spinosaurus_","Spinosaurus_.3"
"49","Spinosaurus_","Spinosaurus_.4"
"50","Spinosaurus_","Spinosaurus_.5"
"51","Spinosaurus_","Spinosaurus_.6"
"52","Spinosaurus_","Spinosaurus_.7"
"53","Spinosaurus_","Spinosaurus_.8"
"54","Spinosaurus_","Spinosaurus_.9"
"55","Spinosaurus_","Spinosaurus_.10"
"56","Spinosaurus_","Spinosaurus_.11"
"57","Suchomimus","Suchomimus.1"
"58","Suchomimus","Suchomimus.2"
"59","Suchomimus","Suchomimus.3"
"60","Baryonyx","Baryonyx.1"
"61","Baryonyx","Baryonyx.2"
"62","Baryonyx","Baryonyx.3"
 
* Phylo tree and the main data and strata files have been modified to include duplicated taxa before the scaled random trees are generated.
* Selected categorical labels column: diving.or.not
* diving.or.equal column is identical to Diving column.
* Regression excludes flying taxa.
* Diving labels that are present in regression: 0,2
* lambda (calculated from a random tree) = : 0.05
* index-name alignment check: OK
