Logfile for a session of program: bootstrap_binary.r
-----------------------------------------------------
INPUT:
workDir: C:/dino_nature/output/2023-11-07-D1\bs/set_503
Nbootstrapsets: 2000
phyloFDAfile: c:/dino_nature/code/phylo.fda.R
auxFile: c:/dino_nature/code/auxiliary.r
boneType: femur
regressionData.file: C:/dino_nature/output/2023-11-07-D1\bs/set_503/femur_set_503.csv
applyDataFilter: FALSE
addTreeTips: TRUE
Ntrees: 100
calculateTrees: TRUE
saveTrees: FALSE


OPERATIONAL CHECKS:
* Regression data contains multiple copies of some taxa (user added variants of existing test taxa 
   or replacements due to bootstrap are present) which are not in the phylo tree:
     original taxon,   duplicate   
"1","Hemiechinus_azurites","Hemiechinus_azurites.1"
"2","Brachyodus_onoideum","Brachyodus_onoideum.1"
"3","Rhynchocyon_petersi","Rhynchocyon_petersi.1"
"4","Megaloceros_sp","Megaloceros_sp.1"
"5","Apteryx_australis","Apteryx_australis.1"
"6","Hemiechinus_azurites","Hemiechinus_azurites.2"
"7","Brachyodus_onoideum","Brachyodus_onoideum.2"
"8","Rhynchocyon_petersi","Rhynchocyon_petersi.2"
"9","Taxidea_taxus","Taxidea_taxus.1"
"10","Bos_taurus","Bos_taurus.1"
"11","Paguma_larvata","Paguma_larvata.1"
"12","Dromaius_","Dromaius_.1"
"13","Capreolus_capreolus","Capreolus_capreolus.1"
"14","Apteryx_australis","Apteryx_australis.2"
"15","Rhynchocyon_petersi","Rhynchocyon_petersi.3"
"16","Taxidea_taxus","Taxidea_taxus.2"
"17","Tribonyx_mortieri","Tribonyx_mortieri.1"
"18","Microgale_thomasi","Microgale_thomasi.1"
"19","Mustela_nivalis","Mustela_nivalis.1"
"20","Euroscaptor_micrura","Euroscaptor_micrura.1"
"21","Okapia_johnstoni","Okapia_johnstoni.1"
"22","Rhynchocyon_petersi","Rhynchocyon_petersi.4"
"23","Mammuthus_sp","Mammuthus_sp.1"
"24","Elephas_maximus","Elephas_maximus.1"
"25","Micropotamogale_euwenzorii","Micropotamogale_euwenzorii.1"
"26","Spheniscus","Spheniscus.1"
"27","Nothosaurus_150","Nothosaurus_150.1"
"28","Nothosaurus_102","Nothosaurus_102.1"
"29","Chapsosaurus_","Chapsosaurus_.1"
"30","Placodontia_indet_1","Placodontia_indet_1.1"
"31","Nothosaurus_150","Nothosaurus_150.2"
"32","Serpianosaurus","Serpianosaurus.1"
"33","Plesiosaurus","Plesiosaurus.1"
"34","large_eocene_stem_penguin","large_eocene_stem_penguin.1"
"35","large_eocene_stem_penguin","large_eocene_stem_penguin.2"
"36","Nothosaurus_mirabilis","Nothosaurus_mirabilis.1"
"37","Cryptoclidus","Cryptoclidus.1"
"38","Cryptoclidus","Cryptoclidus.2"
"39","Serpianosaurus","Serpianosaurus.2"
"40","Nothosaurus_102","Nothosaurus_102.2"
"41","Nothosaurus_giganteus","Nothosaurus_giganteus.1"
"42","Castor_fiber","Castor_fiber.1"
"43","Nothosaurus_102","Nothosaurus_102.3"
"44","Nanophoca_vitulinoides","Nanophoca_vitulinoides.1"
"45","Ichtyosaur_sp","Ichtyosaur_sp.1"
"46","Spinosaurus_","Spinosaurus_.1"
"47","Spinosaurus_","Spinosaurus_.2"
"48","Spinosaurus_","Spinosaurus_.3"
"49","Spinosaurus_","Spinosaurus_.4"
"50","Spinosaurus_","Spinosaurus_.5"
"51","Spinosaurus_","Spinosaurus_.6"
"52","Spinosaurus_","Spinosaurus_.7"
"53","Spinosaurus_","Spinosaurus_.8"
"54","Spinosaurus_","Spinosaurus_.9"
"55","Spinosaurus_","Spinosaurus_.10"
"56","Spinosaurus_","Spinosaurus_.11"
"57","Suchomimus","Suchomimus.1"
"58","Suchomimus","Suchomimus.2"
"59","Suchomimus","Suchomimus.3"
"60","Baryonyx","Baryonyx.1"
"61","Baryonyx","Baryonyx.2"
"62","Baryonyx","Baryonyx.3"
 
* Phylo tree and the main data and strata files have been modified to include duplicated taxa before the scaled random trees are generated.
* Selected categorical labels column: diving.or.not
* diving.or.equal column is identical to Diving column.
* Regression excludes flying taxa.
* Diving labels that are present in regression: 0,2
* lambda (calculated from a random tree) = : 0.1
* index-name alignment check: OK
