Logfile for a session of program: bootstrap_binary.r
-----------------------------------------------------
INPUT:
workDir: C:/dino_nature/output/2023-11-07-D1\bs/set_1725
Nbootstrapsets: 2000
phyloFDAfile: c:/dino_nature/code/phylo.fda.R
auxFile: c:/dino_nature/code/auxiliary.r
boneType: femur
regressionData.file: C:/dino_nature/output/2023-11-07-D1\bs/set_1725/femur_set_1725.csv
applyDataFilter: FALSE
addTreeTips: TRUE
Ntrees: 100
calculateTrees: TRUE
saveTrees: FALSE


OPERATIONAL CHECKS:
* Regression data contains multiple copies of some taxa (user added variants of existing test taxa 
   or replacements due to bootstrap are present) which are not in the phylo tree:
     original taxon,   duplicate   
"1","Rhynchocyon_petersi","Rhynchocyon_petersi.1"
"2","Bison_bonasus","Bison_bonasus.1"
"3","Dama_dama","Dama_dama.1"
"4","Euroscaptor_micrura","Euroscaptor_micrura.1"
"5","Meles_meles","Meles_meles.1"
"6","Okapia_johnstoni","Okapia_johnstoni.1"
"7","Lama_guanicoe","Lama_guanicoe.1"
"8","Vulpes_vulpes","Vulpes_vulpes.1"
"9","Bison_bonasus","Bison_bonasus.2"
"10","Rhynchocyon_petersi","Rhynchocyon_petersi.2"
"11","Tamandua_tetradactyla","Tamandua_tetradactyla.1"
"12","Lacerta_viridis","Lacerta_viridis.1"
"13","Vulpes_vulpes","Vulpes_vulpes.2"
"14","Raphus","Raphus.1"
"15","Capreolus_capreolus","Capreolus_capreolus.1"
"16","Sus_scrofa","Sus_scrofa.1"
"17","Meles_meles","Meles_meles.2"
"18","Apteryx_australis","Apteryx_australis.1"
"19","Elomeryx_borbonicus_","Elomeryx_borbonicus_.1"
"20","Capreolus_capreolus","Capreolus_capreolus.2"
"21","Caiman_yacare","Caiman_yacare.1"
"22","Hexaprotodon_garyam","Hexaprotodon_garyam.1"
"23","Hesperornis","Hesperornis.1"
"24","Ichtyosaurus_","Ichtyosaurus_.1"
"25","Hexaprotodon_garyam","Hexaprotodon_garyam.2"
"26","Caiman_yacare","Caiman_yacare.2"
"27","Placodontia_indet_1","Placodontia_indet_1.1"
"28","Phocanella_pumila","Phocanella_pumila.1"
"29","Hexaprotodon_garyam","Hexaprotodon_garyam.3"
"30","Hexaprotodon_garyam","Hexaprotodon_garyam.4"
"31","Ichtyosaurus_","Ichtyosaurus_.2"
"32","Alligator","Alligator.1"
"33","Caiman_yacare","Caiman_yacare.3"
"34","Ichtyosaurus_","Ichtyosaurus_.3"
"35","Neusticosaurus","Neusticosaurus.1"
"36","Lutra_vulgaris","Lutra_vulgaris.1"
"37","Nothosaurus_102","Nothosaurus_102.1"
"38","Otaria_byronia","Otaria_byronia.1"
"39","Lutra_vulgaris","Lutra_vulgaris.2"
"40","Nothosaurus_568","Nothosaurus_568.1"
"41","Spheniscus","Spheniscus.1"
"42","Cricosaurus","Cricosaurus.1"
"43","Rhaeticosaurus","Rhaeticosaurus.1"
"44","Spinosaurus_","Spinosaurus_.1"
"45","Spinosaurus_","Spinosaurus_.2"
"46","Spinosaurus_","Spinosaurus_.3"
"47","Spinosaurus_","Spinosaurus_.4"
"48","Spinosaurus_","Spinosaurus_.5"
"49","Spinosaurus_","Spinosaurus_.6"
"50","Spinosaurus_","Spinosaurus_.7"
"51","Spinosaurus_","Spinosaurus_.8"
"52","Spinosaurus_","Spinosaurus_.9"
"53","Spinosaurus_","Spinosaurus_.10"
"54","Spinosaurus_","Spinosaurus_.11"
"55","Suchomimus","Suchomimus.1"
"56","Suchomimus","Suchomimus.2"
"57","Suchomimus","Suchomimus.3"
"58","Baryonyx","Baryonyx.1"
"59","Baryonyx","Baryonyx.2"
"60","Baryonyx","Baryonyx.3"
 
* Phylo tree and the main data and strata files have been modified to include duplicated taxa before the scaled random trees are generated.
* Selected categorical labels column: diving.or.not
* diving.or.equal column is identical to Diving column.
* Regression excludes flying taxa.
* Diving labels that are present in regression: 0,2
* lambda (calculated from a random tree) = : 0.11
* index-name alignment check: OK
