Logfile for a session of program: bootstrap_binary.r
-----------------------------------------------------
INPUT:
workDir: C:/dino_nature/output/2023-11-07-D1\bs/set_600
Nbootstrapsets: 2000
phyloFDAfile: c:/dino_nature/code/phylo.fda.R
auxFile: c:/dino_nature/code/auxiliary.r
boneType: femur
regressionData.file: C:/dino_nature/output/2023-11-07-D1\bs/set_600/femur_set_600.csv
applyDataFilter: FALSE
addTreeTips: TRUE
Ntrees: 100
calculateTrees: TRUE
saveTrees: FALSE


OPERATIONAL CHECKS:
* Regression data contains multiple copies of some taxa (user added variants of existing test taxa 
   or replacements due to bootstrap are present) which are not in the phylo tree:
     original taxon,   duplicate   
"1","Procyon_lotor","Procyon_lotor.1"
"2","Xenicus_giliventris","Xenicus_giliventris.1"
"3","Rynochetus_jubatus","Rynochetus_jubatus.1"
"4","Rattus_rattus","Rattus_rattus.1"
"5","Nyctereutes_procyonoides","Nyctereutes_procyonoides.1"
"6","Myrmecophaga_tridactyla","Myrmecophaga_tridactyla.1"
"7","Hemiechinus_azurites","Hemiechinus_azurites.1"
"8","Procyon_lotor","Procyon_lotor.2"
"9","Myrmecophaga_tridactyla","Myrmecophaga_tridactyla.2"
"10","Nyctereutes_procyonoides","Nyctereutes_procyonoides.2"
"11","Procyon_lotor","Procyon_lotor.3"
"12","Alces_americanus","Alces_americanus.1"
"13","Syncerus_caffer","Syncerus_caffer.1"
"14","Nyctereutes_procyonoides","Nyctereutes_procyonoides.3"
"15","Rynochetus_jubatus","Rynochetus_jubatus.2"
"16","Bison_bonasus","Bison_bonasus.1"
"17","Rattus_rattus","Rattus_rattus.2"
"18","Apteryx_australis","Apteryx_australis.1"
"19","Vulpes_vulpes","Vulpes_vulpes.1"
"20","Paraplacodus","Paraplacodus.1"
"21","Alligator","Alligator.1"
"22","Desmostylus_hesperus","Desmostylus_hesperus.1"
"23","Nothosaurus_mirabilis","Nothosaurus_mirabilis.1"
"24","Otaria_byronia","Otaria_byronia.1"
"25","Small_Eocene_penguin","Small_Eocene_penguin.1"
"26","Plesiosaurus","Plesiosaurus.1"
"27","Rhaeticosaurus","Rhaeticosaurus.1"
"28","Paraplacodus","Paraplacodus.2"
"29","Nothosaurus_mirabilis","Nothosaurus_mirabilis.2"
"30","Lutra_vulgaris","Lutra_vulgaris.1"
"31","Metryorhynchus","Metryorhynchus.1"
"32","Placodontia_indet_1","Placodontia_indet_1.1"
"33","Neusticosaurus","Neusticosaurus.1"
"34","Small_Eocene_penguin","Small_Eocene_penguin.2"
"35","Aptenodytes______","Aptenodytes______.1"
"36","Placodontia_indet_1","Placodontia_indet_1.2"
"37","Indohyus","Indohyus.1"
"38","large_eocene_stem_penguin","large_eocene_stem_penguin.1"
"39","Caiman_yacare","Caiman_yacare.1"
"40","Castor_fiber","Castor_fiber.1"
"41","Castor_fiber","Castor_fiber.2"
"42","Spinosaurus_","Spinosaurus_.1"
"43","Spinosaurus_","Spinosaurus_.2"
"44","Spinosaurus_","Spinosaurus_.3"
"45","Spinosaurus_","Spinosaurus_.4"
"46","Spinosaurus_","Spinosaurus_.5"
"47","Spinosaurus_","Spinosaurus_.6"
"48","Spinosaurus_","Spinosaurus_.7"
"49","Spinosaurus_","Spinosaurus_.8"
"50","Spinosaurus_","Spinosaurus_.9"
"51","Spinosaurus_","Spinosaurus_.10"
"52","Spinosaurus_","Spinosaurus_.11"
"53","Suchomimus","Suchomimus.1"
"54","Suchomimus","Suchomimus.2"
"55","Suchomimus","Suchomimus.3"
"56","Baryonyx","Baryonyx.1"
"57","Baryonyx","Baryonyx.2"
"58","Baryonyx","Baryonyx.3"
 
* Phylo tree and the main data and strata files have been modified to include duplicated taxa before the scaled random trees are generated.
* Selected categorical labels column: diving.or.not
* diving.or.equal column is identical to Diving column.
* Regression excludes flying taxa.
* Diving labels that are present in regression: 0,2
* lambda (calculated from a random tree) = : 0.09
* index-name alignment check: OK
