Logfile for a session of program: bootstrap_binary.r
-----------------------------------------------------
INPUT:
workDir: C:/dino_nature/output/2023-11-07-D1\bs/set_1093
Nbootstrapsets: 2000
phyloFDAfile: c:/dino_nature/code/phylo.fda.R
auxFile: c:/dino_nature/code/auxiliary.r
boneType: femur
regressionData.file: C:/dino_nature/output/2023-11-07-D1\bs/set_1093/femur_set_1093.csv
applyDataFilter: FALSE
addTreeTips: TRUE
Ntrees: 100
calculateTrees: TRUE
saveTrees: FALSE


OPERATIONAL CHECKS:
* Regression data contains multiple copies of some taxa (user added variants of existing test taxa 
   or replacements due to bootstrap are present) which are not in the phylo tree:
     original taxon,   duplicate   
"1","Rhinoceros_sondaicus","Rhinoceros_sondaicus.1"
"2","Atlantisia_rogersi","Atlantisia_rogersi.1"
"3","Mammuthus_sp","Mammuthus_sp.1"
"4","Ceratotherium_simum","Ceratotherium_simum.1"
"5","Dasyurus_maculatus","Dasyurus_maculatus.1"
"6","Mammuthus_sp","Mammuthus_sp.2"
"7","Rynochetus_jubatus","Rynochetus_jubatus.1"
"8","Okapia_johnstoni","Okapia_johnstoni.1"
"9","Microgale_thomasi","Microgale_thomasi.1"
"10","Microgale_thomasi","Microgale_thomasi.2"
"11","Tenrec_ecaudatus","Tenrec_ecaudatus.1"
"12","Microgale_thomasi","Microgale_thomasi.3"
"13","Microgale_thomasi","Microgale_thomasi.4"
"14","Pogona_viceps","Pogona_viceps.1"
"15","Cephalophus_silvicultor","Cephalophus_silvicultor.1"
"16","Bos_taurus","Bos_taurus.1"
"17","Lama_guanicoe","Lama_guanicoe.1"
"18","Euroscaptor_micrura","Euroscaptor_micrura.1"
"19","Pogona_viceps","Pogona_viceps.2"
"20","Hemiechinus_azurites","Hemiechinus_azurites.1"
"21","Meles_meles","Meles_meles.1"
"22","Rynochetus_jubatus","Rynochetus_jubatus.2"
"23","Placondontia_indet","Placondontia_indet.1"
"24","Remingtonocetus","Remingtonocetus.1"
"25","Hexaprotodon_garyam","Hexaprotodon_garyam.1"
"26","Remingtonocetus","Remingtonocetus.2"
"27","Phalacrocorax_harrisi","Phalacrocorax_harrisi.1"
"28","Nothosaurus_mirabilis_1","Nothosaurus_mirabilis_1.1"
"29","Rhaeticosaurus","Rhaeticosaurus.1"
"30","Simosaurus","Simosaurus.1"
"31","Hexaprotodon_garyam","Hexaprotodon_garyam.2"
"32","Ichtyosaur_sp","Ichtyosaur_sp.1"
"33","Placodontia_indet_1","Placodontia_indet_1.1"
"34","Phocanella_pumila","Phocanella_pumila.1"
"35","Nothosaurus_giganteus","Nothosaurus_giganteus.1"
"36","Chapsosaurus_","Chapsosaurus_.1"
"37","Rhaeticosaurus","Rhaeticosaurus.2"
"38","Nothosaurus_giganteus","Nothosaurus_giganteus.2"
"39","Nothosaurus_giganteus","Nothosaurus_giganteus.3"
"40","Lutra_vulgaris","Lutra_vulgaris.1"
"41","Champsosaurus","Champsosaurus.1"
"42","Cryptoclidus","Cryptoclidus.1"
"43","Spinosaurus_","Spinosaurus_.1"
"44","Spinosaurus_","Spinosaurus_.2"
"45","Spinosaurus_","Spinosaurus_.3"
"46","Spinosaurus_","Spinosaurus_.4"
"47","Spinosaurus_","Spinosaurus_.5"
"48","Spinosaurus_","Spinosaurus_.6"
"49","Spinosaurus_","Spinosaurus_.7"
"50","Spinosaurus_","Spinosaurus_.8"
"51","Spinosaurus_","Spinosaurus_.9"
"52","Spinosaurus_","Spinosaurus_.10"
"53","Spinosaurus_","Spinosaurus_.11"
"54","Suchomimus","Suchomimus.1"
"55","Suchomimus","Suchomimus.2"
"56","Suchomimus","Suchomimus.3"
"57","Baryonyx","Baryonyx.1"
"58","Baryonyx","Baryonyx.2"
"59","Baryonyx","Baryonyx.3"
 
* Phylo tree and the main data and strata files have been modified to include duplicated taxa before the scaled random trees are generated.
* Selected categorical labels column: diving.or.not
* diving.or.equal column is identical to Diving column.
* Regression excludes flying taxa.
* Diving labels that are present in regression: 0,2
* lambda (calculated from a random tree) = : 0.14
* index-name alignment check: OK
