Logfile for a session of program: bootstrap_binary.r
-----------------------------------------------------
INPUT:
workDir: C:/dino_nature/output/2023-11-07-D1\bs/set_1212
Nbootstrapsets: 2000
phyloFDAfile: c:/dino_nature/code/phylo.fda.R
auxFile: c:/dino_nature/code/auxiliary.r
boneType: femur
regressionData.file: C:/dino_nature/output/2023-11-07-D1\bs/set_1212/femur_set_1212.csv
applyDataFilter: FALSE
addTreeTips: TRUE
Ntrees: 100
calculateTrees: TRUE
saveTrees: FALSE


OPERATIONAL CHECKS:
* Regression data contains multiple copies of some taxa (user added variants of existing test taxa 
   or replacements due to bootstrap are present) which are not in the phylo tree:
     original taxon,   duplicate   
"1","Meles_meles","Meles_meles.1"
"2","Myrmecophaga_tridactyla","Myrmecophaga_tridactyla.1"
"3","Syncerus_caffer","Syncerus_caffer.1"
"4","Dromaius_","Dromaius_.1"
"5","Lacerta_viridis","Lacerta_viridis.1"
"6","Rhinoceros_sondaicus","Rhinoceros_sondaicus.1"
"7","Lacerta_viridis","Lacerta_viridis.2"
"8","Strigiops_habroptilus","Strigiops_habroptilus.1"
"9","Rupicapra_rupicapra","Rupicapra_rupicapra.1"
"10","Rattus_rattus","Rattus_rattus.1"
"11","Tamandua_tetradactyla","Tamandua_tetradactyla.1"
"12","Tamandua_tetradactyla","Tamandua_tetradactyla.2"
"13","Dasyurus_maculatus","Dasyurus_maculatus.1"
"14","Nyctereutes_procyonoides","Nyctereutes_procyonoides.1"
"15","Megaloceros_sp","Megaloceros_sp.1"
"16","Giraffa_camelopardalis","Giraffa_camelopardalis.1"
"17","Giraffa_camelopardalis","Giraffa_camelopardalis.2"
"18","Cephalophus_silvicultor","Cephalophus_silvicultor.1"
"19","Cephalophus_silvicultor","Cephalophus_silvicultor.2"
"20","Felis_felis","Felis_felis.1"
"21","Atlantisia_rogersi","Atlantisia_rogersi.1"
"22","Plesiosaurus","Plesiosaurus.1"
"23","Chironectes_minimus","Chironectes_minimus.1"
"24","Chironectes_minimus","Chironectes_minimus.2"
"25","Placondontia_indet","Placondontia_indet.1"
"26","Nothosaurus_150","Nothosaurus_150.1"
"27","Phalacrocorax_harrisi","Phalacrocorax_harrisi.1"
"28","Nothosaurus_568","Nothosaurus_568.1"
"29","Phocanella_pumila","Phocanella_pumila.1"
"30","Basilosaurus","Basilosaurus.1"
"31","Hippopotamus_amphibius","Hippopotamus_amphibius.1"
"32","Hippopotamus_amphibius","Hippopotamus_amphibius.2"
"33","Phalacrocorax_harrisi","Phalacrocorax_harrisi.2"
"34","Rodhocetus","Rodhocetus.1"
"35","Protochampsidae","Protochampsidae.1"
"36","Hexaprotodon_garyam","Hexaprotodon_garyam.1"
"37","Nothosaurus_mirabilis_1","Nothosaurus_mirabilis_1.1"
"38","Hexaprotodon_garyam","Hexaprotodon_garyam.2"
"39","Caiman_yacare","Caiman_yacare.1"
"40","Placondontia_indet","Placondontia_indet.2"
"41","Paraplacodus","Paraplacodus.1"
"42","Spinosaurus_","Spinosaurus_.1"
"43","Spinosaurus_","Spinosaurus_.2"
"44","Spinosaurus_","Spinosaurus_.3"
"45","Spinosaurus_","Spinosaurus_.4"
"46","Spinosaurus_","Spinosaurus_.5"
"47","Spinosaurus_","Spinosaurus_.6"
"48","Spinosaurus_","Spinosaurus_.7"
"49","Spinosaurus_","Spinosaurus_.8"
"50","Spinosaurus_","Spinosaurus_.9"
"51","Spinosaurus_","Spinosaurus_.10"
"52","Spinosaurus_","Spinosaurus_.11"
"53","Suchomimus","Suchomimus.1"
"54","Suchomimus","Suchomimus.2"
"55","Suchomimus","Suchomimus.3"
"56","Baryonyx","Baryonyx.1"
"57","Baryonyx","Baryonyx.2"
"58","Baryonyx","Baryonyx.3"
 
* Phylo tree and the main data and strata files have been modified to include duplicated taxa before the scaled random trees are generated.
* Selected categorical labels column: diving.or.not
* diving.or.equal column is identical to Diving column.
* Regression excludes flying taxa.
* Diving labels that are present in regression: 0,2
* lambda (calculated from a random tree) = : 0.1
* index-name alignment check: OK
