Logfile for a session of program: bootstrap_binary.r
-----------------------------------------------------
INPUT:
workDir: C:/dino_nature/output/2023-11-07-D1\bs/set_274
Nbootstrapsets: 2000
phyloFDAfile: c:/dino_nature/code/phylo.fda.R
auxFile: c:/dino_nature/code/auxiliary.r
boneType: femur
regressionData.file: C:/dino_nature/output/2023-11-07-D1\bs/set_274/femur_set_274.csv
applyDataFilter: FALSE
addTreeTips: TRUE
Ntrees: 100
calculateTrees: TRUE
saveTrees: FALSE


OPERATIONAL CHECKS:
* Regression data contains multiple copies of some taxa (user added variants of existing test taxa 
   or replacements due to bootstrap are present) which are not in the phylo tree:
     original taxon,   duplicate   
"1","Strigiops_habroptilus","Strigiops_habroptilus.1"
"2","Dasyurus_maculatus","Dasyurus_maculatus.1"
"3","Rhynchocyon_petersi","Rhynchocyon_petersi.1"
"4","Elomeryx_borbonicus_","Elomeryx_borbonicus_.1"
"5","Apteryx_australis","Apteryx_australis.1"
"6","Xenicus_giliventris","Xenicus_giliventris.1"
"7","Strigiops_habroptilus","Strigiops_habroptilus.2"
"8","Meles_meles","Meles_meles.1"
"9","Vulpes_vulpes","Vulpes_vulpes.1"
"10","Apteryx_australis","Apteryx_australis.2"
"11","Lacerta_viridis","Lacerta_viridis.1"
"12","Rattus_rattus","Rattus_rattus.1"
"13","Caloenas_nicobarica","Caloenas_nicobarica.1"
"14","Lacerta_viridis","Lacerta_viridis.2"
"15","Dasyurus_maculatus","Dasyurus_maculatus.2"
"16","Tamandua_tetradactyla","Tamandua_tetradactyla.1"
"17","Mus_musculus","Mus_musculus.1"
"18","Caloenas_nicobarica","Caloenas_nicobarica.2"
"19","Meles_meles","Meles_meles.2"
"20","Brachyodus_onoideum","Brachyodus_onoideum.1"
"21","Rhynchocyon_petersi","Rhynchocyon_petersi.2"
"22","large_eocene_stem_penguin","large_eocene_stem_penguin.1"
"23","Phocanella_pumila","Phocanella_pumila.1"
"24","Neusticosaurus","Neusticosaurus.1"
"25","Dyrosaurid","Dyrosaurid.1"
"26","Neusticosaurus","Neusticosaurus.2"
"27","Cricosaurus","Cricosaurus.1"
"28","Basilosaurus","Basilosaurus.1"
"29","Desmostylus_hesperus","Desmostylus_hesperus.1"
"30","Noemys_fodies","Noemys_fodies.1"
"31","Hydromys_chrysogaster","Hydromys_chrysogaster.1"
"32","Noemys_fodies","Noemys_fodies.2"
"33","large_eocene_stem_penguin","large_eocene_stem_penguin.2"
"34","Palaeospheniscus","Palaeospheniscus.1"
"35","Chironectes_minimus","Chironectes_minimus.1"
"36","Phalacrocorax_harrisi","Phalacrocorax_harrisi.1"
"37","Lutra_vulgaris","Lutra_vulgaris.1"
"38","Chironectes_minimus","Chironectes_minimus.2"
"39","Lutra_vulgaris","Lutra_vulgaris.2"
"40","Lutra_vulgaris","Lutra_vulgaris.3"
"41","Palaeospheniscus","Palaeospheniscus.2"
"42","Desmostylus_hesperus","Desmostylus_hesperus.2"
"43","Protochampsidae","Protochampsidae.1"
"44","Psephoderma","Psephoderma.1"
"45","Spinosaurus_","Spinosaurus_.1"
"46","Spinosaurus_","Spinosaurus_.2"
"47","Spinosaurus_","Spinosaurus_.3"
"48","Spinosaurus_","Spinosaurus_.4"
"49","Spinosaurus_","Spinosaurus_.5"
"50","Spinosaurus_","Spinosaurus_.6"
"51","Spinosaurus_","Spinosaurus_.7"
"52","Spinosaurus_","Spinosaurus_.8"
"53","Spinosaurus_","Spinosaurus_.9"
"54","Spinosaurus_","Spinosaurus_.10"
"55","Spinosaurus_","Spinosaurus_.11"
"56","Suchomimus","Suchomimus.1"
"57","Suchomimus","Suchomimus.2"
"58","Suchomimus","Suchomimus.3"
"59","Baryonyx","Baryonyx.1"
"60","Baryonyx","Baryonyx.2"
"61","Baryonyx","Baryonyx.3"
 
* Phylo tree and the main data and strata files have been modified to include duplicated taxa before the scaled random trees are generated.
* Selected categorical labels column: diving.or.not
* diving.or.equal column is identical to Diving column.
* Regression excludes flying taxa.
* Diving labels that are present in regression: 0,2
* lambda (calculated from a random tree) = : 0.06
* index-name alignment check: OK
