Logfile for a session of program: bootstrap_binary.r
-----------------------------------------------------
INPUT:
workDir: C:/dino_nature/output/2023-11-07-D1\bs/set_791
Nbootstrapsets: 2000
phyloFDAfile: c:/dino_nature/code/phylo.fda.R
auxFile: c:/dino_nature/code/auxiliary.r
boneType: femur
regressionData.file: C:/dino_nature/output/2023-11-07-D1\bs/set_791/femur_set_791.csv
applyDataFilter: FALSE
addTreeTips: TRUE
Ntrees: 100
calculateTrees: TRUE
saveTrees: FALSE


OPERATIONAL CHECKS:
* Regression data contains multiple copies of some taxa (user added variants of existing test taxa 
   or replacements due to bootstrap are present) which are not in the phylo tree:
     original taxon,   duplicate   
"1","Rhinoceros_sondaicus","Rhinoceros_sondaicus.1"
"2","Paguma_larvata","Paguma_larvata.1"
"3","Capreolus_capreolus","Capreolus_capreolus.1"
"4","Rhinoceros_sondaicus","Rhinoceros_sondaicus.2"
"5","Loxodonta_africana","Loxodonta_africana.1"
"6","Rhinoceros_sondaicus","Rhinoceros_sondaicus.3"
"7","Rhynchocyon_petersi","Rhynchocyon_petersi.1"
"8","Capreolus_capreolus","Capreolus_capreolus.2"
"9","Loxodonta_africana","Loxodonta_africana.2"
"10","Loxodonta_africana","Loxodonta_africana.3"
"11","Capreolus_capreolus","Capreolus_capreolus.3"
"12","Rynochetus_jubatus","Rynochetus_jubatus.1"
"13","Megaloceros_sp","Megaloceros_sp.1"
"14","Dromaius_","Dromaius_.1"
"15","Atlantisia_rogersi","Atlantisia_rogersi.1"
"16","Taxidea_taxus","Taxidea_taxus.1"
"17","Nyctereutes_procyonoides","Nyctereutes_procyonoides.1"
"18","Rynochetus_jubatus","Rynochetus_jubatus.2"
"19","Lacerta_viridis","Lacerta_viridis.1"
"20","Paguma_larvata","Paguma_larvata.2"
"21","Elomeryx_borbonicus_","Elomeryx_borbonicus_.1"
"22","Strigiops_habroptilus","Strigiops_habroptilus.1"
"23","Rhinoceros_sondaicus","Rhinoceros_sondaicus.4"
"24","Psephoderma","Psephoderma.1"
"25","Paraplacodus","Paraplacodus.1"
"26","Serpianosaurus","Serpianosaurus.1"
"27","Paraplacodus","Paraplacodus.2"
"28","Aptenodytes______","Aptenodytes______.1"
"29","Nanophoca_vitulinoides","Nanophoca_vitulinoides.1"
"30","Hexaprotodon_garyam","Hexaprotodon_garyam.1"
"31","Alligator","Alligator.1"
"32","Caiman_yacare","Caiman_yacare.1"
"33","Desmana_moschata","Desmana_moschata.1"
"34","Desmana_moschata","Desmana_moschata.2"
"35","Hippopotamus_amphibius","Hippopotamus_amphibius.1"
"36","Simosaurus","Simosaurus.1"
"37","Placodontia_indet_1","Placodontia_indet_1.1"
"38","Aptenodytes______","Aptenodytes______.2"
"39","Callophoca_obscura","Callophoca_obscura.1"
"40","Rodhocetus","Rodhocetus.1"
"41","Caiman_yacare","Caiman_yacare.2"
"42","Metryorhynchus","Metryorhynchus.1"
"43","Simosaurus","Simosaurus.2"
"44","Simosaurus","Simosaurus.3"
"45","Nothosaurus_giganteus","Nothosaurus_giganteus.1"
"46","Nothosaurus_102","Nothosaurus_102.1"
"47","Spinosaurus_","Spinosaurus_.1"
"48","Spinosaurus_","Spinosaurus_.2"
"49","Spinosaurus_","Spinosaurus_.3"
"50","Spinosaurus_","Spinosaurus_.4"
"51","Spinosaurus_","Spinosaurus_.5"
"52","Spinosaurus_","Spinosaurus_.6"
"53","Spinosaurus_","Spinosaurus_.7"
"54","Spinosaurus_","Spinosaurus_.8"
"55","Spinosaurus_","Spinosaurus_.9"
"56","Spinosaurus_","Spinosaurus_.10"
"57","Spinosaurus_","Spinosaurus_.11"
"58","Suchomimus","Suchomimus.1"
"59","Suchomimus","Suchomimus.2"
"60","Suchomimus","Suchomimus.3"
"61","Baryonyx","Baryonyx.1"
"62","Baryonyx","Baryonyx.2"
"63","Baryonyx","Baryonyx.3"
 
* Phylo tree and the main data and strata files have been modified to include duplicated taxa before the scaled random trees are generated.
* Selected categorical labels column: diving.or.not
* diving.or.equal column is identical to Diving column.
* Regression excludes flying taxa.
* Diving labels that are present in regression: 0,2
* lambda (calculated from a random tree) = : 0.12
* index-name alignment check: OK
