Logfile for a session of program: bootstrap_binary.r
-----------------------------------------------------
INPUT:
workDir: C:/dino_nature/output/2023-11-07-D1\bs/set_926
Nbootstrapsets: 2000
phyloFDAfile: c:/dino_nature/code/phylo.fda.R
auxFile: c:/dino_nature/code/auxiliary.r
boneType: femur
regressionData.file: C:/dino_nature/output/2023-11-07-D1\bs/set_926/femur_set_926.csv
applyDataFilter: FALSE
addTreeTips: TRUE
Ntrees: 100
calculateTrees: TRUE
saveTrees: FALSE


OPERATIONAL CHECKS:
* Regression data contains multiple copies of some taxa (user added variants of existing test taxa 
   or replacements due to bootstrap are present) which are not in the phylo tree:
     original taxon,   duplicate   
"1","Lama_guanicoe","Lama_guanicoe.1"
"2","Microgale_thomasi","Microgale_thomasi.1"
"3","Mammuthus_sp","Mammuthus_sp.1"
"4","Meles_meles","Meles_meles.1"
"5","Rhynchocyon_petersi","Rhynchocyon_petersi.1"
"6","Apteryx_australis","Apteryx_australis.1"
"7","Cephalophus_silvicultor","Cephalophus_silvicultor.1"
"8","Cephalophus_silvicultor","Cephalophus_silvicultor.2"
"9","Hemiechinus_azurites","Hemiechinus_azurites.1"
"10","Caloenas_nicobarica","Caloenas_nicobarica.1"
"11","Nyctereutes_procyonoides","Nyctereutes_procyonoides.1"
"12","Mustela_nivalis","Mustela_nivalis.1"
"13","Mammuthus_sp","Mammuthus_sp.2"
"14","Vulpes_vulpes","Vulpes_vulpes.1"
"15","Pogona_viceps","Pogona_viceps.1"
"16","Uncia_uncia","Uncia_uncia.1"
"17","Tenrec_ecaudatus","Tenrec_ecaudatus.1"
"18","Vulpes_vulpes","Vulpes_vulpes.2"
"19","Xenicus_giliventris","Xenicus_giliventris.1"
"20","Lama_guanicoe","Lama_guanicoe.2"
"21","Rattus_rattus","Rattus_rattus.1"
"22","Bos_taurus","Bos_taurus.1"
"23","Hemiechinus_azurites","Hemiechinus_azurites.2"
"24","Uncia_uncia","Uncia_uncia.2"
"25","Paguma_larvata","Paguma_larvata.1"
"26","Metryorhynchus","Metryorhynchus.1"
"27","Hesperornis","Hesperornis.1"
"28","Basilosaurus","Basilosaurus.1"
"29","Rhaeticosaurus","Rhaeticosaurus.1"
"30","Plesiosaurus","Plesiosaurus.1"
"31","Metryorhynchus","Metryorhynchus.2"
"32","Maiacetus","Maiacetus.1"
"33","Maiacetus","Maiacetus.2"
"34","Leptophoca_proxima","Leptophoca_proxima.1"
"35","Spheniscus","Spheniscus.1"
"36","Alligator","Alligator.1"
"37","Desmostylus_hesperus","Desmostylus_hesperus.1"
"38","Ornithorhynchus_anatinus","Ornithorhynchus_anatinus.1"
"39","Nothosaurus_mirabilis","Nothosaurus_mirabilis.1"
"40","Basilosaurus","Basilosaurus.2"
"41","Plesiosaurus","Plesiosaurus.2"
"42","Pistosaurus","Pistosaurus.1"
"43","Chapsosaurus_","Chapsosaurus_.1"
"44","Alligator","Alligator.2"
"45","Rhaeticosaurus","Rhaeticosaurus.2"
"46","Cricosaurus","Cricosaurus.1"
"47","Pistosaurus","Pistosaurus.2"
"48","Spinosaurus_","Spinosaurus_.1"
"49","Spinosaurus_","Spinosaurus_.2"
"50","Spinosaurus_","Spinosaurus_.3"
"51","Spinosaurus_","Spinosaurus_.4"
"52","Spinosaurus_","Spinosaurus_.5"
"53","Spinosaurus_","Spinosaurus_.6"
"54","Spinosaurus_","Spinosaurus_.7"
"55","Spinosaurus_","Spinosaurus_.8"
"56","Spinosaurus_","Spinosaurus_.9"
"57","Spinosaurus_","Spinosaurus_.10"
"58","Spinosaurus_","Spinosaurus_.11"
"59","Suchomimus","Suchomimus.1"
"60","Suchomimus","Suchomimus.2"
"61","Suchomimus","Suchomimus.3"
"62","Baryonyx","Baryonyx.1"
"63","Baryonyx","Baryonyx.2"
"64","Baryonyx","Baryonyx.3"
 
* Phylo tree and the main data and strata files have been modified to include duplicated taxa before the scaled random trees are generated.
* Selected categorical labels column: diving.or.not
* diving.or.equal column is identical to Diving column.
* Regression excludes flying taxa.
* Diving labels that are present in regression: 0,2
* lambda (calculated from a random tree) = : 0.09
* index-name alignment check: OK
