Logfile for a session of program: bootstrap_binary.r
-----------------------------------------------------
INPUT:
workDir: C:/dino_nature/output/2023-11-07-D1\bs/set_444
Nbootstrapsets: 2000
phyloFDAfile: c:/dino_nature/code/phylo.fda.R
auxFile: c:/dino_nature/code/auxiliary.r
boneType: femur
regressionData.file: C:/dino_nature/output/2023-11-07-D1\bs/set_444/femur_set_444.csv
applyDataFilter: FALSE
addTreeTips: TRUE
Ntrees: 100
calculateTrees: TRUE
saveTrees: FALSE


OPERATIONAL CHECKS:
* Regression data contains multiple copies of some taxa (user added variants of existing test taxa 
   or replacements due to bootstrap are present) which are not in the phylo tree:
     original taxon,   duplicate   
"1","Bos_taurus","Bos_taurus.1"
"2","Elomeryx_borbonicus_","Elomeryx_borbonicus_.1"
"3","Rhinoceros_sondaicus","Rhinoceros_sondaicus.1"
"4","Nyctereutes_procyonoides","Nyctereutes_procyonoides.1"
"5","Felis_felis","Felis_felis.1"
"6","Loxodonta_africana","Loxodonta_africana.1"
"7","Myrmecophaga_tridactyla","Myrmecophaga_tridactyla.1"
"8","Okapia_johnstoni","Okapia_johnstoni.1"
"9","Dicerorhinus_sumatrensis","Dicerorhinus_sumatrensis.1"
"10","Elephas_maximus","Elephas_maximus.1"
"11","Uncia_uncia","Uncia_uncia.1"
"12","Capreolus_capreolus","Capreolus_capreolus.1"
"13","Rupicapra_rupicapra","Rupicapra_rupicapra.1"
"14","Alces_americanus","Alces_americanus.1"
"15","Elephas_maximus","Elephas_maximus.2"
"16","Loxodonta_africana","Loxodonta_africana.2"
"17","Tamandua_tetradactyla","Tamandua_tetradactyla.1"
"18","Nyctereutes_procyonoides","Nyctereutes_procyonoides.2"
"19","Vulpes_vulpes","Vulpes_vulpes.1"
"20","Tamandua_tetradactyla","Tamandua_tetradactyla.2"
"21","Vulpes_vulpes","Vulpes_vulpes.2"
"22","Rupicapra_rupicapra","Rupicapra_rupicapra.2"
"23","Tamandua_tetradactyla","Tamandua_tetradactyla.3"
"24","Metryorhynchus","Metryorhynchus.1"
"25","Anarosaurus","Anarosaurus.1"
"26","Small_Eocene_penguin","Small_Eocene_penguin.1"
"27","Phalacrocorax_harrisi","Phalacrocorax_harrisi.1"
"28","Champsosaurus","Champsosaurus.1"
"29","Small_Eocene_penguin","Small_Eocene_penguin.2"
"30","Nothosaurus_mirabilis","Nothosaurus_mirabilis.1"
"31","Metryorhynchus","Metryorhynchus.2"
"32","Champsosaurus","Champsosaurus.2"
"33","Remingtonocetus","Remingtonocetus.1"
"34","Simosaurus","Simosaurus.1"
"35","Nothosaurus_mirabilis","Nothosaurus_mirabilis.2"
"36","Metryorhynchus","Metryorhynchus.3"
"37","Placodontia_indet_1","Placodontia_indet_1.1"
"38","Tapirus_terrestris","Tapirus_terrestris.1"
"39","Chapsosaurus_","Chapsosaurus_.1"
"40","Simosaurus","Simosaurus.2"
"41","Cricosaurus","Cricosaurus.1"
"42","Desmana_moschata","Desmana_moschata.1"
"43","Desmana_moschata","Desmana_moschata.2"
"44","Champsosaurus","Champsosaurus.3"
"45","Micropotamogale_euwenzorii","Micropotamogale_euwenzorii.1"
"46","Placodontia_indet_1","Placodontia_indet_1.2"
"47","Placondontia_indet","Placondontia_indet.1"
"48","Chapsosaurus_","Chapsosaurus_.2"
"49","Hydromys_chrysogaster","Hydromys_chrysogaster.1"
"50","Spinosaurus_","Spinosaurus_.1"
"51","Spinosaurus_","Spinosaurus_.2"
"52","Spinosaurus_","Spinosaurus_.3"
"53","Spinosaurus_","Spinosaurus_.4"
"54","Spinosaurus_","Spinosaurus_.5"
"55","Spinosaurus_","Spinosaurus_.6"
"56","Spinosaurus_","Spinosaurus_.7"
"57","Spinosaurus_","Spinosaurus_.8"
"58","Spinosaurus_","Spinosaurus_.9"
"59","Spinosaurus_","Spinosaurus_.10"
"60","Spinosaurus_","Spinosaurus_.11"
"61","Suchomimus","Suchomimus.1"
"62","Suchomimus","Suchomimus.2"
"63","Suchomimus","Suchomimus.3"
"64","Baryonyx","Baryonyx.1"
"65","Baryonyx","Baryonyx.2"
"66","Baryonyx","Baryonyx.3"
 
* Phylo tree and the main data and strata files have been modified to include duplicated taxa before the scaled random trees are generated.
* Selected categorical labels column: diving.or.not
* diving.or.equal column is identical to Diving column.
* Regression excludes flying taxa.
* Diving labels that are present in regression: 0,2
* lambda (calculated from a random tree) = : 0.13
* index-name alignment check: OK
