Logfile for a session of program: bootstrap_binary.r
-----------------------------------------------------
INPUT:
workDir: C:/dino_nature/output/2023-11-07-D1\bs/set_1933
Nbootstrapsets: 2000
phyloFDAfile: c:/dino_nature/code/phylo.fda.R
auxFile: c:/dino_nature/code/auxiliary.r
boneType: femur
regressionData.file: C:/dino_nature/output/2023-11-07-D1\bs/set_1933/femur_set_1933.csv
applyDataFilter: FALSE
addTreeTips: TRUE
Ntrees: 100
calculateTrees: TRUE
saveTrees: FALSE


OPERATIONAL CHECKS:
* Regression data contains multiple copies of some taxa (user added variants of existing test taxa 
   or replacements due to bootstrap are present) which are not in the phylo tree:
     original taxon,   duplicate   
"1","Rupicapra_rupicapra","Rupicapra_rupicapra.1"
"2","Tribonyx_mortieri","Tribonyx_mortieri.1"
"3","Apteryx_owenii_","Apteryx_owenii_.1"
"4","Microgale_thomasi","Microgale_thomasi.1"
"5","Meles_meles","Meles_meles.1"
"6","Bison_bonasus","Bison_bonasus.1"
"7","Rupicapra_rupicapra","Rupicapra_rupicapra.2"
"8","Sus_scrofa","Sus_scrofa.1"
"9","Felis_felis","Felis_felis.1"
"10","Diplomesodon_pulchellum","Diplomesodon_pulchellum.1"
"11","Monodelphis_domestica","Monodelphis_domestica.1"
"12","Alces_americanus","Alces_americanus.1"
"13","Dasyurus_maculatus","Dasyurus_maculatus.1"
"14","Rupicapra_rupicapra","Rupicapra_rupicapra.3"
"15","Alces_americanus","Alces_americanus.2"
"16","Okapia_johnstoni","Okapia_johnstoni.1"
"17","Euroscaptor_micrura","Euroscaptor_micrura.1"
"18","Dasyurus_maculatus","Dasyurus_maculatus.2"
"19","Rattus_rattus","Rattus_rattus.1"
"20","Rynochetus_jubatus","Rynochetus_jubatus.1"
"21","Procyon_lotor","Procyon_lotor.1"
"22","Rattus_rattus","Rattus_rattus.2"
"23","Remingtonocetus","Remingtonocetus.1"
"24","Hippopotamus_amphibius","Hippopotamus_amphibius.1"
"25","Hexaprotodon_garyam","Hexaprotodon_garyam.1"
"26","Otaria_byronia","Otaria_byronia.1"
"27","Dyrosaurid","Dyrosaurid.1"
"28","Caiman_yacare","Caiman_yacare.1"
"29","Hexaprotodon_garyam","Hexaprotodon_garyam.2"
"30","Nanophoca_vitulinoides","Nanophoca_vitulinoides.1"
"31","Micropotamogale_euwenzorii","Micropotamogale_euwenzorii.1"
"32","Basilosaurus","Basilosaurus.1"
"33","Remingtonocetus","Remingtonocetus.2"
"34","Ichtyosaur_sp","Ichtyosaur_sp.1"
"35","Simosaurus","Simosaurus.1"
"36","Ichtyosaur_sp","Ichtyosaur_sp.2"
"37","Otaria_byronia","Otaria_byronia.2"
"38","Dyrosaurid","Dyrosaurid.2"
"39","Nothosaurus_102","Nothosaurus_102.1"
"40","Nothosaurus_102","Nothosaurus_102.2"
"41","Nothosaurus_568","Nothosaurus_568.1"
"42","Caiman_yacare","Caiman_yacare.2"
"43","Basilosaurus","Basilosaurus.2"
"44","Desmostylus_hesperus","Desmostylus_hesperus.1"
"45","Dyrosaurid","Dyrosaurid.3"
"46","Spinosaurus_","Spinosaurus_.1"
"47","Spinosaurus_","Spinosaurus_.2"
"48","Spinosaurus_","Spinosaurus_.3"
"49","Spinosaurus_","Spinosaurus_.4"
"50","Spinosaurus_","Spinosaurus_.5"
"51","Spinosaurus_","Spinosaurus_.6"
"52","Spinosaurus_","Spinosaurus_.7"
"53","Spinosaurus_","Spinosaurus_.8"
"54","Spinosaurus_","Spinosaurus_.9"
"55","Spinosaurus_","Spinosaurus_.10"
"56","Spinosaurus_","Spinosaurus_.11"
"57","Suchomimus","Suchomimus.1"
"58","Suchomimus","Suchomimus.2"
"59","Suchomimus","Suchomimus.3"
"60","Baryonyx","Baryonyx.1"
"61","Baryonyx","Baryonyx.2"
"62","Baryonyx","Baryonyx.3"
 
* Phylo tree and the main data and strata files have been modified to include duplicated taxa before the scaled random trees are generated.
* Selected categorical labels column: diving.or.not
* diving.or.equal column is identical to Diving column.
* Regression excludes flying taxa.
* Diving labels that are present in regression: 0,2
* lambda (calculated from a random tree) = : 0.08
* index-name alignment check: OK
