Logfile for a session of program: bootstrap_binary.r
-----------------------------------------------------
INPUT:
workDir: C:/dino_nature/output/2023-11-07-D1\bs/set_1160
Nbootstrapsets: 2000
phyloFDAfile: c:/dino_nature/code/phylo.fda.R
auxFile: c:/dino_nature/code/auxiliary.r
boneType: femur
regressionData.file: C:/dino_nature/output/2023-11-07-D1\bs/set_1160/femur_set_1160.csv
applyDataFilter: FALSE
addTreeTips: TRUE
Ntrees: 100
calculateTrees: TRUE
saveTrees: FALSE


OPERATIONAL CHECKS:
* Regression data contains multiple copies of some taxa (user added variants of existing test taxa 
   or replacements due to bootstrap are present) which are not in the phylo tree:
     original taxon,   duplicate   
"1","Vulpes_vulpes","Vulpes_vulpes.1"
"2","Dasyurus_maculatus","Dasyurus_maculatus.1"
"3","Megaloceros_sp","Megaloceros_sp.1"
"4","Rhynchocyon_petersi","Rhynchocyon_petersi.1"
"5","Okapia_johnstoni","Okapia_johnstoni.1"
"6","Bos_taurus","Bos_taurus.1"
"7","Brachyodus_onoideum","Brachyodus_onoideum.1"
"8","Hemiechinus_azurites","Hemiechinus_azurites.1"
"9","Ceratotherium_simum","Ceratotherium_simum.1"
"10","Mammuthus_sp","Mammuthus_sp.1"
"11","Rhynchocyon_petersi","Rhynchocyon_petersi.2"
"12","Porphyrio_hochstetteri","Porphyrio_hochstetteri.1"
"13","Bison_bonasus","Bison_bonasus.1"
"14","Tribonyx_mortieri","Tribonyx_mortieri.1"
"15","Felis_felis","Felis_felis.1"
"16","Okapia_johnstoni","Okapia_johnstoni.2"
"17","Alces_americanus","Alces_americanus.1"
"18","Indohyus","Indohyus.1"
"19","Aptenodytes______","Aptenodytes______.1"
"20","Anarosaurus","Anarosaurus.1"
"21","Nothosaurus_102","Nothosaurus_102.1"
"22","Metryorhynchus","Metryorhynchus.1"
"23","Indohyus","Indohyus.2"
"24","Ichtyosaur_sp","Ichtyosaur_sp.1"
"25","Phalacrocorax_harrisi","Phalacrocorax_harrisi.1"
"26","Callophoca_obscura","Callophoca_obscura.1"
"27","Phalacrocorax_harrisi","Phalacrocorax_harrisi.2"
"28","Aptenodytes______","Aptenodytes______.2"
"29","Spheniscus","Spheniscus.1"
"30","Cryptoclidus","Cryptoclidus.1"
"31","Aptenodytes______","Aptenodytes______.3"
"32","Aptenodytes______","Aptenodytes______.4"
"33","Hexaprotodon_garyam","Hexaprotodon_garyam.1"
"34","Nothosaurus_568","Nothosaurus_568.1"
"35","Hydromys_chrysogaster","Hydromys_chrysogaster.1"
"36","Spinosaurus_","Spinosaurus_.1"
"37","Spinosaurus_","Spinosaurus_.2"
"38","Spinosaurus_","Spinosaurus_.3"
"39","Spinosaurus_","Spinosaurus_.4"
"40","Spinosaurus_","Spinosaurus_.5"
"41","Spinosaurus_","Spinosaurus_.6"
"42","Spinosaurus_","Spinosaurus_.7"
"43","Spinosaurus_","Spinosaurus_.8"
"44","Spinosaurus_","Spinosaurus_.9"
"45","Spinosaurus_","Spinosaurus_.10"
"46","Spinosaurus_","Spinosaurus_.11"
"47","Suchomimus","Suchomimus.1"
"48","Suchomimus","Suchomimus.2"
"49","Suchomimus","Suchomimus.3"
"50","Baryonyx","Baryonyx.1"
"51","Baryonyx","Baryonyx.2"
"52","Baryonyx","Baryonyx.3"
 
* Phylo tree and the main data and strata files have been modified to include duplicated taxa before the scaled random trees are generated.
* Selected categorical labels column: diving.or.not
* diving.or.equal column is identical to Diving column.
* Regression excludes flying taxa.
* Diving labels that are present in regression: 0,2
* lambda (calculated from a random tree) = : 0.08
* index-name alignment check: OK
