Logfile for a session of program: bootstrap_binary.r
-----------------------------------------------------
INPUT:
workDir: C:/dino_nature/output/2023-11-07-D1\bs/set_1359
Nbootstrapsets: 2000
phyloFDAfile: c:/dino_nature/code/phylo.fda.R
auxFile: c:/dino_nature/code/auxiliary.r
boneType: femur
regressionData.file: C:/dino_nature/output/2023-11-07-D1\bs/set_1359/femur_set_1359.csv
applyDataFilter: FALSE
addTreeTips: TRUE
Ntrees: 100
calculateTrees: TRUE
saveTrees: FALSE


OPERATIONAL CHECKS:
* Regression data contains multiple copies of some taxa (user added variants of existing test taxa 
   or replacements due to bootstrap are present) which are not in the phylo tree:
     original taxon,   duplicate   
"1","Dasyurus_maculatus","Dasyurus_maculatus.1"
"2","Vulpes_vulpes","Vulpes_vulpes.1"
"3","Alces_americanus","Alces_americanus.1"
"4","Megaloceros_sp","Megaloceros_sp.1"
"5","Alces_americanus","Alces_americanus.2"
"6","Alces_americanus","Alces_americanus.3"
"7","Vulpes_vulpes","Vulpes_vulpes.2"
"8","Tribonyx_mortieri","Tribonyx_mortieri.1"
"9","Bison_bonasus","Bison_bonasus.1"
"10","Brachyodus_onoideum","Brachyodus_onoideum.1"
"11","Atlantisia_rogersi","Atlantisia_rogersi.1"
"12","Mus_musculus","Mus_musculus.1"
"13","Rhynchocyon_petersi","Rhynchocyon_petersi.1"
"14","Alces_americanus","Alces_americanus.4"
"15","Cephalophus_silvicultor","Cephalophus_silvicultor.1"
"16","Monodelphis_domestica","Monodelphis_domestica.1"
"17","Euroscaptor_micrura","Euroscaptor_micrura.1"
"18","Elomeryx_borbonicus_","Elomeryx_borbonicus_.1"
"19","Rupicapra_rupicapra","Rupicapra_rupicapra.1"
"20","Nothosaurus_150","Nothosaurus_150.1"
"21","Chironectes_minimus","Chironectes_minimus.1"
"22","Tapirus_terrestris","Tapirus_terrestris.1"
"23","Ornithorhynchus_anatinus","Ornithorhynchus_anatinus.1"
"24","Lutra_vulgaris","Lutra_vulgaris.1"
"25","Phalacrocorax_harrisi","Phalacrocorax_harrisi.1"
"26","Callophoca_obscura","Callophoca_obscura.1"
"27","Maiacetus","Maiacetus.1"
"28","Ichtyosaurus_","Ichtyosaurus_.1"
"29","Plesiosaurus","Plesiosaurus.1"
"30","Cricosaurus","Cricosaurus.1"
"31","Remingtonocetus","Remingtonocetus.1"
"32","Nothosaurus_mirabilis_1","Nothosaurus_mirabilis_1.1"
"33","Rhaeticosaurus","Rhaeticosaurus.1"
"34","Caiman_yacare","Caiman_yacare.1"
"35","Neusticosaurus","Neusticosaurus.1"
"36","Palaeospheniscus","Palaeospheniscus.1"
"37","Plesiosaurus","Plesiosaurus.2"
"38","Psephoderma","Psephoderma.1"
"39","Lutra_vulgaris","Lutra_vulgaris.2"
"40","Spinosaurus_","Spinosaurus_.1"
"41","Spinosaurus_","Spinosaurus_.2"
"42","Spinosaurus_","Spinosaurus_.3"
"43","Spinosaurus_","Spinosaurus_.4"
"44","Spinosaurus_","Spinosaurus_.5"
"45","Spinosaurus_","Spinosaurus_.6"
"46","Spinosaurus_","Spinosaurus_.7"
"47","Spinosaurus_","Spinosaurus_.8"
"48","Spinosaurus_","Spinosaurus_.9"
"49","Spinosaurus_","Spinosaurus_.10"
"50","Spinosaurus_","Spinosaurus_.11"
"51","Suchomimus","Suchomimus.1"
"52","Suchomimus","Suchomimus.2"
"53","Suchomimus","Suchomimus.3"
"54","Baryonyx","Baryonyx.1"
"55","Baryonyx","Baryonyx.2"
"56","Baryonyx","Baryonyx.3"
 
* Phylo tree and the main data and strata files have been modified to include duplicated taxa before the scaled random trees are generated.
* Selected categorical labels column: diving.or.not
* diving.or.equal column is identical to Diving column.
* Regression excludes flying taxa.
* Diving labels that are present in regression: 0,2
* lambda (calculated from a random tree) = : 0.08
* index-name alignment check: OK
