Logfile for a session of program: bootstrap_binary.r
-----------------------------------------------------
INPUT:
workDir: C:/dino_nature/output/2023-11-07-D1\bs/set_1566
Nbootstrapsets: 2000
phyloFDAfile: c:/dino_nature/code/phylo.fda.R
auxFile: c:/dino_nature/code/auxiliary.r
boneType: femur
regressionData.file: C:/dino_nature/output/2023-11-07-D1\bs/set_1566/femur_set_1566.csv
applyDataFilter: FALSE
addTreeTips: TRUE
Ntrees: 100
calculateTrees: TRUE
saveTrees: FALSE


OPERATIONAL CHECKS:
* Regression data contains multiple copies of some taxa (user added variants of existing test taxa 
   or replacements due to bootstrap are present) which are not in the phylo tree:
     original taxon,   duplicate   
"1","Elephas_maximus","Elephas_maximus.1"
"2","Microgale_thomasi","Microgale_thomasi.1"
"3","Xenicus_giliventris","Xenicus_giliventris.1"
"4","Megaloceros_sp","Megaloceros_sp.1"
"5","Dama_dama","Dama_dama.1"
"6","Lacerta_viridis","Lacerta_viridis.1"
"7","Bison_bonasus","Bison_bonasus.1"
"8","Microgale_thomasi","Microgale_thomasi.2"
"9","Dama_dama","Dama_dama.2"
"10","Cephalophus_silvicultor","Cephalophus_silvicultor.1"
"11","Elephas_maximus","Elephas_maximus.2"
"12","Cephalophus_silvicultor","Cephalophus_silvicultor.2"
"13","Pogona_viceps","Pogona_viceps.1"
"14","Rhinoceros_sondaicus","Rhinoceros_sondaicus.1"
"15","Pogona_viceps","Pogona_viceps.2"
"16","Syncerus_caffer","Syncerus_caffer.1"
"17","Lacerta_viridis","Lacerta_viridis.2"
"18","Capreolus_capreolus","Capreolus_capreolus.1"
"19","Dromaius_","Dromaius_.1"
"20","Cephalophus_silvicultor","Cephalophus_silvicultor.3"
"21","Pogona_viceps","Pogona_viceps.3"
"22","Strigiops_habroptilus","Strigiops_habroptilus.1"
"23","Ichtyosaur_sp","Ichtyosaur_sp.1"
"24","Nothosaurus_giganteus","Nothosaurus_giganteus.1"
"25","Nothosaurus_568","Nothosaurus_568.1"
"26","Tapirus_terrestris","Tapirus_terrestris.1"
"27","Psephoderma","Psephoderma.1"
"28","Leptophoca_proxima","Leptophoca_proxima.1"
"29","Hesperornis","Hesperornis.1"
"30","Ichtyosaur_sp","Ichtyosaur_sp.2"
"31","Serpianosaurus","Serpianosaurus.1"
"32","Hesperornis","Hesperornis.2"
"33","Dyrosaurid","Dyrosaurid.1"
"34","Ichtyosaur_sp","Ichtyosaur_sp.3"
"35","Chironectes_minimus","Chironectes_minimus.1"
"36","Cryptoclidus","Cryptoclidus.1"
"37","Chapsosaurus_","Chapsosaurus_.1"
"38","Nothosaurus_giganteus","Nothosaurus_giganteus.2"
"39","Ichtyosaurus_","Ichtyosaurus_.1"
"40","Spinosaurus_","Spinosaurus_.1"
"41","Spinosaurus_","Spinosaurus_.2"
"42","Spinosaurus_","Spinosaurus_.3"
"43","Spinosaurus_","Spinosaurus_.4"
"44","Spinosaurus_","Spinosaurus_.5"
"45","Spinosaurus_","Spinosaurus_.6"
"46","Spinosaurus_","Spinosaurus_.7"
"47","Spinosaurus_","Spinosaurus_.8"
"48","Spinosaurus_","Spinosaurus_.9"
"49","Spinosaurus_","Spinosaurus_.10"
"50","Spinosaurus_","Spinosaurus_.11"
"51","Suchomimus","Suchomimus.1"
"52","Suchomimus","Suchomimus.2"
"53","Suchomimus","Suchomimus.3"
"54","Baryonyx","Baryonyx.1"
"55","Baryonyx","Baryonyx.2"
"56","Baryonyx","Baryonyx.3"
 
* Phylo tree and the main data and strata files have been modified to include duplicated taxa before the scaled random trees are generated.
* Selected categorical labels column: diving.or.not
* diving.or.equal column is identical to Diving column.
* Regression excludes flying taxa.
* Diving labels that are present in regression: 0,2
* lambda (calculated from a random tree) = : 0.15
* index-name alignment check: OK
