Logfile for a session of program: bootstrap_binary.r
-----------------------------------------------------
INPUT:
workDir: C:/dino_nature/output/2023-11-07-D1\bs/set_982
Nbootstrapsets: 2000
phyloFDAfile: c:/dino_nature/code/phylo.fda.R
auxFile: c:/dino_nature/code/auxiliary.r
boneType: femur
regressionData.file: C:/dino_nature/output/2023-11-07-D1\bs/set_982/femur_set_982.csv
applyDataFilter: FALSE
addTreeTips: TRUE
Ntrees: 100
calculateTrees: TRUE
saveTrees: FALSE


OPERATIONAL CHECKS:
* Regression data contains multiple copies of some taxa (user added variants of existing test taxa 
   or replacements due to bootstrap are present) which are not in the phylo tree:
     original taxon,   duplicate   
"1","Bos_taurus","Bos_taurus.1"
"2","Rattus_rattus","Rattus_rattus.1"
"3","Lacerta_viridis","Lacerta_viridis.1"
"4","Procyon_lotor","Procyon_lotor.1"
"5","Procyon_lotor","Procyon_lotor.2"
"6","Dasyurus_maculatus","Dasyurus_maculatus.1"
"7","Taxidea_taxus","Taxidea_taxus.1"
"8","Caloenas_nicobarica","Caloenas_nicobarica.1"
"9","Rattus_rattus","Rattus_rattus.2"
"10","Giraffa_camelopardalis","Giraffa_camelopardalis.1"
"11","Euroscaptor_micrura","Euroscaptor_micrura.1"
"12","Megaloceros_sp","Megaloceros_sp.1"
"13","Microgale_thomasi","Microgale_thomasi.1"
"14","Mustela_nivalis","Mustela_nivalis.1"
"15","Rangifer_tarandus","Rangifer_tarandus.1"
"16","Paguma_larvata","Paguma_larvata.1"
"17","Microgale_thomasi","Microgale_thomasi.2"
"18","Apteryx_owenii_","Apteryx_owenii_.1"
"19","Giraffa_camelopardalis","Giraffa_camelopardalis.2"
"20","Bos_taurus","Bos_taurus.2"
"21","Anarosaurus","Anarosaurus.1"
"22","Hexaprotodon_garyam","Hexaprotodon_garyam.1"
"23","Remingtonocetus","Remingtonocetus.1"
"24","Callophoca_obscura","Callophoca_obscura.1"
"25","Caiman_yacare","Caiman_yacare.1"
"26","Champsosaurus","Champsosaurus.1"
"27","Maiacetus","Maiacetus.1"
"28","Psephoderma","Psephoderma.1"
"29","Callophoca_obscura","Callophoca_obscura.2"
"30","Nothosaurus_150","Nothosaurus_150.1"
"31","Choeropsis_liberiensis","Choeropsis_liberiensis.1"
"32","Micropotamogale_euwenzorii","Micropotamogale_euwenzorii.1"
"33","Maiacetus","Maiacetus.2"
"34","Hydromys_chrysogaster","Hydromys_chrysogaster.1"
"35","Protochampsidae","Protochampsidae.1"
"36","Hexaprotodon_garyam","Hexaprotodon_garyam.2"
"37","Micropotamogale_euwenzorii","Micropotamogale_euwenzorii.2"
"38","Remingtonocetus","Remingtonocetus.2"
"39","Champsosaurus","Champsosaurus.2"
"40","Otaria_byronia","Otaria_byronia.1"
"41","Protochampsidae","Protochampsidae.2"
"42","Protochampsidae","Protochampsidae.3"
"43","Placondontia_indet","Placondontia_indet.1"
"44","Spinosaurus_","Spinosaurus_.1"
"45","Spinosaurus_","Spinosaurus_.2"
"46","Spinosaurus_","Spinosaurus_.3"
"47","Spinosaurus_","Spinosaurus_.4"
"48","Spinosaurus_","Spinosaurus_.5"
"49","Spinosaurus_","Spinosaurus_.6"
"50","Spinosaurus_","Spinosaurus_.7"
"51","Spinosaurus_","Spinosaurus_.8"
"52","Spinosaurus_","Spinosaurus_.9"
"53","Spinosaurus_","Spinosaurus_.10"
"54","Spinosaurus_","Spinosaurus_.11"
"55","Suchomimus","Suchomimus.1"
"56","Suchomimus","Suchomimus.2"
"57","Suchomimus","Suchomimus.3"
"58","Baryonyx","Baryonyx.1"
"59","Baryonyx","Baryonyx.2"
"60","Baryonyx","Baryonyx.3"
 
* Phylo tree and the main data and strata files have been modified to include duplicated taxa before the scaled random trees are generated.
* Selected categorical labels column: diving.or.not
* diving.or.equal column is identical to Diving column.
* Regression excludes flying taxa.
* Diving labels that are present in regression: 0,2
* lambda (calculated from a random tree) = : 0.09
* index-name alignment check: OK
