Logfile for a session of program: bootstrap_binary.r
-----------------------------------------------------
INPUT:
workDir: C:/dino_nature/output/2023-11-07-D1\bs/set_1445
Nbootstrapsets: 2000
phyloFDAfile: c:/dino_nature/code/phylo.fda.R
auxFile: c:/dino_nature/code/auxiliary.r
boneType: femur
regressionData.file: C:/dino_nature/output/2023-11-07-D1\bs/set_1445/femur_set_1445.csv
applyDataFilter: FALSE
addTreeTips: TRUE
Ntrees: 100
calculateTrees: TRUE
saveTrees: FALSE


OPERATIONAL CHECKS:
* Regression data contains multiple copies of some taxa (user added variants of existing test taxa 
   or replacements due to bootstrap are present) which are not in the phylo tree:
     original taxon,   duplicate   
"1","Sus_scrofa","Sus_scrofa.1"
"2","Lama_guanicoe","Lama_guanicoe.1"
"3","Dasyurus_maculatus","Dasyurus_maculatus.1"
"4","Tenrec_ecaudatus","Tenrec_ecaudatus.1"
"5","Mammuthus_sp","Mammuthus_sp.1"
"6","Caloenas_nicobarica","Caloenas_nicobarica.1"
"7","Lama_guanicoe","Lama_guanicoe.2"
"8","Rhynchocyon_petersi","Rhynchocyon_petersi.1"
"9","Dasyurus_maculatus","Dasyurus_maculatus.2"
"10","Rynochetus_jubatus","Rynochetus_jubatus.1"
"11","Dama_dama","Dama_dama.1"
"12","Lama_guanicoe","Lama_guanicoe.3"
"13","Procyon_lotor","Procyon_lotor.1"
"14","Megaloceros_sp","Megaloceros_sp.1"
"15","Vulpes_vulpes","Vulpes_vulpes.1"
"16","Procyon_lotor","Procyon_lotor.2"
"17","Ceratotherium_simum","Ceratotherium_simum.1"
"18","Rhynchocyon_petersi","Rhynchocyon_petersi.2"
"19","Tamandua_tetradactyla","Tamandua_tetradactyla.1"
"20","Basilosaurus","Basilosaurus.1"
"21","Cryptoclidus","Cryptoclidus.1"
"22","Rhaeticosaurus","Rhaeticosaurus.1"
"23","Plesiosaurus","Plesiosaurus.1"
"24","Rhaeticosaurus","Rhaeticosaurus.2"
"25","Chapsosaurus_","Chapsosaurus_.1"
"26","Nothosaurus_mirabilis","Nothosaurus_mirabilis.1"
"27","Cryptoclidus","Cryptoclidus.2"
"28","Palaeospheniscus","Palaeospheniscus.1"
"29","Leptophoca_proxima","Leptophoca_proxima.1"
"30","Chapsosaurus_","Chapsosaurus_.2"
"31","Nothosaurus_mirabilis","Nothosaurus_mirabilis.2"
"32","Nothosaurus_mirabilis_1","Nothosaurus_mirabilis_1.1"
"33","Phalacrocorax_harrisi","Phalacrocorax_harrisi.1"
"34","Nothosaurus_568","Nothosaurus_568.1"
"35","Nothosaurus_568","Nothosaurus_568.2"
"36","Indohyus","Indohyus.1"
"37","Protochampsidae","Protochampsidae.1"
"38","large_eocene_stem_penguin","large_eocene_stem_penguin.1"
"39","large_eocene_stem_penguin","large_eocene_stem_penguin.2"
"40","Phalacrocorax_harrisi","Phalacrocorax_harrisi.2"
"41","Simosaurus_1","Simosaurus_1.1"
"42","Rhaeticosaurus","Rhaeticosaurus.3"
"43","Basilosaurus","Basilosaurus.2"
"44","large_eocene_stem_penguin","large_eocene_stem_penguin.3"
"45","Spinosaurus_","Spinosaurus_.1"
"46","Spinosaurus_","Spinosaurus_.2"
"47","Spinosaurus_","Spinosaurus_.3"
"48","Spinosaurus_","Spinosaurus_.4"
"49","Spinosaurus_","Spinosaurus_.5"
"50","Spinosaurus_","Spinosaurus_.6"
"51","Spinosaurus_","Spinosaurus_.7"
"52","Spinosaurus_","Spinosaurus_.8"
"53","Spinosaurus_","Spinosaurus_.9"
"54","Spinosaurus_","Spinosaurus_.10"
"55","Spinosaurus_","Spinosaurus_.11"
"56","Suchomimus","Suchomimus.1"
"57","Suchomimus","Suchomimus.2"
"58","Suchomimus","Suchomimus.3"
"59","Baryonyx","Baryonyx.1"
"60","Baryonyx","Baryonyx.2"
"61","Baryonyx","Baryonyx.3"
 
* Phylo tree and the main data and strata files have been modified to include duplicated taxa before the scaled random trees are generated.
* Selected categorical labels column: diving.or.not
* diving.or.equal column is identical to Diving column.
* Regression excludes flying taxa.
* Diving labels that are present in regression: 0,2
* lambda (calculated from a random tree) = : 0.16
* index-name alignment check: OK
