Logfile for a session of program: bootstrap_binary.r
-----------------------------------------------------
INPUT:
workDir: C:/dino_nature/output/2023-11-07-D1\bs/set_359
Nbootstrapsets: 2000
phyloFDAfile: c:/dino_nature/code/phylo.fda.R
auxFile: c:/dino_nature/code/auxiliary.r
boneType: femur
regressionData.file: C:/dino_nature/output/2023-11-07-D1\bs/set_359/femur_set_359.csv
applyDataFilter: FALSE
addTreeTips: TRUE
Ntrees: 100
calculateTrees: TRUE
saveTrees: FALSE


OPERATIONAL CHECKS:
* Regression data contains multiple copies of some taxa (user added variants of existing test taxa 
   or replacements due to bootstrap are present) which are not in the phylo tree:
     original taxon,   duplicate   
"1","Loxodonta_africana","Loxodonta_africana.1"
"2","Loxodonta_africana","Loxodonta_africana.2"
"3","Euroscaptor_micrura","Euroscaptor_micrura.1"
"4","Rangifer_tarandus","Rangifer_tarandus.1"
"5","Nyctereutes_procyonoides","Nyctereutes_procyonoides.1"
"6","Caloenas_nicobarica","Caloenas_nicobarica.1"
"7","Apteryx_owenii_","Apteryx_owenii_.1"
"8","Caloenas_nicobarica","Caloenas_nicobarica.2"
"9","Euroscaptor_micrura","Euroscaptor_micrura.2"
"10","Cephalophus_silvicultor","Cephalophus_silvicultor.1"
"11","Hemiechinus_azurites","Hemiechinus_azurites.1"
"12","Porphyrio_hochstetteri","Porphyrio_hochstetteri.1"
"13","Myrmecophaga_tridactyla","Myrmecophaga_tridactyla.1"
"14","Ceratotherium_simum","Ceratotherium_simum.1"
"15","Diplomesodon_pulchellum","Diplomesodon_pulchellum.1"
"16","Rattus_rattus","Rattus_rattus.1"
"17","Okapia_johnstoni","Okapia_johnstoni.1"
"18","Maiacetus","Maiacetus.1"
"19","Hydromys_chrysogaster","Hydromys_chrysogaster.1"
"20","Desmana_moschata","Desmana_moschata.1"
"21","Palaeospheniscus","Palaeospheniscus.1"
"22","Nothosaurus_giganteus","Nothosaurus_giganteus.1"
"23","Remingtonocetus","Remingtonocetus.1"
"24","Nothosaurus_giganteus","Nothosaurus_giganteus.2"
"25","Remingtonocetus","Remingtonocetus.2"
"26","Hydromys_chrysogaster","Hydromys_chrysogaster.2"
"27","Remingtonocetus","Remingtonocetus.3"
"28","Pistosaurus","Pistosaurus.1"
"29","Tapirus_terrestris","Tapirus_terrestris.1"
"30","Nothosaurus_mirabilis_1","Nothosaurus_mirabilis_1.1"
"31","Placondontia_indet","Placondontia_indet.1"
"32","Palaeospheniscus","Palaeospheniscus.2"
"33","Desmana_moschata","Desmana_moschata.2"
"34","Psephoderma","Psephoderma.1"
"35","Palaeospheniscus","Palaeospheniscus.3"
"36","Spinosaurus_","Spinosaurus_.1"
"37","Spinosaurus_","Spinosaurus_.2"
"38","Spinosaurus_","Spinosaurus_.3"
"39","Spinosaurus_","Spinosaurus_.4"
"40","Spinosaurus_","Spinosaurus_.5"
"41","Spinosaurus_","Spinosaurus_.6"
"42","Spinosaurus_","Spinosaurus_.7"
"43","Spinosaurus_","Spinosaurus_.8"
"44","Spinosaurus_","Spinosaurus_.9"
"45","Spinosaurus_","Spinosaurus_.10"
"46","Spinosaurus_","Spinosaurus_.11"
"47","Suchomimus","Suchomimus.1"
"48","Suchomimus","Suchomimus.2"
"49","Suchomimus","Suchomimus.3"
"50","Baryonyx","Baryonyx.1"
"51","Baryonyx","Baryonyx.2"
"52","Baryonyx","Baryonyx.3"
 
* Phylo tree and the main data and strata files have been modified to include duplicated taxa before the scaled random trees are generated.
* Selected categorical labels column: diving.or.not
* diving.or.equal column is identical to Diving column.
* Regression excludes flying taxa.
* Diving labels that are present in regression: 0,2
* lambda (calculated from a random tree) = : 0.09
* index-name alignment check: OK
