Logfile for a session of program: bootstrap_binary.r
-----------------------------------------------------
INPUT:
workDir: C:/dino_nature/output/2023-11-07-D1\bs/set_1968
Nbootstrapsets: 2000
phyloFDAfile: c:/dino_nature/code/phylo.fda.R
auxFile: c:/dino_nature/code/auxiliary.r
boneType: femur
regressionData.file: C:/dino_nature/output/2023-11-07-D1\bs/set_1968/femur_set_1968.csv
applyDataFilter: FALSE
addTreeTips: TRUE
Ntrees: 100
calculateTrees: TRUE
saveTrees: FALSE


OPERATIONAL CHECKS:
* Regression data contains multiple copies of some taxa (user added variants of existing test taxa 
   or replacements due to bootstrap are present) which are not in the phylo tree:
     original taxon,   duplicate   
"1","Mustela_nivalis","Mustela_nivalis.1"
"2","Mustela_nivalis","Mustela_nivalis.2"
"3","Mustela_nivalis","Mustela_nivalis.3"
"4","Rangifer_tarandus","Rangifer_tarandus.1"
"5","Meles_meles","Meles_meles.1"
"6","Xenicus_giliventris","Xenicus_giliventris.1"
"7","Tribonyx_mortieri","Tribonyx_mortieri.1"
"8","Microgale_thomasi","Microgale_thomasi.1"
"9","Monodelphis_domestica","Monodelphis_domestica.1"
"10","Monodelphis_domestica","Monodelphis_domestica.2"
"11","Meles_meles","Meles_meles.2"
"12","Mustela_nivalis","Mustela_nivalis.4"
"13","Mustela_nivalis","Mustela_nivalis.5"
"14","Microgale_thomasi","Microgale_thomasi.2"
"15","Euroscaptor_micrura","Euroscaptor_micrura.1"
"16","Cephalophus_silvicultor","Cephalophus_silvicultor.1"
"17","Giraffa_camelopardalis","Giraffa_camelopardalis.1"
"18","Loxodonta_africana","Loxodonta_africana.1"
"19","Sus_scrofa","Sus_scrofa.1"
"20","Dama_dama","Dama_dama.1"
"21","Cephalophus_silvicultor","Cephalophus_silvicultor.2"
"22","Dicerorhinus_sumatrensis","Dicerorhinus_sumatrensis.1"
"23","Castor_fiber","Castor_fiber.1"
"24","Dyrosaurid","Dyrosaurid.1"
"25","Castor_fiber","Castor_fiber.2"
"26","Simosaurus","Simosaurus.1"
"27","Palaeospheniscus","Palaeospheniscus.1"
"28","Metryorhynchus","Metryorhynchus.1"
"29","Hydromys_chrysogaster","Hydromys_chrysogaster.1"
"30","Serpianosaurus","Serpianosaurus.1"
"31","Cricosaurus","Cricosaurus.1"
"32","Basilosaurus","Basilosaurus.1"
"33","Aptenodytes______","Aptenodytes______.1"
"34","Maiacetus","Maiacetus.1"
"35","Hippopotamus_amphibius","Hippopotamus_amphibius.1"
"36","Dyrosaurid","Dyrosaurid.2"
"37","Otaria_byronia","Otaria_byronia.1"
"38","Hexaprotodon_garyam","Hexaprotodon_garyam.1"
"39","Small_Eocene_penguin","Small_Eocene_penguin.1"
"40","Palaeospheniscus","Palaeospheniscus.2"
"41","Nothosaurus_102","Nothosaurus_102.1"
"42","Spinosaurus_","Spinosaurus_.1"
"43","Spinosaurus_","Spinosaurus_.2"
"44","Spinosaurus_","Spinosaurus_.3"
"45","Spinosaurus_","Spinosaurus_.4"
"46","Spinosaurus_","Spinosaurus_.5"
"47","Spinosaurus_","Spinosaurus_.6"
"48","Spinosaurus_","Spinosaurus_.7"
"49","Spinosaurus_","Spinosaurus_.8"
"50","Spinosaurus_","Spinosaurus_.9"
"51","Spinosaurus_","Spinosaurus_.10"
"52","Spinosaurus_","Spinosaurus_.11"
"53","Suchomimus","Suchomimus.1"
"54","Suchomimus","Suchomimus.2"
"55","Suchomimus","Suchomimus.3"
"56","Baryonyx","Baryonyx.1"
"57","Baryonyx","Baryonyx.2"
"58","Baryonyx","Baryonyx.3"
 
* Phylo tree and the main data and strata files have been modified to include duplicated taxa before the scaled random trees are generated.
* Selected categorical labels column: diving.or.not
* diving.or.equal column is identical to Diving column.
* Regression excludes flying taxa.
* Diving labels that are present in regression: 0,2
* lambda (calculated from a random tree) = : 0.13
* index-name alignment check: OK
