Logfile for a session of program: bootstrap_binary.r
-----------------------------------------------------
INPUT:
workDir: C:/dino_nature/output/2023-11-07-D1\bs/set_876
Nbootstrapsets: 2000
phyloFDAfile: c:/dino_nature/code/phylo.fda.R
auxFile: c:/dino_nature/code/auxiliary.r
boneType: femur
regressionData.file: C:/dino_nature/output/2023-11-07-D1\bs/set_876/femur_set_876.csv
applyDataFilter: FALSE
addTreeTips: TRUE
Ntrees: 100
calculateTrees: TRUE
saveTrees: FALSE


OPERATIONAL CHECKS:
* Regression data contains multiple copies of some taxa (user added variants of existing test taxa 
   or replacements due to bootstrap are present) which are not in the phylo tree:
     original taxon,   duplicate   
"1","Rattus_rattus","Rattus_rattus.1"
"2","Euroscaptor_micrura","Euroscaptor_micrura.1"
"3","Rattus_rattus","Rattus_rattus.2"
"4","Mus_musculus","Mus_musculus.1"
"5","Euroscaptor_micrura","Euroscaptor_micrura.2"
"6","Capreolus_capreolus","Capreolus_capreolus.1"
"7","Uncia_uncia","Uncia_uncia.1"
"8","Lacerta_viridis","Lacerta_viridis.1"
"9","Taxidea_taxus","Taxidea_taxus.1"
"10","Rattus_rattus","Rattus_rattus.3"
"11","Euroscaptor_micrura","Euroscaptor_micrura.3"
"12","Dama_dama","Dama_dama.1"
"13","Euroscaptor_micrura","Euroscaptor_micrura.4"
"14","Euroscaptor_micrura","Euroscaptor_micrura.5"
"15","Vulpes_vulpes","Vulpes_vulpes.1"
"16","Atlantisia_rogersi","Atlantisia_rogersi.1"
"17","Mustela_nivalis","Mustela_nivalis.1"
"18","Taxidea_taxus","Taxidea_taxus.2"
"19","Giraffa_camelopardalis","Giraffa_camelopardalis.1"
"20","Mustela_nivalis","Mustela_nivalis.2"
"21","Vulpes_vulpes","Vulpes_vulpes.2"
"22","Giraffa_camelopardalis","Giraffa_camelopardalis.2"
"23","Rattus_rattus","Rattus_rattus.4"
"24","Mustela_nivalis","Mustela_nivalis.3"
"25","Paraplacodus","Paraplacodus.1"
"26","Nothosaurus_giganteus","Nothosaurus_giganteus.1"
"27","Phocanella_pumila","Phocanella_pumila.1"
"28","Rhaeticosaurus","Rhaeticosaurus.1"
"29","Nothosaurus_568","Nothosaurus_568.1"
"30","Hesperornis","Hesperornis.1"
"31","Simosaurus_1","Simosaurus_1.1"
"32","Noemys_fodies","Noemys_fodies.1"
"33","Hesperornis","Hesperornis.2"
"34","Placodontia_indet_1","Placodontia_indet_1.1"
"35","Cricosaurus","Cricosaurus.1"
"36","Anarosaurus","Anarosaurus.1"
"37","Paraplacodus","Paraplacodus.2"
"38","Neusticosaurus","Neusticosaurus.1"
"39","Desmana_moschata","Desmana_moschata.1"
"40","Hydromys_chrysogaster","Hydromys_chrysogaster.1"
"41","Paraplacodus","Paraplacodus.3"
"42","Small_Eocene_penguin","Small_Eocene_penguin.1"
"43","Ichtyosaur_sp","Ichtyosaur_sp.1"
"44","Noemys_fodies","Noemys_fodies.2"
"45","Plesiosaurus","Plesiosaurus.1"
"46","Spheniscus","Spheniscus.1"
"47","Spinosaurus_","Spinosaurus_.1"
"48","Spinosaurus_","Spinosaurus_.2"
"49","Spinosaurus_","Spinosaurus_.3"
"50","Spinosaurus_","Spinosaurus_.4"
"51","Spinosaurus_","Spinosaurus_.5"
"52","Spinosaurus_","Spinosaurus_.6"
"53","Spinosaurus_","Spinosaurus_.7"
"54","Spinosaurus_","Spinosaurus_.8"
"55","Spinosaurus_","Spinosaurus_.9"
"56","Spinosaurus_","Spinosaurus_.10"
"57","Spinosaurus_","Spinosaurus_.11"
"58","Suchomimus","Suchomimus.1"
"59","Suchomimus","Suchomimus.2"
"60","Suchomimus","Suchomimus.3"
"61","Baryonyx","Baryonyx.1"
"62","Baryonyx","Baryonyx.2"
"63","Baryonyx","Baryonyx.3"
 
* Phylo tree and the main data and strata files have been modified to include duplicated taxa before the scaled random trees are generated.
* Selected categorical labels column: diving.or.not
* diving.or.equal column is identical to Diving column.
* Regression excludes flying taxa.
* Diving labels that are present in regression: 0,2
* lambda (calculated from a random tree) = : 0.11
* index-name alignment check: OK
