Logfile for a session of program: bootstrap_binary.r
-----------------------------------------------------
INPUT:
workDir: C:/dino_nature/output/2023-11-07-D1\bs/set_944
Nbootstrapsets: 2000
phyloFDAfile: c:/dino_nature/code/phylo.fda.R
auxFile: c:/dino_nature/code/auxiliary.r
boneType: femur
regressionData.file: C:/dino_nature/output/2023-11-07-D1\bs/set_944/femur_set_944.csv
applyDataFilter: FALSE
addTreeTips: TRUE
Ntrees: 100
calculateTrees: TRUE
saveTrees: FALSE


OPERATIONAL CHECKS:
* Regression data contains multiple copies of some taxa (user added variants of existing test taxa 
   or replacements due to bootstrap are present) which are not in the phylo tree:
     original taxon,   duplicate   
"1","Hemiechinus_azurites","Hemiechinus_azurites.1"
"2","Rangifer_tarandus","Rangifer_tarandus.1"
"3","Sus_scrofa","Sus_scrofa.1"
"4","Sus_scrofa","Sus_scrofa.2"
"5","Rattus_rattus","Rattus_rattus.1"
"6","Rattus_rattus","Rattus_rattus.2"
"7","Raphus","Raphus.1"
"8","Dromaius_","Dromaius_.1"
"9","Cephalophus_silvicultor","Cephalophus_silvicultor.1"
"10","Euroscaptor_micrura","Euroscaptor_micrura.1"
"11","Rynochetus_jubatus","Rynochetus_jubatus.1"
"12","Hemiechinus_azurites","Hemiechinus_azurites.2"
"13","Sus_scrofa","Sus_scrofa.3"
"14","Rhinoceros_sondaicus","Rhinoceros_sondaicus.1"
"15","Microgale_thomasi","Microgale_thomasi.1"
"16","Lacerta_viridis","Lacerta_viridis.1"
"17","Bos_taurus","Bos_taurus.1"
"18","Alces_americanus","Alces_americanus.1"
"19","Strigiops_habroptilus","Strigiops_habroptilus.1"
"20","Okapia_johnstoni","Okapia_johnstoni.1"
"21","Hemiechinus_azurites","Hemiechinus_azurites.3"
"22","Protochampsidae","Protochampsidae.1"
"23","Dyrosaurid","Dyrosaurid.1"
"24","Nothosaurus_568","Nothosaurus_568.1"
"25","Cryptoclidus","Cryptoclidus.1"
"26","Psephoderma","Psephoderma.1"
"27","Plesiosaurus","Plesiosaurus.1"
"28","Remingtonocetus","Remingtonocetus.1"
"29","Maiacetus","Maiacetus.1"
"30","Cryptoclidus","Cryptoclidus.2"
"31","Ichtyosaur_sp","Ichtyosaur_sp.1"
"32","Dyrosaurid","Dyrosaurid.2"
"33","Ichtyosaur_sp","Ichtyosaur_sp.2"
"34","Nothosaurus_102","Nothosaurus_102.1"
"35","Tapirus_terrestris","Tapirus_terrestris.1"
"36","Nothosaurus_mirabilis","Nothosaurus_mirabilis.1"
"37","Nothosaurus_mirabilis","Nothosaurus_mirabilis.2"
"38","Maiacetus","Maiacetus.2"
"39","Placodontia_indet_1","Placodontia_indet_1.1"
"40","Plesiosaurus","Plesiosaurus.2"
"41","Maiacetus","Maiacetus.3"
"42","Neusticosaurus","Neusticosaurus.1"
"43","Maiacetus","Maiacetus.4"
"44","Noemys_fodies","Noemys_fodies.1"
"45","Spinosaurus_","Spinosaurus_.1"
"46","Spinosaurus_","Spinosaurus_.2"
"47","Spinosaurus_","Spinosaurus_.3"
"48","Spinosaurus_","Spinosaurus_.4"
"49","Spinosaurus_","Spinosaurus_.5"
"50","Spinosaurus_","Spinosaurus_.6"
"51","Spinosaurus_","Spinosaurus_.7"
"52","Spinosaurus_","Spinosaurus_.8"
"53","Spinosaurus_","Spinosaurus_.9"
"54","Spinosaurus_","Spinosaurus_.10"
"55","Spinosaurus_","Spinosaurus_.11"
"56","Suchomimus","Suchomimus.1"
"57","Suchomimus","Suchomimus.2"
"58","Suchomimus","Suchomimus.3"
"59","Baryonyx","Baryonyx.1"
"60","Baryonyx","Baryonyx.2"
"61","Baryonyx","Baryonyx.3"
 
* Phylo tree and the main data and strata files have been modified to include duplicated taxa before the scaled random trees are generated.
* Selected categorical labels column: diving.or.not
* diving.or.equal column is identical to Diving column.
* Regression excludes flying taxa.
* Diving labels that are present in regression: 0,2
* lambda (calculated from a random tree) = : 0.11
* index-name alignment check: OK
