Logfile for a session of program: bootstrap_binary.r
-----------------------------------------------------
INPUT:
workDir: C:/dino_nature/output/2023-11-07-D1\bs/set_84
Nbootstrapsets: 2000
phyloFDAfile: c:/dino_nature/code/phylo.fda.R
auxFile: c:/dino_nature/code/auxiliary.r
boneType: femur
regressionData.file: C:/dino_nature/output/2023-11-07-D1\bs/set_84/femur_set_84.csv
applyDataFilter: FALSE
addTreeTips: TRUE
Ntrees: 100
calculateTrees: TRUE
saveTrees: FALSE


OPERATIONAL CHECKS:
* Regression data contains multiple copies of some taxa (user added variants of existing test taxa 
   or replacements due to bootstrap are present) which are not in the phylo tree:
     original taxon,   duplicate   
"1","Bos_taurus","Bos_taurus.1"
"2","Xenicus_giliventris","Xenicus_giliventris.1"
"3","Porphyrio_hochstetteri","Porphyrio_hochstetteri.1"
"4","Bison_bonasus","Bison_bonasus.1"
"5","Tenrec_ecaudatus","Tenrec_ecaudatus.1"
"6","Bos_taurus","Bos_taurus.2"
"7","Rhinoceros_sondaicus","Rhinoceros_sondaicus.1"
"8","Bison_bonasus","Bison_bonasus.2"
"9","Loxodonta_africana","Loxodonta_africana.1"
"10","Rattus_rattus","Rattus_rattus.1"
"11","Raphus","Raphus.1"
"12","Capreolus_capreolus","Capreolus_capreolus.1"
"13","Porphyrio_hochstetteri","Porphyrio_hochstetteri.2"
"14","Loxodonta_africana","Loxodonta_africana.2"
"15","Loxodonta_africana","Loxodonta_africana.3"
"16","Procyon_lotor","Procyon_lotor.1"
"17","Felis_felis","Felis_felis.1"
"18","Capreolus_capreolus","Capreolus_capreolus.2"
"19","Procyon_lotor","Procyon_lotor.2"
"20","Nyctereutes_procyonoides","Nyctereutes_procyonoides.1"
"21","Nyctereutes_procyonoides","Nyctereutes_procyonoides.2"
"22","Procavia_capensis","Procavia_capensis.1"
"23","Giraffa_camelopardalis","Giraffa_camelopardalis.1"
"24","Placondontia_indet","Placondontia_indet.1"
"25","Placondontia_indet","Placondontia_indet.2"
"26","Desmostylus_hesperus","Desmostylus_hesperus.1"
"27","Small_Eocene_penguin","Small_Eocene_penguin.1"
"28","Dyrosaurid","Dyrosaurid.1"
"29","Small_Eocene_penguin","Small_Eocene_penguin.2"
"30","Caiman_yacare","Caiman_yacare.1"
"31","Psephoderma","Psephoderma.1"
"32","Nothosaurus_102","Nothosaurus_102.1"
"33","Pistosaurus","Pistosaurus.1"
"34","Nothosaurus_giganteus","Nothosaurus_giganteus.1"
"35","Caiman_yacare","Caiman_yacare.2"
"36","Placodontia_indet_1","Placodontia_indet_1.1"
"37","Placodontia_indet_1","Placodontia_indet_1.2"
"38","Small_Eocene_penguin","Small_Eocene_penguin.3"
"39","Desmana_moschata","Desmana_moschata.1"
"40","Noemys_fodies","Noemys_fodies.1"
"41","Rhaeticosaurus","Rhaeticosaurus.1"
"42","Desmana_moschata","Desmana_moschata.2"
"43","Psephoderma","Psephoderma.2"
"44","Chapsosaurus_","Chapsosaurus_.1"
"45","Spinosaurus_","Spinosaurus_.1"
"46","Spinosaurus_","Spinosaurus_.2"
"47","Spinosaurus_","Spinosaurus_.3"
"48","Spinosaurus_","Spinosaurus_.4"
"49","Spinosaurus_","Spinosaurus_.5"
"50","Spinosaurus_","Spinosaurus_.6"
"51","Spinosaurus_","Spinosaurus_.7"
"52","Spinosaurus_","Spinosaurus_.8"
"53","Spinosaurus_","Spinosaurus_.9"
"54","Spinosaurus_","Spinosaurus_.10"
"55","Spinosaurus_","Spinosaurus_.11"
"56","Suchomimus","Suchomimus.1"
"57","Suchomimus","Suchomimus.2"
"58","Suchomimus","Suchomimus.3"
"59","Baryonyx","Baryonyx.1"
"60","Baryonyx","Baryonyx.2"
"61","Baryonyx","Baryonyx.3"
 
* Phylo tree and the main data and strata files have been modified to include duplicated taxa before the scaled random trees are generated.
* Selected categorical labels column: diving.or.not
* diving.or.equal column is identical to Diving column.
* Regression excludes flying taxa.
* Diving labels that are present in regression: 0,2
* lambda (calculated from a random tree) = : 0.09
* index-name alignment check: OK
