Logfile for a session of program: bootstrap_binary.r
-----------------------------------------------------
INPUT:
workDir: C:/dino_nature/output/2023-11-07-D1\bs/set_712
Nbootstrapsets: 2000
phyloFDAfile: c:/dino_nature/code/phylo.fda.R
auxFile: c:/dino_nature/code/auxiliary.r
boneType: femur
regressionData.file: C:/dino_nature/output/2023-11-07-D1\bs/set_712/femur_set_712.csv
applyDataFilter: FALSE
addTreeTips: TRUE
Ntrees: 100
calculateTrees: TRUE
saveTrees: FALSE


OPERATIONAL CHECKS:
* Regression data contains multiple copies of some taxa (user added variants of existing test taxa 
   or replacements due to bootstrap are present) which are not in the phylo tree:
     original taxon,   duplicate   
"1","Tenrec_ecaudatus","Tenrec_ecaudatus.1"
"2","Sus_scrofa","Sus_scrofa.1"
"3","Rhynchocyon_petersi","Rhynchocyon_petersi.1"
"4","Felis_felis","Felis_felis.1"
"5","Bos_taurus","Bos_taurus.1"
"6","Myrmecophaga_tridactyla","Myrmecophaga_tridactyla.1"
"7","Dama_dama","Dama_dama.1"
"8","Taxidea_taxus","Taxidea_taxus.1"
"9","Tribonyx_mortieri","Tribonyx_mortieri.1"
"10","Bison_bonasus","Bison_bonasus.1"
"11","Lama_guanicoe","Lama_guanicoe.1"
"12","Taxidea_taxus","Taxidea_taxus.2"
"13","Loxodonta_africana","Loxodonta_africana.1"
"14","Rhinoceros_sondaicus","Rhinoceros_sondaicus.1"
"15","Lama_guanicoe","Lama_guanicoe.2"
"16","Rynochetus_jubatus","Rynochetus_jubatus.1"
"17","Strigiops_habroptilus","Strigiops_habroptilus.1"
"18","Brachyodus_onoideum","Brachyodus_onoideum.1"
"19","Spheniscus","Spheniscus.1"
"20","Placodontia_indet_1","Placodontia_indet_1.1"
"21","Rhaeticosaurus","Rhaeticosaurus.1"
"22","Hippopotamus_amphibius","Hippopotamus_amphibius.1"
"23","Choeropsis_liberiensis","Choeropsis_liberiensis.1"
"24","Ichtyosaur_sp","Ichtyosaur_sp.1"
"25","Ichtyosaur_sp","Ichtyosaur_sp.2"
"26","Nothosaurus_giganteus","Nothosaurus_giganteus.1"
"27","Hippopotamus_amphibius","Hippopotamus_amphibius.2"
"28","Nothosaurus_giganteus","Nothosaurus_giganteus.2"
"29","Nothosaurus_150","Nothosaurus_150.1"
"30","large_eocene_stem_penguin","large_eocene_stem_penguin.1"
"31","Nothosaurus_giganteus","Nothosaurus_giganteus.3"
"32","Choeropsis_liberiensis","Choeropsis_liberiensis.2"
"33","Nothosaurus_giganteus","Nothosaurus_giganteus.4"
"34","Nothosaurus_102","Nothosaurus_102.1"
"35","Nothosaurus_mirabilis_1","Nothosaurus_mirabilis_1.1"
"36","Paraplacodus","Paraplacodus.1"
"37","Aptenodytes______","Aptenodytes______.1"
"38","Plesiosaurus","Plesiosaurus.1"
"39","Spheniscus","Spheniscus.2"
"40","Nothosaurus_102","Nothosaurus_102.2"
"41","Ornithorhynchus_anatinus","Ornithorhynchus_anatinus.1"
"42","large_eocene_stem_penguin","large_eocene_stem_penguin.2"
"43","Spinosaurus_","Spinosaurus_.1"
"44","Spinosaurus_","Spinosaurus_.2"
"45","Spinosaurus_","Spinosaurus_.3"
"46","Spinosaurus_","Spinosaurus_.4"
"47","Spinosaurus_","Spinosaurus_.5"
"48","Spinosaurus_","Spinosaurus_.6"
"49","Spinosaurus_","Spinosaurus_.7"
"50","Spinosaurus_","Spinosaurus_.8"
"51","Spinosaurus_","Spinosaurus_.9"
"52","Spinosaurus_","Spinosaurus_.10"
"53","Spinosaurus_","Spinosaurus_.11"
"54","Suchomimus","Suchomimus.1"
"55","Suchomimus","Suchomimus.2"
"56","Suchomimus","Suchomimus.3"
"57","Baryonyx","Baryonyx.1"
"58","Baryonyx","Baryonyx.2"
"59","Baryonyx","Baryonyx.3"
 
* Phylo tree and the main data and strata files have been modified to include duplicated taxa before the scaled random trees are generated.
* Selected categorical labels column: diving.or.not
* diving.or.equal column is identical to Diving column.
* Regression excludes flying taxa.
* Diving labels that are present in regression: 0,2
* lambda (calculated from a random tree) = : 0.14
* index-name alignment check: OK
