Logfile for a session of program: bootstrap_binary.r
-----------------------------------------------------
INPUT:
workDir: C:/dino_nature/output/2023-11-07-D1\bs/set_1338
Nbootstrapsets: 2000
phyloFDAfile: c:/dino_nature/code/phylo.fda.R
auxFile: c:/dino_nature/code/auxiliary.r
boneType: femur
regressionData.file: C:/dino_nature/output/2023-11-07-D1\bs/set_1338/femur_set_1338.csv
applyDataFilter: FALSE
addTreeTips: TRUE
Ntrees: 100
calculateTrees: TRUE
saveTrees: FALSE


OPERATIONAL CHECKS:
* Regression data contains multiple copies of some taxa (user added variants of existing test taxa 
   or replacements due to bootstrap are present) which are not in the phylo tree:
     original taxon,   duplicate   
"1","Mustela_nivalis","Mustela_nivalis.1"
"2","Rhinoceros_sondaicus","Rhinoceros_sondaicus.1"
"3","Brachyodus_onoideum","Brachyodus_onoideum.1"
"4","Brachyodus_onoideum","Brachyodus_onoideum.2"
"5","Rhinoceros_sondaicus","Rhinoceros_sondaicus.2"
"6","Rynochetus_jubatus","Rynochetus_jubatus.1"
"7","Hemiechinus_azurites","Hemiechinus_azurites.1"
"8","Procavia_capensis","Procavia_capensis.1"
"9","Uncia_uncia","Uncia_uncia.1"
"10","Megaloceros_sp","Megaloceros_sp.1"
"11","Mammuthus_sp","Mammuthus_sp.1"
"12","Rattus_rattus","Rattus_rattus.1"
"13","Raphus","Raphus.1"
"14","Myrmecophaga_tridactyla","Myrmecophaga_tridactyla.1"
"15","Strigiops_habroptilus","Strigiops_habroptilus.1"
"16","Brachyodus_onoideum","Brachyodus_onoideum.3"
"17","Mustela_nivalis","Mustela_nivalis.2"
"18","Strigiops_habroptilus","Strigiops_habroptilus.2"
"19","Vulpes_vulpes","Vulpes_vulpes.1"
"20","Megaloceros_sp","Megaloceros_sp.2"
"21","Paguma_larvata","Paguma_larvata.1"
"22","Brachyodus_onoideum","Brachyodus_onoideum.4"
"23","Lama_guanicoe","Lama_guanicoe.1"
"24","Ceratotherium_simum","Ceratotherium_simum.1"
"25","Chironectes_minimus","Chironectes_minimus.1"
"26","Pistosaurus","Pistosaurus.1"
"27","Indohyus","Indohyus.1"
"28","Hippopotamus_amphibius","Hippopotamus_amphibius.1"
"29","Nothosaurus_102","Nothosaurus_102.1"
"30","Chapsosaurus_","Chapsosaurus_.1"
"31","Otaria_byronia","Otaria_byronia.1"
"32","Nothosaurus_mirabilis_1","Nothosaurus_mirabilis_1.1"
"33","Chapsosaurus_","Chapsosaurus_.2"
"34","Pistosaurus","Pistosaurus.2"
"35","Chironectes_minimus","Chironectes_minimus.2"
"36","Hippopotamus_amphibius","Hippopotamus_amphibius.2"
"37","Otaria_byronia","Otaria_byronia.2"
"38","Chapsosaurus_","Chapsosaurus_.3"
"39","Pistosaurus","Pistosaurus.3"
"40","Maiacetus","Maiacetus.1"
"41","Basilosaurus","Basilosaurus.1"
"42","Nothosaurus_giganteus","Nothosaurus_giganteus.1"
"43","Anarosaurus","Anarosaurus.1"
"44","Rodhocetus","Rodhocetus.1"
"45","Nothosaurus_150","Nothosaurus_150.1"
"46","Spinosaurus_","Spinosaurus_.1"
"47","Spinosaurus_","Spinosaurus_.2"
"48","Spinosaurus_","Spinosaurus_.3"
"49","Spinosaurus_","Spinosaurus_.4"
"50","Spinosaurus_","Spinosaurus_.5"
"51","Spinosaurus_","Spinosaurus_.6"
"52","Spinosaurus_","Spinosaurus_.7"
"53","Spinosaurus_","Spinosaurus_.8"
"54","Spinosaurus_","Spinosaurus_.9"
"55","Spinosaurus_","Spinosaurus_.10"
"56","Spinosaurus_","Spinosaurus_.11"
"57","Suchomimus","Suchomimus.1"
"58","Suchomimus","Suchomimus.2"
"59","Suchomimus","Suchomimus.3"
"60","Baryonyx","Baryonyx.1"
"61","Baryonyx","Baryonyx.2"
"62","Baryonyx","Baryonyx.3"
 
* Phylo tree and the main data and strata files have been modified to include duplicated taxa before the scaled random trees are generated.
* Selected categorical labels column: diving.or.not
* diving.or.equal column is identical to Diving column.
* Regression excludes flying taxa.
* Diving labels that are present in regression: 0,2
* lambda (calculated from a random tree) = : 0.09
* index-name alignment check: OK
