Logfile for a session of program: bootstrap_binary.r
-----------------------------------------------------
INPUT:
workDir: C:/dino_nature/output/2023-11-07-D1\bs/set_1807
Nbootstrapsets: 2000
phyloFDAfile: c:/dino_nature/code/phylo.fda.R
auxFile: c:/dino_nature/code/auxiliary.r
boneType: femur
regressionData.file: C:/dino_nature/output/2023-11-07-D1\bs/set_1807/femur_set_1807.csv
applyDataFilter: FALSE
addTreeTips: TRUE
Ntrees: 100
calculateTrees: TRUE
saveTrees: FALSE


OPERATIONAL CHECKS:
* Regression data contains multiple copies of some taxa (user added variants of existing test taxa 
   or replacements due to bootstrap are present) which are not in the phylo tree:
     original taxon,   duplicate   
"1","Tamandua_tetradactyla","Tamandua_tetradactyla.1"
"2","Syncerus_caffer","Syncerus_caffer.1"
"3","Caloenas_nicobarica","Caloenas_nicobarica.1"
"4","Tenrec_ecaudatus","Tenrec_ecaudatus.1"
"5","Giraffa_camelopardalis","Giraffa_camelopardalis.1"
"6","Microgale_thomasi","Microgale_thomasi.1"
"7","Porphyrio_hochstetteri","Porphyrio_hochstetteri.1"
"8","Ceratotherium_simum","Ceratotherium_simum.1"
"9","Porphyrio_hochstetteri","Porphyrio_hochstetteri.2"
"10","Tenrec_ecaudatus","Tenrec_ecaudatus.2"
"11","Mus_musculus","Mus_musculus.1"
"12","Mammuthus_sp","Mammuthus_sp.1"
"13","Tribonyx_mortieri","Tribonyx_mortieri.1"
"14","Bison_bonasus","Bison_bonasus.1"
"15","Monodelphis_domestica","Monodelphis_domestica.1"
"16","Vulpes_vulpes","Vulpes_vulpes.1"
"17","Tenrec_ecaudatus","Tenrec_ecaudatus.3"
"18","Mammuthus_sp","Mammuthus_sp.2"
"19","Sphenodon_punctatus","Sphenodon_punctatus.1"
"20","Brachyodus_onoideum","Brachyodus_onoideum.1"
"21","Raphus","Raphus.1"
"22","Caloenas_nicobarica","Caloenas_nicobarica.2"
"23","Meles_meles","Meles_meles.1"
"24","Otaria_byronia","Otaria_byronia.1"
"25","Alligator","Alligator.1"
"26","Otaria_byronia","Otaria_byronia.2"
"27","Psephoderma","Psephoderma.1"
"28","Noemys_fodies","Noemys_fodies.1"
"29","Psephoderma","Psephoderma.2"
"30","Hexaprotodon_garyam","Hexaprotodon_garyam.1"
"31","Spheniscus","Spheniscus.1"
"32","Micropotamogale_euwenzorii","Micropotamogale_euwenzorii.1"
"33","Lutra_vulgaris","Lutra_vulgaris.1"
"34","Simosaurus","Simosaurus.1"
"35","Hexaprotodon_garyam","Hexaprotodon_garyam.2"
"36","Desmana_moschata","Desmana_moschata.1"
"37","Simosaurus_1","Simosaurus_1.1"
"38","Hesperornis","Hesperornis.1"
"39","Indohyus","Indohyus.1"
"40","Simosaurus_1","Simosaurus_1.2"
"41","Indohyus","Indohyus.2"
"42","Lutra_vulgaris","Lutra_vulgaris.2"
"43","Hexaprotodon_garyam","Hexaprotodon_garyam.3"
"44","Aptenodytes______","Aptenodytes______.1"
"45","Hydromys_chrysogaster","Hydromys_chrysogaster.1"
"46","Tapirus_terrestris","Tapirus_terrestris.1"
"47","Spinosaurus_","Spinosaurus_.1"
"48","Spinosaurus_","Spinosaurus_.2"
"49","Spinosaurus_","Spinosaurus_.3"
"50","Spinosaurus_","Spinosaurus_.4"
"51","Spinosaurus_","Spinosaurus_.5"
"52","Spinosaurus_","Spinosaurus_.6"
"53","Spinosaurus_","Spinosaurus_.7"
"54","Spinosaurus_","Spinosaurus_.8"
"55","Spinosaurus_","Spinosaurus_.9"
"56","Spinosaurus_","Spinosaurus_.10"
"57","Spinosaurus_","Spinosaurus_.11"
"58","Suchomimus","Suchomimus.1"
"59","Suchomimus","Suchomimus.2"
"60","Suchomimus","Suchomimus.3"
"61","Baryonyx","Baryonyx.1"
"62","Baryonyx","Baryonyx.2"
"63","Baryonyx","Baryonyx.3"
 
* Phylo tree and the main data and strata files have been modified to include duplicated taxa before the scaled random trees are generated.
* Selected categorical labels column: diving.or.not
* diving.or.equal column is identical to Diving column.
* Regression excludes flying taxa.
* Diving labels that are present in regression: 0,2
* lambda (calculated from a random tree) = : 0.1
* index-name alignment check: OK
