Logfile for a session of program: bootstrap_binary.r
-----------------------------------------------------
INPUT:
workDir: C:/dino_nature/output/2023-11-07-D1\bs/set_1043
Nbootstrapsets: 2000
phyloFDAfile: c:/dino_nature/code/phylo.fda.R
auxFile: c:/dino_nature/code/auxiliary.r
boneType: femur
regressionData.file: C:/dino_nature/output/2023-11-07-D1\bs/set_1043/femur_set_1043.csv
applyDataFilter: FALSE
addTreeTips: TRUE
Ntrees: 100
calculateTrees: TRUE
saveTrees: FALSE


OPERATIONAL CHECKS:
* Regression data contains multiple copies of some taxa (user added variants of existing test taxa 
   or replacements due to bootstrap are present) which are not in the phylo tree:
     original taxon,   duplicate   
"1","Taxidea_taxus","Taxidea_taxus.1"
"2","Brachyodus_onoideum","Brachyodus_onoideum.1"
"3","Diplomesodon_pulchellum","Diplomesodon_pulchellum.1"
"4","Rhinoceros_sondaicus","Rhinoceros_sondaicus.1"
"5","Taxidea_taxus","Taxidea_taxus.2"
"6","Rynochetus_jubatus","Rynochetus_jubatus.1"
"7","Mammuthus_sp","Mammuthus_sp.1"
"8","Myrmecophaga_tridactyla","Myrmecophaga_tridactyla.1"
"9","Myrmecophaga_tridactyla","Myrmecophaga_tridactyla.2"
"10","Alces_americanus","Alces_americanus.1"
"11","Syncerus_caffer","Syncerus_caffer.1"
"12","Paguma_larvata","Paguma_larvata.1"
"13","Lacerta_viridis","Lacerta_viridis.1"
"14","Apteryx_australis","Apteryx_australis.1"
"15","Pogona_viceps","Pogona_viceps.1"
"16","Brachyodus_onoideum","Brachyodus_onoideum.2"
"17","Rangifer_tarandus","Rangifer_tarandus.1"
"18","Bos_taurus","Bos_taurus.1"
"19","Lacerta_viridis","Lacerta_viridis.2"
"20","Tamandua_tetradactyla","Tamandua_tetradactyla.1"
"21","Nothosaurus_150","Nothosaurus_150.1"
"22","Pistosaurus","Pistosaurus.1"
"23","Palaeospheniscus","Palaeospheniscus.1"
"24","Phalacrocorax_harrisi","Phalacrocorax_harrisi.1"
"25","Ichtyosaur_sp","Ichtyosaur_sp.1"
"26","Ichtyosaur_sp","Ichtyosaur_sp.2"
"27","Hydromys_chrysogaster","Hydromys_chrysogaster.1"
"28","Nothosaurus_568","Nothosaurus_568.1"
"29","Nothosaurus_150","Nothosaurus_150.2"
"30","Choeropsis_liberiensis","Choeropsis_liberiensis.1"
"31","Pistosaurus","Pistosaurus.2"
"32","Maiacetus","Maiacetus.1"
"33","Rhaeticosaurus","Rhaeticosaurus.1"
"34","Hexaprotodon_garyam","Hexaprotodon_garyam.1"
"35","Anarosaurus","Anarosaurus.1"
"36","Nothosaurus_102","Nothosaurus_102.1"
"37","Palaeospheniscus","Palaeospheniscus.2"
"38","Choeropsis_liberiensis","Choeropsis_liberiensis.2"
"39","Phocanella_pumila","Phocanella_pumila.1"
"40","Hydromys_chrysogaster","Hydromys_chrysogaster.2"
"41","Champsosaurus","Champsosaurus.1"
"42","Remingtonocetus","Remingtonocetus.1"
"43","Choeropsis_liberiensis","Choeropsis_liberiensis.3"
"44","Dyrosaurid","Dyrosaurid.1"
"45","Spinosaurus_","Spinosaurus_.1"
"46","Spinosaurus_","Spinosaurus_.2"
"47","Spinosaurus_","Spinosaurus_.3"
"48","Spinosaurus_","Spinosaurus_.4"
"49","Spinosaurus_","Spinosaurus_.5"
"50","Spinosaurus_","Spinosaurus_.6"
"51","Spinosaurus_","Spinosaurus_.7"
"52","Spinosaurus_","Spinosaurus_.8"
"53","Spinosaurus_","Spinosaurus_.9"
"54","Spinosaurus_","Spinosaurus_.10"
"55","Spinosaurus_","Spinosaurus_.11"
"56","Suchomimus","Suchomimus.1"
"57","Suchomimus","Suchomimus.2"
"58","Suchomimus","Suchomimus.3"
"59","Baryonyx","Baryonyx.1"
"60","Baryonyx","Baryonyx.2"
"61","Baryonyx","Baryonyx.3"
 
* Phylo tree and the main data and strata files have been modified to include duplicated taxa before the scaled random trees are generated.
* Selected categorical labels column: diving.or.not
* diving.or.equal column is identical to Diving column.
* Regression excludes flying taxa.
* Diving labels that are present in regression: 0,2
* lambda (calculated from a random tree) = : 0.13
* index-name alignment check: OK
