Logfile for a session of program: bootstrap_binary.r
-----------------------------------------------------
INPUT:
workDir: C:/dino_nature/output/2023-11-07-D1\bs/set_828
Nbootstrapsets: 2000
phyloFDAfile: c:/dino_nature/code/phylo.fda.R
auxFile: c:/dino_nature/code/auxiliary.r
boneType: femur
regressionData.file: C:/dino_nature/output/2023-11-07-D1\bs/set_828/femur_set_828.csv
applyDataFilter: FALSE
addTreeTips: TRUE
Ntrees: 100
calculateTrees: TRUE
saveTrees: FALSE


OPERATIONAL CHECKS:
* Regression data contains multiple copies of some taxa (user added variants of existing test taxa 
   or replacements due to bootstrap are present) which are not in the phylo tree:
     original taxon,   duplicate   
"1","Meles_meles","Meles_meles.1"
"2","Elephas_maximus","Elephas_maximus.1"
"3","Caloenas_nicobarica","Caloenas_nicobarica.1"
"4","Hemiechinus_azurites","Hemiechinus_azurites.1"
"5","Syncerus_caffer","Syncerus_caffer.1"
"6","Rhynchocyon_petersi","Rhynchocyon_petersi.1"
"7","Tamandua_tetradactyla","Tamandua_tetradactyla.1"
"8","Tenrec_ecaudatus","Tenrec_ecaudatus.1"
"9","Mus_musculus","Mus_musculus.1"
"10","Caloenas_nicobarica","Caloenas_nicobarica.2"
"11","Cephalophus_silvicultor","Cephalophus_silvicultor.1"
"12","Syncerus_caffer","Syncerus_caffer.2"
"13","Taxidea_taxus","Taxidea_taxus.1"
"14","Tribonyx_mortieri","Tribonyx_mortieri.1"
"15","Euroscaptor_micrura","Euroscaptor_micrura.1"
"16","Apteryx_owenii_","Apteryx_owenii_.1"
"17","Strigiops_habroptilus","Strigiops_habroptilus.1"
"18","Xenicus_giliventris","Xenicus_giliventris.1"
"19","Nothosaurus_102","Nothosaurus_102.1"
"20","Otaria_byronia","Otaria_byronia.1"
"21","Simosaurus_1","Simosaurus_1.1"
"22","Serpianosaurus","Serpianosaurus.1"
"23","Hesperornis","Hesperornis.1"
"24","Protochampsidae","Protochampsidae.1"
"25","Aptenodytes______","Aptenodytes______.1"
"26","Nothosaurus_150","Nothosaurus_150.1"
"27","Phocanella_pumila","Phocanella_pumila.1"
"28","Noemys_fodies","Noemys_fodies.1"
"29","Simosaurus_1","Simosaurus_1.2"
"30","Spheniscus","Spheniscus.1"
"31","Serpianosaurus","Serpianosaurus.2"
"32","Neusticosaurus","Neusticosaurus.1"
"33","Nothosaurus_mirabilis","Nothosaurus_mirabilis.1"
"34","Rhaeticosaurus","Rhaeticosaurus.1"
"35","Choeropsis_liberiensis","Choeropsis_liberiensis.1"
"36","Palaeospheniscus","Palaeospheniscus.1"
"37","Desmostylus_hesperus","Desmostylus_hesperus.1"
"38","Chapsosaurus_","Chapsosaurus_.1"
"39","Simosaurus_1","Simosaurus_1.3"
"40","Nothosaurus_giganteus","Nothosaurus_giganteus.1"
"41","Psephoderma","Psephoderma.1"
"42","Spinosaurus_","Spinosaurus_.1"
"43","Spinosaurus_","Spinosaurus_.2"
"44","Spinosaurus_","Spinosaurus_.3"
"45","Spinosaurus_","Spinosaurus_.4"
"46","Spinosaurus_","Spinosaurus_.5"
"47","Spinosaurus_","Spinosaurus_.6"
"48","Spinosaurus_","Spinosaurus_.7"
"49","Spinosaurus_","Spinosaurus_.8"
"50","Spinosaurus_","Spinosaurus_.9"
"51","Spinosaurus_","Spinosaurus_.10"
"52","Spinosaurus_","Spinosaurus_.11"
"53","Suchomimus","Suchomimus.1"
"54","Suchomimus","Suchomimus.2"
"55","Suchomimus","Suchomimus.3"
"56","Baryonyx","Baryonyx.1"
"57","Baryonyx","Baryonyx.2"
"58","Baryonyx","Baryonyx.3"
 
* Phylo tree and the main data and strata files have been modified to include duplicated taxa before the scaled random trees are generated.
* Selected categorical labels column: diving.or.not
* diving.or.equal column is identical to Diving column.
* Regression excludes flying taxa.
* Diving labels that are present in regression: 0,2
* lambda (calculated from a random tree) = : 0.12
* index-name alignment check: OK
