Logfile for a session of program: bootstrap_binary.r
-----------------------------------------------------
INPUT:
workDir: C:/dino_nature/output/2023-11-07-D1\bs/set_1541
Nbootstrapsets: 2000
phyloFDAfile: c:/dino_nature/code/phylo.fda.R
auxFile: c:/dino_nature/code/auxiliary.r
boneType: femur
regressionData.file: C:/dino_nature/output/2023-11-07-D1\bs/set_1541/femur_set_1541.csv
applyDataFilter: FALSE
addTreeTips: TRUE
Ntrees: 100
calculateTrees: TRUE
saveTrees: FALSE


OPERATIONAL CHECKS:
* Regression data contains multiple copies of some taxa (user added variants of existing test taxa 
   or replacements due to bootstrap are present) which are not in the phylo tree:
     original taxon,   duplicate   
"1","Nyctereutes_procyonoides","Nyctereutes_procyonoides.1"
"2","Bos_taurus","Bos_taurus.1"
"3","Syncerus_caffer","Syncerus_caffer.1"
"4","Mammuthus_sp","Mammuthus_sp.1"
"5","Meles_meles","Meles_meles.1"
"6","Syncerus_caffer","Syncerus_caffer.2"
"7","Bison_bonasus","Bison_bonasus.1"
"8","Syncerus_caffer","Syncerus_caffer.3"
"9","Tenrec_ecaudatus","Tenrec_ecaudatus.1"
"10","Procyon_lotor","Procyon_lotor.1"
"11","Megaloceros_sp","Megaloceros_sp.1"
"12","Elomeryx_borbonicus_","Elomeryx_borbonicus_.1"
"13","Felis_felis","Felis_felis.1"
"14","Alces_americanus","Alces_americanus.1"
"15","Meles_meles","Meles_meles.2"
"16","Sus_scrofa","Sus_scrofa.1"
"17","Lama_guanicoe","Lama_guanicoe.1"
"18","Diplomesodon_pulchellum","Diplomesodon_pulchellum.1"
"19","Dicerorhinus_sumatrensis","Dicerorhinus_sumatrensis.1"
"20","Elomeryx_borbonicus_","Elomeryx_borbonicus_.2"
"21","Rupicapra_rupicapra","Rupicapra_rupicapra.1"
"22","Rynochetus_jubatus","Rynochetus_jubatus.1"
"23","Paguma_larvata","Paguma_larvata.1"
"24","Anarosaurus","Anarosaurus.1"
"25","Hydromys_chrysogaster","Hydromys_chrysogaster.1"
"26","Palaeospheniscus","Palaeospheniscus.1"
"27","Micropotamogale_euwenzorii","Micropotamogale_euwenzorii.1"
"28","Chironectes_minimus","Chironectes_minimus.1"
"29","Noemys_fodies","Noemys_fodies.1"
"30","Basilosaurus","Basilosaurus.1"
"31","Caiman_yacare","Caiman_yacare.1"
"32","Small_Eocene_penguin","Small_Eocene_penguin.1"
"33","Noemys_fodies","Noemys_fodies.2"
"34","Hydromys_chrysogaster","Hydromys_chrysogaster.2"
"35","Nothosaurus_102","Nothosaurus_102.1"
"36","Maiacetus","Maiacetus.1"
"37","Caiman_yacare","Caiman_yacare.2"
"38","Rhaeticosaurus","Rhaeticosaurus.1"
"39","Callophoca_obscura","Callophoca_obscura.1"
"40","Anarosaurus","Anarosaurus.2"
"41","Palaeospheniscus","Palaeospheniscus.2"
"42","Basilosaurus","Basilosaurus.2"
"43","Rodhocetus","Rodhocetus.1"
"44","Noemys_fodies","Noemys_fodies.3"
"45","Chironectes_minimus","Chironectes_minimus.2"
"46","Spinosaurus_","Spinosaurus_.1"
"47","Spinosaurus_","Spinosaurus_.2"
"48","Spinosaurus_","Spinosaurus_.3"
"49","Spinosaurus_","Spinosaurus_.4"
"50","Spinosaurus_","Spinosaurus_.5"
"51","Spinosaurus_","Spinosaurus_.6"
"52","Spinosaurus_","Spinosaurus_.7"
"53","Spinosaurus_","Spinosaurus_.8"
"54","Spinosaurus_","Spinosaurus_.9"
"55","Spinosaurus_","Spinosaurus_.10"
"56","Spinosaurus_","Spinosaurus_.11"
"57","Suchomimus","Suchomimus.1"
"58","Suchomimus","Suchomimus.2"
"59","Suchomimus","Suchomimus.3"
"60","Baryonyx","Baryonyx.1"
"61","Baryonyx","Baryonyx.2"
"62","Baryonyx","Baryonyx.3"
 
* Phylo tree and the main data and strata files have been modified to include duplicated taxa before the scaled random trees are generated.
* Selected categorical labels column: diving.or.not
* diving.or.equal column is identical to Diving column.
* Regression excludes flying taxa.
* Diving labels that are present in regression: 0,2
* lambda (calculated from a random tree) = : 0.08
* index-name alignment check: OK
