Logfile for a session of program: bootstrap_binary.r
-----------------------------------------------------
INPUT:
workDir: C:/dino_nature/output/2023-11-07-D1\bs/set_1213
Nbootstrapsets: 2000
phyloFDAfile: c:/dino_nature/code/phylo.fda.R
auxFile: c:/dino_nature/code/auxiliary.r
boneType: femur
regressionData.file: C:/dino_nature/output/2023-11-07-D1\bs/set_1213/femur_set_1213.csv
applyDataFilter: FALSE
addTreeTips: TRUE
Ntrees: 100
calculateTrees: TRUE
saveTrees: FALSE


OPERATIONAL CHECKS:
* Regression data contains multiple copies of some taxa (user added variants of existing test taxa 
   or replacements due to bootstrap are present) which are not in the phylo tree:
     original taxon,   duplicate   
"1","Alces_americanus","Alces_americanus.1"
"2","Caloenas_nicobarica","Caloenas_nicobarica.1"
"3","Caloenas_nicobarica","Caloenas_nicobarica.2"
"4","Uncia_uncia","Uncia_uncia.1"
"5","Felis_felis","Felis_felis.1"
"6","Lacerta_viridis","Lacerta_viridis.1"
"7","Rhinoceros_sondaicus","Rhinoceros_sondaicus.1"
"8","Myrmecophaga_tridactyla","Myrmecophaga_tridactyla.1"
"9","Euroscaptor_micrura","Euroscaptor_micrura.1"
"10","Elomeryx_borbonicus_","Elomeryx_borbonicus_.1"
"11","Syncerus_caffer","Syncerus_caffer.1"
"12","Euroscaptor_micrura","Euroscaptor_micrura.2"
"13","Mustela_nivalis","Mustela_nivalis.1"
"14","Uncia_uncia","Uncia_uncia.2"
"15","Elephas_maximus","Elephas_maximus.1"
"16","Sus_scrofa","Sus_scrofa.1"
"17","Monodelphis_domestica","Monodelphis_domestica.1"
"18","Procyon_lotor","Procyon_lotor.1"
"19","Diplomesodon_pulchellum","Diplomesodon_pulchellum.1"
"20","Monodelphis_domestica","Monodelphis_domestica.2"
"21","Placondontia_indet","Placondontia_indet.1"
"22","Hexaprotodon_garyam","Hexaprotodon_garyam.1"
"23","Otaria_byronia","Otaria_byronia.1"
"24","Serpianosaurus","Serpianosaurus.1"
"25","Cryptoclidus","Cryptoclidus.1"
"26","Nothosaurus_giganteus","Nothosaurus_giganteus.1"
"27","Paraplacodus","Paraplacodus.1"
"28","Nothosaurus_102","Nothosaurus_102.1"
"29","Lutra_vulgaris","Lutra_vulgaris.1"
"30","Aptenodytes______","Aptenodytes______.1"
"31","Simosaurus_1","Simosaurus_1.1"
"32","Cricosaurus","Cricosaurus.1"
"33","Ornithorhynchus_anatinus","Ornithorhynchus_anatinus.1"
"34","Placodontia_indet_1","Placodontia_indet_1.1"
"35","Rhaeticosaurus","Rhaeticosaurus.1"
"36","Nothosaurus_102","Nothosaurus_102.2"
"37","Hexaprotodon_garyam","Hexaprotodon_garyam.2"
"38","Hippopotamus_amphibius","Hippopotamus_amphibius.1"
"39","Callophoca_obscura","Callophoca_obscura.1"
"40","Spinosaurus_","Spinosaurus_.1"
"41","Spinosaurus_","Spinosaurus_.2"
"42","Spinosaurus_","Spinosaurus_.3"
"43","Spinosaurus_","Spinosaurus_.4"
"44","Spinosaurus_","Spinosaurus_.5"
"45","Spinosaurus_","Spinosaurus_.6"
"46","Spinosaurus_","Spinosaurus_.7"
"47","Spinosaurus_","Spinosaurus_.8"
"48","Spinosaurus_","Spinosaurus_.9"
"49","Spinosaurus_","Spinosaurus_.10"
"50","Spinosaurus_","Spinosaurus_.11"
"51","Suchomimus","Suchomimus.1"
"52","Suchomimus","Suchomimus.2"
"53","Suchomimus","Suchomimus.3"
"54","Baryonyx","Baryonyx.1"
"55","Baryonyx","Baryonyx.2"
"56","Baryonyx","Baryonyx.3"
 
* Phylo tree and the main data and strata files have been modified to include duplicated taxa before the scaled random trees are generated.
* Selected categorical labels column: diving.or.not
* diving.or.equal column is identical to Diving column.
* Regression excludes flying taxa.
* Diving labels that are present in regression: 0,2
* lambda (calculated from a random tree) = : 0.11
* index-name alignment check: OK
