Logfile for a session of program: bootstrap_binary.r
-----------------------------------------------------
INPUT:
workDir: C:/dino_nature/output/2023-11-07-D1\bs/set_429
Nbootstrapsets: 2000
phyloFDAfile: c:/dino_nature/code/phylo.fda.R
auxFile: c:/dino_nature/code/auxiliary.r
boneType: femur
regressionData.file: C:/dino_nature/output/2023-11-07-D1\bs/set_429/femur_set_429.csv
applyDataFilter: FALSE
addTreeTips: TRUE
Ntrees: 100
calculateTrees: TRUE
saveTrees: FALSE


OPERATIONAL CHECKS:
* Regression data contains multiple copies of some taxa (user added variants of existing test taxa 
   or replacements due to bootstrap are present) which are not in the phylo tree:
     original taxon,   duplicate   
"1","Procyon_lotor","Procyon_lotor.1"
"2","Rattus_rattus","Rattus_rattus.1"
"3","Tamandua_tetradactyla","Tamandua_tetradactyla.1"
"4","Mus_musculus","Mus_musculus.1"
"5","Hemiechinus_azurites","Hemiechinus_azurites.1"
"6","Bos_taurus","Bos_taurus.1"
"7","Atlantisia_rogersi","Atlantisia_rogersi.1"
"8","Sphenodon_punctatus","Sphenodon_punctatus.1"
"9","Tribonyx_mortieri","Tribonyx_mortieri.1"
"10","Caloenas_nicobarica","Caloenas_nicobarica.1"
"11","Tamandua_tetradactyla","Tamandua_tetradactyla.2"
"12","Pogona_viceps","Pogona_viceps.1"
"13","Vulpes_vulpes","Vulpes_vulpes.1"
"14","Megaloceros_sp","Megaloceros_sp.1"
"15","Tamandua_tetradactyla","Tamandua_tetradactyla.3"
"16","Myrmecophaga_tridactyla","Myrmecophaga_tridactyla.1"
"17","Rattus_rattus","Rattus_rattus.2"
"18","Bison_bonasus","Bison_bonasus.1"
"19","Pogona_viceps","Pogona_viceps.2"
"20","Apteryx_australis","Apteryx_australis.1"
"21","Pogona_viceps","Pogona_viceps.3"
"22","Megaloceros_sp","Megaloceros_sp.2"
"23","Ornithorhynchus_anatinus","Ornithorhynchus_anatinus.1"
"24","Spheniscus","Spheniscus.1"
"25","Paraplacodus","Paraplacodus.1"
"26","Caiman_yacare","Caiman_yacare.1"
"27","Palaeospheniscus","Palaeospheniscus.1"
"28","Indohyus","Indohyus.1"
"29","Nothosaurus_mirabilis","Nothosaurus_mirabilis.1"
"30","Basilosaurus","Basilosaurus.1"
"31","Placondontia_indet","Placondontia_indet.1"
"32","Desmostylus_hesperus","Desmostylus_hesperus.1"
"33","Rodhocetus","Rodhocetus.1"
"34","Remingtonocetus","Remingtonocetus.1"
"35","Nothosaurus_568","Nothosaurus_568.1"
"36","Nothosaurus_mirabilis","Nothosaurus_mirabilis.2"
"37","Rodhocetus","Rodhocetus.2"
"38","Spheniscus","Spheniscus.2"
"39","Protochampsidae","Protochampsidae.1"
"40","Callophoca_obscura","Callophoca_obscura.1"
"41","Nothosaurus_giganteus","Nothosaurus_giganteus.1"
"42","Callophoca_obscura","Callophoca_obscura.2"
"43","Placondontia_indet","Placondontia_indet.2"
"44","Simosaurus_1","Simosaurus_1.1"
"45","Ornithorhynchus_anatinus","Ornithorhynchus_anatinus.2"
"46","Small_Eocene_penguin","Small_Eocene_penguin.1"
"47","Spinosaurus_","Spinosaurus_.1"
"48","Spinosaurus_","Spinosaurus_.2"
"49","Spinosaurus_","Spinosaurus_.3"
"50","Spinosaurus_","Spinosaurus_.4"
"51","Spinosaurus_","Spinosaurus_.5"
"52","Spinosaurus_","Spinosaurus_.6"
"53","Spinosaurus_","Spinosaurus_.7"
"54","Spinosaurus_","Spinosaurus_.8"
"55","Spinosaurus_","Spinosaurus_.9"
"56","Spinosaurus_","Spinosaurus_.10"
"57","Spinosaurus_","Spinosaurus_.11"
"58","Suchomimus","Suchomimus.1"
"59","Suchomimus","Suchomimus.2"
"60","Suchomimus","Suchomimus.3"
"61","Baryonyx","Baryonyx.1"
"62","Baryonyx","Baryonyx.2"
"63","Baryonyx","Baryonyx.3"
 
* Phylo tree and the main data and strata files have been modified to include duplicated taxa before the scaled random trees are generated.
* Selected categorical labels column: diving.or.not
* diving.or.equal column is identical to Diving column.
* Regression excludes flying taxa.
* Diving labels that are present in regression: 0,2
* lambda (calculated from a random tree) = : 0.11
* index-name alignment check: OK
