Logfile for a session of program: bootstrap_binary.r
-----------------------------------------------------
INPUT:
workDir: C:/dino_nature/output/2023-11-07-D1\bs/set_1888
Nbootstrapsets: 2000
phyloFDAfile: c:/dino_nature/code/phylo.fda.R
auxFile: c:/dino_nature/code/auxiliary.r
boneType: femur
regressionData.file: C:/dino_nature/output/2023-11-07-D1\bs/set_1888/femur_set_1888.csv
applyDataFilter: FALSE
addTreeTips: TRUE
Ntrees: 100
calculateTrees: TRUE
saveTrees: FALSE


OPERATIONAL CHECKS:
* Regression data contains multiple copies of some taxa (user added variants of existing test taxa 
   or replacements due to bootstrap are present) which are not in the phylo tree:
     original taxon,   duplicate   
"1","Rupicapra_rupicapra","Rupicapra_rupicapra.1"
"2","Bison_bonasus","Bison_bonasus.1"
"3","Caloenas_nicobarica","Caloenas_nicobarica.1"
"4","Dicerorhinus_sumatrensis","Dicerorhinus_sumatrensis.1"
"5","Strigiops_habroptilus","Strigiops_habroptilus.1"
"6","Mustela_nivalis","Mustela_nivalis.1"
"7","Cephalophus_silvicultor","Cephalophus_silvicultor.1"
"8","Dicerorhinus_sumatrensis","Dicerorhinus_sumatrensis.2"
"9","Dama_dama","Dama_dama.1"
"10","Apteryx_australis","Apteryx_australis.1"
"11","Caloenas_nicobarica","Caloenas_nicobarica.2"
"12","Dicerorhinus_sumatrensis","Dicerorhinus_sumatrensis.3"
"13","Mus_musculus","Mus_musculus.1"
"14","Monodelphis_domestica","Monodelphis_domestica.1"
"15","Dama_dama","Dama_dama.2"
"16","Giraffa_camelopardalis","Giraffa_camelopardalis.1"
"17","Strigiops_habroptilus","Strigiops_habroptilus.2"
"18","Raphus","Raphus.1"
"19","Bison_bonasus","Bison_bonasus.2"
"20","Sus_scrofa","Sus_scrofa.1"
"21","Rhinoceros_sondaicus","Rhinoceros_sondaicus.1"
"22","Mustela_nivalis","Mustela_nivalis.2"
"23","Basilosaurus","Basilosaurus.1"
"24","Tapirus_terrestris","Tapirus_terrestris.1"
"25","Lutra_vulgaris","Lutra_vulgaris.1"
"26","Nothosaurus_mirabilis_1","Nothosaurus_mirabilis_1.1"
"27","Ichtyosaurus_","Ichtyosaurus_.1"
"28","Hippopotamus_amphibius","Hippopotamus_amphibius.1"
"29","Neusticosaurus","Neusticosaurus.1"
"30","Dyrosaurid","Dyrosaurid.1"
"31","Tapirus_terrestris","Tapirus_terrestris.2"
"32","Plesiosaurus","Plesiosaurus.1"
"33","Psephoderma","Psephoderma.1"
"34","Pistosaurus","Pistosaurus.1"
"35","Placondontia_indet","Placondontia_indet.1"
"36","Micropotamogale_euwenzorii","Micropotamogale_euwenzorii.1"
"37","Hippopotamus_amphibius","Hippopotamus_amphibius.2"
"38","Micropotamogale_euwenzorii","Micropotamogale_euwenzorii.2"
"39","Nanophoca_vitulinoides","Nanophoca_vitulinoides.1"
"40","Phocanella_pumila","Phocanella_pumila.1"
"41","Anarosaurus","Anarosaurus.1"
"42","Noemys_fodies","Noemys_fodies.1"
"43","Noemys_fodies","Noemys_fodies.2"
"44","Ichtyosaurus_","Ichtyosaurus_.2"
"45","Spinosaurus_","Spinosaurus_.1"
"46","Spinosaurus_","Spinosaurus_.2"
"47","Spinosaurus_","Spinosaurus_.3"
"48","Spinosaurus_","Spinosaurus_.4"
"49","Spinosaurus_","Spinosaurus_.5"
"50","Spinosaurus_","Spinosaurus_.6"
"51","Spinosaurus_","Spinosaurus_.7"
"52","Spinosaurus_","Spinosaurus_.8"
"53","Spinosaurus_","Spinosaurus_.9"
"54","Spinosaurus_","Spinosaurus_.10"
"55","Spinosaurus_","Spinosaurus_.11"
"56","Suchomimus","Suchomimus.1"
"57","Suchomimus","Suchomimus.2"
"58","Suchomimus","Suchomimus.3"
"59","Baryonyx","Baryonyx.1"
"60","Baryonyx","Baryonyx.2"
"61","Baryonyx","Baryonyx.3"
 
* Phylo tree and the main data and strata files have been modified to include duplicated taxa before the scaled random trees are generated.
* Selected categorical labels column: diving.or.not
* diving.or.equal column is identical to Diving column.
* Regression excludes flying taxa.
* Diving labels that are present in regression: 0,2
* lambda (calculated from a random tree) = : 0.09
* index-name alignment check: OK
