Logfile for a session of program: bootstrap_binary.r
-----------------------------------------------------
INPUT:
workDir: C:/dino_nature/output/2023-11-07-D1\bs/set_1687
Nbootstrapsets: 2000
phyloFDAfile: c:/dino_nature/code/phylo.fda.R
auxFile: c:/dino_nature/code/auxiliary.r
boneType: femur
regressionData.file: C:/dino_nature/output/2023-11-07-D1\bs/set_1687/femur_set_1687.csv
applyDataFilter: FALSE
addTreeTips: TRUE
Ntrees: 100
calculateTrees: TRUE
saveTrees: FALSE


OPERATIONAL CHECKS:
* Regression data contains multiple copies of some taxa (user added variants of existing test taxa 
   or replacements due to bootstrap are present) which are not in the phylo tree:
     original taxon,   duplicate   
"1","Rupicapra_rupicapra","Rupicapra_rupicapra.1"
"2","Tribonyx_mortieri","Tribonyx_mortieri.1"
"3","Rattus_rattus","Rattus_rattus.1"
"4","Tenrec_ecaudatus","Tenrec_ecaudatus.1"
"5","Rupicapra_rupicapra","Rupicapra_rupicapra.2"
"6","Atlantisia_rogersi","Atlantisia_rogersi.1"
"7","Okapia_johnstoni","Okapia_johnstoni.1"
"8","Uncia_uncia","Uncia_uncia.1"
"9","Mus_musculus","Mus_musculus.1"
"10","Caloenas_nicobarica","Caloenas_nicobarica.1"
"11","Lacerta_viridis","Lacerta_viridis.1"
"12","Mustela_nivalis","Mustela_nivalis.1"
"13","Dromaius_","Dromaius_.1"
"14","Atlantisia_rogersi","Atlantisia_rogersi.2"
"15","Dama_dama","Dama_dama.1"
"16","Felis_felis","Felis_felis.1"
"17","Lacerta_viridis","Lacerta_viridis.2"
"18","Capreolus_capreolus","Capreolus_capreolus.1"
"19","Mus_musculus","Mus_musculus.2"
"20","Elomeryx_borbonicus_","Elomeryx_borbonicus_.1"
"21","Alces_americanus","Alces_americanus.1"
"22","Rupicapra_rupicapra","Rupicapra_rupicapra.3"
"23","Taxidea_taxus","Taxidea_taxus.1"
"24","Elephas_maximus","Elephas_maximus.1"
"25","Nothosaurus_giganteus","Nothosaurus_giganteus.1"
"26","Indohyus","Indohyus.1"
"27","Noemys_fodies","Noemys_fodies.1"
"28","Ornithorhynchus_anatinus","Ornithorhynchus_anatinus.1"
"29","Choeropsis_liberiensis","Choeropsis_liberiensis.1"
"30","Caiman_yacare","Caiman_yacare.1"
"31","Cryptoclidus","Cryptoclidus.1"
"32","large_eocene_stem_penguin","large_eocene_stem_penguin.1"
"33","Protochampsidae","Protochampsidae.1"
"34","Ornithorhynchus_anatinus","Ornithorhynchus_anatinus.2"
"35","Aptenodytes______","Aptenodytes______.1"
"36","Indohyus","Indohyus.2"
"37","large_eocene_stem_penguin","large_eocene_stem_penguin.2"
"38","Nothosaurus_102","Nothosaurus_102.1"
"39","Ichtyosaur_sp","Ichtyosaur_sp.1"
"40","Ornithorhynchus_anatinus","Ornithorhynchus_anatinus.3"
"41","Chironectes_minimus","Chironectes_minimus.1"
"42","Cricosaurus","Cricosaurus.1"
"43","Placodontia_indet_1","Placodontia_indet_1.1"
"44","Maiacetus","Maiacetus.1"
"45","Spinosaurus_","Spinosaurus_.1"
"46","Spinosaurus_","Spinosaurus_.2"
"47","Spinosaurus_","Spinosaurus_.3"
"48","Spinosaurus_","Spinosaurus_.4"
"49","Spinosaurus_","Spinosaurus_.5"
"50","Spinosaurus_","Spinosaurus_.6"
"51","Spinosaurus_","Spinosaurus_.7"
"52","Spinosaurus_","Spinosaurus_.8"
"53","Spinosaurus_","Spinosaurus_.9"
"54","Spinosaurus_","Spinosaurus_.10"
"55","Spinosaurus_","Spinosaurus_.11"
"56","Suchomimus","Suchomimus.1"
"57","Suchomimus","Suchomimus.2"
"58","Suchomimus","Suchomimus.3"
"59","Baryonyx","Baryonyx.1"
"60","Baryonyx","Baryonyx.2"
"61","Baryonyx","Baryonyx.3"
 
* Phylo tree and the main data and strata files have been modified to include duplicated taxa before the scaled random trees are generated.
* Selected categorical labels column: diving.or.not
* diving.or.equal column is identical to Diving column.
* Regression excludes flying taxa.
* Diving labels that are present in regression: 0,2
* lambda (calculated from a random tree) = : 0.09
* index-name alignment check: OK
