Logfile for a session of program: bootstrap_binary.r
-----------------------------------------------------
INPUT:
workDir: C:/dino_nature/output/2023-11-07-D1\bs/set_1101
Nbootstrapsets: 2000
phyloFDAfile: c:/dino_nature/code/phylo.fda.R
auxFile: c:/dino_nature/code/auxiliary.r
boneType: femur
regressionData.file: C:/dino_nature/output/2023-11-07-D1\bs/set_1101/femur_set_1101.csv
applyDataFilter: FALSE
addTreeTips: TRUE
Ntrees: 100
calculateTrees: TRUE
saveTrees: FALSE


OPERATIONAL CHECKS:
* Regression data contains multiple copies of some taxa (user added variants of existing test taxa 
   or replacements due to bootstrap are present) which are not in the phylo tree:
     original taxon,   duplicate   
"1","Tenrec_ecaudatus","Tenrec_ecaudatus.1"
"2","Mus_musculus","Mus_musculus.1"
"3","Felis_felis","Felis_felis.1"
"4","Elomeryx_borbonicus_","Elomeryx_borbonicus_.1"
"5","Mammuthus_sp","Mammuthus_sp.1"
"6","Tenrec_ecaudatus","Tenrec_ecaudatus.2"
"7","Euroscaptor_micrura","Euroscaptor_micrura.1"
"8","Sphenodon_punctatus","Sphenodon_punctatus.1"
"9","Euroscaptor_micrura","Euroscaptor_micrura.2"
"10","Microgale_thomasi","Microgale_thomasi.1"
"11","Meles_meles","Meles_meles.1"
"12","Lacerta_viridis","Lacerta_viridis.1"
"13","Tenrec_ecaudatus","Tenrec_ecaudatus.3"
"14","Rupicapra_rupicapra","Rupicapra_rupicapra.1"
"15","Bison_bonasus","Bison_bonasus.1"
"16","Lacerta_viridis","Lacerta_viridis.2"
"17","Lacerta_viridis","Lacerta_viridis.3"
"18","Elomeryx_borbonicus_","Elomeryx_borbonicus_.2"
"19","Hemiechinus_azurites","Hemiechinus_azurites.1"
"20","Tribonyx_mortieri","Tribonyx_mortieri.1"
"21","Rynochetus_jubatus","Rynochetus_jubatus.1"
"22","Procyon_lotor","Procyon_lotor.1"
"23","Myrmecophaga_tridactyla","Myrmecophaga_tridactyla.1"
"24","Myrmecophaga_tridactyla","Myrmecophaga_tridactyla.2"
"25","Lacerta_viridis","Lacerta_viridis.4"
"26","Basilosaurus","Basilosaurus.1"
"27","Hesperornis","Hesperornis.1"
"28","Tapirus_terrestris","Tapirus_terrestris.1"
"29","Serpianosaurus","Serpianosaurus.1"
"30","Champsosaurus","Champsosaurus.1"
"31","Phalacrocorax_harrisi","Phalacrocorax_harrisi.1"
"32","Noemys_fodies","Noemys_fodies.1"
"33","Indohyus","Indohyus.1"
"34","Plesiosaurus","Plesiosaurus.1"
"35","Protochampsidae","Protochampsidae.1"
"36","Noemys_fodies","Noemys_fodies.2"
"37","Plesiosaurus","Plesiosaurus.2"
"38","Hesperornis","Hesperornis.2"
"39","Phalacrocorax_harrisi","Phalacrocorax_harrisi.2"
"40","Palaeospheniscus","Palaeospheniscus.1"
"41","Dyrosaurid","Dyrosaurid.1"
"42","Remingtonocetus","Remingtonocetus.1"
"43","Castor_fiber","Castor_fiber.1"
"44","Desmana_moschata","Desmana_moschata.1"
"45","Plesiosaurus","Plesiosaurus.3"
"46","Simosaurus_1","Simosaurus_1.1"
"47","Spinosaurus_","Spinosaurus_.1"
"48","Spinosaurus_","Spinosaurus_.2"
"49","Spinosaurus_","Spinosaurus_.3"
"50","Spinosaurus_","Spinosaurus_.4"
"51","Spinosaurus_","Spinosaurus_.5"
"52","Spinosaurus_","Spinosaurus_.6"
"53","Spinosaurus_","Spinosaurus_.7"
"54","Spinosaurus_","Spinosaurus_.8"
"55","Spinosaurus_","Spinosaurus_.9"
"56","Spinosaurus_","Spinosaurus_.10"
"57","Spinosaurus_","Spinosaurus_.11"
"58","Suchomimus","Suchomimus.1"
"59","Suchomimus","Suchomimus.2"
"60","Suchomimus","Suchomimus.3"
"61","Baryonyx","Baryonyx.1"
"62","Baryonyx","Baryonyx.2"
"63","Baryonyx","Baryonyx.3"
 
* Phylo tree and the main data and strata files have been modified to include duplicated taxa before the scaled random trees are generated.
* Selected categorical labels column: diving.or.not
* diving.or.equal column is identical to Diving column.
* Regression excludes flying taxa.
* Diving labels that are present in regression: 0,2
* lambda (calculated from a random tree) = : 0.13
* index-name alignment check: OK
