Logfile for a session of program: bootstrap_binary.r
-----------------------------------------------------
INPUT:
workDir: C:/dino_nature/output/2023-11-07-D1\bs/set_802
Nbootstrapsets: 2000
phyloFDAfile: c:/dino_nature/code/phylo.fda.R
auxFile: c:/dino_nature/code/auxiliary.r
boneType: femur
regressionData.file: C:/dino_nature/output/2023-11-07-D1\bs/set_802/femur_set_802.csv
applyDataFilter: FALSE
addTreeTips: TRUE
Ntrees: 100
calculateTrees: TRUE
saveTrees: FALSE


OPERATIONAL CHECKS:
* Regression data contains multiple copies of some taxa (user added variants of existing test taxa 
   or replacements due to bootstrap are present) which are not in the phylo tree:
     original taxon,   duplicate   
"1","Bison_bonasus","Bison_bonasus.1"
"2","Vulpes_vulpes","Vulpes_vulpes.1"
"3","Alces_americanus","Alces_americanus.1"
"4","Euroscaptor_micrura","Euroscaptor_micrura.1"
"5","Rynochetus_jubatus","Rynochetus_jubatus.1"
"6","Bison_bonasus","Bison_bonasus.2"
"7","Elephas_maximus","Elephas_maximus.1"
"8","Xenicus_giliventris","Xenicus_giliventris.1"
"9","Vulpes_vulpes","Vulpes_vulpes.2"
"10","Rangifer_tarandus","Rangifer_tarandus.1"
"11","Nyctereutes_procyonoides","Nyctereutes_procyonoides.1"
"12","Monodelphis_domestica","Monodelphis_domestica.1"
"13","Meles_meles","Meles_meles.1"
"14","Rupicapra_rupicapra","Rupicapra_rupicapra.1"
"15","Dromaius_","Dromaius_.1"
"16","Alces_americanus","Alces_americanus.2"
"17","Apteryx_owenii_","Apteryx_owenii_.1"
"18","Xenicus_giliventris","Xenicus_giliventris.2"
"19","Mus_musculus","Mus_musculus.1"
"20","Uncia_uncia","Uncia_uncia.1"
"21","Xenicus_giliventris","Xenicus_giliventris.3"
"22","Apteryx_owenii_","Apteryx_owenii_.2"
"23","Uncia_uncia","Uncia_uncia.2"
"24","Rynochetus_jubatus","Rynochetus_jubatus.2"
"25","Noemys_fodies","Noemys_fodies.1"
"26","Rhaeticosaurus","Rhaeticosaurus.1"
"27","Nothosaurus_mirabilis_1","Nothosaurus_mirabilis_1.1"
"28","Placondontia_indet","Placondontia_indet.1"
"29","Nothosaurus_150","Nothosaurus_150.1"
"30","Psephoderma","Psephoderma.1"
"31","Noemys_fodies","Noemys_fodies.2"
"32","Nanophoca_vitulinoides","Nanophoca_vitulinoides.1"
"33","Nothosaurus_150","Nothosaurus_150.2"
"34","Hippopotamus_amphibius","Hippopotamus_amphibius.1"
"35","Rhaeticosaurus","Rhaeticosaurus.2"
"36","Simosaurus","Simosaurus.1"
"37","Phocanella_pumila","Phocanella_pumila.1"
"38","Paraplacodus","Paraplacodus.1"
"39","Desmana_moschata","Desmana_moschata.1"
"40","Champsosaurus","Champsosaurus.1"
"41","Indohyus","Indohyus.1"
"42","Psephoderma","Psephoderma.2"
"43","Ichtyosaurus_","Ichtyosaurus_.1"
"44","Nothosaurus_150","Nothosaurus_150.3"
"45","Champsosaurus","Champsosaurus.2"
"46","Ornithorhynchus_anatinus","Ornithorhynchus_anatinus.1"
"47","Chapsosaurus_","Chapsosaurus_.1"
"48","Spinosaurus_","Spinosaurus_.1"
"49","Spinosaurus_","Spinosaurus_.2"
"50","Spinosaurus_","Spinosaurus_.3"
"51","Spinosaurus_","Spinosaurus_.4"
"52","Spinosaurus_","Spinosaurus_.5"
"53","Spinosaurus_","Spinosaurus_.6"
"54","Spinosaurus_","Spinosaurus_.7"
"55","Spinosaurus_","Spinosaurus_.8"
"56","Spinosaurus_","Spinosaurus_.9"
"57","Spinosaurus_","Spinosaurus_.10"
"58","Spinosaurus_","Spinosaurus_.11"
"59","Suchomimus","Suchomimus.1"
"60","Suchomimus","Suchomimus.2"
"61","Suchomimus","Suchomimus.3"
"62","Baryonyx","Baryonyx.1"
"63","Baryonyx","Baryonyx.2"
"64","Baryonyx","Baryonyx.3"
 
* Phylo tree and the main data and strata files have been modified to include duplicated taxa before the scaled random trees are generated.
* Selected categorical labels column: diving.or.not
* diving.or.equal column is identical to Diving column.
* Regression excludes flying taxa.
* Diving labels that are present in regression: 0,2
* lambda (calculated from a random tree) = : 0.09
* index-name alignment check: OK
