Logfile for a session of program: bootstrap_binary.r
-----------------------------------------------------
INPUT:
workDir: C:/dino_nature/output/2023-11-07-D1\bs/set_1217
Nbootstrapsets: 2000
phyloFDAfile: c:/dino_nature/code/phylo.fda.R
auxFile: c:/dino_nature/code/auxiliary.r
boneType: femur
regressionData.file: C:/dino_nature/output/2023-11-07-D1\bs/set_1217/femur_set_1217.csv
applyDataFilter: FALSE
addTreeTips: TRUE
Ntrees: 100
calculateTrees: TRUE
saveTrees: FALSE


OPERATIONAL CHECKS:
* Regression data contains multiple copies of some taxa (user added variants of existing test taxa 
   or replacements due to bootstrap are present) which are not in the phylo tree:
     original taxon,   duplicate   
"1","Bison_bonasus","Bison_bonasus.1"
"2","Procyon_lotor","Procyon_lotor.1"
"3","Apteryx_owenii_","Apteryx_owenii_.1"
"4","Lacerta_viridis","Lacerta_viridis.1"
"5","Dromaius_","Dromaius_.1"
"6","Elephas_maximus","Elephas_maximus.1"
"7","Apteryx_owenii_","Apteryx_owenii_.2"
"8","Lacerta_viridis","Lacerta_viridis.2"
"9","Vulpes_vulpes","Vulpes_vulpes.1"
"10","Apteryx_owenii_","Apteryx_owenii_.3"
"11","Elomeryx_borbonicus_","Elomeryx_borbonicus_.1"
"12","Elomeryx_borbonicus_","Elomeryx_borbonicus_.2"
"13","Dromaius_","Dromaius_.2"
"14","Elomeryx_borbonicus_","Elomeryx_borbonicus_.3"
"15","Felis_felis","Felis_felis.1"
"16","Tenrec_ecaudatus","Tenrec_ecaudatus.1"
"17","Nyctereutes_procyonoides","Nyctereutes_procyonoides.1"
"18","Paguma_larvata","Paguma_larvata.1"
"19","Paguma_larvata","Paguma_larvata.2"
"20","Apteryx_owenii_","Apteryx_owenii_.4"
"21","Uncia_uncia","Uncia_uncia.1"
"22","Nyctereutes_procyonoides","Nyctereutes_procyonoides.2"
"23","Procyon_lotor","Procyon_lotor.2"
"24","Remingtonocetus","Remingtonocetus.1"
"25","Desmana_moschata","Desmana_moschata.1"
"26","Phocanella_pumila","Phocanella_pumila.1"
"27","Psephoderma","Psephoderma.1"
"28","Serpianosaurus","Serpianosaurus.1"
"29","Placodontia_indet_1","Placodontia_indet_1.1"
"30","Serpianosaurus","Serpianosaurus.2"
"31","Pistosaurus","Pistosaurus.1"
"32","Hesperornis","Hesperornis.1"
"33","Pistosaurus","Pistosaurus.2"
"34","Protochampsidae","Protochampsidae.1"
"35","Hesperornis","Hesperornis.2"
"36","Noemys_fodies","Noemys_fodies.1"
"37","Hydromys_chrysogaster","Hydromys_chrysogaster.1"
"38","Tapirus_terrestris","Tapirus_terrestris.1"
"39","Phalacrocorax_harrisi","Phalacrocorax_harrisi.1"
"40","Noemys_fodies","Noemys_fodies.2"
"41","Phocanella_pumila","Phocanella_pumila.2"
"42","Spinosaurus_","Spinosaurus_.1"
"43","Spinosaurus_","Spinosaurus_.2"
"44","Spinosaurus_","Spinosaurus_.3"
"45","Spinosaurus_","Spinosaurus_.4"
"46","Spinosaurus_","Spinosaurus_.5"
"47","Spinosaurus_","Spinosaurus_.6"
"48","Spinosaurus_","Spinosaurus_.7"
"49","Spinosaurus_","Spinosaurus_.8"
"50","Spinosaurus_","Spinosaurus_.9"
"51","Spinosaurus_","Spinosaurus_.10"
"52","Spinosaurus_","Spinosaurus_.11"
"53","Suchomimus","Suchomimus.1"
"54","Suchomimus","Suchomimus.2"
"55","Suchomimus","Suchomimus.3"
"56","Baryonyx","Baryonyx.1"
"57","Baryonyx","Baryonyx.2"
"58","Baryonyx","Baryonyx.3"
 
* Phylo tree and the main data and strata files have been modified to include duplicated taxa before the scaled random trees are generated.
* Selected categorical labels column: diving.or.not
* diving.or.equal column is identical to Diving column.
* Regression excludes flying taxa.
* Diving labels that are present in regression: 0,2
* lambda (calculated from a random tree) = : 0.07
* index-name alignment check: OK
