Logfile for a session of program: bootstrap_binary.r
-----------------------------------------------------
INPUT:
workDir: C:/dino_nature/output/2023-11-07-D1\bs/set_1005
Nbootstrapsets: 2000
phyloFDAfile: c:/dino_nature/code/phylo.fda.R
auxFile: c:/dino_nature/code/auxiliary.r
boneType: femur
regressionData.file: C:/dino_nature/output/2023-11-07-D1\bs/set_1005/femur_set_1005.csv
applyDataFilter: FALSE
addTreeTips: TRUE
Ntrees: 100
calculateTrees: TRUE
saveTrees: FALSE


OPERATIONAL CHECKS:
* Regression data contains multiple copies of some taxa (user added variants of existing test taxa 
   or replacements due to bootstrap are present) which are not in the phylo tree:
     original taxon,   duplicate   
"1","Alces_americanus","Alces_americanus.1"
"2","Rhinoceros_sondaicus","Rhinoceros_sondaicus.1"
"3","Mustela_nivalis","Mustela_nivalis.1"
"4","Strigiops_habroptilus","Strigiops_habroptilus.1"
"5","Tamandua_tetradactyla","Tamandua_tetradactyla.1"
"6","Lacerta_viridis","Lacerta_viridis.1"
"7","Rattus_rattus","Rattus_rattus.1"
"8","Strigiops_habroptilus","Strigiops_habroptilus.2"
"9","Rattus_rattus","Rattus_rattus.2"
"10","Mus_musculus","Mus_musculus.1"
"11","Bison_bonasus","Bison_bonasus.1"
"12","Mustela_nivalis","Mustela_nivalis.2"
"13","Bison_bonasus","Bison_bonasus.2"
"14","Atlantisia_rogersi","Atlantisia_rogersi.1"
"15","Rhinoceros_sondaicus","Rhinoceros_sondaicus.2"
"16","Bos_taurus","Bos_taurus.1"
"17","Pogona_viceps","Pogona_viceps.1"
"18","Lama_guanicoe","Lama_guanicoe.1"
"19","Rhinoceros_sondaicus","Rhinoceros_sondaicus.3"
"20","Mus_musculus","Mus_musculus.2"
"21","Mustela_nivalis","Mustela_nivalis.3"
"22","Diplomesodon_pulchellum","Diplomesodon_pulchellum.1"
"23","Megaloceros_sp","Megaloceros_sp.1"
"24","Strigiops_habroptilus","Strigiops_habroptilus.3"
"25","Mustela_nivalis","Mustela_nivalis.4"
"26","Protochampsidae","Protochampsidae.1"
"27","Psephoderma","Psephoderma.1"
"28","Rhaeticosaurus","Rhaeticosaurus.1"
"29","Alligator","Alligator.1"
"30","Nothosaurus_giganteus","Nothosaurus_giganteus.1"
"31","Caiman_yacare","Caiman_yacare.1"
"32","Ichtyosaurus_","Ichtyosaurus_.1"
"33","Chironectes_minimus","Chironectes_minimus.1"
"34","Nothosaurus_giganteus","Nothosaurus_giganteus.2"
"35","Noemys_fodies","Noemys_fodies.1"
"36","Hippopotamus_amphibius","Hippopotamus_amphibius.1"
"37","Cricosaurus","Cricosaurus.1"
"38","Nothosaurus_mirabilis_1","Nothosaurus_mirabilis_1.1"
"39","Tapirus_terrestris","Tapirus_terrestris.1"
"40","Phocanella_pumila","Phocanella_pumila.1"
"41","Nothosaurus_mirabilis","Nothosaurus_mirabilis.1"
"42","Hexaprotodon_garyam","Hexaprotodon_garyam.1"
"43","Metryorhynchus","Metryorhynchus.1"
"44","Simosaurus","Simosaurus.1"
"45","Spinosaurus_","Spinosaurus_.1"
"46","Spinosaurus_","Spinosaurus_.2"
"47","Spinosaurus_","Spinosaurus_.3"
"48","Spinosaurus_","Spinosaurus_.4"
"49","Spinosaurus_","Spinosaurus_.5"
"50","Spinosaurus_","Spinosaurus_.6"
"51","Spinosaurus_","Spinosaurus_.7"
"52","Spinosaurus_","Spinosaurus_.8"
"53","Spinosaurus_","Spinosaurus_.9"
"54","Spinosaurus_","Spinosaurus_.10"
"55","Spinosaurus_","Spinosaurus_.11"
"56","Suchomimus","Suchomimus.1"
"57","Suchomimus","Suchomimus.2"
"58","Suchomimus","Suchomimus.3"
"59","Baryonyx","Baryonyx.1"
"60","Baryonyx","Baryonyx.2"
"61","Baryonyx","Baryonyx.3"
 
* Phylo tree and the main data and strata files have been modified to include duplicated taxa before the scaled random trees are generated.
* Selected categorical labels column: diving.or.not
* diving.or.equal column is identical to Diving column.
* Regression excludes flying taxa.
* Diving labels that are present in regression: 0,2
* lambda (calculated from a random tree) = : 0.13
* index-name alignment check: OK
