Logfile for a session of program: bootstrap_binary.r
-----------------------------------------------------
INPUT:
workDir: C:/dino_nature/output/2023-11-07-D1\bs/set_1893
Nbootstrapsets: 2000
phyloFDAfile: c:/dino_nature/code/phylo.fda.R
auxFile: c:/dino_nature/code/auxiliary.r
boneType: femur
regressionData.file: C:/dino_nature/output/2023-11-07-D1\bs/set_1893/femur_set_1893.csv
applyDataFilter: FALSE
addTreeTips: TRUE
Ntrees: 100
calculateTrees: TRUE
saveTrees: FALSE


OPERATIONAL CHECKS:
* Regression data contains multiple copies of some taxa (user added variants of existing test taxa 
   or replacements due to bootstrap are present) which are not in the phylo tree:
     original taxon,   duplicate   
"1","Taxidea_taxus","Taxidea_taxus.1"
"2","Elephas_maximus","Elephas_maximus.1"
"3","Taxidea_taxus","Taxidea_taxus.2"
"4","Giraffa_camelopardalis","Giraffa_camelopardalis.1"
"5","Giraffa_camelopardalis","Giraffa_camelopardalis.2"
"6","Brachyodus_onoideum","Brachyodus_onoideum.1"
"7","Apteryx_owenii_","Apteryx_owenii_.1"
"8","Giraffa_camelopardalis","Giraffa_camelopardalis.3"
"9","Bos_taurus","Bos_taurus.1"
"10","Bos_taurus","Bos_taurus.2"
"11","Vulpes_vulpes","Vulpes_vulpes.1"
"12","Atlantisia_rogersi","Atlantisia_rogersi.1"
"13","Giraffa_camelopardalis","Giraffa_camelopardalis.4"
"14","Mammuthus_sp","Mammuthus_sp.1"
"15","Rattus_rattus","Rattus_rattus.1"
"16","Rangifer_tarandus","Rangifer_tarandus.1"
"17","Mus_musculus","Mus_musculus.1"
"18","Caloenas_nicobarica","Caloenas_nicobarica.1"
"19","Megaloceros_sp","Megaloceros_sp.1"
"20","Giraffa_camelopardalis","Giraffa_camelopardalis.5"
"21","Bos_taurus","Bos_taurus.3"
"22","Mammuthus_sp","Mammuthus_sp.2"
"23","Raphus","Raphus.1"
"24","Caloenas_nicobarica","Caloenas_nicobarica.2"
"25","Elomeryx_borbonicus_","Elomeryx_borbonicus_.1"
"26","Desmana_moschata","Desmana_moschata.1"
"27","large_eocene_stem_penguin","large_eocene_stem_penguin.1"
"28","Rodhocetus","Rodhocetus.1"
"29","Rodhocetus","Rodhocetus.2"
"30","Rodhocetus","Rodhocetus.3"
"31","Desmostylus_hesperus","Desmostylus_hesperus.1"
"32","Tapirus_terrestris","Tapirus_terrestris.1"
"33","Hexaprotodon_garyam","Hexaprotodon_garyam.1"
"34","Cryptoclidus","Cryptoclidus.1"
"35","Phalacrocorax_harrisi","Phalacrocorax_harrisi.1"
"36","Castor_fiber","Castor_fiber.1"
"37","Alligator","Alligator.1"
"38","Remingtonocetus","Remingtonocetus.1"
"39","Champsosaurus","Champsosaurus.1"
"40","Lutra_vulgaris","Lutra_vulgaris.1"
"41","Neusticosaurus","Neusticosaurus.1"
"42","Nothosaurus_mirabilis_1","Nothosaurus_mirabilis_1.1"
"43","Phalacrocorax_harrisi","Phalacrocorax_harrisi.2"
"44","Metryorhynchus","Metryorhynchus.1"
"45","Nothosaurus_102","Nothosaurus_102.1"
"46","Spinosaurus_","Spinosaurus_.1"
"47","Spinosaurus_","Spinosaurus_.2"
"48","Spinosaurus_","Spinosaurus_.3"
"49","Spinosaurus_","Spinosaurus_.4"
"50","Spinosaurus_","Spinosaurus_.5"
"51","Spinosaurus_","Spinosaurus_.6"
"52","Spinosaurus_","Spinosaurus_.7"
"53","Spinosaurus_","Spinosaurus_.8"
"54","Spinosaurus_","Spinosaurus_.9"
"55","Spinosaurus_","Spinosaurus_.10"
"56","Spinosaurus_","Spinosaurus_.11"
"57","Suchomimus","Suchomimus.1"
"58","Suchomimus","Suchomimus.2"
"59","Suchomimus","Suchomimus.3"
"60","Baryonyx","Baryonyx.1"
"61","Baryonyx","Baryonyx.2"
"62","Baryonyx","Baryonyx.3"
 
* Phylo tree and the main data and strata files have been modified to include duplicated taxa before the scaled random trees are generated.
* Selected categorical labels column: diving.or.not
* diving.or.equal column is identical to Diving column.
* Regression excludes flying taxa.
* Diving labels that are present in regression: 0,2
* lambda (calculated from a random tree) = : 0.05
* index-name alignment check: OK
