Logfile for a session of program: bootstrap_binary.r
-----------------------------------------------------
INPUT:
workDir: C:/dino_nature/output/2023-11-07-D1\bs/set_527
Nbootstrapsets: 2000
phyloFDAfile: c:/dino_nature/code/phylo.fda.R
auxFile: c:/dino_nature/code/auxiliary.r
boneType: femur
regressionData.file: C:/dino_nature/output/2023-11-07-D1\bs/set_527/femur_set_527.csv
applyDataFilter: FALSE
addTreeTips: TRUE
Ntrees: 100
calculateTrees: TRUE
saveTrees: FALSE


OPERATIONAL CHECKS:
* Regression data contains multiple copies of some taxa (user added variants of existing test taxa 
   or replacements due to bootstrap are present) which are not in the phylo tree:
     original taxon,   duplicate   
"1","Mus_musculus","Mus_musculus.1"
"2","Raphus","Raphus.1"
"3","Dasyurus_maculatus","Dasyurus_maculatus.1"
"4","Mus_musculus","Mus_musculus.2"
"5","Mus_musculus","Mus_musculus.3"
"6","Procyon_lotor","Procyon_lotor.1"
"7","Tamandua_tetradactyla","Tamandua_tetradactyla.1"
"8","Dasyurus_maculatus","Dasyurus_maculatus.2"
"9","Felis_felis","Felis_felis.1"
"10","Rattus_rattus","Rattus_rattus.1"
"11","Dama_dama","Dama_dama.1"
"12","Rattus_rattus","Rattus_rattus.2"
"13","Euroscaptor_micrura","Euroscaptor_micrura.1"
"14","Mus_musculus","Mus_musculus.4"
"15","Felis_felis","Felis_felis.2"
"16","Bos_taurus","Bos_taurus.1"
"17","Procavia_capensis","Procavia_capensis.1"
"18","Megaloceros_sp","Megaloceros_sp.1"
"19","Dromaius_","Dromaius_.1"
"20","Mammuthus_sp","Mammuthus_sp.1"
"21","Castor_fiber","Castor_fiber.1"
"22","Castor_fiber","Castor_fiber.2"
"23","Maiacetus","Maiacetus.1"
"24","Hippopotamus_amphibius","Hippopotamus_amphibius.1"
"25","Maiacetus","Maiacetus.2"
"26","Maiacetus","Maiacetus.3"
"27","Choeropsis_liberiensis","Choeropsis_liberiensis.1"
"28","Metryorhynchus","Metryorhynchus.1"
"29","Castor_fiber","Castor_fiber.3"
"30","Caiman_yacare","Caiman_yacare.1"
"31","Desmostylus_hesperus","Desmostylus_hesperus.1"
"32","Rodhocetus","Rodhocetus.1"
"33","Psephoderma","Psephoderma.1"
"34","Nothosaurus_mirabilis","Nothosaurus_mirabilis.1"
"35","Caiman_yacare","Caiman_yacare.2"
"36","Choeropsis_liberiensis","Choeropsis_liberiensis.2"
"37","Nothosaurus_568","Nothosaurus_568.1"
"38","Spheniscus","Spheniscus.1"
"39","Nothosaurus_568","Nothosaurus_568.2"
"40","Nothosaurus_150","Nothosaurus_150.1"
"41","Serpianosaurus","Serpianosaurus.1"
"42","Noemys_fodies","Noemys_fodies.1"
"43","Spinosaurus_","Spinosaurus_.1"
"44","Spinosaurus_","Spinosaurus_.2"
"45","Spinosaurus_","Spinosaurus_.3"
"46","Spinosaurus_","Spinosaurus_.4"
"47","Spinosaurus_","Spinosaurus_.5"
"48","Spinosaurus_","Spinosaurus_.6"
"49","Spinosaurus_","Spinosaurus_.7"
"50","Spinosaurus_","Spinosaurus_.8"
"51","Spinosaurus_","Spinosaurus_.9"
"52","Spinosaurus_","Spinosaurus_.10"
"53","Spinosaurus_","Spinosaurus_.11"
"54","Suchomimus","Suchomimus.1"
"55","Suchomimus","Suchomimus.2"
"56","Suchomimus","Suchomimus.3"
"57","Baryonyx","Baryonyx.1"
"58","Baryonyx","Baryonyx.2"
"59","Baryonyx","Baryonyx.3"
 
* Phylo tree and the main data and strata files have been modified to include duplicated taxa before the scaled random trees are generated.
* Selected categorical labels column: diving.or.not
* diving.or.equal column is identical to Diving column.
* Regression excludes flying taxa.
* Diving labels that are present in regression: 0,2
* lambda (calculated from a random tree) = : 0.07
* index-name alignment check: OK
