Logfile for a session of program: bootstrap_binary.r
-----------------------------------------------------
INPUT:
workDir: C:/dino_nature/output/2023-11-07-D1\bs/set_941
Nbootstrapsets: 2000
phyloFDAfile: c:/dino_nature/code/phylo.fda.R
auxFile: c:/dino_nature/code/auxiliary.r
boneType: femur
regressionData.file: C:/dino_nature/output/2023-11-07-D1\bs/set_941/femur_set_941.csv
applyDataFilter: FALSE
addTreeTips: TRUE
Ntrees: 100
calculateTrees: TRUE
saveTrees: FALSE


OPERATIONAL CHECKS:
* Regression data contains multiple copies of some taxa (user added variants of existing test taxa 
   or replacements due to bootstrap are present) which are not in the phylo tree:
     original taxon,   duplicate   
"1","Nyctereutes_procyonoides","Nyctereutes_procyonoides.1"
"2","Dama_dama","Dama_dama.1"
"3","Porphyrio_hochstetteri","Porphyrio_hochstetteri.1"
"4","Cephalophus_silvicultor","Cephalophus_silvicultor.1"
"5","Raphus","Raphus.1"
"6","Nyctereutes_procyonoides","Nyctereutes_procyonoides.2"
"7","Euroscaptor_micrura","Euroscaptor_micrura.1"
"8","Dasyurus_maculatus","Dasyurus_maculatus.1"
"9","Tribonyx_mortieri","Tribonyx_mortieri.1"
"10","Sphenodon_punctatus","Sphenodon_punctatus.1"
"11","Sphenodon_punctatus","Sphenodon_punctatus.2"
"12","Mammuthus_sp","Mammuthus_sp.1"
"13","Dasyurus_maculatus","Dasyurus_maculatus.2"
"14","Paguma_larvata","Paguma_larvata.1"
"15","Megaloceros_sp","Megaloceros_sp.1"
"16","Tribonyx_mortieri","Tribonyx_mortieri.2"
"17","Paguma_larvata","Paguma_larvata.2"
"18","Rattus_rattus","Rattus_rattus.1"
"19","Nyctereutes_procyonoides","Nyctereutes_procyonoides.3"
"20","Apteryx_owenii_","Apteryx_owenii_.1"
"21","Loxodonta_africana","Loxodonta_africana.1"
"22","Hemiechinus_azurites","Hemiechinus_azurites.1"
"23","Neusticosaurus","Neusticosaurus.1"
"24","Neusticosaurus","Neusticosaurus.2"
"25","Indohyus","Indohyus.1"
"26","Nothosaurus_mirabilis_1","Nothosaurus_mirabilis_1.1"
"27","Palaeospheniscus","Palaeospheniscus.1"
"28","Nothosaurus_giganteus","Nothosaurus_giganteus.1"
"29","Simosaurus","Simosaurus.1"
"30","Tapirus_terrestris","Tapirus_terrestris.1"
"31","Palaeospheniscus","Palaeospheniscus.2"
"32","Nothosaurus_mirabilis","Nothosaurus_mirabilis.1"
"33","Castor_fiber","Castor_fiber.1"
"34","Indohyus","Indohyus.2"
"35","Nothosaurus_102","Nothosaurus_102.1"
"36","Neusticosaurus","Neusticosaurus.3"
"37","Champsosaurus","Champsosaurus.1"
"38","Metryorhynchus","Metryorhynchus.1"
"39","Metryorhynchus","Metryorhynchus.2"
"40","Maiacetus","Maiacetus.1"
"41","Hesperornis","Hesperornis.1"
"42","Caiman_yacare","Caiman_yacare.1"
"43","Pistosaurus","Pistosaurus.1"
"44","Spinosaurus_","Spinosaurus_.1"
"45","Spinosaurus_","Spinosaurus_.2"
"46","Spinosaurus_","Spinosaurus_.3"
"47","Spinosaurus_","Spinosaurus_.4"
"48","Spinosaurus_","Spinosaurus_.5"
"49","Spinosaurus_","Spinosaurus_.6"
"50","Spinosaurus_","Spinosaurus_.7"
"51","Spinosaurus_","Spinosaurus_.8"
"52","Spinosaurus_","Spinosaurus_.9"
"53","Spinosaurus_","Spinosaurus_.10"
"54","Spinosaurus_","Spinosaurus_.11"
"55","Suchomimus","Suchomimus.1"
"56","Suchomimus","Suchomimus.2"
"57","Suchomimus","Suchomimus.3"
"58","Baryonyx","Baryonyx.1"
"59","Baryonyx","Baryonyx.2"
"60","Baryonyx","Baryonyx.3"
 
* Phylo tree and the main data and strata files have been modified to include duplicated taxa before the scaled random trees are generated.
* Selected categorical labels column: diving.or.not
* diving.or.equal column is identical to Diving column.
* Regression excludes flying taxa.
* Diving labels that are present in regression: 0,2
* lambda (calculated from a random tree) = : 0.13
* index-name alignment check: OK
