Logfile for a session of program: bootstrap_binary.r
-----------------------------------------------------
INPUT:
workDir: C:/dino_nature/output/2023-11-07-D1\bs/set_732
Nbootstrapsets: 2000
phyloFDAfile: c:/dino_nature/code/phylo.fda.R
auxFile: c:/dino_nature/code/auxiliary.r
boneType: femur
regressionData.file: C:/dino_nature/output/2023-11-07-D1\bs/set_732/femur_set_732.csv
applyDataFilter: FALSE
addTreeTips: TRUE
Ntrees: 100
calculateTrees: TRUE
saveTrees: FALSE


OPERATIONAL CHECKS:
* Regression data contains multiple copies of some taxa (user added variants of existing test taxa 
   or replacements due to bootstrap are present) which are not in the phylo tree:
     original taxon,   duplicate   
"1","Raphus","Raphus.1"
"2","Lacerta_viridis","Lacerta_viridis.1"
"3","Rupicapra_rupicapra","Rupicapra_rupicapra.1"
"4","Rupicapra_rupicapra","Rupicapra_rupicapra.2"
"5","Raphus","Raphus.2"
"6","Ceratotherium_simum","Ceratotherium_simum.1"
"7","Okapia_johnstoni","Okapia_johnstoni.1"
"8","Monodelphis_domestica","Monodelphis_domestica.1"
"9","Okapia_johnstoni","Okapia_johnstoni.2"
"10","Dromaius_","Dromaius_.1"
"11","Ceratotherium_simum","Ceratotherium_simum.2"
"12","Dromaius_","Dromaius_.2"
"13","Rynochetus_jubatus","Rynochetus_jubatus.1"
"14","Sus_scrofa","Sus_scrofa.1"
"15","Rupicapra_rupicapra","Rupicapra_rupicapra.3"
"16","Okapia_johnstoni","Okapia_johnstoni.3"
"17","Dama_dama","Dama_dama.1"
"18","Sus_scrofa","Sus_scrofa.2"
"19","Monodelphis_domestica","Monodelphis_domestica.2"
"20","Mammuthus_sp","Mammuthus_sp.1"
"21","Dama_dama","Dama_dama.2"
"22","Elephas_maximus","Elephas_maximus.1"
"23","Apteryx_australis","Apteryx_australis.1"
"24","Placodontia_indet_1","Placodontia_indet_1.1"
"25","Nothosaurus_150","Nothosaurus_150.1"
"26","Nothosaurus_mirabilis_1","Nothosaurus_mirabilis_1.1"
"27","Paraplacodus","Paraplacodus.1"
"28","Phocanella_pumila","Phocanella_pumila.1"
"29","Plesiosaurus","Plesiosaurus.1"
"30","Nothosaurus_mirabilis_1","Nothosaurus_mirabilis_1.2"
"31","Maiacetus","Maiacetus.1"
"32","Desmostylus_hesperus","Desmostylus_hesperus.1"
"33","Placondontia_indet","Placondontia_indet.1"
"34","Paraplacodus","Paraplacodus.2"
"35","Cricosaurus","Cricosaurus.1"
"36","Lutra_vulgaris","Lutra_vulgaris.1"
"37","Chapsosaurus_","Chapsosaurus_.1"
"38","Placodontia_indet_1","Placodontia_indet_1.2"
"39","Desmana_moschata","Desmana_moschata.1"
"40","Dyrosaurid","Dyrosaurid.1"
"41","Rodhocetus","Rodhocetus.1"
"42","Champsosaurus","Champsosaurus.1"
"43","Lutra_vulgaris","Lutra_vulgaris.2"
"44","Metryorhynchus","Metryorhynchus.1"
"45","Nothosaurus_150","Nothosaurus_150.2"
"46","Noemys_fodies","Noemys_fodies.1"
"47","Spinosaurus_","Spinosaurus_.1"
"48","Spinosaurus_","Spinosaurus_.2"
"49","Spinosaurus_","Spinosaurus_.3"
"50","Spinosaurus_","Spinosaurus_.4"
"51","Spinosaurus_","Spinosaurus_.5"
"52","Spinosaurus_","Spinosaurus_.6"
"53","Spinosaurus_","Spinosaurus_.7"
"54","Spinosaurus_","Spinosaurus_.8"
"55","Spinosaurus_","Spinosaurus_.9"
"56","Spinosaurus_","Spinosaurus_.10"
"57","Spinosaurus_","Spinosaurus_.11"
"58","Suchomimus","Suchomimus.1"
"59","Suchomimus","Suchomimus.2"
"60","Suchomimus","Suchomimus.3"
"61","Baryonyx","Baryonyx.1"
"62","Baryonyx","Baryonyx.2"
"63","Baryonyx","Baryonyx.3"
 
* Phylo tree and the main data and strata files have been modified to include duplicated taxa before the scaled random trees are generated.
* Selected categorical labels column: diving.or.not
* diving.or.equal column is identical to Diving column.
* Regression excludes flying taxa.
* Diving labels that are present in regression: 0,2
* lambda (calculated from a random tree) = : 0.08
* index-name alignment check: OK
