Logfile for a session of program: bootstrap_binary.r
-----------------------------------------------------
INPUT:
workDir: C:/dino_nature/output/2023-11-07-D1\bs/set_1766
Nbootstrapsets: 2000
phyloFDAfile: c:/dino_nature/code/phylo.fda.R
auxFile: c:/dino_nature/code/auxiliary.r
boneType: femur
regressionData.file: C:/dino_nature/output/2023-11-07-D1\bs/set_1766/femur_set_1766.csv
applyDataFilter: FALSE
addTreeTips: TRUE
Ntrees: 100
calculateTrees: TRUE
saveTrees: FALSE


OPERATIONAL CHECKS:
* Regression data contains multiple copies of some taxa (user added variants of existing test taxa 
   or replacements due to bootstrap are present) which are not in the phylo tree:
     original taxon,   duplicate   
"1","Bos_taurus","Bos_taurus.1"
"2","Rhynchocyon_petersi","Rhynchocyon_petersi.1"
"3","Procyon_lotor","Procyon_lotor.1"
"4","Cephalophus_silvicultor","Cephalophus_silvicultor.1"
"5","Felis_felis","Felis_felis.1"
"6","Cephalophus_silvicultor","Cephalophus_silvicultor.2"
"7","Okapia_johnstoni","Okapia_johnstoni.1"
"8","Euroscaptor_micrura","Euroscaptor_micrura.1"
"9","Vulpes_vulpes","Vulpes_vulpes.1"
"10","Okapia_johnstoni","Okapia_johnstoni.2"
"11","Paguma_larvata","Paguma_larvata.1"
"12","Mustela_nivalis","Mustela_nivalis.1"
"13","Xenicus_giliventris","Xenicus_giliventris.1"
"14","Cephalophus_silvicultor","Cephalophus_silvicultor.3"
"15","Lacerta_viridis","Lacerta_viridis.1"
"16","Tenrec_ecaudatus","Tenrec_ecaudatus.1"
"17","Apteryx_australis","Apteryx_australis.1"
"18","Megaloceros_sp","Megaloceros_sp.1"
"19","Rodhocetus","Rodhocetus.1"
"20","Ichtyosaur_sp","Ichtyosaur_sp.1"
"21","Alligator","Alligator.1"
"22","Phalacrocorax_harrisi","Phalacrocorax_harrisi.1"
"23","Phalacrocorax_harrisi","Phalacrocorax_harrisi.2"
"24","Leptophoca_proxima","Leptophoca_proxima.1"
"25","Tapirus_terrestris","Tapirus_terrestris.1"
"26","Cricosaurus","Cricosaurus.1"
"27","Simosaurus","Simosaurus.1"
"28","Desmostylus_hesperus","Desmostylus_hesperus.1"
"29","Simosaurus","Simosaurus.2"
"30","Rodhocetus","Rodhocetus.2"
"31","Neusticosaurus","Neusticosaurus.1"
"32","Phocanella_pumila","Phocanella_pumila.1"
"33","Lutra_vulgaris","Lutra_vulgaris.1"
"34","Leptophoca_proxima","Leptophoca_proxima.2"
"35","Phocanella_pumila","Phocanella_pumila.2"
"36","Hexaprotodon_garyam","Hexaprotodon_garyam.1"
"37","Dyrosaurid","Dyrosaurid.1"
"38","Rodhocetus","Rodhocetus.3"
"39","Psephoderma","Psephoderma.1"
"40","Cricosaurus","Cricosaurus.2"
"41","Placondontia_indet","Placondontia_indet.1"
"42","Ichtyosaur_sp","Ichtyosaur_sp.2"
"43","Ichtyosaurus_","Ichtyosaurus_.1"
"44","Choeropsis_liberiensis","Choeropsis_liberiensis.1"
"45","Spinosaurus_","Spinosaurus_.1"
"46","Spinosaurus_","Spinosaurus_.2"
"47","Spinosaurus_","Spinosaurus_.3"
"48","Spinosaurus_","Spinosaurus_.4"
"49","Spinosaurus_","Spinosaurus_.5"
"50","Spinosaurus_","Spinosaurus_.6"
"51","Spinosaurus_","Spinosaurus_.7"
"52","Spinosaurus_","Spinosaurus_.8"
"53","Spinosaurus_","Spinosaurus_.9"
"54","Spinosaurus_","Spinosaurus_.10"
"55","Spinosaurus_","Spinosaurus_.11"
"56","Suchomimus","Suchomimus.1"
"57","Suchomimus","Suchomimus.2"
"58","Suchomimus","Suchomimus.3"
"59","Baryonyx","Baryonyx.1"
"60","Baryonyx","Baryonyx.2"
"61","Baryonyx","Baryonyx.3"
 
* Phylo tree and the main data and strata files have been modified to include duplicated taxa before the scaled random trees are generated.
* Selected categorical labels column: diving.or.not
* diving.or.equal column is identical to Diving column.
* Regression excludes flying taxa.
* Diving labels that are present in regression: 0,2
* lambda (calculated from a random tree) = : 0.08
* index-name alignment check: OK
