Logfile for a session of program: bootstrap_binary.r
-----------------------------------------------------
INPUT:
workDir: C:/dino_nature/output/2023-11-07-D1\bs/set_616
Nbootstrapsets: 2000
phyloFDAfile: c:/dino_nature/code/phylo.fda.R
auxFile: c:/dino_nature/code/auxiliary.r
boneType: femur
regressionData.file: C:/dino_nature/output/2023-11-07-D1\bs/set_616/femur_set_616.csv
applyDataFilter: FALSE
addTreeTips: TRUE
Ntrees: 100
calculateTrees: TRUE
saveTrees: FALSE


OPERATIONAL CHECKS:
* Regression data contains multiple copies of some taxa (user added variants of existing test taxa 
   or replacements due to bootstrap are present) which are not in the phylo tree:
     original taxon,   duplicate   
"1","Mammuthus_sp","Mammuthus_sp.1"
"2","Dromaius_","Dromaius_.1"
"3","Tamandua_tetradactyla","Tamandua_tetradactyla.1"
"4","Rattus_rattus","Rattus_rattus.1"
"5","Dasyurus_maculatus","Dasyurus_maculatus.1"
"6","Apteryx_australis","Apteryx_australis.1"
"7","Nyctereutes_procyonoides","Nyctereutes_procyonoides.1"
"8","Rangifer_tarandus","Rangifer_tarandus.1"
"9","Vulpes_vulpes","Vulpes_vulpes.1"
"10","Apteryx_owenii_","Apteryx_owenii_.1"
"11","Syncerus_caffer","Syncerus_caffer.1"
"12","Meles_meles","Meles_meles.1"
"13","Euroscaptor_micrura","Euroscaptor_micrura.1"
"14","Apteryx_owenii_","Apteryx_owenii_.2"
"15","Euroscaptor_micrura","Euroscaptor_micrura.2"
"16","Alces_americanus","Alces_americanus.1"
"17","Microgale_thomasi","Microgale_thomasi.1"
"18","Simosaurus","Simosaurus.1"
"19","Paraplacodus","Paraplacodus.1"
"20","Alligator","Alligator.1"
"21","Noemys_fodies","Noemys_fodies.1"
"22","Maiacetus","Maiacetus.1"
"23","Phalacrocorax_harrisi","Phalacrocorax_harrisi.1"
"24","Simosaurus","Simosaurus.2"
"25","Indohyus","Indohyus.1"
"26","Dyrosaurid","Dyrosaurid.1"
"27","Simosaurus_1","Simosaurus_1.1"
"28","Rodhocetus","Rodhocetus.1"
"29","Otaria_byronia","Otaria_byronia.1"
"30","Remingtonocetus","Remingtonocetus.1"
"31","Nanophoca_vitulinoides","Nanophoca_vitulinoides.1"
"32","Nothosaurus_102","Nothosaurus_102.1"
"33","Indohyus","Indohyus.2"
"34","Chapsosaurus_","Chapsosaurus_.1"
"35","Small_Eocene_penguin","Small_Eocene_penguin.1"
"36","Noemys_fodies","Noemys_fodies.2"
"37","Dyrosaurid","Dyrosaurid.2"
"38","Spinosaurus_","Spinosaurus_.1"
"39","Spinosaurus_","Spinosaurus_.2"
"40","Spinosaurus_","Spinosaurus_.3"
"41","Spinosaurus_","Spinosaurus_.4"
"42","Spinosaurus_","Spinosaurus_.5"
"43","Spinosaurus_","Spinosaurus_.6"
"44","Spinosaurus_","Spinosaurus_.7"
"45","Spinosaurus_","Spinosaurus_.8"
"46","Spinosaurus_","Spinosaurus_.9"
"47","Spinosaurus_","Spinosaurus_.10"
"48","Spinosaurus_","Spinosaurus_.11"
"49","Suchomimus","Suchomimus.1"
"50","Suchomimus","Suchomimus.2"
"51","Suchomimus","Suchomimus.3"
"52","Baryonyx","Baryonyx.1"
"53","Baryonyx","Baryonyx.2"
"54","Baryonyx","Baryonyx.3"
 
* Phylo tree and the main data and strata files have been modified to include duplicated taxa before the scaled random trees are generated.
* Selected categorical labels column: diving.or.not
* diving.or.equal column is identical to Diving column.
* Regression excludes flying taxa.
* Diving labels that are present in regression: 0,2
* lambda (calculated from a random tree) = : 0.1
* index-name alignment check: OK
