Logfile for a session of program: bootstrap_binary.r
-----------------------------------------------------
INPUT:
workDir: C:/dino_nature/output/2023-11-07-D1\bs/set_414
Nbootstrapsets: 2000
phyloFDAfile: c:/dino_nature/code/phylo.fda.R
auxFile: c:/dino_nature/code/auxiliary.r
boneType: femur
regressionData.file: C:/dino_nature/output/2023-11-07-D1\bs/set_414/femur_set_414.csv
applyDataFilter: FALSE
addTreeTips: TRUE
Ntrees: 100
calculateTrees: TRUE
saveTrees: FALSE


OPERATIONAL CHECKS:
* Regression data contains multiple copies of some taxa (user added variants of existing test taxa 
   or replacements due to bootstrap are present) which are not in the phylo tree:
     original taxon,   duplicate   
"1","Capreolus_capreolus","Capreolus_capreolus.1"
"2","Sphenodon_punctatus","Sphenodon_punctatus.1"
"3","Mustela_nivalis","Mustela_nivalis.1"
"4","Lama_guanicoe","Lama_guanicoe.1"
"5","Procavia_capensis","Procavia_capensis.1"
"6","Pogona_viceps","Pogona_viceps.1"
"7","Hemiechinus_azurites","Hemiechinus_azurites.1"
"8","Mammuthus_sp","Mammuthus_sp.1"
"9","Mammuthus_sp","Mammuthus_sp.2"
"10","Rangifer_tarandus","Rangifer_tarandus.1"
"11","Vulpes_vulpes","Vulpes_vulpes.1"
"12","Vulpes_vulpes","Vulpes_vulpes.2"
"13","Hemiechinus_azurites","Hemiechinus_azurites.2"
"14","Procyon_lotor","Procyon_lotor.1"
"15","Nyctereutes_procyonoides","Nyctereutes_procyonoides.1"
"16","Dromaius_","Dromaius_.1"
"17","Monodelphis_domestica","Monodelphis_domestica.1"
"18","Bos_taurus","Bos_taurus.1"
"19","Hemiechinus_azurites","Hemiechinus_azurites.3"
"20","Porphyrio_hochstetteri","Porphyrio_hochstetteri.1"
"21","Nothosaurus_102","Nothosaurus_102.1"
"22","Nothosaurus_mirabilis_1","Nothosaurus_mirabilis_1.1"
"23","Leptophoca_proxima","Leptophoca_proxima.1"
"24","Palaeospheniscus","Palaeospheniscus.1"
"25","Nothosaurus_mirabilis_1","Nothosaurus_mirabilis_1.2"
"26","Desmana_moschata","Desmana_moschata.1"
"27","Leptophoca_proxima","Leptophoca_proxima.2"
"28","Simosaurus_1","Simosaurus_1.1"
"29","Phocanella_pumila","Phocanella_pumila.1"
"30","Ichtyosaurus_","Ichtyosaurus_.1"
"31","Callophoca_obscura","Callophoca_obscura.1"
"32","Phocanella_pumila","Phocanella_pumila.2"
"33","Aptenodytes______","Aptenodytes______.1"
"34","Ichtyosaur_sp","Ichtyosaur_sp.1"
"35","Ichtyosaur_sp","Ichtyosaur_sp.2"
"36","Palaeospheniscus","Palaeospheniscus.2"
"37","Ichtyosaur_sp","Ichtyosaur_sp.3"
"38","Ichtyosaurus_","Ichtyosaurus_.2"
"39","Simosaurus_1","Simosaurus_1.2"
"40","Cricosaurus","Cricosaurus.1"
"41","Desmana_moschata","Desmana_moschata.2"
"42","Lutra_vulgaris","Lutra_vulgaris.1"
"43","Lutra_vulgaris","Lutra_vulgaris.2"
"44","Spinosaurus_","Spinosaurus_.1"
"45","Spinosaurus_","Spinosaurus_.2"
"46","Spinosaurus_","Spinosaurus_.3"
"47","Spinosaurus_","Spinosaurus_.4"
"48","Spinosaurus_","Spinosaurus_.5"
"49","Spinosaurus_","Spinosaurus_.6"
"50","Spinosaurus_","Spinosaurus_.7"
"51","Spinosaurus_","Spinosaurus_.8"
"52","Spinosaurus_","Spinosaurus_.9"
"53","Spinosaurus_","Spinosaurus_.10"
"54","Spinosaurus_","Spinosaurus_.11"
"55","Suchomimus","Suchomimus.1"
"56","Suchomimus","Suchomimus.2"
"57","Suchomimus","Suchomimus.3"
"58","Baryonyx","Baryonyx.1"
"59","Baryonyx","Baryonyx.2"
"60","Baryonyx","Baryonyx.3"
 
* Phylo tree and the main data and strata files have been modified to include duplicated taxa before the scaled random trees are generated.
* Selected categorical labels column: diving.or.not
* diving.or.equal column is identical to Diving column.
* Regression excludes flying taxa.
* Diving labels that are present in regression: 0,2
* lambda (calculated from a random tree) = : 0.12
* index-name alignment check: OK
