Logfile for a session of program: bootstrap_binary.r
-----------------------------------------------------
INPUT:
workDir: C:/dino_nature/output/2023-11-07-D1\bs/set_1045
Nbootstrapsets: 2000
phyloFDAfile: c:/dino_nature/code/phylo.fda.R
auxFile: c:/dino_nature/code/auxiliary.r
boneType: femur
regressionData.file: C:/dino_nature/output/2023-11-07-D1\bs/set_1045/femur_set_1045.csv
applyDataFilter: FALSE
addTreeTips: TRUE
Ntrees: 100
calculateTrees: TRUE
saveTrees: FALSE


OPERATIONAL CHECKS:
* Regression data contains multiple copies of some taxa (user added variants of existing test taxa 
   or replacements due to bootstrap are present) which are not in the phylo tree:
     original taxon,   duplicate   
"1","Dasyurus_maculatus","Dasyurus_maculatus.1"
"2","Procavia_capensis","Procavia_capensis.1"
"3","Hemiechinus_azurites","Hemiechinus_azurites.1"
"4","Hemiechinus_azurites","Hemiechinus_azurites.2"
"5","Ceratotherium_simum","Ceratotherium_simum.1"
"6","Lama_guanicoe","Lama_guanicoe.1"
"7","Syncerus_caffer","Syncerus_caffer.1"
"8","Ceratotherium_simum","Ceratotherium_simum.2"
"9","Elomeryx_borbonicus_","Elomeryx_borbonicus_.1"
"10","Dromaius_","Dromaius_.1"
"11","Sus_scrofa","Sus_scrofa.1"
"12","Elomeryx_borbonicus_","Elomeryx_borbonicus_.2"
"13","Tamandua_tetradactyla","Tamandua_tetradactyla.1"
"14","Rangifer_tarandus","Rangifer_tarandus.1"
"15","Euroscaptor_micrura","Euroscaptor_micrura.1"
"16","Hemiechinus_azurites","Hemiechinus_azurites.3"
"17","Loxodonta_africana","Loxodonta_africana.1"
"18","Ceratotherium_simum","Ceratotherium_simum.3"
"19","Hemiechinus_azurites","Hemiechinus_azurites.4"
"20","Dromaius_","Dromaius_.2"
"21","Felis_felis","Felis_felis.1"
"22","Raphus","Raphus.1"
"23","Anarosaurus","Anarosaurus.1"
"24","Dyrosaurid","Dyrosaurid.1"
"25","Indohyus","Indohyus.1"
"26","Remingtonocetus","Remingtonocetus.1"
"27","Rodhocetus","Rodhocetus.1"
"28","Rodhocetus","Rodhocetus.2"
"29","Desmana_moschata","Desmana_moschata.1"
"30","Cryptoclidus","Cryptoclidus.1"
"31","Choeropsis_liberiensis","Choeropsis_liberiensis.1"
"32","Alligator","Alligator.1"
"33","Rodhocetus","Rodhocetus.3"
"34","Hippopotamus_amphibius","Hippopotamus_amphibius.1"
"35","Alligator","Alligator.2"
"36","Nothosaurus_giganteus","Nothosaurus_giganteus.1"
"37","Ichtyosaurus_","Ichtyosaurus_.1"
"38","Nothosaurus_mirabilis","Nothosaurus_mirabilis.1"
"39","Dyrosaurid","Dyrosaurid.2"
"40","Hexaprotodon_garyam","Hexaprotodon_garyam.1"
"41","Hexaprotodon_garyam","Hexaprotodon_garyam.2"
"42","Maiacetus","Maiacetus.1"
"43","Basilosaurus","Basilosaurus.1"
"44","Paraplacodus","Paraplacodus.1"
"45","Choeropsis_liberiensis","Choeropsis_liberiensis.2"
"46","Nothosaurus_mirabilis","Nothosaurus_mirabilis.2"
"47","Spinosaurus_","Spinosaurus_.1"
"48","Spinosaurus_","Spinosaurus_.2"
"49","Spinosaurus_","Spinosaurus_.3"
"50","Spinosaurus_","Spinosaurus_.4"
"51","Spinosaurus_","Spinosaurus_.5"
"52","Spinosaurus_","Spinosaurus_.6"
"53","Spinosaurus_","Spinosaurus_.7"
"54","Spinosaurus_","Spinosaurus_.8"
"55","Spinosaurus_","Spinosaurus_.9"
"56","Spinosaurus_","Spinosaurus_.10"
"57","Spinosaurus_","Spinosaurus_.11"
"58","Suchomimus","Suchomimus.1"
"59","Suchomimus","Suchomimus.2"
"60","Suchomimus","Suchomimus.3"
"61","Baryonyx","Baryonyx.1"
"62","Baryonyx","Baryonyx.2"
"63","Baryonyx","Baryonyx.3"
 
* Phylo tree and the main data and strata files have been modified to include duplicated taxa before the scaled random trees are generated.
* Selected categorical labels column: diving.or.not
* diving.or.equal column is identical to Diving column.
* Regression excludes flying taxa.
* Diving labels that are present in regression: 0,2
* lambda (calculated from a random tree) = : 0.13
* index-name alignment check: OK
