Logfile for a session of program: bootstrap_binary.r
-----------------------------------------------------
INPUT:
workDir: C:/dino_nature/output/2023-11-07-D1\bs/set_1655
Nbootstrapsets: 2000
phyloFDAfile: c:/dino_nature/code/phylo.fda.R
auxFile: c:/dino_nature/code/auxiliary.r
boneType: femur
regressionData.file: C:/dino_nature/output/2023-11-07-D1\bs/set_1655/femur_set_1655.csv
applyDataFilter: FALSE
addTreeTips: TRUE
Ntrees: 100
calculateTrees: TRUE
saveTrees: FALSE


OPERATIONAL CHECKS:
* Regression data contains multiple copies of some taxa (user added variants of existing test taxa 
   or replacements due to bootstrap are present) which are not in the phylo tree:
     original taxon,   duplicate   
"1","Strigiops_habroptilus","Strigiops_habroptilus.1"
"2","Brachyodus_onoideum","Brachyodus_onoideum.1"
"3","Meles_meles","Meles_meles.1"
"4","Nyctereutes_procyonoides","Nyctereutes_procyonoides.1"
"5","Bos_taurus","Bos_taurus.1"
"6","Rangifer_tarandus","Rangifer_tarandus.1"
"7","Microgale_thomasi","Microgale_thomasi.1"
"8","Microgale_thomasi","Microgale_thomasi.2"
"9","Mus_musculus","Mus_musculus.1"
"10","Monodelphis_domestica","Monodelphis_domestica.1"
"11","Bos_taurus","Bos_taurus.2"
"12","Apteryx_australis","Apteryx_australis.1"
"13","Procavia_capensis","Procavia_capensis.1"
"14","Felis_felis","Felis_felis.1"
"15","Dicerorhinus_sumatrensis","Dicerorhinus_sumatrensis.1"
"16","Myrmecophaga_tridactyla","Myrmecophaga_tridactyla.1"
"17","Felis_felis","Felis_felis.2"
"18","Raphus","Raphus.1"
"19","Hemiechinus_azurites","Hemiechinus_azurites.1"
"20","Maiacetus","Maiacetus.1"
"21","Plesiosaurus","Plesiosaurus.1"
"22","Basilosaurus","Basilosaurus.1"
"23","Ichtyosaurus_","Ichtyosaurus_.1"
"24","Hippopotamus_amphibius","Hippopotamus_amphibius.1"
"25","Ornithorhynchus_anatinus","Ornithorhynchus_anatinus.1"
"26","Hippopotamus_amphibius","Hippopotamus_amphibius.2"
"27","Maiacetus","Maiacetus.2"
"28","Cricosaurus","Cricosaurus.1"
"29","Aptenodytes______","Aptenodytes______.1"
"30","Simosaurus_1","Simosaurus_1.1"
"31","Desmostylus_hesperus","Desmostylus_hesperus.1"
"32","Hydromys_chrysogaster","Hydromys_chrysogaster.1"
"33","Desmana_moschata","Desmana_moschata.1"
"34","Placodontia_indet_1","Placodontia_indet_1.1"
"35","Nothosaurus_102","Nothosaurus_102.1"
"36","Placondontia_indet","Placondontia_indet.1"
"37","Paraplacodus","Paraplacodus.1"
"38","Aptenodytes______","Aptenodytes______.2"
"39","Simosaurus","Simosaurus.1"
"40","Spinosaurus_","Spinosaurus_.1"
"41","Spinosaurus_","Spinosaurus_.2"
"42","Spinosaurus_","Spinosaurus_.3"
"43","Spinosaurus_","Spinosaurus_.4"
"44","Spinosaurus_","Spinosaurus_.5"
"45","Spinosaurus_","Spinosaurus_.6"
"46","Spinosaurus_","Spinosaurus_.7"
"47","Spinosaurus_","Spinosaurus_.8"
"48","Spinosaurus_","Spinosaurus_.9"
"49","Spinosaurus_","Spinosaurus_.10"
"50","Spinosaurus_","Spinosaurus_.11"
"51","Suchomimus","Suchomimus.1"
"52","Suchomimus","Suchomimus.2"
"53","Suchomimus","Suchomimus.3"
"54","Baryonyx","Baryonyx.1"
"55","Baryonyx","Baryonyx.2"
"56","Baryonyx","Baryonyx.3"
 
* Phylo tree and the main data and strata files have been modified to include duplicated taxa before the scaled random trees are generated.
* Selected categorical labels column: diving.or.not
* diving.or.equal column is identical to Diving column.
* Regression excludes flying taxa.
* Diving labels that are present in regression: 0,2
* lambda (calculated from a random tree) = : 0.07
* index-name alignment check: OK
