Logfile for a session of program: bootstrap_binary.r
-----------------------------------------------------
INPUT:
workDir: C:/dino_nature/output/2023-11-07-D1\bs/set_215
Nbootstrapsets: 2000
phyloFDAfile: c:/dino_nature/code/phylo.fda.R
auxFile: c:/dino_nature/code/auxiliary.r
boneType: femur
regressionData.file: C:/dino_nature/output/2023-11-07-D1\bs/set_215/femur_set_215.csv
applyDataFilter: FALSE
addTreeTips: TRUE
Ntrees: 100
calculateTrees: TRUE
saveTrees: FALSE


OPERATIONAL CHECKS:
* Regression data contains multiple copies of some taxa (user added variants of existing test taxa 
   or replacements due to bootstrap are present) which are not in the phylo tree:
     original taxon,   duplicate   
"1","Taxidea_taxus","Taxidea_taxus.1"
"2","Felis_felis","Felis_felis.1"
"3","Vulpes_vulpes","Vulpes_vulpes.1"
"4","Monodelphis_domestica","Monodelphis_domestica.1"
"5","Nyctereutes_procyonoides","Nyctereutes_procyonoides.1"
"6","Pogona_viceps","Pogona_viceps.1"
"7","Megaloceros_sp","Megaloceros_sp.1"
"8","Okapia_johnstoni","Okapia_johnstoni.1"
"9","Brachyodus_onoideum","Brachyodus_onoideum.1"
"10","Bison_bonasus","Bison_bonasus.1"
"11","Rynochetus_jubatus","Rynochetus_jubatus.1"
"12","Felis_felis","Felis_felis.2"
"13","Nyctereutes_procyonoides","Nyctereutes_procyonoides.2"
"14","Monodelphis_domestica","Monodelphis_domestica.2"
"15","Lama_guanicoe","Lama_guanicoe.1"
"16","Lacerta_viridis","Lacerta_viridis.1"
"17","Apteryx_owenii_","Apteryx_owenii_.1"
"18","Leptophoca_proxima","Leptophoca_proxima.1"
"19","Aptenodytes______","Aptenodytes______.1"
"20","Nothosaurus_102","Nothosaurus_102.1"
"21","Aptenodytes______","Aptenodytes______.2"
"22","Dyrosaurid","Dyrosaurid.1"
"23","Nanophoca_vitulinoides","Nanophoca_vitulinoides.1"
"24","Lutra_vulgaris","Lutra_vulgaris.1"
"25","Desmana_moschata","Desmana_moschata.1"
"26","large_eocene_stem_penguin","large_eocene_stem_penguin.1"
"27","Nothosaurus_102","Nothosaurus_102.2"
"28","Metryorhynchus","Metryorhynchus.1"
"29","Metryorhynchus","Metryorhynchus.2"
"30","Desmostylus_hesperus","Desmostylus_hesperus.1"
"31","Ornithorhynchus_anatinus","Ornithorhynchus_anatinus.1"
"32","Basilosaurus","Basilosaurus.1"
"33","Otaria_byronia","Otaria_byronia.1"
"34","Small_Eocene_penguin","Small_Eocene_penguin.1"
"35","Chapsosaurus_","Chapsosaurus_.1"
"36","Nanophoca_vitulinoides","Nanophoca_vitulinoides.2"
"37","Protochampsidae","Protochampsidae.1"
"38","Otaria_byronia","Otaria_byronia.2"
"39","Dyrosaurid","Dyrosaurid.2"
"40","Lutra_vulgaris","Lutra_vulgaris.2"
"41","Dyrosaurid","Dyrosaurid.3"
"42","Spinosaurus_","Spinosaurus_.1"
"43","Spinosaurus_","Spinosaurus_.2"
"44","Spinosaurus_","Spinosaurus_.3"
"45","Spinosaurus_","Spinosaurus_.4"
"46","Spinosaurus_","Spinosaurus_.5"
"47","Spinosaurus_","Spinosaurus_.6"
"48","Spinosaurus_","Spinosaurus_.7"
"49","Spinosaurus_","Spinosaurus_.8"
"50","Spinosaurus_","Spinosaurus_.9"
"51","Spinosaurus_","Spinosaurus_.10"
"52","Spinosaurus_","Spinosaurus_.11"
"53","Suchomimus","Suchomimus.1"
"54","Suchomimus","Suchomimus.2"
"55","Suchomimus","Suchomimus.3"
"56","Baryonyx","Baryonyx.1"
"57","Baryonyx","Baryonyx.2"
"58","Baryonyx","Baryonyx.3"
 
* Phylo tree and the main data and strata files have been modified to include duplicated taxa before the scaled random trees are generated.
* Selected categorical labels column: diving.or.not
* diving.or.equal column is identical to Diving column.
* Regression excludes flying taxa.
* Diving labels that are present in regression: 0,2
* lambda (calculated from a random tree) = : 0.1
* index-name alignment check: OK
