Logfile for a session of program: bootstrap_binary.r
-----------------------------------------------------
INPUT:
workDir: C:/dino_nature/output/2023-11-07-D1\bs/set_326
Nbootstrapsets: 2000
phyloFDAfile: c:/dino_nature/code/phylo.fda.R
auxFile: c:/dino_nature/code/auxiliary.r
boneType: femur
regressionData.file: C:/dino_nature/output/2023-11-07-D1\bs/set_326/femur_set_326.csv
applyDataFilter: FALSE
addTreeTips: TRUE
Ntrees: 100
calculateTrees: TRUE
saveTrees: FALSE


OPERATIONAL CHECKS:
* Regression data contains multiple copies of some taxa (user added variants of existing test taxa 
   or replacements due to bootstrap are present) which are not in the phylo tree:
     original taxon,   duplicate   
"1","Myrmecophaga_tridactyla","Myrmecophaga_tridactyla.1"
"2","Rhinoceros_sondaicus","Rhinoceros_sondaicus.1"
"3","Monodelphis_domestica","Monodelphis_domestica.1"
"4","Loxodonta_africana","Loxodonta_africana.1"
"5","Procyon_lotor","Procyon_lotor.1"
"6","Tribonyx_mortieri","Tribonyx_mortieri.1"
"7","Sus_scrofa","Sus_scrofa.1"
"8","Apteryx_australis","Apteryx_australis.1"
"9","Rangifer_tarandus","Rangifer_tarandus.1"
"10","Pogona_viceps","Pogona_viceps.1"
"11","Elomeryx_borbonicus_","Elomeryx_borbonicus_.1"
"12","Ceratotherium_simum","Ceratotherium_simum.1"
"13","Rangifer_tarandus","Rangifer_tarandus.2"
"14","Elomeryx_borbonicus_","Elomeryx_borbonicus_.2"
"15","Pogona_viceps","Pogona_viceps.2"
"16","Cephalophus_silvicultor","Cephalophus_silvicultor.1"
"17","Taxidea_taxus","Taxidea_taxus.1"
"18","Dromaius_","Dromaius_.1"
"19","Tenrec_ecaudatus","Tenrec_ecaudatus.1"
"20","Elephas_maximus","Elephas_maximus.1"
"21","Bos_taurus","Bos_taurus.1"
"22","Pogona_viceps","Pogona_viceps.3"
"23","Leptophoca_proxima","Leptophoca_proxima.1"
"24","Leptophoca_proxima","Leptophoca_proxima.2"
"25","Champsosaurus","Champsosaurus.1"
"26","Psephoderma","Psephoderma.1"
"27","Maiacetus","Maiacetus.1"
"28","Metryorhynchus","Metryorhynchus.1"
"29","Champsosaurus","Champsosaurus.2"
"30","Nothosaurus_mirabilis","Nothosaurus_mirabilis.1"
"31","Hexaprotodon_garyam","Hexaprotodon_garyam.1"
"32","Cricosaurus","Cricosaurus.1"
"33","Neusticosaurus","Neusticosaurus.1"
"34","Ornithorhynchus_anatinus","Ornithorhynchus_anatinus.1"
"35","Simosaurus","Simosaurus.1"
"36","Rodhocetus","Rodhocetus.1"
"37","Placondontia_indet","Placondontia_indet.1"
"38","Chironectes_minimus","Chironectes_minimus.1"
"39","Neusticosaurus","Neusticosaurus.2"
"40","Hesperornis","Hesperornis.1"
"41","Neusticosaurus","Neusticosaurus.3"
"42","Castor_fiber","Castor_fiber.1"
"43","Leptophoca_proxima","Leptophoca_proxima.3"
"44","Tapirus_terrestris","Tapirus_terrestris.1"
"45","Spinosaurus_","Spinosaurus_.1"
"46","Spinosaurus_","Spinosaurus_.2"
"47","Spinosaurus_","Spinosaurus_.3"
"48","Spinosaurus_","Spinosaurus_.4"
"49","Spinosaurus_","Spinosaurus_.5"
"50","Spinosaurus_","Spinosaurus_.6"
"51","Spinosaurus_","Spinosaurus_.7"
"52","Spinosaurus_","Spinosaurus_.8"
"53","Spinosaurus_","Spinosaurus_.9"
"54","Spinosaurus_","Spinosaurus_.10"
"55","Spinosaurus_","Spinosaurus_.11"
"56","Suchomimus","Suchomimus.1"
"57","Suchomimus","Suchomimus.2"
"58","Suchomimus","Suchomimus.3"
"59","Baryonyx","Baryonyx.1"
"60","Baryonyx","Baryonyx.2"
"61","Baryonyx","Baryonyx.3"
 
* Phylo tree and the main data and strata files have been modified to include duplicated taxa before the scaled random trees are generated.
* Selected categorical labels column: diving.or.not
* diving.or.equal column is identical to Diving column.
* Regression excludes flying taxa.
* Diving labels that are present in regression: 0,2
* lambda (calculated from a random tree) = : 0.1
* index-name alignment check: OK
