Logfile for a session of program: bootstrap_binary.r
-----------------------------------------------------
INPUT:
workDir: C:/dino_nature/output/2023-11-07-D1\bs/set_766
Nbootstrapsets: 2000
phyloFDAfile: c:/dino_nature/code/phylo.fda.R
auxFile: c:/dino_nature/code/auxiliary.r
boneType: femur
regressionData.file: C:/dino_nature/output/2023-11-07-D1\bs/set_766/femur_set_766.csv
applyDataFilter: FALSE
addTreeTips: TRUE
Ntrees: 100
calculateTrees: TRUE
saveTrees: FALSE


OPERATIONAL CHECKS:
* Regression data contains multiple copies of some taxa (user added variants of existing test taxa 
   or replacements due to bootstrap are present) which are not in the phylo tree:
     original taxon,   duplicate   
"1","Bison_bonasus","Bison_bonasus.1"
"2","Bison_bonasus","Bison_bonasus.2"
"3","Porphyrio_hochstetteri","Porphyrio_hochstetteri.1"
"4","Raphus","Raphus.1"
"5","Mammuthus_sp","Mammuthus_sp.1"
"6","Rynochetus_jubatus","Rynochetus_jubatus.1"
"7","Cephalophus_silvicultor","Cephalophus_silvicultor.1"
"8","Uncia_uncia","Uncia_uncia.1"
"9","Capreolus_capreolus","Capreolus_capreolus.1"
"10","Lama_guanicoe","Lama_guanicoe.1"
"11","Rynochetus_jubatus","Rynochetus_jubatus.2"
"12","Bison_bonasus","Bison_bonasus.3"
"13","Apteryx_owenii_","Apteryx_owenii_.1"
"14","Mammuthus_sp","Mammuthus_sp.2"
"15","Microgale_thomasi","Microgale_thomasi.1"
"16","Raphus","Raphus.2"
"17","Dromaius_","Dromaius_.1"
"18","Vulpes_vulpes","Vulpes_vulpes.1"
"19","Ceratotherium_simum","Ceratotherium_simum.1"
"20","Bison_bonasus","Bison_bonasus.4"
"21","Cephalophus_silvicultor","Cephalophus_silvicultor.2"
"22","Giraffa_camelopardalis","Giraffa_camelopardalis.1"
"23","Dromaius_","Dromaius_.2"
"24","Syncerus_caffer","Syncerus_caffer.1"
"25","Rynochetus_jubatus","Rynochetus_jubatus.3"
"26","Alces_americanus","Alces_americanus.1"
"27","Sphenodon_punctatus","Sphenodon_punctatus.1"
"28","Plesiosaurus","Plesiosaurus.1"
"29","Palaeospheniscus","Palaeospheniscus.1"
"30","Palaeospheniscus","Palaeospheniscus.2"
"31","Nothosaurus_102","Nothosaurus_102.1"
"32","Serpianosaurus","Serpianosaurus.1"
"33","Serpianosaurus","Serpianosaurus.2"
"34","Spheniscus","Spheniscus.1"
"35","Maiacetus","Maiacetus.1"
"36","Plesiosaurus","Plesiosaurus.2"
"37","Plesiosaurus","Plesiosaurus.3"
"38","Anarosaurus","Anarosaurus.1"
"39","Nothosaurus_102","Nothosaurus_102.2"
"40","Phalacrocorax_harrisi","Phalacrocorax_harrisi.1"
"41","Plesiosaurus","Plesiosaurus.4"
"42","Spheniscus","Spheniscus.2"
"43","Lutra_vulgaris","Lutra_vulgaris.1"
"44","Palaeospheniscus","Palaeospheniscus.3"
"45","Micropotamogale_euwenzorii","Micropotamogale_euwenzorii.1"
"46","Pistosaurus","Pistosaurus.1"
"47","Tapirus_terrestris","Tapirus_terrestris.1"
"48","Nothosaurus_102","Nothosaurus_102.3"
"49","Small_Eocene_penguin","Small_Eocene_penguin.1"
"50","Spinosaurus_","Spinosaurus_.1"
"51","Spinosaurus_","Spinosaurus_.2"
"52","Spinosaurus_","Spinosaurus_.3"
"53","Spinosaurus_","Spinosaurus_.4"
"54","Spinosaurus_","Spinosaurus_.5"
"55","Spinosaurus_","Spinosaurus_.6"
"56","Spinosaurus_","Spinosaurus_.7"
"57","Spinosaurus_","Spinosaurus_.8"
"58","Spinosaurus_","Spinosaurus_.9"
"59","Spinosaurus_","Spinosaurus_.10"
"60","Spinosaurus_","Spinosaurus_.11"
"61","Suchomimus","Suchomimus.1"
"62","Suchomimus","Suchomimus.2"
"63","Suchomimus","Suchomimus.3"
"64","Baryonyx","Baryonyx.1"
"65","Baryonyx","Baryonyx.2"
"66","Baryonyx","Baryonyx.3"
 
* Phylo tree and the main data and strata files have been modified to include duplicated taxa before the scaled random trees are generated.
* Selected categorical labels column: diving.or.not
* diving.or.equal column is identical to Diving column.
* Regression excludes flying taxa.
* Diving labels that are present in regression: 0,2
* lambda (calculated from a random tree) = : 0.05
* index-name alignment check: OK
