Logfile for a session of program: bootstrap_binary.r
-----------------------------------------------------
INPUT:
workDir: C:/dino_nature/output/2023-11-07-D1\bs/set_1081
Nbootstrapsets: 2000
phyloFDAfile: c:/dino_nature/code/phylo.fda.R
auxFile: c:/dino_nature/code/auxiliary.r
boneType: femur
regressionData.file: C:/dino_nature/output/2023-11-07-D1\bs/set_1081/femur_set_1081.csv
applyDataFilter: FALSE
addTreeTips: TRUE
Ntrees: 100
calculateTrees: TRUE
saveTrees: FALSE


OPERATIONAL CHECKS:
* Regression data contains multiple copies of some taxa (user added variants of existing test taxa 
   or replacements due to bootstrap are present) which are not in the phylo tree:
     original taxon,   duplicate   
"1","Rangifer_tarandus","Rangifer_tarandus.1"
"2","Uncia_uncia","Uncia_uncia.1"
"3","Sus_scrofa","Sus_scrofa.1"
"4","Tenrec_ecaudatus","Tenrec_ecaudatus.1"
"5","Porphyrio_hochstetteri","Porphyrio_hochstetteri.1"
"6","Dicerorhinus_sumatrensis","Dicerorhinus_sumatrensis.1"
"7","Procavia_capensis","Procavia_capensis.1"
"8","Uncia_uncia","Uncia_uncia.2"
"9","Apteryx_australis","Apteryx_australis.1"
"10","Uncia_uncia","Uncia_uncia.3"
"11","Tamandua_tetradactyla","Tamandua_tetradactyla.1"
"12","Capreolus_capreolus","Capreolus_capreolus.1"
"13","Caloenas_nicobarica","Caloenas_nicobarica.1"
"14","Paguma_larvata","Paguma_larvata.1"
"15","Felis_felis","Felis_felis.1"
"16","Caloenas_nicobarica","Caloenas_nicobarica.2"
"17","Sphenodon_punctatus","Sphenodon_punctatus.1"
"18","Rynochetus_jubatus","Rynochetus_jubatus.1"
"19","Vulpes_vulpes","Vulpes_vulpes.1"
"20","Raphus","Raphus.1"
"21","Microgale_thomasi","Microgale_thomasi.1"
"22","Uncia_uncia","Uncia_uncia.4"
"23","Dicerorhinus_sumatrensis","Dicerorhinus_sumatrensis.2"
"24","Aptenodytes______","Aptenodytes______.1"
"25","Aptenodytes______","Aptenodytes______.2"
"26","Simosaurus","Simosaurus.1"
"27","Paraplacodus","Paraplacodus.1"
"28","Simosaurus","Simosaurus.2"
"29","Simosaurus","Simosaurus.3"
"30","Placodontia_indet_1","Placodontia_indet_1.1"
"31","Phalacrocorax_harrisi","Phalacrocorax_harrisi.1"
"32","Noemys_fodies","Noemys_fodies.1"
"33","Callophoca_obscura","Callophoca_obscura.1"
"34","Anarosaurus","Anarosaurus.1"
"35","Desmana_moschata","Desmana_moschata.1"
"36","Pistosaurus","Pistosaurus.1"
"37","large_eocene_stem_penguin","large_eocene_stem_penguin.1"
"38","Anarosaurus","Anarosaurus.2"
"39","Desmana_moschata","Desmana_moschata.2"
"40","Remingtonocetus","Remingtonocetus.1"
"41","Maiacetus","Maiacetus.1"
"42","Pistosaurus","Pistosaurus.2"
"43","Alligator","Alligator.1"
"44","Noemys_fodies","Noemys_fodies.2"
"45","Spheniscus","Spheniscus.1"
"46","Spinosaurus_","Spinosaurus_.1"
"47","Spinosaurus_","Spinosaurus_.2"
"48","Spinosaurus_","Spinosaurus_.3"
"49","Spinosaurus_","Spinosaurus_.4"
"50","Spinosaurus_","Spinosaurus_.5"
"51","Spinosaurus_","Spinosaurus_.6"
"52","Spinosaurus_","Spinosaurus_.7"
"53","Spinosaurus_","Spinosaurus_.8"
"54","Spinosaurus_","Spinosaurus_.9"
"55","Spinosaurus_","Spinosaurus_.10"
"56","Spinosaurus_","Spinosaurus_.11"
"57","Suchomimus","Suchomimus.1"
"58","Suchomimus","Suchomimus.2"
"59","Suchomimus","Suchomimus.3"
"60","Baryonyx","Baryonyx.1"
"61","Baryonyx","Baryonyx.2"
"62","Baryonyx","Baryonyx.3"
 
* Phylo tree and the main data and strata files have been modified to include duplicated taxa before the scaled random trees are generated.
* Selected categorical labels column: diving.or.not
* diving.or.equal column is identical to Diving column.
* Regression excludes flying taxa.
* Diving labels that are present in regression: 0,2
* lambda (calculated from a random tree) = : 0.08
* index-name alignment check: OK
