Logfile for a session of program: bootstrap_binary.r
-----------------------------------------------------
INPUT:
workDir: C:/dino_nature/output/2023-11-07-D1\bs/set_1602
Nbootstrapsets: 2000
phyloFDAfile: c:/dino_nature/code/phylo.fda.R
auxFile: c:/dino_nature/code/auxiliary.r
boneType: femur
regressionData.file: C:/dino_nature/output/2023-11-07-D1\bs/set_1602/femur_set_1602.csv
applyDataFilter: FALSE
addTreeTips: TRUE
Ntrees: 100
calculateTrees: TRUE
saveTrees: FALSE


OPERATIONAL CHECKS:
* Regression data contains multiple copies of some taxa (user added variants of existing test taxa 
   or replacements due to bootstrap are present) which are not in the phylo tree:
     original taxon,   duplicate   
"1","Porphyrio_hochstetteri","Porphyrio_hochstetteri.1"
"2","Dromaius_","Dromaius_.1"
"3","Mus_musculus","Mus_musculus.1"
"4","Mammuthus_sp","Mammuthus_sp.1"
"5","Nyctereutes_procyonoides","Nyctereutes_procyonoides.1"
"6","Dromaius_","Dromaius_.2"
"7","Apteryx_australis","Apteryx_australis.1"
"8","Syncerus_caffer","Syncerus_caffer.1"
"9","Rhynchocyon_petersi","Rhynchocyon_petersi.1"
"10","Mammuthus_sp","Mammuthus_sp.2"
"11","Okapia_johnstoni","Okapia_johnstoni.1"
"12","Okapia_johnstoni","Okapia_johnstoni.2"
"13","Rhynchocyon_petersi","Rhynchocyon_petersi.2"
"14","Sphenodon_punctatus","Sphenodon_punctatus.1"
"15","Dicerorhinus_sumatrensis","Dicerorhinus_sumatrensis.1"
"16","Lama_guanicoe","Lama_guanicoe.1"
"17","Elomeryx_borbonicus_","Elomeryx_borbonicus_.1"
"18","Procavia_capensis","Procavia_capensis.1"
"19","Rynochetus_jubatus","Rynochetus_jubatus.1"
"20","Procavia_capensis","Procavia_capensis.2"
"21","Procavia_capensis","Procavia_capensis.3"
"22","Procavia_capensis","Procavia_capensis.4"
"23","Strigiops_habroptilus","Strigiops_habroptilus.1"
"24","Castor_fiber","Castor_fiber.1"
"25","large_eocene_stem_penguin","large_eocene_stem_penguin.1"
"26","Simosaurus","Simosaurus.1"
"27","Placodontia_indet_1","Placodontia_indet_1.1"
"28","Simosaurus_1","Simosaurus_1.1"
"29","Cricosaurus","Cricosaurus.1"
"30","Nothosaurus_giganteus","Nothosaurus_giganteus.1"
"31","Nothosaurus_mirabilis_1","Nothosaurus_mirabilis_1.1"
"32","Remingtonocetus","Remingtonocetus.1"
"33","Neusticosaurus","Neusticosaurus.1"
"34","Noemys_fodies","Noemys_fodies.1"
"35","large_eocene_stem_penguin","large_eocene_stem_penguin.2"
"36","Hydromys_chrysogaster","Hydromys_chrysogaster.1"
"37","Placodontia_indet_1","Placodontia_indet_1.2"
"38","Indohyus","Indohyus.1"
"39","Serpianosaurus","Serpianosaurus.1"
"40","Nothosaurus_150","Nothosaurus_150.1"
"41","Hydromys_chrysogaster","Hydromys_chrysogaster.2"
"42","Spinosaurus_","Spinosaurus_.1"
"43","Spinosaurus_","Spinosaurus_.2"
"44","Spinosaurus_","Spinosaurus_.3"
"45","Spinosaurus_","Spinosaurus_.4"
"46","Spinosaurus_","Spinosaurus_.5"
"47","Spinosaurus_","Spinosaurus_.6"
"48","Spinosaurus_","Spinosaurus_.7"
"49","Spinosaurus_","Spinosaurus_.8"
"50","Spinosaurus_","Spinosaurus_.9"
"51","Spinosaurus_","Spinosaurus_.10"
"52","Spinosaurus_","Spinosaurus_.11"
"53","Suchomimus","Suchomimus.1"
"54","Suchomimus","Suchomimus.2"
"55","Suchomimus","Suchomimus.3"
"56","Baryonyx","Baryonyx.1"
"57","Baryonyx","Baryonyx.2"
"58","Baryonyx","Baryonyx.3"
 
* Phylo tree and the main data and strata files have been modified to include duplicated taxa before the scaled random trees are generated.
* Selected categorical labels column: diving.or.not
* diving.or.equal column is identical to Diving column.
* Regression excludes flying taxa.
* Diving labels that are present in regression: 0,2
* lambda (calculated from a random tree) = : 0.12
* index-name alignment check: OK
