Logfile for a session of program: bootstrap_binary.r
-----------------------------------------------------
INPUT:
workDir: C:/dino_nature/output/2023-11-07-D1\bs/set_1195
Nbootstrapsets: 2000
phyloFDAfile: c:/dino_nature/code/phylo.fda.R
auxFile: c:/dino_nature/code/auxiliary.r
boneType: femur
regressionData.file: C:/dino_nature/output/2023-11-07-D1\bs/set_1195/femur_set_1195.csv
applyDataFilter: FALSE
addTreeTips: TRUE
Ntrees: 100
calculateTrees: TRUE
saveTrees: FALSE


OPERATIONAL CHECKS:
* Regression data contains multiple copies of some taxa (user added variants of existing test taxa 
   or replacements due to bootstrap are present) which are not in the phylo tree:
     original taxon,   duplicate   
"1","Alces_americanus","Alces_americanus.1"
"2","Brachyodus_onoideum","Brachyodus_onoideum.1"
"3","Sus_scrofa","Sus_scrofa.1"
"4","Syncerus_caffer","Syncerus_caffer.1"
"5","Rhinoceros_sondaicus","Rhinoceros_sondaicus.1"
"6","Bos_taurus","Bos_taurus.1"
"7","Tamandua_tetradactyla","Tamandua_tetradactyla.1"
"8","Rhinoceros_sondaicus","Rhinoceros_sondaicus.2"
"9","Procyon_lotor","Procyon_lotor.1"
"10","Giraffa_camelopardalis","Giraffa_camelopardalis.1"
"11","Alces_americanus","Alces_americanus.2"
"12","Lacerta_viridis","Lacerta_viridis.1"
"13","Rhinoceros_sondaicus","Rhinoceros_sondaicus.3"
"14","Procyon_lotor","Procyon_lotor.2"
"15","Giraffa_camelopardalis","Giraffa_camelopardalis.2"
"16","Dasyurus_maculatus","Dasyurus_maculatus.1"
"17","Elomeryx_borbonicus_","Elomeryx_borbonicus_.1"
"18","Dasyurus_maculatus","Dasyurus_maculatus.2"
"19","Syncerus_caffer","Syncerus_caffer.2"
"20","Uncia_uncia","Uncia_uncia.1"
"21","Syncerus_caffer","Syncerus_caffer.3"
"22","Alligator","Alligator.1"
"23","Chapsosaurus_","Chapsosaurus_.1"
"24","Hippopotamus_amphibius","Hippopotamus_amphibius.1"
"25","Callophoca_obscura","Callophoca_obscura.1"
"26","Callophoca_obscura","Callophoca_obscura.2"
"27","Rodhocetus","Rodhocetus.1"
"28","Serpianosaurus","Serpianosaurus.1"
"29","Callophoca_obscura","Callophoca_obscura.3"
"30","Metryorhynchus","Metryorhynchus.1"
"31","Rhaeticosaurus","Rhaeticosaurus.1"
"32","Cricosaurus","Cricosaurus.1"
"33","Psephoderma","Psephoderma.1"
"34","Hydromys_chrysogaster","Hydromys_chrysogaster.1"
"35","Simosaurus","Simosaurus.1"
"36","Psephoderma","Psephoderma.2"
"37","large_eocene_stem_penguin","large_eocene_stem_penguin.1"
"38","Aptenodytes______","Aptenodytes______.1"
"39","Hippopotamus_amphibius","Hippopotamus_amphibius.2"
"40","Nothosaurus_102","Nothosaurus_102.1"
"41","Desmana_moschata","Desmana_moschata.1"
"42","Noemys_fodies","Noemys_fodies.1"
"43","Spinosaurus_","Spinosaurus_.1"
"44","Spinosaurus_","Spinosaurus_.2"
"45","Spinosaurus_","Spinosaurus_.3"
"46","Spinosaurus_","Spinosaurus_.4"
"47","Spinosaurus_","Spinosaurus_.5"
"48","Spinosaurus_","Spinosaurus_.6"
"49","Spinosaurus_","Spinosaurus_.7"
"50","Spinosaurus_","Spinosaurus_.8"
"51","Spinosaurus_","Spinosaurus_.9"
"52","Spinosaurus_","Spinosaurus_.10"
"53","Spinosaurus_","Spinosaurus_.11"
"54","Suchomimus","Suchomimus.1"
"55","Suchomimus","Suchomimus.2"
"56","Suchomimus","Suchomimus.3"
"57","Baryonyx","Baryonyx.1"
"58","Baryonyx","Baryonyx.2"
"59","Baryonyx","Baryonyx.3"
 
* Phylo tree and the main data and strata files have been modified to include duplicated taxa before the scaled random trees are generated.
* Selected categorical labels column: diving.or.not
* diving.or.equal column is identical to Diving column.
* Regression excludes flying taxa.
* Diving labels that are present in regression: 0,2
* lambda (calculated from a random tree) = : 0.1
* index-name alignment check: OK
