Logfile for a session of program: bootstrap_binary.r
-----------------------------------------------------
INPUT:
workDir: C:/dino_nature/output/2023-11-07-D1\bs/set_39
Nbootstrapsets: 2000
phyloFDAfile: c:/dino_nature/code/phylo.fda.R
auxFile: c:/dino_nature/code/auxiliary.r
boneType: femur
regressionData.file: C:/dino_nature/output/2023-11-07-D1\bs/set_39/femur_set_39.csv
applyDataFilter: FALSE
addTreeTips: TRUE
Ntrees: 100
calculateTrees: TRUE
saveTrees: FALSE


OPERATIONAL CHECKS:
* Regression data contains multiple copies of some taxa (user added variants of existing test taxa 
   or replacements due to bootstrap are present) which are not in the phylo tree:
     original taxon,   duplicate   
"1","Euroscaptor_micrura","Euroscaptor_micrura.1"
"2","Microgale_thomasi","Microgale_thomasi.1"
"3","Taxidea_taxus","Taxidea_taxus.1"
"4","Hemiechinus_azurites","Hemiechinus_azurites.1"
"5","Rynochetus_jubatus","Rynochetus_jubatus.1"
"6","Megaloceros_sp","Megaloceros_sp.1"
"7","Taxidea_taxus","Taxidea_taxus.2"
"8","Loxodonta_africana","Loxodonta_africana.1"
"9","Cephalophus_silvicultor","Cephalophus_silvicultor.1"
"10","Megaloceros_sp","Megaloceros_sp.2"
"11","Giraffa_camelopardalis","Giraffa_camelopardalis.1"
"12","Euroscaptor_micrura","Euroscaptor_micrura.2"
"13","Mus_musculus","Mus_musculus.1"
"14","Felis_felis","Felis_felis.1"
"15","Ceratotherium_simum","Ceratotherium_simum.1"
"16","Porphyrio_hochstetteri","Porphyrio_hochstetteri.1"
"17","Meles_meles","Meles_meles.1"
"18","Lacerta_viridis","Lacerta_viridis.1"
"19","Atlantisia_rogersi","Atlantisia_rogersi.1"
"20","Lacerta_viridis","Lacerta_viridis.2"
"21","Paraplacodus","Paraplacodus.1"
"22","Cryptoclidus","Cryptoclidus.1"
"23","Placodontia_indet_1","Placodontia_indet_1.1"
"24","Placodontia_indet_1","Placodontia_indet_1.2"
"25","Desmostylus_hesperus","Desmostylus_hesperus.1"
"26","Basilosaurus","Basilosaurus.1"
"27","Pistosaurus","Pistosaurus.1"
"28","Nothosaurus_mirabilis","Nothosaurus_mirabilis.1"
"29","Palaeospheniscus","Palaeospheniscus.1"
"30","Hippopotamus_amphibius","Hippopotamus_amphibius.1"
"31","Metryorhynchus","Metryorhynchus.1"
"32","Palaeospheniscus","Palaeospheniscus.2"
"33","Chironectes_minimus","Chironectes_minimus.1"
"34","Chironectes_minimus","Chironectes_minimus.2"
"35","Small_Eocene_penguin","Small_Eocene_penguin.1"
"36","Small_Eocene_penguin","Small_Eocene_penguin.2"
"37","Basilosaurus","Basilosaurus.2"
"38","Chironectes_minimus","Chironectes_minimus.3"
"39","Palaeospheniscus","Palaeospheniscus.3"
"40","Chironectes_minimus","Chironectes_minimus.4"
"41","Remingtonocetus","Remingtonocetus.1"
"42","Phalacrocorax_harrisi","Phalacrocorax_harrisi.1"
"43","Placodontia_indet_1","Placodontia_indet_1.3"
"44","Callophoca_obscura","Callophoca_obscura.1"
"45","Spinosaurus_","Spinosaurus_.1"
"46","Spinosaurus_","Spinosaurus_.2"
"47","Spinosaurus_","Spinosaurus_.3"
"48","Spinosaurus_","Spinosaurus_.4"
"49","Spinosaurus_","Spinosaurus_.5"
"50","Spinosaurus_","Spinosaurus_.6"
"51","Spinosaurus_","Spinosaurus_.7"
"52","Spinosaurus_","Spinosaurus_.8"
"53","Spinosaurus_","Spinosaurus_.9"
"54","Spinosaurus_","Spinosaurus_.10"
"55","Spinosaurus_","Spinosaurus_.11"
"56","Suchomimus","Suchomimus.1"
"57","Suchomimus","Suchomimus.2"
"58","Suchomimus","Suchomimus.3"
"59","Baryonyx","Baryonyx.1"
"60","Baryonyx","Baryonyx.2"
"61","Baryonyx","Baryonyx.3"
 
* Phylo tree and the main data and strata files have been modified to include duplicated taxa before the scaled random trees are generated.
* Selected categorical labels column: diving.or.not
* diving.or.equal column is identical to Diving column.
* Regression excludes flying taxa.
* Diving labels that are present in regression: 0,2
* lambda (calculated from a random tree) = : 0.08
* index-name alignment check: OK
