Logfile for a session of program: bootstrap_binary.r
-----------------------------------------------------
INPUT:
workDir: C:/dino_nature/output/2023-11-07-D1\bs/set_104
Nbootstrapsets: 2000
phyloFDAfile: c:/dino_nature/code/phylo.fda.R
auxFile: c:/dino_nature/code/auxiliary.r
boneType: femur
regressionData.file: C:/dino_nature/output/2023-11-07-D1\bs/set_104/femur_set_104.csv
applyDataFilter: FALSE
addTreeTips: TRUE
Ntrees: 100
calculateTrees: TRUE
saveTrees: FALSE


OPERATIONAL CHECKS:
* Regression data contains multiple copies of some taxa (user added variants of existing test taxa 
   or replacements due to bootstrap are present) which are not in the phylo tree:
     original taxon,   duplicate   
"1","Nyctereutes_procyonoides","Nyctereutes_procyonoides.1"
"2","Capreolus_capreolus","Capreolus_capreolus.1"
"3","Rynochetus_jubatus","Rynochetus_jubatus.1"
"4","Caloenas_nicobarica","Caloenas_nicobarica.1"
"5","Rynochetus_jubatus","Rynochetus_jubatus.2"
"6","Alces_americanus","Alces_americanus.1"
"7","Lama_guanicoe","Lama_guanicoe.1"
"8","Monodelphis_domestica","Monodelphis_domestica.1"
"9","Paguma_larvata","Paguma_larvata.1"
"10","Elomeryx_borbonicus_","Elomeryx_borbonicus_.1"
"11","Rhinoceros_sondaicus","Rhinoceros_sondaicus.1"
"12","Monodelphis_domestica","Monodelphis_domestica.2"
"13","Ceratotherium_simum","Ceratotherium_simum.1"
"14","Lama_guanicoe","Lama_guanicoe.2"
"15","Apteryx_owenii_","Apteryx_owenii_.1"
"16","Caloenas_nicobarica","Caloenas_nicobarica.2"
"17","Tribonyx_mortieri","Tribonyx_mortieri.1"
"18","Capreolus_capreolus","Capreolus_capreolus.2"
"19","Dasyurus_maculatus","Dasyurus_maculatus.1"
"20","Giraffa_camelopardalis","Giraffa_camelopardalis.1"
"21","Rhynchocyon_petersi","Rhynchocyon_petersi.1"
"22","Hexaprotodon_garyam","Hexaprotodon_garyam.1"
"23","Placodontia_indet_1","Placodontia_indet_1.1"
"24","Tapirus_terrestris","Tapirus_terrestris.1"
"25","Cryptoclidus","Cryptoclidus.1"
"26","Cryptoclidus","Cryptoclidus.2"
"27","Cricosaurus","Cricosaurus.1"
"28","Placondontia_indet","Placondontia_indet.1"
"29","Phalacrocorax_harrisi","Phalacrocorax_harrisi.1"
"30","Micropotamogale_euwenzorii","Micropotamogale_euwenzorii.1"
"31","Caiman_yacare","Caiman_yacare.1"
"32","Cricosaurus","Cricosaurus.2"
"33","Serpianosaurus","Serpianosaurus.1"
"34","Tapirus_terrestris","Tapirus_terrestris.2"
"35","Anarosaurus","Anarosaurus.1"
"36","Tapirus_terrestris","Tapirus_terrestris.3"
"37","Champsosaurus","Champsosaurus.1"
"38","Nothosaurus_giganteus","Nothosaurus_giganteus.1"
"39","Nothosaurus_giganteus","Nothosaurus_giganteus.2"
"40","Caiman_yacare","Caiman_yacare.2"
"41","Alligator","Alligator.1"
"42","Leptophoca_proxima","Leptophoca_proxima.1"
"43","Chapsosaurus_","Chapsosaurus_.1"
"44","Spinosaurus_","Spinosaurus_.1"
"45","Spinosaurus_","Spinosaurus_.2"
"46","Spinosaurus_","Spinosaurus_.3"
"47","Spinosaurus_","Spinosaurus_.4"
"48","Spinosaurus_","Spinosaurus_.5"
"49","Spinosaurus_","Spinosaurus_.6"
"50","Spinosaurus_","Spinosaurus_.7"
"51","Spinosaurus_","Spinosaurus_.8"
"52","Spinosaurus_","Spinosaurus_.9"
"53","Spinosaurus_","Spinosaurus_.10"
"54","Spinosaurus_","Spinosaurus_.11"
"55","Suchomimus","Suchomimus.1"
"56","Suchomimus","Suchomimus.2"
"57","Suchomimus","Suchomimus.3"
"58","Baryonyx","Baryonyx.1"
"59","Baryonyx","Baryonyx.2"
"60","Baryonyx","Baryonyx.3"
 
* Phylo tree and the main data and strata files have been modified to include duplicated taxa before the scaled random trees are generated.
* Selected categorical labels column: diving.or.not
* diving.or.equal column is identical to Diving column.
* Regression excludes flying taxa.
* Diving labels that are present in regression: 0,2
* lambda (calculated from a random tree) = : 0.09
* index-name alignment check: OK
