Logfile for a session of program: bootstrap_binary.r
-----------------------------------------------------
INPUT:
workDir: C:/dino_nature/output/2023-11-07-D1\bs/set_853
Nbootstrapsets: 2000
phyloFDAfile: c:/dino_nature/code/phylo.fda.R
auxFile: c:/dino_nature/code/auxiliary.r
boneType: femur
regressionData.file: C:/dino_nature/output/2023-11-07-D1\bs/set_853/femur_set_853.csv
applyDataFilter: FALSE
addTreeTips: TRUE
Ntrees: 100
calculateTrees: TRUE
saveTrees: FALSE


OPERATIONAL CHECKS:
* Regression data contains multiple copies of some taxa (user added variants of existing test taxa 
   or replacements due to bootstrap are present) which are not in the phylo tree:
     original taxon,   duplicate   
"1","Lama_guanicoe","Lama_guanicoe.1"
"2","Elephas_maximus","Elephas_maximus.1"
"3","Bos_taurus","Bos_taurus.1"
"4","Brachyodus_onoideum","Brachyodus_onoideum.1"
"5","Rangifer_tarandus","Rangifer_tarandus.1"
"6","Bos_taurus","Bos_taurus.2"
"7","Tenrec_ecaudatus","Tenrec_ecaudatus.1"
"8","Lama_guanicoe","Lama_guanicoe.2"
"9","Diplomesodon_pulchellum","Diplomesodon_pulchellum.1"
"10","Diplomesodon_pulchellum","Diplomesodon_pulchellum.2"
"11","Rynochetus_jubatus","Rynochetus_jubatus.1"
"12","Okapia_johnstoni","Okapia_johnstoni.1"
"13","Tamandua_tetradactyla","Tamandua_tetradactyla.1"
"14","Diplomesodon_pulchellum","Diplomesodon_pulchellum.3"
"15","Rangifer_tarandus","Rangifer_tarandus.2"
"16","Diplomesodon_pulchellum","Diplomesodon_pulchellum.4"
"17","Euroscaptor_micrura","Euroscaptor_micrura.1"
"18","Euroscaptor_micrura","Euroscaptor_micrura.2"
"19","Caloenas_nicobarica","Caloenas_nicobarica.1"
"20","Caloenas_nicobarica","Caloenas_nicobarica.2"
"21","Okapia_johnstoni","Okapia_johnstoni.2"
"22","Rynochetus_jubatus","Rynochetus_jubatus.2"
"23","Mammuthus_sp","Mammuthus_sp.1"
"24","Tenrec_ecaudatus","Tenrec_ecaudatus.2"
"25","Bos_taurus","Bos_taurus.3"
"26","Vulpes_vulpes","Vulpes_vulpes.1"
"27","Mammuthus_sp","Mammuthus_sp.2"
"28","Small_Eocene_penguin","Small_Eocene_penguin.1"
"29","Desmana_moschata","Desmana_moschata.1"
"30","Dyrosaurid","Dyrosaurid.1"
"31","Chapsosaurus_","Chapsosaurus_.1"
"32","Metryorhynchus","Metryorhynchus.1"
"33","Hippopotamus_amphibius","Hippopotamus_amphibius.1"
"34","Desmostylus_hesperus","Desmostylus_hesperus.1"
"35","Dyrosaurid","Dyrosaurid.2"
"36","Paraplacodus","Paraplacodus.1"
"37","large_eocene_stem_penguin","large_eocene_stem_penguin.1"
"38","Dyrosaurid","Dyrosaurid.3"
"39","Remingtonocetus","Remingtonocetus.1"
"40","Chapsosaurus_","Chapsosaurus_.2"
"41","Hexaprotodon_garyam","Hexaprotodon_garyam.1"
"42","Tapirus_terrestris","Tapirus_terrestris.1"
"43","Paraplacodus","Paraplacodus.2"
"44","Psephoderma","Psephoderma.1"
"45","Nanophoca_vitulinoides","Nanophoca_vitulinoides.1"
"46","Protochampsidae","Protochampsidae.1"
"47","Placodontia_indet_1","Placodontia_indet_1.1"
"48","Choeropsis_liberiensis","Choeropsis_liberiensis.1"
"49","Pistosaurus","Pistosaurus.1"
"50","Placodontia_indet_1","Placodontia_indet_1.2"
"51","Spinosaurus_","Spinosaurus_.1"
"52","Spinosaurus_","Spinosaurus_.2"
"53","Spinosaurus_","Spinosaurus_.3"
"54","Spinosaurus_","Spinosaurus_.4"
"55","Spinosaurus_","Spinosaurus_.5"
"56","Spinosaurus_","Spinosaurus_.6"
"57","Spinosaurus_","Spinosaurus_.7"
"58","Spinosaurus_","Spinosaurus_.8"
"59","Spinosaurus_","Spinosaurus_.9"
"60","Spinosaurus_","Spinosaurus_.10"
"61","Spinosaurus_","Spinosaurus_.11"
"62","Suchomimus","Suchomimus.1"
"63","Suchomimus","Suchomimus.2"
"64","Suchomimus","Suchomimus.3"
"65","Baryonyx","Baryonyx.1"
"66","Baryonyx","Baryonyx.2"
"67","Baryonyx","Baryonyx.3"
 
* Phylo tree and the main data and strata files have been modified to include duplicated taxa before the scaled random trees are generated.
* Selected categorical labels column: diving.or.not
* diving.or.equal column is identical to Diving column.
* Regression excludes flying taxa.
* Diving labels that are present in regression: 0,2
* lambda (calculated from a random tree) = : 0.13
* index-name alignment check: OK
