Logfile for a session of program: bootstrap_binary.r
-----------------------------------------------------
INPUT:
workDir: C:/dino_nature/output/2023-11-07-D1\bs/set_173
Nbootstrapsets: 2000
phyloFDAfile: c:/dino_nature/code/phylo.fda.R
auxFile: c:/dino_nature/code/auxiliary.r
boneType: femur
regressionData.file: C:/dino_nature/output/2023-11-07-D1\bs/set_173/femur_set_173.csv
applyDataFilter: FALSE
addTreeTips: TRUE
Ntrees: 100
calculateTrees: TRUE
saveTrees: FALSE


OPERATIONAL CHECKS:
* Regression data contains multiple copies of some taxa (user added variants of existing test taxa 
   or replacements due to bootstrap are present) which are not in the phylo tree:
     original taxon,   duplicate   
"1","Lacerta_viridis","Lacerta_viridis.1"
"2","Myrmecophaga_tridactyla","Myrmecophaga_tridactyla.1"
"3","Vulpes_vulpes","Vulpes_vulpes.1"
"4","Elomeryx_borbonicus_","Elomeryx_borbonicus_.1"
"5","Vulpes_vulpes","Vulpes_vulpes.2"
"6","Giraffa_camelopardalis","Giraffa_camelopardalis.1"
"7","Capreolus_capreolus","Capreolus_capreolus.1"
"8","Capreolus_capreolus","Capreolus_capreolus.2"
"9","Dama_dama","Dama_dama.1"
"10","Okapia_johnstoni","Okapia_johnstoni.1"
"11","Monodelphis_domestica","Monodelphis_domestica.1"
"12","Raphus","Raphus.1"
"13","Vulpes_vulpes","Vulpes_vulpes.3"
"14","Dama_dama","Dama_dama.2"
"15","Sus_scrofa","Sus_scrofa.1"
"16","Capreolus_capreolus","Capreolus_capreolus.3"
"17","Nyctereutes_procyonoides","Nyctereutes_procyonoides.1"
"18","Diplomesodon_pulchellum","Diplomesodon_pulchellum.1"
"19","Uncia_uncia","Uncia_uncia.1"
"20","Myrmecophaga_tridactyla","Myrmecophaga_tridactyla.2"
"21","Nothosaurus_150","Nothosaurus_150.1"
"22","Nothosaurus_150","Nothosaurus_150.2"
"23","Nothosaurus_568","Nothosaurus_568.1"
"24","Lutra_vulgaris","Lutra_vulgaris.1"
"25","Nothosaurus_102","Nothosaurus_102.1"
"26","Alligator","Alligator.1"
"27","Phalacrocorax_harrisi","Phalacrocorax_harrisi.1"
"28","Aptenodytes______","Aptenodytes______.1"
"29","Placodontia_indet_1","Placodontia_indet_1.1"
"30","Placodontia_indet_1","Placodontia_indet_1.2"
"31","Caiman_yacare","Caiman_yacare.1"
"32","Pistosaurus","Pistosaurus.1"
"33","Metryorhynchus","Metryorhynchus.1"
"34","Psephoderma","Psephoderma.1"
"35","Placodontia_indet_1","Placodontia_indet_1.3"
"36","Alligator","Alligator.2"
"37","Nothosaurus_150","Nothosaurus_150.3"
"38","Nothosaurus_568","Nothosaurus_568.2"
"39","Alligator","Alligator.3"
"40","Nothosaurus_102","Nothosaurus_102.2"
"41","Phocanella_pumila","Phocanella_pumila.1"
"42","Noemys_fodies","Noemys_fodies.1"
"43","Spinosaurus_","Spinosaurus_.1"
"44","Spinosaurus_","Spinosaurus_.2"
"45","Spinosaurus_","Spinosaurus_.3"
"46","Spinosaurus_","Spinosaurus_.4"
"47","Spinosaurus_","Spinosaurus_.5"
"48","Spinosaurus_","Spinosaurus_.6"
"49","Spinosaurus_","Spinosaurus_.7"
"50","Spinosaurus_","Spinosaurus_.8"
"51","Spinosaurus_","Spinosaurus_.9"
"52","Spinosaurus_","Spinosaurus_.10"
"53","Spinosaurus_","Spinosaurus_.11"
"54","Suchomimus","Suchomimus.1"
"55","Suchomimus","Suchomimus.2"
"56","Suchomimus","Suchomimus.3"
"57","Baryonyx","Baryonyx.1"
"58","Baryonyx","Baryonyx.2"
"59","Baryonyx","Baryonyx.3"
 
* Phylo tree and the main data and strata files have been modified to include duplicated taxa before the scaled random trees are generated.
* Selected categorical labels column: diving.or.not
* diving.or.equal column is identical to Diving column.
* Regression excludes flying taxa.
* Diving labels that are present in regression: 0,2
* lambda (calculated from a random tree) = : 0.1
* index-name alignment check: OK
