Logfile for a session of program: bootstrap_binary.r
-----------------------------------------------------
INPUT:
workDir: C:/dino_nature/output/2023-11-07-D1\bs/set_1571
Nbootstrapsets: 2000
phyloFDAfile: c:/dino_nature/code/phylo.fda.R
auxFile: c:/dino_nature/code/auxiliary.r
boneType: femur
regressionData.file: C:/dino_nature/output/2023-11-07-D1\bs/set_1571/femur_set_1571.csv
applyDataFilter: FALSE
addTreeTips: TRUE
Ntrees: 100
calculateTrees: TRUE
saveTrees: FALSE


OPERATIONAL CHECKS:
* Regression data contains multiple copies of some taxa (user added variants of existing test taxa 
   or replacements due to bootstrap are present) which are not in the phylo tree:
     original taxon,   duplicate   
"1","Monodelphis_domestica","Monodelphis_domestica.1"
"2","Porphyrio_hochstetteri","Porphyrio_hochstetteri.1"
"3","Rangifer_tarandus","Rangifer_tarandus.1"
"4","Lama_guanicoe","Lama_guanicoe.1"
"5","Vulpes_vulpes","Vulpes_vulpes.1"
"6","Rangifer_tarandus","Rangifer_tarandus.2"
"7","Caloenas_nicobarica","Caloenas_nicobarica.1"
"8","Hemiechinus_azurites","Hemiechinus_azurites.1"
"9","Megaloceros_sp","Megaloceros_sp.1"
"10","Hemiechinus_azurites","Hemiechinus_azurites.2"
"11","Rupicapra_rupicapra","Rupicapra_rupicapra.1"
"12","Procyon_lotor","Procyon_lotor.1"
"13","Hemiechinus_azurites","Hemiechinus_azurites.3"
"14","Tenrec_ecaudatus","Tenrec_ecaudatus.1"
"15","Nyctereutes_procyonoides","Nyctereutes_procyonoides.1"
"16","Pogona_viceps","Pogona_viceps.1"
"17","Raphus","Raphus.1"
"18","Hemiechinus_azurites","Hemiechinus_azurites.4"
"19","Hemiechinus_azurites","Hemiechinus_azurites.5"
"20","Strigiops_habroptilus","Strigiops_habroptilus.1"
"21","Lama_guanicoe","Lama_guanicoe.2"
"22","Mustela_nivalis","Mustela_nivalis.1"
"23","Mammuthus_sp","Mammuthus_sp.1"
"24","Monodelphis_domestica","Monodelphis_domestica.2"
"25","Vulpes_vulpes","Vulpes_vulpes.2"
"26","large_eocene_stem_penguin","large_eocene_stem_penguin.1"
"27","Serpianosaurus","Serpianosaurus.1"
"28","Serpianosaurus","Serpianosaurus.2"
"29","Hexaprotodon_garyam","Hexaprotodon_garyam.1"
"30","Palaeospheniscus","Palaeospheniscus.1"
"31","Palaeospheniscus","Palaeospheniscus.2"
"32","Ichtyosaur_sp","Ichtyosaur_sp.1"
"33","Hesperornis","Hesperornis.1"
"34","Nanophoca_vitulinoides","Nanophoca_vitulinoides.1"
"35","Cryptoclidus","Cryptoclidus.1"
"36","Remingtonocetus","Remingtonocetus.1"
"37","Nanophoca_vitulinoides","Nanophoca_vitulinoides.2"
"38","Micropotamogale_euwenzorii","Micropotamogale_euwenzorii.1"
"39","Nothosaurus_mirabilis_1","Nothosaurus_mirabilis_1.1"
"40","Psephoderma","Psephoderma.1"
"41","Pistosaurus","Pistosaurus.1"
"42","Micropotamogale_euwenzorii","Micropotamogale_euwenzorii.2"
"43","Nothosaurus_150","Nothosaurus_150.1"
"44","Rhaeticosaurus","Rhaeticosaurus.1"
"45","Spinosaurus_","Spinosaurus_.1"
"46","Spinosaurus_","Spinosaurus_.2"
"47","Spinosaurus_","Spinosaurus_.3"
"48","Spinosaurus_","Spinosaurus_.4"
"49","Spinosaurus_","Spinosaurus_.5"
"50","Spinosaurus_","Spinosaurus_.6"
"51","Spinosaurus_","Spinosaurus_.7"
"52","Spinosaurus_","Spinosaurus_.8"
"53","Spinosaurus_","Spinosaurus_.9"
"54","Spinosaurus_","Spinosaurus_.10"
"55","Spinosaurus_","Spinosaurus_.11"
"56","Suchomimus","Suchomimus.1"
"57","Suchomimus","Suchomimus.2"
"58","Suchomimus","Suchomimus.3"
"59","Baryonyx","Baryonyx.1"
"60","Baryonyx","Baryonyx.2"
"61","Baryonyx","Baryonyx.3"
 
* Phylo tree and the main data and strata files have been modified to include duplicated taxa before the scaled random trees are generated.
* Selected categorical labels column: diving.or.not
* diving.or.equal column is identical to Diving column.
* Regression excludes flying taxa.
* Diving labels that are present in regression: 0,2
* lambda (calculated from a random tree) = : 0.09
* index-name alignment check: OK
