Logfile for a session of program: bootstrap_binary.r
-----------------------------------------------------
INPUT:
workDir: C:/dino_nature/output/2023-11-07-D1\bs/set_1714
Nbootstrapsets: 2000
phyloFDAfile: c:/dino_nature/code/phylo.fda.R
auxFile: c:/dino_nature/code/auxiliary.r
boneType: femur
regressionData.file: C:/dino_nature/output/2023-11-07-D1\bs/set_1714/femur_set_1714.csv
applyDataFilter: FALSE
addTreeTips: TRUE
Ntrees: 100
calculateTrees: TRUE
saveTrees: FALSE


OPERATIONAL CHECKS:
* Regression data contains multiple copies of some taxa (user added variants of existing test taxa 
   or replacements due to bootstrap are present) which are not in the phylo tree:
     original taxon,   duplicate   
"1","Apteryx_australis","Apteryx_australis.1"
"2","Euroscaptor_micrura","Euroscaptor_micrura.1"
"3","Xenicus_giliventris","Xenicus_giliventris.1"
"4","Felis_felis","Felis_felis.1"
"5","Procyon_lotor","Procyon_lotor.1"
"6","Sphenodon_punctatus","Sphenodon_punctatus.1"
"7","Sus_scrofa","Sus_scrofa.1"
"8","Porphyrio_hochstetteri","Porphyrio_hochstetteri.1"
"9","Apteryx_australis","Apteryx_australis.2"
"10","Giraffa_camelopardalis","Giraffa_camelopardalis.1"
"11","Monodelphis_domestica","Monodelphis_domestica.1"
"12","Dromaius_","Dromaius_.1"
"13","Dicerorhinus_sumatrensis","Dicerorhinus_sumatrensis.1"
"14","Euroscaptor_micrura","Euroscaptor_micrura.2"
"15","Hemiechinus_azurites","Hemiechinus_azurites.1"
"16","Sphenodon_punctatus","Sphenodon_punctatus.2"
"17","Bos_taurus","Bos_taurus.1"
"18","Bison_bonasus","Bison_bonasus.1"
"19","Hemiechinus_azurites","Hemiechinus_azurites.2"
"20","Felis_felis","Felis_felis.2"
"21","Lacerta_viridis","Lacerta_viridis.1"
"22","Hydromys_chrysogaster","Hydromys_chrysogaster.1"
"23","Hydromys_chrysogaster","Hydromys_chrysogaster.2"
"24","Nothosaurus_150","Nothosaurus_150.1"
"25","Hydromys_chrysogaster","Hydromys_chrysogaster.3"
"26","Cricosaurus","Cricosaurus.1"
"27","Leptophoca_proxima","Leptophoca_proxima.1"
"28","Ichtyosaurus_","Ichtyosaurus_.1"
"29","Aptenodytes______","Aptenodytes______.1"
"30","Ornithorhynchus_anatinus","Ornithorhynchus_anatinus.1"
"31","Psephoderma","Psephoderma.1"
"32","Cryptoclidus","Cryptoclidus.1"
"33","Serpianosaurus","Serpianosaurus.1"
"34","Metryorhynchus","Metryorhynchus.1"
"35","Simosaurus","Simosaurus.1"
"36","Placondontia_indet","Placondontia_indet.1"
"37","Desmostylus_hesperus","Desmostylus_hesperus.1"
"38","Paraplacodus","Paraplacodus.1"
"39","Simosaurus","Simosaurus.2"
"40","Nothosaurus_giganteus","Nothosaurus_giganteus.1"
"41","Paraplacodus","Paraplacodus.2"
"42","Spheniscus","Spheniscus.1"
"43","Simosaurus","Simosaurus.3"
"44","Nanophoca_vitulinoides","Nanophoca_vitulinoides.1"
"45","Hydromys_chrysogaster","Hydromys_chrysogaster.4"
"46","Leptophoca_proxima","Leptophoca_proxima.2"
"47","Nothosaurus_giganteus","Nothosaurus_giganteus.2"
"48","Spinosaurus_","Spinosaurus_.1"
"49","Spinosaurus_","Spinosaurus_.2"
"50","Spinosaurus_","Spinosaurus_.3"
"51","Spinosaurus_","Spinosaurus_.4"
"52","Spinosaurus_","Spinosaurus_.5"
"53","Spinosaurus_","Spinosaurus_.6"
"54","Spinosaurus_","Spinosaurus_.7"
"55","Spinosaurus_","Spinosaurus_.8"
"56","Spinosaurus_","Spinosaurus_.9"
"57","Spinosaurus_","Spinosaurus_.10"
"58","Spinosaurus_","Spinosaurus_.11"
"59","Suchomimus","Suchomimus.1"
"60","Suchomimus","Suchomimus.2"
"61","Suchomimus","Suchomimus.3"
"62","Baryonyx","Baryonyx.1"
"63","Baryonyx","Baryonyx.2"
"64","Baryonyx","Baryonyx.3"
 
* Phylo tree and the main data and strata files have been modified to include duplicated taxa before the scaled random trees are generated.
* Selected categorical labels column: diving.or.not
* diving.or.equal column is identical to Diving column.
* Regression excludes flying taxa.
* Diving labels that are present in regression: 0,2
* lambda (calculated from a random tree) = : 0.16
* index-name alignment check: OK
