Logfile for a session of program: bootstrap_binary.r
-----------------------------------------------------
INPUT:
workDir: C:/dino_nature/output/2023-11-07-D1\bs/set_1344
Nbootstrapsets: 2000
phyloFDAfile: c:/dino_nature/code/phylo.fda.R
auxFile: c:/dino_nature/code/auxiliary.r
boneType: femur
regressionData.file: C:/dino_nature/output/2023-11-07-D1\bs/set_1344/femur_set_1344.csv
applyDataFilter: FALSE
addTreeTips: TRUE
Ntrees: 100
calculateTrees: TRUE
saveTrees: FALSE


OPERATIONAL CHECKS:
* Regression data contains multiple copies of some taxa (user added variants of existing test taxa 
   or replacements due to bootstrap are present) which are not in the phylo tree:
     original taxon,   duplicate   
"1","Megaloceros_sp","Megaloceros_sp.1"
"2","Dromaius_","Dromaius_.1"
"3","Sus_scrofa","Sus_scrofa.1"
"4","Atlantisia_rogersi","Atlantisia_rogersi.1"
"5","Raphus","Raphus.1"
"6","Strigiops_habroptilus","Strigiops_habroptilus.1"
"7","Dromaius_","Dromaius_.2"
"8","Euroscaptor_micrura","Euroscaptor_micrura.1"
"9","Hemiechinus_azurites","Hemiechinus_azurites.1"
"10","Strigiops_habroptilus","Strigiops_habroptilus.2"
"11","Dromaius_","Dromaius_.3"
"12","Monodelphis_domestica","Monodelphis_domestica.1"
"13","Diplomesodon_pulchellum","Diplomesodon_pulchellum.1"
"14","Felis_felis","Felis_felis.1"
"15","Sus_scrofa","Sus_scrofa.2"
"16","Hemiechinus_azurites","Hemiechinus_azurites.2"
"17","Capreolus_capreolus","Capreolus_capreolus.1"
"18","Porphyrio_hochstetteri","Porphyrio_hochstetteri.1"
"19","Procavia_capensis","Procavia_capensis.1"
"20","Dromaius_","Dromaius_.4"
"21","Lacerta_viridis","Lacerta_viridis.1"
"22","Strigiops_habroptilus","Strigiops_habroptilus.3"
"23","Lama_guanicoe","Lama_guanicoe.1"
"24","Indohyus","Indohyus.1"
"25","Nothosaurus_150","Nothosaurus_150.1"
"26","Nothosaurus_102","Nothosaurus_102.1"
"27","Spheniscus","Spheniscus.1"
"28","Pistosaurus","Pistosaurus.1"
"29","Ichtyosaurus_","Ichtyosaurus_.1"
"30","Choeropsis_liberiensis","Choeropsis_liberiensis.1"
"31","Chironectes_minimus","Chironectes_minimus.1"
"32","Ornithorhynchus_anatinus","Ornithorhynchus_anatinus.1"
"33","Nothosaurus_150","Nothosaurus_150.2"
"34","Maiacetus","Maiacetus.1"
"35","Anarosaurus","Anarosaurus.1"
"36","Ichtyosaurus_","Ichtyosaurus_.2"
"37","Placodontia_indet_1","Placodontia_indet_1.1"
"38","Dyrosaurid","Dyrosaurid.1"
"39","Small_Eocene_penguin","Small_Eocene_penguin.1"
"40","Alligator","Alligator.1"
"41","Dyrosaurid","Dyrosaurid.2"
"42","Protochampsidae","Protochampsidae.1"
"43","Lutra_vulgaris","Lutra_vulgaris.1"
"44","Spinosaurus_","Spinosaurus_.1"
"45","Spinosaurus_","Spinosaurus_.2"
"46","Spinosaurus_","Spinosaurus_.3"
"47","Spinosaurus_","Spinosaurus_.4"
"48","Spinosaurus_","Spinosaurus_.5"
"49","Spinosaurus_","Spinosaurus_.6"
"50","Spinosaurus_","Spinosaurus_.7"
"51","Spinosaurus_","Spinosaurus_.8"
"52","Spinosaurus_","Spinosaurus_.9"
"53","Spinosaurus_","Spinosaurus_.10"
"54","Spinosaurus_","Spinosaurus_.11"
"55","Suchomimus","Suchomimus.1"
"56","Suchomimus","Suchomimus.2"
"57","Suchomimus","Suchomimus.3"
"58","Baryonyx","Baryonyx.1"
"59","Baryonyx","Baryonyx.2"
"60","Baryonyx","Baryonyx.3"
 
* Phylo tree and the main data and strata files have been modified to include duplicated taxa before the scaled random trees are generated.
* Selected categorical labels column: diving.or.not
* diving.or.equal column is identical to Diving column.
* Regression excludes flying taxa.
* Diving labels that are present in regression: 0,2
* lambda (calculated from a random tree) = : 0.11
* index-name alignment check: OK
