Logfile for a session of program: bootstrap_binary.r
-----------------------------------------------------
INPUT:
workDir: C:/dino_nature/output/2023-11-07-D1\bs/set_1804
Nbootstrapsets: 2000
phyloFDAfile: c:/dino_nature/code/phylo.fda.R
auxFile: c:/dino_nature/code/auxiliary.r
boneType: femur
regressionData.file: C:/dino_nature/output/2023-11-07-D1\bs/set_1804/femur_set_1804.csv
applyDataFilter: FALSE
addTreeTips: TRUE
Ntrees: 100
calculateTrees: TRUE
saveTrees: FALSE


OPERATIONAL CHECKS:
* Regression data contains multiple copies of some taxa (user added variants of existing test taxa 
   or replacements due to bootstrap are present) which are not in the phylo tree:
     original taxon,   duplicate   
"1","Megaloceros_sp","Megaloceros_sp.1"
"2","Dama_dama","Dama_dama.1"
"3","Xenicus_giliventris","Xenicus_giliventris.1"
"4","Tamandua_tetradactyla","Tamandua_tetradactyla.1"
"5","Tamandua_tetradactyla","Tamandua_tetradactyla.2"
"6","Mus_musculus","Mus_musculus.1"
"7","Lacerta_viridis","Lacerta_viridis.1"
"8","Vulpes_vulpes","Vulpes_vulpes.1"
"9","Hemiechinus_azurites","Hemiechinus_azurites.1"
"10","Atlantisia_rogersi","Atlantisia_rogersi.1"
"11","Procyon_lotor","Procyon_lotor.1"
"12","Monodelphis_domestica","Monodelphis_domestica.1"
"13","Rupicapra_rupicapra","Rupicapra_rupicapra.1"
"14","Sphenodon_punctatus","Sphenodon_punctatus.1"
"15","Microgale_thomasi","Microgale_thomasi.1"
"16","Nyctereutes_procyonoides","Nyctereutes_procyonoides.1"
"17","Tamandua_tetradactyla","Tamandua_tetradactyla.3"
"18","Hemiechinus_azurites","Hemiechinus_azurites.2"
"19","Rhinoceros_sondaicus","Rhinoceros_sondaicus.1"
"20","Mus_musculus","Mus_musculus.2"
"21","Diplomesodon_pulchellum","Diplomesodon_pulchellum.1"
"22","Rhaeticosaurus","Rhaeticosaurus.1"
"23","Leptophoca_proxima","Leptophoca_proxima.1"
"24","Otaria_byronia","Otaria_byronia.1"
"25","Remingtonocetus","Remingtonocetus.1"
"26","Rodhocetus","Rodhocetus.1"
"27","Rodhocetus","Rodhocetus.2"
"28","Pistosaurus","Pistosaurus.1"
"29","Nothosaurus_568","Nothosaurus_568.1"
"30","Spheniscus","Spheniscus.1"
"31","Cryptoclidus","Cryptoclidus.1"
"32","Rodhocetus","Rodhocetus.3"
"33","Cryptoclidus","Cryptoclidus.2"
"34","Anarosaurus","Anarosaurus.1"
"35","Spheniscus","Spheniscus.2"
"36","Nothosaurus_mirabilis","Nothosaurus_mirabilis.1"
"37","Alligator","Alligator.1"
"38","Nothosaurus_568","Nothosaurus_568.2"
"39","Psephoderma","Psephoderma.1"
"40","Neusticosaurus","Neusticosaurus.1"
"41","Neusticosaurus","Neusticosaurus.2"
"42","Phocanella_pumila","Phocanella_pumila.1"
"43","Desmostylus_hesperus","Desmostylus_hesperus.1"
"44","Ichtyosaur_sp","Ichtyosaur_sp.1"
"45","Spinosaurus_","Spinosaurus_.1"
"46","Spinosaurus_","Spinosaurus_.2"
"47","Spinosaurus_","Spinosaurus_.3"
"48","Spinosaurus_","Spinosaurus_.4"
"49","Spinosaurus_","Spinosaurus_.5"
"50","Spinosaurus_","Spinosaurus_.6"
"51","Spinosaurus_","Spinosaurus_.7"
"52","Spinosaurus_","Spinosaurus_.8"
"53","Spinosaurus_","Spinosaurus_.9"
"54","Spinosaurus_","Spinosaurus_.10"
"55","Spinosaurus_","Spinosaurus_.11"
"56","Suchomimus","Suchomimus.1"
"57","Suchomimus","Suchomimus.2"
"58","Suchomimus","Suchomimus.3"
"59","Baryonyx","Baryonyx.1"
"60","Baryonyx","Baryonyx.2"
"61","Baryonyx","Baryonyx.3"
 
* Phylo tree and the main data and strata files have been modified to include duplicated taxa before the scaled random trees are generated.
* Selected categorical labels column: diving.or.not
* diving.or.equal column is identical to Diving column.
* Regression excludes flying taxa.
* Diving labels that are present in regression: 0,2
* lambda (calculated from a random tree) = : 0.12
* index-name alignment check: OK
