Logfile for a session of program: bootstrap_binary.r
-----------------------------------------------------
INPUT:
workDir: C:/dino_nature/output/2023-11-07-D1\bs/set_296
Nbootstrapsets: 2000
phyloFDAfile: c:/dino_nature/code/phylo.fda.R
auxFile: c:/dino_nature/code/auxiliary.r
boneType: femur
regressionData.file: C:/dino_nature/output/2023-11-07-D1\bs/set_296/femur_set_296.csv
applyDataFilter: FALSE
addTreeTips: TRUE
Ntrees: 100
calculateTrees: TRUE
saveTrees: FALSE


OPERATIONAL CHECKS:
* Regression data contains multiple copies of some taxa (user added variants of existing test taxa 
   or replacements due to bootstrap are present) which are not in the phylo tree:
     original taxon,   duplicate   
"1","Vulpes_vulpes","Vulpes_vulpes.1"
"2","Bison_bonasus","Bison_bonasus.1"
"3","Elephas_maximus","Elephas_maximus.1"
"4","Elomeryx_borbonicus_","Elomeryx_borbonicus_.1"
"5","Tenrec_ecaudatus","Tenrec_ecaudatus.1"
"6","Microgale_thomasi","Microgale_thomasi.1"
"7","Elephas_maximus","Elephas_maximus.2"
"8","Sus_scrofa","Sus_scrofa.1"
"9","Giraffa_camelopardalis","Giraffa_camelopardalis.1"
"10","Strigiops_habroptilus","Strigiops_habroptilus.1"
"11","Caloenas_nicobarica","Caloenas_nicobarica.1"
"12","Rynochetus_jubatus","Rynochetus_jubatus.1"
"13","Strigiops_habroptilus","Strigiops_habroptilus.2"
"14","Megaloceros_sp","Megaloceros_sp.1"
"15","Tamandua_tetradactyla","Tamandua_tetradactyla.1"
"16","Tenrec_ecaudatus","Tenrec_ecaudatus.2"
"17","Vulpes_vulpes","Vulpes_vulpes.2"
"18","Rynochetus_jubatus","Rynochetus_jubatus.2"
"19","Uncia_uncia","Uncia_uncia.1"
"20","Cephalophus_silvicultor","Cephalophus_silvicultor.1"
"21","Cricosaurus","Cricosaurus.1"
"22","Rodhocetus","Rodhocetus.1"
"23","Placodontia_indet_1","Placodontia_indet_1.1"
"24","Basilosaurus","Basilosaurus.1"
"25","Leptophoca_proxima","Leptophoca_proxima.1"
"26","Simosaurus_1","Simosaurus_1.1"
"27","Metryorhynchus","Metryorhynchus.1"
"28","Spheniscus","Spheniscus.1"
"29","Tapirus_terrestris","Tapirus_terrestris.1"
"30","Paraplacodus","Paraplacodus.1"
"31","Callophoca_obscura","Callophoca_obscura.1"
"32","Placondontia_indet","Placondontia_indet.1"
"33","Paraplacodus","Paraplacodus.2"
"34","Protochampsidae","Protochampsidae.1"
"35","Small_Eocene_penguin","Small_Eocene_penguin.1"
"36","large_eocene_stem_penguin","large_eocene_stem_penguin.1"
"37","Cricosaurus","Cricosaurus.2"
"38","Rodhocetus","Rodhocetus.2"
"39","Nothosaurus_568","Nothosaurus_568.1"
"40","Placondontia_indet","Placondontia_indet.2"
"41","Noemys_fodies","Noemys_fodies.1"
"42","Spinosaurus_","Spinosaurus_.1"
"43","Spinosaurus_","Spinosaurus_.2"
"44","Spinosaurus_","Spinosaurus_.3"
"45","Spinosaurus_","Spinosaurus_.4"
"46","Spinosaurus_","Spinosaurus_.5"
"47","Spinosaurus_","Spinosaurus_.6"
"48","Spinosaurus_","Spinosaurus_.7"
"49","Spinosaurus_","Spinosaurus_.8"
"50","Spinosaurus_","Spinosaurus_.9"
"51","Spinosaurus_","Spinosaurus_.10"
"52","Spinosaurus_","Spinosaurus_.11"
"53","Suchomimus","Suchomimus.1"
"54","Suchomimus","Suchomimus.2"
"55","Suchomimus","Suchomimus.3"
"56","Baryonyx","Baryonyx.1"
"57","Baryonyx","Baryonyx.2"
"58","Baryonyx","Baryonyx.3"
 
* Phylo tree and the main data and strata files have been modified to include duplicated taxa before the scaled random trees are generated.
* Selected categorical labels column: diving.or.not
* diving.or.equal column is identical to Diving column.
* Regression excludes flying taxa.
* Diving labels that are present in regression: 0,2
* lambda (calculated from a random tree) = : 0.13
* index-name alignment check: OK
