Logfile for a session of program: bootstrap_binary.r
-----------------------------------------------------
INPUT:
workDir: C:/dino_nature/output/2023-11-07-D1\bs/set_1991
Nbootstrapsets: 2000
phyloFDAfile: c:/dino_nature/code/phylo.fda.R
auxFile: c:/dino_nature/code/auxiliary.r
boneType: femur
regressionData.file: C:/dino_nature/output/2023-11-07-D1\bs/set_1991/femur_set_1991.csv
applyDataFilter: FALSE
addTreeTips: TRUE
Ntrees: 100
calculateTrees: TRUE
saveTrees: FALSE


OPERATIONAL CHECKS:
* Regression data contains multiple copies of some taxa (user added variants of existing test taxa 
   or replacements due to bootstrap are present) which are not in the phylo tree:
     original taxon,   duplicate   
"1","Meles_meles","Meles_meles.1"
"2","Dicerorhinus_sumatrensis","Dicerorhinus_sumatrensis.1"
"3","Elomeryx_borbonicus_","Elomeryx_borbonicus_.1"
"4","Sphenodon_punctatus","Sphenodon_punctatus.1"
"5","Elephas_maximus","Elephas_maximus.1"
"6","Uncia_uncia","Uncia_uncia.1"
"7","Elephas_maximus","Elephas_maximus.2"
"8","Nyctereutes_procyonoides","Nyctereutes_procyonoides.1"
"9","Uncia_uncia","Uncia_uncia.2"
"10","Nyctereutes_procyonoides","Nyctereutes_procyonoides.2"
"11","Bos_taurus","Bos_taurus.1"
"12","Lacerta_viridis","Lacerta_viridis.1"
"13","Vulpes_vulpes","Vulpes_vulpes.1"
"14","Meles_meles","Meles_meles.2"
"15","Elephas_maximus","Elephas_maximus.3"
"16","Capreolus_capreolus","Capreolus_capreolus.1"
"17","Diplomesodon_pulchellum","Diplomesodon_pulchellum.1"
"18","Rynochetus_jubatus","Rynochetus_jubatus.1"
"19","Vulpes_vulpes","Vulpes_vulpes.2"
"20","Sphenodon_punctatus","Sphenodon_punctatus.2"
"21","Cephalophus_silvicultor","Cephalophus_silvicultor.1"
"22","Felis_felis","Felis_felis.1"
"23","Procavia_capensis","Procavia_capensis.1"
"24","Plesiosaurus","Plesiosaurus.1"
"25","Serpianosaurus","Serpianosaurus.1"
"26","Phalacrocorax_harrisi","Phalacrocorax_harrisi.1"
"27","Nothosaurus_568","Nothosaurus_568.1"
"28","Chapsosaurus_","Chapsosaurus_.1"
"29","Plesiosaurus","Plesiosaurus.2"
"30","Lutra_vulgaris","Lutra_vulgaris.1"
"31","Plesiosaurus","Plesiosaurus.3"
"32","large_eocene_stem_penguin","large_eocene_stem_penguin.1"
"33","Nothosaurus_150","Nothosaurus_150.1"
"34","Otaria_byronia","Otaria_byronia.1"
"35","Rodhocetus","Rodhocetus.1"
"36","Nothosaurus_mirabilis_1","Nothosaurus_mirabilis_1.1"
"37","Leptophoca_proxima","Leptophoca_proxima.1"
"38","Nothosaurus_mirabilis","Nothosaurus_mirabilis.1"
"39","Ornithorhynchus_anatinus","Ornithorhynchus_anatinus.1"
"40","Plesiosaurus","Plesiosaurus.4"
"41","Nothosaurus_102","Nothosaurus_102.1"
"42","Nothosaurus_102","Nothosaurus_102.2"
"43","Chapsosaurus_","Chapsosaurus_.2"
"44","Spinosaurus_","Spinosaurus_.1"
"45","Spinosaurus_","Spinosaurus_.2"
"46","Spinosaurus_","Spinosaurus_.3"
"47","Spinosaurus_","Spinosaurus_.4"
"48","Spinosaurus_","Spinosaurus_.5"
"49","Spinosaurus_","Spinosaurus_.6"
"50","Spinosaurus_","Spinosaurus_.7"
"51","Spinosaurus_","Spinosaurus_.8"
"52","Spinosaurus_","Spinosaurus_.9"
"53","Spinosaurus_","Spinosaurus_.10"
"54","Spinosaurus_","Spinosaurus_.11"
"55","Suchomimus","Suchomimus.1"
"56","Suchomimus","Suchomimus.2"
"57","Suchomimus","Suchomimus.3"
"58","Baryonyx","Baryonyx.1"
"59","Baryonyx","Baryonyx.2"
"60","Baryonyx","Baryonyx.3"
 
* Phylo tree and the main data and strata files have been modified to include duplicated taxa before the scaled random trees are generated.
* Selected categorical labels column: diving.or.not
* diving.or.equal column is identical to Diving column.
* Regression excludes flying taxa.
* Diving labels that are present in regression: 0,2
* lambda (calculated from a random tree) = : 0.11
* index-name alignment check: OK
