Logfile for a session of program: bootstrap_binary.r
-----------------------------------------------------
INPUT:
workDir: C:/dino_nature/output/2023-11-07-D1\bs/set_855
Nbootstrapsets: 2000
phyloFDAfile: c:/dino_nature/code/phylo.fda.R
auxFile: c:/dino_nature/code/auxiliary.r
boneType: femur
regressionData.file: C:/dino_nature/output/2023-11-07-D1\bs/set_855/femur_set_855.csv
applyDataFilter: FALSE
addTreeTips: TRUE
Ntrees: 100
calculateTrees: TRUE
saveTrees: FALSE


OPERATIONAL CHECKS:
* Regression data contains multiple copies of some taxa (user added variants of existing test taxa 
   or replacements due to bootstrap are present) which are not in the phylo tree:
     original taxon,   duplicate   
"1","Capreolus_capreolus","Capreolus_capreolus.1"
"2","Procyon_lotor","Procyon_lotor.1"
"3","Alces_americanus","Alces_americanus.1"
"4","Vulpes_vulpes","Vulpes_vulpes.1"
"5","Mustela_nivalis","Mustela_nivalis.1"
"6","Brachyodus_onoideum","Brachyodus_onoideum.1"
"7","Vulpes_vulpes","Vulpes_vulpes.2"
"8","Brachyodus_onoideum","Brachyodus_onoideum.2"
"9","Monodelphis_domestica","Monodelphis_domestica.1"
"10","Xenicus_giliventris","Xenicus_giliventris.1"
"11","Monodelphis_domestica","Monodelphis_domestica.2"
"12","Brachyodus_onoideum","Brachyodus_onoideum.3"
"13","Dicerorhinus_sumatrensis","Dicerorhinus_sumatrensis.1"
"14","Euroscaptor_micrura","Euroscaptor_micrura.1"
"15","Dromaius_","Dromaius_.1"
"16","Tamandua_tetradactyla","Tamandua_tetradactyla.1"
"17","Rangifer_tarandus","Rangifer_tarandus.1"
"18","Euroscaptor_micrura","Euroscaptor_micrura.2"
"19","Capreolus_capreolus","Capreolus_capreolus.2"
"20","Brachyodus_onoideum","Brachyodus_onoideum.4"
"21","Tenrec_ecaudatus","Tenrec_ecaudatus.1"
"22","Caloenas_nicobarica","Caloenas_nicobarica.1"
"23","Tenrec_ecaudatus","Tenrec_ecaudatus.2"
"24","Micropotamogale_euwenzorii","Micropotamogale_euwenzorii.1"
"25","Dyrosaurid","Dyrosaurid.1"
"26","Simosaurus","Simosaurus.1"
"27","Hesperornis","Hesperornis.1"
"28","Castor_fiber","Castor_fiber.1"
"29","Otaria_byronia","Otaria_byronia.1"
"30","Otaria_byronia","Otaria_byronia.2"
"31","Tapirus_terrestris","Tapirus_terrestris.1"
"32","Cryptoclidus","Cryptoclidus.1"
"33","Simosaurus","Simosaurus.2"
"34","Cryptoclidus","Cryptoclidus.2"
"35","Phalacrocorax_harrisi","Phalacrocorax_harrisi.1"
"36","Callophoca_obscura","Callophoca_obscura.1"
"37","Metryorhynchus","Metryorhynchus.1"
"38","Plesiosaurus","Plesiosaurus.1"
"39","Protochampsidae","Protochampsidae.1"
"40","Plesiosaurus","Plesiosaurus.2"
"41","Hippopotamus_amphibius","Hippopotamus_amphibius.1"
"42","Paraplacodus","Paraplacodus.1"
"43","Dyrosaurid","Dyrosaurid.2"
"44","Champsosaurus","Champsosaurus.1"
"45","Spinosaurus_","Spinosaurus_.1"
"46","Spinosaurus_","Spinosaurus_.2"
"47","Spinosaurus_","Spinosaurus_.3"
"48","Spinosaurus_","Spinosaurus_.4"
"49","Spinosaurus_","Spinosaurus_.5"
"50","Spinosaurus_","Spinosaurus_.6"
"51","Spinosaurus_","Spinosaurus_.7"
"52","Spinosaurus_","Spinosaurus_.8"
"53","Spinosaurus_","Spinosaurus_.9"
"54","Spinosaurus_","Spinosaurus_.10"
"55","Spinosaurus_","Spinosaurus_.11"
"56","Suchomimus","Suchomimus.1"
"57","Suchomimus","Suchomimus.2"
"58","Suchomimus","Suchomimus.3"
"59","Baryonyx","Baryonyx.1"
"60","Baryonyx","Baryonyx.2"
"61","Baryonyx","Baryonyx.3"
 
* Phylo tree and the main data and strata files have been modified to include duplicated taxa before the scaled random trees are generated.
* Selected categorical labels column: diving.or.not
* diving.or.equal column is identical to Diving column.
* Regression excludes flying taxa.
* Diving labels that are present in regression: 0,2
* lambda (calculated from a random tree) = : 0.09
* index-name alignment check: OK
