Logfile for a session of program: bootstrap_binary.r
-----------------------------------------------------
INPUT:
workDir: C:/dino_nature/output/2023-11-07-D1\bs/set_1377
Nbootstrapsets: 2000
phyloFDAfile: c:/dino_nature/code/phylo.fda.R
auxFile: c:/dino_nature/code/auxiliary.r
boneType: femur
regressionData.file: C:/dino_nature/output/2023-11-07-D1\bs/set_1377/femur_set_1377.csv
applyDataFilter: FALSE
addTreeTips: TRUE
Ntrees: 100
calculateTrees: TRUE
saveTrees: FALSE


OPERATIONAL CHECKS:
* Regression data contains multiple copies of some taxa (user added variants of existing test taxa 
   or replacements due to bootstrap are present) which are not in the phylo tree:
     original taxon,   duplicate   
"1","Rangifer_tarandus","Rangifer_tarandus.1"
"2","Dama_dama","Dama_dama.1"
"3","Bison_bonasus","Bison_bonasus.1"
"4","Raphus","Raphus.1"
"5","Rynochetus_jubatus","Rynochetus_jubatus.1"
"6","Rynochetus_jubatus","Rynochetus_jubatus.2"
"7","Rynochetus_jubatus","Rynochetus_jubatus.3"
"8","Bison_bonasus","Bison_bonasus.2"
"9","Rattus_rattus","Rattus_rattus.1"
"10","Atlantisia_rogersi","Atlantisia_rogersi.1"
"11","Felis_felis","Felis_felis.1"
"12","Okapia_johnstoni","Okapia_johnstoni.1"
"13","Porphyrio_hochstetteri","Porphyrio_hochstetteri.1"
"14","Strigiops_habroptilus","Strigiops_habroptilus.1"
"15","Syncerus_caffer","Syncerus_caffer.1"
"16","Mustela_nivalis","Mustela_nivalis.1"
"17","Nothosaurus_mirabilis","Nothosaurus_mirabilis.1"
"18","Anarosaurus","Anarosaurus.1"
"19","Lutra_vulgaris","Lutra_vulgaris.1"
"20","Nothosaurus_mirabilis","Nothosaurus_mirabilis.2"
"21","Simosaurus_1","Simosaurus_1.1"
"22","Protochampsidae","Protochampsidae.1"
"23","Nanophoca_vitulinoides","Nanophoca_vitulinoides.1"
"24","Neusticosaurus","Neusticosaurus.1"
"25","Hesperornis","Hesperornis.1"
"26","Nothosaurus_mirabilis","Nothosaurus_mirabilis.3"
"27","Nothosaurus_giganteus","Nothosaurus_giganteus.1"
"28","Palaeospheniscus","Palaeospheniscus.1"
"29","Protochampsidae","Protochampsidae.2"
"30","Micropotamogale_euwenzorii","Micropotamogale_euwenzorii.1"
"31","Serpianosaurus","Serpianosaurus.1"
"32","Maiacetus","Maiacetus.1"
"33","Ichtyosaur_sp","Ichtyosaur_sp.1"
"34","Lutra_vulgaris","Lutra_vulgaris.2"
"35","Callophoca_obscura","Callophoca_obscura.1"
"36","Choeropsis_liberiensis","Choeropsis_liberiensis.1"
"37","Nothosaurus_mirabilis","Nothosaurus_mirabilis.4"
"38","Spinosaurus_","Spinosaurus_.1"
"39","Spinosaurus_","Spinosaurus_.2"
"40","Spinosaurus_","Spinosaurus_.3"
"41","Spinosaurus_","Spinosaurus_.4"
"42","Spinosaurus_","Spinosaurus_.5"
"43","Spinosaurus_","Spinosaurus_.6"
"44","Spinosaurus_","Spinosaurus_.7"
"45","Spinosaurus_","Spinosaurus_.8"
"46","Spinosaurus_","Spinosaurus_.9"
"47","Spinosaurus_","Spinosaurus_.10"
"48","Spinosaurus_","Spinosaurus_.11"
"49","Suchomimus","Suchomimus.1"
"50","Suchomimus","Suchomimus.2"
"51","Suchomimus","Suchomimus.3"
"52","Baryonyx","Baryonyx.1"
"53","Baryonyx","Baryonyx.2"
"54","Baryonyx","Baryonyx.3"
 
* Phylo tree and the main data and strata files have been modified to include duplicated taxa before the scaled random trees are generated.
* Selected categorical labels column: diving.or.not
* diving.or.equal column is identical to Diving column.
* Regression excludes flying taxa.
* Diving labels that are present in regression: 0,2
* lambda (calculated from a random tree) = : 0.14
* index-name alignment check: OK
