Logfile for a session of program: bootstrap_binary.r
-----------------------------------------------------
INPUT:
workDir: C:/dino_nature/output/2023-11-07-D1\bs/set_496
Nbootstrapsets: 2000
phyloFDAfile: c:/dino_nature/code/phylo.fda.R
auxFile: c:/dino_nature/code/auxiliary.r
boneType: femur
regressionData.file: C:/dino_nature/output/2023-11-07-D1\bs/set_496/femur_set_496.csv
applyDataFilter: FALSE
addTreeTips: TRUE
Ntrees: 100
calculateTrees: TRUE
saveTrees: FALSE


OPERATIONAL CHECKS:
* Regression data contains multiple copies of some taxa (user added variants of existing test taxa 
   or replacements due to bootstrap are present) which are not in the phylo tree:
     original taxon,   duplicate   
"1","Bos_taurus","Bos_taurus.1"
"2","Megaloceros_sp","Megaloceros_sp.1"
"3","Cephalophus_silvicultor","Cephalophus_silvicultor.1"
"4","Dasyurus_maculatus","Dasyurus_maculatus.1"
"5","Cephalophus_silvicultor","Cephalophus_silvicultor.2"
"6","Xenicus_giliventris","Xenicus_giliventris.1"
"7","Alces_americanus","Alces_americanus.1"
"8","Vulpes_vulpes","Vulpes_vulpes.1"
"9","Alces_americanus","Alces_americanus.2"
"10","Bos_taurus","Bos_taurus.2"
"11","Pogona_viceps","Pogona_viceps.1"
"12","Xenicus_giliventris","Xenicus_giliventris.2"
"13","Vulpes_vulpes","Vulpes_vulpes.2"
"14","Pogona_viceps","Pogona_viceps.2"
"15","Okapia_johnstoni","Okapia_johnstoni.1"
"16","Syncerus_caffer","Syncerus_caffer.1"
"17","Rattus_rattus","Rattus_rattus.1"
"18","Rynochetus_jubatus","Rynochetus_jubatus.1"
"19","Xenicus_giliventris","Xenicus_giliventris.3"
"20","Procyon_lotor","Procyon_lotor.1"
"21","Atlantisia_rogersi","Atlantisia_rogersi.1"
"22","Procyon_lotor","Procyon_lotor.2"
"23","Caloenas_nicobarica","Caloenas_nicobarica.1"
"24","Myrmecophaga_tridactyla","Myrmecophaga_tridactyla.1"
"25","Basilosaurus","Basilosaurus.1"
"26","Remingtonocetus","Remingtonocetus.1"
"27","Anarosaurus","Anarosaurus.1"
"28","Nothosaurus_102","Nothosaurus_102.1"
"29","Plesiosaurus","Plesiosaurus.1"
"30","Cryptoclidus","Cryptoclidus.1"
"31","Tapirus_terrestris","Tapirus_terrestris.1"
"32","Palaeospheniscus","Palaeospheniscus.1"
"33","Nothosaurus_102","Nothosaurus_102.2"
"34","Chapsosaurus_","Chapsosaurus_.1"
"35","Metryorhynchus","Metryorhynchus.1"
"36","Remingtonocetus","Remingtonocetus.2"
"37","Lutra_vulgaris","Lutra_vulgaris.1"
"38","Lutra_vulgaris","Lutra_vulgaris.2"
"39","Paraplacodus","Paraplacodus.1"
"40","Leptophoca_proxima","Leptophoca_proxima.1"
"41","Nothosaurus_102","Nothosaurus_102.3"
"42","Tapirus_terrestris","Tapirus_terrestris.2"
"43","Maiacetus","Maiacetus.1"
"44","Chapsosaurus_","Chapsosaurus_.2"
"45","Serpianosaurus","Serpianosaurus.1"
"46","large_eocene_stem_penguin","large_eocene_stem_penguin.1"
"47","Lutra_vulgaris","Lutra_vulgaris.3"
"48","Spinosaurus_","Spinosaurus_.1"
"49","Spinosaurus_","Spinosaurus_.2"
"50","Spinosaurus_","Spinosaurus_.3"
"51","Spinosaurus_","Spinosaurus_.4"
"52","Spinosaurus_","Spinosaurus_.5"
"53","Spinosaurus_","Spinosaurus_.6"
"54","Spinosaurus_","Spinosaurus_.7"
"55","Spinosaurus_","Spinosaurus_.8"
"56","Spinosaurus_","Spinosaurus_.9"
"57","Spinosaurus_","Spinosaurus_.10"
"58","Spinosaurus_","Spinosaurus_.11"
"59","Suchomimus","Suchomimus.1"
"60","Suchomimus","Suchomimus.2"
"61","Suchomimus","Suchomimus.3"
"62","Baryonyx","Baryonyx.1"
"63","Baryonyx","Baryonyx.2"
"64","Baryonyx","Baryonyx.3"
 
* Phylo tree and the main data and strata files have been modified to include duplicated taxa before the scaled random trees are generated.
* Selected categorical labels column: diving.or.not
* diving.or.equal column is identical to Diving column.
* Regression excludes flying taxa.
* Diving labels that are present in regression: 0,2
* lambda (calculated from a random tree) = : 0.07
* index-name alignment check: OK
