Logfile for a session of program: bootstrap_binary.r
-----------------------------------------------------
INPUT:
workDir: C:/dino_nature/output/2023-11-07-D1\bs/set_543
Nbootstrapsets: 2000
phyloFDAfile: c:/dino_nature/code/phylo.fda.R
auxFile: c:/dino_nature/code/auxiliary.r
boneType: femur
regressionData.file: C:/dino_nature/output/2023-11-07-D1\bs/set_543/femur_set_543.csv
applyDataFilter: FALSE
addTreeTips: TRUE
Ntrees: 100
calculateTrees: TRUE
saveTrees: FALSE


OPERATIONAL CHECKS:
* Regression data contains multiple copies of some taxa (user added variants of existing test taxa 
   or replacements due to bootstrap are present) which are not in the phylo tree:
     original taxon,   duplicate   
"1","Rangifer_tarandus","Rangifer_tarandus.1"
"2","Giraffa_camelopardalis","Giraffa_camelopardalis.1"
"3","Bison_bonasus","Bison_bonasus.1"
"4","Rynochetus_jubatus","Rynochetus_jubatus.1"
"5","Elomeryx_borbonicus_","Elomeryx_borbonicus_.1"
"6","Mus_musculus","Mus_musculus.1"
"7","Dicerorhinus_sumatrensis","Dicerorhinus_sumatrensis.1"
"8","Elomeryx_borbonicus_","Elomeryx_borbonicus_.2"
"9","Microgale_thomasi","Microgale_thomasi.1"
"10","Megaloceros_sp","Megaloceros_sp.1"
"11","Dromaius_","Dromaius_.1"
"12","Microgale_thomasi","Microgale_thomasi.2"
"13","Microgale_thomasi","Microgale_thomasi.3"
"14","Lacerta_viridis","Lacerta_viridis.1"
"15","Paguma_larvata","Paguma_larvata.1"
"16","Bison_bonasus","Bison_bonasus.2"
"17","Xenicus_giliventris","Xenicus_giliventris.1"
"18","Loxodonta_africana","Loxodonta_africana.1"
"19","Giraffa_camelopardalis","Giraffa_camelopardalis.2"
"20","Rynochetus_jubatus","Rynochetus_jubatus.2"
"21","Myrmecophaga_tridactyla","Myrmecophaga_tridactyla.1"
"22","Tamandua_tetradactyla","Tamandua_tetradactyla.1"
"23","Lutra_vulgaris","Lutra_vulgaris.1"
"24","Psephoderma","Psephoderma.1"
"25","Neusticosaurus","Neusticosaurus.1"
"26","Nothosaurus_mirabilis","Nothosaurus_mirabilis.1"
"27","Nanophoca_vitulinoides","Nanophoca_vitulinoides.1"
"28","Rodhocetus","Rodhocetus.1"
"29","Phalacrocorax_harrisi","Phalacrocorax_harrisi.1"
"30","Callophoca_obscura","Callophoca_obscura.1"
"31","Rodhocetus","Rodhocetus.2"
"32","Dyrosaurid","Dyrosaurid.1"
"33","Chapsosaurus_","Chapsosaurus_.1"
"34","Placodontia_indet_1","Placodontia_indet_1.1"
"35","Anarosaurus","Anarosaurus.1"
"36","Chironectes_minimus","Chironectes_minimus.1"
"37","Psephoderma","Psephoderma.2"
"38","Callophoca_obscura","Callophoca_obscura.2"
"39","Micropotamogale_euwenzorii","Micropotamogale_euwenzorii.1"
"40","Neusticosaurus","Neusticosaurus.2"
"41","Nothosaurus_102","Nothosaurus_102.1"
"42","Phocanella_pumila","Phocanella_pumila.1"
"43","Neusticosaurus","Neusticosaurus.3"
"44","Placondontia_indet","Placondontia_indet.1"
"45","Spinosaurus_","Spinosaurus_.1"
"46","Spinosaurus_","Spinosaurus_.2"
"47","Spinosaurus_","Spinosaurus_.3"
"48","Spinosaurus_","Spinosaurus_.4"
"49","Spinosaurus_","Spinosaurus_.5"
"50","Spinosaurus_","Spinosaurus_.6"
"51","Spinosaurus_","Spinosaurus_.7"
"52","Spinosaurus_","Spinosaurus_.8"
"53","Spinosaurus_","Spinosaurus_.9"
"54","Spinosaurus_","Spinosaurus_.10"
"55","Spinosaurus_","Spinosaurus_.11"
"56","Suchomimus","Suchomimus.1"
"57","Suchomimus","Suchomimus.2"
"58","Suchomimus","Suchomimus.3"
"59","Baryonyx","Baryonyx.1"
"60","Baryonyx","Baryonyx.2"
"61","Baryonyx","Baryonyx.3"
 
* Phylo tree and the main data and strata files have been modified to include duplicated taxa before the scaled random trees are generated.
* Selected categorical labels column: diving.or.not
* diving.or.equal column is identical to Diving column.
* Regression excludes flying taxa.
* Diving labels that are present in regression: 0,2
* lambda (calculated from a random tree) = : 0.09
* index-name alignment check: OK
