Logfile for a session of program: bootstrap_binary.r
-----------------------------------------------------
INPUT:
workDir: C:/dino_nature/output/2023-11-07-D1\bs/set_622
Nbootstrapsets: 2000
phyloFDAfile: c:/dino_nature/code/phylo.fda.R
auxFile: c:/dino_nature/code/auxiliary.r
boneType: femur
regressionData.file: C:/dino_nature/output/2023-11-07-D1\bs/set_622/femur_set_622.csv
applyDataFilter: FALSE
addTreeTips: TRUE
Ntrees: 100
calculateTrees: TRUE
saveTrees: FALSE


OPERATIONAL CHECKS:
* Regression data contains multiple copies of some taxa (user added variants of existing test taxa 
   or replacements due to bootstrap are present) which are not in the phylo tree:
     original taxon,   duplicate   
"1","Giraffa_camelopardalis","Giraffa_camelopardalis.1"
"2","Tribonyx_mortieri","Tribonyx_mortieri.1"
"3","Capreolus_capreolus","Capreolus_capreolus.1"
"4","Alces_americanus","Alces_americanus.1"
"5","Felis_felis","Felis_felis.1"
"6","Apteryx_owenii_","Apteryx_owenii_.1"
"7","Dicerorhinus_sumatrensis","Dicerorhinus_sumatrensis.1"
"8","Sphenodon_punctatus","Sphenodon_punctatus.1"
"9","Rhynchocyon_petersi","Rhynchocyon_petersi.1"
"10","Okapia_johnstoni","Okapia_johnstoni.1"
"11","Mustela_nivalis","Mustela_nivalis.1"
"12","Mustela_nivalis","Mustela_nivalis.2"
"13","Euroscaptor_micrura","Euroscaptor_micrura.1"
"14","Lacerta_viridis","Lacerta_viridis.1"
"15","Dicerorhinus_sumatrensis","Dicerorhinus_sumatrensis.2"
"16","Cephalophus_silvicultor","Cephalophus_silvicultor.1"
"17","Elephas_maximus","Elephas_maximus.1"
"18","Raphus","Raphus.1"
"19","Dicerorhinus_sumatrensis","Dicerorhinus_sumatrensis.3"
"20","Mus_musculus","Mus_musculus.1"
"21","Rhinoceros_sondaicus","Rhinoceros_sondaicus.1"
"22","Psephoderma","Psephoderma.1"
"23","Nothosaurus_mirabilis_1","Nothosaurus_mirabilis_1.1"
"24","Leptophoca_proxima","Leptophoca_proxima.1"
"25","Simosaurus","Simosaurus.1"
"26","Basilosaurus","Basilosaurus.1"
"27","Metryorhynchus","Metryorhynchus.1"
"28","Leptophoca_proxima","Leptophoca_proxima.2"
"29","Phocanella_pumila","Phocanella_pumila.1"
"30","Pistosaurus","Pistosaurus.1"
"31","Nothosaurus_giganteus","Nothosaurus_giganteus.1"
"32","Serpianosaurus","Serpianosaurus.1"
"33","Simosaurus_1","Simosaurus_1.1"
"34","Indohyus","Indohyus.1"
"35","Nothosaurus_mirabilis","Nothosaurus_mirabilis.1"
"36","Choeropsis_liberiensis","Choeropsis_liberiensis.1"
"37","Protochampsidae","Protochampsidae.1"
"38","Simosaurus_1","Simosaurus_1.2"
"39","Basilosaurus","Basilosaurus.2"
"40","Otaria_byronia","Otaria_byronia.1"
"41","Callophoca_obscura","Callophoca_obscura.1"
"42","Nothosaurus_mirabilis_1","Nothosaurus_mirabilis_1.2"
"43","Simosaurus","Simosaurus.2"
"44","Indohyus","Indohyus.2"
"45","Hydromys_chrysogaster","Hydromys_chrysogaster.1"
"46","Spinosaurus_","Spinosaurus_.1"
"47","Spinosaurus_","Spinosaurus_.2"
"48","Spinosaurus_","Spinosaurus_.3"
"49","Spinosaurus_","Spinosaurus_.4"
"50","Spinosaurus_","Spinosaurus_.5"
"51","Spinosaurus_","Spinosaurus_.6"
"52","Spinosaurus_","Spinosaurus_.7"
"53","Spinosaurus_","Spinosaurus_.8"
"54","Spinosaurus_","Spinosaurus_.9"
"55","Spinosaurus_","Spinosaurus_.10"
"56","Spinosaurus_","Spinosaurus_.11"
"57","Suchomimus","Suchomimus.1"
"58","Suchomimus","Suchomimus.2"
"59","Suchomimus","Suchomimus.3"
"60","Baryonyx","Baryonyx.1"
"61","Baryonyx","Baryonyx.2"
"62","Baryonyx","Baryonyx.3"
 
* Phylo tree and the main data and strata files have been modified to include duplicated taxa before the scaled random trees are generated.
* Selected categorical labels column: diving.or.not
* diving.or.equal column is identical to Diving column.
* Regression excludes flying taxa.
* Diving labels that are present in regression: 0,2
* lambda (calculated from a random tree) = : 0.15
* index-name alignment check: OK
