Logfile for a session of program: bootstrap_binary.r
-----------------------------------------------------
INPUT:
workDir: C:/dino_nature/output/2023-11-07-D1\bs/set_1468
Nbootstrapsets: 2000
phyloFDAfile: c:/dino_nature/code/phylo.fda.R
auxFile: c:/dino_nature/code/auxiliary.r
boneType: femur
regressionData.file: C:/dino_nature/output/2023-11-07-D1\bs/set_1468/femur_set_1468.csv
applyDataFilter: FALSE
addTreeTips: TRUE
Ntrees: 100
calculateTrees: TRUE
saveTrees: FALSE


OPERATIONAL CHECKS:
* Regression data contains multiple copies of some taxa (user added variants of existing test taxa 
   or replacements due to bootstrap are present) which are not in the phylo tree:
     original taxon,   duplicate   
"1","Alces_americanus","Alces_americanus.1"
"2","Alces_americanus","Alces_americanus.2"
"3","Taxidea_taxus","Taxidea_taxus.1"
"4","Elephas_maximus","Elephas_maximus.1"
"5","Taxidea_taxus","Taxidea_taxus.2"
"6","Apteryx_owenii_","Apteryx_owenii_.1"
"7","Microgale_thomasi","Microgale_thomasi.1"
"8","Lama_guanicoe","Lama_guanicoe.1"
"9","Taxidea_taxus","Taxidea_taxus.3"
"10","Microgale_thomasi","Microgale_thomasi.2"
"11","Raphus","Raphus.1"
"12","Cephalophus_silvicultor","Cephalophus_silvicultor.1"
"13","Caloenas_nicobarica","Caloenas_nicobarica.1"
"14","Euroscaptor_micrura","Euroscaptor_micrura.1"
"15","Bison_bonasus","Bison_bonasus.1"
"16","Rhinoceros_sondaicus","Rhinoceros_sondaicus.1"
"17","Elephas_maximus","Elephas_maximus.2"
"18","Procyon_lotor","Procyon_lotor.1"
"19","Syncerus_caffer","Syncerus_caffer.1"
"20","Dicerorhinus_sumatrensis","Dicerorhinus_sumatrensis.1"
"21","Euroscaptor_micrura","Euroscaptor_micrura.2"
"22","Taxidea_taxus","Taxidea_taxus.4"
"23","Protochampsidae","Protochampsidae.1"
"24","Nothosaurus_mirabilis_1","Nothosaurus_mirabilis_1.1"
"25","Nothosaurus_102","Nothosaurus_102.1"
"26","Nothosaurus_mirabilis_1","Nothosaurus_mirabilis_1.2"
"27","Neusticosaurus","Neusticosaurus.1"
"28","Serpianosaurus","Serpianosaurus.1"
"29","Placodontia_indet_1","Placodontia_indet_1.1"
"30","Dyrosaurid","Dyrosaurid.1"
"31","Simosaurus","Simosaurus.1"
"32","Neusticosaurus","Neusticosaurus.2"
"33","Rhaeticosaurus","Rhaeticosaurus.1"
"34","Psephoderma","Psephoderma.1"
"35","Desmostylus_hesperus","Desmostylus_hesperus.1"
"36","Otaria_byronia","Otaria_byronia.1"
"37","Nothosaurus_mirabilis","Nothosaurus_mirabilis.1"
"38","Phalacrocorax_harrisi","Phalacrocorax_harrisi.1"
"39","Rhaeticosaurus","Rhaeticosaurus.2"
"40","Hippopotamus_amphibius","Hippopotamus_amphibius.1"
"41","Castor_fiber","Castor_fiber.1"
"42","Placondontia_indet","Placondontia_indet.1"
"43","Protochampsidae","Protochampsidae.2"
"44","Serpianosaurus","Serpianosaurus.2"
"45","Rhaeticosaurus","Rhaeticosaurus.3"
"46","Choeropsis_liberiensis","Choeropsis_liberiensis.1"
"47","Spinosaurus_","Spinosaurus_.1"
"48","Spinosaurus_","Spinosaurus_.2"
"49","Spinosaurus_","Spinosaurus_.3"
"50","Spinosaurus_","Spinosaurus_.4"
"51","Spinosaurus_","Spinosaurus_.5"
"52","Spinosaurus_","Spinosaurus_.6"
"53","Spinosaurus_","Spinosaurus_.7"
"54","Spinosaurus_","Spinosaurus_.8"
"55","Spinosaurus_","Spinosaurus_.9"
"56","Spinosaurus_","Spinosaurus_.10"
"57","Spinosaurus_","Spinosaurus_.11"
"58","Suchomimus","Suchomimus.1"
"59","Suchomimus","Suchomimus.2"
"60","Suchomimus","Suchomimus.3"
"61","Baryonyx","Baryonyx.1"
"62","Baryonyx","Baryonyx.2"
"63","Baryonyx","Baryonyx.3"
 
* Phylo tree and the main data and strata files have been modified to include duplicated taxa before the scaled random trees are generated.
* Selected categorical labels column: diving.or.not
* diving.or.equal column is identical to Diving column.
* Regression excludes flying taxa.
* Diving labels that are present in regression: 0,2
* lambda (calculated from a random tree) = : 0.15
* index-name alignment check: OK
