Logfile for a session of program: bootstrap_binary.r
-----------------------------------------------------
INPUT:
workDir: C:/dino_nature/output/2023-11-07-D1\bs/set_140
Nbootstrapsets: 2000
phyloFDAfile: c:/dino_nature/code/phylo.fda.R
auxFile: c:/dino_nature/code/auxiliary.r
boneType: femur
regressionData.file: C:/dino_nature/output/2023-11-07-D1\bs/set_140/femur_set_140.csv
applyDataFilter: FALSE
addTreeTips: TRUE
Ntrees: 100
calculateTrees: TRUE
saveTrees: FALSE


OPERATIONAL CHECKS:
* Regression data contains multiple copies of some taxa (user added variants of existing test taxa 
   or replacements due to bootstrap are present) which are not in the phylo tree:
     original taxon,   duplicate   
"1","Mustela_nivalis","Mustela_nivalis.1"
"2","Elomeryx_borbonicus_","Elomeryx_borbonicus_.1"
"3","Rangifer_tarandus","Rangifer_tarandus.1"
"4","Apteryx_australis","Apteryx_australis.1"
"5","Dromaius_","Dromaius_.1"
"6","Microgale_thomasi","Microgale_thomasi.1"
"7","Rupicapra_rupicapra","Rupicapra_rupicapra.1"
"8","Mus_musculus","Mus_musculus.1"
"9","Caloenas_nicobarica","Caloenas_nicobarica.1"
"10","Euroscaptor_micrura","Euroscaptor_micrura.1"
"11","Dicerorhinus_sumatrensis","Dicerorhinus_sumatrensis.1"
"12","Xenicus_giliventris","Xenicus_giliventris.1"
"13","Xenicus_giliventris","Xenicus_giliventris.2"
"14","Raphus","Raphus.1"
"15","Raphus","Raphus.2"
"16","Tenrec_ecaudatus","Tenrec_ecaudatus.1"
"17","Caloenas_nicobarica","Caloenas_nicobarica.2"
"18","Atlantisia_rogersi","Atlantisia_rogersi.1"
"19","Caiman_yacare","Caiman_yacare.1"
"20","Basilosaurus","Basilosaurus.1"
"21","Remingtonocetus","Remingtonocetus.1"
"22","Paraplacodus","Paraplacodus.1"
"23","Hippopotamus_amphibius","Hippopotamus_amphibius.1"
"24","Caiman_yacare","Caiman_yacare.2"
"25","Phocanella_pumila","Phocanella_pumila.1"
"26","Caiman_yacare","Caiman_yacare.3"
"27","large_eocene_stem_penguin","large_eocene_stem_penguin.1"
"28","Simosaurus","Simosaurus.1"
"29","Tapirus_terrestris","Tapirus_terrestris.1"
"30","Paraplacodus","Paraplacodus.2"
"31","Remingtonocetus","Remingtonocetus.2"
"32","Psephoderma","Psephoderma.1"
"33","Simosaurus","Simosaurus.2"
"34","large_eocene_stem_penguin","large_eocene_stem_penguin.2"
"35","Rhaeticosaurus","Rhaeticosaurus.1"
"36","Plesiosaurus","Plesiosaurus.1"
"37","Psephoderma","Psephoderma.2"
"38","Hesperornis","Hesperornis.1"
"39","Leptophoca_proxima","Leptophoca_proxima.1"
"40","Cricosaurus","Cricosaurus.1"
"41","Basilosaurus","Basilosaurus.2"
"42","Spinosaurus_","Spinosaurus_.1"
"43","Spinosaurus_","Spinosaurus_.2"
"44","Spinosaurus_","Spinosaurus_.3"
"45","Spinosaurus_","Spinosaurus_.4"
"46","Spinosaurus_","Spinosaurus_.5"
"47","Spinosaurus_","Spinosaurus_.6"
"48","Spinosaurus_","Spinosaurus_.7"
"49","Spinosaurus_","Spinosaurus_.8"
"50","Spinosaurus_","Spinosaurus_.9"
"51","Spinosaurus_","Spinosaurus_.10"
"52","Spinosaurus_","Spinosaurus_.11"
"53","Suchomimus","Suchomimus.1"
"54","Suchomimus","Suchomimus.2"
"55","Suchomimus","Suchomimus.3"
"56","Baryonyx","Baryonyx.1"
"57","Baryonyx","Baryonyx.2"
"58","Baryonyx","Baryonyx.3"
 
* Phylo tree and the main data and strata files have been modified to include duplicated taxa before the scaled random trees are generated.
* Selected categorical labels column: diving.or.not
* diving.or.equal column is identical to Diving column.
* Regression excludes flying taxa.
* Diving labels that are present in regression: 0,2
* lambda (calculated from a random tree) = : 0.08
* index-name alignment check: OK
