Logfile for a session of program: bootstrap_binary.r
-----------------------------------------------------
INPUT:
workDir: C:/dino_nature/output/2023-11-07-D1\bs/set_961
Nbootstrapsets: 2000
phyloFDAfile: c:/dino_nature/code/phylo.fda.R
auxFile: c:/dino_nature/code/auxiliary.r
boneType: femur
regressionData.file: C:/dino_nature/output/2023-11-07-D1\bs/set_961/femur_set_961.csv
applyDataFilter: FALSE
addTreeTips: TRUE
Ntrees: 100
calculateTrees: TRUE
saveTrees: FALSE


OPERATIONAL CHECKS:
* Regression data contains multiple copies of some taxa (user added variants of existing test taxa 
   or replacements due to bootstrap are present) which are not in the phylo tree:
     original taxon,   duplicate   
"1","Hemiechinus_azurites","Hemiechinus_azurites.1"
"2","Elomeryx_borbonicus_","Elomeryx_borbonicus_.1"
"3","Mustela_nivalis","Mustela_nivalis.1"
"4","Dasyurus_maculatus","Dasyurus_maculatus.1"
"5","Lama_guanicoe","Lama_guanicoe.1"
"6","Dama_dama","Dama_dama.1"
"7","Dama_dama","Dama_dama.2"
"8","Mus_musculus","Mus_musculus.1"
"9","Dasyurus_maculatus","Dasyurus_maculatus.2"
"10","Microgale_thomasi","Microgale_thomasi.1"
"11","Apteryx_owenii_","Apteryx_owenii_.1"
"12","Rupicapra_rupicapra","Rupicapra_rupicapra.1"
"13","Elephas_maximus","Elephas_maximus.1"
"14","Elomeryx_borbonicus_","Elomeryx_borbonicus_.2"
"15","Apteryx_owenii_","Apteryx_owenii_.2"
"16","Myrmecophaga_tridactyla","Myrmecophaga_tridactyla.1"
"17","Lama_guanicoe","Lama_guanicoe.2"
"18","Elephas_maximus","Elephas_maximus.2"
"19","Rhinoceros_sondaicus","Rhinoceros_sondaicus.1"
"20","Ichtyosaurus_","Ichtyosaurus_.1"
"21","Small_Eocene_penguin","Small_Eocene_penguin.1"
"22","Castor_fiber","Castor_fiber.1"
"23","Castor_fiber","Castor_fiber.2"
"24","Desmostylus_hesperus","Desmostylus_hesperus.1"
"25","Plesiosaurus","Plesiosaurus.1"
"26","Protochampsidae","Protochampsidae.1"
"27","large_eocene_stem_penguin","large_eocene_stem_penguin.1"
"28","Callophoca_obscura","Callophoca_obscura.1"
"29","Simosaurus","Simosaurus.1"
"30","Tapirus_terrestris","Tapirus_terrestris.1"
"31","Simosaurus_1","Simosaurus_1.1"
"32","Protochampsidae","Protochampsidae.2"
"33","Desmostylus_hesperus","Desmostylus_hesperus.2"
"34","Noemys_fodies","Noemys_fodies.1"
"35","large_eocene_stem_penguin","large_eocene_stem_penguin.2"
"36","Protochampsidae","Protochampsidae.3"
"37","Ichtyosaurus_","Ichtyosaurus_.2"
"38","Ichtyosaurus_","Ichtyosaurus_.3"
"39","Spinosaurus_","Spinosaurus_.1"
"40","Spinosaurus_","Spinosaurus_.2"
"41","Spinosaurus_","Spinosaurus_.3"
"42","Spinosaurus_","Spinosaurus_.4"
"43","Spinosaurus_","Spinosaurus_.5"
"44","Spinosaurus_","Spinosaurus_.6"
"45","Spinosaurus_","Spinosaurus_.7"
"46","Spinosaurus_","Spinosaurus_.8"
"47","Spinosaurus_","Spinosaurus_.9"
"48","Spinosaurus_","Spinosaurus_.10"
"49","Spinosaurus_","Spinosaurus_.11"
"50","Suchomimus","Suchomimus.1"
"51","Suchomimus","Suchomimus.2"
"52","Suchomimus","Suchomimus.3"
"53","Baryonyx","Baryonyx.1"
"54","Baryonyx","Baryonyx.2"
"55","Baryonyx","Baryonyx.3"
 
* Phylo tree and the main data and strata files have been modified to include duplicated taxa before the scaled random trees are generated.
* Selected categorical labels column: diving.or.not
* diving.or.equal column is identical to Diving column.
* Regression excludes flying taxa.
* Diving labels that are present in regression: 0,2
* lambda (calculated from a random tree) = : 0.11
* index-name alignment check: OK
