Logfile for a session of program: bootstrap_binary.r
-----------------------------------------------------
INPUT:
workDir: C:/dino_nature/output/2023-11-07-D1\bs/set_226
Nbootstrapsets: 2000
phyloFDAfile: c:/dino_nature/code/phylo.fda.R
auxFile: c:/dino_nature/code/auxiliary.r
boneType: femur
regressionData.file: C:/dino_nature/output/2023-11-07-D1\bs/set_226/femur_set_226.csv
applyDataFilter: FALSE
addTreeTips: TRUE
Ntrees: 100
calculateTrees: TRUE
saveTrees: FALSE


OPERATIONAL CHECKS:
* Regression data contains multiple copies of some taxa (user added variants of existing test taxa 
   or replacements due to bootstrap are present) which are not in the phylo tree:
     original taxon,   duplicate   
"1","Rupicapra_rupicapra","Rupicapra_rupicapra.1"
"2","Caloenas_nicobarica","Caloenas_nicobarica.1"
"3","Rupicapra_rupicapra","Rupicapra_rupicapra.2"
"4","Paguma_larvata","Paguma_larvata.1"
"5","Cephalophus_silvicultor","Cephalophus_silvicultor.1"
"6","Uncia_uncia","Uncia_uncia.1"
"7","Uncia_uncia","Uncia_uncia.2"
"8","Cephalophus_silvicultor","Cephalophus_silvicultor.2"
"9","Pogona_viceps","Pogona_viceps.1"
"10","Rangifer_tarandus","Rangifer_tarandus.1"
"11","Loxodonta_africana","Loxodonta_africana.1"
"12","Loxodonta_africana","Loxodonta_africana.2"
"13","Mustela_nivalis","Mustela_nivalis.1"
"14","Loxodonta_africana","Loxodonta_africana.3"
"15","Uncia_uncia","Uncia_uncia.3"
"16","Loxodonta_africana","Loxodonta_africana.4"
"17","Rangifer_tarandus","Rangifer_tarandus.2"
"18","Caloenas_nicobarica","Caloenas_nicobarica.2"
"19","Uncia_uncia","Uncia_uncia.4"
"20","Uncia_uncia","Uncia_uncia.5"
"21","Uncia_uncia","Uncia_uncia.6"
"22","Strigiops_habroptilus","Strigiops_habroptilus.1"
"23","Ceratotherium_simum","Ceratotherium_simum.1"
"24","Nanophoca_vitulinoides","Nanophoca_vitulinoides.1"
"25","Ichtyosaur_sp","Ichtyosaur_sp.1"
"26","Nanophoca_vitulinoides","Nanophoca_vitulinoides.2"
"27","Cricosaurus","Cricosaurus.1"
"28","Phalacrocorax_harrisi","Phalacrocorax_harrisi.1"
"29","Cricosaurus","Cricosaurus.2"
"30","Nanophoca_vitulinoides","Nanophoca_vitulinoides.3"
"31","Chapsosaurus_","Chapsosaurus_.1"
"32","Callophoca_obscura","Callophoca_obscura.1"
"33","Neusticosaurus","Neusticosaurus.1"
"34","Chironectes_minimus","Chironectes_minimus.1"
"35","Rhaeticosaurus","Rhaeticosaurus.1"
"36","Neusticosaurus","Neusticosaurus.2"
"37","Rodhocetus","Rodhocetus.1"
"38","Chironectes_minimus","Chironectes_minimus.2"
"39","Cricosaurus","Cricosaurus.3"
"40","Anarosaurus","Anarosaurus.1"
"41","Nothosaurus_150","Nothosaurus_150.1"
"42","Rodhocetus","Rodhocetus.2"
"43","Nothosaurus_giganteus","Nothosaurus_giganteus.1"
"44","Ichtyosaur_sp","Ichtyosaur_sp.2"
"45","Nothosaurus_568","Nothosaurus_568.1"
"46","Hydromys_chrysogaster","Hydromys_chrysogaster.1"
"47","Spinosaurus_","Spinosaurus_.1"
"48","Spinosaurus_","Spinosaurus_.2"
"49","Spinosaurus_","Spinosaurus_.3"
"50","Spinosaurus_","Spinosaurus_.4"
"51","Spinosaurus_","Spinosaurus_.5"
"52","Spinosaurus_","Spinosaurus_.6"
"53","Spinosaurus_","Spinosaurus_.7"
"54","Spinosaurus_","Spinosaurus_.8"
"55","Spinosaurus_","Spinosaurus_.9"
"56","Spinosaurus_","Spinosaurus_.10"
"57","Spinosaurus_","Spinosaurus_.11"
"58","Suchomimus","Suchomimus.1"
"59","Suchomimus","Suchomimus.2"
"60","Suchomimus","Suchomimus.3"
"61","Baryonyx","Baryonyx.1"
"62","Baryonyx","Baryonyx.2"
"63","Baryonyx","Baryonyx.3"
 
* Phylo tree and the main data and strata files have been modified to include duplicated taxa before the scaled random trees are generated.
* Selected categorical labels column: diving.or.not
* diving.or.equal column is identical to Diving column.
* Regression excludes flying taxa.
* Diving labels that are present in regression: 0,2
* lambda (calculated from a random tree) = : 0.11
* index-name alignment check: OK
