Logfile for a session of program: bootstrap_binary.r
-----------------------------------------------------
INPUT:
workDir: C:/dino_nature/output/2023-11-07-D1\bs/set_1041
Nbootstrapsets: 2000
phyloFDAfile: c:/dino_nature/code/phylo.fda.R
auxFile: c:/dino_nature/code/auxiliary.r
boneType: femur
regressionData.file: C:/dino_nature/output/2023-11-07-D1\bs/set_1041/femur_set_1041.csv
applyDataFilter: FALSE
addTreeTips: TRUE
Ntrees: 100
calculateTrees: TRUE
saveTrees: FALSE


OPERATIONAL CHECKS:
* Regression data contains multiple copies of some taxa (user added variants of existing test taxa 
   or replacements due to bootstrap are present) which are not in the phylo tree:
     original taxon,   duplicate   
"1","Procavia_capensis","Procavia_capensis.1"
"2","Nyctereutes_procyonoides","Nyctereutes_procyonoides.1"
"3","Dicerorhinus_sumatrensis","Dicerorhinus_sumatrensis.1"
"4","Rhynchocyon_petersi","Rhynchocyon_petersi.1"
"5","Procavia_capensis","Procavia_capensis.2"
"6","Dicerorhinus_sumatrensis","Dicerorhinus_sumatrensis.2"
"7","Procavia_capensis","Procavia_capensis.3"
"8","Syncerus_caffer","Syncerus_caffer.1"
"9","Brachyodus_onoideum","Brachyodus_onoideum.1"
"10","Dicerorhinus_sumatrensis","Dicerorhinus_sumatrensis.3"
"11","Meles_meles","Meles_meles.1"
"12","Syncerus_caffer","Syncerus_caffer.2"
"13","Rangifer_tarandus","Rangifer_tarandus.1"
"14","Rhynchocyon_petersi","Rhynchocyon_petersi.2"
"15","Procyon_lotor","Procyon_lotor.1"
"16","Capreolus_capreolus","Capreolus_capreolus.1"
"17","Rupicapra_rupicapra","Rupicapra_rupicapra.1"
"18","Okapia_johnstoni","Okapia_johnstoni.1"
"19","Rhynchocyon_petersi","Rhynchocyon_petersi.3"
"20","Xenicus_giliventris","Xenicus_giliventris.1"
"21","Uncia_uncia","Uncia_uncia.1"
"22","Brachyodus_onoideum","Brachyodus_onoideum.2"
"23","Xenicus_giliventris","Xenicus_giliventris.2"
"24","Aptenodytes______","Aptenodytes______.1"
"25","Aptenodytes______","Aptenodytes______.2"
"26","Ichtyosaurus_","Ichtyosaurus_.1"
"27","Protochampsidae","Protochampsidae.1"
"28","Noemys_fodies","Noemys_fodies.1"
"29","Rhaeticosaurus","Rhaeticosaurus.1"
"30","Ornithorhynchus_anatinus","Ornithorhynchus_anatinus.1"
"31","Hydromys_chrysogaster","Hydromys_chrysogaster.1"
"32","Otaria_byronia","Otaria_byronia.1"
"33","Rodhocetus","Rodhocetus.1"
"34","Protochampsidae","Protochampsidae.2"
"35","Maiacetus","Maiacetus.1"
"36","Otaria_byronia","Otaria_byronia.2"
"37","large_eocene_stem_penguin","large_eocene_stem_penguin.1"
"38","Hippopotamus_amphibius","Hippopotamus_amphibius.1"
"39","Placondontia_indet","Placondontia_indet.1"
"40","Simosaurus","Simosaurus.1"
"41","Spheniscus","Spheniscus.1"
"42","Caiman_yacare","Caiman_yacare.1"
"43","Micropotamogale_euwenzorii","Micropotamogale_euwenzorii.1"
"44","Ornithorhynchus_anatinus","Ornithorhynchus_anatinus.2"
"45","Spinosaurus_","Spinosaurus_.1"
"46","Spinosaurus_","Spinosaurus_.2"
"47","Spinosaurus_","Spinosaurus_.3"
"48","Spinosaurus_","Spinosaurus_.4"
"49","Spinosaurus_","Spinosaurus_.5"
"50","Spinosaurus_","Spinosaurus_.6"
"51","Spinosaurus_","Spinosaurus_.7"
"52","Spinosaurus_","Spinosaurus_.8"
"53","Spinosaurus_","Spinosaurus_.9"
"54","Spinosaurus_","Spinosaurus_.10"
"55","Spinosaurus_","Spinosaurus_.11"
"56","Suchomimus","Suchomimus.1"
"57","Suchomimus","Suchomimus.2"
"58","Suchomimus","Suchomimus.3"
"59","Baryonyx","Baryonyx.1"
"60","Baryonyx","Baryonyx.2"
"61","Baryonyx","Baryonyx.3"
 
* Phylo tree and the main data and strata files have been modified to include duplicated taxa before the scaled random trees are generated.
* Selected categorical labels column: diving.or.not
* diving.or.equal column is identical to Diving column.
* Regression excludes flying taxa.
* Diving labels that are present in regression: 0,2
* lambda (calculated from a random tree) = : 0.09
* index-name alignment check: OK
