Logfile for a session of program: bootstrap_binary.r
-----------------------------------------------------
INPUT:
workDir: C:/dino_nature/output/2023-11-07-D1\bs/set_1792
Nbootstrapsets: 2000
phyloFDAfile: c:/dino_nature/code/phylo.fda.R
auxFile: c:/dino_nature/code/auxiliary.r
boneType: femur
regressionData.file: C:/dino_nature/output/2023-11-07-D1\bs/set_1792/femur_set_1792.csv
applyDataFilter: FALSE
addTreeTips: TRUE
Ntrees: 100
calculateTrees: TRUE
saveTrees: FALSE


OPERATIONAL CHECKS:
* Regression data contains multiple copies of some taxa (user added variants of existing test taxa 
   or replacements due to bootstrap are present) which are not in the phylo tree:
     original taxon,   duplicate   
"1","Procavia_capensis","Procavia_capensis.1"
"2","Atlantisia_rogersi","Atlantisia_rogersi.1"
"3","Rhinoceros_sondaicus","Rhinoceros_sondaicus.1"
"4","Euroscaptor_micrura","Euroscaptor_micrura.1"
"5","Rynochetus_jubatus","Rynochetus_jubatus.1"
"6","Dasyurus_maculatus","Dasyurus_maculatus.1"
"7","Procavia_capensis","Procavia_capensis.2"
"8","Monodelphis_domestica","Monodelphis_domestica.1"
"9","Mus_musculus","Mus_musculus.1"
"10","Microgale_thomasi","Microgale_thomasi.1"
"11","Rynochetus_jubatus","Rynochetus_jubatus.2"
"12","Tenrec_ecaudatus","Tenrec_ecaudatus.1"
"13","Lama_guanicoe","Lama_guanicoe.1"
"14","Procavia_capensis","Procavia_capensis.3"
"15","Apteryx_owenii_","Apteryx_owenii_.1"
"16","Procyon_lotor","Procyon_lotor.1"
"17","Dromaius_","Dromaius_.1"
"18","Diplomesodon_pulchellum","Diplomesodon_pulchellum.1"
"19","Ichtyosaurus_","Ichtyosaurus_.1"
"20","Nothosaurus_102","Nothosaurus_102.1"
"21","Phalacrocorax_harrisi","Phalacrocorax_harrisi.1"
"22","Rodhocetus","Rodhocetus.1"
"23","Alligator","Alligator.1"
"24","Hydromys_chrysogaster","Hydromys_chrysogaster.1"
"25","Hydromys_chrysogaster","Hydromys_chrysogaster.2"
"26","Ornithorhynchus_anatinus","Ornithorhynchus_anatinus.1"
"27","Hydromys_chrysogaster","Hydromys_chrysogaster.3"
"28","Hydromys_chrysogaster","Hydromys_chrysogaster.4"
"29","Ornithorhynchus_anatinus","Ornithorhynchus_anatinus.2"
"30","Ornithorhynchus_anatinus","Ornithorhynchus_anatinus.3"
"31","Lutra_vulgaris","Lutra_vulgaris.1"
"32","Phocanella_pumila","Phocanella_pumila.1"
"33","Maiacetus","Maiacetus.1"
"34","Nanophoca_vitulinoides","Nanophoca_vitulinoides.1"
"35","Cricosaurus","Cricosaurus.1"
"36","Rodhocetus","Rodhocetus.2"
"37","Hesperornis","Hesperornis.1"
"38","Rhaeticosaurus","Rhaeticosaurus.1"
"39","Maiacetus","Maiacetus.2"
"40","Lutra_vulgaris","Lutra_vulgaris.2"
"41","Anarosaurus","Anarosaurus.1"
"42","Plesiosaurus","Plesiosaurus.1"
"43","Dyrosaurid","Dyrosaurid.1"
"44","Spinosaurus_","Spinosaurus_.1"
"45","Spinosaurus_","Spinosaurus_.2"
"46","Spinosaurus_","Spinosaurus_.3"
"47","Spinosaurus_","Spinosaurus_.4"
"48","Spinosaurus_","Spinosaurus_.5"
"49","Spinosaurus_","Spinosaurus_.6"
"50","Spinosaurus_","Spinosaurus_.7"
"51","Spinosaurus_","Spinosaurus_.8"
"52","Spinosaurus_","Spinosaurus_.9"
"53","Spinosaurus_","Spinosaurus_.10"
"54","Spinosaurus_","Spinosaurus_.11"
"55","Suchomimus","Suchomimus.1"
"56","Suchomimus","Suchomimus.2"
"57","Suchomimus","Suchomimus.3"
"58","Baryonyx","Baryonyx.1"
"59","Baryonyx","Baryonyx.2"
"60","Baryonyx","Baryonyx.3"
 
* Phylo tree and the main data and strata files have been modified to include duplicated taxa before the scaled random trees are generated.
* Selected categorical labels column: diving.or.not
* diving.or.equal column is identical to Diving column.
* Regression excludes flying taxa.
* Diving labels that are present in regression: 0,2
* lambda (calculated from a random tree) = : 0.12
* index-name alignment check: OK
