Logfile for a session of program: bootstrap_binary.r
-----------------------------------------------------
INPUT:
workDir: C:/dino_nature/output/2023-11-07-D1\bs/set_1883
Nbootstrapsets: 2000
phyloFDAfile: c:/dino_nature/code/phylo.fda.R
auxFile: c:/dino_nature/code/auxiliary.r
boneType: femur
regressionData.file: C:/dino_nature/output/2023-11-07-D1\bs/set_1883/femur_set_1883.csv
applyDataFilter: FALSE
addTreeTips: TRUE
Ntrees: 100
calculateTrees: TRUE
saveTrees: FALSE


OPERATIONAL CHECKS:
* Regression data contains multiple copies of some taxa (user added variants of existing test taxa 
   or replacements due to bootstrap are present) which are not in the phylo tree:
     original taxon,   duplicate   
"1","Elephas_maximus","Elephas_maximus.1"
"2","Dromaius_","Dromaius_.1"
"3","Capreolus_capreolus","Capreolus_capreolus.1"
"4","Capreolus_capreolus","Capreolus_capreolus.2"
"5","Taxidea_taxus","Taxidea_taxus.1"
"6","Euroscaptor_micrura","Euroscaptor_micrura.1"
"7","Uncia_uncia","Uncia_uncia.1"
"8","Paguma_larvata","Paguma_larvata.1"
"9","Sus_scrofa","Sus_scrofa.1"
"10","Porphyrio_hochstetteri","Porphyrio_hochstetteri.1"
"11","Rhinoceros_sondaicus","Rhinoceros_sondaicus.1"
"12","Capreolus_capreolus","Capreolus_capreolus.3"
"13","Taxidea_taxus","Taxidea_taxus.2"
"14","Elephas_maximus","Elephas_maximus.2"
"15","Diplomesodon_pulchellum","Diplomesodon_pulchellum.1"
"16","Tamandua_tetradactyla","Tamandua_tetradactyla.1"
"17","Monodelphis_domestica","Monodelphis_domestica.1"
"18","Dama_dama","Dama_dama.1"
"19","Sphenodon_punctatus","Sphenodon_punctatus.1"
"20","Mammuthus_sp","Mammuthus_sp.1"
"21","Monodelphis_domestica","Monodelphis_domestica.2"
"22","Otaria_byronia","Otaria_byronia.1"
"23","Palaeospheniscus","Palaeospheniscus.1"
"24","Nothosaurus_102","Nothosaurus_102.1"
"25","Desmana_moschata","Desmana_moschata.1"
"26","Palaeospheniscus","Palaeospheniscus.2"
"27","Nothosaurus_102","Nothosaurus_102.2"
"28","Nothosaurus_568","Nothosaurus_568.1"
"29","Rhaeticosaurus","Rhaeticosaurus.1"
"30","Desmana_moschata","Desmana_moschata.2"
"31","Small_Eocene_penguin","Small_Eocene_penguin.1"
"32","Neusticosaurus","Neusticosaurus.1"
"33","Paraplacodus","Paraplacodus.1"
"34","Indohyus","Indohyus.1"
"35","Serpianosaurus","Serpianosaurus.1"
"36","Paraplacodus","Paraplacodus.2"
"37","Callophoca_obscura","Callophoca_obscura.1"
"38","Small_Eocene_penguin","Small_Eocene_penguin.2"
"39","Nothosaurus_mirabilis","Nothosaurus_mirabilis.1"
"40","Paraplacodus","Paraplacodus.3"
"41","Callophoca_obscura","Callophoca_obscura.2"
"42","Spinosaurus_","Spinosaurus_.1"
"43","Spinosaurus_","Spinosaurus_.2"
"44","Spinosaurus_","Spinosaurus_.3"
"45","Spinosaurus_","Spinosaurus_.4"
"46","Spinosaurus_","Spinosaurus_.5"
"47","Spinosaurus_","Spinosaurus_.6"
"48","Spinosaurus_","Spinosaurus_.7"
"49","Spinosaurus_","Spinosaurus_.8"
"50","Spinosaurus_","Spinosaurus_.9"
"51","Spinosaurus_","Spinosaurus_.10"
"52","Spinosaurus_","Spinosaurus_.11"
"53","Suchomimus","Suchomimus.1"
"54","Suchomimus","Suchomimus.2"
"55","Suchomimus","Suchomimus.3"
"56","Baryonyx","Baryonyx.1"
"57","Baryonyx","Baryonyx.2"
"58","Baryonyx","Baryonyx.3"
 
* Phylo tree and the main data and strata files have been modified to include duplicated taxa before the scaled random trees are generated.
* Selected categorical labels column: diving.or.not
* diving.or.equal column is identical to Diving column.
* Regression excludes flying taxa.
* Diving labels that are present in regression: 0,2
* lambda (calculated from a random tree) = : 0.09
* index-name alignment check: OK
