Logfile for a session of program: bootstrap_binary.r
-----------------------------------------------------
INPUT:
workDir: C:/dino_nature/output/2023-11-07-D1\bs/set_366
Nbootstrapsets: 2000
phyloFDAfile: c:/dino_nature/code/phylo.fda.R
auxFile: c:/dino_nature/code/auxiliary.r
boneType: femur
regressionData.file: C:/dino_nature/output/2023-11-07-D1\bs/set_366/femur_set_366.csv
applyDataFilter: FALSE
addTreeTips: TRUE
Ntrees: 100
calculateTrees: TRUE
saveTrees: FALSE


OPERATIONAL CHECKS:
* Regression data contains multiple copies of some taxa (user added variants of existing test taxa 
   or replacements due to bootstrap are present) which are not in the phylo tree:
     original taxon,   duplicate   
"1","Sus_scrofa","Sus_scrofa.1"
"2","Paguma_larvata","Paguma_larvata.1"
"3","Bos_taurus","Bos_taurus.1"
"4","Nyctereutes_procyonoides","Nyctereutes_procyonoides.1"
"5","Procavia_capensis","Procavia_capensis.1"
"6","Elomeryx_borbonicus_","Elomeryx_borbonicus_.1"
"7","Rhinoceros_sondaicus","Rhinoceros_sondaicus.1"
"8","Felis_felis","Felis_felis.1"
"9","Taxidea_taxus","Taxidea_taxus.1"
"10","Raphus","Raphus.1"
"11","Tenrec_ecaudatus","Tenrec_ecaudatus.1"
"12","Caloenas_nicobarica","Caloenas_nicobarica.1"
"13","Tribonyx_mortieri","Tribonyx_mortieri.1"
"14","Rattus_rattus","Rattus_rattus.1"
"15","Procyon_lotor","Procyon_lotor.1"
"16","Pogona_viceps","Pogona_viceps.1"
"17","Tenrec_ecaudatus","Tenrec_ecaudatus.2"
"18","Syncerus_caffer","Syncerus_caffer.1"
"19","Felis_felis","Felis_felis.2"
"20","Metryorhynchus","Metryorhynchus.1"
"21","Protochampsidae","Protochampsidae.1"
"22","Cryptoclidus","Cryptoclidus.1"
"23","Basilosaurus","Basilosaurus.1"
"24","Protochampsidae","Protochampsidae.2"
"25","Leptophoca_proxima","Leptophoca_proxima.1"
"26","Desmana_moschata","Desmana_moschata.1"
"27","Metryorhynchus","Metryorhynchus.2"
"28","Psephoderma","Psephoderma.1"
"29","Leptophoca_proxima","Leptophoca_proxima.2"
"30","Basilosaurus","Basilosaurus.2"
"31","Metryorhynchus","Metryorhynchus.3"
"32","Small_Eocene_penguin","Small_Eocene_penguin.1"
"33","Micropotamogale_euwenzorii","Micropotamogale_euwenzorii.1"
"34","large_eocene_stem_penguin","large_eocene_stem_penguin.1"
"35","Lutra_vulgaris","Lutra_vulgaris.1"
"36","Simosaurus","Simosaurus.1"
"37","large_eocene_stem_penguin","large_eocene_stem_penguin.2"
"38","Lutra_vulgaris","Lutra_vulgaris.2"
"39","Neusticosaurus","Neusticosaurus.1"
"40","Nothosaurus_mirabilis_1","Nothosaurus_mirabilis_1.1"
"41","Spinosaurus_","Spinosaurus_.1"
"42","Spinosaurus_","Spinosaurus_.2"
"43","Spinosaurus_","Spinosaurus_.3"
"44","Spinosaurus_","Spinosaurus_.4"
"45","Spinosaurus_","Spinosaurus_.5"
"46","Spinosaurus_","Spinosaurus_.6"
"47","Spinosaurus_","Spinosaurus_.7"
"48","Spinosaurus_","Spinosaurus_.8"
"49","Spinosaurus_","Spinosaurus_.9"
"50","Spinosaurus_","Spinosaurus_.10"
"51","Spinosaurus_","Spinosaurus_.11"
"52","Suchomimus","Suchomimus.1"
"53","Suchomimus","Suchomimus.2"
"54","Suchomimus","Suchomimus.3"
"55","Baryonyx","Baryonyx.1"
"56","Baryonyx","Baryonyx.2"
"57","Baryonyx","Baryonyx.3"
 
* Phylo tree and the main data and strata files have been modified to include duplicated taxa before the scaled random trees are generated.
* Selected categorical labels column: diving.or.not
* diving.or.equal column is identical to Diving column.
* Regression excludes flying taxa.
* Diving labels that are present in regression: 0,2
* lambda (calculated from a random tree) = : 0.09
* index-name alignment check: OK
