Logfile for a session of program: bootstrap_binary.r
-----------------------------------------------------
INPUT:
workDir: C:/dino_nature/output/2023-11-07-D1\bs/set_446
Nbootstrapsets: 2000
phyloFDAfile: c:/dino_nature/code/phylo.fda.R
auxFile: c:/dino_nature/code/auxiliary.r
boneType: femur
regressionData.file: C:/dino_nature/output/2023-11-07-D1\bs/set_446/femur_set_446.csv
applyDataFilter: FALSE
addTreeTips: TRUE
Ntrees: 100
calculateTrees: TRUE
saveTrees: FALSE


OPERATIONAL CHECKS:
* Regression data contains multiple copies of some taxa (user added variants of existing test taxa 
   or replacements due to bootstrap are present) which are not in the phylo tree:
     original taxon,   duplicate   
"1","Strigiops_habroptilus","Strigiops_habroptilus.1"
"2","Microgale_thomasi","Microgale_thomasi.1"
"3","Euroscaptor_micrura","Euroscaptor_micrura.1"
"4","Dromaius_","Dromaius_.1"
"5","Megaloceros_sp","Megaloceros_sp.1"
"6","Sus_scrofa","Sus_scrofa.1"
"7","Megaloceros_sp","Megaloceros_sp.2"
"8","Rangifer_tarandus","Rangifer_tarandus.1"
"9","Dromaius_","Dromaius_.2"
"10","Apteryx_australis","Apteryx_australis.1"
"11","Atlantisia_rogersi","Atlantisia_rogersi.1"
"12","Pogona_viceps","Pogona_viceps.1"
"13","Paguma_larvata","Paguma_larvata.1"
"14","Procyon_lotor","Procyon_lotor.1"
"15","Dromaius_","Dromaius_.3"
"16","Strigiops_habroptilus","Strigiops_habroptilus.2"
"17","Taxidea_taxus","Taxidea_taxus.1"
"18","Meles_meles","Meles_meles.1"
"19","Procyon_lotor","Procyon_lotor.2"
"20","Tenrec_ecaudatus","Tenrec_ecaudatus.1"
"21","Dromaius_","Dromaius_.4"
"22","Taxidea_taxus","Taxidea_taxus.2"
"23","Paraplacodus","Paraplacodus.1"
"24","Phocanella_pumila","Phocanella_pumila.1"
"25","Otaria_byronia","Otaria_byronia.1"
"26","Chapsosaurus_","Chapsosaurus_.1"
"27","Nothosaurus_568","Nothosaurus_568.1"
"28","Noemys_fodies","Noemys_fodies.1"
"29","Nothosaurus_568","Nothosaurus_568.2"
"30","Tapirus_terrestris","Tapirus_terrestris.1"
"31","Paraplacodus","Paraplacodus.2"
"32","Placondontia_indet","Placondontia_indet.1"
"33","Lutra_vulgaris","Lutra_vulgaris.1"
"34","Callophoca_obscura","Callophoca_obscura.1"
"35","Nanophoca_vitulinoides","Nanophoca_vitulinoides.1"
"36","Chapsosaurus_","Chapsosaurus_.2"
"37","Callophoca_obscura","Callophoca_obscura.2"
"38","Chironectes_minimus","Chironectes_minimus.1"
"39","Remingtonocetus","Remingtonocetus.1"
"40","Nanophoca_vitulinoides","Nanophoca_vitulinoides.2"
"41","Nothosaurus_mirabilis","Nothosaurus_mirabilis.1"
"42","Leptophoca_proxima","Leptophoca_proxima.1"
"43","Hydromys_chrysogaster","Hydromys_chrysogaster.1"
"44","Castor_fiber","Castor_fiber.1"
"45","Nothosaurus_mirabilis_1","Nothosaurus_mirabilis_1.1"
"46","Noemys_fodies","Noemys_fodies.2"
"47","Spinosaurus_","Spinosaurus_.1"
"48","Spinosaurus_","Spinosaurus_.2"
"49","Spinosaurus_","Spinosaurus_.3"
"50","Spinosaurus_","Spinosaurus_.4"
"51","Spinosaurus_","Spinosaurus_.5"
"52","Spinosaurus_","Spinosaurus_.6"
"53","Spinosaurus_","Spinosaurus_.7"
"54","Spinosaurus_","Spinosaurus_.8"
"55","Spinosaurus_","Spinosaurus_.9"
"56","Spinosaurus_","Spinosaurus_.10"
"57","Spinosaurus_","Spinosaurus_.11"
"58","Suchomimus","Suchomimus.1"
"59","Suchomimus","Suchomimus.2"
"60","Suchomimus","Suchomimus.3"
"61","Baryonyx","Baryonyx.1"
"62","Baryonyx","Baryonyx.2"
"63","Baryonyx","Baryonyx.3"
 
* Phylo tree and the main data and strata files have been modified to include duplicated taxa before the scaled random trees are generated.
* Selected categorical labels column: diving.or.not
* diving.or.equal column is identical to Diving column.
* Regression excludes flying taxa.
* Diving labels that are present in regression: 0,2
* lambda (calculated from a random tree) = : 0.04
* index-name alignment check: OK
