Logfile for a session of program: bootstrap_binary.r
-----------------------------------------------------
INPUT:
workDir: C:/dino_nature/output/2023-11-07-D1\bs/set_760
Nbootstrapsets: 2000
phyloFDAfile: c:/dino_nature/code/phylo.fda.R
auxFile: c:/dino_nature/code/auxiliary.r
boneType: femur
regressionData.file: C:/dino_nature/output/2023-11-07-D1\bs/set_760/femur_set_760.csv
applyDataFilter: FALSE
addTreeTips: TRUE
Ntrees: 100
calculateTrees: TRUE
saveTrees: FALSE


OPERATIONAL CHECKS:
* Regression data contains multiple copies of some taxa (user added variants of existing test taxa 
   or replacements due to bootstrap are present) which are not in the phylo tree:
     original taxon,   duplicate   
"1","Felis_felis","Felis_felis.1"
"2","Mus_musculus","Mus_musculus.1"
"3","Rynochetus_jubatus","Rynochetus_jubatus.1"
"4","Myrmecophaga_tridactyla","Myrmecophaga_tridactyla.1"
"5","Dasyurus_maculatus","Dasyurus_maculatus.1"
"6","Rattus_rattus","Rattus_rattus.1"
"7","Mammuthus_sp","Mammuthus_sp.1"
"8","Dromaius_","Dromaius_.1"
"9","Mammuthus_sp","Mammuthus_sp.2"
"10","Pogona_viceps","Pogona_viceps.1"
"11","Dromaius_","Dromaius_.2"
"12","Euroscaptor_micrura","Euroscaptor_micrura.1"
"13","Euroscaptor_micrura","Euroscaptor_micrura.2"
"14","Mus_musculus","Mus_musculus.2"
"15","Hemiechinus_azurites","Hemiechinus_azurites.1"
"16","Brachyodus_onoideum","Brachyodus_onoideum.1"
"17","Dasyurus_maculatus","Dasyurus_maculatus.2"
"18","Mus_musculus","Mus_musculus.3"
"19","Dromaius_","Dromaius_.3"
"20","Microgale_thomasi","Microgale_thomasi.1"
"21","Cryptoclidus","Cryptoclidus.1"
"22","Tapirus_terrestris","Tapirus_terrestris.1"
"23","Castor_fiber","Castor_fiber.1"
"24","Basilosaurus","Basilosaurus.1"
"25","Metryorhynchus","Metryorhynchus.1"
"26","Cryptoclidus","Cryptoclidus.2"
"27","Basilosaurus","Basilosaurus.2"
"28","Leptophoca_proxima","Leptophoca_proxima.1"
"29","Callophoca_obscura","Callophoca_obscura.1"
"30","Noemys_fodies","Noemys_fodies.1"
"31","Anarosaurus","Anarosaurus.1"
"32","Dyrosaurid","Dyrosaurid.1"
"33","Phocanella_pumila","Phocanella_pumila.1"
"34","Protochampsidae","Protochampsidae.1"
"35","Nothosaurus_mirabilis_1","Nothosaurus_mirabilis_1.1"
"36","Plesiosaurus","Plesiosaurus.1"
"37","Metryorhynchus","Metryorhynchus.2"
"38","Aptenodytes______","Aptenodytes______.1"
"39","Choeropsis_liberiensis","Choeropsis_liberiensis.1"
"40","Anarosaurus","Anarosaurus.2"
"41","Spinosaurus_","Spinosaurus_.1"
"42","Spinosaurus_","Spinosaurus_.2"
"43","Spinosaurus_","Spinosaurus_.3"
"44","Spinosaurus_","Spinosaurus_.4"
"45","Spinosaurus_","Spinosaurus_.5"
"46","Spinosaurus_","Spinosaurus_.6"
"47","Spinosaurus_","Spinosaurus_.7"
"48","Spinosaurus_","Spinosaurus_.8"
"49","Spinosaurus_","Spinosaurus_.9"
"50","Spinosaurus_","Spinosaurus_.10"
"51","Spinosaurus_","Spinosaurus_.11"
"52","Suchomimus","Suchomimus.1"
"53","Suchomimus","Suchomimus.2"
"54","Suchomimus","Suchomimus.3"
"55","Baryonyx","Baryonyx.1"
"56","Baryonyx","Baryonyx.2"
"57","Baryonyx","Baryonyx.3"
 
* Phylo tree and the main data and strata files have been modified to include duplicated taxa before the scaled random trees are generated.
* Selected categorical labels column: diving.or.not
* diving.or.equal column is identical to Diving column.
* Regression excludes flying taxa.
* Diving labels that are present in regression: 0,2
* lambda (calculated from a random tree) = : 0.09
* index-name alignment check: OK
