Logfile for a session of program: bootstrap_binary.r
-----------------------------------------------------
INPUT:
workDir: C:/dino_nature/output/2023-11-07-D1\bs/set_1965
Nbootstrapsets: 2000
phyloFDAfile: c:/dino_nature/code/phylo.fda.R
auxFile: c:/dino_nature/code/auxiliary.r
boneType: femur
regressionData.file: C:/dino_nature/output/2023-11-07-D1\bs/set_1965/femur_set_1965.csv
applyDataFilter: FALSE
addTreeTips: TRUE
Ntrees: 100
calculateTrees: TRUE
saveTrees: FALSE


OPERATIONAL CHECKS:
* Regression data contains multiple copies of some taxa (user added variants of existing test taxa 
   or replacements due to bootstrap are present) which are not in the phylo tree:
     original taxon,   duplicate   
"1","Lama_guanicoe","Lama_guanicoe.1"
"2","Lama_guanicoe","Lama_guanicoe.2"
"3","Giraffa_camelopardalis","Giraffa_camelopardalis.1"
"4","Procavia_capensis","Procavia_capensis.1"
"5","Procavia_capensis","Procavia_capensis.2"
"6","Procavia_capensis","Procavia_capensis.3"
"7","Caloenas_nicobarica","Caloenas_nicobarica.1"
"8","Caloenas_nicobarica","Caloenas_nicobarica.2"
"9","Rhinoceros_sondaicus","Rhinoceros_sondaicus.1"
"10","Apteryx_australis","Apteryx_australis.1"
"11","Xenicus_giliventris","Xenicus_giliventris.1"
"12","Felis_felis","Felis_felis.1"
"13","Rhinoceros_sondaicus","Rhinoceros_sondaicus.2"
"14","Apteryx_australis","Apteryx_australis.2"
"15","Xenicus_giliventris","Xenicus_giliventris.2"
"16","Procyon_lotor","Procyon_lotor.1"
"17","Brachyodus_onoideum","Brachyodus_onoideum.1"
"18","Rhynchocyon_petersi","Rhynchocyon_petersi.1"
"19","Desmostylus_hesperus","Desmostylus_hesperus.1"
"20","Chapsosaurus_","Chapsosaurus_.1"
"21","Palaeospheniscus","Palaeospheniscus.1"
"22","Callophoca_obscura","Callophoca_obscura.1"
"23","Desmostylus_hesperus","Desmostylus_hesperus.2"
"24","Nothosaurus_568","Nothosaurus_568.1"
"25","Tapirus_terrestris","Tapirus_terrestris.1"
"26","Nothosaurus_568","Nothosaurus_568.2"
"27","Nothosaurus_568","Nothosaurus_568.3"
"28","Choeropsis_liberiensis","Choeropsis_liberiensis.1"
"29","Maiacetus","Maiacetus.1"
"30","Micropotamogale_euwenzorii","Micropotamogale_euwenzorii.1"
"31","Chironectes_minimus","Chironectes_minimus.1"
"32","Lutra_vulgaris","Lutra_vulgaris.1"
"33","Tapirus_terrestris","Tapirus_terrestris.2"
"34","Nothosaurus_150","Nothosaurus_150.1"
"35","Placondontia_indet","Placondontia_indet.1"
"36","Anarosaurus","Anarosaurus.1"
"37","Spheniscus","Spheniscus.1"
"38","Nothosaurus_150","Nothosaurus_150.2"
"39","Palaeospheniscus","Palaeospheniscus.2"
"40","Choeropsis_liberiensis","Choeropsis_liberiensis.2"
"41","Nothosaurus_102","Nothosaurus_102.1"
"42","Nothosaurus_568","Nothosaurus_568.4"
"43","Spinosaurus_","Spinosaurus_.1"
"44","Spinosaurus_","Spinosaurus_.2"
"45","Spinosaurus_","Spinosaurus_.3"
"46","Spinosaurus_","Spinosaurus_.4"
"47","Spinosaurus_","Spinosaurus_.5"
"48","Spinosaurus_","Spinosaurus_.6"
"49","Spinosaurus_","Spinosaurus_.7"
"50","Spinosaurus_","Spinosaurus_.8"
"51","Spinosaurus_","Spinosaurus_.9"
"52","Spinosaurus_","Spinosaurus_.10"
"53","Spinosaurus_","Spinosaurus_.11"
"54","Suchomimus","Suchomimus.1"
"55","Suchomimus","Suchomimus.2"
"56","Suchomimus","Suchomimus.3"
"57","Baryonyx","Baryonyx.1"
"58","Baryonyx","Baryonyx.2"
"59","Baryonyx","Baryonyx.3"
 
* Phylo tree and the main data and strata files have been modified to include duplicated taxa before the scaled random trees are generated.
* Selected categorical labels column: diving.or.not
* diving.or.equal column is identical to Diving column.
* Regression excludes flying taxa.
* Diving labels that are present in regression: 0,2
* lambda (calculated from a random tree) = : 0.03
* index-name alignment check: OK
