Logfile for a session of program: bootstrap_binary.r
-----------------------------------------------------
INPUT:
workDir: C:/dino_nature/output/2023-11-07-D1\bs/set_1443
Nbootstrapsets: 2000
phyloFDAfile: c:/dino_nature/code/phylo.fda.R
auxFile: c:/dino_nature/code/auxiliary.r
boneType: femur
regressionData.file: C:/dino_nature/output/2023-11-07-D1\bs/set_1443/femur_set_1443.csv
applyDataFilter: FALSE
addTreeTips: TRUE
Ntrees: 100
calculateTrees: TRUE
saveTrees: FALSE


OPERATIONAL CHECKS:
* Regression data contains multiple copies of some taxa (user added variants of existing test taxa 
   or replacements due to bootstrap are present) which are not in the phylo tree:
     original taxon,   duplicate   
"1","Alces_americanus","Alces_americanus.1"
"2","Rynochetus_jubatus","Rynochetus_jubatus.1"
"3","Tenrec_ecaudatus","Tenrec_ecaudatus.1"
"4","Microgale_thomasi","Microgale_thomasi.1"
"5","Tenrec_ecaudatus","Tenrec_ecaudatus.2"
"6","Porphyrio_hochstetteri","Porphyrio_hochstetteri.1"
"7","Dama_dama","Dama_dama.1"
"8","Rynochetus_jubatus","Rynochetus_jubatus.2"
"9","Vulpes_vulpes","Vulpes_vulpes.1"
"10","Vulpes_vulpes","Vulpes_vulpes.2"
"11","Xenicus_giliventris","Xenicus_giliventris.1"
"12","Sphenodon_punctatus","Sphenodon_punctatus.1"
"13","Megaloceros_sp","Megaloceros_sp.1"
"14","Mustela_nivalis","Mustela_nivalis.1"
"15","Myrmecophaga_tridactyla","Myrmecophaga_tridactyla.1"
"16","Paguma_larvata","Paguma_larvata.1"
"17","Elephas_maximus","Elephas_maximus.1"
"18","Raphus","Raphus.1"
"19","Desmana_moschata","Desmana_moschata.1"
"20","Phocanella_pumila","Phocanella_pumila.1"
"21","Protochampsidae","Protochampsidae.1"
"22","Pistosaurus","Pistosaurus.1"
"23","Ornithorhynchus_anatinus","Ornithorhynchus_anatinus.1"
"24","Maiacetus","Maiacetus.1"
"25","Neusticosaurus","Neusticosaurus.1"
"26","Neusticosaurus","Neusticosaurus.2"
"27","Anarosaurus","Anarosaurus.1"
"28","Nothosaurus_568","Nothosaurus_568.1"
"29","Nothosaurus_568","Nothosaurus_568.2"
"30","Phalacrocorax_harrisi","Phalacrocorax_harrisi.1"
"31","Neusticosaurus","Neusticosaurus.3"
"32","Hexaprotodon_garyam","Hexaprotodon_garyam.1"
"33","Nothosaurus_giganteus","Nothosaurus_giganteus.1"
"34","Hippopotamus_amphibius","Hippopotamus_amphibius.1"
"35","Protochampsidae","Protochampsidae.2"
"36","Pistosaurus","Pistosaurus.2"
"37","Aptenodytes______","Aptenodytes______.1"
"38","Palaeospheniscus","Palaeospheniscus.1"
"39","Desmana_moschata","Desmana_moschata.2"
"40","Spinosaurus_","Spinosaurus_.1"
"41","Spinosaurus_","Spinosaurus_.2"
"42","Spinosaurus_","Spinosaurus_.3"
"43","Spinosaurus_","Spinosaurus_.4"
"44","Spinosaurus_","Spinosaurus_.5"
"45","Spinosaurus_","Spinosaurus_.6"
"46","Spinosaurus_","Spinosaurus_.7"
"47","Spinosaurus_","Spinosaurus_.8"
"48","Spinosaurus_","Spinosaurus_.9"
"49","Spinosaurus_","Spinosaurus_.10"
"50","Spinosaurus_","Spinosaurus_.11"
"51","Suchomimus","Suchomimus.1"
"52","Suchomimus","Suchomimus.2"
"53","Suchomimus","Suchomimus.3"
"54","Baryonyx","Baryonyx.1"
"55","Baryonyx","Baryonyx.2"
"56","Baryonyx","Baryonyx.3"
 
* Phylo tree and the main data and strata files have been modified to include duplicated taxa before the scaled random trees are generated.
* Selected categorical labels column: diving.or.not
* diving.or.equal column is identical to Diving column.
* Regression excludes flying taxa.
* Diving labels that are present in regression: 0,2
* lambda (calculated from a random tree) = : 0.12
* index-name alignment check: OK
