Logfile for a session of program: bootstrap_binary.r
-----------------------------------------------------
INPUT:
workDir: C:/dino_nature/output/2023-11-07-D1\bs/set_1504
Nbootstrapsets: 2000
phyloFDAfile: c:/dino_nature/code/phylo.fda.R
auxFile: c:/dino_nature/code/auxiliary.r
boneType: femur
regressionData.file: C:/dino_nature/output/2023-11-07-D1\bs/set_1504/femur_set_1504.csv
applyDataFilter: FALSE
addTreeTips: TRUE
Ntrees: 100
calculateTrees: TRUE
saveTrees: FALSE


OPERATIONAL CHECKS:
* Regression data contains multiple copies of some taxa (user added variants of existing test taxa 
   or replacements due to bootstrap are present) which are not in the phylo tree:
     original taxon,   duplicate   
"1","Apteryx_australis","Apteryx_australis.1"
"2","Dama_dama","Dama_dama.1"
"3","Hemiechinus_azurites","Hemiechinus_azurites.1"
"4","Microgale_thomasi","Microgale_thomasi.1"
"5","Rynochetus_jubatus","Rynochetus_jubatus.1"
"6","Rynochetus_jubatus","Rynochetus_jubatus.2"
"7","Lama_guanicoe","Lama_guanicoe.1"
"8","Giraffa_camelopardalis","Giraffa_camelopardalis.1"
"9","Rupicapra_rupicapra","Rupicapra_rupicapra.1"
"10","Strigiops_habroptilus","Strigiops_habroptilus.1"
"11","Sphenodon_punctatus","Sphenodon_punctatus.1"
"12","Taxidea_taxus","Taxidea_taxus.1"
"13","Atlantisia_rogersi","Atlantisia_rogersi.1"
"14","Ceratotherium_simum","Ceratotherium_simum.1"
"15","Tenrec_ecaudatus","Tenrec_ecaudatus.1"
"16","Tribonyx_mortieri","Tribonyx_mortieri.1"
"17","Elephas_maximus","Elephas_maximus.1"
"18","Vulpes_vulpes","Vulpes_vulpes.1"
"19","Giraffa_camelopardalis","Giraffa_camelopardalis.2"
"20","Vulpes_vulpes","Vulpes_vulpes.2"
"21","Noemys_fodies","Noemys_fodies.1"
"22","Rodhocetus","Rodhocetus.1"
"23","Serpianosaurus","Serpianosaurus.1"
"24","Tapirus_terrestris","Tapirus_terrestris.1"
"25","Rodhocetus","Rodhocetus.2"
"26","Hexaprotodon_garyam","Hexaprotodon_garyam.1"
"27","Hexaprotodon_garyam","Hexaprotodon_garyam.2"
"28","Rodhocetus","Rodhocetus.3"
"29","Nothosaurus_568","Nothosaurus_568.1"
"30","Nothosaurus_150","Nothosaurus_150.1"
"31","Cryptoclidus","Cryptoclidus.1"
"32","Alligator","Alligator.1"
"33","Paraplacodus","Paraplacodus.1"
"34","Cryptoclidus","Cryptoclidus.2"
"35","Metryorhynchus","Metryorhynchus.1"
"36","Placodontia_indet_1","Placodontia_indet_1.1"
"37","Placondontia_indet","Placondontia_indet.1"
"38","Tapirus_terrestris","Tapirus_terrestris.2"
"39","Serpianosaurus","Serpianosaurus.2"
"40","Micropotamogale_euwenzorii","Micropotamogale_euwenzorii.1"
"41","Spheniscus","Spheniscus.1"
"42","Plesiosaurus","Plesiosaurus.1"
"43","Nothosaurus_150","Nothosaurus_150.2"
"44","Ornithorhynchus_anatinus","Ornithorhynchus_anatinus.1"
"45","Plesiosaurus","Plesiosaurus.2"
"46","Spinosaurus_","Spinosaurus_.1"
"47","Spinosaurus_","Spinosaurus_.2"
"48","Spinosaurus_","Spinosaurus_.3"
"49","Spinosaurus_","Spinosaurus_.4"
"50","Spinosaurus_","Spinosaurus_.5"
"51","Spinosaurus_","Spinosaurus_.6"
"52","Spinosaurus_","Spinosaurus_.7"
"53","Spinosaurus_","Spinosaurus_.8"
"54","Spinosaurus_","Spinosaurus_.9"
"55","Spinosaurus_","Spinosaurus_.10"
"56","Spinosaurus_","Spinosaurus_.11"
"57","Suchomimus","Suchomimus.1"
"58","Suchomimus","Suchomimus.2"
"59","Suchomimus","Suchomimus.3"
"60","Baryonyx","Baryonyx.1"
"61","Baryonyx","Baryonyx.2"
"62","Baryonyx","Baryonyx.3"
 
* Phylo tree and the main data and strata files have been modified to include duplicated taxa before the scaled random trees are generated.
* Selected categorical labels column: diving.or.not
* diving.or.equal column is identical to Diving column.
* Regression excludes flying taxa.
* Diving labels that are present in regression: 0,2
* lambda (calculated from a random tree) = : 0.05
* index-name alignment check: OK
