Logfile for a session of program: bootstrap_binary.r
-----------------------------------------------------
INPUT:
workDir: C:/dino_nature/output/2023-11-07-D1\bs/set_1140
Nbootstrapsets: 2000
phyloFDAfile: c:/dino_nature/code/phylo.fda.R
auxFile: c:/dino_nature/code/auxiliary.r
boneType: femur
regressionData.file: C:/dino_nature/output/2023-11-07-D1\bs/set_1140/femur_set_1140.csv
applyDataFilter: FALSE
addTreeTips: TRUE
Ntrees: 100
calculateTrees: TRUE
saveTrees: FALSE


OPERATIONAL CHECKS:
* Regression data contains multiple copies of some taxa (user added variants of existing test taxa 
   or replacements due to bootstrap are present) which are not in the phylo tree:
     original taxon,   duplicate   
"1","Rhynchocyon_petersi","Rhynchocyon_petersi.1"
"2","Elephas_maximus","Elephas_maximus.1"
"3","Euroscaptor_micrura","Euroscaptor_micrura.1"
"4","Syncerus_caffer","Syncerus_caffer.1"
"5","Felis_felis","Felis_felis.1"
"6","Ceratotherium_simum","Ceratotherium_simum.1"
"7","Rhynchocyon_petersi","Rhynchocyon_petersi.2"
"8","Cephalophus_silvicultor","Cephalophus_silvicultor.1"
"9","Xenicus_giliventris","Xenicus_giliventris.1"
"10","Mustela_nivalis","Mustela_nivalis.1"
"11","Brachyodus_onoideum","Brachyodus_onoideum.1"
"12","Loxodonta_africana","Loxodonta_africana.1"
"13","Mammuthus_sp","Mammuthus_sp.1"
"14","Rangifer_tarandus","Rangifer_tarandus.1"
"15","Pogona_viceps","Pogona_viceps.1"
"16","Cephalophus_silvicultor","Cephalophus_silvicultor.2"
"17","Vulpes_vulpes","Vulpes_vulpes.1"
"18","Sphenodon_punctatus","Sphenodon_punctatus.1"
"19","Loxodonta_africana","Loxodonta_africana.2"
"20","Atlantisia_rogersi","Atlantisia_rogersi.1"
"21","Hemiechinus_azurites","Hemiechinus_azurites.1"
"22","Hemiechinus_azurites","Hemiechinus_azurites.2"
"23","Plesiosaurus","Plesiosaurus.1"
"24","Palaeospheniscus","Palaeospheniscus.1"
"25","Simosaurus_1","Simosaurus_1.1"
"26","Aptenodytes______","Aptenodytes______.1"
"27","Simosaurus_1","Simosaurus_1.2"
"28","Spheniscus","Spheniscus.1"
"29","Protochampsidae","Protochampsidae.1"
"30","Spheniscus","Spheniscus.2"
"31","Simosaurus","Simosaurus.1"
"32","Caiman_yacare","Caiman_yacare.1"
"33","Caiman_yacare","Caiman_yacare.2"
"34","Placondontia_indet","Placondontia_indet.1"
"35","Cryptoclidus","Cryptoclidus.1"
"36","Psephoderma","Psephoderma.1"
"37","Ichtyosaur_sp","Ichtyosaur_sp.1"
"38","Spinosaurus_","Spinosaurus_.1"
"39","Spinosaurus_","Spinosaurus_.2"
"40","Spinosaurus_","Spinosaurus_.3"
"41","Spinosaurus_","Spinosaurus_.4"
"42","Spinosaurus_","Spinosaurus_.5"
"43","Spinosaurus_","Spinosaurus_.6"
"44","Spinosaurus_","Spinosaurus_.7"
"45","Spinosaurus_","Spinosaurus_.8"
"46","Spinosaurus_","Spinosaurus_.9"
"47","Spinosaurus_","Spinosaurus_.10"
"48","Spinosaurus_","Spinosaurus_.11"
"49","Suchomimus","Suchomimus.1"
"50","Suchomimus","Suchomimus.2"
"51","Suchomimus","Suchomimus.3"
"52","Baryonyx","Baryonyx.1"
"53","Baryonyx","Baryonyx.2"
"54","Baryonyx","Baryonyx.3"
 
* Phylo tree and the main data and strata files have been modified to include duplicated taxa before the scaled random trees are generated.
* Selected categorical labels column: diving.or.not
* diving.or.equal column is identical to Diving column.
* Regression excludes flying taxa.
* Diving labels that are present in regression: 0,2
* lambda (calculated from a random tree) = : 0.16
* index-name alignment check: OK
