Logfile for a session of program: bootstrap_binary.r
-----------------------------------------------------
INPUT:
workDir: C:/dino_nature/output/2023-11-07-D1\bs/set_719
Nbootstrapsets: 2000
phyloFDAfile: c:/dino_nature/code/phylo.fda.R
auxFile: c:/dino_nature/code/auxiliary.r
boneType: femur
regressionData.file: C:/dino_nature/output/2023-11-07-D1\bs/set_719/femur_set_719.csv
applyDataFilter: FALSE
addTreeTips: TRUE
Ntrees: 100
calculateTrees: TRUE
saveTrees: FALSE


OPERATIONAL CHECKS:
* Regression data contains multiple copies of some taxa (user added variants of existing test taxa 
   or replacements due to bootstrap are present) which are not in the phylo tree:
     original taxon,   duplicate   
"1","Tribonyx_mortieri","Tribonyx_mortieri.1"
"2","Nyctereutes_procyonoides","Nyctereutes_procyonoides.1"
"3","Elephas_maximus","Elephas_maximus.1"
"4","Rynochetus_jubatus","Rynochetus_jubatus.1"
"5","Raphus","Raphus.1"
"6","Mustela_nivalis","Mustela_nivalis.1"
"7","Syncerus_caffer","Syncerus_caffer.1"
"8","Bison_bonasus","Bison_bonasus.1"
"9","Rynochetus_jubatus","Rynochetus_jubatus.2"
"10","Syncerus_caffer","Syncerus_caffer.2"
"11","Rhynchocyon_petersi","Rhynchocyon_petersi.1"
"12","Sphenodon_punctatus","Sphenodon_punctatus.1"
"13","Procavia_capensis","Procavia_capensis.1"
"14","Rhynchocyon_petersi","Rhynchocyon_petersi.2"
"15","Ceratotherium_simum","Ceratotherium_simum.1"
"16","Paguma_larvata","Paguma_larvata.1"
"17","Microgale_thomasi","Microgale_thomasi.1"
"18","Rangifer_tarandus","Rangifer_tarandus.1"
"19","Bison_bonasus","Bison_bonasus.2"
"20","Euroscaptor_micrura","Euroscaptor_micrura.1"
"21","Brachyodus_onoideum","Brachyodus_onoideum.1"
"22","Microgale_thomasi","Microgale_thomasi.2"
"23","Rattus_rattus","Rattus_rattus.1"
"24","Otaria_byronia","Otaria_byronia.1"
"25","Micropotamogale_euwenzorii","Micropotamogale_euwenzorii.1"
"26","Chapsosaurus_","Chapsosaurus_.1"
"27","Simosaurus","Simosaurus.1"
"28","Callophoca_obscura","Callophoca_obscura.1"
"29","Nothosaurus_102","Nothosaurus_102.1"
"30","Basilosaurus","Basilosaurus.1"
"31","Nothosaurus_giganteus","Nothosaurus_giganteus.1"
"32","Nothosaurus_giganteus","Nothosaurus_giganteus.2"
"33","large_eocene_stem_penguin","large_eocene_stem_penguin.1"
"34","Aptenodytes______","Aptenodytes______.1"
"35","Remingtonocetus","Remingtonocetus.1"
"36","Remingtonocetus","Remingtonocetus.2"
"37","Phalacrocorax_harrisi","Phalacrocorax_harrisi.1"
"38","Nothosaurus_102","Nothosaurus_102.2"
"39","Aptenodytes______","Aptenodytes______.2"
"40","Ichtyosaurus_","Ichtyosaurus_.1"
"41","Micropotamogale_euwenzorii","Micropotamogale_euwenzorii.2"
"42","Spheniscus","Spheniscus.1"
"43","Castor_fiber","Castor_fiber.1"
"44","Spheniscus","Spheniscus.2"
"45","Spinosaurus_","Spinosaurus_.1"
"46","Spinosaurus_","Spinosaurus_.2"
"47","Spinosaurus_","Spinosaurus_.3"
"48","Spinosaurus_","Spinosaurus_.4"
"49","Spinosaurus_","Spinosaurus_.5"
"50","Spinosaurus_","Spinosaurus_.6"
"51","Spinosaurus_","Spinosaurus_.7"
"52","Spinosaurus_","Spinosaurus_.8"
"53","Spinosaurus_","Spinosaurus_.9"
"54","Spinosaurus_","Spinosaurus_.10"
"55","Spinosaurus_","Spinosaurus_.11"
"56","Suchomimus","Suchomimus.1"
"57","Suchomimus","Suchomimus.2"
"58","Suchomimus","Suchomimus.3"
"59","Baryonyx","Baryonyx.1"
"60","Baryonyx","Baryonyx.2"
"61","Baryonyx","Baryonyx.3"
 
* Phylo tree and the main data and strata files have been modified to include duplicated taxa before the scaled random trees are generated.
* Selected categorical labels column: diving.or.not
* diving.or.equal column is identical to Diving column.
* Regression excludes flying taxa.
* Diving labels that are present in regression: 0,2
* lambda (calculated from a random tree) = : 0.11
* index-name alignment check: OK
