Logfile for a session of program: bootstrap_binary.r
-----------------------------------------------------
INPUT:
workDir: C:/dino_nature/output/2023-11-07-D1\bs/set_1876
Nbootstrapsets: 2000
phyloFDAfile: c:/dino_nature/code/phylo.fda.R
auxFile: c:/dino_nature/code/auxiliary.r
boneType: femur
regressionData.file: C:/dino_nature/output/2023-11-07-D1\bs/set_1876/femur_set_1876.csv
applyDataFilter: FALSE
addTreeTips: TRUE
Ntrees: 100
calculateTrees: TRUE
saveTrees: FALSE


OPERATIONAL CHECKS:
* Regression data contains multiple copies of some taxa (user added variants of existing test taxa 
   or replacements due to bootstrap are present) which are not in the phylo tree:
     original taxon,   duplicate   
"1","Hemiechinus_azurites","Hemiechinus_azurites.1"
"2","Mammuthus_sp","Mammuthus_sp.1"
"3","Ceratotherium_simum","Ceratotherium_simum.1"
"4","Dama_dama","Dama_dama.1"
"5","Caloenas_nicobarica","Caloenas_nicobarica.1"
"6","Syncerus_caffer","Syncerus_caffer.1"
"7","Dasyurus_maculatus","Dasyurus_maculatus.1"
"8","Ceratotherium_simum","Ceratotherium_simum.2"
"9","Megaloceros_sp","Megaloceros_sp.1"
"10","Megaloceros_sp","Megaloceros_sp.2"
"11","Procavia_capensis","Procavia_capensis.1"
"12","Microgale_thomasi","Microgale_thomasi.1"
"13","Giraffa_camelopardalis","Giraffa_camelopardalis.1"
"14","Tribonyx_mortieri","Tribonyx_mortieri.1"
"15","Cephalophus_silvicultor","Cephalophus_silvicultor.1"
"16","Uncia_uncia","Uncia_uncia.1"
"17","Atlantisia_rogersi","Atlantisia_rogersi.1"
"18","Caloenas_nicobarica","Caloenas_nicobarica.2"
"19","Mammuthus_sp","Mammuthus_sp.2"
"20","Sphenodon_punctatus","Sphenodon_punctatus.1"
"21","Rhinoceros_sondaicus","Rhinoceros_sondaicus.1"
"22","Simosaurus_1","Simosaurus_1.1"
"23","Basilosaurus","Basilosaurus.1"
"24","Nothosaurus_102","Nothosaurus_102.1"
"25","Nothosaurus_mirabilis","Nothosaurus_mirabilis.1"
"26","Desmostylus_hesperus","Desmostylus_hesperus.1"
"27","Neusticosaurus","Neusticosaurus.1"
"28","Desmostylus_hesperus","Desmostylus_hesperus.2"
"29","Nothosaurus_102","Nothosaurus_102.2"
"30","Plesiosaurus","Plesiosaurus.1"
"31","Aptenodytes______","Aptenodytes______.1"
"32","Psephoderma","Psephoderma.1"
"33","Basilosaurus","Basilosaurus.2"
"34","Ichtyosaur_sp","Ichtyosaur_sp.1"
"35","Champsosaurus","Champsosaurus.1"
"36","Plesiosaurus","Plesiosaurus.2"
"37","Ornithorhynchus_anatinus","Ornithorhynchus_anatinus.1"
"38","Tapirus_terrestris","Tapirus_terrestris.1"
"39","Cryptoclidus","Cryptoclidus.1"
"40","Desmostylus_hesperus","Desmostylus_hesperus.3"
"41","Nothosaurus_102","Nothosaurus_102.3"
"42","Ichtyosaur_sp","Ichtyosaur_sp.2"
"43","Nothosaurus_mirabilis","Nothosaurus_mirabilis.2"
"44","Spinosaurus_","Spinosaurus_.1"
"45","Spinosaurus_","Spinosaurus_.2"
"46","Spinosaurus_","Spinosaurus_.3"
"47","Spinosaurus_","Spinosaurus_.4"
"48","Spinosaurus_","Spinosaurus_.5"
"49","Spinosaurus_","Spinosaurus_.6"
"50","Spinosaurus_","Spinosaurus_.7"
"51","Spinosaurus_","Spinosaurus_.8"
"52","Spinosaurus_","Spinosaurus_.9"
"53","Spinosaurus_","Spinosaurus_.10"
"54","Spinosaurus_","Spinosaurus_.11"
"55","Suchomimus","Suchomimus.1"
"56","Suchomimus","Suchomimus.2"
"57","Suchomimus","Suchomimus.3"
"58","Baryonyx","Baryonyx.1"
"59","Baryonyx","Baryonyx.2"
"60","Baryonyx","Baryonyx.3"
 
* Phylo tree and the main data and strata files have been modified to include duplicated taxa before the scaled random trees are generated.
* Selected categorical labels column: diving.or.not
* diving.or.equal column is identical to Diving column.
* Regression excludes flying taxa.
* Diving labels that are present in regression: 0,2
* lambda (calculated from a random tree) = : 0.11
* index-name alignment check: OK
