Logfile for a session of program: bootstrap_binary.r
-----------------------------------------------------
INPUT:
workDir: C:/dino_nature/output/2023-11-07-D1\bs/set_1306
Nbootstrapsets: 2000
phyloFDAfile: c:/dino_nature/code/phylo.fda.R
auxFile: c:/dino_nature/code/auxiliary.r
boneType: femur
regressionData.file: C:/dino_nature/output/2023-11-07-D1\bs/set_1306/femur_set_1306.csv
applyDataFilter: FALSE
addTreeTips: TRUE
Ntrees: 100
calculateTrees: TRUE
saveTrees: FALSE


OPERATIONAL CHECKS:
* Regression data contains multiple copies of some taxa (user added variants of existing test taxa 
   or replacements due to bootstrap are present) which are not in the phylo tree:
     original taxon,   duplicate   
"1","Megaloceros_sp","Megaloceros_sp.1"
"2","Pogona_viceps","Pogona_viceps.1"
"3","Pogona_viceps","Pogona_viceps.2"
"4","Vulpes_vulpes","Vulpes_vulpes.1"
"5","Dama_dama","Dama_dama.1"
"6","Capreolus_capreolus","Capreolus_capreolus.1"
"7","Mus_musculus","Mus_musculus.1"
"8","Rangifer_tarandus","Rangifer_tarandus.1"
"9","Capreolus_capreolus","Capreolus_capreolus.2"
"10","Bos_taurus","Bos_taurus.1"
"11","Tenrec_ecaudatus","Tenrec_ecaudatus.1"
"12","Meles_meles","Meles_meles.1"
"13","Paguma_larvata","Paguma_larvata.1"
"14","Bos_taurus","Bos_taurus.2"
"15","Mus_musculus","Mus_musculus.2"
"16","Rangifer_tarandus","Rangifer_tarandus.2"
"17","Atlantisia_rogersi","Atlantisia_rogersi.1"
"18","Capreolus_capreolus","Capreolus_capreolus.3"
"19","Microgale_thomasi","Microgale_thomasi.1"
"20","Xenicus_giliventris","Xenicus_giliventris.1"
"21","Mus_musculus","Mus_musculus.3"
"22","Lacerta_viridis","Lacerta_viridis.1"
"23","Rupicapra_rupicapra","Rupicapra_rupicapra.1"
"24","Pistosaurus","Pistosaurus.1"
"25","Alligator","Alligator.1"
"26","Nothosaurus_giganteus","Nothosaurus_giganteus.1"
"27","Neusticosaurus","Neusticosaurus.1"
"28","Ichtyosaurus_","Ichtyosaurus_.1"
"29","Ornithorhynchus_anatinus","Ornithorhynchus_anatinus.1"
"30","Aptenodytes______","Aptenodytes______.1"
"31","Ichtyosaurus_","Ichtyosaurus_.2"
"32","Basilosaurus","Basilosaurus.1"
"33","Nothosaurus_150","Nothosaurus_150.1"
"34","Noemys_fodies","Noemys_fodies.1"
"35","Noemys_fodies","Noemys_fodies.2"
"36","Ornithorhynchus_anatinus","Ornithorhynchus_anatinus.2"
"37","Desmana_moschata","Desmana_moschata.1"
"38","Champsosaurus","Champsosaurus.1"
"39","Neusticosaurus","Neusticosaurus.2"
"40","Indohyus","Indohyus.1"
"41","Cryptoclidus","Cryptoclidus.1"
"42","Nothosaurus_150","Nothosaurus_150.2"
"43","large_eocene_stem_penguin","large_eocene_stem_penguin.1"
"44","Spinosaurus_","Spinosaurus_.1"
"45","Spinosaurus_","Spinosaurus_.2"
"46","Spinosaurus_","Spinosaurus_.3"
"47","Spinosaurus_","Spinosaurus_.4"
"48","Spinosaurus_","Spinosaurus_.5"
"49","Spinosaurus_","Spinosaurus_.6"
"50","Spinosaurus_","Spinosaurus_.7"
"51","Spinosaurus_","Spinosaurus_.8"
"52","Spinosaurus_","Spinosaurus_.9"
"53","Spinosaurus_","Spinosaurus_.10"
"54","Spinosaurus_","Spinosaurus_.11"
"55","Suchomimus","Suchomimus.1"
"56","Suchomimus","Suchomimus.2"
"57","Suchomimus","Suchomimus.3"
"58","Baryonyx","Baryonyx.1"
"59","Baryonyx","Baryonyx.2"
"60","Baryonyx","Baryonyx.3"
 
* Phylo tree and the main data and strata files have been modified to include duplicated taxa before the scaled random trees are generated.
* Selected categorical labels column: diving.or.not
* diving.or.equal column is identical to Diving column.
* Regression excludes flying taxa.
* Diving labels that are present in regression: 0,2
* lambda (calculated from a random tree) = : 0.07
* index-name alignment check: OK
