Logfile for a session of program: bootstrap_binary.r
-----------------------------------------------------
INPUT:
workDir: C:/dino_nature/output/2023-11-07-D1\bs/set_533
Nbootstrapsets: 2000
phyloFDAfile: c:/dino_nature/code/phylo.fda.R
auxFile: c:/dino_nature/code/auxiliary.r
boneType: femur
regressionData.file: C:/dino_nature/output/2023-11-07-D1\bs/set_533/femur_set_533.csv
applyDataFilter: FALSE
addTreeTips: TRUE
Ntrees: 100
calculateTrees: TRUE
saveTrees: FALSE


OPERATIONAL CHECKS:
* Regression data contains multiple copies of some taxa (user added variants of existing test taxa 
   or replacements due to bootstrap are present) which are not in the phylo tree:
     original taxon,   duplicate   
"1","Meles_meles","Meles_meles.1"
"2","Meles_meles","Meles_meles.2"
"3","Lacerta_viridis","Lacerta_viridis.1"
"4","Tenrec_ecaudatus","Tenrec_ecaudatus.1"
"5","Rynochetus_jubatus","Rynochetus_jubatus.1"
"6","Rynochetus_jubatus","Rynochetus_jubatus.2"
"7","Bos_taurus","Bos_taurus.1"
"8","Mustela_nivalis","Mustela_nivalis.1"
"9","Procavia_capensis","Procavia_capensis.1"
"10","Porphyrio_hochstetteri","Porphyrio_hochstetteri.1"
"11","Caloenas_nicobarica","Caloenas_nicobarica.1"
"12","Caloenas_nicobarica","Caloenas_nicobarica.2"
"13","Cephalophus_silvicultor","Cephalophus_silvicultor.1"
"14","Rangifer_tarandus","Rangifer_tarandus.1"
"15","Euroscaptor_micrura","Euroscaptor_micrura.1"
"16","Atlantisia_rogersi","Atlantisia_rogersi.1"
"17","Tamandua_tetradactyla","Tamandua_tetradactyla.1"
"18","Tribonyx_mortieri","Tribonyx_mortieri.1"
"19","Indohyus","Indohyus.1"
"20","Neusticosaurus","Neusticosaurus.1"
"21","Desmana_moschata","Desmana_moschata.1"
"22","Rodhocetus","Rodhocetus.1"
"23","Placodontia_indet_1","Placodontia_indet_1.1"
"24","large_eocene_stem_penguin","large_eocene_stem_penguin.1"
"25","Micropotamogale_euwenzorii","Micropotamogale_euwenzorii.1"
"26","Palaeospheniscus","Palaeospheniscus.1"
"27","large_eocene_stem_penguin","large_eocene_stem_penguin.2"
"28","Indohyus","Indohyus.2"
"29","Nanophoca_vitulinoides","Nanophoca_vitulinoides.1"
"30","Rodhocetus","Rodhocetus.2"
"31","Placodontia_indet_1","Placodontia_indet_1.2"
"32","Cryptoclidus","Cryptoclidus.1"
"33","Nothosaurus_568","Nothosaurus_568.1"
"34","Nothosaurus_giganteus","Nothosaurus_giganteus.1"
"35","Placodontia_indet_1","Placodontia_indet_1.3"
"36","Small_Eocene_penguin","Small_Eocene_penguin.1"
"37","Desmana_moschata","Desmana_moschata.2"
"38","Hippopotamus_amphibius","Hippopotamus_amphibius.1"
"39","Desmana_moschata","Desmana_moschata.3"
"40","Aptenodytes______","Aptenodytes______.1"
"41","Micropotamogale_euwenzorii","Micropotamogale_euwenzorii.2"
"42","Spinosaurus_","Spinosaurus_.1"
"43","Spinosaurus_","Spinosaurus_.2"
"44","Spinosaurus_","Spinosaurus_.3"
"45","Spinosaurus_","Spinosaurus_.4"
"46","Spinosaurus_","Spinosaurus_.5"
"47","Spinosaurus_","Spinosaurus_.6"
"48","Spinosaurus_","Spinosaurus_.7"
"49","Spinosaurus_","Spinosaurus_.8"
"50","Spinosaurus_","Spinosaurus_.9"
"51","Spinosaurus_","Spinosaurus_.10"
"52","Spinosaurus_","Spinosaurus_.11"
"53","Suchomimus","Suchomimus.1"
"54","Suchomimus","Suchomimus.2"
"55","Suchomimus","Suchomimus.3"
"56","Baryonyx","Baryonyx.1"
"57","Baryonyx","Baryonyx.2"
"58","Baryonyx","Baryonyx.3"
 
* Phylo tree and the main data and strata files have been modified to include duplicated taxa before the scaled random trees are generated.
* Selected categorical labels column: diving.or.not
* diving.or.equal column is identical to Diving column.
* Regression excludes flying taxa.
* Diving labels that are present in regression: 0,2
* lambda (calculated from a random tree) = : 0.09
* index-name alignment check: OK
