Logfile for a session of program: bootstrap_binary.r
-----------------------------------------------------
INPUT:
workDir: C:/dino_nature/output/2023-11-07-D1\bs/set_1156
Nbootstrapsets: 2000
phyloFDAfile: c:/dino_nature/code/phylo.fda.R
auxFile: c:/dino_nature/code/auxiliary.r
boneType: femur
regressionData.file: C:/dino_nature/output/2023-11-07-D1\bs/set_1156/femur_set_1156.csv
applyDataFilter: FALSE
addTreeTips: TRUE
Ntrees: 100
calculateTrees: TRUE
saveTrees: FALSE


OPERATIONAL CHECKS:
* Regression data contains multiple copies of some taxa (user added variants of existing test taxa 
   or replacements due to bootstrap are present) which are not in the phylo tree:
     original taxon,   duplicate   
"1","Lama_guanicoe","Lama_guanicoe.1"
"2","Rattus_rattus","Rattus_rattus.1"
"3","Rhinoceros_sondaicus","Rhinoceros_sondaicus.1"
"4","Bos_taurus","Bos_taurus.1"
"5","Giraffa_camelopardalis","Giraffa_camelopardalis.1"
"6","Raphus","Raphus.1"
"7","Dasyurus_maculatus","Dasyurus_maculatus.1"
"8","Megaloceros_sp","Megaloceros_sp.1"
"9","Mus_musculus","Mus_musculus.1"
"10","Procavia_capensis","Procavia_capensis.1"
"11","Tribonyx_mortieri","Tribonyx_mortieri.1"
"12","Apteryx_australis","Apteryx_australis.1"
"13","Okapia_johnstoni","Okapia_johnstoni.1"
"14","Meles_meles","Meles_meles.1"
"15","Vulpes_vulpes","Vulpes_vulpes.1"
"16","Okapia_johnstoni","Okapia_johnstoni.2"
"17","Tenrec_ecaudatus","Tenrec_ecaudatus.1"
"18","Taxidea_taxus","Taxidea_taxus.1"
"19","Diplomesodon_pulchellum","Diplomesodon_pulchellum.1"
"20","Giraffa_camelopardalis","Giraffa_camelopardalis.2"
"21","Apteryx_owenii_","Apteryx_owenii_.1"
"22","Nyctereutes_procyonoides","Nyctereutes_procyonoides.1"
"23","Nothosaurus_giganteus","Nothosaurus_giganteus.1"
"24","Desmana_moschata","Desmana_moschata.1"
"25","Placondontia_indet","Placondontia_indet.1"
"26","Ichtyosaurus_","Ichtyosaurus_.1"
"27","Ichtyosaurus_","Ichtyosaurus_.2"
"28","Remingtonocetus","Remingtonocetus.1"
"29","Maiacetus","Maiacetus.1"
"30","Nothosaurus_102","Nothosaurus_102.1"
"31","Lutra_vulgaris","Lutra_vulgaris.1"
"32","Psephoderma","Psephoderma.1"
"33","Protochampsidae","Protochampsidae.1"
"34","Nothosaurus_102","Nothosaurus_102.2"
"35","Maiacetus","Maiacetus.2"
"36","Ichtyosaurus_","Ichtyosaurus_.3"
"37","Castor_fiber","Castor_fiber.1"
"38","Choeropsis_liberiensis","Choeropsis_liberiensis.1"
"39","Castor_fiber","Castor_fiber.2"
"40","Paraplacodus","Paraplacodus.1"
"41","Ichtyosaurus_","Ichtyosaurus_.4"
"42","Champsosaurus","Champsosaurus.1"
"43","Psephoderma","Psephoderma.2"
"44","Castor_fiber","Castor_fiber.3"
"45","Rhaeticosaurus","Rhaeticosaurus.1"
"46","Ichtyosaurus_","Ichtyosaurus_.5"
"47","Hydromys_chrysogaster","Hydromys_chrysogaster.1"
"48","Desmostylus_hesperus","Desmostylus_hesperus.1"
"49","Spinosaurus_","Spinosaurus_.1"
"50","Spinosaurus_","Spinosaurus_.2"
"51","Spinosaurus_","Spinosaurus_.3"
"52","Spinosaurus_","Spinosaurus_.4"
"53","Spinosaurus_","Spinosaurus_.5"
"54","Spinosaurus_","Spinosaurus_.6"
"55","Spinosaurus_","Spinosaurus_.7"
"56","Spinosaurus_","Spinosaurus_.8"
"57","Spinosaurus_","Spinosaurus_.9"
"58","Spinosaurus_","Spinosaurus_.10"
"59","Spinosaurus_","Spinosaurus_.11"
"60","Suchomimus","Suchomimus.1"
"61","Suchomimus","Suchomimus.2"
"62","Suchomimus","Suchomimus.3"
"63","Baryonyx","Baryonyx.1"
"64","Baryonyx","Baryonyx.2"
"65","Baryonyx","Baryonyx.3"
 
* Phylo tree and the main data and strata files have been modified to include duplicated taxa before the scaled random trees are generated.
* Selected categorical labels column: diving.or.not
* diving.or.equal column is identical to Diving column.
* Regression excludes flying taxa.
* Diving labels that are present in regression: 0,2
* lambda (calculated from a random tree) = : 0.12
* index-name alignment check: OK
