Logfile for a session of program: bootstrap_binary.r
-----------------------------------------------------
INPUT:
workDir: C:/dino_nature/output/2023-11-07-D1\bs/set_788
Nbootstrapsets: 2000
phyloFDAfile: c:/dino_nature/code/phylo.fda.R
auxFile: c:/dino_nature/code/auxiliary.r
boneType: femur
regressionData.file: C:/dino_nature/output/2023-11-07-D1\bs/set_788/femur_set_788.csv
applyDataFilter: FALSE
addTreeTips: TRUE
Ntrees: 100
calculateTrees: TRUE
saveTrees: FALSE


OPERATIONAL CHECKS:
* Regression data contains multiple copies of some taxa (user added variants of existing test taxa 
   or replacements due to bootstrap are present) which are not in the phylo tree:
     original taxon,   duplicate   
"1","Bison_bonasus","Bison_bonasus.1"
"2","Okapia_johnstoni","Okapia_johnstoni.1"
"3","Bison_bonasus","Bison_bonasus.2"
"4","Okapia_johnstoni","Okapia_johnstoni.2"
"5","Rynochetus_jubatus","Rynochetus_jubatus.1"
"6","Bison_bonasus","Bison_bonasus.3"
"7","Bison_bonasus","Bison_bonasus.4"
"8","Rhinoceros_sondaicus","Rhinoceros_sondaicus.1"
"9","Rhinoceros_sondaicus","Rhinoceros_sondaicus.2"
"10","Taxidea_taxus","Taxidea_taxus.1"
"11","Bison_bonasus","Bison_bonasus.5"
"12","Mustela_nivalis","Mustela_nivalis.1"
"13","Capreolus_capreolus","Capreolus_capreolus.1"
"14","Felis_felis","Felis_felis.1"
"15","Taxidea_taxus","Taxidea_taxus.2"
"16","Apteryx_australis","Apteryx_australis.1"
"17","Capreolus_capreolus","Capreolus_capreolus.2"
"18","Felis_felis","Felis_felis.2"
"19","Sphenodon_punctatus","Sphenodon_punctatus.1"
"20","Bison_bonasus","Bison_bonasus.6"
"21","Rynochetus_jubatus","Rynochetus_jubatus.2"
"22","Loxodonta_africana","Loxodonta_africana.1"
"23","Simosaurus","Simosaurus.1"
"24","Ichtyosaur_sp","Ichtyosaur_sp.1"
"25","Maiacetus","Maiacetus.1"
"26","Ichtyosaur_sp","Ichtyosaur_sp.2"
"27","Rhaeticosaurus","Rhaeticosaurus.1"
"28","Hippopotamus_amphibius","Hippopotamus_amphibius.1"
"29","Nothosaurus_568","Nothosaurus_568.1"
"30","Rhaeticosaurus","Rhaeticosaurus.2"
"31","Micropotamogale_euwenzorii","Micropotamogale_euwenzorii.1"
"32","Nothosaurus_150","Nothosaurus_150.1"
"33","Rhaeticosaurus","Rhaeticosaurus.3"
"34","Ichtyosaurus_","Ichtyosaurus_.1"
"35","Dyrosaurid","Dyrosaurid.1"
"36","Neusticosaurus","Neusticosaurus.1"
"37","Hippopotamus_amphibius","Hippopotamus_amphibius.2"
"38","Phocanella_pumila","Phocanella_pumila.1"
"39","Simosaurus","Simosaurus.2"
"40","Rhaeticosaurus","Rhaeticosaurus.4"
"41","Chapsosaurus_","Chapsosaurus_.1"
"42","Nothosaurus_mirabilis","Nothosaurus_mirabilis.1"
"43","Spinosaurus_","Spinosaurus_.1"
"44","Spinosaurus_","Spinosaurus_.2"
"45","Spinosaurus_","Spinosaurus_.3"
"46","Spinosaurus_","Spinosaurus_.4"
"47","Spinosaurus_","Spinosaurus_.5"
"48","Spinosaurus_","Spinosaurus_.6"
"49","Spinosaurus_","Spinosaurus_.7"
"50","Spinosaurus_","Spinosaurus_.8"
"51","Spinosaurus_","Spinosaurus_.9"
"52","Spinosaurus_","Spinosaurus_.10"
"53","Spinosaurus_","Spinosaurus_.11"
"54","Suchomimus","Suchomimus.1"
"55","Suchomimus","Suchomimus.2"
"56","Suchomimus","Suchomimus.3"
"57","Baryonyx","Baryonyx.1"
"58","Baryonyx","Baryonyx.2"
"59","Baryonyx","Baryonyx.3"
 
* Phylo tree and the main data and strata files have been modified to include duplicated taxa before the scaled random trees are generated.
* Selected categorical labels column: diving.or.not
* diving.or.equal column is identical to Diving column.
* Regression excludes flying taxa.
* Diving labels that are present in regression: 0,2
* lambda (calculated from a random tree) = : 0.1
* index-name alignment check: OK
