Logfile for a session of program: bootstrap_binary.r
-----------------------------------------------------
INPUT:
workDir: C:/dino_nature/output/2023-11-07-D1\bs/set_448
Nbootstrapsets: 2000
phyloFDAfile: c:/dino_nature/code/phylo.fda.R
auxFile: c:/dino_nature/code/auxiliary.r
boneType: femur
regressionData.file: C:/dino_nature/output/2023-11-07-D1\bs/set_448/femur_set_448.csv
applyDataFilter: FALSE
addTreeTips: TRUE
Ntrees: 100
calculateTrees: TRUE
saveTrees: FALSE


OPERATIONAL CHECKS:
* Regression data contains multiple copies of some taxa (user added variants of existing test taxa 
   or replacements due to bootstrap are present) which are not in the phylo tree:
     original taxon,   duplicate   
"1","Giraffa_camelopardalis","Giraffa_camelopardalis.1"
"2","Porphyrio_hochstetteri","Porphyrio_hochstetteri.1"
"3","Porphyrio_hochstetteri","Porphyrio_hochstetteri.2"
"4","Giraffa_camelopardalis","Giraffa_camelopardalis.2"
"5","Giraffa_camelopardalis","Giraffa_camelopardalis.3"
"6","Mus_musculus","Mus_musculus.1"
"7","Diplomesodon_pulchellum","Diplomesodon_pulchellum.1"
"8","Apteryx_owenii_","Apteryx_owenii_.1"
"9","Sus_scrofa","Sus_scrofa.1"
"10","Rangifer_tarandus","Rangifer_tarandus.1"
"11","Rynochetus_jubatus","Rynochetus_jubatus.1"
"12","Nyctereutes_procyonoides","Nyctereutes_procyonoides.1"
"13","Vulpes_vulpes","Vulpes_vulpes.1"
"14","Dromaius_","Dromaius_.1"
"15","Okapia_johnstoni","Okapia_johnstoni.1"
"16","Microgale_thomasi","Microgale_thomasi.1"
"17","Lama_guanicoe","Lama_guanicoe.1"
"18","Lama_guanicoe","Lama_guanicoe.2"
"19","Dama_dama","Dama_dama.1"
"20","Xenicus_giliventris","Xenicus_giliventris.1"
"21","Brachyodus_onoideum","Brachyodus_onoideum.1"
"22","Cryptoclidus","Cryptoclidus.1"
"23","Indohyus","Indohyus.1"
"24","Leptophoca_proxima","Leptophoca_proxima.1"
"25","Protochampsidae","Protochampsidae.1"
"26","Nothosaurus_mirabilis","Nothosaurus_mirabilis.1"
"27","Lutra_vulgaris","Lutra_vulgaris.1"
"28","Nothosaurus_568","Nothosaurus_568.1"
"29","Serpianosaurus","Serpianosaurus.1"
"30","Indohyus","Indohyus.2"
"31","Palaeospheniscus","Palaeospheniscus.1"
"32","Champsosaurus","Champsosaurus.1"
"33","Aptenodytes______","Aptenodytes______.1"
"34","Remingtonocetus","Remingtonocetus.1"
"35","Serpianosaurus","Serpianosaurus.2"
"36","Nothosaurus_568","Nothosaurus_568.2"
"37","Phocanella_pumila","Phocanella_pumila.1"
"38","Chironectes_minimus","Chironectes_minimus.1"
"39","Desmana_moschata","Desmana_moschata.1"
"40","Serpianosaurus","Serpianosaurus.3"
"41","Phocanella_pumila","Phocanella_pumila.2"
"42","Spinosaurus_","Spinosaurus_.1"
"43","Spinosaurus_","Spinosaurus_.2"
"44","Spinosaurus_","Spinosaurus_.3"
"45","Spinosaurus_","Spinosaurus_.4"
"46","Spinosaurus_","Spinosaurus_.5"
"47","Spinosaurus_","Spinosaurus_.6"
"48","Spinosaurus_","Spinosaurus_.7"
"49","Spinosaurus_","Spinosaurus_.8"
"50","Spinosaurus_","Spinosaurus_.9"
"51","Spinosaurus_","Spinosaurus_.10"
"52","Spinosaurus_","Spinosaurus_.11"
"53","Suchomimus","Suchomimus.1"
"54","Suchomimus","Suchomimus.2"
"55","Suchomimus","Suchomimus.3"
"56","Baryonyx","Baryonyx.1"
"57","Baryonyx","Baryonyx.2"
"58","Baryonyx","Baryonyx.3"
 
* Phylo tree and the main data and strata files have been modified to include duplicated taxa before the scaled random trees are generated.
* Selected categorical labels column: diving.or.not
* diving.or.equal column is identical to Diving column.
* Regression excludes flying taxa.
* Diving labels that are present in regression: 0,2
* lambda (calculated from a random tree) = : 0.05
* index-name alignment check: OK
