Logfile for a session of program: bootstrap_binary.r
-----------------------------------------------------
INPUT:
workDir: C:/dino_nature/output/2023-11-07-D1\bs/set_1874
Nbootstrapsets: 2000
phyloFDAfile: c:/dino_nature/code/phylo.fda.R
auxFile: c:/dino_nature/code/auxiliary.r
boneType: femur
regressionData.file: C:/dino_nature/output/2023-11-07-D1\bs/set_1874/femur_set_1874.csv
applyDataFilter: FALSE
addTreeTips: TRUE
Ntrees: 100
calculateTrees: TRUE
saveTrees: FALSE


OPERATIONAL CHECKS:
* Regression data contains multiple copies of some taxa (user added variants of existing test taxa 
   or replacements due to bootstrap are present) which are not in the phylo tree:
     original taxon,   duplicate   
"1","Paguma_larvata","Paguma_larvata.1"
"2","Microgale_thomasi","Microgale_thomasi.1"
"3","Strigiops_habroptilus","Strigiops_habroptilus.1"
"4","Euroscaptor_micrura","Euroscaptor_micrura.1"
"5","Rhinoceros_sondaicus","Rhinoceros_sondaicus.1"
"6","Rupicapra_rupicapra","Rupicapra_rupicapra.1"
"7","Lama_guanicoe","Lama_guanicoe.1"
"8","Alces_americanus","Alces_americanus.1"
"9","Bos_taurus","Bos_taurus.1"
"10","Alces_americanus","Alces_americanus.2"
"11","Loxodonta_africana","Loxodonta_africana.1"
"12","Pogona_viceps","Pogona_viceps.1"
"13","Bison_bonasus","Bison_bonasus.1"
"14","Bison_bonasus","Bison_bonasus.2"
"15","Apteryx_owenii_","Apteryx_owenii_.1"
"16","Felis_felis","Felis_felis.1"
"17","Rupicapra_rupicapra","Rupicapra_rupicapra.2"
"18","Monodelphis_domestica","Monodelphis_domestica.1"
"19","Uncia_uncia","Uncia_uncia.1"
"20","Metryorhynchus","Metryorhynchus.1"
"21","Castor_fiber","Castor_fiber.1"
"22","Pistosaurus","Pistosaurus.1"
"23","Lutra_vulgaris","Lutra_vulgaris.1"
"24","Ichtyosaurus_","Ichtyosaurus_.1"
"25","Indohyus","Indohyus.1"
"26","Nothosaurus_568","Nothosaurus_568.1"
"27","Small_Eocene_penguin","Small_Eocene_penguin.1"
"28","Rodhocetus","Rodhocetus.1"
"29","Nothosaurus_150","Nothosaurus_150.1"
"30","Spheniscus","Spheniscus.1"
"31","Leptophoca_proxima","Leptophoca_proxima.1"
"32","Lutra_vulgaris","Lutra_vulgaris.2"
"33","Spheniscus","Spheniscus.2"
"34","Serpianosaurus","Serpianosaurus.1"
"35","Castor_fiber","Castor_fiber.2"
"36","Nothosaurus_568","Nothosaurus_568.2"
"37","Callophoca_obscura","Callophoca_obscura.1"
"38","Spheniscus","Spheniscus.3"
"39","Cricosaurus","Cricosaurus.1"
"40","Callophoca_obscura","Callophoca_obscura.2"
"41","Choeropsis_liberiensis","Choeropsis_liberiensis.1"
"42","Spinosaurus_","Spinosaurus_.1"
"43","Spinosaurus_","Spinosaurus_.2"
"44","Spinosaurus_","Spinosaurus_.3"
"45","Spinosaurus_","Spinosaurus_.4"
"46","Spinosaurus_","Spinosaurus_.5"
"47","Spinosaurus_","Spinosaurus_.6"
"48","Spinosaurus_","Spinosaurus_.7"
"49","Spinosaurus_","Spinosaurus_.8"
"50","Spinosaurus_","Spinosaurus_.9"
"51","Spinosaurus_","Spinosaurus_.10"
"52","Spinosaurus_","Spinosaurus_.11"
"53","Suchomimus","Suchomimus.1"
"54","Suchomimus","Suchomimus.2"
"55","Suchomimus","Suchomimus.3"
"56","Baryonyx","Baryonyx.1"
"57","Baryonyx","Baryonyx.2"
"58","Baryonyx","Baryonyx.3"
 
* Phylo tree and the main data and strata files have been modified to include duplicated taxa before the scaled random trees are generated.
* Selected categorical labels column: diving.or.not
* diving.or.equal column is identical to Diving column.
* Regression excludes flying taxa.
* Diving labels that are present in regression: 0,2
* lambda (calculated from a random tree) = : 0.07
* index-name alignment check: OK
