Logfile for a session of program: bootstrap_binary.r
-----------------------------------------------------
INPUT:
workDir: C:/dino_nature/output/2023-11-07-D1\bs/set_906
Nbootstrapsets: 2000
phyloFDAfile: c:/dino_nature/code/phylo.fda.R
auxFile: c:/dino_nature/code/auxiliary.r
boneType: femur
regressionData.file: C:/dino_nature/output/2023-11-07-D1\bs/set_906/femur_set_906.csv
applyDataFilter: FALSE
addTreeTips: TRUE
Ntrees: 100
calculateTrees: TRUE
saveTrees: FALSE


OPERATIONAL CHECKS:
* Regression data contains multiple copies of some taxa (user added variants of existing test taxa 
   or replacements due to bootstrap are present) which are not in the phylo tree:
     original taxon,   duplicate   
"1","Rhinoceros_sondaicus","Rhinoceros_sondaicus.1"
"2","Caloenas_nicobarica","Caloenas_nicobarica.1"
"3","Mus_musculus","Mus_musculus.1"
"4","Monodelphis_domestica","Monodelphis_domestica.1"
"5","Lama_guanicoe","Lama_guanicoe.1"
"6","Dromaius_","Dromaius_.1"
"7","Apteryx_owenii_","Apteryx_owenii_.1"
"8","Bos_taurus","Bos_taurus.1"
"9","Mus_musculus","Mus_musculus.2"
"10","Nyctereutes_procyonoides","Nyctereutes_procyonoides.1"
"11","Megaloceros_sp","Megaloceros_sp.1"
"12","Lama_guanicoe","Lama_guanicoe.2"
"13","Rattus_rattus","Rattus_rattus.1"
"14","Apteryx_owenii_","Apteryx_owenii_.2"
"15","Pogona_viceps","Pogona_viceps.1"
"16","Rhinoceros_sondaicus","Rhinoceros_sondaicus.2"
"17","Bos_taurus","Bos_taurus.2"
"18","Porphyrio_hochstetteri","Porphyrio_hochstetteri.1"
"19","Rattus_rattus","Rattus_rattus.2"
"20","Bos_taurus","Bos_taurus.3"
"21","Rupicapra_rupicapra","Rupicapra_rupicapra.1"
"22","Rangifer_tarandus","Rangifer_tarandus.1"
"23","Spheniscus","Spheniscus.1"
"24","Small_Eocene_penguin","Small_Eocene_penguin.1"
"25","Phalacrocorax_harrisi","Phalacrocorax_harrisi.1"
"26","Choeropsis_liberiensis","Choeropsis_liberiensis.1"
"27","Simosaurus","Simosaurus.1"
"28","Remingtonocetus","Remingtonocetus.1"
"29","Phalacrocorax_harrisi","Phalacrocorax_harrisi.2"
"30","Nothosaurus_giganteus","Nothosaurus_giganteus.1"
"31","Phalacrocorax_harrisi","Phalacrocorax_harrisi.3"
"32","Nothosaurus_mirabilis_1","Nothosaurus_mirabilis_1.1"
"33","Desmana_moschata","Desmana_moschata.1"
"34","Small_Eocene_penguin","Small_Eocene_penguin.2"
"35","Aptenodytes______","Aptenodytes______.1"
"36","Desmana_moschata","Desmana_moschata.2"
"37","Basilosaurus","Basilosaurus.1"
"38","Paraplacodus","Paraplacodus.1"
"39","Small_Eocene_penguin","Small_Eocene_penguin.3"
"40","Nothosaurus_568","Nothosaurus_568.1"
"41","Otaria_byronia","Otaria_byronia.1"
"42","Spinosaurus_","Spinosaurus_.1"
"43","Spinosaurus_","Spinosaurus_.2"
"44","Spinosaurus_","Spinosaurus_.3"
"45","Spinosaurus_","Spinosaurus_.4"
"46","Spinosaurus_","Spinosaurus_.5"
"47","Spinosaurus_","Spinosaurus_.6"
"48","Spinosaurus_","Spinosaurus_.7"
"49","Spinosaurus_","Spinosaurus_.8"
"50","Spinosaurus_","Spinosaurus_.9"
"51","Spinosaurus_","Spinosaurus_.10"
"52","Spinosaurus_","Spinosaurus_.11"
"53","Suchomimus","Suchomimus.1"
"54","Suchomimus","Suchomimus.2"
"55","Suchomimus","Suchomimus.3"
"56","Baryonyx","Baryonyx.1"
"57","Baryonyx","Baryonyx.2"
"58","Baryonyx","Baryonyx.3"
 
* Phylo tree and the main data and strata files have been modified to include duplicated taxa before the scaled random trees are generated.
* Selected categorical labels column: diving.or.not
* diving.or.equal column is identical to Diving column.
* Regression excludes flying taxa.
* Diving labels that are present in regression: 0,2
* lambda (calculated from a random tree) = : 0.09
* index-name alignment check: OK
