Logfile for a session of program: bootstrap_binary.r
-----------------------------------------------------
INPUT:
workDir: C:/dino_nature/output/2023-11-07-D1\bs/set_1597
Nbootstrapsets: 2000
phyloFDAfile: c:/dino_nature/code/phylo.fda.R
auxFile: c:/dino_nature/code/auxiliary.r
boneType: femur
regressionData.file: C:/dino_nature/output/2023-11-07-D1\bs/set_1597/femur_set_1597.csv
applyDataFilter: FALSE
addTreeTips: TRUE
Ntrees: 100
calculateTrees: TRUE
saveTrees: FALSE


OPERATIONAL CHECKS:
* Regression data contains multiple copies of some taxa (user added variants of existing test taxa 
   or replacements due to bootstrap are present) which are not in the phylo tree:
     original taxon,   duplicate   
"1","Meles_meles","Meles_meles.1"
"2","Porphyrio_hochstetteri","Porphyrio_hochstetteri.1"
"3","Rangifer_tarandus","Rangifer_tarandus.1"
"4","Bos_taurus","Bos_taurus.1"
"5","Procyon_lotor","Procyon_lotor.1"
"6","Meles_meles","Meles_meles.2"
"7","Procavia_capensis","Procavia_capensis.1"
"8","Caloenas_nicobarica","Caloenas_nicobarica.1"
"9","Rhinoceros_sondaicus","Rhinoceros_sondaicus.1"
"10","Rhinoceros_sondaicus","Rhinoceros_sondaicus.2"
"11","Dasyurus_maculatus","Dasyurus_maculatus.1"
"12","Megaloceros_sp","Megaloceros_sp.1"
"13","Myrmecophaga_tridactyla","Myrmecophaga_tridactyla.1"
"14","Tribonyx_mortieri","Tribonyx_mortieri.1"
"15","Giraffa_camelopardalis","Giraffa_camelopardalis.1"
"16","Sus_scrofa","Sus_scrofa.1"
"17","Megaloceros_sp","Megaloceros_sp.2"
"18","Meles_meles","Meles_meles.3"
"19","Xenicus_giliventris","Xenicus_giliventris.1"
"20","Giraffa_camelopardalis","Giraffa_camelopardalis.2"
"21","Elephas_maximus","Elephas_maximus.1"
"22","Champsosaurus","Champsosaurus.1"
"23","Basilosaurus","Basilosaurus.1"
"24","Nothosaurus_mirabilis_1","Nothosaurus_mirabilis_1.1"
"25","Simosaurus_1","Simosaurus_1.1"
"26","Alligator","Alligator.1"
"27","Alligator","Alligator.2"
"28","Metryorhynchus","Metryorhynchus.1"
"29","Aptenodytes______","Aptenodytes______.1"
"30","Placodontia_indet_1","Placodontia_indet_1.1"
"31","Nothosaurus_150","Nothosaurus_150.1"
"32","Placondontia_indet","Placondontia_indet.1"
"33","Ichtyosaur_sp","Ichtyosaur_sp.1"
"34","Small_Eocene_penguin","Small_Eocene_penguin.1"
"35","Metryorhynchus","Metryorhynchus.2"
"36","Pistosaurus","Pistosaurus.1"
"37","Lutra_vulgaris","Lutra_vulgaris.1"
"38","Desmostylus_hesperus","Desmostylus_hesperus.1"
"39","Placodontia_indet_1","Placodontia_indet_1.2"
"40","Maiacetus","Maiacetus.1"
"41","Spinosaurus_","Spinosaurus_.1"
"42","Spinosaurus_","Spinosaurus_.2"
"43","Spinosaurus_","Spinosaurus_.3"
"44","Spinosaurus_","Spinosaurus_.4"
"45","Spinosaurus_","Spinosaurus_.5"
"46","Spinosaurus_","Spinosaurus_.6"
"47","Spinosaurus_","Spinosaurus_.7"
"48","Spinosaurus_","Spinosaurus_.8"
"49","Spinosaurus_","Spinosaurus_.9"
"50","Spinosaurus_","Spinosaurus_.10"
"51","Spinosaurus_","Spinosaurus_.11"
"52","Suchomimus","Suchomimus.1"
"53","Suchomimus","Suchomimus.2"
"54","Suchomimus","Suchomimus.3"
"55","Baryonyx","Baryonyx.1"
"56","Baryonyx","Baryonyx.2"
"57","Baryonyx","Baryonyx.3"
 
* Phylo tree and the main data and strata files have been modified to include duplicated taxa before the scaled random trees are generated.
* Selected categorical labels column: diving.or.not
* diving.or.equal column is identical to Diving column.
* Regression excludes flying taxa.
* Diving labels that are present in regression: 0,2
* lambda (calculated from a random tree) = : 0.13
* index-name alignment check: OK
