Logfile for a session of program: bootstrap_binary.r
-----------------------------------------------------
INPUT:
workDir: C:/dino_nature/output/2023-11-07-D1\bs/set_1484
Nbootstrapsets: 2000
phyloFDAfile: c:/dino_nature/code/phylo.fda.R
auxFile: c:/dino_nature/code/auxiliary.r
boneType: femur
regressionData.file: C:/dino_nature/output/2023-11-07-D1\bs/set_1484/femur_set_1484.csv
applyDataFilter: FALSE
addTreeTips: TRUE
Ntrees: 100
calculateTrees: TRUE
saveTrees: FALSE


OPERATIONAL CHECKS:
* Regression data contains multiple copies of some taxa (user added variants of existing test taxa 
   or replacements due to bootstrap are present) which are not in the phylo tree:
     original taxon,   duplicate   
"1","Nyctereutes_procyonoides","Nyctereutes_procyonoides.1"
"2","Alces_americanus","Alces_americanus.1"
"3","Cephalophus_silvicultor","Cephalophus_silvicultor.1"
"4","Mammuthus_sp","Mammuthus_sp.1"
"5","Dromaius_","Dromaius_.1"
"6","Myrmecophaga_tridactyla","Myrmecophaga_tridactyla.1"
"7","Dasyurus_maculatus","Dasyurus_maculatus.1"
"8","Megaloceros_sp","Megaloceros_sp.1"
"9","Caloenas_nicobarica","Caloenas_nicobarica.1"
"10","Dasyurus_maculatus","Dasyurus_maculatus.2"
"11","Paguma_larvata","Paguma_larvata.1"
"12","Atlantisia_rogersi","Atlantisia_rogersi.1"
"13","Ceratotherium_simum","Ceratotherium_simum.1"
"14","Alces_americanus","Alces_americanus.2"
"15","Mustela_nivalis","Mustela_nivalis.1"
"16","Elomeryx_borbonicus_","Elomeryx_borbonicus_.1"
"17","Xenicus_giliventris","Xenicus_giliventris.1"
"18","Elomeryx_borbonicus_","Elomeryx_borbonicus_.2"
"19","Callophoca_obscura","Callophoca_obscura.1"
"20","Desmostylus_hesperus","Desmostylus_hesperus.1"
"21","Paraplacodus","Paraplacodus.1"
"22","Paraplacodus","Paraplacodus.2"
"23","Pistosaurus","Pistosaurus.1"
"24","Paraplacodus","Paraplacodus.3"
"25","Choeropsis_liberiensis","Choeropsis_liberiensis.1"
"26","Hydromys_chrysogaster","Hydromys_chrysogaster.1"
"27","Leptophoca_proxima","Leptophoca_proxima.1"
"28","Hydromys_chrysogaster","Hydromys_chrysogaster.2"
"29","large_eocene_stem_penguin","large_eocene_stem_penguin.1"
"30","Chapsosaurus_","Chapsosaurus_.1"
"31","Maiacetus","Maiacetus.1"
"32","Nothosaurus_giganteus","Nothosaurus_giganteus.1"
"33","Dyrosaurid","Dyrosaurid.1"
"34","Cricosaurus","Cricosaurus.1"
"35","Nothosaurus_150","Nothosaurus_150.1"
"36","Ichtyosaur_sp","Ichtyosaur_sp.1"
"37","Ichtyosaur_sp","Ichtyosaur_sp.2"
"38","Spinosaurus_","Spinosaurus_.1"
"39","Spinosaurus_","Spinosaurus_.2"
"40","Spinosaurus_","Spinosaurus_.3"
"41","Spinosaurus_","Spinosaurus_.4"
"42","Spinosaurus_","Spinosaurus_.5"
"43","Spinosaurus_","Spinosaurus_.6"
"44","Spinosaurus_","Spinosaurus_.7"
"45","Spinosaurus_","Spinosaurus_.8"
"46","Spinosaurus_","Spinosaurus_.9"
"47","Spinosaurus_","Spinosaurus_.10"
"48","Spinosaurus_","Spinosaurus_.11"
"49","Suchomimus","Suchomimus.1"
"50","Suchomimus","Suchomimus.2"
"51","Suchomimus","Suchomimus.3"
"52","Baryonyx","Baryonyx.1"
"53","Baryonyx","Baryonyx.2"
"54","Baryonyx","Baryonyx.3"
 
* Phylo tree and the main data and strata files have been modified to include duplicated taxa before the scaled random trees are generated.
* Selected categorical labels column: diving.or.not
* diving.or.equal column is identical to Diving column.
* Regression excludes flying taxa.
* Diving labels that are present in regression: 0,2
* lambda (calculated from a random tree) = : 0.1
* index-name alignment check: OK
