Logfile for a session of program: bootstrap_binary.r
-----------------------------------------------------
INPUT:
workDir: C:/dino_nature/output/2023-11-07-D1\bs/set_1316
Nbootstrapsets: 2000
phyloFDAfile: c:/dino_nature/code/phylo.fda.R
auxFile: c:/dino_nature/code/auxiliary.r
boneType: femur
regressionData.file: C:/dino_nature/output/2023-11-07-D1\bs/set_1316/femur_set_1316.csv
applyDataFilter: FALSE
addTreeTips: TRUE
Ntrees: 100
calculateTrees: TRUE
saveTrees: FALSE


OPERATIONAL CHECKS:
* Regression data contains multiple copies of some taxa (user added variants of existing test taxa 
   or replacements due to bootstrap are present) which are not in the phylo tree:
     original taxon,   duplicate   
"1","Bos_taurus","Bos_taurus.1"
"2","Bos_taurus","Bos_taurus.2"
"3","Dicerorhinus_sumatrensis","Dicerorhinus_sumatrensis.1"
"4","Hemiechinus_azurites","Hemiechinus_azurites.1"
"5","Brachyodus_onoideum","Brachyodus_onoideum.1"
"6","Hemiechinus_azurites","Hemiechinus_azurites.2"
"7","Rhynchocyon_petersi","Rhynchocyon_petersi.1"
"8","Porphyrio_hochstetteri","Porphyrio_hochstetteri.1"
"9","Bos_taurus","Bos_taurus.3"
"10","Loxodonta_africana","Loxodonta_africana.1"
"11","Bison_bonasus","Bison_bonasus.1"
"12","Procavia_capensis","Procavia_capensis.1"
"13","Dromaius_","Dromaius_.1"
"14","Tamandua_tetradactyla","Tamandua_tetradactyla.1"
"15","Hemiechinus_azurites","Hemiechinus_azurites.3"
"16","Uncia_uncia","Uncia_uncia.1"
"17","Strigiops_habroptilus","Strigiops_habroptilus.1"
"18","Capreolus_capreolus","Capreolus_capreolus.1"
"19","Ceratotherium_simum","Ceratotherium_simum.1"
"20","Dromaius_","Dromaius_.2"
"21","Mus_musculus","Mus_musculus.1"
"22","Brachyodus_onoideum","Brachyodus_onoideum.2"
"23","Cryptoclidus","Cryptoclidus.1"
"24","Callophoca_obscura","Callophoca_obscura.1"
"25","Placodontia_indet_1","Placodontia_indet_1.1"
"26","Placodontia_indet_1","Placodontia_indet_1.2"
"27","Small_Eocene_penguin","Small_Eocene_penguin.1"
"28","Maiacetus","Maiacetus.1"
"29","Simosaurus_1","Simosaurus_1.1"
"30","Chapsosaurus_","Chapsosaurus_.1"
"31","Spheniscus","Spheniscus.1"
"32","Small_Eocene_penguin","Small_Eocene_penguin.2"
"33","Anarosaurus","Anarosaurus.1"
"34","Leptophoca_proxima","Leptophoca_proxima.1"
"35","Anarosaurus","Anarosaurus.2"
"36","Maiacetus","Maiacetus.2"
"37","Nothosaurus_568","Nothosaurus_568.1"
"38","Nothosaurus_giganteus","Nothosaurus_giganteus.1"
"39","Neusticosaurus","Neusticosaurus.1"
"40","Otaria_byronia","Otaria_byronia.1"
"41","Palaeospheniscus","Palaeospheniscus.1"
"42","Chapsosaurus_","Chapsosaurus_.2"
"43","Nothosaurus_568","Nothosaurus_568.2"
"44","Spinosaurus_","Spinosaurus_.1"
"45","Spinosaurus_","Spinosaurus_.2"
"46","Spinosaurus_","Spinosaurus_.3"
"47","Spinosaurus_","Spinosaurus_.4"
"48","Spinosaurus_","Spinosaurus_.5"
"49","Spinosaurus_","Spinosaurus_.6"
"50","Spinosaurus_","Spinosaurus_.7"
"51","Spinosaurus_","Spinosaurus_.8"
"52","Spinosaurus_","Spinosaurus_.9"
"53","Spinosaurus_","Spinosaurus_.10"
"54","Spinosaurus_","Spinosaurus_.11"
"55","Suchomimus","Suchomimus.1"
"56","Suchomimus","Suchomimus.2"
"57","Suchomimus","Suchomimus.3"
"58","Baryonyx","Baryonyx.1"
"59","Baryonyx","Baryonyx.2"
"60","Baryonyx","Baryonyx.3"
 
* Phylo tree and the main data and strata files have been modified to include duplicated taxa before the scaled random trees are generated.
* Selected categorical labels column: diving.or.not
* diving.or.equal column is identical to Diving column.
* Regression excludes flying taxa.
* Diving labels that are present in regression: 0,2
* lambda (calculated from a random tree) = : 0.14
* index-name alignment check: OK
