Logfile for a session of program: bootstrap_binary.r
-----------------------------------------------------
INPUT:
workDir: C:/dino_nature/output/2023-11-07-D1\bs/set_1613
Nbootstrapsets: 2000
phyloFDAfile: c:/dino_nature/code/phylo.fda.R
auxFile: c:/dino_nature/code/auxiliary.r
boneType: femur
regressionData.file: C:/dino_nature/output/2023-11-07-D1\bs/set_1613/femur_set_1613.csv
applyDataFilter: FALSE
addTreeTips: TRUE
Ntrees: 100
calculateTrees: TRUE
saveTrees: FALSE


OPERATIONAL CHECKS:
* Regression data contains multiple copies of some taxa (user added variants of existing test taxa 
   or replacements due to bootstrap are present) which are not in the phylo tree:
     original taxon,   duplicate   
"1","Pogona_viceps","Pogona_viceps.1"
"2","Microgale_thomasi","Microgale_thomasi.1"
"3","Porphyrio_hochstetteri","Porphyrio_hochstetteri.1"
"4","Bos_taurus","Bos_taurus.1"
"5","Sus_scrofa","Sus_scrofa.1"
"6","Taxidea_taxus","Taxidea_taxus.1"
"7","Porphyrio_hochstetteri","Porphyrio_hochstetteri.2"
"8","Megaloceros_sp","Megaloceros_sp.1"
"9","Megaloceros_sp","Megaloceros_sp.2"
"10","Taxidea_taxus","Taxidea_taxus.2"
"11","Lama_guanicoe","Lama_guanicoe.1"
"12","Cephalophus_silvicultor","Cephalophus_silvicultor.1"
"13","Giraffa_camelopardalis","Giraffa_camelopardalis.1"
"14","Monodelphis_domestica","Monodelphis_domestica.1"
"15","Microgale_thomasi","Microgale_thomasi.2"
"16","Bos_taurus","Bos_taurus.2"
"17","Taxidea_taxus","Taxidea_taxus.3"
"18","Uncia_uncia","Uncia_uncia.1"
"19","Tenrec_ecaudatus","Tenrec_ecaudatus.1"
"20","Metryorhynchus","Metryorhynchus.1"
"21","Serpianosaurus","Serpianosaurus.1"
"22","Noemys_fodies","Noemys_fodies.1"
"23","Choeropsis_liberiensis","Choeropsis_liberiensis.1"
"24","Maiacetus","Maiacetus.1"
"25","Simosaurus_1","Simosaurus_1.1"
"26","Noemys_fodies","Noemys_fodies.2"
"27","Cricosaurus","Cricosaurus.1"
"28","Neusticosaurus","Neusticosaurus.1"
"29","Serpianosaurus","Serpianosaurus.2"
"30","Nothosaurus_mirabilis_1","Nothosaurus_mirabilis_1.1"
"31","Spheniscus","Spheniscus.1"
"32","Ornithorhynchus_anatinus","Ornithorhynchus_anatinus.1"
"33","Palaeospheniscus","Palaeospheniscus.1"
"34","Simosaurus","Simosaurus.1"
"35","Placodontia_indet_1","Placodontia_indet_1.1"
"36","Basilosaurus","Basilosaurus.1"
"37","Desmostylus_hesperus","Desmostylus_hesperus.1"
"38","Anarosaurus","Anarosaurus.1"
"39","Castor_fiber","Castor_fiber.1"
"40","Spinosaurus_","Spinosaurus_.1"
"41","Spinosaurus_","Spinosaurus_.2"
"42","Spinosaurus_","Spinosaurus_.3"
"43","Spinosaurus_","Spinosaurus_.4"
"44","Spinosaurus_","Spinosaurus_.5"
"45","Spinosaurus_","Spinosaurus_.6"
"46","Spinosaurus_","Spinosaurus_.7"
"47","Spinosaurus_","Spinosaurus_.8"
"48","Spinosaurus_","Spinosaurus_.9"
"49","Spinosaurus_","Spinosaurus_.10"
"50","Spinosaurus_","Spinosaurus_.11"
"51","Suchomimus","Suchomimus.1"
"52","Suchomimus","Suchomimus.2"
"53","Suchomimus","Suchomimus.3"
"54","Baryonyx","Baryonyx.1"
"55","Baryonyx","Baryonyx.2"
"56","Baryonyx","Baryonyx.3"
 
* Phylo tree and the main data and strata files have been modified to include duplicated taxa before the scaled random trees are generated.
* Selected categorical labels column: diving.or.not
* diving.or.equal column is identical to Diving column.
* Regression excludes flying taxa.
* Diving labels that are present in regression: 0,2
* lambda (calculated from a random tree) = : 0.09
* index-name alignment check: OK
