Logfile for a session of program: bootstrap_binary.r
-----------------------------------------------------
INPUT:
workDir: C:/dino_nature/output/2023-11-07-D1\bs/set_1847
Nbootstrapsets: 2000
phyloFDAfile: c:/dino_nature/code/phylo.fda.R
auxFile: c:/dino_nature/code/auxiliary.r
boneType: femur
regressionData.file: C:/dino_nature/output/2023-11-07-D1\bs/set_1847/femur_set_1847.csv
applyDataFilter: FALSE
addTreeTips: TRUE
Ntrees: 100
calculateTrees: TRUE
saveTrees: FALSE


OPERATIONAL CHECKS:
* Regression data contains multiple copies of some taxa (user added variants of existing test taxa 
   or replacements due to bootstrap are present) which are not in the phylo tree:
     original taxon,   duplicate   
"1","Rhynchocyon_petersi","Rhynchocyon_petersi.1"
"2","Monodelphis_domestica","Monodelphis_domestica.1"
"3","Sus_scrofa","Sus_scrofa.1"
"4","Rangifer_tarandus","Rangifer_tarandus.1"
"5","Nyctereutes_procyonoides","Nyctereutes_procyonoides.1"
"6","Hemiechinus_azurites","Hemiechinus_azurites.1"
"7","Apteryx_australis","Apteryx_australis.1"
"8","Diplomesodon_pulchellum","Diplomesodon_pulchellum.1"
"9","Cephalophus_silvicultor","Cephalophus_silvicultor.1"
"10","Apteryx_australis","Apteryx_australis.2"
"11","Nyctereutes_procyonoides","Nyctereutes_procyonoides.2"
"12","Cephalophus_silvicultor","Cephalophus_silvicultor.2"
"13","Tenrec_ecaudatus","Tenrec_ecaudatus.1"
"14","Pogona_viceps","Pogona_viceps.1"
"15","Monodelphis_domestica","Monodelphis_domestica.2"
"16","Rupicapra_rupicapra","Rupicapra_rupicapra.1"
"17","Caloenas_nicobarica","Caloenas_nicobarica.1"
"18","Nyctereutes_procyonoides","Nyctereutes_procyonoides.3"
"19","Chapsosaurus_","Chapsosaurus_.1"
"20","Indohyus","Indohyus.1"
"21","Nothosaurus_mirabilis","Nothosaurus_mirabilis.1"
"22","Nothosaurus_mirabilis","Nothosaurus_mirabilis.2"
"23","Chapsosaurus_","Chapsosaurus_.2"
"24","Nothosaurus_568","Nothosaurus_568.1"
"25","Spheniscus","Spheniscus.1"
"26","Spheniscus","Spheniscus.2"
"27","Phalacrocorax_harrisi","Phalacrocorax_harrisi.1"
"28","Nanophoca_vitulinoides","Nanophoca_vitulinoides.1"
"29","Otaria_byronia","Otaria_byronia.1"
"30","Tapirus_terrestris","Tapirus_terrestris.1"
"31","Maiacetus","Maiacetus.1"
"32","Indohyus","Indohyus.2"
"33","Alligator","Alligator.1"
"34","Rhaeticosaurus","Rhaeticosaurus.1"
"35","Desmana_moschata","Desmana_moschata.1"
"36","Micropotamogale_euwenzorii","Micropotamogale_euwenzorii.1"
"37","Remingtonocetus","Remingtonocetus.1"
"38","Placodontia_indet_1","Placodontia_indet_1.1"
"39","Spinosaurus_","Spinosaurus_.1"
"40","Spinosaurus_","Spinosaurus_.2"
"41","Spinosaurus_","Spinosaurus_.3"
"42","Spinosaurus_","Spinosaurus_.4"
"43","Spinosaurus_","Spinosaurus_.5"
"44","Spinosaurus_","Spinosaurus_.6"
"45","Spinosaurus_","Spinosaurus_.7"
"46","Spinosaurus_","Spinosaurus_.8"
"47","Spinosaurus_","Spinosaurus_.9"
"48","Spinosaurus_","Spinosaurus_.10"
"49","Spinosaurus_","Spinosaurus_.11"
"50","Suchomimus","Suchomimus.1"
"51","Suchomimus","Suchomimus.2"
"52","Suchomimus","Suchomimus.3"
"53","Baryonyx","Baryonyx.1"
"54","Baryonyx","Baryonyx.2"
"55","Baryonyx","Baryonyx.3"
 
* Phylo tree and the main data and strata files have been modified to include duplicated taxa before the scaled random trees are generated.
* Selected categorical labels column: diving.or.not
* diving.or.equal column is identical to Diving column.
* Regression excludes flying taxa.
* Diving labels that are present in regression: 0,2
* lambda (calculated from a random tree) = : 0.08
* index-name alignment check: OK
