Logfile for a session of program: bootstrap_binary.r
-----------------------------------------------------
INPUT:
workDir: C:/dino_nature/output/2023-11-07-D1\bs/set_1096
Nbootstrapsets: 2000
phyloFDAfile: c:/dino_nature/code/phylo.fda.R
auxFile: c:/dino_nature/code/auxiliary.r
boneType: femur
regressionData.file: C:/dino_nature/output/2023-11-07-D1\bs/set_1096/femur_set_1096.csv
applyDataFilter: FALSE
addTreeTips: TRUE
Ntrees: 100
calculateTrees: TRUE
saveTrees: FALSE


OPERATIONAL CHECKS:
* Regression data contains multiple copies of some taxa (user added variants of existing test taxa 
   or replacements due to bootstrap are present) which are not in the phylo tree:
     original taxon,   duplicate   
"1","Strigiops_habroptilus","Strigiops_habroptilus.1"
"2","Xenicus_giliventris","Xenicus_giliventris.1"
"3","Elephas_maximus","Elephas_maximus.1"
"4","Lacerta_viridis","Lacerta_viridis.1"
"5","Lacerta_viridis","Lacerta_viridis.2"
"6","Cephalophus_silvicultor","Cephalophus_silvicultor.1"
"7","Strigiops_habroptilus","Strigiops_habroptilus.2"
"8","Strigiops_habroptilus","Strigiops_habroptilus.3"
"9","Euroscaptor_micrura","Euroscaptor_micrura.1"
"10","Euroscaptor_micrura","Euroscaptor_micrura.2"
"11","Bos_taurus","Bos_taurus.1"
"12","Lacerta_viridis","Lacerta_viridis.3"
"13","Ceratotherium_simum","Ceratotherium_simum.1"
"14","Syncerus_caffer","Syncerus_caffer.1"
"15","Rupicapra_rupicapra","Rupicapra_rupicapra.1"
"16","Cephalophus_silvicultor","Cephalophus_silvicultor.2"
"17","Ceratotherium_simum","Ceratotherium_simum.2"
"18","Procyon_lotor","Procyon_lotor.1"
"19","Euroscaptor_micrura","Euroscaptor_micrura.3"
"20","Euroscaptor_micrura","Euroscaptor_micrura.4"
"21","Strigiops_habroptilus","Strigiops_habroptilus.4"
"22","Euroscaptor_micrura","Euroscaptor_micrura.5"
"23","Xenicus_giliventris","Xenicus_giliventris.2"
"24","Euroscaptor_micrura","Euroscaptor_micrura.6"
"25","Otaria_byronia","Otaria_byronia.1"
"26","Dyrosaurid","Dyrosaurid.1"
"27","Placodontia_indet_1","Placodontia_indet_1.1"
"28","Nothosaurus_568","Nothosaurus_568.1"
"29","Nothosaurus_568","Nothosaurus_568.2"
"30","Nothosaurus_mirabilis_1","Nothosaurus_mirabilis_1.1"
"31","Alligator","Alligator.1"
"32","Metryorhynchus","Metryorhynchus.1"
"33","Aptenodytes______","Aptenodytes______.1"
"34","large_eocene_stem_penguin","large_eocene_stem_penguin.1"
"35","Ichtyosaurus_","Ichtyosaurus_.1"
"36","Paraplacodus","Paraplacodus.1"
"37","Maiacetus","Maiacetus.1"
"38","Micropotamogale_euwenzorii","Micropotamogale_euwenzorii.1"
"39","Simosaurus","Simosaurus.1"
"40","Ichtyosaurus_","Ichtyosaurus_.2"
"41","Leptophoca_proxima","Leptophoca_proxima.1"
"42","Aptenodytes______","Aptenodytes______.2"
"43","Nothosaurus_mirabilis_1","Nothosaurus_mirabilis_1.2"
"44","Alligator","Alligator.2"
"45","Castor_fiber","Castor_fiber.1"
"46","Simosaurus","Simosaurus.2"
"47","large_eocene_stem_penguin","large_eocene_stem_penguin.2"
"48","Spheniscus","Spheniscus.1"
"49","Paraplacodus","Paraplacodus.2"
"50","Spinosaurus_","Spinosaurus_.1"
"51","Spinosaurus_","Spinosaurus_.2"
"52","Spinosaurus_","Spinosaurus_.3"
"53","Spinosaurus_","Spinosaurus_.4"
"54","Spinosaurus_","Spinosaurus_.5"
"55","Spinosaurus_","Spinosaurus_.6"
"56","Spinosaurus_","Spinosaurus_.7"
"57","Spinosaurus_","Spinosaurus_.8"
"58","Spinosaurus_","Spinosaurus_.9"
"59","Spinosaurus_","Spinosaurus_.10"
"60","Spinosaurus_","Spinosaurus_.11"
"61","Suchomimus","Suchomimus.1"
"62","Suchomimus","Suchomimus.2"
"63","Suchomimus","Suchomimus.3"
"64","Baryonyx","Baryonyx.1"
"65","Baryonyx","Baryonyx.2"
"66","Baryonyx","Baryonyx.3"
 
* Phylo tree and the main data and strata files have been modified to include duplicated taxa before the scaled random trees are generated.
* Selected categorical labels column: diving.or.not
* diving.or.equal column is identical to Diving column.
* Regression excludes flying taxa.
* Diving labels that are present in regression: 0,2
* lambda (calculated from a random tree) = : 0.17
* index-name alignment check: OK
