Logfile for a session of program: bootstrap_binary.r
-----------------------------------------------------
INPUT:
workDir: C:/dino_nature/output/2023-11-07-D1\bs/set_899
Nbootstrapsets: 2000
phyloFDAfile: c:/dino_nature/code/phylo.fda.R
auxFile: c:/dino_nature/code/auxiliary.r
boneType: femur
regressionData.file: C:/dino_nature/output/2023-11-07-D1\bs/set_899/femur_set_899.csv
applyDataFilter: FALSE
addTreeTips: TRUE
Ntrees: 100
calculateTrees: TRUE
saveTrees: FALSE


OPERATIONAL CHECKS:
* Regression data contains multiple copies of some taxa (user added variants of existing test taxa 
   or replacements due to bootstrap are present) which are not in the phylo tree:
     original taxon,   duplicate   
"1","Porphyrio_hochstetteri","Porphyrio_hochstetteri.1"
"2","Apteryx_owenii_","Apteryx_owenii_.1"
"3","Felis_felis","Felis_felis.1"
"4","Apteryx_owenii_","Apteryx_owenii_.2"
"5","Meles_meles","Meles_meles.1"
"6","Apteryx_australis","Apteryx_australis.1"
"7","Mus_musculus","Mus_musculus.1"
"8","Dama_dama","Dama_dama.1"
"9","Nyctereutes_procyonoides","Nyctereutes_procyonoides.1"
"10","Loxodonta_africana","Loxodonta_africana.1"
"11","Giraffa_camelopardalis","Giraffa_camelopardalis.1"
"12","Apteryx_owenii_","Apteryx_owenii_.3"
"13","Alces_americanus","Alces_americanus.1"
"14","Apteryx_owenii_","Apteryx_owenii_.4"
"15","Nyctereutes_procyonoides","Nyctereutes_procyonoides.2"
"16","Nyctereutes_procyonoides","Nyctereutes_procyonoides.3"
"17","Tamandua_tetradactyla","Tamandua_tetradactyla.1"
"18","Nyctereutes_procyonoides","Nyctereutes_procyonoides.4"
"19","Giraffa_camelopardalis","Giraffa_camelopardalis.2"
"20","Diplomesodon_pulchellum","Diplomesodon_pulchellum.1"
"21","Atlantisia_rogersi","Atlantisia_rogersi.1"
"22","Xenicus_giliventris","Xenicus_giliventris.1"
"23","Mammuthus_sp","Mammuthus_sp.1"
"24","Porphyrio_hochstetteri","Porphyrio_hochstetteri.2"
"25","large_eocene_stem_penguin","large_eocene_stem_penguin.1"
"26","Remingtonocetus","Remingtonocetus.1"
"27","Neusticosaurus","Neusticosaurus.1"
"28","Hesperornis","Hesperornis.1"
"29","Caiman_yacare","Caiman_yacare.1"
"30","Phocanella_pumila","Phocanella_pumila.1"
"31","Chapsosaurus_","Chapsosaurus_.1"
"32","Otaria_byronia","Otaria_byronia.1"
"33","Maiacetus","Maiacetus.1"
"34","Aptenodytes______","Aptenodytes______.1"
"35","Neusticosaurus","Neusticosaurus.2"
"36","Phocanella_pumila","Phocanella_pumila.2"
"37","Spheniscus","Spheniscus.1"
"38","Protochampsidae","Protochampsidae.1"
"39","Otaria_byronia","Otaria_byronia.2"
"40","Ichtyosaur_sp","Ichtyosaur_sp.1"
"41","Palaeospheniscus","Palaeospheniscus.1"
"42","Protochampsidae","Protochampsidae.2"
"43","large_eocene_stem_penguin","large_eocene_stem_penguin.2"
"44","Chapsosaurus_","Chapsosaurus_.2"
"45","Hesperornis","Hesperornis.2"
"46","Desmana_moschata","Desmana_moschata.1"
"47","Noemys_fodies","Noemys_fodies.1"
"48","Spinosaurus_","Spinosaurus_.1"
"49","Spinosaurus_","Spinosaurus_.2"
"50","Spinosaurus_","Spinosaurus_.3"
"51","Spinosaurus_","Spinosaurus_.4"
"52","Spinosaurus_","Spinosaurus_.5"
"53","Spinosaurus_","Spinosaurus_.6"
"54","Spinosaurus_","Spinosaurus_.7"
"55","Spinosaurus_","Spinosaurus_.8"
"56","Spinosaurus_","Spinosaurus_.9"
"57","Spinosaurus_","Spinosaurus_.10"
"58","Spinosaurus_","Spinosaurus_.11"
"59","Suchomimus","Suchomimus.1"
"60","Suchomimus","Suchomimus.2"
"61","Suchomimus","Suchomimus.3"
"62","Baryonyx","Baryonyx.1"
"63","Baryonyx","Baryonyx.2"
"64","Baryonyx","Baryonyx.3"
 
* Phylo tree and the main data and strata files have been modified to include duplicated taxa before the scaled random trees are generated.
* Selected categorical labels column: diving.or.not
* diving.or.equal column is identical to Diving column.
* Regression excludes flying taxa.
* Diving labels that are present in regression: 0,2
* lambda (calculated from a random tree) = : 0.12
* index-name alignment check: OK
