Logfile for a session of program: bootstrap_binary.r
-----------------------------------------------------
INPUT:
workDir: C:/dino_nature/output/2023-11-07-D1\bs/set_1035
Nbootstrapsets: 2000
phyloFDAfile: c:/dino_nature/code/phylo.fda.R
auxFile: c:/dino_nature/code/auxiliary.r
boneType: femur
regressionData.file: C:/dino_nature/output/2023-11-07-D1\bs/set_1035/femur_set_1035.csv
applyDataFilter: FALSE
addTreeTips: TRUE
Ntrees: 100
calculateTrees: TRUE
saveTrees: FALSE


OPERATIONAL CHECKS:
* Regression data contains multiple copies of some taxa (user added variants of existing test taxa 
   or replacements due to bootstrap are present) which are not in the phylo tree:
     original taxon,   duplicate   
"1","Mammuthus_sp","Mammuthus_sp.1"
"2","Rynochetus_jubatus","Rynochetus_jubatus.1"
"3","Apteryx_owenii_","Apteryx_owenii_.1"
"4","Raphus","Raphus.1"
"5","Elephas_maximus","Elephas_maximus.1"
"6","Megaloceros_sp","Megaloceros_sp.1"
"7","Meles_meles","Meles_meles.1"
"8","Strigiops_habroptilus","Strigiops_habroptilus.1"
"9","Apteryx_owenii_","Apteryx_owenii_.2"
"10","Rupicapra_rupicapra","Rupicapra_rupicapra.1"
"11","Bison_bonasus","Bison_bonasus.1"
"12","Rynochetus_jubatus","Rynochetus_jubatus.2"
"13","Tribonyx_mortieri","Tribonyx_mortieri.1"
"14","Uncia_uncia","Uncia_uncia.1"
"15","Mammuthus_sp","Mammuthus_sp.2"
"16","Loxodonta_africana","Loxodonta_africana.1"
"17","Rupicapra_rupicapra","Rupicapra_rupicapra.2"
"18","Tenrec_ecaudatus","Tenrec_ecaudatus.1"
"19","Tamandua_tetradactyla","Tamandua_tetradactyla.1"
"20","Monodelphis_domestica","Monodelphis_domestica.1"
"21","Dicerorhinus_sumatrensis","Dicerorhinus_sumatrensis.1"
"22","Nothosaurus_150","Nothosaurus_150.1"
"23","Lutra_vulgaris","Lutra_vulgaris.1"
"24","large_eocene_stem_penguin","large_eocene_stem_penguin.1"
"25","Ichtyosaurus_","Ichtyosaurus_.1"
"26","Dyrosaurid","Dyrosaurid.1"
"27","Serpianosaurus","Serpianosaurus.1"
"28","large_eocene_stem_penguin","large_eocene_stem_penguin.2"
"29","Callophoca_obscura","Callophoca_obscura.1"
"30","Micropotamogale_euwenzorii","Micropotamogale_euwenzorii.1"
"31","Nothosaurus_mirabilis_1","Nothosaurus_mirabilis_1.1"
"32","Callophoca_obscura","Callophoca_obscura.2"
"33","Simosaurus_1","Simosaurus_1.1"
"34","Nothosaurus_150","Nothosaurus_150.2"
"35","Protochampsidae","Protochampsidae.1"
"36","Ichtyosaurus_","Ichtyosaurus_.2"
"37","Nothosaurus_mirabilis","Nothosaurus_mirabilis.1"
"38","Nothosaurus_568","Nothosaurus_568.1"
"39","Simosaurus_1","Simosaurus_1.2"
"40","Aptenodytes______","Aptenodytes______.1"
"41","Phalacrocorax_harrisi","Phalacrocorax_harrisi.1"
"42","Micropotamogale_euwenzorii","Micropotamogale_euwenzorii.2"
"43","Ichtyosaur_sp","Ichtyosaur_sp.1"
"44","Spinosaurus_","Spinosaurus_.1"
"45","Spinosaurus_","Spinosaurus_.2"
"46","Spinosaurus_","Spinosaurus_.3"
"47","Spinosaurus_","Spinosaurus_.4"
"48","Spinosaurus_","Spinosaurus_.5"
"49","Spinosaurus_","Spinosaurus_.6"
"50","Spinosaurus_","Spinosaurus_.7"
"51","Spinosaurus_","Spinosaurus_.8"
"52","Spinosaurus_","Spinosaurus_.9"
"53","Spinosaurus_","Spinosaurus_.10"
"54","Spinosaurus_","Spinosaurus_.11"
"55","Suchomimus","Suchomimus.1"
"56","Suchomimus","Suchomimus.2"
"57","Suchomimus","Suchomimus.3"
"58","Baryonyx","Baryonyx.1"
"59","Baryonyx","Baryonyx.2"
"60","Baryonyx","Baryonyx.3"
 
* Phylo tree and the main data and strata files have been modified to include duplicated taxa before the scaled random trees are generated.
* Selected categorical labels column: diving.or.not
* diving.or.equal column is identical to Diving column.
* Regression excludes flying taxa.
* Diving labels that are present in regression: 0,2
* lambda (calculated from a random tree) = : 0.15
* index-name alignment check: OK
