Logfile for a session of program: bootstrap_binary.r
-----------------------------------------------------
INPUT:
workDir: C:/dino_nature/output/2023-11-07-D1\bs/set_510
Nbootstrapsets: 2000
phyloFDAfile: c:/dino_nature/code/phylo.fda.R
auxFile: c:/dino_nature/code/auxiliary.r
boneType: femur
regressionData.file: C:/dino_nature/output/2023-11-07-D1\bs/set_510/femur_set_510.csv
applyDataFilter: FALSE
addTreeTips: TRUE
Ntrees: 100
calculateTrees: TRUE
saveTrees: FALSE


OPERATIONAL CHECKS:
* Regression data contains multiple copies of some taxa (user added variants of existing test taxa 
   or replacements due to bootstrap are present) which are not in the phylo tree:
     original taxon,   duplicate   
"1","Cephalophus_silvicultor","Cephalophus_silvicultor.1"
"2","Elomeryx_borbonicus_","Elomeryx_borbonicus_.1"
"3","Elomeryx_borbonicus_","Elomeryx_borbonicus_.2"
"4","Bison_bonasus","Bison_bonasus.1"
"5","Hemiechinus_azurites","Hemiechinus_azurites.1"
"6","Myrmecophaga_tridactyla","Myrmecophaga_tridactyla.1"
"7","Rupicapra_rupicapra","Rupicapra_rupicapra.1"
"8","Myrmecophaga_tridactyla","Myrmecophaga_tridactyla.2"
"9","Raphus","Raphus.1"
"10","Xenicus_giliventris","Xenicus_giliventris.1"
"11","Okapia_johnstoni","Okapia_johnstoni.1"
"12","Rupicapra_rupicapra","Rupicapra_rupicapra.2"
"13","Rupicapra_rupicapra","Rupicapra_rupicapra.3"
"14","Rhynchocyon_petersi","Rhynchocyon_petersi.1"
"15","Nyctereutes_procyonoides","Nyctereutes_procyonoides.1"
"16","Alces_americanus","Alces_americanus.1"
"17","Hemiechinus_azurites","Hemiechinus_azurites.2"
"18","Nyctereutes_procyonoides","Nyctereutes_procyonoides.2"
"19","Rhynchocyon_petersi","Rhynchocyon_petersi.2"
"20","Bison_bonasus","Bison_bonasus.2"
"21","Dama_dama","Dama_dama.1"
"22","Giraffa_camelopardalis","Giraffa_camelopardalis.1"
"23","Dasyurus_maculatus","Dasyurus_maculatus.1"
"24","Small_Eocene_penguin","Small_Eocene_penguin.1"
"25","Phalacrocorax_harrisi","Phalacrocorax_harrisi.1"
"26","Palaeospheniscus","Palaeospheniscus.1"
"27","Choeropsis_liberiensis","Choeropsis_liberiensis.1"
"28","Chapsosaurus_","Chapsosaurus_.1"
"29","Small_Eocene_penguin","Small_Eocene_penguin.2"
"30","Chironectes_minimus","Chironectes_minimus.1"
"31","Lutra_vulgaris","Lutra_vulgaris.1"
"32","Choeropsis_liberiensis","Choeropsis_liberiensis.2"
"33","Nothosaurus_102","Nothosaurus_102.1"
"34","Phalacrocorax_harrisi","Phalacrocorax_harrisi.2"
"35","Nothosaurus_102","Nothosaurus_102.2"
"36","Otaria_byronia","Otaria_byronia.1"
"37","Otaria_byronia","Otaria_byronia.2"
"38","Chironectes_minimus","Chironectes_minimus.2"
"39","Nothosaurus_102","Nothosaurus_102.3"
"40","Phalacrocorax_harrisi","Phalacrocorax_harrisi.3"
"41","Simosaurus_1","Simosaurus_1.1"
"42","Remingtonocetus","Remingtonocetus.1"
"43","Spinosaurus_","Spinosaurus_.1"
"44","Spinosaurus_","Spinosaurus_.2"
"45","Spinosaurus_","Spinosaurus_.3"
"46","Spinosaurus_","Spinosaurus_.4"
"47","Spinosaurus_","Spinosaurus_.5"
"48","Spinosaurus_","Spinosaurus_.6"
"49","Spinosaurus_","Spinosaurus_.7"
"50","Spinosaurus_","Spinosaurus_.8"
"51","Spinosaurus_","Spinosaurus_.9"
"52","Spinosaurus_","Spinosaurus_.10"
"53","Spinosaurus_","Spinosaurus_.11"
"54","Suchomimus","Suchomimus.1"
"55","Suchomimus","Suchomimus.2"
"56","Suchomimus","Suchomimus.3"
"57","Baryonyx","Baryonyx.1"
"58","Baryonyx","Baryonyx.2"
"59","Baryonyx","Baryonyx.3"
 
* Phylo tree and the main data and strata files have been modified to include duplicated taxa before the scaled random trees are generated.
* Selected categorical labels column: diving.or.not
* diving.or.equal column is identical to Diving column.
* Regression excludes flying taxa.
* Diving labels that are present in regression: 0,2
* lambda (calculated from a random tree) = : 0.09
* index-name alignment check: OK
