Logfile for a session of program: bootstrap_binary.r
-----------------------------------------------------
INPUT:
workDir: C:/dino_nature/output/2023-11-07-D1\bs/set_566
Nbootstrapsets: 2000
phyloFDAfile: c:/dino_nature/code/phylo.fda.R
auxFile: c:/dino_nature/code/auxiliary.r
boneType: femur
regressionData.file: C:/dino_nature/output/2023-11-07-D1\bs/set_566/femur_set_566.csv
applyDataFilter: FALSE
addTreeTips: TRUE
Ntrees: 100
calculateTrees: TRUE
saveTrees: FALSE


OPERATIONAL CHECKS:
* Regression data contains multiple copies of some taxa (user added variants of existing test taxa 
   or replacements due to bootstrap are present) which are not in the phylo tree:
     original taxon,   duplicate   
"1","Microgale_thomasi","Microgale_thomasi.1"
"2","Atlantisia_rogersi","Atlantisia_rogersi.1"
"3","Monodelphis_domestica","Monodelphis_domestica.1"
"4","Giraffa_camelopardalis","Giraffa_camelopardalis.1"
"5","Lacerta_viridis","Lacerta_viridis.1"
"6","Tamandua_tetradactyla","Tamandua_tetradactyla.1"
"7","Caloenas_nicobarica","Caloenas_nicobarica.1"
"8","Rattus_rattus","Rattus_rattus.1"
"9","Microgale_thomasi","Microgale_thomasi.2"
"10","Lacerta_viridis","Lacerta_viridis.2"
"11","Okapia_johnstoni","Okapia_johnstoni.1"
"12","Giraffa_camelopardalis","Giraffa_camelopardalis.2"
"13","Caloenas_nicobarica","Caloenas_nicobarica.2"
"14","Hemiechinus_azurites","Hemiechinus_azurites.1"
"15","Procavia_capensis","Procavia_capensis.1"
"16","Syncerus_caffer","Syncerus_caffer.1"
"17","Tamandua_tetradactyla","Tamandua_tetradactyla.2"
"18","Rattus_rattus","Rattus_rattus.2"
"19","Felis_felis","Felis_felis.1"
"20","Euroscaptor_micrura","Euroscaptor_micrura.1"
"21","Giraffa_camelopardalis","Giraffa_camelopardalis.3"
"22","Tamandua_tetradactyla","Tamandua_tetradactyla.3"
"23","Placodontia_indet_1","Placodontia_indet_1.1"
"24","Lutra_vulgaris","Lutra_vulgaris.1"
"25","Small_Eocene_penguin","Small_Eocene_penguin.1"
"26","Hippopotamus_amphibius","Hippopotamus_amphibius.1"
"27","Desmana_moschata","Desmana_moschata.1"
"28","Placodontia_indet_1","Placodontia_indet_1.2"
"29","Nothosaurus_mirabilis_1","Nothosaurus_mirabilis_1.1"
"30","Small_Eocene_penguin","Small_Eocene_penguin.2"
"31","Placodontia_indet_1","Placodontia_indet_1.3"
"32","Simosaurus_1","Simosaurus_1.1"
"33","Protochampsidae","Protochampsidae.1"
"34","Spheniscus","Spheniscus.1"
"35","Indohyus","Indohyus.1"
"36","Placodontia_indet_1","Placodontia_indet_1.4"
"37","Paraplacodus","Paraplacodus.1"
"38","Rhaeticosaurus","Rhaeticosaurus.1"
"39","Psephoderma","Psephoderma.1"
"40","Nothosaurus_mirabilis_1","Nothosaurus_mirabilis_1.2"
"41","Metryorhynchus","Metryorhynchus.1"
"42","Noemys_fodies","Noemys_fodies.1"
"43","Spheniscus","Spheniscus.2"
"44","Spinosaurus_","Spinosaurus_.1"
"45","Spinosaurus_","Spinosaurus_.2"
"46","Spinosaurus_","Spinosaurus_.3"
"47","Spinosaurus_","Spinosaurus_.4"
"48","Spinosaurus_","Spinosaurus_.5"
"49","Spinosaurus_","Spinosaurus_.6"
"50","Spinosaurus_","Spinosaurus_.7"
"51","Spinosaurus_","Spinosaurus_.8"
"52","Spinosaurus_","Spinosaurus_.9"
"53","Spinosaurus_","Spinosaurus_.10"
"54","Spinosaurus_","Spinosaurus_.11"
"55","Suchomimus","Suchomimus.1"
"56","Suchomimus","Suchomimus.2"
"57","Suchomimus","Suchomimus.3"
"58","Baryonyx","Baryonyx.1"
"59","Baryonyx","Baryonyx.2"
"60","Baryonyx","Baryonyx.3"
 
* Phylo tree and the main data and strata files have been modified to include duplicated taxa before the scaled random trees are generated.
* Selected categorical labels column: diving.or.not
* diving.or.equal column is identical to Diving column.
* Regression excludes flying taxa.
* Diving labels that are present in regression: 0,2
* lambda (calculated from a random tree) = : 0.12
* index-name alignment check: OK
