Logfile for a session of program: bootstrap_binary.r
-----------------------------------------------------
INPUT:
workDir: C:/dino_nature/output/2023-11-07-D1\bs/set_763
Nbootstrapsets: 2000
phyloFDAfile: c:/dino_nature/code/phylo.fda.R
auxFile: c:/dino_nature/code/auxiliary.r
boneType: femur
regressionData.file: C:/dino_nature/output/2023-11-07-D1\bs/set_763/femur_set_763.csv
applyDataFilter: FALSE
addTreeTips: TRUE
Ntrees: 100
calculateTrees: TRUE
saveTrees: FALSE


OPERATIONAL CHECKS:
* Regression data contains multiple copies of some taxa (user added variants of existing test taxa 
   or replacements due to bootstrap are present) which are not in the phylo tree:
     original taxon,   duplicate   
"1","Mustela_nivalis","Mustela_nivalis.1"
"2","Microgale_thomasi","Microgale_thomasi.1"
"3","Microgale_thomasi","Microgale_thomasi.2"
"4","Lama_guanicoe","Lama_guanicoe.1"
"5","Rhynchocyon_petersi","Rhynchocyon_petersi.1"
"6","Rhynchocyon_petersi","Rhynchocyon_petersi.2"
"7","Hemiechinus_azurites","Hemiechinus_azurites.1"
"8","Diplomesodon_pulchellum","Diplomesodon_pulchellum.1"
"9","Dama_dama","Dama_dama.1"
"10","Giraffa_camelopardalis","Giraffa_camelopardalis.1"
"11","Mammuthus_sp","Mammuthus_sp.1"
"12","Dromaius_","Dromaius_.1"
"13","Tenrec_ecaudatus","Tenrec_ecaudatus.1"
"14","Mus_musculus","Mus_musculus.1"
"15","Rhynchocyon_petersi","Rhynchocyon_petersi.3"
"16","Cephalophus_silvicultor","Cephalophus_silvicultor.1"
"17","Giraffa_camelopardalis","Giraffa_camelopardalis.2"
"18","Microgale_thomasi","Microgale_thomasi.3"
"19","Apteryx_australis","Apteryx_australis.1"
"20","Procavia_capensis","Procavia_capensis.1"
"21","Dromaius_","Dromaius_.2"
"22","Basilosaurus","Basilosaurus.1"
"23","Lutra_vulgaris","Lutra_vulgaris.1"
"24","Spheniscus","Spheniscus.1"
"25","Ichtyosaurus_","Ichtyosaurus_.1"
"26","Paraplacodus","Paraplacodus.1"
"27","Small_Eocene_penguin","Small_Eocene_penguin.1"
"28","Basilosaurus","Basilosaurus.2"
"29","Noemys_fodies","Noemys_fodies.1"
"30","Indohyus","Indohyus.1"
"31","Paraplacodus","Paraplacodus.2"
"32","Simosaurus","Simosaurus.1"
"33","Noemys_fodies","Noemys_fodies.2"
"34","Lutra_vulgaris","Lutra_vulgaris.2"
"35","Placodontia_indet_1","Placodontia_indet_1.1"
"36","Ichtyosaur_sp","Ichtyosaur_sp.1"
"37","Nothosaurus_102","Nothosaurus_102.1"
"38","Champsosaurus","Champsosaurus.1"
"39","Nothosaurus_mirabilis","Nothosaurus_mirabilis.1"
"40","Alligator","Alligator.1"
"41","Indohyus","Indohyus.2"
"42","Ichtyosaur_sp","Ichtyosaur_sp.2"
"43","Callophoca_obscura","Callophoca_obscura.1"
"44","Nothosaurus_mirabilis","Nothosaurus_mirabilis.2"
"45","Nothosaurus_568","Nothosaurus_568.1"
"46","Spinosaurus_","Spinosaurus_.1"
"47","Spinosaurus_","Spinosaurus_.2"
"48","Spinosaurus_","Spinosaurus_.3"
"49","Spinosaurus_","Spinosaurus_.4"
"50","Spinosaurus_","Spinosaurus_.5"
"51","Spinosaurus_","Spinosaurus_.6"
"52","Spinosaurus_","Spinosaurus_.7"
"53","Spinosaurus_","Spinosaurus_.8"
"54","Spinosaurus_","Spinosaurus_.9"
"55","Spinosaurus_","Spinosaurus_.10"
"56","Spinosaurus_","Spinosaurus_.11"
"57","Suchomimus","Suchomimus.1"
"58","Suchomimus","Suchomimus.2"
"59","Suchomimus","Suchomimus.3"
"60","Baryonyx","Baryonyx.1"
"61","Baryonyx","Baryonyx.2"
"62","Baryonyx","Baryonyx.3"
 
* Phylo tree and the main data and strata files have been modified to include duplicated taxa before the scaled random trees are generated.
* Selected categorical labels column: diving.or.not
* diving.or.equal column is identical to Diving column.
* Regression excludes flying taxa.
* Diving labels that are present in regression: 0,2
* lambda (calculated from a random tree) = : 0.1
* index-name alignment check: OK
