Logfile for a session of program: bootstrap_binary.r
-----------------------------------------------------
INPUT:
workDir: C:/dino_nature/output/2023-11-07-D1\bs/set_1436
Nbootstrapsets: 2000
phyloFDAfile: c:/dino_nature/code/phylo.fda.R
auxFile: c:/dino_nature/code/auxiliary.r
boneType: femur
regressionData.file: C:/dino_nature/output/2023-11-07-D1\bs/set_1436/femur_set_1436.csv
applyDataFilter: FALSE
addTreeTips: TRUE
Ntrees: 100
calculateTrees: TRUE
saveTrees: FALSE


OPERATIONAL CHECKS:
* Regression data contains multiple copies of some taxa (user added variants of existing test taxa 
   or replacements due to bootstrap are present) which are not in the phylo tree:
     original taxon,   duplicate   
"1","Elephas_maximus","Elephas_maximus.1"
"2","Tribonyx_mortieri","Tribonyx_mortieri.1"
"3","Apteryx_owenii_","Apteryx_owenii_.1"
"4","Vulpes_vulpes","Vulpes_vulpes.1"
"5","Porphyrio_hochstetteri","Porphyrio_hochstetteri.1"
"6","Apteryx_owenii_","Apteryx_owenii_.2"
"7","Myrmecophaga_tridactyla","Myrmecophaga_tridactyla.1"
"8","Loxodonta_africana","Loxodonta_africana.1"
"9","Tribonyx_mortieri","Tribonyx_mortieri.2"
"10","Vulpes_vulpes","Vulpes_vulpes.2"
"11","Porphyrio_hochstetteri","Porphyrio_hochstetteri.2"
"12","Nyctereutes_procyonoides","Nyctereutes_procyonoides.1"
"13","Loxodonta_africana","Loxodonta_africana.2"
"14","Lacerta_viridis","Lacerta_viridis.1"
"15","Bison_bonasus","Bison_bonasus.1"
"16","Okapia_johnstoni","Okapia_johnstoni.1"
"17","Loxodonta_africana","Loxodonta_africana.3"
"18","Porphyrio_hochstetteri","Porphyrio_hochstetteri.3"
"19","Ceratotherium_simum","Ceratotherium_simum.1"
"20","Rhinoceros_sondaicus","Rhinoceros_sondaicus.1"
"21","Nothosaurus_568","Nothosaurus_568.1"
"22","Desmostylus_hesperus","Desmostylus_hesperus.1"
"23","Lutra_vulgaris","Lutra_vulgaris.1"
"24","Nanophoca_vitulinoides","Nanophoca_vitulinoides.1"
"25","Nothosaurus_giganteus","Nothosaurus_giganteus.1"
"26","Dyrosaurid","Dyrosaurid.1"
"27","Dyrosaurid","Dyrosaurid.2"
"28","Choeropsis_liberiensis","Choeropsis_liberiensis.1"
"29","Dyrosaurid","Dyrosaurid.3"
"30","Palaeospheniscus","Palaeospheniscus.1"
"31","Small_Eocene_penguin","Small_Eocene_penguin.1"
"32","Nothosaurus_568","Nothosaurus_568.2"
"33","Simosaurus","Simosaurus.1"
"34","Phalacrocorax_harrisi","Phalacrocorax_harrisi.1"
"35","Choeropsis_liberiensis","Choeropsis_liberiensis.2"
"36","Nanophoca_vitulinoides","Nanophoca_vitulinoides.2"
"37","Caiman_yacare","Caiman_yacare.1"
"38","Basilosaurus","Basilosaurus.1"
"39","Nothosaurus_mirabilis","Nothosaurus_mirabilis.1"
"40","Otaria_byronia","Otaria_byronia.1"
"41","Pistosaurus","Pistosaurus.1"
"42","Spinosaurus_","Spinosaurus_.1"
"43","Spinosaurus_","Spinosaurus_.2"
"44","Spinosaurus_","Spinosaurus_.3"
"45","Spinosaurus_","Spinosaurus_.4"
"46","Spinosaurus_","Spinosaurus_.5"
"47","Spinosaurus_","Spinosaurus_.6"
"48","Spinosaurus_","Spinosaurus_.7"
"49","Spinosaurus_","Spinosaurus_.8"
"50","Spinosaurus_","Spinosaurus_.9"
"51","Spinosaurus_","Spinosaurus_.10"
"52","Spinosaurus_","Spinosaurus_.11"
"53","Suchomimus","Suchomimus.1"
"54","Suchomimus","Suchomimus.2"
"55","Suchomimus","Suchomimus.3"
"56","Baryonyx","Baryonyx.1"
"57","Baryonyx","Baryonyx.2"
"58","Baryonyx","Baryonyx.3"
 
* Phylo tree and the main data and strata files have been modified to include duplicated taxa before the scaled random trees are generated.
* Selected categorical labels column: diving.or.not
* diving.or.equal column is identical to Diving column.
* Regression excludes flying taxa.
* Diving labels that are present in regression: 0,2
* lambda (calculated from a random tree) = : 0.12
* index-name alignment check: OK
