Logfile for a session of program: bootstrap_binary.r
-----------------------------------------------------
INPUT:
workDir: C:/dino_nature/output/2023-11-07-D1\bs/set_1595
Nbootstrapsets: 2000
phyloFDAfile: c:/dino_nature/code/phylo.fda.R
auxFile: c:/dino_nature/code/auxiliary.r
boneType: femur
regressionData.file: C:/dino_nature/output/2023-11-07-D1\bs/set_1595/femur_set_1595.csv
applyDataFilter: FALSE
addTreeTips: TRUE
Ntrees: 100
calculateTrees: TRUE
saveTrees: FALSE


OPERATIONAL CHECKS:
* Regression data contains multiple copies of some taxa (user added variants of existing test taxa 
   or replacements due to bootstrap are present) which are not in the phylo tree:
     original taxon,   duplicate   
"1","Hemiechinus_azurites","Hemiechinus_azurites.1"
"2","Elephas_maximus","Elephas_maximus.1"
"3","Syncerus_caffer","Syncerus_caffer.1"
"4","Elomeryx_borbonicus_","Elomeryx_borbonicus_.1"
"5","Elomeryx_borbonicus_","Elomeryx_borbonicus_.2"
"6","Dromaius_","Dromaius_.1"
"7","Rattus_rattus","Rattus_rattus.1"
"8","Elephas_maximus","Elephas_maximus.2"
"9","Lacerta_viridis","Lacerta_viridis.1"
"10","Sus_scrofa","Sus_scrofa.1"
"11","Nyctereutes_procyonoides","Nyctereutes_procyonoides.1"
"12","Lacerta_viridis","Lacerta_viridis.2"
"13","Megaloceros_sp","Megaloceros_sp.1"
"14","Capreolus_capreolus","Capreolus_capreolus.1"
"15","Nyctereutes_procyonoides","Nyctereutes_procyonoides.2"
"16","Porphyrio_hochstetteri","Porphyrio_hochstetteri.1"
"17","Mus_musculus","Mus_musculus.1"
"18","Apteryx_australis","Apteryx_australis.1"
"19","Rattus_rattus","Rattus_rattus.2"
"20","Capreolus_capreolus","Capreolus_capreolus.2"
"21","Dicerorhinus_sumatrensis","Dicerorhinus_sumatrensis.1"
"22","Tapirus_terrestris","Tapirus_terrestris.1"
"23","Tapirus_terrestris","Tapirus_terrestris.2"
"24","Otaria_byronia","Otaria_byronia.1"
"25","Champsosaurus","Champsosaurus.1"
"26","Indohyus","Indohyus.1"
"27","Phalacrocorax_harrisi","Phalacrocorax_harrisi.1"
"28","Cryptoclidus","Cryptoclidus.1"
"29","Caiman_yacare","Caiman_yacare.1"
"30","Ornithorhynchus_anatinus","Ornithorhynchus_anatinus.1"
"31","Psephoderma","Psephoderma.1"
"32","Champsosaurus","Champsosaurus.2"
"33","Spheniscus","Spheniscus.1"
"34","Nanophoca_vitulinoides","Nanophoca_vitulinoides.1"
"35","Plesiosaurus","Plesiosaurus.1"
"36","Nothosaurus_568","Nothosaurus_568.1"
"37","Metryorhynchus","Metryorhynchus.1"
"38","Castor_fiber","Castor_fiber.1"
"39","Lutra_vulgaris","Lutra_vulgaris.1"
"40","Rodhocetus","Rodhocetus.1"
"41","Remingtonocetus","Remingtonocetus.1"
"42","Champsosaurus","Champsosaurus.3"
"43","Tapirus_terrestris","Tapirus_terrestris.3"
"44","Spinosaurus_","Spinosaurus_.1"
"45","Spinosaurus_","Spinosaurus_.2"
"46","Spinosaurus_","Spinosaurus_.3"
"47","Spinosaurus_","Spinosaurus_.4"
"48","Spinosaurus_","Spinosaurus_.5"
"49","Spinosaurus_","Spinosaurus_.6"
"50","Spinosaurus_","Spinosaurus_.7"
"51","Spinosaurus_","Spinosaurus_.8"
"52","Spinosaurus_","Spinosaurus_.9"
"53","Spinosaurus_","Spinosaurus_.10"
"54","Spinosaurus_","Spinosaurus_.11"
"55","Suchomimus","Suchomimus.1"
"56","Suchomimus","Suchomimus.2"
"57","Suchomimus","Suchomimus.3"
"58","Baryonyx","Baryonyx.1"
"59","Baryonyx","Baryonyx.2"
"60","Baryonyx","Baryonyx.3"
 
* Phylo tree and the main data and strata files have been modified to include duplicated taxa before the scaled random trees are generated.
* Selected categorical labels column: diving.or.not
* diving.or.equal column is identical to Diving column.
* Regression excludes flying taxa.
* Diving labels that are present in regression: 0,2
* lambda (calculated from a random tree) = : 0.04
* index-name alignment check: OK
