Logfile for a session of program: bootstrap_binary.r
-----------------------------------------------------
INPUT:
workDir: C:/dino_nature/output/2023-11-07-D1\bs/set_186
Nbootstrapsets: 2000
phyloFDAfile: c:/dino_nature/code/phylo.fda.R
auxFile: c:/dino_nature/code/auxiliary.r
boneType: femur
regressionData.file: C:/dino_nature/output/2023-11-07-D1\bs/set_186/femur_set_186.csv
applyDataFilter: FALSE
addTreeTips: TRUE
Ntrees: 100
calculateTrees: TRUE
saveTrees: FALSE


OPERATIONAL CHECKS:
* Regression data contains multiple copies of some taxa (user added variants of existing test taxa 
   or replacements due to bootstrap are present) which are not in the phylo tree:
     original taxon,   duplicate   
"1","Meles_meles","Meles_meles.1"
"2","Paguma_larvata","Paguma_larvata.1"
"3","Bison_bonasus","Bison_bonasus.1"
"4","Loxodonta_africana","Loxodonta_africana.1"
"5","Hemiechinus_azurites","Hemiechinus_azurites.1"
"6","Loxodonta_africana","Loxodonta_africana.2"
"7","Xenicus_giliventris","Xenicus_giliventris.1"
"8","Mammuthus_sp","Mammuthus_sp.1"
"9","Megaloceros_sp","Megaloceros_sp.1"
"10","Atlantisia_rogersi","Atlantisia_rogersi.1"
"11","Mammuthus_sp","Mammuthus_sp.2"
"12","Rupicapra_rupicapra","Rupicapra_rupicapra.1"
"13","Rupicapra_rupicapra","Rupicapra_rupicapra.2"
"14","Megaloceros_sp","Megaloceros_sp.2"
"15","Meles_meles","Meles_meles.2"
"16","Porphyrio_hochstetteri","Porphyrio_hochstetteri.1"
"17","Caloenas_nicobarica","Caloenas_nicobarica.1"
"18","Uncia_uncia","Uncia_uncia.1"
"19","Felis_felis","Felis_felis.1"
"20","Giraffa_camelopardalis","Giraffa_camelopardalis.1"
"21","Paguma_larvata","Paguma_larvata.2"
"22","Lacerta_viridis","Lacerta_viridis.1"
"23","Lacerta_viridis","Lacerta_viridis.2"
"24","Plesiosaurus","Plesiosaurus.1"
"25","Psephoderma","Psephoderma.1"
"26","Leptophoca_proxima","Leptophoca_proxima.1"
"27","Small_Eocene_penguin","Small_Eocene_penguin.1"
"28","Tapirus_terrestris","Tapirus_terrestris.1"
"29","Psephoderma","Psephoderma.2"
"30","Simosaurus","Simosaurus.1"
"31","Caiman_yacare","Caiman_yacare.1"
"32","Micropotamogale_euwenzorii","Micropotamogale_euwenzorii.1"
"33","Serpianosaurus","Serpianosaurus.1"
"34","Champsosaurus","Champsosaurus.1"
"35","Palaeospheniscus","Palaeospheniscus.1"
"36","Caiman_yacare","Caiman_yacare.2"
"37","Lutra_vulgaris","Lutra_vulgaris.1"
"38","Ichtyosaurus_","Ichtyosaurus_.1"
"39","Alligator","Alligator.1"
"40","Psephoderma","Psephoderma.3"
"41","Cryptoclidus","Cryptoclidus.1"
"42","Leptophoca_proxima","Leptophoca_proxima.2"
"43","Cryptoclidus","Cryptoclidus.2"
"44","Hippopotamus_amphibius","Hippopotamus_amphibius.1"
"45","large_eocene_stem_penguin","large_eocene_stem_penguin.1"
"46","Micropotamogale_euwenzorii","Micropotamogale_euwenzorii.2"
"47","Leptophoca_proxima","Leptophoca_proxima.3"
"48","Spinosaurus_","Spinosaurus_.1"
"49","Spinosaurus_","Spinosaurus_.2"
"50","Spinosaurus_","Spinosaurus_.3"
"51","Spinosaurus_","Spinosaurus_.4"
"52","Spinosaurus_","Spinosaurus_.5"
"53","Spinosaurus_","Spinosaurus_.6"
"54","Spinosaurus_","Spinosaurus_.7"
"55","Spinosaurus_","Spinosaurus_.8"
"56","Spinosaurus_","Spinosaurus_.9"
"57","Spinosaurus_","Spinosaurus_.10"
"58","Spinosaurus_","Spinosaurus_.11"
"59","Suchomimus","Suchomimus.1"
"60","Suchomimus","Suchomimus.2"
"61","Suchomimus","Suchomimus.3"
"62","Baryonyx","Baryonyx.1"
"63","Baryonyx","Baryonyx.2"
"64","Baryonyx","Baryonyx.3"
 
* Phylo tree and the main data and strata files have been modified to include duplicated taxa before the scaled random trees are generated.
* Selected categorical labels column: diving.or.not
* diving.or.equal column is identical to Diving column.
* Regression excludes flying taxa.
* Diving labels that are present in regression: 0,2
* lambda (calculated from a random tree) = : 0.08
* index-name alignment check: OK
