Logfile for a session of program: bootstrap_binary.r
-----------------------------------------------------
INPUT:
workDir: C:/dino_nature/output/2023-11-07-D1\bs/set_730
Nbootstrapsets: 2000
phyloFDAfile: c:/dino_nature/code/phylo.fda.R
auxFile: c:/dino_nature/code/auxiliary.r
boneType: femur
regressionData.file: C:/dino_nature/output/2023-11-07-D1\bs/set_730/femur_set_730.csv
applyDataFilter: FALSE
addTreeTips: TRUE
Ntrees: 100
calculateTrees: TRUE
saveTrees: FALSE


OPERATIONAL CHECKS:
* Regression data contains multiple copies of some taxa (user added variants of existing test taxa 
   or replacements due to bootstrap are present) which are not in the phylo tree:
     original taxon,   duplicate   
"1","Procavia_capensis","Procavia_capensis.1"
"2","Procavia_capensis","Procavia_capensis.2"
"3","Raphus","Raphus.1"
"4","Apteryx_australis","Apteryx_australis.1"
"5","Lacerta_viridis","Lacerta_viridis.1"
"6","Mustela_nivalis","Mustela_nivalis.1"
"7","Lama_guanicoe","Lama_guanicoe.1"
"8","Apteryx_owenii_","Apteryx_owenii_.1"
"9","Lama_guanicoe","Lama_guanicoe.2"
"10","Strigiops_habroptilus","Strigiops_habroptilus.1"
"11","Apteryx_australis","Apteryx_australis.2"
"12","Tenrec_ecaudatus","Tenrec_ecaudatus.1"
"13","Rhinoceros_sondaicus","Rhinoceros_sondaicus.1"
"14","Giraffa_camelopardalis","Giraffa_camelopardalis.1"
"15","Dasyurus_maculatus","Dasyurus_maculatus.1"
"16","Myrmecophaga_tridactyla","Myrmecophaga_tridactyla.1"
"17","Procyon_lotor","Procyon_lotor.1"
"18","Elephas_maximus","Elephas_maximus.1"
"19","Champsosaurus","Champsosaurus.1"
"20","Caiman_yacare","Caiman_yacare.1"
"21","Hippopotamus_amphibius","Hippopotamus_amphibius.1"
"22","Otaria_byronia","Otaria_byronia.1"
"23","Remingtonocetus","Remingtonocetus.1"
"24","Otaria_byronia","Otaria_byronia.2"
"25","Hippopotamus_amphibius","Hippopotamus_amphibius.2"
"26","Hesperornis","Hesperornis.1"
"27","large_eocene_stem_penguin","large_eocene_stem_penguin.1"
"28","Castor_fiber","Castor_fiber.1"
"29","Dyrosaurid","Dyrosaurid.1"
"30","Nothosaurus_giganteus","Nothosaurus_giganteus.1"
"31","Rhaeticosaurus","Rhaeticosaurus.1"
"32","Alligator","Alligator.1"
"33","Nothosaurus_568","Nothosaurus_568.1"
"34","Leptophoca_proxima","Leptophoca_proxima.1"
"35","Leptophoca_proxima","Leptophoca_proxima.2"
"36","Rhaeticosaurus","Rhaeticosaurus.2"
"37","Hippopotamus_amphibius","Hippopotamus_amphibius.3"
"38","Otaria_byronia","Otaria_byronia.3"
"39","Ichtyosaur_sp","Ichtyosaur_sp.1"
"40","Otaria_byronia","Otaria_byronia.4"
"41","Leptophoca_proxima","Leptophoca_proxima.3"
"42","Ichtyosaur_sp","Ichtyosaur_sp.2"
"43","Spinosaurus_","Spinosaurus_.1"
"44","Spinosaurus_","Spinosaurus_.2"
"45","Spinosaurus_","Spinosaurus_.3"
"46","Spinosaurus_","Spinosaurus_.4"
"47","Spinosaurus_","Spinosaurus_.5"
"48","Spinosaurus_","Spinosaurus_.6"
"49","Spinosaurus_","Spinosaurus_.7"
"50","Spinosaurus_","Spinosaurus_.8"
"51","Spinosaurus_","Spinosaurus_.9"
"52","Spinosaurus_","Spinosaurus_.10"
"53","Spinosaurus_","Spinosaurus_.11"
"54","Suchomimus","Suchomimus.1"
"55","Suchomimus","Suchomimus.2"
"56","Suchomimus","Suchomimus.3"
"57","Baryonyx","Baryonyx.1"
"58","Baryonyx","Baryonyx.2"
"59","Baryonyx","Baryonyx.3"
 
* Phylo tree and the main data and strata files have been modified to include duplicated taxa before the scaled random trees are generated.
* Selected categorical labels column: diving.or.not
* diving.or.equal column is identical to Diving column.
* Regression excludes flying taxa.
* Diving labels that are present in regression: 0,2
* lambda (calculated from a random tree) = : 0.1
* index-name alignment check: OK
