Logfile for a session of program: bootstrap_binary.r
-----------------------------------------------------
INPUT:
workDir: C:/dino_nature/output/2023-11-07-D1\bs/set_1972
Nbootstrapsets: 2000
phyloFDAfile: c:/dino_nature/code/phylo.fda.R
auxFile: c:/dino_nature/code/auxiliary.r
boneType: femur
regressionData.file: C:/dino_nature/output/2023-11-07-D1\bs/set_1972/femur_set_1972.csv
applyDataFilter: FALSE
addTreeTips: TRUE
Ntrees: 100
calculateTrees: TRUE
saveTrees: FALSE


OPERATIONAL CHECKS:
* Regression data contains multiple copies of some taxa (user added variants of existing test taxa 
   or replacements due to bootstrap are present) which are not in the phylo tree:
     original taxon,   duplicate   
"1","Meles_meles","Meles_meles.1"
"2","Loxodonta_africana","Loxodonta_africana.1"
"3","Rangifer_tarandus","Rangifer_tarandus.1"
"4","Bos_taurus","Bos_taurus.1"
"5","Meles_meles","Meles_meles.2"
"6","Bison_bonasus","Bison_bonasus.1"
"7","Porphyrio_hochstetteri","Porphyrio_hochstetteri.1"
"8","Pogona_viceps","Pogona_viceps.1"
"9","Pogona_viceps","Pogona_viceps.2"
"10","Rangifer_tarandus","Rangifer_tarandus.2"
"11","Dasyurus_maculatus","Dasyurus_maculatus.1"
"12","Bos_taurus","Bos_taurus.2"
"13","Rhinoceros_sondaicus","Rhinoceros_sondaicus.1"
"14","Hemiechinus_azurites","Hemiechinus_azurites.1"
"15","Okapia_johnstoni","Okapia_johnstoni.1"
"16","Meles_meles","Meles_meles.3"
"17","Okapia_johnstoni","Okapia_johnstoni.2"
"18","Pogona_viceps","Pogona_viceps.3"
"19","Rhinoceros_sondaicus","Rhinoceros_sondaicus.2"
"20","Okapia_johnstoni","Okapia_johnstoni.3"
"21","Okapia_johnstoni","Okapia_johnstoni.4"
"22","Okapia_johnstoni","Okapia_johnstoni.5"
"23","Giraffa_camelopardalis","Giraffa_camelopardalis.1"
"24","Megaloceros_sp","Megaloceros_sp.1"
"25","Euroscaptor_micrura","Euroscaptor_micrura.1"
"26","Protochampsidae","Protochampsidae.1"
"27","Plesiosaurus","Plesiosaurus.1"
"28","Nothosaurus_150","Nothosaurus_150.1"
"29","Plesiosaurus","Plesiosaurus.2"
"30","Nothosaurus_568","Nothosaurus_568.1"
"31","Serpianosaurus","Serpianosaurus.1"
"32","Nothosaurus_mirabilis","Nothosaurus_mirabilis.1"
"33","Ichtyosaur_sp","Ichtyosaur_sp.1"
"34","Nanophoca_vitulinoides","Nanophoca_vitulinoides.1"
"35","Serpianosaurus","Serpianosaurus.2"
"36","Nothosaurus_568","Nothosaurus_568.2"
"37","Phocanella_pumila","Phocanella_pumila.1"
"38","Protochampsidae","Protochampsidae.2"
"39","Micropotamogale_euwenzorii","Micropotamogale_euwenzorii.1"
"40","Nothosaurus_150","Nothosaurus_150.2"
"41","Hesperornis","Hesperornis.1"
"42","Rhaeticosaurus","Rhaeticosaurus.1"
"43","Nothosaurus_giganteus","Nothosaurus_giganteus.1"
"44","Hexaprotodon_garyam","Hexaprotodon_garyam.1"
"45","Nothosaurus_mirabilis","Nothosaurus_mirabilis.2"
"46","Cricosaurus","Cricosaurus.1"
"47","Remingtonocetus","Remingtonocetus.1"
"48","Anarosaurus","Anarosaurus.1"
"49","Spinosaurus_","Spinosaurus_.1"
"50","Spinosaurus_","Spinosaurus_.2"
"51","Spinosaurus_","Spinosaurus_.3"
"52","Spinosaurus_","Spinosaurus_.4"
"53","Spinosaurus_","Spinosaurus_.5"
"54","Spinosaurus_","Spinosaurus_.6"
"55","Spinosaurus_","Spinosaurus_.7"
"56","Spinosaurus_","Spinosaurus_.8"
"57","Spinosaurus_","Spinosaurus_.9"
"58","Spinosaurus_","Spinosaurus_.10"
"59","Spinosaurus_","Spinosaurus_.11"
"60","Suchomimus","Suchomimus.1"
"61","Suchomimus","Suchomimus.2"
"62","Suchomimus","Suchomimus.3"
"63","Baryonyx","Baryonyx.1"
"64","Baryonyx","Baryonyx.2"
"65","Baryonyx","Baryonyx.3"
 
* Phylo tree and the main data and strata files have been modified to include duplicated taxa before the scaled random trees are generated.
* Selected categorical labels column: diving.or.not
* diving.or.equal column is identical to Diving column.
* Regression excludes flying taxa.
* Diving labels that are present in regression: 0,2
* lambda (calculated from a random tree) = : 0.15
* index-name alignment check: OK
