Logfile for a session of program: bootstrap_binary.r
-----------------------------------------------------
INPUT:
workDir: C:/dino_nature/output/2023-11-07-D1\bs/set_1690
Nbootstrapsets: 2000
phyloFDAfile: c:/dino_nature/code/phylo.fda.R
auxFile: c:/dino_nature/code/auxiliary.r
boneType: femur
regressionData.file: C:/dino_nature/output/2023-11-07-D1\bs/set_1690/femur_set_1690.csv
applyDataFilter: FALSE
addTreeTips: TRUE
Ntrees: 100
calculateTrees: TRUE
saveTrees: FALSE


OPERATIONAL CHECKS:
* Regression data contains multiple copies of some taxa (user added variants of existing test taxa 
   or replacements due to bootstrap are present) which are not in the phylo tree:
     original taxon,   duplicate   
"1","Porphyrio_hochstetteri","Porphyrio_hochstetteri.1"
"2","Rattus_rattus","Rattus_rattus.1"
"3","Rattus_rattus","Rattus_rattus.2"
"4","Dama_dama","Dama_dama.1"
"5","Dromaius_","Dromaius_.1"
"6","Diplomesodon_pulchellum","Diplomesodon_pulchellum.1"
"7","Vulpes_vulpes","Vulpes_vulpes.1"
"8","Dama_dama","Dama_dama.2"
"9","Microgale_thomasi","Microgale_thomasi.1"
"10","Megaloceros_sp","Megaloceros_sp.1"
"11","Euroscaptor_micrura","Euroscaptor_micrura.1"
"12","Rattus_rattus","Rattus_rattus.3"
"13","Taxidea_taxus","Taxidea_taxus.1"
"14","Loxodonta_africana","Loxodonta_africana.1"
"15","Diplomesodon_pulchellum","Diplomesodon_pulchellum.2"
"16","Brachyodus_onoideum","Brachyodus_onoideum.1"
"17","Tamandua_tetradactyla","Tamandua_tetradactyla.1"
"18","Brachyodus_onoideum","Brachyodus_onoideum.2"
"19","Cryptoclidus","Cryptoclidus.1"
"20","Micropotamogale_euwenzorii","Micropotamogale_euwenzorii.1"
"21","Metryorhynchus","Metryorhynchus.1"
"22","Simosaurus","Simosaurus.1"
"23","Desmostylus_hesperus","Desmostylus_hesperus.1"
"24","Choeropsis_liberiensis","Choeropsis_liberiensis.1"
"25","Hexaprotodon_garyam","Hexaprotodon_garyam.1"
"26","Lutra_vulgaris","Lutra_vulgaris.1"
"27","Nothosaurus_102","Nothosaurus_102.1"
"28","Hexaprotodon_garyam","Hexaprotodon_garyam.2"
"29","Anarosaurus","Anarosaurus.1"
"30","Desmostylus_hesperus","Desmostylus_hesperus.2"
"31","Spheniscus","Spheniscus.1"
"32","Ornithorhynchus_anatinus","Ornithorhynchus_anatinus.1"
"33","Nothosaurus_mirabilis_1","Nothosaurus_mirabilis_1.1"
"34","Cryptoclidus","Cryptoclidus.2"
"35","Choeropsis_liberiensis","Choeropsis_liberiensis.2"
"36","Placodontia_indet_1","Placodontia_indet_1.1"
"37","Metryorhynchus","Metryorhynchus.2"
"38","Cryptoclidus","Cryptoclidus.3"
"39","Small_Eocene_penguin","Small_Eocene_penguin.1"
"40","Rhaeticosaurus","Rhaeticosaurus.1"
"41","Nothosaurus_mirabilis_1","Nothosaurus_mirabilis_1.2"
"42","Champsosaurus","Champsosaurus.1"
"43","Hexaprotodon_garyam","Hexaprotodon_garyam.3"
"44","Champsosaurus","Champsosaurus.2"
"45","Nothosaurus_mirabilis_1","Nothosaurus_mirabilis_1.3"
"46","Spinosaurus_","Spinosaurus_.1"
"47","Spinosaurus_","Spinosaurus_.2"
"48","Spinosaurus_","Spinosaurus_.3"
"49","Spinosaurus_","Spinosaurus_.4"
"50","Spinosaurus_","Spinosaurus_.5"
"51","Spinosaurus_","Spinosaurus_.6"
"52","Spinosaurus_","Spinosaurus_.7"
"53","Spinosaurus_","Spinosaurus_.8"
"54","Spinosaurus_","Spinosaurus_.9"
"55","Spinosaurus_","Spinosaurus_.10"
"56","Spinosaurus_","Spinosaurus_.11"
"57","Suchomimus","Suchomimus.1"
"58","Suchomimus","Suchomimus.2"
"59","Suchomimus","Suchomimus.3"
"60","Baryonyx","Baryonyx.1"
"61","Baryonyx","Baryonyx.2"
"62","Baryonyx","Baryonyx.3"
 
* Phylo tree and the main data and strata files have been modified to include duplicated taxa before the scaled random trees are generated.
* Selected categorical labels column: diving.or.not
* diving.or.equal column is identical to Diving column.
* Regression excludes flying taxa.
* Diving labels that are present in regression: 0,2
* lambda (calculated from a random tree) = : 0.08
* index-name alignment check: OK
