Logfile for a session of program: bootstrap_binary.r
-----------------------------------------------------
INPUT:
workDir: C:/dino_nature/output/2023-11-07-D1\bs/set_431
Nbootstrapsets: 2000
phyloFDAfile: c:/dino_nature/code/phylo.fda.R
auxFile: c:/dino_nature/code/auxiliary.r
boneType: femur
regressionData.file: C:/dino_nature/output/2023-11-07-D1\bs/set_431/femur_set_431.csv
applyDataFilter: FALSE
addTreeTips: TRUE
Ntrees: 100
calculateTrees: TRUE
saveTrees: FALSE


OPERATIONAL CHECKS:
* Regression data contains multiple copies of some taxa (user added variants of existing test taxa 
   or replacements due to bootstrap are present) which are not in the phylo tree:
     original taxon,   duplicate   
"1","Euroscaptor_micrura","Euroscaptor_micrura.1"
"2","Meles_meles","Meles_meles.1"
"3","Sus_scrofa","Sus_scrofa.1"
"4","Bison_bonasus","Bison_bonasus.1"
"5","Megaloceros_sp","Megaloceros_sp.1"
"6","Porphyrio_hochstetteri","Porphyrio_hochstetteri.1"
"7","Procavia_capensis","Procavia_capensis.1"
"8","Meles_meles","Meles_meles.2"
"9","Pogona_viceps","Pogona_viceps.1"
"10","Porphyrio_hochstetteri","Porphyrio_hochstetteri.2"
"11","Elomeryx_borbonicus_","Elomeryx_borbonicus_.1"
"12","Elomeryx_borbonicus_","Elomeryx_borbonicus_.2"
"13","Myrmecophaga_tridactyla","Myrmecophaga_tridactyla.1"
"14","Sphenodon_punctatus","Sphenodon_punctatus.1"
"15","Tenrec_ecaudatus","Tenrec_ecaudatus.1"
"16","Bison_bonasus","Bison_bonasus.2"
"17","Rhinoceros_sondaicus","Rhinoceros_sondaicus.1"
"18","Megaloceros_sp","Megaloceros_sp.2"
"19","Sus_scrofa","Sus_scrofa.2"
"20","Sphenodon_punctatus","Sphenodon_punctatus.2"
"21","Chironectes_minimus","Chironectes_minimus.1"
"22","Protochampsidae","Protochampsidae.1"
"23","Basilosaurus","Basilosaurus.1"
"24","Remingtonocetus","Remingtonocetus.1"
"25","Metryorhynchus","Metryorhynchus.1"
"26","Remingtonocetus","Remingtonocetus.2"
"27","Hesperornis","Hesperornis.1"
"28","Plesiosaurus","Plesiosaurus.1"
"29","Cryptoclidus","Cryptoclidus.1"
"30","Rodhocetus","Rodhocetus.1"
"31","Leptophoca_proxima","Leptophoca_proxima.1"
"32","Desmostylus_hesperus","Desmostylus_hesperus.1"
"33","Lutra_vulgaris","Lutra_vulgaris.1"
"34","Hexaprotodon_garyam","Hexaprotodon_garyam.1"
"35","Ornithorhynchus_anatinus","Ornithorhynchus_anatinus.1"
"36","Lutra_vulgaris","Lutra_vulgaris.2"
"37","Pistosaurus","Pistosaurus.1"
"38","Ichtyosaur_sp","Ichtyosaur_sp.1"
"39","large_eocene_stem_penguin","large_eocene_stem_penguin.1"
"40","Micropotamogale_euwenzorii","Micropotamogale_euwenzorii.1"
"41","Hexaprotodon_garyam","Hexaprotodon_garyam.2"
"42","Palaeospheniscus","Palaeospheniscus.1"
"43","Spinosaurus_","Spinosaurus_.1"
"44","Spinosaurus_","Spinosaurus_.2"
"45","Spinosaurus_","Spinosaurus_.3"
"46","Spinosaurus_","Spinosaurus_.4"
"47","Spinosaurus_","Spinosaurus_.5"
"48","Spinosaurus_","Spinosaurus_.6"
"49","Spinosaurus_","Spinosaurus_.7"
"50","Spinosaurus_","Spinosaurus_.8"
"51","Spinosaurus_","Spinosaurus_.9"
"52","Spinosaurus_","Spinosaurus_.10"
"53","Spinosaurus_","Spinosaurus_.11"
"54","Suchomimus","Suchomimus.1"
"55","Suchomimus","Suchomimus.2"
"56","Suchomimus","Suchomimus.3"
"57","Baryonyx","Baryonyx.1"
"58","Baryonyx","Baryonyx.2"
"59","Baryonyx","Baryonyx.3"
 
* Phylo tree and the main data and strata files have been modified to include duplicated taxa before the scaled random trees are generated.
* Selected categorical labels column: diving.or.not
* diving.or.equal column is identical to Diving column.
* Regression excludes flying taxa.
* Diving labels that are present in regression: 0,2
* lambda (calculated from a random tree) = : 0.06
* index-name alignment check: OK
