Logfile for a session of program: bootstrap_binary.r
-----------------------------------------------------
INPUT:
workDir: C:/dino_nature/output/2023-11-07-D1\bs/set_761
Nbootstrapsets: 2000
phyloFDAfile: c:/dino_nature/code/phylo.fda.R
auxFile: c:/dino_nature/code/auxiliary.r
boneType: femur
regressionData.file: C:/dino_nature/output/2023-11-07-D1\bs/set_761/femur_set_761.csv
applyDataFilter: FALSE
addTreeTips: TRUE
Ntrees: 100
calculateTrees: TRUE
saveTrees: FALSE


OPERATIONAL CHECKS:
* Regression data contains multiple copies of some taxa (user added variants of existing test taxa 
   or replacements due to bootstrap are present) which are not in the phylo tree:
     original taxon,   duplicate   
"1","Rattus_rattus","Rattus_rattus.1"
"2","Sus_scrofa","Sus_scrofa.1"
"3","Sus_scrofa","Sus_scrofa.2"
"4","Lacerta_viridis","Lacerta_viridis.1"
"5","Loxodonta_africana","Loxodonta_africana.1"
"6","Rattus_rattus","Rattus_rattus.2"
"7","Uncia_uncia","Uncia_uncia.1"
"8","Sus_scrofa","Sus_scrofa.3"
"9","Rattus_rattus","Rattus_rattus.3"
"10","Hemiechinus_azurites","Hemiechinus_azurites.1"
"11","Loxodonta_africana","Loxodonta_africana.2"
"12","Lacerta_viridis","Lacerta_viridis.2"
"13","Vulpes_vulpes","Vulpes_vulpes.1"
"14","Apteryx_owenii_","Apteryx_owenii_.1"
"15","Ceratotherium_simum","Ceratotherium_simum.1"
"16","Apteryx_australis","Apteryx_australis.1"
"17","Lacerta_viridis","Lacerta_viridis.3"
"18","Syncerus_caffer","Syncerus_caffer.1"
"19","Elephas_maximus","Elephas_maximus.1"
"20","Hemiechinus_azurites","Hemiechinus_azurites.2"
"21","Apteryx_australis","Apteryx_australis.2"
"22","Chapsosaurus_","Chapsosaurus_.1"
"23","Choeropsis_liberiensis","Choeropsis_liberiensis.1"
"24","Rodhocetus","Rodhocetus.1"
"25","Chironectes_minimus","Chironectes_minimus.1"
"26","Phalacrocorax_harrisi","Phalacrocorax_harrisi.1"
"27","Lutra_vulgaris","Lutra_vulgaris.1"
"28","Simosaurus","Simosaurus.1"
"29","Hesperornis","Hesperornis.1"
"30","Nothosaurus_568","Nothosaurus_568.1"
"31","Paraplacodus","Paraplacodus.1"
"32","Nothosaurus_giganteus","Nothosaurus_giganteus.1"
"33","Maiacetus","Maiacetus.1"
"34","Protochampsidae","Protochampsidae.1"
"35","Serpianosaurus","Serpianosaurus.1"
"36","Nothosaurus_568","Nothosaurus_568.2"
"37","Psephoderma","Psephoderma.1"
"38","large_eocene_stem_penguin","large_eocene_stem_penguin.1"
"39","Phalacrocorax_harrisi","Phalacrocorax_harrisi.2"
"40","Spinosaurus_","Spinosaurus_.1"
"41","Spinosaurus_","Spinosaurus_.2"
"42","Spinosaurus_","Spinosaurus_.3"
"43","Spinosaurus_","Spinosaurus_.4"
"44","Spinosaurus_","Spinosaurus_.5"
"45","Spinosaurus_","Spinosaurus_.6"
"46","Spinosaurus_","Spinosaurus_.7"
"47","Spinosaurus_","Spinosaurus_.8"
"48","Spinosaurus_","Spinosaurus_.9"
"49","Spinosaurus_","Spinosaurus_.10"
"50","Spinosaurus_","Spinosaurus_.11"
"51","Suchomimus","Suchomimus.1"
"52","Suchomimus","Suchomimus.2"
"53","Suchomimus","Suchomimus.3"
"54","Baryonyx","Baryonyx.1"
"55","Baryonyx","Baryonyx.2"
"56","Baryonyx","Baryonyx.3"
 
* Phylo tree and the main data and strata files have been modified to include duplicated taxa before the scaled random trees are generated.
* Selected categorical labels column: diving.or.not
* diving.or.equal column is identical to Diving column.
* Regression excludes flying taxa.
* Diving labels that are present in regression: 0,2
* lambda (calculated from a random tree) = : 0.1
* index-name alignment check: OK
