Logfile for a session of program: bootstrap_binary.r
-----------------------------------------------------
INPUT:
workDir: C:/dino_nature/output/2023-11-07-D1\bs/set_643
Nbootstrapsets: 2000
phyloFDAfile: c:/dino_nature/code/phylo.fda.R
auxFile: c:/dino_nature/code/auxiliary.r
boneType: femur
regressionData.file: C:/dino_nature/output/2023-11-07-D1\bs/set_643/femur_set_643.csv
applyDataFilter: FALSE
addTreeTips: TRUE
Ntrees: 100
calculateTrees: TRUE
saveTrees: FALSE


OPERATIONAL CHECKS:
* Regression data contains multiple copies of some taxa (user added variants of existing test taxa 
   or replacements due to bootstrap are present) which are not in the phylo tree:
     original taxon,   duplicate   
"1","Apteryx_owenii_","Apteryx_owenii_.1"
"2","Felis_felis","Felis_felis.1"
"3","Loxodonta_africana","Loxodonta_africana.1"
"4","Tamandua_tetradactyla","Tamandua_tetradactyla.1"
"5","Alces_americanus","Alces_americanus.1"
"6","Felis_felis","Felis_felis.2"
"7","Pogona_viceps","Pogona_viceps.1"
"8","Felis_felis","Felis_felis.3"
"9","Procavia_capensis","Procavia_capensis.1"
"10","Cephalophus_silvicultor","Cephalophus_silvicultor.1"
"11","Lama_guanicoe","Lama_guanicoe.1"
"12","Rhinoceros_sondaicus","Rhinoceros_sondaicus.1"
"13","Mus_musculus","Mus_musculus.1"
"14","Mammuthus_sp","Mammuthus_sp.1"
"15","Cephalophus_silvicultor","Cephalophus_silvicultor.2"
"16","Apteryx_owenii_","Apteryx_owenii_.2"
"17","Rupicapra_rupicapra","Rupicapra_rupicapra.1"
"18","Microgale_thomasi","Microgale_thomasi.1"
"19","Tenrec_ecaudatus","Tenrec_ecaudatus.1"
"20","Microgale_thomasi","Microgale_thomasi.2"
"21","Lama_guanicoe","Lama_guanicoe.2"
"22","Lama_guanicoe","Lama_guanicoe.3"
"23","Apteryx_owenii_","Apteryx_owenii_.3"
"24","Rangifer_tarandus","Rangifer_tarandus.1"
"25","Lutra_vulgaris","Lutra_vulgaris.1"
"26","Chironectes_minimus","Chironectes_minimus.1"
"27","Serpianosaurus","Serpianosaurus.1"
"28","Maiacetus","Maiacetus.1"
"29","Rodhocetus","Rodhocetus.1"
"30","Choeropsis_liberiensis","Choeropsis_liberiensis.1"
"31","Caiman_yacare","Caiman_yacare.1"
"32","Ornithorhynchus_anatinus","Ornithorhynchus_anatinus.1"
"33","Dyrosaurid","Dyrosaurid.1"
"34","Maiacetus","Maiacetus.2"
"35","Ornithorhynchus_anatinus","Ornithorhynchus_anatinus.2"
"36","Alligator","Alligator.1"
"37","Micropotamogale_euwenzorii","Micropotamogale_euwenzorii.1"
"38","Maiacetus","Maiacetus.3"
"39","Chironectes_minimus","Chironectes_minimus.2"
"40","Hesperornis","Hesperornis.1"
"41","Rhaeticosaurus","Rhaeticosaurus.1"
"42","Lutra_vulgaris","Lutra_vulgaris.2"
"43","Micropotamogale_euwenzorii","Micropotamogale_euwenzorii.2"
"44","Remingtonocetus","Remingtonocetus.1"
"45","Nothosaurus_150","Nothosaurus_150.1"
"46","Spinosaurus_","Spinosaurus_.1"
"47","Spinosaurus_","Spinosaurus_.2"
"48","Spinosaurus_","Spinosaurus_.3"
"49","Spinosaurus_","Spinosaurus_.4"
"50","Spinosaurus_","Spinosaurus_.5"
"51","Spinosaurus_","Spinosaurus_.6"
"52","Spinosaurus_","Spinosaurus_.7"
"53","Spinosaurus_","Spinosaurus_.8"
"54","Spinosaurus_","Spinosaurus_.9"
"55","Spinosaurus_","Spinosaurus_.10"
"56","Spinosaurus_","Spinosaurus_.11"
"57","Suchomimus","Suchomimus.1"
"58","Suchomimus","Suchomimus.2"
"59","Suchomimus","Suchomimus.3"
"60","Baryonyx","Baryonyx.1"
"61","Baryonyx","Baryonyx.2"
"62","Baryonyx","Baryonyx.3"
 
* Phylo tree and the main data and strata files have been modified to include duplicated taxa before the scaled random trees are generated.
* Selected categorical labels column: diving.or.not
* diving.or.equal column is identical to Diving column.
* Regression excludes flying taxa.
* Diving labels that are present in regression: 0,2
* lambda (calculated from a random tree) = : 0.08
* index-name alignment check: OK
