Logfile for a session of program: bootstrap_binary.r
-----------------------------------------------------
INPUT:
workDir: C:/dino_nature/output/2023-11-07-D1\bs/set_1628
Nbootstrapsets: 2000
phyloFDAfile: c:/dino_nature/code/phylo.fda.R
auxFile: c:/dino_nature/code/auxiliary.r
boneType: femur
regressionData.file: C:/dino_nature/output/2023-11-07-D1\bs/set_1628/femur_set_1628.csv
applyDataFilter: FALSE
addTreeTips: TRUE
Ntrees: 100
calculateTrees: TRUE
saveTrees: FALSE


OPERATIONAL CHECKS:
* Regression data contains multiple copies of some taxa (user added variants of existing test taxa 
   or replacements due to bootstrap are present) which are not in the phylo tree:
     original taxon,   duplicate   
"1","Tenrec_ecaudatus","Tenrec_ecaudatus.1"
"2","Dama_dama","Dama_dama.1"
"3","Pogona_viceps","Pogona_viceps.1"
"4","Atlantisia_rogersi","Atlantisia_rogersi.1"
"5","Lacerta_viridis","Lacerta_viridis.1"
"6","Dama_dama","Dama_dama.2"
"7","Giraffa_camelopardalis","Giraffa_camelopardalis.1"
"8","Dicerorhinus_sumatrensis","Dicerorhinus_sumatrensis.1"
"9","Strigiops_habroptilus","Strigiops_habroptilus.1"
"10","Dama_dama","Dama_dama.3"
"11","Tamandua_tetradactyla","Tamandua_tetradactyla.1"
"12","Dicerorhinus_sumatrensis","Dicerorhinus_sumatrensis.2"
"13","Dasyurus_maculatus","Dasyurus_maculatus.1"
"14","Giraffa_camelopardalis","Giraffa_camelopardalis.2"
"15","Strigiops_habroptilus","Strigiops_habroptilus.2"
"16","Vulpes_vulpes","Vulpes_vulpes.1"
"17","Bos_taurus","Bos_taurus.1"
"18","Rhinoceros_sondaicus","Rhinoceros_sondaicus.1"
"19","Phocanella_pumila","Phocanella_pumila.1"
"20","Alligator","Alligator.1"
"21","Placondontia_indet","Placondontia_indet.1"
"22","Champsosaurus","Champsosaurus.1"
"23","Nothosaurus_mirabilis_1","Nothosaurus_mirabilis_1.1"
"24","Cryptoclidus","Cryptoclidus.1"
"25","Nanophoca_vitulinoides","Nanophoca_vitulinoides.1"
"26","Otaria_byronia","Otaria_byronia.1"
"27","Maiacetus","Maiacetus.1"
"28","Dyrosaurid","Dyrosaurid.1"
"29","Aptenodytes______","Aptenodytes______.1"
"30","Ornithorhynchus_anatinus","Ornithorhynchus_anatinus.1"
"31","Ornithorhynchus_anatinus","Ornithorhynchus_anatinus.2"
"32","Nothosaurus_568","Nothosaurus_568.1"
"33","Ornithorhynchus_anatinus","Ornithorhynchus_anatinus.3"
"34","Aptenodytes______","Aptenodytes______.2"
"35","Cryptoclidus","Cryptoclidus.2"
"36","Champsosaurus","Champsosaurus.2"
"37","Simosaurus","Simosaurus.1"
"38","Ornithorhynchus_anatinus","Ornithorhynchus_anatinus.4"
"39","Nothosaurus_mirabilis","Nothosaurus_mirabilis.1"
"40","Ichtyosaur_sp","Ichtyosaur_sp.1"
"41","Plesiosaurus","Plesiosaurus.1"
"42","Alligator","Alligator.2"
"43","Alligator","Alligator.3"
"44","Noemys_fodies","Noemys_fodies.1"
"45","Nothosaurus_568","Nothosaurus_568.2"
"46","Protochampsidae","Protochampsidae.1"
"47","Spinosaurus_","Spinosaurus_.1"
"48","Spinosaurus_","Spinosaurus_.2"
"49","Spinosaurus_","Spinosaurus_.3"
"50","Spinosaurus_","Spinosaurus_.4"
"51","Spinosaurus_","Spinosaurus_.5"
"52","Spinosaurus_","Spinosaurus_.6"
"53","Spinosaurus_","Spinosaurus_.7"
"54","Spinosaurus_","Spinosaurus_.8"
"55","Spinosaurus_","Spinosaurus_.9"
"56","Spinosaurus_","Spinosaurus_.10"
"57","Spinosaurus_","Spinosaurus_.11"
"58","Suchomimus","Suchomimus.1"
"59","Suchomimus","Suchomimus.2"
"60","Suchomimus","Suchomimus.3"
"61","Baryonyx","Baryonyx.1"
"62","Baryonyx","Baryonyx.2"
"63","Baryonyx","Baryonyx.3"
 
* Phylo tree and the main data and strata files have been modified to include duplicated taxa before the scaled random trees are generated.
* Selected categorical labels column: diving.or.not
* diving.or.equal column is identical to Diving column.
* Regression excludes flying taxa.
* Diving labels that are present in regression: 0,2
* lambda (calculated from a random tree) = : 0.15
* index-name alignment check: OK
