Logfile for a session of program: bootstrap_binary.r
-----------------------------------------------------
INPUT:
workDir: C:/dino_nature/output/2023-11-07-D1\bs/set_1007
Nbootstrapsets: 2000
phyloFDAfile: c:/dino_nature/code/phylo.fda.R
auxFile: c:/dino_nature/code/auxiliary.r
boneType: femur
regressionData.file: C:/dino_nature/output/2023-11-07-D1\bs/set_1007/femur_set_1007.csv
applyDataFilter: FALSE
addTreeTips: TRUE
Ntrees: 100
calculateTrees: TRUE
saveTrees: FALSE


OPERATIONAL CHECKS:
* Regression data contains multiple copies of some taxa (user added variants of existing test taxa 
   or replacements due to bootstrap are present) which are not in the phylo tree:
     original taxon,   duplicate   
"1","Euroscaptor_micrura","Euroscaptor_micrura.1"
"2","Dromaius_","Dromaius_.1"
"3","Dromaius_","Dromaius_.2"
"4","Megaloceros_sp","Megaloceros_sp.1"
"5","Myrmecophaga_tridactyla","Myrmecophaga_tridactyla.1"
"6","Bos_taurus","Bos_taurus.1"
"7","Rhynchocyon_petersi","Rhynchocyon_petersi.1"
"8","Dromaius_","Dromaius_.3"
"9","Rynochetus_jubatus","Rynochetus_jubatus.1"
"10","Rhynchocyon_petersi","Rhynchocyon_petersi.2"
"11","Euroscaptor_micrura","Euroscaptor_micrura.2"
"12","Rynochetus_jubatus","Rynochetus_jubatus.2"
"13","Bos_taurus","Bos_taurus.2"
"14","Rynochetus_jubatus","Rynochetus_jubatus.3"
"15","Dicerorhinus_sumatrensis","Dicerorhinus_sumatrensis.1"
"16","Megaloceros_sp","Megaloceros_sp.2"
"17","Tribonyx_mortieri","Tribonyx_mortieri.1"
"18","Bos_taurus","Bos_taurus.3"
"19","Felis_felis","Felis_felis.1"
"20","Sus_scrofa","Sus_scrofa.1"
"21","Giraffa_camelopardalis","Giraffa_camelopardalis.1"
"22","Ceratotherium_simum","Ceratotherium_simum.1"
"23","Simosaurus","Simosaurus.1"
"24","Simosaurus","Simosaurus.2"
"25","Aptenodytes______","Aptenodytes______.1"
"26","Paraplacodus","Paraplacodus.1"
"27","Cryptoclidus","Cryptoclidus.1"
"28","Paraplacodus","Paraplacodus.2"
"29","Chironectes_minimus","Chironectes_minimus.1"
"30","Dyrosaurid","Dyrosaurid.1"
"31","Placodontia_indet_1","Placodontia_indet_1.1"
"32","Choeropsis_liberiensis","Choeropsis_liberiensis.1"
"33","Anarosaurus","Anarosaurus.1"
"34","Dyrosaurid","Dyrosaurid.2"
"35","Small_Eocene_penguin","Small_Eocene_penguin.1"
"36","Ornithorhynchus_anatinus","Ornithorhynchus_anatinus.1"
"37","Psephoderma","Psephoderma.1"
"38","Caiman_yacare","Caiman_yacare.1"
"39","Spinosaurus_","Spinosaurus_.1"
"40","Spinosaurus_","Spinosaurus_.2"
"41","Spinosaurus_","Spinosaurus_.3"
"42","Spinosaurus_","Spinosaurus_.4"
"43","Spinosaurus_","Spinosaurus_.5"
"44","Spinosaurus_","Spinosaurus_.6"
"45","Spinosaurus_","Spinosaurus_.7"
"46","Spinosaurus_","Spinosaurus_.8"
"47","Spinosaurus_","Spinosaurus_.9"
"48","Spinosaurus_","Spinosaurus_.10"
"49","Spinosaurus_","Spinosaurus_.11"
"50","Suchomimus","Suchomimus.1"
"51","Suchomimus","Suchomimus.2"
"52","Suchomimus","Suchomimus.3"
"53","Baryonyx","Baryonyx.1"
"54","Baryonyx","Baryonyx.2"
"55","Baryonyx","Baryonyx.3"
 
* Phylo tree and the main data and strata files have been modified to include duplicated taxa before the scaled random trees are generated.
* Selected categorical labels column: diving.or.not
* diving.or.equal column is identical to Diving column.
* Regression excludes flying taxa.
* Diving labels that are present in regression: 0,2
* lambda (calculated from a random tree) = : 0.09
* index-name alignment check: OK
