Logfile for a session of program: bootstrap_binary.r
-----------------------------------------------------
INPUT:
workDir: C:/dino_nature/output/2023-11-07-D1\bs/set_581
Nbootstrapsets: 2000
phyloFDAfile: c:/dino_nature/code/phylo.fda.R
auxFile: c:/dino_nature/code/auxiliary.r
boneType: femur
regressionData.file: C:/dino_nature/output/2023-11-07-D1\bs/set_581/femur_set_581.csv
applyDataFilter: FALSE
addTreeTips: TRUE
Ntrees: 100
calculateTrees: TRUE
saveTrees: FALSE


OPERATIONAL CHECKS:
* Regression data contains multiple copies of some taxa (user added variants of existing test taxa 
   or replacements due to bootstrap are present) which are not in the phylo tree:
     original taxon,   duplicate   
"1","Dromaius_","Dromaius_.1"
"2","Pogona_viceps","Pogona_viceps.1"
"3","Dromaius_","Dromaius_.2"
"4","Brachyodus_onoideum","Brachyodus_onoideum.1"
"5","Elomeryx_borbonicus_","Elomeryx_borbonicus_.1"
"6","Paguma_larvata","Paguma_larvata.1"
"7","Alces_americanus","Alces_americanus.1"
"8","Procyon_lotor","Procyon_lotor.1"
"9","Alces_americanus","Alces_americanus.2"
"10","Brachyodus_onoideum","Brachyodus_onoideum.2"
"11","Sus_scrofa","Sus_scrofa.1"
"12","Mus_musculus","Mus_musculus.1"
"13","Paguma_larvata","Paguma_larvata.2"
"14","Megaloceros_sp","Megaloceros_sp.1"
"15","Tribonyx_mortieri","Tribonyx_mortieri.1"
"16","Nyctereutes_procyonoides","Nyctereutes_procyonoides.1"
"17","Pogona_viceps","Pogona_viceps.2"
"18","Sus_scrofa","Sus_scrofa.2"
"19","Nyctereutes_procyonoides","Nyctereutes_procyonoides.2"
"20","Paguma_larvata","Paguma_larvata.3"
"21","Bison_bonasus","Bison_bonasus.1"
"22","Sus_scrofa","Sus_scrofa.3"
"23","Nyctereutes_procyonoides","Nyctereutes_procyonoides.3"
"24","Rhaeticosaurus","Rhaeticosaurus.1"
"25","Nothosaurus_150","Nothosaurus_150.1"
"26","Neusticosaurus","Neusticosaurus.1"
"27","Palaeospheniscus","Palaeospheniscus.1"
"28","Alligator","Alligator.1"
"29","Simosaurus_1","Simosaurus_1.1"
"30","Caiman_yacare","Caiman_yacare.1"
"31","Spheniscus","Spheniscus.1"
"32","Nothosaurus_mirabilis","Nothosaurus_mirabilis.1"
"33","Phalacrocorax_harrisi","Phalacrocorax_harrisi.1"
"34","Champsosaurus","Champsosaurus.1"
"35","Desmana_moschata","Desmana_moschata.1"
"36","Rodhocetus","Rodhocetus.1"
"37","Placondontia_indet","Placondontia_indet.1"
"38","Spheniscus","Spheniscus.2"
"39","Chironectes_minimus","Chironectes_minimus.1"
"40","Chironectes_minimus","Chironectes_minimus.2"
"41","Rodhocetus","Rodhocetus.2"
"42","large_eocene_stem_penguin","large_eocene_stem_penguin.1"
"43","Spinosaurus_","Spinosaurus_.1"
"44","Spinosaurus_","Spinosaurus_.2"
"45","Spinosaurus_","Spinosaurus_.3"
"46","Spinosaurus_","Spinosaurus_.4"
"47","Spinosaurus_","Spinosaurus_.5"
"48","Spinosaurus_","Spinosaurus_.6"
"49","Spinosaurus_","Spinosaurus_.7"
"50","Spinosaurus_","Spinosaurus_.8"
"51","Spinosaurus_","Spinosaurus_.9"
"52","Spinosaurus_","Spinosaurus_.10"
"53","Spinosaurus_","Spinosaurus_.11"
"54","Suchomimus","Suchomimus.1"
"55","Suchomimus","Suchomimus.2"
"56","Suchomimus","Suchomimus.3"
"57","Baryonyx","Baryonyx.1"
"58","Baryonyx","Baryonyx.2"
"59","Baryonyx","Baryonyx.3"
 
* Phylo tree and the main data and strata files have been modified to include duplicated taxa before the scaled random trees are generated.
* Selected categorical labels column: diving.or.not
* diving.or.equal column is identical to Diving column.
* Regression excludes flying taxa.
* Diving labels that are present in regression: 0,2
* lambda (calculated from a random tree) = : 0.08
* index-name alignment check: OK
