Logfile for a session of program: bootstrap_binary.r
-----------------------------------------------------
INPUT:
workDir: C:/dino_nature/output/2023-11-07-D1\bs/set_1817
Nbootstrapsets: 2000
phyloFDAfile: c:/dino_nature/code/phylo.fda.R
auxFile: c:/dino_nature/code/auxiliary.r
boneType: femur
regressionData.file: C:/dino_nature/output/2023-11-07-D1\bs/set_1817/femur_set_1817.csv
applyDataFilter: FALSE
addTreeTips: TRUE
Ntrees: 100
calculateTrees: TRUE
saveTrees: FALSE


OPERATIONAL CHECKS:
* Regression data contains multiple copies of some taxa (user added variants of existing test taxa 
   or replacements due to bootstrap are present) which are not in the phylo tree:
     original taxon,   duplicate   
"1","Rupicapra_rupicapra","Rupicapra_rupicapra.1"
"2","Rangifer_tarandus","Rangifer_tarandus.1"
"3","Rupicapra_rupicapra","Rupicapra_rupicapra.2"
"4","Meles_meles","Meles_meles.1"
"5","Meles_meles","Meles_meles.2"
"6","Ceratotherium_simum","Ceratotherium_simum.1"
"7","Loxodonta_africana","Loxodonta_africana.1"
"8","Mammuthus_sp","Mammuthus_sp.1"
"9","Brachyodus_onoideum","Brachyodus_onoideum.1"
"10","Rangifer_tarandus","Rangifer_tarandus.2"
"11","Okapia_johnstoni","Okapia_johnstoni.1"
"12","Okapia_johnstoni","Okapia_johnstoni.2"
"13","Mus_musculus","Mus_musculus.1"
"14","Xenicus_giliventris","Xenicus_giliventris.1"
"15","Taxidea_taxus","Taxidea_taxus.1"
"16","Okapia_johnstoni","Okapia_johnstoni.3"
"17","Okapia_johnstoni","Okapia_johnstoni.4"
"18","Procavia_capensis","Procavia_capensis.1"
"19","Paguma_larvata","Paguma_larvata.1"
"20","Brachyodus_onoideum","Brachyodus_onoideum.2"
"21","Rhinoceros_sondaicus","Rhinoceros_sondaicus.1"
"22","Tribonyx_mortieri","Tribonyx_mortieri.1"
"23","Otaria_byronia","Otaria_byronia.1"
"24","Protochampsidae","Protochampsidae.1"
"25","Rodhocetus","Rodhocetus.1"
"26","Hexaprotodon_garyam","Hexaprotodon_garyam.1"
"27","Serpianosaurus","Serpianosaurus.1"
"28","Micropotamogale_euwenzorii","Micropotamogale_euwenzorii.1"
"29","Desmostylus_hesperus","Desmostylus_hesperus.1"
"30","Rhaeticosaurus","Rhaeticosaurus.1"
"31","Nothosaurus_giganteus","Nothosaurus_giganteus.1"
"32","Basilosaurus","Basilosaurus.1"
"33","Simosaurus_1","Simosaurus_1.1"
"34","Castor_fiber","Castor_fiber.1"
"35","Micropotamogale_euwenzorii","Micropotamogale_euwenzorii.2"
"36","Aptenodytes______","Aptenodytes______.1"
"37","Nothosaurus_102","Nothosaurus_102.1"
"38","Castor_fiber","Castor_fiber.2"
"39","Leptophoca_proxima","Leptophoca_proxima.1"
"40","Castor_fiber","Castor_fiber.3"
"41","Small_Eocene_penguin","Small_Eocene_penguin.1"
"42","Nanophoca_vitulinoides","Nanophoca_vitulinoides.1"
"43","Basilosaurus","Basilosaurus.2"
"44","Chapsosaurus_","Chapsosaurus_.1"
"45","Caiman_yacare","Caiman_yacare.1"
"46","Spinosaurus_","Spinosaurus_.1"
"47","Spinosaurus_","Spinosaurus_.2"
"48","Spinosaurus_","Spinosaurus_.3"
"49","Spinosaurus_","Spinosaurus_.4"
"50","Spinosaurus_","Spinosaurus_.5"
"51","Spinosaurus_","Spinosaurus_.6"
"52","Spinosaurus_","Spinosaurus_.7"
"53","Spinosaurus_","Spinosaurus_.8"
"54","Spinosaurus_","Spinosaurus_.9"
"55","Spinosaurus_","Spinosaurus_.10"
"56","Spinosaurus_","Spinosaurus_.11"
"57","Suchomimus","Suchomimus.1"
"58","Suchomimus","Suchomimus.2"
"59","Suchomimus","Suchomimus.3"
"60","Baryonyx","Baryonyx.1"
"61","Baryonyx","Baryonyx.2"
"62","Baryonyx","Baryonyx.3"
 
* Phylo tree and the main data and strata files have been modified to include duplicated taxa before the scaled random trees are generated.
* Selected categorical labels column: diving.or.not
* diving.or.equal column is identical to Diving column.
* Regression excludes flying taxa.
* Diving labels that are present in regression: 0,2
* lambda (calculated from a random tree) = : 0.09
* index-name alignment check: OK
