Logfile for a session of program: bootstrap_binary.r
-----------------------------------------------------
INPUT:
workDir: C:/dino_nature/output/2023-11-07-D1\bs/set_1889
Nbootstrapsets: 2000
phyloFDAfile: c:/dino_nature/code/phylo.fda.R
auxFile: c:/dino_nature/code/auxiliary.r
boneType: femur
regressionData.file: C:/dino_nature/output/2023-11-07-D1\bs/set_1889/femur_set_1889.csv
applyDataFilter: FALSE
addTreeTips: TRUE
Ntrees: 100
calculateTrees: TRUE
saveTrees: FALSE


OPERATIONAL CHECKS:
* Regression data contains multiple copies of some taxa (user added variants of existing test taxa 
   or replacements due to bootstrap are present) which are not in the phylo tree:
     original taxon,   duplicate   
"1","Procavia_capensis","Procavia_capensis.1"
"2","Uncia_uncia","Uncia_uncia.1"
"3","Caloenas_nicobarica","Caloenas_nicobarica.1"
"4","Atlantisia_rogersi","Atlantisia_rogersi.1"
"5","Megaloceros_sp","Megaloceros_sp.1"
"6","Rhinoceros_sondaicus","Rhinoceros_sondaicus.1"
"7","Taxidea_taxus","Taxidea_taxus.1"
"8","Elephas_maximus","Elephas_maximus.1"
"9","Tribonyx_mortieri","Tribonyx_mortieri.1"
"10","Rattus_rattus","Rattus_rattus.1"
"11","Lama_guanicoe","Lama_guanicoe.1"
"12","Elephas_maximus","Elephas_maximus.2"
"13","Tribonyx_mortieri","Tribonyx_mortieri.2"
"14","Sus_scrofa","Sus_scrofa.1"
"15","Dromaius_","Dromaius_.1"
"16","Atlantisia_rogersi","Atlantisia_rogersi.2"
"17","Elomeryx_borbonicus_","Elomeryx_borbonicus_.1"
"18","Uncia_uncia","Uncia_uncia.2"
"19","Ceratotherium_simum","Ceratotherium_simum.1"
"20","Caloenas_nicobarica","Caloenas_nicobarica.2"
"21","Rhinoceros_sondaicus","Rhinoceros_sondaicus.2"
"22","Elomeryx_borbonicus_","Elomeryx_borbonicus_.2"
"23","Paguma_larvata","Paguma_larvata.1"
"24","Dromaius_","Dromaius_.2"
"25","Nothosaurus_150","Nothosaurus_150.1"
"26","Desmostylus_hesperus","Desmostylus_hesperus.1"
"27","Phocanella_pumila","Phocanella_pumila.1"
"28","Champsosaurus","Champsosaurus.1"
"29","Phocanella_pumila","Phocanella_pumila.2"
"30","Protochampsidae","Protochampsidae.1"
"31","Cryptoclidus","Cryptoclidus.1"
"32","Phocanella_pumila","Phocanella_pumila.3"
"33","Nothosaurus_giganteus","Nothosaurus_giganteus.1"
"34","Dyrosaurid","Dyrosaurid.1"
"35","large_eocene_stem_penguin","large_eocene_stem_penguin.1"
"36","Protochampsidae","Protochampsidae.2"
"37","Tapirus_terrestris","Tapirus_terrestris.1"
"38","Phocanella_pumila","Phocanella_pumila.4"
"39","Tapirus_terrestris","Tapirus_terrestris.2"
"40","Phocanella_pumila","Phocanella_pumila.5"
"41","Simosaurus_1","Simosaurus_1.1"
"42","Neusticosaurus","Neusticosaurus.1"
"43","Dyrosaurid","Dyrosaurid.2"
"44","Tapirus_terrestris","Tapirus_terrestris.3"
"45","Indohyus","Indohyus.1"
"46","Spinosaurus_","Spinosaurus_.1"
"47","Spinosaurus_","Spinosaurus_.2"
"48","Spinosaurus_","Spinosaurus_.3"
"49","Spinosaurus_","Spinosaurus_.4"
"50","Spinosaurus_","Spinosaurus_.5"
"51","Spinosaurus_","Spinosaurus_.6"
"52","Spinosaurus_","Spinosaurus_.7"
"53","Spinosaurus_","Spinosaurus_.8"
"54","Spinosaurus_","Spinosaurus_.9"
"55","Spinosaurus_","Spinosaurus_.10"
"56","Spinosaurus_","Spinosaurus_.11"
"57","Suchomimus","Suchomimus.1"
"58","Suchomimus","Suchomimus.2"
"59","Suchomimus","Suchomimus.3"
"60","Baryonyx","Baryonyx.1"
"61","Baryonyx","Baryonyx.2"
"62","Baryonyx","Baryonyx.3"
 
* Phylo tree and the main data and strata files have been modified to include duplicated taxa before the scaled random trees are generated.
* Selected categorical labels column: diving.or.not
* diving.or.equal column is identical to Diving column.
* Regression excludes flying taxa.
* Diving labels that are present in regression: 0,2
* lambda (calculated from a random tree) = : 0.1
* index-name alignment check: OK
