Logfile for a session of program: bootstrap_binary.r
-----------------------------------------------------
INPUT:
workDir: C:/dino_nature/output/2023-11-07-D1\bs/set_558
Nbootstrapsets: 2000
phyloFDAfile: c:/dino_nature/code/phylo.fda.R
auxFile: c:/dino_nature/code/auxiliary.r
boneType: femur
regressionData.file: C:/dino_nature/output/2023-11-07-D1\bs/set_558/femur_set_558.csv
applyDataFilter: FALSE
addTreeTips: TRUE
Ntrees: 100
calculateTrees: TRUE
saveTrees: FALSE


OPERATIONAL CHECKS:
* Regression data contains multiple copies of some taxa (user added variants of existing test taxa 
   or replacements due to bootstrap are present) which are not in the phylo tree:
     original taxon,   duplicate   
"1","Okapia_johnstoni","Okapia_johnstoni.1"
"2","Brachyodus_onoideum","Brachyodus_onoideum.1"
"3","Brachyodus_onoideum","Brachyodus_onoideum.2"
"4","Euroscaptor_micrura","Euroscaptor_micrura.1"
"5","Taxidea_taxus","Taxidea_taxus.1"
"6","Rynochetus_jubatus","Rynochetus_jubatus.1"
"7","Rattus_rattus","Rattus_rattus.1"
"8","Strigiops_habroptilus","Strigiops_habroptilus.1"
"9","Diplomesodon_pulchellum","Diplomesodon_pulchellum.1"
"10","Porphyrio_hochstetteri","Porphyrio_hochstetteri.1"
"11","Caloenas_nicobarica","Caloenas_nicobarica.1"
"12","Caloenas_nicobarica","Caloenas_nicobarica.2"
"13","Caloenas_nicobarica","Caloenas_nicobarica.3"
"14","Dromaius_","Dromaius_.1"
"15","Felis_felis","Felis_felis.1"
"16","Taxidea_taxus","Taxidea_taxus.2"
"17","Felis_felis","Felis_felis.2"
"18","Procavia_capensis","Procavia_capensis.1"
"19","Callophoca_obscura","Callophoca_obscura.1"
"20","Hippopotamus_amphibius","Hippopotamus_amphibius.1"
"21","Callophoca_obscura","Callophoca_obscura.2"
"22","Neusticosaurus","Neusticosaurus.1"
"23","Nothosaurus_568","Nothosaurus_568.1"
"24","Nothosaurus_mirabilis","Nothosaurus_mirabilis.1"
"25","Chironectes_minimus","Chironectes_minimus.1"
"26","Placodontia_indet_1","Placodontia_indet_1.1"
"27","Nothosaurus_568","Nothosaurus_568.2"
"28","Ichtyosaurus_","Ichtyosaurus_.1"
"29","Castor_fiber","Castor_fiber.1"
"30","Castor_fiber","Castor_fiber.2"
"31","Nothosaurus_mirabilis","Nothosaurus_mirabilis.2"
"32","Desmana_moschata","Desmana_moschata.1"
"33","Serpianosaurus","Serpianosaurus.1"
"34","Dyrosaurid","Dyrosaurid.1"
"35","Chironectes_minimus","Chironectes_minimus.2"
"36","Cricosaurus","Cricosaurus.1"
"37","Simosaurus","Simosaurus.1"
"38","Psephoderma","Psephoderma.1"
"39","Plesiosaurus","Plesiosaurus.1"
"40","Cricosaurus","Cricosaurus.2"
"41","Spinosaurus_","Spinosaurus_.1"
"42","Spinosaurus_","Spinosaurus_.2"
"43","Spinosaurus_","Spinosaurus_.3"
"44","Spinosaurus_","Spinosaurus_.4"
"45","Spinosaurus_","Spinosaurus_.5"
"46","Spinosaurus_","Spinosaurus_.6"
"47","Spinosaurus_","Spinosaurus_.7"
"48","Spinosaurus_","Spinosaurus_.8"
"49","Spinosaurus_","Spinosaurus_.9"
"50","Spinosaurus_","Spinosaurus_.10"
"51","Spinosaurus_","Spinosaurus_.11"
"52","Suchomimus","Suchomimus.1"
"53","Suchomimus","Suchomimus.2"
"54","Suchomimus","Suchomimus.3"
"55","Baryonyx","Baryonyx.1"
"56","Baryonyx","Baryonyx.2"
"57","Baryonyx","Baryonyx.3"
 
* Phylo tree and the main data and strata files have been modified to include duplicated taxa before the scaled random trees are generated.
* Selected categorical labels column: diving.or.not
* diving.or.equal column is identical to Diving column.
* Regression excludes flying taxa.
* Diving labels that are present in regression: 0,2
* lambda (calculated from a random tree) = : 0.09
* index-name alignment check: OK
