Logfile for a session of program: bootstrap_binary.r
-----------------------------------------------------
INPUT:
workDir: C:/dino_nature/output/2023-11-07-D1\bs/set_711
Nbootstrapsets: 2000
phyloFDAfile: c:/dino_nature/code/phylo.fda.R
auxFile: c:/dino_nature/code/auxiliary.r
boneType: femur
regressionData.file: C:/dino_nature/output/2023-11-07-D1\bs/set_711/femur_set_711.csv
applyDataFilter: FALSE
addTreeTips: TRUE
Ntrees: 100
calculateTrees: TRUE
saveTrees: FALSE


OPERATIONAL CHECKS:
* Regression data contains multiple copies of some taxa (user added variants of existing test taxa 
   or replacements due to bootstrap are present) which are not in the phylo tree:
     original taxon,   duplicate   
"1","Brachyodus_onoideum","Brachyodus_onoideum.1"
"2","Tenrec_ecaudatus","Tenrec_ecaudatus.1"
"3","Meles_meles","Meles_meles.1"
"4","Dama_dama","Dama_dama.1"
"5","Brachyodus_onoideum","Brachyodus_onoideum.2"
"6","Uncia_uncia","Uncia_uncia.1"
"7","Alces_americanus","Alces_americanus.1"
"8","Elomeryx_borbonicus_","Elomeryx_borbonicus_.1"
"9","Brachyodus_onoideum","Brachyodus_onoideum.3"
"10","Syncerus_caffer","Syncerus_caffer.1"
"11","Meles_meles","Meles_meles.2"
"12","Mustela_nivalis","Mustela_nivalis.1"
"13","Alces_americanus","Alces_americanus.2"
"14","Dama_dama","Dama_dama.2"
"15","Dama_dama","Dama_dama.3"
"16","Lacerta_viridis","Lacerta_viridis.1"
"17","Uncia_uncia","Uncia_uncia.2"
"18","Diplomesodon_pulchellum","Diplomesodon_pulchellum.1"
"19","Diplomesodon_pulchellum","Diplomesodon_pulchellum.2"
"20","Uncia_uncia","Uncia_uncia.3"
"21","Syncerus_caffer","Syncerus_caffer.2"
"22","Phocanella_pumila","Phocanella_pumila.1"
"23","Spheniscus","Spheniscus.1"
"24","Maiacetus","Maiacetus.1"
"25","Phocanella_pumila","Phocanella_pumila.2"
"26","Castor_fiber","Castor_fiber.1"
"27","Palaeospheniscus","Palaeospheniscus.1"
"28","Palaeospheniscus","Palaeospheniscus.2"
"29","Nothosaurus_mirabilis","Nothosaurus_mirabilis.1"
"30","Spheniscus","Spheniscus.2"
"31","Placodontia_indet_1","Placodontia_indet_1.1"
"32","Plesiosaurus","Plesiosaurus.1"
"33","Phocanella_pumila","Phocanella_pumila.3"
"34","Simosaurus","Simosaurus.1"
"35","Serpianosaurus","Serpianosaurus.1"
"36","Nanophoca_vitulinoides","Nanophoca_vitulinoides.1"
"37","Leptophoca_proxima","Leptophoca_proxima.1"
"38","Phalacrocorax_harrisi","Phalacrocorax_harrisi.1"
"39","Pistosaurus","Pistosaurus.1"
"40","Champsosaurus","Champsosaurus.1"
"41","Spinosaurus_","Spinosaurus_.1"
"42","Spinosaurus_","Spinosaurus_.2"
"43","Spinosaurus_","Spinosaurus_.3"
"44","Spinosaurus_","Spinosaurus_.4"
"45","Spinosaurus_","Spinosaurus_.5"
"46","Spinosaurus_","Spinosaurus_.6"
"47","Spinosaurus_","Spinosaurus_.7"
"48","Spinosaurus_","Spinosaurus_.8"
"49","Spinosaurus_","Spinosaurus_.9"
"50","Spinosaurus_","Spinosaurus_.10"
"51","Spinosaurus_","Spinosaurus_.11"
"52","Suchomimus","Suchomimus.1"
"53","Suchomimus","Suchomimus.2"
"54","Suchomimus","Suchomimus.3"
"55","Baryonyx","Baryonyx.1"
"56","Baryonyx","Baryonyx.2"
"57","Baryonyx","Baryonyx.3"
 
* Phylo tree and the main data and strata files have been modified to include duplicated taxa before the scaled random trees are generated.
* Selected categorical labels column: diving.or.not
* diving.or.equal column is identical to Diving column.
* Regression excludes flying taxa.
* Diving labels that are present in regression: 0,2
* lambda (calculated from a random tree) = : 0.1
* index-name alignment check: OK
