Logfile for a session of program: bootstrap_binary.r
-----------------------------------------------------
INPUT:
workDir: C:/dino_nature/output/2023-11-07-D1\bs/set_1701
Nbootstrapsets: 2000
phyloFDAfile: c:/dino_nature/code/phylo.fda.R
auxFile: c:/dino_nature/code/auxiliary.r
boneType: femur
regressionData.file: C:/dino_nature/output/2023-11-07-D1\bs/set_1701/femur_set_1701.csv
applyDataFilter: FALSE
addTreeTips: TRUE
Ntrees: 100
calculateTrees: TRUE
saveTrees: FALSE


OPERATIONAL CHECKS:
* Regression data contains multiple copies of some taxa (user added variants of existing test taxa 
   or replacements due to bootstrap are present) which are not in the phylo tree:
     original taxon,   duplicate   
"1","Brachyodus_onoideum","Brachyodus_onoideum.1"
"2","Rangifer_tarandus","Rangifer_tarandus.1"
"3","Rangifer_tarandus","Rangifer_tarandus.2"
"4","Rangifer_tarandus","Rangifer_tarandus.3"
"5","Dama_dama","Dama_dama.1"
"6","Rangifer_tarandus","Rangifer_tarandus.4"
"7","Diplomesodon_pulchellum","Diplomesodon_pulchellum.1"
"8","Caloenas_nicobarica","Caloenas_nicobarica.1"
"9","Loxodonta_africana","Loxodonta_africana.1"
"10","Caloenas_nicobarica","Caloenas_nicobarica.2"
"11","Loxodonta_africana","Loxodonta_africana.2"
"12","Monodelphis_domestica","Monodelphis_domestica.1"
"13","Mustela_nivalis","Mustela_nivalis.1"
"14","Raphus","Raphus.1"
"15","Diplomesodon_pulchellum","Diplomesodon_pulchellum.2"
"16","Capreolus_capreolus","Capreolus_capreolus.1"
"17","Elephas_maximus","Elephas_maximus.1"
"18","Elephas_maximus","Elephas_maximus.2"
"19","Alces_americanus","Alces_americanus.1"
"20","Mammuthus_sp","Mammuthus_sp.1"
"21","Giraffa_camelopardalis","Giraffa_camelopardalis.1"
"22","Rangifer_tarandus","Rangifer_tarandus.5"
"23","Megaloceros_sp","Megaloceros_sp.1"
"24","Plesiosaurus","Plesiosaurus.1"
"25","Noemys_fodies","Noemys_fodies.1"
"26","Hippopotamus_amphibius","Hippopotamus_amphibius.1"
"27","Hesperornis","Hesperornis.1"
"28","Serpianosaurus","Serpianosaurus.1"
"29","Metryorhynchus","Metryorhynchus.1"
"30","Placodontia_indet_1","Placodontia_indet_1.1"
"31","Metryorhynchus","Metryorhynchus.2"
"32","Metryorhynchus","Metryorhynchus.3"
"33","large_eocene_stem_penguin","large_eocene_stem_penguin.1"
"34","Tapirus_terrestris","Tapirus_terrestris.1"
"35","Placodontia_indet_1","Placodontia_indet_1.2"
"36","Placondontia_indet","Placondontia_indet.1"
"37","Metryorhynchus","Metryorhynchus.4"
"38","Tapirus_terrestris","Tapirus_terrestris.2"
"39","Metryorhynchus","Metryorhynchus.5"
"40","Psephoderma","Psephoderma.1"
"41","Hesperornis","Hesperornis.2"
"42","Desmana_moschata","Desmana_moschata.1"
"43","Hesperornis","Hesperornis.3"
"44","Champsosaurus","Champsosaurus.1"
"45","Hippopotamus_amphibius","Hippopotamus_amphibius.2"
"46","Anarosaurus","Anarosaurus.1"
"47","Spinosaurus_","Spinosaurus_.1"
"48","Spinosaurus_","Spinosaurus_.2"
"49","Spinosaurus_","Spinosaurus_.3"
"50","Spinosaurus_","Spinosaurus_.4"
"51","Spinosaurus_","Spinosaurus_.5"
"52","Spinosaurus_","Spinosaurus_.6"
"53","Spinosaurus_","Spinosaurus_.7"
"54","Spinosaurus_","Spinosaurus_.8"
"55","Spinosaurus_","Spinosaurus_.9"
"56","Spinosaurus_","Spinosaurus_.10"
"57","Spinosaurus_","Spinosaurus_.11"
"58","Suchomimus","Suchomimus.1"
"59","Suchomimus","Suchomimus.2"
"60","Suchomimus","Suchomimus.3"
"61","Baryonyx","Baryonyx.1"
"62","Baryonyx","Baryonyx.2"
"63","Baryonyx","Baryonyx.3"
 
* Phylo tree and the main data and strata files have been modified to include duplicated taxa before the scaled random trees are generated.
* Selected categorical labels column: diving.or.not
* diving.or.equal column is identical to Diving column.
* Regression excludes flying taxa.
* Diving labels that are present in regression: 0,2
* lambda (calculated from a random tree) = : 0.11
* index-name alignment check: OK
