Logfile for a session of program: bootstrap_binary.r
-----------------------------------------------------
INPUT:
workDir: C:/dino_nature/output/2023-11-07-D1\bs/set_1155
Nbootstrapsets: 2000
phyloFDAfile: c:/dino_nature/code/phylo.fda.R
auxFile: c:/dino_nature/code/auxiliary.r
boneType: femur
regressionData.file: C:/dino_nature/output/2023-11-07-D1\bs/set_1155/femur_set_1155.csv
applyDataFilter: FALSE
addTreeTips: TRUE
Ntrees: 100
calculateTrees: TRUE
saveTrees: FALSE


OPERATIONAL CHECKS:
* Regression data contains multiple copies of some taxa (user added variants of existing test taxa 
   or replacements due to bootstrap are present) which are not in the phylo tree:
     original taxon,   duplicate   
"1","Rangifer_tarandus","Rangifer_tarandus.1"
"2","Capreolus_capreolus","Capreolus_capreolus.1"
"3","Sphenodon_punctatus","Sphenodon_punctatus.1"
"4","Apteryx_australis","Apteryx_australis.1"
"5","Alces_americanus","Alces_americanus.1"
"6","Sus_scrofa","Sus_scrofa.1"
"7","Felis_felis","Felis_felis.1"
"8","Cephalophus_silvicultor","Cephalophus_silvicultor.1"
"9","Vulpes_vulpes","Vulpes_vulpes.1"
"10","Procyon_lotor","Procyon_lotor.1"
"11","Felis_felis","Felis_felis.2"
"12","Procavia_capensis","Procavia_capensis.1"
"13","Rhynchocyon_petersi","Rhynchocyon_petersi.1"
"14","Felis_felis","Felis_felis.3"
"15","Strigiops_habroptilus","Strigiops_habroptilus.1"
"16","Porphyrio_hochstetteri","Porphyrio_hochstetteri.1"
"17","Sphenodon_punctatus","Sphenodon_punctatus.2"
"18","Elephas_maximus","Elephas_maximus.1"
"19","Microgale_thomasi","Microgale_thomasi.1"
"20","Hemiechinus_azurites","Hemiechinus_azurites.1"
"21","Hemiechinus_azurites","Hemiechinus_azurites.2"
"22","Nothosaurus_568","Nothosaurus_568.1"
"23","Protochampsidae","Protochampsidae.1"
"24","Phalacrocorax_harrisi","Phalacrocorax_harrisi.1"
"25","Psephoderma","Psephoderma.1"
"26","Otaria_byronia","Otaria_byronia.1"
"27","Ichtyosaur_sp","Ichtyosaur_sp.1"
"28","Nothosaurus_568","Nothosaurus_568.2"
"29","Phocanella_pumila","Phocanella_pumila.1"
"30","Castor_fiber","Castor_fiber.1"
"31","Placodontia_indet_1","Placodontia_indet_1.1"
"32","Choeropsis_liberiensis","Choeropsis_liberiensis.1"
"33","Lutra_vulgaris","Lutra_vulgaris.1"
"34","Alligator","Alligator.1"
"35","Chapsosaurus_","Chapsosaurus_.1"
"36","Leptophoca_proxima","Leptophoca_proxima.1"
"37","Dyrosaurid","Dyrosaurid.1"
"38","Lutra_vulgaris","Lutra_vulgaris.2"
"39","Psephoderma","Psephoderma.2"
"40","Alligator","Alligator.2"
"41","Leptophoca_proxima","Leptophoca_proxima.2"
"42","Spinosaurus_","Spinosaurus_.1"
"43","Spinosaurus_","Spinosaurus_.2"
"44","Spinosaurus_","Spinosaurus_.3"
"45","Spinosaurus_","Spinosaurus_.4"
"46","Spinosaurus_","Spinosaurus_.5"
"47","Spinosaurus_","Spinosaurus_.6"
"48","Spinosaurus_","Spinosaurus_.7"
"49","Spinosaurus_","Spinosaurus_.8"
"50","Spinosaurus_","Spinosaurus_.9"
"51","Spinosaurus_","Spinosaurus_.10"
"52","Spinosaurus_","Spinosaurus_.11"
"53","Suchomimus","Suchomimus.1"
"54","Suchomimus","Suchomimus.2"
"55","Suchomimus","Suchomimus.3"
"56","Baryonyx","Baryonyx.1"
"57","Baryonyx","Baryonyx.2"
"58","Baryonyx","Baryonyx.3"
 
* Phylo tree and the main data and strata files have been modified to include duplicated taxa before the scaled random trees are generated.
* Selected categorical labels column: diving.or.not
* diving.or.equal column is identical to Diving column.
* Regression excludes flying taxa.
* Diving labels that are present in regression: 0,2
* lambda (calculated from a random tree) = : 0.09
* index-name alignment check: OK
