Logfile for a session of program: bootstrap_binary.r
-----------------------------------------------------
INPUT:
workDir: C:/dino_nature/output/2023-11-07-D1\bs/set_1548
Nbootstrapsets: 2000
phyloFDAfile: c:/dino_nature/code/phylo.fda.R
auxFile: c:/dino_nature/code/auxiliary.r
boneType: femur
regressionData.file: C:/dino_nature/output/2023-11-07-D1\bs/set_1548/femur_set_1548.csv
applyDataFilter: FALSE
addTreeTips: TRUE
Ntrees: 100
calculateTrees: TRUE
saveTrees: FALSE


OPERATIONAL CHECKS:
* Regression data contains multiple copies of some taxa (user added variants of existing test taxa 
   or replacements due to bootstrap are present) which are not in the phylo tree:
     original taxon,   duplicate   
"1","Microgale_thomasi","Microgale_thomasi.1"
"2","Elomeryx_borbonicus_","Elomeryx_borbonicus_.1"
"3","Sphenodon_punctatus","Sphenodon_punctatus.1"
"4","Rangifer_tarandus","Rangifer_tarandus.1"
"5","Rupicapra_rupicapra","Rupicapra_rupicapra.1"
"6","Okapia_johnstoni","Okapia_johnstoni.1"
"7","Nyctereutes_procyonoides","Nyctereutes_procyonoides.1"
"8","Paguma_larvata","Paguma_larvata.1"
"9","Rangifer_tarandus","Rangifer_tarandus.2"
"10","Capreolus_capreolus","Capreolus_capreolus.1"
"11","Ceratotherium_simum","Ceratotherium_simum.1"
"12","Lacerta_viridis","Lacerta_viridis.1"
"13","Giraffa_camelopardalis","Giraffa_camelopardalis.1"
"14","Giraffa_camelopardalis","Giraffa_camelopardalis.2"
"15","Tenrec_ecaudatus","Tenrec_ecaudatus.1"
"16","Euroscaptor_micrura","Euroscaptor_micrura.1"
"17","Tribonyx_mortieri","Tribonyx_mortieri.1"
"18","Diplomesodon_pulchellum","Diplomesodon_pulchellum.1"
"19","Anarosaurus","Anarosaurus.1"
"20","Hesperornis","Hesperornis.1"
"21","Hydromys_chrysogaster","Hydromys_chrysogaster.1"
"22","Dyrosaurid","Dyrosaurid.1"
"23","Maiacetus","Maiacetus.1"
"24","Dyrosaurid","Dyrosaurid.2"
"25","Maiacetus","Maiacetus.2"
"26","Cricosaurus","Cricosaurus.1"
"27","Tapirus_terrestris","Tapirus_terrestris.1"
"28","Otaria_byronia","Otaria_byronia.1"
"29","Cryptoclidus","Cryptoclidus.1"
"30","Paraplacodus","Paraplacodus.1"
"31","Simosaurus","Simosaurus.1"
"32","Anarosaurus","Anarosaurus.2"
"33","Nanophoca_vitulinoides","Nanophoca_vitulinoides.1"
"34","Hydromys_chrysogaster","Hydromys_chrysogaster.2"
"35","Cryptoclidus","Cryptoclidus.2"
"36","Cryptoclidus","Cryptoclidus.3"
"37","Caiman_yacare","Caiman_yacare.1"
"38","Palaeospheniscus","Palaeospheniscus.1"
"39","Caiman_yacare","Caiman_yacare.2"
"40","Spinosaurus_","Spinosaurus_.1"
"41","Spinosaurus_","Spinosaurus_.2"
"42","Spinosaurus_","Spinosaurus_.3"
"43","Spinosaurus_","Spinosaurus_.4"
"44","Spinosaurus_","Spinosaurus_.5"
"45","Spinosaurus_","Spinosaurus_.6"
"46","Spinosaurus_","Spinosaurus_.7"
"47","Spinosaurus_","Spinosaurus_.8"
"48","Spinosaurus_","Spinosaurus_.9"
"49","Spinosaurus_","Spinosaurus_.10"
"50","Spinosaurus_","Spinosaurus_.11"
"51","Suchomimus","Suchomimus.1"
"52","Suchomimus","Suchomimus.2"
"53","Suchomimus","Suchomimus.3"
"54","Baryonyx","Baryonyx.1"
"55","Baryonyx","Baryonyx.2"
"56","Baryonyx","Baryonyx.3"
 
* Phylo tree and the main data and strata files have been modified to include duplicated taxa before the scaled random trees are generated.
* Selected categorical labels column: diving.or.not
* diving.or.equal column is identical to Diving column.
* Regression excludes flying taxa.
* Diving labels that are present in regression: 0,2
* lambda (calculated from a random tree) = : 0.11
* index-name alignment check: OK
