Logfile for a session of program: bootstrap_binary.r
-----------------------------------------------------
INPUT:
workDir: C:/dino_nature/output/2023-11-07-D1\bs/set_663
Nbootstrapsets: 2000
phyloFDAfile: c:/dino_nature/code/phylo.fda.R
auxFile: c:/dino_nature/code/auxiliary.r
boneType: femur
regressionData.file: C:/dino_nature/output/2023-11-07-D1\bs/set_663/femur_set_663.csv
applyDataFilter: FALSE
addTreeTips: TRUE
Ntrees: 100
calculateTrees: TRUE
saveTrees: FALSE


OPERATIONAL CHECKS:
* Regression data contains multiple copies of some taxa (user added variants of existing test taxa 
   or replacements due to bootstrap are present) which are not in the phylo tree:
     original taxon,   duplicate   
"1","Euroscaptor_micrura","Euroscaptor_micrura.1"
"2","Diplomesodon_pulchellum","Diplomesodon_pulchellum.1"
"3","Procavia_capensis","Procavia_capensis.1"
"4","Lacerta_viridis","Lacerta_viridis.1"
"5","Caloenas_nicobarica","Caloenas_nicobarica.1"
"6","Xenicus_giliventris","Xenicus_giliventris.1"
"7","Sphenodon_punctatus","Sphenodon_punctatus.1"
"8","Xenicus_giliventris","Xenicus_giliventris.2"
"9","Xenicus_giliventris","Xenicus_giliventris.3"
"10","Apteryx_australis","Apteryx_australis.1"
"11","Rhynchocyon_petersi","Rhynchocyon_petersi.1"
"12","Sus_scrofa","Sus_scrofa.1"
"13","Cephalophus_silvicultor","Cephalophus_silvicultor.1"
"14","Felis_felis","Felis_felis.1"
"15","Rangifer_tarandus","Rangifer_tarandus.1"
"16","Atlantisia_rogersi","Atlantisia_rogersi.1"
"17","Apteryx_australis","Apteryx_australis.2"
"18","Porphyrio_hochstetteri","Porphyrio_hochstetteri.1"
"19","Ceratotherium_simum","Ceratotherium_simum.1"
"20","Dasyurus_maculatus","Dasyurus_maculatus.1"
"21","Ichtyosaurus_","Ichtyosaurus_.1"
"22","Dyrosaurid","Dyrosaurid.1"
"23","Neusticosaurus","Neusticosaurus.1"
"24","Nothosaurus_giganteus","Nothosaurus_giganteus.1"
"25","Neusticosaurus","Neusticosaurus.2"
"26","Desmana_moschata","Desmana_moschata.1"
"27","Spheniscus","Spheniscus.1"
"28","Castor_fiber","Castor_fiber.1"
"29","Cricosaurus","Cricosaurus.1"
"30","Rodhocetus","Rodhocetus.1"
"31","Nothosaurus_mirabilis_1","Nothosaurus_mirabilis_1.1"
"32","Ichtyosaurus_","Ichtyosaurus_.2"
"33","Neusticosaurus","Neusticosaurus.3"
"34","Neusticosaurus","Neusticosaurus.4"
"35","Placondontia_indet","Placondontia_indet.1"
"36","Ichtyosaurus_","Ichtyosaurus_.3"
"37","Psephoderma","Psephoderma.1"
"38","Hippopotamus_amphibius","Hippopotamus_amphibius.1"
"39","Rodhocetus","Rodhocetus.2"
"40","Aptenodytes______","Aptenodytes______.1"
"41","Lutra_vulgaris","Lutra_vulgaris.1"
"42","Spinosaurus_","Spinosaurus_.1"
"43","Spinosaurus_","Spinosaurus_.2"
"44","Spinosaurus_","Spinosaurus_.3"
"45","Spinosaurus_","Spinosaurus_.4"
"46","Spinosaurus_","Spinosaurus_.5"
"47","Spinosaurus_","Spinosaurus_.6"
"48","Spinosaurus_","Spinosaurus_.7"
"49","Spinosaurus_","Spinosaurus_.8"
"50","Spinosaurus_","Spinosaurus_.9"
"51","Spinosaurus_","Spinosaurus_.10"
"52","Spinosaurus_","Spinosaurus_.11"
"53","Suchomimus","Suchomimus.1"
"54","Suchomimus","Suchomimus.2"
"55","Suchomimus","Suchomimus.3"
"56","Baryonyx","Baryonyx.1"
"57","Baryonyx","Baryonyx.2"
"58","Baryonyx","Baryonyx.3"
 
* Phylo tree and the main data and strata files have been modified to include duplicated taxa before the scaled random trees are generated.
* Selected categorical labels column: diving.or.not
* diving.or.equal column is identical to Diving column.
* Regression excludes flying taxa.
* Diving labels that are present in regression: 0,2
* lambda (calculated from a random tree) = : 0.11
* index-name alignment check: OK
