Logfile for a session of program: bootstrap_binary.r
-----------------------------------------------------
INPUT:
workDir: C:/dino_nature/output/2023-11-07-D1\bs/set_1638
Nbootstrapsets: 2000
phyloFDAfile: c:/dino_nature/code/phylo.fda.R
auxFile: c:/dino_nature/code/auxiliary.r
boneType: femur
regressionData.file: C:/dino_nature/output/2023-11-07-D1\bs/set_1638/femur_set_1638.csv
applyDataFilter: FALSE
addTreeTips: TRUE
Ntrees: 100
calculateTrees: TRUE
saveTrees: FALSE


OPERATIONAL CHECKS:
* Regression data contains multiple copies of some taxa (user added variants of existing test taxa 
   or replacements due to bootstrap are present) which are not in the phylo tree:
     original taxon,   duplicate   
"1","Tribonyx_mortieri","Tribonyx_mortieri.1"
"2","Rangifer_tarandus","Rangifer_tarandus.1"
"3","Diplomesodon_pulchellum","Diplomesodon_pulchellum.1"
"4","Loxodonta_africana","Loxodonta_africana.1"
"5","Diplomesodon_pulchellum","Diplomesodon_pulchellum.2"
"6","Caloenas_nicobarica","Caloenas_nicobarica.1"
"7","Mus_musculus","Mus_musculus.1"
"8","Felis_felis","Felis_felis.1"
"9","Tenrec_ecaudatus","Tenrec_ecaudatus.1"
"10","Uncia_uncia","Uncia_uncia.1"
"11","Cephalophus_silvicultor","Cephalophus_silvicultor.1"
"12","Tenrec_ecaudatus","Tenrec_ecaudatus.2"
"13","Syncerus_caffer","Syncerus_caffer.1"
"14","Dromaius_","Dromaius_.1"
"15","Diplomesodon_pulchellum","Diplomesodon_pulchellum.3"
"16","Rhynchocyon_petersi","Rhynchocyon_petersi.1"
"17","Meles_meles","Meles_meles.1"
"18","Tamandua_tetradactyla","Tamandua_tetradactyla.1"
"19","Vulpes_vulpes","Vulpes_vulpes.1"
"20","Cephalophus_silvicultor","Cephalophus_silvicultor.2"
"21","Diplomesodon_pulchellum","Diplomesodon_pulchellum.4"
"22","Caloenas_nicobarica","Caloenas_nicobarica.2"
"23","Paguma_larvata","Paguma_larvata.1"
"24","Dyrosaurid","Dyrosaurid.1"
"25","Nothosaurus_150","Nothosaurus_150.1"
"26","Remingtonocetus","Remingtonocetus.1"
"27","large_eocene_stem_penguin","large_eocene_stem_penguin.1"
"28","Rodhocetus","Rodhocetus.1"
"29","Choeropsis_liberiensis","Choeropsis_liberiensis.1"
"30","Basilosaurus","Basilosaurus.1"
"31","Tapirus_terrestris","Tapirus_terrestris.1"
"32","Hydromys_chrysogaster","Hydromys_chrysogaster.1"
"33","Tapirus_terrestris","Tapirus_terrestris.2"
"34","Hexaprotodon_garyam","Hexaprotodon_garyam.1"
"35","Ichtyosaurus_","Ichtyosaurus_.1"
"36","Rodhocetus","Rodhocetus.2"
"37","Leptophoca_proxima","Leptophoca_proxima.1"
"38","Neusticosaurus","Neusticosaurus.1"
"39","Ichtyosaurus_","Ichtyosaurus_.2"
"40","Nothosaurus_giganteus","Nothosaurus_giganteus.1"
"41","Leptophoca_proxima","Leptophoca_proxima.2"
"42","Nothosaurus_giganteus","Nothosaurus_giganteus.2"
"43","Nothosaurus_568","Nothosaurus_568.1"
"44","Nothosaurus_102","Nothosaurus_102.1"
"45","Pistosaurus","Pistosaurus.1"
"46","Spinosaurus_","Spinosaurus_.1"
"47","Spinosaurus_","Spinosaurus_.2"
"48","Spinosaurus_","Spinosaurus_.3"
"49","Spinosaurus_","Spinosaurus_.4"
"50","Spinosaurus_","Spinosaurus_.5"
"51","Spinosaurus_","Spinosaurus_.6"
"52","Spinosaurus_","Spinosaurus_.7"
"53","Spinosaurus_","Spinosaurus_.8"
"54","Spinosaurus_","Spinosaurus_.9"
"55","Spinosaurus_","Spinosaurus_.10"
"56","Spinosaurus_","Spinosaurus_.11"
"57","Suchomimus","Suchomimus.1"
"58","Suchomimus","Suchomimus.2"
"59","Suchomimus","Suchomimus.3"
"60","Baryonyx","Baryonyx.1"
"61","Baryonyx","Baryonyx.2"
"62","Baryonyx","Baryonyx.3"
 
* Phylo tree and the main data and strata files have been modified to include duplicated taxa before the scaled random trees are generated.
* Selected categorical labels column: diving.or.not
* diving.or.equal column is identical to Diving column.
* Regression excludes flying taxa.
* Diving labels that are present in regression: 0,2
* lambda (calculated from a random tree) = : 0.08
* index-name alignment check: OK
