Logfile for a session of program: bootstrap_binary.r
-----------------------------------------------------
INPUT:
workDir: C:/dino_nature/output/2023-11-07-D1\bs/set_470
Nbootstrapsets: 2000
phyloFDAfile: c:/dino_nature/code/phylo.fda.R
auxFile: c:/dino_nature/code/auxiliary.r
boneType: femur
regressionData.file: C:/dino_nature/output/2023-11-07-D1\bs/set_470/femur_set_470.csv
applyDataFilter: FALSE
addTreeTips: TRUE
Ntrees: 100
calculateTrees: TRUE
saveTrees: FALSE


OPERATIONAL CHECKS:
* Regression data contains multiple copies of some taxa (user added variants of existing test taxa 
   or replacements due to bootstrap are present) which are not in the phylo tree:
     original taxon,   duplicate   
"1","Cephalophus_silvicultor","Cephalophus_silvicultor.1"
"2","Sus_scrofa","Sus_scrofa.1"
"3","Sus_scrofa","Sus_scrofa.2"
"4","Cephalophus_silvicultor","Cephalophus_silvicultor.2"
"5","Sus_scrofa","Sus_scrofa.3"
"6","Microgale_thomasi","Microgale_thomasi.1"
"7","Elomeryx_borbonicus_","Elomeryx_borbonicus_.1"
"8","Bison_bonasus","Bison_bonasus.1"
"9","Tribonyx_mortieri","Tribonyx_mortieri.1"
"10","Tribonyx_mortieri","Tribonyx_mortieri.2"
"11","Uncia_uncia","Uncia_uncia.1"
"12","Rhinoceros_sondaicus","Rhinoceros_sondaicus.1"
"13","Tenrec_ecaudatus","Tenrec_ecaudatus.1"
"14","Ceratotherium_simum","Ceratotherium_simum.1"
"15","Taxidea_taxus","Taxidea_taxus.1"
"16","Apteryx_owenii_","Apteryx_owenii_.1"
"17","Paguma_larvata","Paguma_larvata.1"
"18","Monodelphis_domestica","Monodelphis_domestica.1"
"19","Apteryx_owenii_","Apteryx_owenii_.2"
"20","Nyctereutes_procyonoides","Nyctereutes_procyonoides.1"
"21","Tribonyx_mortieri","Tribonyx_mortieri.3"
"22","Neusticosaurus","Neusticosaurus.1"
"23","Neusticosaurus","Neusticosaurus.2"
"24","Callophoca_obscura","Callophoca_obscura.1"
"25","Anarosaurus","Anarosaurus.1"
"26","Chironectes_minimus","Chironectes_minimus.1"
"27","Hesperornis","Hesperornis.1"
"28","Castor_fiber","Castor_fiber.1"
"29","Rodhocetus","Rodhocetus.1"
"30","Ichtyosaur_sp","Ichtyosaur_sp.1"
"31","Ichtyosaur_sp","Ichtyosaur_sp.2"
"32","Nothosaurus_mirabilis_1","Nothosaurus_mirabilis_1.1"
"33","Metryorhynchus","Metryorhynchus.1"
"34","Aptenodytes______","Aptenodytes______.1"
"35","Simosaurus","Simosaurus.1"
"36","Lutra_vulgaris","Lutra_vulgaris.1"
"37","Hesperornis","Hesperornis.2"
"38","Callophoca_obscura","Callophoca_obscura.2"
"39","Cryptoclidus","Cryptoclidus.1"
"40","Caiman_yacare","Caiman_yacare.1"
"41","Lutra_vulgaris","Lutra_vulgaris.2"
"42","Cricosaurus","Cricosaurus.1"
"43","Choeropsis_liberiensis","Choeropsis_liberiensis.1"
"44","Metryorhynchus","Metryorhynchus.2"
"45","Ichtyosaur_sp","Ichtyosaur_sp.3"
"46","Spinosaurus_","Spinosaurus_.1"
"47","Spinosaurus_","Spinosaurus_.2"
"48","Spinosaurus_","Spinosaurus_.3"
"49","Spinosaurus_","Spinosaurus_.4"
"50","Spinosaurus_","Spinosaurus_.5"
"51","Spinosaurus_","Spinosaurus_.6"
"52","Spinosaurus_","Spinosaurus_.7"
"53","Spinosaurus_","Spinosaurus_.8"
"54","Spinosaurus_","Spinosaurus_.9"
"55","Spinosaurus_","Spinosaurus_.10"
"56","Spinosaurus_","Spinosaurus_.11"
"57","Suchomimus","Suchomimus.1"
"58","Suchomimus","Suchomimus.2"
"59","Suchomimus","Suchomimus.3"
"60","Baryonyx","Baryonyx.1"
"61","Baryonyx","Baryonyx.2"
"62","Baryonyx","Baryonyx.3"
 
* Phylo tree and the main data and strata files have been modified to include duplicated taxa before the scaled random trees are generated.
* Selected categorical labels column: diving.or.not
* diving.or.equal column is identical to Diving column.
* Regression excludes flying taxa.
* Diving labels that are present in regression: 0,2
* lambda (calculated from a random tree) = : 0.09
* index-name alignment check: OK
