Logfile for a session of program: bootstrap_binary.r
-----------------------------------------------------
INPUT:
workDir: C:/dino_nature/output/2023-11-07-D1\bs/set_1145
Nbootstrapsets: 2000
phyloFDAfile: c:/dino_nature/code/phylo.fda.R
auxFile: c:/dino_nature/code/auxiliary.r
boneType: femur
regressionData.file: C:/dino_nature/output/2023-11-07-D1\bs/set_1145/femur_set_1145.csv
applyDataFilter: FALSE
addTreeTips: TRUE
Ntrees: 100
calculateTrees: TRUE
saveTrees: FALSE


OPERATIONAL CHECKS:
* Regression data contains multiple copies of some taxa (user added variants of existing test taxa 
   or replacements due to bootstrap are present) which are not in the phylo tree:
     original taxon,   duplicate   
"1","Xenicus_giliventris","Xenicus_giliventris.1"
"2","Cephalophus_silvicultor","Cephalophus_silvicultor.1"
"3","Cephalophus_silvicultor","Cephalophus_silvicultor.2"
"4","Alces_americanus","Alces_americanus.1"
"5","Lacerta_viridis","Lacerta_viridis.1"
"6","Sus_scrofa","Sus_scrofa.1"
"7","Paguma_larvata","Paguma_larvata.1"
"8","Alces_americanus","Alces_americanus.2"
"9","Elephas_maximus","Elephas_maximus.1"
"10","Xenicus_giliventris","Xenicus_giliventris.2"
"11","Myrmecophaga_tridactyla","Myrmecophaga_tridactyla.1"
"12","Strigiops_habroptilus","Strigiops_habroptilus.1"
"13","Euroscaptor_micrura","Euroscaptor_micrura.1"
"14","Rynochetus_jubatus","Rynochetus_jubatus.1"
"15","Mus_musculus","Mus_musculus.1"
"16","Apteryx_australis","Apteryx_australis.1"
"17","Taxidea_taxus","Taxidea_taxus.1"
"18","Uncia_uncia","Uncia_uncia.1"
"19","Myrmecophaga_tridactyla","Myrmecophaga_tridactyla.2"
"20","Remingtonocetus","Remingtonocetus.1"
"21","Spheniscus","Spheniscus.1"
"22","Plesiosaurus","Plesiosaurus.1"
"23","Small_Eocene_penguin","Small_Eocene_penguin.1"
"24","Small_Eocene_penguin","Small_Eocene_penguin.2"
"25","Chironectes_minimus","Chironectes_minimus.1"
"26","Nothosaurus_giganteus","Nothosaurus_giganteus.1"
"27","Callophoca_obscura","Callophoca_obscura.1"
"28","Ichtyosaur_sp","Ichtyosaur_sp.1"
"29","Champsosaurus","Champsosaurus.1"
"30","Anarosaurus","Anarosaurus.1"
"31","Simosaurus_1","Simosaurus_1.1"
"32","Indohyus","Indohyus.1"
"33","Metryorhynchus","Metryorhynchus.1"
"34","Aptenodytes______","Aptenodytes______.1"
"35","Rhaeticosaurus","Rhaeticosaurus.1"
"36","Maiacetus","Maiacetus.1"
"37","Hesperornis","Hesperornis.1"
"38","Nothosaurus_giganteus","Nothosaurus_giganteus.2"
"39","Aptenodytes______","Aptenodytes______.2"
"40","Ichtyosaur_sp","Ichtyosaur_sp.2"
"41","Spinosaurus_","Spinosaurus_.1"
"42","Spinosaurus_","Spinosaurus_.2"
"43","Spinosaurus_","Spinosaurus_.3"
"44","Spinosaurus_","Spinosaurus_.4"
"45","Spinosaurus_","Spinosaurus_.5"
"46","Spinosaurus_","Spinosaurus_.6"
"47","Spinosaurus_","Spinosaurus_.7"
"48","Spinosaurus_","Spinosaurus_.8"
"49","Spinosaurus_","Spinosaurus_.9"
"50","Spinosaurus_","Spinosaurus_.10"
"51","Spinosaurus_","Spinosaurus_.11"
"52","Suchomimus","Suchomimus.1"
"53","Suchomimus","Suchomimus.2"
"54","Suchomimus","Suchomimus.3"
"55","Baryonyx","Baryonyx.1"
"56","Baryonyx","Baryonyx.2"
"57","Baryonyx","Baryonyx.3"
 
* Phylo tree and the main data and strata files have been modified to include duplicated taxa before the scaled random trees are generated.
* Selected categorical labels column: diving.or.not
* diving.or.equal column is identical to Diving column.
* Regression excludes flying taxa.
* Diving labels that are present in regression: 0,2
* lambda (calculated from a random tree) = : 0.12
* index-name alignment check: OK
