Logfile for a session of program: bootstrap_binary.r
-----------------------------------------------------
INPUT:
workDir: C:/dino_nature/output/2023-11-07-D1\bs/set_1122
Nbootstrapsets: 2000
phyloFDAfile: c:/dino_nature/code/phylo.fda.R
auxFile: c:/dino_nature/code/auxiliary.r
boneType: femur
regressionData.file: C:/dino_nature/output/2023-11-07-D1\bs/set_1122/femur_set_1122.csv
applyDataFilter: FALSE
addTreeTips: TRUE
Ntrees: 100
calculateTrees: TRUE
saveTrees: FALSE


OPERATIONAL CHECKS:
* Regression data contains multiple copies of some taxa (user added variants of existing test taxa 
   or replacements due to bootstrap are present) which are not in the phylo tree:
     original taxon,   duplicate   
"1","Bison_bonasus","Bison_bonasus.1"
"2","Apteryx_australis","Apteryx_australis.1"
"3","Elomeryx_borbonicus_","Elomeryx_borbonicus_.1"
"4","Rhinoceros_sondaicus","Rhinoceros_sondaicus.1"
"5","Elomeryx_borbonicus_","Elomeryx_borbonicus_.2"
"6","Rhinoceros_sondaicus","Rhinoceros_sondaicus.2"
"7","Bison_bonasus","Bison_bonasus.2"
"8","Raphus","Raphus.1"
"9","Pogona_viceps","Pogona_viceps.1"
"10","Hemiechinus_azurites","Hemiechinus_azurites.1"
"11","Diplomesodon_pulchellum","Diplomesodon_pulchellum.1"
"12","Dromaius_","Dromaius_.1"
"13","Syncerus_caffer","Syncerus_caffer.1"
"14","Euroscaptor_micrura","Euroscaptor_micrura.1"
"15","Tenrec_ecaudatus","Tenrec_ecaudatus.1"
"16","Euroscaptor_micrura","Euroscaptor_micrura.2"
"17","Rynochetus_jubatus","Rynochetus_jubatus.1"
"18","Mammuthus_sp","Mammuthus_sp.1"
"19","Rattus_rattus","Rattus_rattus.1"
"20","Rattus_rattus","Rattus_rattus.2"
"21","Elomeryx_borbonicus_","Elomeryx_borbonicus_.3"
"22","Bison_bonasus","Bison_bonasus.3"
"23","Elomeryx_borbonicus_","Elomeryx_borbonicus_.4"
"24","Indohyus","Indohyus.1"
"25","Indohyus","Indohyus.2"
"26","Hesperornis","Hesperornis.1"
"27","Indohyus","Indohyus.3"
"28","Placondontia_indet","Placondontia_indet.1"
"29","Simosaurus","Simosaurus.1"
"30","Plesiosaurus","Plesiosaurus.1"
"31","Chironectes_minimus","Chironectes_minimus.1"
"32","Nothosaurus_giganteus","Nothosaurus_giganteus.1"
"33","Choeropsis_liberiensis","Choeropsis_liberiensis.1"
"34","Callophoca_obscura","Callophoca_obscura.1"
"35","Alligator","Alligator.1"
"36","Simosaurus_1","Simosaurus_1.1"
"37","Chironectes_minimus","Chironectes_minimus.2"
"38","Nothosaurus_150","Nothosaurus_150.1"
"39","Hesperornis","Hesperornis.2"
"40","Basilosaurus","Basilosaurus.1"
"41","Cricosaurus","Cricosaurus.1"
"42","Hesperornis","Hesperornis.3"
"43","Phalacrocorax_harrisi","Phalacrocorax_harrisi.1"
"44","Micropotamogale_euwenzorii","Micropotamogale_euwenzorii.1"
"45","Spinosaurus_","Spinosaurus_.1"
"46","Spinosaurus_","Spinosaurus_.2"
"47","Spinosaurus_","Spinosaurus_.3"
"48","Spinosaurus_","Spinosaurus_.4"
"49","Spinosaurus_","Spinosaurus_.5"
"50","Spinosaurus_","Spinosaurus_.6"
"51","Spinosaurus_","Spinosaurus_.7"
"52","Spinosaurus_","Spinosaurus_.8"
"53","Spinosaurus_","Spinosaurus_.9"
"54","Spinosaurus_","Spinosaurus_.10"
"55","Spinosaurus_","Spinosaurus_.11"
"56","Suchomimus","Suchomimus.1"
"57","Suchomimus","Suchomimus.2"
"58","Suchomimus","Suchomimus.3"
"59","Baryonyx","Baryonyx.1"
"60","Baryonyx","Baryonyx.2"
"61","Baryonyx","Baryonyx.3"
 
* Phylo tree and the main data and strata files have been modified to include duplicated taxa before the scaled random trees are generated.
* Selected categorical labels column: diving.or.not
* diving.or.equal column is identical to Diving column.
* Regression excludes flying taxa.
* Diving labels that are present in regression: 0,2
* lambda (calculated from a random tree) = : 0.1
* index-name alignment check: OK
