Logfile for a session of program: bootstrap_binary.r
-----------------------------------------------------
INPUT:
workDir: C:/dino_nature/output/2023-11-07-D1\bs/set_1330
Nbootstrapsets: 2000
phyloFDAfile: c:/dino_nature/code/phylo.fda.R
auxFile: c:/dino_nature/code/auxiliary.r
boneType: femur
regressionData.file: C:/dino_nature/output/2023-11-07-D1\bs/set_1330/femur_set_1330.csv
applyDataFilter: FALSE
addTreeTips: TRUE
Ntrees: 100
calculateTrees: TRUE
saveTrees: FALSE


OPERATIONAL CHECKS:
* Regression data contains multiple copies of some taxa (user added variants of existing test taxa 
   or replacements due to bootstrap are present) which are not in the phylo tree:
     original taxon,   duplicate   
"1","Dasyurus_maculatus","Dasyurus_maculatus.1"
"2","Rattus_rattus","Rattus_rattus.1"
"3","Meles_meles","Meles_meles.1"
"4","Raphus","Raphus.1"
"5","Dasyurus_maculatus","Dasyurus_maculatus.2"
"6","Rangifer_tarandus","Rangifer_tarandus.1"
"7","Rangifer_tarandus","Rangifer_tarandus.2"
"8","Dasyurus_maculatus","Dasyurus_maculatus.3"
"9","Porphyrio_hochstetteri","Porphyrio_hochstetteri.1"
"10","Nyctereutes_procyonoides","Nyctereutes_procyonoides.1"
"11","Rynochetus_jubatus","Rynochetus_jubatus.1"
"12","Lacerta_viridis","Lacerta_viridis.1"
"13","Microgale_thomasi","Microgale_thomasi.1"
"14","Rattus_rattus","Rattus_rattus.2"
"15","Rupicapra_rupicapra","Rupicapra_rupicapra.1"
"16","Rhinoceros_sondaicus","Rhinoceros_sondaicus.1"
"17","Alces_americanus","Alces_americanus.1"
"18","Rupicapra_rupicapra","Rupicapra_rupicapra.2"
"19","Vulpes_vulpes","Vulpes_vulpes.1"
"20","Meles_meles","Meles_meles.2"
"21","Chapsosaurus_","Chapsosaurus_.1"
"22","Tapirus_terrestris","Tapirus_terrestris.1"
"23","Ichtyosaurus_","Ichtyosaurus_.1"
"24","Hippopotamus_amphibius","Hippopotamus_amphibius.1"
"25","Placondontia_indet","Placondontia_indet.1"
"26","Nothosaurus_102","Nothosaurus_102.1"
"27","Placodontia_indet_1","Placodontia_indet_1.1"
"28","Placondontia_indet","Placondontia_indet.2"
"29","Indohyus","Indohyus.1"
"30","Tapirus_terrestris","Tapirus_terrestris.2"
"31","Hydromys_chrysogaster","Hydromys_chrysogaster.1"
"32","Dyrosaurid","Dyrosaurid.1"
"33","Placondontia_indet","Placondontia_indet.3"
"34","Pistosaurus","Pistosaurus.1"
"35","Ichtyosaurus_","Ichtyosaurus_.2"
"36","Placondontia_indet","Placondontia_indet.4"
"37","Nothosaurus_giganteus","Nothosaurus_giganteus.1"
"38","Placondontia_indet","Placondontia_indet.5"
"39","Ornithorhynchus_anatinus","Ornithorhynchus_anatinus.1"
"40","Indohyus","Indohyus.2"
"41","Cricosaurus","Cricosaurus.1"
"42","Ornithorhynchus_anatinus","Ornithorhynchus_anatinus.2"
"43","Indohyus","Indohyus.3"
"44","Dyrosaurid","Dyrosaurid.2"
"45","Champsosaurus","Champsosaurus.1"
"46","Nanophoca_vitulinoides","Nanophoca_vitulinoides.1"
"47","Spinosaurus_","Spinosaurus_.1"
"48","Spinosaurus_","Spinosaurus_.2"
"49","Spinosaurus_","Spinosaurus_.3"
"50","Spinosaurus_","Spinosaurus_.4"
"51","Spinosaurus_","Spinosaurus_.5"
"52","Spinosaurus_","Spinosaurus_.6"
"53","Spinosaurus_","Spinosaurus_.7"
"54","Spinosaurus_","Spinosaurus_.8"
"55","Spinosaurus_","Spinosaurus_.9"
"56","Spinosaurus_","Spinosaurus_.10"
"57","Spinosaurus_","Spinosaurus_.11"
"58","Suchomimus","Suchomimus.1"
"59","Suchomimus","Suchomimus.2"
"60","Suchomimus","Suchomimus.3"
"61","Baryonyx","Baryonyx.1"
"62","Baryonyx","Baryonyx.2"
"63","Baryonyx","Baryonyx.3"
 
* Phylo tree and the main data and strata files have been modified to include duplicated taxa before the scaled random trees are generated.
* Selected categorical labels column: diving.or.not
* diving.or.equal column is identical to Diving column.
* Regression excludes flying taxa.
* Diving labels that are present in regression: 0,2
* lambda (calculated from a random tree) = : 0.11
* index-name alignment check: OK
