Logfile for a session of program: bootstrap_binary.r
-----------------------------------------------------
INPUT:
workDir: C:/dino_nature/output/2023-11-07-D1\bs/set_1452
Nbootstrapsets: 2000
phyloFDAfile: c:/dino_nature/code/phylo.fda.R
auxFile: c:/dino_nature/code/auxiliary.r
boneType: femur
regressionData.file: C:/dino_nature/output/2023-11-07-D1\bs/set_1452/femur_set_1452.csv
applyDataFilter: FALSE
addTreeTips: TRUE
Ntrees: 100
calculateTrees: TRUE
saveTrees: FALSE


OPERATIONAL CHECKS:
* Regression data contains multiple copies of some taxa (user added variants of existing test taxa 
   or replacements due to bootstrap are present) which are not in the phylo tree:
     original taxon,   duplicate   
"1","Procyon_lotor","Procyon_lotor.1"
"2","Meles_meles","Meles_meles.1"
"3","Meles_meles","Meles_meles.2"
"4","Meles_meles","Meles_meles.3"
"5","Procyon_lotor","Procyon_lotor.2"
"6","Meles_meles","Meles_meles.4"
"7","Capreolus_capreolus","Capreolus_capreolus.1"
"8","Euroscaptor_micrura","Euroscaptor_micrura.1"
"9","Rangifer_tarandus","Rangifer_tarandus.1"
"10","Megaloceros_sp","Megaloceros_sp.1"
"11","Nyctereutes_procyonoides","Nyctereutes_procyonoides.1"
"12","Capreolus_capreolus","Capreolus_capreolus.2"
"13","Lama_guanicoe","Lama_guanicoe.1"
"14","Capreolus_capreolus","Capreolus_capreolus.3"
"15","Lama_guanicoe","Lama_guanicoe.2"
"16","Rattus_rattus","Rattus_rattus.1"
"17","Elomeryx_borbonicus_","Elomeryx_borbonicus_.1"
"18","Mammuthus_sp","Mammuthus_sp.1"
"19","Dicerorhinus_sumatrensis","Dicerorhinus_sumatrensis.1"
"20","Xenicus_giliventris","Xenicus_giliventris.1"
"21","Giraffa_camelopardalis","Giraffa_camelopardalis.1"
"22","Loxodonta_africana","Loxodonta_africana.1"
"23","Caiman_yacare","Caiman_yacare.1"
"24","Metryorhynchus","Metryorhynchus.1"
"25","Nothosaurus_150","Nothosaurus_150.1"
"26","Metryorhynchus","Metryorhynchus.2"
"27","Cricosaurus","Cricosaurus.1"
"28","Caiman_yacare","Caiman_yacare.2"
"29","Choeropsis_liberiensis","Choeropsis_liberiensis.1"
"30","Simosaurus_1","Simosaurus_1.1"
"31","Psephoderma","Psephoderma.1"
"32","Anarosaurus","Anarosaurus.1"
"33","Neusticosaurus","Neusticosaurus.1"
"34","Phalacrocorax_harrisi","Phalacrocorax_harrisi.1"
"35","Placodontia_indet_1","Placodontia_indet_1.1"
"36","Hippopotamus_amphibius","Hippopotamus_amphibius.1"
"37","Metryorhynchus","Metryorhynchus.3"
"38","Psephoderma","Psephoderma.2"
"39","Metryorhynchus","Metryorhynchus.4"
"40","Alligator","Alligator.1"
"41","Leptophoca_proxima","Leptophoca_proxima.1"
"42","Spinosaurus_","Spinosaurus_.1"
"43","Spinosaurus_","Spinosaurus_.2"
"44","Spinosaurus_","Spinosaurus_.3"
"45","Spinosaurus_","Spinosaurus_.4"
"46","Spinosaurus_","Spinosaurus_.5"
"47","Spinosaurus_","Spinosaurus_.6"
"48","Spinosaurus_","Spinosaurus_.7"
"49","Spinosaurus_","Spinosaurus_.8"
"50","Spinosaurus_","Spinosaurus_.9"
"51","Spinosaurus_","Spinosaurus_.10"
"52","Spinosaurus_","Spinosaurus_.11"
"53","Suchomimus","Suchomimus.1"
"54","Suchomimus","Suchomimus.2"
"55","Suchomimus","Suchomimus.3"
"56","Baryonyx","Baryonyx.1"
"57","Baryonyx","Baryonyx.2"
"58","Baryonyx","Baryonyx.3"
 
* Phylo tree and the main data and strata files have been modified to include duplicated taxa before the scaled random trees are generated.
* Selected categorical labels column: diving.or.not
* diving.or.equal column is identical to Diving column.
* Regression excludes flying taxa.
* Diving labels that are present in regression: 0,2
* lambda (calculated from a random tree) = : 0.12
* index-name alignment check: OK
