Logfile for a session of program: bootstrap_binary.r
-----------------------------------------------------
INPUT:
workDir: C:/dino_nature/output/2023-11-07-D1\bs/set_1448
Nbootstrapsets: 2000
phyloFDAfile: c:/dino_nature/code/phylo.fda.R
auxFile: c:/dino_nature/code/auxiliary.r
boneType: femur
regressionData.file: C:/dino_nature/output/2023-11-07-D1\bs/set_1448/femur_set_1448.csv
applyDataFilter: FALSE
addTreeTips: TRUE
Ntrees: 100
calculateTrees: TRUE
saveTrees: FALSE


OPERATIONAL CHECKS:
* Regression data contains multiple copies of some taxa (user added variants of existing test taxa 
   or replacements due to bootstrap are present) which are not in the phylo tree:
     original taxon,   duplicate   
"1","Capreolus_capreolus","Capreolus_capreolus.1"
"2","Rangifer_tarandus","Rangifer_tarandus.1"
"3","Euroscaptor_micrura","Euroscaptor_micrura.1"
"4","Felis_felis","Felis_felis.1"
"5","Meles_meles","Meles_meles.1"
"6","Mammuthus_sp","Mammuthus_sp.1"
"7","Mammuthus_sp","Mammuthus_sp.2"
"8","Dama_dama","Dama_dama.1"
"9","Meles_meles","Meles_meles.2"
"10","Rattus_rattus","Rattus_rattus.1"
"11","Rattus_rattus","Rattus_rattus.2"
"12","Meles_meles","Meles_meles.3"
"13","Bos_taurus","Bos_taurus.1"
"14","Uncia_uncia","Uncia_uncia.1"
"15","Vulpes_vulpes","Vulpes_vulpes.1"
"16","Euroscaptor_micrura","Euroscaptor_micrura.2"
"17","Bos_taurus","Bos_taurus.2"
"18","Taxidea_taxus","Taxidea_taxus.1"
"19","Tenrec_ecaudatus","Tenrec_ecaudatus.1"
"20","large_eocene_stem_penguin","large_eocene_stem_penguin.1"
"21","Noemys_fodies","Noemys_fodies.1"
"22","Simosaurus_1","Simosaurus_1.1"
"23","Cricosaurus","Cricosaurus.1"
"24","Nothosaurus_102","Nothosaurus_102.1"
"25","Callophoca_obscura","Callophoca_obscura.1"
"26","Nothosaurus_mirabilis_1","Nothosaurus_mirabilis_1.1"
"27","Simosaurus","Simosaurus.1"
"28","Rhaeticosaurus","Rhaeticosaurus.1"
"29","Placodontia_indet_1","Placodontia_indet_1.1"
"30","Psephoderma","Psephoderma.1"
"31","Nothosaurus_mirabilis","Nothosaurus_mirabilis.1"
"32","Noemys_fodies","Noemys_fodies.2"
"33","Neusticosaurus","Neusticosaurus.1"
"34","Nothosaurus_mirabilis_1","Nothosaurus_mirabilis_1.2"
"35","Leptophoca_proxima","Leptophoca_proxima.1"
"36","Cryptoclidus","Cryptoclidus.1"
"37","Placondontia_indet","Placondontia_indet.1"
"38","Nothosaurus_568","Nothosaurus_568.1"
"39","large_eocene_stem_penguin","large_eocene_stem_penguin.2"
"40","Anarosaurus","Anarosaurus.1"
"41","Spinosaurus_","Spinosaurus_.1"
"42","Spinosaurus_","Spinosaurus_.2"
"43","Spinosaurus_","Spinosaurus_.3"
"44","Spinosaurus_","Spinosaurus_.4"
"45","Spinosaurus_","Spinosaurus_.5"
"46","Spinosaurus_","Spinosaurus_.6"
"47","Spinosaurus_","Spinosaurus_.7"
"48","Spinosaurus_","Spinosaurus_.8"
"49","Spinosaurus_","Spinosaurus_.9"
"50","Spinosaurus_","Spinosaurus_.10"
"51","Spinosaurus_","Spinosaurus_.11"
"52","Suchomimus","Suchomimus.1"
"53","Suchomimus","Suchomimus.2"
"54","Suchomimus","Suchomimus.3"
"55","Baryonyx","Baryonyx.1"
"56","Baryonyx","Baryonyx.2"
"57","Baryonyx","Baryonyx.3"
 
* Phylo tree and the main data and strata files have been modified to include duplicated taxa before the scaled random trees are generated.
* Selected categorical labels column: diving.or.not
* diving.or.equal column is identical to Diving column.
* Regression excludes flying taxa.
* Diving labels that are present in regression: 0,2
* lambda (calculated from a random tree) = : 0.14
* index-name alignment check: OK
