Logfile for a session of program: bootstrap_binary.r
-----------------------------------------------------
INPUT:
workDir: C:/dino_nature/output/2023-11-07-D1\bs/set_388
Nbootstrapsets: 2000
phyloFDAfile: c:/dino_nature/code/phylo.fda.R
auxFile: c:/dino_nature/code/auxiliary.r
boneType: femur
regressionData.file: C:/dino_nature/output/2023-11-07-D1\bs/set_388/femur_set_388.csv
applyDataFilter: FALSE
addTreeTips: TRUE
Ntrees: 100
calculateTrees: TRUE
saveTrees: FALSE


OPERATIONAL CHECKS:
* Regression data contains multiple copies of some taxa (user added variants of existing test taxa 
   or replacements due to bootstrap are present) which are not in the phylo tree:
     original taxon,   duplicate   
"1","Lama_guanicoe","Lama_guanicoe.1"
"2","Rupicapra_rupicapra","Rupicapra_rupicapra.1"
"3","Elephas_maximus","Elephas_maximus.1"
"4","Sphenodon_punctatus","Sphenodon_punctatus.1"
"5","Rupicapra_rupicapra","Rupicapra_rupicapra.2"
"6","Rynochetus_jubatus","Rynochetus_jubatus.1"
"7","Dama_dama","Dama_dama.1"
"8","Dromaius_","Dromaius_.1"
"9","Dicerorhinus_sumatrensis","Dicerorhinus_sumatrensis.1"
"10","Diplomesodon_pulchellum","Diplomesodon_pulchellum.1"
"11","Procavia_capensis","Procavia_capensis.1"
"12","Mustela_nivalis","Mustela_nivalis.1"
"13","Caloenas_nicobarica","Caloenas_nicobarica.1"
"14","Apteryx_australis","Apteryx_australis.1"
"15","Apteryx_owenii_","Apteryx_owenii_.1"
"16","Rynochetus_jubatus","Rynochetus_jubatus.2"
"17","Mustela_nivalis","Mustela_nivalis.2"
"18","Porphyrio_hochstetteri","Porphyrio_hochstetteri.1"
"19","Tenrec_ecaudatus","Tenrec_ecaudatus.1"
"20","Tamandua_tetradactyla","Tamandua_tetradactyla.1"
"21","Leptophoca_proxima","Leptophoca_proxima.1"
"22","Leptophoca_proxima","Leptophoca_proxima.2"
"23","Placondontia_indet","Placondontia_indet.1"
"24","Spheniscus","Spheniscus.1"
"25","Plesiosaurus","Plesiosaurus.1"
"26","Tapirus_terrestris","Tapirus_terrestris.1"
"27","Desmana_moschata","Desmana_moschata.1"
"28","Champsosaurus","Champsosaurus.1"
"29","large_eocene_stem_penguin","large_eocene_stem_penguin.1"
"30","Basilosaurus","Basilosaurus.1"
"31","Rhaeticosaurus","Rhaeticosaurus.1"
"32","Rhaeticosaurus","Rhaeticosaurus.2"
"33","Desmana_moschata","Desmana_moschata.2"
"34","Ornithorhynchus_anatinus","Ornithorhynchus_anatinus.1"
"35","Micropotamogale_euwenzorii","Micropotamogale_euwenzorii.1"
"36","Hexaprotodon_garyam","Hexaprotodon_garyam.1"
"37","Nanophoca_vitulinoides","Nanophoca_vitulinoides.1"
"38","Protochampsidae","Protochampsidae.1"
"39","Maiacetus","Maiacetus.1"
"40","Desmana_moschata","Desmana_moschata.3"
"41","Basilosaurus","Basilosaurus.2"
"42","Hesperornis","Hesperornis.1"
"43","Lutra_vulgaris","Lutra_vulgaris.1"
"44","Spinosaurus_","Spinosaurus_.1"
"45","Spinosaurus_","Spinosaurus_.2"
"46","Spinosaurus_","Spinosaurus_.3"
"47","Spinosaurus_","Spinosaurus_.4"
"48","Spinosaurus_","Spinosaurus_.5"
"49","Spinosaurus_","Spinosaurus_.6"
"50","Spinosaurus_","Spinosaurus_.7"
"51","Spinosaurus_","Spinosaurus_.8"
"52","Spinosaurus_","Spinosaurus_.9"
"53","Spinosaurus_","Spinosaurus_.10"
"54","Spinosaurus_","Spinosaurus_.11"
"55","Suchomimus","Suchomimus.1"
"56","Suchomimus","Suchomimus.2"
"57","Suchomimus","Suchomimus.3"
"58","Baryonyx","Baryonyx.1"
"59","Baryonyx","Baryonyx.2"
"60","Baryonyx","Baryonyx.3"
 
* Phylo tree and the main data and strata files have been modified to include duplicated taxa before the scaled random trees are generated.
* Selected categorical labels column: diving.or.not
* diving.or.equal column is identical to Diving column.
* Regression excludes flying taxa.
* Diving labels that are present in regression: 0,2
* lambda (calculated from a random tree) = : 0.06
* index-name alignment check: OK
