Logfile for a session of program: bootstrap_binary.r
-----------------------------------------------------
INPUT:
workDir: C:/dino_nature/output/2023-11-07-D1\bs/set_1114
Nbootstrapsets: 2000
phyloFDAfile: c:/dino_nature/code/phylo.fda.R
auxFile: c:/dino_nature/code/auxiliary.r
boneType: femur
regressionData.file: C:/dino_nature/output/2023-11-07-D1\bs/set_1114/femur_set_1114.csv
applyDataFilter: FALSE
addTreeTips: TRUE
Ntrees: 100
calculateTrees: TRUE
saveTrees: FALSE


OPERATIONAL CHECKS:
* Regression data contains multiple copies of some taxa (user added variants of existing test taxa 
   or replacements due to bootstrap are present) which are not in the phylo tree:
     original taxon,   duplicate   
"1","Rupicapra_rupicapra","Rupicapra_rupicapra.1"
"2","Tamandua_tetradactyla","Tamandua_tetradactyla.1"
"3","Sus_scrofa","Sus_scrofa.1"
"4","Brachyodus_onoideum","Brachyodus_onoideum.1"
"5","Nyctereutes_procyonoides","Nyctereutes_procyonoides.1"
"6","Tenrec_ecaudatus","Tenrec_ecaudatus.1"
"7","Giraffa_camelopardalis","Giraffa_camelopardalis.1"
"8","Diplomesodon_pulchellum","Diplomesodon_pulchellum.1"
"9","Apteryx_owenii_","Apteryx_owenii_.1"
"10","Sphenodon_punctatus","Sphenodon_punctatus.1"
"11","Bos_taurus","Bos_taurus.1"
"12","Rangifer_tarandus","Rangifer_tarandus.1"
"13","Okapia_johnstoni","Okapia_johnstoni.1"
"14","Brachyodus_onoideum","Brachyodus_onoideum.2"
"15","Rupicapra_rupicapra","Rupicapra_rupicapra.2"
"16","Giraffa_camelopardalis","Giraffa_camelopardalis.2"
"17","Okapia_johnstoni","Okapia_johnstoni.2"
"18","Porphyrio_hochstetteri","Porphyrio_hochstetteri.1"
"19","Sus_scrofa","Sus_scrofa.2"
"20","Diplomesodon_pulchellum","Diplomesodon_pulchellum.2"
"21","Brachyodus_onoideum","Brachyodus_onoideum.3"
"22","Indohyus","Indohyus.1"
"23","Cricosaurus","Cricosaurus.1"
"24","Remingtonocetus","Remingtonocetus.1"
"25","Cricosaurus","Cricosaurus.2"
"26","Nothosaurus_mirabilis","Nothosaurus_mirabilis.1"
"27","Metryorhynchus","Metryorhynchus.1"
"28","Noemys_fodies","Noemys_fodies.1"
"29","Small_Eocene_penguin","Small_Eocene_penguin.1"
"30","Metryorhynchus","Metryorhynchus.2"
"31","Small_Eocene_penguin","Small_Eocene_penguin.2"
"32","Pistosaurus","Pistosaurus.1"
"33","Serpianosaurus","Serpianosaurus.1"
"34","Spheniscus","Spheniscus.1"
"35","Noemys_fodies","Noemys_fodies.2"
"36","Metryorhynchus","Metryorhynchus.3"
"37","Small_Eocene_penguin","Small_Eocene_penguin.3"
"38","Spheniscus","Spheniscus.2"
"39","Rhaeticosaurus","Rhaeticosaurus.1"
"40","Simosaurus","Simosaurus.1"
"41","Simosaurus","Simosaurus.2"
"42","Nothosaurus_mirabilis","Nothosaurus_mirabilis.2"
"43","Neusticosaurus","Neusticosaurus.1"
"44","Spinosaurus_","Spinosaurus_.1"
"45","Spinosaurus_","Spinosaurus_.2"
"46","Spinosaurus_","Spinosaurus_.3"
"47","Spinosaurus_","Spinosaurus_.4"
"48","Spinosaurus_","Spinosaurus_.5"
"49","Spinosaurus_","Spinosaurus_.6"
"50","Spinosaurus_","Spinosaurus_.7"
"51","Spinosaurus_","Spinosaurus_.8"
"52","Spinosaurus_","Spinosaurus_.9"
"53","Spinosaurus_","Spinosaurus_.10"
"54","Spinosaurus_","Spinosaurus_.11"
"55","Suchomimus","Suchomimus.1"
"56","Suchomimus","Suchomimus.2"
"57","Suchomimus","Suchomimus.3"
"58","Baryonyx","Baryonyx.1"
"59","Baryonyx","Baryonyx.2"
"60","Baryonyx","Baryonyx.3"
 
* Phylo tree and the main data and strata files have been modified to include duplicated taxa before the scaled random trees are generated.
* Selected categorical labels column: diving.or.not
* diving.or.equal column is identical to Diving column.
* Regression excludes flying taxa.
* Diving labels that are present in regression: 0,2
* lambda (calculated from a random tree) = : 0.09
* index-name alignment check: OK
