Logfile for a session of program: bootstrap_binary.r
-----------------------------------------------------
INPUT:
workDir: C:/dino_nature/output/2023-11-07-D1\bs/set_593
Nbootstrapsets: 2000
phyloFDAfile: c:/dino_nature/code/phylo.fda.R
auxFile: c:/dino_nature/code/auxiliary.r
boneType: femur
regressionData.file: C:/dino_nature/output/2023-11-07-D1\bs/set_593/femur_set_593.csv
applyDataFilter: FALSE
addTreeTips: TRUE
Ntrees: 100
calculateTrees: TRUE
saveTrees: FALSE


OPERATIONAL CHECKS:
* Regression data contains multiple copies of some taxa (user added variants of existing test taxa 
   or replacements due to bootstrap are present) which are not in the phylo tree:
     original taxon,   duplicate   
"1","Atlantisia_rogersi","Atlantisia_rogersi.1"
"2","Microgale_thomasi","Microgale_thomasi.1"
"3","Raphus","Raphus.1"
"4","Atlantisia_rogersi","Atlantisia_rogersi.2"
"5","Strigiops_habroptilus","Strigiops_habroptilus.1"
"6","Meles_meles","Meles_meles.1"
"7","Brachyodus_onoideum","Brachyodus_onoideum.1"
"8","Hemiechinus_azurites","Hemiechinus_azurites.1"
"9","Porphyrio_hochstetteri","Porphyrio_hochstetteri.1"
"10","Raphus","Raphus.2"
"11","Atlantisia_rogersi","Atlantisia_rogersi.3"
"12","Dama_dama","Dama_dama.1"
"13","Rynochetus_jubatus","Rynochetus_jubatus.1"
"14","Alces_americanus","Alces_americanus.1"
"15","Caloenas_nicobarica","Caloenas_nicobarica.1"
"16","Raphus","Raphus.3"
"17","Paguma_larvata","Paguma_larvata.1"
"18","Rangifer_tarandus","Rangifer_tarandus.1"
"19","Sus_scrofa","Sus_scrofa.1"
"20","Hippopotamus_amphibius","Hippopotamus_amphibius.1"
"21","Callophoca_obscura","Callophoca_obscura.1"
"22","Nanophoca_vitulinoides","Nanophoca_vitulinoides.1"
"23","Hippopotamus_amphibius","Hippopotamus_amphibius.2"
"24","Noemys_fodies","Noemys_fodies.1"
"25","Psephoderma","Psephoderma.1"
"26","Noemys_fodies","Noemys_fodies.2"
"27","Metryorhynchus","Metryorhynchus.1"
"28","Lutra_vulgaris","Lutra_vulgaris.1"
"29","Remingtonocetus","Remingtonocetus.1"
"30","Nothosaurus_mirabilis","Nothosaurus_mirabilis.1"
"31","Psephoderma","Psephoderma.2"
"32","Placondontia_indet","Placondontia_indet.1"
"33","Phalacrocorax_harrisi","Phalacrocorax_harrisi.1"
"34","Phalacrocorax_harrisi","Phalacrocorax_harrisi.2"
"35","Simosaurus","Simosaurus.1"
"36","Maiacetus","Maiacetus.1"
"37","Hippopotamus_amphibius","Hippopotamus_amphibius.3"
"38","Hippopotamus_amphibius","Hippopotamus_amphibius.4"
"39","Protochampsidae","Protochampsidae.1"
"40","Spinosaurus_","Spinosaurus_.1"
"41","Spinosaurus_","Spinosaurus_.2"
"42","Spinosaurus_","Spinosaurus_.3"
"43","Spinosaurus_","Spinosaurus_.4"
"44","Spinosaurus_","Spinosaurus_.5"
"45","Spinosaurus_","Spinosaurus_.6"
"46","Spinosaurus_","Spinosaurus_.7"
"47","Spinosaurus_","Spinosaurus_.8"
"48","Spinosaurus_","Spinosaurus_.9"
"49","Spinosaurus_","Spinosaurus_.10"
"50","Spinosaurus_","Spinosaurus_.11"
"51","Suchomimus","Suchomimus.1"
"52","Suchomimus","Suchomimus.2"
"53","Suchomimus","Suchomimus.3"
"54","Baryonyx","Baryonyx.1"
"55","Baryonyx","Baryonyx.2"
"56","Baryonyx","Baryonyx.3"
 
* Phylo tree and the main data and strata files have been modified to include duplicated taxa before the scaled random trees are generated.
* Selected categorical labels column: diving.or.not
* diving.or.equal column is identical to Diving column.
* Regression excludes flying taxa.
* Diving labels that are present in regression: 0,2
* lambda (calculated from a random tree) = : 0.06
* index-name alignment check: OK
