Logfile for a session of program: bootstrap_binary.r
-----------------------------------------------------
INPUT:
workDir: C:/dino_nature/output/2023-11-07-D1\bs/set_1032
Nbootstrapsets: 2000
phyloFDAfile: c:/dino_nature/code/phylo.fda.R
auxFile: c:/dino_nature/code/auxiliary.r
boneType: femur
regressionData.file: C:/dino_nature/output/2023-11-07-D1\bs/set_1032/femur_set_1032.csv
applyDataFilter: FALSE
addTreeTips: TRUE
Ntrees: 100
calculateTrees: TRUE
saveTrees: FALSE


OPERATIONAL CHECKS:
* Regression data contains multiple copies of some taxa (user added variants of existing test taxa 
   or replacements due to bootstrap are present) which are not in the phylo tree:
     original taxon,   duplicate   
"1","Dasyurus_maculatus","Dasyurus_maculatus.1"
"2","Dasyurus_maculatus","Dasyurus_maculatus.2"
"3","Rhynchocyon_petersi","Rhynchocyon_petersi.1"
"4","Felis_felis","Felis_felis.1"
"5","Apteryx_australis","Apteryx_australis.1"
"6","Bos_taurus","Bos_taurus.1"
"7","Diplomesodon_pulchellum","Diplomesodon_pulchellum.1"
"8","Rhynchocyon_petersi","Rhynchocyon_petersi.2"
"9","Apteryx_australis","Apteryx_australis.2"
"10","Apteryx_australis","Apteryx_australis.3"
"11","Dasyurus_maculatus","Dasyurus_maculatus.3"
"12","Cephalophus_silvicultor","Cephalophus_silvicultor.1"
"13","Rhynchocyon_petersi","Rhynchocyon_petersi.3"
"14","Syncerus_caffer","Syncerus_caffer.1"
"15","Alces_americanus","Alces_americanus.1"
"16","Bos_taurus","Bos_taurus.2"
"17","Euroscaptor_micrura","Euroscaptor_micrura.1"
"18","Procyon_lotor","Procyon_lotor.1"
"19","Tenrec_ecaudatus","Tenrec_ecaudatus.1"
"20","Rangifer_tarandus","Rangifer_tarandus.1"
"21","Porphyrio_hochstetteri","Porphyrio_hochstetteri.1"
"22","Monodelphis_domestica","Monodelphis_domestica.1"
"23","Apteryx_owenii_","Apteryx_owenii_.1"
"24","Monodelphis_domestica","Monodelphis_domestica.2"
"25","Aptenodytes______","Aptenodytes______.1"
"26","Basilosaurus","Basilosaurus.1"
"27","Noemys_fodies","Noemys_fodies.1"
"28","Basilosaurus","Basilosaurus.2"
"29","large_eocene_stem_penguin","large_eocene_stem_penguin.1"
"30","Nothosaurus_102","Nothosaurus_102.1"
"31","large_eocene_stem_penguin","large_eocene_stem_penguin.2"
"32","large_eocene_stem_penguin","large_eocene_stem_penguin.3"
"33","Psephoderma","Psephoderma.1"
"34","Chironectes_minimus","Chironectes_minimus.1"
"35","Desmostylus_hesperus","Desmostylus_hesperus.1"
"36","Psephoderma","Psephoderma.2"
"37","Desmostylus_hesperus","Desmostylus_hesperus.2"
"38","Chironectes_minimus","Chironectes_minimus.2"
"39","Aptenodytes______","Aptenodytes______.2"
"40","Phocanella_pumila","Phocanella_pumila.1"
"41","Dyrosaurid","Dyrosaurid.1"
"42","Otaria_byronia","Otaria_byronia.1"
"43","Micropotamogale_euwenzorii","Micropotamogale_euwenzorii.1"
"44","Serpianosaurus","Serpianosaurus.1"
"45","Otaria_byronia","Otaria_byronia.2"
"46","Neusticosaurus","Neusticosaurus.1"
"47","Choeropsis_liberiensis","Choeropsis_liberiensis.1"
"48","Spinosaurus_","Spinosaurus_.1"
"49","Spinosaurus_","Spinosaurus_.2"
"50","Spinosaurus_","Spinosaurus_.3"
"51","Spinosaurus_","Spinosaurus_.4"
"52","Spinosaurus_","Spinosaurus_.5"
"53","Spinosaurus_","Spinosaurus_.6"
"54","Spinosaurus_","Spinosaurus_.7"
"55","Spinosaurus_","Spinosaurus_.8"
"56","Spinosaurus_","Spinosaurus_.9"
"57","Spinosaurus_","Spinosaurus_.10"
"58","Spinosaurus_","Spinosaurus_.11"
"59","Suchomimus","Suchomimus.1"
"60","Suchomimus","Suchomimus.2"
"61","Suchomimus","Suchomimus.3"
"62","Baryonyx","Baryonyx.1"
"63","Baryonyx","Baryonyx.2"
"64","Baryonyx","Baryonyx.3"
 
* Phylo tree and the main data and strata files have been modified to include duplicated taxa before the scaled random trees are generated.
* Selected categorical labels column: diving.or.not
* diving.or.equal column is identical to Diving column.
* Regression excludes flying taxa.
* Diving labels that are present in regression: 0,2
* lambda (calculated from a random tree) = : 0.07
* index-name alignment check: OK
