Logfile for a session of program: bootstrap_binary.r
-----------------------------------------------------
INPUT:
workDir: C:/dino_nature/output/2023-11-07-D1\bs/set_656
Nbootstrapsets: 2000
phyloFDAfile: c:/dino_nature/code/phylo.fda.R
auxFile: c:/dino_nature/code/auxiliary.r
boneType: femur
regressionData.file: C:/dino_nature/output/2023-11-07-D1\bs/set_656/femur_set_656.csv
applyDataFilter: FALSE
addTreeTips: TRUE
Ntrees: 100
calculateTrees: TRUE
saveTrees: FALSE


OPERATIONAL CHECKS:
* Regression data contains multiple copies of some taxa (user added variants of existing test taxa 
   or replacements due to bootstrap are present) which are not in the phylo tree:
     original taxon,   duplicate   
"1","Tenrec_ecaudatus","Tenrec_ecaudatus.1"
"2","Strigiops_habroptilus","Strigiops_habroptilus.1"
"3","Giraffa_camelopardalis","Giraffa_camelopardalis.1"
"4","Alces_americanus","Alces_americanus.1"
"5","Nyctereutes_procyonoides","Nyctereutes_procyonoides.1"
"6","Hemiechinus_azurites","Hemiechinus_azurites.1"
"7","Monodelphis_domestica","Monodelphis_domestica.1"
"8","Meles_meles","Meles_meles.1"
"9","Meles_meles","Meles_meles.2"
"10","Alces_americanus","Alces_americanus.2"
"11","Giraffa_camelopardalis","Giraffa_camelopardalis.2"
"12","Capreolus_capreolus","Capreolus_capreolus.1"
"13","Okapia_johnstoni","Okapia_johnstoni.1"
"14","Raphus","Raphus.1"
"15","Meles_meles","Meles_meles.3"
"16","Meles_meles","Meles_meles.4"
"17","Procyon_lotor","Procyon_lotor.1"
"18","Procavia_capensis","Procavia_capensis.1"
"19","Taxidea_taxus","Taxidea_taxus.1"
"20","Okapia_johnstoni","Okapia_johnstoni.2"
"21","Capreolus_capreolus","Capreolus_capreolus.2"
"22","Rangifer_tarandus","Rangifer_tarandus.1"
"23","Nothosaurus_mirabilis","Nothosaurus_mirabilis.1"
"24","Nothosaurus_102","Nothosaurus_102.1"
"25","Placodontia_indet_1","Placodontia_indet_1.1"
"26","Otaria_byronia","Otaria_byronia.1"
"27","Callophoca_obscura","Callophoca_obscura.1"
"28","Rodhocetus","Rodhocetus.1"
"29","Cricosaurus","Cricosaurus.1"
"30","Nothosaurus_102","Nothosaurus_102.2"
"31","Maiacetus","Maiacetus.1"
"32","Placondontia_indet","Placondontia_indet.1"
"33","Callophoca_obscura","Callophoca_obscura.2"
"34","Placodontia_indet_1","Placodontia_indet_1.2"
"35","Ichtyosaur_sp","Ichtyosaur_sp.1"
"36","Leptophoca_proxima","Leptophoca_proxima.1"
"37","Ornithorhynchus_anatinus","Ornithorhynchus_anatinus.1"
"38","Champsosaurus","Champsosaurus.1"
"39","Champsosaurus","Champsosaurus.2"
"40","Callophoca_obscura","Callophoca_obscura.3"
"41","Placodontia_indet_1","Placodontia_indet_1.3"
"42","Nothosaurus_102","Nothosaurus_102.3"
"43","Anarosaurus","Anarosaurus.1"
"44","Spinosaurus_","Spinosaurus_.1"
"45","Spinosaurus_","Spinosaurus_.2"
"46","Spinosaurus_","Spinosaurus_.3"
"47","Spinosaurus_","Spinosaurus_.4"
"48","Spinosaurus_","Spinosaurus_.5"
"49","Spinosaurus_","Spinosaurus_.6"
"50","Spinosaurus_","Spinosaurus_.7"
"51","Spinosaurus_","Spinosaurus_.8"
"52","Spinosaurus_","Spinosaurus_.9"
"53","Spinosaurus_","Spinosaurus_.10"
"54","Spinosaurus_","Spinosaurus_.11"
"55","Suchomimus","Suchomimus.1"
"56","Suchomimus","Suchomimus.2"
"57","Suchomimus","Suchomimus.3"
"58","Baryonyx","Baryonyx.1"
"59","Baryonyx","Baryonyx.2"
"60","Baryonyx","Baryonyx.3"
 
* Phylo tree and the main data and strata files have been modified to include duplicated taxa before the scaled random trees are generated.
* Selected categorical labels column: diving.or.not
* diving.or.equal column is identical to Diving column.
* Regression excludes flying taxa.
* Diving labels that are present in regression: 0,2
* lambda (calculated from a random tree) = : 0.08
* index-name alignment check: OK
