Logfile for a session of program: bootstrap_binary.r
-----------------------------------------------------
INPUT:
workDir: C:/dino_nature/output/2023-11-07-D1\bs/set_1331
Nbootstrapsets: 2000
phyloFDAfile: c:/dino_nature/code/phylo.fda.R
auxFile: c:/dino_nature/code/auxiliary.r
boneType: femur
regressionData.file: C:/dino_nature/output/2023-11-07-D1\bs/set_1331/femur_set_1331.csv
applyDataFilter: FALSE
addTreeTips: TRUE
Ntrees: 100
calculateTrees: TRUE
saveTrees: FALSE


OPERATIONAL CHECKS:
* Regression data contains multiple copies of some taxa (user added variants of existing test taxa 
   or replacements due to bootstrap are present) which are not in the phylo tree:
     original taxon,   duplicate   
"1","Cephalophus_silvicultor","Cephalophus_silvicultor.1"
"2","Rynochetus_jubatus","Rynochetus_jubatus.1"
"3","Sphenodon_punctatus","Sphenodon_punctatus.1"
"4","Strigiops_habroptilus","Strigiops_habroptilus.1"
"5","Meles_meles","Meles_meles.1"
"6","Tamandua_tetradactyla","Tamandua_tetradactyla.1"
"7","Brachyodus_onoideum","Brachyodus_onoideum.1"
"8","Caloenas_nicobarica","Caloenas_nicobarica.1"
"9","Xenicus_giliventris","Xenicus_giliventris.1"
"10","Bos_taurus","Bos_taurus.1"
"11","Mustela_nivalis","Mustela_nivalis.1"
"12","Apteryx_owenii_","Apteryx_owenii_.1"
"13","Porphyrio_hochstetteri","Porphyrio_hochstetteri.1"
"14","Dicerorhinus_sumatrensis","Dicerorhinus_sumatrensis.1"
"15","Paguma_larvata","Paguma_larvata.1"
"16","Mammuthus_sp","Mammuthus_sp.1"
"17","Paguma_larvata","Paguma_larvata.2"
"18","Syncerus_caffer","Syncerus_caffer.1"
"19","Strigiops_habroptilus","Strigiops_habroptilus.2"
"20","Porphyrio_hochstetteri","Porphyrio_hochstetteri.2"
"21","Chapsosaurus_","Chapsosaurus_.1"
"22","Palaeospheniscus","Palaeospheniscus.1"
"23","Nothosaurus_568","Nothosaurus_568.1"
"24","Hexaprotodon_garyam","Hexaprotodon_garyam.1"
"25","Dyrosaurid","Dyrosaurid.1"
"26","Small_Eocene_penguin","Small_Eocene_penguin.1"
"27","Hexaprotodon_garyam","Hexaprotodon_garyam.2"
"28","Small_Eocene_penguin","Small_Eocene_penguin.2"
"29","Palaeospheniscus","Palaeospheniscus.2"
"30","Psephoderma","Psephoderma.1"
"31","Rodhocetus","Rodhocetus.1"
"32","Protochampsidae","Protochampsidae.1"
"33","Hexaprotodon_garyam","Hexaprotodon_garyam.3"
"34","Rhaeticosaurus","Rhaeticosaurus.1"
"35","Simosaurus_1","Simosaurus_1.1"
"36","Rhaeticosaurus","Rhaeticosaurus.2"
"37","Simosaurus_1","Simosaurus_1.2"
"38","Pistosaurus","Pistosaurus.1"
"39","Champsosaurus","Champsosaurus.1"
"40","Nothosaurus_giganteus","Nothosaurus_giganteus.1"
"41","Palaeospheniscus","Palaeospheniscus.3"
"42","Spinosaurus_","Spinosaurus_.1"
"43","Spinosaurus_","Spinosaurus_.2"
"44","Spinosaurus_","Spinosaurus_.3"
"45","Spinosaurus_","Spinosaurus_.4"
"46","Spinosaurus_","Spinosaurus_.5"
"47","Spinosaurus_","Spinosaurus_.6"
"48","Spinosaurus_","Spinosaurus_.7"
"49","Spinosaurus_","Spinosaurus_.8"
"50","Spinosaurus_","Spinosaurus_.9"
"51","Spinosaurus_","Spinosaurus_.10"
"52","Spinosaurus_","Spinosaurus_.11"
"53","Suchomimus","Suchomimus.1"
"54","Suchomimus","Suchomimus.2"
"55","Suchomimus","Suchomimus.3"
"56","Baryonyx","Baryonyx.1"
"57","Baryonyx","Baryonyx.2"
"58","Baryonyx","Baryonyx.3"
 
* Phylo tree and the main data and strata files have been modified to include duplicated taxa before the scaled random trees are generated.
* Selected categorical labels column: diving.or.not
* diving.or.equal column is identical to Diving column.
* Regression excludes flying taxa.
* Diving labels that are present in regression: 0,2
* lambda (calculated from a random tree) = : 0.13
* index-name alignment check: OK
