Logfile for a session of program: bootstrap_binary.r
-----------------------------------------------------
INPUT:
workDir: C:/dino_nature/output/2023-11-07-D1\bs/set_108
Nbootstrapsets: 2000
phyloFDAfile: c:/dino_nature/code/phylo.fda.R
auxFile: c:/dino_nature/code/auxiliary.r
boneType: femur
regressionData.file: C:/dino_nature/output/2023-11-07-D1\bs/set_108/femur_set_108.csv
applyDataFilter: FALSE
addTreeTips: TRUE
Ntrees: 100
calculateTrees: TRUE
saveTrees: FALSE


OPERATIONAL CHECKS:
* Regression data contains multiple copies of some taxa (user added variants of existing test taxa 
   or replacements due to bootstrap are present) which are not in the phylo tree:
     original taxon,   duplicate   
"1","Dasyurus_maculatus","Dasyurus_maculatus.1"
"2","Dasyurus_maculatus","Dasyurus_maculatus.2"
"3","Pogona_viceps","Pogona_viceps.1"
"4","Rattus_rattus","Rattus_rattus.1"
"5","Dromaius_","Dromaius_.1"
"6","Loxodonta_africana","Loxodonta_africana.1"
"7","Mammuthus_sp","Mammuthus_sp.1"
"8","Sphenodon_punctatus","Sphenodon_punctatus.1"
"9","Dicerorhinus_sumatrensis","Dicerorhinus_sumatrensis.1"
"10","Dasyurus_maculatus","Dasyurus_maculatus.3"
"11","Dasyurus_maculatus","Dasyurus_maculatus.4"
"12","Euroscaptor_micrura","Euroscaptor_micrura.1"
"13","Atlantisia_rogersi","Atlantisia_rogersi.1"
"14","Rupicapra_rupicapra","Rupicapra_rupicapra.1"
"15","Myrmecophaga_tridactyla","Myrmecophaga_tridactyla.1"
"16","Nyctereutes_procyonoides","Nyctereutes_procyonoides.1"
"17","Dicerorhinus_sumatrensis","Dicerorhinus_sumatrensis.2"
"18","Loxodonta_africana","Loxodonta_africana.2"
"19","Brachyodus_onoideum","Brachyodus_onoideum.1"
"20","Mammuthus_sp","Mammuthus_sp.2"
"21","Strigiops_habroptilus","Strigiops_habroptilus.1"
"22","Hippopotamus_amphibius","Hippopotamus_amphibius.1"
"23","Hippopotamus_amphibius","Hippopotamus_amphibius.2"
"24","Noemys_fodies","Noemys_fodies.1"
"25","Indohyus","Indohyus.1"
"26","Noemys_fodies","Noemys_fodies.2"
"27","Nothosaurus_mirabilis_1","Nothosaurus_mirabilis_1.1"
"28","Rodhocetus","Rodhocetus.1"
"29","Castor_fiber","Castor_fiber.1"
"30","Psephoderma","Psephoderma.1"
"31","Psephoderma","Psephoderma.2"
"32","Rodhocetus","Rodhocetus.2"
"33","Paraplacodus","Paraplacodus.1"
"34","Psephoderma","Psephoderma.3"
"35","Leptophoca_proxima","Leptophoca_proxima.1"
"36","Champsosaurus","Champsosaurus.1"
"37","Nothosaurus_102","Nothosaurus_102.1"
"38","Maiacetus","Maiacetus.1"
"39","Simosaurus_1","Simosaurus_1.1"
"40","Spinosaurus_","Spinosaurus_.1"
"41","Spinosaurus_","Spinosaurus_.2"
"42","Spinosaurus_","Spinosaurus_.3"
"43","Spinosaurus_","Spinosaurus_.4"
"44","Spinosaurus_","Spinosaurus_.5"
"45","Spinosaurus_","Spinosaurus_.6"
"46","Spinosaurus_","Spinosaurus_.7"
"47","Spinosaurus_","Spinosaurus_.8"
"48","Spinosaurus_","Spinosaurus_.9"
"49","Spinosaurus_","Spinosaurus_.10"
"50","Spinosaurus_","Spinosaurus_.11"
"51","Suchomimus","Suchomimus.1"
"52","Suchomimus","Suchomimus.2"
"53","Suchomimus","Suchomimus.3"
"54","Baryonyx","Baryonyx.1"
"55","Baryonyx","Baryonyx.2"
"56","Baryonyx","Baryonyx.3"
 
* Phylo tree and the main data and strata files have been modified to include duplicated taxa before the scaled random trees are generated.
* Selected categorical labels column: diving.or.not
* diving.or.equal column is identical to Diving column.
* Regression excludes flying taxa.
* Diving labels that are present in regression: 0,2
* lambda (calculated from a random tree) = : 0.1
* index-name alignment check: OK
