Logfile for a session of program: bootstrap_binary.r
-----------------------------------------------------
INPUT:
workDir: C:/dino_nature/output/2023-11-07-D1\bs/set_244
Nbootstrapsets: 2000
phyloFDAfile: c:/dino_nature/code/phylo.fda.R
auxFile: c:/dino_nature/code/auxiliary.r
boneType: femur
regressionData.file: C:/dino_nature/output/2023-11-07-D1\bs/set_244/femur_set_244.csv
applyDataFilter: FALSE
addTreeTips: TRUE
Ntrees: 100
calculateTrees: TRUE
saveTrees: FALSE


OPERATIONAL CHECKS:
* Regression data contains multiple copies of some taxa (user added variants of existing test taxa 
   or replacements due to bootstrap are present) which are not in the phylo tree:
     original taxon,   duplicate   
"1","Sus_scrofa","Sus_scrofa.1"
"2","Caloenas_nicobarica","Caloenas_nicobarica.1"
"3","Procavia_capensis","Procavia_capensis.1"
"4","Uncia_uncia","Uncia_uncia.1"
"5","Sus_scrofa","Sus_scrofa.2"
"6","Dasyurus_maculatus","Dasyurus_maculatus.1"
"7","Procavia_capensis","Procavia_capensis.2"
"8","Procavia_capensis","Procavia_capensis.3"
"9","Dasyurus_maculatus","Dasyurus_maculatus.2"
"10","Syncerus_caffer","Syncerus_caffer.1"
"11","Rupicapra_rupicapra","Rupicapra_rupicapra.1"
"12","Myrmecophaga_tridactyla","Myrmecophaga_tridactyla.1"
"13","Paguma_larvata","Paguma_larvata.1"
"14","Giraffa_camelopardalis","Giraffa_camelopardalis.1"
"15","Myrmecophaga_tridactyla","Myrmecophaga_tridactyla.2"
"16","Capreolus_capreolus","Capreolus_capreolus.1"
"17","Nyctereutes_procyonoides","Nyctereutes_procyonoides.1"
"18","Caloenas_nicobarica","Caloenas_nicobarica.2"
"19","Meles_meles","Meles_meles.1"
"20","Mus_musculus","Mus_musculus.1"
"21","Nyctereutes_procyonoides","Nyctereutes_procyonoides.2"
"22","Loxodonta_africana","Loxodonta_africana.1"
"23","Vulpes_vulpes","Vulpes_vulpes.1"
"24","Nanophoca_vitulinoides","Nanophoca_vitulinoides.1"
"25","Castor_fiber","Castor_fiber.1"
"26","Palaeospheniscus","Palaeospheniscus.1"
"27","Hesperornis","Hesperornis.1"
"28","Psephoderma","Psephoderma.1"
"29","Nothosaurus_giganteus","Nothosaurus_giganteus.1"
"30","Ichtyosaur_sp","Ichtyosaur_sp.1"
"31","Lutra_vulgaris","Lutra_vulgaris.1"
"32","Indohyus","Indohyus.1"
"33","Indohyus","Indohyus.2"
"34","Indohyus","Indohyus.3"
"35","Nothosaurus_102","Nothosaurus_102.1"
"36","Nothosaurus_568","Nothosaurus_568.1"
"37","Spheniscus","Spheniscus.1"
"38","Dyrosaurid","Dyrosaurid.1"
"39","Lutra_vulgaris","Lutra_vulgaris.2"
"40","Simosaurus","Simosaurus.1"
"41","Nothosaurus_102","Nothosaurus_102.2"
"42","Alligator","Alligator.1"
"43","Ichtyosaur_sp","Ichtyosaur_sp.2"
"44","Alligator","Alligator.2"
"45","Spinosaurus_","Spinosaurus_.1"
"46","Spinosaurus_","Spinosaurus_.2"
"47","Spinosaurus_","Spinosaurus_.3"
"48","Spinosaurus_","Spinosaurus_.4"
"49","Spinosaurus_","Spinosaurus_.5"
"50","Spinosaurus_","Spinosaurus_.6"
"51","Spinosaurus_","Spinosaurus_.7"
"52","Spinosaurus_","Spinosaurus_.8"
"53","Spinosaurus_","Spinosaurus_.9"
"54","Spinosaurus_","Spinosaurus_.10"
"55","Spinosaurus_","Spinosaurus_.11"
"56","Suchomimus","Suchomimus.1"
"57","Suchomimus","Suchomimus.2"
"58","Suchomimus","Suchomimus.3"
"59","Baryonyx","Baryonyx.1"
"60","Baryonyx","Baryonyx.2"
"61","Baryonyx","Baryonyx.3"
 
* Phylo tree and the main data and strata files have been modified to include duplicated taxa before the scaled random trees are generated.
* Selected categorical labels column: diving.or.not
* diving.or.equal column is identical to Diving column.
* Regression excludes flying taxa.
* Diving labels that are present in regression: 0,2
* lambda (calculated from a random tree) = : 0.13
* index-name alignment check: OK
