Logfile for a session of program: bootstrap_binary.r
-----------------------------------------------------
INPUT:
workDir: C:/dino_nature/output/2023-11-07-D1\bs/set_1127
Nbootstrapsets: 2000
phyloFDAfile: c:/dino_nature/code/phylo.fda.R
auxFile: c:/dino_nature/code/auxiliary.r
boneType: femur
regressionData.file: C:/dino_nature/output/2023-11-07-D1\bs/set_1127/femur_set_1127.csv
applyDataFilter: FALSE
addTreeTips: TRUE
Ntrees: 100
calculateTrees: TRUE
saveTrees: FALSE


OPERATIONAL CHECKS:
* Regression data contains multiple copies of some taxa (user added variants of existing test taxa 
   or replacements due to bootstrap are present) which are not in the phylo tree:
     original taxon,   duplicate   
"1","Mus_musculus","Mus_musculus.1"
"2","Apteryx_owenii_","Apteryx_owenii_.1"
"3","Bos_taurus","Bos_taurus.1"
"4","Mus_musculus","Mus_musculus.2"
"5","Loxodonta_africana","Loxodonta_africana.1"
"6","Strigiops_habroptilus","Strigiops_habroptilus.1"
"7","Hemiechinus_azurites","Hemiechinus_azurites.1"
"8","Okapia_johnstoni","Okapia_johnstoni.1"
"9","Sus_scrofa","Sus_scrofa.1"
"10","Mus_musculus","Mus_musculus.3"
"11","Lama_guanicoe","Lama_guanicoe.1"
"12","Dasyurus_maculatus","Dasyurus_maculatus.1"
"13","Capreolus_capreolus","Capreolus_capreolus.1"
"14","Okapia_johnstoni","Okapia_johnstoni.2"
"15","Lacerta_viridis","Lacerta_viridis.1"
"16","Alces_americanus","Alces_americanus.1"
"17","Loxodonta_africana","Loxodonta_africana.2"
"18","Dama_dama","Dama_dama.1"
"19","Caloenas_nicobarica","Caloenas_nicobarica.1"
"20","Atlantisia_rogersi","Atlantisia_rogersi.1"
"21","Rangifer_tarandus","Rangifer_tarandus.1"
"22","Champsosaurus","Champsosaurus.1"
"23","Psephoderma","Psephoderma.1"
"24","Pistosaurus","Pistosaurus.1"
"25","Lutra_vulgaris","Lutra_vulgaris.1"
"26","Ornithorhynchus_anatinus","Ornithorhynchus_anatinus.1"
"27","Ichtyosaur_sp","Ichtyosaur_sp.1"
"28","Metryorhynchus","Metryorhynchus.1"
"29","Psephoderma","Psephoderma.2"
"30","Otaria_byronia","Otaria_byronia.1"
"31","Lutra_vulgaris","Lutra_vulgaris.2"
"32","Nothosaurus_mirabilis_1","Nothosaurus_mirabilis_1.1"
"33","large_eocene_stem_penguin","large_eocene_stem_penguin.1"
"34","Otaria_byronia","Otaria_byronia.2"
"35","Hydromys_chrysogaster","Hydromys_chrysogaster.1"
"36","Spheniscus","Spheniscus.1"
"37","Rodhocetus","Rodhocetus.1"
"38","Pistosaurus","Pistosaurus.2"
"39","Spheniscus","Spheniscus.2"
"40","Callophoca_obscura","Callophoca_obscura.1"
"41","Nothosaurus_102","Nothosaurus_102.1"
"42","Spinosaurus_","Spinosaurus_.1"
"43","Spinosaurus_","Spinosaurus_.2"
"44","Spinosaurus_","Spinosaurus_.3"
"45","Spinosaurus_","Spinosaurus_.4"
"46","Spinosaurus_","Spinosaurus_.5"
"47","Spinosaurus_","Spinosaurus_.6"
"48","Spinosaurus_","Spinosaurus_.7"
"49","Spinosaurus_","Spinosaurus_.8"
"50","Spinosaurus_","Spinosaurus_.9"
"51","Spinosaurus_","Spinosaurus_.10"
"52","Spinosaurus_","Spinosaurus_.11"
"53","Suchomimus","Suchomimus.1"
"54","Suchomimus","Suchomimus.2"
"55","Suchomimus","Suchomimus.3"
"56","Baryonyx","Baryonyx.1"
"57","Baryonyx","Baryonyx.2"
"58","Baryonyx","Baryonyx.3"
 
* Phylo tree and the main data and strata files have been modified to include duplicated taxa before the scaled random trees are generated.
* Selected categorical labels column: diving.or.not
* diving.or.equal column is identical to Diving column.
* Regression excludes flying taxa.
* Diving labels that are present in regression: 0,2
* lambda (calculated from a random tree) = : 0.11
* index-name alignment check: OK
