Logfile for a session of program: bootstrap_binary.r
-----------------------------------------------------
INPUT:
workDir: C:/dino_nature/output/2023-11-07-D1\bs/set_706
Nbootstrapsets: 2000
phyloFDAfile: c:/dino_nature/code/phylo.fda.R
auxFile: c:/dino_nature/code/auxiliary.r
boneType: femur
regressionData.file: C:/dino_nature/output/2023-11-07-D1\bs/set_706/femur_set_706.csv
applyDataFilter: FALSE
addTreeTips: TRUE
Ntrees: 100
calculateTrees: TRUE
saveTrees: FALSE


OPERATIONAL CHECKS:
* Regression data contains multiple copies of some taxa (user added variants of existing test taxa 
   or replacements due to bootstrap are present) which are not in the phylo tree:
     original taxon,   duplicate   
"1","Dama_dama","Dama_dama.1"
"2","Sus_scrofa","Sus_scrofa.1"
"3","Rhynchocyon_petersi","Rhynchocyon_petersi.1"
"4","Lama_guanicoe","Lama_guanicoe.1"
"5","Bison_bonasus","Bison_bonasus.1"
"6","Rhynchocyon_petersi","Rhynchocyon_petersi.2"
"7","Rhinoceros_sondaicus","Rhinoceros_sondaicus.1"
"8","Rhinoceros_sondaicus","Rhinoceros_sondaicus.2"
"9","Pogona_viceps","Pogona_viceps.1"
"10","Vulpes_vulpes","Vulpes_vulpes.1"
"11","Uncia_uncia","Uncia_uncia.1"
"12","Rhynchocyon_petersi","Rhynchocyon_petersi.3"
"13","Caloenas_nicobarica","Caloenas_nicobarica.1"
"14","Procyon_lotor","Procyon_lotor.1"
"15","Mustela_nivalis","Mustela_nivalis.1"
"16","Raphus","Raphus.1"
"17","Pogona_viceps","Pogona_viceps.2"
"18","Apteryx_australis","Apteryx_australis.1"
"19","Mustela_nivalis","Mustela_nivalis.2"
"20","Okapia_johnstoni","Okapia_johnstoni.1"
"21","Ceratotherium_simum","Ceratotherium_simum.1"
"22","Microgale_thomasi","Microgale_thomasi.1"
"23","Pogona_viceps","Pogona_viceps.3"
"24","Nothosaurus_mirabilis","Nothosaurus_mirabilis.1"
"25","Aptenodytes______","Aptenodytes______.1"
"26","Hexaprotodon_garyam","Hexaprotodon_garyam.1"
"27","Phocanella_pumila","Phocanella_pumila.1"
"28","Hesperornis","Hesperornis.1"
"29","Champsosaurus","Champsosaurus.1"
"30","Pistosaurus","Pistosaurus.1"
"31","Otaria_byronia","Otaria_byronia.1"
"32","Hesperornis","Hesperornis.2"
"33","Phocanella_pumila","Phocanella_pumila.2"
"34","Phalacrocorax_harrisi","Phalacrocorax_harrisi.1"
"35","Spheniscus","Spheniscus.1"
"36","Nothosaurus_568","Nothosaurus_568.1"
"37","Otaria_byronia","Otaria_byronia.2"
"38","Otaria_byronia","Otaria_byronia.3"
"39","Spinosaurus_","Spinosaurus_.1"
"40","Spinosaurus_","Spinosaurus_.2"
"41","Spinosaurus_","Spinosaurus_.3"
"42","Spinosaurus_","Spinosaurus_.4"
"43","Spinosaurus_","Spinosaurus_.5"
"44","Spinosaurus_","Spinosaurus_.6"
"45","Spinosaurus_","Spinosaurus_.7"
"46","Spinosaurus_","Spinosaurus_.8"
"47","Spinosaurus_","Spinosaurus_.9"
"48","Spinosaurus_","Spinosaurus_.10"
"49","Spinosaurus_","Spinosaurus_.11"
"50","Suchomimus","Suchomimus.1"
"51","Suchomimus","Suchomimus.2"
"52","Suchomimus","Suchomimus.3"
"53","Baryonyx","Baryonyx.1"
"54","Baryonyx","Baryonyx.2"
"55","Baryonyx","Baryonyx.3"
 
* Phylo tree and the main data and strata files have been modified to include duplicated taxa before the scaled random trees are generated.
* Selected categorical labels column: diving.or.not
* diving.or.equal column is identical to Diving column.
* Regression excludes flying taxa.
* Diving labels that are present in regression: 0,2
* lambda (calculated from a random tree) = : 0.08
* index-name alignment check: OK
