Logfile for a session of program: bootstrap_binary.r
-----------------------------------------------------
INPUT:
workDir: C:/dino_nature/output/2023-11-07-D1\bs/set_329
Nbootstrapsets: 2000
phyloFDAfile: c:/dino_nature/code/phylo.fda.R
auxFile: c:/dino_nature/code/auxiliary.r
boneType: femur
regressionData.file: C:/dino_nature/output/2023-11-07-D1\bs/set_329/femur_set_329.csv
applyDataFilter: FALSE
addTreeTips: TRUE
Ntrees: 100
calculateTrees: TRUE
saveTrees: FALSE


OPERATIONAL CHECKS:
* Regression data contains multiple copies of some taxa (user added variants of existing test taxa 
   or replacements due to bootstrap are present) which are not in the phylo tree:
     original taxon,   duplicate   
"1","Raphus","Raphus.1"
"2","Tenrec_ecaudatus","Tenrec_ecaudatus.1"
"3","Mammuthus_sp","Mammuthus_sp.1"
"4","Sphenodon_punctatus","Sphenodon_punctatus.1"
"5","Rupicapra_rupicapra","Rupicapra_rupicapra.1"
"6","Lama_guanicoe","Lama_guanicoe.1"
"7","Rupicapra_rupicapra","Rupicapra_rupicapra.2"
"8","Tenrec_ecaudatus","Tenrec_ecaudatus.2"
"9","Uncia_uncia","Uncia_uncia.1"
"10","Tribonyx_mortieri","Tribonyx_mortieri.1"
"11","Paguma_larvata","Paguma_larvata.1"
"12","Rhinoceros_sondaicus","Rhinoceros_sondaicus.1"
"13","Rhinoceros_sondaicus","Rhinoceros_sondaicus.2"
"14","Dromaius_","Dromaius_.1"
"15","Apteryx_owenii_","Apteryx_owenii_.1"
"16","Procavia_capensis","Procavia_capensis.1"
"17","Dromaius_","Dromaius_.2"
"18","Lama_guanicoe","Lama_guanicoe.2"
"19","Raphus","Raphus.2"
"20","Diplomesodon_pulchellum","Diplomesodon_pulchellum.1"
"21","Taxidea_taxus","Taxidea_taxus.1"
"22","Hemiechinus_azurites","Hemiechinus_azurites.1"
"23","Tamandua_tetradactyla","Tamandua_tetradactyla.1"
"24","Serpianosaurus","Serpianosaurus.1"
"25","Rodhocetus","Rodhocetus.1"
"26","Rhaeticosaurus","Rhaeticosaurus.1"
"27","Simosaurus","Simosaurus.1"
"28","Rhaeticosaurus","Rhaeticosaurus.2"
"29","Dyrosaurid","Dyrosaurid.1"
"30","Dyrosaurid","Dyrosaurid.2"
"31","Rodhocetus","Rodhocetus.2"
"32","Small_Eocene_penguin","Small_Eocene_penguin.1"
"33","Nothosaurus_mirabilis","Nothosaurus_mirabilis.1"
"34","Desmana_moschata","Desmana_moschata.1"
"35","Maiacetus","Maiacetus.1"
"36","Dyrosaurid","Dyrosaurid.3"
"37","Plesiosaurus","Plesiosaurus.1"
"38","Psephoderma","Psephoderma.1"
"39","Spheniscus","Spheniscus.1"
"40","Nothosaurus_mirabilis_1","Nothosaurus_mirabilis_1.1"
"41","Otaria_byronia","Otaria_byronia.1"
"42","Tapirus_terrestris","Tapirus_terrestris.1"
"43","Ichtyosaur_sp","Ichtyosaur_sp.1"
"44","Otaria_byronia","Otaria_byronia.2"
"45","Spinosaurus_","Spinosaurus_.1"
"46","Spinosaurus_","Spinosaurus_.2"
"47","Spinosaurus_","Spinosaurus_.3"
"48","Spinosaurus_","Spinosaurus_.4"
"49","Spinosaurus_","Spinosaurus_.5"
"50","Spinosaurus_","Spinosaurus_.6"
"51","Spinosaurus_","Spinosaurus_.7"
"52","Spinosaurus_","Spinosaurus_.8"
"53","Spinosaurus_","Spinosaurus_.9"
"54","Spinosaurus_","Spinosaurus_.10"
"55","Spinosaurus_","Spinosaurus_.11"
"56","Suchomimus","Suchomimus.1"
"57","Suchomimus","Suchomimus.2"
"58","Suchomimus","Suchomimus.3"
"59","Baryonyx","Baryonyx.1"
"60","Baryonyx","Baryonyx.2"
"61","Baryonyx","Baryonyx.3"
 
* Phylo tree and the main data and strata files have been modified to include duplicated taxa before the scaled random trees are generated.
* Selected categorical labels column: diving.or.not
* diving.or.equal column is identical to Diving column.
* Regression excludes flying taxa.
* Diving labels that are present in regression: 0,2
* lambda (calculated from a random tree) = : 0.14
* index-name alignment check: OK
