Logfile for a session of program: bootstrap_binary.r
-----------------------------------------------------
INPUT:
workDir: C:/dino_nature/output/2023-11-07-D1\bs/set_1949
Nbootstrapsets: 2000
phyloFDAfile: c:/dino_nature/code/phylo.fda.R
auxFile: c:/dino_nature/code/auxiliary.r
boneType: femur
regressionData.file: C:/dino_nature/output/2023-11-07-D1\bs/set_1949/femur_set_1949.csv
applyDataFilter: FALSE
addTreeTips: TRUE
Ntrees: 100
calculateTrees: TRUE
saveTrees: FALSE


OPERATIONAL CHECKS:
* Regression data contains multiple copies of some taxa (user added variants of existing test taxa 
   or replacements due to bootstrap are present) which are not in the phylo tree:
     original taxon,   duplicate   
"1","Bos_taurus","Bos_taurus.1"
"2","Xenicus_giliventris","Xenicus_giliventris.1"
"3","Bos_taurus","Bos_taurus.2"
"4","Xenicus_giliventris","Xenicus_giliventris.2"
"5","Rangifer_tarandus","Rangifer_tarandus.1"
"6","Cephalophus_silvicultor","Cephalophus_silvicultor.1"
"7","Tenrec_ecaudatus","Tenrec_ecaudatus.1"
"8","Strigiops_habroptilus","Strigiops_habroptilus.1"
"9","Microgale_thomasi","Microgale_thomasi.1"
"10","Paguma_larvata","Paguma_larvata.1"
"11","Myrmecophaga_tridactyla","Myrmecophaga_tridactyla.1"
"12","Dromaius_","Dromaius_.1"
"13","Brachyodus_onoideum","Brachyodus_onoideum.1"
"14","Apteryx_australis","Apteryx_australis.1"
"15","Cephalophus_silvicultor","Cephalophus_silvicultor.2"
"16","Procavia_capensis","Procavia_capensis.1"
"17","Rhynchocyon_petersi","Rhynchocyon_petersi.1"
"18","Uncia_uncia","Uncia_uncia.1"
"19","Tenrec_ecaudatus","Tenrec_ecaudatus.2"
"20","Cephalophus_silvicultor","Cephalophus_silvicultor.3"
"21","Dama_dama","Dama_dama.1"
"22","Apteryx_owenii_","Apteryx_owenii_.1"
"23","Pistosaurus","Pistosaurus.1"
"24","Phalacrocorax_harrisi","Phalacrocorax_harrisi.1"
"25","Desmana_moschata","Desmana_moschata.1"
"26","Desmana_moschata","Desmana_moschata.2"
"27","Pistosaurus","Pistosaurus.2"
"28","Nothosaurus_mirabilis","Nothosaurus_mirabilis.1"
"29","Metryorhynchus","Metryorhynchus.1"
"30","Simosaurus","Simosaurus.1"
"31","Phocanella_pumila","Phocanella_pumila.1"
"32","Pistosaurus","Pistosaurus.3"
"33","Neusticosaurus","Neusticosaurus.1"
"34","Ichtyosaur_sp","Ichtyosaur_sp.1"
"35","Neusticosaurus","Neusticosaurus.2"
"36","Phalacrocorax_harrisi","Phalacrocorax_harrisi.2"
"37","Cryptoclidus","Cryptoclidus.1"
"38","Alligator","Alligator.1"
"39","Phalacrocorax_harrisi","Phalacrocorax_harrisi.3"
"40","Simosaurus","Simosaurus.2"
"41","Protochampsidae","Protochampsidae.1"
"42","Caiman_yacare","Caiman_yacare.1"
"43","Desmostylus_hesperus","Desmostylus_hesperus.1"
"44","Protochampsidae","Protochampsidae.2"
"45","Spinosaurus_","Spinosaurus_.1"
"46","Spinosaurus_","Spinosaurus_.2"
"47","Spinosaurus_","Spinosaurus_.3"
"48","Spinosaurus_","Spinosaurus_.4"
"49","Spinosaurus_","Spinosaurus_.5"
"50","Spinosaurus_","Spinosaurus_.6"
"51","Spinosaurus_","Spinosaurus_.7"
"52","Spinosaurus_","Spinosaurus_.8"
"53","Spinosaurus_","Spinosaurus_.9"
"54","Spinosaurus_","Spinosaurus_.10"
"55","Spinosaurus_","Spinosaurus_.11"
"56","Suchomimus","Suchomimus.1"
"57","Suchomimus","Suchomimus.2"
"58","Suchomimus","Suchomimus.3"
"59","Baryonyx","Baryonyx.1"
"60","Baryonyx","Baryonyx.2"
"61","Baryonyx","Baryonyx.3"
 
* Phylo tree and the main data and strata files have been modified to include duplicated taxa before the scaled random trees are generated.
* Selected categorical labels column: diving.or.not
* diving.or.equal column is identical to Diving column.
* Regression excludes flying taxa.
* Diving labels that are present in regression: 0,2
* lambda (calculated from a random tree) = : 0.16
* index-name alignment check: OK
