Logfile for a session of program: bootstrap_binary.r
-----------------------------------------------------
INPUT:
workDir: C:/dino_nature/output/2023-11-07-D1\bs/set_597
Nbootstrapsets: 2000
phyloFDAfile: c:/dino_nature/code/phylo.fda.R
auxFile: c:/dino_nature/code/auxiliary.r
boneType: femur
regressionData.file: C:/dino_nature/output/2023-11-07-D1\bs/set_597/femur_set_597.csv
applyDataFilter: FALSE
addTreeTips: TRUE
Ntrees: 100
calculateTrees: TRUE
saveTrees: FALSE


OPERATIONAL CHECKS:
* Regression data contains multiple copies of some taxa (user added variants of existing test taxa 
   or replacements due to bootstrap are present) which are not in the phylo tree:
     original taxon,   duplicate   
"1","Dicerorhinus_sumatrensis","Dicerorhinus_sumatrensis.1"
"2","Taxidea_taxus","Taxidea_taxus.1"
"3","Ceratotherium_simum","Ceratotherium_simum.1"
"4","Tribonyx_mortieri","Tribonyx_mortieri.1"
"5","Procavia_capensis","Procavia_capensis.1"
"6","Atlantisia_rogersi","Atlantisia_rogersi.1"
"7","Atlantisia_rogersi","Atlantisia_rogersi.2"
"8","Dicerorhinus_sumatrensis","Dicerorhinus_sumatrensis.2"
"9","Okapia_johnstoni","Okapia_johnstoni.1"
"10","Raphus","Raphus.1"
"11","Raphus","Raphus.2"
"12","Cephalophus_silvicultor","Cephalophus_silvicultor.1"
"13","Strigiops_habroptilus","Strigiops_habroptilus.1"
"14","Atlantisia_rogersi","Atlantisia_rogersi.3"
"15","Procavia_capensis","Procavia_capensis.2"
"16","Lama_guanicoe","Lama_guanicoe.1"
"17","Caloenas_nicobarica","Caloenas_nicobarica.1"
"18","Megaloceros_sp","Megaloceros_sp.1"
"19","Procyon_lotor","Procyon_lotor.1"
"20","Atlantisia_rogersi","Atlantisia_rogersi.4"
"21","Giraffa_camelopardalis","Giraffa_camelopardalis.1"
"22","Myrmecophaga_tridactyla","Myrmecophaga_tridactyla.1"
"23","Felis_felis","Felis_felis.1"
"24","Myrmecophaga_tridactyla","Myrmecophaga_tridactyla.2"
"25","Small_Eocene_penguin","Small_Eocene_penguin.1"
"26","Hesperornis","Hesperornis.1"
"27","Nothosaurus_mirabilis_1","Nothosaurus_mirabilis_1.1"
"28","Placondontia_indet","Placondontia_indet.1"
"29","Anarosaurus","Anarosaurus.1"
"30","Hesperornis","Hesperornis.2"
"31","Placondontia_indet","Placondontia_indet.2"
"32","Choeropsis_liberiensis","Choeropsis_liberiensis.1"
"33","Desmana_moschata","Desmana_moschata.1"
"34","Simosaurus","Simosaurus.1"
"35","Hesperornis","Hesperornis.3"
"36","Anarosaurus","Anarosaurus.2"
"37","Tapirus_terrestris","Tapirus_terrestris.1"
"38","Placondontia_indet","Placondontia_indet.3"
"39","Plesiosaurus","Plesiosaurus.1"
"40","Tapirus_terrestris","Tapirus_terrestris.2"
"41","Small_Eocene_penguin","Small_Eocene_penguin.2"
"42","Palaeospheniscus","Palaeospheniscus.1"
"43","Small_Eocene_penguin","Small_Eocene_penguin.3"
"44","Anarosaurus","Anarosaurus.3"
"45","Placodontia_indet_1","Placodontia_indet_1.1"
"46","Spinosaurus_","Spinosaurus_.1"
"47","Spinosaurus_","Spinosaurus_.2"
"48","Spinosaurus_","Spinosaurus_.3"
"49","Spinosaurus_","Spinosaurus_.4"
"50","Spinosaurus_","Spinosaurus_.5"
"51","Spinosaurus_","Spinosaurus_.6"
"52","Spinosaurus_","Spinosaurus_.7"
"53","Spinosaurus_","Spinosaurus_.8"
"54","Spinosaurus_","Spinosaurus_.9"
"55","Spinosaurus_","Spinosaurus_.10"
"56","Spinosaurus_","Spinosaurus_.11"
"57","Suchomimus","Suchomimus.1"
"58","Suchomimus","Suchomimus.2"
"59","Suchomimus","Suchomimus.3"
"60","Baryonyx","Baryonyx.1"
"61","Baryonyx","Baryonyx.2"
"62","Baryonyx","Baryonyx.3"
 
* Phylo tree and the main data and strata files have been modified to include duplicated taxa before the scaled random trees are generated.
* Selected categorical labels column: diving.or.not
* diving.or.equal column is identical to Diving column.
* Regression excludes flying taxa.
* Diving labels that are present in regression: 0,2
* lambda (calculated from a random tree) = : 0.11
* index-name alignment check: OK
