Logfile for a session of program: bootstrap_binary.r
-----------------------------------------------------
INPUT:
workDir: C:/dino_nature/output/2023-11-07-D1\bs/set_1086
Nbootstrapsets: 2000
phyloFDAfile: c:/dino_nature/code/phylo.fda.R
auxFile: c:/dino_nature/code/auxiliary.r
boneType: femur
regressionData.file: C:/dino_nature/output/2023-11-07-D1\bs/set_1086/femur_set_1086.csv
applyDataFilter: FALSE
addTreeTips: TRUE
Ntrees: 100
calculateTrees: TRUE
saveTrees: FALSE


OPERATIONAL CHECKS:
* Regression data contains multiple copies of some taxa (user added variants of existing test taxa 
   or replacements due to bootstrap are present) which are not in the phylo tree:
     original taxon,   duplicate   
"1","Dicerorhinus_sumatrensis","Dicerorhinus_sumatrensis.1"
"2","Vulpes_vulpes","Vulpes_vulpes.1"
"3","Rhynchocyon_petersi","Rhynchocyon_petersi.1"
"4","Procavia_capensis","Procavia_capensis.1"
"5","Rhynchocyon_petersi","Rhynchocyon_petersi.2"
"6","Mustela_nivalis","Mustela_nivalis.1"
"7","Mammuthus_sp","Mammuthus_sp.1"
"8","Dromaius_","Dromaius_.1"
"9","Rupicapra_rupicapra","Rupicapra_rupicapra.1"
"10","Dromaius_","Dromaius_.2"
"11","Dicerorhinus_sumatrensis","Dicerorhinus_sumatrensis.2"
"12","Dromaius_","Dromaius_.3"
"13","Euroscaptor_micrura","Euroscaptor_micrura.1"
"14","Uncia_uncia","Uncia_uncia.1"
"15","Apteryx_owenii_","Apteryx_owenii_.1"
"16","Procyon_lotor","Procyon_lotor.1"
"17","Rhynchocyon_petersi","Rhynchocyon_petersi.3"
"18","Mammuthus_sp","Mammuthus_sp.2"
"19","Sus_scrofa","Sus_scrofa.1"
"20","Capreolus_capreolus","Capreolus_capreolus.1"
"21","Rynochetus_jubatus","Rynochetus_jubatus.1"
"22","Dicerorhinus_sumatrensis","Dicerorhinus_sumatrensis.3"
"23","Paguma_larvata","Paguma_larvata.1"
"24","Metryorhynchus","Metryorhynchus.1"
"25","Nothosaurus_102","Nothosaurus_102.1"
"26","Simosaurus","Simosaurus.1"
"27","Metryorhynchus","Metryorhynchus.2"
"28","Caiman_yacare","Caiman_yacare.1"
"29","Chapsosaurus_","Chapsosaurus_.1"
"30","Serpianosaurus","Serpianosaurus.1"
"31","Serpianosaurus","Serpianosaurus.2"
"32","Otaria_byronia","Otaria_byronia.1"
"33","Hesperornis","Hesperornis.1"
"34","Chapsosaurus_","Chapsosaurus_.2"
"35","Nothosaurus_102","Nothosaurus_102.2"
"36","Desmostylus_hesperus","Desmostylus_hesperus.1"
"37","Callophoca_obscura","Callophoca_obscura.1"
"38","Metryorhynchus","Metryorhynchus.3"
"39","Nothosaurus_102","Nothosaurus_102.3"
"40","Cryptoclidus","Cryptoclidus.1"
"41","Protochampsidae","Protochampsidae.1"
"42","Choeropsis_liberiensis","Choeropsis_liberiensis.1"
"43","Cryptoclidus","Cryptoclidus.2"
"44","Basilosaurus","Basilosaurus.1"
"45","Nanophoca_vitulinoides","Nanophoca_vitulinoides.1"
"46","Spinosaurus_","Spinosaurus_.1"
"47","Spinosaurus_","Spinosaurus_.2"
"48","Spinosaurus_","Spinosaurus_.3"
"49","Spinosaurus_","Spinosaurus_.4"
"50","Spinosaurus_","Spinosaurus_.5"
"51","Spinosaurus_","Spinosaurus_.6"
"52","Spinosaurus_","Spinosaurus_.7"
"53","Spinosaurus_","Spinosaurus_.8"
"54","Spinosaurus_","Spinosaurus_.9"
"55","Spinosaurus_","Spinosaurus_.10"
"56","Spinosaurus_","Spinosaurus_.11"
"57","Suchomimus","Suchomimus.1"
"58","Suchomimus","Suchomimus.2"
"59","Suchomimus","Suchomimus.3"
"60","Baryonyx","Baryonyx.1"
"61","Baryonyx","Baryonyx.2"
"62","Baryonyx","Baryonyx.3"
 
* Phylo tree and the main data and strata files have been modified to include duplicated taxa before the scaled random trees are generated.
* Selected categorical labels column: diving.or.not
* diving.or.equal column is identical to Diving column.
* Regression excludes flying taxa.
* Diving labels that are present in regression: 0,2
* lambda (calculated from a random tree) = : 0.11
* index-name alignment check: OK
