Logfile for a session of program: bootstrap_binary.r
-----------------------------------------------------
INPUT:
workDir: C:/dino_nature/output/2023-11-07-D1\bs/set_43
Nbootstrapsets: 2000
phyloFDAfile: c:/dino_nature/code/phylo.fda.R
auxFile: c:/dino_nature/code/auxiliary.r
boneType: femur
regressionData.file: C:/dino_nature/output/2023-11-07-D1\bs/set_43/femur_set_43.csv
applyDataFilter: FALSE
addTreeTips: TRUE
Ntrees: 100
calculateTrees: TRUE
saveTrees: FALSE


OPERATIONAL CHECKS:
* Regression data contains multiple copies of some taxa (user added variants of existing test taxa 
   or replacements due to bootstrap are present) which are not in the phylo tree:
     original taxon,   duplicate   
"1","Uncia_uncia","Uncia_uncia.1"
"2","Tribonyx_mortieri","Tribonyx_mortieri.1"
"3","Lama_guanicoe","Lama_guanicoe.1"
"4","Lama_guanicoe","Lama_guanicoe.2"
"5","Rynochetus_jubatus","Rynochetus_jubatus.1"
"6","Myrmecophaga_tridactyla","Myrmecophaga_tridactyla.1"
"7","Procyon_lotor","Procyon_lotor.1"
"8","Felis_felis","Felis_felis.1"
"9","Nyctereutes_procyonoides","Nyctereutes_procyonoides.1"
"10","Sphenodon_punctatus","Sphenodon_punctatus.1"
"11","Diplomesodon_pulchellum","Diplomesodon_pulchellum.1"
"12","Loxodonta_africana","Loxodonta_africana.1"
"13","Mus_musculus","Mus_musculus.1"
"14","Sphenodon_punctatus","Sphenodon_punctatus.2"
"15","Mus_musculus","Mus_musculus.2"
"16","Rhinoceros_sondaicus","Rhinoceros_sondaicus.1"
"17","Okapia_johnstoni","Okapia_johnstoni.1"
"18","Pistosaurus","Pistosaurus.1"
"19","Leptophoca_proxima","Leptophoca_proxima.1"
"20","Leptophoca_proxima","Leptophoca_proxima.2"
"21","Desmostylus_hesperus","Desmostylus_hesperus.1"
"22","Indohyus","Indohyus.1"
"23","Desmostylus_hesperus","Desmostylus_hesperus.2"
"24","Hippopotamus_amphibius","Hippopotamus_amphibius.1"
"25","Rhaeticosaurus","Rhaeticosaurus.1"
"26","Desmana_moschata","Desmana_moschata.1"
"27","Ichtyosaur_sp","Ichtyosaur_sp.1"
"28","Placondontia_indet","Placondontia_indet.1"
"29","Ichtyosaurus_","Ichtyosaurus_.1"
"30","Desmana_moschata","Desmana_moschata.2"
"31","Leptophoca_proxima","Leptophoca_proxima.3"
"32","Tapirus_terrestris","Tapirus_terrestris.1"
"33","Nothosaurus_giganteus","Nothosaurus_giganteus.1"
"34","Protochampsidae","Protochampsidae.1"
"35","Anarosaurus","Anarosaurus.1"
"36","Rhaeticosaurus","Rhaeticosaurus.2"
"37","Desmana_moschata","Desmana_moschata.3"
"38","large_eocene_stem_penguin","large_eocene_stem_penguin.1"
"39","Spinosaurus_","Spinosaurus_.1"
"40","Spinosaurus_","Spinosaurus_.2"
"41","Spinosaurus_","Spinosaurus_.3"
"42","Spinosaurus_","Spinosaurus_.4"
"43","Spinosaurus_","Spinosaurus_.5"
"44","Spinosaurus_","Spinosaurus_.6"
"45","Spinosaurus_","Spinosaurus_.7"
"46","Spinosaurus_","Spinosaurus_.8"
"47","Spinosaurus_","Spinosaurus_.9"
"48","Spinosaurus_","Spinosaurus_.10"
"49","Spinosaurus_","Spinosaurus_.11"
"50","Suchomimus","Suchomimus.1"
"51","Suchomimus","Suchomimus.2"
"52","Suchomimus","Suchomimus.3"
"53","Baryonyx","Baryonyx.1"
"54","Baryonyx","Baryonyx.2"
"55","Baryonyx","Baryonyx.3"
 
* Phylo tree and the main data and strata files have been modified to include duplicated taxa before the scaled random trees are generated.
* Selected categorical labels column: diving.or.not
* diving.or.equal column is identical to Diving column.
* Regression excludes flying taxa.
* Diving labels that are present in regression: 0,2
* lambda (calculated from a random tree) = : 0.08
* index-name alignment check: OK
