Logfile for a session of program: bootstrap_binary.r
-----------------------------------------------------
INPUT:
workDir: C:/dino_nature/output/2023-11-07-D1\bs/set_934
Nbootstrapsets: 2000
phyloFDAfile: c:/dino_nature/code/phylo.fda.R
auxFile: c:/dino_nature/code/auxiliary.r
boneType: femur
regressionData.file: C:/dino_nature/output/2023-11-07-D1\bs/set_934/femur_set_934.csv
applyDataFilter: FALSE
addTreeTips: TRUE
Ntrees: 100
calculateTrees: TRUE
saveTrees: FALSE


OPERATIONAL CHECKS:
* Regression data contains multiple copies of some taxa (user added variants of existing test taxa 
   or replacements due to bootstrap are present) which are not in the phylo tree:
     original taxon,   duplicate   
"1","Procyon_lotor","Procyon_lotor.1"
"2","Procyon_lotor","Procyon_lotor.2"
"3","Taxidea_taxus","Taxidea_taxus.1"
"4","Raphus","Raphus.1"
"5","Myrmecophaga_tridactyla","Myrmecophaga_tridactyla.1"
"6","Strigiops_habroptilus","Strigiops_habroptilus.1"
"7","Raphus","Raphus.2"
"8","Apteryx_australis","Apteryx_australis.1"
"9","Raphus","Raphus.3"
"10","Taxidea_taxus","Taxidea_taxus.2"
"11","Sus_scrofa","Sus_scrofa.1"
"12","Procyon_lotor","Procyon_lotor.3"
"13","Felis_felis","Felis_felis.1"
"14","Alces_americanus","Alces_americanus.1"
"15","Microgale_thomasi","Microgale_thomasi.1"
"16","Procyon_lotor","Procyon_lotor.4"
"17","Sus_scrofa","Sus_scrofa.2"
"18","Myrmecophaga_tridactyla","Myrmecophaga_tridactyla.2"
"19","Sus_scrofa","Sus_scrofa.3"
"20","Pogona_viceps","Pogona_viceps.1"
"21","Dicerorhinus_sumatrensis","Dicerorhinus_sumatrensis.1"
"22","Alces_americanus","Alces_americanus.2"
"23","Ichtyosaurus_","Ichtyosaurus_.1"
"24","Alligator","Alligator.1"
"25","Chironectes_minimus","Chironectes_minimus.1"
"26","Paraplacodus","Paraplacodus.1"
"27","Cricosaurus","Cricosaurus.1"
"28","Rhaeticosaurus","Rhaeticosaurus.1"
"29","Alligator","Alligator.2"
"30","Paraplacodus","Paraplacodus.2"
"31","Caiman_yacare","Caiman_yacare.1"
"32","Castor_fiber","Castor_fiber.1"
"33","Chironectes_minimus","Chironectes_minimus.2"
"34","Hesperornis","Hesperornis.1"
"35","Nothosaurus_568","Nothosaurus_568.1"
"36","Champsosaurus","Champsosaurus.1"
"37","Castor_fiber","Castor_fiber.2"
"38","Caiman_yacare","Caiman_yacare.2"
"39","Desmana_moschata","Desmana_moschata.1"
"40","Castor_fiber","Castor_fiber.3"
"41","Paraplacodus","Paraplacodus.3"
"42","Chironectes_minimus","Chironectes_minimus.3"
"43","Hippopotamus_amphibius","Hippopotamus_amphibius.1"
"44","Alligator","Alligator.3"
"45","Spinosaurus_","Spinosaurus_.1"
"46","Spinosaurus_","Spinosaurus_.2"
"47","Spinosaurus_","Spinosaurus_.3"
"48","Spinosaurus_","Spinosaurus_.4"
"49","Spinosaurus_","Spinosaurus_.5"
"50","Spinosaurus_","Spinosaurus_.6"
"51","Spinosaurus_","Spinosaurus_.7"
"52","Spinosaurus_","Spinosaurus_.8"
"53","Spinosaurus_","Spinosaurus_.9"
"54","Spinosaurus_","Spinosaurus_.10"
"55","Spinosaurus_","Spinosaurus_.11"
"56","Suchomimus","Suchomimus.1"
"57","Suchomimus","Suchomimus.2"
"58","Suchomimus","Suchomimus.3"
"59","Baryonyx","Baryonyx.1"
"60","Baryonyx","Baryonyx.2"
"61","Baryonyx","Baryonyx.3"
 
* Phylo tree and the main data and strata files have been modified to include duplicated taxa before the scaled random trees are generated.
* Selected categorical labels column: diving.or.not
* diving.or.equal column is identical to Diving column.
* Regression excludes flying taxa.
* Diving labels that are present in regression: 0,2
* lambda (calculated from a random tree) = : 0.08
* index-name alignment check: OK
