Logfile for a session of program: bootstrap_binary.r
-----------------------------------------------------
INPUT:
workDir: C:/dino_nature/output/2023-11-07-D1\bs/set_858
Nbootstrapsets: 2000
phyloFDAfile: c:/dino_nature/code/phylo.fda.R
auxFile: c:/dino_nature/code/auxiliary.r
boneType: femur
regressionData.file: C:/dino_nature/output/2023-11-07-D1\bs/set_858/femur_set_858.csv
applyDataFilter: FALSE
addTreeTips: TRUE
Ntrees: 100
calculateTrees: TRUE
saveTrees: FALSE


OPERATIONAL CHECKS:
* Regression data contains multiple copies of some taxa (user added variants of existing test taxa 
   or replacements due to bootstrap are present) which are not in the phylo tree:
     original taxon,   duplicate   
"1","Giraffa_camelopardalis","Giraffa_camelopardalis.1"
"2","Microgale_thomasi","Microgale_thomasi.1"
"3","Diplomesodon_pulchellum","Diplomesodon_pulchellum.1"
"4","Apteryx_australis","Apteryx_australis.1"
"5","Dicerorhinus_sumatrensis","Dicerorhinus_sumatrensis.1"
"6","Dicerorhinus_sumatrensis","Dicerorhinus_sumatrensis.2"
"7","Microgale_thomasi","Microgale_thomasi.2"
"8","Felis_felis","Felis_felis.1"
"9","Loxodonta_africana","Loxodonta_africana.1"
"10","Dicerorhinus_sumatrensis","Dicerorhinus_sumatrensis.3"
"11","Bos_taurus","Bos_taurus.1"
"12","Tribonyx_mortieri","Tribonyx_mortieri.1"
"13","Bos_taurus","Bos_taurus.2"
"14","Euroscaptor_micrura","Euroscaptor_micrura.1"
"15","Felis_felis","Felis_felis.2"
"16","Tenrec_ecaudatus","Tenrec_ecaudatus.1"
"17","Paguma_larvata","Paguma_larvata.1"
"18","Loxodonta_africana","Loxodonta_africana.2"
"19","Apteryx_owenii_","Apteryx_owenii_.1"
"20","Ichtyosaurus_","Ichtyosaurus_.1"
"21","Nothosaurus_giganteus","Nothosaurus_giganteus.1"
"22","Ichtyosaurus_","Ichtyosaurus_.2"
"23","Hesperornis","Hesperornis.1"
"24","Chapsosaurus_","Chapsosaurus_.1"
"25","Neusticosaurus","Neusticosaurus.1"
"26","Leptophoca_proxima","Leptophoca_proxima.1"
"27","Plesiosaurus","Plesiosaurus.1"
"28","Hesperornis","Hesperornis.2"
"29","Nothosaurus_150","Nothosaurus_150.1"
"30","Nothosaurus_150","Nothosaurus_150.2"
"31","Nothosaurus_giganteus","Nothosaurus_giganteus.2"
"32","Plesiosaurus","Plesiosaurus.2"
"33","Spheniscus","Spheniscus.1"
"34","Otaria_byronia","Otaria_byronia.1"
"35","Anarosaurus","Anarosaurus.1"
"36","Ichtyosaur_sp","Ichtyosaur_sp.1"
"37","Leptophoca_proxima","Leptophoca_proxima.2"
"38","Hippopotamus_amphibius","Hippopotamus_amphibius.1"
"39","Rhaeticosaurus","Rhaeticosaurus.1"
"40","Spinosaurus_","Spinosaurus_.1"
"41","Spinosaurus_","Spinosaurus_.2"
"42","Spinosaurus_","Spinosaurus_.3"
"43","Spinosaurus_","Spinosaurus_.4"
"44","Spinosaurus_","Spinosaurus_.5"
"45","Spinosaurus_","Spinosaurus_.6"
"46","Spinosaurus_","Spinosaurus_.7"
"47","Spinosaurus_","Spinosaurus_.8"
"48","Spinosaurus_","Spinosaurus_.9"
"49","Spinosaurus_","Spinosaurus_.10"
"50","Spinosaurus_","Spinosaurus_.11"
"51","Suchomimus","Suchomimus.1"
"52","Suchomimus","Suchomimus.2"
"53","Suchomimus","Suchomimus.3"
"54","Baryonyx","Baryonyx.1"
"55","Baryonyx","Baryonyx.2"
"56","Baryonyx","Baryonyx.3"
 
* Phylo tree and the main data and strata files have been modified to include duplicated taxa before the scaled random trees are generated.
* Selected categorical labels column: diving.or.not
* diving.or.equal column is identical to Diving column.
* Regression excludes flying taxa.
* Diving labels that are present in regression: 0,2
* lambda (calculated from a random tree) = : 0.13
* index-name alignment check: OK
