Logfile for a session of program: bootstrap_binary.r
-----------------------------------------------------
INPUT:
workDir: C:/dino_nature/output/2023-11-07-D1\bs/set_811
Nbootstrapsets: 2000
phyloFDAfile: c:/dino_nature/code/phylo.fda.R
auxFile: c:/dino_nature/code/auxiliary.r
boneType: femur
regressionData.file: C:/dino_nature/output/2023-11-07-D1\bs/set_811/femur_set_811.csv
applyDataFilter: FALSE
addTreeTips: TRUE
Ntrees: 100
calculateTrees: TRUE
saveTrees: FALSE


OPERATIONAL CHECKS:
* Regression data contains multiple copies of some taxa (user added variants of existing test taxa 
   or replacements due to bootstrap are present) which are not in the phylo tree:
     original taxon,   duplicate   
"1","Rhynchocyon_petersi","Rhynchocyon_petersi.1"
"2","Rhinoceros_sondaicus","Rhinoceros_sondaicus.1"
"3","Tenrec_ecaudatus","Tenrec_ecaudatus.1"
"4","Paguma_larvata","Paguma_larvata.1"
"5","Capreolus_capreolus","Capreolus_capreolus.1"
"6","Mustela_nivalis","Mustela_nivalis.1"
"7","Mammuthus_sp","Mammuthus_sp.1"
"8","Paguma_larvata","Paguma_larvata.2"
"9","Paguma_larvata","Paguma_larvata.3"
"10","Mustela_nivalis","Mustela_nivalis.2"
"11","Rhinoceros_sondaicus","Rhinoceros_sondaicus.2"
"12","Tenrec_ecaudatus","Tenrec_ecaudatus.2"
"13","Taxidea_taxus","Taxidea_taxus.1"
"14","Elomeryx_borbonicus_","Elomeryx_borbonicus_.1"
"15","Tribonyx_mortieri","Tribonyx_mortieri.1"
"16","Monodelphis_domestica","Monodelphis_domestica.1"
"17","Giraffa_camelopardalis","Giraffa_camelopardalis.1"
"18","Vulpes_vulpes","Vulpes_vulpes.1"
"19","Rupicapra_rupicapra","Rupicapra_rupicapra.1"
"20","Tribonyx_mortieri","Tribonyx_mortieri.2"
"21","Tenrec_ecaudatus","Tenrec_ecaudatus.3"
"22","Tribonyx_mortieri","Tribonyx_mortieri.3"
"23","Anarosaurus","Anarosaurus.1"
"24","Anarosaurus","Anarosaurus.2"
"25","Anarosaurus","Anarosaurus.3"
"26","Caiman_yacare","Caiman_yacare.1"
"27","Basilosaurus","Basilosaurus.1"
"28","Psephoderma","Psephoderma.1"
"29","Nothosaurus_102","Nothosaurus_102.1"
"30","Basilosaurus","Basilosaurus.2"
"31","Tapirus_terrestris","Tapirus_terrestris.1"
"32","Nothosaurus_102","Nothosaurus_102.2"
"33","Nothosaurus_150","Nothosaurus_150.1"
"34","Nothosaurus_102","Nothosaurus_102.3"
"35","Aptenodytes______","Aptenodytes______.1"
"36","Psephoderma","Psephoderma.2"
"37","Ichtyosaur_sp","Ichtyosaur_sp.1"
"38","Aptenodytes______","Aptenodytes______.2"
"39","Nanophoca_vitulinoides","Nanophoca_vitulinoides.1"
"40","Palaeospheniscus","Palaeospheniscus.1"
"41","Psephoderma","Psephoderma.3"
"42","Simosaurus_1","Simosaurus_1.1"
"43","Protochampsidae","Protochampsidae.1"
"44","Plesiosaurus","Plesiosaurus.1"
"45","Spinosaurus_","Spinosaurus_.1"
"46","Spinosaurus_","Spinosaurus_.2"
"47","Spinosaurus_","Spinosaurus_.3"
"48","Spinosaurus_","Spinosaurus_.4"
"49","Spinosaurus_","Spinosaurus_.5"
"50","Spinosaurus_","Spinosaurus_.6"
"51","Spinosaurus_","Spinosaurus_.7"
"52","Spinosaurus_","Spinosaurus_.8"
"53","Spinosaurus_","Spinosaurus_.9"
"54","Spinosaurus_","Spinosaurus_.10"
"55","Spinosaurus_","Spinosaurus_.11"
"56","Suchomimus","Suchomimus.1"
"57","Suchomimus","Suchomimus.2"
"58","Suchomimus","Suchomimus.3"
"59","Baryonyx","Baryonyx.1"
"60","Baryonyx","Baryonyx.2"
"61","Baryonyx","Baryonyx.3"
 
* Phylo tree and the main data and strata files have been modified to include duplicated taxa before the scaled random trees are generated.
* Selected categorical labels column: diving.or.not
* diving.or.equal column is identical to Diving column.
* Regression excludes flying taxa.
* Diving labels that are present in regression: 0,2
* lambda (calculated from a random tree) = : 0.13
* index-name alignment check: OK
