Logfile for a session of program: bootstrap_binary.r
-----------------------------------------------------
INPUT:
workDir: C:/dino_nature/output/2023-11-07-D1\bs/set_412
Nbootstrapsets: 2000
phyloFDAfile: c:/dino_nature/code/phylo.fda.R
auxFile: c:/dino_nature/code/auxiliary.r
boneType: femur
regressionData.file: C:/dino_nature/output/2023-11-07-D1\bs/set_412/femur_set_412.csv
applyDataFilter: FALSE
addTreeTips: TRUE
Ntrees: 100
calculateTrees: TRUE
saveTrees: FALSE


OPERATIONAL CHECKS:
* Regression data contains multiple copies of some taxa (user added variants of existing test taxa 
   or replacements due to bootstrap are present) which are not in the phylo tree:
     original taxon,   duplicate   
"1","Sphenodon_punctatus","Sphenodon_punctatus.1"
"2","Sphenodon_punctatus","Sphenodon_punctatus.2"
"3","Giraffa_camelopardalis","Giraffa_camelopardalis.1"
"4","Sphenodon_punctatus","Sphenodon_punctatus.3"
"5","Rangifer_tarandus","Rangifer_tarandus.1"
"6","Myrmecophaga_tridactyla","Myrmecophaga_tridactyla.1"
"7","Atlantisia_rogersi","Atlantisia_rogersi.1"
"8","Rynochetus_jubatus","Rynochetus_jubatus.1"
"9","Tribonyx_mortieri","Tribonyx_mortieri.1"
"10","Meles_meles","Meles_meles.1"
"11","Atlantisia_rogersi","Atlantisia_rogersi.2"
"12","Capreolus_capreolus","Capreolus_capreolus.1"
"13","Apteryx_australis","Apteryx_australis.1"
"14","Atlantisia_rogersi","Atlantisia_rogersi.3"
"15","Caloenas_nicobarica","Caloenas_nicobarica.1"
"16","Rangifer_tarandus","Rangifer_tarandus.2"
"17","Hemiechinus_azurites","Hemiechinus_azurites.1"
"18","Monodelphis_domestica","Monodelphis_domestica.1"
"19","Rangifer_tarandus","Rangifer_tarandus.3"
"20","Raphus","Raphus.1"
"21","Apteryx_australis","Apteryx_australis.2"
"22","Apteryx_australis","Apteryx_australis.3"
"23","Sphenodon_punctatus","Sphenodon_punctatus.4"
"24","Strigiops_habroptilus","Strigiops_habroptilus.1"
"25","Rangifer_tarandus","Rangifer_tarandus.4"
"26","Desmostylus_hesperus","Desmostylus_hesperus.1"
"27","Protochampsidae","Protochampsidae.1"
"28","Maiacetus","Maiacetus.1"
"29","Simosaurus_1","Simosaurus_1.1"
"30","Simosaurus","Simosaurus.1"
"31","Placodontia_indet_1","Placodontia_indet_1.1"
"32","Nothosaurus_giganteus","Nothosaurus_giganteus.1"
"33","Placondontia_indet","Placondontia_indet.1"
"34","Nothosaurus_150","Nothosaurus_150.1"
"35","Choeropsis_liberiensis","Choeropsis_liberiensis.1"
"36","Ichtyosaur_sp","Ichtyosaur_sp.1"
"37","Aptenodytes______","Aptenodytes______.1"
"38","Castor_fiber","Castor_fiber.1"
"39","Maiacetus","Maiacetus.2"
"40","Nothosaurus_102","Nothosaurus_102.1"
"41","Alligator","Alligator.1"
"42","Aptenodytes______","Aptenodytes______.2"
"43","Nothosaurus_mirabilis_1","Nothosaurus_mirabilis_1.1"
"44","Aptenodytes______","Aptenodytes______.3"
"45","Spinosaurus_","Spinosaurus_.1"
"46","Spinosaurus_","Spinosaurus_.2"
"47","Spinosaurus_","Spinosaurus_.3"
"48","Spinosaurus_","Spinosaurus_.4"
"49","Spinosaurus_","Spinosaurus_.5"
"50","Spinosaurus_","Spinosaurus_.6"
"51","Spinosaurus_","Spinosaurus_.7"
"52","Spinosaurus_","Spinosaurus_.8"
"53","Spinosaurus_","Spinosaurus_.9"
"54","Spinosaurus_","Spinosaurus_.10"
"55","Spinosaurus_","Spinosaurus_.11"
"56","Suchomimus","Suchomimus.1"
"57","Suchomimus","Suchomimus.2"
"58","Suchomimus","Suchomimus.3"
"59","Baryonyx","Baryonyx.1"
"60","Baryonyx","Baryonyx.2"
"61","Baryonyx","Baryonyx.3"
 
* Phylo tree and the main data and strata files have been modified to include duplicated taxa before the scaled random trees are generated.
* Selected categorical labels column: diving.or.not
* diving.or.equal column is identical to Diving column.
* Regression excludes flying taxa.
* Diving labels that are present in regression: 0,2
* lambda (calculated from a random tree) = : 0.11
* index-name alignment check: OK
