Logfile for a session of program: bootstrap_binary.r
-----------------------------------------------------
INPUT:
workDir: C:/dino_nature/output/2023-11-07-D1\bs/set_880
Nbootstrapsets: 2000
phyloFDAfile: c:/dino_nature/code/phylo.fda.R
auxFile: c:/dino_nature/code/auxiliary.r
boneType: femur
regressionData.file: C:/dino_nature/output/2023-11-07-D1\bs/set_880/femur_set_880.csv
applyDataFilter: FALSE
addTreeTips: TRUE
Ntrees: 100
calculateTrees: TRUE
saveTrees: FALSE


OPERATIONAL CHECKS:
* Regression data contains multiple copies of some taxa (user added variants of existing test taxa 
   or replacements due to bootstrap are present) which are not in the phylo tree:
     original taxon,   duplicate   
"1","Rynochetus_jubatus","Rynochetus_jubatus.1"
"2","Porphyrio_hochstetteri","Porphyrio_hochstetteri.1"
"3","Dromaius_","Dromaius_.1"
"4","Hemiechinus_azurites","Hemiechinus_azurites.1"
"5","Dicerorhinus_sumatrensis","Dicerorhinus_sumatrensis.1"
"6","Giraffa_camelopardalis","Giraffa_camelopardalis.1"
"7","Rynochetus_jubatus","Rynochetus_jubatus.2"
"8","Hemiechinus_azurites","Hemiechinus_azurites.2"
"9","Rynochetus_jubatus","Rynochetus_jubatus.3"
"10","Cephalophus_silvicultor","Cephalophus_silvicultor.1"
"11","Procavia_capensis","Procavia_capensis.1"
"12","Cephalophus_silvicultor","Cephalophus_silvicultor.2"
"13","Diplomesodon_pulchellum","Diplomesodon_pulchellum.1"
"14","Procavia_capensis","Procavia_capensis.2"
"15","Monodelphis_domestica","Monodelphis_domestica.1"
"16","Elomeryx_borbonicus_","Elomeryx_borbonicus_.1"
"17","Elomeryx_borbonicus_","Elomeryx_borbonicus_.2"
"18","Elephas_maximus","Elephas_maximus.1"
"19","Diplomesodon_pulchellum","Diplomesodon_pulchellum.2"
"20","Loxodonta_africana","Loxodonta_africana.1"
"21","Megaloceros_sp","Megaloceros_sp.1"
"22","Phocanella_pumila","Phocanella_pumila.1"
"23","Callophoca_obscura","Callophoca_obscura.1"
"24","Pistosaurus","Pistosaurus.1"
"25","Rodhocetus","Rodhocetus.1"
"26","Anarosaurus","Anarosaurus.1"
"27","Caiman_yacare","Caiman_yacare.1"
"28","Paraplacodus","Paraplacodus.1"
"29","Phalacrocorax_harrisi","Phalacrocorax_harrisi.1"
"30","Hydromys_chrysogaster","Hydromys_chrysogaster.1"
"31","Lutra_vulgaris","Lutra_vulgaris.1"
"32","Phocanella_pumila","Phocanella_pumila.2"
"33","Lutra_vulgaris","Lutra_vulgaris.2"
"34","Phocanella_pumila","Phocanella_pumila.3"
"35","Desmana_moschata","Desmana_moschata.1"
"36","Hexaprotodon_garyam","Hexaprotodon_garyam.1"
"37","Dyrosaurid","Dyrosaurid.1"
"38","Cryptoclidus","Cryptoclidus.1"
"39","Paraplacodus","Paraplacodus.2"
"40","Hippopotamus_amphibius","Hippopotamus_amphibius.1"
"41","Spinosaurus_","Spinosaurus_.1"
"42","Spinosaurus_","Spinosaurus_.2"
"43","Spinosaurus_","Spinosaurus_.3"
"44","Spinosaurus_","Spinosaurus_.4"
"45","Spinosaurus_","Spinosaurus_.5"
"46","Spinosaurus_","Spinosaurus_.6"
"47","Spinosaurus_","Spinosaurus_.7"
"48","Spinosaurus_","Spinosaurus_.8"
"49","Spinosaurus_","Spinosaurus_.9"
"50","Spinosaurus_","Spinosaurus_.10"
"51","Spinosaurus_","Spinosaurus_.11"
"52","Suchomimus","Suchomimus.1"
"53","Suchomimus","Suchomimus.2"
"54","Suchomimus","Suchomimus.3"
"55","Baryonyx","Baryonyx.1"
"56","Baryonyx","Baryonyx.2"
"57","Baryonyx","Baryonyx.3"
 
* Phylo tree and the main data and strata files have been modified to include duplicated taxa before the scaled random trees are generated.
* Selected categorical labels column: diving.or.not
* diving.or.equal column is identical to Diving column.
* Regression excludes flying taxa.
* Diving labels that are present in regression: 0,2
* lambda (calculated from a random tree) = : 0.13
* index-name alignment check: OK
