Logfile for a session of program: bootstrap_binary.r
-----------------------------------------------------
INPUT:
workDir: C:/dino_nature/output/2023-11-07-D1\bs/set_953
Nbootstrapsets: 2000
phyloFDAfile: c:/dino_nature/code/phylo.fda.R
auxFile: c:/dino_nature/code/auxiliary.r
boneType: femur
regressionData.file: C:/dino_nature/output/2023-11-07-D1\bs/set_953/femur_set_953.csv
applyDataFilter: FALSE
addTreeTips: TRUE
Ntrees: 100
calculateTrees: TRUE
saveTrees: FALSE


OPERATIONAL CHECKS:
* Regression data contains multiple copies of some taxa (user added variants of existing test taxa 
   or replacements due to bootstrap are present) which are not in the phylo tree:
     original taxon,   duplicate   
"1","Euroscaptor_micrura","Euroscaptor_micrura.1"
"2","Sus_scrofa","Sus_scrofa.1"
"3","Lacerta_viridis","Lacerta_viridis.1"
"4","Nyctereutes_procyonoides","Nyctereutes_procyonoides.1"
"5","Nyctereutes_procyonoides","Nyctereutes_procyonoides.2"
"6","Diplomesodon_pulchellum","Diplomesodon_pulchellum.1"
"7","Okapia_johnstoni","Okapia_johnstoni.1"
"8","Loxodonta_africana","Loxodonta_africana.1"
"9","Alces_americanus","Alces_americanus.1"
"10","Xenicus_giliventris","Xenicus_giliventris.1"
"11","Rangifer_tarandus","Rangifer_tarandus.1"
"12","Hemiechinus_azurites","Hemiechinus_azurites.1"
"13","Rangifer_tarandus","Rangifer_tarandus.2"
"14","Alces_americanus","Alces_americanus.2"
"15","Alces_americanus","Alces_americanus.3"
"16","Euroscaptor_micrura","Euroscaptor_micrura.2"
"17","Raphus","Raphus.1"
"18","Monodelphis_domestica","Monodelphis_domestica.1"
"19","Procavia_capensis","Procavia_capensis.1"
"20","Cephalophus_silvicultor","Cephalophus_silvicultor.1"
"21","Apteryx_australis","Apteryx_australis.1"
"22","Nothosaurus_mirabilis_1","Nothosaurus_mirabilis_1.1"
"23","Rhaeticosaurus","Rhaeticosaurus.1"
"24","Nothosaurus_giganteus","Nothosaurus_giganteus.1"
"25","Nothosaurus_mirabilis_1","Nothosaurus_mirabilis_1.2"
"26","Simosaurus","Simosaurus.1"
"27","Serpianosaurus","Serpianosaurus.1"
"28","Palaeospheniscus","Palaeospheniscus.1"
"29","Cricosaurus","Cricosaurus.1"
"30","Micropotamogale_euwenzorii","Micropotamogale_euwenzorii.1"
"31","Micropotamogale_euwenzorii","Micropotamogale_euwenzorii.2"
"32","Noemys_fodies","Noemys_fodies.1"
"33","Cryptoclidus","Cryptoclidus.1"
"34","large_eocene_stem_penguin","large_eocene_stem_penguin.1"
"35","Ornithorhynchus_anatinus","Ornithorhynchus_anatinus.1"
"36","Lutra_vulgaris","Lutra_vulgaris.1"
"37","Nothosaurus_giganteus","Nothosaurus_giganteus.2"
"38","Nothosaurus_102","Nothosaurus_102.1"
"39","Nothosaurus_giganteus","Nothosaurus_giganteus.3"
"40","Lutra_vulgaris","Lutra_vulgaris.2"
"41","Nothosaurus_102","Nothosaurus_102.2"
"42","Basilosaurus","Basilosaurus.1"
"43","Plesiosaurus","Plesiosaurus.1"
"44","Desmostylus_hesperus","Desmostylus_hesperus.1"
"45","Ornithorhynchus_anatinus","Ornithorhynchus_anatinus.2"
"46","Spinosaurus_","Spinosaurus_.1"
"47","Spinosaurus_","Spinosaurus_.2"
"48","Spinosaurus_","Spinosaurus_.3"
"49","Spinosaurus_","Spinosaurus_.4"
"50","Spinosaurus_","Spinosaurus_.5"
"51","Spinosaurus_","Spinosaurus_.6"
"52","Spinosaurus_","Spinosaurus_.7"
"53","Spinosaurus_","Spinosaurus_.8"
"54","Spinosaurus_","Spinosaurus_.9"
"55","Spinosaurus_","Spinosaurus_.10"
"56","Spinosaurus_","Spinosaurus_.11"
"57","Suchomimus","Suchomimus.1"
"58","Suchomimus","Suchomimus.2"
"59","Suchomimus","Suchomimus.3"
"60","Baryonyx","Baryonyx.1"
"61","Baryonyx","Baryonyx.2"
"62","Baryonyx","Baryonyx.3"
 
* Phylo tree and the main data and strata files have been modified to include duplicated taxa before the scaled random trees are generated.
* Selected categorical labels column: diving.or.not
* diving.or.equal column is identical to Diving column.
* Regression excludes flying taxa.
* Diving labels that are present in regression: 0,2
* lambda (calculated from a random tree) = : 0.09
* index-name alignment check: OK
