Logfile for a session of program: bootstrap_binary.r
-----------------------------------------------------
INPUT:
workDir: C:/dino_nature/output/2023-11-07-D1\bs/set_469
Nbootstrapsets: 2000
phyloFDAfile: c:/dino_nature/code/phylo.fda.R
auxFile: c:/dino_nature/code/auxiliary.r
boneType: femur
regressionData.file: C:/dino_nature/output/2023-11-07-D1\bs/set_469/femur_set_469.csv
applyDataFilter: FALSE
addTreeTips: TRUE
Ntrees: 100
calculateTrees: TRUE
saveTrees: FALSE


OPERATIONAL CHECKS:
* Regression data contains multiple copies of some taxa (user added variants of existing test taxa 
   or replacements due to bootstrap are present) which are not in the phylo tree:
     original taxon,   duplicate   
"1","Xenicus_giliventris","Xenicus_giliventris.1"
"2","Tamandua_tetradactyla","Tamandua_tetradactyla.1"
"3","Sus_scrofa","Sus_scrofa.1"
"4","Sphenodon_punctatus","Sphenodon_punctatus.1"
"5","Pogona_viceps","Pogona_viceps.1"
"6","Hemiechinus_azurites","Hemiechinus_azurites.1"
"7","Sus_scrofa","Sus_scrofa.2"
"8","Loxodonta_africana","Loxodonta_africana.1"
"9","Rhinoceros_sondaicus","Rhinoceros_sondaicus.1"
"10","Elomeryx_borbonicus_","Elomeryx_borbonicus_.1"
"11","Procyon_lotor","Procyon_lotor.1"
"12","Tenrec_ecaudatus","Tenrec_ecaudatus.1"
"13","Rynochetus_jubatus","Rynochetus_jubatus.1"
"14","Alces_americanus","Alces_americanus.1"
"15","Microgale_thomasi","Microgale_thomasi.1"
"16","Brachyodus_onoideum","Brachyodus_onoideum.1"
"17","Microgale_thomasi","Microgale_thomasi.2"
"18","Nothosaurus_giganteus","Nothosaurus_giganteus.1"
"19","Placondontia_indet","Placondontia_indet.1"
"20","Ichtyosaurus_","Ichtyosaurus_.1"
"21","Lutra_vulgaris","Lutra_vulgaris.1"
"22","Anarosaurus","Anarosaurus.1"
"23","Leptophoca_proxima","Leptophoca_proxima.1"
"24","Rodhocetus","Rodhocetus.1"
"25","Indohyus","Indohyus.1"
"26","Hexaprotodon_garyam","Hexaprotodon_garyam.1"
"27","Hesperornis","Hesperornis.1"
"28","Cryptoclidus","Cryptoclidus.1"
"29","Dyrosaurid","Dyrosaurid.1"
"30","Aptenodytes______","Aptenodytes______.1"
"31","Callophoca_obscura","Callophoca_obscura.1"
"32","Placondontia_indet","Placondontia_indet.2"
"33","Noemys_fodies","Noemys_fodies.1"
"34","Callophoca_obscura","Callophoca_obscura.2"
"35","Rodhocetus","Rodhocetus.2"
"36","Anarosaurus","Anarosaurus.2"
"37","Choeropsis_liberiensis","Choeropsis_liberiensis.1"
"38","Spinosaurus_","Spinosaurus_.1"
"39","Spinosaurus_","Spinosaurus_.2"
"40","Spinosaurus_","Spinosaurus_.3"
"41","Spinosaurus_","Spinosaurus_.4"
"42","Spinosaurus_","Spinosaurus_.5"
"43","Spinosaurus_","Spinosaurus_.6"
"44","Spinosaurus_","Spinosaurus_.7"
"45","Spinosaurus_","Spinosaurus_.8"
"46","Spinosaurus_","Spinosaurus_.9"
"47","Spinosaurus_","Spinosaurus_.10"
"48","Spinosaurus_","Spinosaurus_.11"
"49","Suchomimus","Suchomimus.1"
"50","Suchomimus","Suchomimus.2"
"51","Suchomimus","Suchomimus.3"
"52","Baryonyx","Baryonyx.1"
"53","Baryonyx","Baryonyx.2"
"54","Baryonyx","Baryonyx.3"
 
* Phylo tree and the main data and strata files have been modified to include duplicated taxa before the scaled random trees are generated.
* Selected categorical labels column: diving.or.not
* diving.or.equal column is identical to Diving column.
* Regression excludes flying taxa.
* Diving labels that are present in regression: 0,2
* lambda (calculated from a random tree) = : 0.13
* index-name alignment check: OK
