Logfile for a session of program: bootstrap_binary.r
-----------------------------------------------------
INPUT:
workDir: C:/dino_nature/output/2023-11-07-D1\bs/set_714
Nbootstrapsets: 2000
phyloFDAfile: c:/dino_nature/code/phylo.fda.R
auxFile: c:/dino_nature/code/auxiliary.r
boneType: femur
regressionData.file: C:/dino_nature/output/2023-11-07-D1\bs/set_714/femur_set_714.csv
applyDataFilter: FALSE
addTreeTips: TRUE
Ntrees: 100
calculateTrees: TRUE
saveTrees: FALSE


OPERATIONAL CHECKS:
* Regression data contains multiple copies of some taxa (user added variants of existing test taxa 
   or replacements due to bootstrap are present) which are not in the phylo tree:
     original taxon,   duplicate   
"1","Vulpes_vulpes","Vulpes_vulpes.1"
"2","Elephas_maximus","Elephas_maximus.1"
"3","Mustela_nivalis","Mustela_nivalis.1"
"4","Sus_scrofa","Sus_scrofa.1"
"5","Mustela_nivalis","Mustela_nivalis.2"
"6","Loxodonta_africana","Loxodonta_africana.1"
"7","Tenrec_ecaudatus","Tenrec_ecaudatus.1"
"8","Myrmecophaga_tridactyla","Myrmecophaga_tridactyla.1"
"9","Mammuthus_sp","Mammuthus_sp.1"
"10","Brachyodus_onoideum","Brachyodus_onoideum.1"
"11","Mammuthus_sp","Mammuthus_sp.2"
"12","Rattus_rattus","Rattus_rattus.1"
"13","Giraffa_camelopardalis","Giraffa_camelopardalis.1"
"14","Rhinoceros_sondaicus","Rhinoceros_sondaicus.1"
"15","Mammuthus_sp","Mammuthus_sp.3"
"16","Alces_americanus","Alces_americanus.1"
"17","Rattus_rattus","Rattus_rattus.2"
"18","Dromaius_","Dromaius_.1"
"19","Nyctereutes_procyonoides","Nyctereutes_procyonoides.1"
"20","Tribonyx_mortieri","Tribonyx_mortieri.1"
"21","Tribonyx_mortieri","Tribonyx_mortieri.2"
"22","Palaeospheniscus","Palaeospheniscus.1"
"23","Metryorhynchus","Metryorhynchus.1"
"24","Phocanella_pumila","Phocanella_pumila.1"
"25","Nothosaurus_568","Nothosaurus_568.1"
"26","Alligator","Alligator.1"
"27","Choeropsis_liberiensis","Choeropsis_liberiensis.1"
"28","Psephoderma","Psephoderma.1"
"29","Spheniscus","Spheniscus.1"
"30","Palaeospheniscus","Palaeospheniscus.2"
"31","Spheniscus","Spheniscus.2"
"32","Metryorhynchus","Metryorhynchus.2"
"33","Protochampsidae","Protochampsidae.1"
"34","Anarosaurus","Anarosaurus.1"
"35","Simosaurus_1","Simosaurus_1.1"
"36","Basilosaurus","Basilosaurus.1"
"37","Dyrosaurid","Dyrosaurid.1"
"38","Caiman_yacare","Caiman_yacare.1"
"39","Protochampsidae","Protochampsidae.2"
"40","Dyrosaurid","Dyrosaurid.2"
"41","Choeropsis_liberiensis","Choeropsis_liberiensis.2"
"42","Ornithorhynchus_anatinus","Ornithorhynchus_anatinus.1"
"43","Spheniscus","Spheniscus.3"
"44","Serpianosaurus","Serpianosaurus.1"
"45","Noemys_fodies","Noemys_fodies.1"
"46","Nothosaurus_150","Nothosaurus_150.1"
"47","Spinosaurus_","Spinosaurus_.1"
"48","Spinosaurus_","Spinosaurus_.2"
"49","Spinosaurus_","Spinosaurus_.3"
"50","Spinosaurus_","Spinosaurus_.4"
"51","Spinosaurus_","Spinosaurus_.5"
"52","Spinosaurus_","Spinosaurus_.6"
"53","Spinosaurus_","Spinosaurus_.7"
"54","Spinosaurus_","Spinosaurus_.8"
"55","Spinosaurus_","Spinosaurus_.9"
"56","Spinosaurus_","Spinosaurus_.10"
"57","Spinosaurus_","Spinosaurus_.11"
"58","Suchomimus","Suchomimus.1"
"59","Suchomimus","Suchomimus.2"
"60","Suchomimus","Suchomimus.3"
"61","Baryonyx","Baryonyx.1"
"62","Baryonyx","Baryonyx.2"
"63","Baryonyx","Baryonyx.3"
 
* Phylo tree and the main data and strata files have been modified to include duplicated taxa before the scaled random trees are generated.
* Selected categorical labels column: diving.or.not
* diving.or.equal column is identical to Diving column.
* Regression excludes flying taxa.
* Diving labels that are present in regression: 0,2
* lambda (calculated from a random tree) = : 0.19
* index-name alignment check: OK
