Logfile for a session of program: bootstrap_binary.r
-----------------------------------------------------
INPUT:
workDir: C:/dino_nature/output/2023-11-07-D1\bs/set_1573
Nbootstrapsets: 2000
phyloFDAfile: c:/dino_nature/code/phylo.fda.R
auxFile: c:/dino_nature/code/auxiliary.r
boneType: femur
regressionData.file: C:/dino_nature/output/2023-11-07-D1\bs/set_1573/femur_set_1573.csv
applyDataFilter: FALSE
addTreeTips: TRUE
Ntrees: 100
calculateTrees: TRUE
saveTrees: FALSE


OPERATIONAL CHECKS:
* Regression data contains multiple copies of some taxa (user added variants of existing test taxa 
   or replacements due to bootstrap are present) which are not in the phylo tree:
     original taxon,   duplicate   
"1","Mammuthus_sp","Mammuthus_sp.1"
"2","Hemiechinus_azurites","Hemiechinus_azurites.1"
"3","Brachyodus_onoideum","Brachyodus_onoideum.1"
"4","Dama_dama","Dama_dama.1"
"5","Loxodonta_africana","Loxodonta_africana.1"
"6","Dromaius_","Dromaius_.1"
"7","Xenicus_giliventris","Xenicus_giliventris.1"
"8","Syncerus_caffer","Syncerus_caffer.1"
"9","Raphus","Raphus.1"
"10","Brachyodus_onoideum","Brachyodus_onoideum.2"
"11","Euroscaptor_micrura","Euroscaptor_micrura.1"
"12","Atlantisia_rogersi","Atlantisia_rogersi.1"
"13","Myrmecophaga_tridactyla","Myrmecophaga_tridactyla.1"
"14","Rhinoceros_sondaicus","Rhinoceros_sondaicus.1"
"15","Rattus_rattus","Rattus_rattus.1"
"16","Apteryx_australis","Apteryx_australis.1"
"17","Rangifer_tarandus","Rangifer_tarandus.1"
"18","Syncerus_caffer","Syncerus_caffer.2"
"19","Euroscaptor_micrura","Euroscaptor_micrura.2"
"20","Dromaius_","Dromaius_.2"
"21","Phocanella_pumila","Phocanella_pumila.1"
"22","Phocanella_pumila","Phocanella_pumila.2"
"23","Paraplacodus","Paraplacodus.1"
"24","Desmostylus_hesperus","Desmostylus_hesperus.1"
"25","Leptophoca_proxima","Leptophoca_proxima.1"
"26","Neusticosaurus","Neusticosaurus.1"
"27","Chapsosaurus_","Chapsosaurus_.1"
"28","Hydromys_chrysogaster","Hydromys_chrysogaster.1"
"29","Placodontia_indet_1","Placodontia_indet_1.1"
"30","Rhaeticosaurus","Rhaeticosaurus.1"
"31","Paraplacodus","Paraplacodus.2"
"32","Desmostylus_hesperus","Desmostylus_hesperus.2"
"33","Cryptoclidus","Cryptoclidus.1"
"34","Callophoca_obscura","Callophoca_obscura.1"
"35","Ichtyosaur_sp","Ichtyosaur_sp.1"
"36","Pistosaurus","Pistosaurus.1"
"37","Ichtyosaurus_","Ichtyosaurus_.1"
"38","Rodhocetus","Rodhocetus.1"
"39","Hexaprotodon_garyam","Hexaprotodon_garyam.1"
"40","Champsosaurus","Champsosaurus.1"
"41","Hippopotamus_amphibius","Hippopotamus_amphibius.1"
"42","Noemys_fodies","Noemys_fodies.1"
"43","Noemys_fodies","Noemys_fodies.2"
"44","Hydromys_chrysogaster","Hydromys_chrysogaster.2"
"45","Spinosaurus_","Spinosaurus_.1"
"46","Spinosaurus_","Spinosaurus_.2"
"47","Spinosaurus_","Spinosaurus_.3"
"48","Spinosaurus_","Spinosaurus_.4"
"49","Spinosaurus_","Spinosaurus_.5"
"50","Spinosaurus_","Spinosaurus_.6"
"51","Spinosaurus_","Spinosaurus_.7"
"52","Spinosaurus_","Spinosaurus_.8"
"53","Spinosaurus_","Spinosaurus_.9"
"54","Spinosaurus_","Spinosaurus_.10"
"55","Spinosaurus_","Spinosaurus_.11"
"56","Suchomimus","Suchomimus.1"
"57","Suchomimus","Suchomimus.2"
"58","Suchomimus","Suchomimus.3"
"59","Baryonyx","Baryonyx.1"
"60","Baryonyx","Baryonyx.2"
"61","Baryonyx","Baryonyx.3"
 
* Phylo tree and the main data and strata files have been modified to include duplicated taxa before the scaled random trees are generated.
* Selected categorical labels column: diving.or.not
* diving.or.equal column is identical to Diving column.
* Regression excludes flying taxa.
* Diving labels that are present in regression: 0,2
* lambda (calculated from a random tree) = : 0.08
* index-name alignment check: OK
