Logfile for a session of program: bootstrap_binary.r
-----------------------------------------------------
INPUT:
workDir: C:/dino_nature/output/2023-11-07-D1\bs/set_1981
Nbootstrapsets: 2000
phyloFDAfile: c:/dino_nature/code/phylo.fda.R
auxFile: c:/dino_nature/code/auxiliary.r
boneType: femur
regressionData.file: C:/dino_nature/output/2023-11-07-D1\bs/set_1981/femur_set_1981.csv
applyDataFilter: FALSE
addTreeTips: TRUE
Ntrees: 100
calculateTrees: TRUE
saveTrees: FALSE


OPERATIONAL CHECKS:
* Regression data contains multiple copies of some taxa (user added variants of existing test taxa 
   or replacements due to bootstrap are present) which are not in the phylo tree:
     original taxon,   duplicate   
"1","Lama_guanicoe","Lama_guanicoe.1"
"2","Okapia_johnstoni","Okapia_johnstoni.1"
"3","Rynochetus_jubatus","Rynochetus_jubatus.1"
"4","Lacerta_viridis","Lacerta_viridis.1"
"5","Okapia_johnstoni","Okapia_johnstoni.2"
"6","Sus_scrofa","Sus_scrofa.1"
"7","Strigiops_habroptilus","Strigiops_habroptilus.1"
"8","Mus_musculus","Mus_musculus.1"
"9","Strigiops_habroptilus","Strigiops_habroptilus.2"
"10","Elephas_maximus","Elephas_maximus.1"
"11","Rynochetus_jubatus","Rynochetus_jubatus.2"
"12","Sus_scrofa","Sus_scrofa.2"
"13","Procyon_lotor","Procyon_lotor.1"
"14","Brachyodus_onoideum","Brachyodus_onoideum.1"
"15","Taxidea_taxus","Taxidea_taxus.1"
"16","Paguma_larvata","Paguma_larvata.1"
"17","Strigiops_habroptilus","Strigiops_habroptilus.3"
"18","Taxidea_taxus","Taxidea_taxus.2"
"19","Nyctereutes_procyonoides","Nyctereutes_procyonoides.1"
"20","Elephas_maximus","Elephas_maximus.2"
"21","Capreolus_capreolus","Capreolus_capreolus.1"
"22","Meles_meles","Meles_meles.1"
"23","Nanophoca_vitulinoides","Nanophoca_vitulinoides.1"
"24","Hexaprotodon_garyam","Hexaprotodon_garyam.1"
"25","Simosaurus_1","Simosaurus_1.1"
"26","Cryptoclidus","Cryptoclidus.1"
"27","Neusticosaurus","Neusticosaurus.1"
"28","Maiacetus","Maiacetus.1"
"29","Nothosaurus_mirabilis_1","Nothosaurus_mirabilis_1.1"
"30","Spheniscus","Spheniscus.1"
"31","Simosaurus_1","Simosaurus_1.2"
"32","Nanophoca_vitulinoides","Nanophoca_vitulinoides.2"
"33","Nanophoca_vitulinoides","Nanophoca_vitulinoides.3"
"34","Caiman_yacare","Caiman_yacare.1"
"35","Rhaeticosaurus","Rhaeticosaurus.1"
"36","Spheniscus","Spheniscus.2"
"37","Nothosaurus_568","Nothosaurus_568.1"
"38","Nothosaurus_150","Nothosaurus_150.1"
"39","Protochampsidae","Protochampsidae.1"
"40","Nothosaurus_150","Nothosaurus_150.2"
"41","Neusticosaurus","Neusticosaurus.2"
"42","Cryptoclidus","Cryptoclidus.2"
"43","Maiacetus","Maiacetus.2"
"44","Otaria_byronia","Otaria_byronia.1"
"45","Spinosaurus_","Spinosaurus_.1"
"46","Spinosaurus_","Spinosaurus_.2"
"47","Spinosaurus_","Spinosaurus_.3"
"48","Spinosaurus_","Spinosaurus_.4"
"49","Spinosaurus_","Spinosaurus_.5"
"50","Spinosaurus_","Spinosaurus_.6"
"51","Spinosaurus_","Spinosaurus_.7"
"52","Spinosaurus_","Spinosaurus_.8"
"53","Spinosaurus_","Spinosaurus_.9"
"54","Spinosaurus_","Spinosaurus_.10"
"55","Spinosaurus_","Spinosaurus_.11"
"56","Suchomimus","Suchomimus.1"
"57","Suchomimus","Suchomimus.2"
"58","Suchomimus","Suchomimus.3"
"59","Baryonyx","Baryonyx.1"
"60","Baryonyx","Baryonyx.2"
"61","Baryonyx","Baryonyx.3"
 
* Phylo tree and the main data and strata files have been modified to include duplicated taxa before the scaled random trees are generated.
* Selected categorical labels column: diving.or.not
* diving.or.equal column is identical to Diving column.
* Regression excludes flying taxa.
* Diving labels that are present in regression: 0,2
* lambda (calculated from a random tree) = : 0.12
* index-name alignment check: OK
