Logfile for a session of program: bootstrap_binary.r
-----------------------------------------------------
INPUT:
workDir: C:/dino_nature/output/2023-11-07-D1\bs/set_172
Nbootstrapsets: 2000
phyloFDAfile: c:/dino_nature/code/phylo.fda.R
auxFile: c:/dino_nature/code/auxiliary.r
boneType: femur
regressionData.file: C:/dino_nature/output/2023-11-07-D1\bs/set_172/femur_set_172.csv
applyDataFilter: FALSE
addTreeTips: TRUE
Ntrees: 100
calculateTrees: TRUE
saveTrees: FALSE


OPERATIONAL CHECKS:
* Regression data contains multiple copies of some taxa (user added variants of existing test taxa 
   or replacements due to bootstrap are present) which are not in the phylo tree:
     original taxon,   duplicate   
"1","Rangifer_tarandus","Rangifer_tarandus.1"
"2","Myrmecophaga_tridactyla","Myrmecophaga_tridactyla.1"
"3","Rattus_rattus","Rattus_rattus.1"
"4","Mus_musculus","Mus_musculus.1"
"5","Okapia_johnstoni","Okapia_johnstoni.1"
"6","Giraffa_camelopardalis","Giraffa_camelopardalis.1"
"7","Paguma_larvata","Paguma_larvata.1"
"8","Okapia_johnstoni","Okapia_johnstoni.2"
"9","Felis_felis","Felis_felis.1"
"10","Dromaius_","Dromaius_.1"
"11","Tenrec_ecaudatus","Tenrec_ecaudatus.1"
"12","Tenrec_ecaudatus","Tenrec_ecaudatus.2"
"13","Pogona_viceps","Pogona_viceps.1"
"14","Tribonyx_mortieri","Tribonyx_mortieri.1"
"15","Giraffa_camelopardalis","Giraffa_camelopardalis.2"
"16","Euroscaptor_micrura","Euroscaptor_micrura.1"
"17","Syncerus_caffer","Syncerus_caffer.1"
"18","Diplomesodon_pulchellum","Diplomesodon_pulchellum.1"
"19","Dasyurus_maculatus","Dasyurus_maculatus.1"
"20","Simosaurus_1","Simosaurus_1.1"
"21","Simosaurus_1","Simosaurus_1.2"
"22","Micropotamogale_euwenzorii","Micropotamogale_euwenzorii.1"
"23","Micropotamogale_euwenzorii","Micropotamogale_euwenzorii.2"
"24","Metryorhynchus","Metryorhynchus.1"
"25","Hydromys_chrysogaster","Hydromys_chrysogaster.1"
"26","large_eocene_stem_penguin","large_eocene_stem_penguin.1"
"27","Placodontia_indet_1","Placodontia_indet_1.1"
"28","Metryorhynchus","Metryorhynchus.2"
"29","Champsosaurus","Champsosaurus.1"
"30","Simosaurus","Simosaurus.1"
"31","Lutra_vulgaris","Lutra_vulgaris.1"
"32","Metryorhynchus","Metryorhynchus.3"
"33","Simosaurus_1","Simosaurus_1.3"
"34","large_eocene_stem_penguin","large_eocene_stem_penguin.2"
"35","Metryorhynchus","Metryorhynchus.4"
"36","Champsosaurus","Champsosaurus.2"
"37","Ichtyosaur_sp","Ichtyosaur_sp.1"
"38","Spheniscus","Spheniscus.1"
"39","Metryorhynchus","Metryorhynchus.5"
"40","Indohyus","Indohyus.1"
"41","Spinosaurus_","Spinosaurus_.1"
"42","Spinosaurus_","Spinosaurus_.2"
"43","Spinosaurus_","Spinosaurus_.3"
"44","Spinosaurus_","Spinosaurus_.4"
"45","Spinosaurus_","Spinosaurus_.5"
"46","Spinosaurus_","Spinosaurus_.6"
"47","Spinosaurus_","Spinosaurus_.7"
"48","Spinosaurus_","Spinosaurus_.8"
"49","Spinosaurus_","Spinosaurus_.9"
"50","Spinosaurus_","Spinosaurus_.10"
"51","Spinosaurus_","Spinosaurus_.11"
"52","Suchomimus","Suchomimus.1"
"53","Suchomimus","Suchomimus.2"
"54","Suchomimus","Suchomimus.3"
"55","Baryonyx","Baryonyx.1"
"56","Baryonyx","Baryonyx.2"
"57","Baryonyx","Baryonyx.3"
 
* Phylo tree and the main data and strata files have been modified to include duplicated taxa before the scaled random trees are generated.
* Selected categorical labels column: diving.or.not
* diving.or.equal column is identical to Diving column.
* Regression excludes flying taxa.
* Diving labels that are present in regression: 0,2
* lambda (calculated from a random tree) = : 0.11
* index-name alignment check: OK
