Logfile for a session of program: bootstrap_binary.r
-----------------------------------------------------
INPUT:
workDir: C:/dino_nature/output/2023-11-07-D1\bs/set_865
Nbootstrapsets: 2000
phyloFDAfile: c:/dino_nature/code/phylo.fda.R
auxFile: c:/dino_nature/code/auxiliary.r
boneType: femur
regressionData.file: C:/dino_nature/output/2023-11-07-D1\bs/set_865/femur_set_865.csv
applyDataFilter: FALSE
addTreeTips: TRUE
Ntrees: 100
calculateTrees: TRUE
saveTrees: FALSE


OPERATIONAL CHECKS:
* Regression data contains multiple copies of some taxa (user added variants of existing test taxa 
   or replacements due to bootstrap are present) which are not in the phylo tree:
     original taxon,   duplicate   
"1","Atlantisia_rogersi","Atlantisia_rogersi.1"
"2","Diplomesodon_pulchellum","Diplomesodon_pulchellum.1"
"3","Atlantisia_rogersi","Atlantisia_rogersi.2"
"4","Brachyodus_onoideum","Brachyodus_onoideum.1"
"5","Megaloceros_sp","Megaloceros_sp.1"
"6","Tenrec_ecaudatus","Tenrec_ecaudatus.1"
"7","Dama_dama","Dama_dama.1"
"8","Mustela_nivalis","Mustela_nivalis.1"
"9","Dama_dama","Dama_dama.2"
"10","Mustela_nivalis","Mustela_nivalis.2"
"11","Cephalophus_silvicultor","Cephalophus_silvicultor.1"
"12","Megaloceros_sp","Megaloceros_sp.2"
"13","Strigiops_habroptilus","Strigiops_habroptilus.1"
"14","Rangifer_tarandus","Rangifer_tarandus.1"
"15","Sphenodon_punctatus","Sphenodon_punctatus.1"
"16","Syncerus_caffer","Syncerus_caffer.1"
"17","Sphenodon_punctatus","Sphenodon_punctatus.2"
"18","Sphenodon_punctatus","Sphenodon_punctatus.3"
"19","Diplomesodon_pulchellum","Diplomesodon_pulchellum.2"
"20","Porphyrio_hochstetteri","Porphyrio_hochstetteri.1"
"21","Tapirus_terrestris","Tapirus_terrestris.1"
"22","Rodhocetus","Rodhocetus.1"
"23","Placodontia_indet_1","Placodontia_indet_1.1"
"24","Phalacrocorax_harrisi","Phalacrocorax_harrisi.1"
"25","Nothosaurus_mirabilis_1","Nothosaurus_mirabilis_1.1"
"26","Noemys_fodies","Noemys_fodies.1"
"27","Lutra_vulgaris","Lutra_vulgaris.1"
"28","Placodontia_indet_1","Placodontia_indet_1.2"
"29","Rhaeticosaurus","Rhaeticosaurus.1"
"30","Placodontia_indet_1","Placodontia_indet_1.3"
"31","Ornithorhynchus_anatinus","Ornithorhynchus_anatinus.1"
"32","Rodhocetus","Rodhocetus.2"
"33","Phocanella_pumila","Phocanella_pumila.1"
"34","Basilosaurus","Basilosaurus.1"
"35","Rhaeticosaurus","Rhaeticosaurus.2"
"36","Palaeospheniscus","Palaeospheniscus.1"
"37","Champsosaurus","Champsosaurus.1"
"38","Indohyus","Indohyus.1"
"39","Rodhocetus","Rodhocetus.3"
"40","Indohyus","Indohyus.2"
"41","Rhaeticosaurus","Rhaeticosaurus.3"
"42","Spinosaurus_","Spinosaurus_.1"
"43","Spinosaurus_","Spinosaurus_.2"
"44","Spinosaurus_","Spinosaurus_.3"
"45","Spinosaurus_","Spinosaurus_.4"
"46","Spinosaurus_","Spinosaurus_.5"
"47","Spinosaurus_","Spinosaurus_.6"
"48","Spinosaurus_","Spinosaurus_.7"
"49","Spinosaurus_","Spinosaurus_.8"
"50","Spinosaurus_","Spinosaurus_.9"
"51","Spinosaurus_","Spinosaurus_.10"
"52","Spinosaurus_","Spinosaurus_.11"
"53","Suchomimus","Suchomimus.1"
"54","Suchomimus","Suchomimus.2"
"55","Suchomimus","Suchomimus.3"
"56","Baryonyx","Baryonyx.1"
"57","Baryonyx","Baryonyx.2"
"58","Baryonyx","Baryonyx.3"
 
* Phylo tree and the main data and strata files have been modified to include duplicated taxa before the scaled random trees are generated.
* Selected categorical labels column: diving.or.not
* diving.or.equal column is identical to Diving column.
* Regression excludes flying taxa.
* Diving labels that are present in regression: 0,2
* lambda (calculated from a random tree) = : 0.09
* index-name alignment check: OK
