Logfile for a session of program: bootstrap_binary.r
-----------------------------------------------------
INPUT:
workDir: C:/dino_nature/output/2023-11-07-D1\bs/set_1497
Nbootstrapsets: 2000
phyloFDAfile: c:/dino_nature/code/phylo.fda.R
auxFile: c:/dino_nature/code/auxiliary.r
boneType: femur
regressionData.file: C:/dino_nature/output/2023-11-07-D1\bs/set_1497/femur_set_1497.csv
applyDataFilter: FALSE
addTreeTips: TRUE
Ntrees: 100
calculateTrees: TRUE
saveTrees: FALSE


OPERATIONAL CHECKS:
* Regression data contains multiple copies of some taxa (user added variants of existing test taxa 
   or replacements due to bootstrap are present) which are not in the phylo tree:
     original taxon,   duplicate   
"1","Cephalophus_silvicultor","Cephalophus_silvicultor.1"
"2","Taxidea_taxus","Taxidea_taxus.1"
"3","Nyctereutes_procyonoides","Nyctereutes_procyonoides.1"
"4","Procavia_capensis","Procavia_capensis.1"
"5","Taxidea_taxus","Taxidea_taxus.2"
"6","Vulpes_vulpes","Vulpes_vulpes.1"
"7","Procyon_lotor","Procyon_lotor.1"
"8","Mammuthus_sp","Mammuthus_sp.1"
"9","Diplomesodon_pulchellum","Diplomesodon_pulchellum.1"
"10","Tenrec_ecaudatus","Tenrec_ecaudatus.1"
"11","Microgale_thomasi","Microgale_thomasi.1"
"12","Nyctereutes_procyonoides","Nyctereutes_procyonoides.2"
"13","Rhinoceros_sondaicus","Rhinoceros_sondaicus.1"
"14","Taxidea_taxus","Taxidea_taxus.3"
"15","Microgale_thomasi","Microgale_thomasi.2"
"16","Mammuthus_sp","Mammuthus_sp.2"
"17","Apteryx_australis","Apteryx_australis.1"
"18","Ceratotherium_simum","Ceratotherium_simum.1"
"19","Syncerus_caffer","Syncerus_caffer.1"
"20","Paguma_larvata","Paguma_larvata.1"
"21","Mustela_nivalis","Mustela_nivalis.1"
"22","Microgale_thomasi","Microgale_thomasi.3"
"23","Paraplacodus","Paraplacodus.1"
"24","Placondontia_indet","Placondontia_indet.1"
"25","Ichtyosaur_sp","Ichtyosaur_sp.1"
"26","Hexaprotodon_garyam","Hexaprotodon_garyam.1"
"27","Ichtyosaur_sp","Ichtyosaur_sp.2"
"28","Castor_fiber","Castor_fiber.1"
"29","Callophoca_obscura","Callophoca_obscura.1"
"30","Plesiosaurus","Plesiosaurus.1"
"31","Otaria_byronia","Otaria_byronia.1"
"32","Hesperornis","Hesperornis.1"
"33","Cryptoclidus","Cryptoclidus.1"
"34","Cricosaurus","Cricosaurus.1"
"35","Ichtyosaurus_","Ichtyosaurus_.1"
"36","Leptophoca_proxima","Leptophoca_proxima.1"
"37","Hexaprotodon_garyam","Hexaprotodon_garyam.2"
"38","Cryptoclidus","Cryptoclidus.2"
"39","Serpianosaurus","Serpianosaurus.1"
"40","Metryorhynchus","Metryorhynchus.1"
"41","Phalacrocorax_harrisi","Phalacrocorax_harrisi.1"
"42","Plesiosaurus","Plesiosaurus.2"
"43","Micropotamogale_euwenzorii","Micropotamogale_euwenzorii.1"
"44","Phalacrocorax_harrisi","Phalacrocorax_harrisi.2"
"45","Castor_fiber","Castor_fiber.2"
"46","Spinosaurus_","Spinosaurus_.1"
"47","Spinosaurus_","Spinosaurus_.2"
"48","Spinosaurus_","Spinosaurus_.3"
"49","Spinosaurus_","Spinosaurus_.4"
"50","Spinosaurus_","Spinosaurus_.5"
"51","Spinosaurus_","Spinosaurus_.6"
"52","Spinosaurus_","Spinosaurus_.7"
"53","Spinosaurus_","Spinosaurus_.8"
"54","Spinosaurus_","Spinosaurus_.9"
"55","Spinosaurus_","Spinosaurus_.10"
"56","Spinosaurus_","Spinosaurus_.11"
"57","Suchomimus","Suchomimus.1"
"58","Suchomimus","Suchomimus.2"
"59","Suchomimus","Suchomimus.3"
"60","Baryonyx","Baryonyx.1"
"61","Baryonyx","Baryonyx.2"
"62","Baryonyx","Baryonyx.3"
 
* Phylo tree and the main data and strata files have been modified to include duplicated taxa before the scaled random trees are generated.
* Selected categorical labels column: diving.or.not
* diving.or.equal column is identical to Diving column.
* Regression excludes flying taxa.
* Diving labels that are present in regression: 0,2
* lambda (calculated from a random tree) = : 0.1
* index-name alignment check: OK
