Logfile for a session of program: bootstrap_binary.r
-----------------------------------------------------
INPUT:
workDir: C:/dino_nature/output/2023-11-07-D1\bs/set_317
Nbootstrapsets: 2000
phyloFDAfile: c:/dino_nature/code/phylo.fda.R
auxFile: c:/dino_nature/code/auxiliary.r
boneType: femur
regressionData.file: C:/dino_nature/output/2023-11-07-D1\bs/set_317/femur_set_317.csv
applyDataFilter: FALSE
addTreeTips: TRUE
Ntrees: 100
calculateTrees: TRUE
saveTrees: FALSE


OPERATIONAL CHECKS:
* Regression data contains multiple copies of some taxa (user added variants of existing test taxa 
   or replacements due to bootstrap are present) which are not in the phylo tree:
     original taxon,   duplicate   
"1","Rangifer_tarandus","Rangifer_tarandus.1"
"2","Mustela_nivalis","Mustela_nivalis.1"
"3","Vulpes_vulpes","Vulpes_vulpes.1"
"4","Atlantisia_rogersi","Atlantisia_rogersi.1"
"5","Paguma_larvata","Paguma_larvata.1"
"6","Taxidea_taxus","Taxidea_taxus.1"
"7","Capreolus_capreolus","Capreolus_capreolus.1"
"8","Lama_guanicoe","Lama_guanicoe.1"
"9","Dicerorhinus_sumatrensis","Dicerorhinus_sumatrensis.1"
"10","Atlantisia_rogersi","Atlantisia_rogersi.2"
"11","Capreolus_capreolus","Capreolus_capreolus.2"
"12","Paguma_larvata","Paguma_larvata.2"
"13","Tribonyx_mortieri","Tribonyx_mortieri.1"
"14","Sphenodon_punctatus","Sphenodon_punctatus.1"
"15","Tribonyx_mortieri","Tribonyx_mortieri.2"
"16","Paguma_larvata","Paguma_larvata.3"
"17","Rangifer_tarandus","Rangifer_tarandus.2"
"18","Dicerorhinus_sumatrensis","Dicerorhinus_sumatrensis.2"
"19","Elomeryx_borbonicus_","Elomeryx_borbonicus_.1"
"20","Brachyodus_onoideum","Brachyodus_onoideum.1"
"21","Tribonyx_mortieri","Tribonyx_mortieri.3"
"22","Vulpes_vulpes","Vulpes_vulpes.2"
"23","Atlantisia_rogersi","Atlantisia_rogersi.3"
"24","Capreolus_capreolus","Capreolus_capreolus.3"
"25","Rynochetus_jubatus","Rynochetus_jubatus.1"
"26","Capreolus_capreolus","Capreolus_capreolus.4"
"27","Aptenodytes______","Aptenodytes______.1"
"28","Aptenodytes______","Aptenodytes______.2"
"29","Aptenodytes______","Aptenodytes______.3"
"30","Indohyus","Indohyus.1"
"31","Chironectes_minimus","Chironectes_minimus.1"
"32","Otaria_byronia","Otaria_byronia.1"
"33","Otaria_byronia","Otaria_byronia.2"
"34","Spheniscus","Spheniscus.1"
"35","Psephoderma","Psephoderma.1"
"36","Ichtyosaur_sp","Ichtyosaur_sp.1"
"37","Micropotamogale_euwenzorii","Micropotamogale_euwenzorii.1"
"38","Remingtonocetus","Remingtonocetus.1"
"39","Palaeospheniscus","Palaeospheniscus.1"
"40","Ichtyosaur_sp","Ichtyosaur_sp.2"
"41","Leptophoca_proxima","Leptophoca_proxima.1"
"42","Phalacrocorax_harrisi","Phalacrocorax_harrisi.1"
"43","Palaeospheniscus","Palaeospheniscus.2"
"44","Choeropsis_liberiensis","Choeropsis_liberiensis.1"
"45","Leptophoca_proxima","Leptophoca_proxima.2"
"46","Otaria_byronia","Otaria_byronia.3"
"47","Spinosaurus_","Spinosaurus_.1"
"48","Spinosaurus_","Spinosaurus_.2"
"49","Spinosaurus_","Spinosaurus_.3"
"50","Spinosaurus_","Spinosaurus_.4"
"51","Spinosaurus_","Spinosaurus_.5"
"52","Spinosaurus_","Spinosaurus_.6"
"53","Spinosaurus_","Spinosaurus_.7"
"54","Spinosaurus_","Spinosaurus_.8"
"55","Spinosaurus_","Spinosaurus_.9"
"56","Spinosaurus_","Spinosaurus_.10"
"57","Spinosaurus_","Spinosaurus_.11"
"58","Suchomimus","Suchomimus.1"
"59","Suchomimus","Suchomimus.2"
"60","Suchomimus","Suchomimus.3"
"61","Baryonyx","Baryonyx.1"
"62","Baryonyx","Baryonyx.2"
"63","Baryonyx","Baryonyx.3"
 
* Phylo tree and the main data and strata files have been modified to include duplicated taxa before the scaled random trees are generated.
* Selected categorical labels column: diving.or.not
* diving.or.equal column is identical to Diving column.
* Regression excludes flying taxa.
* Diving labels that are present in regression: 0,2
* lambda (calculated from a random tree) = : 0.07
* index-name alignment check: OK
