Logfile for a session of program: bootstrap_binary.r
-----------------------------------------------------
INPUT:
workDir: C:/dino_nature/output/2023-11-07-D1\bs/set_1561
Nbootstrapsets: 2000
phyloFDAfile: c:/dino_nature/code/phylo.fda.R
auxFile: c:/dino_nature/code/auxiliary.r
boneType: femur
regressionData.file: C:/dino_nature/output/2023-11-07-D1\bs/set_1561/femur_set_1561.csv
applyDataFilter: FALSE
addTreeTips: TRUE
Ntrees: 100
calculateTrees: TRUE
saveTrees: FALSE


OPERATIONAL CHECKS:
* Regression data contains multiple copies of some taxa (user added variants of existing test taxa 
   or replacements due to bootstrap are present) which are not in the phylo tree:
     original taxon,   duplicate   
"1","Paguma_larvata","Paguma_larvata.1"
"2","Paguma_larvata","Paguma_larvata.2"
"3","Rynochetus_jubatus","Rynochetus_jubatus.1"
"4","Sus_scrofa","Sus_scrofa.1"
"5","Vulpes_vulpes","Vulpes_vulpes.1"
"6","Monodelphis_domestica","Monodelphis_domestica.1"
"7","Paguma_larvata","Paguma_larvata.3"
"8","Myrmecophaga_tridactyla","Myrmecophaga_tridactyla.1"
"9","Felis_felis","Felis_felis.1"
"10","Atlantisia_rogersi","Atlantisia_rogersi.1"
"11","Brachyodus_onoideum","Brachyodus_onoideum.1"
"12","Strigiops_habroptilus","Strigiops_habroptilus.1"
"13","Loxodonta_africana","Loxodonta_africana.1"
"14","Hemiechinus_azurites","Hemiechinus_azurites.1"
"15","Dama_dama","Dama_dama.1"
"16","Lama_guanicoe","Lama_guanicoe.1"
"17","Dicerorhinus_sumatrensis","Dicerorhinus_sumatrensis.1"
"18","Tenrec_ecaudatus","Tenrec_ecaudatus.1"
"19","Caiman_yacare","Caiman_yacare.1"
"20","Leptophoca_proxima","Leptophoca_proxima.1"
"21","Castor_fiber","Castor_fiber.1"
"22","Palaeospheniscus","Palaeospheniscus.1"
"23","Small_Eocene_penguin","Small_Eocene_penguin.1"
"24","Nothosaurus_mirabilis","Nothosaurus_mirabilis.1"
"25","Nothosaurus_mirabilis","Nothosaurus_mirabilis.2"
"26","Placodontia_indet_1","Placodontia_indet_1.1"
"27","Protochampsidae","Protochampsidae.1"
"28","Champsosaurus","Champsosaurus.1"
"29","Indohyus","Indohyus.1"
"30","Phalacrocorax_harrisi","Phalacrocorax_harrisi.1"
"31","Paraplacodus","Paraplacodus.1"
"32","Cryptoclidus","Cryptoclidus.1"
"33","Lutra_vulgaris","Lutra_vulgaris.1"
"34","Desmostylus_hesperus","Desmostylus_hesperus.1"
"35","Ichtyosaur_sp","Ichtyosaur_sp.1"
"36","large_eocene_stem_penguin","large_eocene_stem_penguin.1"
"37","Choeropsis_liberiensis","Choeropsis_liberiensis.1"
"38","Spinosaurus_","Spinosaurus_.1"
"39","Spinosaurus_","Spinosaurus_.2"
"40","Spinosaurus_","Spinosaurus_.3"
"41","Spinosaurus_","Spinosaurus_.4"
"42","Spinosaurus_","Spinosaurus_.5"
"43","Spinosaurus_","Spinosaurus_.6"
"44","Spinosaurus_","Spinosaurus_.7"
"45","Spinosaurus_","Spinosaurus_.8"
"46","Spinosaurus_","Spinosaurus_.9"
"47","Spinosaurus_","Spinosaurus_.10"
"48","Spinosaurus_","Spinosaurus_.11"
"49","Suchomimus","Suchomimus.1"
"50","Suchomimus","Suchomimus.2"
"51","Suchomimus","Suchomimus.3"
"52","Baryonyx","Baryonyx.1"
"53","Baryonyx","Baryonyx.2"
"54","Baryonyx","Baryonyx.3"
 
* Phylo tree and the main data and strata files have been modified to include duplicated taxa before the scaled random trees are generated.
* Selected categorical labels column: diving.or.not
* diving.or.equal column is identical to Diving column.
* Regression excludes flying taxa.
* Diving labels that are present in regression: 0,2
* lambda (calculated from a random tree) = : 0.1
* index-name alignment check: OK
