Logfile for a session of program: bootstrap_binary.r
-----------------------------------------------------
INPUT:
workDir: C:/dino_nature/output/2023-11-07-D1\bs/set_742
Nbootstrapsets: 2000
phyloFDAfile: c:/dino_nature/code/phylo.fda.R
auxFile: c:/dino_nature/code/auxiliary.r
boneType: femur
regressionData.file: C:/dino_nature/output/2023-11-07-D1\bs/set_742/femur_set_742.csv
applyDataFilter: FALSE
addTreeTips: TRUE
Ntrees: 100
calculateTrees: TRUE
saveTrees: FALSE


OPERATIONAL CHECKS:
* Regression data contains multiple copies of some taxa (user added variants of existing test taxa 
   or replacements due to bootstrap are present) which are not in the phylo tree:
     original taxon,   duplicate   
"1","Lama_guanicoe","Lama_guanicoe.1"
"2","Dromaius_","Dromaius_.1"
"3","Rattus_rattus","Rattus_rattus.1"
"4","Rattus_rattus","Rattus_rattus.2"
"5","Caloenas_nicobarica","Caloenas_nicobarica.1"
"6","Lama_guanicoe","Lama_guanicoe.2"
"7","Caloenas_nicobarica","Caloenas_nicobarica.2"
"8","Apteryx_australis","Apteryx_australis.1"
"9","Nyctereutes_procyonoides","Nyctereutes_procyonoides.1"
"10","Rangifer_tarandus","Rangifer_tarandus.1"
"11","Okapia_johnstoni","Okapia_johnstoni.1"
"12","Rynochetus_jubatus","Rynochetus_jubatus.1"
"13","Nyctereutes_procyonoides","Nyctereutes_procyonoides.2"
"14","Rupicapra_rupicapra","Rupicapra_rupicapra.1"
"15","Dromaius_","Dromaius_.2"
"16","Rynochetus_jubatus","Rynochetus_jubatus.2"
"17","Myrmecophaga_tridactyla","Myrmecophaga_tridactyla.1"
"18","Euroscaptor_micrura","Euroscaptor_micrura.1"
"19","Paguma_larvata","Paguma_larvata.1"
"20","Rynochetus_jubatus","Rynochetus_jubatus.3"
"21","Brachyodus_onoideum","Brachyodus_onoideum.1"
"22","Cephalophus_silvicultor","Cephalophus_silvicultor.1"
"23","Cephalophus_silvicultor","Cephalophus_silvicultor.2"
"24","Lama_guanicoe","Lama_guanicoe.3"
"25","Desmana_moschata","Desmana_moschata.1"
"26","Protochampsidae","Protochampsidae.1"
"27","Indohyus","Indohyus.1"
"28","Dyrosaurid","Dyrosaurid.1"
"29","Phocanella_pumila","Phocanella_pumila.1"
"30","Simosaurus_1","Simosaurus_1.1"
"31","Phocanella_pumila","Phocanella_pumila.2"
"32","Nanophoca_vitulinoides","Nanophoca_vitulinoides.1"
"33","Otaria_byronia","Otaria_byronia.1"
"34","Tapirus_terrestris","Tapirus_terrestris.1"
"35","Neusticosaurus","Neusticosaurus.1"
"36","Hesperornis","Hesperornis.1"
"37","Simosaurus_1","Simosaurus_1.2"
"38","Hexaprotodon_garyam","Hexaprotodon_garyam.1"
"39","Chapsosaurus_","Chapsosaurus_.1"
"40","Hesperornis","Hesperornis.2"
"41","Micropotamogale_euwenzorii","Micropotamogale_euwenzorii.1"
"42","Indohyus","Indohyus.2"
"43","Hippopotamus_amphibius","Hippopotamus_amphibius.1"
"44","Spinosaurus_","Spinosaurus_.1"
"45","Spinosaurus_","Spinosaurus_.2"
"46","Spinosaurus_","Spinosaurus_.3"
"47","Spinosaurus_","Spinosaurus_.4"
"48","Spinosaurus_","Spinosaurus_.5"
"49","Spinosaurus_","Spinosaurus_.6"
"50","Spinosaurus_","Spinosaurus_.7"
"51","Spinosaurus_","Spinosaurus_.8"
"52","Spinosaurus_","Spinosaurus_.9"
"53","Spinosaurus_","Spinosaurus_.10"
"54","Spinosaurus_","Spinosaurus_.11"
"55","Suchomimus","Suchomimus.1"
"56","Suchomimus","Suchomimus.2"
"57","Suchomimus","Suchomimus.3"
"58","Baryonyx","Baryonyx.1"
"59","Baryonyx","Baryonyx.2"
"60","Baryonyx","Baryonyx.3"
 
* Phylo tree and the main data and strata files have been modified to include duplicated taxa before the scaled random trees are generated.
* Selected categorical labels column: diving.or.not
* diving.or.equal column is identical to Diving column.
* Regression excludes flying taxa.
* Diving labels that are present in regression: 0,2
* lambda (calculated from a random tree) = : 0.09
* index-name alignment check: OK
