Logfile for a session of program: bootstrap_binary.r
-----------------------------------------------------
INPUT:
workDir: C:/dino_nature/output/2023-11-07-D1\bs/set_651
Nbootstrapsets: 2000
phyloFDAfile: c:/dino_nature/code/phylo.fda.R
auxFile: c:/dino_nature/code/auxiliary.r
boneType: femur
regressionData.file: C:/dino_nature/output/2023-11-07-D1\bs/set_651/femur_set_651.csv
applyDataFilter: FALSE
addTreeTips: TRUE
Ntrees: 100
calculateTrees: TRUE
saveTrees: FALSE


OPERATIONAL CHECKS:
* Regression data contains multiple copies of some taxa (user added variants of existing test taxa 
   or replacements due to bootstrap are present) which are not in the phylo tree:
     original taxon,   duplicate   
"1","Mammuthus_sp","Mammuthus_sp.1"
"2","Paguma_larvata","Paguma_larvata.1"
"3","Paguma_larvata","Paguma_larvata.2"
"4","Rangifer_tarandus","Rangifer_tarandus.1"
"5","Mus_musculus","Mus_musculus.1"
"6","Raphus","Raphus.1"
"7","Raphus","Raphus.2"
"8","Tribonyx_mortieri","Tribonyx_mortieri.1"
"9","Raphus","Raphus.3"
"10","Tribonyx_mortieri","Tribonyx_mortieri.2"
"11","Rynochetus_jubatus","Rynochetus_jubatus.1"
"12","Microgale_thomasi","Microgale_thomasi.1"
"13","Porphyrio_hochstetteri","Porphyrio_hochstetteri.1"
"14","Capreolus_capreolus","Capreolus_capreolus.1"
"15","Syncerus_caffer","Syncerus_caffer.1"
"16","Rhinoceros_sondaicus","Rhinoceros_sondaicus.1"
"17","Ceratotherium_simum","Ceratotherium_simum.1"
"18","Dasyurus_maculatus","Dasyurus_maculatus.1"
"19","Atlantisia_rogersi","Atlantisia_rogersi.1"
"20","Microgale_thomasi","Microgale_thomasi.2"
"21","Ichtyosaur_sp","Ichtyosaur_sp.1"
"22","Nothosaurus_mirabilis","Nothosaurus_mirabilis.1"
"23","Nothosaurus_mirabilis_1","Nothosaurus_mirabilis_1.1"
"24","Rodhocetus","Rodhocetus.1"
"25","Nothosaurus_mirabilis_1","Nothosaurus_mirabilis_1.2"
"26","Nothosaurus_102","Nothosaurus_102.1"
"27","Simosaurus","Simosaurus.1"
"28","Rodhocetus","Rodhocetus.2"
"29","Nothosaurus_150","Nothosaurus_150.1"
"30","Maiacetus","Maiacetus.1"
"31","Pistosaurus","Pistosaurus.1"
"32","Nothosaurus_mirabilis_1","Nothosaurus_mirabilis_1.3"
"33","Nothosaurus_150","Nothosaurus_150.2"
"34","Maiacetus","Maiacetus.2"
"35","Pistosaurus","Pistosaurus.2"
"36","Ornithorhynchus_anatinus","Ornithorhynchus_anatinus.1"
"37","Ichtyosaur_sp","Ichtyosaur_sp.2"
"38","Remingtonocetus","Remingtonocetus.1"
"39","Nothosaurus_giganteus","Nothosaurus_giganteus.1"
"40","Ichtyosaurus_","Ichtyosaurus_.1"
"41","Phocanella_pumila","Phocanella_pumila.1"
"42","Placodontia_indet_1","Placodontia_indet_1.1"
"43","Aptenodytes______","Aptenodytes______.1"
"44","Noemys_fodies","Noemys_fodies.1"
"45","Spinosaurus_","Spinosaurus_.1"
"46","Spinosaurus_","Spinosaurus_.2"
"47","Spinosaurus_","Spinosaurus_.3"
"48","Spinosaurus_","Spinosaurus_.4"
"49","Spinosaurus_","Spinosaurus_.5"
"50","Spinosaurus_","Spinosaurus_.6"
"51","Spinosaurus_","Spinosaurus_.7"
"52","Spinosaurus_","Spinosaurus_.8"
"53","Spinosaurus_","Spinosaurus_.9"
"54","Spinosaurus_","Spinosaurus_.10"
"55","Spinosaurus_","Spinosaurus_.11"
"56","Suchomimus","Suchomimus.1"
"57","Suchomimus","Suchomimus.2"
"58","Suchomimus","Suchomimus.3"
"59","Baryonyx","Baryonyx.1"
"60","Baryonyx","Baryonyx.2"
"61","Baryonyx","Baryonyx.3"
 
* Phylo tree and the main data and strata files have been modified to include duplicated taxa before the scaled random trees are generated.
* Selected categorical labels column: diving.or.not
* diving.or.equal column is identical to Diving column.
* Regression excludes flying taxa.
* Diving labels that are present in regression: 0,2
* lambda (calculated from a random tree) = : 0.15
* index-name alignment check: OK
