Logfile for a session of program: bootstrap_binary.r
-----------------------------------------------------
INPUT:
workDir: C:/dino_nature/output/2023-11-07-D1\bs/set_928
Nbootstrapsets: 2000
phyloFDAfile: c:/dino_nature/code/phylo.fda.R
auxFile: c:/dino_nature/code/auxiliary.r
boneType: femur
regressionData.file: C:/dino_nature/output/2023-11-07-D1\bs/set_928/femur_set_928.csv
applyDataFilter: FALSE
addTreeTips: TRUE
Ntrees: 100
calculateTrees: TRUE
saveTrees: FALSE


OPERATIONAL CHECKS:
* Regression data contains multiple copies of some taxa (user added variants of existing test taxa 
   or replacements due to bootstrap are present) which are not in the phylo tree:
     original taxon,   duplicate   
"1","Myrmecophaga_tridactyla","Myrmecophaga_tridactyla.1"
"2","Cephalophus_silvicultor","Cephalophus_silvicultor.1"
"3","Strigiops_habroptilus","Strigiops_habroptilus.1"
"4","Lacerta_viridis","Lacerta_viridis.1"
"5","Euroscaptor_micrura","Euroscaptor_micrura.1"
"6","Tenrec_ecaudatus","Tenrec_ecaudatus.1"
"7","Rhinoceros_sondaicus","Rhinoceros_sondaicus.1"
"8","Microgale_thomasi","Microgale_thomasi.1"
"9","Myrmecophaga_tridactyla","Myrmecophaga_tridactyla.2"
"10","Cephalophus_silvicultor","Cephalophus_silvicultor.2"
"11","Bison_bonasus","Bison_bonasus.1"
"12","Tenrec_ecaudatus","Tenrec_ecaudatus.2"
"13","Loxodonta_africana","Loxodonta_africana.1"
"14","Uncia_uncia","Uncia_uncia.1"
"15","Tribonyx_mortieri","Tribonyx_mortieri.1"
"16","Rynochetus_jubatus","Rynochetus_jubatus.1"
"17","Cephalophus_silvicultor","Cephalophus_silvicultor.3"
"18","Microgale_thomasi","Microgale_thomasi.2"
"19","Pogona_viceps","Pogona_viceps.1"
"20","Lacerta_viridis","Lacerta_viridis.2"
"21","Okapia_johnstoni","Okapia_johnstoni.1"
"22","Dama_dama","Dama_dama.1"
"23","Maiacetus","Maiacetus.1"
"24","Nothosaurus_150","Nothosaurus_150.1"
"25","Spheniscus","Spheniscus.1"
"26","Palaeospheniscus","Palaeospheniscus.1"
"27","Rhaeticosaurus","Rhaeticosaurus.1"
"28","Paraplacodus","Paraplacodus.1"
"29","Nothosaurus_150","Nothosaurus_150.2"
"30","Desmana_moschata","Desmana_moschata.1"
"31","Caiman_yacare","Caiman_yacare.1"
"32","Simosaurus","Simosaurus.1"
"33","Nothosaurus_568","Nothosaurus_568.1"
"34","Otaria_byronia","Otaria_byronia.1"
"35","Cryptoclidus","Cryptoclidus.1"
"36","Choeropsis_liberiensis","Choeropsis_liberiensis.1"
"37","Cryptoclidus","Cryptoclidus.2"
"38","Palaeospheniscus","Palaeospheniscus.2"
"39","Placondontia_indet","Placondontia_indet.1"
"40","Simosaurus","Simosaurus.2"
"41","Hesperornis","Hesperornis.1"
"42","Spheniscus","Spheniscus.2"
"43","Phocanella_pumila","Phocanella_pumila.1"
"44","Spinosaurus_","Spinosaurus_.1"
"45","Spinosaurus_","Spinosaurus_.2"
"46","Spinosaurus_","Spinosaurus_.3"
"47","Spinosaurus_","Spinosaurus_.4"
"48","Spinosaurus_","Spinosaurus_.5"
"49","Spinosaurus_","Spinosaurus_.6"
"50","Spinosaurus_","Spinosaurus_.7"
"51","Spinosaurus_","Spinosaurus_.8"
"52","Spinosaurus_","Spinosaurus_.9"
"53","Spinosaurus_","Spinosaurus_.10"
"54","Spinosaurus_","Spinosaurus_.11"
"55","Suchomimus","Suchomimus.1"
"56","Suchomimus","Suchomimus.2"
"57","Suchomimus","Suchomimus.3"
"58","Baryonyx","Baryonyx.1"
"59","Baryonyx","Baryonyx.2"
"60","Baryonyx","Baryonyx.3"
 
* Phylo tree and the main data and strata files have been modified to include duplicated taxa before the scaled random trees are generated.
* Selected categorical labels column: diving.or.not
* diving.or.equal column is identical to Diving column.
* Regression excludes flying taxa.
* Diving labels that are present in regression: 0,2
* lambda (calculated from a random tree) = : 0.11
* index-name alignment check: OK
