Logfile for a session of program: bootstrap_binary.r
-----------------------------------------------------
INPUT:
workDir: C:/dino_nature/output/2023-11-07-D1\bs/set_922
Nbootstrapsets: 2000
phyloFDAfile: c:/dino_nature/code/phylo.fda.R
auxFile: c:/dino_nature/code/auxiliary.r
boneType: femur
regressionData.file: C:/dino_nature/output/2023-11-07-D1\bs/set_922/femur_set_922.csv
applyDataFilter: FALSE
addTreeTips: TRUE
Ntrees: 100
calculateTrees: TRUE
saveTrees: FALSE


OPERATIONAL CHECKS:
* Regression data contains multiple copies of some taxa (user added variants of existing test taxa 
   or replacements due to bootstrap are present) which are not in the phylo tree:
     original taxon,   duplicate   
"1","Tribonyx_mortieri","Tribonyx_mortieri.1"
"2","Paguma_larvata","Paguma_larvata.1"
"3","Rhynchocyon_petersi","Rhynchocyon_petersi.1"
"4","Rhinoceros_sondaicus","Rhinoceros_sondaicus.1"
"5","Rhinoceros_sondaicus","Rhinoceros_sondaicus.2"
"6","Syncerus_caffer","Syncerus_caffer.1"
"7","Elomeryx_borbonicus_","Elomeryx_borbonicus_.1"
"8","Tenrec_ecaudatus","Tenrec_ecaudatus.1"
"9","Paguma_larvata","Paguma_larvata.2"
"10","Giraffa_camelopardalis","Giraffa_camelopardalis.1"
"11","Vulpes_vulpes","Vulpes_vulpes.1"
"12","Dama_dama","Dama_dama.1"
"13","Brachyodus_onoideum","Brachyodus_onoideum.1"
"14","Rhinoceros_sondaicus","Rhinoceros_sondaicus.3"
"15","Sus_scrofa","Sus_scrofa.1"
"16","Vulpes_vulpes","Vulpes_vulpes.2"
"17","Dicerorhinus_sumatrensis","Dicerorhinus_sumatrensis.1"
"18","Nyctereutes_procyonoides","Nyctereutes_procyonoides.1"
"19","Nanophoca_vitulinoides","Nanophoca_vitulinoides.1"
"20","Callophoca_obscura","Callophoca_obscura.1"
"21","Basilosaurus","Basilosaurus.1"
"22","Caiman_yacare","Caiman_yacare.1"
"23","Nothosaurus_mirabilis_1","Nothosaurus_mirabilis_1.1"
"24","Paraplacodus","Paraplacodus.1"
"25","Ichtyosaurus_","Ichtyosaurus_.1"
"26","Ichtyosaurus_","Ichtyosaurus_.2"
"27","Castor_fiber","Castor_fiber.1"
"28","Nothosaurus_giganteus","Nothosaurus_giganteus.1"
"29","Paraplacodus","Paraplacodus.2"
"30","Indohyus","Indohyus.1"
"31","Rodhocetus","Rodhocetus.1"
"32","Nanophoca_vitulinoides","Nanophoca_vitulinoides.2"
"33","Nothosaurus_mirabilis","Nothosaurus_mirabilis.1"
"34","Chapsosaurus_","Chapsosaurus_.1"
"35","Desmostylus_hesperus","Desmostylus_hesperus.1"
"36","Maiacetus","Maiacetus.1"
"37","Nothosaurus_mirabilis_1","Nothosaurus_mirabilis_1.2"
"38","Metryorhynchus","Metryorhynchus.1"
"39","Spinosaurus_","Spinosaurus_.1"
"40","Spinosaurus_","Spinosaurus_.2"
"41","Spinosaurus_","Spinosaurus_.3"
"42","Spinosaurus_","Spinosaurus_.4"
"43","Spinosaurus_","Spinosaurus_.5"
"44","Spinosaurus_","Spinosaurus_.6"
"45","Spinosaurus_","Spinosaurus_.7"
"46","Spinosaurus_","Spinosaurus_.8"
"47","Spinosaurus_","Spinosaurus_.9"
"48","Spinosaurus_","Spinosaurus_.10"
"49","Spinosaurus_","Spinosaurus_.11"
"50","Suchomimus","Suchomimus.1"
"51","Suchomimus","Suchomimus.2"
"52","Suchomimus","Suchomimus.3"
"53","Baryonyx","Baryonyx.1"
"54","Baryonyx","Baryonyx.2"
"55","Baryonyx","Baryonyx.3"
 
* Phylo tree and the main data and strata files have been modified to include duplicated taxa before the scaled random trees are generated.
* Selected categorical labels column: diving.or.not
* diving.or.equal column is identical to Diving column.
* Regression excludes flying taxa.
* Diving labels that are present in regression: 0,2
* lambda (calculated from a random tree) = : 0.1
* index-name alignment check: OK
