Logfile for a session of program: bootstrap_binary.r
-----------------------------------------------------
INPUT:
workDir: C:/dino_nature/output/2023-11-07-D1\bs/set_890
Nbootstrapsets: 2000
phyloFDAfile: c:/dino_nature/code/phylo.fda.R
auxFile: c:/dino_nature/code/auxiliary.r
boneType: femur
regressionData.file: C:/dino_nature/output/2023-11-07-D1\bs/set_890/femur_set_890.csv
applyDataFilter: FALSE
addTreeTips: TRUE
Ntrees: 100
calculateTrees: TRUE
saveTrees: FALSE


OPERATIONAL CHECKS:
* Regression data contains multiple copies of some taxa (user added variants of existing test taxa 
   or replacements due to bootstrap are present) which are not in the phylo tree:
     original taxon,   duplicate   
"1","Felis_felis","Felis_felis.1"
"2","Monodelphis_domestica","Monodelphis_domestica.1"
"3","Apteryx_owenii_","Apteryx_owenii_.1"
"4","Monodelphis_domestica","Monodelphis_domestica.2"
"5","Dasyurus_maculatus","Dasyurus_maculatus.1"
"6","Taxidea_taxus","Taxidea_taxus.1"
"7","Taxidea_taxus","Taxidea_taxus.2"
"8","Bison_bonasus","Bison_bonasus.1"
"9","Apteryx_owenii_","Apteryx_owenii_.2"
"10","Apteryx_owenii_","Apteryx_owenii_.3"
"11","Atlantisia_rogersi","Atlantisia_rogersi.1"
"12","Mustela_nivalis","Mustela_nivalis.1"
"13","Alces_americanus","Alces_americanus.1"
"14","Okapia_johnstoni","Okapia_johnstoni.1"
"15","Mustela_nivalis","Mustela_nivalis.2"
"16","Diplomesodon_pulchellum","Diplomesodon_pulchellum.1"
"17","Alces_americanus","Alces_americanus.2"
"18","Taxidea_taxus","Taxidea_taxus.3"
"19","Elomeryx_borbonicus_","Elomeryx_borbonicus_.1"
"20","Alces_americanus","Alces_americanus.3"
"21","Bison_bonasus","Bison_bonasus.2"
"22","Taxidea_taxus","Taxidea_taxus.4"
"23","Rattus_rattus","Rattus_rattus.1"
"24","Lama_guanicoe","Lama_guanicoe.1"
"25","Aptenodytes______","Aptenodytes______.1"
"26","Hippopotamus_amphibius","Hippopotamus_amphibius.1"
"27","Desmana_moschata","Desmana_moschata.1"
"28","Castor_fiber","Castor_fiber.1"
"29","Small_Eocene_penguin","Small_Eocene_penguin.1"
"30","Nothosaurus_mirabilis","Nothosaurus_mirabilis.1"
"31","Basilosaurus","Basilosaurus.1"
"32","Hippopotamus_amphibius","Hippopotamus_amphibius.2"
"33","Hydromys_chrysogaster","Hydromys_chrysogaster.1"
"34","Nothosaurus_mirabilis","Nothosaurus_mirabilis.2"
"35","Nothosaurus_mirabilis","Nothosaurus_mirabilis.3"
"36","Desmana_moschata","Desmana_moschata.2"
"37","Hydromys_chrysogaster","Hydromys_chrysogaster.2"
"38","Protochampsidae","Protochampsidae.1"
"39","Hexaprotodon_garyam","Hexaprotodon_garyam.1"
"40","Choeropsis_liberiensis","Choeropsis_liberiensis.1"
"41","Maiacetus","Maiacetus.1"
"42","Hexaprotodon_garyam","Hexaprotodon_garyam.2"
"43","Noemys_fodies","Noemys_fodies.1"
"44","Plesiosaurus","Plesiosaurus.1"
"45","Spinosaurus_","Spinosaurus_.1"
"46","Spinosaurus_","Spinosaurus_.2"
"47","Spinosaurus_","Spinosaurus_.3"
"48","Spinosaurus_","Spinosaurus_.4"
"49","Spinosaurus_","Spinosaurus_.5"
"50","Spinosaurus_","Spinosaurus_.6"
"51","Spinosaurus_","Spinosaurus_.7"
"52","Spinosaurus_","Spinosaurus_.8"
"53","Spinosaurus_","Spinosaurus_.9"
"54","Spinosaurus_","Spinosaurus_.10"
"55","Spinosaurus_","Spinosaurus_.11"
"56","Suchomimus","Suchomimus.1"
"57","Suchomimus","Suchomimus.2"
"58","Suchomimus","Suchomimus.3"
"59","Baryonyx","Baryonyx.1"
"60","Baryonyx","Baryonyx.2"
"61","Baryonyx","Baryonyx.3"
 
* Phylo tree and the main data and strata files have been modified to include duplicated taxa before the scaled random trees are generated.
* Selected categorical labels column: diving.or.not
* diving.or.equal column is identical to Diving column.
* Regression excludes flying taxa.
* Diving labels that are present in regression: 0,2
* lambda (calculated from a random tree) = : 0.07
* index-name alignment check: OK
