Logfile for a session of program: bootstrap_binary.r
-----------------------------------------------------
INPUT:
workDir: C:/dino_nature/output/2023-11-07-D1\bs/set_1481
Nbootstrapsets: 2000
phyloFDAfile: c:/dino_nature/code/phylo.fda.R
auxFile: c:/dino_nature/code/auxiliary.r
boneType: femur
regressionData.file: C:/dino_nature/output/2023-11-07-D1\bs/set_1481/femur_set_1481.csv
applyDataFilter: FALSE
addTreeTips: TRUE
Ntrees: 100
calculateTrees: TRUE
saveTrees: FALSE


OPERATIONAL CHECKS:
* Regression data contains multiple copies of some taxa (user added variants of existing test taxa 
   or replacements due to bootstrap are present) which are not in the phylo tree:
     original taxon,   duplicate   
"1","Okapia_johnstoni","Okapia_johnstoni.1"
"2","Megaloceros_sp","Megaloceros_sp.1"
"3","Rupicapra_rupicapra","Rupicapra_rupicapra.1"
"4","Okapia_johnstoni","Okapia_johnstoni.2"
"5","Loxodonta_africana","Loxodonta_africana.1"
"6","Mus_musculus","Mus_musculus.1"
"7","Euroscaptor_micrura","Euroscaptor_micrura.1"
"8","Uncia_uncia","Uncia_uncia.1"
"9","Ceratotherium_simum","Ceratotherium_simum.1"
"10","Rhynchocyon_petersi","Rhynchocyon_petersi.1"
"11","Sphenodon_punctatus","Sphenodon_punctatus.1"
"12","Porphyrio_hochstetteri","Porphyrio_hochstetteri.1"
"13","Capreolus_capreolus","Capreolus_capreolus.1"
"14","Dicerorhinus_sumatrensis","Dicerorhinus_sumatrensis.1"
"15","Giraffa_camelopardalis","Giraffa_camelopardalis.1"
"16","Lama_guanicoe","Lama_guanicoe.1"
"17","Dicerorhinus_sumatrensis","Dicerorhinus_sumatrensis.2"
"18","Palaeospheniscus","Palaeospheniscus.1"
"19","Neusticosaurus","Neusticosaurus.1"
"20","Hexaprotodon_garyam","Hexaprotodon_garyam.1"
"21","Small_Eocene_penguin","Small_Eocene_penguin.1"
"22","Spheniscus","Spheniscus.1"
"23","Neusticosaurus","Neusticosaurus.2"
"24","Nothosaurus_150","Nothosaurus_150.1"
"25","Tapirus_terrestris","Tapirus_terrestris.1"
"26","Neusticosaurus","Neusticosaurus.3"
"27","Choeropsis_liberiensis","Choeropsis_liberiensis.1"
"28","Desmostylus_hesperus","Desmostylus_hesperus.1"
"29","Micropotamogale_euwenzorii","Micropotamogale_euwenzorii.1"
"30","Rhaeticosaurus","Rhaeticosaurus.1"
"31","Cricosaurus","Cricosaurus.1"
"32","Placodontia_indet_1","Placodontia_indet_1.1"
"33","Nanophoca_vitulinoides","Nanophoca_vitulinoides.1"
"34","Chapsosaurus_","Chapsosaurus_.1"
"35","large_eocene_stem_penguin","large_eocene_stem_penguin.1"
"36","Palaeospheniscus","Palaeospheniscus.2"
"37","Nothosaurus_mirabilis_1","Nothosaurus_mirabilis_1.1"
"38","Tapirus_terrestris","Tapirus_terrestris.2"
"39","Metryorhynchus","Metryorhynchus.1"
"40","Hydromys_chrysogaster","Hydromys_chrysogaster.1"
"41","Spinosaurus_","Spinosaurus_.1"
"42","Spinosaurus_","Spinosaurus_.2"
"43","Spinosaurus_","Spinosaurus_.3"
"44","Spinosaurus_","Spinosaurus_.4"
"45","Spinosaurus_","Spinosaurus_.5"
"46","Spinosaurus_","Spinosaurus_.6"
"47","Spinosaurus_","Spinosaurus_.7"
"48","Spinosaurus_","Spinosaurus_.8"
"49","Spinosaurus_","Spinosaurus_.9"
"50","Spinosaurus_","Spinosaurus_.10"
"51","Spinosaurus_","Spinosaurus_.11"
"52","Suchomimus","Suchomimus.1"
"53","Suchomimus","Suchomimus.2"
"54","Suchomimus","Suchomimus.3"
"55","Baryonyx","Baryonyx.1"
"56","Baryonyx","Baryonyx.2"
"57","Baryonyx","Baryonyx.3"
 
* Phylo tree and the main data and strata files have been modified to include duplicated taxa before the scaled random trees are generated.
* Selected categorical labels column: diving.or.not
* diving.or.equal column is identical to Diving column.
* Regression excludes flying taxa.
* Diving labels that are present in regression: 0,2
* lambda (calculated from a random tree) = : 0.06
* index-name alignment check: OK
