Logfile for a session of program: bootstrap_binary.r
-----------------------------------------------------
INPUT:
workDir: C:/dino_nature/output/2023-11-07-D1\bs/set_1784
Nbootstrapsets: 2000
phyloFDAfile: c:/dino_nature/code/phylo.fda.R
auxFile: c:/dino_nature/code/auxiliary.r
boneType: femur
regressionData.file: C:/dino_nature/output/2023-11-07-D1\bs/set_1784/femur_set_1784.csv
applyDataFilter: FALSE
addTreeTips: TRUE
Ntrees: 100
calculateTrees: TRUE
saveTrees: FALSE


OPERATIONAL CHECKS:
* Regression data contains multiple copies of some taxa (user added variants of existing test taxa 
   or replacements due to bootstrap are present) which are not in the phylo tree:
     original taxon,   duplicate   
"1","Hemiechinus_azurites","Hemiechinus_azurites.1"
"2","Felis_felis","Felis_felis.1"
"3","Syncerus_caffer","Syncerus_caffer.1"
"4","Nyctereutes_procyonoides","Nyctereutes_procyonoides.1"
"5","Dromaius_","Dromaius_.1"
"6","Raphus","Raphus.1"
"7","Tamandua_tetradactyla","Tamandua_tetradactyla.1"
"8","Caloenas_nicobarica","Caloenas_nicobarica.1"
"9","Dama_dama","Dama_dama.1"
"10","Atlantisia_rogersi","Atlantisia_rogersi.1"
"11","Rattus_rattus","Rattus_rattus.1"
"12","Apteryx_australis","Apteryx_australis.1"
"13","Atlantisia_rogersi","Atlantisia_rogersi.2"
"14","Nyctereutes_procyonoides","Nyctereutes_procyonoides.2"
"15","Raphus","Raphus.2"
"16","Rhynchocyon_petersi","Rhynchocyon_petersi.1"
"17","Rynochetus_jubatus","Rynochetus_jubatus.1"
"18","Tenrec_ecaudatus","Tenrec_ecaudatus.1"
"19","Tamandua_tetradactyla","Tamandua_tetradactyla.2"
"20","Syncerus_caffer","Syncerus_caffer.2"
"21","Dama_dama","Dama_dama.2"
"22","Rynochetus_jubatus","Rynochetus_jubatus.2"
"23","large_eocene_stem_penguin","large_eocene_stem_penguin.1"
"24","large_eocene_stem_penguin","large_eocene_stem_penguin.2"
"25","Choeropsis_liberiensis","Choeropsis_liberiensis.1"
"26","Choeropsis_liberiensis","Choeropsis_liberiensis.2"
"27","Chapsosaurus_","Chapsosaurus_.1"
"28","Alligator","Alligator.1"
"29","Alligator","Alligator.2"
"30","Simosaurus","Simosaurus.1"
"31","large_eocene_stem_penguin","large_eocene_stem_penguin.3"
"32","Protochampsidae","Protochampsidae.1"
"33","Pistosaurus","Pistosaurus.1"
"34","Hexaprotodon_garyam","Hexaprotodon_garyam.1"
"35","Castor_fiber","Castor_fiber.1"
"36","Chironectes_minimus","Chironectes_minimus.1"
"37","Choeropsis_liberiensis","Choeropsis_liberiensis.3"
"38","Nothosaurus_150","Nothosaurus_150.1"
"39","Choeropsis_liberiensis","Choeropsis_liberiensis.4"
"40","Castor_fiber","Castor_fiber.2"
"41","Hexaprotodon_garyam","Hexaprotodon_garyam.2"
"42","Anarosaurus","Anarosaurus.1"
"43","Rodhocetus","Rodhocetus.1"
"44","Leptophoca_proxima","Leptophoca_proxima.1"
"45","Spinosaurus_","Spinosaurus_.1"
"46","Spinosaurus_","Spinosaurus_.2"
"47","Spinosaurus_","Spinosaurus_.3"
"48","Spinosaurus_","Spinosaurus_.4"
"49","Spinosaurus_","Spinosaurus_.5"
"50","Spinosaurus_","Spinosaurus_.6"
"51","Spinosaurus_","Spinosaurus_.7"
"52","Spinosaurus_","Spinosaurus_.8"
"53","Spinosaurus_","Spinosaurus_.9"
"54","Spinosaurus_","Spinosaurus_.10"
"55","Spinosaurus_","Spinosaurus_.11"
"56","Suchomimus","Suchomimus.1"
"57","Suchomimus","Suchomimus.2"
"58","Suchomimus","Suchomimus.3"
"59","Baryonyx","Baryonyx.1"
"60","Baryonyx","Baryonyx.2"
"61","Baryonyx","Baryonyx.3"
 
* Phylo tree and the main data and strata files have been modified to include duplicated taxa before the scaled random trees are generated.
* Selected categorical labels column: diving.or.not
* diving.or.equal column is identical to Diving column.
* Regression excludes flying taxa.
* Diving labels that are present in regression: 0,2
* lambda (calculated from a random tree) = : 0.11
* index-name alignment check: OK
