Logfile for a session of program: bootstrap_binary.r
-----------------------------------------------------
INPUT:
workDir: C:/dino_nature/output/2023-11-07-D1\bs/set_109
Nbootstrapsets: 2000
phyloFDAfile: c:/dino_nature/code/phylo.fda.R
auxFile: c:/dino_nature/code/auxiliary.r
boneType: femur
regressionData.file: C:/dino_nature/output/2023-11-07-D1\bs/set_109/femur_set_109.csv
applyDataFilter: FALSE
addTreeTips: TRUE
Ntrees: 100
calculateTrees: TRUE
saveTrees: FALSE


OPERATIONAL CHECKS:
* Regression data contains multiple copies of some taxa (user added variants of existing test taxa 
   or replacements due to bootstrap are present) which are not in the phylo tree:
     original taxon,   duplicate   
"1","Rattus_rattus","Rattus_rattus.1"
"2","Syncerus_caffer","Syncerus_caffer.1"
"3","Tribonyx_mortieri","Tribonyx_mortieri.1"
"4","Rangifer_tarandus","Rangifer_tarandus.1"
"5","Dromaius_","Dromaius_.1"
"6","Porphyrio_hochstetteri","Porphyrio_hochstetteri.1"
"7","Syncerus_caffer","Syncerus_caffer.2"
"8","Sphenodon_punctatus","Sphenodon_punctatus.1"
"9","Myrmecophaga_tridactyla","Myrmecophaga_tridactyla.1"
"10","Rangifer_tarandus","Rangifer_tarandus.2"
"11","Mammuthus_sp","Mammuthus_sp.1"
"12","Tribonyx_mortieri","Tribonyx_mortieri.2"
"13","Felis_felis","Felis_felis.1"
"14","Rattus_rattus","Rattus_rattus.2"
"15","Porphyrio_hochstetteri","Porphyrio_hochstetteri.2"
"16","Rupicapra_rupicapra","Rupicapra_rupicapra.1"
"17","Raphus","Raphus.1"
"18","Myrmecophaga_tridactyla","Myrmecophaga_tridactyla.2"
"19","Mus_musculus","Mus_musculus.1"
"20","Syncerus_caffer","Syncerus_caffer.3"
"21","Mus_musculus","Mus_musculus.2"
"22","Dromaius_","Dromaius_.2"
"23","Felis_felis","Felis_felis.2"
"24","Dromaius_","Dromaius_.3"
"25","Raphus","Raphus.2"
"26","Placodontia_indet_1","Placodontia_indet_1.1"
"27","Hexaprotodon_garyam","Hexaprotodon_garyam.1"
"28","Serpianosaurus","Serpianosaurus.1"
"29","Paraplacodus","Paraplacodus.1"
"30","Palaeospheniscus","Palaeospheniscus.1"
"31","Palaeospheniscus","Palaeospheniscus.2"
"32","Hexaprotodon_garyam","Hexaprotodon_garyam.2"
"33","Alligator","Alligator.1"
"34","Maiacetus","Maiacetus.1"
"35","Placondontia_indet","Placondontia_indet.1"
"36","Paraplacodus","Paraplacodus.2"
"37","Serpianosaurus","Serpianosaurus.2"
"38","Placondontia_indet","Placondontia_indet.2"
"39","Palaeospheniscus","Palaeospheniscus.3"
"40","Nothosaurus_giganteus","Nothosaurus_giganteus.1"
"41","Desmostylus_hesperus","Desmostylus_hesperus.1"
"42","Simosaurus_1","Simosaurus_1.1"
"43","Serpianosaurus","Serpianosaurus.3"
"44","Nothosaurus_mirabilis","Nothosaurus_mirabilis.1"
"45","Nothosaurus_mirabilis","Nothosaurus_mirabilis.2"
"46","Ichtyosaur_sp","Ichtyosaur_sp.1"
"47","Simosaurus","Simosaurus.1"
"48","Alligator","Alligator.2"
"49","Simosaurus","Simosaurus.2"
"50","Paraplacodus","Paraplacodus.3"
"51","Spinosaurus_","Spinosaurus_.1"
"52","Spinosaurus_","Spinosaurus_.2"
"53","Spinosaurus_","Spinosaurus_.3"
"54","Spinosaurus_","Spinosaurus_.4"
"55","Spinosaurus_","Spinosaurus_.5"
"56","Spinosaurus_","Spinosaurus_.6"
"57","Spinosaurus_","Spinosaurus_.7"
"58","Spinosaurus_","Spinosaurus_.8"
"59","Spinosaurus_","Spinosaurus_.9"
"60","Spinosaurus_","Spinosaurus_.10"
"61","Spinosaurus_","Spinosaurus_.11"
"62","Suchomimus","Suchomimus.1"
"63","Suchomimus","Suchomimus.2"
"64","Suchomimus","Suchomimus.3"
"65","Baryonyx","Baryonyx.1"
"66","Baryonyx","Baryonyx.2"
"67","Baryonyx","Baryonyx.3"
 
* Phylo tree and the main data and strata files have been modified to include duplicated taxa before the scaled random trees are generated.
* Selected categorical labels column: diving.or.not
* diving.or.equal column is identical to Diving column.
* Regression excludes flying taxa.
* Diving labels that are present in regression: 0,2
* lambda (calculated from a random tree) = : 0.11
* index-name alignment check: OK
