Logfile for a session of program: bootstrap_binary.r
-----------------------------------------------------
INPUT:
workDir: C:/dino_nature/output/2023-11-07-D1\bs/set_133
Nbootstrapsets: 2000
phyloFDAfile: c:/dino_nature/code/phylo.fda.R
auxFile: c:/dino_nature/code/auxiliary.r
boneType: femur
regressionData.file: C:/dino_nature/output/2023-11-07-D1\bs/set_133/femur_set_133.csv
applyDataFilter: FALSE
addTreeTips: TRUE
Ntrees: 100
calculateTrees: TRUE
saveTrees: FALSE


OPERATIONAL CHECKS:
* Regression data contains multiple copies of some taxa (user added variants of existing test taxa 
   or replacements due to bootstrap are present) which are not in the phylo tree:
     original taxon,   duplicate   
"1","Dama_dama","Dama_dama.1"
"2","Vulpes_vulpes","Vulpes_vulpes.1"
"3","Lama_guanicoe","Lama_guanicoe.1"
"4","Brachyodus_onoideum","Brachyodus_onoideum.1"
"5","Uncia_uncia","Uncia_uncia.1"
"6","Lama_guanicoe","Lama_guanicoe.2"
"7","Paguma_larvata","Paguma_larvata.1"
"8","Alces_americanus","Alces_americanus.1"
"9","Lama_guanicoe","Lama_guanicoe.3"
"10","Rhinoceros_sondaicus","Rhinoceros_sondaicus.1"
"11","Dama_dama","Dama_dama.2"
"12","Elephas_maximus","Elephas_maximus.1"
"13","Tamandua_tetradactyla","Tamandua_tetradactyla.1"
"14","Atlantisia_rogersi","Atlantisia_rogersi.1"
"15","Atlantisia_rogersi","Atlantisia_rogersi.2"
"16","Giraffa_camelopardalis","Giraffa_camelopardalis.1"
"17","Lama_guanicoe","Lama_guanicoe.4"
"18","Capreolus_capreolus","Capreolus_capreolus.1"
"19","Capreolus_capreolus","Capreolus_capreolus.2"
"20","Giraffa_camelopardalis","Giraffa_camelopardalis.2"
"21","Giraffa_camelopardalis","Giraffa_camelopardalis.3"
"22","Lacerta_viridis","Lacerta_viridis.1"
"23","Diplomesodon_pulchellum","Diplomesodon_pulchellum.1"
"24","Remingtonocetus","Remingtonocetus.1"
"25","Simosaurus_1","Simosaurus_1.1"
"26","Hydromys_chrysogaster","Hydromys_chrysogaster.1"
"27","Phalacrocorax_harrisi","Phalacrocorax_harrisi.1"
"28","Caiman_yacare","Caiman_yacare.1"
"29","Hydromys_chrysogaster","Hydromys_chrysogaster.2"
"30","Remingtonocetus","Remingtonocetus.2"
"31","Alligator","Alligator.1"
"32","Placodontia_indet_1","Placodontia_indet_1.1"
"33","Aptenodytes______","Aptenodytes______.1"
"34","Nothosaurus_150","Nothosaurus_150.1"
"35","Noemys_fodies","Noemys_fodies.1"
"36","Phalacrocorax_harrisi","Phalacrocorax_harrisi.2"
"37","Hesperornis","Hesperornis.1"
"38","Simosaurus_1","Simosaurus_1.2"
"39","Desmana_moschata","Desmana_moschata.1"
"40","Placodontia_indet_1","Placodontia_indet_1.2"
"41","Hesperornis","Hesperornis.2"
"42","Nothosaurus_giganteus","Nothosaurus_giganteus.1"
"43","Champsosaurus","Champsosaurus.1"
"44","Hydromys_chrysogaster","Hydromys_chrysogaster.3"
"45","Nothosaurus_mirabilis_1","Nothosaurus_mirabilis_1.1"
"46","Spinosaurus_","Spinosaurus_.1"
"47","Spinosaurus_","Spinosaurus_.2"
"48","Spinosaurus_","Spinosaurus_.3"
"49","Spinosaurus_","Spinosaurus_.4"
"50","Spinosaurus_","Spinosaurus_.5"
"51","Spinosaurus_","Spinosaurus_.6"
"52","Spinosaurus_","Spinosaurus_.7"
"53","Spinosaurus_","Spinosaurus_.8"
"54","Spinosaurus_","Spinosaurus_.9"
"55","Spinosaurus_","Spinosaurus_.10"
"56","Spinosaurus_","Spinosaurus_.11"
"57","Suchomimus","Suchomimus.1"
"58","Suchomimus","Suchomimus.2"
"59","Suchomimus","Suchomimus.3"
"60","Baryonyx","Baryonyx.1"
"61","Baryonyx","Baryonyx.2"
"62","Baryonyx","Baryonyx.3"
 
* Phylo tree and the main data and strata files have been modified to include duplicated taxa before the scaled random trees are generated.
* Selected categorical labels column: diving.or.not
* diving.or.equal column is identical to Diving column.
* Regression excludes flying taxa.
* Diving labels that are present in regression: 0,2
* lambda (calculated from a random tree) = : 0.11
* index-name alignment check: OK
