Logfile for a session of program: bootstrap_binary.r
-----------------------------------------------------
INPUT:
workDir: C:/dino_nature/output/2023-11-07-D1\bs/set_869
Nbootstrapsets: 2000
phyloFDAfile: c:/dino_nature/code/phylo.fda.R
auxFile: c:/dino_nature/code/auxiliary.r
boneType: femur
regressionData.file: C:/dino_nature/output/2023-11-07-D1\bs/set_869/femur_set_869.csv
applyDataFilter: FALSE
addTreeTips: TRUE
Ntrees: 100
calculateTrees: TRUE
saveTrees: FALSE


OPERATIONAL CHECKS:
* Regression data contains multiple copies of some taxa (user added variants of existing test taxa 
   or replacements due to bootstrap are present) which are not in the phylo tree:
     original taxon,   duplicate   
"1","Strigiops_habroptilus","Strigiops_habroptilus.1"
"2","Paguma_larvata","Paguma_larvata.1"
"3","Porphyrio_hochstetteri","Porphyrio_hochstetteri.1"
"4","Rangifer_tarandus","Rangifer_tarandus.1"
"5","Porphyrio_hochstetteri","Porphyrio_hochstetteri.2"
"6","Myrmecophaga_tridactyla","Myrmecophaga_tridactyla.1"
"7","Loxodonta_africana","Loxodonta_africana.1"
"8","Meles_meles","Meles_meles.1"
"9","Felis_felis","Felis_felis.1"
"10","Syncerus_caffer","Syncerus_caffer.1"
"11","Apteryx_owenii_","Apteryx_owenii_.1"
"12","Dasyurus_maculatus","Dasyurus_maculatus.1"
"13","Caloenas_nicobarica","Caloenas_nicobarica.1"
"14","Dama_dama","Dama_dama.1"
"15","Elomeryx_borbonicus_","Elomeryx_borbonicus_.1"
"16","Pogona_viceps","Pogona_viceps.1"
"17","Loxodonta_africana","Loxodonta_africana.2"
"18","Procyon_lotor","Procyon_lotor.1"
"19","Bos_taurus","Bos_taurus.1"
"20","Myrmecophaga_tridactyla","Myrmecophaga_tridactyla.2"
"21","Paguma_larvata","Paguma_larvata.2"
"22","Basilosaurus","Basilosaurus.1"
"23","Hydromys_chrysogaster","Hydromys_chrysogaster.1"
"24","Rodhocetus","Rodhocetus.1"
"25","Noemys_fodies","Noemys_fodies.1"
"26","Chapsosaurus_","Chapsosaurus_.1"
"27","Maiacetus","Maiacetus.1"
"28","Neusticosaurus","Neusticosaurus.1"
"29","Spheniscus","Spheniscus.1"
"30","Hydromys_chrysogaster","Hydromys_chrysogaster.2"
"31","Spheniscus","Spheniscus.2"
"32","Chapsosaurus_","Chapsosaurus_.2"
"33","Dyrosaurid","Dyrosaurid.1"
"34","Otaria_byronia","Otaria_byronia.1"
"35","Hippopotamus_amphibius","Hippopotamus_amphibius.1"
"36","Hippopotamus_amphibius","Hippopotamus_amphibius.2"
"37","Hippopotamus_amphibius","Hippopotamus_amphibius.3"
"38","large_eocene_stem_penguin","large_eocene_stem_penguin.1"
"39","Pistosaurus","Pistosaurus.1"
"40","Otaria_byronia","Otaria_byronia.2"
"41","Aptenodytes______","Aptenodytes______.1"
"42","Nothosaurus_mirabilis_1","Nothosaurus_mirabilis_1.1"
"43","Cryptoclidus","Cryptoclidus.1"
"44","Indohyus","Indohyus.1"
"45","Spinosaurus_","Spinosaurus_.1"
"46","Spinosaurus_","Spinosaurus_.2"
"47","Spinosaurus_","Spinosaurus_.3"
"48","Spinosaurus_","Spinosaurus_.4"
"49","Spinosaurus_","Spinosaurus_.5"
"50","Spinosaurus_","Spinosaurus_.6"
"51","Spinosaurus_","Spinosaurus_.7"
"52","Spinosaurus_","Spinosaurus_.8"
"53","Spinosaurus_","Spinosaurus_.9"
"54","Spinosaurus_","Spinosaurus_.10"
"55","Spinosaurus_","Spinosaurus_.11"
"56","Suchomimus","Suchomimus.1"
"57","Suchomimus","Suchomimus.2"
"58","Suchomimus","Suchomimus.3"
"59","Baryonyx","Baryonyx.1"
"60","Baryonyx","Baryonyx.2"
"61","Baryonyx","Baryonyx.3"
 
* Phylo tree and the main data and strata files have been modified to include duplicated taxa before the scaled random trees are generated.
* Selected categorical labels column: diving.or.not
* diving.or.equal column is identical to Diving column.
* Regression excludes flying taxa.
* Diving labels that are present in regression: 0,2
* lambda (calculated from a random tree) = : 0.13
* index-name alignment check: OK
