Logfile for a session of program: bootstrap_binary.r
-----------------------------------------------------
INPUT:
workDir: C:/dino_nature/output/2023-11-07-D1\bs/set_572
Nbootstrapsets: 2000
phyloFDAfile: c:/dino_nature/code/phylo.fda.R
auxFile: c:/dino_nature/code/auxiliary.r
boneType: femur
regressionData.file: C:/dino_nature/output/2023-11-07-D1\bs/set_572/femur_set_572.csv
applyDataFilter: FALSE
addTreeTips: TRUE
Ntrees: 100
calculateTrees: TRUE
saveTrees: FALSE


OPERATIONAL CHECKS:
* Regression data contains multiple copies of some taxa (user added variants of existing test taxa 
   or replacements due to bootstrap are present) which are not in the phylo tree:
     original taxon,   duplicate   
"1","Dama_dama","Dama_dama.1"
"2","Dama_dama","Dama_dama.2"
"3","Giraffa_camelopardalis","Giraffa_camelopardalis.1"
"4","Megaloceros_sp","Megaloceros_sp.1"
"5","Lacerta_viridis","Lacerta_viridis.1"
"6","Strigiops_habroptilus","Strigiops_habroptilus.1"
"7","Rangifer_tarandus","Rangifer_tarandus.1"
"8","Tribonyx_mortieri","Tribonyx_mortieri.1"
"9","Vulpes_vulpes","Vulpes_vulpes.1"
"10","Giraffa_camelopardalis","Giraffa_camelopardalis.2"
"11","Myrmecophaga_tridactyla","Myrmecophaga_tridactyla.1"
"12","Dasyurus_maculatus","Dasyurus_maculatus.1"
"13","Loxodonta_africana","Loxodonta_africana.1"
"14","Strigiops_habroptilus","Strigiops_habroptilus.2"
"15","Lacerta_viridis","Lacerta_viridis.2"
"16","Ceratotherium_simum","Ceratotherium_simum.1"
"17","Diplomesodon_pulchellum","Diplomesodon_pulchellum.1"
"18","Strigiops_habroptilus","Strigiops_habroptilus.3"
"19","Brachyodus_onoideum","Brachyodus_onoideum.1"
"20","Rodhocetus","Rodhocetus.1"
"21","Paraplacodus","Paraplacodus.1"
"22","Neusticosaurus","Neusticosaurus.1"
"23","Choeropsis_liberiensis","Choeropsis_liberiensis.1"
"24","Callophoca_obscura","Callophoca_obscura.1"
"25","Palaeospheniscus","Palaeospheniscus.1"
"26","Neusticosaurus","Neusticosaurus.2"
"27","Aptenodytes______","Aptenodytes______.1"
"28","Cryptoclidus","Cryptoclidus.1"
"29","Simosaurus","Simosaurus.1"
"30","Nothosaurus_568","Nothosaurus_568.1"
"31","Paraplacodus","Paraplacodus.2"
"32","Cryptoclidus","Cryptoclidus.2"
"33","Aptenodytes______","Aptenodytes______.2"
"34","Rodhocetus","Rodhocetus.2"
"35","Pistosaurus","Pistosaurus.1"
"36","Psephoderma","Psephoderma.1"
"37","Nothosaurus_150","Nothosaurus_150.1"
"38","Ichtyosaurus_","Ichtyosaurus_.1"
"39","Cryptoclidus","Cryptoclidus.3"
"40","Spinosaurus_","Spinosaurus_.1"
"41","Spinosaurus_","Spinosaurus_.2"
"42","Spinosaurus_","Spinosaurus_.3"
"43","Spinosaurus_","Spinosaurus_.4"
"44","Spinosaurus_","Spinosaurus_.5"
"45","Spinosaurus_","Spinosaurus_.6"
"46","Spinosaurus_","Spinosaurus_.7"
"47","Spinosaurus_","Spinosaurus_.8"
"48","Spinosaurus_","Spinosaurus_.9"
"49","Spinosaurus_","Spinosaurus_.10"
"50","Spinosaurus_","Spinosaurus_.11"
"51","Suchomimus","Suchomimus.1"
"52","Suchomimus","Suchomimus.2"
"53","Suchomimus","Suchomimus.3"
"54","Baryonyx","Baryonyx.1"
"55","Baryonyx","Baryonyx.2"
"56","Baryonyx","Baryonyx.3"
 
* Phylo tree and the main data and strata files have been modified to include duplicated taxa before the scaled random trees are generated.
* Selected categorical labels column: diving.or.not
* diving.or.equal column is identical to Diving column.
* Regression excludes flying taxa.
* Diving labels that are present in regression: 0,2
* lambda (calculated from a random tree) = : 0.11
* index-name alignment check: OK
