Logfile for a session of program: bootstrap_binary.r
-----------------------------------------------------
INPUT:
workDir: C:/dino_nature/output/2023-11-07-D1\bs/set_1219
Nbootstrapsets: 2000
phyloFDAfile: c:/dino_nature/code/phylo.fda.R
auxFile: c:/dino_nature/code/auxiliary.r
boneType: femur
regressionData.file: C:/dino_nature/output/2023-11-07-D1\bs/set_1219/femur_set_1219.csv
applyDataFilter: FALSE
addTreeTips: TRUE
Ntrees: 100
calculateTrees: TRUE
saveTrees: FALSE


OPERATIONAL CHECKS:
* Regression data contains multiple copies of some taxa (user added variants of existing test taxa 
   or replacements due to bootstrap are present) which are not in the phylo tree:
     original taxon,   duplicate   
"1","Raphus","Raphus.1"
"2","Procyon_lotor","Procyon_lotor.1"
"3","Caloenas_nicobarica","Caloenas_nicobarica.1"
"4","Sus_scrofa","Sus_scrofa.1"
"5","Procavia_capensis","Procavia_capensis.1"
"6","Giraffa_camelopardalis","Giraffa_camelopardalis.1"
"7","Caloenas_nicobarica","Caloenas_nicobarica.2"
"8","Raphus","Raphus.2"
"9","Procavia_capensis","Procavia_capensis.2"
"10","Sus_scrofa","Sus_scrofa.2"
"11","Dasyurus_maculatus","Dasyurus_maculatus.1"
"12","Procyon_lotor","Procyon_lotor.2"
"13","Sus_scrofa","Sus_scrofa.3"
"14","Caloenas_nicobarica","Caloenas_nicobarica.3"
"15","Porphyrio_hochstetteri","Porphyrio_hochstetteri.1"
"16","Tenrec_ecaudatus","Tenrec_ecaudatus.1"
"17","Meles_meles","Meles_meles.1"
"18","Giraffa_camelopardalis","Giraffa_camelopardalis.2"
"19","Pogona_viceps","Pogona_viceps.1"
"20","Bos_taurus","Bos_taurus.1"
"21","Hemiechinus_azurites","Hemiechinus_azurites.1"
"22","Diplomesodon_pulchellum","Diplomesodon_pulchellum.1"
"23","Porphyrio_hochstetteri","Porphyrio_hochstetteri.2"
"24","Rangifer_tarandus","Rangifer_tarandus.1"
"25","Paraplacodus","Paraplacodus.1"
"26","Psephoderma","Psephoderma.1"
"27","Psephoderma","Psephoderma.2"
"28","Spheniscus","Spheniscus.1"
"29","Hexaprotodon_garyam","Hexaprotodon_garyam.1"
"30","Remingtonocetus","Remingtonocetus.1"
"31","Placodontia_indet_1","Placodontia_indet_1.1"
"32","Simosaurus_1","Simosaurus_1.1"
"33","Caiman_yacare","Caiman_yacare.1"
"34","Paraplacodus","Paraplacodus.2"
"35","Paraplacodus","Paraplacodus.3"
"36","Nanophoca_vitulinoides","Nanophoca_vitulinoides.1"
"37","Rhaeticosaurus","Rhaeticosaurus.1"
"38","Paraplacodus","Paraplacodus.4"
"39","Spheniscus","Spheniscus.2"
"40","Phocanella_pumila","Phocanella_pumila.1"
"41","Rhaeticosaurus","Rhaeticosaurus.2"
"42","Hexaprotodon_garyam","Hexaprotodon_garyam.2"
"43","Aptenodytes______","Aptenodytes______.1"
"44","Nothosaurus_mirabilis","Nothosaurus_mirabilis.1"
"45","Paraplacodus","Paraplacodus.5"
"46","Paraplacodus","Paraplacodus.6"
"47","Caiman_yacare","Caiman_yacare.2"
"48","Nanophoca_vitulinoides","Nanophoca_vitulinoides.2"
"49","Spinosaurus_","Spinosaurus_.1"
"50","Spinosaurus_","Spinosaurus_.2"
"51","Spinosaurus_","Spinosaurus_.3"
"52","Spinosaurus_","Spinosaurus_.4"
"53","Spinosaurus_","Spinosaurus_.5"
"54","Spinosaurus_","Spinosaurus_.6"
"55","Spinosaurus_","Spinosaurus_.7"
"56","Spinosaurus_","Spinosaurus_.8"
"57","Spinosaurus_","Spinosaurus_.9"
"58","Spinosaurus_","Spinosaurus_.10"
"59","Spinosaurus_","Spinosaurus_.11"
"60","Suchomimus","Suchomimus.1"
"61","Suchomimus","Suchomimus.2"
"62","Suchomimus","Suchomimus.3"
"63","Baryonyx","Baryonyx.1"
"64","Baryonyx","Baryonyx.2"
"65","Baryonyx","Baryonyx.3"
 
* Phylo tree and the main data and strata files have been modified to include duplicated taxa before the scaled random trees are generated.
* Selected categorical labels column: diving.or.not
* diving.or.equal column is identical to Diving column.
* Regression excludes flying taxa.
* Diving labels that are present in regression: 0,2
* lambda (calculated from a random tree) = : 0.1
* index-name alignment check: OK
