Logfile for a session of program: bootstrap_binary.r
-----------------------------------------------------
INPUT:
workDir: C:/dino_nature/output/2023-11-07-D1\bs/set_1303
Nbootstrapsets: 2000
phyloFDAfile: c:/dino_nature/code/phylo.fda.R
auxFile: c:/dino_nature/code/auxiliary.r
boneType: femur
regressionData.file: C:/dino_nature/output/2023-11-07-D1\bs/set_1303/femur_set_1303.csv
applyDataFilter: FALSE
addTreeTips: TRUE
Ntrees: 100
calculateTrees: TRUE
saveTrees: FALSE


OPERATIONAL CHECKS:
* Regression data contains multiple copies of some taxa (user added variants of existing test taxa 
   or replacements due to bootstrap are present) which are not in the phylo tree:
     original taxon,   duplicate   
"1","Myrmecophaga_tridactyla","Myrmecophaga_tridactyla.1"
"2","Rangifer_tarandus","Rangifer_tarandus.1"
"3","Rhynchocyon_petersi","Rhynchocyon_petersi.1"
"4","Rangifer_tarandus","Rangifer_tarandus.2"
"5","Lacerta_viridis","Lacerta_viridis.1"
"6","Rhynchocyon_petersi","Rhynchocyon_petersi.2"
"7","Ceratotherium_simum","Ceratotherium_simum.1"
"8","Pogona_viceps","Pogona_viceps.1"
"9","Elomeryx_borbonicus_","Elomeryx_borbonicus_.1"
"10","Sus_scrofa","Sus_scrofa.1"
"11","Diplomesodon_pulchellum","Diplomesodon_pulchellum.1"
"12","Capreolus_capreolus","Capreolus_capreolus.1"
"13","Rynochetus_jubatus","Rynochetus_jubatus.1"
"14","Strigiops_habroptilus","Strigiops_habroptilus.1"
"15","Vulpes_vulpes","Vulpes_vulpes.1"
"16","Mustela_nivalis","Mustela_nivalis.1"
"17","Rhynchocyon_petersi","Rhynchocyon_petersi.3"
"18","Megaloceros_sp","Megaloceros_sp.1"
"19","Basilosaurus","Basilosaurus.1"
"20","Remingtonocetus","Remingtonocetus.1"
"21","Desmostylus_hesperus","Desmostylus_hesperus.1"
"22","Metryorhynchus","Metryorhynchus.1"
"23","Phocanella_pumila","Phocanella_pumila.1"
"24","Hydromys_chrysogaster","Hydromys_chrysogaster.1"
"25","Metryorhynchus","Metryorhynchus.2"
"26","Protochampsidae","Protochampsidae.1"
"27","Placondontia_indet","Placondontia_indet.1"
"28","Chironectes_minimus","Chironectes_minimus.1"
"29","Nothosaurus_568","Nothosaurus_568.1"
"30","Indohyus","Indohyus.1"
"31","Hydromys_chrysogaster","Hydromys_chrysogaster.2"
"32","Nothosaurus_568","Nothosaurus_568.2"
"33","Chironectes_minimus","Chironectes_minimus.2"
"34","Chironectes_minimus","Chironectes_minimus.3"
"35","Hydromys_chrysogaster","Hydromys_chrysogaster.3"
"36","Cryptoclidus","Cryptoclidus.1"
"37","Micropotamogale_euwenzorii","Micropotamogale_euwenzorii.1"
"38","Basilosaurus","Basilosaurus.2"
"39","Otaria_byronia","Otaria_byronia.1"
"40","Pistosaurus","Pistosaurus.1"
"41","Simosaurus","Simosaurus.1"
"42","Spinosaurus_","Spinosaurus_.1"
"43","Spinosaurus_","Spinosaurus_.2"
"44","Spinosaurus_","Spinosaurus_.3"
"45","Spinosaurus_","Spinosaurus_.4"
"46","Spinosaurus_","Spinosaurus_.5"
"47","Spinosaurus_","Spinosaurus_.6"
"48","Spinosaurus_","Spinosaurus_.7"
"49","Spinosaurus_","Spinosaurus_.8"
"50","Spinosaurus_","Spinosaurus_.9"
"51","Spinosaurus_","Spinosaurus_.10"
"52","Spinosaurus_","Spinosaurus_.11"
"53","Suchomimus","Suchomimus.1"
"54","Suchomimus","Suchomimus.2"
"55","Suchomimus","Suchomimus.3"
"56","Baryonyx","Baryonyx.1"
"57","Baryonyx","Baryonyx.2"
"58","Baryonyx","Baryonyx.3"
 
* Phylo tree and the main data and strata files have been modified to include duplicated taxa before the scaled random trees are generated.
* Selected categorical labels column: diving.or.not
* diving.or.equal column is identical to Diving column.
* Regression excludes flying taxa.
* Diving labels that are present in regression: 0,2
* lambda (calculated from a random tree) = : 0.07
* index-name alignment check: OK
