Logfile for a session of program: bootstrap_binary.r
-----------------------------------------------------
INPUT:
workDir: C:/dino_nature/output/2023-11-07-D1\bs/set_1567
Nbootstrapsets: 2000
phyloFDAfile: c:/dino_nature/code/phylo.fda.R
auxFile: c:/dino_nature/code/auxiliary.r
boneType: femur
regressionData.file: C:/dino_nature/output/2023-11-07-D1\bs/set_1567/femur_set_1567.csv
applyDataFilter: FALSE
addTreeTips: TRUE
Ntrees: 100
calculateTrees: TRUE
saveTrees: FALSE


OPERATIONAL CHECKS:
* Regression data contains multiple copies of some taxa (user added variants of existing test taxa 
   or replacements due to bootstrap are present) which are not in the phylo tree:
     original taxon,   duplicate   
"1","Raphus","Raphus.1"
"2","Sphenodon_punctatus","Sphenodon_punctatus.1"
"3","Rynochetus_jubatus","Rynochetus_jubatus.1"
"4","Rangifer_tarandus","Rangifer_tarandus.1"
"5","Rupicapra_rupicapra","Rupicapra_rupicapra.1"
"6","Sphenodon_punctatus","Sphenodon_punctatus.2"
"7","Mus_musculus","Mus_musculus.1"
"8","Atlantisia_rogersi","Atlantisia_rogersi.1"
"9","Felis_felis","Felis_felis.1"
"10","Mustela_nivalis","Mustela_nivalis.1"
"11","Rynochetus_jubatus","Rynochetus_jubatus.2"
"12","Pogona_viceps","Pogona_viceps.1"
"13","Mustela_nivalis","Mustela_nivalis.2"
"14","Bos_taurus","Bos_taurus.1"
"15","Raphus","Raphus.2"
"16","Tamandua_tetradactyla","Tamandua_tetradactyla.1"
"17","Rupicapra_rupicapra","Rupicapra_rupicapra.2"
"18","Tamandua_tetradactyla","Tamandua_tetradactyla.2"
"19","Mustela_nivalis","Mustela_nivalis.3"
"20","Sus_scrofa","Sus_scrofa.1"
"21","Sphenodon_punctatus","Sphenodon_punctatus.3"
"22","Bison_bonasus","Bison_bonasus.1"
"23","Spheniscus","Spheniscus.1"
"24","Pistosaurus","Pistosaurus.1"
"25","Nothosaurus_150","Nothosaurus_150.1"
"26","Nothosaurus_150","Nothosaurus_150.2"
"27","Nothosaurus_102","Nothosaurus_102.1"
"28","Serpianosaurus","Serpianosaurus.1"
"29","Plesiosaurus","Plesiosaurus.1"
"30","Placondontia_indet","Placondontia_indet.1"
"31","Champsosaurus","Champsosaurus.1"
"32","Nothosaurus_150","Nothosaurus_150.3"
"33","Serpianosaurus","Serpianosaurus.2"
"34","Phocanella_pumila","Phocanella_pumila.1"
"35","Plesiosaurus","Plesiosaurus.2"
"36","Ichtyosaurus_","Ichtyosaurus_.1"
"37","Dyrosaurid","Dyrosaurid.1"
"38","Champsosaurus","Champsosaurus.2"
"39","Remingtonocetus","Remingtonocetus.1"
"40","Hippopotamus_amphibius","Hippopotamus_amphibius.1"
"41","Spinosaurus_","Spinosaurus_.1"
"42","Spinosaurus_","Spinosaurus_.2"
"43","Spinosaurus_","Spinosaurus_.3"
"44","Spinosaurus_","Spinosaurus_.4"
"45","Spinosaurus_","Spinosaurus_.5"
"46","Spinosaurus_","Spinosaurus_.6"
"47","Spinosaurus_","Spinosaurus_.7"
"48","Spinosaurus_","Spinosaurus_.8"
"49","Spinosaurus_","Spinosaurus_.9"
"50","Spinosaurus_","Spinosaurus_.10"
"51","Spinosaurus_","Spinosaurus_.11"
"52","Suchomimus","Suchomimus.1"
"53","Suchomimus","Suchomimus.2"
"54","Suchomimus","Suchomimus.3"
"55","Baryonyx","Baryonyx.1"
"56","Baryonyx","Baryonyx.2"
"57","Baryonyx","Baryonyx.3"
 
* Phylo tree and the main data and strata files have been modified to include duplicated taxa before the scaled random trees are generated.
* Selected categorical labels column: diving.or.not
* diving.or.equal column is identical to Diving column.
* Regression excludes flying taxa.
* Diving labels that are present in regression: 0,2
* lambda (calculated from a random tree) = : 0.1
* index-name alignment check: OK
