Logfile for a session of program: bootstrap_binary.r
-----------------------------------------------------
INPUT:
workDir: C:/dino_nature/output/2023-11-07-D1\bs/set_15
Nbootstrapsets: 2000
phyloFDAfile: c:/dino_nature/code/phylo.fda.R
auxFile: c:/dino_nature/code/auxiliary.r
boneType: femur
regressionData.file: C:/dino_nature/output/2023-11-07-D1\bs/set_15/femur_set_15.csv
applyDataFilter: FALSE
addTreeTips: TRUE
Ntrees: 100
calculateTrees: TRUE
saveTrees: FALSE


OPERATIONAL CHECKS:
* Regression data contains multiple copies of some taxa (user added variants of existing test taxa 
   or replacements due to bootstrap are present) which are not in the phylo tree:
     original taxon,   duplicate   
"1","Strigiops_habroptilus","Strigiops_habroptilus.1"
"2","Syncerus_caffer","Syncerus_caffer.1"
"3","Dicerorhinus_sumatrensis","Dicerorhinus_sumatrensis.1"
"4","Microgale_thomasi","Microgale_thomasi.1"
"5","Strigiops_habroptilus","Strigiops_habroptilus.2"
"6","Dicerorhinus_sumatrensis","Dicerorhinus_sumatrensis.2"
"7","Meles_meles","Meles_meles.1"
"8","Cephalophus_silvicultor","Cephalophus_silvicultor.1"
"9","Megaloceros_sp","Megaloceros_sp.1"
"10","Dasyurus_maculatus","Dasyurus_maculatus.1"
"11","Taxidea_taxus","Taxidea_taxus.1"
"12","Dasyurus_maculatus","Dasyurus_maculatus.2"
"13","Cephalophus_silvicultor","Cephalophus_silvicultor.2"
"14","Monodelphis_domestica","Monodelphis_domestica.1"
"15","Mus_musculus","Mus_musculus.1"
"16","Phalacrocorax_harrisi","Phalacrocorax_harrisi.1"
"17","Paraplacodus","Paraplacodus.1"
"18","Ichtyosaur_sp","Ichtyosaur_sp.1"
"19","Dyrosaurid","Dyrosaurid.1"
"20","Remingtonocetus","Remingtonocetus.1"
"21","Placondontia_indet","Placondontia_indet.1"
"22","Dyrosaurid","Dyrosaurid.2"
"23","Remingtonocetus","Remingtonocetus.2"
"24","Dyrosaurid","Dyrosaurid.3"
"25","Palaeospheniscus","Palaeospheniscus.1"
"26","Callophoca_obscura","Callophoca_obscura.1"
"27","Phocanella_pumila","Phocanella_pumila.1"
"28","Metryorhynchus","Metryorhynchus.1"
"29","Chapsosaurus_","Chapsosaurus_.1"
"30","Indohyus","Indohyus.1"
"31","Aptenodytes______","Aptenodytes______.1"
"32","Phocanella_pumila","Phocanella_pumila.2"
"33","Leptophoca_proxima","Leptophoca_proxima.1"
"34","Small_Eocene_penguin","Small_Eocene_penguin.1"
"35","Spinosaurus_","Spinosaurus_.1"
"36","Spinosaurus_","Spinosaurus_.2"
"37","Spinosaurus_","Spinosaurus_.3"
"38","Spinosaurus_","Spinosaurus_.4"
"39","Spinosaurus_","Spinosaurus_.5"
"40","Spinosaurus_","Spinosaurus_.6"
"41","Spinosaurus_","Spinosaurus_.7"
"42","Spinosaurus_","Spinosaurus_.8"
"43","Spinosaurus_","Spinosaurus_.9"
"44","Spinosaurus_","Spinosaurus_.10"
"45","Spinosaurus_","Spinosaurus_.11"
"46","Suchomimus","Suchomimus.1"
"47","Suchomimus","Suchomimus.2"
"48","Suchomimus","Suchomimus.3"
"49","Baryonyx","Baryonyx.1"
"50","Baryonyx","Baryonyx.2"
"51","Baryonyx","Baryonyx.3"
 
* Phylo tree and the main data and strata files have been modified to include duplicated taxa before the scaled random trees are generated.
* Selected categorical labels column: diving.or.not
* diving.or.equal column is identical to Diving column.
* Regression excludes flying taxa.
* Diving labels that are present in regression: 0,2
* lambda (calculated from a random tree) = : 0.11
* index-name alignment check: OK
