Logfile for a session of program: bootstrap_binary.r
-----------------------------------------------------
INPUT:
workDir: C:/dino_nature/output/2023-11-07-D1\bs/set_1676
Nbootstrapsets: 2000
phyloFDAfile: c:/dino_nature/code/phylo.fda.R
auxFile: c:/dino_nature/code/auxiliary.r
boneType: femur
regressionData.file: C:/dino_nature/output/2023-11-07-D1\bs/set_1676/femur_set_1676.csv
applyDataFilter: FALSE
addTreeTips: TRUE
Ntrees: 100
calculateTrees: TRUE
saveTrees: FALSE


OPERATIONAL CHECKS:
* Regression data contains multiple copies of some taxa (user added variants of existing test taxa 
   or replacements due to bootstrap are present) which are not in the phylo tree:
     original taxon,   duplicate   
"1","Sus_scrofa","Sus_scrofa.1"
"2","Sus_scrofa","Sus_scrofa.2"
"3","Sus_scrofa","Sus_scrofa.3"
"4","Myrmecophaga_tridactyla","Myrmecophaga_tridactyla.1"
"5","Dromaius_","Dromaius_.1"
"6","Mus_musculus","Mus_musculus.1"
"7","Microgale_thomasi","Microgale_thomasi.1"
"8","Procavia_capensis","Procavia_capensis.1"
"9","Myrmecophaga_tridactyla","Myrmecophaga_tridactyla.2"
"10","Rangifer_tarandus","Rangifer_tarandus.1"
"11","Elomeryx_borbonicus_","Elomeryx_borbonicus_.1"
"12","Atlantisia_rogersi","Atlantisia_rogersi.1"
"13","Myrmecophaga_tridactyla","Myrmecophaga_tridactyla.3"
"14","Elomeryx_borbonicus_","Elomeryx_borbonicus_.2"
"15","Sus_scrofa","Sus_scrofa.4"
"16","Lacerta_viridis","Lacerta_viridis.1"
"17","Brachyodus_onoideum","Brachyodus_onoideum.1"
"18","Felis_felis","Felis_felis.1"
"19","Lama_guanicoe","Lama_guanicoe.1"
"20","Procavia_capensis","Procavia_capensis.2"
"21","Procavia_capensis","Procavia_capensis.3"
"22","Microgale_thomasi","Microgale_thomasi.2"
"23","Placondontia_indet","Placondontia_indet.1"
"24","Rhaeticosaurus","Rhaeticosaurus.1"
"25","Caiman_yacare","Caiman_yacare.1"
"26","Nothosaurus_102","Nothosaurus_102.1"
"27","Basilosaurus","Basilosaurus.1"
"28","Nothosaurus_giganteus","Nothosaurus_giganteus.1"
"29","Callophoca_obscura","Callophoca_obscura.1"
"30","large_eocene_stem_penguin","large_eocene_stem_penguin.1"
"31","Phocanella_pumila","Phocanella_pumila.1"
"32","Alligator","Alligator.1"
"33","Alligator","Alligator.2"
"34","Metryorhynchus","Metryorhynchus.1"
"35","Desmostylus_hesperus","Desmostylus_hesperus.1"
"36","Micropotamogale_euwenzorii","Micropotamogale_euwenzorii.1"
"37","Rhaeticosaurus","Rhaeticosaurus.2"
"38","Leptophoca_proxima","Leptophoca_proxima.1"
"39","Nothosaurus_mirabilis_1","Nothosaurus_mirabilis_1.1"
"40","Ichtyosaur_sp","Ichtyosaur_sp.1"
"41","Paraplacodus","Paraplacodus.1"
"42","Spinosaurus_","Spinosaurus_.1"
"43","Spinosaurus_","Spinosaurus_.2"
"44","Spinosaurus_","Spinosaurus_.3"
"45","Spinosaurus_","Spinosaurus_.4"
"46","Spinosaurus_","Spinosaurus_.5"
"47","Spinosaurus_","Spinosaurus_.6"
"48","Spinosaurus_","Spinosaurus_.7"
"49","Spinosaurus_","Spinosaurus_.8"
"50","Spinosaurus_","Spinosaurus_.9"
"51","Spinosaurus_","Spinosaurus_.10"
"52","Spinosaurus_","Spinosaurus_.11"
"53","Suchomimus","Suchomimus.1"
"54","Suchomimus","Suchomimus.2"
"55","Suchomimus","Suchomimus.3"
"56","Baryonyx","Baryonyx.1"
"57","Baryonyx","Baryonyx.2"
"58","Baryonyx","Baryonyx.3"
 
* Phylo tree and the main data and strata files have been modified to include duplicated taxa before the scaled random trees are generated.
* Selected categorical labels column: diving.or.not
* diving.or.equal column is identical to Diving column.
* Regression excludes flying taxa.
* Diving labels that are present in regression: 0,2
* lambda (calculated from a random tree) = : 0.09
* index-name alignment check: OK
