Logfile for a session of program: bootstrap_binary.r
-----------------------------------------------------
INPUT:
workDir: C:/dino_nature/output/2023-11-07-D1\bs/set_603
Nbootstrapsets: 2000
phyloFDAfile: c:/dino_nature/code/phylo.fda.R
auxFile: c:/dino_nature/code/auxiliary.r
boneType: femur
regressionData.file: C:/dino_nature/output/2023-11-07-D1\bs/set_603/femur_set_603.csv
applyDataFilter: FALSE
addTreeTips: TRUE
Ntrees: 100
calculateTrees: TRUE
saveTrees: FALSE


OPERATIONAL CHECKS:
* Regression data contains multiple copies of some taxa (user added variants of existing test taxa 
   or replacements due to bootstrap are present) which are not in the phylo tree:
     original taxon,   duplicate   
"1","Dromaius_","Dromaius_.1"
"2","Apteryx_australis","Apteryx_australis.1"
"3","Apteryx_owenii_","Apteryx_owenii_.1"
"4","Dromaius_","Dromaius_.2"
"5","Rangifer_tarandus","Rangifer_tarandus.1"
"6","Giraffa_camelopardalis","Giraffa_camelopardalis.1"
"7","Rupicapra_rupicapra","Rupicapra_rupicapra.1"
"8","Microgale_thomasi","Microgale_thomasi.1"
"9","Microgale_thomasi","Microgale_thomasi.2"
"10","Monodelphis_domestica","Monodelphis_domestica.1"
"11","Microgale_thomasi","Microgale_thomasi.3"
"12","Giraffa_camelopardalis","Giraffa_camelopardalis.2"
"13","Monodelphis_domestica","Monodelphis_domestica.2"
"14","Elephas_maximus","Elephas_maximus.1"
"15","Porphyrio_hochstetteri","Porphyrio_hochstetteri.1"
"16","Paguma_larvata","Paguma_larvata.1"
"17","Rupicapra_rupicapra","Rupicapra_rupicapra.2"
"18","Sphenodon_punctatus","Sphenodon_punctatus.1"
"19","Brachyodus_onoideum","Brachyodus_onoideum.1"
"20","Apteryx_owenii_","Apteryx_owenii_.2"
"21","Tenrec_ecaudatus","Tenrec_ecaudatus.1"
"22","Sus_scrofa","Sus_scrofa.1"
"23","Dicerorhinus_sumatrensis","Dicerorhinus_sumatrensis.1"
"24","Tenrec_ecaudatus","Tenrec_ecaudatus.2"
"25","Phocanella_pumila","Phocanella_pumila.1"
"26","Callophoca_obscura","Callophoca_obscura.1"
"27","Hydromys_chrysogaster","Hydromys_chrysogaster.1"
"28","Maiacetus","Maiacetus.1"
"29","Nothosaurus_giganteus","Nothosaurus_giganteus.1"
"30","Serpianosaurus","Serpianosaurus.1"
"31","Chapsosaurus_","Chapsosaurus_.1"
"32","Nothosaurus_150","Nothosaurus_150.1"
"33","Hippopotamus_amphibius","Hippopotamus_amphibius.1"
"34","Maiacetus","Maiacetus.2"
"35","Desmana_moschata","Desmana_moschata.1"
"36","Chapsosaurus_","Chapsosaurus_.2"
"37","Rodhocetus","Rodhocetus.1"
"38","Plesiosaurus","Plesiosaurus.1"
"39","Basilosaurus","Basilosaurus.1"
"40","Chapsosaurus_","Chapsosaurus_.3"
"41","Indohyus","Indohyus.1"
"42","Spinosaurus_","Spinosaurus_.1"
"43","Spinosaurus_","Spinosaurus_.2"
"44","Spinosaurus_","Spinosaurus_.3"
"45","Spinosaurus_","Spinosaurus_.4"
"46","Spinosaurus_","Spinosaurus_.5"
"47","Spinosaurus_","Spinosaurus_.6"
"48","Spinosaurus_","Spinosaurus_.7"
"49","Spinosaurus_","Spinosaurus_.8"
"50","Spinosaurus_","Spinosaurus_.9"
"51","Spinosaurus_","Spinosaurus_.10"
"52","Spinosaurus_","Spinosaurus_.11"
"53","Suchomimus","Suchomimus.1"
"54","Suchomimus","Suchomimus.2"
"55","Suchomimus","Suchomimus.3"
"56","Baryonyx","Baryonyx.1"
"57","Baryonyx","Baryonyx.2"
"58","Baryonyx","Baryonyx.3"
 
* Phylo tree and the main data and strata files have been modified to include duplicated taxa before the scaled random trees are generated.
* Selected categorical labels column: diving.or.not
* diving.or.equal column is identical to Diving column.
* Regression excludes flying taxa.
* Diving labels that are present in regression: 0,2
* lambda (calculated from a random tree) = : 0.06
* index-name alignment check: OK
