Logfile for a session of program: bootstrap_binary.r
-----------------------------------------------------
INPUT:
workDir: C:/dino_nature/output/2023-11-07-D1\bs/set_1767
Nbootstrapsets: 2000
phyloFDAfile: c:/dino_nature/code/phylo.fda.R
auxFile: c:/dino_nature/code/auxiliary.r
boneType: femur
regressionData.file: C:/dino_nature/output/2023-11-07-D1\bs/set_1767/femur_set_1767.csv
applyDataFilter: FALSE
addTreeTips: TRUE
Ntrees: 100
calculateTrees: TRUE
saveTrees: FALSE


OPERATIONAL CHECKS:
* Regression data contains multiple copies of some taxa (user added variants of existing test taxa 
   or replacements due to bootstrap are present) which are not in the phylo tree:
     original taxon,   duplicate   
"1","Rattus_rattus","Rattus_rattus.1"
"2","Vulpes_vulpes","Vulpes_vulpes.1"
"3","Felis_felis","Felis_felis.1"
"4","Loxodonta_africana","Loxodonta_africana.1"
"5","Xenicus_giliventris","Xenicus_giliventris.1"
"6","Diplomesodon_pulchellum","Diplomesodon_pulchellum.1"
"7","Tamandua_tetradactyla","Tamandua_tetradactyla.1"
"8","Rattus_rattus","Rattus_rattus.2"
"9","Microgale_thomasi","Microgale_thomasi.1"
"10","Tenrec_ecaudatus","Tenrec_ecaudatus.1"
"11","Sus_scrofa","Sus_scrofa.1"
"12","Lacerta_viridis","Lacerta_viridis.1"
"13","Loxodonta_africana","Loxodonta_africana.2"
"14","Mus_musculus","Mus_musculus.1"
"15","Vulpes_vulpes","Vulpes_vulpes.2"
"16","Hemiechinus_azurites","Hemiechinus_azurites.1"
"17","Uncia_uncia","Uncia_uncia.1"
"18","Strigiops_habroptilus","Strigiops_habroptilus.1"
"19","Microgale_thomasi","Microgale_thomasi.2"
"20","Simosaurus","Simosaurus.1"
"21","Paraplacodus","Paraplacodus.1"
"22","Paraplacodus","Paraplacodus.2"
"23","Lutra_vulgaris","Lutra_vulgaris.1"
"24","Ichtyosaurus_","Ichtyosaurus_.1"
"25","Alligator","Alligator.1"
"26","Anarosaurus","Anarosaurus.1"
"27","Cricosaurus","Cricosaurus.1"
"28","Alligator","Alligator.2"
"29","Psephoderma","Psephoderma.1"
"30","Simosaurus","Simosaurus.2"
"31","Tapirus_terrestris","Tapirus_terrestris.1"
"32","Cricosaurus","Cricosaurus.2"
"33","Desmostylus_hesperus","Desmostylus_hesperus.1"
"34","Paraplacodus","Paraplacodus.3"
"35","Nothosaurus_150","Nothosaurus_150.1"
"36","Placodontia_indet_1","Placodontia_indet_1.1"
"37","Paraplacodus","Paraplacodus.4"
"38","Champsosaurus","Champsosaurus.1"
"39","Protochampsidae","Protochampsidae.1"
"40","Spinosaurus_","Spinosaurus_.1"
"41","Spinosaurus_","Spinosaurus_.2"
"42","Spinosaurus_","Spinosaurus_.3"
"43","Spinosaurus_","Spinosaurus_.4"
"44","Spinosaurus_","Spinosaurus_.5"
"45","Spinosaurus_","Spinosaurus_.6"
"46","Spinosaurus_","Spinosaurus_.7"
"47","Spinosaurus_","Spinosaurus_.8"
"48","Spinosaurus_","Spinosaurus_.9"
"49","Spinosaurus_","Spinosaurus_.10"
"50","Spinosaurus_","Spinosaurus_.11"
"51","Suchomimus","Suchomimus.1"
"52","Suchomimus","Suchomimus.2"
"53","Suchomimus","Suchomimus.3"
"54","Baryonyx","Baryonyx.1"
"55","Baryonyx","Baryonyx.2"
"56","Baryonyx","Baryonyx.3"
 
* Phylo tree and the main data and strata files have been modified to include duplicated taxa before the scaled random trees are generated.
* Selected categorical labels column: diving.or.not
* diving.or.equal column is identical to Diving column.
* Regression excludes flying taxa.
* Diving labels that are present in regression: 0,2
* lambda (calculated from a random tree) = : 0.13
* index-name alignment check: OK
