Logfile for a session of program: bootstrap_binary.r
-----------------------------------------------------
INPUT:
workDir: C:/dino_nature/output/2023-11-07-D1\bs/set_1531
Nbootstrapsets: 2000
phyloFDAfile: c:/dino_nature/code/phylo.fda.R
auxFile: c:/dino_nature/code/auxiliary.r
boneType: femur
regressionData.file: C:/dino_nature/output/2023-11-07-D1\bs/set_1531/femur_set_1531.csv
applyDataFilter: FALSE
addTreeTips: TRUE
Ntrees: 100
calculateTrees: TRUE
saveTrees: FALSE


OPERATIONAL CHECKS:
* Regression data contains multiple copies of some taxa (user added variants of existing test taxa 
   or replacements due to bootstrap are present) which are not in the phylo tree:
     original taxon,   duplicate   
"1","Rhinoceros_sondaicus","Rhinoceros_sondaicus.1"
"2","Rattus_rattus","Rattus_rattus.1"
"3","Dasyurus_maculatus","Dasyurus_maculatus.1"
"4","Brachyodus_onoideum","Brachyodus_onoideum.1"
"5","Vulpes_vulpes","Vulpes_vulpes.1"
"6","Elomeryx_borbonicus_","Elomeryx_borbonicus_.1"
"7","Mus_musculus","Mus_musculus.1"
"8","Rattus_rattus","Rattus_rattus.2"
"9","Monodelphis_domestica","Monodelphis_domestica.1"
"10","Vulpes_vulpes","Vulpes_vulpes.2"
"11","Ceratotherium_simum","Ceratotherium_simum.1"
"12","Mus_musculus","Mus_musculus.2"
"13","Tenrec_ecaudatus","Tenrec_ecaudatus.1"
"14","Loxodonta_africana","Loxodonta_africana.1"
"15","Sphenodon_punctatus","Sphenodon_punctatus.1"
"16","Vulpes_vulpes","Vulpes_vulpes.3"
"17","Hemiechinus_azurites","Hemiechinus_azurites.1"
"18","Diplomesodon_pulchellum","Diplomesodon_pulchellum.1"
"19","Dasyurus_maculatus","Dasyurus_maculatus.2"
"20","Tenrec_ecaudatus","Tenrec_ecaudatus.2"
"21","Dama_dama","Dama_dama.1"
"22","Paguma_larvata","Paguma_larvata.1"
"23","Procavia_capensis","Procavia_capensis.1"
"24","Ichtyosaurus_","Ichtyosaurus_.1"
"25","Lutra_vulgaris","Lutra_vulgaris.1"
"26","Otaria_byronia","Otaria_byronia.1"
"27","Dyrosaurid","Dyrosaurid.1"
"28","Chironectes_minimus","Chironectes_minimus.1"
"29","Anarosaurus","Anarosaurus.1"
"30","Rhaeticosaurus","Rhaeticosaurus.1"
"31","Hippopotamus_amphibius","Hippopotamus_amphibius.1"
"32","Hippopotamus_amphibius","Hippopotamus_amphibius.2"
"33","Noemys_fodies","Noemys_fodies.1"
"34","Ichtyosaur_sp","Ichtyosaur_sp.1"
"35","Tapirus_terrestris","Tapirus_terrestris.1"
"36","Callophoca_obscura","Callophoca_obscura.1"
"37","Pistosaurus","Pistosaurus.1"
"38","Castor_fiber","Castor_fiber.1"
"39","Phocanella_pumila","Phocanella_pumila.1"
"40","Alligator","Alligator.1"
"41","Callophoca_obscura","Callophoca_obscura.2"
"42","Alligator","Alligator.2"
"43","Spinosaurus_","Spinosaurus_.1"
"44","Spinosaurus_","Spinosaurus_.2"
"45","Spinosaurus_","Spinosaurus_.3"
"46","Spinosaurus_","Spinosaurus_.4"
"47","Spinosaurus_","Spinosaurus_.5"
"48","Spinosaurus_","Spinosaurus_.6"
"49","Spinosaurus_","Spinosaurus_.7"
"50","Spinosaurus_","Spinosaurus_.8"
"51","Spinosaurus_","Spinosaurus_.9"
"52","Spinosaurus_","Spinosaurus_.10"
"53","Spinosaurus_","Spinosaurus_.11"
"54","Suchomimus","Suchomimus.1"
"55","Suchomimus","Suchomimus.2"
"56","Suchomimus","Suchomimus.3"
"57","Baryonyx","Baryonyx.1"
"58","Baryonyx","Baryonyx.2"
"59","Baryonyx","Baryonyx.3"
 
* Phylo tree and the main data and strata files have been modified to include duplicated taxa before the scaled random trees are generated.
* Selected categorical labels column: diving.or.not
* diving.or.equal column is identical to Diving column.
* Regression excludes flying taxa.
* Diving labels that are present in regression: 0,2
* lambda (calculated from a random tree) = : 0.08
* index-name alignment check: OK
