Logfile for a session of program: bootstrap_binary.r
-----------------------------------------------------
INPUT:
workDir: C:/dino_nature/output/2023-11-07-D1\bs/set_1227
Nbootstrapsets: 2000
phyloFDAfile: c:/dino_nature/code/phylo.fda.R
auxFile: c:/dino_nature/code/auxiliary.r
boneType: femur
regressionData.file: C:/dino_nature/output/2023-11-07-D1\bs/set_1227/femur_set_1227.csv
applyDataFilter: FALSE
addTreeTips: TRUE
Ntrees: 100
calculateTrees: TRUE
saveTrees: FALSE


OPERATIONAL CHECKS:
* Regression data contains multiple copies of some taxa (user added variants of existing test taxa 
   or replacements due to bootstrap are present) which are not in the phylo tree:
     original taxon,   duplicate   
"1","Pogona_viceps","Pogona_viceps.1"
"2","Apteryx_australis","Apteryx_australis.1"
"3","Capreolus_capreolus","Capreolus_capreolus.1"
"4","Felis_felis","Felis_felis.1"
"5","Diplomesodon_pulchellum","Diplomesodon_pulchellum.1"
"6","Taxidea_taxus","Taxidea_taxus.1"
"7","Capreolus_capreolus","Capreolus_capreolus.2"
"8","Brachyodus_onoideum","Brachyodus_onoideum.1"
"9","Sphenodon_punctatus","Sphenodon_punctatus.1"
"10","Mustela_nivalis","Mustela_nivalis.1"
"11","Mustela_nivalis","Mustela_nivalis.2"
"12","Elephas_maximus","Elephas_maximus.1"
"13","Rattus_rattus","Rattus_rattus.1"
"14","Diplomesodon_pulchellum","Diplomesodon_pulchellum.2"
"15","Atlantisia_rogersi","Atlantisia_rogersi.1"
"16","Sus_scrofa","Sus_scrofa.1"
"17","Atlantisia_rogersi","Atlantisia_rogersi.2"
"18","Capreolus_capreolus","Capreolus_capreolus.3"
"19","Mammuthus_sp","Mammuthus_sp.1"
"20","Elephas_maximus","Elephas_maximus.2"
"21","Rattus_rattus","Rattus_rattus.2"
"22","Raphus","Raphus.1"
"23","Cryptoclidus","Cryptoclidus.1"
"24","Ichtyosaurus_","Ichtyosaurus_.1"
"25","Anarosaurus","Anarosaurus.1"
"26","Cryptoclidus","Cryptoclidus.2"
"27","Anarosaurus","Anarosaurus.2"
"28","Ichtyosaurus_","Ichtyosaurus_.2"
"29","Lutra_vulgaris","Lutra_vulgaris.1"
"30","Lutra_vulgaris","Lutra_vulgaris.2"
"31","Nothosaurus_mirabilis_1","Nothosaurus_mirabilis_1.1"
"32","Castor_fiber","Castor_fiber.1"
"33","Noemys_fodies","Noemys_fodies.1"
"34","Ichtyosaur_sp","Ichtyosaur_sp.1"
"35","Hesperornis","Hesperornis.1"
"36","Desmana_moschata","Desmana_moschata.1"
"37","Lutra_vulgaris","Lutra_vulgaris.3"
"38","Tapirus_terrestris","Tapirus_terrestris.1"
"39","Psephoderma","Psephoderma.1"
"40","Neusticosaurus","Neusticosaurus.1"
"41","Desmana_moschata","Desmana_moschata.2"
"42","Cryptoclidus","Cryptoclidus.3"
"43","Caiman_yacare","Caiman_yacare.1"
"44","Spinosaurus_","Spinosaurus_.1"
"45","Spinosaurus_","Spinosaurus_.2"
"46","Spinosaurus_","Spinosaurus_.3"
"47","Spinosaurus_","Spinosaurus_.4"
"48","Spinosaurus_","Spinosaurus_.5"
"49","Spinosaurus_","Spinosaurus_.6"
"50","Spinosaurus_","Spinosaurus_.7"
"51","Spinosaurus_","Spinosaurus_.8"
"52","Spinosaurus_","Spinosaurus_.9"
"53","Spinosaurus_","Spinosaurus_.10"
"54","Spinosaurus_","Spinosaurus_.11"
"55","Suchomimus","Suchomimus.1"
"56","Suchomimus","Suchomimus.2"
"57","Suchomimus","Suchomimus.3"
"58","Baryonyx","Baryonyx.1"
"59","Baryonyx","Baryonyx.2"
"60","Baryonyx","Baryonyx.3"
 
* Phylo tree and the main data and strata files have been modified to include duplicated taxa before the scaled random trees are generated.
* Selected categorical labels column: diving.or.not
* diving.or.equal column is identical to Diving column.
* Regression excludes flying taxa.
* Diving labels that are present in regression: 0,2
* lambda (calculated from a random tree) = : 0.12
* index-name alignment check: OK
