Logfile for a session of program: bootstrap_binary.r
-----------------------------------------------------
INPUT:
workDir: C:/dino_nature/output/2023-11-07-D1\bs/set_1342
Nbootstrapsets: 2000
phyloFDAfile: c:/dino_nature/code/phylo.fda.R
auxFile: c:/dino_nature/code/auxiliary.r
boneType: femur
regressionData.file: C:/dino_nature/output/2023-11-07-D1\bs/set_1342/femur_set_1342.csv
applyDataFilter: FALSE
addTreeTips: TRUE
Ntrees: 100
calculateTrees: TRUE
saveTrees: FALSE


OPERATIONAL CHECKS:
* Regression data contains multiple copies of some taxa (user added variants of existing test taxa 
   or replacements due to bootstrap are present) which are not in the phylo tree:
     original taxon,   duplicate   
"1","Bos_taurus","Bos_taurus.1"
"2","Giraffa_camelopardalis","Giraffa_camelopardalis.1"
"3","Giraffa_camelopardalis","Giraffa_camelopardalis.2"
"4","Rangifer_tarandus","Rangifer_tarandus.1"
"5","Bos_taurus","Bos_taurus.2"
"6","Bos_taurus","Bos_taurus.3"
"7","Hemiechinus_azurites","Hemiechinus_azurites.1"
"8","Loxodonta_africana","Loxodonta_africana.1"
"9","Sphenodon_punctatus","Sphenodon_punctatus.1"
"10","Elephas_maximus","Elephas_maximus.1"
"11","Procavia_capensis","Procavia_capensis.1"
"12","Hemiechinus_azurites","Hemiechinus_azurites.2"
"13","Procyon_lotor","Procyon_lotor.1"
"14","Brachyodus_onoideum","Brachyodus_onoideum.1"
"15","Taxidea_taxus","Taxidea_taxus.1"
"16","Lacerta_viridis","Lacerta_viridis.1"
"17","Giraffa_camelopardalis","Giraffa_camelopardalis.3"
"18","Loxodonta_africana","Loxodonta_africana.2"
"19","Taxidea_taxus","Taxidea_taxus.2"
"20","Rangifer_tarandus","Rangifer_tarandus.2"
"21","Meles_meles","Meles_meles.1"
"22","Tenrec_ecaudatus","Tenrec_ecaudatus.1"
"23","Dicerorhinus_sumatrensis","Dicerorhinus_sumatrensis.1"
"24","Apteryx_australis","Apteryx_australis.1"
"25","Neusticosaurus","Neusticosaurus.1"
"26","Placondontia_indet","Placondontia_indet.1"
"27","Neusticosaurus","Neusticosaurus.2"
"28","Palaeospheniscus","Palaeospheniscus.1"
"29","Palaeospheniscus","Palaeospheniscus.2"
"30","Rodhocetus","Rodhocetus.1"
"31","Paraplacodus","Paraplacodus.1"
"32","Rodhocetus","Rodhocetus.2"
"33","Choeropsis_liberiensis","Choeropsis_liberiensis.1"
"34","Palaeospheniscus","Palaeospheniscus.3"
"35","Nothosaurus_mirabilis_1","Nothosaurus_mirabilis_1.1"
"36","Castor_fiber","Castor_fiber.1"
"37","Champsosaurus","Champsosaurus.1"
"38","Aptenodytes______","Aptenodytes______.1"
"39","Palaeospheniscus","Palaeospheniscus.4"
"40","Nanophoca_vitulinoides","Nanophoca_vitulinoides.1"
"41","Simosaurus","Simosaurus.1"
"42","Small_Eocene_penguin","Small_Eocene_penguin.1"
"43","Micropotamogale_euwenzorii","Micropotamogale_euwenzorii.1"
"44","Rodhocetus","Rodhocetus.3"
"45","Chapsosaurus_","Chapsosaurus_.1"
"46","Palaeospheniscus","Palaeospheniscus.5"
"47","Champsosaurus","Champsosaurus.2"
"48","Ichtyosaur_sp","Ichtyosaur_sp.1"
"49","Spinosaurus_","Spinosaurus_.1"
"50","Spinosaurus_","Spinosaurus_.2"
"51","Spinosaurus_","Spinosaurus_.3"
"52","Spinosaurus_","Spinosaurus_.4"
"53","Spinosaurus_","Spinosaurus_.5"
"54","Spinosaurus_","Spinosaurus_.6"
"55","Spinosaurus_","Spinosaurus_.7"
"56","Spinosaurus_","Spinosaurus_.8"
"57","Spinosaurus_","Spinosaurus_.9"
"58","Spinosaurus_","Spinosaurus_.10"
"59","Spinosaurus_","Spinosaurus_.11"
"60","Suchomimus","Suchomimus.1"
"61","Suchomimus","Suchomimus.2"
"62","Suchomimus","Suchomimus.3"
"63","Baryonyx","Baryonyx.1"
"64","Baryonyx","Baryonyx.2"
"65","Baryonyx","Baryonyx.3"
 
* Phylo tree and the main data and strata files have been modified to include duplicated taxa before the scaled random trees are generated.
* Selected categorical labels column: diving.or.not
* diving.or.equal column is identical to Diving column.
* Regression excludes flying taxa.
* Diving labels that are present in regression: 0,2
* lambda (calculated from a random tree) = : 0.13
* index-name alignment check: OK
