Logfile for a session of program: bootstrap_binary.r
-----------------------------------------------------
INPUT:
workDir: C:/dino_nature/output/2023-11-07-D1\bs/set_198
Nbootstrapsets: 2000
phyloFDAfile: c:/dino_nature/code/phylo.fda.R
auxFile: c:/dino_nature/code/auxiliary.r
boneType: femur
regressionData.file: C:/dino_nature/output/2023-11-07-D1\bs/set_198/femur_set_198.csv
applyDataFilter: FALSE
addTreeTips: TRUE
Ntrees: 100
calculateTrees: TRUE
saveTrees: FALSE


OPERATIONAL CHECKS:
* Regression data contains multiple copies of some taxa (user added variants of existing test taxa 
   or replacements due to bootstrap are present) which are not in the phylo tree:
     original taxon,   duplicate   
"1","Myrmecophaga_tridactyla","Myrmecophaga_tridactyla.1"
"2","Mammuthus_sp","Mammuthus_sp.1"
"3","Euroscaptor_micrura","Euroscaptor_micrura.1"
"4","Apteryx_australis","Apteryx_australis.1"
"5","Rhinoceros_sondaicus","Rhinoceros_sondaicus.1"
"6","Tamandua_tetradactyla","Tamandua_tetradactyla.1"
"7","Rupicapra_rupicapra","Rupicapra_rupicapra.1"
"8","Lacerta_viridis","Lacerta_viridis.1"
"9","Apteryx_australis","Apteryx_australis.2"
"10","Caloenas_nicobarica","Caloenas_nicobarica.1"
"11","Rhynchocyon_petersi","Rhynchocyon_petersi.1"
"12","Bos_taurus","Bos_taurus.1"
"13","Rhinoceros_sondaicus","Rhinoceros_sondaicus.2"
"14","Uncia_uncia","Uncia_uncia.1"
"15","Taxidea_taxus","Taxidea_taxus.1"
"16","Uncia_uncia","Uncia_uncia.2"
"17","Loxodonta_africana","Loxodonta_africana.1"
"18","Dicerorhinus_sumatrensis","Dicerorhinus_sumatrensis.1"
"19","Hemiechinus_azurites","Hemiechinus_azurites.1"
"20","Pistosaurus","Pistosaurus.1"
"21","Ichtyosaur_sp","Ichtyosaur_sp.1"
"22","Ichtyosaur_sp","Ichtyosaur_sp.2"
"23","Noemys_fodies","Noemys_fodies.1"
"24","Indohyus","Indohyus.1"
"25","Cryptoclidus","Cryptoclidus.1"
"26","Hesperornis","Hesperornis.1"
"27","Pistosaurus","Pistosaurus.2"
"28","Protochampsidae","Protochampsidae.1"
"29","Tapirus_terrestris","Tapirus_terrestris.1"
"30","Maiacetus","Maiacetus.1"
"31","Pistosaurus","Pistosaurus.3"
"32","Noemys_fodies","Noemys_fodies.2"
"33","Basilosaurus","Basilosaurus.1"
"34","Micropotamogale_euwenzorii","Micropotamogale_euwenzorii.1"
"35","Nothosaurus_150","Nothosaurus_150.1"
"36","Phalacrocorax_harrisi","Phalacrocorax_harrisi.1"
"37","Simosaurus","Simosaurus.1"
"38","Alligator","Alligator.1"
"39","Desmana_moschata","Desmana_moschata.1"
"40","Spinosaurus_","Spinosaurus_.1"
"41","Spinosaurus_","Spinosaurus_.2"
"42","Spinosaurus_","Spinosaurus_.3"
"43","Spinosaurus_","Spinosaurus_.4"
"44","Spinosaurus_","Spinosaurus_.5"
"45","Spinosaurus_","Spinosaurus_.6"
"46","Spinosaurus_","Spinosaurus_.7"
"47","Spinosaurus_","Spinosaurus_.8"
"48","Spinosaurus_","Spinosaurus_.9"
"49","Spinosaurus_","Spinosaurus_.10"
"50","Spinosaurus_","Spinosaurus_.11"
"51","Suchomimus","Suchomimus.1"
"52","Suchomimus","Suchomimus.2"
"53","Suchomimus","Suchomimus.3"
"54","Baryonyx","Baryonyx.1"
"55","Baryonyx","Baryonyx.2"
"56","Baryonyx","Baryonyx.3"
 
* Phylo tree and the main data and strata files have been modified to include duplicated taxa before the scaled random trees are generated.
* Selected categorical labels column: diving.or.not
* diving.or.equal column is identical to Diving column.
* Regression excludes flying taxa.
* Diving labels that are present in regression: 0,2
* lambda (calculated from a random tree) = : 0.11
* index-name alignment check: OK
