Logfile for a session of program: bootstrap_binary.r
-----------------------------------------------------
INPUT:
workDir: C:/dino_nature/output/2023-11-07-D1\bs/set_1961
Nbootstrapsets: 2000
phyloFDAfile: c:/dino_nature/code/phylo.fda.R
auxFile: c:/dino_nature/code/auxiliary.r
boneType: femur
regressionData.file: C:/dino_nature/output/2023-11-07-D1\bs/set_1961/femur_set_1961.csv
applyDataFilter: FALSE
addTreeTips: TRUE
Ntrees: 100
calculateTrees: TRUE
saveTrees: FALSE


OPERATIONAL CHECKS:
* Regression data contains multiple copies of some taxa (user added variants of existing test taxa 
   or replacements due to bootstrap are present) which are not in the phylo tree:
     original taxon,   duplicate   
"1","Myrmecophaga_tridactyla","Myrmecophaga_tridactyla.1"
"2","Strigiops_habroptilus","Strigiops_habroptilus.1"
"3","Giraffa_camelopardalis","Giraffa_camelopardalis.1"
"4","Rattus_rattus","Rattus_rattus.1"
"5","Mus_musculus","Mus_musculus.1"
"6","Ceratotherium_simum","Ceratotherium_simum.1"
"7","Euroscaptor_micrura","Euroscaptor_micrura.1"
"8","Myrmecophaga_tridactyla","Myrmecophaga_tridactyla.2"
"9","Pogona_viceps","Pogona_viceps.1"
"10","Mammuthus_sp","Mammuthus_sp.1"
"11","Loxodonta_africana","Loxodonta_africana.1"
"12","Strigiops_habroptilus","Strigiops_habroptilus.2"
"13","Xenicus_giliventris","Xenicus_giliventris.1"
"14","Tenrec_ecaudatus","Tenrec_ecaudatus.1"
"15","Tenrec_ecaudatus","Tenrec_ecaudatus.2"
"16","Xenicus_giliventris","Xenicus_giliventris.2"
"17","Tribonyx_mortieri","Tribonyx_mortieri.1"
"18","Megaloceros_sp","Megaloceros_sp.1"
"19","Strigiops_habroptilus","Strigiops_habroptilus.3"
"20","Brachyodus_onoideum","Brachyodus_onoideum.1"
"21","Porphyrio_hochstetteri","Porphyrio_hochstetteri.1"
"22","Phocanella_pumila","Phocanella_pumila.1"
"23","Hippopotamus_amphibius","Hippopotamus_amphibius.1"
"24","Placodontia_indet_1","Placodontia_indet_1.1"
"25","Hesperornis","Hesperornis.1"
"26","Simosaurus_1","Simosaurus_1.1"
"27","Hippopotamus_amphibius","Hippopotamus_amphibius.2"
"28","Caiman_yacare","Caiman_yacare.1"
"29","Tapirus_terrestris","Tapirus_terrestris.1"
"30","Phalacrocorax_harrisi","Phalacrocorax_harrisi.1"
"31","Ichtyosaurus_","Ichtyosaurus_.1"
"32","Hippopotamus_amphibius","Hippopotamus_amphibius.3"
"33","Phocanella_pumila","Phocanella_pumila.2"
"34","Micropotamogale_euwenzorii","Micropotamogale_euwenzorii.1"
"35","Ichtyosaurus_","Ichtyosaurus_.2"
"36","Castor_fiber","Castor_fiber.1"
"37","Castor_fiber","Castor_fiber.2"
"38","Chironectes_minimus","Chironectes_minimus.1"
"39","Small_Eocene_penguin","Small_Eocene_penguin.1"
"40","Pistosaurus","Pistosaurus.1"
"41","Anarosaurus","Anarosaurus.1"
"42","Placondontia_indet","Placondontia_indet.1"
"43","Spheniscus","Spheniscus.1"
"44","Castor_fiber","Castor_fiber.3"
"45","Spinosaurus_","Spinosaurus_.1"
"46","Spinosaurus_","Spinosaurus_.2"
"47","Spinosaurus_","Spinosaurus_.3"
"48","Spinosaurus_","Spinosaurus_.4"
"49","Spinosaurus_","Spinosaurus_.5"
"50","Spinosaurus_","Spinosaurus_.6"
"51","Spinosaurus_","Spinosaurus_.7"
"52","Spinosaurus_","Spinosaurus_.8"
"53","Spinosaurus_","Spinosaurus_.9"
"54","Spinosaurus_","Spinosaurus_.10"
"55","Spinosaurus_","Spinosaurus_.11"
"56","Suchomimus","Suchomimus.1"
"57","Suchomimus","Suchomimus.2"
"58","Suchomimus","Suchomimus.3"
"59","Baryonyx","Baryonyx.1"
"60","Baryonyx","Baryonyx.2"
"61","Baryonyx","Baryonyx.3"
 
* Phylo tree and the main data and strata files have been modified to include duplicated taxa before the scaled random trees are generated.
* Selected categorical labels column: diving.or.not
* diving.or.equal column is identical to Diving column.
* Regression excludes flying taxa.
* Diving labels that are present in regression: 0,2
* lambda (calculated from a random tree) = : 0.12
* index-name alignment check: OK
