Logfile for a session of program: bootstrap_binary.r
-----------------------------------------------------
INPUT:
workDir: C:/dino_nature/output/2023-11-07-D1\bs/set_242
Nbootstrapsets: 2000
phyloFDAfile: c:/dino_nature/code/phylo.fda.R
auxFile: c:/dino_nature/code/auxiliary.r
boneType: femur
regressionData.file: C:/dino_nature/output/2023-11-07-D1\bs/set_242/femur_set_242.csv
applyDataFilter: FALSE
addTreeTips: TRUE
Ntrees: 100
calculateTrees: TRUE
saveTrees: FALSE


OPERATIONAL CHECKS:
* Regression data contains multiple copies of some taxa (user added variants of existing test taxa 
   or replacements due to bootstrap are present) which are not in the phylo tree:
     original taxon,   duplicate   
"1","Microgale_thomasi","Microgale_thomasi.1"
"2","Rhinoceros_sondaicus","Rhinoceros_sondaicus.1"
"3","Dicerorhinus_sumatrensis","Dicerorhinus_sumatrensis.1"
"4","Microgale_thomasi","Microgale_thomasi.2"
"5","Rhinoceros_sondaicus","Rhinoceros_sondaicus.2"
"6","Elephas_maximus","Elephas_maximus.1"
"7","Apteryx_owenii_","Apteryx_owenii_.1"
"8","Taxidea_taxus","Taxidea_taxus.1"
"9","Dama_dama","Dama_dama.1"
"10","Procavia_capensis","Procavia_capensis.1"
"11","Lama_guanicoe","Lama_guanicoe.1"
"12","Microgale_thomasi","Microgale_thomasi.3"
"13","Strigiops_habroptilus","Strigiops_habroptilus.1"
"14","Nyctereutes_procyonoides","Nyctereutes_procyonoides.1"
"15","Rhinoceros_sondaicus","Rhinoceros_sondaicus.3"
"16","Rupicapra_rupicapra","Rupicapra_rupicapra.1"
"17","Atlantisia_rogersi","Atlantisia_rogersi.1"
"18","Lacerta_viridis","Lacerta_viridis.1"
"19","Rattus_rattus","Rattus_rattus.1"
"20","Mus_musculus","Mus_musculus.1"
"21","Nothosaurus_150","Nothosaurus_150.1"
"22","Ichtyosaurus_","Ichtyosaurus_.1"
"23","Dyrosaurid","Dyrosaurid.1"
"24","Ornithorhynchus_anatinus","Ornithorhynchus_anatinus.1"
"25","Ichtyosaurus_","Ichtyosaurus_.2"
"26","Hydromys_chrysogaster","Hydromys_chrysogaster.1"
"27","Paraplacodus","Paraplacodus.1"
"28","Paraplacodus","Paraplacodus.2"
"29","Champsosaurus","Champsosaurus.1"
"30","Small_Eocene_penguin","Small_Eocene_penguin.1"
"31","Serpianosaurus","Serpianosaurus.1"
"32","Remingtonocetus","Remingtonocetus.1"
"33","Micropotamogale_euwenzorii","Micropotamogale_euwenzorii.1"
"34","Chironectes_minimus","Chironectes_minimus.1"
"35","Rodhocetus","Rodhocetus.1"
"36","Nothosaurus_150","Nothosaurus_150.2"
"37","Small_Eocene_penguin","Small_Eocene_penguin.2"
"38","Noemys_fodies","Noemys_fodies.1"
"39","Noemys_fodies","Noemys_fodies.2"
"40","Serpianosaurus","Serpianosaurus.2"
"41","Indohyus","Indohyus.1"
"42","Ornithorhynchus_anatinus","Ornithorhynchus_anatinus.2"
"43","Spinosaurus_","Spinosaurus_.1"
"44","Spinosaurus_","Spinosaurus_.2"
"45","Spinosaurus_","Spinosaurus_.3"
"46","Spinosaurus_","Spinosaurus_.4"
"47","Spinosaurus_","Spinosaurus_.5"
"48","Spinosaurus_","Spinosaurus_.6"
"49","Spinosaurus_","Spinosaurus_.7"
"50","Spinosaurus_","Spinosaurus_.8"
"51","Spinosaurus_","Spinosaurus_.9"
"52","Spinosaurus_","Spinosaurus_.10"
"53","Spinosaurus_","Spinosaurus_.11"
"54","Suchomimus","Suchomimus.1"
"55","Suchomimus","Suchomimus.2"
"56","Suchomimus","Suchomimus.3"
"57","Baryonyx","Baryonyx.1"
"58","Baryonyx","Baryonyx.2"
"59","Baryonyx","Baryonyx.3"
 
* Phylo tree and the main data and strata files have been modified to include duplicated taxa before the scaled random trees are generated.
* Selected categorical labels column: diving.or.not
* diving.or.equal column is identical to Diving column.
* Regression excludes flying taxa.
* Diving labels that are present in regression: 0,2
* lambda (calculated from a random tree) = : 0.08
* index-name alignment check: OK
