Logfile for a session of program: bootstrap_binary.r
-----------------------------------------------------
INPUT:
workDir: C:/dino_nature/output/2023-11-07-D1\bs/set_1130
Nbootstrapsets: 2000
phyloFDAfile: c:/dino_nature/code/phylo.fda.R
auxFile: c:/dino_nature/code/auxiliary.r
boneType: femur
regressionData.file: C:/dino_nature/output/2023-11-07-D1\bs/set_1130/femur_set_1130.csv
applyDataFilter: FALSE
addTreeTips: TRUE
Ntrees: 100
calculateTrees: TRUE
saveTrees: FALSE


OPERATIONAL CHECKS:
* Regression data contains multiple copies of some taxa (user added variants of existing test taxa 
   or replacements due to bootstrap are present) which are not in the phylo tree:
     original taxon,   duplicate   
"1","Procavia_capensis","Procavia_capensis.1"
"2","Myrmecophaga_tridactyla","Myrmecophaga_tridactyla.1"
"3","Tenrec_ecaudatus","Tenrec_ecaudatus.1"
"4","Taxidea_taxus","Taxidea_taxus.1"
"5","Taxidea_taxus","Taxidea_taxus.2"
"6","Rynochetus_jubatus","Rynochetus_jubatus.1"
"7","Raphus","Raphus.1"
"8","Elomeryx_borbonicus_","Elomeryx_borbonicus_.1"
"9","Alces_americanus","Alces_americanus.1"
"10","Alces_americanus","Alces_americanus.2"
"11","Dicerorhinus_sumatrensis","Dicerorhinus_sumatrensis.1"
"12","Euroscaptor_micrura","Euroscaptor_micrura.1"
"13","Rangifer_tarandus","Rangifer_tarandus.1"
"14","Rhynchocyon_petersi","Rhynchocyon_petersi.1"
"15","Megaloceros_sp","Megaloceros_sp.1"
"16","Rupicapra_rupicapra","Rupicapra_rupicapra.1"
"17","Elephas_maximus","Elephas_maximus.1"
"18","Mustela_nivalis","Mustela_nivalis.1"
"19","Uncia_uncia","Uncia_uncia.1"
"20","Okapia_johnstoni","Okapia_johnstoni.1"
"21","Microgale_thomasi","Microgale_thomasi.1"
"22","Paraplacodus","Paraplacodus.1"
"23","Phocanella_pumila","Phocanella_pumila.1"
"24","Paraplacodus","Paraplacodus.2"
"25","Psephoderma","Psephoderma.1"
"26","Nothosaurus_568","Nothosaurus_568.1"
"27","Rhaeticosaurus","Rhaeticosaurus.1"
"28","Small_Eocene_penguin","Small_Eocene_penguin.1"
"29","Paraplacodus","Paraplacodus.3"
"30","Nothosaurus_mirabilis","Nothosaurus_mirabilis.1"
"31","Paraplacodus","Paraplacodus.4"
"32","Remingtonocetus","Remingtonocetus.1"
"33","Desmostylus_hesperus","Desmostylus_hesperus.1"
"34","Nothosaurus_mirabilis","Nothosaurus_mirabilis.2"
"35","Ichtyosaurus_","Ichtyosaurus_.1"
"36","large_eocene_stem_penguin","large_eocene_stem_penguin.1"
"37","Cryptoclidus","Cryptoclidus.1"
"38","Psephoderma","Psephoderma.2"
"39","Nothosaurus_giganteus","Nothosaurus_giganteus.1"
"40","Serpianosaurus","Serpianosaurus.1"
"41","Champsosaurus","Champsosaurus.1"
"42","Rhaeticosaurus","Rhaeticosaurus.2"
"43","Spinosaurus_","Spinosaurus_.1"
"44","Spinosaurus_","Spinosaurus_.2"
"45","Spinosaurus_","Spinosaurus_.3"
"46","Spinosaurus_","Spinosaurus_.4"
"47","Spinosaurus_","Spinosaurus_.5"
"48","Spinosaurus_","Spinosaurus_.6"
"49","Spinosaurus_","Spinosaurus_.7"
"50","Spinosaurus_","Spinosaurus_.8"
"51","Spinosaurus_","Spinosaurus_.9"
"52","Spinosaurus_","Spinosaurus_.10"
"53","Spinosaurus_","Spinosaurus_.11"
"54","Suchomimus","Suchomimus.1"
"55","Suchomimus","Suchomimus.2"
"56","Suchomimus","Suchomimus.3"
"57","Baryonyx","Baryonyx.1"
"58","Baryonyx","Baryonyx.2"
"59","Baryonyx","Baryonyx.3"
 
* Phylo tree and the main data and strata files have been modified to include duplicated taxa before the scaled random trees are generated.
* Selected categorical labels column: diving.or.not
* diving.or.equal column is identical to Diving column.
* Regression excludes flying taxa.
* Diving labels that are present in regression: 0,2
* lambda (calculated from a random tree) = : 0.11
* index-name alignment check: OK
