Logfile for a session of program: bootstrap_binary.r
-----------------------------------------------------
INPUT:
workDir: C:/dino_nature/output/2023-11-07-D1\bs/set_1071
Nbootstrapsets: 2000
phyloFDAfile: c:/dino_nature/code/phylo.fda.R
auxFile: c:/dino_nature/code/auxiliary.r
boneType: femur
regressionData.file: C:/dino_nature/output/2023-11-07-D1\bs/set_1071/femur_set_1071.csv
applyDataFilter: FALSE
addTreeTips: TRUE
Ntrees: 100
calculateTrees: TRUE
saveTrees: FALSE


OPERATIONAL CHECKS:
* Regression data contains multiple copies of some taxa (user added variants of existing test taxa 
   or replacements due to bootstrap are present) which are not in the phylo tree:
     original taxon,   duplicate   
"1","Hemiechinus_azurites","Hemiechinus_azurites.1"
"2","Raphus","Raphus.1"
"3","Pogona_viceps","Pogona_viceps.1"
"4","Sphenodon_punctatus","Sphenodon_punctatus.1"
"5","Pogona_viceps","Pogona_viceps.2"
"6","Mus_musculus","Mus_musculus.1"
"7","Hemiechinus_azurites","Hemiechinus_azurites.2"
"8","Nyctereutes_procyonoides","Nyctereutes_procyonoides.1"
"9","Okapia_johnstoni","Okapia_johnstoni.1"
"10","Dasyurus_maculatus","Dasyurus_maculatus.1"
"11","Rynochetus_jubatus","Rynochetus_jubatus.1"
"12","Myrmecophaga_tridactyla","Myrmecophaga_tridactyla.1"
"13","Atlantisia_rogersi","Atlantisia_rogersi.1"
"14","Hemiechinus_azurites","Hemiechinus_azurites.3"
"15","Atlantisia_rogersi","Atlantisia_rogersi.2"
"16","Dicerorhinus_sumatrensis","Dicerorhinus_sumatrensis.1"
"17","Sus_scrofa","Sus_scrofa.1"
"18","Nyctereutes_procyonoides","Nyctereutes_procyonoides.2"
"19","Mustela_nivalis","Mustela_nivalis.1"
"20","Sus_scrofa","Sus_scrofa.2"
"21","Hemiechinus_azurites","Hemiechinus_azurites.4"
"22","Bos_taurus","Bos_taurus.1"
"23","Castor_fiber","Castor_fiber.1"
"24","Nothosaurus_150","Nothosaurus_150.1"
"25","Simosaurus","Simosaurus.1"
"26","Hexaprotodon_garyam","Hexaprotodon_garyam.1"
"27","Rodhocetus","Rodhocetus.1"
"28","Spheniscus","Spheniscus.1"
"29","Remingtonocetus","Remingtonocetus.1"
"30","Metryorhynchus","Metryorhynchus.1"
"31","Nothosaurus_mirabilis","Nothosaurus_mirabilis.1"
"32","Nothosaurus_mirabilis","Nothosaurus_mirabilis.2"
"33","Pistosaurus","Pistosaurus.1"
"34","Hexaprotodon_garyam","Hexaprotodon_garyam.2"
"35","Serpianosaurus","Serpianosaurus.1"
"36","Leptophoca_proxima","Leptophoca_proxima.1"
"37","Pistosaurus","Pistosaurus.2"
"38","Paraplacodus","Paraplacodus.1"
"39","Hippopotamus_amphibius","Hippopotamus_amphibius.1"
"40","Spinosaurus_","Spinosaurus_.1"
"41","Spinosaurus_","Spinosaurus_.2"
"42","Spinosaurus_","Spinosaurus_.3"
"43","Spinosaurus_","Spinosaurus_.4"
"44","Spinosaurus_","Spinosaurus_.5"
"45","Spinosaurus_","Spinosaurus_.6"
"46","Spinosaurus_","Spinosaurus_.7"
"47","Spinosaurus_","Spinosaurus_.8"
"48","Spinosaurus_","Spinosaurus_.9"
"49","Spinosaurus_","Spinosaurus_.10"
"50","Spinosaurus_","Spinosaurus_.11"
"51","Suchomimus","Suchomimus.1"
"52","Suchomimus","Suchomimus.2"
"53","Suchomimus","Suchomimus.3"
"54","Baryonyx","Baryonyx.1"
"55","Baryonyx","Baryonyx.2"
"56","Baryonyx","Baryonyx.3"
 
* Phylo tree and the main data and strata files have been modified to include duplicated taxa before the scaled random trees are generated.
* Selected categorical labels column: diving.or.not
* diving.or.equal column is identical to Diving column.
* Regression excludes flying taxa.
* Diving labels that are present in regression: 0,2
* lambda (calculated from a random tree) = : 0.06
* index-name alignment check: OK
