Logfile for a session of program: bootstrap_binary.r
-----------------------------------------------------
INPUT:
workDir: C:/dino_nature/output/2023-11-07-D1\bs/set_874
Nbootstrapsets: 2000
phyloFDAfile: c:/dino_nature/code/phylo.fda.R
auxFile: c:/dino_nature/code/auxiliary.r
boneType: femur
regressionData.file: C:/dino_nature/output/2023-11-07-D1\bs/set_874/femur_set_874.csv
applyDataFilter: FALSE
addTreeTips: TRUE
Ntrees: 100
calculateTrees: TRUE
saveTrees: FALSE


OPERATIONAL CHECKS:
* Regression data contains multiple copies of some taxa (user added variants of existing test taxa 
   or replacements due to bootstrap are present) which are not in the phylo tree:
     original taxon,   duplicate   
"1","Megaloceros_sp","Megaloceros_sp.1"
"2","Rattus_rattus","Rattus_rattus.1"
"3","Dasyurus_maculatus","Dasyurus_maculatus.1"
"4","Cephalophus_silvicultor","Cephalophus_silvicultor.1"
"5","Rhinoceros_sondaicus","Rhinoceros_sondaicus.1"
"6","Felis_felis","Felis_felis.1"
"7","Syncerus_caffer","Syncerus_caffer.1"
"8","Bison_bonasus","Bison_bonasus.1"
"9","Elomeryx_borbonicus_","Elomeryx_borbonicus_.1"
"10","Rhinoceros_sondaicus","Rhinoceros_sondaicus.2"
"11","Myrmecophaga_tridactyla","Myrmecophaga_tridactyla.1"
"12","Nyctereutes_procyonoides","Nyctereutes_procyonoides.1"
"13","Myrmecophaga_tridactyla","Myrmecophaga_tridactyla.2"
"14","Cephalophus_silvicultor","Cephalophus_silvicultor.2"
"15","Felis_felis","Felis_felis.2"
"16","Felis_felis","Felis_felis.3"
"17","Nyctereutes_procyonoides","Nyctereutes_procyonoides.2"
"18","Megaloceros_sp","Megaloceros_sp.2"
"19","Procyon_lotor","Procyon_lotor.1"
"20","Xenicus_giliventris","Xenicus_giliventris.1"
"21","Lama_guanicoe","Lama_guanicoe.1"
"22","Desmana_moschata","Desmana_moschata.1"
"23","Desmana_moschata","Desmana_moschata.2"
"24","Hesperornis","Hesperornis.1"
"25","Placodontia_indet_1","Placodontia_indet_1.1"
"26","Micropotamogale_euwenzorii","Micropotamogale_euwenzorii.1"
"27","Castor_fiber","Castor_fiber.1"
"28","Nothosaurus_mirabilis","Nothosaurus_mirabilis.1"
"29","Castor_fiber","Castor_fiber.2"
"30","Hydromys_chrysogaster","Hydromys_chrysogaster.1"
"31","Paraplacodus","Paraplacodus.1"
"32","Nothosaurus_102","Nothosaurus_102.1"
"33","Micropotamogale_euwenzorii","Micropotamogale_euwenzorii.2"
"34","Otaria_byronia","Otaria_byronia.1"
"35","Neusticosaurus","Neusticosaurus.1"
"36","Ichtyosaur_sp","Ichtyosaur_sp.1"
"37","Ichtyosaur_sp","Ichtyosaur_sp.2"
"38","Psephoderma","Psephoderma.1"
"39","Palaeospheniscus","Palaeospheniscus.1"
"40","Placodontia_indet_1","Placodontia_indet_1.2"
"41","Chapsosaurus_","Chapsosaurus_.1"
"42","Maiacetus","Maiacetus.1"
"43","Alligator","Alligator.1"
"44","Noemys_fodies","Noemys_fodies.1"
"45","Hydromys_chrysogaster","Hydromys_chrysogaster.2"
"46","Spinosaurus_","Spinosaurus_.1"
"47","Spinosaurus_","Spinosaurus_.2"
"48","Spinosaurus_","Spinosaurus_.3"
"49","Spinosaurus_","Spinosaurus_.4"
"50","Spinosaurus_","Spinosaurus_.5"
"51","Spinosaurus_","Spinosaurus_.6"
"52","Spinosaurus_","Spinosaurus_.7"
"53","Spinosaurus_","Spinosaurus_.8"
"54","Spinosaurus_","Spinosaurus_.9"
"55","Spinosaurus_","Spinosaurus_.10"
"56","Spinosaurus_","Spinosaurus_.11"
"57","Suchomimus","Suchomimus.1"
"58","Suchomimus","Suchomimus.2"
"59","Suchomimus","Suchomimus.3"
"60","Baryonyx","Baryonyx.1"
"61","Baryonyx","Baryonyx.2"
"62","Baryonyx","Baryonyx.3"
 
* Phylo tree and the main data and strata files have been modified to include duplicated taxa before the scaled random trees are generated.
* Selected categorical labels column: diving.or.not
* diving.or.equal column is identical to Diving column.
* Regression excludes flying taxa.
* Diving labels that are present in regression: 0,2
* lambda (calculated from a random tree) = : 0.11
* index-name alignment check: OK
