Logfile for a session of program: bootstrap_binary.r
-----------------------------------------------------
INPUT:
workDir: C:/dino_nature/output/2023-11-07-D1\bs/set_731
Nbootstrapsets: 2000
phyloFDAfile: c:/dino_nature/code/phylo.fda.R
auxFile: c:/dino_nature/code/auxiliary.r
boneType: femur
regressionData.file: C:/dino_nature/output/2023-11-07-D1\bs/set_731/femur_set_731.csv
applyDataFilter: FALSE
addTreeTips: TRUE
Ntrees: 100
calculateTrees: TRUE
saveTrees: FALSE


OPERATIONAL CHECKS:
* Regression data contains multiple copies of some taxa (user added variants of existing test taxa 
   or replacements due to bootstrap are present) which are not in the phylo tree:
     original taxon,   duplicate   
"1","Strigiops_habroptilus","Strigiops_habroptilus.1"
"2","Strigiops_habroptilus","Strigiops_habroptilus.2"
"3","Strigiops_habroptilus","Strigiops_habroptilus.3"
"4","Syncerus_caffer","Syncerus_caffer.1"
"5","Tenrec_ecaudatus","Tenrec_ecaudatus.1"
"6","Syncerus_caffer","Syncerus_caffer.2"
"7","Rupicapra_rupicapra","Rupicapra_rupicapra.1"
"8","Mus_musculus","Mus_musculus.1"
"9","Sus_scrofa","Sus_scrofa.1"
"10","Syncerus_caffer","Syncerus_caffer.3"
"11","Mus_musculus","Mus_musculus.2"
"12","Pogona_viceps","Pogona_viceps.1"
"13","Raphus","Raphus.1"
"14","Sus_scrofa","Sus_scrofa.2"
"15","Elephas_maximus","Elephas_maximus.1"
"16","Tamandua_tetradactyla","Tamandua_tetradactyla.1"
"17","Sphenodon_punctatus","Sphenodon_punctatus.1"
"18","Sus_scrofa","Sus_scrofa.3"
"19","Raphus","Raphus.2"
"20","Callophoca_obscura","Callophoca_obscura.1"
"21","Ornithorhynchus_anatinus","Ornithorhynchus_anatinus.1"
"22","Nanophoca_vitulinoides","Nanophoca_vitulinoides.1"
"23","Ichtyosaur_sp","Ichtyosaur_sp.1"
"24","Desmostylus_hesperus","Desmostylus_hesperus.1"
"25","Simosaurus_1","Simosaurus_1.1"
"26","Nothosaurus_mirabilis","Nothosaurus_mirabilis.1"
"27","Small_Eocene_penguin","Small_Eocene_penguin.1"
"28","Spheniscus","Spheniscus.1"
"29","Neusticosaurus","Neusticosaurus.1"
"30","Phalacrocorax_harrisi","Phalacrocorax_harrisi.1"
"31","Ichtyosaur_sp","Ichtyosaur_sp.2"
"32","Nothosaurus_568","Nothosaurus_568.1"
"33","Ichtyosaur_sp","Ichtyosaur_sp.3"
"34","Desmostylus_hesperus","Desmostylus_hesperus.2"
"35","Caiman_yacare","Caiman_yacare.1"
"36","Neusticosaurus","Neusticosaurus.2"
"37","Nanophoca_vitulinoides","Nanophoca_vitulinoides.2"
"38","Tapirus_terrestris","Tapirus_terrestris.1"
"39","Nothosaurus_150","Nothosaurus_150.1"
"40","Leptophoca_proxima","Leptophoca_proxima.1"
"41","Phalacrocorax_harrisi","Phalacrocorax_harrisi.2"
"42","Remingtonocetus","Remingtonocetus.1"
"43","Spinosaurus_","Spinosaurus_.1"
"44","Spinosaurus_","Spinosaurus_.2"
"45","Spinosaurus_","Spinosaurus_.3"
"46","Spinosaurus_","Spinosaurus_.4"
"47","Spinosaurus_","Spinosaurus_.5"
"48","Spinosaurus_","Spinosaurus_.6"
"49","Spinosaurus_","Spinosaurus_.7"
"50","Spinosaurus_","Spinosaurus_.8"
"51","Spinosaurus_","Spinosaurus_.9"
"52","Spinosaurus_","Spinosaurus_.10"
"53","Spinosaurus_","Spinosaurus_.11"
"54","Suchomimus","Suchomimus.1"
"55","Suchomimus","Suchomimus.2"
"56","Suchomimus","Suchomimus.3"
"57","Baryonyx","Baryonyx.1"
"58","Baryonyx","Baryonyx.2"
"59","Baryonyx","Baryonyx.3"
 
* Phylo tree and the main data and strata files have been modified to include duplicated taxa before the scaled random trees are generated.
* Selected categorical labels column: diving.or.not
* diving.or.equal column is identical to Diving column.
* Regression excludes flying taxa.
* Diving labels that are present in regression: 0,2
* lambda (calculated from a random tree) = : 0.08
* index-name alignment check: OK
