Logfile for a session of program: bootstrap_binary.r
-----------------------------------------------------
INPUT:
workDir: C:/dino_nature/output/2023-11-07-D1\bs/set_1042
Nbootstrapsets: 2000
phyloFDAfile: c:/dino_nature/code/phylo.fda.R
auxFile: c:/dino_nature/code/auxiliary.r
boneType: femur
regressionData.file: C:/dino_nature/output/2023-11-07-D1\bs/set_1042/femur_set_1042.csv
applyDataFilter: FALSE
addTreeTips: TRUE
Ntrees: 100
calculateTrees: TRUE
saveTrees: FALSE


OPERATIONAL CHECKS:
* Regression data contains multiple copies of some taxa (user added variants of existing test taxa 
   or replacements due to bootstrap are present) which are not in the phylo tree:
     original taxon,   duplicate   
"1","Apteryx_australis","Apteryx_australis.1"
"2","Vulpes_vulpes","Vulpes_vulpes.1"
"3","Vulpes_vulpes","Vulpes_vulpes.2"
"4","Giraffa_camelopardalis","Giraffa_camelopardalis.1"
"5","Dicerorhinus_sumatrensis","Dicerorhinus_sumatrensis.1"
"6","Tamandua_tetradactyla","Tamandua_tetradactyla.1"
"7","Sphenodon_punctatus","Sphenodon_punctatus.1"
"8","Procavia_capensis","Procavia_capensis.1"
"9","Euroscaptor_micrura","Euroscaptor_micrura.1"
"10","Ceratotherium_simum","Ceratotherium_simum.1"
"11","Mustela_nivalis","Mustela_nivalis.1"
"12","Procavia_capensis","Procavia_capensis.2"
"13","Rupicapra_rupicapra","Rupicapra_rupicapra.1"
"14","Cephalophus_silvicultor","Cephalophus_silvicultor.1"
"15","Uncia_uncia","Uncia_uncia.1"
"16","Megaloceros_sp","Megaloceros_sp.1"
"17","Nyctereutes_procyonoides","Nyctereutes_procyonoides.1"
"18","Nothosaurus_568","Nothosaurus_568.1"
"19","Otaria_byronia","Otaria_byronia.1"
"20","Hesperornis","Hesperornis.1"
"21","Castor_fiber","Castor_fiber.1"
"22","Paraplacodus","Paraplacodus.1"
"23","Hesperornis","Hesperornis.2"
"24","Maiacetus","Maiacetus.1"
"25","Castor_fiber","Castor_fiber.2"
"26","Pistosaurus","Pistosaurus.1"
"27","Neusticosaurus","Neusticosaurus.1"
"28","Simosaurus_1","Simosaurus_1.1"
"29","Pistosaurus","Pistosaurus.2"
"30","Neusticosaurus","Neusticosaurus.2"
"31","Chironectes_minimus","Chironectes_minimus.1"
"32","Nothosaurus_102","Nothosaurus_102.1"
"33","Rhaeticosaurus","Rhaeticosaurus.1"
"34","Otaria_byronia","Otaria_byronia.2"
"35","large_eocene_stem_penguin","large_eocene_stem_penguin.1"
"36","Aptenodytes______","Aptenodytes______.1"
"37","Pistosaurus","Pistosaurus.3"
"38","Desmostylus_hesperus","Desmostylus_hesperus.1"
"39","Desmana_moschata","Desmana_moschata.1"
"40","Nothosaurus_568","Nothosaurus_568.2"
"41","Spinosaurus_","Spinosaurus_.1"
"42","Spinosaurus_","Spinosaurus_.2"
"43","Spinosaurus_","Spinosaurus_.3"
"44","Spinosaurus_","Spinosaurus_.4"
"45","Spinosaurus_","Spinosaurus_.5"
"46","Spinosaurus_","Spinosaurus_.6"
"47","Spinosaurus_","Spinosaurus_.7"
"48","Spinosaurus_","Spinosaurus_.8"
"49","Spinosaurus_","Spinosaurus_.9"
"50","Spinosaurus_","Spinosaurus_.10"
"51","Spinosaurus_","Spinosaurus_.11"
"52","Suchomimus","Suchomimus.1"
"53","Suchomimus","Suchomimus.2"
"54","Suchomimus","Suchomimus.3"
"55","Baryonyx","Baryonyx.1"
"56","Baryonyx","Baryonyx.2"
"57","Baryonyx","Baryonyx.3"
 
* Phylo tree and the main data and strata files have been modified to include duplicated taxa before the scaled random trees are generated.
* Selected categorical labels column: diving.or.not
* diving.or.equal column is identical to Diving column.
* Regression excludes flying taxa.
* Diving labels that are present in regression: 0,2
* lambda (calculated from a random tree) = : 0.1
* index-name alignment check: OK
