Logfile for a session of program: bootstrap_binary.r
-----------------------------------------------------
INPUT:
workDir: C:/dino_nature/output/2023-11-07-D1\bs/set_370
Nbootstrapsets: 2000
phyloFDAfile: c:/dino_nature/code/phylo.fda.R
auxFile: c:/dino_nature/code/auxiliary.r
boneType: femur
regressionData.file: C:/dino_nature/output/2023-11-07-D1\bs/set_370/femur_set_370.csv
applyDataFilter: FALSE
addTreeTips: TRUE
Ntrees: 100
calculateTrees: TRUE
saveTrees: FALSE


OPERATIONAL CHECKS:
* Regression data contains multiple copies of some taxa (user added variants of existing test taxa 
   or replacements due to bootstrap are present) which are not in the phylo tree:
     original taxon,   duplicate   
"1","Uncia_uncia","Uncia_uncia.1"
"2","Procyon_lotor","Procyon_lotor.1"
"3","Xenicus_giliventris","Xenicus_giliventris.1"
"4","Xenicus_giliventris","Xenicus_giliventris.2"
"5","Strigiops_habroptilus","Strigiops_habroptilus.1"
"6","Uncia_uncia","Uncia_uncia.2"
"7","Sus_scrofa","Sus_scrofa.1"
"8","Mammuthus_sp","Mammuthus_sp.1"
"9","Atlantisia_rogersi","Atlantisia_rogersi.1"
"10","Rattus_rattus","Rattus_rattus.1"
"11","Apteryx_australis","Apteryx_australis.1"
"12","Pogona_viceps","Pogona_viceps.1"
"13","Rhynchocyon_petersi","Rhynchocyon_petersi.1"
"14","Tenrec_ecaudatus","Tenrec_ecaudatus.1"
"15","Capreolus_capreolus","Capreolus_capreolus.1"
"16","Rangifer_tarandus","Rangifer_tarandus.1"
"17","Ceratotherium_simum","Ceratotherium_simum.1"
"18","Atlantisia_rogersi","Atlantisia_rogersi.2"
"19","Capreolus_capreolus","Capreolus_capreolus.2"
"20","Rangifer_tarandus","Rangifer_tarandus.2"
"21","Nothosaurus_102","Nothosaurus_102.1"
"22","Caiman_yacare","Caiman_yacare.1"
"23","Nothosaurus_102","Nothosaurus_102.2"
"24","Dyrosaurid","Dyrosaurid.1"
"25","Serpianosaurus","Serpianosaurus.1"
"26","Paraplacodus","Paraplacodus.1"
"27","Hesperornis","Hesperornis.1"
"28","Remingtonocetus","Remingtonocetus.1"
"29","Dyrosaurid","Dyrosaurid.2"
"30","Nothosaurus_150","Nothosaurus_150.1"
"31","Ichtyosaurus_","Ichtyosaurus_.1"
"32","Callophoca_obscura","Callophoca_obscura.1"
"33","Cryptoclidus","Cryptoclidus.1"
"34","Paraplacodus","Paraplacodus.2"
"35","Paraplacodus","Paraplacodus.3"
"36","Nothosaurus_giganteus","Nothosaurus_giganteus.1"
"37","Desmana_moschata","Desmana_moschata.1"
"38","Nothosaurus_102","Nothosaurus_102.3"
"39","Paraplacodus","Paraplacodus.4"
"40","Nothosaurus_150","Nothosaurus_150.2"
"41","Caiman_yacare","Caiman_yacare.2"
"42","Micropotamogale_euwenzorii","Micropotamogale_euwenzorii.1"
"43","Callophoca_obscura","Callophoca_obscura.2"
"44","Spinosaurus_","Spinosaurus_.1"
"45","Spinosaurus_","Spinosaurus_.2"
"46","Spinosaurus_","Spinosaurus_.3"
"47","Spinosaurus_","Spinosaurus_.4"
"48","Spinosaurus_","Spinosaurus_.5"
"49","Spinosaurus_","Spinosaurus_.6"
"50","Spinosaurus_","Spinosaurus_.7"
"51","Spinosaurus_","Spinosaurus_.8"
"52","Spinosaurus_","Spinosaurus_.9"
"53","Spinosaurus_","Spinosaurus_.10"
"54","Spinosaurus_","Spinosaurus_.11"
"55","Suchomimus","Suchomimus.1"
"56","Suchomimus","Suchomimus.2"
"57","Suchomimus","Suchomimus.3"
"58","Baryonyx","Baryonyx.1"
"59","Baryonyx","Baryonyx.2"
"60","Baryonyx","Baryonyx.3"
 
* Phylo tree and the main data and strata files have been modified to include duplicated taxa before the scaled random trees are generated.
* Selected categorical labels column: diving.or.not
* diving.or.equal column is identical to Diving column.
* Regression excludes flying taxa.
* Diving labels that are present in regression: 0,2
* lambda (calculated from a random tree) = : 0.1
* index-name alignment check: OK
