Logfile for a session of program: bootstrap_binary.r
-----------------------------------------------------
INPUT:
workDir: C:/dino_nature/output/2023-11-07-D1\bs/set_1447
Nbootstrapsets: 2000
phyloFDAfile: c:/dino_nature/code/phylo.fda.R
auxFile: c:/dino_nature/code/auxiliary.r
boneType: femur
regressionData.file: C:/dino_nature/output/2023-11-07-D1\bs/set_1447/femur_set_1447.csv
applyDataFilter: FALSE
addTreeTips: TRUE
Ntrees: 100
calculateTrees: TRUE
saveTrees: FALSE


OPERATIONAL CHECKS:
* Regression data contains multiple copies of some taxa (user added variants of existing test taxa 
   or replacements due to bootstrap are present) which are not in the phylo tree:
     original taxon,   duplicate   
"1","Tenrec_ecaudatus","Tenrec_ecaudatus.1"
"2","Raphus","Raphus.1"
"3","Giraffa_camelopardalis","Giraffa_camelopardalis.1"
"4","Lacerta_viridis","Lacerta_viridis.1"
"5","Giraffa_camelopardalis","Giraffa_camelopardalis.2"
"6","Monodelphis_domestica","Monodelphis_domestica.1"
"7","Monodelphis_domestica","Monodelphis_domestica.2"
"8","Mammuthus_sp","Mammuthus_sp.1"
"9","Giraffa_camelopardalis","Giraffa_camelopardalis.3"
"10","Strigiops_habroptilus","Strigiops_habroptilus.1"
"11","Bos_taurus","Bos_taurus.1"
"12","Hemiechinus_azurites","Hemiechinus_azurites.1"
"13","Tenrec_ecaudatus","Tenrec_ecaudatus.2"
"14","Microgale_thomasi","Microgale_thomasi.1"
"15","Elomeryx_borbonicus_","Elomeryx_borbonicus_.1"
"16","Raphus","Raphus.2"
"17","Microgale_thomasi","Microgale_thomasi.2"
"18","Sus_scrofa","Sus_scrofa.1"
"19","Elomeryx_borbonicus_","Elomeryx_borbonicus_.2"
"20","Sphenodon_punctatus","Sphenodon_punctatus.1"
"21","Euroscaptor_micrura","Euroscaptor_micrura.1"
"22","Strigiops_habroptilus","Strigiops_habroptilus.2"
"23","Megaloceros_sp","Megaloceros_sp.1"
"24","Rhaeticosaurus","Rhaeticosaurus.1"
"25","Pistosaurus","Pistosaurus.1"
"26","Noemys_fodies","Noemys_fodies.1"
"27","Serpianosaurus","Serpianosaurus.1"
"28","Otaria_byronia","Otaria_byronia.1"
"29","Rhaeticosaurus","Rhaeticosaurus.2"
"30","Noemys_fodies","Noemys_fodies.2"
"31","Nothosaurus_mirabilis_1","Nothosaurus_mirabilis_1.1"
"32","Ichtyosaur_sp","Ichtyosaur_sp.1"
"33","Placodontia_indet_1","Placodontia_indet_1.1"
"34","Otaria_byronia","Otaria_byronia.2"
"35","Placodontia_indet_1","Placodontia_indet_1.2"
"36","Hesperornis","Hesperornis.1"
"37","Small_Eocene_penguin","Small_Eocene_penguin.1"
"38","Ichtyosaur_sp","Ichtyosaur_sp.2"
"39","Cricosaurus","Cricosaurus.1"
"40","Hesperornis","Hesperornis.2"
"41","Choeropsis_liberiensis","Choeropsis_liberiensis.1"
"42","Psephoderma","Psephoderma.1"
"43","Nothosaurus_giganteus","Nothosaurus_giganteus.1"
"44","Noemys_fodies","Noemys_fodies.3"
"45","Nothosaurus_giganteus","Nothosaurus_giganteus.2"
"46","Spinosaurus_","Spinosaurus_.1"
"47","Spinosaurus_","Spinosaurus_.2"
"48","Spinosaurus_","Spinosaurus_.3"
"49","Spinosaurus_","Spinosaurus_.4"
"50","Spinosaurus_","Spinosaurus_.5"
"51","Spinosaurus_","Spinosaurus_.6"
"52","Spinosaurus_","Spinosaurus_.7"
"53","Spinosaurus_","Spinosaurus_.8"
"54","Spinosaurus_","Spinosaurus_.9"
"55","Spinosaurus_","Spinosaurus_.10"
"56","Spinosaurus_","Spinosaurus_.11"
"57","Suchomimus","Suchomimus.1"
"58","Suchomimus","Suchomimus.2"
"59","Suchomimus","Suchomimus.3"
"60","Baryonyx","Baryonyx.1"
"61","Baryonyx","Baryonyx.2"
"62","Baryonyx","Baryonyx.3"
 
* Phylo tree and the main data and strata files have been modified to include duplicated taxa before the scaled random trees are generated.
* Selected categorical labels column: diving.or.not
* diving.or.equal column is identical to Diving column.
* Regression excludes flying taxa.
* Diving labels that are present in regression: 0,2
* lambda (calculated from a random tree) = : 0.12
* index-name alignment check: OK
