Logfile for a session of program: bootstrap_binary.r
-----------------------------------------------------
INPUT:
workDir: C:/dino_nature/output/2023-11-07-D1\bs/set_240
Nbootstrapsets: 2000
phyloFDAfile: c:/dino_nature/code/phylo.fda.R
auxFile: c:/dino_nature/code/auxiliary.r
boneType: femur
regressionData.file: C:/dino_nature/output/2023-11-07-D1\bs/set_240/femur_set_240.csv
applyDataFilter: FALSE
addTreeTips: TRUE
Ntrees: 100
calculateTrees: TRUE
saveTrees: FALSE


OPERATIONAL CHECKS:
* Regression data contains multiple copies of some taxa (user added variants of existing test taxa 
   or replacements due to bootstrap are present) which are not in the phylo tree:
     original taxon,   duplicate   
"1","Loxodonta_africana","Loxodonta_africana.1"
"2","Elephas_maximus","Elephas_maximus.1"
"3","Raphus","Raphus.1"
"4","Elomeryx_borbonicus_","Elomeryx_borbonicus_.1"
"5","Diplomesodon_pulchellum","Diplomesodon_pulchellum.1"
"6","Okapia_johnstoni","Okapia_johnstoni.1"
"7","Felis_felis","Felis_felis.1"
"8","Diplomesodon_pulchellum","Diplomesodon_pulchellum.2"
"9","Mustela_nivalis","Mustela_nivalis.1"
"10","Rangifer_tarandus","Rangifer_tarandus.1"
"11","Vulpes_vulpes","Vulpes_vulpes.1"
"12","Apteryx_australis","Apteryx_australis.1"
"13","Okapia_johnstoni","Okapia_johnstoni.2"
"14","Diplomesodon_pulchellum","Diplomesodon_pulchellum.3"
"15","Dromaius_","Dromaius_.1"
"16","Xenicus_giliventris","Xenicus_giliventris.1"
"17","Tamandua_tetradactyla","Tamandua_tetradactyla.1"
"18","Lama_guanicoe","Lama_guanicoe.1"
"19","Raphus","Raphus.2"
"20","Paguma_larvata","Paguma_larvata.1"
"21","Loxodonta_africana","Loxodonta_africana.2"
"22","Hydromys_chrysogaster","Hydromys_chrysogaster.1"
"23","Protochampsidae","Protochampsidae.1"
"24","Rodhocetus","Rodhocetus.1"
"25","Hydromys_chrysogaster","Hydromys_chrysogaster.2"
"26","Rhaeticosaurus","Rhaeticosaurus.1"
"27","Leptophoca_proxima","Leptophoca_proxima.1"
"28","Champsosaurus","Champsosaurus.1"
"29","Choeropsis_liberiensis","Choeropsis_liberiensis.1"
"30","Palaeospheniscus","Palaeospheniscus.1"
"31","Palaeospheniscus","Palaeospheniscus.2"
"32","Palaeospheniscus","Palaeospheniscus.3"
"33","Choeropsis_liberiensis","Choeropsis_liberiensis.2"
"34","Nothosaurus_giganteus","Nothosaurus_giganteus.1"
"35","Castor_fiber","Castor_fiber.1"
"36","Cryptoclidus","Cryptoclidus.1"
"37","Chapsosaurus_","Chapsosaurus_.1"
"38","Hippopotamus_amphibius","Hippopotamus_amphibius.1"
"39","Hesperornis","Hesperornis.1"
"40","Ichtyosaur_sp","Ichtyosaur_sp.1"
"41","Protochampsidae","Protochampsidae.2"
"42","Champsosaurus","Champsosaurus.2"
"43","Hippopotamus_amphibius","Hippopotamus_amphibius.2"
"44","Hydromys_chrysogaster","Hydromys_chrysogaster.3"
"45","Cryptoclidus","Cryptoclidus.2"
"46","Hydromys_chrysogaster","Hydromys_chrysogaster.4"
"47","Spinosaurus_","Spinosaurus_.1"
"48","Spinosaurus_","Spinosaurus_.2"
"49","Spinosaurus_","Spinosaurus_.3"
"50","Spinosaurus_","Spinosaurus_.4"
"51","Spinosaurus_","Spinosaurus_.5"
"52","Spinosaurus_","Spinosaurus_.6"
"53","Spinosaurus_","Spinosaurus_.7"
"54","Spinosaurus_","Spinosaurus_.8"
"55","Spinosaurus_","Spinosaurus_.9"
"56","Spinosaurus_","Spinosaurus_.10"
"57","Spinosaurus_","Spinosaurus_.11"
"58","Suchomimus","Suchomimus.1"
"59","Suchomimus","Suchomimus.2"
"60","Suchomimus","Suchomimus.3"
"61","Baryonyx","Baryonyx.1"
"62","Baryonyx","Baryonyx.2"
"63","Baryonyx","Baryonyx.3"
 
* Phylo tree and the main data and strata files have been modified to include duplicated taxa before the scaled random trees are generated.
* Selected categorical labels column: diving.or.not
* diving.or.equal column is identical to Diving column.
* Regression excludes flying taxa.
* Diving labels that are present in regression: 0,2
* lambda (calculated from a random tree) = : 0.17
* index-name alignment check: OK
