Logfile for a session of program: bootstrap_binary.r
-----------------------------------------------------
INPUT:
workDir: C:/dino_nature/output/2023-11-07-D1\bs/set_917
Nbootstrapsets: 2000
phyloFDAfile: c:/dino_nature/code/phylo.fda.R
auxFile: c:/dino_nature/code/auxiliary.r
boneType: femur
regressionData.file: C:/dino_nature/output/2023-11-07-D1\bs/set_917/femur_set_917.csv
applyDataFilter: FALSE
addTreeTips: TRUE
Ntrees: 100
calculateTrees: TRUE
saveTrees: FALSE


OPERATIONAL CHECKS:
* Regression data contains multiple copies of some taxa (user added variants of existing test taxa 
   or replacements due to bootstrap are present) which are not in the phylo tree:
     original taxon,   duplicate   
"1","Strigiops_habroptilus","Strigiops_habroptilus.1"
"2","Okapia_johnstoni","Okapia_johnstoni.1"
"3","Okapia_johnstoni","Okapia_johnstoni.2"
"4","Rupicapra_rupicapra","Rupicapra_rupicapra.1"
"5","Monodelphis_domestica","Monodelphis_domestica.1"
"6","Loxodonta_africana","Loxodonta_africana.1"
"7","Rupicapra_rupicapra","Rupicapra_rupicapra.2"
"8","Ceratotherium_simum","Ceratotherium_simum.1"
"9","Mus_musculus","Mus_musculus.1"
"10","Dromaius_","Dromaius_.1"
"11","Monodelphis_domestica","Monodelphis_domestica.2"
"12","Lacerta_viridis","Lacerta_viridis.1"
"13","Meles_meles","Meles_meles.1"
"14","Meles_meles","Meles_meles.2"
"15","Felis_felis","Felis_felis.1"
"16","Dromaius_","Dromaius_.2"
"17","Dama_dama","Dama_dama.1"
"18","Capreolus_capreolus","Capreolus_capreolus.1"
"19","Procyon_lotor","Procyon_lotor.1"
"20","Euroscaptor_micrura","Euroscaptor_micrura.1"
"21","Okapia_johnstoni","Okapia_johnstoni.3"
"22","Felis_felis","Felis_felis.2"
"23","Paguma_larvata","Paguma_larvata.1"
"24","Spheniscus","Spheniscus.1"
"25","Serpianosaurus","Serpianosaurus.1"
"26","large_eocene_stem_penguin","large_eocene_stem_penguin.1"
"27","Nothosaurus_568","Nothosaurus_568.1"
"28","Nothosaurus_150","Nothosaurus_150.1"
"29","Hippopotamus_amphibius","Hippopotamus_amphibius.1"
"30","Nothosaurus_mirabilis_1","Nothosaurus_mirabilis_1.1"
"31","Remingtonocetus","Remingtonocetus.1"
"32","Hippopotamus_amphibius","Hippopotamus_amphibius.2"
"33","Nothosaurus_150","Nothosaurus_150.2"
"34","Nothosaurus_mirabilis","Nothosaurus_mirabilis.1"
"35","Rhaeticosaurus","Rhaeticosaurus.1"
"36","Remingtonocetus","Remingtonocetus.2"
"37","Serpianosaurus","Serpianosaurus.2"
"38","Nanophoca_vitulinoides","Nanophoca_vitulinoides.1"
"39","Palaeospheniscus","Palaeospheniscus.1"
"40","Hippopotamus_amphibius","Hippopotamus_amphibius.3"
"41","Palaeospheniscus","Palaeospheniscus.2"
"42","Hydromys_chrysogaster","Hydromys_chrysogaster.1"
"43","Spheniscus","Spheniscus.2"
"44","Spinosaurus_","Spinosaurus_.1"
"45","Spinosaurus_","Spinosaurus_.2"
"46","Spinosaurus_","Spinosaurus_.3"
"47","Spinosaurus_","Spinosaurus_.4"
"48","Spinosaurus_","Spinosaurus_.5"
"49","Spinosaurus_","Spinosaurus_.6"
"50","Spinosaurus_","Spinosaurus_.7"
"51","Spinosaurus_","Spinosaurus_.8"
"52","Spinosaurus_","Spinosaurus_.9"
"53","Spinosaurus_","Spinosaurus_.10"
"54","Spinosaurus_","Spinosaurus_.11"
"55","Suchomimus","Suchomimus.1"
"56","Suchomimus","Suchomimus.2"
"57","Suchomimus","Suchomimus.3"
"58","Baryonyx","Baryonyx.1"
"59","Baryonyx","Baryonyx.2"
"60","Baryonyx","Baryonyx.3"
 
* Phylo tree and the main data and strata files have been modified to include duplicated taxa before the scaled random trees are generated.
* Selected categorical labels column: diving.or.not
* diving.or.equal column is identical to Diving column.
* Regression excludes flying taxa.
* Diving labels that are present in regression: 0,2
* lambda (calculated from a random tree) = : 0.1
* index-name alignment check: OK
