Logfile for a session of program: bootstrap_binary.r
-----------------------------------------------------
INPUT:
workDir: C:/dino_nature/output/2023-11-07-D1\bs/set_1125
Nbootstrapsets: 2000
phyloFDAfile: c:/dino_nature/code/phylo.fda.R
auxFile: c:/dino_nature/code/auxiliary.r
boneType: femur
regressionData.file: C:/dino_nature/output/2023-11-07-D1\bs/set_1125/femur_set_1125.csv
applyDataFilter: FALSE
addTreeTips: TRUE
Ntrees: 100
calculateTrees: TRUE
saveTrees: FALSE


OPERATIONAL CHECKS:
* Regression data contains multiple copies of some taxa (user added variants of existing test taxa 
   or replacements due to bootstrap are present) which are not in the phylo tree:
     original taxon,   duplicate   
"1","Bos_taurus","Bos_taurus.1"
"2","Bos_taurus","Bos_taurus.2"
"3","Atlantisia_rogersi","Atlantisia_rogersi.1"
"4","Pogona_viceps","Pogona_viceps.1"
"5","Caloenas_nicobarica","Caloenas_nicobarica.1"
"6","Pogona_viceps","Pogona_viceps.2"
"7","Atlantisia_rogersi","Atlantisia_rogersi.2"
"8","Capreolus_capreolus","Capreolus_capreolus.1"
"9","Procyon_lotor","Procyon_lotor.1"
"10","Procavia_capensis","Procavia_capensis.1"
"11","Dasyurus_maculatus","Dasyurus_maculatus.1"
"12","Dromaius_","Dromaius_.1"
"13","Cephalophus_silvicultor","Cephalophus_silvicultor.1"
"14","Atlantisia_rogersi","Atlantisia_rogersi.3"
"15","Procavia_capensis","Procavia_capensis.2"
"16","Dasyurus_maculatus","Dasyurus_maculatus.2"
"17","Apteryx_australis","Apteryx_australis.1"
"18","Procavia_capensis","Procavia_capensis.3"
"19","Euroscaptor_micrura","Euroscaptor_micrura.1"
"20","Xenicus_giliventris","Xenicus_giliventris.1"
"21","Sus_scrofa","Sus_scrofa.1"
"22","Loxodonta_africana","Loxodonta_africana.1"
"23","Apteryx_australis","Apteryx_australis.2"
"24","Psephoderma","Psephoderma.1"
"25","Desmana_moschata","Desmana_moschata.1"
"26","Phocanella_pumila","Phocanella_pumila.1"
"27","Nothosaurus_150","Nothosaurus_150.1"
"28","Nothosaurus_mirabilis_1","Nothosaurus_mirabilis_1.1"
"29","Maiacetus","Maiacetus.1"
"30","Paraplacodus","Paraplacodus.1"
"31","Palaeospheniscus","Palaeospheniscus.1"
"32","Paraplacodus","Paraplacodus.2"
"33","Micropotamogale_euwenzorii","Micropotamogale_euwenzorii.1"
"34","Paraplacodus","Paraplacodus.3"
"35","Nothosaurus_102","Nothosaurus_102.1"
"36","Tapirus_terrestris","Tapirus_terrestris.1"
"37","Lutra_vulgaris","Lutra_vulgaris.1"
"38","large_eocene_stem_penguin","large_eocene_stem_penguin.1"
"39","Chironectes_minimus","Chironectes_minimus.1"
"40","Caiman_yacare","Caiman_yacare.1"
"41","Protochampsidae","Protochampsidae.1"
"42","Palaeospheniscus","Palaeospheniscus.2"
"43","Protochampsidae","Protochampsidae.2"
"44","Spinosaurus_","Spinosaurus_.1"
"45","Spinosaurus_","Spinosaurus_.2"
"46","Spinosaurus_","Spinosaurus_.3"
"47","Spinosaurus_","Spinosaurus_.4"
"48","Spinosaurus_","Spinosaurus_.5"
"49","Spinosaurus_","Spinosaurus_.6"
"50","Spinosaurus_","Spinosaurus_.7"
"51","Spinosaurus_","Spinosaurus_.8"
"52","Spinosaurus_","Spinosaurus_.9"
"53","Spinosaurus_","Spinosaurus_.10"
"54","Spinosaurus_","Spinosaurus_.11"
"55","Suchomimus","Suchomimus.1"
"56","Suchomimus","Suchomimus.2"
"57","Suchomimus","Suchomimus.3"
"58","Baryonyx","Baryonyx.1"
"59","Baryonyx","Baryonyx.2"
"60","Baryonyx","Baryonyx.3"
 
* Phylo tree and the main data and strata files have been modified to include duplicated taxa before the scaled random trees are generated.
* Selected categorical labels column: diving.or.not
* diving.or.equal column is identical to Diving column.
* Regression excludes flying taxa.
* Diving labels that are present in regression: 0,2
* lambda (calculated from a random tree) = : 0.09
* index-name alignment check: OK
