Logfile for a session of program: bootstrap_binary.r
-----------------------------------------------------
INPUT:
workDir: C:/dino_nature/output/2023-11-07-D1\bs/set_988
Nbootstrapsets: 2000
phyloFDAfile: c:/dino_nature/code/phylo.fda.R
auxFile: c:/dino_nature/code/auxiliary.r
boneType: femur
regressionData.file: C:/dino_nature/output/2023-11-07-D1\bs/set_988/femur_set_988.csv
applyDataFilter: FALSE
addTreeTips: TRUE
Ntrees: 100
calculateTrees: TRUE
saveTrees: FALSE


OPERATIONAL CHECKS:
* Regression data contains multiple copies of some taxa (user added variants of existing test taxa 
   or replacements due to bootstrap are present) which are not in the phylo tree:
     original taxon,   duplicate   
"1","Cephalophus_silvicultor","Cephalophus_silvicultor.1"
"2","Sphenodon_punctatus","Sphenodon_punctatus.1"
"3","Sphenodon_punctatus","Sphenodon_punctatus.2"
"4","Raphus","Raphus.1"
"5","Porphyrio_hochstetteri","Porphyrio_hochstetteri.1"
"6","Loxodonta_africana","Loxodonta_africana.1"
"7","Dicerorhinus_sumatrensis","Dicerorhinus_sumatrensis.1"
"8","Tenrec_ecaudatus","Tenrec_ecaudatus.1"
"9","Porphyrio_hochstetteri","Porphyrio_hochstetteri.2"
"10","Tribonyx_mortieri","Tribonyx_mortieri.1"
"11","Porphyrio_hochstetteri","Porphyrio_hochstetteri.3"
"12","Syncerus_caffer","Syncerus_caffer.1"
"13","Procyon_lotor","Procyon_lotor.1"
"14","Rynochetus_jubatus","Rynochetus_jubatus.1"
"15","Mustela_nivalis","Mustela_nivalis.1"
"16","Uncia_uncia","Uncia_uncia.1"
"17","Rhinoceros_sondaicus","Rhinoceros_sondaicus.1"
"18","Diplomesodon_pulchellum","Diplomesodon_pulchellum.1"
"19","Capreolus_capreolus","Capreolus_capreolus.1"
"20","Lacerta_viridis","Lacerta_viridis.1"
"21","Diplomesodon_pulchellum","Diplomesodon_pulchellum.2"
"22","Rattus_rattus","Rattus_rattus.1"
"23","Paraplacodus","Paraplacodus.1"
"24","Paraplacodus","Paraplacodus.2"
"25","Placondontia_indet","Placondontia_indet.1"
"26","Ichtyosaur_sp","Ichtyosaur_sp.1"
"27","Neusticosaurus","Neusticosaurus.1"
"28","Noemys_fodies","Noemys_fodies.1"
"29","Spheniscus","Spheniscus.1"
"30","Lutra_vulgaris","Lutra_vulgaris.1"
"31","Desmana_moschata","Desmana_moschata.1"
"32","Castor_fiber","Castor_fiber.1"
"33","Nothosaurus_mirabilis_1","Nothosaurus_mirabilis_1.1"
"34","Aptenodytes______","Aptenodytes______.1"
"35","Castor_fiber","Castor_fiber.2"
"36","Champsosaurus","Champsosaurus.1"
"37","Nothosaurus_mirabilis_1","Nothosaurus_mirabilis_1.2"
"38","Phocanella_pumila","Phocanella_pumila.1"
"39","Paraplacodus","Paraplacodus.3"
"40","Nothosaurus_150","Nothosaurus_150.1"
"41","Lutra_vulgaris","Lutra_vulgaris.2"
"42","Nothosaurus_150","Nothosaurus_150.2"
"43","Ichtyosaur_sp","Ichtyosaur_sp.2"
"44","Leptophoca_proxima","Leptophoca_proxima.1"
"45","Hippopotamus_amphibius","Hippopotamus_amphibius.1"
"46","Nothosaurus_102","Nothosaurus_102.1"
"47","Spinosaurus_","Spinosaurus_.1"
"48","Spinosaurus_","Spinosaurus_.2"
"49","Spinosaurus_","Spinosaurus_.3"
"50","Spinosaurus_","Spinosaurus_.4"
"51","Spinosaurus_","Spinosaurus_.5"
"52","Spinosaurus_","Spinosaurus_.6"
"53","Spinosaurus_","Spinosaurus_.7"
"54","Spinosaurus_","Spinosaurus_.8"
"55","Spinosaurus_","Spinosaurus_.9"
"56","Spinosaurus_","Spinosaurus_.10"
"57","Spinosaurus_","Spinosaurus_.11"
"58","Suchomimus","Suchomimus.1"
"59","Suchomimus","Suchomimus.2"
"60","Suchomimus","Suchomimus.3"
"61","Baryonyx","Baryonyx.1"
"62","Baryonyx","Baryonyx.2"
"63","Baryonyx","Baryonyx.3"
 
* Phylo tree and the main data and strata files have been modified to include duplicated taxa before the scaled random trees are generated.
* Selected categorical labels column: diving.or.not
* diving.or.equal column is identical to Diving column.
* Regression excludes flying taxa.
* Diving labels that are present in regression: 0,2
* lambda (calculated from a random tree) = : 0.1
* index-name alignment check: OK
