Logfile for a session of program: bootstrap_binary.r
-----------------------------------------------------
INPUT:
workDir: C:/dino_nature/output/2023-11-07-D1\bs/set_1289
Nbootstrapsets: 2000
phyloFDAfile: c:/dino_nature/code/phylo.fda.R
auxFile: c:/dino_nature/code/auxiliary.r
boneType: femur
regressionData.file: C:/dino_nature/output/2023-11-07-D1\bs/set_1289/femur_set_1289.csv
applyDataFilter: FALSE
addTreeTips: TRUE
Ntrees: 100
calculateTrees: TRUE
saveTrees: FALSE


OPERATIONAL CHECKS:
* Regression data contains multiple copies of some taxa (user added variants of existing test taxa 
   or replacements due to bootstrap are present) which are not in the phylo tree:
     original taxon,   duplicate   
"1","Diplomesodon_pulchellum","Diplomesodon_pulchellum.1"
"2","Ceratotherium_simum","Ceratotherium_simum.1"
"3","Myrmecophaga_tridactyla","Myrmecophaga_tridactyla.1"
"4","Loxodonta_africana","Loxodonta_africana.1"
"5","Paguma_larvata","Paguma_larvata.1"
"6","Raphus","Raphus.1"
"7","Capreolus_capreolus","Capreolus_capreolus.1"
"8","Uncia_uncia","Uncia_uncia.1"
"9","Caloenas_nicobarica","Caloenas_nicobarica.1"
"10","Raphus","Raphus.2"
"11","Giraffa_camelopardalis","Giraffa_camelopardalis.1"
"12","Vulpes_vulpes","Vulpes_vulpes.1"
"13","Atlantisia_rogersi","Atlantisia_rogersi.1"
"14","Dicerorhinus_sumatrensis","Dicerorhinus_sumatrensis.1"
"15","Elephas_maximus","Elephas_maximus.1"
"16","Sphenodon_punctatus","Sphenodon_punctatus.1"
"17","Paguma_larvata","Paguma_larvata.2"
"18","Diplomesodon_pulchellum","Diplomesodon_pulchellum.2"
"19","Procavia_capensis","Procavia_capensis.1"
"20","Dromaius_","Dromaius_.1"
"21","Caloenas_nicobarica","Caloenas_nicobarica.2"
"22","Otaria_byronia","Otaria_byronia.1"
"23","Alligator","Alligator.1"
"24","Hesperornis","Hesperornis.1"
"25","Alligator","Alligator.2"
"26","Leptophoca_proxima","Leptophoca_proxima.1"
"27","Placodontia_indet_1","Placodontia_indet_1.1"
"28","Ornithorhynchus_anatinus","Ornithorhynchus_anatinus.1"
"29","Tapirus_terrestris","Tapirus_terrestris.1"
"30","Aptenodytes______","Aptenodytes______.1"
"31","Pistosaurus","Pistosaurus.1"
"32","Leptophoca_proxima","Leptophoca_proxima.2"
"33","Chapsosaurus_","Chapsosaurus_.1"
"34","Nothosaurus_150","Nothosaurus_150.1"
"35","Alligator","Alligator.3"
"36","Hesperornis","Hesperornis.2"
"37","Hydromys_chrysogaster","Hydromys_chrysogaster.1"
"38","Indohyus","Indohyus.1"
"39","Otaria_byronia","Otaria_byronia.2"
"40","Psephoderma","Psephoderma.1"
"41","Nothosaurus_mirabilis","Nothosaurus_mirabilis.1"
"42","Phalacrocorax_harrisi","Phalacrocorax_harrisi.1"
"43","Spinosaurus_","Spinosaurus_.1"
"44","Spinosaurus_","Spinosaurus_.2"
"45","Spinosaurus_","Spinosaurus_.3"
"46","Spinosaurus_","Spinosaurus_.4"
"47","Spinosaurus_","Spinosaurus_.5"
"48","Spinosaurus_","Spinosaurus_.6"
"49","Spinosaurus_","Spinosaurus_.7"
"50","Spinosaurus_","Spinosaurus_.8"
"51","Spinosaurus_","Spinosaurus_.9"
"52","Spinosaurus_","Spinosaurus_.10"
"53","Spinosaurus_","Spinosaurus_.11"
"54","Suchomimus","Suchomimus.1"
"55","Suchomimus","Suchomimus.2"
"56","Suchomimus","Suchomimus.3"
"57","Baryonyx","Baryonyx.1"
"58","Baryonyx","Baryonyx.2"
"59","Baryonyx","Baryonyx.3"
 
* Phylo tree and the main data and strata files have been modified to include duplicated taxa before the scaled random trees are generated.
* Selected categorical labels column: diving.or.not
* diving.or.equal column is identical to Diving column.
* Regression excludes flying taxa.
* Diving labels that are present in regression: 0,2
* lambda (calculated from a random tree) = : 0.11
* index-name alignment check: OK
