Logfile for a session of program: bootstrap_binary.r
-----------------------------------------------------
INPUT:
workDir: C:/dino_nature/output/2023-11-07-D1\bs/set_1354
Nbootstrapsets: 2000
phyloFDAfile: c:/dino_nature/code/phylo.fda.R
auxFile: c:/dino_nature/code/auxiliary.r
boneType: femur
regressionData.file: C:/dino_nature/output/2023-11-07-D1\bs/set_1354/femur_set_1354.csv
applyDataFilter: FALSE
addTreeTips: TRUE
Ntrees: 100
calculateTrees: TRUE
saveTrees: FALSE


OPERATIONAL CHECKS:
* Regression data contains multiple copies of some taxa (user added variants of existing test taxa 
   or replacements due to bootstrap are present) which are not in the phylo tree:
     original taxon,   duplicate   
"1","Meles_meles","Meles_meles.1"
"2","Vulpes_vulpes","Vulpes_vulpes.1"
"3","Procavia_capensis","Procavia_capensis.1"
"4","Procyon_lotor","Procyon_lotor.1"
"5","Dicerorhinus_sumatrensis","Dicerorhinus_sumatrensis.1"
"6","Nyctereutes_procyonoides","Nyctereutes_procyonoides.1"
"7","Rupicapra_rupicapra","Rupicapra_rupicapra.1"
"8","Elephas_maximus","Elephas_maximus.1"
"9","Taxidea_taxus","Taxidea_taxus.1"
"10","Microgale_thomasi","Microgale_thomasi.1"
"11","Dasyurus_maculatus","Dasyurus_maculatus.1"
"12","Ceratotherium_simum","Ceratotherium_simum.1"
"13","Elomeryx_borbonicus_","Elomeryx_borbonicus_.1"
"14","Taxidea_taxus","Taxidea_taxus.2"
"15","Okapia_johnstoni","Okapia_johnstoni.1"
"16","Microgale_thomasi","Microgale_thomasi.2"
"17","Tenrec_ecaudatus","Tenrec_ecaudatus.1"
"18","Caloenas_nicobarica","Caloenas_nicobarica.1"
"19","Micropotamogale_euwenzorii","Micropotamogale_euwenzorii.1"
"20","Pistosaurus","Pistosaurus.1"
"21","Cryptoclidus","Cryptoclidus.1"
"22","Otaria_byronia","Otaria_byronia.1"
"23","Paraplacodus","Paraplacodus.1"
"24","Micropotamogale_euwenzorii","Micropotamogale_euwenzorii.2"
"25","Nanophoca_vitulinoides","Nanophoca_vitulinoides.1"
"26","Cryptoclidus","Cryptoclidus.2"
"27","Hexaprotodon_garyam","Hexaprotodon_garyam.1"
"28","Nothosaurus_102","Nothosaurus_102.1"
"29","Leptophoca_proxima","Leptophoca_proxima.1"
"30","Lutra_vulgaris","Lutra_vulgaris.1"
"31","Ichtyosaur_sp","Ichtyosaur_sp.1"
"32","Otaria_byronia","Otaria_byronia.2"
"33","Nothosaurus_giganteus","Nothosaurus_giganteus.1"
"34","Pistosaurus","Pistosaurus.2"
"35","Rhaeticosaurus","Rhaeticosaurus.1"
"36","Lutra_vulgaris","Lutra_vulgaris.2"
"37","Leptophoca_proxima","Leptophoca_proxima.2"
"38","Cricosaurus","Cricosaurus.1"
"39","Nothosaurus_102","Nothosaurus_102.2"
"40","Ichtyosaur_sp","Ichtyosaur_sp.2"
"41","Spinosaurus_","Spinosaurus_.1"
"42","Spinosaurus_","Spinosaurus_.2"
"43","Spinosaurus_","Spinosaurus_.3"
"44","Spinosaurus_","Spinosaurus_.4"
"45","Spinosaurus_","Spinosaurus_.5"
"46","Spinosaurus_","Spinosaurus_.6"
"47","Spinosaurus_","Spinosaurus_.7"
"48","Spinosaurus_","Spinosaurus_.8"
"49","Spinosaurus_","Spinosaurus_.9"
"50","Spinosaurus_","Spinosaurus_.10"
"51","Spinosaurus_","Spinosaurus_.11"
"52","Suchomimus","Suchomimus.1"
"53","Suchomimus","Suchomimus.2"
"54","Suchomimus","Suchomimus.3"
"55","Baryonyx","Baryonyx.1"
"56","Baryonyx","Baryonyx.2"
"57","Baryonyx","Baryonyx.3"
 
* Phylo tree and the main data and strata files have been modified to include duplicated taxa before the scaled random trees are generated.
* Selected categorical labels column: diving.or.not
* diving.or.equal column is identical to Diving column.
* Regression excludes flying taxa.
* Diving labels that are present in regression: 0,2
* lambda (calculated from a random tree) = : 0.08
* index-name alignment check: OK
