Logfile for a session of program: bootstrap_binary.r
-----------------------------------------------------
INPUT:
workDir: C:/dino_nature/output/2023-11-07-D1\bs/set_307
Nbootstrapsets: 2000
phyloFDAfile: c:/dino_nature/code/phylo.fda.R
auxFile: c:/dino_nature/code/auxiliary.r
boneType: femur
regressionData.file: C:/dino_nature/output/2023-11-07-D1\bs/set_307/femur_set_307.csv
applyDataFilter: FALSE
addTreeTips: TRUE
Ntrees: 100
calculateTrees: TRUE
saveTrees: FALSE


OPERATIONAL CHECKS:
* Regression data contains multiple copies of some taxa (user added variants of existing test taxa 
   or replacements due to bootstrap are present) which are not in the phylo tree:
     original taxon,   duplicate   
"1","Rhinoceros_sondaicus","Rhinoceros_sondaicus.1"
"2","Procavia_capensis","Procavia_capensis.1"
"3","Apteryx_australis","Apteryx_australis.1"
"4","Dama_dama","Dama_dama.1"
"5","Taxidea_taxus","Taxidea_taxus.1"
"6","Uncia_uncia","Uncia_uncia.1"
"7","Nyctereutes_procyonoides","Nyctereutes_procyonoides.1"
"8","Nyctereutes_procyonoides","Nyctereutes_procyonoides.2"
"9","Porphyrio_hochstetteri","Porphyrio_hochstetteri.1"
"10","Nyctereutes_procyonoides","Nyctereutes_procyonoides.3"
"11","Apteryx_owenii_","Apteryx_owenii_.1"
"12","Ceratotherium_simum","Ceratotherium_simum.1"
"13","Apteryx_australis","Apteryx_australis.2"
"14","Uncia_uncia","Uncia_uncia.2"
"15","Tamandua_tetradactyla","Tamandua_tetradactyla.1"
"16","Raphus","Raphus.1"
"17","Capreolus_capreolus","Capreolus_capreolus.1"
"18","Procyon_lotor","Procyon_lotor.1"
"19","Nyctereutes_procyonoides","Nyctereutes_procyonoides.4"
"20","Lacerta_viridis","Lacerta_viridis.1"
"21","Castor_fiber","Castor_fiber.1"
"22","Nothosaurus_102","Nothosaurus_102.1"
"23","Hydromys_chrysogaster","Hydromys_chrysogaster.1"
"24","Rodhocetus","Rodhocetus.1"
"25","Rodhocetus","Rodhocetus.2"
"26","Hippopotamus_amphibius","Hippopotamus_amphibius.1"
"27","Nanophoca_vitulinoides","Nanophoca_vitulinoides.1"
"28","Psephoderma","Psephoderma.1"
"29","Tapirus_terrestris","Tapirus_terrestris.1"
"30","Choeropsis_liberiensis","Choeropsis_liberiensis.1"
"31","Hesperornis","Hesperornis.1"
"32","Aptenodytes______","Aptenodytes______.1"
"33","Chironectes_minimus","Chironectes_minimus.1"
"34","Nothosaurus_150","Nothosaurus_150.1"
"35","Hydromys_chrysogaster","Hydromys_chrysogaster.2"
"36","Desmostylus_hesperus","Desmostylus_hesperus.1"
"37","Placodontia_indet_1","Placodontia_indet_1.1"
"38","Hydromys_chrysogaster","Hydromys_chrysogaster.3"
"39","Hippopotamus_amphibius","Hippopotamus_amphibius.2"
"40","Psephoderma","Psephoderma.2"
"41","Cricosaurus","Cricosaurus.1"
"42","Palaeospheniscus","Palaeospheniscus.1"
"43","Spinosaurus_","Spinosaurus_.1"
"44","Spinosaurus_","Spinosaurus_.2"
"45","Spinosaurus_","Spinosaurus_.3"
"46","Spinosaurus_","Spinosaurus_.4"
"47","Spinosaurus_","Spinosaurus_.5"
"48","Spinosaurus_","Spinosaurus_.6"
"49","Spinosaurus_","Spinosaurus_.7"
"50","Spinosaurus_","Spinosaurus_.8"
"51","Spinosaurus_","Spinosaurus_.9"
"52","Spinosaurus_","Spinosaurus_.10"
"53","Spinosaurus_","Spinosaurus_.11"
"54","Suchomimus","Suchomimus.1"
"55","Suchomimus","Suchomimus.2"
"56","Suchomimus","Suchomimus.3"
"57","Baryonyx","Baryonyx.1"
"58","Baryonyx","Baryonyx.2"
"59","Baryonyx","Baryonyx.3"
 
* Phylo tree and the main data and strata files have been modified to include duplicated taxa before the scaled random trees are generated.
* Selected categorical labels column: diving.or.not
* diving.or.equal column is identical to Diving column.
* Regression excludes flying taxa.
* Diving labels that are present in regression: 0,2
* lambda (calculated from a random tree) = : 0.05
* index-name alignment check: OK
