Logfile for a session of program: bootstrap_binary.r
-----------------------------------------------------
INPUT:
workDir: C:/dino_nature/output/2023-11-07-D1\bs/set_1215
Nbootstrapsets: 2000
phyloFDAfile: c:/dino_nature/code/phylo.fda.R
auxFile: c:/dino_nature/code/auxiliary.r
boneType: femur
regressionData.file: C:/dino_nature/output/2023-11-07-D1\bs/set_1215/femur_set_1215.csv
applyDataFilter: FALSE
addTreeTips: TRUE
Ntrees: 100
calculateTrees: TRUE
saveTrees: FALSE


OPERATIONAL CHECKS:
* Regression data contains multiple copies of some taxa (user added variants of existing test taxa 
   or replacements due to bootstrap are present) which are not in the phylo tree:
     original taxon,   duplicate   
"1","Rattus_rattus","Rattus_rattus.1"
"2","Apteryx_owenii_","Apteryx_owenii_.1"
"3","Dromaius_","Dromaius_.1"
"4","Diplomesodon_pulchellum","Diplomesodon_pulchellum.1"
"5","Brachyodus_onoideum","Brachyodus_onoideum.1"
"6","Procyon_lotor","Procyon_lotor.1"
"7","Capreolus_capreolus","Capreolus_capreolus.1"
"8","Bison_bonasus","Bison_bonasus.1"
"9","Cephalophus_silvicultor","Cephalophus_silvicultor.1"
"10","Ceratotherium_simum","Ceratotherium_simum.1"
"11","Syncerus_caffer","Syncerus_caffer.1"
"12","Rattus_rattus","Rattus_rattus.2"
"13","Rhynchocyon_petersi","Rhynchocyon_petersi.1"
"14","Rhinoceros_sondaicus","Rhinoceros_sondaicus.1"
"15","Tribonyx_mortieri","Tribonyx_mortieri.1"
"16","Tenrec_ecaudatus","Tenrec_ecaudatus.1"
"17","Capreolus_capreolus","Capreolus_capreolus.2"
"18","Procyon_lotor","Procyon_lotor.2"
"19","Syncerus_caffer","Syncerus_caffer.2"
"20","Mustela_nivalis","Mustela_nivalis.1"
"21","Ichtyosaurus_","Ichtyosaurus_.1"
"22","Lutra_vulgaris","Lutra_vulgaris.1"
"23","Desmostylus_hesperus","Desmostylus_hesperus.1"
"24","Metryorhynchus","Metryorhynchus.1"
"25","Protochampsidae","Protochampsidae.1"
"26","Rhaeticosaurus","Rhaeticosaurus.1"
"27","Ichtyosaurus_","Ichtyosaurus_.2"
"28","Ichtyosaurus_","Ichtyosaurus_.3"
"29","Spheniscus","Spheniscus.1"
"30","Small_Eocene_penguin","Small_Eocene_penguin.1"
"31","Phocanella_pumila","Phocanella_pumila.1"
"32","Phalacrocorax_harrisi","Phalacrocorax_harrisi.1"
"33","Castor_fiber","Castor_fiber.1"
"34","Castor_fiber","Castor_fiber.2"
"35","Alligator","Alligator.1"
"36","Serpianosaurus","Serpianosaurus.1"
"37","Chapsosaurus_","Chapsosaurus_.1"
"38","Alligator","Alligator.2"
"39","Phalacrocorax_harrisi","Phalacrocorax_harrisi.2"
"40","Desmana_moschata","Desmana_moschata.1"
"41","Neusticosaurus","Neusticosaurus.1"
"42","Serpianosaurus","Serpianosaurus.2"
"43","Protochampsidae","Protochampsidae.2"
"44","Spinosaurus_","Spinosaurus_.1"
"45","Spinosaurus_","Spinosaurus_.2"
"46","Spinosaurus_","Spinosaurus_.3"
"47","Spinosaurus_","Spinosaurus_.4"
"48","Spinosaurus_","Spinosaurus_.5"
"49","Spinosaurus_","Spinosaurus_.6"
"50","Spinosaurus_","Spinosaurus_.7"
"51","Spinosaurus_","Spinosaurus_.8"
"52","Spinosaurus_","Spinosaurus_.9"
"53","Spinosaurus_","Spinosaurus_.10"
"54","Spinosaurus_","Spinosaurus_.11"
"55","Suchomimus","Suchomimus.1"
"56","Suchomimus","Suchomimus.2"
"57","Suchomimus","Suchomimus.3"
"58","Baryonyx","Baryonyx.1"
"59","Baryonyx","Baryonyx.2"
"60","Baryonyx","Baryonyx.3"
 
* Phylo tree and the main data and strata files have been modified to include duplicated taxa before the scaled random trees are generated.
* Selected categorical labels column: diving.or.not
* diving.or.equal column is identical to Diving column.
* Regression excludes flying taxa.
* Diving labels that are present in regression: 0,2
* lambda (calculated from a random tree) = : 0.13
* index-name alignment check: OK
