Logfile for a session of program: bootstrap_binary.r
-----------------------------------------------------
INPUT:
workDir: C:/dino_nature/output/2023-11-07-D1\bs/set_1261
Nbootstrapsets: 2000
phyloFDAfile: c:/dino_nature/code/phylo.fda.R
auxFile: c:/dino_nature/code/auxiliary.r
boneType: femur
regressionData.file: C:/dino_nature/output/2023-11-07-D1\bs/set_1261/femur_set_1261.csv
applyDataFilter: FALSE
addTreeTips: TRUE
Ntrees: 100
calculateTrees: TRUE
saveTrees: FALSE


OPERATIONAL CHECKS:
* Regression data contains multiple copies of some taxa (user added variants of existing test taxa 
   or replacements due to bootstrap are present) which are not in the phylo tree:
     original taxon,   duplicate   
"1","Sus_scrofa","Sus_scrofa.1"
"2","Xenicus_giliventris","Xenicus_giliventris.1"
"3","Sus_scrofa","Sus_scrofa.2"
"4","Felis_felis","Felis_felis.1"
"5","Rynochetus_jubatus","Rynochetus_jubatus.1"
"6","Pogona_viceps","Pogona_viceps.1"
"7","Sus_scrofa","Sus_scrofa.3"
"8","Dama_dama","Dama_dama.1"
"9","Sus_scrofa","Sus_scrofa.4"
"10","Loxodonta_africana","Loxodonta_africana.1"
"11","Loxodonta_africana","Loxodonta_africana.2"
"12","Xenicus_giliventris","Xenicus_giliventris.2"
"13","Loxodonta_africana","Loxodonta_africana.3"
"14","Xenicus_giliventris","Xenicus_giliventris.3"
"15","Hemiechinus_azurites","Hemiechinus_azurites.1"
"16","Elephas_maximus","Elephas_maximus.1"
"17","Sphenodon_punctatus","Sphenodon_punctatus.1"
"18","Tenrec_ecaudatus","Tenrec_ecaudatus.1"
"19","Rhynchocyon_petersi","Rhynchocyon_petersi.1"
"20","Dromaius_","Dromaius_.1"
"21","Xenicus_giliventris","Xenicus_giliventris.4"
"22","Dromaius_","Dromaius_.2"
"23","Rynochetus_jubatus","Rynochetus_jubatus.2"
"24","Giraffa_camelopardalis","Giraffa_camelopardalis.1"
"25","Tapirus_terrestris","Tapirus_terrestris.1"
"26","Protochampsidae","Protochampsidae.1"
"27","Nanophoca_vitulinoides","Nanophoca_vitulinoides.1"
"28","Anarosaurus","Anarosaurus.1"
"29","Rodhocetus","Rodhocetus.1"
"30","Basilosaurus","Basilosaurus.1"
"31","Remingtonocetus","Remingtonocetus.1"
"32","Castor_fiber","Castor_fiber.1"
"33","Palaeospheniscus","Palaeospheniscus.1"
"34","Paraplacodus","Paraplacodus.1"
"35","Callophoca_obscura","Callophoca_obscura.1"
"36","Champsosaurus","Champsosaurus.1"
"37","Paraplacodus","Paraplacodus.2"
"38","Anarosaurus","Anarosaurus.2"
"39","Callophoca_obscura","Callophoca_obscura.2"
"40","Nanophoca_vitulinoides","Nanophoca_vitulinoides.2"
"41","Hydromys_chrysogaster","Hydromys_chrysogaster.1"
"42","Nanophoca_vitulinoides","Nanophoca_vitulinoides.3"
"43","Callophoca_obscura","Callophoca_obscura.3"
"44","Lutra_vulgaris","Lutra_vulgaris.1"
"45","Pistosaurus","Pistosaurus.1"
"46","Nothosaurus_150","Nothosaurus_150.1"
"47","Spinosaurus_","Spinosaurus_.1"
"48","Spinosaurus_","Spinosaurus_.2"
"49","Spinosaurus_","Spinosaurus_.3"
"50","Spinosaurus_","Spinosaurus_.4"
"51","Spinosaurus_","Spinosaurus_.5"
"52","Spinosaurus_","Spinosaurus_.6"
"53","Spinosaurus_","Spinosaurus_.7"
"54","Spinosaurus_","Spinosaurus_.8"
"55","Spinosaurus_","Spinosaurus_.9"
"56","Spinosaurus_","Spinosaurus_.10"
"57","Spinosaurus_","Spinosaurus_.11"
"58","Suchomimus","Suchomimus.1"
"59","Suchomimus","Suchomimus.2"
"60","Suchomimus","Suchomimus.3"
"61","Baryonyx","Baryonyx.1"
"62","Baryonyx","Baryonyx.2"
"63","Baryonyx","Baryonyx.3"
 
* Phylo tree and the main data and strata files have been modified to include duplicated taxa before the scaled random trees are generated.
* Selected categorical labels column: diving.or.not
* diving.or.equal column is identical to Diving column.
* Regression excludes flying taxa.
* Diving labels that are present in regression: 0,2
* lambda (calculated from a random tree) = : 0.1
* index-name alignment check: OK
