Logfile for a session of program: bootstrap_binary.r
-----------------------------------------------------
INPUT:
workDir: C:/dino_nature/output/2023-11-07-D1\bs/set_102
Nbootstrapsets: 2000
phyloFDAfile: c:/dino_nature/code/phylo.fda.R
auxFile: c:/dino_nature/code/auxiliary.r
boneType: femur
regressionData.file: C:/dino_nature/output/2023-11-07-D1\bs/set_102/femur_set_102.csv
applyDataFilter: FALSE
addTreeTips: TRUE
Ntrees: 100
calculateTrees: TRUE
saveTrees: FALSE


OPERATIONAL CHECKS:
* Regression data contains multiple copies of some taxa (user added variants of existing test taxa 
   or replacements due to bootstrap are present) which are not in the phylo tree:
     original taxon,   duplicate   
"1","Paguma_larvata","Paguma_larvata.1"
"2","Okapia_johnstoni","Okapia_johnstoni.1"
"3","Meles_meles","Meles_meles.1"
"4","Xenicus_giliventris","Xenicus_giliventris.1"
"5","Meles_meles","Meles_meles.2"
"6","Megaloceros_sp","Megaloceros_sp.1"
"7","Paguma_larvata","Paguma_larvata.2"
"8","Okapia_johnstoni","Okapia_johnstoni.2"
"9","Sphenodon_punctatus","Sphenodon_punctatus.1"
"10","Lama_guanicoe","Lama_guanicoe.1"
"11","Megaloceros_sp","Megaloceros_sp.2"
"12","Tamandua_tetradactyla","Tamandua_tetradactyla.1"
"13","Rhynchocyon_petersi","Rhynchocyon_petersi.1"
"14","Apteryx_owenii_","Apteryx_owenii_.1"
"15","Dasyurus_maculatus","Dasyurus_maculatus.1"
"16","Strigiops_habroptilus","Strigiops_habroptilus.1"
"17","Bison_bonasus","Bison_bonasus.1"
"18","Procyon_lotor","Procyon_lotor.1"
"19","Taxidea_taxus","Taxidea_taxus.1"
"20","Chironectes_minimus","Chironectes_minimus.1"
"21","Chapsosaurus_","Chapsosaurus_.1"
"22","Castor_fiber","Castor_fiber.1"
"23","Remingtonocetus","Remingtonocetus.1"
"24","Callophoca_obscura","Callophoca_obscura.1"
"25","Aptenodytes______","Aptenodytes______.1"
"26","Ichtyosaurus_","Ichtyosaurus_.1"
"27","Nothosaurus_mirabilis","Nothosaurus_mirabilis.1"
"28","Psephoderma","Psephoderma.1"
"29","Hippopotamus_amphibius","Hippopotamus_amphibius.1"
"30","Ornithorhynchus_anatinus","Ornithorhynchus_anatinus.1"
"31","Aptenodytes______","Aptenodytes______.2"
"32","Nothosaurus_102","Nothosaurus_102.1"
"33","Ichtyosaurus_","Ichtyosaurus_.2"
"34","Chapsosaurus_","Chapsosaurus_.2"
"35","Rodhocetus","Rodhocetus.1"
"36","Choeropsis_liberiensis","Choeropsis_liberiensis.1"
"37","Spinosaurus_","Spinosaurus_.1"
"38","Spinosaurus_","Spinosaurus_.2"
"39","Spinosaurus_","Spinosaurus_.3"
"40","Spinosaurus_","Spinosaurus_.4"
"41","Spinosaurus_","Spinosaurus_.5"
"42","Spinosaurus_","Spinosaurus_.6"
"43","Spinosaurus_","Spinosaurus_.7"
"44","Spinosaurus_","Spinosaurus_.8"
"45","Spinosaurus_","Spinosaurus_.9"
"46","Spinosaurus_","Spinosaurus_.10"
"47","Spinosaurus_","Spinosaurus_.11"
"48","Suchomimus","Suchomimus.1"
"49","Suchomimus","Suchomimus.2"
"50","Suchomimus","Suchomimus.3"
"51","Baryonyx","Baryonyx.1"
"52","Baryonyx","Baryonyx.2"
"53","Baryonyx","Baryonyx.3"
 
* Phylo tree and the main data and strata files have been modified to include duplicated taxa before the scaled random trees are generated.
* Selected categorical labels column: diving.or.not
* diving.or.equal column is identical to Diving column.
* Regression excludes flying taxa.
* Diving labels that are present in regression: 0,2
* lambda (calculated from a random tree) = : 0.08
* index-name alignment check: OK
