Logfile for a session of program: bootstrap_binary.r
-----------------------------------------------------
INPUT:
workDir: C:/dino_nature/output/2023-11-07-D1\bs/set_805
Nbootstrapsets: 2000
phyloFDAfile: c:/dino_nature/code/phylo.fda.R
auxFile: c:/dino_nature/code/auxiliary.r
boneType: femur
regressionData.file: C:/dino_nature/output/2023-11-07-D1\bs/set_805/femur_set_805.csv
applyDataFilter: FALSE
addTreeTips: TRUE
Ntrees: 100
calculateTrees: TRUE
saveTrees: FALSE


OPERATIONAL CHECKS:
* Regression data contains multiple copies of some taxa (user added variants of existing test taxa 
   or replacements due to bootstrap are present) which are not in the phylo tree:
     original taxon,   duplicate   
"1","Ceratotherium_simum","Ceratotherium_simum.1"
"2","Procavia_capensis","Procavia_capensis.1"
"3","Uncia_uncia","Uncia_uncia.1"
"4","Atlantisia_rogersi","Atlantisia_rogersi.1"
"5","Procyon_lotor","Procyon_lotor.1"
"6","Dama_dama","Dama_dama.1"
"7","Giraffa_camelopardalis","Giraffa_camelopardalis.1"
"8","Megaloceros_sp","Megaloceros_sp.1"
"9","Raphus","Raphus.1"
"10","Giraffa_camelopardalis","Giraffa_camelopardalis.2"
"11","Dama_dama","Dama_dama.2"
"12","Sus_scrofa","Sus_scrofa.1"
"13","Hemiechinus_azurites","Hemiechinus_azurites.1"
"14","Rangifer_tarandus","Rangifer_tarandus.1"
"15","Raphus","Raphus.2"
"16","Taxidea_taxus","Taxidea_taxus.1"
"17","Dama_dama","Dama_dama.3"
"18","Meles_meles","Meles_meles.1"
"19","Dasyurus_maculatus","Dasyurus_maculatus.1"
"20","Rhynchocyon_petersi","Rhynchocyon_petersi.1"
"21","Alces_americanus","Alces_americanus.1"
"22","Alces_americanus","Alces_americanus.2"
"23","Dicerorhinus_sumatrensis","Dicerorhinus_sumatrensis.1"
"24","Neusticosaurus","Neusticosaurus.1"
"25","large_eocene_stem_penguin","large_eocene_stem_penguin.1"
"26","Hexaprotodon_garyam","Hexaprotodon_garyam.1"
"27","Simosaurus","Simosaurus.1"
"28","Serpianosaurus","Serpianosaurus.1"
"29","Hesperornis","Hesperornis.1"
"30","Tapirus_terrestris","Tapirus_terrestris.1"
"31","Nothosaurus_150","Nothosaurus_150.1"
"32","Protochampsidae","Protochampsidae.1"
"33","Ichtyosaur_sp","Ichtyosaur_sp.1"
"34","Serpianosaurus","Serpianosaurus.2"
"35","Simosaurus","Simosaurus.2"
"36","Hydromys_chrysogaster","Hydromys_chrysogaster.1"
"37","Nothosaurus_giganteus","Nothosaurus_giganteus.1"
"38","Neusticosaurus","Neusticosaurus.2"
"39","Choeropsis_liberiensis","Choeropsis_liberiensis.1"
"40","Caiman_yacare","Caiman_yacare.1"
"41","Psephoderma","Psephoderma.1"
"42","Placondontia_indet","Placondontia_indet.1"
"43","Palaeospheniscus","Palaeospheniscus.1"
"44","Dyrosaurid","Dyrosaurid.1"
"45","Choeropsis_liberiensis","Choeropsis_liberiensis.2"
"46","Spinosaurus_","Spinosaurus_.1"
"47","Spinosaurus_","Spinosaurus_.2"
"48","Spinosaurus_","Spinosaurus_.3"
"49","Spinosaurus_","Spinosaurus_.4"
"50","Spinosaurus_","Spinosaurus_.5"
"51","Spinosaurus_","Spinosaurus_.6"
"52","Spinosaurus_","Spinosaurus_.7"
"53","Spinosaurus_","Spinosaurus_.8"
"54","Spinosaurus_","Spinosaurus_.9"
"55","Spinosaurus_","Spinosaurus_.10"
"56","Spinosaurus_","Spinosaurus_.11"
"57","Suchomimus","Suchomimus.1"
"58","Suchomimus","Suchomimus.2"
"59","Suchomimus","Suchomimus.3"
"60","Baryonyx","Baryonyx.1"
"61","Baryonyx","Baryonyx.2"
"62","Baryonyx","Baryonyx.3"
 
* Phylo tree and the main data and strata files have been modified to include duplicated taxa before the scaled random trees are generated.
* Selected categorical labels column: diving.or.not
* diving.or.equal column is identical to Diving column.
* Regression excludes flying taxa.
* Diving labels that are present in regression: 0,2
* lambda (calculated from a random tree) = : 0.13
* index-name alignment check: OK
