Logfile for a session of program: bootstrap_binary.r
-----------------------------------------------------
INPUT:
workDir: C:/dino_nature/output/2023-11-07-D1\bs/set_1754
Nbootstrapsets: 2000
phyloFDAfile: c:/dino_nature/code/phylo.fda.R
auxFile: c:/dino_nature/code/auxiliary.r
boneType: femur
regressionData.file: C:/dino_nature/output/2023-11-07-D1\bs/set_1754/femur_set_1754.csv
applyDataFilter: FALSE
addTreeTips: TRUE
Ntrees: 100
calculateTrees: TRUE
saveTrees: FALSE


OPERATIONAL CHECKS:
* Regression data contains multiple copies of some taxa (user added variants of existing test taxa 
   or replacements due to bootstrap are present) which are not in the phylo tree:
     original taxon,   duplicate   
"1","Dicerorhinus_sumatrensis","Dicerorhinus_sumatrensis.1"
"2","Xenicus_giliventris","Xenicus_giliventris.1"
"3","Pogona_viceps","Pogona_viceps.1"
"4","Dasyurus_maculatus","Dasyurus_maculatus.1"
"5","Sphenodon_punctatus","Sphenodon_punctatus.1"
"6","Atlantisia_rogersi","Atlantisia_rogersi.1"
"7","Apteryx_owenii_","Apteryx_owenii_.1"
"8","Rhinoceros_sondaicus","Rhinoceros_sondaicus.1"
"9","Porphyrio_hochstetteri","Porphyrio_hochstetteri.1"
"10","Xenicus_giliventris","Xenicus_giliventris.2"
"11","Pogona_viceps","Pogona_viceps.2"
"12","Megaloceros_sp","Megaloceros_sp.1"
"13","Okapia_johnstoni","Okapia_johnstoni.1"
"14","Lama_guanicoe","Lama_guanicoe.1"
"15","Dasyurus_maculatus","Dasyurus_maculatus.2"
"16","Strigiops_habroptilus","Strigiops_habroptilus.1"
"17","Dicerorhinus_sumatrensis","Dicerorhinus_sumatrensis.2"
"18","Porphyrio_hochstetteri","Porphyrio_hochstetteri.2"
"19","Rhynchocyon_petersi","Rhynchocyon_petersi.1"
"20","Capreolus_capreolus","Capreolus_capreolus.1"
"21","Felis_felis","Felis_felis.1"
"22","Pogona_viceps","Pogona_viceps.3"
"23","Tapirus_terrestris","Tapirus_terrestris.1"
"24","Small_Eocene_penguin","Small_Eocene_penguin.1"
"25","Psephoderma","Psephoderma.1"
"26","Nothosaurus_102","Nothosaurus_102.1"
"27","Nothosaurus_mirabilis_1","Nothosaurus_mirabilis_1.1"
"28","Caiman_yacare","Caiman_yacare.1"
"29","Callophoca_obscura","Callophoca_obscura.1"
"30","Hexaprotodon_garyam","Hexaprotodon_garyam.1"
"31","Desmostylus_hesperus","Desmostylus_hesperus.1"
"32","Choeropsis_liberiensis","Choeropsis_liberiensis.1"
"33","Desmostylus_hesperus","Desmostylus_hesperus.2"
"34","Champsosaurus","Champsosaurus.1"
"35","Spheniscus","Spheniscus.1"
"36","Placodontia_indet_1","Placodontia_indet_1.1"
"37","Desmostylus_hesperus","Desmostylus_hesperus.3"
"38","Hexaprotodon_garyam","Hexaprotodon_garyam.2"
"39","Small_Eocene_penguin","Small_Eocene_penguin.2"
"40","Simosaurus","Simosaurus.1"
"41","large_eocene_stem_penguin","large_eocene_stem_penguin.1"
"42","Choeropsis_liberiensis","Choeropsis_liberiensis.2"
"43","Placondontia_indet","Placondontia_indet.1"
"44","Nothosaurus_giganteus","Nothosaurus_giganteus.1"
"45","Spinosaurus_","Spinosaurus_.1"
"46","Spinosaurus_","Spinosaurus_.2"
"47","Spinosaurus_","Spinosaurus_.3"
"48","Spinosaurus_","Spinosaurus_.4"
"49","Spinosaurus_","Spinosaurus_.5"
"50","Spinosaurus_","Spinosaurus_.6"
"51","Spinosaurus_","Spinosaurus_.7"
"52","Spinosaurus_","Spinosaurus_.8"
"53","Spinosaurus_","Spinosaurus_.9"
"54","Spinosaurus_","Spinosaurus_.10"
"55","Spinosaurus_","Spinosaurus_.11"
"56","Suchomimus","Suchomimus.1"
"57","Suchomimus","Suchomimus.2"
"58","Suchomimus","Suchomimus.3"
"59","Baryonyx","Baryonyx.1"
"60","Baryonyx","Baryonyx.2"
"61","Baryonyx","Baryonyx.3"
 
* Phylo tree and the main data and strata files have been modified to include duplicated taxa before the scaled random trees are generated.
* Selected categorical labels column: diving.or.not
* diving.or.equal column is identical to Diving column.
* Regression excludes flying taxa.
* Diving labels that are present in regression: 0,2
* lambda (calculated from a random tree) = : 0.07
* index-name alignment check: OK
