Logfile for a session of program: bootstrap_binary.r
-----------------------------------------------------
INPUT:
workDir: C:/dino_nature/output/2023-11-07-D1\bs/set_1203
Nbootstrapsets: 2000
phyloFDAfile: c:/dino_nature/code/phylo.fda.R
auxFile: c:/dino_nature/code/auxiliary.r
boneType: femur
regressionData.file: C:/dino_nature/output/2023-11-07-D1\bs/set_1203/femur_set_1203.csv
applyDataFilter: FALSE
addTreeTips: TRUE
Ntrees: 100
calculateTrees: TRUE
saveTrees: FALSE


OPERATIONAL CHECKS:
* Regression data contains multiple copies of some taxa (user added variants of existing test taxa 
   or replacements due to bootstrap are present) which are not in the phylo tree:
     original taxon,   duplicate   
"1","Procavia_capensis","Procavia_capensis.1"
"2","Raphus","Raphus.1"
"3","Okapia_johnstoni","Okapia_johnstoni.1"
"4","Procavia_capensis","Procavia_capensis.2"
"5","Giraffa_camelopardalis","Giraffa_camelopardalis.1"
"6","Caloenas_nicobarica","Caloenas_nicobarica.1"
"7","Dicerorhinus_sumatrensis","Dicerorhinus_sumatrensis.1"
"8","Tamandua_tetradactyla","Tamandua_tetradactyla.1"
"9","Procavia_capensis","Procavia_capensis.3"
"10","Caloenas_nicobarica","Caloenas_nicobarica.2"
"11","Atlantisia_rogersi","Atlantisia_rogersi.1"
"12","Raphus","Raphus.2"
"13","Cephalophus_silvicultor","Cephalophus_silvicultor.1"
"14","Raphus","Raphus.3"
"15","Tribonyx_mortieri","Tribonyx_mortieri.1"
"16","Tribonyx_mortieri","Tribonyx_mortieri.2"
"17","Tamandua_tetradactyla","Tamandua_tetradactyla.2"
"18","Vulpes_vulpes","Vulpes_vulpes.1"
"19","Lama_guanicoe","Lama_guanicoe.1"
"20","Paguma_larvata","Paguma_larvata.1"
"21","Okapia_johnstoni","Okapia_johnstoni.2"
"22","Hemiechinus_azurites","Hemiechinus_azurites.1"
"23","Palaeospheniscus","Palaeospheniscus.1"
"24","Chironectes_minimus","Chironectes_minimus.1"
"25","Simosaurus","Simosaurus.1"
"26","Otaria_byronia","Otaria_byronia.1"
"27","Pistosaurus","Pistosaurus.1"
"28","Chironectes_minimus","Chironectes_minimus.2"
"29","Nothosaurus_mirabilis","Nothosaurus_mirabilis.1"
"30","Ichtyosaur_sp","Ichtyosaur_sp.1"
"31","Nothosaurus_mirabilis","Nothosaurus_mirabilis.2"
"32","Rhaeticosaurus","Rhaeticosaurus.1"
"33","Maiacetus","Maiacetus.1"
"34","Anarosaurus","Anarosaurus.1"
"35","Tapirus_terrestris","Tapirus_terrestris.1"
"36","Simosaurus","Simosaurus.2"
"37","Remingtonocetus","Remingtonocetus.1"
"38","Pistosaurus","Pistosaurus.2"
"39","Metryorhynchus","Metryorhynchus.1"
"40","Simosaurus","Simosaurus.3"
"41","Metryorhynchus","Metryorhynchus.2"
"42","Tapirus_terrestris","Tapirus_terrestris.2"
"43","Nothosaurus_150","Nothosaurus_150.1"
"44","Otaria_byronia","Otaria_byronia.2"
"45","Dyrosaurid","Dyrosaurid.1"
"46","Spinosaurus_","Spinosaurus_.1"
"47","Spinosaurus_","Spinosaurus_.2"
"48","Spinosaurus_","Spinosaurus_.3"
"49","Spinosaurus_","Spinosaurus_.4"
"50","Spinosaurus_","Spinosaurus_.5"
"51","Spinosaurus_","Spinosaurus_.6"
"52","Spinosaurus_","Spinosaurus_.7"
"53","Spinosaurus_","Spinosaurus_.8"
"54","Spinosaurus_","Spinosaurus_.9"
"55","Spinosaurus_","Spinosaurus_.10"
"56","Spinosaurus_","Spinosaurus_.11"
"57","Suchomimus","Suchomimus.1"
"58","Suchomimus","Suchomimus.2"
"59","Suchomimus","Suchomimus.3"
"60","Baryonyx","Baryonyx.1"
"61","Baryonyx","Baryonyx.2"
"62","Baryonyx","Baryonyx.3"
 
* Phylo tree and the main data and strata files have been modified to include duplicated taxa before the scaled random trees are generated.
* Selected categorical labels column: diving.or.not
* diving.or.equal column is identical to Diving column.
* Regression excludes flying taxa.
* Diving labels that are present in regression: 0,2
* lambda (calculated from a random tree) = : 0.1
* index-name alignment check: OK
