Logfile for a session of program: bootstrap_binary.r
-----------------------------------------------------
INPUT:
workDir: C:/dino_nature/output/2023-11-07-D1\bs/set_960
Nbootstrapsets: 2000
phyloFDAfile: c:/dino_nature/code/phylo.fda.R
auxFile: c:/dino_nature/code/auxiliary.r
boneType: femur
regressionData.file: C:/dino_nature/output/2023-11-07-D1\bs/set_960/femur_set_960.csv
applyDataFilter: FALSE
addTreeTips: TRUE
Ntrees: 100
calculateTrees: TRUE
saveTrees: FALSE


OPERATIONAL CHECKS:
* Regression data contains multiple copies of some taxa (user added variants of existing test taxa 
   or replacements due to bootstrap are present) which are not in the phylo tree:
     original taxon,   duplicate   
"1","Pogona_viceps","Pogona_viceps.1"
"2","Dicerorhinus_sumatrensis","Dicerorhinus_sumatrensis.1"
"3","Microgale_thomasi","Microgale_thomasi.1"
"4","Xenicus_giliventris","Xenicus_giliventris.1"
"5","Dicerorhinus_sumatrensis","Dicerorhinus_sumatrensis.2"
"6","Alces_americanus","Alces_americanus.1"
"7","Elomeryx_borbonicus_","Elomeryx_borbonicus_.1"
"8","Pogona_viceps","Pogona_viceps.2"
"9","Okapia_johnstoni","Okapia_johnstoni.1"
"10","Dromaius_","Dromaius_.1"
"11","Uncia_uncia","Uncia_uncia.1"
"12","Monodelphis_domestica","Monodelphis_domestica.1"
"13","Rhinoceros_sondaicus","Rhinoceros_sondaicus.1"
"14","Ceratotherium_simum","Ceratotherium_simum.1"
"15","Bos_taurus","Bos_taurus.1"
"16","Bos_taurus","Bos_taurus.2"
"17","Mammuthus_sp","Mammuthus_sp.1"
"18","Rhynchocyon_petersi","Rhynchocyon_petersi.1"
"19","Megaloceros_sp","Megaloceros_sp.1"
"20","Apteryx_owenii_","Apteryx_owenii_.1"
"21","Anarosaurus","Anarosaurus.1"
"22","Hesperornis","Hesperornis.1"
"23","Rodhocetus","Rodhocetus.1"
"24","Indohyus","Indohyus.1"
"25","Remingtonocetus","Remingtonocetus.1"
"26","Aptenodytes______","Aptenodytes______.1"
"27","Hesperornis","Hesperornis.2"
"28","Indohyus","Indohyus.2"
"29","Champsosaurus","Champsosaurus.1"
"30","Serpianosaurus","Serpianosaurus.1"
"31","Nothosaurus_102","Nothosaurus_102.1"
"32","Nothosaurus_568","Nothosaurus_568.1"
"33","Rodhocetus","Rodhocetus.2"
"34","Ichtyosaur_sp","Ichtyosaur_sp.1"
"35","Serpianosaurus","Serpianosaurus.2"
"36","Serpianosaurus","Serpianosaurus.3"
"37","Palaeospheniscus","Palaeospheniscus.1"
"38","Tapirus_terrestris","Tapirus_terrestris.1"
"39","Aptenodytes______","Aptenodytes______.2"
"40","Chapsosaurus_","Chapsosaurus_.1"
"41","Anarosaurus","Anarosaurus.2"
"42","Nothosaurus_mirabilis","Nothosaurus_mirabilis.1"
"43","Spinosaurus_","Spinosaurus_.1"
"44","Spinosaurus_","Spinosaurus_.2"
"45","Spinosaurus_","Spinosaurus_.3"
"46","Spinosaurus_","Spinosaurus_.4"
"47","Spinosaurus_","Spinosaurus_.5"
"48","Spinosaurus_","Spinosaurus_.6"
"49","Spinosaurus_","Spinosaurus_.7"
"50","Spinosaurus_","Spinosaurus_.8"
"51","Spinosaurus_","Spinosaurus_.9"
"52","Spinosaurus_","Spinosaurus_.10"
"53","Spinosaurus_","Spinosaurus_.11"
"54","Suchomimus","Suchomimus.1"
"55","Suchomimus","Suchomimus.2"
"56","Suchomimus","Suchomimus.3"
"57","Baryonyx","Baryonyx.1"
"58","Baryonyx","Baryonyx.2"
"59","Baryonyx","Baryonyx.3"
 
* Phylo tree and the main data and strata files have been modified to include duplicated taxa before the scaled random trees are generated.
* Selected categorical labels column: diving.or.not
* diving.or.equal column is identical to Diving column.
* Regression excludes flying taxa.
* Diving labels that are present in regression: 0,2
* lambda (calculated from a random tree) = : 0.08
* index-name alignment check: OK
