Logfile for a session of program: bootstrap_binary.r
-----------------------------------------------------
INPUT:
workDir: C:/dino_nature/output/2023-11-07-D1\bs/set_991
Nbootstrapsets: 2000
phyloFDAfile: c:/dino_nature/code/phylo.fda.R
auxFile: c:/dino_nature/code/auxiliary.r
boneType: femur
regressionData.file: C:/dino_nature/output/2023-11-07-D1\bs/set_991/femur_set_991.csv
applyDataFilter: FALSE
addTreeTips: TRUE
Ntrees: 100
calculateTrees: TRUE
saveTrees: FALSE


OPERATIONAL CHECKS:
* Regression data contains multiple copies of some taxa (user added variants of existing test taxa 
   or replacements due to bootstrap are present) which are not in the phylo tree:
     original taxon,   duplicate   
"1","Dromaius_","Dromaius_.1"
"2","Apteryx_owenii_","Apteryx_owenii_.1"
"3","Dama_dama","Dama_dama.1"
"4","Raphus","Raphus.1"
"5","Sphenodon_punctatus","Sphenodon_punctatus.1"
"6","Lacerta_viridis","Lacerta_viridis.1"
"7","Procyon_lotor","Procyon_lotor.1"
"8","Procyon_lotor","Procyon_lotor.2"
"9","Microgale_thomasi","Microgale_thomasi.1"
"10","Caloenas_nicobarica","Caloenas_nicobarica.1"
"11","Alces_americanus","Alces_americanus.1"
"12","Dama_dama","Dama_dama.2"
"13","Porphyrio_hochstetteri","Porphyrio_hochstetteri.1"
"14","Uncia_uncia","Uncia_uncia.1"
"15","Rhynchocyon_petersi","Rhynchocyon_petersi.1"
"16","Porphyrio_hochstetteri","Porphyrio_hochstetteri.2"
"17","Mustela_nivalis","Mustela_nivalis.1"
"18","Nyctereutes_procyonoides","Nyctereutes_procyonoides.1"
"19","Taxidea_taxus","Taxidea_taxus.1"
"20","Ceratotherium_simum","Ceratotherium_simum.1"
"21","Basilosaurus","Basilosaurus.1"
"22","Aptenodytes______","Aptenodytes______.1"
"23","Nothosaurus_giganteus","Nothosaurus_giganteus.1"
"24","Alligator","Alligator.1"
"25","Palaeospheniscus","Palaeospheniscus.1"
"26","Ichtyosaurus_","Ichtyosaurus_.1"
"27","Nothosaurus_giganteus","Nothosaurus_giganteus.2"
"28","Rhaeticosaurus","Rhaeticosaurus.1"
"29","Placondontia_indet","Placondontia_indet.1"
"30","Simosaurus","Simosaurus.1"
"31","Paraplacodus","Paraplacodus.1"
"32","Basilosaurus","Basilosaurus.2"
"33","Nothosaurus_568","Nothosaurus_568.1"
"34","Nothosaurus_102","Nothosaurus_102.1"
"35","Ichtyosaur_sp","Ichtyosaur_sp.1"
"36","Simosaurus_1","Simosaurus_1.1"
"37","Cryptoclidus","Cryptoclidus.1"
"38","Nothosaurus_mirabilis","Nothosaurus_mirabilis.1"
"39","Nanophoca_vitulinoides","Nanophoca_vitulinoides.1"
"40","Nanophoca_vitulinoides","Nanophoca_vitulinoides.2"
"41","Nanophoca_vitulinoides","Nanophoca_vitulinoides.3"
"42","Spinosaurus_","Spinosaurus_.1"
"43","Spinosaurus_","Spinosaurus_.2"
"44","Spinosaurus_","Spinosaurus_.3"
"45","Spinosaurus_","Spinosaurus_.4"
"46","Spinosaurus_","Spinosaurus_.5"
"47","Spinosaurus_","Spinosaurus_.6"
"48","Spinosaurus_","Spinosaurus_.7"
"49","Spinosaurus_","Spinosaurus_.8"
"50","Spinosaurus_","Spinosaurus_.9"
"51","Spinosaurus_","Spinosaurus_.10"
"52","Spinosaurus_","Spinosaurus_.11"
"53","Suchomimus","Suchomimus.1"
"54","Suchomimus","Suchomimus.2"
"55","Suchomimus","Suchomimus.3"
"56","Baryonyx","Baryonyx.1"
"57","Baryonyx","Baryonyx.2"
"58","Baryonyx","Baryonyx.3"
 
* Phylo tree and the main data and strata files have been modified to include duplicated taxa before the scaled random trees are generated.
* Selected categorical labels column: diving.or.not
* diving.or.equal column is identical to Diving column.
* Regression excludes flying taxa.
* Diving labels that are present in regression: 0,2
* lambda (calculated from a random tree) = : 0.12
* index-name alignment check: OK
