Logfile for a session of program: bootstrap_binary.r
-----------------------------------------------------
INPUT:
workDir: C:/dino_nature/output/2023-11-07-D1\bs/set_520
Nbootstrapsets: 2000
phyloFDAfile: c:/dino_nature/code/phylo.fda.R
auxFile: c:/dino_nature/code/auxiliary.r
boneType: femur
regressionData.file: C:/dino_nature/output/2023-11-07-D1\bs/set_520/femur_set_520.csv
applyDataFilter: FALSE
addTreeTips: TRUE
Ntrees: 100
calculateTrees: TRUE
saveTrees: FALSE


OPERATIONAL CHECKS:
* Regression data contains multiple copies of some taxa (user added variants of existing test taxa 
   or replacements due to bootstrap are present) which are not in the phylo tree:
     original taxon,   duplicate   
"1","Lacerta_viridis","Lacerta_viridis.1"
"2","Taxidea_taxus","Taxidea_taxus.1"
"3","Lama_guanicoe","Lama_guanicoe.1"
"4","Lama_guanicoe","Lama_guanicoe.2"
"5","Sus_scrofa","Sus_scrofa.1"
"6","Lacerta_viridis","Lacerta_viridis.2"
"7","Dicerorhinus_sumatrensis","Dicerorhinus_sumatrensis.1"
"8","Rangifer_tarandus","Rangifer_tarandus.1"
"9","Meles_meles","Meles_meles.1"
"10","Vulpes_vulpes","Vulpes_vulpes.1"
"11","Loxodonta_africana","Loxodonta_africana.1"
"12","Brachyodus_onoideum","Brachyodus_onoideum.1"
"13","Atlantisia_rogersi","Atlantisia_rogersi.1"
"14","Tribonyx_mortieri","Tribonyx_mortieri.1"
"15","Meles_meles","Meles_meles.2"
"16","Lama_guanicoe","Lama_guanicoe.3"
"17","Megaloceros_sp","Megaloceros_sp.1"
"18","Microgale_thomasi","Microgale_thomasi.1"
"19","Rupicapra_rupicapra","Rupicapra_rupicapra.1"
"20","Microgale_thomasi","Microgale_thomasi.2"
"21","Mus_musculus","Mus_musculus.1"
"22","Maiacetus","Maiacetus.1"
"23","Leptophoca_proxima","Leptophoca_proxima.1"
"24","Maiacetus","Maiacetus.2"
"25","Neusticosaurus","Neusticosaurus.1"
"26","Nanophoca_vitulinoides","Nanophoca_vitulinoides.1"
"27","Lutra_vulgaris","Lutra_vulgaris.1"
"28","Nanophoca_vitulinoides","Nanophoca_vitulinoides.2"
"29","Leptophoca_proxima","Leptophoca_proxima.2"
"30","Nanophoca_vitulinoides","Nanophoca_vitulinoides.3"
"31","Hexaprotodon_garyam","Hexaprotodon_garyam.1"
"32","Cricosaurus","Cricosaurus.1"
"33","Phalacrocorax_harrisi","Phalacrocorax_harrisi.1"
"34","Paraplacodus","Paraplacodus.1"
"35","Small_Eocene_penguin","Small_Eocene_penguin.1"
"36","Castor_fiber","Castor_fiber.1"
"37","Cricosaurus","Cricosaurus.2"
"38","Pistosaurus","Pistosaurus.1"
"39","Simosaurus_1","Simosaurus_1.1"
"40","Ornithorhynchus_anatinus","Ornithorhynchus_anatinus.1"
"41","Castor_fiber","Castor_fiber.2"
"42","Caiman_yacare","Caiman_yacare.1"
"43","Chironectes_minimus","Chironectes_minimus.1"
"44","Nothosaurus_mirabilis","Nothosaurus_mirabilis.1"
"45","Micropotamogale_euwenzorii","Micropotamogale_euwenzorii.1"
"46","Spinosaurus_","Spinosaurus_.1"
"47","Spinosaurus_","Spinosaurus_.2"
"48","Spinosaurus_","Spinosaurus_.3"
"49","Spinosaurus_","Spinosaurus_.4"
"50","Spinosaurus_","Spinosaurus_.5"
"51","Spinosaurus_","Spinosaurus_.6"
"52","Spinosaurus_","Spinosaurus_.7"
"53","Spinosaurus_","Spinosaurus_.8"
"54","Spinosaurus_","Spinosaurus_.9"
"55","Spinosaurus_","Spinosaurus_.10"
"56","Spinosaurus_","Spinosaurus_.11"
"57","Suchomimus","Suchomimus.1"
"58","Suchomimus","Suchomimus.2"
"59","Suchomimus","Suchomimus.3"
"60","Baryonyx","Baryonyx.1"
"61","Baryonyx","Baryonyx.2"
"62","Baryonyx","Baryonyx.3"
 
* Phylo tree and the main data and strata files have been modified to include duplicated taxa before the scaled random trees are generated.
* Selected categorical labels column: diving.or.not
* diving.or.equal column is identical to Diving column.
* Regression excludes flying taxa.
* Diving labels that are present in regression: 0,2
* lambda (calculated from a random tree) = : 0.06
* index-name alignment check: OK
