Logfile for a session of program: bootstrap_binary.r
-----------------------------------------------------
INPUT:
workDir: C:/dino_nature/output/2023-11-07-D1\bs/set_86
Nbootstrapsets: 2000
phyloFDAfile: c:/dino_nature/code/phylo.fda.R
auxFile: c:/dino_nature/code/auxiliary.r
boneType: femur
regressionData.file: C:/dino_nature/output/2023-11-07-D1\bs/set_86/femur_set_86.csv
applyDataFilter: FALSE
addTreeTips: TRUE
Ntrees: 100
calculateTrees: TRUE
saveTrees: FALSE


OPERATIONAL CHECKS:
* Regression data contains multiple copies of some taxa (user added variants of existing test taxa 
   or replacements due to bootstrap are present) which are not in the phylo tree:
     original taxon,   duplicate   
"1","Dicerorhinus_sumatrensis","Dicerorhinus_sumatrensis.1"
"2","Uncia_uncia","Uncia_uncia.1"
"3","Dicerorhinus_sumatrensis","Dicerorhinus_sumatrensis.2"
"4","Dicerorhinus_sumatrensis","Dicerorhinus_sumatrensis.3"
"5","Myrmecophaga_tridactyla","Myrmecophaga_tridactyla.1"
"6","Porphyrio_hochstetteri","Porphyrio_hochstetteri.1"
"7","Uncia_uncia","Uncia_uncia.2"
"8","Uncia_uncia","Uncia_uncia.3"
"9","Tamandua_tetradactyla","Tamandua_tetradactyla.1"
"10","Dromaius_","Dromaius_.1"
"11","Microgale_thomasi","Microgale_thomasi.1"
"12","Rhynchocyon_petersi","Rhynchocyon_petersi.1"
"13","Mammuthus_sp","Mammuthus_sp.1"
"14","Porphyrio_hochstetteri","Porphyrio_hochstetteri.2"
"15","Diplomesodon_pulchellum","Diplomesodon_pulchellum.1"
"16","Microgale_thomasi","Microgale_thomasi.2"
"17","Myrmecophaga_tridactyla","Myrmecophaga_tridactyla.2"
"18","Bos_taurus","Bos_taurus.1"
"19","Rangifer_tarandus","Rangifer_tarandus.1"
"20","Rupicapra_rupicapra","Rupicapra_rupicapra.1"
"21","Megaloceros_sp","Megaloceros_sp.1"
"22","Alces_americanus","Alces_americanus.1"
"23","Rangifer_tarandus","Rangifer_tarandus.2"
"24","Rupicapra_rupicapra","Rupicapra_rupicapra.2"
"25","Dasyurus_maculatus","Dasyurus_maculatus.1"
"26","Diplomesodon_pulchellum","Diplomesodon_pulchellum.2"
"27","Ornithorhynchus_anatinus","Ornithorhynchus_anatinus.1"
"28","Ornithorhynchus_anatinus","Ornithorhynchus_anatinus.2"
"29","large_eocene_stem_penguin","large_eocene_stem_penguin.1"
"30","Ornithorhynchus_anatinus","Ornithorhynchus_anatinus.3"
"31","Plesiosaurus","Plesiosaurus.1"
"32","Plesiosaurus","Plesiosaurus.2"
"33","Castor_fiber","Castor_fiber.1"
"34","Hydromys_chrysogaster","Hydromys_chrysogaster.1"
"35","Simosaurus","Simosaurus.1"
"36","Hydromys_chrysogaster","Hydromys_chrysogaster.2"
"37","large_eocene_stem_penguin","large_eocene_stem_penguin.2"
"38","Leptophoca_proxima","Leptophoca_proxima.1"
"39","Cricosaurus","Cricosaurus.1"
"40","Nothosaurus_102","Nothosaurus_102.1"
"41","Choeropsis_liberiensis","Choeropsis_liberiensis.1"
"42","Chapsosaurus_","Chapsosaurus_.1"
"43","Indohyus","Indohyus.1"
"44","Plesiosaurus","Plesiosaurus.3"
"45","Placondontia_indet","Placondontia_indet.1"
"46","Pistosaurus","Pistosaurus.1"
"47","Nothosaurus_568","Nothosaurus_568.1"
"48","large_eocene_stem_penguin","large_eocene_stem_penguin.3"
"49","Spinosaurus_","Spinosaurus_.1"
"50","Spinosaurus_","Spinosaurus_.2"
"51","Spinosaurus_","Spinosaurus_.3"
"52","Spinosaurus_","Spinosaurus_.4"
"53","Spinosaurus_","Spinosaurus_.5"
"54","Spinosaurus_","Spinosaurus_.6"
"55","Spinosaurus_","Spinosaurus_.7"
"56","Spinosaurus_","Spinosaurus_.8"
"57","Spinosaurus_","Spinosaurus_.9"
"58","Spinosaurus_","Spinosaurus_.10"
"59","Spinosaurus_","Spinosaurus_.11"
"60","Suchomimus","Suchomimus.1"
"61","Suchomimus","Suchomimus.2"
"62","Suchomimus","Suchomimus.3"
"63","Baryonyx","Baryonyx.1"
"64","Baryonyx","Baryonyx.2"
"65","Baryonyx","Baryonyx.3"
 
* Phylo tree and the main data and strata files have been modified to include duplicated taxa before the scaled random trees are generated.
* Selected categorical labels column: diving.or.not
* diving.or.equal column is identical to Diving column.
* Regression excludes flying taxa.
* Diving labels that are present in regression: 0,2
* lambda (calculated from a random tree) = : 0.07
* index-name alignment check: OK
