Logfile for a session of program: bootstrap_binary.r
-----------------------------------------------------
INPUT:
workDir: C:/dino_nature/output/2023-11-07-D1\bs/set_949
Nbootstrapsets: 2000
phyloFDAfile: c:/dino_nature/code/phylo.fda.R
auxFile: c:/dino_nature/code/auxiliary.r
boneType: femur
regressionData.file: C:/dino_nature/output/2023-11-07-D1\bs/set_949/femur_set_949.csv
applyDataFilter: FALSE
addTreeTips: TRUE
Ntrees: 100
calculateTrees: TRUE
saveTrees: FALSE


OPERATIONAL CHECKS:
* Regression data contains multiple copies of some taxa (user added variants of existing test taxa 
   or replacements due to bootstrap are present) which are not in the phylo tree:
     original taxon,   duplicate   
"1","Meles_meles","Meles_meles.1"
"2","Elomeryx_borbonicus_","Elomeryx_borbonicus_.1"
"3","Meles_meles","Meles_meles.2"
"4","Ceratotherium_simum","Ceratotherium_simum.1"
"5","Mus_musculus","Mus_musculus.1"
"6","Porphyrio_hochstetteri","Porphyrio_hochstetteri.1"
"7","Meles_meles","Meles_meles.3"
"8","Uncia_uncia","Uncia_uncia.1"
"9","Uncia_uncia","Uncia_uncia.2"
"10","Apteryx_australis","Apteryx_australis.1"
"11","Myrmecophaga_tridactyla","Myrmecophaga_tridactyla.1"
"12","Uncia_uncia","Uncia_uncia.3"
"13","Mus_musculus","Mus_musculus.2"
"14","Myrmecophaga_tridactyla","Myrmecophaga_tridactyla.2"
"15","Myrmecophaga_tridactyla","Myrmecophaga_tridactyla.3"
"16","Myrmecophaga_tridactyla","Myrmecophaga_tridactyla.4"
"17","Myrmecophaga_tridactyla","Myrmecophaga_tridactyla.5"
"18","Mus_musculus","Mus_musculus.3"
"19","Monodelphis_domestica","Monodelphis_domestica.1"
"20","Dicerorhinus_sumatrensis","Dicerorhinus_sumatrensis.1"
"21","Maiacetus","Maiacetus.1"
"22","Rodhocetus","Rodhocetus.1"
"23","Phalacrocorax_harrisi","Phalacrocorax_harrisi.1"
"24","Psephoderma","Psephoderma.1"
"25","Desmostylus_hesperus","Desmostylus_hesperus.1"
"26","Maiacetus","Maiacetus.2"
"27","Spheniscus","Spheniscus.1"
"28","Small_Eocene_penguin","Small_Eocene_penguin.1"
"29","Ornithorhynchus_anatinus","Ornithorhynchus_anatinus.1"
"30","Psephoderma","Psephoderma.2"
"31","large_eocene_stem_penguin","large_eocene_stem_penguin.1"
"32","Maiacetus","Maiacetus.3"
"33","Psephoderma","Psephoderma.3"
"34","Hexaprotodon_garyam","Hexaprotodon_garyam.1"
"35","Serpianosaurus","Serpianosaurus.1"
"36","Lutra_vulgaris","Lutra_vulgaris.1"
"37","Dyrosaurid","Dyrosaurid.1"
"38","Indohyus","Indohyus.1"
"39","Phalacrocorax_harrisi","Phalacrocorax_harrisi.2"
"40","Metryorhynchus","Metryorhynchus.1"
"41","Choeropsis_liberiensis","Choeropsis_liberiensis.1"
"42","Spinosaurus_","Spinosaurus_.1"
"43","Spinosaurus_","Spinosaurus_.2"
"44","Spinosaurus_","Spinosaurus_.3"
"45","Spinosaurus_","Spinosaurus_.4"
"46","Spinosaurus_","Spinosaurus_.5"
"47","Spinosaurus_","Spinosaurus_.6"
"48","Spinosaurus_","Spinosaurus_.7"
"49","Spinosaurus_","Spinosaurus_.8"
"50","Spinosaurus_","Spinosaurus_.9"
"51","Spinosaurus_","Spinosaurus_.10"
"52","Spinosaurus_","Spinosaurus_.11"
"53","Suchomimus","Suchomimus.1"
"54","Suchomimus","Suchomimus.2"
"55","Suchomimus","Suchomimus.3"
"56","Baryonyx","Baryonyx.1"
"57","Baryonyx","Baryonyx.2"
"58","Baryonyx","Baryonyx.3"
 
* Phylo tree and the main data and strata files have been modified to include duplicated taxa before the scaled random trees are generated.
* Selected categorical labels column: diving.or.not
* diving.or.equal column is identical to Diving column.
* Regression excludes flying taxa.
* Diving labels that are present in regression: 0,2
* lambda (calculated from a random tree) = : 0.09
* index-name alignment check: OK
