Logfile for a session of program: bootstrap_binary.r
-----------------------------------------------------
INPUT:
workDir: C:/dino_nature/output/2023-11-07-D1\bs/set_751
Nbootstrapsets: 2000
phyloFDAfile: c:/dino_nature/code/phylo.fda.R
auxFile: c:/dino_nature/code/auxiliary.r
boneType: femur
regressionData.file: C:/dino_nature/output/2023-11-07-D1\bs/set_751/femur_set_751.csv
applyDataFilter: FALSE
addTreeTips: TRUE
Ntrees: 100
calculateTrees: TRUE
saveTrees: FALSE


OPERATIONAL CHECKS:
* Regression data contains multiple copies of some taxa (user added variants of existing test taxa 
   or replacements due to bootstrap are present) which are not in the phylo tree:
     original taxon,   duplicate   
"1","Procyon_lotor","Procyon_lotor.1"
"2","Dromaius_","Dromaius_.1"
"3","Apteryx_owenii_","Apteryx_owenii_.1"
"4","Apteryx_owenii_","Apteryx_owenii_.2"
"5","Uncia_uncia","Uncia_uncia.1"
"6","Giraffa_camelopardalis","Giraffa_camelopardalis.1"
"7","Lacerta_viridis","Lacerta_viridis.1"
"8","Procyon_lotor","Procyon_lotor.2"
"9","Mammuthus_sp","Mammuthus_sp.1"
"10","Giraffa_camelopardalis","Giraffa_camelopardalis.2"
"11","Uncia_uncia","Uncia_uncia.2"
"12","Strigiops_habroptilus","Strigiops_habroptilus.1"
"13","Myrmecophaga_tridactyla","Myrmecophaga_tridactyla.1"
"14","Apteryx_australis","Apteryx_australis.1"
"15","Mammuthus_sp","Mammuthus_sp.2"
"16","Vulpes_vulpes","Vulpes_vulpes.1"
"17","Anarosaurus","Anarosaurus.1"
"18","Metryorhynchus","Metryorhynchus.1"
"19","Phalacrocorax_harrisi","Phalacrocorax_harrisi.1"
"20","Phalacrocorax_harrisi","Phalacrocorax_harrisi.2"
"21","Remingtonocetus","Remingtonocetus.1"
"22","Small_Eocene_penguin","Small_Eocene_penguin.1"
"23","Chapsosaurus_","Chapsosaurus_.1"
"24","Hesperornis","Hesperornis.1"
"25","Castor_fiber","Castor_fiber.1"
"26","Micropotamogale_euwenzorii","Micropotamogale_euwenzorii.1"
"27","Hydromys_chrysogaster","Hydromys_chrysogaster.1"
"28","Spheniscus","Spheniscus.1"
"29","Maiacetus","Maiacetus.1"
"30","Castor_fiber","Castor_fiber.2"
"31","Neusticosaurus","Neusticosaurus.1"
"32","Metryorhynchus","Metryorhynchus.2"
"33","Metryorhynchus","Metryorhynchus.3"
"34","Hydromys_chrysogaster","Hydromys_chrysogaster.2"
"35","Phalacrocorax_harrisi","Phalacrocorax_harrisi.3"
"36","Remingtonocetus","Remingtonocetus.2"
"37","Phocanella_pumila","Phocanella_pumila.1"
"38","Spinosaurus_","Spinosaurus_.1"
"39","Spinosaurus_","Spinosaurus_.2"
"40","Spinosaurus_","Spinosaurus_.3"
"41","Spinosaurus_","Spinosaurus_.4"
"42","Spinosaurus_","Spinosaurus_.5"
"43","Spinosaurus_","Spinosaurus_.6"
"44","Spinosaurus_","Spinosaurus_.7"
"45","Spinosaurus_","Spinosaurus_.8"
"46","Spinosaurus_","Spinosaurus_.9"
"47","Spinosaurus_","Spinosaurus_.10"
"48","Spinosaurus_","Spinosaurus_.11"
"49","Suchomimus","Suchomimus.1"
"50","Suchomimus","Suchomimus.2"
"51","Suchomimus","Suchomimus.3"
"52","Baryonyx","Baryonyx.1"
"53","Baryonyx","Baryonyx.2"
"54","Baryonyx","Baryonyx.3"
 
* Phylo tree and the main data and strata files have been modified to include duplicated taxa before the scaled random trees are generated.
* Selected categorical labels column: diving.or.not
* diving.or.equal column is identical to Diving column.
* Regression excludes flying taxa.
* Diving labels that are present in regression: 0,2
* lambda (calculated from a random tree) = : 0.08
* index-name alignment check: OK
