Logfile for a session of program: bootstrap_binary.r
-----------------------------------------------------
INPUT:
workDir: C:/dino_nature/output/2023-11-07-D1\bs/set_369
Nbootstrapsets: 2000
phyloFDAfile: c:/dino_nature/code/phylo.fda.R
auxFile: c:/dino_nature/code/auxiliary.r
boneType: femur
regressionData.file: C:/dino_nature/output/2023-11-07-D1\bs/set_369/femur_set_369.csv
applyDataFilter: FALSE
addTreeTips: TRUE
Ntrees: 100
calculateTrees: TRUE
saveTrees: FALSE


OPERATIONAL CHECKS:
* Regression data contains multiple copies of some taxa (user added variants of existing test taxa 
   or replacements due to bootstrap are present) which are not in the phylo tree:
     original taxon,   duplicate   
"1","Cephalophus_silvicultor","Cephalophus_silvicultor.1"
"2","Elephas_maximus","Elephas_maximus.1"
"3","Strigiops_habroptilus","Strigiops_habroptilus.1"
"4","Sus_scrofa","Sus_scrofa.1"
"5","Giraffa_camelopardalis","Giraffa_camelopardalis.1"
"6","Elephas_maximus","Elephas_maximus.2"
"7","Microgale_thomasi","Microgale_thomasi.1"
"8","Mustela_nivalis","Mustela_nivalis.1"
"9","Procyon_lotor","Procyon_lotor.1"
"10","Dasyurus_maculatus","Dasyurus_maculatus.1"
"11","Apteryx_owenii_","Apteryx_owenii_.1"
"12","Caloenas_nicobarica","Caloenas_nicobarica.1"
"13","Meles_meles","Meles_meles.1"
"14","Rupicapra_rupicapra","Rupicapra_rupicapra.1"
"15","Rhinoceros_sondaicus","Rhinoceros_sondaicus.1"
"16","Nyctereutes_procyonoides","Nyctereutes_procyonoides.1"
"17","Elephas_maximus","Elephas_maximus.3"
"18","Strigiops_habroptilus","Strigiops_habroptilus.2"
"19","Placondontia_indet","Placondontia_indet.1"
"20","Ichtyosaur_sp","Ichtyosaur_sp.1"
"21","Ichtyosaur_sp","Ichtyosaur_sp.2"
"22","Serpianosaurus","Serpianosaurus.1"
"23","Palaeospheniscus","Palaeospheniscus.1"
"24","Nanophoca_vitulinoides","Nanophoca_vitulinoides.1"
"25","Placodontia_indet_1","Placodontia_indet_1.1"
"26","Choeropsis_liberiensis","Choeropsis_liberiensis.1"
"27","Ichtyosaur_sp","Ichtyosaur_sp.3"
"28","Palaeospheniscus","Palaeospheniscus.2"
"29","Serpianosaurus","Serpianosaurus.2"
"30","Placondontia_indet","Placondontia_indet.2"
"31","Noemys_fodies","Noemys_fodies.1"
"32","Dyrosaurid","Dyrosaurid.1"
"33","Nothosaurus_150","Nothosaurus_150.1"
"34","Rodhocetus","Rodhocetus.1"
"35","Tapirus_terrestris","Tapirus_terrestris.1"
"36","Anarosaurus","Anarosaurus.1"
"37","Cryptoclidus","Cryptoclidus.1"
"38","Spinosaurus_","Spinosaurus_.1"
"39","Spinosaurus_","Spinosaurus_.2"
"40","Spinosaurus_","Spinosaurus_.3"
"41","Spinosaurus_","Spinosaurus_.4"
"42","Spinosaurus_","Spinosaurus_.5"
"43","Spinosaurus_","Spinosaurus_.6"
"44","Spinosaurus_","Spinosaurus_.7"
"45","Spinosaurus_","Spinosaurus_.8"
"46","Spinosaurus_","Spinosaurus_.9"
"47","Spinosaurus_","Spinosaurus_.10"
"48","Spinosaurus_","Spinosaurus_.11"
"49","Suchomimus","Suchomimus.1"
"50","Suchomimus","Suchomimus.2"
"51","Suchomimus","Suchomimus.3"
"52","Baryonyx","Baryonyx.1"
"53","Baryonyx","Baryonyx.2"
"54","Baryonyx","Baryonyx.3"
 
* Phylo tree and the main data and strata files have been modified to include duplicated taxa before the scaled random trees are generated.
* Selected categorical labels column: diving.or.not
* diving.or.equal column is identical to Diving column.
* Regression excludes flying taxa.
* Diving labels that are present in regression: 0,2
* lambda (calculated from a random tree) = : 0.1
* index-name alignment check: OK
