Logfile for a session of program: bootstrap_binary.r
-----------------------------------------------------
INPUT:
workDir: C:/dino_nature/output/2023-11-07-D1\bs/set_1584
Nbootstrapsets: 2000
phyloFDAfile: c:/dino_nature/code/phylo.fda.R
auxFile: c:/dino_nature/code/auxiliary.r
boneType: femur
regressionData.file: C:/dino_nature/output/2023-11-07-D1\bs/set_1584/femur_set_1584.csv
applyDataFilter: FALSE
addTreeTips: TRUE
Ntrees: 100
calculateTrees: TRUE
saveTrees: FALSE


OPERATIONAL CHECKS:
* Regression data contains multiple copies of some taxa (user added variants of existing test taxa 
   or replacements due to bootstrap are present) which are not in the phylo tree:
     original taxon,   duplicate   
"1","Procyon_lotor","Procyon_lotor.1"
"2","Giraffa_camelopardalis","Giraffa_camelopardalis.1"
"3","Giraffa_camelopardalis","Giraffa_camelopardalis.2"
"4","Apteryx_owenii_","Apteryx_owenii_.1"
"5","Procyon_lotor","Procyon_lotor.2"
"6","Felis_felis","Felis_felis.1"
"7","Lacerta_viridis","Lacerta_viridis.1"
"8","Tamandua_tetradactyla","Tamandua_tetradactyla.1"
"9","Sus_scrofa","Sus_scrofa.1"
"10","Sus_scrofa","Sus_scrofa.2"
"11","Meles_meles","Meles_meles.1"
"12","Syncerus_caffer","Syncerus_caffer.1"
"13","Taxidea_taxus","Taxidea_taxus.1"
"14","Megaloceros_sp","Megaloceros_sp.1"
"15","Meles_meles","Meles_meles.2"
"16","Pogona_viceps","Pogona_viceps.1"
"17","Hesperornis","Hesperornis.1"
"18","Paraplacodus","Paraplacodus.1"
"19","Cryptoclidus","Cryptoclidus.1"
"20","Cryptoclidus","Cryptoclidus.2"
"21","Desmana_moschata","Desmana_moschata.1"
"22","Ichtyosaurus_","Ichtyosaurus_.1"
"23","Otaria_byronia","Otaria_byronia.1"
"24","Desmana_moschata","Desmana_moschata.2"
"25","Hesperornis","Hesperornis.2"
"26","Nothosaurus_102","Nothosaurus_102.1"
"27","Placodontia_indet_1","Placodontia_indet_1.1"
"28","Ornithorhynchus_anatinus","Ornithorhynchus_anatinus.1"
"29","Protochampsidae","Protochampsidae.1"
"30","Paraplacodus","Paraplacodus.2"
"31","Leptophoca_proxima","Leptophoca_proxima.1"
"32","Ichtyosaur_sp","Ichtyosaur_sp.1"
"33","Champsosaurus","Champsosaurus.1"
"34","Cryptoclidus","Cryptoclidus.3"
"35","Psephoderma","Psephoderma.1"
"36","Nanophoca_vitulinoides","Nanophoca_vitulinoides.1"
"37","Hippopotamus_amphibius","Hippopotamus_amphibius.1"
"38","Castor_fiber","Castor_fiber.1"
"39","Rodhocetus","Rodhocetus.1"
"40","Serpianosaurus","Serpianosaurus.1"
"41","Spinosaurus_","Spinosaurus_.1"
"42","Spinosaurus_","Spinosaurus_.2"
"43","Spinosaurus_","Spinosaurus_.3"
"44","Spinosaurus_","Spinosaurus_.4"
"45","Spinosaurus_","Spinosaurus_.5"
"46","Spinosaurus_","Spinosaurus_.6"
"47","Spinosaurus_","Spinosaurus_.7"
"48","Spinosaurus_","Spinosaurus_.8"
"49","Spinosaurus_","Spinosaurus_.9"
"50","Spinosaurus_","Spinosaurus_.10"
"51","Spinosaurus_","Spinosaurus_.11"
"52","Suchomimus","Suchomimus.1"
"53","Suchomimus","Suchomimus.2"
"54","Suchomimus","Suchomimus.3"
"55","Baryonyx","Baryonyx.1"
"56","Baryonyx","Baryonyx.2"
"57","Baryonyx","Baryonyx.3"
 
* Phylo tree and the main data and strata files have been modified to include duplicated taxa before the scaled random trees are generated.
* Selected categorical labels column: diving.or.not
* diving.or.equal column is identical to Diving column.
* Regression excludes flying taxa.
* Diving labels that are present in regression: 0,2
* lambda (calculated from a random tree) = : 0.1
* index-name alignment check: OK
