Logfile for a session of program: bootstrap_binary.r
-----------------------------------------------------
INPUT:
workDir: C:/dino_nature/output/2023-11-07-D1\bs/set_241
Nbootstrapsets: 2000
phyloFDAfile: c:/dino_nature/code/phylo.fda.R
auxFile: c:/dino_nature/code/auxiliary.r
boneType: femur
regressionData.file: C:/dino_nature/output/2023-11-07-D1\bs/set_241/femur_set_241.csv
applyDataFilter: FALSE
addTreeTips: TRUE
Ntrees: 100
calculateTrees: TRUE
saveTrees: FALSE


OPERATIONAL CHECKS:
* Regression data contains multiple copies of some taxa (user added variants of existing test taxa 
   or replacements due to bootstrap are present) which are not in the phylo tree:
     original taxon,   duplicate   
"1","Rangifer_tarandus","Rangifer_tarandus.1"
"2","Apteryx_australis","Apteryx_australis.1"
"3","Alces_americanus","Alces_americanus.1"
"4","Dasyurus_maculatus","Dasyurus_maculatus.1"
"5","Xenicus_giliventris","Xenicus_giliventris.1"
"6","Caloenas_nicobarica","Caloenas_nicobarica.1"
"7","Brachyodus_onoideum","Brachyodus_onoideum.1"
"8","Monodelphis_domestica","Monodelphis_domestica.1"
"9","Apteryx_australis","Apteryx_australis.2"
"10","Bos_taurus","Bos_taurus.1"
"11","Brachyodus_onoideum","Brachyodus_onoideum.2"
"12","Caloenas_nicobarica","Caloenas_nicobarica.2"
"13","Megaloceros_sp","Megaloceros_sp.1"
"14","Strigiops_habroptilus","Strigiops_habroptilus.1"
"15","Elomeryx_borbonicus_","Elomeryx_borbonicus_.1"
"16","Elomeryx_borbonicus_","Elomeryx_borbonicus_.2"
"17","Bison_bonasus","Bison_bonasus.1"
"18","Lacerta_viridis","Lacerta_viridis.1"
"19","Procyon_lotor","Procyon_lotor.1"
"20","Taxidea_taxus","Taxidea_taxus.1"
"21","Tenrec_ecaudatus","Tenrec_ecaudatus.1"
"22","Hesperornis","Hesperornis.1"
"23","Hesperornis","Hesperornis.2"
"24","Cricosaurus","Cricosaurus.1"
"25","Palaeospheniscus","Palaeospheniscus.1"
"26","Hydromys_chrysogaster","Hydromys_chrysogaster.1"
"27","Pistosaurus","Pistosaurus.1"
"28","Desmostylus_hesperus","Desmostylus_hesperus.1"
"29","Hydromys_chrysogaster","Hydromys_chrysogaster.2"
"30","Desmostylus_hesperus","Desmostylus_hesperus.2"
"31","Rodhocetus","Rodhocetus.1"
"32","Nothosaurus_giganteus","Nothosaurus_giganteus.1"
"33","Simosaurus_1","Simosaurus_1.1"
"34","Ichtyosaur_sp","Ichtyosaur_sp.1"
"35","Cricosaurus","Cricosaurus.2"
"36","Paraplacodus","Paraplacodus.1"
"37","Desmostylus_hesperus","Desmostylus_hesperus.3"
"38","Hydromys_chrysogaster","Hydromys_chrysogaster.3"
"39","Noemys_fodies","Noemys_fodies.1"
"40","Rodhocetus","Rodhocetus.2"
"41","Psephoderma","Psephoderma.1"
"42","Spinosaurus_","Spinosaurus_.1"
"43","Spinosaurus_","Spinosaurus_.2"
"44","Spinosaurus_","Spinosaurus_.3"
"45","Spinosaurus_","Spinosaurus_.4"
"46","Spinosaurus_","Spinosaurus_.5"
"47","Spinosaurus_","Spinosaurus_.6"
"48","Spinosaurus_","Spinosaurus_.7"
"49","Spinosaurus_","Spinosaurus_.8"
"50","Spinosaurus_","Spinosaurus_.9"
"51","Spinosaurus_","Spinosaurus_.10"
"52","Spinosaurus_","Spinosaurus_.11"
"53","Suchomimus","Suchomimus.1"
"54","Suchomimus","Suchomimus.2"
"55","Suchomimus","Suchomimus.3"
"56","Baryonyx","Baryonyx.1"
"57","Baryonyx","Baryonyx.2"
"58","Baryonyx","Baryonyx.3"
 
* Phylo tree and the main data and strata files have been modified to include duplicated taxa before the scaled random trees are generated.
* Selected categorical labels column: diving.or.not
* diving.or.equal column is identical to Diving column.
* Regression excludes flying taxa.
* Diving labels that are present in regression: 0,2
* lambda (calculated from a random tree) = : 0.09
* index-name alignment check: OK
