Logfile for a session of program: bootstrap_binary.r
-----------------------------------------------------
INPUT:
workDir: C:/dino_nature/output/2023-11-07-D1\bs/set_1152
Nbootstrapsets: 2000
phyloFDAfile: c:/dino_nature/code/phylo.fda.R
auxFile: c:/dino_nature/code/auxiliary.r
boneType: femur
regressionData.file: C:/dino_nature/output/2023-11-07-D1\bs/set_1152/femur_set_1152.csv
applyDataFilter: FALSE
addTreeTips: TRUE
Ntrees: 100
calculateTrees: TRUE
saveTrees: FALSE


OPERATIONAL CHECKS:
* Regression data contains multiple copies of some taxa (user added variants of existing test taxa 
   or replacements due to bootstrap are present) which are not in the phylo tree:
     original taxon,   duplicate   
"1","Raphus","Raphus.1"
"2","Rattus_rattus","Rattus_rattus.1"
"3","Microgale_thomasi","Microgale_thomasi.1"
"4","Giraffa_camelopardalis","Giraffa_camelopardalis.1"
"5","Rupicapra_rupicapra","Rupicapra_rupicapra.1"
"6","Myrmecophaga_tridactyla","Myrmecophaga_tridactyla.1"
"7","Giraffa_camelopardalis","Giraffa_camelopardalis.2"
"8","Tamandua_tetradactyla","Tamandua_tetradactyla.1"
"9","Raphus","Raphus.2"
"10","Cephalophus_silvicultor","Cephalophus_silvicultor.1"
"11","Loxodonta_africana","Loxodonta_africana.1"
"12","Cephalophus_silvicultor","Cephalophus_silvicultor.2"
"13","Porphyrio_hochstetteri","Porphyrio_hochstetteri.1"
"14","Nyctereutes_procyonoides","Nyctereutes_procyonoides.1"
"15","Sphenodon_punctatus","Sphenodon_punctatus.1"
"16","Lama_guanicoe","Lama_guanicoe.1"
"17","Vulpes_vulpes","Vulpes_vulpes.1"
"18","Meles_meles","Meles_meles.1"
"19","Serpianosaurus","Serpianosaurus.1"
"20","Simosaurus_1","Simosaurus_1.1"
"21","large_eocene_stem_penguin","large_eocene_stem_penguin.1"
"22","Neusticosaurus","Neusticosaurus.1"
"23","Ichtyosaur_sp","Ichtyosaur_sp.1"
"24","Cricosaurus","Cricosaurus.1"
"25","Plesiosaurus","Plesiosaurus.1"
"26","Hippopotamus_amphibius","Hippopotamus_amphibius.1"
"27","Basilosaurus","Basilosaurus.1"
"28","Neusticosaurus","Neusticosaurus.2"
"29","Simosaurus","Simosaurus.1"
"30","Micropotamogale_euwenzorii","Micropotamogale_euwenzorii.1"
"31","Desmostylus_hesperus","Desmostylus_hesperus.1"
"32","Pistosaurus","Pistosaurus.1"
"33","Alligator","Alligator.1"
"34","Chapsosaurus_","Chapsosaurus_.1"
"35","Hippopotamus_amphibius","Hippopotamus_amphibius.2"
"36","Phocanella_pumila","Phocanella_pumila.1"
"37","Paraplacodus","Paraplacodus.1"
"38","Nothosaurus_150","Nothosaurus_150.1"
"39","Neusticosaurus","Neusticosaurus.3"
"40","Spinosaurus_","Spinosaurus_.1"
"41","Spinosaurus_","Spinosaurus_.2"
"42","Spinosaurus_","Spinosaurus_.3"
"43","Spinosaurus_","Spinosaurus_.4"
"44","Spinosaurus_","Spinosaurus_.5"
"45","Spinosaurus_","Spinosaurus_.6"
"46","Spinosaurus_","Spinosaurus_.7"
"47","Spinosaurus_","Spinosaurus_.8"
"48","Spinosaurus_","Spinosaurus_.9"
"49","Spinosaurus_","Spinosaurus_.10"
"50","Spinosaurus_","Spinosaurus_.11"
"51","Suchomimus","Suchomimus.1"
"52","Suchomimus","Suchomimus.2"
"53","Suchomimus","Suchomimus.3"
"54","Baryonyx","Baryonyx.1"
"55","Baryonyx","Baryonyx.2"
"56","Baryonyx","Baryonyx.3"
 
* Phylo tree and the main data and strata files have been modified to include duplicated taxa before the scaled random trees are generated.
* Selected categorical labels column: diving.or.not
* diving.or.equal column is identical to Diving column.
* Regression excludes flying taxa.
* Diving labels that are present in regression: 0,2
* lambda (calculated from a random tree) = : 0.09
* index-name alignment check: OK
