Logfile for a session of program: bootstrap_binary.r
-----------------------------------------------------
INPUT:
workDir: C:/dino_nature/output/2023-11-07-D1\bs/set_1789
Nbootstrapsets: 2000
phyloFDAfile: c:/dino_nature/code/phylo.fda.R
auxFile: c:/dino_nature/code/auxiliary.r
boneType: femur
regressionData.file: C:/dino_nature/output/2023-11-07-D1\bs/set_1789/femur_set_1789.csv
applyDataFilter: FALSE
addTreeTips: TRUE
Ntrees: 100
calculateTrees: TRUE
saveTrees: FALSE


OPERATIONAL CHECKS:
* Regression data contains multiple copies of some taxa (user added variants of existing test taxa 
   or replacements due to bootstrap are present) which are not in the phylo tree:
     original taxon,   duplicate   
"1","Dama_dama","Dama_dama.1"
"2","Okapia_johnstoni","Okapia_johnstoni.1"
"3","Apteryx_australis","Apteryx_australis.1"
"4","Vulpes_vulpes","Vulpes_vulpes.1"
"5","Okapia_johnstoni","Okapia_johnstoni.2"
"6","Paguma_larvata","Paguma_larvata.1"
"7","Elomeryx_borbonicus_","Elomeryx_borbonicus_.1"
"8","Strigiops_habroptilus","Strigiops_habroptilus.1"
"9","Vulpes_vulpes","Vulpes_vulpes.2"
"10","Mustela_nivalis","Mustela_nivalis.1"
"11","Monodelphis_domestica","Monodelphis_domestica.1"
"12","Okapia_johnstoni","Okapia_johnstoni.3"
"13","Porphyrio_hochstetteri","Porphyrio_hochstetteri.1"
"14","Okapia_johnstoni","Okapia_johnstoni.4"
"15","Taxidea_taxus","Taxidea_taxus.1"
"16","Elephas_maximus","Elephas_maximus.1"
"17","Nyctereutes_procyonoides","Nyctereutes_procyonoides.1"
"18","Myrmecophaga_tridactyla","Myrmecophaga_tridactyla.1"
"19","Strigiops_habroptilus","Strigiops_habroptilus.2"
"20","Caloenas_nicobarica","Caloenas_nicobarica.1"
"21","Lacerta_viridis","Lacerta_viridis.1"
"22","Strigiops_habroptilus","Strigiops_habroptilus.3"
"23","Mustela_nivalis","Mustela_nivalis.2"
"24","Otaria_byronia","Otaria_byronia.1"
"25","Ichtyosaur_sp","Ichtyosaur_sp.1"
"26","Aptenodytes______","Aptenodytes______.1"
"27","Tapirus_terrestris","Tapirus_terrestris.1"
"28","Nothosaurus_mirabilis_1","Nothosaurus_mirabilis_1.1"
"29","Spheniscus","Spheniscus.1"
"30","Spheniscus","Spheniscus.2"
"31","Hydromys_chrysogaster","Hydromys_chrysogaster.1"
"32","Desmana_moschata","Desmana_moschata.1"
"33","Hesperornis","Hesperornis.1"
"34","large_eocene_stem_penguin","large_eocene_stem_penguin.1"
"35","Cricosaurus","Cricosaurus.1"
"36","large_eocene_stem_penguin","large_eocene_stem_penguin.2"
"37","Champsosaurus","Champsosaurus.1"
"38","Hippopotamus_amphibius","Hippopotamus_amphibius.1"
"39","Small_Eocene_penguin","Small_Eocene_penguin.1"
"40","Dyrosaurid","Dyrosaurid.1"
"41","Maiacetus","Maiacetus.1"
"42","Basilosaurus","Basilosaurus.1"
"43","Noemys_fodies","Noemys_fodies.1"
"44","Nothosaurus_mirabilis_1","Nothosaurus_mirabilis_1.2"
"45","Noemys_fodies","Noemys_fodies.2"
"46","Spinosaurus_","Spinosaurus_.1"
"47","Spinosaurus_","Spinosaurus_.2"
"48","Spinosaurus_","Spinosaurus_.3"
"49","Spinosaurus_","Spinosaurus_.4"
"50","Spinosaurus_","Spinosaurus_.5"
"51","Spinosaurus_","Spinosaurus_.6"
"52","Spinosaurus_","Spinosaurus_.7"
"53","Spinosaurus_","Spinosaurus_.8"
"54","Spinosaurus_","Spinosaurus_.9"
"55","Spinosaurus_","Spinosaurus_.10"
"56","Spinosaurus_","Spinosaurus_.11"
"57","Suchomimus","Suchomimus.1"
"58","Suchomimus","Suchomimus.2"
"59","Suchomimus","Suchomimus.3"
"60","Baryonyx","Baryonyx.1"
"61","Baryonyx","Baryonyx.2"
"62","Baryonyx","Baryonyx.3"
 
* Phylo tree and the main data and strata files have been modified to include duplicated taxa before the scaled random trees are generated.
* Selected categorical labels column: diving.or.not
* diving.or.equal column is identical to Diving column.
* Regression excludes flying taxa.
* Diving labels that are present in regression: 0,2
* lambda (calculated from a random tree) = : 0.1
* index-name alignment check: OK
