Logfile for a session of program: bootstrap_binary.r
-----------------------------------------------------
INPUT:
workDir: C:/dino_nature/output/2023-11-07-D1\bs/set_744
Nbootstrapsets: 2000
phyloFDAfile: c:/dino_nature/code/phylo.fda.R
auxFile: c:/dino_nature/code/auxiliary.r
boneType: femur
regressionData.file: C:/dino_nature/output/2023-11-07-D1\bs/set_744/femur_set_744.csv
applyDataFilter: FALSE
addTreeTips: TRUE
Ntrees: 100
calculateTrees: TRUE
saveTrees: FALSE


OPERATIONAL CHECKS:
* Regression data contains multiple copies of some taxa (user added variants of existing test taxa 
   or replacements due to bootstrap are present) which are not in the phylo tree:
     original taxon,   duplicate   
"1","Tribonyx_mortieri","Tribonyx_mortieri.1"
"2","Bison_bonasus","Bison_bonasus.1"
"3","Myrmecophaga_tridactyla","Myrmecophaga_tridactyla.1"
"4","Loxodonta_africana","Loxodonta_africana.1"
"5","Loxodonta_africana","Loxodonta_africana.2"
"6","Raphus","Raphus.1"
"7","Xenicus_giliventris","Xenicus_giliventris.1"
"8","Xenicus_giliventris","Xenicus_giliventris.2"
"9","Brachyodus_onoideum","Brachyodus_onoideum.1"
"10","Mus_musculus","Mus_musculus.1"
"11","Monodelphis_domestica","Monodelphis_domestica.1"
"12","Apteryx_australis","Apteryx_australis.1"
"13","Tenrec_ecaudatus","Tenrec_ecaudatus.1"
"14","Dromaius_","Dromaius_.1"
"15","Okapia_johnstoni","Okapia_johnstoni.1"
"16","Uncia_uncia","Uncia_uncia.1"
"17","Brachyodus_onoideum","Brachyodus_onoideum.2"
"18","Plesiosaurus","Plesiosaurus.1"
"19","Placodontia_indet_1","Placodontia_indet_1.1"
"20","Alligator","Alligator.1"
"21","Desmostylus_hesperus","Desmostylus_hesperus.1"
"22","Maiacetus","Maiacetus.1"
"23","Nothosaurus_102","Nothosaurus_102.1"
"24","Chironectes_minimus","Chironectes_minimus.1"
"25","Rhaeticosaurus","Rhaeticosaurus.1"
"26","Ichtyosaur_sp","Ichtyosaur_sp.1"
"27","Hydromys_chrysogaster","Hydromys_chrysogaster.1"
"28","Maiacetus","Maiacetus.2"
"29","Rhaeticosaurus","Rhaeticosaurus.2"
"30","Chapsosaurus_","Chapsosaurus_.1"
"31","Protochampsidae","Protochampsidae.1"
"32","Chapsosaurus_","Chapsosaurus_.2"
"33","Hippopotamus_amphibius","Hippopotamus_amphibius.1"
"34","Callophoca_obscura","Callophoca_obscura.1"
"35","Chapsosaurus_","Chapsosaurus_.3"
"36","Serpianosaurus","Serpianosaurus.1"
"37","Spinosaurus_","Spinosaurus_.1"
"38","Spinosaurus_","Spinosaurus_.2"
"39","Spinosaurus_","Spinosaurus_.3"
"40","Spinosaurus_","Spinosaurus_.4"
"41","Spinosaurus_","Spinosaurus_.5"
"42","Spinosaurus_","Spinosaurus_.6"
"43","Spinosaurus_","Spinosaurus_.7"
"44","Spinosaurus_","Spinosaurus_.8"
"45","Spinosaurus_","Spinosaurus_.9"
"46","Spinosaurus_","Spinosaurus_.10"
"47","Spinosaurus_","Spinosaurus_.11"
"48","Suchomimus","Suchomimus.1"
"49","Suchomimus","Suchomimus.2"
"50","Suchomimus","Suchomimus.3"
"51","Baryonyx","Baryonyx.1"
"52","Baryonyx","Baryonyx.2"
"53","Baryonyx","Baryonyx.3"
 
* Phylo tree and the main data and strata files have been modified to include duplicated taxa before the scaled random trees are generated.
* Selected categorical labels column: diving.or.not
* diving.or.equal column is identical to Diving column.
* Regression excludes flying taxa.
* Diving labels that are present in regression: 0,2
* lambda (calculated from a random tree) = : 0.1
* index-name alignment check: OK
