Logfile for a session of program: bootstrap_binary.r
-----------------------------------------------------
INPUT:
workDir: C:/dino_nature/output/2023-11-07-D1\bs/set_53
Nbootstrapsets: 2000
phyloFDAfile: c:/dino_nature/code/phylo.fda.R
auxFile: c:/dino_nature/code/auxiliary.r
boneType: femur
regressionData.file: C:/dino_nature/output/2023-11-07-D1\bs/set_53/femur_set_53.csv
applyDataFilter: FALSE
addTreeTips: TRUE
Ntrees: 100
calculateTrees: TRUE
saveTrees: FALSE


OPERATIONAL CHECKS:
* Regression data contains multiple copies of some taxa (user added variants of existing test taxa 
   or replacements due to bootstrap are present) which are not in the phylo tree:
     original taxon,   duplicate   
"1","Megaloceros_sp","Megaloceros_sp.1"
"2","Giraffa_camelopardalis","Giraffa_camelopardalis.1"
"3","Nyctereutes_procyonoides","Nyctereutes_procyonoides.1"
"4","Rupicapra_rupicapra","Rupicapra_rupicapra.1"
"5","Loxodonta_africana","Loxodonta_africana.1"
"6","Uncia_uncia","Uncia_uncia.1"
"7","Mus_musculus","Mus_musculus.1"
"8","Meles_meles","Meles_meles.1"
"9","Atlantisia_rogersi","Atlantisia_rogersi.1"
"10","Capreolus_capreolus","Capreolus_capreolus.1"
"11","Porphyrio_hochstetteri","Porphyrio_hochstetteri.1"
"12","Procyon_lotor","Procyon_lotor.1"
"13","Caloenas_nicobarica","Caloenas_nicobarica.1"
"14","Rupicapra_rupicapra","Rupicapra_rupicapra.2"
"15","Monodelphis_domestica","Monodelphis_domestica.1"
"16","Loxodonta_africana","Loxodonta_africana.2"
"17","Elephas_maximus","Elephas_maximus.1"
"18","Giraffa_camelopardalis","Giraffa_camelopardalis.2"
"19","Meles_meles","Meles_meles.2"
"20","Vulpes_vulpes","Vulpes_vulpes.1"
"21","Procyon_lotor","Procyon_lotor.2"
"22","Atlantisia_rogersi","Atlantisia_rogersi.2"
"23","Spheniscus","Spheniscus.1"
"24","Psephoderma","Psephoderma.1"
"25","Maiacetus","Maiacetus.1"
"26","Nothosaurus_mirabilis","Nothosaurus_mirabilis.1"
"27","Nothosaurus_mirabilis_1","Nothosaurus_mirabilis_1.1"
"28","Callophoca_obscura","Callophoca_obscura.1"
"29","Protochampsidae","Protochampsidae.1"
"30","Cryptoclidus","Cryptoclidus.1"
"31","Ornithorhynchus_anatinus","Ornithorhynchus_anatinus.1"
"32","Plesiosaurus","Plesiosaurus.1"
"33","Lutra_vulgaris","Lutra_vulgaris.1"
"34","Hexaprotodon_garyam","Hexaprotodon_garyam.1"
"35","Placondontia_indet","Placondontia_indet.1"
"36","Lutra_vulgaris","Lutra_vulgaris.2"
"37","Indohyus","Indohyus.1"
"38","Nothosaurus_mirabilis","Nothosaurus_mirabilis.2"
"39","Lutra_vulgaris","Lutra_vulgaris.3"
"40","Hexaprotodon_garyam","Hexaprotodon_garyam.2"
"41","Placondontia_indet","Placondontia_indet.2"
"42","Placondontia_indet","Placondontia_indet.3"
"43","Indohyus","Indohyus.2"
"44","Basilosaurus","Basilosaurus.1"
"45","Ornithorhynchus_anatinus","Ornithorhynchus_anatinus.2"
"46","Spinosaurus_","Spinosaurus_.1"
"47","Spinosaurus_","Spinosaurus_.2"
"48","Spinosaurus_","Spinosaurus_.3"
"49","Spinosaurus_","Spinosaurus_.4"
"50","Spinosaurus_","Spinosaurus_.5"
"51","Spinosaurus_","Spinosaurus_.6"
"52","Spinosaurus_","Spinosaurus_.7"
"53","Spinosaurus_","Spinosaurus_.8"
"54","Spinosaurus_","Spinosaurus_.9"
"55","Spinosaurus_","Spinosaurus_.10"
"56","Spinosaurus_","Spinosaurus_.11"
"57","Suchomimus","Suchomimus.1"
"58","Suchomimus","Suchomimus.2"
"59","Suchomimus","Suchomimus.3"
"60","Baryonyx","Baryonyx.1"
"61","Baryonyx","Baryonyx.2"
"62","Baryonyx","Baryonyx.3"
 
* Phylo tree and the main data and strata files have been modified to include duplicated taxa before the scaled random trees are generated.
* Selected categorical labels column: diving.or.not
* diving.or.equal column is identical to Diving column.
* Regression excludes flying taxa.
* Diving labels that are present in regression: 0,2
* lambda (calculated from a random tree) = : 0.13
* index-name alignment check: OK
