Logfile for a session of program: bootstrap_binary.r
-----------------------------------------------------
INPUT:
workDir: C:/dino_nature/output/2023-11-07-D1\bs/set_1325
Nbootstrapsets: 2000
phyloFDAfile: c:/dino_nature/code/phylo.fda.R
auxFile: c:/dino_nature/code/auxiliary.r
boneType: femur
regressionData.file: C:/dino_nature/output/2023-11-07-D1\bs/set_1325/femur_set_1325.csv
applyDataFilter: FALSE
addTreeTips: TRUE
Ntrees: 100
calculateTrees: TRUE
saveTrees: FALSE


OPERATIONAL CHECKS:
* Regression data contains multiple copies of some taxa (user added variants of existing test taxa 
   or replacements due to bootstrap are present) which are not in the phylo tree:
     original taxon,   duplicate   
"1","Hemiechinus_azurites","Hemiechinus_azurites.1"
"2","Strigiops_habroptilus","Strigiops_habroptilus.1"
"3","Strigiops_habroptilus","Strigiops_habroptilus.2"
"4","Hemiechinus_azurites","Hemiechinus_azurites.2"
"5","Procavia_capensis","Procavia_capensis.1"
"6","Rangifer_tarandus","Rangifer_tarandus.1"
"7","Xenicus_giliventris","Xenicus_giliventris.1"
"8","Dama_dama","Dama_dama.1"
"9","Myrmecophaga_tridactyla","Myrmecophaga_tridactyla.1"
"10","Elephas_maximus","Elephas_maximus.1"
"11","Diplomesodon_pulchellum","Diplomesodon_pulchellum.1"
"12","Tribonyx_mortieri","Tribonyx_mortieri.1"
"13","Rhinoceros_sondaicus","Rhinoceros_sondaicus.1"
"14","Mus_musculus","Mus_musculus.1"
"15","Mustela_nivalis","Mustela_nivalis.1"
"16","Hemiechinus_azurites","Hemiechinus_azurites.3"
"17","Capreolus_capreolus","Capreolus_capreolus.1"
"18","Xenicus_giliventris","Xenicus_giliventris.2"
"19","Rangifer_tarandus","Rangifer_tarandus.2"
"20","Nyctereutes_procyonoides","Nyctereutes_procyonoides.1"
"21","Hemiechinus_azurites","Hemiechinus_azurites.4"
"22","Protochampsidae","Protochampsidae.1"
"23","Otaria_byronia","Otaria_byronia.1"
"24","Caiman_yacare","Caiman_yacare.1"
"25","Castor_fiber","Castor_fiber.1"
"26","Caiman_yacare","Caiman_yacare.2"
"27","Nothosaurus_150","Nothosaurus_150.1"
"28","Hexaprotodon_garyam","Hexaprotodon_garyam.1"
"29","Alligator","Alligator.1"
"30","Rhaeticosaurus","Rhaeticosaurus.1"
"31","Caiman_yacare","Caiman_yacare.3"
"32","Hexaprotodon_garyam","Hexaprotodon_garyam.2"
"33","Nothosaurus_giganteus","Nothosaurus_giganteus.1"
"34","Paraplacodus","Paraplacodus.1"
"35","Palaeospheniscus","Palaeospheniscus.1"
"36","Phocanella_pumila","Phocanella_pumila.1"
"37","Castor_fiber","Castor_fiber.2"
"38","Indohyus","Indohyus.1"
"39","Palaeospheniscus","Palaeospheniscus.2"
"40","Psephoderma","Psephoderma.1"
"41","Otaria_byronia","Otaria_byronia.2"
"42","Dyrosaurid","Dyrosaurid.1"
"43","Castor_fiber","Castor_fiber.3"
"44","Nothosaurus_102","Nothosaurus_102.1"
"45","Spinosaurus_","Spinosaurus_.1"
"46","Spinosaurus_","Spinosaurus_.2"
"47","Spinosaurus_","Spinosaurus_.3"
"48","Spinosaurus_","Spinosaurus_.4"
"49","Spinosaurus_","Spinosaurus_.5"
"50","Spinosaurus_","Spinosaurus_.6"
"51","Spinosaurus_","Spinosaurus_.7"
"52","Spinosaurus_","Spinosaurus_.8"
"53","Spinosaurus_","Spinosaurus_.9"
"54","Spinosaurus_","Spinosaurus_.10"
"55","Spinosaurus_","Spinosaurus_.11"
"56","Suchomimus","Suchomimus.1"
"57","Suchomimus","Suchomimus.2"
"58","Suchomimus","Suchomimus.3"
"59","Baryonyx","Baryonyx.1"
"60","Baryonyx","Baryonyx.2"
"61","Baryonyx","Baryonyx.3"
 
* Phylo tree and the main data and strata files have been modified to include duplicated taxa before the scaled random trees are generated.
* Selected categorical labels column: diving.or.not
* diving.or.equal column is identical to Diving column.
* Regression excludes flying taxa.
* Diving labels that are present in regression: 0,2
* lambda (calculated from a random tree) = : 0.11
* index-name alignment check: OK
