Logfile for a session of program: bootstrap_binary.r
-----------------------------------------------------
INPUT:
workDir: C:/dino_nature/output/2023-11-07-D1\bs/set_904
Nbootstrapsets: 2000
phyloFDAfile: c:/dino_nature/code/phylo.fda.R
auxFile: c:/dino_nature/code/auxiliary.r
boneType: femur
regressionData.file: C:/dino_nature/output/2023-11-07-D1\bs/set_904/femur_set_904.csv
applyDataFilter: FALSE
addTreeTips: TRUE
Ntrees: 100
calculateTrees: TRUE
saveTrees: FALSE


OPERATIONAL CHECKS:
* Regression data contains multiple copies of some taxa (user added variants of existing test taxa 
   or replacements due to bootstrap are present) which are not in the phylo tree:
     original taxon,   duplicate   
"1","Rangifer_tarandus","Rangifer_tarandus.1"
"2","Myrmecophaga_tridactyla","Myrmecophaga_tridactyla.1"
"3","Cephalophus_silvicultor","Cephalophus_silvicultor.1"
"4","Elomeryx_borbonicus_","Elomeryx_borbonicus_.1"
"5","Dasyurus_maculatus","Dasyurus_maculatus.1"
"6","Myrmecophaga_tridactyla","Myrmecophaga_tridactyla.2"
"7","Cephalophus_silvicultor","Cephalophus_silvicultor.2"
"8","Elomeryx_borbonicus_","Elomeryx_borbonicus_.2"
"9","Alces_americanus","Alces_americanus.1"
"10","Cephalophus_silvicultor","Cephalophus_silvicultor.3"
"11","Monodelphis_domestica","Monodelphis_domestica.1"
"12","Rangifer_tarandus","Rangifer_tarandus.2"
"13","Microgale_thomasi","Microgale_thomasi.1"
"14","Rangifer_tarandus","Rangifer_tarandus.3"
"15","Rupicapra_rupicapra","Rupicapra_rupicapra.1"
"16","Sphenodon_punctatus","Sphenodon_punctatus.1"
"17","Euroscaptor_micrura","Euroscaptor_micrura.1"
"18","Alces_americanus","Alces_americanus.2"
"19","Mus_musculus","Mus_musculus.1"
"20","Taxidea_taxus","Taxidea_taxus.1"
"21","Desmana_moschata","Desmana_moschata.1"
"22","Ichtyosaur_sp","Ichtyosaur_sp.1"
"23","Simosaurus","Simosaurus.1"
"24","large_eocene_stem_penguin","large_eocene_stem_penguin.1"
"25","Phocanella_pumila","Phocanella_pumila.1"
"26","Otaria_byronia","Otaria_byronia.1"
"27","Phocanella_pumila","Phocanella_pumila.2"
"28","Champsosaurus","Champsosaurus.1"
"29","Castor_fiber","Castor_fiber.1"
"30","Nanophoca_vitulinoides","Nanophoca_vitulinoides.1"
"31","Micropotamogale_euwenzorii","Micropotamogale_euwenzorii.1"
"32","large_eocene_stem_penguin","large_eocene_stem_penguin.2"
"33","Nothosaurus_568","Nothosaurus_568.1"
"34","Simosaurus","Simosaurus.2"
"35","Hexaprotodon_garyam","Hexaprotodon_garyam.1"
"36","Choeropsis_liberiensis","Choeropsis_liberiensis.1"
"37","Anarosaurus","Anarosaurus.1"
"38","Hexaprotodon_garyam","Hexaprotodon_garyam.2"
"39","Placodontia_indet_1","Placodontia_indet_1.1"
"40","Anarosaurus","Anarosaurus.2"
"41","Nothosaurus_150","Nothosaurus_150.1"
"42","Phocanella_pumila","Phocanella_pumila.3"
"43","Cricosaurus","Cricosaurus.1"
"44","Spinosaurus_","Spinosaurus_.1"
"45","Spinosaurus_","Spinosaurus_.2"
"46","Spinosaurus_","Spinosaurus_.3"
"47","Spinosaurus_","Spinosaurus_.4"
"48","Spinosaurus_","Spinosaurus_.5"
"49","Spinosaurus_","Spinosaurus_.6"
"50","Spinosaurus_","Spinosaurus_.7"
"51","Spinosaurus_","Spinosaurus_.8"
"52","Spinosaurus_","Spinosaurus_.9"
"53","Spinosaurus_","Spinosaurus_.10"
"54","Spinosaurus_","Spinosaurus_.11"
"55","Suchomimus","Suchomimus.1"
"56","Suchomimus","Suchomimus.2"
"57","Suchomimus","Suchomimus.3"
"58","Baryonyx","Baryonyx.1"
"59","Baryonyx","Baryonyx.2"
"60","Baryonyx","Baryonyx.3"
 
* Phylo tree and the main data and strata files have been modified to include duplicated taxa before the scaled random trees are generated.
* Selected categorical labels column: diving.or.not
* diving.or.equal column is identical to Diving column.
* Regression excludes flying taxa.
* Diving labels that are present in regression: 0,2
* lambda (calculated from a random tree) = : 0.1
* index-name alignment check: OK
