Logfile for a session of program: bootstrap_binary.r
-----------------------------------------------------
INPUT:
workDir: C:/dino_nature/output/2023-11-07-D1\bs/set_1240
Nbootstrapsets: 2000
phyloFDAfile: c:/dino_nature/code/phylo.fda.R
auxFile: c:/dino_nature/code/auxiliary.r
boneType: femur
regressionData.file: C:/dino_nature/output/2023-11-07-D1\bs/set_1240/femur_set_1240.csv
applyDataFilter: FALSE
addTreeTips: TRUE
Ntrees: 100
calculateTrees: TRUE
saveTrees: FALSE


OPERATIONAL CHECKS:
* Regression data contains multiple copies of some taxa (user added variants of existing test taxa 
   or replacements due to bootstrap are present) which are not in the phylo tree:
     original taxon,   duplicate   
"1","Okapia_johnstoni","Okapia_johnstoni.1"
"2","Raphus","Raphus.1"
"3","Atlantisia_rogersi","Atlantisia_rogersi.1"
"4","Sphenodon_punctatus","Sphenodon_punctatus.1"
"5","Tenrec_ecaudatus","Tenrec_ecaudatus.1"
"6","Tenrec_ecaudatus","Tenrec_ecaudatus.2"
"7","Sphenodon_punctatus","Sphenodon_punctatus.2"
"8","Sphenodon_punctatus","Sphenodon_punctatus.3"
"9","Felis_felis","Felis_felis.1"
"10","Apteryx_owenii_","Apteryx_owenii_.1"
"11","Mus_musculus","Mus_musculus.1"
"12","Dromaius_","Dromaius_.1"
"13","Okapia_johnstoni","Okapia_johnstoni.2"
"14","Porphyrio_hochstetteri","Porphyrio_hochstetteri.1"
"15","Tamandua_tetradactyla","Tamandua_tetradactyla.1"
"16","Raphus","Raphus.2"
"17","Procyon_lotor","Procyon_lotor.1"
"18","Raphus","Raphus.3"
"19","Ceratotherium_simum","Ceratotherium_simum.1"
"20","Elephas_maximus","Elephas_maximus.1"
"21","Simosaurus_1","Simosaurus_1.1"
"22","Aptenodytes______","Aptenodytes______.1"
"23","Nanophoca_vitulinoides","Nanophoca_vitulinoides.1"
"24","Cricosaurus","Cricosaurus.1"
"25","Ichtyosaur_sp","Ichtyosaur_sp.1"
"26","Paraplacodus","Paraplacodus.1"
"27","Aptenodytes______","Aptenodytes______.2"
"28","Placodontia_indet_1","Placodontia_indet_1.1"
"29","Rhaeticosaurus","Rhaeticosaurus.1"
"30","Nothosaurus_giganteus","Nothosaurus_giganteus.1"
"31","Cricosaurus","Cricosaurus.2"
"32","Spheniscus","Spheniscus.1"
"33","Leptophoca_proxima","Leptophoca_proxima.1"
"34","Ichtyosaur_sp","Ichtyosaur_sp.2"
"35","Leptophoca_proxima","Leptophoca_proxima.2"
"36","Desmostylus_hesperus","Desmostylus_hesperus.1"
"37","Paraplacodus","Paraplacodus.2"
"38","Cricosaurus","Cricosaurus.3"
"39","Indohyus","Indohyus.1"
"40","Chapsosaurus_","Chapsosaurus_.1"
"41","Nanophoca_vitulinoides","Nanophoca_vitulinoides.2"
"42","Desmostylus_hesperus","Desmostylus_hesperus.2"
"43","Cryptoclidus","Cryptoclidus.1"
"44","Spinosaurus_","Spinosaurus_.1"
"45","Spinosaurus_","Spinosaurus_.2"
"46","Spinosaurus_","Spinosaurus_.3"
"47","Spinosaurus_","Spinosaurus_.4"
"48","Spinosaurus_","Spinosaurus_.5"
"49","Spinosaurus_","Spinosaurus_.6"
"50","Spinosaurus_","Spinosaurus_.7"
"51","Spinosaurus_","Spinosaurus_.8"
"52","Spinosaurus_","Spinosaurus_.9"
"53","Spinosaurus_","Spinosaurus_.10"
"54","Spinosaurus_","Spinosaurus_.11"
"55","Suchomimus","Suchomimus.1"
"56","Suchomimus","Suchomimus.2"
"57","Suchomimus","Suchomimus.3"
"58","Baryonyx","Baryonyx.1"
"59","Baryonyx","Baryonyx.2"
"60","Baryonyx","Baryonyx.3"
 
* Phylo tree and the main data and strata files have been modified to include duplicated taxa before the scaled random trees are generated.
* Selected categorical labels column: diving.or.not
* diving.or.equal column is identical to Diving column.
* Regression excludes flying taxa.
* Diving labels that are present in regression: 0,2
* lambda (calculated from a random tree) = : 0.08
* index-name alignment check: OK
