Logfile for a session of program: bootstrap_binary.r
-----------------------------------------------------
INPUT:
workDir: C:/dino_nature/output/2023-11-07-D1\bs/set_1980
Nbootstrapsets: 2000
phyloFDAfile: c:/dino_nature/code/phylo.fda.R
auxFile: c:/dino_nature/code/auxiliary.r
boneType: femur
regressionData.file: C:/dino_nature/output/2023-11-07-D1\bs/set_1980/femur_set_1980.csv
applyDataFilter: FALSE
addTreeTips: TRUE
Ntrees: 100
calculateTrees: TRUE
saveTrees: FALSE


OPERATIONAL CHECKS:
* Regression data contains multiple copies of some taxa (user added variants of existing test taxa 
   or replacements due to bootstrap are present) which are not in the phylo tree:
     original taxon,   duplicate   
"1","Atlantisia_rogersi","Atlantisia_rogersi.1"
"2","Tribonyx_mortieri","Tribonyx_mortieri.1"
"3","Hemiechinus_azurites","Hemiechinus_azurites.1"
"4","Ceratotherium_simum","Ceratotherium_simum.1"
"5","Rangifer_tarandus","Rangifer_tarandus.1"
"6","Caloenas_nicobarica","Caloenas_nicobarica.1"
"7","Bos_taurus","Bos_taurus.1"
"8","Apteryx_australis","Apteryx_australis.1"
"9","Ceratotherium_simum","Ceratotherium_simum.2"
"10","Tenrec_ecaudatus","Tenrec_ecaudatus.1"
"11","Monodelphis_domestica","Monodelphis_domestica.1"
"12","Tamandua_tetradactyla","Tamandua_tetradactyla.1"
"13","Giraffa_camelopardalis","Giraffa_camelopardalis.1"
"14","Rangifer_tarandus","Rangifer_tarandus.2"
"15","Mustela_nivalis","Mustela_nivalis.1"
"16","Tamandua_tetradactyla","Tamandua_tetradactyla.2"
"17","Dromaius_","Dromaius_.1"
"18","Megaloceros_sp","Megaloceros_sp.1"
"19","Loxodonta_africana","Loxodonta_africana.1"
"20","Nyctereutes_procyonoides","Nyctereutes_procyonoides.1"
"21","Rangifer_tarandus","Rangifer_tarandus.3"
"22","Mustela_nivalis","Mustela_nivalis.2"
"23","Desmana_moschata","Desmana_moschata.1"
"24","Desmostylus_hesperus","Desmostylus_hesperus.1"
"25","Placodontia_indet_1","Placodontia_indet_1.1"
"26","Placodontia_indet_1","Placodontia_indet_1.2"
"27","Plesiosaurus","Plesiosaurus.1"
"28","Plesiosaurus","Plesiosaurus.2"
"29","Nothosaurus_150","Nothosaurus_150.1"
"30","Desmostylus_hesperus","Desmostylus_hesperus.2"
"31","Leptophoca_proxima","Leptophoca_proxima.1"
"32","Phocanella_pumila","Phocanella_pumila.1"
"33","Small_Eocene_penguin","Small_Eocene_penguin.1"
"34","Protochampsidae","Protochampsidae.1"
"35","Remingtonocetus","Remingtonocetus.1"
"36","Desmana_moschata","Desmana_moschata.2"
"37","Ornithorhynchus_anatinus","Ornithorhynchus_anatinus.1"
"38","Placondontia_indet","Placondontia_indet.1"
"39","Plesiosaurus","Plesiosaurus.3"
"40","Spheniscus","Spheniscus.1"
"41","Placodontia_indet_1","Placodontia_indet_1.3"
"42","Phocanella_pumila","Phocanella_pumila.2"
"43","Leptophoca_proxima","Leptophoca_proxima.2"
"44","Leptophoca_proxima","Leptophoca_proxima.3"
"45","Rodhocetus","Rodhocetus.1"
"46","Spheniscus","Spheniscus.2"
"47","Chapsosaurus_","Chapsosaurus_.1"
"48","Phocanella_pumila","Phocanella_pumila.3"
"49","Ornithorhynchus_anatinus","Ornithorhynchus_anatinus.2"
"50","Spinosaurus_","Spinosaurus_.1"
"51","Spinosaurus_","Spinosaurus_.2"
"52","Spinosaurus_","Spinosaurus_.3"
"53","Spinosaurus_","Spinosaurus_.4"
"54","Spinosaurus_","Spinosaurus_.5"
"55","Spinosaurus_","Spinosaurus_.6"
"56","Spinosaurus_","Spinosaurus_.7"
"57","Spinosaurus_","Spinosaurus_.8"
"58","Spinosaurus_","Spinosaurus_.9"
"59","Spinosaurus_","Spinosaurus_.10"
"60","Spinosaurus_","Spinosaurus_.11"
"61","Suchomimus","Suchomimus.1"
"62","Suchomimus","Suchomimus.2"
"63","Suchomimus","Suchomimus.3"
"64","Baryonyx","Baryonyx.1"
"65","Baryonyx","Baryonyx.2"
"66","Baryonyx","Baryonyx.3"
 
* Phylo tree and the main data and strata files have been modified to include duplicated taxa before the scaled random trees are generated.
* Selected categorical labels column: diving.or.not
* diving.or.equal column is identical to Diving column.
* Regression excludes flying taxa.
* Diving labels that are present in regression: 0,2
* lambda (calculated from a random tree) = : 0.09
* index-name alignment check: OK
