Logfile for a session of program: bootstrap_binary.r
-----------------------------------------------------
INPUT:
workDir: C:/dino_nature/output/2023-11-07-D1\bs/set_1704
Nbootstrapsets: 2000
phyloFDAfile: c:/dino_nature/code/phylo.fda.R
auxFile: c:/dino_nature/code/auxiliary.r
boneType: femur
regressionData.file: C:/dino_nature/output/2023-11-07-D1\bs/set_1704/femur_set_1704.csv
applyDataFilter: FALSE
addTreeTips: TRUE
Ntrees: 100
calculateTrees: TRUE
saveTrees: FALSE


OPERATIONAL CHECKS:
* Regression data contains multiple copies of some taxa (user added variants of existing test taxa 
   or replacements due to bootstrap are present) which are not in the phylo tree:
     original taxon,   duplicate   
"1","Dasyurus_maculatus","Dasyurus_maculatus.1"
"2","Okapia_johnstoni","Okapia_johnstoni.1"
"3","Monodelphis_domestica","Monodelphis_domestica.1"
"4","Apteryx_australis","Apteryx_australis.1"
"5","Dromaius_","Dromaius_.1"
"6","Euroscaptor_micrura","Euroscaptor_micrura.1"
"7","Dromaius_","Dromaius_.2"
"8","Apteryx_owenii_","Apteryx_owenii_.1"
"9","Strigiops_habroptilus","Strigiops_habroptilus.1"
"10","Rangifer_tarandus","Rangifer_tarandus.1"
"11","Procyon_lotor","Procyon_lotor.1"
"12","Taxidea_taxus","Taxidea_taxus.1"
"13","Sphenodon_punctatus","Sphenodon_punctatus.1"
"14","Procavia_capensis","Procavia_capensis.1"
"15","Nyctereutes_procyonoides","Nyctereutes_procyonoides.1"
"16","Okapia_johnstoni","Okapia_johnstoni.2"
"17","Megaloceros_sp","Megaloceros_sp.1"
"18","Elomeryx_borbonicus_","Elomeryx_borbonicus_.1"
"19","Apteryx_owenii_","Apteryx_owenii_.2"
"20","Monodelphis_domestica","Monodelphis_domestica.2"
"21","Megaloceros_sp","Megaloceros_sp.2"
"22","Procavia_capensis","Procavia_capensis.2"
"23","Remingtonocetus","Remingtonocetus.1"
"24","Leptophoca_proxima","Leptophoca_proxima.1"
"25","Aptenodytes______","Aptenodytes______.1"
"26","Phocanella_pumila","Phocanella_pumila.1"
"27","Maiacetus","Maiacetus.1"
"28","Lutra_vulgaris","Lutra_vulgaris.1"
"29","Ichtyosaurus_","Ichtyosaurus_.1"
"30","Caiman_yacare","Caiman_yacare.1"
"31","Maiacetus","Maiacetus.2"
"32","Palaeospheniscus","Palaeospheniscus.1"
"33","Ichtyosaur_sp","Ichtyosaur_sp.1"
"34","Metryorhynchus","Metryorhynchus.1"
"35","Nothosaurus_102","Nothosaurus_102.1"
"36","Lutra_vulgaris","Lutra_vulgaris.2"
"37","Indohyus","Indohyus.1"
"38","Maiacetus","Maiacetus.3"
"39","Simosaurus_1","Simosaurus_1.1"
"40","Placodontia_indet_1","Placodontia_indet_1.1"
"41","Placodontia_indet_1","Placodontia_indet_1.2"
"42","Remingtonocetus","Remingtonocetus.2"
"43","Aptenodytes______","Aptenodytes______.2"
"44","Spinosaurus_","Spinosaurus_.1"
"45","Spinosaurus_","Spinosaurus_.2"
"46","Spinosaurus_","Spinosaurus_.3"
"47","Spinosaurus_","Spinosaurus_.4"
"48","Spinosaurus_","Spinosaurus_.5"
"49","Spinosaurus_","Spinosaurus_.6"
"50","Spinosaurus_","Spinosaurus_.7"
"51","Spinosaurus_","Spinosaurus_.8"
"52","Spinosaurus_","Spinosaurus_.9"
"53","Spinosaurus_","Spinosaurus_.10"
"54","Spinosaurus_","Spinosaurus_.11"
"55","Suchomimus","Suchomimus.1"
"56","Suchomimus","Suchomimus.2"
"57","Suchomimus","Suchomimus.3"
"58","Baryonyx","Baryonyx.1"
"59","Baryonyx","Baryonyx.2"
"60","Baryonyx","Baryonyx.3"
 
* Phylo tree and the main data and strata files have been modified to include duplicated taxa before the scaled random trees are generated.
* Selected categorical labels column: diving.or.not
* diving.or.equal column is identical to Diving column.
* Regression excludes flying taxa.
* Diving labels that are present in regression: 0,2
* lambda (calculated from a random tree) = : 0.1
* index-name alignment check: OK
