Logfile for a session of program: bootstrap_binary.r
-----------------------------------------------------
INPUT:
workDir: C:/dino_nature/output/2023-11-07-D1\bs/set_1697
Nbootstrapsets: 2000
phyloFDAfile: c:/dino_nature/code/phylo.fda.R
auxFile: c:/dino_nature/code/auxiliary.r
boneType: femur
regressionData.file: C:/dino_nature/output/2023-11-07-D1\bs/set_1697/femur_set_1697.csv
applyDataFilter: FALSE
addTreeTips: TRUE
Ntrees: 100
calculateTrees: TRUE
saveTrees: FALSE


OPERATIONAL CHECKS:
* Regression data contains multiple copies of some taxa (user added variants of existing test taxa 
   or replacements due to bootstrap are present) which are not in the phylo tree:
     original taxon,   duplicate   
"1","Felis_felis","Felis_felis.1"
"2","Dromaius_","Dromaius_.1"
"3","Taxidea_taxus","Taxidea_taxus.1"
"4","Felis_felis","Felis_felis.2"
"5","Tenrec_ecaudatus","Tenrec_ecaudatus.1"
"6","Meles_meles","Meles_meles.1"
"7","Elomeryx_borbonicus_","Elomeryx_borbonicus_.1"
"8","Giraffa_camelopardalis","Giraffa_camelopardalis.1"
"9","Rhinoceros_sondaicus","Rhinoceros_sondaicus.1"
"10","Meles_meles","Meles_meles.2"
"11","Meles_meles","Meles_meles.3"
"12","Ceratotherium_simum","Ceratotherium_simum.1"
"13","Lama_guanicoe","Lama_guanicoe.1"
"14","Monodelphis_domestica","Monodelphis_domestica.1"
"15","Tenrec_ecaudatus","Tenrec_ecaudatus.2"
"16","Sus_scrofa","Sus_scrofa.1"
"17","Procyon_lotor","Procyon_lotor.1"
"18","Tenrec_ecaudatus","Tenrec_ecaudatus.3"
"19","Elephas_maximus","Elephas_maximus.1"
"20","Taxidea_taxus","Taxidea_taxus.2"
"21","Alces_americanus","Alces_americanus.1"
"22","Lama_guanicoe","Lama_guanicoe.2"
"23","Dromaius_","Dromaius_.2"
"24","Giraffa_camelopardalis","Giraffa_camelopardalis.2"
"25","Microgale_thomasi","Microgale_thomasi.1"
"26","Hexaprotodon_garyam","Hexaprotodon_garyam.1"
"27","Hexaprotodon_garyam","Hexaprotodon_garyam.2"
"28","Simosaurus_1","Simosaurus_1.1"
"29","Simosaurus","Simosaurus.1"
"30","Pistosaurus","Pistosaurus.1"
"31","Champsosaurus","Champsosaurus.1"
"32","Rodhocetus","Rodhocetus.1"
"33","Ichtyosaur_sp","Ichtyosaur_sp.1"
"34","Remingtonocetus","Remingtonocetus.1"
"35","Rodhocetus","Rodhocetus.2"
"36","Phocanella_pumila","Phocanella_pumila.1"
"37","Chapsosaurus_","Chapsosaurus_.1"
"38","Otaria_byronia","Otaria_byronia.1"
"39","Neusticosaurus","Neusticosaurus.1"
"40","Simosaurus","Simosaurus.2"
"41","Nothosaurus_mirabilis_1","Nothosaurus_mirabilis_1.1"
"42","Micropotamogale_euwenzorii","Micropotamogale_euwenzorii.1"
"43","Spheniscus","Spheniscus.1"
"44","Spinosaurus_","Spinosaurus_.1"
"45","Spinosaurus_","Spinosaurus_.2"
"46","Spinosaurus_","Spinosaurus_.3"
"47","Spinosaurus_","Spinosaurus_.4"
"48","Spinosaurus_","Spinosaurus_.5"
"49","Spinosaurus_","Spinosaurus_.6"
"50","Spinosaurus_","Spinosaurus_.7"
"51","Spinosaurus_","Spinosaurus_.8"
"52","Spinosaurus_","Spinosaurus_.9"
"53","Spinosaurus_","Spinosaurus_.10"
"54","Spinosaurus_","Spinosaurus_.11"
"55","Suchomimus","Suchomimus.1"
"56","Suchomimus","Suchomimus.2"
"57","Suchomimus","Suchomimus.3"
"58","Baryonyx","Baryonyx.1"
"59","Baryonyx","Baryonyx.2"
"60","Baryonyx","Baryonyx.3"
 
* Phylo tree and the main data and strata files have been modified to include duplicated taxa before the scaled random trees are generated.
* Selected categorical labels column: diving.or.not
* diving.or.equal column is identical to Diving column.
* Regression excludes flying taxa.
* Diving labels that are present in regression: 0,2
* lambda (calculated from a random tree) = : 0.12
* index-name alignment check: OK
