Logfile for a session of program: bootstrap_binary.r
-----------------------------------------------------
INPUT:
workDir: C:/dino_nature/output/2023-11-07-D1\bs/set_1123
Nbootstrapsets: 2000
phyloFDAfile: c:/dino_nature/code/phylo.fda.R
auxFile: c:/dino_nature/code/auxiliary.r
boneType: femur
regressionData.file: C:/dino_nature/output/2023-11-07-D1\bs/set_1123/femur_set_1123.csv
applyDataFilter: FALSE
addTreeTips: TRUE
Ntrees: 100
calculateTrees: TRUE
saveTrees: FALSE


OPERATIONAL CHECKS:
* Regression data contains multiple copies of some taxa (user added variants of existing test taxa 
   or replacements due to bootstrap are present) which are not in the phylo tree:
     original taxon,   duplicate   
"1","Elephas_maximus","Elephas_maximus.1"
"2","Elephas_maximus","Elephas_maximus.2"
"3","Megaloceros_sp","Megaloceros_sp.1"
"4","Elephas_maximus","Elephas_maximus.3"
"5","Rangifer_tarandus","Rangifer_tarandus.1"
"6","Dicerorhinus_sumatrensis","Dicerorhinus_sumatrensis.1"
"7","Dicerorhinus_sumatrensis","Dicerorhinus_sumatrensis.2"
"8","Dicerorhinus_sumatrensis","Dicerorhinus_sumatrensis.3"
"9","Lacerta_viridis","Lacerta_viridis.1"
"10","Meles_meles","Meles_meles.1"
"11","Apteryx_australis","Apteryx_australis.1"
"12","Tribonyx_mortieri","Tribonyx_mortieri.1"
"13","Dicerorhinus_sumatrensis","Dicerorhinus_sumatrensis.4"
"14","Mustela_nivalis","Mustela_nivalis.1"
"15","Nyctereutes_procyonoides","Nyctereutes_procyonoides.1"
"16","Meles_meles","Meles_meles.2"
"17","Hemiechinus_azurites","Hemiechinus_azurites.1"
"18","Lama_guanicoe","Lama_guanicoe.1"
"19","Basilosaurus","Basilosaurus.1"
"20","Nothosaurus_150","Nothosaurus_150.1"
"21","Simosaurus_1","Simosaurus_1.1"
"22","Hesperornis","Hesperornis.1"
"23","Hydromys_chrysogaster","Hydromys_chrysogaster.1"
"24","Rodhocetus","Rodhocetus.1"
"25","Hesperornis","Hesperornis.2"
"26","Lutra_vulgaris","Lutra_vulgaris.1"
"27","Indohyus","Indohyus.1"
"28","Champsosaurus","Champsosaurus.1"
"29","Nothosaurus_mirabilis_1","Nothosaurus_mirabilis_1.1"
"30","Nothosaurus_150","Nothosaurus_150.2"
"31","Ichtyosaur_sp","Ichtyosaur_sp.1"
"32","Phocanella_pumila","Phocanella_pumila.1"
"33","Alligator","Alligator.1"
"34","Ornithorhynchus_anatinus","Ornithorhynchus_anatinus.1"
"35","large_eocene_stem_penguin","large_eocene_stem_penguin.1"
"36","Hydromys_chrysogaster","Hydromys_chrysogaster.2"
"37","Indohyus","Indohyus.2"
"38","Micropotamogale_euwenzorii","Micropotamogale_euwenzorii.1"
"39","Anarosaurus","Anarosaurus.1"
"40","Spinosaurus_","Spinosaurus_.1"
"41","Spinosaurus_","Spinosaurus_.2"
"42","Spinosaurus_","Spinosaurus_.3"
"43","Spinosaurus_","Spinosaurus_.4"
"44","Spinosaurus_","Spinosaurus_.5"
"45","Spinosaurus_","Spinosaurus_.6"
"46","Spinosaurus_","Spinosaurus_.7"
"47","Spinosaurus_","Spinosaurus_.8"
"48","Spinosaurus_","Spinosaurus_.9"
"49","Spinosaurus_","Spinosaurus_.10"
"50","Spinosaurus_","Spinosaurus_.11"
"51","Suchomimus","Suchomimus.1"
"52","Suchomimus","Suchomimus.2"
"53","Suchomimus","Suchomimus.3"
"54","Baryonyx","Baryonyx.1"
"55","Baryonyx","Baryonyx.2"
"56","Baryonyx","Baryonyx.3"
 
* Phylo tree and the main data and strata files have been modified to include duplicated taxa before the scaled random trees are generated.
* Selected categorical labels column: diving.or.not
* diving.or.equal column is identical to Diving column.
* Regression excludes flying taxa.
* Diving labels that are present in regression: 0,2
* lambda (calculated from a random tree) = : 0.09
* index-name alignment check: OK
