Logfile for a session of program: bootstrap_binary.r
-----------------------------------------------------
INPUT:
workDir: C:/dino_nature/output/2023-11-07-D1\bs/set_1482
Nbootstrapsets: 2000
phyloFDAfile: c:/dino_nature/code/phylo.fda.R
auxFile: c:/dino_nature/code/auxiliary.r
boneType: femur
regressionData.file: C:/dino_nature/output/2023-11-07-D1\bs/set_1482/femur_set_1482.csv
applyDataFilter: FALSE
addTreeTips: TRUE
Ntrees: 100
calculateTrees: TRUE
saveTrees: FALSE


OPERATIONAL CHECKS:
* Regression data contains multiple copies of some taxa (user added variants of existing test taxa 
   or replacements due to bootstrap are present) which are not in the phylo tree:
     original taxon,   duplicate   
"1","Vulpes_vulpes","Vulpes_vulpes.1"
"2","Dromaius_","Dromaius_.1"
"3","Megaloceros_sp","Megaloceros_sp.1"
"4","Alces_americanus","Alces_americanus.1"
"5","Elephas_maximus","Elephas_maximus.1"
"6","Apteryx_australis","Apteryx_australis.1"
"7","Dicerorhinus_sumatrensis","Dicerorhinus_sumatrensis.1"
"8","Rattus_rattus","Rattus_rattus.1"
"9","Megaloceros_sp","Megaloceros_sp.2"
"10","Apteryx_owenii_","Apteryx_owenii_.1"
"11","Dicerorhinus_sumatrensis","Dicerorhinus_sumatrensis.2"
"12","Lacerta_viridis","Lacerta_viridis.1"
"13","Alces_americanus","Alces_americanus.2"
"14","Taxidea_taxus","Taxidea_taxus.1"
"15","Taxidea_taxus","Taxidea_taxus.2"
"16","Sus_scrofa","Sus_scrofa.1"
"17","Microgale_thomasi","Microgale_thomasi.1"
"18","Tenrec_ecaudatus","Tenrec_ecaudatus.1"
"19","Dromaius_","Dromaius_.2"
"20","Nyctereutes_procyonoides","Nyctereutes_procyonoides.1"
"21","Cricosaurus","Cricosaurus.1"
"22","Phalacrocorax_harrisi","Phalacrocorax_harrisi.1"
"23","Ichtyosaurus_","Ichtyosaurus_.1"
"24","Palaeospheniscus","Palaeospheniscus.1"
"25","Noemys_fodies","Noemys_fodies.1"
"26","Phalacrocorax_harrisi","Phalacrocorax_harrisi.2"
"27","Ichtyosaurus_","Ichtyosaurus_.2"
"28","Nothosaurus_102","Nothosaurus_102.1"
"29","Nothosaurus_mirabilis_1","Nothosaurus_mirabilis_1.1"
"30","Spheniscus","Spheniscus.1"
"31","Remingtonocetus","Remingtonocetus.1"
"32","Remingtonocetus","Remingtonocetus.2"
"33","Ichtyosaurus_","Ichtyosaurus_.3"
"34","Rhaeticosaurus","Rhaeticosaurus.1"
"35","Placondontia_indet","Placondontia_indet.1"
"36","Serpianosaurus","Serpianosaurus.1"
"37","Lutra_vulgaris","Lutra_vulgaris.1"
"38","Desmostylus_hesperus","Desmostylus_hesperus.1"
"39","Noemys_fodies","Noemys_fodies.2"
"40","Champsosaurus","Champsosaurus.1"
"41","Spinosaurus_","Spinosaurus_.1"
"42","Spinosaurus_","Spinosaurus_.2"
"43","Spinosaurus_","Spinosaurus_.3"
"44","Spinosaurus_","Spinosaurus_.4"
"45","Spinosaurus_","Spinosaurus_.5"
"46","Spinosaurus_","Spinosaurus_.6"
"47","Spinosaurus_","Spinosaurus_.7"
"48","Spinosaurus_","Spinosaurus_.8"
"49","Spinosaurus_","Spinosaurus_.9"
"50","Spinosaurus_","Spinosaurus_.10"
"51","Spinosaurus_","Spinosaurus_.11"
"52","Suchomimus","Suchomimus.1"
"53","Suchomimus","Suchomimus.2"
"54","Suchomimus","Suchomimus.3"
"55","Baryonyx","Baryonyx.1"
"56","Baryonyx","Baryonyx.2"
"57","Baryonyx","Baryonyx.3"
 
* Phylo tree and the main data and strata files have been modified to include duplicated taxa before the scaled random trees are generated.
* Selected categorical labels column: diving.or.not
* diving.or.equal column is identical to Diving column.
* Regression excludes flying taxa.
* Diving labels that are present in regression: 0,2
* lambda (calculated from a random tree) = : 0.07
* index-name alignment check: OK
