Logfile for a session of program: bootstrap_binary.r
-----------------------------------------------------
INPUT:
workDir: C:/dino_nature/output/2023-11-07-D1\bs/set_764
Nbootstrapsets: 2000
phyloFDAfile: c:/dino_nature/code/phylo.fda.R
auxFile: c:/dino_nature/code/auxiliary.r
boneType: femur
regressionData.file: C:/dino_nature/output/2023-11-07-D1\bs/set_764/femur_set_764.csv
applyDataFilter: FALSE
addTreeTips: TRUE
Ntrees: 100
calculateTrees: TRUE
saveTrees: FALSE


OPERATIONAL CHECKS:
* Regression data contains multiple copies of some taxa (user added variants of existing test taxa 
   or replacements due to bootstrap are present) which are not in the phylo tree:
     original taxon,   duplicate   
"1","Pogona_viceps","Pogona_viceps.1"
"2","Hemiechinus_azurites","Hemiechinus_azurites.1"
"3","Raphus","Raphus.1"
"4","Rupicapra_rupicapra","Rupicapra_rupicapra.1"
"5","Meles_meles","Meles_meles.1"
"6","Rhynchocyon_petersi","Rhynchocyon_petersi.1"
"7","Apteryx_australis","Apteryx_australis.1"
"8","Rhinoceros_sondaicus","Rhinoceros_sondaicus.1"
"9","Xenicus_giliventris","Xenicus_giliventris.1"
"10","Loxodonta_africana","Loxodonta_africana.1"
"11","Strigiops_habroptilus","Strigiops_habroptilus.1"
"12","Meles_meles","Meles_meles.2"
"13","Alces_americanus","Alces_americanus.1"
"14","Elomeryx_borbonicus_","Elomeryx_borbonicus_.1"
"15","Rhinoceros_sondaicus","Rhinoceros_sondaicus.2"
"16","Apteryx_australis","Apteryx_australis.2"
"17","Ceratotherium_simum","Ceratotherium_simum.1"
"18","Strigiops_habroptilus","Strigiops_habroptilus.2"
"19","Rhinoceros_sondaicus","Rhinoceros_sondaicus.3"
"20","Cephalophus_silvicultor","Cephalophus_silvicultor.1"
"21","Noemys_fodies","Noemys_fodies.1"
"22","Phocanella_pumila","Phocanella_pumila.1"
"23","Nothosaurus_giganteus","Nothosaurus_giganteus.1"
"24","Caiman_yacare","Caiman_yacare.1"
"25","Micropotamogale_euwenzorii","Micropotamogale_euwenzorii.1"
"26","Micropotamogale_euwenzorii","Micropotamogale_euwenzorii.2"
"27","Hexaprotodon_garyam","Hexaprotodon_garyam.1"
"28","Ichtyosaurus_","Ichtyosaurus_.1"
"29","Ichtyosaurus_","Ichtyosaurus_.2"
"30","Lutra_vulgaris","Lutra_vulgaris.1"
"31","Chapsosaurus_","Chapsosaurus_.1"
"32","Noemys_fodies","Noemys_fodies.2"
"33","Nothosaurus_giganteus","Nothosaurus_giganteus.2"
"34","Placondontia_indet","Placondontia_indet.1"
"35","Plesiosaurus","Plesiosaurus.1"
"36","Placondontia_indet","Placondontia_indet.2"
"37","Micropotamogale_euwenzorii","Micropotamogale_euwenzorii.3"
"38","Rodhocetus","Rodhocetus.1"
"39","Protochampsidae","Protochampsidae.1"
"40","Caiman_yacare","Caiman_yacare.2"
"41","Spinosaurus_","Spinosaurus_.1"
"42","Spinosaurus_","Spinosaurus_.2"
"43","Spinosaurus_","Spinosaurus_.3"
"44","Spinosaurus_","Spinosaurus_.4"
"45","Spinosaurus_","Spinosaurus_.5"
"46","Spinosaurus_","Spinosaurus_.6"
"47","Spinosaurus_","Spinosaurus_.7"
"48","Spinosaurus_","Spinosaurus_.8"
"49","Spinosaurus_","Spinosaurus_.9"
"50","Spinosaurus_","Spinosaurus_.10"
"51","Spinosaurus_","Spinosaurus_.11"
"52","Suchomimus","Suchomimus.1"
"53","Suchomimus","Suchomimus.2"
"54","Suchomimus","Suchomimus.3"
"55","Baryonyx","Baryonyx.1"
"56","Baryonyx","Baryonyx.2"
"57","Baryonyx","Baryonyx.3"
 
* Phylo tree and the main data and strata files have been modified to include duplicated taxa before the scaled random trees are generated.
* Selected categorical labels column: diving.or.not
* diving.or.equal column is identical to Diving column.
* Regression excludes flying taxa.
* Diving labels that are present in regression: 0,2
* lambda (calculated from a random tree) = : 0.11
* index-name alignment check: OK
