Logfile for a session of program: bootstrap_binary.r
-----------------------------------------------------
INPUT:
workDir: C:/dino_nature/output/2023-11-07-D1\bs/set_818
Nbootstrapsets: 2000
phyloFDAfile: c:/dino_nature/code/phylo.fda.R
auxFile: c:/dino_nature/code/auxiliary.r
boneType: femur
regressionData.file: C:/dino_nature/output/2023-11-07-D1\bs/set_818/femur_set_818.csv
applyDataFilter: FALSE
addTreeTips: TRUE
Ntrees: 100
calculateTrees: TRUE
saveTrees: FALSE


OPERATIONAL CHECKS:
* Regression data contains multiple copies of some taxa (user added variants of existing test taxa 
   or replacements due to bootstrap are present) which are not in the phylo tree:
     original taxon,   duplicate   
"1","Mus_musculus","Mus_musculus.1"
"2","Okapia_johnstoni","Okapia_johnstoni.1"
"3","Pogona_viceps","Pogona_viceps.1"
"4","Syncerus_caffer","Syncerus_caffer.1"
"5","Lama_guanicoe","Lama_guanicoe.1"
"6","Rynochetus_jubatus","Rynochetus_jubatus.1"
"7","Monodelphis_domestica","Monodelphis_domestica.1"
"8","Pogona_viceps","Pogona_viceps.2"
"9","Giraffa_camelopardalis","Giraffa_camelopardalis.1"
"10","Syncerus_caffer","Syncerus_caffer.2"
"11","Bos_taurus","Bos_taurus.1"
"12","Bos_taurus","Bos_taurus.2"
"13","Myrmecophaga_tridactyla","Myrmecophaga_tridactyla.1"
"14","Rangifer_tarandus","Rangifer_tarandus.1"
"15","Lama_guanicoe","Lama_guanicoe.2"
"16","Lama_guanicoe","Lama_guanicoe.3"
"17","Brachyodus_onoideum","Brachyodus_onoideum.1"
"18","Rangifer_tarandus","Rangifer_tarandus.2"
"19","Cephalophus_silvicultor","Cephalophus_silvicultor.1"
"20","Giraffa_camelopardalis","Giraffa_camelopardalis.2"
"21","Felis_felis","Felis_felis.1"
"22","Noemys_fodies","Noemys_fodies.1"
"23","Hydromys_chrysogaster","Hydromys_chrysogaster.1"
"24","Nothosaurus_568","Nothosaurus_568.1"
"25","Cryptoclidus","Cryptoclidus.1"
"26","Chironectes_minimus","Chironectes_minimus.1"
"27","Nothosaurus_giganteus","Nothosaurus_giganteus.1"
"28","Maiacetus","Maiacetus.1"
"29","Nothosaurus_mirabilis_1","Nothosaurus_mirabilis_1.1"
"30","Placodontia_indet_1","Placodontia_indet_1.1"
"31","Nothosaurus_giganteus","Nothosaurus_giganteus.2"
"32","Nothosaurus_giganteus","Nothosaurus_giganteus.3"
"33","Aptenodytes______","Aptenodytes______.1"
"34","Anarosaurus","Anarosaurus.1"
"35","Hippopotamus_amphibius","Hippopotamus_amphibius.1"
"36","Cryptoclidus","Cryptoclidus.2"
"37","Hexaprotodon_garyam","Hexaprotodon_garyam.1"
"38","Rodhocetus","Rodhocetus.1"
"39","Rodhocetus","Rodhocetus.2"
"40","Serpianosaurus","Serpianosaurus.1"
"41","Tapirus_terrestris","Tapirus_terrestris.1"
"42","Hexaprotodon_garyam","Hexaprotodon_garyam.2"
"43","Micropotamogale_euwenzorii","Micropotamogale_euwenzorii.1"
"44","Basilosaurus","Basilosaurus.1"
"45","Spinosaurus_","Spinosaurus_.1"
"46","Spinosaurus_","Spinosaurus_.2"
"47","Spinosaurus_","Spinosaurus_.3"
"48","Spinosaurus_","Spinosaurus_.4"
"49","Spinosaurus_","Spinosaurus_.5"
"50","Spinosaurus_","Spinosaurus_.6"
"51","Spinosaurus_","Spinosaurus_.7"
"52","Spinosaurus_","Spinosaurus_.8"
"53","Spinosaurus_","Spinosaurus_.9"
"54","Spinosaurus_","Spinosaurus_.10"
"55","Spinosaurus_","Spinosaurus_.11"
"56","Suchomimus","Suchomimus.1"
"57","Suchomimus","Suchomimus.2"
"58","Suchomimus","Suchomimus.3"
"59","Baryonyx","Baryonyx.1"
"60","Baryonyx","Baryonyx.2"
"61","Baryonyx","Baryonyx.3"
 
* Phylo tree and the main data and strata files have been modified to include duplicated taxa before the scaled random trees are generated.
* Selected categorical labels column: diving.or.not
* diving.or.equal column is identical to Diving column.
* Regression excludes flying taxa.
* Diving labels that are present in regression: 0,2
* lambda (calculated from a random tree) = : 0.07
* index-name alignment check: OK
