Logfile for a session of program: bootstrap_binary.r
-----------------------------------------------------
INPUT:
workDir: C:/dino_nature/output/2023-11-07-D1\bs/set_327
Nbootstrapsets: 2000
phyloFDAfile: c:/dino_nature/code/phylo.fda.R
auxFile: c:/dino_nature/code/auxiliary.r
boneType: femur
regressionData.file: C:/dino_nature/output/2023-11-07-D1\bs/set_327/femur_set_327.csv
applyDataFilter: FALSE
addTreeTips: TRUE
Ntrees: 100
calculateTrees: TRUE
saveTrees: FALSE


OPERATIONAL CHECKS:
* Regression data contains multiple copies of some taxa (user added variants of existing test taxa 
   or replacements due to bootstrap are present) which are not in the phylo tree:
     original taxon,   duplicate   
"1","Procavia_capensis","Procavia_capensis.1"
"2","Mus_musculus","Mus_musculus.1"
"3","Bos_taurus","Bos_taurus.1"
"4","Lama_guanicoe","Lama_guanicoe.1"
"5","Euroscaptor_micrura","Euroscaptor_micrura.1"
"6","Lama_guanicoe","Lama_guanicoe.2"
"7","Procyon_lotor","Procyon_lotor.1"
"8","Hemiechinus_azurites","Hemiechinus_azurites.1"
"9","Mus_musculus","Mus_musculus.2"
"10","Lama_guanicoe","Lama_guanicoe.3"
"11","Pogona_viceps","Pogona_viceps.1"
"12","Microgale_thomasi","Microgale_thomasi.1"
"13","Paguma_larvata","Paguma_larvata.1"
"14","Porphyrio_hochstetteri","Porphyrio_hochstetteri.1"
"15","Meles_meles","Meles_meles.1"
"16","Capreolus_capreolus","Capreolus_capreolus.1"
"17","Sus_scrofa","Sus_scrofa.1"
"18","Monodelphis_domestica","Monodelphis_domestica.1"
"19","Sus_scrofa","Sus_scrofa.2"
"20","Mustela_nivalis","Mustela_nivalis.1"
"21","Paraplacodus","Paraplacodus.1"
"22","Otaria_byronia","Otaria_byronia.1"
"23","Ichtyosaurus_","Ichtyosaurus_.1"
"24","Rhaeticosaurus","Rhaeticosaurus.1"
"25","Hesperornis","Hesperornis.1"
"26","Maiacetus","Maiacetus.1"
"27","Remingtonocetus","Remingtonocetus.1"
"28","Nothosaurus_568","Nothosaurus_568.1"
"29","Maiacetus","Maiacetus.2"
"30","Rhaeticosaurus","Rhaeticosaurus.2"
"31","Paraplacodus","Paraplacodus.2"
"32","Ichtyosaur_sp","Ichtyosaur_sp.1"
"33","Rhaeticosaurus","Rhaeticosaurus.3"
"34","Cryptoclidus","Cryptoclidus.1"
"35","Psephoderma","Psephoderma.1"
"36","Castor_fiber","Castor_fiber.1"
"37","Ichtyosaurus_","Ichtyosaurus_.2"
"38","Placodontia_indet_1","Placodontia_indet_1.1"
"39","Otaria_byronia","Otaria_byronia.2"
"40","Ichtyosaurus_","Ichtyosaurus_.3"
"41","Pistosaurus","Pistosaurus.1"
"42","Ichtyosaur_sp","Ichtyosaur_sp.2"
"43","Callophoca_obscura","Callophoca_obscura.1"
"44","Maiacetus","Maiacetus.3"
"45","Spinosaurus_","Spinosaurus_.1"
"46","Spinosaurus_","Spinosaurus_.2"
"47","Spinosaurus_","Spinosaurus_.3"
"48","Spinosaurus_","Spinosaurus_.4"
"49","Spinosaurus_","Spinosaurus_.5"
"50","Spinosaurus_","Spinosaurus_.6"
"51","Spinosaurus_","Spinosaurus_.7"
"52","Spinosaurus_","Spinosaurus_.8"
"53","Spinosaurus_","Spinosaurus_.9"
"54","Spinosaurus_","Spinosaurus_.10"
"55","Spinosaurus_","Spinosaurus_.11"
"56","Suchomimus","Suchomimus.1"
"57","Suchomimus","Suchomimus.2"
"58","Suchomimus","Suchomimus.3"
"59","Baryonyx","Baryonyx.1"
"60","Baryonyx","Baryonyx.2"
"61","Baryonyx","Baryonyx.3"
 
* Phylo tree and the main data and strata files have been modified to include duplicated taxa before the scaled random trees are generated.
* Selected categorical labels column: diving.or.not
* diving.or.equal column is identical to Diving column.
* Regression excludes flying taxa.
* Diving labels that are present in regression: 0,2
* lambda (calculated from a random tree) = : 0.11
* index-name alignment check: OK
