Logfile for a session of program: bootstrap_binary.r
-----------------------------------------------------
INPUT:
workDir: C:/dino_nature/output/2023-11-07-D1\bs/set_902
Nbootstrapsets: 2000
phyloFDAfile: c:/dino_nature/code/phylo.fda.R
auxFile: c:/dino_nature/code/auxiliary.r
boneType: femur
regressionData.file: C:/dino_nature/output/2023-11-07-D1\bs/set_902/femur_set_902.csv
applyDataFilter: FALSE
addTreeTips: TRUE
Ntrees: 100
calculateTrees: TRUE
saveTrees: FALSE


OPERATIONAL CHECKS:
* Regression data contains multiple copies of some taxa (user added variants of existing test taxa 
   or replacements due to bootstrap are present) which are not in the phylo tree:
     original taxon,   duplicate   
"1","Taxidea_taxus","Taxidea_taxus.1"
"2","Procyon_lotor","Procyon_lotor.1"
"3","Procyon_lotor","Procyon_lotor.2"
"4","Rangifer_tarandus","Rangifer_tarandus.1"
"5","Dicerorhinus_sumatrensis","Dicerorhinus_sumatrensis.1"
"6","Capreolus_capreolus","Capreolus_capreolus.1"
"7","Dama_dama","Dama_dama.1"
"8","Brachyodus_onoideum","Brachyodus_onoideum.1"
"9","Hemiechinus_azurites","Hemiechinus_azurites.1"
"10","Mammuthus_sp","Mammuthus_sp.1"
"11","Procyon_lotor","Procyon_lotor.3"
"12","Mammuthus_sp","Mammuthus_sp.2"
"13","Pogona_viceps","Pogona_viceps.1"
"14","Atlantisia_rogersi","Atlantisia_rogersi.1"
"15","Tenrec_ecaudatus","Tenrec_ecaudatus.1"
"16","Raphus","Raphus.1"
"17","Brachyodus_onoideum","Brachyodus_onoideum.2"
"18","Taxidea_taxus","Taxidea_taxus.2"
"19","Rhinoceros_sondaicus","Rhinoceros_sondaicus.1"
"20","Taxidea_taxus","Taxidea_taxus.3"
"21","Ichtyosaur_sp","Ichtyosaur_sp.1"
"22","Hexaprotodon_garyam","Hexaprotodon_garyam.1"
"23","Ichtyosaurus_","Ichtyosaurus_.1"
"24","Noemys_fodies","Noemys_fodies.1"
"25","Dyrosaurid","Dyrosaurid.1"
"26","Micropotamogale_euwenzorii","Micropotamogale_euwenzorii.1"
"27","Maiacetus","Maiacetus.1"
"28","Noemys_fodies","Noemys_fodies.2"
"29","Nanophoca_vitulinoides","Nanophoca_vitulinoides.1"
"30","Choeropsis_liberiensis","Choeropsis_liberiensis.1"
"31","Pistosaurus","Pistosaurus.1"
"32","Champsosaurus","Champsosaurus.1"
"33","Otaria_byronia","Otaria_byronia.1"
"34","Hesperornis","Hesperornis.1"
"35","Desmana_moschata","Desmana_moschata.1"
"36","Spheniscus","Spheniscus.1"
"37","Noemys_fodies","Noemys_fodies.3"
"38","Spinosaurus_","Spinosaurus_.1"
"39","Spinosaurus_","Spinosaurus_.2"
"40","Spinosaurus_","Spinosaurus_.3"
"41","Spinosaurus_","Spinosaurus_.4"
"42","Spinosaurus_","Spinosaurus_.5"
"43","Spinosaurus_","Spinosaurus_.6"
"44","Spinosaurus_","Spinosaurus_.7"
"45","Spinosaurus_","Spinosaurus_.8"
"46","Spinosaurus_","Spinosaurus_.9"
"47","Spinosaurus_","Spinosaurus_.10"
"48","Spinosaurus_","Spinosaurus_.11"
"49","Suchomimus","Suchomimus.1"
"50","Suchomimus","Suchomimus.2"
"51","Suchomimus","Suchomimus.3"
"52","Baryonyx","Baryonyx.1"
"53","Baryonyx","Baryonyx.2"
"54","Baryonyx","Baryonyx.3"
 
* Phylo tree and the main data and strata files have been modified to include duplicated taxa before the scaled random trees are generated.
* Selected categorical labels column: diving.or.not
* diving.or.equal column is identical to Diving column.
* Regression excludes flying taxa.
* Diving labels that are present in regression: 0,2
* lambda (calculated from a random tree) = : 0.11
* index-name alignment check: OK
