Logfile for a session of program: bootstrap_binary.r
-----------------------------------------------------
INPUT:
workDir: C:/dino_nature/output/2023-11-07-D1\bs/set_1937
Nbootstrapsets: 2000
phyloFDAfile: c:/dino_nature/code/phylo.fda.R
auxFile: c:/dino_nature/code/auxiliary.r
boneType: femur
regressionData.file: C:/dino_nature/output/2023-11-07-D1\bs/set_1937/femur_set_1937.csv
applyDataFilter: FALSE
addTreeTips: TRUE
Ntrees: 100
calculateTrees: TRUE
saveTrees: FALSE


OPERATIONAL CHECKS:
* Regression data contains multiple copies of some taxa (user added variants of existing test taxa 
   or replacements due to bootstrap are present) which are not in the phylo tree:
     original taxon,   duplicate   
"1","Megaloceros_sp","Megaloceros_sp.1"
"2","Rynochetus_jubatus","Rynochetus_jubatus.1"
"3","Megaloceros_sp","Megaloceros_sp.2"
"4","Rynochetus_jubatus","Rynochetus_jubatus.2"
"5","Okapia_johnstoni","Okapia_johnstoni.1"
"6","Dama_dama","Dama_dama.1"
"7","Syncerus_caffer","Syncerus_caffer.1"
"8","Dromaius_","Dromaius_.1"
"9","Alces_americanus","Alces_americanus.1"
"10","Porphyrio_hochstetteri","Porphyrio_hochstetteri.1"
"11","Apteryx_australis","Apteryx_australis.1"
"12","Dama_dama","Dama_dama.2"
"13","Capreolus_capreolus","Capreolus_capreolus.1"
"14","Apteryx_australis","Apteryx_australis.2"
"15","Raphus","Raphus.1"
"16","Myrmecophaga_tridactyla","Myrmecophaga_tridactyla.1"
"17","Mus_musculus","Mus_musculus.1"
"18","Giraffa_camelopardalis","Giraffa_camelopardalis.1"
"19","Uncia_uncia","Uncia_uncia.1"
"20","Placodontia_indet_1","Placodontia_indet_1.1"
"21","Nothosaurus_568","Nothosaurus_568.1"
"22","Nothosaurus_568","Nothosaurus_568.2"
"23","Palaeospheniscus","Palaeospheniscus.1"
"24","Anarosaurus","Anarosaurus.1"
"25","Dyrosaurid","Dyrosaurid.1"
"26","Hesperornis","Hesperornis.1"
"27","Hesperornis","Hesperornis.2"
"28","Tapirus_terrestris","Tapirus_terrestris.1"
"29","Indohyus","Indohyus.1"
"30","Dyrosaurid","Dyrosaurid.2"
"31","Champsosaurus","Champsosaurus.1"
"32","Noemys_fodies","Noemys_fodies.1"
"33","Cryptoclidus","Cryptoclidus.1"
"34","large_eocene_stem_penguin","large_eocene_stem_penguin.1"
"35","Callophoca_obscura","Callophoca_obscura.1"
"36","Callophoca_obscura","Callophoca_obscura.2"
"37","Remingtonocetus","Remingtonocetus.1"
"38","Castor_fiber","Castor_fiber.1"
"39","Spinosaurus_","Spinosaurus_.1"
"40","Spinosaurus_","Spinosaurus_.2"
"41","Spinosaurus_","Spinosaurus_.3"
"42","Spinosaurus_","Spinosaurus_.4"
"43","Spinosaurus_","Spinosaurus_.5"
"44","Spinosaurus_","Spinosaurus_.6"
"45","Spinosaurus_","Spinosaurus_.7"
"46","Spinosaurus_","Spinosaurus_.8"
"47","Spinosaurus_","Spinosaurus_.9"
"48","Spinosaurus_","Spinosaurus_.10"
"49","Spinosaurus_","Spinosaurus_.11"
"50","Suchomimus","Suchomimus.1"
"51","Suchomimus","Suchomimus.2"
"52","Suchomimus","Suchomimus.3"
"53","Baryonyx","Baryonyx.1"
"54","Baryonyx","Baryonyx.2"
"55","Baryonyx","Baryonyx.3"
 
* Phylo tree and the main data and strata files have been modified to include duplicated taxa before the scaled random trees are generated.
* Selected categorical labels column: diving.or.not
* diving.or.equal column is identical to Diving column.
* Regression excludes flying taxa.
* Diving labels that are present in regression: 0,2
* lambda (calculated from a random tree) = : 0.07
* index-name alignment check: OK
