Logfile for a session of program: bootstrap_binary.r
-----------------------------------------------------
INPUT:
workDir: C:/dino_nature/output/2023-11-07-D1\bs/set_1914
Nbootstrapsets: 2000
phyloFDAfile: c:/dino_nature/code/phylo.fda.R
auxFile: c:/dino_nature/code/auxiliary.r
boneType: femur
regressionData.file: C:/dino_nature/output/2023-11-07-D1\bs/set_1914/femur_set_1914.csv
applyDataFilter: FALSE
addTreeTips: TRUE
Ntrees: 100
calculateTrees: TRUE
saveTrees: FALSE


OPERATIONAL CHECKS:
* Regression data contains multiple copies of some taxa (user added variants of existing test taxa 
   or replacements due to bootstrap are present) which are not in the phylo tree:
     original taxon,   duplicate   
"1","Hemiechinus_azurites","Hemiechinus_azurites.1"
"2","Microgale_thomasi","Microgale_thomasi.1"
"3","Rhynchocyon_petersi","Rhynchocyon_petersi.1"
"4","Dama_dama","Dama_dama.1"
"5","Caloenas_nicobarica","Caloenas_nicobarica.1"
"6","Dromaius_","Dromaius_.1"
"7","Rynochetus_jubatus","Rynochetus_jubatus.1"
"8","Tenrec_ecaudatus","Tenrec_ecaudatus.1"
"9","Capreolus_capreolus","Capreolus_capreolus.1"
"10","Syncerus_caffer","Syncerus_caffer.1"
"11","Monodelphis_domestica","Monodelphis_domestica.1"
"12","Strigiops_habroptilus","Strigiops_habroptilus.1"
"13","Tenrec_ecaudatus","Tenrec_ecaudatus.2"
"14","Hemiechinus_azurites","Hemiechinus_azurites.2"
"15","Mammuthus_sp","Mammuthus_sp.1"
"16","Dicerorhinus_sumatrensis","Dicerorhinus_sumatrensis.1"
"17","Monodelphis_domestica","Monodelphis_domestica.2"
"18","Okapia_johnstoni","Okapia_johnstoni.1"
"19","Strigiops_habroptilus","Strigiops_habroptilus.2"
"20","Tenrec_ecaudatus","Tenrec_ecaudatus.3"
"21","Raphus","Raphus.1"
"22","Okapia_johnstoni","Okapia_johnstoni.2"
"23","Nothosaurus_102","Nothosaurus_102.1"
"24","Hexaprotodon_garyam","Hexaprotodon_garyam.1"
"25","Nothosaurus_102","Nothosaurus_102.2"
"26","Metryorhynchus","Metryorhynchus.1"
"27","Remingtonocetus","Remingtonocetus.1"
"28","Champsosaurus","Champsosaurus.1"
"29","Indohyus","Indohyus.1"
"30","Nothosaurus_102","Nothosaurus_102.3"
"31","Remingtonocetus","Remingtonocetus.2"
"32","Metryorhynchus","Metryorhynchus.2"
"33","Chironectes_minimus","Chironectes_minimus.1"
"34","Simosaurus_1","Simosaurus_1.1"
"35","Nanophoca_vitulinoides","Nanophoca_vitulinoides.1"
"36","Metryorhynchus","Metryorhynchus.3"
"37","Paraplacodus","Paraplacodus.1"
"38","Hexaprotodon_garyam","Hexaprotodon_garyam.2"
"39","Aptenodytes______","Aptenodytes______.1"
"40","Cryptoclidus","Cryptoclidus.1"
"41","Ornithorhynchus_anatinus","Ornithorhynchus_anatinus.1"
"42","Indohyus","Indohyus.2"
"43","Rodhocetus","Rodhocetus.1"
"44","Cryptoclidus","Cryptoclidus.2"
"45","Spinosaurus_","Spinosaurus_.1"
"46","Spinosaurus_","Spinosaurus_.2"
"47","Spinosaurus_","Spinosaurus_.3"
"48","Spinosaurus_","Spinosaurus_.4"
"49","Spinosaurus_","Spinosaurus_.5"
"50","Spinosaurus_","Spinosaurus_.6"
"51","Spinosaurus_","Spinosaurus_.7"
"52","Spinosaurus_","Spinosaurus_.8"
"53","Spinosaurus_","Spinosaurus_.9"
"54","Spinosaurus_","Spinosaurus_.10"
"55","Spinosaurus_","Spinosaurus_.11"
"56","Suchomimus","Suchomimus.1"
"57","Suchomimus","Suchomimus.2"
"58","Suchomimus","Suchomimus.3"
"59","Baryonyx","Baryonyx.1"
"60","Baryonyx","Baryonyx.2"
"61","Baryonyx","Baryonyx.3"
 
* Phylo tree and the main data and strata files have been modified to include duplicated taxa before the scaled random trees are generated.
* Selected categorical labels column: diving.or.not
* diving.or.equal column is identical to Diving column.
* Regression excludes flying taxa.
* Diving labels that are present in regression: 0,2
* lambda (calculated from a random tree) = : 0.06
* index-name alignment check: OK
