Logfile for a session of program: bootstrap_binary.r
-----------------------------------------------------
INPUT:
workDir: C:/dino_nature/output/2023-11-07-D1\bs/set_701
Nbootstrapsets: 2000
phyloFDAfile: c:/dino_nature/code/phylo.fda.R
auxFile: c:/dino_nature/code/auxiliary.r
boneType: femur
regressionData.file: C:/dino_nature/output/2023-11-07-D1\bs/set_701/femur_set_701.csv
applyDataFilter: FALSE
addTreeTips: TRUE
Ntrees: 100
calculateTrees: TRUE
saveTrees: FALSE


OPERATIONAL CHECKS:
* Regression data contains multiple copies of some taxa (user added variants of existing test taxa 
   or replacements due to bootstrap are present) which are not in the phylo tree:
     original taxon,   duplicate   
"1","Raphus","Raphus.1"
"2","Caloenas_nicobarica","Caloenas_nicobarica.1"
"3","Dicerorhinus_sumatrensis","Dicerorhinus_sumatrensis.1"
"4","Dicerorhinus_sumatrensis","Dicerorhinus_sumatrensis.2"
"5","Ceratotherium_simum","Ceratotherium_simum.1"
"6","Strigiops_habroptilus","Strigiops_habroptilus.1"
"7","Uncia_uncia","Uncia_uncia.1"
"8","Procavia_capensis","Procavia_capensis.1"
"9","Raphus","Raphus.2"
"10","Mus_musculus","Mus_musculus.1"
"11","Lacerta_viridis","Lacerta_viridis.1"
"12","Capreolus_capreolus","Capreolus_capreolus.1"
"13","Paguma_larvata","Paguma_larvata.1"
"14","Mustela_nivalis","Mustela_nivalis.1"
"15","Pogona_viceps","Pogona_viceps.1"
"16","Pogona_viceps","Pogona_viceps.2"
"17","Bos_taurus","Bos_taurus.1"
"18","Dicerorhinus_sumatrensis","Dicerorhinus_sumatrensis.3"
"19","Strigiops_habroptilus","Strigiops_habroptilus.2"
"20","Okapia_johnstoni","Okapia_johnstoni.1"
"21","Lacerta_viridis","Lacerta_viridis.2"
"22","Callophoca_obscura","Callophoca_obscura.1"
"23","Tapirus_terrestris","Tapirus_terrestris.1"
"24","Rodhocetus","Rodhocetus.1"
"25","Dyrosaurid","Dyrosaurid.1"
"26","Lutra_vulgaris","Lutra_vulgaris.1"
"27","Otaria_byronia","Otaria_byronia.1"
"28","Hesperornis","Hesperornis.1"
"29","Rhaeticosaurus","Rhaeticosaurus.1"
"30","Lutra_vulgaris","Lutra_vulgaris.2"
"31","Anarosaurus","Anarosaurus.1"
"32","Small_Eocene_penguin","Small_Eocene_penguin.1"
"33","Remingtonocetus","Remingtonocetus.1"
"34","Tapirus_terrestris","Tapirus_terrestris.2"
"35","Aptenodytes______","Aptenodytes______.1"
"36","Rodhocetus","Rodhocetus.2"
"37","Anarosaurus","Anarosaurus.2"
"38","Tapirus_terrestris","Tapirus_terrestris.3"
"39","Small_Eocene_penguin","Small_Eocene_penguin.2"
"40","Dyrosaurid","Dyrosaurid.2"
"41","Ichtyosaur_sp","Ichtyosaur_sp.1"
"42","Psephoderma","Psephoderma.1"
"43","Simosaurus_1","Simosaurus_1.1"
"44","Desmana_moschata","Desmana_moschata.1"
"45","Aptenodytes______","Aptenodytes______.2"
"46","Small_Eocene_penguin","Small_Eocene_penguin.3"
"47","Spinosaurus_","Spinosaurus_.1"
"48","Spinosaurus_","Spinosaurus_.2"
"49","Spinosaurus_","Spinosaurus_.3"
"50","Spinosaurus_","Spinosaurus_.4"
"51","Spinosaurus_","Spinosaurus_.5"
"52","Spinosaurus_","Spinosaurus_.6"
"53","Spinosaurus_","Spinosaurus_.7"
"54","Spinosaurus_","Spinosaurus_.8"
"55","Spinosaurus_","Spinosaurus_.9"
"56","Spinosaurus_","Spinosaurus_.10"
"57","Spinosaurus_","Spinosaurus_.11"
"58","Suchomimus","Suchomimus.1"
"59","Suchomimus","Suchomimus.2"
"60","Suchomimus","Suchomimus.3"
"61","Baryonyx","Baryonyx.1"
"62","Baryonyx","Baryonyx.2"
"63","Baryonyx","Baryonyx.3"
 
* Phylo tree and the main data and strata files have been modified to include duplicated taxa before the scaled random trees are generated.
* Selected categorical labels column: diving.or.not
* diving.or.equal column is identical to Diving column.
* Regression excludes flying taxa.
* Diving labels that are present in regression: 0,2
* lambda (calculated from a random tree) = : 0.12
* index-name alignment check: OK
