Logfile for a session of program: bootstrap_binary.r
-----------------------------------------------------
INPUT:
workDir: C:/dino_nature/output/2023-11-07-D1\bs/set_864
Nbootstrapsets: 2000
phyloFDAfile: c:/dino_nature/code/phylo.fda.R
auxFile: c:/dino_nature/code/auxiliary.r
boneType: femur
regressionData.file: C:/dino_nature/output/2023-11-07-D1\bs/set_864/femur_set_864.csv
applyDataFilter: FALSE
addTreeTips: TRUE
Ntrees: 100
calculateTrees: TRUE
saveTrees: FALSE


OPERATIONAL CHECKS:
* Regression data contains multiple copies of some taxa (user added variants of existing test taxa 
   or replacements due to bootstrap are present) which are not in the phylo tree:
     original taxon,   duplicate   
"1","Mus_musculus","Mus_musculus.1"
"2","Apteryx_owenii_","Apteryx_owenii_.1"
"3","Bos_taurus","Bos_taurus.1"
"4","Taxidea_taxus","Taxidea_taxus.1"
"5","Procavia_capensis","Procavia_capensis.1"
"6","Bos_taurus","Bos_taurus.2"
"7","Sphenodon_punctatus","Sphenodon_punctatus.1"
"8","Sphenodon_punctatus","Sphenodon_punctatus.2"
"9","Giraffa_camelopardalis","Giraffa_camelopardalis.1"
"10","Apteryx_australis","Apteryx_australis.1"
"11","Atlantisia_rogersi","Atlantisia_rogersi.1"
"12","Sus_scrofa","Sus_scrofa.1"
"13","Monodelphis_domestica","Monodelphis_domestica.1"
"14","Atlantisia_rogersi","Atlantisia_rogersi.2"
"15","Capreolus_capreolus","Capreolus_capreolus.1"
"16","Procyon_lotor","Procyon_lotor.1"
"17","Hemiechinus_azurites","Hemiechinus_azurites.1"
"18","Atlantisia_rogersi","Atlantisia_rogersi.3"
"19","Psephoderma","Psephoderma.1"
"20","Cricosaurus","Cricosaurus.1"
"21","Hippopotamus_amphibius","Hippopotamus_amphibius.1"
"22","Psephoderma","Psephoderma.2"
"23","Nothosaurus_568","Nothosaurus_568.1"
"24","Chironectes_minimus","Chironectes_minimus.1"
"25","Nothosaurus_568","Nothosaurus_568.2"
"26","Nanophoca_vitulinoides","Nanophoca_vitulinoides.1"
"27","Castor_fiber","Castor_fiber.1"
"28","Placodontia_indet_1","Placodontia_indet_1.1"
"29","Nothosaurus_mirabilis_1","Nothosaurus_mirabilis_1.1"
"30","Rodhocetus","Rodhocetus.1"
"31","Rodhocetus","Rodhocetus.2"
"32","Callophoca_obscura","Callophoca_obscura.1"
"33","Nothosaurus_568","Nothosaurus_568.3"
"34","Ichtyosaur_sp","Ichtyosaur_sp.1"
"35","Rodhocetus","Rodhocetus.3"
"36","Maiacetus","Maiacetus.1"
"37","Ichtyosaur_sp","Ichtyosaur_sp.2"
"38","Desmana_moschata","Desmana_moschata.1"
"39","Nothosaurus_102","Nothosaurus_102.1"
"40","Aptenodytes______","Aptenodytes______.1"
"41","Neusticosaurus","Neusticosaurus.1"
"42","Nothosaurus_mirabilis_1","Nothosaurus_mirabilis_1.2"
"43","Alligator","Alligator.1"
"44","Spinosaurus_","Spinosaurus_.1"
"45","Spinosaurus_","Spinosaurus_.2"
"46","Spinosaurus_","Spinosaurus_.3"
"47","Spinosaurus_","Spinosaurus_.4"
"48","Spinosaurus_","Spinosaurus_.5"
"49","Spinosaurus_","Spinosaurus_.6"
"50","Spinosaurus_","Spinosaurus_.7"
"51","Spinosaurus_","Spinosaurus_.8"
"52","Spinosaurus_","Spinosaurus_.9"
"53","Spinosaurus_","Spinosaurus_.10"
"54","Spinosaurus_","Spinosaurus_.11"
"55","Suchomimus","Suchomimus.1"
"56","Suchomimus","Suchomimus.2"
"57","Suchomimus","Suchomimus.3"
"58","Baryonyx","Baryonyx.1"
"59","Baryonyx","Baryonyx.2"
"60","Baryonyx","Baryonyx.3"
 
* Phylo tree and the main data and strata files have been modified to include duplicated taxa before the scaled random trees are generated.
* Selected categorical labels column: diving.or.not
* diving.or.equal column is identical to Diving column.
* Regression excludes flying taxa.
* Diving labels that are present in regression: 0,2
* lambda (calculated from a random tree) = : 0.07
* index-name alignment check: OK
