Logfile for a session of program: bootstrap_binary.r
-----------------------------------------------------
INPUT:
workDir: C:/dino_nature/output/2023-11-07-D1\bs/set_1838
Nbootstrapsets: 2000
phyloFDAfile: c:/dino_nature/code/phylo.fda.R
auxFile: c:/dino_nature/code/auxiliary.r
boneType: femur
regressionData.file: C:/dino_nature/output/2023-11-07-D1\bs/set_1838/femur_set_1838.csv
applyDataFilter: FALSE
addTreeTips: TRUE
Ntrees: 100
calculateTrees: TRUE
saveTrees: FALSE


OPERATIONAL CHECKS:
* Regression data contains multiple copies of some taxa (user added variants of existing test taxa 
   or replacements due to bootstrap are present) which are not in the phylo tree:
     original taxon,   duplicate   
"1","Dasyurus_maculatus","Dasyurus_maculatus.1"
"2","Porphyrio_hochstetteri","Porphyrio_hochstetteri.1"
"3","Dicerorhinus_sumatrensis","Dicerorhinus_sumatrensis.1"
"4","Brachyodus_onoideum","Brachyodus_onoideum.1"
"5","Dromaius_","Dromaius_.1"
"6","Okapia_johnstoni","Okapia_johnstoni.1"
"7","Giraffa_camelopardalis","Giraffa_camelopardalis.1"
"8","Lama_guanicoe","Lama_guanicoe.1"
"9","Rhynchocyon_petersi","Rhynchocyon_petersi.1"
"10","Okapia_johnstoni","Okapia_johnstoni.2"
"11","Sphenodon_punctatus","Sphenodon_punctatus.1"
"12","Elephas_maximus","Elephas_maximus.1"
"13","Monodelphis_domestica","Monodelphis_domestica.1"
"14","Monodelphis_domestica","Monodelphis_domestica.2"
"15","Alces_americanus","Alces_americanus.1"
"16","Apteryx_owenii_","Apteryx_owenii_.1"
"17","Hemiechinus_azurites","Hemiechinus_azurites.1"
"18","Dama_dama","Dama_dama.1"
"19","Rhynchocyon_petersi","Rhynchocyon_petersi.2"
"20","Elephas_maximus","Elephas_maximus.2"
"21","Giraffa_camelopardalis","Giraffa_camelopardalis.2"
"22","Desmana_moschata","Desmana_moschata.1"
"23","Leptophoca_proxima","Leptophoca_proxima.1"
"24","Leptophoca_proxima","Leptophoca_proxima.2"
"25","Choeropsis_liberiensis","Choeropsis_liberiensis.1"
"26","Serpianosaurus","Serpianosaurus.1"
"27","Cricosaurus","Cricosaurus.1"
"28","Champsosaurus","Champsosaurus.1"
"29","Chironectes_minimus","Chironectes_minimus.1"
"30","Choeropsis_liberiensis","Choeropsis_liberiensis.2"
"31","Nanophoca_vitulinoides","Nanophoca_vitulinoides.1"
"32","Phalacrocorax_harrisi","Phalacrocorax_harrisi.1"
"33","Tapirus_terrestris","Tapirus_terrestris.1"
"34","Nothosaurus_102","Nothosaurus_102.1"
"35","Champsosaurus","Champsosaurus.2"
"36","Paraplacodus","Paraplacodus.1"
"37","Paraplacodus","Paraplacodus.2"
"38","Nothosaurus_giganteus","Nothosaurus_giganteus.1"
"39","Cricosaurus","Cricosaurus.2"
"40","Phocanella_pumila","Phocanella_pumila.1"
"41","Choeropsis_liberiensis","Choeropsis_liberiensis.3"
"42","Leptophoca_proxima","Leptophoca_proxima.3"
"43","Dyrosaurid","Dyrosaurid.1"
"44","Indohyus","Indohyus.1"
"45","Champsosaurus","Champsosaurus.3"
"46","Placondontia_indet","Placondontia_indet.1"
"47","Champsosaurus","Champsosaurus.4"
"48","Spinosaurus_","Spinosaurus_.1"
"49","Spinosaurus_","Spinosaurus_.2"
"50","Spinosaurus_","Spinosaurus_.3"
"51","Spinosaurus_","Spinosaurus_.4"
"52","Spinosaurus_","Spinosaurus_.5"
"53","Spinosaurus_","Spinosaurus_.6"
"54","Spinosaurus_","Spinosaurus_.7"
"55","Spinosaurus_","Spinosaurus_.8"
"56","Spinosaurus_","Spinosaurus_.9"
"57","Spinosaurus_","Spinosaurus_.10"
"58","Spinosaurus_","Spinosaurus_.11"
"59","Suchomimus","Suchomimus.1"
"60","Suchomimus","Suchomimus.2"
"61","Suchomimus","Suchomimus.3"
"62","Baryonyx","Baryonyx.1"
"63","Baryonyx","Baryonyx.2"
"64","Baryonyx","Baryonyx.3"
 
* Phylo tree and the main data and strata files have been modified to include duplicated taxa before the scaled random trees are generated.
* Selected categorical labels column: diving.or.not
* diving.or.equal column is identical to Diving column.
* Regression excludes flying taxa.
* Diving labels that are present in regression: 0,2
* lambda (calculated from a random tree) = : 0.09
* index-name alignment check: OK
