Logfile for a session of program: bootstrap_binary.r
-----------------------------------------------------
INPUT:
workDir: C:/dino_nature/output/2023-11-07-D1\bs/set_1586
Nbootstrapsets: 2000
phyloFDAfile: c:/dino_nature/code/phylo.fda.R
auxFile: c:/dino_nature/code/auxiliary.r
boneType: femur
regressionData.file: C:/dino_nature/output/2023-11-07-D1\bs/set_1586/femur_set_1586.csv
applyDataFilter: FALSE
addTreeTips: TRUE
Ntrees: 100
calculateTrees: TRUE
saveTrees: FALSE


OPERATIONAL CHECKS:
* Regression data contains multiple copies of some taxa (user added variants of existing test taxa 
   or replacements due to bootstrap are present) which are not in the phylo tree:
     original taxon,   duplicate   
"1","Procyon_lotor","Procyon_lotor.1"
"2","Rangifer_tarandus","Rangifer_tarandus.1"
"3","Rangifer_tarandus","Rangifer_tarandus.2"
"4","Dama_dama","Dama_dama.1"
"5","Syncerus_caffer","Syncerus_caffer.1"
"6","Rynochetus_jubatus","Rynochetus_jubatus.1"
"7","Okapia_johnstoni","Okapia_johnstoni.1"
"8","Okapia_johnstoni","Okapia_johnstoni.2"
"9","Mus_musculus","Mus_musculus.1"
"10","Procyon_lotor","Procyon_lotor.2"
"11","Procyon_lotor","Procyon_lotor.3"
"12","Mustela_nivalis","Mustela_nivalis.1"
"13","Syncerus_caffer","Syncerus_caffer.2"
"14","Procyon_lotor","Procyon_lotor.4"
"15","Elephas_maximus","Elephas_maximus.1"
"16","Rupicapra_rupicapra","Rupicapra_rupicapra.1"
"17","Sus_scrofa","Sus_scrofa.1"
"18","Meles_meles","Meles_meles.1"
"19","Remingtonocetus","Remingtonocetus.1"
"20","Chironectes_minimus","Chironectes_minimus.1"
"21","Neusticosaurus","Neusticosaurus.1"
"22","Ichtyosaurus_","Ichtyosaurus_.1"
"23","Simosaurus","Simosaurus.1"
"24","Neusticosaurus","Neusticosaurus.2"
"25","Nanophoca_vitulinoides","Nanophoca_vitulinoides.1"
"26","Phocanella_pumila","Phocanella_pumila.1"
"27","Chironectes_minimus","Chironectes_minimus.2"
"28","Paraplacodus","Paraplacodus.1"
"29","Caiman_yacare","Caiman_yacare.1"
"30","Serpianosaurus","Serpianosaurus.1"
"31","Alligator","Alligator.1"
"32","Nothosaurus_giganteus","Nothosaurus_giganteus.1"
"33","Tapirus_terrestris","Tapirus_terrestris.1"
"34","Remingtonocetus","Remingtonocetus.2"
"35","Callophoca_obscura","Callophoca_obscura.1"
"36","Nothosaurus_mirabilis","Nothosaurus_mirabilis.1"
"37","Remingtonocetus","Remingtonocetus.3"
"38","Nothosaurus_102","Nothosaurus_102.1"
"39","Hexaprotodon_garyam","Hexaprotodon_garyam.1"
"40","Ichtyosaur_sp","Ichtyosaur_sp.1"
"41","Spinosaurus_","Spinosaurus_.1"
"42","Spinosaurus_","Spinosaurus_.2"
"43","Spinosaurus_","Spinosaurus_.3"
"44","Spinosaurus_","Spinosaurus_.4"
"45","Spinosaurus_","Spinosaurus_.5"
"46","Spinosaurus_","Spinosaurus_.6"
"47","Spinosaurus_","Spinosaurus_.7"
"48","Spinosaurus_","Spinosaurus_.8"
"49","Spinosaurus_","Spinosaurus_.9"
"50","Spinosaurus_","Spinosaurus_.10"
"51","Spinosaurus_","Spinosaurus_.11"
"52","Suchomimus","Suchomimus.1"
"53","Suchomimus","Suchomimus.2"
"54","Suchomimus","Suchomimus.3"
"55","Baryonyx","Baryonyx.1"
"56","Baryonyx","Baryonyx.2"
"57","Baryonyx","Baryonyx.3"
 
* Phylo tree and the main data and strata files have been modified to include duplicated taxa before the scaled random trees are generated.
* Selected categorical labels column: diving.or.not
* diving.or.equal column is identical to Diving column.
* Regression excludes flying taxa.
* Diving labels that are present in regression: 0,2
* lambda (calculated from a random tree) = : 0.11
* index-name alignment check: OK
