Logfile for a session of program: bootstrap_binary.r
-----------------------------------------------------
INPUT:
workDir: C:/dino_nature/output/2023-11-07-D1\bs/set_673
Nbootstrapsets: 2000
phyloFDAfile: c:/dino_nature/code/phylo.fda.R
auxFile: c:/dino_nature/code/auxiliary.r
boneType: femur
regressionData.file: C:/dino_nature/output/2023-11-07-D1\bs/set_673/femur_set_673.csv
applyDataFilter: FALSE
addTreeTips: TRUE
Ntrees: 100
calculateTrees: TRUE
saveTrees: FALSE


OPERATIONAL CHECKS:
* Regression data contains multiple copies of some taxa (user added variants of existing test taxa 
   or replacements due to bootstrap are present) which are not in the phylo tree:
     original taxon,   duplicate   
"1","Caloenas_nicobarica","Caloenas_nicobarica.1"
"2","Bison_bonasus","Bison_bonasus.1"
"3","Capreolus_capreolus","Capreolus_capreolus.1"
"4","Tenrec_ecaudatus","Tenrec_ecaudatus.1"
"5","Porphyrio_hochstetteri","Porphyrio_hochstetteri.1"
"6","Monodelphis_domestica","Monodelphis_domestica.1"
"7","Meles_meles","Meles_meles.1"
"8","Cephalophus_silvicultor","Cephalophus_silvicultor.1"
"9","Cephalophus_silvicultor","Cephalophus_silvicultor.2"
"10","Capreolus_capreolus","Capreolus_capreolus.2"
"11","Tribonyx_mortieri","Tribonyx_mortieri.1"
"12","Caloenas_nicobarica","Caloenas_nicobarica.2"
"13","Dicerorhinus_sumatrensis","Dicerorhinus_sumatrensis.1"
"14","Alces_americanus","Alces_americanus.1"
"15","Dama_dama","Dama_dama.1"
"16","Strigiops_habroptilus","Strigiops_habroptilus.1"
"17","Raphus","Raphus.1"
"18","Dama_dama","Dama_dama.2"
"19","Alces_americanus","Alces_americanus.2"
"20","Alligator","Alligator.1"
"21","Ichtyosaur_sp","Ichtyosaur_sp.1"
"22","Hydromys_chrysogaster","Hydromys_chrysogaster.1"
"23","Nothosaurus_568","Nothosaurus_568.1"
"24","Chironectes_minimus","Chironectes_minimus.1"
"25","Rhaeticosaurus","Rhaeticosaurus.1"
"26","Tapirus_terrestris","Tapirus_terrestris.1"
"27","Rhaeticosaurus","Rhaeticosaurus.2"
"28","Dyrosaurid","Dyrosaurid.1"
"29","Rhaeticosaurus","Rhaeticosaurus.3"
"30","Rodhocetus","Rodhocetus.1"
"31","Alligator","Alligator.2"
"32","Chironectes_minimus","Chironectes_minimus.2"
"33","Aptenodytes______","Aptenodytes______.1"
"34","Chironectes_minimus","Chironectes_minimus.3"
"35","Noemys_fodies","Noemys_fodies.1"
"36","Cryptoclidus","Cryptoclidus.1"
"37","Aptenodytes______","Aptenodytes______.2"
"38","Indohyus","Indohyus.1"
"39","Phocanella_pumila","Phocanella_pumila.1"
"40","Dyrosaurid","Dyrosaurid.2"
"41","Hesperornis","Hesperornis.1"
"42","Desmana_moschata","Desmana_moschata.1"
"43","Phalacrocorax_harrisi","Phalacrocorax_harrisi.1"
"44","Spinosaurus_","Spinosaurus_.1"
"45","Spinosaurus_","Spinosaurus_.2"
"46","Spinosaurus_","Spinosaurus_.3"
"47","Spinosaurus_","Spinosaurus_.4"
"48","Spinosaurus_","Spinosaurus_.5"
"49","Spinosaurus_","Spinosaurus_.6"
"50","Spinosaurus_","Spinosaurus_.7"
"51","Spinosaurus_","Spinosaurus_.8"
"52","Spinosaurus_","Spinosaurus_.9"
"53","Spinosaurus_","Spinosaurus_.10"
"54","Spinosaurus_","Spinosaurus_.11"
"55","Suchomimus","Suchomimus.1"
"56","Suchomimus","Suchomimus.2"
"57","Suchomimus","Suchomimus.3"
"58","Baryonyx","Baryonyx.1"
"59","Baryonyx","Baryonyx.2"
"60","Baryonyx","Baryonyx.3"
 
* Phylo tree and the main data and strata files have been modified to include duplicated taxa before the scaled random trees are generated.
* Selected categorical labels column: diving.or.not
* diving.or.equal column is identical to Diving column.
* Regression excludes flying taxa.
* Diving labels that are present in regression: 0,2
* lambda (calculated from a random tree) = : 0.08
* index-name alignment check: OK
