Logfile for a session of program: bootstrap_binary.r
-----------------------------------------------------
INPUT:
workDir: C:/dino_nature/output/2023-11-07-D1\bs/set_1326
Nbootstrapsets: 2000
phyloFDAfile: c:/dino_nature/code/phylo.fda.R
auxFile: c:/dino_nature/code/auxiliary.r
boneType: femur
regressionData.file: C:/dino_nature/output/2023-11-07-D1\bs/set_1326/femur_set_1326.csv
applyDataFilter: FALSE
addTreeTips: TRUE
Ntrees: 100
calculateTrees: TRUE
saveTrees: FALSE


OPERATIONAL CHECKS:
* Regression data contains multiple copies of some taxa (user added variants of existing test taxa 
   or replacements due to bootstrap are present) which are not in the phylo tree:
     original taxon,   duplicate   
"1","Diplomesodon_pulchellum","Diplomesodon_pulchellum.1"
"2","Brachyodus_onoideum","Brachyodus_onoideum.1"
"3","Diplomesodon_pulchellum","Diplomesodon_pulchellum.2"
"4","Vulpes_vulpes","Vulpes_vulpes.1"
"5","Brachyodus_onoideum","Brachyodus_onoideum.2"
"6","Dicerorhinus_sumatrensis","Dicerorhinus_sumatrensis.1"
"7","Xenicus_giliventris","Xenicus_giliventris.1"
"8","Dama_dama","Dama_dama.1"
"9","Apteryx_australis","Apteryx_australis.1"
"10","Vulpes_vulpes","Vulpes_vulpes.2"
"11","Dicerorhinus_sumatrensis","Dicerorhinus_sumatrensis.2"
"12","Dicerorhinus_sumatrensis","Dicerorhinus_sumatrensis.3"
"13","Xenicus_giliventris","Xenicus_giliventris.2"
"14","Syncerus_caffer","Syncerus_caffer.1"
"15","Microgale_thomasi","Microgale_thomasi.1"
"16","Nyctereutes_procyonoides","Nyctereutes_procyonoides.1"
"17","Xenicus_giliventris","Xenicus_giliventris.3"
"18","Lacerta_viridis","Lacerta_viridis.1"
"19","Diplomesodon_pulchellum","Diplomesodon_pulchellum.3"
"20","Dasyurus_maculatus","Dasyurus_maculatus.1"
"21","Euroscaptor_micrura","Euroscaptor_micrura.1"
"22","Diplomesodon_pulchellum","Diplomesodon_pulchellum.4"
"23","Metryorhynchus","Metryorhynchus.1"
"24","Metryorhynchus","Metryorhynchus.2"
"25","Metryorhynchus","Metryorhynchus.3"
"26","Remingtonocetus","Remingtonocetus.1"
"27","Metryorhynchus","Metryorhynchus.4"
"28","Phocanella_pumila","Phocanella_pumila.1"
"29","Phalacrocorax_harrisi","Phalacrocorax_harrisi.1"
"30","Phocanella_pumila","Phocanella_pumila.2"
"31","Leptophoca_proxima","Leptophoca_proxima.1"
"32","Champsosaurus","Champsosaurus.1"
"33","Metryorhynchus","Metryorhynchus.5"
"34","Leptophoca_proxima","Leptophoca_proxima.2"
"35","Hexaprotodon_garyam","Hexaprotodon_garyam.1"
"36","Callophoca_obscura","Callophoca_obscura.1"
"37","Phalacrocorax_harrisi","Phalacrocorax_harrisi.2"
"38","Tapirus_terrestris","Tapirus_terrestris.1"
"39","Chapsosaurus_","Chapsosaurus_.1"
"40","Spheniscus","Spheniscus.1"
"41","Chapsosaurus_","Chapsosaurus_.2"
"42","Small_Eocene_penguin","Small_Eocene_penguin.1"
"43","Placodontia_indet_1","Placodontia_indet_1.1"
"44","Aptenodytes______","Aptenodytes______.1"
"45","Small_Eocene_penguin","Small_Eocene_penguin.2"
"46","Phalacrocorax_harrisi","Phalacrocorax_harrisi.3"
"47","Tapirus_terrestris","Tapirus_terrestris.2"
"48","Nothosaurus_102","Nothosaurus_102.1"
"49","Spinosaurus_","Spinosaurus_.1"
"50","Spinosaurus_","Spinosaurus_.2"
"51","Spinosaurus_","Spinosaurus_.3"
"52","Spinosaurus_","Spinosaurus_.4"
"53","Spinosaurus_","Spinosaurus_.5"
"54","Spinosaurus_","Spinosaurus_.6"
"55","Spinosaurus_","Spinosaurus_.7"
"56","Spinosaurus_","Spinosaurus_.8"
"57","Spinosaurus_","Spinosaurus_.9"
"58","Spinosaurus_","Spinosaurus_.10"
"59","Spinosaurus_","Spinosaurus_.11"
"60","Suchomimus","Suchomimus.1"
"61","Suchomimus","Suchomimus.2"
"62","Suchomimus","Suchomimus.3"
"63","Baryonyx","Baryonyx.1"
"64","Baryonyx","Baryonyx.2"
"65","Baryonyx","Baryonyx.3"
 
* Phylo tree and the main data and strata files have been modified to include duplicated taxa before the scaled random trees are generated.
* Selected categorical labels column: diving.or.not
* diving.or.equal column is identical to Diving column.
* Regression excludes flying taxa.
* Diving labels that are present in regression: 0,2
* lambda (calculated from a random tree) = : 0.09
* index-name alignment check: OK
