Logfile for a session of program: bootstrap_binary.r
-----------------------------------------------------
INPUT:
workDir: C:/dino_nature/output/2023-11-07-D1\bs/set_549
Nbootstrapsets: 2000
phyloFDAfile: c:/dino_nature/code/phylo.fda.R
auxFile: c:/dino_nature/code/auxiliary.r
boneType: femur
regressionData.file: C:/dino_nature/output/2023-11-07-D1\bs/set_549/femur_set_549.csv
applyDataFilter: FALSE
addTreeTips: TRUE
Ntrees: 100
calculateTrees: TRUE
saveTrees: FALSE


OPERATIONAL CHECKS:
* Regression data contains multiple copies of some taxa (user added variants of existing test taxa 
   or replacements due to bootstrap are present) which are not in the phylo tree:
     original taxon,   duplicate   
"1","Lama_guanicoe","Lama_guanicoe.1"
"2","Porphyrio_hochstetteri","Porphyrio_hochstetteri.1"
"3","Porphyrio_hochstetteri","Porphyrio_hochstetteri.2"
"4","Procavia_capensis","Procavia_capensis.1"
"5","Paguma_larvata","Paguma_larvata.1"
"6","Procyon_lotor","Procyon_lotor.1"
"7","Mustela_nivalis","Mustela_nivalis.1"
"8","Raphus","Raphus.1"
"9","Microgale_thomasi","Microgale_thomasi.1"
"10","Taxidea_taxus","Taxidea_taxus.1"
"11","Alces_americanus","Alces_americanus.1"
"12","Tribonyx_mortieri","Tribonyx_mortieri.1"
"13","Syncerus_caffer","Syncerus_caffer.1"
"14","Porphyrio_hochstetteri","Porphyrio_hochstetteri.3"
"15","Capreolus_capreolus","Capreolus_capreolus.1"
"16","Dasyurus_maculatus","Dasyurus_maculatus.1"
"17","Atlantisia_rogersi","Atlantisia_rogersi.1"
"18","Alces_americanus","Alces_americanus.2"
"19","Raphus","Raphus.2"
"20","Tenrec_ecaudatus","Tenrec_ecaudatus.1"
"21","Syncerus_caffer","Syncerus_caffer.2"
"22","Tapirus_terrestris","Tapirus_terrestris.1"
"23","Metryorhynchus","Metryorhynchus.1"
"24","Neusticosaurus","Neusticosaurus.1"
"25","Metryorhynchus","Metryorhynchus.2"
"26","Metryorhynchus","Metryorhynchus.3"
"27","Anarosaurus","Anarosaurus.1"
"28","Cryptoclidus","Cryptoclidus.1"
"29","Tapirus_terrestris","Tapirus_terrestris.2"
"30","Remingtonocetus","Remingtonocetus.1"
"31","Hippopotamus_amphibius","Hippopotamus_amphibius.1"
"32","Metryorhynchus","Metryorhynchus.4"
"33","Indohyus","Indohyus.1"
"34","Small_Eocene_penguin","Small_Eocene_penguin.1"
"35","Placondontia_indet","Placondontia_indet.1"
"36","Hydromys_chrysogaster","Hydromys_chrysogaster.1"
"37","Remingtonocetus","Remingtonocetus.2"
"38","Desmana_moschata","Desmana_moschata.1"
"39","Phalacrocorax_harrisi","Phalacrocorax_harrisi.1"
"40","Cryptoclidus","Cryptoclidus.2"
"41","Basilosaurus","Basilosaurus.1"
"42","Cryptoclidus","Cryptoclidus.3"
"43","Aptenodytes______","Aptenodytes______.1"
"44","Spinosaurus_","Spinosaurus_.1"
"45","Spinosaurus_","Spinosaurus_.2"
"46","Spinosaurus_","Spinosaurus_.3"
"47","Spinosaurus_","Spinosaurus_.4"
"48","Spinosaurus_","Spinosaurus_.5"
"49","Spinosaurus_","Spinosaurus_.6"
"50","Spinosaurus_","Spinosaurus_.7"
"51","Spinosaurus_","Spinosaurus_.8"
"52","Spinosaurus_","Spinosaurus_.9"
"53","Spinosaurus_","Spinosaurus_.10"
"54","Spinosaurus_","Spinosaurus_.11"
"55","Suchomimus","Suchomimus.1"
"56","Suchomimus","Suchomimus.2"
"57","Suchomimus","Suchomimus.3"
"58","Baryonyx","Baryonyx.1"
"59","Baryonyx","Baryonyx.2"
"60","Baryonyx","Baryonyx.3"
 
* Phylo tree and the main data and strata files have been modified to include duplicated taxa before the scaled random trees are generated.
* Selected categorical labels column: diving.or.not
* diving.or.equal column is identical to Diving column.
* Regression excludes flying taxa.
* Diving labels that are present in regression: 0,2
* lambda (calculated from a random tree) = : 0.05
* index-name alignment check: OK
