Logfile for a session of program: bootstrap_binary.r
-----------------------------------------------------
INPUT:
workDir: C:/dino_nature/output/2023-11-07-D1\bs/set_981
Nbootstrapsets: 2000
phyloFDAfile: c:/dino_nature/code/phylo.fda.R
auxFile: c:/dino_nature/code/auxiliary.r
boneType: femur
regressionData.file: C:/dino_nature/output/2023-11-07-D1\bs/set_981/femur_set_981.csv
applyDataFilter: FALSE
addTreeTips: TRUE
Ntrees: 100
calculateTrees: TRUE
saveTrees: FALSE


OPERATIONAL CHECKS:
* Regression data contains multiple copies of some taxa (user added variants of existing test taxa 
   or replacements due to bootstrap are present) which are not in the phylo tree:
     original taxon,   duplicate   
"1","Elephas_maximus","Elephas_maximus.1"
"2","Lacerta_viridis","Lacerta_viridis.1"
"3","Tamandua_tetradactyla","Tamandua_tetradactyla.1"
"4","Paguma_larvata","Paguma_larvata.1"
"5","Paguma_larvata","Paguma_larvata.2"
"6","Dasyurus_maculatus","Dasyurus_maculatus.1"
"7","Dama_dama","Dama_dama.1"
"8","Rattus_rattus","Rattus_rattus.1"
"9","Tamandua_tetradactyla","Tamandua_tetradactyla.2"
"10","Lacerta_viridis","Lacerta_viridis.2"
"11","Uncia_uncia","Uncia_uncia.1"
"12","Meles_meles","Meles_meles.1"
"13","Elephas_maximus","Elephas_maximus.2"
"14","Dicerorhinus_sumatrensis","Dicerorhinus_sumatrensis.1"
"15","Procyon_lotor","Procyon_lotor.1"
"16","Lacerta_viridis","Lacerta_viridis.3"
"17","Dicerorhinus_sumatrensis","Dicerorhinus_sumatrensis.2"
"18","Brachyodus_onoideum","Brachyodus_onoideum.1"
"19","Raphus","Raphus.1"
"20","Pogona_viceps","Pogona_viceps.1"
"21","Rattus_rattus","Rattus_rattus.2"
"22","Rattus_rattus","Rattus_rattus.3"
"23","Procyon_lotor","Procyon_lotor.2"
"24","Simosaurus","Simosaurus.1"
"25","Chironectes_minimus","Chironectes_minimus.1"
"26","Nothosaurus_giganteus","Nothosaurus_giganteus.1"
"27","Nanophoca_vitulinoides","Nanophoca_vitulinoides.1"
"28","Hexaprotodon_garyam","Hexaprotodon_garyam.1"
"29","Callophoca_obscura","Callophoca_obscura.1"
"30","Spheniscus","Spheniscus.1"
"31","Callophoca_obscura","Callophoca_obscura.2"
"32","Alligator","Alligator.1"
"33","Placodontia_indet_1","Placodontia_indet_1.1"
"34","Nothosaurus_giganteus","Nothosaurus_giganteus.2"
"35","Champsosaurus","Champsosaurus.1"
"36","Nothosaurus_568","Nothosaurus_568.1"
"37","Ichtyosaur_sp","Ichtyosaur_sp.1"
"38","Desmostylus_hesperus","Desmostylus_hesperus.1"
"39","Simosaurus","Simosaurus.2"
"40","Chironectes_minimus","Chironectes_minimus.2"
"41","Dyrosaurid","Dyrosaurid.1"
"42","Spheniscus","Spheniscus.2"
"43","Indohyus","Indohyus.1"
"44","Small_Eocene_penguin","Small_Eocene_penguin.1"
"45","Hesperornis","Hesperornis.1"
"46","Serpianosaurus","Serpianosaurus.1"
"47","Spinosaurus_","Spinosaurus_.1"
"48","Spinosaurus_","Spinosaurus_.2"
"49","Spinosaurus_","Spinosaurus_.3"
"50","Spinosaurus_","Spinosaurus_.4"
"51","Spinosaurus_","Spinosaurus_.5"
"52","Spinosaurus_","Spinosaurus_.6"
"53","Spinosaurus_","Spinosaurus_.7"
"54","Spinosaurus_","Spinosaurus_.8"
"55","Spinosaurus_","Spinosaurus_.9"
"56","Spinosaurus_","Spinosaurus_.10"
"57","Spinosaurus_","Spinosaurus_.11"
"58","Suchomimus","Suchomimus.1"
"59","Suchomimus","Suchomimus.2"
"60","Suchomimus","Suchomimus.3"
"61","Baryonyx","Baryonyx.1"
"62","Baryonyx","Baryonyx.2"
"63","Baryonyx","Baryonyx.3"
 
* Phylo tree and the main data and strata files have been modified to include duplicated taxa before the scaled random trees are generated.
* Selected categorical labels column: diving.or.not
* diving.or.equal column is identical to Diving column.
* Regression excludes flying taxa.
* Diving labels that are present in regression: 0,2
* lambda (calculated from a random tree) = : 0.1
* index-name alignment check: OK
