Logfile for a session of program: bootstrap_binary.r
-----------------------------------------------------
INPUT:
workDir: C:/dino_nature/output/2023-11-07-D1\bs/set_27
Nbootstrapsets: 2000
phyloFDAfile: c:/dino_nature/code/phylo.fda.R
auxFile: c:/dino_nature/code/auxiliary.r
boneType: femur
regressionData.file: C:/dino_nature/output/2023-11-07-D1\bs/set_27/femur_set_27.csv
applyDataFilter: FALSE
addTreeTips: TRUE
Ntrees: 100
calculateTrees: TRUE
saveTrees: FALSE


OPERATIONAL CHECKS:
* Regression data contains multiple copies of some taxa (user added variants of existing test taxa 
   or replacements due to bootstrap are present) which are not in the phylo tree:
     original taxon,   duplicate   
"1","Capreolus_capreolus","Capreolus_capreolus.1"
"2","Giraffa_camelopardalis","Giraffa_camelopardalis.1"
"3","Myrmecophaga_tridactyla","Myrmecophaga_tridactyla.1"
"4","Strigiops_habroptilus","Strigiops_habroptilus.1"
"5","Megaloceros_sp","Megaloceros_sp.1"
"6","Alces_americanus","Alces_americanus.1"
"7","Alces_americanus","Alces_americanus.2"
"8","Capreolus_capreolus","Capreolus_capreolus.2"
"9","Loxodonta_africana","Loxodonta_africana.1"
"10","Rhinoceros_sondaicus","Rhinoceros_sondaicus.1"
"11","Dama_dama","Dama_dama.1"
"12","Procyon_lotor","Procyon_lotor.1"
"13","Procyon_lotor","Procyon_lotor.2"
"14","Procavia_capensis","Procavia_capensis.1"
"15","Rhinoceros_sondaicus","Rhinoceros_sondaicus.2"
"16","Okapia_johnstoni","Okapia_johnstoni.1"
"17","Pogona_viceps","Pogona_viceps.1"
"18","Rhynchocyon_petersi","Rhynchocyon_petersi.1"
"19","Sus_scrofa","Sus_scrofa.1"
"20","Apteryx_australis","Apteryx_australis.1"
"21","Apteryx_australis","Apteryx_australis.2"
"22","Syncerus_caffer","Syncerus_caffer.1"
"23","Phocanella_pumila","Phocanella_pumila.1"
"24","Simosaurus","Simosaurus.1"
"25","Castor_fiber","Castor_fiber.1"
"26","Nanophoca_vitulinoides","Nanophoca_vitulinoides.1"
"27","Metryorhynchus","Metryorhynchus.1"
"28","Simosaurus_1","Simosaurus_1.1"
"29","Remingtonocetus","Remingtonocetus.1"
"30","Leptophoca_proxima","Leptophoca_proxima.1"
"31","Small_Eocene_penguin","Small_Eocene_penguin.1"
"32","Dyrosaurid","Dyrosaurid.1"
"33","Psephoderma","Psephoderma.1"
"34","Castor_fiber","Castor_fiber.2"
"35","Champsosaurus","Champsosaurus.1"
"36","Nothosaurus_mirabilis","Nothosaurus_mirabilis.1"
"37","Champsosaurus","Champsosaurus.2"
"38","Spheniscus","Spheniscus.1"
"39","Nothosaurus_mirabilis_1","Nothosaurus_mirabilis_1.1"
"40","Spinosaurus_","Spinosaurus_.1"
"41","Spinosaurus_","Spinosaurus_.2"
"42","Spinosaurus_","Spinosaurus_.3"
"43","Spinosaurus_","Spinosaurus_.4"
"44","Spinosaurus_","Spinosaurus_.5"
"45","Spinosaurus_","Spinosaurus_.6"
"46","Spinosaurus_","Spinosaurus_.7"
"47","Spinosaurus_","Spinosaurus_.8"
"48","Spinosaurus_","Spinosaurus_.9"
"49","Spinosaurus_","Spinosaurus_.10"
"50","Spinosaurus_","Spinosaurus_.11"
"51","Suchomimus","Suchomimus.1"
"52","Suchomimus","Suchomimus.2"
"53","Suchomimus","Suchomimus.3"
"54","Baryonyx","Baryonyx.1"
"55","Baryonyx","Baryonyx.2"
"56","Baryonyx","Baryonyx.3"
 
* Phylo tree and the main data and strata files have been modified to include duplicated taxa before the scaled random trees are generated.
* Selected categorical labels column: diving.or.not
* diving.or.equal column is identical to Diving column.
* Regression excludes flying taxa.
* Diving labels that are present in regression: 0,2
* lambda (calculated from a random tree) = : 0.16
* index-name alignment check: OK
