Logfile for a session of program: bootstrap_binary.r
-----------------------------------------------------
INPUT:
workDir: C:/dino_nature/output/2023-11-07-D1\bs/set_1295
Nbootstrapsets: 2000
phyloFDAfile: c:/dino_nature/code/phylo.fda.R
auxFile: c:/dino_nature/code/auxiliary.r
boneType: femur
regressionData.file: C:/dino_nature/output/2023-11-07-D1\bs/set_1295/femur_set_1295.csv
applyDataFilter: FALSE
addTreeTips: TRUE
Ntrees: 100
calculateTrees: TRUE
saveTrees: FALSE


OPERATIONAL CHECKS:
* Regression data contains multiple copies of some taxa (user added variants of existing test taxa 
   or replacements due to bootstrap are present) which are not in the phylo tree:
     original taxon,   duplicate   
"1","Taxidea_taxus","Taxidea_taxus.1"
"2","Euroscaptor_micrura","Euroscaptor_micrura.1"
"3","Cephalophus_silvicultor","Cephalophus_silvicultor.1"
"4","Vulpes_vulpes","Vulpes_vulpes.1"
"5","Vulpes_vulpes","Vulpes_vulpes.2"
"6","Raphus","Raphus.1"
"7","Rattus_rattus","Rattus_rattus.1"
"8","Elephas_maximus","Elephas_maximus.1"
"9","Lacerta_viridis","Lacerta_viridis.1"
"10","Cephalophus_silvicultor","Cephalophus_silvicultor.2"
"11","Procyon_lotor","Procyon_lotor.1"
"12","Xenicus_giliventris","Xenicus_giliventris.1"
"13","Elephas_maximus","Elephas_maximus.2"
"14","Cephalophus_silvicultor","Cephalophus_silvicultor.3"
"15","Cephalophus_silvicultor","Cephalophus_silvicultor.4"
"16","Ceratotherium_simum","Ceratotherium_simum.1"
"17","Xenicus_giliventris","Xenicus_giliventris.2"
"18","Capreolus_capreolus","Capreolus_capreolus.1"
"19","Ceratotherium_simum","Ceratotherium_simum.2"
"20","Rynochetus_jubatus","Rynochetus_jubatus.1"
"21","Caloenas_nicobarica","Caloenas_nicobarica.1"
"22","Leptophoca_proxima","Leptophoca_proxima.1"
"23","Small_Eocene_penguin","Small_Eocene_penguin.1"
"24","Desmostylus_hesperus","Desmostylus_hesperus.1"
"25","Nothosaurus_giganteus","Nothosaurus_giganteus.1"
"26","Nothosaurus_giganteus","Nothosaurus_giganteus.2"
"27","Cricosaurus","Cricosaurus.1"
"28","Champsosaurus","Champsosaurus.1"
"29","Remingtonocetus","Remingtonocetus.1"
"30","Hippopotamus_amphibius","Hippopotamus_amphibius.1"
"31","Pistosaurus","Pistosaurus.1"
"32","Hippopotamus_amphibius","Hippopotamus_amphibius.2"
"33","Placodontia_indet_1","Placodontia_indet_1.1"
"34","Pistosaurus","Pistosaurus.2"
"35","Ichtyosaurus_","Ichtyosaurus_.1"
"36","Maiacetus","Maiacetus.1"
"37","Rodhocetus","Rodhocetus.1"
"38","Simosaurus_1","Simosaurus_1.1"
"39","Anarosaurus","Anarosaurus.1"
"40","Spinosaurus_","Spinosaurus_.1"
"41","Spinosaurus_","Spinosaurus_.2"
"42","Spinosaurus_","Spinosaurus_.3"
"43","Spinosaurus_","Spinosaurus_.4"
"44","Spinosaurus_","Spinosaurus_.5"
"45","Spinosaurus_","Spinosaurus_.6"
"46","Spinosaurus_","Spinosaurus_.7"
"47","Spinosaurus_","Spinosaurus_.8"
"48","Spinosaurus_","Spinosaurus_.9"
"49","Spinosaurus_","Spinosaurus_.10"
"50","Spinosaurus_","Spinosaurus_.11"
"51","Suchomimus","Suchomimus.1"
"52","Suchomimus","Suchomimus.2"
"53","Suchomimus","Suchomimus.3"
"54","Baryonyx","Baryonyx.1"
"55","Baryonyx","Baryonyx.2"
"56","Baryonyx","Baryonyx.3"
 
* Phylo tree and the main data and strata files have been modified to include duplicated taxa before the scaled random trees are generated.
* Selected categorical labels column: diving.or.not
* diving.or.equal column is identical to Diving column.
* Regression excludes flying taxa.
* Diving labels that are present in regression: 0,2
* lambda (calculated from a random tree) = : 0.12
* index-name alignment check: OK
