Logfile for a session of program: bootstrap_binary.r
-----------------------------------------------------
INPUT:
workDir: C:/dino_nature/output/2023-11-07-D1\bs/set_1502
Nbootstrapsets: 2000
phyloFDAfile: c:/dino_nature/code/phylo.fda.R
auxFile: c:/dino_nature/code/auxiliary.r
boneType: femur
regressionData.file: C:/dino_nature/output/2023-11-07-D1\bs/set_1502/femur_set_1502.csv
applyDataFilter: FALSE
addTreeTips: TRUE
Ntrees: 100
calculateTrees: TRUE
saveTrees: FALSE


OPERATIONAL CHECKS:
* Regression data contains multiple copies of some taxa (user added variants of existing test taxa 
   or replacements due to bootstrap are present) which are not in the phylo tree:
     original taxon,   duplicate   
"1","Giraffa_camelopardalis","Giraffa_camelopardalis.1"
"2","Syncerus_caffer","Syncerus_caffer.1"
"3","Mustela_nivalis","Mustela_nivalis.1"
"4","Alces_americanus","Alces_americanus.1"
"5","Alces_americanus","Alces_americanus.2"
"6","Capreolus_capreolus","Capreolus_capreolus.1"
"7","Dicerorhinus_sumatrensis","Dicerorhinus_sumatrensis.1"
"8","Apteryx_australis","Apteryx_australis.1"
"9","Sus_scrofa","Sus_scrofa.1"
"10","Syncerus_caffer","Syncerus_caffer.2"
"11","Dama_dama","Dama_dama.1"
"12","Giraffa_camelopardalis","Giraffa_camelopardalis.2"
"13","Dicerorhinus_sumatrensis","Dicerorhinus_sumatrensis.2"
"14","Brachyodus_onoideum","Brachyodus_onoideum.1"
"15","Dasyurus_maculatus","Dasyurus_maculatus.1"
"16","Syncerus_caffer","Syncerus_caffer.3"
"17","Raphus","Raphus.1"
"18","Dasyurus_maculatus","Dasyurus_maculatus.2"
"19","Monodelphis_domestica","Monodelphis_domestica.1"
"20","Rupicapra_rupicapra","Rupicapra_rupicapra.1"
"21","Bos_taurus","Bos_taurus.1"
"22","Bos_taurus","Bos_taurus.2"
"23","Lutra_vulgaris","Lutra_vulgaris.1"
"24","Simosaurus_1","Simosaurus_1.1"
"25","Rhaeticosaurus","Rhaeticosaurus.1"
"26","Palaeospheniscus","Palaeospheniscus.1"
"27","Simosaurus_1","Simosaurus_1.2"
"28","Pistosaurus","Pistosaurus.1"
"29","Hesperornis","Hesperornis.1"
"30","Simosaurus_1","Simosaurus_1.3"
"31","Simosaurus","Simosaurus.1"
"32","Rhaeticosaurus","Rhaeticosaurus.2"
"33","Caiman_yacare","Caiman_yacare.1"
"34","Hexaprotodon_garyam","Hexaprotodon_garyam.1"
"35","Desmostylus_hesperus","Desmostylus_hesperus.1"
"36","Maiacetus","Maiacetus.1"
"37","Palaeospheniscus","Palaeospheniscus.2"
"38","Ichtyosaurus_","Ichtyosaurus_.1"
"39","Palaeospheniscus","Palaeospheniscus.3"
"40","Rodhocetus","Rodhocetus.1"
"41","Spheniscus","Spheniscus.1"
"42","Otaria_byronia","Otaria_byronia.1"
"43","Metryorhynchus","Metryorhynchus.1"
"44","Spinosaurus_","Spinosaurus_.1"
"45","Spinosaurus_","Spinosaurus_.2"
"46","Spinosaurus_","Spinosaurus_.3"
"47","Spinosaurus_","Spinosaurus_.4"
"48","Spinosaurus_","Spinosaurus_.5"
"49","Spinosaurus_","Spinosaurus_.6"
"50","Spinosaurus_","Spinosaurus_.7"
"51","Spinosaurus_","Spinosaurus_.8"
"52","Spinosaurus_","Spinosaurus_.9"
"53","Spinosaurus_","Spinosaurus_.10"
"54","Spinosaurus_","Spinosaurus_.11"
"55","Suchomimus","Suchomimus.1"
"56","Suchomimus","Suchomimus.2"
"57","Suchomimus","Suchomimus.3"
"58","Baryonyx","Baryonyx.1"
"59","Baryonyx","Baryonyx.2"
"60","Baryonyx","Baryonyx.3"
 
* Phylo tree and the main data and strata files have been modified to include duplicated taxa before the scaled random trees are generated.
* Selected categorical labels column: diving.or.not
* diving.or.equal column is identical to Diving column.
* Regression excludes flying taxa.
* Diving labels that are present in regression: 0,2
* lambda (calculated from a random tree) = : 0.12
* index-name alignment check: OK
