Logfile for a session of program: bootstrap_binary.r
-----------------------------------------------------
INPUT:
workDir: C:/dino_nature/output/2023-11-07-D1\bs/set_32
Nbootstrapsets: 2000
phyloFDAfile: c:/dino_nature/code/phylo.fda.R
auxFile: c:/dino_nature/code/auxiliary.r
boneType: femur
regressionData.file: C:/dino_nature/output/2023-11-07-D1\bs/set_32/femur_set_32.csv
applyDataFilter: FALSE
addTreeTips: TRUE
Ntrees: 100
calculateTrees: TRUE
saveTrees: FALSE


OPERATIONAL CHECKS:
* Regression data contains multiple copies of some taxa (user added variants of existing test taxa 
   or replacements due to bootstrap are present) which are not in the phylo tree:
     original taxon,   duplicate   
"1","Microgale_thomasi","Microgale_thomasi.1"
"2","Pogona_viceps","Pogona_viceps.1"
"3","Meles_meles","Meles_meles.1"
"4","Alces_americanus","Alces_americanus.1"
"5","Paguma_larvata","Paguma_larvata.1"
"6","Meles_meles","Meles_meles.2"
"7","Meles_meles","Meles_meles.3"
"8","Myrmecophaga_tridactyla","Myrmecophaga_tridactyla.1"
"9","Rupicapra_rupicapra","Rupicapra_rupicapra.1"
"10","Tenrec_ecaudatus","Tenrec_ecaudatus.1"
"11","Rupicapra_rupicapra","Rupicapra_rupicapra.2"
"12","Pogona_viceps","Pogona_viceps.2"
"13","Tenrec_ecaudatus","Tenrec_ecaudatus.2"
"14","Dicerorhinus_sumatrensis","Dicerorhinus_sumatrensis.1"
"15","Alces_americanus","Alces_americanus.2"
"16","Procyon_lotor","Procyon_lotor.1"
"17","Dromaius_","Dromaius_.1"
"18","Myrmecophaga_tridactyla","Myrmecophaga_tridactyla.2"
"19","Rangifer_tarandus","Rangifer_tarandus.1"
"20","Raphus","Raphus.1"
"21","Alces_americanus","Alces_americanus.3"
"22","Strigiops_habroptilus","Strigiops_habroptilus.1"
"23","Dromaius_","Dromaius_.2"
"24","Giraffa_camelopardalis","Giraffa_camelopardalis.1"
"25","Alces_americanus","Alces_americanus.4"
"26","Hesperornis","Hesperornis.1"
"27","Hesperornis","Hesperornis.2"
"28","Indohyus","Indohyus.1"
"29","Noemys_fodies","Noemys_fodies.1"
"30","Indohyus","Indohyus.2"
"31","Hippopotamus_amphibius","Hippopotamus_amphibius.1"
"32","Leptophoca_proxima","Leptophoca_proxima.1"
"33","Protochampsidae","Protochampsidae.1"
"34","Otaria_byronia","Otaria_byronia.1"
"35","Desmostylus_hesperus","Desmostylus_hesperus.1"
"36","Aptenodytes______","Aptenodytes______.1"
"37","Otaria_byronia","Otaria_byronia.2"
"38","Leptophoca_proxima","Leptophoca_proxima.2"
"39","Serpianosaurus","Serpianosaurus.1"
"40","Remingtonocetus","Remingtonocetus.1"
"41","Champsosaurus","Champsosaurus.1"
"42","Remingtonocetus","Remingtonocetus.2"
"43","Noemys_fodies","Noemys_fodies.2"
"44","Hexaprotodon_garyam","Hexaprotodon_garyam.1"
"45","large_eocene_stem_penguin","large_eocene_stem_penguin.1"
"46","Spinosaurus_","Spinosaurus_.1"
"47","Spinosaurus_","Spinosaurus_.2"
"48","Spinosaurus_","Spinosaurus_.3"
"49","Spinosaurus_","Spinosaurus_.4"
"50","Spinosaurus_","Spinosaurus_.5"
"51","Spinosaurus_","Spinosaurus_.6"
"52","Spinosaurus_","Spinosaurus_.7"
"53","Spinosaurus_","Spinosaurus_.8"
"54","Spinosaurus_","Spinosaurus_.9"
"55","Spinosaurus_","Spinosaurus_.10"
"56","Spinosaurus_","Spinosaurus_.11"
"57","Suchomimus","Suchomimus.1"
"58","Suchomimus","Suchomimus.2"
"59","Suchomimus","Suchomimus.3"
"60","Baryonyx","Baryonyx.1"
"61","Baryonyx","Baryonyx.2"
"62","Baryonyx","Baryonyx.3"
 
* Phylo tree and the main data and strata files have been modified to include duplicated taxa before the scaled random trees are generated.
* Selected categorical labels column: diving.or.not
* diving.or.equal column is identical to Diving column.
* Regression excludes flying taxa.
* Diving labels that are present in regression: 0,2
* lambda (calculated from a random tree) = : 0.05
* index-name alignment check: OK
