Logfile for a session of program: bootstrap_binary.r
-----------------------------------------------------
INPUT:
workDir: C:/dino_nature/output/2023-11-07-D1\bs/set_1411
Nbootstrapsets: 2000
phyloFDAfile: c:/dino_nature/code/phylo.fda.R
auxFile: c:/dino_nature/code/auxiliary.r
boneType: femur
regressionData.file: C:/dino_nature/output/2023-11-07-D1\bs/set_1411/femur_set_1411.csv
applyDataFilter: FALSE
addTreeTips: TRUE
Ntrees: 100
calculateTrees: TRUE
saveTrees: FALSE


OPERATIONAL CHECKS:
* Regression data contains multiple copies of some taxa (user added variants of existing test taxa 
   or replacements due to bootstrap are present) which are not in the phylo tree:
     original taxon,   duplicate   
"1","Felis_felis","Felis_felis.1"
"2","Mus_musculus","Mus_musculus.1"
"3","Rattus_rattus","Rattus_rattus.1"
"4","Apteryx_owenii_","Apteryx_owenii_.1"
"5","Felis_felis","Felis_felis.2"
"6","Monodelphis_domestica","Monodelphis_domestica.1"
"7","Rangifer_tarandus","Rangifer_tarandus.1"
"8","Rangifer_tarandus","Rangifer_tarandus.2"
"9","Xenicus_giliventris","Xenicus_giliventris.1"
"10","Mustela_nivalis","Mustela_nivalis.1"
"11","Rattus_rattus","Rattus_rattus.2"
"12","Procavia_capensis","Procavia_capensis.1"
"13","Nyctereutes_procyonoides","Nyctereutes_procyonoides.1"
"14","Xenicus_giliventris","Xenicus_giliventris.2"
"15","Rhinoceros_sondaicus","Rhinoceros_sondaicus.1"
"16","Monodelphis_domestica","Monodelphis_domestica.2"
"17","Rhynchocyon_petersi","Rhynchocyon_petersi.1"
"18","Myrmecophaga_tridactyla","Myrmecophaga_tridactyla.1"
"19","Caloenas_nicobarica","Caloenas_nicobarica.1"
"20","Caloenas_nicobarica","Caloenas_nicobarica.2"
"21","Diplomesodon_pulchellum","Diplomesodon_pulchellum.1"
"22","Felis_felis","Felis_felis.3"
"23","Cryptoclidus","Cryptoclidus.1"
"24","Pistosaurus","Pistosaurus.1"
"25","Anarosaurus","Anarosaurus.1"
"26","Nothosaurus_568","Nothosaurus_568.1"
"27","Paraplacodus","Paraplacodus.1"
"28","Nothosaurus_giganteus","Nothosaurus_giganteus.1"
"29","Nanophoca_vitulinoides","Nanophoca_vitulinoides.1"
"30","Nothosaurus_102","Nothosaurus_102.1"
"31","Otaria_byronia","Otaria_byronia.1"
"32","Pistosaurus","Pistosaurus.2"
"33","Lutra_vulgaris","Lutra_vulgaris.1"
"34","Alligator","Alligator.1"
"35","Palaeospheniscus","Palaeospheniscus.1"
"36","Remingtonocetus","Remingtonocetus.1"
"37","Hippopotamus_amphibius","Hippopotamus_amphibius.1"
"38","Nothosaurus_giganteus","Nothosaurus_giganteus.2"
"39","Spinosaurus_","Spinosaurus_.1"
"40","Spinosaurus_","Spinosaurus_.2"
"41","Spinosaurus_","Spinosaurus_.3"
"42","Spinosaurus_","Spinosaurus_.4"
"43","Spinosaurus_","Spinosaurus_.5"
"44","Spinosaurus_","Spinosaurus_.6"
"45","Spinosaurus_","Spinosaurus_.7"
"46","Spinosaurus_","Spinosaurus_.8"
"47","Spinosaurus_","Spinosaurus_.9"
"48","Spinosaurus_","Spinosaurus_.10"
"49","Spinosaurus_","Spinosaurus_.11"
"50","Suchomimus","Suchomimus.1"
"51","Suchomimus","Suchomimus.2"
"52","Suchomimus","Suchomimus.3"
"53","Baryonyx","Baryonyx.1"
"54","Baryonyx","Baryonyx.2"
"55","Baryonyx","Baryonyx.3"
 
* Phylo tree and the main data and strata files have been modified to include duplicated taxa before the scaled random trees are generated.
* Selected categorical labels column: diving.or.not
* diving.or.equal column is identical to Diving column.
* Regression excludes flying taxa.
* Diving labels that are present in regression: 0,2
* lambda (calculated from a random tree) = : 0.09
* index-name alignment check: OK
