Logfile for a session of program: bootstrap_binary.r
-----------------------------------------------------
INPUT:
workDir: C:/dino_nature/output/2023-11-07-D1\bs/set_990
Nbootstrapsets: 2000
phyloFDAfile: c:/dino_nature/code/phylo.fda.R
auxFile: c:/dino_nature/code/auxiliary.r
boneType: femur
regressionData.file: C:/dino_nature/output/2023-11-07-D1\bs/set_990/femur_set_990.csv
applyDataFilter: FALSE
addTreeTips: TRUE
Ntrees: 100
calculateTrees: TRUE
saveTrees: FALSE


OPERATIONAL CHECKS:
* Regression data contains multiple copies of some taxa (user added variants of existing test taxa 
   or replacements due to bootstrap are present) which are not in the phylo tree:
     original taxon,   duplicate   
"1","Hemiechinus_azurites","Hemiechinus_azurites.1"
"2","Tamandua_tetradactyla","Tamandua_tetradactyla.1"
"3","Lama_guanicoe","Lama_guanicoe.1"
"4","Hemiechinus_azurites","Hemiechinus_azurites.2"
"5","Loxodonta_africana","Loxodonta_africana.1"
"6","Tenrec_ecaudatus","Tenrec_ecaudatus.1"
"7","Apteryx_owenii_","Apteryx_owenii_.1"
"8","Bos_taurus","Bos_taurus.1"
"9","Dama_dama","Dama_dama.1"
"10","Apteryx_owenii_","Apteryx_owenii_.2"
"11","Loxodonta_africana","Loxodonta_africana.2"
"12","Hemiechinus_azurites","Hemiechinus_azurites.3"
"13","Apteryx_owenii_","Apteryx_owenii_.3"
"14","Myrmecophaga_tridactyla","Myrmecophaga_tridactyla.1"
"15","Lacerta_viridis","Lacerta_viridis.1"
"16","Ceratotherium_simum","Ceratotherium_simum.1"
"17","Psephoderma","Psephoderma.1"
"18","Dyrosaurid","Dyrosaurid.1"
"19","Chironectes_minimus","Chironectes_minimus.1"
"20","Lutra_vulgaris","Lutra_vulgaris.1"
"21","Cricosaurus","Cricosaurus.1"
"22","Psephoderma","Psephoderma.2"
"23","Aptenodytes______","Aptenodytes______.1"
"24","Dyrosaurid","Dyrosaurid.2"
"25","Simosaurus","Simosaurus.1"
"26","Castor_fiber","Castor_fiber.1"
"27","Metryorhynchus","Metryorhynchus.1"
"28","Cryptoclidus","Cryptoclidus.1"
"29","Champsosaurus","Champsosaurus.1"
"30","Lutra_vulgaris","Lutra_vulgaris.2"
"31","Simosaurus","Simosaurus.2"
"32","Nothosaurus_mirabilis_1","Nothosaurus_mirabilis_1.1"
"33","Ornithorhynchus_anatinus","Ornithorhynchus_anatinus.1"
"34","Psephoderma","Psephoderma.3"
"35","Hippopotamus_amphibius","Hippopotamus_amphibius.1"
"36","Psephoderma","Psephoderma.4"
"37","Cryptoclidus","Cryptoclidus.2"
"38","Protochampsidae","Protochampsidae.1"
"39","Spinosaurus_","Spinosaurus_.1"
"40","Spinosaurus_","Spinosaurus_.2"
"41","Spinosaurus_","Spinosaurus_.3"
"42","Spinosaurus_","Spinosaurus_.4"
"43","Spinosaurus_","Spinosaurus_.5"
"44","Spinosaurus_","Spinosaurus_.6"
"45","Spinosaurus_","Spinosaurus_.7"
"46","Spinosaurus_","Spinosaurus_.8"
"47","Spinosaurus_","Spinosaurus_.9"
"48","Spinosaurus_","Spinosaurus_.10"
"49","Spinosaurus_","Spinosaurus_.11"
"50","Suchomimus","Suchomimus.1"
"51","Suchomimus","Suchomimus.2"
"52","Suchomimus","Suchomimus.3"
"53","Baryonyx","Baryonyx.1"
"54","Baryonyx","Baryonyx.2"
"55","Baryonyx","Baryonyx.3"
 
* Phylo tree and the main data and strata files have been modified to include duplicated taxa before the scaled random trees are generated.
* Selected categorical labels column: diving.or.not
* diving.or.equal column is identical to Diving column.
* Regression excludes flying taxa.
* Diving labels that are present in regression: 0,2
* lambda (calculated from a random tree) = : 0.15
* index-name alignment check: OK
