Logfile for a session of program: bootstrap_binary.r
-----------------------------------------------------
INPUT:
workDir: C:/dino_nature/output/2023-11-07-D1\bs/set_411
Nbootstrapsets: 2000
phyloFDAfile: c:/dino_nature/code/phylo.fda.R
auxFile: c:/dino_nature/code/auxiliary.r
boneType: femur
regressionData.file: C:/dino_nature/output/2023-11-07-D1\bs/set_411/femur_set_411.csv
applyDataFilter: FALSE
addTreeTips: TRUE
Ntrees: 100
calculateTrees: TRUE
saveTrees: FALSE


OPERATIONAL CHECKS:
* Regression data contains multiple copies of some taxa (user added variants of existing test taxa 
   or replacements due to bootstrap are present) which are not in the phylo tree:
     original taxon,   duplicate   
"1","Megaloceros_sp","Megaloceros_sp.1"
"2","Sphenodon_punctatus","Sphenodon_punctatus.1"
"3","Pogona_viceps","Pogona_viceps.1"
"4","Sphenodon_punctatus","Sphenodon_punctatus.2"
"5","Rhynchocyon_petersi","Rhynchocyon_petersi.1"
"6","Elephas_maximus","Elephas_maximus.1"
"7","Rynochetus_jubatus","Rynochetus_jubatus.1"
"8","Apteryx_owenii_","Apteryx_owenii_.1"
"9","Myrmecophaga_tridactyla","Myrmecophaga_tridactyla.1"
"10","Rhinoceros_sondaicus","Rhinoceros_sondaicus.1"
"11","Sus_scrofa","Sus_scrofa.1"
"12","Bos_taurus","Bos_taurus.1"
"13","Megaloceros_sp","Megaloceros_sp.2"
"14","Microgale_thomasi","Microgale_thomasi.1"
"15","Monodelphis_domestica","Monodelphis_domestica.1"
"16","Hemiechinus_azurites","Hemiechinus_azurites.1"
"17","Apteryx_australis","Apteryx_australis.1"
"18","Procavia_capensis","Procavia_capensis.1"
"19","Elephas_maximus","Elephas_maximus.2"
"20","Microgale_thomasi","Microgale_thomasi.2"
"21","Pogona_viceps","Pogona_viceps.2"
"22","Myrmecophaga_tridactyla","Myrmecophaga_tridactyla.2"
"23","Pogona_viceps","Pogona_viceps.3"
"24","Chironectes_minimus","Chironectes_minimus.1"
"25","Leptophoca_proxima","Leptophoca_proxima.1"
"26","Hippopotamus_amphibius","Hippopotamus_amphibius.1"
"27","Micropotamogale_euwenzorii","Micropotamogale_euwenzorii.1"
"28","Leptophoca_proxima","Leptophoca_proxima.2"
"29","Neusticosaurus","Neusticosaurus.1"
"30","Desmostylus_hesperus","Desmostylus_hesperus.1"
"31","Hesperornis","Hesperornis.1"
"32","Desmana_moschata","Desmana_moschata.1"
"33","Micropotamogale_euwenzorii","Micropotamogale_euwenzorii.2"
"34","Alligator","Alligator.1"
"35","Castor_fiber","Castor_fiber.1"
"36","Basilosaurus","Basilosaurus.1"
"37","Neusticosaurus","Neusticosaurus.2"
"38","Remingtonocetus","Remingtonocetus.1"
"39","Pistosaurus","Pistosaurus.1"
"40","Castor_fiber","Castor_fiber.2"
"41","Basilosaurus","Basilosaurus.2"
"42","Placodontia_indet_1","Placodontia_indet_1.1"
"43","Tapirus_terrestris","Tapirus_terrestris.1"
"44","Spinosaurus_","Spinosaurus_.1"
"45","Spinosaurus_","Spinosaurus_.2"
"46","Spinosaurus_","Spinosaurus_.3"
"47","Spinosaurus_","Spinosaurus_.4"
"48","Spinosaurus_","Spinosaurus_.5"
"49","Spinosaurus_","Spinosaurus_.6"
"50","Spinosaurus_","Spinosaurus_.7"
"51","Spinosaurus_","Spinosaurus_.8"
"52","Spinosaurus_","Spinosaurus_.9"
"53","Spinosaurus_","Spinosaurus_.10"
"54","Spinosaurus_","Spinosaurus_.11"
"55","Suchomimus","Suchomimus.1"
"56","Suchomimus","Suchomimus.2"
"57","Suchomimus","Suchomimus.3"
"58","Baryonyx","Baryonyx.1"
"59","Baryonyx","Baryonyx.2"
"60","Baryonyx","Baryonyx.3"
 
* Phylo tree and the main data and strata files have been modified to include duplicated taxa before the scaled random trees are generated.
* Selected categorical labels column: diving.or.not
* diving.or.equal column is identical to Diving column.
* Regression excludes flying taxa.
* Diving labels that are present in regression: 0,2
* lambda (calculated from a random tree) = : 0.04
* index-name alignment check: OK
