Logfile for a session of program: bootstrap_binary.r
-----------------------------------------------------
INPUT:
workDir: C:/dino_nature/output/2023-11-07-D1\bs/set_1214
Nbootstrapsets: 2000
phyloFDAfile: c:/dino_nature/code/phylo.fda.R
auxFile: c:/dino_nature/code/auxiliary.r
boneType: femur
regressionData.file: C:/dino_nature/output/2023-11-07-D1\bs/set_1214/femur_set_1214.csv
applyDataFilter: FALSE
addTreeTips: TRUE
Ntrees: 100
calculateTrees: TRUE
saveTrees: FALSE


OPERATIONAL CHECKS:
* Regression data contains multiple copies of some taxa (user added variants of existing test taxa 
   or replacements due to bootstrap are present) which are not in the phylo tree:
     original taxon,   duplicate   
"1","Dasyurus_maculatus","Dasyurus_maculatus.1"
"2","Atlantisia_rogersi","Atlantisia_rogersi.1"
"3","Rangifer_tarandus","Rangifer_tarandus.1"
"4","Tamandua_tetradactyla","Tamandua_tetradactyla.1"
"5","Vulpes_vulpes","Vulpes_vulpes.1"
"6","Xenicus_giliventris","Xenicus_giliventris.1"
"7","Xenicus_giliventris","Xenicus_giliventris.2"
"8","Euroscaptor_micrura","Euroscaptor_micrura.1"
"9","Rangifer_tarandus","Rangifer_tarandus.2"
"10","Rangifer_tarandus","Rangifer_tarandus.3"
"11","Tamandua_tetradactyla","Tamandua_tetradactyla.2"
"12","Vulpes_vulpes","Vulpes_vulpes.2"
"13","Taxidea_taxus","Taxidea_taxus.1"
"14","Sus_scrofa","Sus_scrofa.1"
"15","Rangifer_tarandus","Rangifer_tarandus.4"
"16","Tribonyx_mortieri","Tribonyx_mortieri.1"
"17","Dasyurus_maculatus","Dasyurus_maculatus.2"
"18","Chapsosaurus_","Chapsosaurus_.1"
"19","Tapirus_terrestris","Tapirus_terrestris.1"
"20","Maiacetus","Maiacetus.1"
"21","large_eocene_stem_penguin","large_eocene_stem_penguin.1"
"22","Tapirus_terrestris","Tapirus_terrestris.2"
"23","Ichtyosaur_sp","Ichtyosaur_sp.1"
"24","Alligator","Alligator.1"
"25","Callophoca_obscura","Callophoca_obscura.1"
"26","Castor_fiber","Castor_fiber.1"
"27","Champsosaurus","Champsosaurus.1"
"28","Callophoca_obscura","Callophoca_obscura.2"
"29","Champsosaurus","Champsosaurus.2"
"30","Nanophoca_vitulinoides","Nanophoca_vitulinoides.1"
"31","Ichtyosaurus_","Ichtyosaurus_.1"
"32","Nanophoca_vitulinoides","Nanophoca_vitulinoides.2"
"33","Plesiosaurus","Plesiosaurus.1"
"34","Cricosaurus","Cricosaurus.1"
"35","Desmana_moschata","Desmana_moschata.1"
"36","Spinosaurus_","Spinosaurus_.1"
"37","Spinosaurus_","Spinosaurus_.2"
"38","Spinosaurus_","Spinosaurus_.3"
"39","Spinosaurus_","Spinosaurus_.4"
"40","Spinosaurus_","Spinosaurus_.5"
"41","Spinosaurus_","Spinosaurus_.6"
"42","Spinosaurus_","Spinosaurus_.7"
"43","Spinosaurus_","Spinosaurus_.8"
"44","Spinosaurus_","Spinosaurus_.9"
"45","Spinosaurus_","Spinosaurus_.10"
"46","Spinosaurus_","Spinosaurus_.11"
"47","Suchomimus","Suchomimus.1"
"48","Suchomimus","Suchomimus.2"
"49","Suchomimus","Suchomimus.3"
"50","Baryonyx","Baryonyx.1"
"51","Baryonyx","Baryonyx.2"
"52","Baryonyx","Baryonyx.3"
 
* Phylo tree and the main data and strata files have been modified to include duplicated taxa before the scaled random trees are generated.
* Selected categorical labels column: diving.or.not
* diving.or.equal column is identical to Diving column.
* Regression excludes flying taxa.
* Diving labels that are present in regression: 0,2
* lambda (calculated from a random tree) = : 0.11
* index-name alignment check: OK
