Logfile for a session of program: bootstrap_binary.r
-----------------------------------------------------
INPUT:
workDir: C:/dino_nature/output/2023-11-07-D1\bs/set_1373
Nbootstrapsets: 2000
phyloFDAfile: c:/dino_nature/code/phylo.fda.R
auxFile: c:/dino_nature/code/auxiliary.r
boneType: femur
regressionData.file: C:/dino_nature/output/2023-11-07-D1\bs/set_1373/femur_set_1373.csv
applyDataFilter: FALSE
addTreeTips: TRUE
Ntrees: 100
calculateTrees: TRUE
saveTrees: FALSE


OPERATIONAL CHECKS:
* Regression data contains multiple copies of some taxa (user added variants of existing test taxa 
   or replacements due to bootstrap are present) which are not in the phylo tree:
     original taxon,   duplicate   
"1","Strigiops_habroptilus","Strigiops_habroptilus.1"
"2","Porphyrio_hochstetteri","Porphyrio_hochstetteri.1"
"3","Mammuthus_sp","Mammuthus_sp.1"
"4","Dama_dama","Dama_dama.1"
"5","Mustela_nivalis","Mustela_nivalis.1"
"6","Hemiechinus_azurites","Hemiechinus_azurites.1"
"7","Strigiops_habroptilus","Strigiops_habroptilus.2"
"8","Rynochetus_jubatus","Rynochetus_jubatus.1"
"9","Mammuthus_sp","Mammuthus_sp.2"
"10","Rynochetus_jubatus","Rynochetus_jubatus.2"
"11","Mammuthus_sp","Mammuthus_sp.3"
"12","Rhinoceros_sondaicus","Rhinoceros_sondaicus.1"
"13","Monodelphis_domestica","Monodelphis_domestica.1"
"14","Apteryx_australis","Apteryx_australis.1"
"15","Alces_americanus","Alces_americanus.1"
"16","Apteryx_australis","Apteryx_australis.2"
"17","Xenicus_giliventris","Xenicus_giliventris.1"
"18","Tribonyx_mortieri","Tribonyx_mortieri.1"
"19","Sphenodon_punctatus","Sphenodon_punctatus.1"
"20","Tribonyx_mortieri","Tribonyx_mortieri.2"
"21","Atlantisia_rogersi","Atlantisia_rogersi.1"
"22","Mammuthus_sp","Mammuthus_sp.4"
"23","Callophoca_obscura","Callophoca_obscura.1"
"24","large_eocene_stem_penguin","large_eocene_stem_penguin.1"
"25","Psephoderma","Psephoderma.1"
"26","Anarosaurus","Anarosaurus.1"
"27","Chapsosaurus_","Chapsosaurus_.1"
"28","Basilosaurus","Basilosaurus.1"
"29","large_eocene_stem_penguin","large_eocene_stem_penguin.2"
"30","Hesperornis","Hesperornis.1"
"31","Placodontia_indet_1","Placodontia_indet_1.1"
"32","Rhaeticosaurus","Rhaeticosaurus.1"
"33","large_eocene_stem_penguin","large_eocene_stem_penguin.3"
"34","Leptophoca_proxima","Leptophoca_proxima.1"
"35","Rhaeticosaurus","Rhaeticosaurus.2"
"36","Basilosaurus","Basilosaurus.2"
"37","Phocanella_pumila","Phocanella_pumila.1"
"38","Ornithorhynchus_anatinus","Ornithorhynchus_anatinus.1"
"39","Nothosaurus_mirabilis_1","Nothosaurus_mirabilis_1.1"
"40","Hesperornis","Hesperornis.2"
"41","Rhaeticosaurus","Rhaeticosaurus.3"
"42","Nothosaurus_150","Nothosaurus_150.1"
"43","Micropotamogale_euwenzorii","Micropotamogale_euwenzorii.1"
"44","Desmana_moschata","Desmana_moschata.1"
"45","large_eocene_stem_penguin","large_eocene_stem_penguin.4"
"46","Spinosaurus_","Spinosaurus_.1"
"47","Spinosaurus_","Spinosaurus_.2"
"48","Spinosaurus_","Spinosaurus_.3"
"49","Spinosaurus_","Spinosaurus_.4"
"50","Spinosaurus_","Spinosaurus_.5"
"51","Spinosaurus_","Spinosaurus_.6"
"52","Spinosaurus_","Spinosaurus_.7"
"53","Spinosaurus_","Spinosaurus_.8"
"54","Spinosaurus_","Spinosaurus_.9"
"55","Spinosaurus_","Spinosaurus_.10"
"56","Spinosaurus_","Spinosaurus_.11"
"57","Suchomimus","Suchomimus.1"
"58","Suchomimus","Suchomimus.2"
"59","Suchomimus","Suchomimus.3"
"60","Baryonyx","Baryonyx.1"
"61","Baryonyx","Baryonyx.2"
"62","Baryonyx","Baryonyx.3"
 
* Phylo tree and the main data and strata files have been modified to include duplicated taxa before the scaled random trees are generated.
* Selected categorical labels column: diving.or.not
* diving.or.equal column is identical to Diving column.
* Regression excludes flying taxa.
* Diving labels that are present in regression: 0,2
* lambda (calculated from a random tree) = : 0.08
* index-name alignment check: OK
