Logfile for a session of program: bootstrap_binary.r
-----------------------------------------------------
INPUT:
workDir: C:/dino_nature/output/2023-11-07-D1\bs/set_1617
Nbootstrapsets: 2000
phyloFDAfile: c:/dino_nature/code/phylo.fda.R
auxFile: c:/dino_nature/code/auxiliary.r
boneType: femur
regressionData.file: C:/dino_nature/output/2023-11-07-D1\bs/set_1617/femur_set_1617.csv
applyDataFilter: FALSE
addTreeTips: TRUE
Ntrees: 100
calculateTrees: TRUE
saveTrees: FALSE


OPERATIONAL CHECKS:
* Regression data contains multiple copies of some taxa (user added variants of existing test taxa 
   or replacements due to bootstrap are present) which are not in the phylo tree:
     original taxon,   duplicate   
"1","Pogona_viceps","Pogona_viceps.1"
"2","Rhinoceros_sondaicus","Rhinoceros_sondaicus.1"
"3","Tamandua_tetradactyla","Tamandua_tetradactyla.1"
"4","Sus_scrofa","Sus_scrofa.1"
"5","Rhinoceros_sondaicus","Rhinoceros_sondaicus.2"
"6","Syncerus_caffer","Syncerus_caffer.1"
"7","Apteryx_owenii_","Apteryx_owenii_.1"
"8","Uncia_uncia","Uncia_uncia.1"
"9","Procyon_lotor","Procyon_lotor.1"
"10","Bos_taurus","Bos_taurus.1"
"11","Rhinoceros_sondaicus","Rhinoceros_sondaicus.3"
"12","Vulpes_vulpes","Vulpes_vulpes.1"
"13","Meles_meles","Meles_meles.1"
"14","Syncerus_caffer","Syncerus_caffer.2"
"15","Xenicus_giliventris","Xenicus_giliventris.1"
"16","Dicerorhinus_sumatrensis","Dicerorhinus_sumatrensis.1"
"17","Porphyrio_hochstetteri","Porphyrio_hochstetteri.1"
"18","Vulpes_vulpes","Vulpes_vulpes.2"
"19","Syncerus_caffer","Syncerus_caffer.3"
"20","Syncerus_caffer","Syncerus_caffer.4"
"21","Taxidea_taxus","Taxidea_taxus.1"
"22","Apteryx_owenii_","Apteryx_owenii_.2"
"23","Nothosaurus_mirabilis_1","Nothosaurus_mirabilis_1.1"
"24","Neusticosaurus","Neusticosaurus.1"
"25","Castor_fiber","Castor_fiber.1"
"26","Plesiosaurus","Plesiosaurus.1"
"27","Hydromys_chrysogaster","Hydromys_chrysogaster.1"
"28","Ichtyosaur_sp","Ichtyosaur_sp.1"
"29","Tapirus_terrestris","Tapirus_terrestris.1"
"30","Hesperornis","Hesperornis.1"
"31","Cryptoclidus","Cryptoclidus.1"
"32","Ornithorhynchus_anatinus","Ornithorhynchus_anatinus.1"
"33","large_eocene_stem_penguin","large_eocene_stem_penguin.1"
"34","Simosaurus_1","Simosaurus_1.1"
"35","Leptophoca_proxima","Leptophoca_proxima.1"
"36","Chironectes_minimus","Chironectes_minimus.1"
"37","Cryptoclidus","Cryptoclidus.2"
"38","Psephoderma","Psephoderma.1"
"39","Nothosaurus_568","Nothosaurus_568.1"
"40","Anarosaurus","Anarosaurus.1"
"41","Dyrosaurid","Dyrosaurid.1"
"42","Spinosaurus_","Spinosaurus_.1"
"43","Spinosaurus_","Spinosaurus_.2"
"44","Spinosaurus_","Spinosaurus_.3"
"45","Spinosaurus_","Spinosaurus_.4"
"46","Spinosaurus_","Spinosaurus_.5"
"47","Spinosaurus_","Spinosaurus_.6"
"48","Spinosaurus_","Spinosaurus_.7"
"49","Spinosaurus_","Spinosaurus_.8"
"50","Spinosaurus_","Spinosaurus_.9"
"51","Spinosaurus_","Spinosaurus_.10"
"52","Spinosaurus_","Spinosaurus_.11"
"53","Suchomimus","Suchomimus.1"
"54","Suchomimus","Suchomimus.2"
"55","Suchomimus","Suchomimus.3"
"56","Baryonyx","Baryonyx.1"
"57","Baryonyx","Baryonyx.2"
"58","Baryonyx","Baryonyx.3"
 
* Phylo tree and the main data and strata files have been modified to include duplicated taxa before the scaled random trees are generated.
* Selected categorical labels column: diving.or.not
* diving.or.equal column is identical to Diving column.
* Regression excludes flying taxa.
* Diving labels that are present in regression: 0,2
* lambda (calculated from a random tree) = : 0.1
* index-name alignment check: OK
