Logfile for a session of program: bootstrap_binary.r
-----------------------------------------------------
INPUT:
workDir: C:/dino_nature/output/2023-11-07-D1\bs/set_1846
Nbootstrapsets: 2000
phyloFDAfile: c:/dino_nature/code/phylo.fda.R
auxFile: c:/dino_nature/code/auxiliary.r
boneType: femur
regressionData.file: C:/dino_nature/output/2023-11-07-D1\bs/set_1846/femur_set_1846.csv
applyDataFilter: FALSE
addTreeTips: TRUE
Ntrees: 100
calculateTrees: TRUE
saveTrees: FALSE


OPERATIONAL CHECKS:
* Regression data contains multiple copies of some taxa (user added variants of existing test taxa 
   or replacements due to bootstrap are present) which are not in the phylo tree:
     original taxon,   duplicate   
"1","Rangifer_tarandus","Rangifer_tarandus.1"
"2","Meles_meles","Meles_meles.1"
"3","Sus_scrofa","Sus_scrofa.1"
"4","Loxodonta_africana","Loxodonta_africana.1"
"5","Megaloceros_sp","Megaloceros_sp.1"
"6","Megaloceros_sp","Megaloceros_sp.2"
"7","Vulpes_vulpes","Vulpes_vulpes.1"
"8","Cephalophus_silvicultor","Cephalophus_silvicultor.1"
"9","Lama_guanicoe","Lama_guanicoe.1"
"10","Lacerta_viridis","Lacerta_viridis.1"
"11","Rupicapra_rupicapra","Rupicapra_rupicapra.1"
"12","Lacerta_viridis","Lacerta_viridis.2"
"13","Apteryx_owenii_","Apteryx_owenii_.1"
"14","Strigiops_habroptilus","Strigiops_habroptilus.1"
"15","Mus_musculus","Mus_musculus.1"
"16","Tribonyx_mortieri","Tribonyx_mortieri.1"
"17","Lacerta_viridis","Lacerta_viridis.3"
"18","Cryptoclidus","Cryptoclidus.1"
"19","Chapsosaurus_","Chapsosaurus_.1"
"20","Rhaeticosaurus","Rhaeticosaurus.1"
"21","Ichtyosaur_sp","Ichtyosaur_sp.1"
"22","Hesperornis","Hesperornis.1"
"23","Neusticosaurus","Neusticosaurus.1"
"24","Simosaurus","Simosaurus.1"
"25","Champsosaurus","Champsosaurus.1"
"26","Desmana_moschata","Desmana_moschata.1"
"27","Neusticosaurus","Neusticosaurus.2"
"28","Desmana_moschata","Desmana_moschata.2"
"29","Neusticosaurus","Neusticosaurus.3"
"30","Alligator","Alligator.1"
"31","Remingtonocetus","Remingtonocetus.1"
"32","Alligator","Alligator.2"
"33","Metryorhynchus","Metryorhynchus.1"
"34","Callophoca_obscura","Callophoca_obscura.1"
"35","Desmana_moschata","Desmana_moschata.3"
"36","Rhaeticosaurus","Rhaeticosaurus.2"
"37","Hesperornis","Hesperornis.2"
"38","Protochampsidae","Protochampsidae.1"
"39","Champsosaurus","Champsosaurus.2"
"40","Spinosaurus_","Spinosaurus_.1"
"41","Spinosaurus_","Spinosaurus_.2"
"42","Spinosaurus_","Spinosaurus_.3"
"43","Spinosaurus_","Spinosaurus_.4"
"44","Spinosaurus_","Spinosaurus_.5"
"45","Spinosaurus_","Spinosaurus_.6"
"46","Spinosaurus_","Spinosaurus_.7"
"47","Spinosaurus_","Spinosaurus_.8"
"48","Spinosaurus_","Spinosaurus_.9"
"49","Spinosaurus_","Spinosaurus_.10"
"50","Spinosaurus_","Spinosaurus_.11"
"51","Suchomimus","Suchomimus.1"
"52","Suchomimus","Suchomimus.2"
"53","Suchomimus","Suchomimus.3"
"54","Baryonyx","Baryonyx.1"
"55","Baryonyx","Baryonyx.2"
"56","Baryonyx","Baryonyx.3"
 
* Phylo tree and the main data and strata files have been modified to include duplicated taxa before the scaled random trees are generated.
* Selected categorical labels column: diving.or.not
* diving.or.equal column is identical to Diving column.
* Regression excludes flying taxa.
* Diving labels that are present in regression: 0,2
* lambda (calculated from a random tree) = : 0.11
* index-name alignment check: OK
