Logfile for a session of program: bootstrap_binary.r
-----------------------------------------------------
INPUT:
workDir: C:/dino_nature/output/2023-11-07-D1\bs/set_1235
Nbootstrapsets: 2000
phyloFDAfile: c:/dino_nature/code/phylo.fda.R
auxFile: c:/dino_nature/code/auxiliary.r
boneType: femur
regressionData.file: C:/dino_nature/output/2023-11-07-D1\bs/set_1235/femur_set_1235.csv
applyDataFilter: FALSE
addTreeTips: TRUE
Ntrees: 100
calculateTrees: TRUE
saveTrees: FALSE


OPERATIONAL CHECKS:
* Regression data contains multiple copies of some taxa (user added variants of existing test taxa 
   or replacements due to bootstrap are present) which are not in the phylo tree:
     original taxon,   duplicate   
"1","Dama_dama","Dama_dama.1"
"2","Syncerus_caffer","Syncerus_caffer.1"
"3","Dama_dama","Dama_dama.2"
"4","Rattus_rattus","Rattus_rattus.1"
"5","Lacerta_viridis","Lacerta_viridis.1"
"6","Capreolus_capreolus","Capreolus_capreolus.1"
"7","Hemiechinus_azurites","Hemiechinus_azurites.1"
"8","Dromaius_","Dromaius_.1"
"9","Rupicapra_rupicapra","Rupicapra_rupicapra.1"
"10","Mus_musculus","Mus_musculus.1"
"11","Syncerus_caffer","Syncerus_caffer.2"
"12","Bison_bonasus","Bison_bonasus.1"
"13","Sphenodon_punctatus","Sphenodon_punctatus.1"
"14","Strigiops_habroptilus","Strigiops_habroptilus.1"
"15","Dasyurus_maculatus","Dasyurus_maculatus.1"
"16","Loxodonta_africana","Loxodonta_africana.1"
"17","Ceratotherium_simum","Ceratotherium_simum.1"
"18","Giraffa_camelopardalis","Giraffa_camelopardalis.1"
"19","Meles_meles","Meles_meles.1"
"20","Mus_musculus","Mus_musculus.2"
"21","Elomeryx_borbonicus_","Elomeryx_borbonicus_.1"
"22","Giraffa_camelopardalis","Giraffa_camelopardalis.2"
"23","Lacerta_viridis","Lacerta_viridis.2"
"24","Tribonyx_mortieri","Tribonyx_mortieri.1"
"25","Dyrosaurid","Dyrosaurid.1"
"26","Simosaurus_1","Simosaurus_1.1"
"27","Caiman_yacare","Caiman_yacare.1"
"28","Simosaurus_1","Simosaurus_1.2"
"29","Champsosaurus","Champsosaurus.1"
"30","Protochampsidae","Protochampsidae.1"
"31","Champsosaurus","Champsosaurus.2"
"32","Placondontia_indet","Placondontia_indet.1"
"33","Cricosaurus","Cricosaurus.1"
"34","Otaria_byronia","Otaria_byronia.1"
"35","Chironectes_minimus","Chironectes_minimus.1"
"36","Caiman_yacare","Caiman_yacare.2"
"37","Caiman_yacare","Caiman_yacare.3"
"38","Ichtyosaur_sp","Ichtyosaur_sp.1"
"39","Rhaeticosaurus","Rhaeticosaurus.1"
"40","Small_Eocene_penguin","Small_Eocene_penguin.1"
"41","Alligator","Alligator.1"
"42","Castor_fiber","Castor_fiber.1"
"43","Nothosaurus_568","Nothosaurus_568.1"
"44","Neusticosaurus","Neusticosaurus.1"
"45","Desmana_moschata","Desmana_moschata.1"
"46","Spinosaurus_","Spinosaurus_.1"
"47","Spinosaurus_","Spinosaurus_.2"
"48","Spinosaurus_","Spinosaurus_.3"
"49","Spinosaurus_","Spinosaurus_.4"
"50","Spinosaurus_","Spinosaurus_.5"
"51","Spinosaurus_","Spinosaurus_.6"
"52","Spinosaurus_","Spinosaurus_.7"
"53","Spinosaurus_","Spinosaurus_.8"
"54","Spinosaurus_","Spinosaurus_.9"
"55","Spinosaurus_","Spinosaurus_.10"
"56","Spinosaurus_","Spinosaurus_.11"
"57","Suchomimus","Suchomimus.1"
"58","Suchomimus","Suchomimus.2"
"59","Suchomimus","Suchomimus.3"
"60","Baryonyx","Baryonyx.1"
"61","Baryonyx","Baryonyx.2"
"62","Baryonyx","Baryonyx.3"
 
* Phylo tree and the main data and strata files have been modified to include duplicated taxa before the scaled random trees are generated.
* Selected categorical labels column: diving.or.not
* diving.or.equal column is identical to Diving column.
* Regression excludes flying taxa.
* Diving labels that are present in regression: 0,2
* lambda (calculated from a random tree) = : 0.15
* index-name alignment check: OK
