Logfile for a session of program: bootstrap_binary.r
-----------------------------------------------------
INPUT:
workDir: C:/dino_nature/output/2023-11-07-D1\bs/set_171
Nbootstrapsets: 2000
phyloFDAfile: c:/dino_nature/code/phylo.fda.R
auxFile: c:/dino_nature/code/auxiliary.r
boneType: femur
regressionData.file: C:/dino_nature/output/2023-11-07-D1\bs/set_171/femur_set_171.csv
applyDataFilter: FALSE
addTreeTips: TRUE
Ntrees: 100
calculateTrees: TRUE
saveTrees: FALSE


OPERATIONAL CHECKS:
* Regression data contains multiple copies of some taxa (user added variants of existing test taxa 
   or replacements due to bootstrap are present) which are not in the phylo tree:
     original taxon,   duplicate   
"1","Microgale_thomasi","Microgale_thomasi.1"
"2","Apteryx_owenii_","Apteryx_owenii_.1"
"3","Microgale_thomasi","Microgale_thomasi.2"
"4","Rattus_rattus","Rattus_rattus.1"
"5","Sphenodon_punctatus","Sphenodon_punctatus.1"
"6","Raphus","Raphus.1"
"7","Raphus","Raphus.2"
"8","Paguma_larvata","Paguma_larvata.1"
"9","Vulpes_vulpes","Vulpes_vulpes.1"
"10","Rhinoceros_sondaicus","Rhinoceros_sondaicus.1"
"11","Dicerorhinus_sumatrensis","Dicerorhinus_sumatrensis.1"
"12","Paguma_larvata","Paguma_larvata.2"
"13","Tamandua_tetradactyla","Tamandua_tetradactyla.1"
"14","Raphus","Raphus.3"
"15","Raphus","Raphus.4"
"16","Tribonyx_mortieri","Tribonyx_mortieri.1"
"17","Apteryx_owenii_","Apteryx_owenii_.2"
"18","Procavia_capensis","Procavia_capensis.1"
"19","Xenicus_giliventris","Xenicus_giliventris.1"
"20","Lama_guanicoe","Lama_guanicoe.1"
"21","Tamandua_tetradactyla","Tamandua_tetradactyla.2"
"22","Aptenodytes______","Aptenodytes______.1"
"23","Ichtyosaurus_","Ichtyosaurus_.1"
"24","Maiacetus","Maiacetus.1"
"25","Micropotamogale_euwenzorii","Micropotamogale_euwenzorii.1"
"26","Castor_fiber","Castor_fiber.1"
"27","Maiacetus","Maiacetus.2"
"28","Nothosaurus_150","Nothosaurus_150.1"
"29","Nothosaurus_mirabilis_1","Nothosaurus_mirabilis_1.1"
"30","Placodontia_indet_1","Placodontia_indet_1.1"
"31","Nothosaurus_150","Nothosaurus_150.2"
"32","Champsosaurus","Champsosaurus.1"
"33","Remingtonocetus","Remingtonocetus.1"
"34","Hydromys_chrysogaster","Hydromys_chrysogaster.1"
"35","Neusticosaurus","Neusticosaurus.1"
"36","Phocanella_pumila","Phocanella_pumila.1"
"37","Plesiosaurus","Plesiosaurus.1"
"38","Phalacrocorax_harrisi","Phalacrocorax_harrisi.1"
"39","Dyrosaurid","Dyrosaurid.1"
"40","Tapirus_terrestris","Tapirus_terrestris.1"
"41","Spinosaurus_","Spinosaurus_.1"
"42","Spinosaurus_","Spinosaurus_.2"
"43","Spinosaurus_","Spinosaurus_.3"
"44","Spinosaurus_","Spinosaurus_.4"
"45","Spinosaurus_","Spinosaurus_.5"
"46","Spinosaurus_","Spinosaurus_.6"
"47","Spinosaurus_","Spinosaurus_.7"
"48","Spinosaurus_","Spinosaurus_.8"
"49","Spinosaurus_","Spinosaurus_.9"
"50","Spinosaurus_","Spinosaurus_.10"
"51","Spinosaurus_","Spinosaurus_.11"
"52","Suchomimus","Suchomimus.1"
"53","Suchomimus","Suchomimus.2"
"54","Suchomimus","Suchomimus.3"
"55","Baryonyx","Baryonyx.1"
"56","Baryonyx","Baryonyx.2"
"57","Baryonyx","Baryonyx.3"
 
* Phylo tree and the main data and strata files have been modified to include duplicated taxa before the scaled random trees are generated.
* Selected categorical labels column: diving.or.not
* diving.or.equal column is identical to Diving column.
* Regression excludes flying taxa.
* Diving labels that are present in regression: 0,2
* lambda (calculated from a random tree) = : 0.08
* index-name alignment check: OK
