Logfile for a session of program: bootstrap_binary.r
-----------------------------------------------------
INPUT:
workDir: C:/dino_nature/output/2023-11-07-D1\bs/set_148
Nbootstrapsets: 2000
phyloFDAfile: c:/dino_nature/code/phylo.fda.R
auxFile: c:/dino_nature/code/auxiliary.r
boneType: femur
regressionData.file: C:/dino_nature/output/2023-11-07-D1\bs/set_148/femur_set_148.csv
applyDataFilter: FALSE
addTreeTips: TRUE
Ntrees: 100
calculateTrees: TRUE
saveTrees: FALSE


OPERATIONAL CHECKS:
* Regression data contains multiple copies of some taxa (user added variants of existing test taxa 
   or replacements due to bootstrap are present) which are not in the phylo tree:
     original taxon,   duplicate   
"1","Myrmecophaga_tridactyla","Myrmecophaga_tridactyla.1"
"2","Xenicus_giliventris","Xenicus_giliventris.1"
"3","Felis_felis","Felis_felis.1"
"4","Procyon_lotor","Procyon_lotor.1"
"5","Dama_dama","Dama_dama.1"
"6","Procyon_lotor","Procyon_lotor.2"
"7","Elephas_maximus","Elephas_maximus.1"
"8","Dasyurus_maculatus","Dasyurus_maculatus.1"
"9","Dama_dama","Dama_dama.2"
"10","Procavia_capensis","Procavia_capensis.1"
"11","Meles_meles","Meles_meles.1"
"12","Diplomesodon_pulchellum","Diplomesodon_pulchellum.1"
"13","Rynochetus_jubatus","Rynochetus_jubatus.1"
"14","Procavia_capensis","Procavia_capensis.2"
"15","Rynochetus_jubatus","Rynochetus_jubatus.2"
"16","Xenicus_giliventris","Xenicus_giliventris.2"
"17","Apteryx_australis","Apteryx_australis.1"
"18","Meles_meles","Meles_meles.2"
"19","Elomeryx_borbonicus_","Elomeryx_borbonicus_.1"
"20","Rangifer_tarandus","Rangifer_tarandus.1"
"21","Cryptoclidus","Cryptoclidus.1"
"22","Small_Eocene_penguin","Small_Eocene_penguin.1"
"23","Placondontia_indet","Placondontia_indet.1"
"24","Paraplacodus","Paraplacodus.1"
"25","Aptenodytes______","Aptenodytes______.1"
"26","Ornithorhynchus_anatinus","Ornithorhynchus_anatinus.1"
"27","Small_Eocene_penguin","Small_Eocene_penguin.2"
"28","Nothosaurus_giganteus","Nothosaurus_giganteus.1"
"29","Serpianosaurus","Serpianosaurus.1"
"30","Aptenodytes______","Aptenodytes______.2"
"31","Ichtyosaurus_","Ichtyosaurus_.1"
"32","Simosaurus","Simosaurus.1"
"33","Protochampsidae","Protochampsidae.1"
"34","Paraplacodus","Paraplacodus.2"
"35","Paraplacodus","Paraplacodus.3"
"36","Maiacetus","Maiacetus.1"
"37","Spinosaurus_","Spinosaurus_.1"
"38","Spinosaurus_","Spinosaurus_.2"
"39","Spinosaurus_","Spinosaurus_.3"
"40","Spinosaurus_","Spinosaurus_.4"
"41","Spinosaurus_","Spinosaurus_.5"
"42","Spinosaurus_","Spinosaurus_.6"
"43","Spinosaurus_","Spinosaurus_.7"
"44","Spinosaurus_","Spinosaurus_.8"
"45","Spinosaurus_","Spinosaurus_.9"
"46","Spinosaurus_","Spinosaurus_.10"
"47","Spinosaurus_","Spinosaurus_.11"
"48","Suchomimus","Suchomimus.1"
"49","Suchomimus","Suchomimus.2"
"50","Suchomimus","Suchomimus.3"
"51","Baryonyx","Baryonyx.1"
"52","Baryonyx","Baryonyx.2"
"53","Baryonyx","Baryonyx.3"
 
* Phylo tree and the main data and strata files have been modified to include duplicated taxa before the scaled random trees are generated.
* Selected categorical labels column: diving.or.not
* diving.or.equal column is identical to Diving column.
* Regression excludes flying taxa.
* Diving labels that are present in regression: 0,2
* lambda (calculated from a random tree) = : 0.12
* index-name alignment check: OK
