Logfile for a session of program: bootstrap_binary.r
-----------------------------------------------------
INPUT:
workDir: C:/dino_nature/output/2023-11-07-D1\bs/set_311
Nbootstrapsets: 2000
phyloFDAfile: c:/dino_nature/code/phylo.fda.R
auxFile: c:/dino_nature/code/auxiliary.r
boneType: femur
regressionData.file: C:/dino_nature/output/2023-11-07-D1\bs/set_311/femur_set_311.csv
applyDataFilter: FALSE
addTreeTips: TRUE
Ntrees: 100
calculateTrees: TRUE
saveTrees: FALSE


OPERATIONAL CHECKS:
* Regression data contains multiple copies of some taxa (user added variants of existing test taxa 
   or replacements due to bootstrap are present) which are not in the phylo tree:
     original taxon,   duplicate   
"1","Xenicus_giliventris","Xenicus_giliventris.1"
"2","Procyon_lotor","Procyon_lotor.1"
"3","Syncerus_caffer","Syncerus_caffer.1"
"4","Syncerus_caffer","Syncerus_caffer.2"
"5","Microgale_thomasi","Microgale_thomasi.1"
"6","Procyon_lotor","Procyon_lotor.2"
"7","Rhynchocyon_petersi","Rhynchocyon_petersi.1"
"8","Felis_felis","Felis_felis.1"
"9","Raphus","Raphus.1"
"10","Paguma_larvata","Paguma_larvata.1"
"11","Tamandua_tetradactyla","Tamandua_tetradactyla.1"
"12","Raphus","Raphus.2"
"13","Megaloceros_sp","Megaloceros_sp.1"
"14","Xenicus_giliventris","Xenicus_giliventris.2"
"15","Mustela_nivalis","Mustela_nivalis.1"
"16","Hemiechinus_azurites","Hemiechinus_azurites.1"
"17","Felis_felis","Felis_felis.2"
"18","Dama_dama","Dama_dama.1"
"19","Hemiechinus_azurites","Hemiechinus_azurites.2"
"20","Mammuthus_sp","Mammuthus_sp.1"
"21","Tapirus_terrestris","Tapirus_terrestris.1"
"22","Simosaurus","Simosaurus.1"
"23","Serpianosaurus","Serpianosaurus.1"
"24","Chapsosaurus_","Chapsosaurus_.1"
"25","Psephoderma","Psephoderma.1"
"26","Psephoderma","Psephoderma.2"
"27","Indohyus","Indohyus.1"
"28","Desmana_moschata","Desmana_moschata.1"
"29","Leptophoca_proxima","Leptophoca_proxima.1"
"30","Lutra_vulgaris","Lutra_vulgaris.1"
"31","Chapsosaurus_","Chapsosaurus_.2"
"32","Pistosaurus","Pistosaurus.1"
"33","Spheniscus","Spheniscus.1"
"34","Protochampsidae","Protochampsidae.1"
"35","Otaria_byronia","Otaria_byronia.1"
"36","Alligator","Alligator.1"
"37","Dyrosaurid","Dyrosaurid.1"
"38","Castor_fiber","Castor_fiber.1"
"39","Nothosaurus_102","Nothosaurus_102.1"
"40","Pistosaurus","Pistosaurus.2"
"41","Hippopotamus_amphibius","Hippopotamus_amphibius.1"
"42","Castor_fiber","Castor_fiber.2"
"43","Protochampsidae","Protochampsidae.2"
"44","Spinosaurus_","Spinosaurus_.1"
"45","Spinosaurus_","Spinosaurus_.2"
"46","Spinosaurus_","Spinosaurus_.3"
"47","Spinosaurus_","Spinosaurus_.4"
"48","Spinosaurus_","Spinosaurus_.5"
"49","Spinosaurus_","Spinosaurus_.6"
"50","Spinosaurus_","Spinosaurus_.7"
"51","Spinosaurus_","Spinosaurus_.8"
"52","Spinosaurus_","Spinosaurus_.9"
"53","Spinosaurus_","Spinosaurus_.10"
"54","Spinosaurus_","Spinosaurus_.11"
"55","Suchomimus","Suchomimus.1"
"56","Suchomimus","Suchomimus.2"
"57","Suchomimus","Suchomimus.3"
"58","Baryonyx","Baryonyx.1"
"59","Baryonyx","Baryonyx.2"
"60","Baryonyx","Baryonyx.3"
 
* Phylo tree and the main data and strata files have been modified to include duplicated taxa before the scaled random trees are generated.
* Selected categorical labels column: diving.or.not
* diving.or.equal column is identical to Diving column.
* Regression excludes flying taxa.
* Diving labels that are present in regression: 0,2
* lambda (calculated from a random tree) = : 0.12
* index-name alignment check: OK
