Logfile for a session of program: bootstrap_binary.r
-----------------------------------------------------
INPUT:
workDir: C:/dino_nature/output/2023-11-07-D1\bs/set_357
Nbootstrapsets: 2000
phyloFDAfile: c:/dino_nature/code/phylo.fda.R
auxFile: c:/dino_nature/code/auxiliary.r
boneType: femur
regressionData.file: C:/dino_nature/output/2023-11-07-D1\bs/set_357/femur_set_357.csv
applyDataFilter: FALSE
addTreeTips: TRUE
Ntrees: 100
calculateTrees: TRUE
saveTrees: FALSE


OPERATIONAL CHECKS:
* Regression data contains multiple copies of some taxa (user added variants of existing test taxa 
   or replacements due to bootstrap are present) which are not in the phylo tree:
     original taxon,   duplicate   
"1","Brachyodus_onoideum","Brachyodus_onoideum.1"
"2","Procavia_capensis","Procavia_capensis.1"
"3","Megaloceros_sp","Megaloceros_sp.1"
"4","Rattus_rattus","Rattus_rattus.1"
"5","Mus_musculus","Mus_musculus.1"
"6","Megaloceros_sp","Megaloceros_sp.2"
"7","Procavia_capensis","Procavia_capensis.2"
"8","Capreolus_capreolus","Capreolus_capreolus.1"
"9","Apteryx_australis","Apteryx_australis.1"
"10","Hemiechinus_azurites","Hemiechinus_azurites.1"
"11","Rattus_rattus","Rattus_rattus.2"
"12","Strigiops_habroptilus","Strigiops_habroptilus.1"
"13","Rupicapra_rupicapra","Rupicapra_rupicapra.1"
"14","Xenicus_giliventris","Xenicus_giliventris.1"
"15","Okapia_johnstoni","Okapia_johnstoni.1"
"16","Raphus","Raphus.1"
"17","Rupicapra_rupicapra","Rupicapra_rupicapra.2"
"18","Tamandua_tetradactyla","Tamandua_tetradactyla.1"
"19","Atlantisia_rogersi","Atlantisia_rogersi.1"
"20","Loxodonta_africana","Loxodonta_africana.1"
"21","Mustela_nivalis","Mustela_nivalis.1"
"22","Tribonyx_mortieri","Tribonyx_mortieri.1"
"23","Okapia_johnstoni","Okapia_johnstoni.2"
"24","Phocanella_pumila","Phocanella_pumila.1"
"25","Nothosaurus_mirabilis_1","Nothosaurus_mirabilis_1.1"
"26","Simosaurus_1","Simosaurus_1.1"
"27","Phalacrocorax_harrisi","Phalacrocorax_harrisi.1"
"28","Nanophoca_vitulinoides","Nanophoca_vitulinoides.1"
"29","Small_Eocene_penguin","Small_Eocene_penguin.1"
"30","Hydromys_chrysogaster","Hydromys_chrysogaster.1"
"31","Chironectes_minimus","Chironectes_minimus.1"
"32","Simosaurus_1","Simosaurus_1.2"
"33","Placondontia_indet","Placondontia_indet.1"
"34","Lutra_vulgaris","Lutra_vulgaris.1"
"35","Desmana_moschata","Desmana_moschata.1"
"36","Simosaurus_1","Simosaurus_1.3"
"37","Nothosaurus_mirabilis_1","Nothosaurus_mirabilis_1.2"
"38","Cricosaurus","Cricosaurus.1"
"39","Chapsosaurus_","Chapsosaurus_.1"
"40","Hexaprotodon_garyam","Hexaprotodon_garyam.1"
"41","Phalacrocorax_harrisi","Phalacrocorax_harrisi.2"
"42","Ornithorhynchus_anatinus","Ornithorhynchus_anatinus.1"
"43","Spinosaurus_","Spinosaurus_.1"
"44","Spinosaurus_","Spinosaurus_.2"
"45","Spinosaurus_","Spinosaurus_.3"
"46","Spinosaurus_","Spinosaurus_.4"
"47","Spinosaurus_","Spinosaurus_.5"
"48","Spinosaurus_","Spinosaurus_.6"
"49","Spinosaurus_","Spinosaurus_.7"
"50","Spinosaurus_","Spinosaurus_.8"
"51","Spinosaurus_","Spinosaurus_.9"
"52","Spinosaurus_","Spinosaurus_.10"
"53","Spinosaurus_","Spinosaurus_.11"
"54","Suchomimus","Suchomimus.1"
"55","Suchomimus","Suchomimus.2"
"56","Suchomimus","Suchomimus.3"
"57","Baryonyx","Baryonyx.1"
"58","Baryonyx","Baryonyx.2"
"59","Baryonyx","Baryonyx.3"
 
* Phylo tree and the main data and strata files have been modified to include duplicated taxa before the scaled random trees are generated.
* Selected categorical labels column: diving.or.not
* diving.or.equal column is identical to Diving column.
* Regression excludes flying taxa.
* Diving labels that are present in regression: 0,2
* lambda (calculated from a random tree) = : 0.11
* index-name alignment check: OK
