Logfile for a session of program: bootstrap_binary.r
-----------------------------------------------------
INPUT:
workDir: C:/dino_nature/output/2023-11-07-D1\bs/set_179
Nbootstrapsets: 2000
phyloFDAfile: c:/dino_nature/code/phylo.fda.R
auxFile: c:/dino_nature/code/auxiliary.r
boneType: femur
regressionData.file: C:/dino_nature/output/2023-11-07-D1\bs/set_179/femur_set_179.csv
applyDataFilter: FALSE
addTreeTips: TRUE
Ntrees: 100
calculateTrees: TRUE
saveTrees: FALSE


OPERATIONAL CHECKS:
* Regression data contains multiple copies of some taxa (user added variants of existing test taxa 
   or replacements due to bootstrap are present) which are not in the phylo tree:
     original taxon,   duplicate   
"1","Porphyrio_hochstetteri","Porphyrio_hochstetteri.1"
"2","Syncerus_caffer","Syncerus_caffer.1"
"3","Xenicus_giliventris","Xenicus_giliventris.1"
"4","Elomeryx_borbonicus_","Elomeryx_borbonicus_.1"
"5","Elephas_maximus","Elephas_maximus.1"
"6","Rhynchocyon_petersi","Rhynchocyon_petersi.1"
"7","Elomeryx_borbonicus_","Elomeryx_borbonicus_.2"
"8","Raphus","Raphus.1"
"9","Mammuthus_sp","Mammuthus_sp.1"
"10","Mustela_nivalis","Mustela_nivalis.1"
"11","Caloenas_nicobarica","Caloenas_nicobarica.1"
"12","Uncia_uncia","Uncia_uncia.1"
"13","Brachyodus_onoideum","Brachyodus_onoideum.1"
"14","Mammuthus_sp","Mammuthus_sp.2"
"15","Vulpes_vulpes","Vulpes_vulpes.1"
"16","Paguma_larvata","Paguma_larvata.1"
"17","Atlantisia_rogersi","Atlantisia_rogersi.1"
"18","Syncerus_caffer","Syncerus_caffer.2"
"19","Mustela_nivalis","Mustela_nivalis.2"
"20","Raphus","Raphus.2"
"21","Caloenas_nicobarica","Caloenas_nicobarica.2"
"22","Apteryx_owenii_","Apteryx_owenii_.1"
"23","Raphus","Raphus.3"
"24","Protochampsidae","Protochampsidae.1"
"25","Nothosaurus_giganteus","Nothosaurus_giganteus.1"
"26","Anarosaurus","Anarosaurus.1"
"27","Nothosaurus_giganteus","Nothosaurus_giganteus.2"
"28","Anarosaurus","Anarosaurus.2"
"29","Tapirus_terrestris","Tapirus_terrestris.1"
"30","Simosaurus_1","Simosaurus_1.1"
"31","Pistosaurus","Pistosaurus.1"
"32","Nothosaurus_568","Nothosaurus_568.1"
"33","Paraplacodus","Paraplacodus.1"
"34","Nothosaurus_102","Nothosaurus_102.1"
"35","Palaeospheniscus","Palaeospheniscus.1"
"36","Serpianosaurus","Serpianosaurus.1"
"37","Ornithorhynchus_anatinus","Ornithorhynchus_anatinus.1"
"38","Dyrosaurid","Dyrosaurid.1"
"39","Lutra_vulgaris","Lutra_vulgaris.1"
"40","Palaeospheniscus","Palaeospheniscus.2"
"41","Paraplacodus","Paraplacodus.2"
"42","Spinosaurus_","Spinosaurus_.1"
"43","Spinosaurus_","Spinosaurus_.2"
"44","Spinosaurus_","Spinosaurus_.3"
"45","Spinosaurus_","Spinosaurus_.4"
"46","Spinosaurus_","Spinosaurus_.5"
"47","Spinosaurus_","Spinosaurus_.6"
"48","Spinosaurus_","Spinosaurus_.7"
"49","Spinosaurus_","Spinosaurus_.8"
"50","Spinosaurus_","Spinosaurus_.9"
"51","Spinosaurus_","Spinosaurus_.10"
"52","Spinosaurus_","Spinosaurus_.11"
"53","Suchomimus","Suchomimus.1"
"54","Suchomimus","Suchomimus.2"
"55","Suchomimus","Suchomimus.3"
"56","Baryonyx","Baryonyx.1"
"57","Baryonyx","Baryonyx.2"
"58","Baryonyx","Baryonyx.3"
 
* Phylo tree and the main data and strata files have been modified to include duplicated taxa before the scaled random trees are generated.
* Selected categorical labels column: diving.or.not
* diving.or.equal column is identical to Diving column.
* Regression excludes flying taxa.
* Diving labels that are present in regression: 0,2
* lambda (calculated from a random tree) = : 0.13
* index-name alignment check: OK
