Logfile for a session of program: bootstrap_binary.r
-----------------------------------------------------
INPUT:
workDir: C:/dino_nature/output/2023-11-07-D1\bs/set_1778
Nbootstrapsets: 2000
phyloFDAfile: c:/dino_nature/code/phylo.fda.R
auxFile: c:/dino_nature/code/auxiliary.r
boneType: femur
regressionData.file: C:/dino_nature/output/2023-11-07-D1\bs/set_1778/femur_set_1778.csv
applyDataFilter: FALSE
addTreeTips: TRUE
Ntrees: 100
calculateTrees: TRUE
saveTrees: FALSE


OPERATIONAL CHECKS:
* Regression data contains multiple copies of some taxa (user added variants of existing test taxa 
   or replacements due to bootstrap are present) which are not in the phylo tree:
     original taxon,   duplicate   
"1","Pogona_viceps","Pogona_viceps.1"
"2","Elomeryx_borbonicus_","Elomeryx_borbonicus_.1"
"3","Dicerorhinus_sumatrensis","Dicerorhinus_sumatrensis.1"
"4","Procyon_lotor","Procyon_lotor.1"
"5","Procyon_lotor","Procyon_lotor.2"
"6","Pogona_viceps","Pogona_viceps.2"
"7","Rattus_rattus","Rattus_rattus.1"
"8","Apteryx_australis","Apteryx_australis.1"
"9","Ceratotherium_simum","Ceratotherium_simum.1"
"10","Procyon_lotor","Procyon_lotor.3"
"11","Dama_dama","Dama_dama.1"
"12","Nyctereutes_procyonoides","Nyctereutes_procyonoides.1"
"13","Diplomesodon_pulchellum","Diplomesodon_pulchellum.1"
"14","Elomeryx_borbonicus_","Elomeryx_borbonicus_.2"
"15","Rhinoceros_sondaicus","Rhinoceros_sondaicus.1"
"16","Pogona_viceps","Pogona_viceps.3"
"17","Paguma_larvata","Paguma_larvata.1"
"18","Bos_taurus","Bos_taurus.1"
"19","Ceratotherium_simum","Ceratotherium_simum.2"
"20","Tenrec_ecaudatus","Tenrec_ecaudatus.1"
"21","Protochampsidae","Protochampsidae.1"
"22","Otaria_byronia","Otaria_byronia.1"
"23","Metryorhynchus","Metryorhynchus.1"
"24","Cricosaurus","Cricosaurus.1"
"25","Rodhocetus","Rodhocetus.1"
"26","Pistosaurus","Pistosaurus.1"
"27","Phocanella_pumila","Phocanella_pumila.1"
"28","Placodontia_indet_1","Placodontia_indet_1.1"
"29","Lutra_vulgaris","Lutra_vulgaris.1"
"30","Nothosaurus_150","Nothosaurus_150.1"
"31","Desmana_moschata","Desmana_moschata.1"
"32","Chapsosaurus_","Chapsosaurus_.1"
"33","Spheniscus","Spheniscus.1"
"34","Nothosaurus_150","Nothosaurus_150.2"
"35","Nothosaurus_150","Nothosaurus_150.3"
"36","Small_Eocene_penguin","Small_Eocene_penguin.1"
"37","Nothosaurus_102","Nothosaurus_102.1"
"38","Otaria_byronia","Otaria_byronia.2"
"39","Nothosaurus_150","Nothosaurus_150.4"
"40","Spheniscus","Spheniscus.2"
"41","Spinosaurus_","Spinosaurus_.1"
"42","Spinosaurus_","Spinosaurus_.2"
"43","Spinosaurus_","Spinosaurus_.3"
"44","Spinosaurus_","Spinosaurus_.4"
"45","Spinosaurus_","Spinosaurus_.5"
"46","Spinosaurus_","Spinosaurus_.6"
"47","Spinosaurus_","Spinosaurus_.7"
"48","Spinosaurus_","Spinosaurus_.8"
"49","Spinosaurus_","Spinosaurus_.9"
"50","Spinosaurus_","Spinosaurus_.10"
"51","Spinosaurus_","Spinosaurus_.11"
"52","Suchomimus","Suchomimus.1"
"53","Suchomimus","Suchomimus.2"
"54","Suchomimus","Suchomimus.3"
"55","Baryonyx","Baryonyx.1"
"56","Baryonyx","Baryonyx.2"
"57","Baryonyx","Baryonyx.3"
 
* Phylo tree and the main data and strata files have been modified to include duplicated taxa before the scaled random trees are generated.
* Selected categorical labels column: diving.or.not
* diving.or.equal column is identical to Diving column.
* Regression excludes flying taxa.
* Diving labels that are present in regression: 0,2
* lambda (calculated from a random tree) = : 0.11
* index-name alignment check: OK
