Logfile for a session of program: bootstrap_binary.r
-----------------------------------------------------
INPUT:
workDir: C:/dino_nature/output/2023-11-07-D1\bs/set_552
Nbootstrapsets: 2000
phyloFDAfile: c:/dino_nature/code/phylo.fda.R
auxFile: c:/dino_nature/code/auxiliary.r
boneType: femur
regressionData.file: C:/dino_nature/output/2023-11-07-D1\bs/set_552/femur_set_552.csv
applyDataFilter: FALSE
addTreeTips: TRUE
Ntrees: 100
calculateTrees: TRUE
saveTrees: FALSE


OPERATIONAL CHECKS:
* Regression data contains multiple copies of some taxa (user added variants of existing test taxa 
   or replacements due to bootstrap are present) which are not in the phylo tree:
     original taxon,   duplicate   
"1","Raphus","Raphus.1"
"2","Tenrec_ecaudatus","Tenrec_ecaudatus.1"
"3","Bos_taurus","Bos_taurus.1"
"4","Mus_musculus","Mus_musculus.1"
"5","Mus_musculus","Mus_musculus.2"
"6","Mus_musculus","Mus_musculus.3"
"7","Felis_felis","Felis_felis.1"
"8","Lacerta_viridis","Lacerta_viridis.1"
"9","Elephas_maximus","Elephas_maximus.1"
"10","Nyctereutes_procyonoides","Nyctereutes_procyonoides.1"
"11","Bos_taurus","Bos_taurus.2"
"12","Uncia_uncia","Uncia_uncia.1"
"13","Tenrec_ecaudatus","Tenrec_ecaudatus.2"
"14","Dicerorhinus_sumatrensis","Dicerorhinus_sumatrensis.1"
"15","Rupicapra_rupicapra","Rupicapra_rupicapra.1"
"16","Sus_scrofa","Sus_scrofa.1"
"17","Sphenodon_punctatus","Sphenodon_punctatus.1"
"18","Diplomesodon_pulchellum","Diplomesodon_pulchellum.1"
"19","Dicerorhinus_sumatrensis","Dicerorhinus_sumatrensis.2"
"20","Apteryx_owenii_","Apteryx_owenii_.1"
"21","Lacerta_viridis","Lacerta_viridis.2"
"22","Felis_felis","Felis_felis.2"
"23","Hemiechinus_azurites","Hemiechinus_azurites.1"
"24","Lacerta_viridis","Lacerta_viridis.3"
"25","Placondontia_indet","Placondontia_indet.1"
"26","large_eocene_stem_penguin","large_eocene_stem_penguin.1"
"27","Serpianosaurus","Serpianosaurus.1"
"28","Noemys_fodies","Noemys_fodies.1"
"29","Plesiosaurus","Plesiosaurus.1"
"30","Small_Eocene_penguin","Small_Eocene_penguin.1"
"31","Small_Eocene_penguin","Small_Eocene_penguin.2"
"32","Noemys_fodies","Noemys_fodies.2"
"33","Serpianosaurus","Serpianosaurus.2"
"34","Basilosaurus","Basilosaurus.1"
"35","Metryorhynchus","Metryorhynchus.1"
"36","Spheniscus","Spheniscus.1"
"37","Ichtyosaurus_","Ichtyosaurus_.1"
"38","Indohyus","Indohyus.1"
"39","Small_Eocene_penguin","Small_Eocene_penguin.3"
"40","Spheniscus","Spheniscus.2"
"41","Anarosaurus","Anarosaurus.1"
"42","Spinosaurus_","Spinosaurus_.1"
"43","Spinosaurus_","Spinosaurus_.2"
"44","Spinosaurus_","Spinosaurus_.3"
"45","Spinosaurus_","Spinosaurus_.4"
"46","Spinosaurus_","Spinosaurus_.5"
"47","Spinosaurus_","Spinosaurus_.6"
"48","Spinosaurus_","Spinosaurus_.7"
"49","Spinosaurus_","Spinosaurus_.8"
"50","Spinosaurus_","Spinosaurus_.9"
"51","Spinosaurus_","Spinosaurus_.10"
"52","Spinosaurus_","Spinosaurus_.11"
"53","Suchomimus","Suchomimus.1"
"54","Suchomimus","Suchomimus.2"
"55","Suchomimus","Suchomimus.3"
"56","Baryonyx","Baryonyx.1"
"57","Baryonyx","Baryonyx.2"
"58","Baryonyx","Baryonyx.3"
 
* Phylo tree and the main data and strata files have been modified to include duplicated taxa before the scaled random trees are generated.
* Selected categorical labels column: diving.or.not
* diving.or.equal column is identical to Diving column.
* Regression excludes flying taxa.
* Diving labels that are present in regression: 0,2
* lambda (calculated from a random tree) = : 0.08
* index-name alignment check: OK
