Logfile for a session of program: bootstrap_binary.r
-----------------------------------------------------
INPUT:
workDir: C:/dino_nature/output/2023-11-07-D1\bs/set_1669
Nbootstrapsets: 2000
phyloFDAfile: c:/dino_nature/code/phylo.fda.R
auxFile: c:/dino_nature/code/auxiliary.r
boneType: femur
regressionData.file: C:/dino_nature/output/2023-11-07-D1\bs/set_1669/femur_set_1669.csv
applyDataFilter: FALSE
addTreeTips: TRUE
Ntrees: 100
calculateTrees: TRUE
saveTrees: FALSE


OPERATIONAL CHECKS:
* Regression data contains multiple copies of some taxa (user added variants of existing test taxa 
   or replacements due to bootstrap are present) which are not in the phylo tree:
     original taxon,   duplicate   
"1","Dama_dama","Dama_dama.1"
"2","Sphenodon_punctatus","Sphenodon_punctatus.1"
"3","Apteryx_owenii_","Apteryx_owenii_.1"
"4","Rangifer_tarandus","Rangifer_tarandus.1"
"5","Lama_guanicoe","Lama_guanicoe.1"
"6","Apteryx_owenii_","Apteryx_owenii_.2"
"7","Capreolus_capreolus","Capreolus_capreolus.1"
"8","Apteryx_owenii_","Apteryx_owenii_.3"
"9","Taxidea_taxus","Taxidea_taxus.1"
"10","Euroscaptor_micrura","Euroscaptor_micrura.1"
"11","Loxodonta_africana","Loxodonta_africana.1"
"12","Mustela_nivalis","Mustela_nivalis.1"
"13","Raphus","Raphus.1"
"14","Loxodonta_africana","Loxodonta_africana.2"
"15","Atlantisia_rogersi","Atlantisia_rogersi.1"
"16","Rupicapra_rupicapra","Rupicapra_rupicapra.1"
"17","Rhinoceros_sondaicus","Rhinoceros_sondaicus.1"
"18","Apteryx_owenii_","Apteryx_owenii_.4"
"19","Tenrec_ecaudatus","Tenrec_ecaudatus.1"
"20","Rupicapra_rupicapra","Rupicapra_rupicapra.2"
"21","Lutra_vulgaris","Lutra_vulgaris.1"
"22","Dyrosaurid","Dyrosaurid.1"
"23","Desmana_moschata","Desmana_moschata.1"
"24","Cryptoclidus","Cryptoclidus.1"
"25","Leptophoca_proxima","Leptophoca_proxima.1"
"26","Serpianosaurus","Serpianosaurus.1"
"27","Lutra_vulgaris","Lutra_vulgaris.2"
"28","Paraplacodus","Paraplacodus.1"
"29","Leptophoca_proxima","Leptophoca_proxima.2"
"30","Phocanella_pumila","Phocanella_pumila.1"
"31","Chironectes_minimus","Chironectes_minimus.1"
"32","Paraplacodus","Paraplacodus.2"
"33","Basilosaurus","Basilosaurus.1"
"34","Chironectes_minimus","Chironectes_minimus.2"
"35","Spheniscus","Spheniscus.1"
"36","Alligator","Alligator.1"
"37","Desmostylus_hesperus","Desmostylus_hesperus.1"
"38","Nothosaurus_150","Nothosaurus_150.1"
"39","Simosaurus_1","Simosaurus_1.1"
"40","Spinosaurus_","Spinosaurus_.1"
"41","Spinosaurus_","Spinosaurus_.2"
"42","Spinosaurus_","Spinosaurus_.3"
"43","Spinosaurus_","Spinosaurus_.4"
"44","Spinosaurus_","Spinosaurus_.5"
"45","Spinosaurus_","Spinosaurus_.6"
"46","Spinosaurus_","Spinosaurus_.7"
"47","Spinosaurus_","Spinosaurus_.8"
"48","Spinosaurus_","Spinosaurus_.9"
"49","Spinosaurus_","Spinosaurus_.10"
"50","Spinosaurus_","Spinosaurus_.11"
"51","Suchomimus","Suchomimus.1"
"52","Suchomimus","Suchomimus.2"
"53","Suchomimus","Suchomimus.3"
"54","Baryonyx","Baryonyx.1"
"55","Baryonyx","Baryonyx.2"
"56","Baryonyx","Baryonyx.3"
 
* Phylo tree and the main data and strata files have been modified to include duplicated taxa before the scaled random trees are generated.
* Selected categorical labels column: diving.or.not
* diving.or.equal column is identical to Diving column.
* Regression excludes flying taxa.
* Diving labels that are present in regression: 0,2
* lambda (calculated from a random tree) = : 0.07
* index-name alignment check: OK
