Logfile for a session of program: bootstrap_binary.r
-----------------------------------------------------
INPUT:
workDir: C:/dino_nature/output/2023-11-07-D1\bs/set_1375
Nbootstrapsets: 2000
phyloFDAfile: c:/dino_nature/code/phylo.fda.R
auxFile: c:/dino_nature/code/auxiliary.r
boneType: femur
regressionData.file: C:/dino_nature/output/2023-11-07-D1\bs/set_1375/femur_set_1375.csv
applyDataFilter: FALSE
addTreeTips: TRUE
Ntrees: 100
calculateTrees: TRUE
saveTrees: FALSE


OPERATIONAL CHECKS:
* Regression data contains multiple copies of some taxa (user added variants of existing test taxa 
   or replacements due to bootstrap are present) which are not in the phylo tree:
     original taxon,   duplicate   
"1","Sus_scrofa","Sus_scrofa.1"
"2","Lama_guanicoe","Lama_guanicoe.1"
"3","Capreolus_capreolus","Capreolus_capreolus.1"
"4","Procavia_capensis","Procavia_capensis.1"
"5","Apteryx_owenii_","Apteryx_owenii_.1"
"6","Giraffa_camelopardalis","Giraffa_camelopardalis.1"
"7","Strigiops_habroptilus","Strigiops_habroptilus.1"
"8","Megaloceros_sp","Megaloceros_sp.1"
"9","Megaloceros_sp","Megaloceros_sp.2"
"10","Apteryx_owenii_","Apteryx_owenii_.2"
"11","Rynochetus_jubatus","Rynochetus_jubatus.1"
"12","Nyctereutes_procyonoides","Nyctereutes_procyonoides.1"
"13","Uncia_uncia","Uncia_uncia.1"
"14","Tenrec_ecaudatus","Tenrec_ecaudatus.1"
"15","Sus_scrofa","Sus_scrofa.2"
"16","Procyon_lotor","Procyon_lotor.1"
"17","Brachyodus_onoideum","Brachyodus_onoideum.1"
"18","Tamandua_tetradactyla","Tamandua_tetradactyla.1"
"19","Syncerus_caffer","Syncerus_caffer.1"
"20","Champsosaurus","Champsosaurus.1"
"21","Ornithorhynchus_anatinus","Ornithorhynchus_anatinus.1"
"22","Cricosaurus","Cricosaurus.1"
"23","Nothosaurus_102","Nothosaurus_102.1"
"24","Serpianosaurus","Serpianosaurus.1"
"25","Nothosaurus_150","Nothosaurus_150.1"
"26","Tapirus_terrestris","Tapirus_terrestris.1"
"27","Palaeospheniscus","Palaeospheniscus.1"
"28","Plesiosaurus","Plesiosaurus.1"
"29","Choeropsis_liberiensis","Choeropsis_liberiensis.1"
"30","Basilosaurus","Basilosaurus.1"
"31","Hexaprotodon_garyam","Hexaprotodon_garyam.1"
"32","Callophoca_obscura","Callophoca_obscura.1"
"33","Paraplacodus","Paraplacodus.1"
"34","Dyrosaurid","Dyrosaurid.1"
"35","Remingtonocetus","Remingtonocetus.1"
"36","Phalacrocorax_harrisi","Phalacrocorax_harrisi.1"
"37","Nothosaurus_mirabilis_1","Nothosaurus_mirabilis_1.1"
"38","Basilosaurus","Basilosaurus.2"
"39","Phalacrocorax_harrisi","Phalacrocorax_harrisi.2"
"40","Nothosaurus_102","Nothosaurus_102.2"
"41","Tapirus_terrestris","Tapirus_terrestris.2"
"42","Spinosaurus_","Spinosaurus_.1"
"43","Spinosaurus_","Spinosaurus_.2"
"44","Spinosaurus_","Spinosaurus_.3"
"45","Spinosaurus_","Spinosaurus_.4"
"46","Spinosaurus_","Spinosaurus_.5"
"47","Spinosaurus_","Spinosaurus_.6"
"48","Spinosaurus_","Spinosaurus_.7"
"49","Spinosaurus_","Spinosaurus_.8"
"50","Spinosaurus_","Spinosaurus_.9"
"51","Spinosaurus_","Spinosaurus_.10"
"52","Spinosaurus_","Spinosaurus_.11"
"53","Suchomimus","Suchomimus.1"
"54","Suchomimus","Suchomimus.2"
"55","Suchomimus","Suchomimus.3"
"56","Baryonyx","Baryonyx.1"
"57","Baryonyx","Baryonyx.2"
"58","Baryonyx","Baryonyx.3"
 
* Phylo tree and the main data and strata files have been modified to include duplicated taxa before the scaled random trees are generated.
* Selected categorical labels column: diving.or.not
* diving.or.equal column is identical to Diving column.
* Regression excludes flying taxa.
* Diving labels that are present in regression: 0,2
* lambda (calculated from a random tree) = : 0.09
* index-name alignment check: OK
