Logfile for a session of program: bootstrap_binary.r
-----------------------------------------------------
INPUT:
workDir: C:/dino_nature/output/2023-11-07-D1\bs/set_1527
Nbootstrapsets: 2000
phyloFDAfile: c:/dino_nature/code/phylo.fda.R
auxFile: c:/dino_nature/code/auxiliary.r
boneType: femur
regressionData.file: C:/dino_nature/output/2023-11-07-D1\bs/set_1527/femur_set_1527.csv
applyDataFilter: FALSE
addTreeTips: TRUE
Ntrees: 100
calculateTrees: TRUE
saveTrees: FALSE


OPERATIONAL CHECKS:
* Regression data contains multiple copies of some taxa (user added variants of existing test taxa 
   or replacements due to bootstrap are present) which are not in the phylo tree:
     original taxon,   duplicate   
"1","Elomeryx_borbonicus_","Elomeryx_borbonicus_.1"
"2","Taxidea_taxus","Taxidea_taxus.1"
"3","Microgale_thomasi","Microgale_thomasi.1"
"4","Elomeryx_borbonicus_","Elomeryx_borbonicus_.2"
"5","Monodelphis_domestica","Monodelphis_domestica.1"
"6","Microgale_thomasi","Microgale_thomasi.2"
"7","Dasyurus_maculatus","Dasyurus_maculatus.1"
"8","Loxodonta_africana","Loxodonta_africana.1"
"9","Rynochetus_jubatus","Rynochetus_jubatus.1"
"10","Taxidea_taxus","Taxidea_taxus.2"
"11","Hemiechinus_azurites","Hemiechinus_azurites.1"
"12","Hemiechinus_azurites","Hemiechinus_azurites.2"
"13","Dromaius_","Dromaius_.1"
"14","Loxodonta_africana","Loxodonta_africana.2"
"15","Tenrec_ecaudatus","Tenrec_ecaudatus.1"
"16","Okapia_johnstoni","Okapia_johnstoni.1"
"17","Rhinoceros_sondaicus","Rhinoceros_sondaicus.1"
"18","Paguma_larvata","Paguma_larvata.1"
"19","Lama_guanicoe","Lama_guanicoe.1"
"20","Vulpes_vulpes","Vulpes_vulpes.1"
"21","Atlantisia_rogersi","Atlantisia_rogersi.1"
"22","Apteryx_australis","Apteryx_australis.1"
"23","large_eocene_stem_penguin","large_eocene_stem_penguin.1"
"24","Neusticosaurus","Neusticosaurus.1"
"25","Desmana_moschata","Desmana_moschata.1"
"26","Nothosaurus_mirabilis_1","Nothosaurus_mirabilis_1.1"
"27","Leptophoca_proxima","Leptophoca_proxima.1"
"28","Nothosaurus_mirabilis_1","Nothosaurus_mirabilis_1.2"
"29","Indohyus","Indohyus.1"
"30","Chapsosaurus_","Chapsosaurus_.1"
"31","Paraplacodus","Paraplacodus.1"
"32","Hexaprotodon_garyam","Hexaprotodon_garyam.1"
"33","Neusticosaurus","Neusticosaurus.2"
"34","Metryorhynchus","Metryorhynchus.1"
"35","Cricosaurus","Cricosaurus.1"
"36","Simosaurus_1","Simosaurus_1.1"
"37","large_eocene_stem_penguin","large_eocene_stem_penguin.2"
"38","Tapirus_terrestris","Tapirus_terrestris.1"
"39","Desmostylus_hesperus","Desmostylus_hesperus.1"
"40","Nothosaurus_mirabilis_1","Nothosaurus_mirabilis_1.3"
"41","Neusticosaurus","Neusticosaurus.3"
"42","Leptophoca_proxima","Leptophoca_proxima.2"
"43","Spinosaurus_","Spinosaurus_.1"
"44","Spinosaurus_","Spinosaurus_.2"
"45","Spinosaurus_","Spinosaurus_.3"
"46","Spinosaurus_","Spinosaurus_.4"
"47","Spinosaurus_","Spinosaurus_.5"
"48","Spinosaurus_","Spinosaurus_.6"
"49","Spinosaurus_","Spinosaurus_.7"
"50","Spinosaurus_","Spinosaurus_.8"
"51","Spinosaurus_","Spinosaurus_.9"
"52","Spinosaurus_","Spinosaurus_.10"
"53","Spinosaurus_","Spinosaurus_.11"
"54","Suchomimus","Suchomimus.1"
"55","Suchomimus","Suchomimus.2"
"56","Suchomimus","Suchomimus.3"
"57","Baryonyx","Baryonyx.1"
"58","Baryonyx","Baryonyx.2"
"59","Baryonyx","Baryonyx.3"
 
* Phylo tree and the main data and strata files have been modified to include duplicated taxa before the scaled random trees are generated.
* Selected categorical labels column: diving.or.not
* diving.or.equal column is identical to Diving column.
* Regression excludes flying taxa.
* Diving labels that are present in regression: 0,2
* lambda (calculated from a random tree) = : 0.1
* index-name alignment check: OK
