Logfile for a session of program: bootstrap_binary.r
-----------------------------------------------------
INPUT:
workDir: C:/dino_nature/output/2023-11-07-D1\bs/set_1811
Nbootstrapsets: 2000
phyloFDAfile: c:/dino_nature/code/phylo.fda.R
auxFile: c:/dino_nature/code/auxiliary.r
boneType: femur
regressionData.file: C:/dino_nature/output/2023-11-07-D1\bs/set_1811/femur_set_1811.csv
applyDataFilter: FALSE
addTreeTips: TRUE
Ntrees: 100
calculateTrees: TRUE
saveTrees: FALSE


OPERATIONAL CHECKS:
* Regression data contains multiple copies of some taxa (user added variants of existing test taxa 
   or replacements due to bootstrap are present) which are not in the phylo tree:
     original taxon,   duplicate   
"1","Procyon_lotor","Procyon_lotor.1"
"2","Porphyrio_hochstetteri","Porphyrio_hochstetteri.1"
"3","Sus_scrofa","Sus_scrofa.1"
"4","Mus_musculus","Mus_musculus.1"
"5","Mustela_nivalis","Mustela_nivalis.1"
"6","Lacerta_viridis","Lacerta_viridis.1"
"7","Megaloceros_sp","Megaloceros_sp.1"
"8","Brachyodus_onoideum","Brachyodus_onoideum.1"
"9","Cephalophus_silvicultor","Cephalophus_silvicultor.1"
"10","Lacerta_viridis","Lacerta_viridis.2"
"11","Porphyrio_hochstetteri","Porphyrio_hochstetteri.2"
"12","Felis_felis","Felis_felis.1"
"13","Pogona_viceps","Pogona_viceps.1"
"14","Strigiops_habroptilus","Strigiops_habroptilus.1"
"15","Alces_americanus","Alces_americanus.1"
"16","Strigiops_habroptilus","Strigiops_habroptilus.2"
"17","Procyon_lotor","Procyon_lotor.2"
"18","Raphus","Raphus.1"
"19","Porphyrio_hochstetteri","Porphyrio_hochstetteri.3"
"20","Lacerta_viridis","Lacerta_viridis.3"
"21","Procyon_lotor","Procyon_lotor.3"
"22","Nothosaurus_mirabilis","Nothosaurus_mirabilis.1"
"23","large_eocene_stem_penguin","large_eocene_stem_penguin.1"
"24","Nothosaurus_568","Nothosaurus_568.1"
"25","Dyrosaurid","Dyrosaurid.1"
"26","Placodontia_indet_1","Placodontia_indet_1.1"
"27","Phalacrocorax_harrisi","Phalacrocorax_harrisi.1"
"28","Rodhocetus","Rodhocetus.1"
"29","Pistosaurus","Pistosaurus.1"
"30","Neusticosaurus","Neusticosaurus.1"
"31","Nothosaurus_150","Nothosaurus_150.1"
"32","Noemys_fodies","Noemys_fodies.1"
"33","Ornithorhynchus_anatinus","Ornithorhynchus_anatinus.1"
"34","Hippopotamus_amphibius","Hippopotamus_amphibius.1"
"35","Callophoca_obscura","Callophoca_obscura.1"
"36","Pistosaurus","Pistosaurus.2"
"37","Nothosaurus_giganteus","Nothosaurus_giganteus.1"
"38","Nothosaurus_giganteus","Nothosaurus_giganteus.2"
"39","Nothosaurus_150","Nothosaurus_150.2"
"40","Hexaprotodon_garyam","Hexaprotodon_garyam.1"
"41","Placodontia_indet_1","Placodontia_indet_1.2"
"42","Ichtyosaur_sp","Ichtyosaur_sp.1"
"43","Spinosaurus_","Spinosaurus_.1"
"44","Spinosaurus_","Spinosaurus_.2"
"45","Spinosaurus_","Spinosaurus_.3"
"46","Spinosaurus_","Spinosaurus_.4"
"47","Spinosaurus_","Spinosaurus_.5"
"48","Spinosaurus_","Spinosaurus_.6"
"49","Spinosaurus_","Spinosaurus_.7"
"50","Spinosaurus_","Spinosaurus_.8"
"51","Spinosaurus_","Spinosaurus_.9"
"52","Spinosaurus_","Spinosaurus_.10"
"53","Spinosaurus_","Spinosaurus_.11"
"54","Suchomimus","Suchomimus.1"
"55","Suchomimus","Suchomimus.2"
"56","Suchomimus","Suchomimus.3"
"57","Baryonyx","Baryonyx.1"
"58","Baryonyx","Baryonyx.2"
"59","Baryonyx","Baryonyx.3"
 
* Phylo tree and the main data and strata files have been modified to include duplicated taxa before the scaled random trees are generated.
* Selected categorical labels column: diving.or.not
* diving.or.equal column is identical to Diving column.
* Regression excludes flying taxa.
* Diving labels that are present in regression: 0,2
* lambda (calculated from a random tree) = : 0.06
* index-name alignment check: OK
