Logfile for a session of program: bootstrap_binary.r
-----------------------------------------------------
INPUT:
workDir: C:/dino_nature/output/2023-11-07-D1\bs/set_1095
Nbootstrapsets: 2000
phyloFDAfile: c:/dino_nature/code/phylo.fda.R
auxFile: c:/dino_nature/code/auxiliary.r
boneType: femur
regressionData.file: C:/dino_nature/output/2023-11-07-D1\bs/set_1095/femur_set_1095.csv
applyDataFilter: FALSE
addTreeTips: TRUE
Ntrees: 100
calculateTrees: TRUE
saveTrees: FALSE


OPERATIONAL CHECKS:
* Regression data contains multiple copies of some taxa (user added variants of existing test taxa 
   or replacements due to bootstrap are present) which are not in the phylo tree:
     original taxon,   duplicate   
"1","Lacerta_viridis","Lacerta_viridis.1"
"2","Sus_scrofa","Sus_scrofa.1"
"3","Syncerus_caffer","Syncerus_caffer.1"
"4","Paguma_larvata","Paguma_larvata.1"
"5","Lacerta_viridis","Lacerta_viridis.2"
"6","Microgale_thomasi","Microgale_thomasi.1"
"7","Mammuthus_sp","Mammuthus_sp.1"
"8","Cephalophus_silvicultor","Cephalophus_silvicultor.1"
"9","Lacerta_viridis","Lacerta_viridis.3"
"10","Giraffa_camelopardalis","Giraffa_camelopardalis.1"
"11","Microgale_thomasi","Microgale_thomasi.2"
"12","Procyon_lotor","Procyon_lotor.1"
"13","Sphenodon_punctatus","Sphenodon_punctatus.1"
"14","Dromaius_","Dromaius_.1"
"15","Apteryx_owenii_","Apteryx_owenii_.1"
"16","Atlantisia_rogersi","Atlantisia_rogersi.1"
"17","Atlantisia_rogersi","Atlantisia_rogersi.2"
"18","Syncerus_caffer","Syncerus_caffer.2"
"19","Lama_guanicoe","Lama_guanicoe.1"
"20","Procyon_lotor","Procyon_lotor.2"
"21","Ceratotherium_simum","Ceratotherium_simum.1"
"22","Rodhocetus","Rodhocetus.1"
"23","Placodontia_indet_1","Placodontia_indet_1.1"
"24","Plesiosaurus","Plesiosaurus.1"
"25","Otaria_byronia","Otaria_byronia.1"
"26","Placodontia_indet_1","Placodontia_indet_1.2"
"27","Nothosaurus_102","Nothosaurus_102.1"
"28","Placodontia_indet_1","Placodontia_indet_1.3"
"29","Paraplacodus","Paraplacodus.1"
"30","Ornithorhynchus_anatinus","Ornithorhynchus_anatinus.1"
"31","Paraplacodus","Paraplacodus.2"
"32","Callophoca_obscura","Callophoca_obscura.1"
"33","Anarosaurus","Anarosaurus.1"
"34","Rodhocetus","Rodhocetus.2"
"35","Desmostylus_hesperus","Desmostylus_hesperus.1"
"36","Neusticosaurus","Neusticosaurus.1"
"37","Desmostylus_hesperus","Desmostylus_hesperus.2"
"38","Pistosaurus","Pistosaurus.1"
"39","Cryptoclidus","Cryptoclidus.1"
"40","Desmostylus_hesperus","Desmostylus_hesperus.3"
"41","Basilosaurus","Basilosaurus.1"
"42","Phocanella_pumila","Phocanella_pumila.1"
"43","Paraplacodus","Paraplacodus.3"
"44","Placodontia_indet_1","Placodontia_indet_1.4"
"45","Nothosaurus_150","Nothosaurus_150.1"
"46","Spinosaurus_","Spinosaurus_.1"
"47","Spinosaurus_","Spinosaurus_.2"
"48","Spinosaurus_","Spinosaurus_.3"
"49","Spinosaurus_","Spinosaurus_.4"
"50","Spinosaurus_","Spinosaurus_.5"
"51","Spinosaurus_","Spinosaurus_.6"
"52","Spinosaurus_","Spinosaurus_.7"
"53","Spinosaurus_","Spinosaurus_.8"
"54","Spinosaurus_","Spinosaurus_.9"
"55","Spinosaurus_","Spinosaurus_.10"
"56","Spinosaurus_","Spinosaurus_.11"
"57","Suchomimus","Suchomimus.1"
"58","Suchomimus","Suchomimus.2"
"59","Suchomimus","Suchomimus.3"
"60","Baryonyx","Baryonyx.1"
"61","Baryonyx","Baryonyx.2"
"62","Baryonyx","Baryonyx.3"
 
* Phylo tree and the main data and strata files have been modified to include duplicated taxa before the scaled random trees are generated.
* Selected categorical labels column: diving.or.not
* diving.or.equal column is identical to Diving column.
* Regression excludes flying taxa.
* Diving labels that are present in regression: 0,2
* lambda (calculated from a random tree) = : 0.06
* index-name alignment check: OK
