Logfile for a session of program: bootstrap_binary.r
-----------------------------------------------------
INPUT:
workDir: C:/dino_nature/output/2023-11-07-D1\bs/set_1370
Nbootstrapsets: 2000
phyloFDAfile: c:/dino_nature/code/phylo.fda.R
auxFile: c:/dino_nature/code/auxiliary.r
boneType: femur
regressionData.file: C:/dino_nature/output/2023-11-07-D1\bs/set_1370/femur_set_1370.csv
applyDataFilter: FALSE
addTreeTips: TRUE
Ntrees: 100
calculateTrees: TRUE
saveTrees: FALSE


OPERATIONAL CHECKS:
* Regression data contains multiple copies of some taxa (user added variants of existing test taxa 
   or replacements due to bootstrap are present) which are not in the phylo tree:
     original taxon,   duplicate   
"1","Myrmecophaga_tridactyla","Myrmecophaga_tridactyla.1"
"2","Pogona_viceps","Pogona_viceps.1"
"3","Capreolus_capreolus","Capreolus_capreolus.1"
"4","Megaloceros_sp","Megaloceros_sp.1"
"5","Rupicapra_rupicapra","Rupicapra_rupicapra.1"
"6","Bison_bonasus","Bison_bonasus.1"
"7","Apteryx_australis","Apteryx_australis.1"
"8","Rhinoceros_sondaicus","Rhinoceros_sondaicus.1"
"9","Dama_dama","Dama_dama.1"
"10","Euroscaptor_micrura","Euroscaptor_micrura.1"
"11","Alces_americanus","Alces_americanus.1"
"12","Rhinoceros_sondaicus","Rhinoceros_sondaicus.2"
"13","Alces_americanus","Alces_americanus.2"
"14","Tenrec_ecaudatus","Tenrec_ecaudatus.1"
"15","Atlantisia_rogersi","Atlantisia_rogersi.1"
"16","Strigiops_habroptilus","Strigiops_habroptilus.1"
"17","Dama_dama","Dama_dama.2"
"18","Rhinoceros_sondaicus","Rhinoceros_sondaicus.3"
"19","Rupicapra_rupicapra","Rupicapra_rupicapra.2"
"20","Small_Eocene_penguin","Small_Eocene_penguin.1"
"21","Remingtonocetus","Remingtonocetus.1"
"22","Nothosaurus_mirabilis","Nothosaurus_mirabilis.1"
"23","Metryorhynchus","Metryorhynchus.1"
"24","Rodhocetus","Rodhocetus.1"
"25","Alligator","Alligator.1"
"26","Desmostylus_hesperus","Desmostylus_hesperus.1"
"27","Desmostylus_hesperus","Desmostylus_hesperus.2"
"28","Phocanella_pumila","Phocanella_pumila.1"
"29","Cryptoclidus","Cryptoclidus.1"
"30","Nothosaurus_giganteus","Nothosaurus_giganteus.1"
"31","Nothosaurus_mirabilis","Nothosaurus_mirabilis.2"
"32","Cricosaurus","Cricosaurus.1"
"33","Rodhocetus","Rodhocetus.2"
"34","Paraplacodus","Paraplacodus.1"
"35","Hesperornis","Hesperornis.1"
"36","Rodhocetus","Rodhocetus.3"
"37","Hesperornis","Hesperornis.2"
"38","Metryorhynchus","Metryorhynchus.2"
"39","Simosaurus_1","Simosaurus_1.1"
"40","Otaria_byronia","Otaria_byronia.1"
"41","Simosaurus_1","Simosaurus_1.2"
"42","Spheniscus","Spheniscus.1"
"43","Spinosaurus_","Spinosaurus_.1"
"44","Spinosaurus_","Spinosaurus_.2"
"45","Spinosaurus_","Spinosaurus_.3"
"46","Spinosaurus_","Spinosaurus_.4"
"47","Spinosaurus_","Spinosaurus_.5"
"48","Spinosaurus_","Spinosaurus_.6"
"49","Spinosaurus_","Spinosaurus_.7"
"50","Spinosaurus_","Spinosaurus_.8"
"51","Spinosaurus_","Spinosaurus_.9"
"52","Spinosaurus_","Spinosaurus_.10"
"53","Spinosaurus_","Spinosaurus_.11"
"54","Suchomimus","Suchomimus.1"
"55","Suchomimus","Suchomimus.2"
"56","Suchomimus","Suchomimus.3"
"57","Baryonyx","Baryonyx.1"
"58","Baryonyx","Baryonyx.2"
"59","Baryonyx","Baryonyx.3"
 
* Phylo tree and the main data and strata files have been modified to include duplicated taxa before the scaled random trees are generated.
* Selected categorical labels column: diving.or.not
* diving.or.equal column is identical to Diving column.
* Regression excludes flying taxa.
* Diving labels that are present in regression: 0,2
* lambda (calculated from a random tree) = : 0.09
* index-name alignment check: OK
