Logfile for a session of program: bootstrap_binary.r
-----------------------------------------------------
INPUT:
workDir: C:/dino_nature/output/2023-11-07-D1\bs/set_1698
Nbootstrapsets: 2000
phyloFDAfile: c:/dino_nature/code/phylo.fda.R
auxFile: c:/dino_nature/code/auxiliary.r
boneType: femur
regressionData.file: C:/dino_nature/output/2023-11-07-D1\bs/set_1698/femur_set_1698.csv
applyDataFilter: FALSE
addTreeTips: TRUE
Ntrees: 100
calculateTrees: TRUE
saveTrees: FALSE


OPERATIONAL CHECKS:
* Regression data contains multiple copies of some taxa (user added variants of existing test taxa 
   or replacements due to bootstrap are present) which are not in the phylo tree:
     original taxon,   duplicate   
"1","Ceratotherium_simum","Ceratotherium_simum.1"
"2","Capreolus_capreolus","Capreolus_capreolus.1"
"3","Vulpes_vulpes","Vulpes_vulpes.1"
"4","Loxodonta_africana","Loxodonta_africana.1"
"5","Dama_dama","Dama_dama.1"
"6","Procyon_lotor","Procyon_lotor.1"
"7","Taxidea_taxus","Taxidea_taxus.1"
"8","Elomeryx_borbonicus_","Elomeryx_borbonicus_.1"
"9","Rupicapra_rupicapra","Rupicapra_rupicapra.1"
"10","Brachyodus_onoideum","Brachyodus_onoideum.1"
"11","Apteryx_australis","Apteryx_australis.1"
"12","Capreolus_capreolus","Capreolus_capreolus.2"
"13","Rangifer_tarandus","Rangifer_tarandus.1"
"14","Mustela_nivalis","Mustela_nivalis.1"
"15","Euroscaptor_micrura","Euroscaptor_micrura.1"
"16","Porphyrio_hochstetteri","Porphyrio_hochstetteri.1"
"17","Brachyodus_onoideum","Brachyodus_onoideum.2"
"18","Ceratotherium_simum","Ceratotherium_simum.2"
"19","Dama_dama","Dama_dama.2"
"20","Xenicus_giliventris","Xenicus_giliventris.1"
"21","Capreolus_capreolus","Capreolus_capreolus.3"
"22","Sus_scrofa","Sus_scrofa.1"
"23","Nothosaurus_150","Nothosaurus_150.1"
"24","Cryptoclidus","Cryptoclidus.1"
"25","Micropotamogale_euwenzorii","Micropotamogale_euwenzorii.1"
"26","Nothosaurus_102","Nothosaurus_102.1"
"27","Ornithorhynchus_anatinus","Ornithorhynchus_anatinus.1"
"28","Nothosaurus_mirabilis","Nothosaurus_mirabilis.1"
"29","Cryptoclidus","Cryptoclidus.2"
"30","Nothosaurus_568","Nothosaurus_568.1"
"31","Rhaeticosaurus","Rhaeticosaurus.1"
"32","Placondontia_indet","Placondontia_indet.1"
"33","Nothosaurus_568","Nothosaurus_568.2"
"34","Indohyus","Indohyus.1"
"35","Chironectes_minimus","Chironectes_minimus.1"
"36","Rodhocetus","Rodhocetus.1"
"37","Remingtonocetus","Remingtonocetus.1"
"38","Castor_fiber","Castor_fiber.1"
"39","Palaeospheniscus","Palaeospheniscus.1"
"40","Chironectes_minimus","Chironectes_minimus.2"
"41","Lutra_vulgaris","Lutra_vulgaris.1"
"42","Spinosaurus_","Spinosaurus_.1"
"43","Spinosaurus_","Spinosaurus_.2"
"44","Spinosaurus_","Spinosaurus_.3"
"45","Spinosaurus_","Spinosaurus_.4"
"46","Spinosaurus_","Spinosaurus_.5"
"47","Spinosaurus_","Spinosaurus_.6"
"48","Spinosaurus_","Spinosaurus_.7"
"49","Spinosaurus_","Spinosaurus_.8"
"50","Spinosaurus_","Spinosaurus_.9"
"51","Spinosaurus_","Spinosaurus_.10"
"52","Spinosaurus_","Spinosaurus_.11"
"53","Suchomimus","Suchomimus.1"
"54","Suchomimus","Suchomimus.2"
"55","Suchomimus","Suchomimus.3"
"56","Baryonyx","Baryonyx.1"
"57","Baryonyx","Baryonyx.2"
"58","Baryonyx","Baryonyx.3"
 
* Phylo tree and the main data and strata files have been modified to include duplicated taxa before the scaled random trees are generated.
* Selected categorical labels column: diving.or.not
* diving.or.equal column is identical to Diving column.
* Regression excludes flying taxa.
* Diving labels that are present in regression: 0,2
* lambda (calculated from a random tree) = : 0.06
* index-name alignment check: OK
