Logfile for a session of program: bootstrap_binary.r
-----------------------------------------------------
INPUT:
workDir: C:/dino_nature/output/2023-11-07-D1\bs/set_77
Nbootstrapsets: 2000
phyloFDAfile: c:/dino_nature/code/phylo.fda.R
auxFile: c:/dino_nature/code/auxiliary.r
boneType: femur
regressionData.file: C:/dino_nature/output/2023-11-07-D1\bs/set_77/femur_set_77.csv
applyDataFilter: FALSE
addTreeTips: TRUE
Ntrees: 100
calculateTrees: TRUE
saveTrees: FALSE


OPERATIONAL CHECKS:
* Regression data contains multiple copies of some taxa (user added variants of existing test taxa 
   or replacements due to bootstrap are present) which are not in the phylo tree:
     original taxon,   duplicate   
"1","Atlantisia_rogersi","Atlantisia_rogersi.1"
"2","Diplomesodon_pulchellum","Diplomesodon_pulchellum.1"
"3","Uncia_uncia","Uncia_uncia.1"
"4","Bison_bonasus","Bison_bonasus.1"
"5","Dasyurus_maculatus","Dasyurus_maculatus.1"
"6","Atlantisia_rogersi","Atlantisia_rogersi.2"
"7","Monodelphis_domestica","Monodelphis_domestica.1"
"8","Megaloceros_sp","Megaloceros_sp.1"
"9","Monodelphis_domestica","Monodelphis_domestica.2"
"10","Syncerus_caffer","Syncerus_caffer.1"
"11","Taxidea_taxus","Taxidea_taxus.1"
"12","Ceratotherium_simum","Ceratotherium_simum.1"
"13","Porphyrio_hochstetteri","Porphyrio_hochstetteri.1"
"14","Vulpes_vulpes","Vulpes_vulpes.1"
"15","Giraffa_camelopardalis","Giraffa_camelopardalis.1"
"16","Capreolus_capreolus","Capreolus_capreolus.1"
"17","Rhinoceros_sondaicus","Rhinoceros_sondaicus.1"
"18","Okapia_johnstoni","Okapia_johnstoni.1"
"19","Xenicus_giliventris","Xenicus_giliventris.1"
"20","Procavia_capensis","Procavia_capensis.1"
"21","Syncerus_caffer","Syncerus_caffer.2"
"22","Paraplacodus","Paraplacodus.1"
"23","Paraplacodus","Paraplacodus.2"
"24","Lutra_vulgaris","Lutra_vulgaris.1"
"25","Nanophoca_vitulinoides","Nanophoca_vitulinoides.1"
"26","Neusticosaurus","Neusticosaurus.1"
"27","Noemys_fodies","Noemys_fodies.1"
"28","Hydromys_chrysogaster","Hydromys_chrysogaster.1"
"29","Nanophoca_vitulinoides","Nanophoca_vitulinoides.2"
"30","Neusticosaurus","Neusticosaurus.2"
"31","Psephoderma","Psephoderma.1"
"32","Rodhocetus","Rodhocetus.1"
"33","Rodhocetus","Rodhocetus.2"
"34","Phalacrocorax_harrisi","Phalacrocorax_harrisi.1"
"35","Psephoderma","Psephoderma.2"
"36","Caiman_yacare","Caiman_yacare.1"
"37","Small_Eocene_penguin","Small_Eocene_penguin.1"
"38","Choeropsis_liberiensis","Choeropsis_liberiensis.1"
"39","Nanophoca_vitulinoides","Nanophoca_vitulinoides.3"
"40","Castor_fiber","Castor_fiber.1"
"41","Nothosaurus_102","Nothosaurus_102.1"
"42","Simosaurus","Simosaurus.1"
"43","Neusticosaurus","Neusticosaurus.3"
"44","Leptophoca_proxima","Leptophoca_proxima.1"
"45","Phalacrocorax_harrisi","Phalacrocorax_harrisi.2"
"46","Hydromys_chrysogaster","Hydromys_chrysogaster.2"
"47","Caiman_yacare","Caiman_yacare.2"
"48","Spinosaurus_","Spinosaurus_.1"
"49","Spinosaurus_","Spinosaurus_.2"
"50","Spinosaurus_","Spinosaurus_.3"
"51","Spinosaurus_","Spinosaurus_.4"
"52","Spinosaurus_","Spinosaurus_.5"
"53","Spinosaurus_","Spinosaurus_.6"
"54","Spinosaurus_","Spinosaurus_.7"
"55","Spinosaurus_","Spinosaurus_.8"
"56","Spinosaurus_","Spinosaurus_.9"
"57","Spinosaurus_","Spinosaurus_.10"
"58","Spinosaurus_","Spinosaurus_.11"
"59","Suchomimus","Suchomimus.1"
"60","Suchomimus","Suchomimus.2"
"61","Suchomimus","Suchomimus.3"
"62","Baryonyx","Baryonyx.1"
"63","Baryonyx","Baryonyx.2"
"64","Baryonyx","Baryonyx.3"
 
* Phylo tree and the main data and strata files have been modified to include duplicated taxa before the scaled random trees are generated.
* Selected categorical labels column: diving.or.not
* diving.or.equal column is identical to Diving column.
* Regression excludes flying taxa.
* Diving labels that are present in regression: 0,2
* lambda (calculated from a random tree) = : 0.07
* index-name alignment check: OK
