Logfile for a session of program: bootstrap_binary.r
-----------------------------------------------------
INPUT:
workDir: C:/dino_nature/output/2023-11-07-D1\bs/set_1832
Nbootstrapsets: 2000
phyloFDAfile: c:/dino_nature/code/phylo.fda.R
auxFile: c:/dino_nature/code/auxiliary.r
boneType: femur
regressionData.file: C:/dino_nature/output/2023-11-07-D1\bs/set_1832/femur_set_1832.csv
applyDataFilter: FALSE
addTreeTips: TRUE
Ntrees: 100
calculateTrees: TRUE
saveTrees: FALSE


OPERATIONAL CHECKS:
* Regression data contains multiple copies of some taxa (user added variants of existing test taxa 
   or replacements due to bootstrap are present) which are not in the phylo tree:
     original taxon,   duplicate   
"1","Apteryx_owenii_","Apteryx_owenii_.1"
"2","Lacerta_viridis","Lacerta_viridis.1"
"3","Rhinoceros_sondaicus","Rhinoceros_sondaicus.1"
"4","Rhynchocyon_petersi","Rhynchocyon_petersi.1"
"5","Vulpes_vulpes","Vulpes_vulpes.1"
"6","Rhynchocyon_petersi","Rhynchocyon_petersi.2"
"7","Xenicus_giliventris","Xenicus_giliventris.1"
"8","Apteryx_australis","Apteryx_australis.1"
"9","Dama_dama","Dama_dama.1"
"10","Elephas_maximus","Elephas_maximus.1"
"11","Caloenas_nicobarica","Caloenas_nicobarica.1"
"12","Nyctereutes_procyonoides","Nyctereutes_procyonoides.1"
"13","Bos_taurus","Bos_taurus.1"
"14","Tribonyx_mortieri","Tribonyx_mortieri.1"
"15","Syncerus_caffer","Syncerus_caffer.1"
"16","Nyctereutes_procyonoides","Nyctereutes_procyonoides.2"
"17","Dama_dama","Dama_dama.2"
"18","Dicerorhinus_sumatrensis","Dicerorhinus_sumatrensis.1"
"19","Basilosaurus","Basilosaurus.1"
"20","Plesiosaurus","Plesiosaurus.1"
"21","Hippopotamus_amphibius","Hippopotamus_amphibius.1"
"22","Basilosaurus","Basilosaurus.2"
"23","Nanophoca_vitulinoides","Nanophoca_vitulinoides.1"
"24","Paraplacodus","Paraplacodus.1"
"25","Aptenodytes______","Aptenodytes______.1"
"26","Paraplacodus","Paraplacodus.2"
"27","Desmana_moschata","Desmana_moschata.1"
"28","Protochampsidae","Protochampsidae.1"
"29","Simosaurus_1","Simosaurus_1.1"
"30","Aptenodytes______","Aptenodytes______.2"
"31","Hippopotamus_amphibius","Hippopotamus_amphibius.2"
"32","Plesiosaurus","Plesiosaurus.2"
"33","Chapsosaurus_","Chapsosaurus_.1"
"34","Noemys_fodies","Noemys_fodies.1"
"35","Desmana_moschata","Desmana_moschata.2"
"36","Ornithorhynchus_anatinus","Ornithorhynchus_anatinus.1"
"37","Serpianosaurus","Serpianosaurus.1"
"38","Placodontia_indet_1","Placodontia_indet_1.1"
"39","Hippopotamus_amphibius","Hippopotamus_amphibius.3"
"40","Spinosaurus_","Spinosaurus_.1"
"41","Spinosaurus_","Spinosaurus_.2"
"42","Spinosaurus_","Spinosaurus_.3"
"43","Spinosaurus_","Spinosaurus_.4"
"44","Spinosaurus_","Spinosaurus_.5"
"45","Spinosaurus_","Spinosaurus_.6"
"46","Spinosaurus_","Spinosaurus_.7"
"47","Spinosaurus_","Spinosaurus_.8"
"48","Spinosaurus_","Spinosaurus_.9"
"49","Spinosaurus_","Spinosaurus_.10"
"50","Spinosaurus_","Spinosaurus_.11"
"51","Suchomimus","Suchomimus.1"
"52","Suchomimus","Suchomimus.2"
"53","Suchomimus","Suchomimus.3"
"54","Baryonyx","Baryonyx.1"
"55","Baryonyx","Baryonyx.2"
"56","Baryonyx","Baryonyx.3"
 
* Phylo tree and the main data and strata files have been modified to include duplicated taxa before the scaled random trees are generated.
* Selected categorical labels column: diving.or.not
* diving.or.equal column is identical to Diving column.
* Regression excludes flying taxa.
* Diving labels that are present in regression: 0,2
* lambda (calculated from a random tree) = : 0.11
* index-name alignment check: OK
