Logfile for a session of program: bootstrap_binary.r
-----------------------------------------------------
INPUT:
workDir: C:/dino_nature/output/2023-11-07-D1\bs/set_1080
Nbootstrapsets: 2000
phyloFDAfile: c:/dino_nature/code/phylo.fda.R
auxFile: c:/dino_nature/code/auxiliary.r
boneType: femur
regressionData.file: C:/dino_nature/output/2023-11-07-D1\bs/set_1080/femur_set_1080.csv
applyDataFilter: FALSE
addTreeTips: TRUE
Ntrees: 100
calculateTrees: TRUE
saveTrees: FALSE


OPERATIONAL CHECKS:
* Regression data contains multiple copies of some taxa (user added variants of existing test taxa 
   or replacements due to bootstrap are present) which are not in the phylo tree:
     original taxon,   duplicate   
"1","Dicerorhinus_sumatrensis","Dicerorhinus_sumatrensis.1"
"2","Rynochetus_jubatus","Rynochetus_jubatus.1"
"3","Giraffa_camelopardalis","Giraffa_camelopardalis.1"
"4","Cephalophus_silvicultor","Cephalophus_silvicultor.1"
"5","Loxodonta_africana","Loxodonta_africana.1"
"6","Rupicapra_rupicapra","Rupicapra_rupicapra.1"
"7","Rynochetus_jubatus","Rynochetus_jubatus.2"
"8","Ceratotherium_simum","Ceratotherium_simum.1"
"9","Capreolus_capreolus","Capreolus_capreolus.1"
"10","Ceratotherium_simum","Ceratotherium_simum.2"
"11","Apteryx_australis","Apteryx_australis.1"
"12","Rhinoceros_sondaicus","Rhinoceros_sondaicus.1"
"13","Caloenas_nicobarica","Caloenas_nicobarica.1"
"14","Capreolus_capreolus","Capreolus_capreolus.2"
"15","Myrmecophaga_tridactyla","Myrmecophaga_tridactyla.1"
"16","Caloenas_nicobarica","Caloenas_nicobarica.2"
"17","Mammuthus_sp","Mammuthus_sp.1"
"18","Bison_bonasus","Bison_bonasus.1"
"19","Tenrec_ecaudatus","Tenrec_ecaudatus.1"
"20","Desmana_moschata","Desmana_moschata.1"
"21","Leptophoca_proxima","Leptophoca_proxima.1"
"22","Castor_fiber","Castor_fiber.1"
"23","Nothosaurus_mirabilis","Nothosaurus_mirabilis.1"
"24","Phocanella_pumila","Phocanella_pumila.1"
"25","Micropotamogale_euwenzorii","Micropotamogale_euwenzorii.1"
"26","Paraplacodus","Paraplacodus.1"
"27","Paraplacodus","Paraplacodus.2"
"28","Ornithorhynchus_anatinus","Ornithorhynchus_anatinus.1"
"29","Micropotamogale_euwenzorii","Micropotamogale_euwenzorii.2"
"30","Paraplacodus","Paraplacodus.3"
"31","Paraplacodus","Paraplacodus.4"
"32","Nothosaurus_568","Nothosaurus_568.1"
"33","Cryptoclidus","Cryptoclidus.1"
"34","Aptenodytes______","Aptenodytes______.1"
"35","Noemys_fodies","Noemys_fodies.1"
"36","Plesiosaurus","Plesiosaurus.1"
"37","Chapsosaurus_","Chapsosaurus_.1"
"38","Desmana_moschata","Desmana_moschata.2"
"39","Nothosaurus_568","Nothosaurus_568.2"
"40","Indohyus","Indohyus.1"
"41","Nothosaurus_568","Nothosaurus_568.3"
"42","Chapsosaurus_","Chapsosaurus_.2"
"43","Nothosaurus_mirabilis_1","Nothosaurus_mirabilis_1.1"
"44","Spinosaurus_","Spinosaurus_.1"
"45","Spinosaurus_","Spinosaurus_.2"
"46","Spinosaurus_","Spinosaurus_.3"
"47","Spinosaurus_","Spinosaurus_.4"
"48","Spinosaurus_","Spinosaurus_.5"
"49","Spinosaurus_","Spinosaurus_.6"
"50","Spinosaurus_","Spinosaurus_.7"
"51","Spinosaurus_","Spinosaurus_.8"
"52","Spinosaurus_","Spinosaurus_.9"
"53","Spinosaurus_","Spinosaurus_.10"
"54","Spinosaurus_","Spinosaurus_.11"
"55","Suchomimus","Suchomimus.1"
"56","Suchomimus","Suchomimus.2"
"57","Suchomimus","Suchomimus.3"
"58","Baryonyx","Baryonyx.1"
"59","Baryonyx","Baryonyx.2"
"60","Baryonyx","Baryonyx.3"
 
* Phylo tree and the main data and strata files have been modified to include duplicated taxa before the scaled random trees are generated.
* Selected categorical labels column: diving.or.not
* diving.or.equal column is identical to Diving column.
* Regression excludes flying taxa.
* Diving labels that are present in regression: 0,2
* lambda (calculated from a random tree) = : 0.1
* index-name alignment check: OK
