Logfile for a session of program: bootstrap_binary.r
-----------------------------------------------------
INPUT:
workDir: C:/dino_nature/output/2023-11-07-D1\bs/set_346
Nbootstrapsets: 2000
phyloFDAfile: c:/dino_nature/code/phylo.fda.R
auxFile: c:/dino_nature/code/auxiliary.r
boneType: femur
regressionData.file: C:/dino_nature/output/2023-11-07-D1\bs/set_346/femur_set_346.csv
applyDataFilter: FALSE
addTreeTips: TRUE
Ntrees: 100
calculateTrees: TRUE
saveTrees: FALSE


OPERATIONAL CHECKS:
* Regression data contains multiple copies of some taxa (user added variants of existing test taxa 
   or replacements due to bootstrap are present) which are not in the phylo tree:
     original taxon,   duplicate   
"1","Hemiechinus_azurites","Hemiechinus_azurites.1"
"2","Rhynchocyon_petersi","Rhynchocyon_petersi.1"
"3","Mus_musculus","Mus_musculus.1"
"4","Diplomesodon_pulchellum","Diplomesodon_pulchellum.1"
"5","Mustela_nivalis","Mustela_nivalis.1"
"6","Loxodonta_africana","Loxodonta_africana.1"
"7","Elephas_maximus","Elephas_maximus.1"
"8","Okapia_johnstoni","Okapia_johnstoni.1"
"9","Mustela_nivalis","Mustela_nivalis.2"
"10","Atlantisia_rogersi","Atlantisia_rogersi.1"
"11","Dasyurus_maculatus","Dasyurus_maculatus.1"
"12","Euroscaptor_micrura","Euroscaptor_micrura.1"
"13","Dasyurus_maculatus","Dasyurus_maculatus.2"
"14","Dama_dama","Dama_dama.1"
"15","Rhynchocyon_petersi","Rhynchocyon_petersi.2"
"16","Tribonyx_mortieri","Tribonyx_mortieri.1"
"17","Uncia_uncia","Uncia_uncia.1"
"18","Nyctereutes_procyonoides","Nyctereutes_procyonoides.1"
"19","Ceratotherium_simum","Ceratotherium_simum.1"
"20","Atlantisia_rogersi","Atlantisia_rogersi.2"
"21","Phocanella_pumila","Phocanella_pumila.1"
"22","Spheniscus","Spheniscus.1"
"23","Choeropsis_liberiensis","Choeropsis_liberiensis.1"
"24","Nothosaurus_giganteus","Nothosaurus_giganteus.1"
"25","Phocanella_pumila","Phocanella_pumila.2"
"26","Nothosaurus_giganteus","Nothosaurus_giganteus.2"
"27","Desmana_moschata","Desmana_moschata.1"
"28","Psephoderma","Psephoderma.1"
"29","Serpianosaurus","Serpianosaurus.1"
"30","Palaeospheniscus","Palaeospheniscus.1"
"31","Ichtyosaurus_","Ichtyosaurus_.1"
"32","Maiacetus","Maiacetus.1"
"33","Cryptoclidus","Cryptoclidus.1"
"34","Lutra_vulgaris","Lutra_vulgaris.1"
"35","Lutra_vulgaris","Lutra_vulgaris.2"
"36","Desmana_moschata","Desmana_moschata.2"
"37","Tapirus_terrestris","Tapirus_terrestris.1"
"38","Desmana_moschata","Desmana_moschata.3"
"39","Basilosaurus","Basilosaurus.1"
"40","Spheniscus","Spheniscus.2"
"41","Champsosaurus","Champsosaurus.1"
"42","Ichtyosaurus_","Ichtyosaurus_.2"
"43","Nothosaurus_150","Nothosaurus_150.1"
"44","Cryptoclidus","Cryptoclidus.2"
"45","Spinosaurus_","Spinosaurus_.1"
"46","Spinosaurus_","Spinosaurus_.2"
"47","Spinosaurus_","Spinosaurus_.3"
"48","Spinosaurus_","Spinosaurus_.4"
"49","Spinosaurus_","Spinosaurus_.5"
"50","Spinosaurus_","Spinosaurus_.6"
"51","Spinosaurus_","Spinosaurus_.7"
"52","Spinosaurus_","Spinosaurus_.8"
"53","Spinosaurus_","Spinosaurus_.9"
"54","Spinosaurus_","Spinosaurus_.10"
"55","Spinosaurus_","Spinosaurus_.11"
"56","Suchomimus","Suchomimus.1"
"57","Suchomimus","Suchomimus.2"
"58","Suchomimus","Suchomimus.3"
"59","Baryonyx","Baryonyx.1"
"60","Baryonyx","Baryonyx.2"
"61","Baryonyx","Baryonyx.3"
 
* Phylo tree and the main data and strata files have been modified to include duplicated taxa before the scaled random trees are generated.
* Selected categorical labels column: diving.or.not
* diving.or.equal column is identical to Diving column.
* Regression excludes flying taxa.
* Diving labels that are present in regression: 0,2
* lambda (calculated from a random tree) = : 0.13
* index-name alignment check: OK
