Logfile for a session of program: bootstrap_binary.r
-----------------------------------------------------
INPUT:
workDir: C:/dino_nature/output/2023-11-07-D1\bs/set_1234
Nbootstrapsets: 2000
phyloFDAfile: c:/dino_nature/code/phylo.fda.R
auxFile: c:/dino_nature/code/auxiliary.r
boneType: femur
regressionData.file: C:/dino_nature/output/2023-11-07-D1\bs/set_1234/femur_set_1234.csv
applyDataFilter: FALSE
addTreeTips: TRUE
Ntrees: 100
calculateTrees: TRUE
saveTrees: FALSE


OPERATIONAL CHECKS:
* Regression data contains multiple copies of some taxa (user added variants of existing test taxa 
   or replacements due to bootstrap are present) which are not in the phylo tree:
     original taxon,   duplicate   
"1","Rangifer_tarandus","Rangifer_tarandus.1"
"2","Xenicus_giliventris","Xenicus_giliventris.1"
"3","Monodelphis_domestica","Monodelphis_domestica.1"
"4","Paguma_larvata","Paguma_larvata.1"
"5","Sphenodon_punctatus","Sphenodon_punctatus.1"
"6","Paguma_larvata","Paguma_larvata.2"
"7","Mus_musculus","Mus_musculus.1"
"8","Cephalophus_silvicultor","Cephalophus_silvicultor.1"
"9","Procavia_capensis","Procavia_capensis.1"
"10","Loxodonta_africana","Loxodonta_africana.1"
"11","Felis_felis","Felis_felis.1"
"12","Taxidea_taxus","Taxidea_taxus.1"
"13","Giraffa_camelopardalis","Giraffa_camelopardalis.1"
"14","Rhynchocyon_petersi","Rhynchocyon_petersi.1"
"15","Giraffa_camelopardalis","Giraffa_camelopardalis.2"
"16","Felis_felis","Felis_felis.2"
"17","Tenrec_ecaudatus","Tenrec_ecaudatus.1"
"18","Taxidea_taxus","Taxidea_taxus.2"
"19","Monodelphis_domestica","Monodelphis_domestica.2"
"20","Dasyurus_maculatus","Dasyurus_maculatus.1"
"21","Raphus","Raphus.1"
"22","Rhynchocyon_petersi","Rhynchocyon_petersi.2"
"23","Pogona_viceps","Pogona_viceps.1"
"24","Mus_musculus","Mus_musculus.2"
"25","Nyctereutes_procyonoides","Nyctereutes_procyonoides.1"
"26","Giraffa_camelopardalis","Giraffa_camelopardalis.3"
"27","Nanophoca_vitulinoides","Nanophoca_vitulinoides.1"
"28","Nothosaurus_mirabilis","Nothosaurus_mirabilis.1"
"29","Nothosaurus_giganteus","Nothosaurus_giganteus.1"
"30","Remingtonocetus","Remingtonocetus.1"
"31","Nothosaurus_mirabilis","Nothosaurus_mirabilis.2"
"32","Aptenodytes______","Aptenodytes______.1"
"33","Otaria_byronia","Otaria_byronia.1"
"34","Ornithorhynchus_anatinus","Ornithorhynchus_anatinus.1"
"35","Alligator","Alligator.1"
"36","Phalacrocorax_harrisi","Phalacrocorax_harrisi.1"
"37","Remingtonocetus","Remingtonocetus.2"
"38","Ichtyosaurus_","Ichtyosaurus_.1"
"39","Lutra_vulgaris","Lutra_vulgaris.1"
"40","Spheniscus","Spheniscus.1"
"41","Paraplacodus","Paraplacodus.1"
"42","Neusticosaurus","Neusticosaurus.1"
"43","Remingtonocetus","Remingtonocetus.3"
"44","Otaria_byronia","Otaria_byronia.2"
"45","Maiacetus","Maiacetus.1"
"46","Otaria_byronia","Otaria_byronia.3"
"47","Phalacrocorax_harrisi","Phalacrocorax_harrisi.2"
"48","Hippopotamus_amphibius","Hippopotamus_amphibius.1"
"49","Spinosaurus_","Spinosaurus_.1"
"50","Spinosaurus_","Spinosaurus_.2"
"51","Spinosaurus_","Spinosaurus_.3"
"52","Spinosaurus_","Spinosaurus_.4"
"53","Spinosaurus_","Spinosaurus_.5"
"54","Spinosaurus_","Spinosaurus_.6"
"55","Spinosaurus_","Spinosaurus_.7"
"56","Spinosaurus_","Spinosaurus_.8"
"57","Spinosaurus_","Spinosaurus_.9"
"58","Spinosaurus_","Spinosaurus_.10"
"59","Spinosaurus_","Spinosaurus_.11"
"60","Suchomimus","Suchomimus.1"
"61","Suchomimus","Suchomimus.2"
"62","Suchomimus","Suchomimus.3"
"63","Baryonyx","Baryonyx.1"
"64","Baryonyx","Baryonyx.2"
"65","Baryonyx","Baryonyx.3"
 
* Phylo tree and the main data and strata files have been modified to include duplicated taxa before the scaled random trees are generated.
* Selected categorical labels column: diving.or.not
* diving.or.equal column is identical to Diving column.
* Regression excludes flying taxa.
* Diving labels that are present in regression: 0,2
* lambda (calculated from a random tree) = : 0.11
* index-name alignment check: OK
