Logfile for a session of program: bootstrap_binary.r
-----------------------------------------------------
INPUT:
workDir: C:/dino_nature/output/2023-11-07-D1\bs/set_1471
Nbootstrapsets: 2000
phyloFDAfile: c:/dino_nature/code/phylo.fda.R
auxFile: c:/dino_nature/code/auxiliary.r
boneType: femur
regressionData.file: C:/dino_nature/output/2023-11-07-D1\bs/set_1471/femur_set_1471.csv
applyDataFilter: FALSE
addTreeTips: TRUE
Ntrees: 100
calculateTrees: TRUE
saveTrees: FALSE


OPERATIONAL CHECKS:
* Regression data contains multiple copies of some taxa (user added variants of existing test taxa 
   or replacements due to bootstrap are present) which are not in the phylo tree:
     original taxon,   duplicate   
"1","Paguma_larvata","Paguma_larvata.1"
"2","Euroscaptor_micrura","Euroscaptor_micrura.1"
"3","Microgale_thomasi","Microgale_thomasi.1"
"4","Paguma_larvata","Paguma_larvata.2"
"5","Diplomesodon_pulchellum","Diplomesodon_pulchellum.1"
"6","Vulpes_vulpes","Vulpes_vulpes.1"
"7","Microgale_thomasi","Microgale_thomasi.2"
"8","Porphyrio_hochstetteri","Porphyrio_hochstetteri.1"
"9","Dasyurus_maculatus","Dasyurus_maculatus.1"
"10","Hemiechinus_azurites","Hemiechinus_azurites.1"
"11","Microgale_thomasi","Microgale_thomasi.3"
"12","Hemiechinus_azurites","Hemiechinus_azurites.2"
"13","Apteryx_australis","Apteryx_australis.1"
"14","Ceratotherium_simum","Ceratotherium_simum.1"
"15","Mammuthus_sp","Mammuthus_sp.1"
"16","Dicerorhinus_sumatrensis","Dicerorhinus_sumatrensis.1"
"17","Dromaius_","Dromaius_.1"
"18","Myrmecophaga_tridactyla","Myrmecophaga_tridactyla.1"
"19","Syncerus_caffer","Syncerus_caffer.1"
"20","Procyon_lotor","Procyon_lotor.1"
"21","Vulpes_vulpes","Vulpes_vulpes.2"
"22","Apteryx_australis","Apteryx_australis.2"
"23","large_eocene_stem_penguin","large_eocene_stem_penguin.1"
"24","large_eocene_stem_penguin","large_eocene_stem_penguin.2"
"25","Desmana_moschata","Desmana_moschata.1"
"26","Hippopotamus_amphibius","Hippopotamus_amphibius.1"
"27","Tapirus_terrestris","Tapirus_terrestris.1"
"28","Small_Eocene_penguin","Small_Eocene_penguin.1"
"29","large_eocene_stem_penguin","large_eocene_stem_penguin.3"
"30","Nanophoca_vitulinoides","Nanophoca_vitulinoides.1"
"31","Lutra_vulgaris","Lutra_vulgaris.1"
"32","Maiacetus","Maiacetus.1"
"33","Nanophoca_vitulinoides","Nanophoca_vitulinoides.2"
"34","Hydromys_chrysogaster","Hydromys_chrysogaster.1"
"35","Chapsosaurus_","Chapsosaurus_.1"
"36","Champsosaurus","Champsosaurus.1"
"37","Simosaurus_1","Simosaurus_1.1"
"38","Maiacetus","Maiacetus.2"
"39","Chapsosaurus_","Chapsosaurus_.2"
"40","Protochampsidae","Protochampsidae.1"
"41","Caiman_yacare","Caiman_yacare.1"
"42","Cryptoclidus","Cryptoclidus.1"
"43","Desmostylus_hesperus","Desmostylus_hesperus.1"
"44","Phalacrocorax_harrisi","Phalacrocorax_harrisi.1"
"45","Small_Eocene_penguin","Small_Eocene_penguin.2"
"46","Nanophoca_vitulinoides","Nanophoca_vitulinoides.3"
"47","Small_Eocene_penguin","Small_Eocene_penguin.3"
"48","Spinosaurus_","Spinosaurus_.1"
"49","Spinosaurus_","Spinosaurus_.2"
"50","Spinosaurus_","Spinosaurus_.3"
"51","Spinosaurus_","Spinosaurus_.4"
"52","Spinosaurus_","Spinosaurus_.5"
"53","Spinosaurus_","Spinosaurus_.6"
"54","Spinosaurus_","Spinosaurus_.7"
"55","Spinosaurus_","Spinosaurus_.8"
"56","Spinosaurus_","Spinosaurus_.9"
"57","Spinosaurus_","Spinosaurus_.10"
"58","Spinosaurus_","Spinosaurus_.11"
"59","Suchomimus","Suchomimus.1"
"60","Suchomimus","Suchomimus.2"
"61","Suchomimus","Suchomimus.3"
"62","Baryonyx","Baryonyx.1"
"63","Baryonyx","Baryonyx.2"
"64","Baryonyx","Baryonyx.3"
 
* Phylo tree and the main data and strata files have been modified to include duplicated taxa before the scaled random trees are generated.
* Selected categorical labels column: diving.or.not
* diving.or.equal column is identical to Diving column.
* Regression excludes flying taxa.
* Diving labels that are present in regression: 0,2
* lambda (calculated from a random tree) = : 0.09
* index-name alignment check: OK
