Logfile for a session of program: bootstrap_binary.r
-----------------------------------------------------
INPUT:
workDir: C:/dino_nature/output/2023-11-07-D1\bs/set_1791
Nbootstrapsets: 2000
phyloFDAfile: c:/dino_nature/code/phylo.fda.R
auxFile: c:/dino_nature/code/auxiliary.r
boneType: femur
regressionData.file: C:/dino_nature/output/2023-11-07-D1\bs/set_1791/femur_set_1791.csv
applyDataFilter: FALSE
addTreeTips: TRUE
Ntrees: 100
calculateTrees: TRUE
saveTrees: FALSE


OPERATIONAL CHECKS:
* Regression data contains multiple copies of some taxa (user added variants of existing test taxa 
   or replacements due to bootstrap are present) which are not in the phylo tree:
     original taxon,   duplicate   
"1","Paguma_larvata","Paguma_larvata.1"
"2","Hemiechinus_azurites","Hemiechinus_azurites.1"
"3","Syncerus_caffer","Syncerus_caffer.1"
"4","Myrmecophaga_tridactyla","Myrmecophaga_tridactyla.1"
"5","Xenicus_giliventris","Xenicus_giliventris.1"
"6","Bos_taurus","Bos_taurus.1"
"7","Nyctereutes_procyonoides","Nyctereutes_procyonoides.1"
"8","Dasyurus_maculatus","Dasyurus_maculatus.1"
"9","Myrmecophaga_tridactyla","Myrmecophaga_tridactyla.2"
"10","Monodelphis_domestica","Monodelphis_domestica.1"
"11","Monodelphis_domestica","Monodelphis_domestica.2"
"12","Raphus","Raphus.1"
"13","Rangifer_tarandus","Rangifer_tarandus.1"
"14","Tamandua_tetradactyla","Tamandua_tetradactyla.1"
"15","Xenicus_giliventris","Xenicus_giliventris.2"
"16","Atlantisia_rogersi","Atlantisia_rogersi.1"
"17","Elephas_maximus","Elephas_maximus.1"
"18","Tenrec_ecaudatus","Tenrec_ecaudatus.1"
"19","Raphus","Raphus.2"
"20","Atlantisia_rogersi","Atlantisia_rogersi.2"
"21","Porphyrio_hochstetteri","Porphyrio_hochstetteri.1"
"22","Rangifer_tarandus","Rangifer_tarandus.2"
"23","large_eocene_stem_penguin","large_eocene_stem_penguin.1"
"24","Pistosaurus","Pistosaurus.1"
"25","Phalacrocorax_harrisi","Phalacrocorax_harrisi.1"
"26","Nothosaurus_giganteus","Nothosaurus_giganteus.1"
"27","Chapsosaurus_","Chapsosaurus_.1"
"28","Remingtonocetus","Remingtonocetus.1"
"29","Phalacrocorax_harrisi","Phalacrocorax_harrisi.2"
"30","Nothosaurus_giganteus","Nothosaurus_giganteus.2"
"31","Serpianosaurus","Serpianosaurus.1"
"32","Remingtonocetus","Remingtonocetus.2"
"33","Desmana_moschata","Desmana_moschata.1"
"34","Simosaurus","Simosaurus.1"
"35","Remingtonocetus","Remingtonocetus.3"
"36","Palaeospheniscus","Palaeospheniscus.1"
"37","Nothosaurus_giganteus","Nothosaurus_giganteus.3"
"38","Cricosaurus","Cricosaurus.1"
"39","Indohyus","Indohyus.1"
"40","Desmana_moschata","Desmana_moschata.2"
"41","Rodhocetus","Rodhocetus.1"
"42","Psephoderma","Psephoderma.1"
"43","Desmana_moschata","Desmana_moschata.3"
"44","Psephoderma","Psephoderma.2"
"45","Otaria_byronia","Otaria_byronia.1"
"46","Nothosaurus_giganteus","Nothosaurus_giganteus.4"
"47","Spinosaurus_","Spinosaurus_.1"
"48","Spinosaurus_","Spinosaurus_.2"
"49","Spinosaurus_","Spinosaurus_.3"
"50","Spinosaurus_","Spinosaurus_.4"
"51","Spinosaurus_","Spinosaurus_.5"
"52","Spinosaurus_","Spinosaurus_.6"
"53","Spinosaurus_","Spinosaurus_.7"
"54","Spinosaurus_","Spinosaurus_.8"
"55","Spinosaurus_","Spinosaurus_.9"
"56","Spinosaurus_","Spinosaurus_.10"
"57","Spinosaurus_","Spinosaurus_.11"
"58","Suchomimus","Suchomimus.1"
"59","Suchomimus","Suchomimus.2"
"60","Suchomimus","Suchomimus.3"
"61","Baryonyx","Baryonyx.1"
"62","Baryonyx","Baryonyx.2"
"63","Baryonyx","Baryonyx.3"
 
* Phylo tree and the main data and strata files have been modified to include duplicated taxa before the scaled random trees are generated.
* Selected categorical labels column: diving.or.not
* diving.or.equal column is identical to Diving column.
* Regression excludes flying taxa.
* Diving labels that are present in regression: 0,2
* lambda (calculated from a random tree) = : 0.12
* index-name alignment check: OK
