Logfile for a session of program: bootstrap_binary.r
-----------------------------------------------------
INPUT:
workDir: C:/dino_nature/output/2023-11-07-D1\bs/set_123
Nbootstrapsets: 2000
phyloFDAfile: c:/dino_nature/code/phylo.fda.R
auxFile: c:/dino_nature/code/auxiliary.r
boneType: femur
regressionData.file: C:/dino_nature/output/2023-11-07-D1\bs/set_123/femur_set_123.csv
applyDataFilter: FALSE
addTreeTips: TRUE
Ntrees: 100
calculateTrees: TRUE
saveTrees: FALSE


OPERATIONAL CHECKS:
* Regression data contains multiple copies of some taxa (user added variants of existing test taxa 
   or replacements due to bootstrap are present) which are not in the phylo tree:
     original taxon,   duplicate   
"1","Bison_bonasus","Bison_bonasus.1"
"2","Mammuthus_sp","Mammuthus_sp.1"
"3","Paguma_larvata","Paguma_larvata.1"
"4","Taxidea_taxus","Taxidea_taxus.1"
"5","Procyon_lotor","Procyon_lotor.1"
"6","Tamandua_tetradactyla","Tamandua_tetradactyla.1"
"7","Raphus","Raphus.1"
"8","Bison_bonasus","Bison_bonasus.2"
"9","Bison_bonasus","Bison_bonasus.3"
"10","Capreolus_capreolus","Capreolus_capreolus.1"
"11","Elomeryx_borbonicus_","Elomeryx_borbonicus_.1"
"12","Paguma_larvata","Paguma_larvata.2"
"13","Elomeryx_borbonicus_","Elomeryx_borbonicus_.2"
"14","Bos_taurus","Bos_taurus.1"
"15","Microgale_thomasi","Microgale_thomasi.1"
"16","Meles_meles","Meles_meles.1"
"17","Lama_guanicoe","Lama_guanicoe.1"
"18","Meles_meles","Meles_meles.2"
"19","Vulpes_vulpes","Vulpes_vulpes.1"
"20","Vulpes_vulpes","Vulpes_vulpes.2"
"21","Plesiosaurus","Plesiosaurus.1"
"22","Otaria_byronia","Otaria_byronia.1"
"23","Simosaurus","Simosaurus.1"
"24","Nothosaurus_102","Nothosaurus_102.1"
"25","Placodontia_indet_1","Placodontia_indet_1.1"
"26","Indohyus","Indohyus.1"
"27","Placondontia_indet","Placondontia_indet.1"
"28","Hippopotamus_amphibius","Hippopotamus_amphibius.1"
"29","Maiacetus","Maiacetus.1"
"30","Nothosaurus_mirabilis","Nothosaurus_mirabilis.1"
"31","Anarosaurus","Anarosaurus.1"
"32","Maiacetus","Maiacetus.2"
"33","Palaeospheniscus","Palaeospheniscus.1"
"34","Nothosaurus_mirabilis_1","Nothosaurus_mirabilis_1.1"
"35","Phalacrocorax_harrisi","Phalacrocorax_harrisi.1"
"36","Nothosaurus_102","Nothosaurus_102.2"
"37","Desmostylus_hesperus","Desmostylus_hesperus.1"
"38","Nanophoca_vitulinoides","Nanophoca_vitulinoides.1"
"39","Indohyus","Indohyus.2"
"40","Dyrosaurid","Dyrosaurid.1"
"41","Micropotamogale_euwenzorii","Micropotamogale_euwenzorii.1"
"42","Nothosaurus_150","Nothosaurus_150.1"
"43","Palaeospheniscus","Palaeospheniscus.2"
"44","Spinosaurus_","Spinosaurus_.1"
"45","Spinosaurus_","Spinosaurus_.2"
"46","Spinosaurus_","Spinosaurus_.3"
"47","Spinosaurus_","Spinosaurus_.4"
"48","Spinosaurus_","Spinosaurus_.5"
"49","Spinosaurus_","Spinosaurus_.6"
"50","Spinosaurus_","Spinosaurus_.7"
"51","Spinosaurus_","Spinosaurus_.8"
"52","Spinosaurus_","Spinosaurus_.9"
"53","Spinosaurus_","Spinosaurus_.10"
"54","Spinosaurus_","Spinosaurus_.11"
"55","Suchomimus","Suchomimus.1"
"56","Suchomimus","Suchomimus.2"
"57","Suchomimus","Suchomimus.3"
"58","Baryonyx","Baryonyx.1"
"59","Baryonyx","Baryonyx.2"
"60","Baryonyx","Baryonyx.3"
 
* Phylo tree and the main data and strata files have been modified to include duplicated taxa before the scaled random trees are generated.
* Selected categorical labels column: diving.or.not
* diving.or.equal column is identical to Diving column.
* Regression excludes flying taxa.
* Diving labels that are present in regression: 0,2
* lambda (calculated from a random tree) = : 0.08
* index-name alignment check: OK
