Logfile for a session of program: bootstrap_binary.r
-----------------------------------------------------
INPUT:
workDir: C:/dino_nature/output/2023-11-07-D1\bs/set_856
Nbootstrapsets: 2000
phyloFDAfile: c:/dino_nature/code/phylo.fda.R
auxFile: c:/dino_nature/code/auxiliary.r
boneType: femur
regressionData.file: C:/dino_nature/output/2023-11-07-D1\bs/set_856/femur_set_856.csv
applyDataFilter: FALSE
addTreeTips: TRUE
Ntrees: 100
calculateTrees: TRUE
saveTrees: FALSE


OPERATIONAL CHECKS:
* Regression data contains multiple copies of some taxa (user added variants of existing test taxa 
   or replacements due to bootstrap are present) which are not in the phylo tree:
     original taxon,   duplicate   
"1","Myrmecophaga_tridactyla","Myrmecophaga_tridactyla.1"
"2","Bos_taurus","Bos_taurus.1"
"3","Dama_dama","Dama_dama.1"
"4","Nyctereutes_procyonoides","Nyctereutes_procyonoides.1"
"5","Tribonyx_mortieri","Tribonyx_mortieri.1"
"6","Monodelphis_domestica","Monodelphis_domestica.1"
"7","Lacerta_viridis","Lacerta_viridis.1"
"8","Dama_dama","Dama_dama.2"
"9","Meles_meles","Meles_meles.1"
"10","Meles_meles","Meles_meles.2"
"11","Rattus_rattus","Rattus_rattus.1"
"12","Felis_felis","Felis_felis.1"
"13","Bos_taurus","Bos_taurus.2"
"14","Nyctereutes_procyonoides","Nyctereutes_procyonoides.2"
"15","Caloenas_nicobarica","Caloenas_nicobarica.1"
"16","Atlantisia_rogersi","Atlantisia_rogersi.1"
"17","Nyctereutes_procyonoides","Nyctereutes_procyonoides.3"
"18","Sus_scrofa","Sus_scrofa.1"
"19","Rhynchocyon_petersi","Rhynchocyon_petersi.1"
"20","Felis_felis","Felis_felis.2"
"21","Placodontia_indet_1","Placodontia_indet_1.1"
"22","Hippopotamus_amphibius","Hippopotamus_amphibius.1"
"23","Tapirus_terrestris","Tapirus_terrestris.1"
"24","Indohyus","Indohyus.1"
"25","Tapirus_terrestris","Tapirus_terrestris.2"
"26","Caiman_yacare","Caiman_yacare.1"
"27","Tapirus_terrestris","Tapirus_terrestris.3"
"28","Paraplacodus","Paraplacodus.1"
"29","large_eocene_stem_penguin","large_eocene_stem_penguin.1"
"30","large_eocene_stem_penguin","large_eocene_stem_penguin.2"
"31","Plesiosaurus","Plesiosaurus.1"
"32","Serpianosaurus","Serpianosaurus.1"
"33","Champsosaurus","Champsosaurus.1"
"34","Cricosaurus","Cricosaurus.1"
"35","Phalacrocorax_harrisi","Phalacrocorax_harrisi.1"
"36","Paraplacodus","Paraplacodus.2"
"37","Champsosaurus","Champsosaurus.2"
"38","Caiman_yacare","Caiman_yacare.2"
"39","Basilosaurus","Basilosaurus.1"
"40","Aptenodytes______","Aptenodytes______.1"
"41","Plesiosaurus","Plesiosaurus.2"
"42","Plesiosaurus","Plesiosaurus.3"
"43","Spinosaurus_","Spinosaurus_.1"
"44","Spinosaurus_","Spinosaurus_.2"
"45","Spinosaurus_","Spinosaurus_.3"
"46","Spinosaurus_","Spinosaurus_.4"
"47","Spinosaurus_","Spinosaurus_.5"
"48","Spinosaurus_","Spinosaurus_.6"
"49","Spinosaurus_","Spinosaurus_.7"
"50","Spinosaurus_","Spinosaurus_.8"
"51","Spinosaurus_","Spinosaurus_.9"
"52","Spinosaurus_","Spinosaurus_.10"
"53","Spinosaurus_","Spinosaurus_.11"
"54","Suchomimus","Suchomimus.1"
"55","Suchomimus","Suchomimus.2"
"56","Suchomimus","Suchomimus.3"
"57","Baryonyx","Baryonyx.1"
"58","Baryonyx","Baryonyx.2"
"59","Baryonyx","Baryonyx.3"
 
* Phylo tree and the main data and strata files have been modified to include duplicated taxa before the scaled random trees are generated.
* Selected categorical labels column: diving.or.not
* diving.or.equal column is identical to Diving column.
* Regression excludes flying taxa.
* Diving labels that are present in regression: 0,2
* lambda (calculated from a random tree) = : 0.07
* index-name alignment check: OK
