Logfile for a session of program: bootstrap_binary.r
-----------------------------------------------------
INPUT:
workDir: C:/dino_nature/output/2023-11-07-D1\bs/set_662
Nbootstrapsets: 2000
phyloFDAfile: c:/dino_nature/code/phylo.fda.R
auxFile: c:/dino_nature/code/auxiliary.r
boneType: femur
regressionData.file: C:/dino_nature/output/2023-11-07-D1\bs/set_662/femur_set_662.csv
applyDataFilter: FALSE
addTreeTips: TRUE
Ntrees: 100
calculateTrees: TRUE
saveTrees: FALSE


OPERATIONAL CHECKS:
* Regression data contains multiple copies of some taxa (user added variants of existing test taxa 
   or replacements due to bootstrap are present) which are not in the phylo tree:
     original taxon,   duplicate   
"1","Lacerta_viridis","Lacerta_viridis.1"
"2","Paguma_larvata","Paguma_larvata.1"
"3","Uncia_uncia","Uncia_uncia.1"
"4","Bison_bonasus","Bison_bonasus.1"
"5","Apteryx_owenii_","Apteryx_owenii_.1"
"6","Raphus","Raphus.1"
"7","Dasyurus_maculatus","Dasyurus_maculatus.1"
"8","Paguma_larvata","Paguma_larvata.2"
"9","Megaloceros_sp","Megaloceros_sp.1"
"10","Tribonyx_mortieri","Tribonyx_mortieri.1"
"11","Felis_felis","Felis_felis.1"
"12","Meles_meles","Meles_meles.1"
"13","Microgale_thomasi","Microgale_thomasi.1"
"14","Rangifer_tarandus","Rangifer_tarandus.1"
"15","Meles_meles","Meles_meles.2"
"16","Strigiops_habroptilus","Strigiops_habroptilus.1"
"17","Apteryx_owenii_","Apteryx_owenii_.2"
"18","Meles_meles","Meles_meles.3"
"19","Lacerta_viridis","Lacerta_viridis.2"
"20","Rupicapra_rupicapra","Rupicapra_rupicapra.1"
"21","Euroscaptor_micrura","Euroscaptor_micrura.1"
"22","Hippopotamus_amphibius","Hippopotamus_amphibius.1"
"23","Tapirus_terrestris","Tapirus_terrestris.1"
"24","Leptophoca_proxima","Leptophoca_proxima.1"
"25","Champsosaurus","Champsosaurus.1"
"26","Desmana_moschata","Desmana_moschata.1"
"27","Indohyus","Indohyus.1"
"28","Nothosaurus_mirabilis_1","Nothosaurus_mirabilis_1.1"
"29","Callophoca_obscura","Callophoca_obscura.1"
"30","Hippopotamus_amphibius","Hippopotamus_amphibius.2"
"31","Psephoderma","Psephoderma.1"
"32","Placondontia_indet","Placondontia_indet.1"
"33","Simosaurus_1","Simosaurus_1.1"
"34","Nothosaurus_mirabilis_1","Nothosaurus_mirabilis_1.2"
"35","Nothosaurus_102","Nothosaurus_102.1"
"36","Placodontia_indet_1","Placodontia_indet_1.1"
"37","Nothosaurus_mirabilis","Nothosaurus_mirabilis.1"
"38","Champsosaurus","Champsosaurus.2"
"39","Leptophoca_proxima","Leptophoca_proxima.2"
"40","Simosaurus_1","Simosaurus_1.2"
"41","Alligator","Alligator.1"
"42","Dyrosaurid","Dyrosaurid.1"
"43","Tapirus_terrestris","Tapirus_terrestris.2"
"44","Hydromys_chrysogaster","Hydromys_chrysogaster.1"
"45","Spinosaurus_","Spinosaurus_.1"
"46","Spinosaurus_","Spinosaurus_.2"
"47","Spinosaurus_","Spinosaurus_.3"
"48","Spinosaurus_","Spinosaurus_.4"
"49","Spinosaurus_","Spinosaurus_.5"
"50","Spinosaurus_","Spinosaurus_.6"
"51","Spinosaurus_","Spinosaurus_.7"
"52","Spinosaurus_","Spinosaurus_.8"
"53","Spinosaurus_","Spinosaurus_.9"
"54","Spinosaurus_","Spinosaurus_.10"
"55","Spinosaurus_","Spinosaurus_.11"
"56","Suchomimus","Suchomimus.1"
"57","Suchomimus","Suchomimus.2"
"58","Suchomimus","Suchomimus.3"
"59","Baryonyx","Baryonyx.1"
"60","Baryonyx","Baryonyx.2"
"61","Baryonyx","Baryonyx.3"
 
* Phylo tree and the main data and strata files have been modified to include duplicated taxa before the scaled random trees are generated.
* Selected categorical labels column: diving.or.not
* diving.or.equal column is identical to Diving column.
* Regression excludes flying taxa.
* Diving labels that are present in regression: 0,2
* lambda (calculated from a random tree) = : 0.06
* index-name alignment check: OK
