Logfile for a session of program: bootstrap_binary.r
-----------------------------------------------------
INPUT:
workDir: C:/dino_nature/output/2023-11-07-D1\bs/set_1008
Nbootstrapsets: 2000
phyloFDAfile: c:/dino_nature/code/phylo.fda.R
auxFile: c:/dino_nature/code/auxiliary.r
boneType: femur
regressionData.file: C:/dino_nature/output/2023-11-07-D1\bs/set_1008/femur_set_1008.csv
applyDataFilter: FALSE
addTreeTips: TRUE
Ntrees: 100
calculateTrees: TRUE
saveTrees: FALSE


OPERATIONAL CHECKS:
* Regression data contains multiple copies of some taxa (user added variants of existing test taxa 
   or replacements due to bootstrap are present) which are not in the phylo tree:
     original taxon,   duplicate   
"1","Mustela_nivalis","Mustela_nivalis.1"
"2","Caloenas_nicobarica","Caloenas_nicobarica.1"
"3","Monodelphis_domestica","Monodelphis_domestica.1"
"4","Megaloceros_sp","Megaloceros_sp.1"
"5","Megaloceros_sp","Megaloceros_sp.2"
"6","Caloenas_nicobarica","Caloenas_nicobarica.2"
"7","Xenicus_giliventris","Xenicus_giliventris.1"
"8","Monodelphis_domestica","Monodelphis_domestica.2"
"9","Euroscaptor_micrura","Euroscaptor_micrura.1"
"10","Lacerta_viridis","Lacerta_viridis.1"
"11","Euroscaptor_micrura","Euroscaptor_micrura.2"
"12","Dasyurus_maculatus","Dasyurus_maculatus.1"
"13","Strigiops_habroptilus","Strigiops_habroptilus.1"
"14","Pogona_viceps","Pogona_viceps.1"
"15","Monodelphis_domestica","Monodelphis_domestica.3"
"16","Alces_americanus","Alces_americanus.1"
"17","Mustela_nivalis","Mustela_nivalis.2"
"18","Loxodonta_africana","Loxodonta_africana.1"
"19","Hemiechinus_azurites","Hemiechinus_azurites.1"
"20","Okapia_johnstoni","Okapia_johnstoni.1"
"21","Serpianosaurus","Serpianosaurus.1"
"22","Simosaurus","Simosaurus.1"
"23","Micropotamogale_euwenzorii","Micropotamogale_euwenzorii.1"
"24","Rhaeticosaurus","Rhaeticosaurus.1"
"25","Caiman_yacare","Caiman_yacare.1"
"26","Ornithorhynchus_anatinus","Ornithorhynchus_anatinus.1"
"27","Nanophoca_vitulinoides","Nanophoca_vitulinoides.1"
"28","Rhaeticosaurus","Rhaeticosaurus.2"
"29","Caiman_yacare","Caiman_yacare.2"
"30","Micropotamogale_euwenzorii","Micropotamogale_euwenzorii.2"
"31","Paraplacodus","Paraplacodus.1"
"32","Chapsosaurus_","Chapsosaurus_.1"
"33","Desmana_moschata","Desmana_moschata.1"
"34","Desmana_moschata","Desmana_moschata.2"
"35","Callophoca_obscura","Callophoca_obscura.1"
"36","Lutra_vulgaris","Lutra_vulgaris.1"
"37","Spinosaurus_","Spinosaurus_.1"
"38","Spinosaurus_","Spinosaurus_.2"
"39","Spinosaurus_","Spinosaurus_.3"
"40","Spinosaurus_","Spinosaurus_.4"
"41","Spinosaurus_","Spinosaurus_.5"
"42","Spinosaurus_","Spinosaurus_.6"
"43","Spinosaurus_","Spinosaurus_.7"
"44","Spinosaurus_","Spinosaurus_.8"
"45","Spinosaurus_","Spinosaurus_.9"
"46","Spinosaurus_","Spinosaurus_.10"
"47","Spinosaurus_","Spinosaurus_.11"
"48","Suchomimus","Suchomimus.1"
"49","Suchomimus","Suchomimus.2"
"50","Suchomimus","Suchomimus.3"
"51","Baryonyx","Baryonyx.1"
"52","Baryonyx","Baryonyx.2"
"53","Baryonyx","Baryonyx.3"
 
* Phylo tree and the main data and strata files have been modified to include duplicated taxa before the scaled random trees are generated.
* Selected categorical labels column: diving.or.not
* diving.or.equal column is identical to Diving column.
* Regression excludes flying taxa.
* Diving labels that are present in regression: 0,2
* lambda (calculated from a random tree) = : 0.06
* index-name alignment check: OK
