Logfile for a session of program: bootstrap_binary.r
-----------------------------------------------------
INPUT:
workDir: C:/dino_nature/output/2023-11-07-D1\bs/set_699
Nbootstrapsets: 2000
phyloFDAfile: c:/dino_nature/code/phylo.fda.R
auxFile: c:/dino_nature/code/auxiliary.r
boneType: femur
regressionData.file: C:/dino_nature/output/2023-11-07-D1\bs/set_699/femur_set_699.csv
applyDataFilter: FALSE
addTreeTips: TRUE
Ntrees: 100
calculateTrees: TRUE
saveTrees: FALSE


OPERATIONAL CHECKS:
* Regression data contains multiple copies of some taxa (user added variants of existing test taxa 
   or replacements due to bootstrap are present) which are not in the phylo tree:
     original taxon,   duplicate   
"1","Dasyurus_maculatus","Dasyurus_maculatus.1"
"2","Elephas_maximus","Elephas_maximus.1"
"3","Pogona_viceps","Pogona_viceps.1"
"4","Elephas_maximus","Elephas_maximus.2"
"5","Syncerus_caffer","Syncerus_caffer.1"
"6","Mus_musculus","Mus_musculus.1"
"7","Microgale_thomasi","Microgale_thomasi.1"
"8","Rangifer_tarandus","Rangifer_tarandus.1"
"9","Syncerus_caffer","Syncerus_caffer.2"
"10","Rangifer_tarandus","Rangifer_tarandus.2"
"11","Tamandua_tetradactyla","Tamandua_tetradactyla.1"
"12","Brachyodus_onoideum","Brachyodus_onoideum.1"
"13","Mustela_nivalis","Mustela_nivalis.1"
"14","Nyctereutes_procyonoides","Nyctereutes_procyonoides.1"
"15","Dasyurus_maculatus","Dasyurus_maculatus.2"
"16","Dama_dama","Dama_dama.1"
"17","Pogona_viceps","Pogona_viceps.2"
"18","Xenicus_giliventris","Xenicus_giliventris.1"
"19","Elephas_maximus","Elephas_maximus.3"
"20","Sus_scrofa","Sus_scrofa.1"
"21","Mus_musculus","Mus_musculus.2"
"22","Tamandua_tetradactyla","Tamandua_tetradactyla.2"
"23","Capreolus_capreolus","Capreolus_capreolus.1"
"24","Diplomesodon_pulchellum","Diplomesodon_pulchellum.1"
"25","Strigiops_habroptilus","Strigiops_habroptilus.1"
"26","Noemys_fodies","Noemys_fodies.1"
"27","Neusticosaurus","Neusticosaurus.1"
"28","Simosaurus","Simosaurus.1"
"29","Simosaurus","Simosaurus.2"
"30","Nothosaurus_102","Nothosaurus_102.1"
"31","Cryptoclidus","Cryptoclidus.1"
"32","Hesperornis","Hesperornis.1"
"33","Psephoderma","Psephoderma.1"
"34","Hesperornis","Hesperornis.2"
"35","Pistosaurus","Pistosaurus.1"
"36","Anarosaurus","Anarosaurus.1"
"37","Remingtonocetus","Remingtonocetus.1"
"38","Nothosaurus_mirabilis","Nothosaurus_mirabilis.1"
"39","Nothosaurus_102","Nothosaurus_102.2"
"40","Nothosaurus_mirabilis","Nothosaurus_mirabilis.2"
"41","Small_Eocene_penguin","Small_Eocene_penguin.1"
"42","Nothosaurus_568","Nothosaurus_568.1"
"43","Placondontia_indet","Placondontia_indet.1"
"44","Neusticosaurus","Neusticosaurus.2"
"45","Ichtyosaur_sp","Ichtyosaur_sp.1"
"46","Leptophoca_proxima","Leptophoca_proxima.1"
"47","Micropotamogale_euwenzorii","Micropotamogale_euwenzorii.1"
"48","Maiacetus","Maiacetus.1"
"49","Spinosaurus_","Spinosaurus_.1"
"50","Spinosaurus_","Spinosaurus_.2"
"51","Spinosaurus_","Spinosaurus_.3"
"52","Spinosaurus_","Spinosaurus_.4"
"53","Spinosaurus_","Spinosaurus_.5"
"54","Spinosaurus_","Spinosaurus_.6"
"55","Spinosaurus_","Spinosaurus_.7"
"56","Spinosaurus_","Spinosaurus_.8"
"57","Spinosaurus_","Spinosaurus_.9"
"58","Spinosaurus_","Spinosaurus_.10"
"59","Spinosaurus_","Spinosaurus_.11"
"60","Suchomimus","Suchomimus.1"
"61","Suchomimus","Suchomimus.2"
"62","Suchomimus","Suchomimus.3"
"63","Baryonyx","Baryonyx.1"
"64","Baryonyx","Baryonyx.2"
"65","Baryonyx","Baryonyx.3"
 
* Phylo tree and the main data and strata files have been modified to include duplicated taxa before the scaled random trees are generated.
* Selected categorical labels column: diving.or.not
* diving.or.equal column is identical to Diving column.
* Regression excludes flying taxa.
* Diving labels that are present in regression: 0,2
* lambda (calculated from a random tree) = : 0.1
* index-name alignment check: OK
