Logfile for a session of program: bootstrap_binary.r
-----------------------------------------------------
INPUT:
workDir: C:/dino_nature/output/2023-11-07-D1\bs/set_1242
Nbootstrapsets: 2000
phyloFDAfile: c:/dino_nature/code/phylo.fda.R
auxFile: c:/dino_nature/code/auxiliary.r
boneType: femur
regressionData.file: C:/dino_nature/output/2023-11-07-D1\bs/set_1242/femur_set_1242.csv
applyDataFilter: FALSE
addTreeTips: TRUE
Ntrees: 100
calculateTrees: TRUE
saveTrees: FALSE


OPERATIONAL CHECKS:
* Regression data contains multiple copies of some taxa (user added variants of existing test taxa 
   or replacements due to bootstrap are present) which are not in the phylo tree:
     original taxon,   duplicate   
"1","Dasyurus_maculatus","Dasyurus_maculatus.1"
"2","Mus_musculus","Mus_musculus.1"
"3","Tamandua_tetradactyla","Tamandua_tetradactyla.1"
"4","Meles_meles","Meles_meles.1"
"5","Bison_bonasus","Bison_bonasus.1"
"6","Meles_meles","Meles_meles.2"
"7","Xenicus_giliventris","Xenicus_giliventris.1"
"8","Procavia_capensis","Procavia_capensis.1"
"9","Tamandua_tetradactyla","Tamandua_tetradactyla.2"
"10","Procyon_lotor","Procyon_lotor.1"
"11","Meles_meles","Meles_meles.3"
"12","Raphus","Raphus.1"
"13","Apteryx_australis","Apteryx_australis.1"
"14","Sphenodon_punctatus","Sphenodon_punctatus.1"
"15","Meles_meles","Meles_meles.4"
"16","Paguma_larvata","Paguma_larvata.1"
"17","Elomeryx_borbonicus_","Elomeryx_borbonicus_.1"
"18","Cephalophus_silvicultor","Cephalophus_silvicultor.1"
"19","Taxidea_taxus","Taxidea_taxus.1"
"20","Brachyodus_onoideum","Brachyodus_onoideum.1"
"21","Caiman_yacare","Caiman_yacare.1"
"22","Ichtyosaurus_","Ichtyosaurus_.1"
"23","Ichtyosaurus_","Ichtyosaurus_.2"
"24","Caiman_yacare","Caiman_yacare.2"
"25","Phocanella_pumila","Phocanella_pumila.1"
"26","Paraplacodus","Paraplacodus.1"
"27","Tapirus_terrestris","Tapirus_terrestris.1"
"28","Maiacetus","Maiacetus.1"
"29","Ichtyosaurus_","Ichtyosaurus_.3"
"30","Psephoderma","Psephoderma.1"
"31","Desmana_moschata","Desmana_moschata.1"
"32","Simosaurus_1","Simosaurus_1.1"
"33","Spheniscus","Spheniscus.1"
"34","Maiacetus","Maiacetus.2"
"35","Paraplacodus","Paraplacodus.2"
"36","Ichtyosaurus_","Ichtyosaurus_.4"
"37","Palaeospheniscus","Palaeospheniscus.1"
"38","Hesperornis","Hesperornis.1"
"39","Ichtyosaurus_","Ichtyosaurus_.5"
"40","Metryorhynchus","Metryorhynchus.1"
"41","Otaria_byronia","Otaria_byronia.1"
"42","Placodontia_indet_1","Placodontia_indet_1.1"
"43","Spinosaurus_","Spinosaurus_.1"
"44","Spinosaurus_","Spinosaurus_.2"
"45","Spinosaurus_","Spinosaurus_.3"
"46","Spinosaurus_","Spinosaurus_.4"
"47","Spinosaurus_","Spinosaurus_.5"
"48","Spinosaurus_","Spinosaurus_.6"
"49","Spinosaurus_","Spinosaurus_.7"
"50","Spinosaurus_","Spinosaurus_.8"
"51","Spinosaurus_","Spinosaurus_.9"
"52","Spinosaurus_","Spinosaurus_.10"
"53","Spinosaurus_","Spinosaurus_.11"
"54","Suchomimus","Suchomimus.1"
"55","Suchomimus","Suchomimus.2"
"56","Suchomimus","Suchomimus.3"
"57","Baryonyx","Baryonyx.1"
"58","Baryonyx","Baryonyx.2"
"59","Baryonyx","Baryonyx.3"
 
* Phylo tree and the main data and strata files have been modified to include duplicated taxa before the scaled random trees are generated.
* Selected categorical labels column: diving.or.not
* diving.or.equal column is identical to Diving column.
* Regression excludes flying taxa.
* Diving labels that are present in regression: 0,2
* lambda (calculated from a random tree) = : 0.13
* index-name alignment check: OK
