Logfile for a session of program: bootstrap_binary.r
-----------------------------------------------------
INPUT:
workDir: C:/dino_nature/output/2023-11-07-D1\bs/set_1153
Nbootstrapsets: 2000
phyloFDAfile: c:/dino_nature/code/phylo.fda.R
auxFile: c:/dino_nature/code/auxiliary.r
boneType: femur
regressionData.file: C:/dino_nature/output/2023-11-07-D1\bs/set_1153/femur_set_1153.csv
applyDataFilter: FALSE
addTreeTips: TRUE
Ntrees: 100
calculateTrees: TRUE
saveTrees: FALSE


OPERATIONAL CHECKS:
* Regression data contains multiple copies of some taxa (user added variants of existing test taxa 
   or replacements due to bootstrap are present) which are not in the phylo tree:
     original taxon,   duplicate   
"1","Rupicapra_rupicapra","Rupicapra_rupicapra.1"
"2","Rupicapra_rupicapra","Rupicapra_rupicapra.2"
"3","Microgale_thomasi","Microgale_thomasi.1"
"4","Elephas_maximus","Elephas_maximus.1"
"5","Capreolus_capreolus","Capreolus_capreolus.1"
"6","Elomeryx_borbonicus_","Elomeryx_borbonicus_.1"
"7","Ceratotherium_simum","Ceratotherium_simum.1"
"8","Rupicapra_rupicapra","Rupicapra_rupicapra.3"
"9","Raphus","Raphus.1"
"10","Okapia_johnstoni","Okapia_johnstoni.1"
"11","Capreolus_capreolus","Capreolus_capreolus.2"
"12","Atlantisia_rogersi","Atlantisia_rogersi.1"
"13","Syncerus_caffer","Syncerus_caffer.1"
"14","Rynochetus_jubatus","Rynochetus_jubatus.1"
"15","Megaloceros_sp","Megaloceros_sp.1"
"16","Atlantisia_rogersi","Atlantisia_rogersi.2"
"17","Alces_americanus","Alces_americanus.1"
"18","Paguma_larvata","Paguma_larvata.1"
"19","Capreolus_capreolus","Capreolus_capreolus.3"
"20","Syncerus_caffer","Syncerus_caffer.2"
"21","Atlantisia_rogersi","Atlantisia_rogersi.3"
"22","Otaria_byronia","Otaria_byronia.1"
"23","Nothosaurus_150","Nothosaurus_150.1"
"24","Nothosaurus_150","Nothosaurus_150.2"
"25","Hippopotamus_amphibius","Hippopotamus_amphibius.1"
"26","Metryorhynchus","Metryorhynchus.1"
"27","Palaeospheniscus","Palaeospheniscus.1"
"28","Callophoca_obscura","Callophoca_obscura.1"
"29","Callophoca_obscura","Callophoca_obscura.2"
"30","Simosaurus_1","Simosaurus_1.1"
"31","Nothosaurus_102","Nothosaurus_102.1"
"32","Hesperornis","Hesperornis.1"
"33","Phocanella_pumila","Phocanella_pumila.1"
"34","Anarosaurus","Anarosaurus.1"
"35","Micropotamogale_euwenzorii","Micropotamogale_euwenzorii.1"
"36","Micropotamogale_euwenzorii","Micropotamogale_euwenzorii.2"
"37","Simosaurus_1","Simosaurus_1.2"
"38","Palaeospheniscus","Palaeospheniscus.2"
"39","Palaeospheniscus","Palaeospheniscus.3"
"40","Nanophoca_vitulinoides","Nanophoca_vitulinoides.1"
"41","Palaeospheniscus","Palaeospheniscus.4"
"42","Leptophoca_proxima","Leptophoca_proxima.1"
"43","Anarosaurus","Anarosaurus.2"
"44","Spinosaurus_","Spinosaurus_.1"
"45","Spinosaurus_","Spinosaurus_.2"
"46","Spinosaurus_","Spinosaurus_.3"
"47","Spinosaurus_","Spinosaurus_.4"
"48","Spinosaurus_","Spinosaurus_.5"
"49","Spinosaurus_","Spinosaurus_.6"
"50","Spinosaurus_","Spinosaurus_.7"
"51","Spinosaurus_","Spinosaurus_.8"
"52","Spinosaurus_","Spinosaurus_.9"
"53","Spinosaurus_","Spinosaurus_.10"
"54","Spinosaurus_","Spinosaurus_.11"
"55","Suchomimus","Suchomimus.1"
"56","Suchomimus","Suchomimus.2"
"57","Suchomimus","Suchomimus.3"
"58","Baryonyx","Baryonyx.1"
"59","Baryonyx","Baryonyx.2"
"60","Baryonyx","Baryonyx.3"
 
* Phylo tree and the main data and strata files have been modified to include duplicated taxa before the scaled random trees are generated.
* Selected categorical labels column: diving.or.not
* diving.or.equal column is identical to Diving column.
* Regression excludes flying taxa.
* Diving labels that are present in regression: 0,2
* lambda (calculated from a random tree) = : 0.09
* index-name alignment check: OK
