Logfile for a session of program: bootstrap_binary.r
-----------------------------------------------------
INPUT:
workDir: C:/dino_nature/output/2023-11-07-D1\bs/set_1260
Nbootstrapsets: 2000
phyloFDAfile: c:/dino_nature/code/phylo.fda.R
auxFile: c:/dino_nature/code/auxiliary.r
boneType: femur
regressionData.file: C:/dino_nature/output/2023-11-07-D1\bs/set_1260/femur_set_1260.csv
applyDataFilter: FALSE
addTreeTips: TRUE
Ntrees: 100
calculateTrees: TRUE
saveTrees: FALSE


OPERATIONAL CHECKS:
* Regression data contains multiple copies of some taxa (user added variants of existing test taxa 
   or replacements due to bootstrap are present) which are not in the phylo tree:
     original taxon,   duplicate   
"1","Procavia_capensis","Procavia_capensis.1"
"2","Tribonyx_mortieri","Tribonyx_mortieri.1"
"3","Rangifer_tarandus","Rangifer_tarandus.1"
"4","Nyctereutes_procyonoides","Nyctereutes_procyonoides.1"
"5","Capreolus_capreolus","Capreolus_capreolus.1"
"6","Vulpes_vulpes","Vulpes_vulpes.1"
"7","Rynochetus_jubatus","Rynochetus_jubatus.1"
"8","Bison_bonasus","Bison_bonasus.1"
"9","Procyon_lotor","Procyon_lotor.1"
"10","Xenicus_giliventris","Xenicus_giliventris.1"
"11","Myrmecophaga_tridactyla","Myrmecophaga_tridactyla.1"
"12","Meles_meles","Meles_meles.1"
"13","Dasyurus_maculatus","Dasyurus_maculatus.1"
"14","Xenicus_giliventris","Xenicus_giliventris.2"
"15","Myrmecophaga_tridactyla","Myrmecophaga_tridactyla.2"
"16","Strigiops_habroptilus","Strigiops_habroptilus.1"
"17","Dasyurus_maculatus","Dasyurus_maculatus.2"
"18","Lacerta_viridis","Lacerta_viridis.1"
"19","Xenicus_giliventris","Xenicus_giliventris.3"
"20","Apteryx_australis","Apteryx_australis.1"
"21","Xenicus_giliventris","Xenicus_giliventris.4"
"22","Strigiops_habroptilus","Strigiops_habroptilus.2"
"23","Elephas_maximus","Elephas_maximus.1"
"24","Myrmecophaga_tridactyla","Myrmecophaga_tridactyla.3"
"25","Cephalophus_silvicultor","Cephalophus_silvicultor.1"
"26","Micropotamogale_euwenzorii","Micropotamogale_euwenzorii.1"
"27","Hexaprotodon_garyam","Hexaprotodon_garyam.1"
"28","Serpianosaurus","Serpianosaurus.1"
"29","Nothosaurus_150","Nothosaurus_150.1"
"30","Alligator","Alligator.1"
"31","Plesiosaurus","Plesiosaurus.1"
"32","Rhaeticosaurus","Rhaeticosaurus.1"
"33","Noemys_fodies","Noemys_fodies.1"
"34","Placodontia_indet_1","Placodontia_indet_1.1"
"35","Simosaurus_1","Simosaurus_1.1"
"36","Micropotamogale_euwenzorii","Micropotamogale_euwenzorii.2"
"37","Ichtyosaur_sp","Ichtyosaur_sp.1"
"38","Desmostylus_hesperus","Desmostylus_hesperus.1"
"39","Nanophoca_vitulinoides","Nanophoca_vitulinoides.1"
"40","Plesiosaurus","Plesiosaurus.2"
"41","Placodontia_indet_1","Placodontia_indet_1.2"
"42","Hesperornis","Hesperornis.1"
"43","Hydromys_chrysogaster","Hydromys_chrysogaster.1"
"44","Cryptoclidus","Cryptoclidus.1"
"45","Ichtyosaurus_","Ichtyosaurus_.1"
"46","Spinosaurus_","Spinosaurus_.1"
"47","Spinosaurus_","Spinosaurus_.2"
"48","Spinosaurus_","Spinosaurus_.3"
"49","Spinosaurus_","Spinosaurus_.4"
"50","Spinosaurus_","Spinosaurus_.5"
"51","Spinosaurus_","Spinosaurus_.6"
"52","Spinosaurus_","Spinosaurus_.7"
"53","Spinosaurus_","Spinosaurus_.8"
"54","Spinosaurus_","Spinosaurus_.9"
"55","Spinosaurus_","Spinosaurus_.10"
"56","Spinosaurus_","Spinosaurus_.11"
"57","Suchomimus","Suchomimus.1"
"58","Suchomimus","Suchomimus.2"
"59","Suchomimus","Suchomimus.3"
"60","Baryonyx","Baryonyx.1"
"61","Baryonyx","Baryonyx.2"
"62","Baryonyx","Baryonyx.3"
 
* Phylo tree and the main data and strata files have been modified to include duplicated taxa before the scaled random trees are generated.
* Selected categorical labels column: diving.or.not
* diving.or.equal column is identical to Diving column.
* Regression excludes flying taxa.
* Diving labels that are present in regression: 0,2
* lambda (calculated from a random tree) = : 0.09
* index-name alignment check: OK
