Logfile for a session of program: bootstrap_binary.r
-----------------------------------------------------
INPUT:
workDir: C:/dino_nature/output/2023-11-07-D1\bs/set_212
Nbootstrapsets: 2000
phyloFDAfile: c:/dino_nature/code/phylo.fda.R
auxFile: c:/dino_nature/code/auxiliary.r
boneType: femur
regressionData.file: C:/dino_nature/output/2023-11-07-D1\bs/set_212/femur_set_212.csv
applyDataFilter: FALSE
addTreeTips: TRUE
Ntrees: 100
calculateTrees: TRUE
saveTrees: FALSE


OPERATIONAL CHECKS:
* Regression data contains multiple copies of some taxa (user added variants of existing test taxa 
   or replacements due to bootstrap are present) which are not in the phylo tree:
     original taxon,   duplicate   
"1","Uncia_uncia","Uncia_uncia.1"
"2","Uncia_uncia","Uncia_uncia.2"
"3","Euroscaptor_micrura","Euroscaptor_micrura.1"
"4","Lacerta_viridis","Lacerta_viridis.1"
"5","Atlantisia_rogersi","Atlantisia_rogersi.1"
"6","Sus_scrofa","Sus_scrofa.1"
"7","Capreolus_capreolus","Capreolus_capreolus.1"
"8","Diplomesodon_pulchellum","Diplomesodon_pulchellum.1"
"9","Atlantisia_rogersi","Atlantisia_rogersi.2"
"10","Vulpes_vulpes","Vulpes_vulpes.1"
"11","Strigiops_habroptilus","Strigiops_habroptilus.1"
"12","Euroscaptor_micrura","Euroscaptor_micrura.2"
"13","Strigiops_habroptilus","Strigiops_habroptilus.2"
"14","Strigiops_habroptilus","Strigiops_habroptilus.3"
"15","Mus_musculus","Mus_musculus.1"
"16","Capreolus_capreolus","Capreolus_capreolus.2"
"17","Uncia_uncia","Uncia_uncia.3"
"18","Euroscaptor_micrura","Euroscaptor_micrura.3"
"19","Tenrec_ecaudatus","Tenrec_ecaudatus.1"
"20","Sus_scrofa","Sus_scrofa.2"
"21","Euroscaptor_micrura","Euroscaptor_micrura.4"
"22","Dasyurus_maculatus","Dasyurus_maculatus.1"
"23","Apteryx_owenii_","Apteryx_owenii_.1"
"24","Tenrec_ecaudatus","Tenrec_ecaudatus.2"
"25","Tamandua_tetradactyla","Tamandua_tetradactyla.1"
"26","Mustela_nivalis","Mustela_nivalis.1"
"27","Indohyus","Indohyus.1"
"28","Nothosaurus_mirabilis","Nothosaurus_mirabilis.1"
"29","Indohyus","Indohyus.2"
"30","Indohyus","Indohyus.3"
"31","Desmana_moschata","Desmana_moschata.1"
"32","Remingtonocetus","Remingtonocetus.1"
"33","Indohyus","Indohyus.4"
"34","large_eocene_stem_penguin","large_eocene_stem_penguin.1"
"35","Hesperornis","Hesperornis.1"
"36","Nothosaurus_150","Nothosaurus_150.1"
"37","Caiman_yacare","Caiman_yacare.1"
"38","Aptenodytes______","Aptenodytes______.1"
"39","Nothosaurus_150","Nothosaurus_150.2"
"40","Simosaurus","Simosaurus.1"
"41","Nothosaurus_568","Nothosaurus_568.1"
"42","large_eocene_stem_penguin","large_eocene_stem_penguin.2"
"43","Hippopotamus_amphibius","Hippopotamus_amphibius.1"
"44","Noemys_fodies","Noemys_fodies.1"
"45","Hydromys_chrysogaster","Hydromys_chrysogaster.1"
"46","Indohyus","Indohyus.5"
"47","Dyrosaurid","Dyrosaurid.1"
"48","Palaeospheniscus","Palaeospheniscus.1"
"49","Spinosaurus_","Spinosaurus_.1"
"50","Spinosaurus_","Spinosaurus_.2"
"51","Spinosaurus_","Spinosaurus_.3"
"52","Spinosaurus_","Spinosaurus_.4"
"53","Spinosaurus_","Spinosaurus_.5"
"54","Spinosaurus_","Spinosaurus_.6"
"55","Spinosaurus_","Spinosaurus_.7"
"56","Spinosaurus_","Spinosaurus_.8"
"57","Spinosaurus_","Spinosaurus_.9"
"58","Spinosaurus_","Spinosaurus_.10"
"59","Spinosaurus_","Spinosaurus_.11"
"60","Suchomimus","Suchomimus.1"
"61","Suchomimus","Suchomimus.2"
"62","Suchomimus","Suchomimus.3"
"63","Baryonyx","Baryonyx.1"
"64","Baryonyx","Baryonyx.2"
"65","Baryonyx","Baryonyx.3"
 
* Phylo tree and the main data and strata files have been modified to include duplicated taxa before the scaled random trees are generated.
* Selected categorical labels column: diving.or.not
* diving.or.equal column is identical to Diving column.
* Regression excludes flying taxa.
* Diving labels that are present in regression: 0,2
* lambda (calculated from a random tree) = : 0.1
* index-name alignment check: OK
