Logfile for a session of program: bootstrap_binary.r
-----------------------------------------------------
INPUT:
workDir: C:/dino_nature/output/2023-11-07-D1\bs/set_1729
Nbootstrapsets: 2000
phyloFDAfile: c:/dino_nature/code/phylo.fda.R
auxFile: c:/dino_nature/code/auxiliary.r
boneType: femur
regressionData.file: C:/dino_nature/output/2023-11-07-D1\bs/set_1729/femur_set_1729.csv
applyDataFilter: FALSE
addTreeTips: TRUE
Ntrees: 100
calculateTrees: TRUE
saveTrees: FALSE


OPERATIONAL CHECKS:
* Regression data contains multiple copies of some taxa (user added variants of existing test taxa 
   or replacements due to bootstrap are present) which are not in the phylo tree:
     original taxon,   duplicate   
"1","Tenrec_ecaudatus","Tenrec_ecaudatus.1"
"2","Capreolus_capreolus","Capreolus_capreolus.1"
"3","Elephas_maximus","Elephas_maximus.1"
"4","Xenicus_giliventris","Xenicus_giliventris.1"
"5","Okapia_johnstoni","Okapia_johnstoni.1"
"6","Cephalophus_silvicultor","Cephalophus_silvicultor.1"
"7","Paguma_larvata","Paguma_larvata.1"
"8","Sphenodon_punctatus","Sphenodon_punctatus.1"
"9","Dromaius_","Dromaius_.1"
"10","Dama_dama","Dama_dama.1"
"11","Dicerorhinus_sumatrensis","Dicerorhinus_sumatrensis.1"
"12","Rhinoceros_sondaicus","Rhinoceros_sondaicus.1"
"13","Bos_taurus","Bos_taurus.1"
"14","Capreolus_capreolus","Capreolus_capreolus.2"
"15","Rhinoceros_sondaicus","Rhinoceros_sondaicus.2"
"16","Dama_dama","Dama_dama.2"
"17","Lama_guanicoe","Lama_guanicoe.1"
"18","Taxidea_taxus","Taxidea_taxus.1"
"19","Tamandua_tetradactyla","Tamandua_tetradactyla.1"
"20","Xenicus_giliventris","Xenicus_giliventris.2"
"21","Caloenas_nicobarica","Caloenas_nicobarica.1"
"22","Protochampsidae","Protochampsidae.1"
"23","Placondontia_indet","Placondontia_indet.1"
"24","Protochampsidae","Protochampsidae.2"
"25","Basilosaurus","Basilosaurus.1"
"26","Metryorhynchus","Metryorhynchus.1"
"27","Hexaprotodon_garyam","Hexaprotodon_garyam.1"
"28","Placondontia_indet","Placondontia_indet.2"
"29","Simosaurus_1","Simosaurus_1.1"
"30","Placondontia_indet","Placondontia_indet.3"
"31","Desmana_moschata","Desmana_moschata.1"
"32","Simosaurus","Simosaurus.1"
"33","Ornithorhynchus_anatinus","Ornithorhynchus_anatinus.1"
"34","Simosaurus","Simosaurus.2"
"35","Nothosaurus_mirabilis","Nothosaurus_mirabilis.1"
"36","Remingtonocetus","Remingtonocetus.1"
"37","Noemys_fodies","Noemys_fodies.1"
"38","Placondontia_indet","Placondontia_indet.4"
"39","Spinosaurus_","Spinosaurus_.1"
"40","Spinosaurus_","Spinosaurus_.2"
"41","Spinosaurus_","Spinosaurus_.3"
"42","Spinosaurus_","Spinosaurus_.4"
"43","Spinosaurus_","Spinosaurus_.5"
"44","Spinosaurus_","Spinosaurus_.6"
"45","Spinosaurus_","Spinosaurus_.7"
"46","Spinosaurus_","Spinosaurus_.8"
"47","Spinosaurus_","Spinosaurus_.9"
"48","Spinosaurus_","Spinosaurus_.10"
"49","Spinosaurus_","Spinosaurus_.11"
"50","Suchomimus","Suchomimus.1"
"51","Suchomimus","Suchomimus.2"
"52","Suchomimus","Suchomimus.3"
"53","Baryonyx","Baryonyx.1"
"54","Baryonyx","Baryonyx.2"
"55","Baryonyx","Baryonyx.3"
 
* Phylo tree and the main data and strata files have been modified to include duplicated taxa before the scaled random trees are generated.
* Selected categorical labels column: diving.or.not
* diving.or.equal column is identical to Diving column.
* Regression excludes flying taxa.
* Diving labels that are present in regression: 0,2
* lambda (calculated from a random tree) = : 0.14
* index-name alignment check: OK
