Logfile for a session of program: bootstrap_binary.r
-----------------------------------------------------
INPUT:
workDir: C:/dino_nature/output/2023-11-07-D1\bs/set_63
Nbootstrapsets: 2000
phyloFDAfile: c:/dino_nature/code/phylo.fda.R
auxFile: c:/dino_nature/code/auxiliary.r
boneType: femur
regressionData.file: C:/dino_nature/output/2023-11-07-D1\bs/set_63/femur_set_63.csv
applyDataFilter: FALSE
addTreeTips: TRUE
Ntrees: 100
calculateTrees: TRUE
saveTrees: FALSE


OPERATIONAL CHECKS:
* Regression data contains multiple copies of some taxa (user added variants of existing test taxa 
   or replacements due to bootstrap are present) which are not in the phylo tree:
     original taxon,   duplicate   
"1","Cephalophus_silvicultor","Cephalophus_silvicultor.1"
"2","Cephalophus_silvicultor","Cephalophus_silvicultor.2"
"3","Dicerorhinus_sumatrensis","Dicerorhinus_sumatrensis.1"
"4","Diplomesodon_pulchellum","Diplomesodon_pulchellum.1"
"5","Mus_musculus","Mus_musculus.1"
"6","Lama_guanicoe","Lama_guanicoe.1"
"7","Brachyodus_onoideum","Brachyodus_onoideum.1"
"8","Porphyrio_hochstetteri","Porphyrio_hochstetteri.1"
"9","Okapia_johnstoni","Okapia_johnstoni.1"
"10","Megaloceros_sp","Megaloceros_sp.1"
"11","Lama_guanicoe","Lama_guanicoe.2"
"12","Okapia_johnstoni","Okapia_johnstoni.2"
"13","Lama_guanicoe","Lama_guanicoe.3"
"14","Dama_dama","Dama_dama.1"
"15","Dicerorhinus_sumatrensis","Dicerorhinus_sumatrensis.2"
"16","Uncia_uncia","Uncia_uncia.1"
"17","Euroscaptor_micrura","Euroscaptor_micrura.1"
"18","Mammuthus_sp","Mammuthus_sp.1"
"19","Sphenodon_punctatus","Sphenodon_punctatus.1"
"20","Felis_felis","Felis_felis.1"
"21","Lama_guanicoe","Lama_guanicoe.4"
"22","Palaeospheniscus","Palaeospheniscus.1"
"23","Rhaeticosaurus","Rhaeticosaurus.1"
"24","Ichtyosaurus_","Ichtyosaurus_.1"
"25","Phalacrocorax_harrisi","Phalacrocorax_harrisi.1"
"26","Rhaeticosaurus","Rhaeticosaurus.2"
"27","Spheniscus","Spheniscus.1"
"28","Hesperornis","Hesperornis.1"
"29","Neusticosaurus","Neusticosaurus.1"
"30","Alligator","Alligator.1"
"31","Alligator","Alligator.2"
"32","Ichtyosaur_sp","Ichtyosaur_sp.1"
"33","Phocanella_pumila","Phocanella_pumila.1"
"34","Psephoderma","Psephoderma.1"
"35","Chapsosaurus_","Chapsosaurus_.1"
"36","Maiacetus","Maiacetus.1"
"37","Chapsosaurus_","Chapsosaurus_.2"
"38","Hexaprotodon_garyam","Hexaprotodon_garyam.1"
"39","Hexaprotodon_garyam","Hexaprotodon_garyam.2"
"40","Ichtyosaur_sp","Ichtyosaur_sp.2"
"41","Neusticosaurus","Neusticosaurus.2"
"42","Spinosaurus_","Spinosaurus_.1"
"43","Spinosaurus_","Spinosaurus_.2"
"44","Spinosaurus_","Spinosaurus_.3"
"45","Spinosaurus_","Spinosaurus_.4"
"46","Spinosaurus_","Spinosaurus_.5"
"47","Spinosaurus_","Spinosaurus_.6"
"48","Spinosaurus_","Spinosaurus_.7"
"49","Spinosaurus_","Spinosaurus_.8"
"50","Spinosaurus_","Spinosaurus_.9"
"51","Spinosaurus_","Spinosaurus_.10"
"52","Spinosaurus_","Spinosaurus_.11"
"53","Suchomimus","Suchomimus.1"
"54","Suchomimus","Suchomimus.2"
"55","Suchomimus","Suchomimus.3"
"56","Baryonyx","Baryonyx.1"
"57","Baryonyx","Baryonyx.2"
"58","Baryonyx","Baryonyx.3"
 
* Phylo tree and the main data and strata files have been modified to include duplicated taxa before the scaled random trees are generated.
* Selected categorical labels column: diving.or.not
* diving.or.equal column is identical to Diving column.
* Regression excludes flying taxa.
* Diving labels that are present in regression: 0,2
* lambda (calculated from a random tree) = : 0.13
* index-name alignment check: OK
