Logfile for a session of program: bootstrap_binary.r
-----------------------------------------------------
INPUT:
workDir: C:/dino_nature/output/2023-11-07-D1\bs/set_1845
Nbootstrapsets: 2000
phyloFDAfile: c:/dino_nature/code/phylo.fda.R
auxFile: c:/dino_nature/code/auxiliary.r
boneType: femur
regressionData.file: C:/dino_nature/output/2023-11-07-D1\bs/set_1845/femur_set_1845.csv
applyDataFilter: FALSE
addTreeTips: TRUE
Ntrees: 100
calculateTrees: TRUE
saveTrees: FALSE


OPERATIONAL CHECKS:
* Regression data contains multiple copies of some taxa (user added variants of existing test taxa 
   or replacements due to bootstrap are present) which are not in the phylo tree:
     original taxon,   duplicate   
"1","Microgale_thomasi","Microgale_thomasi.1"
"2","Brachyodus_onoideum","Brachyodus_onoideum.1"
"3","Meles_meles","Meles_meles.1"
"4","Dromaius_","Dromaius_.1"
"5","Syncerus_caffer","Syncerus_caffer.1"
"6","Mammuthus_sp","Mammuthus_sp.1"
"7","Hemiechinus_azurites","Hemiechinus_azurites.1"
"8","Rupicapra_rupicapra","Rupicapra_rupicapra.1"
"9","Elephas_maximus","Elephas_maximus.1"
"10","Bos_taurus","Bos_taurus.1"
"11","Uncia_uncia","Uncia_uncia.1"
"12","Mustela_nivalis","Mustela_nivalis.1"
"13","Atlantisia_rogersi","Atlantisia_rogersi.1"
"14","Dromaius_","Dromaius_.2"
"15","Diplomesodon_pulchellum","Diplomesodon_pulchellum.1"
"16","Sphenodon_punctatus","Sphenodon_punctatus.1"
"17","Raphus","Raphus.1"
"18","Megaloceros_sp","Megaloceros_sp.1"
"19","Atlantisia_rogersi","Atlantisia_rogersi.2"
"20","Procavia_capensis","Procavia_capensis.1"
"21","Cephalophus_silvicultor","Cephalophus_silvicultor.1"
"22","Lacerta_viridis","Lacerta_viridis.1"
"23","Metryorhynchus","Metryorhynchus.1"
"24","Ornithorhynchus_anatinus","Ornithorhynchus_anatinus.1"
"25","Metryorhynchus","Metryorhynchus.2"
"26","Chapsosaurus_","Chapsosaurus_.1"
"27","Neusticosaurus","Neusticosaurus.1"
"28","Micropotamogale_euwenzorii","Micropotamogale_euwenzorii.1"
"29","Simosaurus_1","Simosaurus_1.1"
"30","Cryptoclidus","Cryptoclidus.1"
"31","Ichtyosaur_sp","Ichtyosaur_sp.1"
"32","Anarosaurus","Anarosaurus.1"
"33","Hippopotamus_amphibius","Hippopotamus_amphibius.1"
"34","Neusticosaurus","Neusticosaurus.2"
"35","large_eocene_stem_penguin","large_eocene_stem_penguin.1"
"36","Neusticosaurus","Neusticosaurus.3"
"37","Hexaprotodon_garyam","Hexaprotodon_garyam.1"
"38","Chapsosaurus_","Chapsosaurus_.2"
"39","Plesiosaurus","Plesiosaurus.1"
"40","Phalacrocorax_harrisi","Phalacrocorax_harrisi.1"
"41","Chironectes_minimus","Chironectes_minimus.1"
"42","Nothosaurus_102","Nothosaurus_102.1"
"43","Phalacrocorax_harrisi","Phalacrocorax_harrisi.2"
"44","Spinosaurus_","Spinosaurus_.1"
"45","Spinosaurus_","Spinosaurus_.2"
"46","Spinosaurus_","Spinosaurus_.3"
"47","Spinosaurus_","Spinosaurus_.4"
"48","Spinosaurus_","Spinosaurus_.5"
"49","Spinosaurus_","Spinosaurus_.6"
"50","Spinosaurus_","Spinosaurus_.7"
"51","Spinosaurus_","Spinosaurus_.8"
"52","Spinosaurus_","Spinosaurus_.9"
"53","Spinosaurus_","Spinosaurus_.10"
"54","Spinosaurus_","Spinosaurus_.11"
"55","Suchomimus","Suchomimus.1"
"56","Suchomimus","Suchomimus.2"
"57","Suchomimus","Suchomimus.3"
"58","Baryonyx","Baryonyx.1"
"59","Baryonyx","Baryonyx.2"
"60","Baryonyx","Baryonyx.3"
 
* Phylo tree and the main data and strata files have been modified to include duplicated taxa before the scaled random trees are generated.
* Selected categorical labels column: diving.or.not
* diving.or.equal column is identical to Diving column.
* Regression excludes flying taxa.
* Diving labels that are present in regression: 0,2
* lambda (calculated from a random tree) = : 0.09
* index-name alignment check: OK
