Logfile for a session of program: bootstrap_binary.r
-----------------------------------------------------
INPUT:
workDir: C:/dino_nature/output/2023-11-07-D1\bs/set_734
Nbootstrapsets: 2000
phyloFDAfile: c:/dino_nature/code/phylo.fda.R
auxFile: c:/dino_nature/code/auxiliary.r
boneType: femur
regressionData.file: C:/dino_nature/output/2023-11-07-D1\bs/set_734/femur_set_734.csv
applyDataFilter: FALSE
addTreeTips: TRUE
Ntrees: 100
calculateTrees: TRUE
saveTrees: FALSE


OPERATIONAL CHECKS:
* Regression data contains multiple copies of some taxa (user added variants of existing test taxa 
   or replacements due to bootstrap are present) which are not in the phylo tree:
     original taxon,   duplicate   
"1","Xenicus_giliventris","Xenicus_giliventris.1"
"2","Okapia_johnstoni","Okapia_johnstoni.1"
"3","Vulpes_vulpes","Vulpes_vulpes.1"
"4","Rattus_rattus","Rattus_rattus.1"
"5","Vulpes_vulpes","Vulpes_vulpes.2"
"6","Apteryx_australis","Apteryx_australis.1"
"7","Procavia_capensis","Procavia_capensis.1"
"8","Xenicus_giliventris","Xenicus_giliventris.2"
"9","Capreolus_capreolus","Capreolus_capreolus.1"
"10","Uncia_uncia","Uncia_uncia.1"
"11","Microgale_thomasi","Microgale_thomasi.1"
"12","Rattus_rattus","Rattus_rattus.2"
"13","Mus_musculus","Mus_musculus.1"
"14","Apteryx_australis","Apteryx_australis.2"
"15","Tribonyx_mortieri","Tribonyx_mortieri.1"
"16","Hemiechinus_azurites","Hemiechinus_azurites.1"
"17","Apteryx_owenii_","Apteryx_owenii_.1"
"18","Apteryx_owenii_","Apteryx_owenii_.2"
"19","Dromaius_","Dromaius_.1"
"20","Paraplacodus","Paraplacodus.1"
"21","Noemys_fodies","Noemys_fodies.1"
"22","Desmostylus_hesperus","Desmostylus_hesperus.1"
"23","Cricosaurus","Cricosaurus.1"
"24","Nothosaurus_mirabilis","Nothosaurus_mirabilis.1"
"25","Desmostylus_hesperus","Desmostylus_hesperus.2"
"26","Callophoca_obscura","Callophoca_obscura.1"
"27","Desmostylus_hesperus","Desmostylus_hesperus.3"
"28","Hydromys_chrysogaster","Hydromys_chrysogaster.1"
"29","Nanophoca_vitulinoides","Nanophoca_vitulinoides.1"
"30","Nothosaurus_mirabilis","Nothosaurus_mirabilis.2"
"31","Micropotamogale_euwenzorii","Micropotamogale_euwenzorii.1"
"32","Cryptoclidus","Cryptoclidus.1"
"33","Micropotamogale_euwenzorii","Micropotamogale_euwenzorii.2"
"34","Nothosaurus_150","Nothosaurus_150.1"
"35","Indohyus","Indohyus.1"
"36","Psephoderma","Psephoderma.1"
"37","Plesiosaurus","Plesiosaurus.1"
"38","Ichtyosaurus_","Ichtyosaurus_.1"
"39","Serpianosaurus","Serpianosaurus.1"
"40","Noemys_fodies","Noemys_fodies.2"
"41","Rhaeticosaurus","Rhaeticosaurus.1"
"42","Ornithorhynchus_anatinus","Ornithorhynchus_anatinus.1"
"43","Spinosaurus_","Spinosaurus_.1"
"44","Spinosaurus_","Spinosaurus_.2"
"45","Spinosaurus_","Spinosaurus_.3"
"46","Spinosaurus_","Spinosaurus_.4"
"47","Spinosaurus_","Spinosaurus_.5"
"48","Spinosaurus_","Spinosaurus_.6"
"49","Spinosaurus_","Spinosaurus_.7"
"50","Spinosaurus_","Spinosaurus_.8"
"51","Spinosaurus_","Spinosaurus_.9"
"52","Spinosaurus_","Spinosaurus_.10"
"53","Spinosaurus_","Spinosaurus_.11"
"54","Suchomimus","Suchomimus.1"
"55","Suchomimus","Suchomimus.2"
"56","Suchomimus","Suchomimus.3"
"57","Baryonyx","Baryonyx.1"
"58","Baryonyx","Baryonyx.2"
"59","Baryonyx","Baryonyx.3"
 
* Phylo tree and the main data and strata files have been modified to include duplicated taxa before the scaled random trees are generated.
* Selected categorical labels column: diving.or.not
* diving.or.equal column is identical to Diving column.
* Regression excludes flying taxa.
* Diving labels that are present in regression: 0,2
* lambda (calculated from a random tree) = : 0.05
* index-name alignment check: OK
