Logfile for a session of program: bootstrap_binary.r
-----------------------------------------------------
INPUT:
workDir: C:/dino_nature/output/2023-11-07-D1\bs/set_1951
Nbootstrapsets: 2000
phyloFDAfile: c:/dino_nature/code/phylo.fda.R
auxFile: c:/dino_nature/code/auxiliary.r
boneType: femur
regressionData.file: C:/dino_nature/output/2023-11-07-D1\bs/set_1951/femur_set_1951.csv
applyDataFilter: FALSE
addTreeTips: TRUE
Ntrees: 100
calculateTrees: TRUE
saveTrees: FALSE


OPERATIONAL CHECKS:
* Regression data contains multiple copies of some taxa (user added variants of existing test taxa 
   or replacements due to bootstrap are present) which are not in the phylo tree:
     original taxon,   duplicate   
"1","Xenicus_giliventris","Xenicus_giliventris.1"
"2","Dromaius_","Dromaius_.1"
"3","Lacerta_viridis","Lacerta_viridis.1"
"4","Raphus","Raphus.1"
"5","Taxidea_taxus","Taxidea_taxus.1"
"6","Hemiechinus_azurites","Hemiechinus_azurites.1"
"7","Microgale_thomasi","Microgale_thomasi.1"
"8","Sphenodon_punctatus","Sphenodon_punctatus.1"
"9","Paguma_larvata","Paguma_larvata.1"
"10","Alces_americanus","Alces_americanus.1"
"11","Bison_bonasus","Bison_bonasus.1"
"12","Brachyodus_onoideum","Brachyodus_onoideum.1"
"13","Strigiops_habroptilus","Strigiops_habroptilus.1"
"14","Mus_musculus","Mus_musculus.1"
"15","Rynochetus_jubatus","Rynochetus_jubatus.1"
"16","Sphenodon_punctatus","Sphenodon_punctatus.2"
"17","Rynochetus_jubatus","Rynochetus_jubatus.2"
"18","Myrmecophaga_tridactyla","Myrmecophaga_tridactyla.1"
"19","Giraffa_camelopardalis","Giraffa_camelopardalis.1"
"20","Rangifer_tarandus","Rangifer_tarandus.1"
"21","Hemiechinus_azurites","Hemiechinus_azurites.2"
"22","Raphus","Raphus.2"
"23","Xenicus_giliventris","Xenicus_giliventris.2"
"24","Nothosaurus_giganteus","Nothosaurus_giganteus.1"
"25","Nothosaurus_giganteus","Nothosaurus_giganteus.2"
"26","Tapirus_terrestris","Tapirus_terrestris.1"
"27","Nothosaurus_giganteus","Nothosaurus_giganteus.3"
"28","Tapirus_terrestris","Tapirus_terrestris.2"
"29","Spheniscus","Spheniscus.1"
"30","Nothosaurus_568","Nothosaurus_568.1"
"31","Basilosaurus","Basilosaurus.1"
"32","Rhaeticosaurus","Rhaeticosaurus.1"
"33","Small_Eocene_penguin","Small_Eocene_penguin.1"
"34","Plesiosaurus","Plesiosaurus.1"
"35","Ornithorhynchus_anatinus","Ornithorhynchus_anatinus.1"
"36","Alligator","Alligator.1"
"37","Cricosaurus","Cricosaurus.1"
"38","Nothosaurus_giganteus","Nothosaurus_giganteus.4"
"39","Protochampsidae","Protochampsidae.1"
"40","Plesiosaurus","Plesiosaurus.2"
"41","Ornithorhynchus_anatinus","Ornithorhynchus_anatinus.2"
"42","Anarosaurus","Anarosaurus.1"
"43","Nothosaurus_150","Nothosaurus_150.1"
"44","Champsosaurus","Champsosaurus.1"
"45","Hippopotamus_amphibius","Hippopotamus_amphibius.1"
"46","Placondontia_indet","Placondontia_indet.1"
"47","Spinosaurus_","Spinosaurus_.1"
"48","Spinosaurus_","Spinosaurus_.2"
"49","Spinosaurus_","Spinosaurus_.3"
"50","Spinosaurus_","Spinosaurus_.4"
"51","Spinosaurus_","Spinosaurus_.5"
"52","Spinosaurus_","Spinosaurus_.6"
"53","Spinosaurus_","Spinosaurus_.7"
"54","Spinosaurus_","Spinosaurus_.8"
"55","Spinosaurus_","Spinosaurus_.9"
"56","Spinosaurus_","Spinosaurus_.10"
"57","Spinosaurus_","Spinosaurus_.11"
"58","Suchomimus","Suchomimus.1"
"59","Suchomimus","Suchomimus.2"
"60","Suchomimus","Suchomimus.3"
"61","Baryonyx","Baryonyx.1"
"62","Baryonyx","Baryonyx.2"
"63","Baryonyx","Baryonyx.3"
 
* Phylo tree and the main data and strata files have been modified to include duplicated taxa before the scaled random trees are generated.
* Selected categorical labels column: diving.or.not
* diving.or.equal column is identical to Diving column.
* Regression excludes flying taxa.
* Diving labels that are present in regression: 0,2
* lambda (calculated from a random tree) = : 0.12
* index-name alignment check: OK
