Logfile for a session of program: bootstrap_binary.r
-----------------------------------------------------
INPUT:
workDir: C:/dino_nature/output/2023-11-07-D1\bs/set_213
Nbootstrapsets: 2000
phyloFDAfile: c:/dino_nature/code/phylo.fda.R
auxFile: c:/dino_nature/code/auxiliary.r
boneType: femur
regressionData.file: C:/dino_nature/output/2023-11-07-D1\bs/set_213/femur_set_213.csv
applyDataFilter: FALSE
addTreeTips: TRUE
Ntrees: 100
calculateTrees: TRUE
saveTrees: FALSE


OPERATIONAL CHECKS:
* Regression data contains multiple copies of some taxa (user added variants of existing test taxa 
   or replacements due to bootstrap are present) which are not in the phylo tree:
     original taxon,   duplicate   
"1","Rynochetus_jubatus","Rynochetus_jubatus.1"
"2","Okapia_johnstoni","Okapia_johnstoni.1"
"3","Microgale_thomasi","Microgale_thomasi.1"
"4","Okapia_johnstoni","Okapia_johnstoni.2"
"5","Dasyurus_maculatus","Dasyurus_maculatus.1"
"6","Rhinoceros_sondaicus","Rhinoceros_sondaicus.1"
"7","Paguma_larvata","Paguma_larvata.1"
"8","Loxodonta_africana","Loxodonta_africana.1"
"9","Bison_bonasus","Bison_bonasus.1"
"10","Rhinoceros_sondaicus","Rhinoceros_sondaicus.2"
"11","Elomeryx_borbonicus_","Elomeryx_borbonicus_.1"
"12","Rattus_rattus","Rattus_rattus.1"
"13","Microgale_thomasi","Microgale_thomasi.2"
"14","Bos_taurus","Bos_taurus.1"
"15","Rhinoceros_sondaicus","Rhinoceros_sondaicus.3"
"16","Okapia_johnstoni","Okapia_johnstoni.3"
"17","Syncerus_caffer","Syncerus_caffer.1"
"18","Xenicus_giliventris","Xenicus_giliventris.1"
"19","Dasyurus_maculatus","Dasyurus_maculatus.2"
"20","Paguma_larvata","Paguma_larvata.2"
"21","Paguma_larvata","Paguma_larvata.3"
"22","Paraplacodus","Paraplacodus.1"
"23","Neusticosaurus","Neusticosaurus.1"
"24","Cryptoclidus","Cryptoclidus.1"
"25","Ichtyosaurus_","Ichtyosaurus_.1"
"26","Leptophoca_proxima","Leptophoca_proxima.1"
"27","Chironectes_minimus","Chironectes_minimus.1"
"28","Tapirus_terrestris","Tapirus_terrestris.1"
"29","Phocanella_pumila","Phocanella_pumila.1"
"30","Desmana_moschata","Desmana_moschata.1"
"31","Desmana_moschata","Desmana_moschata.2"
"32","Neusticosaurus","Neusticosaurus.2"
"33","Paraplacodus","Paraplacodus.2"
"34","Ichtyosaurus_","Ichtyosaurus_.2"
"35","Serpianosaurus","Serpianosaurus.1"
"36","Cryptoclidus","Cryptoclidus.2"
"37","Aptenodytes______","Aptenodytes______.1"
"38","Chironectes_minimus","Chironectes_minimus.2"
"39","Castor_fiber","Castor_fiber.1"
"40","Rhaeticosaurus","Rhaeticosaurus.1"
"41","Ichtyosaur_sp","Ichtyosaur_sp.1"
"42","Leptophoca_proxima","Leptophoca_proxima.2"
"43","Spinosaurus_","Spinosaurus_.1"
"44","Spinosaurus_","Spinosaurus_.2"
"45","Spinosaurus_","Spinosaurus_.3"
"46","Spinosaurus_","Spinosaurus_.4"
"47","Spinosaurus_","Spinosaurus_.5"
"48","Spinosaurus_","Spinosaurus_.6"
"49","Spinosaurus_","Spinosaurus_.7"
"50","Spinosaurus_","Spinosaurus_.8"
"51","Spinosaurus_","Spinosaurus_.9"
"52","Spinosaurus_","Spinosaurus_.10"
"53","Spinosaurus_","Spinosaurus_.11"
"54","Suchomimus","Suchomimus.1"
"55","Suchomimus","Suchomimus.2"
"56","Suchomimus","Suchomimus.3"
"57","Baryonyx","Baryonyx.1"
"58","Baryonyx","Baryonyx.2"
"59","Baryonyx","Baryonyx.3"
 
* Phylo tree and the main data and strata files have been modified to include duplicated taxa before the scaled random trees are generated.
* Selected categorical labels column: diving.or.not
* diving.or.equal column is identical to Diving column.
* Regression excludes flying taxa.
* Diving labels that are present in regression: 0,2
* lambda (calculated from a random tree) = : 0.1
* index-name alignment check: OK
