Logfile for a session of program: bootstrap_binary.r
-----------------------------------------------------
INPUT:
workDir: C:/dino_nature/output/2023-11-07-D1\bs/set_1934
Nbootstrapsets: 2000
phyloFDAfile: c:/dino_nature/code/phylo.fda.R
auxFile: c:/dino_nature/code/auxiliary.r
boneType: femur
regressionData.file: C:/dino_nature/output/2023-11-07-D1\bs/set_1934/femur_set_1934.csv
applyDataFilter: FALSE
addTreeTips: TRUE
Ntrees: 100
calculateTrees: TRUE
saveTrees: FALSE


OPERATIONAL CHECKS:
* Regression data contains multiple copies of some taxa (user added variants of existing test taxa 
   or replacements due to bootstrap are present) which are not in the phylo tree:
     original taxon,   duplicate   
"1","Rhynchocyon_petersi","Rhynchocyon_petersi.1"
"2","Rupicapra_rupicapra","Rupicapra_rupicapra.1"
"3","Okapia_johnstoni","Okapia_johnstoni.1"
"4","Hemiechinus_azurites","Hemiechinus_azurites.1"
"5","Megaloceros_sp","Megaloceros_sp.1"
"6","Meles_meles","Meles_meles.1"
"7","Apteryx_australis","Apteryx_australis.1"
"8","Rhynchocyon_petersi","Rhynchocyon_petersi.2"
"9","Rhynchocyon_petersi","Rhynchocyon_petersi.3"
"10","Bos_taurus","Bos_taurus.1"
"11","Rupicapra_rupicapra","Rupicapra_rupicapra.2"
"12","Rattus_rattus","Rattus_rattus.1"
"13","Tamandua_tetradactyla","Tamandua_tetradactyla.1"
"14","Rattus_rattus","Rattus_rattus.2"
"15","Hemiechinus_azurites","Hemiechinus_azurites.2"
"16","Tenrec_ecaudatus","Tenrec_ecaudatus.1"
"17","Sphenodon_punctatus","Sphenodon_punctatus.1"
"18","Mammuthus_sp","Mammuthus_sp.1"
"19","Apteryx_australis","Apteryx_australis.2"
"20","Monodelphis_domestica","Monodelphis_domestica.1"
"21","Tamandua_tetradactyla","Tamandua_tetradactyla.2"
"22","Vulpes_vulpes","Vulpes_vulpes.1"
"23","Microgale_thomasi","Microgale_thomasi.1"
"24","Rupicapra_rupicapra","Rupicapra_rupicapra.3"
"25","Spheniscus","Spheniscus.1"
"26","Nothosaurus_568","Nothosaurus_568.1"
"27","Chapsosaurus_","Chapsosaurus_.1"
"28","Chapsosaurus_","Chapsosaurus_.2"
"29","Nothosaurus_mirabilis","Nothosaurus_mirabilis.1"
"30","Pistosaurus","Pistosaurus.1"
"31","Psephoderma","Psephoderma.1"
"32","Maiacetus","Maiacetus.1"
"33","Metryorhynchus","Metryorhynchus.1"
"34","Lutra_vulgaris","Lutra_vulgaris.1"
"35","Callophoca_obscura","Callophoca_obscura.1"
"36","Desmana_moschata","Desmana_moschata.1"
"37","Cricosaurus","Cricosaurus.1"
"38","Hesperornis","Hesperornis.1"
"39","Ichtyosaur_sp","Ichtyosaur_sp.1"
"40","Palaeospheniscus","Palaeospheniscus.1"
"41","Nothosaurus_mirabilis_1","Nothosaurus_mirabilis_1.1"
"42","Choeropsis_liberiensis","Choeropsis_liberiensis.1"
"43","Ichtyosaur_sp","Ichtyosaur_sp.2"
"44","Serpianosaurus","Serpianosaurus.1"
"45","Maiacetus","Maiacetus.2"
"46","Spinosaurus_","Spinosaurus_.1"
"47","Spinosaurus_","Spinosaurus_.2"
"48","Spinosaurus_","Spinosaurus_.3"
"49","Spinosaurus_","Spinosaurus_.4"
"50","Spinosaurus_","Spinosaurus_.5"
"51","Spinosaurus_","Spinosaurus_.6"
"52","Spinosaurus_","Spinosaurus_.7"
"53","Spinosaurus_","Spinosaurus_.8"
"54","Spinosaurus_","Spinosaurus_.9"
"55","Spinosaurus_","Spinosaurus_.10"
"56","Spinosaurus_","Spinosaurus_.11"
"57","Suchomimus","Suchomimus.1"
"58","Suchomimus","Suchomimus.2"
"59","Suchomimus","Suchomimus.3"
"60","Baryonyx","Baryonyx.1"
"61","Baryonyx","Baryonyx.2"
"62","Baryonyx","Baryonyx.3"
 
* Phylo tree and the main data and strata files have been modified to include duplicated taxa before the scaled random trees are generated.
* Selected categorical labels column: diving.or.not
* diving.or.equal column is identical to Diving column.
* Regression excludes flying taxa.
* Diving labels that are present in regression: 0,2
* lambda (calculated from a random tree) = : 0.1
* index-name alignment check: OK
