Logfile for a session of program: bootstrap_binary.r
-----------------------------------------------------
INPUT:
workDir: C:/dino_nature/output/2023-11-07-D1\bs/set_1904
Nbootstrapsets: 2000
phyloFDAfile: c:/dino_nature/code/phylo.fda.R
auxFile: c:/dino_nature/code/auxiliary.r
boneType: femur
regressionData.file: C:/dino_nature/output/2023-11-07-D1\bs/set_1904/femur_set_1904.csv
applyDataFilter: FALSE
addTreeTips: TRUE
Ntrees: 100
calculateTrees: TRUE
saveTrees: FALSE


OPERATIONAL CHECKS:
* Regression data contains multiple copies of some taxa (user added variants of existing test taxa 
   or replacements due to bootstrap are present) which are not in the phylo tree:
     original taxon,   duplicate   
"1","Ceratotherium_simum","Ceratotherium_simum.1"
"2","Cephalophus_silvicultor","Cephalophus_silvicultor.1"
"3","Rangifer_tarandus","Rangifer_tarandus.1"
"4","Capreolus_capreolus","Capreolus_capreolus.1"
"5","Uncia_uncia","Uncia_uncia.1"
"6","Procavia_capensis","Procavia_capensis.1"
"7","Rangifer_tarandus","Rangifer_tarandus.2"
"8","Monodelphis_domestica","Monodelphis_domestica.1"
"9","Rupicapra_rupicapra","Rupicapra_rupicapra.1"
"10","Capreolus_capreolus","Capreolus_capreolus.2"
"11","Megaloceros_sp","Megaloceros_sp.1"
"12","Bison_bonasus","Bison_bonasus.1"
"13","Rhynchocyon_petersi","Rhynchocyon_petersi.1"
"14","Rupicapra_rupicapra","Rupicapra_rupicapra.2"
"15","Rattus_rattus","Rattus_rattus.1"
"16","Apteryx_owenii_","Apteryx_owenii_.1"
"17","Rynochetus_jubatus","Rynochetus_jubatus.1"
"18","Ceratotherium_simum","Ceratotherium_simum.2"
"19","Brachyodus_onoideum","Brachyodus_onoideum.1"
"20","Monodelphis_domestica","Monodelphis_domestica.2"
"21","Bos_taurus","Bos_taurus.1"
"22","Plesiosaurus","Plesiosaurus.1"
"23","Remingtonocetus","Remingtonocetus.1"
"24","Palaeospheniscus","Palaeospheniscus.1"
"25","Placodontia_indet_1","Placodontia_indet_1.1"
"26","Dyrosaurid","Dyrosaurid.1"
"27","Anarosaurus","Anarosaurus.1"
"28","large_eocene_stem_penguin","large_eocene_stem_penguin.1"
"29","Maiacetus","Maiacetus.1"
"30","Cryptoclidus","Cryptoclidus.1"
"31","Tapirus_terrestris","Tapirus_terrestris.1"
"32","Nothosaurus_150","Nothosaurus_150.1"
"33","Placondontia_indet","Placondontia_indet.1"
"34","Psephoderma","Psephoderma.1"
"35","Plesiosaurus","Plesiosaurus.2"
"36","Hesperornis","Hesperornis.1"
"37","Maiacetus","Maiacetus.2"
"38","Basilosaurus","Basilosaurus.1"
"39","Tapirus_terrestris","Tapirus_terrestris.2"
"40","Paraplacodus","Paraplacodus.1"
"41","Nothosaurus_giganteus","Nothosaurus_giganteus.1"
"42","Spinosaurus_","Spinosaurus_.1"
"43","Spinosaurus_","Spinosaurus_.2"
"44","Spinosaurus_","Spinosaurus_.3"
"45","Spinosaurus_","Spinosaurus_.4"
"46","Spinosaurus_","Spinosaurus_.5"
"47","Spinosaurus_","Spinosaurus_.6"
"48","Spinosaurus_","Spinosaurus_.7"
"49","Spinosaurus_","Spinosaurus_.8"
"50","Spinosaurus_","Spinosaurus_.9"
"51","Spinosaurus_","Spinosaurus_.10"
"52","Spinosaurus_","Spinosaurus_.11"
"53","Suchomimus","Suchomimus.1"
"54","Suchomimus","Suchomimus.2"
"55","Suchomimus","Suchomimus.3"
"56","Baryonyx","Baryonyx.1"
"57","Baryonyx","Baryonyx.2"
"58","Baryonyx","Baryonyx.3"
 
* Phylo tree and the main data and strata files have been modified to include duplicated taxa before the scaled random trees are generated.
* Selected categorical labels column: diving.or.not
* diving.or.equal column is identical to Diving column.
* Regression excludes flying taxa.
* Diving labels that are present in regression: 0,2
* lambda (calculated from a random tree) = : 0.1
* index-name alignment check: OK
