Logfile for a session of program: bootstrap_binary.r
-----------------------------------------------------
INPUT:
workDir: C:/dino_nature/output/2023-11-07-D1\bs/set_312
Nbootstrapsets: 2000
phyloFDAfile: c:/dino_nature/code/phylo.fda.R
auxFile: c:/dino_nature/code/auxiliary.r
boneType: femur
regressionData.file: C:/dino_nature/output/2023-11-07-D1\bs/set_312/femur_set_312.csv
applyDataFilter: FALSE
addTreeTips: TRUE
Ntrees: 100
calculateTrees: TRUE
saveTrees: FALSE


OPERATIONAL CHECKS:
* Regression data contains multiple copies of some taxa (user added variants of existing test taxa 
   or replacements due to bootstrap are present) which are not in the phylo tree:
     original taxon,   duplicate   
"1","Vulpes_vulpes","Vulpes_vulpes.1"
"2","Monodelphis_domestica","Monodelphis_domestica.1"
"3","Tribonyx_mortieri","Tribonyx_mortieri.1"
"4","Ceratotherium_simum","Ceratotherium_simum.1"
"5","Lama_guanicoe","Lama_guanicoe.1"
"6","Lama_guanicoe","Lama_guanicoe.2"
"7","Taxidea_taxus","Taxidea_taxus.1"
"8","Raphus","Raphus.1"
"9","Nyctereutes_procyonoides","Nyctereutes_procyonoides.1"
"10","Sus_scrofa","Sus_scrofa.1"
"11","Myrmecophaga_tridactyla","Myrmecophaga_tridactyla.1"
"12","Strigiops_habroptilus","Strigiops_habroptilus.1"
"13","Lama_guanicoe","Lama_guanicoe.3"
"14","Apteryx_owenii_","Apteryx_owenii_.1"
"15","Sus_scrofa","Sus_scrofa.2"
"16","Mus_musculus","Mus_musculus.1"
"17","Diplomesodon_pulchellum","Diplomesodon_pulchellum.1"
"18","Sus_scrofa","Sus_scrofa.3"
"19","Hemiechinus_azurites","Hemiechinus_azurites.1"
"20","Rhynchocyon_petersi","Rhynchocyon_petersi.1"
"21","Pistosaurus","Pistosaurus.1"
"22","Desmana_moschata","Desmana_moschata.1"
"23","Desmana_moschata","Desmana_moschata.2"
"24","Aptenodytes______","Aptenodytes______.1"
"25","Castor_fiber","Castor_fiber.1"
"26","Paraplacodus","Paraplacodus.1"
"27","Ichtyosaurus_","Ichtyosaurus_.1"
"28","Ornithorhynchus_anatinus","Ornithorhynchus_anatinus.1"
"29","Desmana_moschata","Desmana_moschata.3"
"30","Ichtyosaur_sp","Ichtyosaur_sp.1"
"31","Ichtyosaurus_","Ichtyosaurus_.2"
"32","Leptophoca_proxima","Leptophoca_proxima.1"
"33","Ichtyosaur_sp","Ichtyosaur_sp.2"
"34","Plesiosaurus","Plesiosaurus.1"
"35","Cricosaurus","Cricosaurus.1"
"36","Hydromys_chrysogaster","Hydromys_chrysogaster.1"
"37","Anarosaurus","Anarosaurus.1"
"38","Palaeospheniscus","Palaeospheniscus.1"
"39","Nothosaurus_mirabilis","Nothosaurus_mirabilis.1"
"40","Maiacetus","Maiacetus.1"
"41","Ichtyosaurus_","Ichtyosaurus_.3"
"42","Castor_fiber","Castor_fiber.2"
"43","Spinosaurus_","Spinosaurus_.1"
"44","Spinosaurus_","Spinosaurus_.2"
"45","Spinosaurus_","Spinosaurus_.3"
"46","Spinosaurus_","Spinosaurus_.4"
"47","Spinosaurus_","Spinosaurus_.5"
"48","Spinosaurus_","Spinosaurus_.6"
"49","Spinosaurus_","Spinosaurus_.7"
"50","Spinosaurus_","Spinosaurus_.8"
"51","Spinosaurus_","Spinosaurus_.9"
"52","Spinosaurus_","Spinosaurus_.10"
"53","Spinosaurus_","Spinosaurus_.11"
"54","Suchomimus","Suchomimus.1"
"55","Suchomimus","Suchomimus.2"
"56","Suchomimus","Suchomimus.3"
"57","Baryonyx","Baryonyx.1"
"58","Baryonyx","Baryonyx.2"
"59","Baryonyx","Baryonyx.3"
 
* Phylo tree and the main data and strata files have been modified to include duplicated taxa before the scaled random trees are generated.
* Selected categorical labels column: diving.or.not
* diving.or.equal column is identical to Diving column.
* Regression excludes flying taxa.
* Diving labels that are present in regression: 0,2
* lambda (calculated from a random tree) = : 0.1
* index-name alignment check: OK
