Logfile for a session of program: bootstrap_binary.r
-----------------------------------------------------
INPUT:
workDir: C:/dino_nature/output/2023-11-07-D1\bs/set_1190
Nbootstrapsets: 2000
phyloFDAfile: c:/dino_nature/code/phylo.fda.R
auxFile: c:/dino_nature/code/auxiliary.r
boneType: femur
regressionData.file: C:/dino_nature/output/2023-11-07-D1\bs/set_1190/femur_set_1190.csv
applyDataFilter: FALSE
addTreeTips: TRUE
Ntrees: 100
calculateTrees: TRUE
saveTrees: FALSE


OPERATIONAL CHECKS:
* Regression data contains multiple copies of some taxa (user added variants of existing test taxa 
   or replacements due to bootstrap are present) which are not in the phylo tree:
     original taxon,   duplicate   
"1","Dama_dama","Dama_dama.1"
"2","Monodelphis_domestica","Monodelphis_domestica.1"
"3","Giraffa_camelopardalis","Giraffa_camelopardalis.1"
"4","Myrmecophaga_tridactyla","Myrmecophaga_tridactyla.1"
"5","Sphenodon_punctatus","Sphenodon_punctatus.1"
"6","Sphenodon_punctatus","Sphenodon_punctatus.2"
"7","Tribonyx_mortieri","Tribonyx_mortieri.1"
"8","Atlantisia_rogersi","Atlantisia_rogersi.1"
"9","Dicerorhinus_sumatrensis","Dicerorhinus_sumatrensis.1"
"10","Rhynchocyon_petersi","Rhynchocyon_petersi.1"
"11","Monodelphis_domestica","Monodelphis_domestica.2"
"12","Rattus_rattus","Rattus_rattus.1"
"13","Dama_dama","Dama_dama.2"
"14","Myrmecophaga_tridactyla","Myrmecophaga_tridactyla.2"
"15","Syncerus_caffer","Syncerus_caffer.1"
"16","Rattus_rattus","Rattus_rattus.2"
"17","Tribonyx_mortieri","Tribonyx_mortieri.2"
"18","Ceratotherium_simum","Ceratotherium_simum.1"
"19","Dromaius_","Dromaius_.1"
"20","Ceratotherium_simum","Ceratotherium_simum.2"
"21","Tribonyx_mortieri","Tribonyx_mortieri.3"
"22","Tenrec_ecaudatus","Tenrec_ecaudatus.1"
"23","Anarosaurus","Anarosaurus.1"
"24","Nothosaurus_giganteus","Nothosaurus_giganteus.1"
"25","Ornithorhynchus_anatinus","Ornithorhynchus_anatinus.1"
"26","Lutra_vulgaris","Lutra_vulgaris.1"
"27","Hippopotamus_amphibius","Hippopotamus_amphibius.1"
"28","Anarosaurus","Anarosaurus.2"
"29","Tapirus_terrestris","Tapirus_terrestris.1"
"30","Desmostylus_hesperus","Desmostylus_hesperus.1"
"31","Hydromys_chrysogaster","Hydromys_chrysogaster.1"
"32","Nothosaurus_giganteus","Nothosaurus_giganteus.2"
"33","Anarosaurus","Anarosaurus.3"
"34","Psephoderma","Psephoderma.1"
"35","Nothosaurus_giganteus","Nothosaurus_giganteus.3"
"36","Anarosaurus","Anarosaurus.4"
"37","Rhaeticosaurus","Rhaeticosaurus.1"
"38","Phalacrocorax_harrisi","Phalacrocorax_harrisi.1"
"39","Maiacetus","Maiacetus.1"
"40","Spinosaurus_","Spinosaurus_.1"
"41","Spinosaurus_","Spinosaurus_.2"
"42","Spinosaurus_","Spinosaurus_.3"
"43","Spinosaurus_","Spinosaurus_.4"
"44","Spinosaurus_","Spinosaurus_.5"
"45","Spinosaurus_","Spinosaurus_.6"
"46","Spinosaurus_","Spinosaurus_.7"
"47","Spinosaurus_","Spinosaurus_.8"
"48","Spinosaurus_","Spinosaurus_.9"
"49","Spinosaurus_","Spinosaurus_.10"
"50","Spinosaurus_","Spinosaurus_.11"
"51","Suchomimus","Suchomimus.1"
"52","Suchomimus","Suchomimus.2"
"53","Suchomimus","Suchomimus.3"
"54","Baryonyx","Baryonyx.1"
"55","Baryonyx","Baryonyx.2"
"56","Baryonyx","Baryonyx.3"
 
* Phylo tree and the main data and strata files have been modified to include duplicated taxa before the scaled random trees are generated.
* Selected categorical labels column: diving.or.not
* diving.or.equal column is identical to Diving column.
* Regression excludes flying taxa.
* Diving labels that are present in regression: 0,2
* lambda (calculated from a random tree) = : 0.09
* index-name alignment check: OK
