Logfile for a session of program: bootstrap_binary.r
-----------------------------------------------------
INPUT:
workDir: C:/dino_nature/output/2023-11-07-D1\bs/set_1169
Nbootstrapsets: 2000
phyloFDAfile: c:/dino_nature/code/phylo.fda.R
auxFile: c:/dino_nature/code/auxiliary.r
boneType: femur
regressionData.file: C:/dino_nature/output/2023-11-07-D1\bs/set_1169/femur_set_1169.csv
applyDataFilter: FALSE
addTreeTips: TRUE
Ntrees: 100
calculateTrees: TRUE
saveTrees: FALSE


OPERATIONAL CHECKS:
* Regression data contains multiple copies of some taxa (user added variants of existing test taxa 
   or replacements due to bootstrap are present) which are not in the phylo tree:
     original taxon,   duplicate   
"1","Dasyurus_maculatus","Dasyurus_maculatus.1"
"2","Tenrec_ecaudatus","Tenrec_ecaudatus.1"
"3","Procyon_lotor","Procyon_lotor.1"
"4","Monodelphis_domestica","Monodelphis_domestica.1"
"5","Rhynchocyon_petersi","Rhynchocyon_petersi.1"
"6","Diplomesodon_pulchellum","Diplomesodon_pulchellum.1"
"7","Tamandua_tetradactyla","Tamandua_tetradactyla.1"
"8","Dasyurus_maculatus","Dasyurus_maculatus.2"
"9","Rattus_rattus","Rattus_rattus.1"
"10","Rhynchocyon_petersi","Rhynchocyon_petersi.2"
"11","Dicerorhinus_sumatrensis","Dicerorhinus_sumatrensis.1"
"12","Porphyrio_hochstetteri","Porphyrio_hochstetteri.1"
"13","Capreolus_capreolus","Capreolus_capreolus.1"
"14","Alces_americanus","Alces_americanus.1"
"15","Procyon_lotor","Procyon_lotor.2"
"16","Rattus_rattus","Rattus_rattus.2"
"17","Hemiechinus_azurites","Hemiechinus_azurites.1"
"18","Dromaius_","Dromaius_.1"
"19","Alces_americanus","Alces_americanus.2"
"20","Lacerta_viridis","Lacerta_viridis.1"
"21","Tamandua_tetradactyla","Tamandua_tetradactyla.2"
"22","Sus_scrofa","Sus_scrofa.1"
"23","Monodelphis_domestica","Monodelphis_domestica.2"
"24","Nothosaurus_102","Nothosaurus_102.1"
"25","Micropotamogale_euwenzorii","Micropotamogale_euwenzorii.1"
"26","Anarosaurus","Anarosaurus.1"
"27","Castor_fiber","Castor_fiber.1"
"28","Paraplacodus","Paraplacodus.1"
"29","Phalacrocorax_harrisi","Phalacrocorax_harrisi.1"
"30","Phalacrocorax_harrisi","Phalacrocorax_harrisi.2"
"31","Nothosaurus_102","Nothosaurus_102.2"
"32","Ichtyosaur_sp","Ichtyosaur_sp.1"
"33","Simosaurus","Simosaurus.1"
"34","Micropotamogale_euwenzorii","Micropotamogale_euwenzorii.2"
"35","Simosaurus","Simosaurus.2"
"36","Dyrosaurid","Dyrosaurid.1"
"37","Callophoca_obscura","Callophoca_obscura.1"
"38","Nothosaurus_568","Nothosaurus_568.1"
"39","Remingtonocetus","Remingtonocetus.1"
"40","Paraplacodus","Paraplacodus.2"
"41","Champsosaurus","Champsosaurus.1"
"42","Dyrosaurid","Dyrosaurid.2"
"43","Simosaurus_1","Simosaurus_1.1"
"44","Hesperornis","Hesperornis.1"
"45","Anarosaurus","Anarosaurus.2"
"46","Spinosaurus_","Spinosaurus_.1"
"47","Spinosaurus_","Spinosaurus_.2"
"48","Spinosaurus_","Spinosaurus_.3"
"49","Spinosaurus_","Spinosaurus_.4"
"50","Spinosaurus_","Spinosaurus_.5"
"51","Spinosaurus_","Spinosaurus_.6"
"52","Spinosaurus_","Spinosaurus_.7"
"53","Spinosaurus_","Spinosaurus_.8"
"54","Spinosaurus_","Spinosaurus_.9"
"55","Spinosaurus_","Spinosaurus_.10"
"56","Spinosaurus_","Spinosaurus_.11"
"57","Suchomimus","Suchomimus.1"
"58","Suchomimus","Suchomimus.2"
"59","Suchomimus","Suchomimus.3"
"60","Baryonyx","Baryonyx.1"
"61","Baryonyx","Baryonyx.2"
"62","Baryonyx","Baryonyx.3"
 
* Phylo tree and the main data and strata files have been modified to include duplicated taxa before the scaled random trees are generated.
* Selected categorical labels column: diving.or.not
* diving.or.equal column is identical to Diving column.
* Regression excludes flying taxa.
* Diving labels that are present in regression: 0,2
* lambda (calculated from a random tree) = : 0.09
* index-name alignment check: OK
