Logfile for a session of program: bootstrap_binary.r
-----------------------------------------------------
INPUT:
workDir: C:/dino_nature/output/2023-11-07-D1\bs/set_1852
Nbootstrapsets: 2000
phyloFDAfile: c:/dino_nature/code/phylo.fda.R
auxFile: c:/dino_nature/code/auxiliary.r
boneType: femur
regressionData.file: C:/dino_nature/output/2023-11-07-D1\bs/set_1852/femur_set_1852.csv
applyDataFilter: FALSE
addTreeTips: TRUE
Ntrees: 100
calculateTrees: TRUE
saveTrees: FALSE


OPERATIONAL CHECKS:
* Regression data contains multiple copies of some taxa (user added variants of existing test taxa 
   or replacements due to bootstrap are present) which are not in the phylo tree:
     original taxon,   duplicate   
"1","Euroscaptor_micrura","Euroscaptor_micrura.1"
"2","Caloenas_nicobarica","Caloenas_nicobarica.1"
"3","Sus_scrofa","Sus_scrofa.1"
"4","Tenrec_ecaudatus","Tenrec_ecaudatus.1"
"5","Raphus","Raphus.1"
"6","Meles_meles","Meles_meles.1"
"7","Loxodonta_africana","Loxodonta_africana.1"
"8","Alces_americanus","Alces_americanus.1"
"9","Apteryx_australis","Apteryx_australis.1"
"10","Atlantisia_rogersi","Atlantisia_rogersi.1"
"11","Rhynchocyon_petersi","Rhynchocyon_petersi.1"
"12","Rhynchocyon_petersi","Rhynchocyon_petersi.2"
"13","Atlantisia_rogersi","Atlantisia_rogersi.2"
"14","Apteryx_owenii_","Apteryx_owenii_.1"
"15","Lama_guanicoe","Lama_guanicoe.1"
"16","Procavia_capensis","Procavia_capensis.1"
"17","Microgale_thomasi","Microgale_thomasi.1"
"18","Cephalophus_silvicultor","Cephalophus_silvicultor.1"
"19","Apteryx_australis","Apteryx_australis.2"
"20","Elephas_maximus","Elephas_maximus.1"
"21","Nothosaurus_568","Nothosaurus_568.1"
"22","Psephoderma","Psephoderma.1"
"23","Nothosaurus_568","Nothosaurus_568.2"
"24","Pistosaurus","Pistosaurus.1"
"25","Anarosaurus","Anarosaurus.1"
"26","Nothosaurus_102","Nothosaurus_102.1"
"27","Lutra_vulgaris","Lutra_vulgaris.1"
"28","Callophoca_obscura","Callophoca_obscura.1"
"29","Choeropsis_liberiensis","Choeropsis_liberiensis.1"
"30","Hesperornis","Hesperornis.1"
"31","Nothosaurus_150","Nothosaurus_150.1"
"32","Rhaeticosaurus","Rhaeticosaurus.1"
"33","Ornithorhynchus_anatinus","Ornithorhynchus_anatinus.1"
"34","Rhaeticosaurus","Rhaeticosaurus.2"
"35","Placodontia_indet_1","Placodontia_indet_1.1"
"36","Cryptoclidus","Cryptoclidus.1"
"37","Pistosaurus","Pistosaurus.2"
"38","Hexaprotodon_garyam","Hexaprotodon_garyam.1"
"39","Tapirus_terrestris","Tapirus_terrestris.1"
"40","Lutra_vulgaris","Lutra_vulgaris.2"
"41","Choeropsis_liberiensis","Choeropsis_liberiensis.2"
"42","Spinosaurus_","Spinosaurus_.1"
"43","Spinosaurus_","Spinosaurus_.2"
"44","Spinosaurus_","Spinosaurus_.3"
"45","Spinosaurus_","Spinosaurus_.4"
"46","Spinosaurus_","Spinosaurus_.5"
"47","Spinosaurus_","Spinosaurus_.6"
"48","Spinosaurus_","Spinosaurus_.7"
"49","Spinosaurus_","Spinosaurus_.8"
"50","Spinosaurus_","Spinosaurus_.9"
"51","Spinosaurus_","Spinosaurus_.10"
"52","Spinosaurus_","Spinosaurus_.11"
"53","Suchomimus","Suchomimus.1"
"54","Suchomimus","Suchomimus.2"
"55","Suchomimus","Suchomimus.3"
"56","Baryonyx","Baryonyx.1"
"57","Baryonyx","Baryonyx.2"
"58","Baryonyx","Baryonyx.3"
 
* Phylo tree and the main data and strata files have been modified to include duplicated taxa before the scaled random trees are generated.
* Selected categorical labels column: diving.or.not
* diving.or.equal column is identical to Diving column.
* Regression excludes flying taxa.
* Diving labels that are present in regression: 0,2
* lambda (calculated from a random tree) = : 0.09
* index-name alignment check: OK
