Logfile for a session of program: bootstrap_binary.r
-----------------------------------------------------
INPUT:
workDir: C:/dino_nature/output/2023-11-07-D1\bs/set_538
Nbootstrapsets: 2000
phyloFDAfile: c:/dino_nature/code/phylo.fda.R
auxFile: c:/dino_nature/code/auxiliary.r
boneType: femur
regressionData.file: C:/dino_nature/output/2023-11-07-D1\bs/set_538/femur_set_538.csv
applyDataFilter: FALSE
addTreeTips: TRUE
Ntrees: 100
calculateTrees: TRUE
saveTrees: FALSE


OPERATIONAL CHECKS:
* Regression data contains multiple copies of some taxa (user added variants of existing test taxa 
   or replacements due to bootstrap are present) which are not in the phylo tree:
     original taxon,   duplicate   
"1","Raphus","Raphus.1"
"2","Microgale_thomasi","Microgale_thomasi.1"
"3","Tenrec_ecaudatus","Tenrec_ecaudatus.1"
"4","Caloenas_nicobarica","Caloenas_nicobarica.1"
"5","Raphus","Raphus.2"
"6","Uncia_uncia","Uncia_uncia.1"
"7","Apteryx_owenii_","Apteryx_owenii_.1"
"8","Elomeryx_borbonicus_","Elomeryx_borbonicus_.1"
"9","Tribonyx_mortieri","Tribonyx_mortieri.1"
"10","Paguma_larvata","Paguma_larvata.1"
"11","Microgale_thomasi","Microgale_thomasi.2"
"12","Elomeryx_borbonicus_","Elomeryx_borbonicus_.2"
"13","Apteryx_owenii_","Apteryx_owenii_.2"
"14","Apteryx_owenii_","Apteryx_owenii_.3"
"15","Pogona_viceps","Pogona_viceps.1"
"16","Raphus","Raphus.3"
"17","Meles_meles","Meles_meles.1"
"18","Hemiechinus_azurites","Hemiechinus_azurites.1"
"19","Bison_bonasus","Bison_bonasus.1"
"20","Uncia_uncia","Uncia_uncia.2"
"21","Nothosaurus_giganteus","Nothosaurus_giganteus.1"
"22","Nothosaurus_giganteus","Nothosaurus_giganteus.2"
"23","Nothosaurus_mirabilis","Nothosaurus_mirabilis.1"
"24","Desmana_moschata","Desmana_moschata.1"
"25","Rhaeticosaurus","Rhaeticosaurus.1"
"26","Rhaeticosaurus","Rhaeticosaurus.2"
"27","Nothosaurus_150","Nothosaurus_150.1"
"28","Castor_fiber","Castor_fiber.1"
"29","Nothosaurus_568","Nothosaurus_568.1"
"30","Nothosaurus_mirabilis_1","Nothosaurus_mirabilis_1.1"
"31","Chironectes_minimus","Chironectes_minimus.1"
"32","Micropotamogale_euwenzorii","Micropotamogale_euwenzorii.1"
"33","Hydromys_chrysogaster","Hydromys_chrysogaster.1"
"34","Rhaeticosaurus","Rhaeticosaurus.3"
"35","Nothosaurus_150","Nothosaurus_150.2"
"36","Desmana_moschata","Desmana_moschata.2"
"37","Nothosaurus_150","Nothosaurus_150.3"
"38","Leptophoca_proxima","Leptophoca_proxima.1"
"39","Spheniscus","Spheniscus.1"
"40","Dyrosaurid","Dyrosaurid.1"
"41","Desmostylus_hesperus","Desmostylus_hesperus.1"
"42","Caiman_yacare","Caiman_yacare.1"
"43","Callophoca_obscura","Callophoca_obscura.1"
"44","Chironectes_minimus","Chironectes_minimus.2"
"45","Hydromys_chrysogaster","Hydromys_chrysogaster.2"
"46","Caiman_yacare","Caiman_yacare.2"
"47","Spinosaurus_","Spinosaurus_.1"
"48","Spinosaurus_","Spinosaurus_.2"
"49","Spinosaurus_","Spinosaurus_.3"
"50","Spinosaurus_","Spinosaurus_.4"
"51","Spinosaurus_","Spinosaurus_.5"
"52","Spinosaurus_","Spinosaurus_.6"
"53","Spinosaurus_","Spinosaurus_.7"
"54","Spinosaurus_","Spinosaurus_.8"
"55","Spinosaurus_","Spinosaurus_.9"
"56","Spinosaurus_","Spinosaurus_.10"
"57","Spinosaurus_","Spinosaurus_.11"
"58","Suchomimus","Suchomimus.1"
"59","Suchomimus","Suchomimus.2"
"60","Suchomimus","Suchomimus.3"
"61","Baryonyx","Baryonyx.1"
"62","Baryonyx","Baryonyx.2"
"63","Baryonyx","Baryonyx.3"
 
* Phylo tree and the main data and strata files have been modified to include duplicated taxa before the scaled random trees are generated.
* Selected categorical labels column: diving.or.not
* diving.or.equal column is identical to Diving column.
* Regression excludes flying taxa.
* Diving labels that are present in regression: 0,2
* lambda (calculated from a random tree) = : 0.04
* index-name alignment check: OK
