Logfile for a session of program: bootstrap_binary.r
-----------------------------------------------------
INPUT:
workDir: C:/dino_nature/output/2023-11-07-D1\bs/set_1955
Nbootstrapsets: 2000
phyloFDAfile: c:/dino_nature/code/phylo.fda.R
auxFile: c:/dino_nature/code/auxiliary.r
boneType: femur
regressionData.file: C:/dino_nature/output/2023-11-07-D1\bs/set_1955/femur_set_1955.csv
applyDataFilter: FALSE
addTreeTips: TRUE
Ntrees: 100
calculateTrees: TRUE
saveTrees: FALSE


OPERATIONAL CHECKS:
* Regression data contains multiple copies of some taxa (user added variants of existing test taxa 
   or replacements due to bootstrap are present) which are not in the phylo tree:
     original taxon,   duplicate   
"1","Pogona_viceps","Pogona_viceps.1"
"2","Nyctereutes_procyonoides","Nyctereutes_procyonoides.1"
"3","Capreolus_capreolus","Capreolus_capreolus.1"
"4","Rhinoceros_sondaicus","Rhinoceros_sondaicus.1"
"5","Mammuthus_sp","Mammuthus_sp.1"
"6","Syncerus_caffer","Syncerus_caffer.1"
"7","Xenicus_giliventris","Xenicus_giliventris.1"
"8","Mus_musculus","Mus_musculus.1"
"9","Ceratotherium_simum","Ceratotherium_simum.1"
"10","Capreolus_capreolus","Capreolus_capreolus.2"
"11","Microgale_thomasi","Microgale_thomasi.1"
"12","Microgale_thomasi","Microgale_thomasi.2"
"13","Dromaius_","Dromaius_.1"
"14","Mammuthus_sp","Mammuthus_sp.2"
"15","Syncerus_caffer","Syncerus_caffer.2"
"16","Mammuthus_sp","Mammuthus_sp.3"
"17","Rhinoceros_sondaicus","Rhinoceros_sondaicus.2"
"18","Giraffa_camelopardalis","Giraffa_camelopardalis.1"
"19","Dromaius_","Dromaius_.2"
"20","Apteryx_australis","Apteryx_australis.1"
"21","Hemiechinus_azurites","Hemiechinus_azurites.1"
"22","Giraffa_camelopardalis","Giraffa_camelopardalis.2"
"23","Basilosaurus","Basilosaurus.1"
"24","Chapsosaurus_","Chapsosaurus_.1"
"25","Callophoca_obscura","Callophoca_obscura.1"
"26","Hexaprotodon_garyam","Hexaprotodon_garyam.1"
"27","Psephoderma","Psephoderma.1"
"28","Desmostylus_hesperus","Desmostylus_hesperus.1"
"29","Noemys_fodies","Noemys_fodies.1"
"30","Plesiosaurus","Plesiosaurus.1"
"31","Ornithorhynchus_anatinus","Ornithorhynchus_anatinus.1"
"32","Neusticosaurus","Neusticosaurus.1"
"33","Micropotamogale_euwenzorii","Micropotamogale_euwenzorii.1"
"34","Desmostylus_hesperus","Desmostylus_hesperus.2"
"35","Castor_fiber","Castor_fiber.1"
"36","Castor_fiber","Castor_fiber.2"
"37","Castor_fiber","Castor_fiber.3"
"38","Hesperornis","Hesperornis.1"
"39","Remingtonocetus","Remingtonocetus.1"
"40","Spinosaurus_","Spinosaurus_.1"
"41","Spinosaurus_","Spinosaurus_.2"
"42","Spinosaurus_","Spinosaurus_.3"
"43","Spinosaurus_","Spinosaurus_.4"
"44","Spinosaurus_","Spinosaurus_.5"
"45","Spinosaurus_","Spinosaurus_.6"
"46","Spinosaurus_","Spinosaurus_.7"
"47","Spinosaurus_","Spinosaurus_.8"
"48","Spinosaurus_","Spinosaurus_.9"
"49","Spinosaurus_","Spinosaurus_.10"
"50","Spinosaurus_","Spinosaurus_.11"
"51","Suchomimus","Suchomimus.1"
"52","Suchomimus","Suchomimus.2"
"53","Suchomimus","Suchomimus.3"
"54","Baryonyx","Baryonyx.1"
"55","Baryonyx","Baryonyx.2"
"56","Baryonyx","Baryonyx.3"
 
* Phylo tree and the main data and strata files have been modified to include duplicated taxa before the scaled random trees are generated.
* Selected categorical labels column: diving.or.not
* diving.or.equal column is identical to Diving column.
* Regression excludes flying taxa.
* Diving labels that are present in regression: 0,2
* lambda (calculated from a random tree) = : 0.05
* index-name alignment check: OK
