Logfile for a session of program: bootstrap_binary.r
-----------------------------------------------------
INPUT:
workDir: C:/dino_nature/output/2023-11-07-D1\bs/set_30
Nbootstrapsets: 2000
phyloFDAfile: c:/dino_nature/code/phylo.fda.R
auxFile: c:/dino_nature/code/auxiliary.r
boneType: femur
regressionData.file: C:/dino_nature/output/2023-11-07-D1\bs/set_30/femur_set_30.csv
applyDataFilter: FALSE
addTreeTips: TRUE
Ntrees: 100
calculateTrees: TRUE
saveTrees: FALSE


OPERATIONAL CHECKS:
* Regression data contains multiple copies of some taxa (user added variants of existing test taxa 
   or replacements due to bootstrap are present) which are not in the phylo tree:
     original taxon,   duplicate   
"1","Strigiops_habroptilus","Strigiops_habroptilus.1"
"2","Xenicus_giliventris","Xenicus_giliventris.1"
"3","Tenrec_ecaudatus","Tenrec_ecaudatus.1"
"4","Ceratotherium_simum","Ceratotherium_simum.1"
"5","Brachyodus_onoideum","Brachyodus_onoideum.1"
"6","Mammuthus_sp","Mammuthus_sp.1"
"7","Tribonyx_mortieri","Tribonyx_mortieri.1"
"8","Brachyodus_onoideum","Brachyodus_onoideum.2"
"9","Ceratotherium_simum","Ceratotherium_simum.2"
"10","Tenrec_ecaudatus","Tenrec_ecaudatus.2"
"11","Uncia_uncia","Uncia_uncia.1"
"12","Uncia_uncia","Uncia_uncia.2"
"13","Strigiops_habroptilus","Strigiops_habroptilus.2"
"14","Raphus","Raphus.1"
"15","Uncia_uncia","Uncia_uncia.3"
"16","Taxidea_taxus","Taxidea_taxus.1"
"17","Mustela_nivalis","Mustela_nivalis.1"
"18","Mus_musculus","Mus_musculus.1"
"19","Hemiechinus_azurites","Hemiechinus_azurites.1"
"20","Monodelphis_domestica","Monodelphis_domestica.1"
"21","Rattus_rattus","Rattus_rattus.1"
"22","Brachyodus_onoideum","Brachyodus_onoideum.3"
"23","Megaloceros_sp","Megaloceros_sp.1"
"24","Nothosaurus_giganteus","Nothosaurus_giganteus.1"
"25","Aptenodytes______","Aptenodytes______.1"
"26","Nanophoca_vitulinoides","Nanophoca_vitulinoides.1"
"27","Nothosaurus_150","Nothosaurus_150.1"
"28","large_eocene_stem_penguin","large_eocene_stem_penguin.1"
"29","Spheniscus","Spheniscus.1"
"30","large_eocene_stem_penguin","large_eocene_stem_penguin.2"
"31","Hexaprotodon_garyam","Hexaprotodon_garyam.1"
"32","Placodontia_indet_1","Placodontia_indet_1.1"
"33","Choeropsis_liberiensis","Choeropsis_liberiensis.1"
"34","Indohyus","Indohyus.1"
"35","Indohyus","Indohyus.2"
"36","Caiman_yacare","Caiman_yacare.1"
"37","large_eocene_stem_penguin","large_eocene_stem_penguin.3"
"38","Caiman_yacare","Caiman_yacare.2"
"39","Leptophoca_proxima","Leptophoca_proxima.1"
"40","Protochampsidae","Protochampsidae.1"
"41","Ichtyosaurus_","Ichtyosaurus_.1"
"42","Ichtyosaurus_","Ichtyosaurus_.2"
"43","Simosaurus_1","Simosaurus_1.1"
"44","Desmostylus_hesperus","Desmostylus_hesperus.1"
"45","Spinosaurus_","Spinosaurus_.1"
"46","Spinosaurus_","Spinosaurus_.2"
"47","Spinosaurus_","Spinosaurus_.3"
"48","Spinosaurus_","Spinosaurus_.4"
"49","Spinosaurus_","Spinosaurus_.5"
"50","Spinosaurus_","Spinosaurus_.6"
"51","Spinosaurus_","Spinosaurus_.7"
"52","Spinosaurus_","Spinosaurus_.8"
"53","Spinosaurus_","Spinosaurus_.9"
"54","Spinosaurus_","Spinosaurus_.10"
"55","Spinosaurus_","Spinosaurus_.11"
"56","Suchomimus","Suchomimus.1"
"57","Suchomimus","Suchomimus.2"
"58","Suchomimus","Suchomimus.3"
"59","Baryonyx","Baryonyx.1"
"60","Baryonyx","Baryonyx.2"
"61","Baryonyx","Baryonyx.3"
 
* Phylo tree and the main data and strata files have been modified to include duplicated taxa before the scaled random trees are generated.
* Selected categorical labels column: diving.or.not
* diving.or.equal column is identical to Diving column.
* Regression excludes flying taxa.
* Diving labels that are present in regression: 0,2
* lambda (calculated from a random tree) = : 0.13
* index-name alignment check: OK
