Logfile for a session of program: bootstrap_binary.r
-----------------------------------------------------
INPUT:
workDir: C:/dino_nature/output/2023-11-07-D1\bs/set_1065
Nbootstrapsets: 2000
phyloFDAfile: c:/dino_nature/code/phylo.fda.R
auxFile: c:/dino_nature/code/auxiliary.r
boneType: femur
regressionData.file: C:/dino_nature/output/2023-11-07-D1\bs/set_1065/femur_set_1065.csv
applyDataFilter: FALSE
addTreeTips: TRUE
Ntrees: 100
calculateTrees: TRUE
saveTrees: FALSE


OPERATIONAL CHECKS:
* Regression data contains multiple copies of some taxa (user added variants of existing test taxa 
   or replacements due to bootstrap are present) which are not in the phylo tree:
     original taxon,   duplicate   
"1","Dasyurus_maculatus","Dasyurus_maculatus.1"
"2","Dasyurus_maculatus","Dasyurus_maculatus.2"
"3","Dasyurus_maculatus","Dasyurus_maculatus.3"
"4","Apteryx_australis","Apteryx_australis.1"
"5","Lacerta_viridis","Lacerta_viridis.1"
"6","Dromaius_","Dromaius_.1"
"7","Bos_taurus","Bos_taurus.1"
"8","Dromaius_","Dromaius_.2"
"9","Dromaius_","Dromaius_.3"
"10","Megaloceros_sp","Megaloceros_sp.1"
"11","Atlantisia_rogersi","Atlantisia_rogersi.1"
"12","Apteryx_australis","Apteryx_australis.2"
"13","Apteryx_australis","Apteryx_australis.3"
"14","Rynochetus_jubatus","Rynochetus_jubatus.1"
"15","Dasyurus_maculatus","Dasyurus_maculatus.4"
"16","Rhinoceros_sondaicus","Rhinoceros_sondaicus.1"
"17","Rynochetus_jubatus","Rynochetus_jubatus.2"
"18","Rattus_rattus","Rattus_rattus.1"
"19","Brachyodus_onoideum","Brachyodus_onoideum.1"
"20","Desmostylus_hesperus","Desmostylus_hesperus.1"
"21","Aptenodytes______","Aptenodytes______.1"
"22","Choeropsis_liberiensis","Choeropsis_liberiensis.1"
"23","Alligator","Alligator.1"
"24","Dyrosaurid","Dyrosaurid.1"
"25","Maiacetus","Maiacetus.1"
"26","Desmostylus_hesperus","Desmostylus_hesperus.2"
"27","Alligator","Alligator.2"
"28","Desmostylus_hesperus","Desmostylus_hesperus.3"
"29","Ornithorhynchus_anatinus","Ornithorhynchus_anatinus.1"
"30","Simosaurus_1","Simosaurus_1.1"
"31","Aptenodytes______","Aptenodytes______.2"
"32","Ornithorhynchus_anatinus","Ornithorhynchus_anatinus.2"
"33","Nothosaurus_giganteus","Nothosaurus_giganteus.1"
"34","Alligator","Alligator.3"
"35","Small_Eocene_penguin","Small_Eocene_penguin.1"
"36","Spinosaurus_","Spinosaurus_.1"
"37","Spinosaurus_","Spinosaurus_.2"
"38","Spinosaurus_","Spinosaurus_.3"
"39","Spinosaurus_","Spinosaurus_.4"
"40","Spinosaurus_","Spinosaurus_.5"
"41","Spinosaurus_","Spinosaurus_.6"
"42","Spinosaurus_","Spinosaurus_.7"
"43","Spinosaurus_","Spinosaurus_.8"
"44","Spinosaurus_","Spinosaurus_.9"
"45","Spinosaurus_","Spinosaurus_.10"
"46","Spinosaurus_","Spinosaurus_.11"
"47","Suchomimus","Suchomimus.1"
"48","Suchomimus","Suchomimus.2"
"49","Suchomimus","Suchomimus.3"
"50","Baryonyx","Baryonyx.1"
"51","Baryonyx","Baryonyx.2"
"52","Baryonyx","Baryonyx.3"
 
* Phylo tree and the main data and strata files have been modified to include duplicated taxa before the scaled random trees are generated.
* Selected categorical labels column: diving.or.not
* diving.or.equal column is identical to Diving column.
* Regression excludes flying taxa.
* Diving labels that are present in regression: 0,2
* lambda (calculated from a random tree) = : 0.09
* index-name alignment check: OK
