Logfile for a session of program: bootstrap_binary.r
-----------------------------------------------------
INPUT:
workDir: C:/dino_nature/output/2023-11-07-D1\bs/set_1625
Nbootstrapsets: 2000
phyloFDAfile: c:/dino_nature/code/phylo.fda.R
auxFile: c:/dino_nature/code/auxiliary.r
boneType: femur
regressionData.file: C:/dino_nature/output/2023-11-07-D1\bs/set_1625/femur_set_1625.csv
applyDataFilter: FALSE
addTreeTips: TRUE
Ntrees: 100
calculateTrees: TRUE
saveTrees: FALSE


OPERATIONAL CHECKS:
* Regression data contains multiple copies of some taxa (user added variants of existing test taxa 
   or replacements due to bootstrap are present) which are not in the phylo tree:
     original taxon,   duplicate   
"1","Taxidea_taxus","Taxidea_taxus.1"
"2","Diplomesodon_pulchellum","Diplomesodon_pulchellum.1"
"3","Meles_meles","Meles_meles.1"
"4","Rhinoceros_sondaicus","Rhinoceros_sondaicus.1"
"5","Felis_felis","Felis_felis.1"
"6","Uncia_uncia","Uncia_uncia.1"
"7","Elephas_maximus","Elephas_maximus.1"
"8","Rupicapra_rupicapra","Rupicapra_rupicapra.1"
"9","Myrmecophaga_tridactyla","Myrmecophaga_tridactyla.1"
"10","Dama_dama","Dama_dama.1"
"11","Caloenas_nicobarica","Caloenas_nicobarica.1"
"12","Diplomesodon_pulchellum","Diplomesodon_pulchellum.2"
"13","Atlantisia_rogersi","Atlantisia_rogersi.1"
"14","Cephalophus_silvicultor","Cephalophus_silvicultor.1"
"15","Rhynchocyon_petersi","Rhynchocyon_petersi.1"
"16","Strigiops_habroptilus","Strigiops_habroptilus.1"
"17","Meles_meles","Meles_meles.2"
"18","Taxidea_taxus","Taxidea_taxus.2"
"19","Rhynchocyon_petersi","Rhynchocyon_petersi.2"
"20","Elephas_maximus","Elephas_maximus.2"
"21","Lacerta_viridis","Lacerta_viridis.1"
"22","Rhynchocyon_petersi","Rhynchocyon_petersi.3"
"23","Nothosaurus_150","Nothosaurus_150.1"
"24","Ichtyosaur_sp","Ichtyosaur_sp.1"
"25","Hexaprotodon_garyam","Hexaprotodon_garyam.1"
"26","Hexaprotodon_garyam","Hexaprotodon_garyam.2"
"27","Ichtyosaur_sp","Ichtyosaur_sp.2"
"28","Protochampsidae","Protochampsidae.1"
"29","Phalacrocorax_harrisi","Phalacrocorax_harrisi.1"
"30","Leptophoca_proxima","Leptophoca_proxima.1"
"31","Indohyus","Indohyus.1"
"32","Basilosaurus","Basilosaurus.1"
"33","Phalacrocorax_harrisi","Phalacrocorax_harrisi.2"
"34","Ichtyosaurus_","Ichtyosaurus_.1"
"35","Ichtyosaur_sp","Ichtyosaur_sp.3"
"36","Psephoderma","Psephoderma.1"
"37","Hesperornis","Hesperornis.1"
"38","Protochampsidae","Protochampsidae.2"
"39","Cryptoclidus","Cryptoclidus.1"
"40","Paraplacodus","Paraplacodus.1"
"41","Micropotamogale_euwenzorii","Micropotamogale_euwenzorii.1"
"42","Protochampsidae","Protochampsidae.3"
"43","Choeropsis_liberiensis","Choeropsis_liberiensis.1"
"44","Spinosaurus_","Spinosaurus_.1"
"45","Spinosaurus_","Spinosaurus_.2"
"46","Spinosaurus_","Spinosaurus_.3"
"47","Spinosaurus_","Spinosaurus_.4"
"48","Spinosaurus_","Spinosaurus_.5"
"49","Spinosaurus_","Spinosaurus_.6"
"50","Spinosaurus_","Spinosaurus_.7"
"51","Spinosaurus_","Spinosaurus_.8"
"52","Spinosaurus_","Spinosaurus_.9"
"53","Spinosaurus_","Spinosaurus_.10"
"54","Spinosaurus_","Spinosaurus_.11"
"55","Suchomimus","Suchomimus.1"
"56","Suchomimus","Suchomimus.2"
"57","Suchomimus","Suchomimus.3"
"58","Baryonyx","Baryonyx.1"
"59","Baryonyx","Baryonyx.2"
"60","Baryonyx","Baryonyx.3"
 
* Phylo tree and the main data and strata files have been modified to include duplicated taxa before the scaled random trees are generated.
* Selected categorical labels column: diving.or.not
* diving.or.equal column is identical to Diving column.
* Regression excludes flying taxa.
* Diving labels that are present in regression: 0,2
* lambda (calculated from a random tree) = : 0.15
* index-name alignment check: OK
