Logfile for a session of program: bootstrap_binary.r
-----------------------------------------------------
INPUT:
workDir: C:/dino_nature/output/2023-11-07-D1\bs/set_1511
Nbootstrapsets: 2000
phyloFDAfile: c:/dino_nature/code/phylo.fda.R
auxFile: c:/dino_nature/code/auxiliary.r
boneType: femur
regressionData.file: C:/dino_nature/output/2023-11-07-D1\bs/set_1511/femur_set_1511.csv
applyDataFilter: FALSE
addTreeTips: TRUE
Ntrees: 100
calculateTrees: TRUE
saveTrees: FALSE


OPERATIONAL CHECKS:
* Regression data contains multiple copies of some taxa (user added variants of existing test taxa 
   or replacements due to bootstrap are present) which are not in the phylo tree:
     original taxon,   duplicate   
"1","Taxidea_taxus","Taxidea_taxus.1"
"2","Taxidea_taxus","Taxidea_taxus.2"
"3","Caloenas_nicobarica","Caloenas_nicobarica.1"
"4","Paguma_larvata","Paguma_larvata.1"
"5","Strigiops_habroptilus","Strigiops_habroptilus.1"
"6","Xenicus_giliventris","Xenicus_giliventris.1"
"7","Bison_bonasus","Bison_bonasus.1"
"8","Pogona_viceps","Pogona_viceps.1"
"9","Nyctereutes_procyonoides","Nyctereutes_procyonoides.1"
"10","Vulpes_vulpes","Vulpes_vulpes.1"
"11","Paguma_larvata","Paguma_larvata.2"
"12","Pogona_viceps","Pogona_viceps.2"
"13","Bison_bonasus","Bison_bonasus.2"
"14","Strigiops_habroptilus","Strigiops_habroptilus.2"
"15","Strigiops_habroptilus","Strigiops_habroptilus.3"
"16","Tribonyx_mortieri","Tribonyx_mortieri.1"
"17","Apteryx_australis","Apteryx_australis.1"
"18","Paraplacodus","Paraplacodus.1"
"19","Phocanella_pumila","Phocanella_pumila.1"
"20","Paraplacodus","Paraplacodus.2"
"21","large_eocene_stem_penguin","large_eocene_stem_penguin.1"
"22","Ichtyosaurus_","Ichtyosaurus_.1"
"23","Nothosaurus_150","Nothosaurus_150.1"
"24","Indohyus","Indohyus.1"
"25","Simosaurus","Simosaurus.1"
"26","Caiman_yacare","Caiman_yacare.1"
"27","Rhaeticosaurus","Rhaeticosaurus.1"
"28","Chapsosaurus_","Chapsosaurus_.1"
"29","Ichtyosaur_sp","Ichtyosaur_sp.1"
"30","Paraplacodus","Paraplacodus.3"
"31","Placodontia_indet_1","Placodontia_indet_1.1"
"32","Chapsosaurus_","Chapsosaurus_.2"
"33","Nothosaurus_150","Nothosaurus_150.2"
"34","Cryptoclidus","Cryptoclidus.1"
"35","Remingtonocetus","Remingtonocetus.1"
"36","Castor_fiber","Castor_fiber.1"
"37","Nothosaurus_150","Nothosaurus_150.3"
"38","Hesperornis","Hesperornis.1"
"39","Nothosaurus_102","Nothosaurus_102.1"
"40","Spinosaurus_","Spinosaurus_.1"
"41","Spinosaurus_","Spinosaurus_.2"
"42","Spinosaurus_","Spinosaurus_.3"
"43","Spinosaurus_","Spinosaurus_.4"
"44","Spinosaurus_","Spinosaurus_.5"
"45","Spinosaurus_","Spinosaurus_.6"
"46","Spinosaurus_","Spinosaurus_.7"
"47","Spinosaurus_","Spinosaurus_.8"
"48","Spinosaurus_","Spinosaurus_.9"
"49","Spinosaurus_","Spinosaurus_.10"
"50","Spinosaurus_","Spinosaurus_.11"
"51","Suchomimus","Suchomimus.1"
"52","Suchomimus","Suchomimus.2"
"53","Suchomimus","Suchomimus.3"
"54","Baryonyx","Baryonyx.1"
"55","Baryonyx","Baryonyx.2"
"56","Baryonyx","Baryonyx.3"
 
* Phylo tree and the main data and strata files have been modified to include duplicated taxa before the scaled random trees are generated.
* Selected categorical labels column: diving.or.not
* diving.or.equal column is identical to Diving column.
* Regression excludes flying taxa.
* Diving labels that are present in regression: 0,2
* lambda (calculated from a random tree) = : 0.1
* index-name alignment check: OK
