Logfile for a session of program: bootstrap_binary.r
-----------------------------------------------------
INPUT:
workDir: C:/dino_nature/output/2023-11-07-D1\bs/set_1384
Nbootstrapsets: 2000
phyloFDAfile: c:/dino_nature/code/phylo.fda.R
auxFile: c:/dino_nature/code/auxiliary.r
boneType: femur
regressionData.file: C:/dino_nature/output/2023-11-07-D1\bs/set_1384/femur_set_1384.csv
applyDataFilter: FALSE
addTreeTips: TRUE
Ntrees: 100
calculateTrees: TRUE
saveTrees: FALSE


OPERATIONAL CHECKS:
* Regression data contains multiple copies of some taxa (user added variants of existing test taxa 
   or replacements due to bootstrap are present) which are not in the phylo tree:
     original taxon,   duplicate   
"1","Megaloceros_sp","Megaloceros_sp.1"
"2","Bison_bonasus","Bison_bonasus.1"
"3","Bison_bonasus","Bison_bonasus.2"
"4","Rhinoceros_sondaicus","Rhinoceros_sondaicus.1"
"5","Apteryx_owenii_","Apteryx_owenii_.1"
"6","Tenrec_ecaudatus","Tenrec_ecaudatus.1"
"7","Okapia_johnstoni","Okapia_johnstoni.1"
"8","Bison_bonasus","Bison_bonasus.3"
"9","Pogona_viceps","Pogona_viceps.1"
"10","Dicerorhinus_sumatrensis","Dicerorhinus_sumatrensis.1"
"11","Procavia_capensis","Procavia_capensis.1"
"12","Strigiops_habroptilus","Strigiops_habroptilus.1"
"13","Strigiops_habroptilus","Strigiops_habroptilus.2"
"14","Bison_bonasus","Bison_bonasus.4"
"15","Cephalophus_silvicultor","Cephalophus_silvicultor.1"
"16","Nyctereutes_procyonoides","Nyctereutes_procyonoides.1"
"17","Diplomesodon_pulchellum","Diplomesodon_pulchellum.1"
"18","Myrmecophaga_tridactyla","Myrmecophaga_tridactyla.1"
"19","Capreolus_capreolus","Capreolus_capreolus.1"
"20","Dicerorhinus_sumatrensis","Dicerorhinus_sumatrensis.2"
"21","Lama_guanicoe","Lama_guanicoe.1"
"22","Anarosaurus","Anarosaurus.1"
"23","Dyrosaurid","Dyrosaurid.1"
"24","Palaeospheniscus","Palaeospheniscus.1"
"25","Cricosaurus","Cricosaurus.1"
"26","Alligator","Alligator.1"
"27","Anarosaurus","Anarosaurus.2"
"28","large_eocene_stem_penguin","large_eocene_stem_penguin.1"
"29","Desmana_moschata","Desmana_moschata.1"
"30","Alligator","Alligator.2"
"31","Spheniscus","Spheniscus.1"
"32","Spheniscus","Spheniscus.2"
"33","Chironectes_minimus","Chironectes_minimus.1"
"34","large_eocene_stem_penguin","large_eocene_stem_penguin.2"
"35","Plesiosaurus","Plesiosaurus.1"
"36","Psephoderma","Psephoderma.1"
"37","Chironectes_minimus","Chironectes_minimus.2"
"38","Desmana_moschata","Desmana_moschata.2"
"39","Hesperornis","Hesperornis.1"
"40","Nothosaurus_150","Nothosaurus_150.1"
"41","Champsosaurus","Champsosaurus.1"
"42","Dyrosaurid","Dyrosaurid.2"
"43","Spinosaurus_","Spinosaurus_.1"
"44","Spinosaurus_","Spinosaurus_.2"
"45","Spinosaurus_","Spinosaurus_.3"
"46","Spinosaurus_","Spinosaurus_.4"
"47","Spinosaurus_","Spinosaurus_.5"
"48","Spinosaurus_","Spinosaurus_.6"
"49","Spinosaurus_","Spinosaurus_.7"
"50","Spinosaurus_","Spinosaurus_.8"
"51","Spinosaurus_","Spinosaurus_.9"
"52","Spinosaurus_","Spinosaurus_.10"
"53","Spinosaurus_","Spinosaurus_.11"
"54","Suchomimus","Suchomimus.1"
"55","Suchomimus","Suchomimus.2"
"56","Suchomimus","Suchomimus.3"
"57","Baryonyx","Baryonyx.1"
"58","Baryonyx","Baryonyx.2"
"59","Baryonyx","Baryonyx.3"
 
* Phylo tree and the main data and strata files have been modified to include duplicated taxa before the scaled random trees are generated.
* Selected categorical labels column: diving.or.not
* diving.or.equal column is identical to Diving column.
* Regression excludes flying taxa.
* Diving labels that are present in regression: 0,2
* lambda (calculated from a random tree) = : 0.15
* index-name alignment check: OK
