Logfile for a session of program: bootstrap_binary.r
-----------------------------------------------------
INPUT:
workDir: C:/dino_nature/output/2023-11-07-D1\bs/set_1922
Nbootstrapsets: 2000
phyloFDAfile: c:/dino_nature/code/phylo.fda.R
auxFile: c:/dino_nature/code/auxiliary.r
boneType: femur
regressionData.file: C:/dino_nature/output/2023-11-07-D1\bs/set_1922/femur_set_1922.csv
applyDataFilter: FALSE
addTreeTips: TRUE
Ntrees: 100
calculateTrees: TRUE
saveTrees: FALSE


OPERATIONAL CHECKS:
* Regression data contains multiple copies of some taxa (user added variants of existing test taxa 
   or replacements due to bootstrap are present) which are not in the phylo tree:
     original taxon,   duplicate   
"1","Diplomesodon_pulchellum","Diplomesodon_pulchellum.1"
"2","Loxodonta_africana","Loxodonta_africana.1"
"3","Brachyodus_onoideum","Brachyodus_onoideum.1"
"4","Loxodonta_africana","Loxodonta_africana.2"
"5","Nyctereutes_procyonoides","Nyctereutes_procyonoides.1"
"6","Tribonyx_mortieri","Tribonyx_mortieri.1"
"7","Brachyodus_onoideum","Brachyodus_onoideum.2"
"8","Vulpes_vulpes","Vulpes_vulpes.1"
"9","Rangifer_tarandus","Rangifer_tarandus.1"
"10","Dromaius_","Dromaius_.1"
"11","Monodelphis_domestica","Monodelphis_domestica.1"
"12","Microgale_thomasi","Microgale_thomasi.1"
"13","Raphus","Raphus.1"
"14","Taxidea_taxus","Taxidea_taxus.1"
"15","Rhinoceros_sondaicus","Rhinoceros_sondaicus.1"
"16","Rangifer_tarandus","Rangifer_tarandus.2"
"17","Raphus","Raphus.2"
"18","Mammuthus_sp","Mammuthus_sp.1"
"19","Cephalophus_silvicultor","Cephalophus_silvicultor.1"
"20","Vulpes_vulpes","Vulpes_vulpes.2"
"21","Lama_guanicoe","Lama_guanicoe.1"
"22","Dama_dama","Dama_dama.1"
"23","Maiacetus","Maiacetus.1"
"24","Aptenodytes______","Aptenodytes______.1"
"25","Phocanella_pumila","Phocanella_pumila.1"
"26","Ornithorhynchus_anatinus","Ornithorhynchus_anatinus.1"
"27","Cricosaurus","Cricosaurus.1"
"28","Desmostylus_hesperus","Desmostylus_hesperus.1"
"29","Hesperornis","Hesperornis.1"
"30","Nothosaurus_150","Nothosaurus_150.1"
"31","Callophoca_obscura","Callophoca_obscura.1"
"32","Hydromys_chrysogaster","Hydromys_chrysogaster.1"
"33","Rhaeticosaurus","Rhaeticosaurus.1"
"34","Desmostylus_hesperus","Desmostylus_hesperus.2"
"35","Dyrosaurid","Dyrosaurid.1"
"36","Desmana_moschata","Desmana_moschata.1"
"37","Ornithorhynchus_anatinus","Ornithorhynchus_anatinus.2"
"38","Small_Eocene_penguin","Small_Eocene_penguin.1"
"39","Phocanella_pumila","Phocanella_pumila.2"
"40","Neusticosaurus","Neusticosaurus.1"
"41","large_eocene_stem_penguin","large_eocene_stem_penguin.1"
"42","Nanophoca_vitulinoides","Nanophoca_vitulinoides.1"
"43","Nothosaurus_150","Nothosaurus_150.2"
"44","Spinosaurus_","Spinosaurus_.1"
"45","Spinosaurus_","Spinosaurus_.2"
"46","Spinosaurus_","Spinosaurus_.3"
"47","Spinosaurus_","Spinosaurus_.4"
"48","Spinosaurus_","Spinosaurus_.5"
"49","Spinosaurus_","Spinosaurus_.6"
"50","Spinosaurus_","Spinosaurus_.7"
"51","Spinosaurus_","Spinosaurus_.8"
"52","Spinosaurus_","Spinosaurus_.9"
"53","Spinosaurus_","Spinosaurus_.10"
"54","Spinosaurus_","Spinosaurus_.11"
"55","Suchomimus","Suchomimus.1"
"56","Suchomimus","Suchomimus.2"
"57","Suchomimus","Suchomimus.3"
"58","Baryonyx","Baryonyx.1"
"59","Baryonyx","Baryonyx.2"
"60","Baryonyx","Baryonyx.3"
 
* Phylo tree and the main data and strata files have been modified to include duplicated taxa before the scaled random trees are generated.
* Selected categorical labels column: diving.or.not
* diving.or.equal column is identical to Diving column.
* Regression excludes flying taxa.
* Diving labels that are present in regression: 0,2
* lambda (calculated from a random tree) = : 0.09
* index-name alignment check: OK
