Logfile for a session of program: bootstrap_binary.r
-----------------------------------------------------
INPUT:
workDir: C:/dino_nature/output/2023-11-07-D1\bs/set_1221
Nbootstrapsets: 2000
phyloFDAfile: c:/dino_nature/code/phylo.fda.R
auxFile: c:/dino_nature/code/auxiliary.r
boneType: femur
regressionData.file: C:/dino_nature/output/2023-11-07-D1\bs/set_1221/femur_set_1221.csv
applyDataFilter: FALSE
addTreeTips: TRUE
Ntrees: 100
calculateTrees: TRUE
saveTrees: FALSE


OPERATIONAL CHECKS:
* Regression data contains multiple copies of some taxa (user added variants of existing test taxa 
   or replacements due to bootstrap are present) which are not in the phylo tree:
     original taxon,   duplicate   
"1","Lama_guanicoe","Lama_guanicoe.1"
"2","Lama_guanicoe","Lama_guanicoe.2"
"3","Hemiechinus_azurites","Hemiechinus_azurites.1"
"4","Apteryx_australis","Apteryx_australis.1"
"5","Rupicapra_rupicapra","Rupicapra_rupicapra.1"
"6","Rupicapra_rupicapra","Rupicapra_rupicapra.2"
"7","Tamandua_tetradactyla","Tamandua_tetradactyla.1"
"8","Okapia_johnstoni","Okapia_johnstoni.1"
"9","Taxidea_taxus","Taxidea_taxus.1"
"10","Paguma_larvata","Paguma_larvata.1"
"11","Apteryx_australis","Apteryx_australis.2"
"12","Meles_meles","Meles_meles.1"
"13","Xenicus_giliventris","Xenicus_giliventris.1"
"14","Mammuthus_sp","Mammuthus_sp.1"
"15","Loxodonta_africana","Loxodonta_africana.1"
"16","Elomeryx_borbonicus_","Elomeryx_borbonicus_.1"
"17","Rynochetus_jubatus","Rynochetus_jubatus.1"
"18","Procavia_capensis","Procavia_capensis.1"
"19","Alces_americanus","Alces_americanus.1"
"20","Champsosaurus","Champsosaurus.1"
"21","Rodhocetus","Rodhocetus.1"
"22","Aptenodytes______","Aptenodytes______.1"
"23","Ichtyosaur_sp","Ichtyosaur_sp.1"
"24","Ichtyosaur_sp","Ichtyosaur_sp.2"
"25","Small_Eocene_penguin","Small_Eocene_penguin.1"
"26","Nanophoca_vitulinoides","Nanophoca_vitulinoides.1"
"27","Protochampsidae","Protochampsidae.1"
"28","Ichtyosaurus_","Ichtyosaurus_.1"
"29","Basilosaurus","Basilosaurus.1"
"30","Ichtyosaurus_","Ichtyosaurus_.2"
"31","Caiman_yacare","Caiman_yacare.1"
"32","Nothosaurus_568","Nothosaurus_568.1"
"33","Placodontia_indet_1","Placodontia_indet_1.1"
"34","Tapirus_terrestris","Tapirus_terrestris.1"
"35","Phalacrocorax_harrisi","Phalacrocorax_harrisi.1"
"36","Protochampsidae","Protochampsidae.2"
"37","Simosaurus","Simosaurus.1"
"38","Caiman_yacare","Caiman_yacare.2"
"39","Spinosaurus_","Spinosaurus_.1"
"40","Spinosaurus_","Spinosaurus_.2"
"41","Spinosaurus_","Spinosaurus_.3"
"42","Spinosaurus_","Spinosaurus_.4"
"43","Spinosaurus_","Spinosaurus_.5"
"44","Spinosaurus_","Spinosaurus_.6"
"45","Spinosaurus_","Spinosaurus_.7"
"46","Spinosaurus_","Spinosaurus_.8"
"47","Spinosaurus_","Spinosaurus_.9"
"48","Spinosaurus_","Spinosaurus_.10"
"49","Spinosaurus_","Spinosaurus_.11"
"50","Suchomimus","Suchomimus.1"
"51","Suchomimus","Suchomimus.2"
"52","Suchomimus","Suchomimus.3"
"53","Baryonyx","Baryonyx.1"
"54","Baryonyx","Baryonyx.2"
"55","Baryonyx","Baryonyx.3"
 
* Phylo tree and the main data and strata files have been modified to include duplicated taxa before the scaled random trees are generated.
* Selected categorical labels column: diving.or.not
* diving.or.equal column is identical to Diving column.
* Regression excludes flying taxa.
* Diving labels that are present in regression: 0,2
* lambda (calculated from a random tree) = : 0.18
* index-name alignment check: OK
