Logfile for a session of program: bootstrap_binary.r
-----------------------------------------------------
INPUT:
workDir: C:/dino_nature/output/2023-11-07-D1\bs/set_1092
Nbootstrapsets: 2000
phyloFDAfile: c:/dino_nature/code/phylo.fda.R
auxFile: c:/dino_nature/code/auxiliary.r
boneType: femur
regressionData.file: C:/dino_nature/output/2023-11-07-D1\bs/set_1092/femur_set_1092.csv
applyDataFilter: FALSE
addTreeTips: TRUE
Ntrees: 100
calculateTrees: TRUE
saveTrees: FALSE


OPERATIONAL CHECKS:
* Regression data contains multiple copies of some taxa (user added variants of existing test taxa 
   or replacements due to bootstrap are present) which are not in the phylo tree:
     original taxon,   duplicate   
"1","Nyctereutes_procyonoides","Nyctereutes_procyonoides.1"
"2","Pogona_viceps","Pogona_viceps.1"
"3","Brachyodus_onoideum","Brachyodus_onoideum.1"
"4","Rhynchocyon_petersi","Rhynchocyon_petersi.1"
"5","Dicerorhinus_sumatrensis","Dicerorhinus_sumatrensis.1"
"6","Dromaius_","Dromaius_.1"
"7","Rangifer_tarandus","Rangifer_tarandus.1"
"8","Felis_felis","Felis_felis.1"
"9","Capreolus_capreolus","Capreolus_capreolus.1"
"10","Sus_scrofa","Sus_scrofa.1"
"11","Rupicapra_rupicapra","Rupicapra_rupicapra.1"
"12","Cephalophus_silvicultor","Cephalophus_silvicultor.1"
"13","Meles_meles","Meles_meles.1"
"14","Rangifer_tarandus","Rangifer_tarandus.2"
"15","Dicerorhinus_sumatrensis","Dicerorhinus_sumatrensis.2"
"16","Rangifer_tarandus","Rangifer_tarandus.3"
"17","Monodelphis_domestica","Monodelphis_domestica.1"
"18","Felis_felis","Felis_felis.2"
"19","Nyctereutes_procyonoides","Nyctereutes_procyonoides.2"
"20","Okapia_johnstoni","Okapia_johnstoni.1"
"21","Ceratotherium_simum","Ceratotherium_simum.1"
"22","Elomeryx_borbonicus_","Elomeryx_borbonicus_.1"
"23","Aptenodytes______","Aptenodytes______.1"
"24","Hesperornis","Hesperornis.1"
"25","Otaria_byronia","Otaria_byronia.1"
"26","Plesiosaurus","Plesiosaurus.1"
"27","Hydromys_chrysogaster","Hydromys_chrysogaster.1"
"28","Ichtyosaur_sp","Ichtyosaur_sp.1"
"29","Pistosaurus","Pistosaurus.1"
"30","Phocanella_pumila","Phocanella_pumila.1"
"31","Nothosaurus_mirabilis_1","Nothosaurus_mirabilis_1.1"
"32","Neusticosaurus","Neusticosaurus.1"
"33","Aptenodytes______","Aptenodytes______.2"
"34","Cricosaurus","Cricosaurus.1"
"35","Maiacetus","Maiacetus.1"
"36","Spheniscus","Spheniscus.1"
"37","Metryorhynchus","Metryorhynchus.1"
"38","Aptenodytes______","Aptenodytes______.3"
"39","Spheniscus","Spheniscus.2"
"40","Nothosaurus_giganteus","Nothosaurus_giganteus.1"
"41","Otaria_byronia","Otaria_byronia.2"
"42","Plesiosaurus","Plesiosaurus.2"
"43","Chapsosaurus_","Chapsosaurus_.1"
"44","Caiman_yacare","Caiman_yacare.1"
"45","Spinosaurus_","Spinosaurus_.1"
"46","Spinosaurus_","Spinosaurus_.2"
"47","Spinosaurus_","Spinosaurus_.3"
"48","Spinosaurus_","Spinosaurus_.4"
"49","Spinosaurus_","Spinosaurus_.5"
"50","Spinosaurus_","Spinosaurus_.6"
"51","Spinosaurus_","Spinosaurus_.7"
"52","Spinosaurus_","Spinosaurus_.8"
"53","Spinosaurus_","Spinosaurus_.9"
"54","Spinosaurus_","Spinosaurus_.10"
"55","Spinosaurus_","Spinosaurus_.11"
"56","Suchomimus","Suchomimus.1"
"57","Suchomimus","Suchomimus.2"
"58","Suchomimus","Suchomimus.3"
"59","Baryonyx","Baryonyx.1"
"60","Baryonyx","Baryonyx.2"
"61","Baryonyx","Baryonyx.3"
 
* Phylo tree and the main data and strata files have been modified to include duplicated taxa before the scaled random trees are generated.
* Selected categorical labels column: diving.or.not
* diving.or.equal column is identical to Diving column.
* Regression excludes flying taxa.
* Diving labels that are present in regression: 0,2
* lambda (calculated from a random tree) = : 0.12
* index-name alignment check: OK
