Logfile for a session of program: bootstrap_binary.r
-----------------------------------------------------
INPUT:
workDir: C:/dino_nature/output/2023-11-07-D1\bs/set_1246
Nbootstrapsets: 2000
phyloFDAfile: c:/dino_nature/code/phylo.fda.R
auxFile: c:/dino_nature/code/auxiliary.r
boneType: femur
regressionData.file: C:/dino_nature/output/2023-11-07-D1\bs/set_1246/femur_set_1246.csv
applyDataFilter: FALSE
addTreeTips: TRUE
Ntrees: 100
calculateTrees: TRUE
saveTrees: FALSE


OPERATIONAL CHECKS:
* Regression data contains multiple copies of some taxa (user added variants of existing test taxa 
   or replacements due to bootstrap are present) which are not in the phylo tree:
     original taxon,   duplicate   
"1","Loxodonta_africana","Loxodonta_africana.1"
"2","Porphyrio_hochstetteri","Porphyrio_hochstetteri.1"
"3","Nyctereutes_procyonoides","Nyctereutes_procyonoides.1"
"4","Lacerta_viridis","Lacerta_viridis.1"
"5","Pogona_viceps","Pogona_viceps.1"
"6","Atlantisia_rogersi","Atlantisia_rogersi.1"
"7","Lama_guanicoe","Lama_guanicoe.1"
"8","Rattus_rattus","Rattus_rattus.1"
"9","Syncerus_caffer","Syncerus_caffer.1"
"10","Lacerta_viridis","Lacerta_viridis.2"
"11","Dasyurus_maculatus","Dasyurus_maculatus.1"
"12","Megaloceros_sp","Megaloceros_sp.1"
"13","Procyon_lotor","Procyon_lotor.1"
"14","Rangifer_tarandus","Rangifer_tarandus.1"
"15","Mammuthus_sp","Mammuthus_sp.1"
"16","Monodelphis_domestica","Monodelphis_domestica.1"
"17","Megaloceros_sp","Megaloceros_sp.2"
"18","Brachyodus_onoideum","Brachyodus_onoideum.1"
"19","Alces_americanus","Alces_americanus.1"
"20","Mammuthus_sp","Mammuthus_sp.2"
"21","Monodelphis_domestica","Monodelphis_domestica.2"
"22","Noemys_fodies","Noemys_fodies.1"
"23","Lutra_vulgaris","Lutra_vulgaris.1"
"24","Caiman_yacare","Caiman_yacare.1"
"25","Cryptoclidus","Cryptoclidus.1"
"26","Rhaeticosaurus","Rhaeticosaurus.1"
"27","Desmostylus_hesperus","Desmostylus_hesperus.1"
"28","Caiman_yacare","Caiman_yacare.2"
"29","Simosaurus_1","Simosaurus_1.1"
"30","Nanophoca_vitulinoides","Nanophoca_vitulinoides.1"
"31","Nanophoca_vitulinoides","Nanophoca_vitulinoides.2"
"32","Hexaprotodon_garyam","Hexaprotodon_garyam.1"
"33","Simosaurus_1","Simosaurus_1.2"
"34","Desmostylus_hesperus","Desmostylus_hesperus.2"
"35","Leptophoca_proxima","Leptophoca_proxima.1"
"36","Psephoderma","Psephoderma.1"
"37","Cricosaurus","Cricosaurus.1"
"38","Nothosaurus_mirabilis_1","Nothosaurus_mirabilis_1.1"
"39","Lutra_vulgaris","Lutra_vulgaris.2"
"40","Aptenodytes______","Aptenodytes______.1"
"41","Plesiosaurus","Plesiosaurus.1"
"42","Spinosaurus_","Spinosaurus_.1"
"43","Spinosaurus_","Spinosaurus_.2"
"44","Spinosaurus_","Spinosaurus_.3"
"45","Spinosaurus_","Spinosaurus_.4"
"46","Spinosaurus_","Spinosaurus_.5"
"47","Spinosaurus_","Spinosaurus_.6"
"48","Spinosaurus_","Spinosaurus_.7"
"49","Spinosaurus_","Spinosaurus_.8"
"50","Spinosaurus_","Spinosaurus_.9"
"51","Spinosaurus_","Spinosaurus_.10"
"52","Spinosaurus_","Spinosaurus_.11"
"53","Suchomimus","Suchomimus.1"
"54","Suchomimus","Suchomimus.2"
"55","Suchomimus","Suchomimus.3"
"56","Baryonyx","Baryonyx.1"
"57","Baryonyx","Baryonyx.2"
"58","Baryonyx","Baryonyx.3"
 
* Phylo tree and the main data and strata files have been modified to include duplicated taxa before the scaled random trees are generated.
* Selected categorical labels column: diving.or.not
* diving.or.equal column is identical to Diving column.
* Regression excludes flying taxa.
* Diving labels that are present in regression: 0,2
* lambda (calculated from a random tree) = : 0.09
* index-name alignment check: OK
