Logfile for a session of program: bootstrap_binary.r
-----------------------------------------------------
INPUT:
workDir: C:/dino_nature/output/2023-11-07-D1\bs/set_1120
Nbootstrapsets: 2000
phyloFDAfile: c:/dino_nature/code/phylo.fda.R
auxFile: c:/dino_nature/code/auxiliary.r
boneType: femur
regressionData.file: C:/dino_nature/output/2023-11-07-D1\bs/set_1120/femur_set_1120.csv
applyDataFilter: FALSE
addTreeTips: TRUE
Ntrees: 100
calculateTrees: TRUE
saveTrees: FALSE


OPERATIONAL CHECKS:
* Regression data contains multiple copies of some taxa (user added variants of existing test taxa 
   or replacements due to bootstrap are present) which are not in the phylo tree:
     original taxon,   duplicate   
"1","Meles_meles","Meles_meles.1"
"2","Caloenas_nicobarica","Caloenas_nicobarica.1"
"3","Tamandua_tetradactyla","Tamandua_tetradactyla.1"
"4","Apteryx_australis","Apteryx_australis.1"
"5","Porphyrio_hochstetteri","Porphyrio_hochstetteri.1"
"6","Raphus","Raphus.1"
"7","Strigiops_habroptilus","Strigiops_habroptilus.1"
"8","Caloenas_nicobarica","Caloenas_nicobarica.2"
"9","Capreolus_capreolus","Capreolus_capreolus.1"
"10","Raphus","Raphus.2"
"11","Myrmecophaga_tridactyla","Myrmecophaga_tridactyla.1"
"12","Nyctereutes_procyonoides","Nyctereutes_procyonoides.1"
"13","Bison_bonasus","Bison_bonasus.1"
"14","Pogona_viceps","Pogona_viceps.1"
"15","Paguma_larvata","Paguma_larvata.1"
"16","Apteryx_owenii_","Apteryx_owenii_.1"
"17","Meles_meles","Meles_meles.2"
"18","Mustela_nivalis","Mustela_nivalis.1"
"19","Giraffa_camelopardalis","Giraffa_camelopardalis.1"
"20","Capreolus_capreolus","Capreolus_capreolus.2"
"21","Tribonyx_mortieri","Tribonyx_mortieri.1"
"22","Raphus","Raphus.3"
"23","Diplomesodon_pulchellum","Diplomesodon_pulchellum.1"
"24","Mustela_nivalis","Mustela_nivalis.2"
"25","Plesiosaurus","Plesiosaurus.1"
"26","Dyrosaurid","Dyrosaurid.1"
"27","Nothosaurus_102","Nothosaurus_102.1"
"28","Ichtyosaur_sp","Ichtyosaur_sp.1"
"29","Hesperornis","Hesperornis.1"
"30","Hippopotamus_amphibius","Hippopotamus_amphibius.1"
"31","Ornithorhynchus_anatinus","Ornithorhynchus_anatinus.1"
"32","Hippopotamus_amphibius","Hippopotamus_amphibius.2"
"33","Neusticosaurus","Neusticosaurus.1"
"34","Chironectes_minimus","Chironectes_minimus.1"
"35","Nothosaurus_102","Nothosaurus_102.2"
"36","Simosaurus","Simosaurus.1"
"37","Ichtyosaur_sp","Ichtyosaur_sp.2"
"38","Plesiosaurus","Plesiosaurus.2"
"39","Nothosaurus_150","Nothosaurus_150.1"
"40","Dyrosaurid","Dyrosaurid.2"
"41","Ichtyosaurus_","Ichtyosaurus_.1"
"42","Cricosaurus","Cricosaurus.1"
"43","Cricosaurus","Cricosaurus.2"
"44","Metryorhynchus","Metryorhynchus.1"
"45","Placondontia_indet","Placondontia_indet.1"
"46","Spinosaurus_","Spinosaurus_.1"
"47","Spinosaurus_","Spinosaurus_.2"
"48","Spinosaurus_","Spinosaurus_.3"
"49","Spinosaurus_","Spinosaurus_.4"
"50","Spinosaurus_","Spinosaurus_.5"
"51","Spinosaurus_","Spinosaurus_.6"
"52","Spinosaurus_","Spinosaurus_.7"
"53","Spinosaurus_","Spinosaurus_.8"
"54","Spinosaurus_","Spinosaurus_.9"
"55","Spinosaurus_","Spinosaurus_.10"
"56","Spinosaurus_","Spinosaurus_.11"
"57","Suchomimus","Suchomimus.1"
"58","Suchomimus","Suchomimus.2"
"59","Suchomimus","Suchomimus.3"
"60","Baryonyx","Baryonyx.1"
"61","Baryonyx","Baryonyx.2"
"62","Baryonyx","Baryonyx.3"
 
* Phylo tree and the main data and strata files have been modified to include duplicated taxa before the scaled random trees are generated.
* Selected categorical labels column: diving.or.not
* diving.or.equal column is identical to Diving column.
* Regression excludes flying taxa.
* Diving labels that are present in regression: 0,2
* lambda (calculated from a random tree) = : 0.12
* index-name alignment check: OK
