Logfile for a session of program: bootstrap_binary.r
-----------------------------------------------------
INPUT:
workDir: C:/dino_nature/output/2023-11-07-D1\bs/set_427
Nbootstrapsets: 2000
phyloFDAfile: c:/dino_nature/code/phylo.fda.R
auxFile: c:/dino_nature/code/auxiliary.r
boneType: femur
regressionData.file: C:/dino_nature/output/2023-11-07-D1\bs/set_427/femur_set_427.csv
applyDataFilter: FALSE
addTreeTips: TRUE
Ntrees: 100
calculateTrees: TRUE
saveTrees: FALSE


OPERATIONAL CHECKS:
* Regression data contains multiple copies of some taxa (user added variants of existing test taxa 
   or replacements due to bootstrap are present) which are not in the phylo tree:
     original taxon,   duplicate   
"1","Dama_dama","Dama_dama.1"
"2","Rupicapra_rupicapra","Rupicapra_rupicapra.1"
"3","Rangifer_tarandus","Rangifer_tarandus.1"
"4","Porphyrio_hochstetteri","Porphyrio_hochstetteri.1"
"5","Rupicapra_rupicapra","Rupicapra_rupicapra.2"
"6","Meles_meles","Meles_meles.1"
"7","Dasyurus_maculatus","Dasyurus_maculatus.1"
"8","Elomeryx_borbonicus_","Elomeryx_borbonicus_.1"
"9","Apteryx_australis","Apteryx_australis.1"
"10","Raphus","Raphus.1"
"11","Procyon_lotor","Procyon_lotor.1"
"12","Procavia_capensis","Procavia_capensis.1"
"13","Syncerus_caffer","Syncerus_caffer.1"
"14","Pogona_viceps","Pogona_viceps.1"
"15","Pogona_viceps","Pogona_viceps.2"
"16","Apteryx_australis","Apteryx_australis.2"
"17","Brachyodus_onoideum","Brachyodus_onoideum.1"
"18","Microgale_thomasi","Microgale_thomasi.1"
"19","Monodelphis_domestica","Monodelphis_domestica.1"
"20","Monodelphis_domestica","Monodelphis_domestica.2"
"21","Micropotamogale_euwenzorii","Micropotamogale_euwenzorii.1"
"22","Basilosaurus","Basilosaurus.1"
"23","Placodontia_indet_1","Placodontia_indet_1.1"
"24","Palaeospheniscus","Palaeospheniscus.1"
"25","Plesiosaurus","Plesiosaurus.1"
"26","Cryptoclidus","Cryptoclidus.1"
"27","Simosaurus_1","Simosaurus_1.1"
"28","Cryptoclidus","Cryptoclidus.2"
"29","Serpianosaurus","Serpianosaurus.1"
"30","Nothosaurus_mirabilis","Nothosaurus_mirabilis.1"
"31","Simosaurus_1","Simosaurus_1.2"
"32","Anarosaurus","Anarosaurus.1"
"33","Ornithorhynchus_anatinus","Ornithorhynchus_anatinus.1"
"34","Simosaurus","Simosaurus.1"
"35","Paraplacodus","Paraplacodus.1"
"36","Plesiosaurus","Plesiosaurus.2"
"37","Basilosaurus","Basilosaurus.2"
"38","Small_Eocene_penguin","Small_Eocene_penguin.1"
"39","Nothosaurus_150","Nothosaurus_150.1"
"40","Cryptoclidus","Cryptoclidus.3"
"41","Protochampsidae","Protochampsidae.1"
"42","Paraplacodus","Paraplacodus.2"
"43","Simosaurus","Simosaurus.2"
"44","Spinosaurus_","Spinosaurus_.1"
"45","Spinosaurus_","Spinosaurus_.2"
"46","Spinosaurus_","Spinosaurus_.3"
"47","Spinosaurus_","Spinosaurus_.4"
"48","Spinosaurus_","Spinosaurus_.5"
"49","Spinosaurus_","Spinosaurus_.6"
"50","Spinosaurus_","Spinosaurus_.7"
"51","Spinosaurus_","Spinosaurus_.8"
"52","Spinosaurus_","Spinosaurus_.9"
"53","Spinosaurus_","Spinosaurus_.10"
"54","Spinosaurus_","Spinosaurus_.11"
"55","Suchomimus","Suchomimus.1"
"56","Suchomimus","Suchomimus.2"
"57","Suchomimus","Suchomimus.3"
"58","Baryonyx","Baryonyx.1"
"59","Baryonyx","Baryonyx.2"
"60","Baryonyx","Baryonyx.3"
 
* Phylo tree and the main data and strata files have been modified to include duplicated taxa before the scaled random trees are generated.
* Selected categorical labels column: diving.or.not
* diving.or.equal column is identical to Diving column.
* Regression excludes flying taxa.
* Diving labels that are present in regression: 0,2
* lambda (calculated from a random tree) = : 0.15
* index-name alignment check: OK
