Logfile for a session of program: bootstrap_binary.r
-----------------------------------------------------
INPUT:
workDir: C:/dino_nature/output/2023-11-07-D1\bs/set_1228
Nbootstrapsets: 2000
phyloFDAfile: c:/dino_nature/code/phylo.fda.R
auxFile: c:/dino_nature/code/auxiliary.r
boneType: femur
regressionData.file: C:/dino_nature/output/2023-11-07-D1\bs/set_1228/femur_set_1228.csv
applyDataFilter: FALSE
addTreeTips: TRUE
Ntrees: 100
calculateTrees: TRUE
saveTrees: FALSE


OPERATIONAL CHECKS:
* Regression data contains multiple copies of some taxa (user added variants of existing test taxa 
   or replacements due to bootstrap are present) which are not in the phylo tree:
     original taxon,   duplicate   
"1","Vulpes_vulpes","Vulpes_vulpes.1"
"2","Vulpes_vulpes","Vulpes_vulpes.2"
"3","Procavia_capensis","Procavia_capensis.1"
"4","Procavia_capensis","Procavia_capensis.2"
"5","Elomeryx_borbonicus_","Elomeryx_borbonicus_.1"
"6","Rhynchocyon_petersi","Rhynchocyon_petersi.1"
"7","Dama_dama","Dama_dama.1"
"8","Nyctereutes_procyonoides","Nyctereutes_procyonoides.1"
"9","Syncerus_caffer","Syncerus_caffer.1"
"10","Procyon_lotor","Procyon_lotor.1"
"11","Dasyurus_maculatus","Dasyurus_maculatus.1"
"12","Rhynchocyon_petersi","Rhynchocyon_petersi.2"
"13","Rupicapra_rupicapra","Rupicapra_rupicapra.1"
"14","Procyon_lotor","Procyon_lotor.2"
"15","Bison_bonasus","Bison_bonasus.1"
"16","Taxidea_taxus","Taxidea_taxus.1"
"17","Syncerus_caffer","Syncerus_caffer.2"
"18","Sphenodon_punctatus","Sphenodon_punctatus.1"
"19","Choeropsis_liberiensis","Choeropsis_liberiensis.1"
"20","Champsosaurus","Champsosaurus.1"
"21","Ichtyosaurus_","Ichtyosaurus_.1"
"22","Rhaeticosaurus","Rhaeticosaurus.1"
"23","Placondontia_indet","Placondontia_indet.1"
"24","Callophoca_obscura","Callophoca_obscura.1"
"25","Serpianosaurus","Serpianosaurus.1"
"26","Placodontia_indet_1","Placodontia_indet_1.1"
"27","Chironectes_minimus","Chironectes_minimus.1"
"28","Ornithorhynchus_anatinus","Ornithorhynchus_anatinus.1"
"29","Ornithorhynchus_anatinus","Ornithorhynchus_anatinus.2"
"30","Ornithorhynchus_anatinus","Ornithorhynchus_anatinus.3"
"31","Remingtonocetus","Remingtonocetus.1"
"32","Metryorhynchus","Metryorhynchus.1"
"33","Phalacrocorax_harrisi","Phalacrocorax_harrisi.1"
"34","Caiman_yacare","Caiman_yacare.1"
"35","Leptophoca_proxima","Leptophoca_proxima.1"
"36","Spheniscus","Spheniscus.1"
"37","Ichtyosaurus_","Ichtyosaurus_.2"
"38","Remingtonocetus","Remingtonocetus.2"
"39","Callophoca_obscura","Callophoca_obscura.2"
"40","Nothosaurus_150","Nothosaurus_150.1"
"41","Protochampsidae","Protochampsidae.1"
"42","Spinosaurus_","Spinosaurus_.1"
"43","Spinosaurus_","Spinosaurus_.2"
"44","Spinosaurus_","Spinosaurus_.3"
"45","Spinosaurus_","Spinosaurus_.4"
"46","Spinosaurus_","Spinosaurus_.5"
"47","Spinosaurus_","Spinosaurus_.6"
"48","Spinosaurus_","Spinosaurus_.7"
"49","Spinosaurus_","Spinosaurus_.8"
"50","Spinosaurus_","Spinosaurus_.9"
"51","Spinosaurus_","Spinosaurus_.10"
"52","Spinosaurus_","Spinosaurus_.11"
"53","Suchomimus","Suchomimus.1"
"54","Suchomimus","Suchomimus.2"
"55","Suchomimus","Suchomimus.3"
"56","Baryonyx","Baryonyx.1"
"57","Baryonyx","Baryonyx.2"
"58","Baryonyx","Baryonyx.3"
 
* Phylo tree and the main data and strata files have been modified to include duplicated taxa before the scaled random trees are generated.
* Selected categorical labels column: diving.or.not
* diving.or.equal column is identical to Diving column.
* Regression excludes flying taxa.
* Diving labels that are present in regression: 0,2
* lambda (calculated from a random tree) = : 0.11
* index-name alignment check: OK
