Logfile for a session of program: bootstrap_binary.r
-----------------------------------------------------
INPUT:
workDir: C:/dino_nature/output/2023-11-07-D1\bs/set_1362
Nbootstrapsets: 2000
phyloFDAfile: c:/dino_nature/code/phylo.fda.R
auxFile: c:/dino_nature/code/auxiliary.r
boneType: femur
regressionData.file: C:/dino_nature/output/2023-11-07-D1\bs/set_1362/femur_set_1362.csv
applyDataFilter: FALSE
addTreeTips: TRUE
Ntrees: 100
calculateTrees: TRUE
saveTrees: FALSE


OPERATIONAL CHECKS:
* Regression data contains multiple copies of some taxa (user added variants of existing test taxa 
   or replacements due to bootstrap are present) which are not in the phylo tree:
     original taxon,   duplicate   
"1","Bison_bonasus","Bison_bonasus.1"
"2","Nyctereutes_procyonoides","Nyctereutes_procyonoides.1"
"3","Bos_taurus","Bos_taurus.1"
"4","Rynochetus_jubatus","Rynochetus_jubatus.1"
"5","Monodelphis_domestica","Monodelphis_domestica.1"
"6","Okapia_johnstoni","Okapia_johnstoni.1"
"7","Tamandua_tetradactyla","Tamandua_tetradactyla.1"
"8","Procyon_lotor","Procyon_lotor.1"
"9","Brachyodus_onoideum","Brachyodus_onoideum.1"
"10","Okapia_johnstoni","Okapia_johnstoni.2"
"11","Cephalophus_silvicultor","Cephalophus_silvicultor.1"
"12","Strigiops_habroptilus","Strigiops_habroptilus.1"
"13","Lama_guanicoe","Lama_guanicoe.1"
"14","Lacerta_viridis","Lacerta_viridis.1"
"15","Nyctereutes_procyonoides","Nyctereutes_procyonoides.2"
"16","Bison_bonasus","Bison_bonasus.2"
"17","Tenrec_ecaudatus","Tenrec_ecaudatus.1"
"18","Remingtonocetus","Remingtonocetus.1"
"19","Nothosaurus_102","Nothosaurus_102.1"
"20","Small_Eocene_penguin","Small_Eocene_penguin.1"
"21","Hesperornis","Hesperornis.1"
"22","Paraplacodus","Paraplacodus.1"
"23","Nothosaurus_mirabilis","Nothosaurus_mirabilis.1"
"24","Spheniscus","Spheniscus.1"
"25","Small_Eocene_penguin","Small_Eocene_penguin.2"
"26","Remingtonocetus","Remingtonocetus.2"
"27","Phocanella_pumila","Phocanella_pumila.1"
"28","Chapsosaurus_","Chapsosaurus_.1"
"29","Lutra_vulgaris","Lutra_vulgaris.1"
"30","Palaeospheniscus","Palaeospheniscus.1"
"31","Cricosaurus","Cricosaurus.1"
"32","Micropotamogale_euwenzorii","Micropotamogale_euwenzorii.1"
"33","Nothosaurus_mirabilis","Nothosaurus_mirabilis.2"
"34","Otaria_byronia","Otaria_byronia.1"
"35","Metryorhynchus","Metryorhynchus.1"
"36","Rodhocetus","Rodhocetus.1"
"37","Champsosaurus","Champsosaurus.1"
"38","Psephoderma","Psephoderma.1"
"39","Spinosaurus_","Spinosaurus_.1"
"40","Spinosaurus_","Spinosaurus_.2"
"41","Spinosaurus_","Spinosaurus_.3"
"42","Spinosaurus_","Spinosaurus_.4"
"43","Spinosaurus_","Spinosaurus_.5"
"44","Spinosaurus_","Spinosaurus_.6"
"45","Spinosaurus_","Spinosaurus_.7"
"46","Spinosaurus_","Spinosaurus_.8"
"47","Spinosaurus_","Spinosaurus_.9"
"48","Spinosaurus_","Spinosaurus_.10"
"49","Spinosaurus_","Spinosaurus_.11"
"50","Suchomimus","Suchomimus.1"
"51","Suchomimus","Suchomimus.2"
"52","Suchomimus","Suchomimus.3"
"53","Baryonyx","Baryonyx.1"
"54","Baryonyx","Baryonyx.2"
"55","Baryonyx","Baryonyx.3"
 
* Phylo tree and the main data and strata files have been modified to include duplicated taxa before the scaled random trees are generated.
* Selected categorical labels column: diving.or.not
* diving.or.equal column is identical to Diving column.
* Regression excludes flying taxa.
* Diving labels that are present in regression: 0,2
* lambda (calculated from a random tree) = : 0.09
* index-name alignment check: OK
