Logfile for a session of program: bootstrap_binary.r
-----------------------------------------------------
INPUT:
workDir: C:/dino_nature/output/2023-11-07-D1\bs/set_1526
Nbootstrapsets: 2000
phyloFDAfile: c:/dino_nature/code/phylo.fda.R
auxFile: c:/dino_nature/code/auxiliary.r
boneType: femur
regressionData.file: C:/dino_nature/output/2023-11-07-D1\bs/set_1526/femur_set_1526.csv
applyDataFilter: FALSE
addTreeTips: TRUE
Ntrees: 100
calculateTrees: TRUE
saveTrees: FALSE


OPERATIONAL CHECKS:
* Regression data contains multiple copies of some taxa (user added variants of existing test taxa 
   or replacements due to bootstrap are present) which are not in the phylo tree:
     original taxon,   duplicate   
"1","Mammuthus_sp","Mammuthus_sp.1"
"2","Alces_americanus","Alces_americanus.1"
"3","Tribonyx_mortieri","Tribonyx_mortieri.1"
"4","Dasyurus_maculatus","Dasyurus_maculatus.1"
"5","Uncia_uncia","Uncia_uncia.1"
"6","Tenrec_ecaudatus","Tenrec_ecaudatus.1"
"7","Cephalophus_silvicultor","Cephalophus_silvicultor.1"
"8","Vulpes_vulpes","Vulpes_vulpes.1"
"9","Tribonyx_mortieri","Tribonyx_mortieri.2"
"10","Lama_guanicoe","Lama_guanicoe.1"
"11","Microgale_thomasi","Microgale_thomasi.1"
"12","Dama_dama","Dama_dama.1"
"13","Meles_meles","Meles_meles.1"
"14","Ceratotherium_simum","Ceratotherium_simum.1"
"15","Tribonyx_mortieri","Tribonyx_mortieri.3"
"16","Vulpes_vulpes","Vulpes_vulpes.2"
"17","Rattus_rattus","Rattus_rattus.1"
"18","Giraffa_camelopardalis","Giraffa_camelopardalis.1"
"19","Cephalophus_silvicultor","Cephalophus_silvicultor.2"
"20","Microgale_thomasi","Microgale_thomasi.2"
"21","Neusticosaurus","Neusticosaurus.1"
"22","Spheniscus","Spheniscus.1"
"23","Palaeospheniscus","Palaeospheniscus.1"
"24","Hydromys_chrysogaster","Hydromys_chrysogaster.1"
"25","Rodhocetus","Rodhocetus.1"
"26","Phocanella_pumila","Phocanella_pumila.1"
"27","Otaria_byronia","Otaria_byronia.1"
"28","Nothosaurus_102","Nothosaurus_102.1"
"29","large_eocene_stem_penguin","large_eocene_stem_penguin.1"
"30","Rodhocetus","Rodhocetus.2"
"31","Metryorhynchus","Metryorhynchus.1"
"32","Spheniscus","Spheniscus.2"
"33","Nothosaurus_102","Nothosaurus_102.2"
"34","Caiman_yacare","Caiman_yacare.1"
"35","Rodhocetus","Rodhocetus.3"
"36","Phocanella_pumila","Phocanella_pumila.2"
"37","Hexaprotodon_garyam","Hexaprotodon_garyam.1"
"38","large_eocene_stem_penguin","large_eocene_stem_penguin.2"
"39","Paraplacodus","Paraplacodus.1"
"40","Phalacrocorax_harrisi","Phalacrocorax_harrisi.1"
"41","Dyrosaurid","Dyrosaurid.1"
"42","Placodontia_indet_1","Placodontia_indet_1.1"
"43","Paraplacodus","Paraplacodus.2"
"44","Aptenodytes______","Aptenodytes______.1"
"45","Spinosaurus_","Spinosaurus_.1"
"46","Spinosaurus_","Spinosaurus_.2"
"47","Spinosaurus_","Spinosaurus_.3"
"48","Spinosaurus_","Spinosaurus_.4"
"49","Spinosaurus_","Spinosaurus_.5"
"50","Spinosaurus_","Spinosaurus_.6"
"51","Spinosaurus_","Spinosaurus_.7"
"52","Spinosaurus_","Spinosaurus_.8"
"53","Spinosaurus_","Spinosaurus_.9"
"54","Spinosaurus_","Spinosaurus_.10"
"55","Spinosaurus_","Spinosaurus_.11"
"56","Suchomimus","Suchomimus.1"
"57","Suchomimus","Suchomimus.2"
"58","Suchomimus","Suchomimus.3"
"59","Baryonyx","Baryonyx.1"
"60","Baryonyx","Baryonyx.2"
"61","Baryonyx","Baryonyx.3"
 
* Phylo tree and the main data and strata files have been modified to include duplicated taxa before the scaled random trees are generated.
* Selected categorical labels column: diving.or.not
* diving.or.equal column is identical to Diving column.
* Regression excludes flying taxa.
* Diving labels that are present in regression: 0,2
* lambda (calculated from a random tree) = : 0.15
* index-name alignment check: OK
