Logfile for a session of program: bootstrap_binary.r
-----------------------------------------------------
INPUT:
workDir: C:/dino_nature/output/2023-11-07-D1\bs/set_1979
Nbootstrapsets: 2000
phyloFDAfile: c:/dino_nature/code/phylo.fda.R
auxFile: c:/dino_nature/code/auxiliary.r
boneType: femur
regressionData.file: C:/dino_nature/output/2023-11-07-D1\bs/set_1979/femur_set_1979.csv
applyDataFilter: FALSE
addTreeTips: TRUE
Ntrees: 100
calculateTrees: TRUE
saveTrees: FALSE


OPERATIONAL CHECKS:
* Regression data contains multiple copies of some taxa (user added variants of existing test taxa 
   or replacements due to bootstrap are present) which are not in the phylo tree:
     original taxon,   duplicate   
"1","Dama_dama","Dama_dama.1"
"2","Elephas_maximus","Elephas_maximus.1"
"3","Tribonyx_mortieri","Tribonyx_mortieri.1"
"4","Diplomesodon_pulchellum","Diplomesodon_pulchellum.1"
"5","Rhynchocyon_petersi","Rhynchocyon_petersi.1"
"6","Diplomesodon_pulchellum","Diplomesodon_pulchellum.2"
"7","Rupicapra_rupicapra","Rupicapra_rupicapra.1"
"8","Diplomesodon_pulchellum","Diplomesodon_pulchellum.3"
"9","Rhynchocyon_petersi","Rhynchocyon_petersi.2"
"10","Elephas_maximus","Elephas_maximus.2"
"11","Rynochetus_jubatus","Rynochetus_jubatus.1"
"12","Sphenodon_punctatus","Sphenodon_punctatus.1"
"13","Mammuthus_sp","Mammuthus_sp.1"
"14","Mammuthus_sp","Mammuthus_sp.2"
"15","Capreolus_capreolus","Capreolus_capreolus.1"
"16","Euroscaptor_micrura","Euroscaptor_micrura.1"
"17","Vulpes_vulpes","Vulpes_vulpes.1"
"18","Tenrec_ecaudatus","Tenrec_ecaudatus.1"
"19","Vulpes_vulpes","Vulpes_vulpes.2"
"20","Procyon_lotor","Procyon_lotor.1"
"21","Ichtyosaurus_","Ichtyosaurus_.1"
"22","Palaeospheniscus","Palaeospheniscus.1"
"23","Plesiosaurus","Plesiosaurus.1"
"24","Ornithorhynchus_anatinus","Ornithorhynchus_anatinus.1"
"25","Alligator","Alligator.1"
"26","Lutra_vulgaris","Lutra_vulgaris.1"
"27","Remingtonocetus","Remingtonocetus.1"
"28","Alligator","Alligator.2"
"29","Desmana_moschata","Desmana_moschata.1"
"30","Ichtyosaurus_","Ichtyosaurus_.2"
"31","Remingtonocetus","Remingtonocetus.2"
"32","Choeropsis_liberiensis","Choeropsis_liberiensis.1"
"33","Plesiosaurus","Plesiosaurus.2"
"34","Choeropsis_liberiensis","Choeropsis_liberiensis.2"
"35","Nothosaurus_mirabilis","Nothosaurus_mirabilis.1"
"36","Protochampsidae","Protochampsidae.1"
"37","Simosaurus_1","Simosaurus_1.1"
"38","Plesiosaurus","Plesiosaurus.3"
"39","Protochampsidae","Protochampsidae.2"
"40","Noemys_fodies","Noemys_fodies.1"
"41","Simosaurus","Simosaurus.1"
"42","Hippopotamus_amphibius","Hippopotamus_amphibius.1"
"43","Lutra_vulgaris","Lutra_vulgaris.2"
"44","Spinosaurus_","Spinosaurus_.1"
"45","Spinosaurus_","Spinosaurus_.2"
"46","Spinosaurus_","Spinosaurus_.3"
"47","Spinosaurus_","Spinosaurus_.4"
"48","Spinosaurus_","Spinosaurus_.5"
"49","Spinosaurus_","Spinosaurus_.6"
"50","Spinosaurus_","Spinosaurus_.7"
"51","Spinosaurus_","Spinosaurus_.8"
"52","Spinosaurus_","Spinosaurus_.9"
"53","Spinosaurus_","Spinosaurus_.10"
"54","Spinosaurus_","Spinosaurus_.11"
"55","Suchomimus","Suchomimus.1"
"56","Suchomimus","Suchomimus.2"
"57","Suchomimus","Suchomimus.3"
"58","Baryonyx","Baryonyx.1"
"59","Baryonyx","Baryonyx.2"
"60","Baryonyx","Baryonyx.3"
 
* Phylo tree and the main data and strata files have been modified to include duplicated taxa before the scaled random trees are generated.
* Selected categorical labels column: diving.or.not
* diving.or.equal column is identical to Diving column.
* Regression excludes flying taxa.
* Diving labels that are present in regression: 0,2
* lambda (calculated from a random tree) = : 0.14
* index-name alignment check: OK
