Logfile for a session of program: bootstrap_binary.r
-----------------------------------------------------
INPUT:
workDir: C:/dino_nature/output/2023-11-07-D1\bs/set_1808
Nbootstrapsets: 2000
phyloFDAfile: c:/dino_nature/code/phylo.fda.R
auxFile: c:/dino_nature/code/auxiliary.r
boneType: femur
regressionData.file: C:/dino_nature/output/2023-11-07-D1\bs/set_1808/femur_set_1808.csv
applyDataFilter: FALSE
addTreeTips: TRUE
Ntrees: 100
calculateTrees: TRUE
saveTrees: FALSE


OPERATIONAL CHECKS:
* Regression data contains multiple copies of some taxa (user added variants of existing test taxa 
   or replacements due to bootstrap are present) which are not in the phylo tree:
     original taxon,   duplicate   
"1","Meles_meles","Meles_meles.1"
"2","Loxodonta_africana","Loxodonta_africana.1"
"3","Capreolus_capreolus","Capreolus_capreolus.1"
"4","Capreolus_capreolus","Capreolus_capreolus.2"
"5","Megaloceros_sp","Megaloceros_sp.1"
"6","Tenrec_ecaudatus","Tenrec_ecaudatus.1"
"7","Elomeryx_borbonicus_","Elomeryx_borbonicus_.1"
"8","Microgale_thomasi","Microgale_thomasi.1"
"9","Bison_bonasus","Bison_bonasus.1"
"10","Elomeryx_borbonicus_","Elomeryx_borbonicus_.2"
"11","Elomeryx_borbonicus_","Elomeryx_borbonicus_.3"
"12","Tribonyx_mortieri","Tribonyx_mortieri.1"
"13","Bison_bonasus","Bison_bonasus.2"
"14","Monodelphis_domestica","Monodelphis_domestica.1"
"15","Megaloceros_sp","Megaloceros_sp.2"
"16","Dromaius_","Dromaius_.1"
"17","Felis_felis","Felis_felis.1"
"18","Raphus","Raphus.1"
"19","Raphus","Raphus.2"
"20","Uncia_uncia","Uncia_uncia.1"
"21","Loxodonta_africana","Loxodonta_africana.2"
"22","Diplomesodon_pulchellum","Diplomesodon_pulchellum.1"
"23","Diplomesodon_pulchellum","Diplomesodon_pulchellum.2"
"24","Capreolus_capreolus","Capreolus_capreolus.3"
"25","Tenrec_ecaudatus","Tenrec_ecaudatus.2"
"26","Choeropsis_liberiensis","Choeropsis_liberiensis.1"
"27","large_eocene_stem_penguin","large_eocene_stem_penguin.1"
"28","Serpianosaurus","Serpianosaurus.1"
"29","Nothosaurus_568","Nothosaurus_568.1"
"30","Nothosaurus_150","Nothosaurus_150.1"
"31","Choeropsis_liberiensis","Choeropsis_liberiensis.2"
"32","Protochampsidae","Protochampsidae.1"
"33","Nothosaurus_mirabilis","Nothosaurus_mirabilis.1"
"34","Ornithorhynchus_anatinus","Ornithorhynchus_anatinus.1"
"35","Choeropsis_liberiensis","Choeropsis_liberiensis.3"
"36","Hippopotamus_amphibius","Hippopotamus_amphibius.1"
"37","Palaeospheniscus","Palaeospheniscus.1"
"38","Rodhocetus","Rodhocetus.1"
"39","Nanophoca_vitulinoides","Nanophoca_vitulinoides.1"
"40","Simosaurus","Simosaurus.1"
"41","Paraplacodus","Paraplacodus.1"
"42","Protochampsidae","Protochampsidae.2"
"43","Nothosaurus_mirabilis_1","Nothosaurus_mirabilis_1.1"
"44","Choeropsis_liberiensis","Choeropsis_liberiensis.4"
"45","Palaeospheniscus","Palaeospheniscus.2"
"46","Spinosaurus_","Spinosaurus_.1"
"47","Spinosaurus_","Spinosaurus_.2"
"48","Spinosaurus_","Spinosaurus_.3"
"49","Spinosaurus_","Spinosaurus_.4"
"50","Spinosaurus_","Spinosaurus_.5"
"51","Spinosaurus_","Spinosaurus_.6"
"52","Spinosaurus_","Spinosaurus_.7"
"53","Spinosaurus_","Spinosaurus_.8"
"54","Spinosaurus_","Spinosaurus_.9"
"55","Spinosaurus_","Spinosaurus_.10"
"56","Spinosaurus_","Spinosaurus_.11"
"57","Suchomimus","Suchomimus.1"
"58","Suchomimus","Suchomimus.2"
"59","Suchomimus","Suchomimus.3"
"60","Baryonyx","Baryonyx.1"
"61","Baryonyx","Baryonyx.2"
"62","Baryonyx","Baryonyx.3"
 
* Phylo tree and the main data and strata files have been modified to include duplicated taxa before the scaled random trees are generated.
* Selected categorical labels column: diving.or.not
* diving.or.equal column is identical to Diving column.
* Regression excludes flying taxa.
* Diving labels that are present in regression: 0,2
* lambda (calculated from a random tree) = : 0.16
* index-name alignment check: OK
