Logfile for a session of program: bootstrap_binary.r
-----------------------------------------------------
INPUT:
workDir: C:/dino_nature/output/2023-11-07-D1\bs/set_1343
Nbootstrapsets: 2000
phyloFDAfile: c:/dino_nature/code/phylo.fda.R
auxFile: c:/dino_nature/code/auxiliary.r
boneType: femur
regressionData.file: C:/dino_nature/output/2023-11-07-D1\bs/set_1343/femur_set_1343.csv
applyDataFilter: FALSE
addTreeTips: TRUE
Ntrees: 100
calculateTrees: TRUE
saveTrees: FALSE


OPERATIONAL CHECKS:
* Regression data contains multiple copies of some taxa (user added variants of existing test taxa 
   or replacements due to bootstrap are present) which are not in the phylo tree:
     original taxon,   duplicate   
"1","Dicerorhinus_sumatrensis","Dicerorhinus_sumatrensis.1"
"2","Tenrec_ecaudatus","Tenrec_ecaudatus.1"
"3","Strigiops_habroptilus","Strigiops_habroptilus.1"
"4","Caloenas_nicobarica","Caloenas_nicobarica.1"
"5","Okapia_johnstoni","Okapia_johnstoni.1"
"6","Diplomesodon_pulchellum","Diplomesodon_pulchellum.1"
"7","Rupicapra_rupicapra","Rupicapra_rupicapra.1"
"8","Dama_dama","Dama_dama.1"
"9","Dromaius_","Dromaius_.1"
"10","Uncia_uncia","Uncia_uncia.1"
"11","Apteryx_owenii_","Apteryx_owenii_.1"
"12","Dama_dama","Dama_dama.2"
"13","Hemiechinus_azurites","Hemiechinus_azurites.1"
"14","Brachyodus_onoideum","Brachyodus_onoideum.1"
"15","Xenicus_giliventris","Xenicus_giliventris.1"
"16","Capreolus_capreolus","Capreolus_capreolus.1"
"17","Mammuthus_sp","Mammuthus_sp.1"
"18","Capreolus_capreolus","Capreolus_capreolus.2"
"19","Sphenodon_punctatus","Sphenodon_punctatus.1"
"20","Dromaius_","Dromaius_.2"
"21","Nothosaurus_mirabilis","Nothosaurus_mirabilis.1"
"22","Nothosaurus_mirabilis","Nothosaurus_mirabilis.2"
"23","Chapsosaurus_","Chapsosaurus_.1"
"24","Chapsosaurus_","Chapsosaurus_.2"
"25","Neusticosaurus","Neusticosaurus.1"
"26","Neusticosaurus","Neusticosaurus.2"
"27","Nothosaurus_150","Nothosaurus_150.1"
"28","Neusticosaurus","Neusticosaurus.3"
"29","Leptophoca_proxima","Leptophoca_proxima.1"
"30","Pistosaurus","Pistosaurus.1"
"31","Nothosaurus_150","Nothosaurus_150.2"
"32","Nanophoca_vitulinoides","Nanophoca_vitulinoides.1"
"33","large_eocene_stem_penguin","large_eocene_stem_penguin.1"
"34","Anarosaurus","Anarosaurus.1"
"35","Anarosaurus","Anarosaurus.2"
"36","Nothosaurus_150","Nothosaurus_150.3"
"37","Placodontia_indet_1","Placodontia_indet_1.1"
"38","Maiacetus","Maiacetus.1"
"39","Hydromys_chrysogaster","Hydromys_chrysogaster.1"
"40","Nothosaurus_giganteus","Nothosaurus_giganteus.1"
"41","Placodontia_indet_1","Placodontia_indet_1.2"
"42","Phocanella_pumila","Phocanella_pumila.1"
"43","Spinosaurus_","Spinosaurus_.1"
"44","Spinosaurus_","Spinosaurus_.2"
"45","Spinosaurus_","Spinosaurus_.3"
"46","Spinosaurus_","Spinosaurus_.4"
"47","Spinosaurus_","Spinosaurus_.5"
"48","Spinosaurus_","Spinosaurus_.6"
"49","Spinosaurus_","Spinosaurus_.7"
"50","Spinosaurus_","Spinosaurus_.8"
"51","Spinosaurus_","Spinosaurus_.9"
"52","Spinosaurus_","Spinosaurus_.10"
"53","Spinosaurus_","Spinosaurus_.11"
"54","Suchomimus","Suchomimus.1"
"55","Suchomimus","Suchomimus.2"
"56","Suchomimus","Suchomimus.3"
"57","Baryonyx","Baryonyx.1"
"58","Baryonyx","Baryonyx.2"
"59","Baryonyx","Baryonyx.3"
 
* Phylo tree and the main data and strata files have been modified to include duplicated taxa before the scaled random trees are generated.
* Selected categorical labels column: diving.or.not
* diving.or.equal column is identical to Diving column.
* Regression excludes flying taxa.
* Diving labels that are present in regression: 0,2
* lambda (calculated from a random tree) = : 0.15
* index-name alignment check: OK
