Logfile for a session of program: bootstrap_binary.r
-----------------------------------------------------
INPUT:
workDir: C:/dino_nature/output/2023-11-07-D1\bs/set_1913
Nbootstrapsets: 2000
phyloFDAfile: c:/dino_nature/code/phylo.fda.R
auxFile: c:/dino_nature/code/auxiliary.r
boneType: femur
regressionData.file: C:/dino_nature/output/2023-11-07-D1\bs/set_1913/femur_set_1913.csv
applyDataFilter: FALSE
addTreeTips: TRUE
Ntrees: 100
calculateTrees: TRUE
saveTrees: FALSE


OPERATIONAL CHECKS:
* Regression data contains multiple copies of some taxa (user added variants of existing test taxa 
   or replacements due to bootstrap are present) which are not in the phylo tree:
     original taxon,   duplicate   
"1","Bos_taurus","Bos_taurus.1"
"2","Procavia_capensis","Procavia_capensis.1"
"3","Brachyodus_onoideum","Brachyodus_onoideum.1"
"4","Dasyurus_maculatus","Dasyurus_maculatus.1"
"5","Tenrec_ecaudatus","Tenrec_ecaudatus.1"
"6","Rangifer_tarandus","Rangifer_tarandus.1"
"7","Uncia_uncia","Uncia_uncia.1"
"8","Tribonyx_mortieri","Tribonyx_mortieri.1"
"9","Uncia_uncia","Uncia_uncia.2"
"10","Elomeryx_borbonicus_","Elomeryx_borbonicus_.1"
"11","Myrmecophaga_tridactyla","Myrmecophaga_tridactyla.1"
"12","Loxodonta_africana","Loxodonta_africana.1"
"13","Procyon_lotor","Procyon_lotor.1"
"14","Elomeryx_borbonicus_","Elomeryx_borbonicus_.2"
"15","Mus_musculus","Mus_musculus.1"
"16","Dicerorhinus_sumatrensis","Dicerorhinus_sumatrensis.1"
"17","Diplomesodon_pulchellum","Diplomesodon_pulchellum.1"
"18","Ceratotherium_simum","Ceratotherium_simum.1"
"19","Myrmecophaga_tridactyla","Myrmecophaga_tridactyla.2"
"20","Dromaius_","Dromaius_.1"
"21","Pistosaurus","Pistosaurus.1"
"22","Small_Eocene_penguin","Small_Eocene_penguin.1"
"23","Cricosaurus","Cricosaurus.1"
"24","Simosaurus_1","Simosaurus_1.1"
"25","Nothosaurus_giganteus","Nothosaurus_giganteus.1"
"26","Choeropsis_liberiensis","Choeropsis_liberiensis.1"
"27","Palaeospheniscus","Palaeospheniscus.1"
"28","Noemys_fodies","Noemys_fodies.1"
"29","Choeropsis_liberiensis","Choeropsis_liberiensis.2"
"30","Ichtyosaurus_","Ichtyosaurus_.1"
"31","Choeropsis_liberiensis","Choeropsis_liberiensis.3"
"32","Nothosaurus_giganteus","Nothosaurus_giganteus.2"
"33","Nothosaurus_102","Nothosaurus_102.1"
"34","Castor_fiber","Castor_fiber.1"
"35","Desmostylus_hesperus","Desmostylus_hesperus.1"
"36","Ornithorhynchus_anatinus","Ornithorhynchus_anatinus.1"
"37","Simosaurus","Simosaurus.1"
"38","Simosaurus","Simosaurus.2"
"39","Castor_fiber","Castor_fiber.2"
"40","Psephoderma","Psephoderma.1"
"41","Pistosaurus","Pistosaurus.2"
"42","Rhaeticosaurus","Rhaeticosaurus.1"
"43","Simosaurus_1","Simosaurus_1.2"
"44","Spinosaurus_","Spinosaurus_.1"
"45","Spinosaurus_","Spinosaurus_.2"
"46","Spinosaurus_","Spinosaurus_.3"
"47","Spinosaurus_","Spinosaurus_.4"
"48","Spinosaurus_","Spinosaurus_.5"
"49","Spinosaurus_","Spinosaurus_.6"
"50","Spinosaurus_","Spinosaurus_.7"
"51","Spinosaurus_","Spinosaurus_.8"
"52","Spinosaurus_","Spinosaurus_.9"
"53","Spinosaurus_","Spinosaurus_.10"
"54","Spinosaurus_","Spinosaurus_.11"
"55","Suchomimus","Suchomimus.1"
"56","Suchomimus","Suchomimus.2"
"57","Suchomimus","Suchomimus.3"
"58","Baryonyx","Baryonyx.1"
"59","Baryonyx","Baryonyx.2"
"60","Baryonyx","Baryonyx.3"
 
* Phylo tree and the main data and strata files have been modified to include duplicated taxa before the scaled random trees are generated.
* Selected categorical labels column: diving.or.not
* diving.or.equal column is identical to Diving column.
* Regression excludes flying taxa.
* Diving labels that are present in regression: 0,2
* lambda (calculated from a random tree) = : 0.11
* index-name alignment check: OK
