Logfile for a session of program: bootstrap_binary.r
-----------------------------------------------------
INPUT:
workDir: C:/dino_nature/output/2023-11-07-D1\bs/set_1345
Nbootstrapsets: 2000
phyloFDAfile: c:/dino_nature/code/phylo.fda.R
auxFile: c:/dino_nature/code/auxiliary.r
boneType: femur
regressionData.file: C:/dino_nature/output/2023-11-07-D1\bs/set_1345/femur_set_1345.csv
applyDataFilter: FALSE
addTreeTips: TRUE
Ntrees: 100
calculateTrees: TRUE
saveTrees: FALSE


OPERATIONAL CHECKS:
* Regression data contains multiple copies of some taxa (user added variants of existing test taxa 
   or replacements due to bootstrap are present) which are not in the phylo tree:
     original taxon,   duplicate   
"1","Taxidea_taxus","Taxidea_taxus.1"
"2","Apteryx_australis","Apteryx_australis.1"
"3","Paguma_larvata","Paguma_larvata.1"
"4","Taxidea_taxus","Taxidea_taxus.2"
"5","Meles_meles","Meles_meles.1"
"6","Bos_taurus","Bos_taurus.1"
"7","Paguma_larvata","Paguma_larvata.2"
"8","Brachyodus_onoideum","Brachyodus_onoideum.1"
"9","Dromaius_","Dromaius_.1"
"10","Xenicus_giliventris","Xenicus_giliventris.1"
"11","Sus_scrofa","Sus_scrofa.1"
"12","Apteryx_australis","Apteryx_australis.2"
"13","Hemiechinus_azurites","Hemiechinus_azurites.1"
"14","Monodelphis_domestica","Monodelphis_domestica.1"
"15","Tenrec_ecaudatus","Tenrec_ecaudatus.1"
"16","Caloenas_nicobarica","Caloenas_nicobarica.1"
"17","Elephas_maximus","Elephas_maximus.1"
"18","Brachyodus_onoideum","Brachyodus_onoideum.2"
"19","Uncia_uncia","Uncia_uncia.1"
"20","Felis_felis","Felis_felis.1"
"21","Meles_meles","Meles_meles.2"
"22","Sus_scrofa","Sus_scrofa.2"
"23","Lutra_vulgaris","Lutra_vulgaris.1"
"24","Hesperornis","Hesperornis.1"
"25","Chironectes_minimus","Chironectes_minimus.1"
"26","Ichtyosaurus_","Ichtyosaurus_.1"
"27","Castor_fiber","Castor_fiber.1"
"28","Hexaprotodon_garyam","Hexaprotodon_garyam.1"
"29","Hexaprotodon_garyam","Hexaprotodon_garyam.2"
"30","Tapirus_terrestris","Tapirus_terrestris.1"
"31","Protochampsidae","Protochampsidae.1"
"32","Rodhocetus","Rodhocetus.1"
"33","large_eocene_stem_penguin","large_eocene_stem_penguin.1"
"34","Plesiosaurus","Plesiosaurus.1"
"35","Protochampsidae","Protochampsidae.2"
"36","Ichtyosaur_sp","Ichtyosaur_sp.1"
"37","Plesiosaurus","Plesiosaurus.2"
"38","Protochampsidae","Protochampsidae.3"
"39","Cricosaurus","Cricosaurus.1"
"40","Noemys_fodies","Noemys_fodies.1"
"41","Spheniscus","Spheniscus.1"
"42","Caiman_yacare","Caiman_yacare.1"
"43","Placodontia_indet_1","Placodontia_indet_1.1"
"44","Spinosaurus_","Spinosaurus_.1"
"45","Spinosaurus_","Spinosaurus_.2"
"46","Spinosaurus_","Spinosaurus_.3"
"47","Spinosaurus_","Spinosaurus_.4"
"48","Spinosaurus_","Spinosaurus_.5"
"49","Spinosaurus_","Spinosaurus_.6"
"50","Spinosaurus_","Spinosaurus_.7"
"51","Spinosaurus_","Spinosaurus_.8"
"52","Spinosaurus_","Spinosaurus_.9"
"53","Spinosaurus_","Spinosaurus_.10"
"54","Spinosaurus_","Spinosaurus_.11"
"55","Suchomimus","Suchomimus.1"
"56","Suchomimus","Suchomimus.2"
"57","Suchomimus","Suchomimus.3"
"58","Baryonyx","Baryonyx.1"
"59","Baryonyx","Baryonyx.2"
"60","Baryonyx","Baryonyx.3"
 
* Phylo tree and the main data and strata files have been modified to include duplicated taxa before the scaled random trees are generated.
* Selected categorical labels column: diving.or.not
* diving.or.equal column is identical to Diving column.
* Regression excludes flying taxa.
* Diving labels that are present in regression: 0,2
* lambda (calculated from a random tree) = : 0.11
* index-name alignment check: OK
