Logfile for a session of program: bootstrap_binary.r
-----------------------------------------------------
INPUT:
workDir: C:/dino_nature/output/2023-11-07-D1\bs/set_1386
Nbootstrapsets: 2000
phyloFDAfile: c:/dino_nature/code/phylo.fda.R
auxFile: c:/dino_nature/code/auxiliary.r
boneType: femur
regressionData.file: C:/dino_nature/output/2023-11-07-D1\bs/set_1386/femur_set_1386.csv
applyDataFilter: FALSE
addTreeTips: TRUE
Ntrees: 100
calculateTrees: TRUE
saveTrees: FALSE


OPERATIONAL CHECKS:
* Regression data contains multiple copies of some taxa (user added variants of existing test taxa 
   or replacements due to bootstrap are present) which are not in the phylo tree:
     original taxon,   duplicate   
"1","Apteryx_australis","Apteryx_australis.1"
"2","Mus_musculus","Mus_musculus.1"
"3","Capreolus_capreolus","Capreolus_capreolus.1"
"4","Mustela_nivalis","Mustela_nivalis.1"
"5","Raphus","Raphus.1"
"6","Tribonyx_mortieri","Tribonyx_mortieri.1"
"7","Mus_musculus","Mus_musculus.2"
"8","Cephalophus_silvicultor","Cephalophus_silvicultor.1"
"9","Rhinoceros_sondaicus","Rhinoceros_sondaicus.1"
"10","Rhinoceros_sondaicus","Rhinoceros_sondaicus.2"
"11","Rupicapra_rupicapra","Rupicapra_rupicapra.1"
"12","Rhinoceros_sondaicus","Rhinoceros_sondaicus.3"
"13","Rattus_rattus","Rattus_rattus.1"
"14","Cephalophus_silvicultor","Cephalophus_silvicultor.2"
"15","Paguma_larvata","Paguma_larvata.1"
"16","Alces_americanus","Alces_americanus.1"
"17","Raphus","Raphus.2"
"18","Brachyodus_onoideum","Brachyodus_onoideum.1"
"19","Brachyodus_onoideum","Brachyodus_onoideum.2"
"20","Elomeryx_borbonicus_","Elomeryx_borbonicus_.1"
"21","Rynochetus_jubatus","Rynochetus_jubatus.1"
"22","Elephas_maximus","Elephas_maximus.1"
"23","Psephoderma","Psephoderma.1"
"24","Leptophoca_proxima","Leptophoca_proxima.1"
"25","Lutra_vulgaris","Lutra_vulgaris.1"
"26","Nothosaurus_giganteus","Nothosaurus_giganteus.1"
"27","Nothosaurus_568","Nothosaurus_568.1"
"28","Phocanella_pumila","Phocanella_pumila.1"
"29","Small_Eocene_penguin","Small_Eocene_penguin.1"
"30","Champsosaurus","Champsosaurus.1"
"31","Lutra_vulgaris","Lutra_vulgaris.2"
"32","Plesiosaurus","Plesiosaurus.1"
"33","Psephoderma","Psephoderma.2"
"34","Alligator","Alligator.1"
"35","Nothosaurus_giganteus","Nothosaurus_giganteus.2"
"36","Leptophoca_proxima","Leptophoca_proxima.2"
"37","Remingtonocetus","Remingtonocetus.1"
"38","Ornithorhynchus_anatinus","Ornithorhynchus_anatinus.1"
"39","Nothosaurus_568","Nothosaurus_568.2"
"40","Otaria_byronia","Otaria_byronia.1"
"41","Anarosaurus","Anarosaurus.1"
"42","Nothosaurus_mirabilis_1","Nothosaurus_mirabilis_1.1"
"43","Spinosaurus_","Spinosaurus_.1"
"44","Spinosaurus_","Spinosaurus_.2"
"45","Spinosaurus_","Spinosaurus_.3"
"46","Spinosaurus_","Spinosaurus_.4"
"47","Spinosaurus_","Spinosaurus_.5"
"48","Spinosaurus_","Spinosaurus_.6"
"49","Spinosaurus_","Spinosaurus_.7"
"50","Spinosaurus_","Spinosaurus_.8"
"51","Spinosaurus_","Spinosaurus_.9"
"52","Spinosaurus_","Spinosaurus_.10"
"53","Spinosaurus_","Spinosaurus_.11"
"54","Suchomimus","Suchomimus.1"
"55","Suchomimus","Suchomimus.2"
"56","Suchomimus","Suchomimus.3"
"57","Baryonyx","Baryonyx.1"
"58","Baryonyx","Baryonyx.2"
"59","Baryonyx","Baryonyx.3"
 
* Phylo tree and the main data and strata files have been modified to include duplicated taxa before the scaled random trees are generated.
* Selected categorical labels column: diving.or.not
* diving.or.equal column is identical to Diving column.
* Regression excludes flying taxa.
* Diving labels that are present in regression: 0,2
* lambda (calculated from a random tree) = : 0.11
* index-name alignment check: OK
