Logfile for a session of program: bootstrap_binary.r
-----------------------------------------------------
INPUT:
workDir: C:/dino_nature/output/2023-11-07-D1\bs/set_1119
Nbootstrapsets: 2000
phyloFDAfile: c:/dino_nature/code/phylo.fda.R
auxFile: c:/dino_nature/code/auxiliary.r
boneType: femur
regressionData.file: C:/dino_nature/output/2023-11-07-D1\bs/set_1119/femur_set_1119.csv
applyDataFilter: FALSE
addTreeTips: TRUE
Ntrees: 100
calculateTrees: TRUE
saveTrees: FALSE


OPERATIONAL CHECKS:
* Regression data contains multiple copies of some taxa (user added variants of existing test taxa 
   or replacements due to bootstrap are present) which are not in the phylo tree:
     original taxon,   duplicate   
"1","Paguma_larvata","Paguma_larvata.1"
"2","Bison_bonasus","Bison_bonasus.1"
"3","Tamandua_tetradactyla","Tamandua_tetradactyla.1"
"4","Paguma_larvata","Paguma_larvata.2"
"5","Vulpes_vulpes","Vulpes_vulpes.1"
"6","Meles_meles","Meles_meles.1"
"7","Apteryx_australis","Apteryx_australis.1"
"8","Elephas_maximus","Elephas_maximus.1"
"9","Ceratotherium_simum","Ceratotherium_simum.1"
"10","Taxidea_taxus","Taxidea_taxus.1"
"11","Dicerorhinus_sumatrensis","Dicerorhinus_sumatrensis.1"
"12","Elephas_maximus","Elephas_maximus.2"
"13","Raphus","Raphus.1"
"14","Rhinoceros_sondaicus","Rhinoceros_sondaicus.1"
"15","Tamandua_tetradactyla","Tamandua_tetradactyla.2"
"16","Giraffa_camelopardalis","Giraffa_camelopardalis.1"
"17","Atlantisia_rogersi","Atlantisia_rogersi.1"
"18","Porphyrio_hochstetteri","Porphyrio_hochstetteri.1"
"19","Taxidea_taxus","Taxidea_taxus.2"
"20","Porphyrio_hochstetteri","Porphyrio_hochstetteri.2"
"21","Cricosaurus","Cricosaurus.1"
"22","Castor_fiber","Castor_fiber.1"
"23","Placodontia_indet_1","Placodontia_indet_1.1"
"24","Plesiosaurus","Plesiosaurus.1"
"25","Small_Eocene_penguin","Small_Eocene_penguin.1"
"26","Basilosaurus","Basilosaurus.1"
"27","Indohyus","Indohyus.1"
"28","Hippopotamus_amphibius","Hippopotamus_amphibius.1"
"29","Placodontia_indet_1","Placodontia_indet_1.2"
"30","Cryptoclidus","Cryptoclidus.1"
"31","Hippopotamus_amphibius","Hippopotamus_amphibius.2"
"32","Otaria_byronia","Otaria_byronia.1"
"33","Hydromys_chrysogaster","Hydromys_chrysogaster.1"
"34","Ornithorhynchus_anatinus","Ornithorhynchus_anatinus.1"
"35","Nothosaurus_568","Nothosaurus_568.1"
"36","Nanophoca_vitulinoides","Nanophoca_vitulinoides.1"
"37","Simosaurus_1","Simosaurus_1.1"
"38","Noemys_fodies","Noemys_fodies.1"
"39","Cricosaurus","Cricosaurus.2"
"40","Otaria_byronia","Otaria_byronia.2"
"41","Callophoca_obscura","Callophoca_obscura.1"
"42","Micropotamogale_euwenzorii","Micropotamogale_euwenzorii.1"
"43","Nothosaurus_giganteus","Nothosaurus_giganteus.1"
"44","Hippopotamus_amphibius","Hippopotamus_amphibius.3"
"45","Spinosaurus_","Spinosaurus_.1"
"46","Spinosaurus_","Spinosaurus_.2"
"47","Spinosaurus_","Spinosaurus_.3"
"48","Spinosaurus_","Spinosaurus_.4"
"49","Spinosaurus_","Spinosaurus_.5"
"50","Spinosaurus_","Spinosaurus_.6"
"51","Spinosaurus_","Spinosaurus_.7"
"52","Spinosaurus_","Spinosaurus_.8"
"53","Spinosaurus_","Spinosaurus_.9"
"54","Spinosaurus_","Spinosaurus_.10"
"55","Spinosaurus_","Spinosaurus_.11"
"56","Suchomimus","Suchomimus.1"
"57","Suchomimus","Suchomimus.2"
"58","Suchomimus","Suchomimus.3"
"59","Baryonyx","Baryonyx.1"
"60","Baryonyx","Baryonyx.2"
"61","Baryonyx","Baryonyx.3"
 
* Phylo tree and the main data and strata files have been modified to include duplicated taxa before the scaled random trees are generated.
* Selected categorical labels column: diving.or.not
* diving.or.equal column is identical to Diving column.
* Regression excludes flying taxa.
* Diving labels that are present in regression: 0,2
* lambda (calculated from a random tree) = : 0.11
* index-name alignment check: OK
