Logfile for a session of program: bootstrap_binary.r
-----------------------------------------------------
INPUT:
workDir: C:/dino_nature/output/2023-11-07-D1\bs/set_1184
Nbootstrapsets: 2000
phyloFDAfile: c:/dino_nature/code/phylo.fda.R
auxFile: c:/dino_nature/code/auxiliary.r
boneType: femur
regressionData.file: C:/dino_nature/output/2023-11-07-D1\bs/set_1184/femur_set_1184.csv
applyDataFilter: FALSE
addTreeTips: TRUE
Ntrees: 100
calculateTrees: TRUE
saveTrees: FALSE


OPERATIONAL CHECKS:
* Regression data contains multiple copies of some taxa (user added variants of existing test taxa 
   or replacements due to bootstrap are present) which are not in the phylo tree:
     original taxon,   duplicate   
"1","Apteryx_owenii_","Apteryx_owenii_.1"
"2","Ceratotherium_simum","Ceratotherium_simum.1"
"3","Monodelphis_domestica","Monodelphis_domestica.1"
"4","Nyctereutes_procyonoides","Nyctereutes_procyonoides.1"
"5","Apteryx_owenii_","Apteryx_owenii_.2"
"6","Syncerus_caffer","Syncerus_caffer.1"
"7","Apteryx_owenii_","Apteryx_owenii_.3"
"8","Lacerta_viridis","Lacerta_viridis.1"
"9","Rhinoceros_sondaicus","Rhinoceros_sondaicus.1"
"10","Pogona_viceps","Pogona_viceps.1"
"11","Syncerus_caffer","Syncerus_caffer.2"
"12","Pogona_viceps","Pogona_viceps.2"
"13","Monodelphis_domestica","Monodelphis_domestica.2"
"14","Pogona_viceps","Pogona_viceps.3"
"15","Cephalophus_silvicultor","Cephalophus_silvicultor.1"
"16","Monodelphis_domestica","Monodelphis_domestica.3"
"17","Atlantisia_rogersi","Atlantisia_rogersi.1"
"18","Monodelphis_domestica","Monodelphis_domestica.4"
"19","Lama_guanicoe","Lama_guanicoe.1"
"20","Xenicus_giliventris","Xenicus_giliventris.1"
"21","Tamandua_tetradactyla","Tamandua_tetradactyla.1"
"22","Rattus_rattus","Rattus_rattus.1"
"23","Pogona_viceps","Pogona_viceps.4"
"24","Meles_meles","Meles_meles.1"
"25","Basilosaurus","Basilosaurus.1"
"26","Basilosaurus","Basilosaurus.2"
"27","Nothosaurus_giganteus","Nothosaurus_giganteus.1"
"28","Caiman_yacare","Caiman_yacare.1"
"29","Placondontia_indet","Placondontia_indet.1"
"30","Chironectes_minimus","Chironectes_minimus.1"
"31","large_eocene_stem_penguin","large_eocene_stem_penguin.1"
"32","Dyrosaurid","Dyrosaurid.1"
"33","Hydromys_chrysogaster","Hydromys_chrysogaster.1"
"34","Leptophoca_proxima","Leptophoca_proxima.1"
"35","Callophoca_obscura","Callophoca_obscura.1"
"36","Otaria_byronia","Otaria_byronia.1"
"37","Plesiosaurus","Plesiosaurus.1"
"38","Serpianosaurus","Serpianosaurus.1"
"39","Desmostylus_hesperus","Desmostylus_hesperus.1"
"40","Nothosaurus_102","Nothosaurus_102.1"
"41","Basilosaurus","Basilosaurus.3"
"42","Micropotamogale_euwenzorii","Micropotamogale_euwenzorii.1"
"43","Phalacrocorax_harrisi","Phalacrocorax_harrisi.1"
"44","Serpianosaurus","Serpianosaurus.2"
"45","Otaria_byronia","Otaria_byronia.2"
"46","Spheniscus","Spheniscus.1"
"47","Spinosaurus_","Spinosaurus_.1"
"48","Spinosaurus_","Spinosaurus_.2"
"49","Spinosaurus_","Spinosaurus_.3"
"50","Spinosaurus_","Spinosaurus_.4"
"51","Spinosaurus_","Spinosaurus_.5"
"52","Spinosaurus_","Spinosaurus_.6"
"53","Spinosaurus_","Spinosaurus_.7"
"54","Spinosaurus_","Spinosaurus_.8"
"55","Spinosaurus_","Spinosaurus_.9"
"56","Spinosaurus_","Spinosaurus_.10"
"57","Spinosaurus_","Spinosaurus_.11"
"58","Suchomimus","Suchomimus.1"
"59","Suchomimus","Suchomimus.2"
"60","Suchomimus","Suchomimus.3"
"61","Baryonyx","Baryonyx.1"
"62","Baryonyx","Baryonyx.2"
"63","Baryonyx","Baryonyx.3"
 
* Phylo tree and the main data and strata files have been modified to include duplicated taxa before the scaled random trees are generated.
* Selected categorical labels column: diving.or.not
* diving.or.equal column is identical to Diving column.
* Regression excludes flying taxa.
* Diving labels that are present in regression: 0,2
* lambda (calculated from a random tree) = : 0.08
* index-name alignment check: OK
