Logfile for a session of program: bootstrap_binary.r
-----------------------------------------------------
INPUT:
workDir: C:/dino_nature/output/2023-11-07-D1\bs/set_1929
Nbootstrapsets: 2000
phyloFDAfile: c:/dino_nature/code/phylo.fda.R
auxFile: c:/dino_nature/code/auxiliary.r
boneType: femur
regressionData.file: C:/dino_nature/output/2023-11-07-D1\bs/set_1929/femur_set_1929.csv
applyDataFilter: FALSE
addTreeTips: TRUE
Ntrees: 100
calculateTrees: TRUE
saveTrees: FALSE


OPERATIONAL CHECKS:
* Regression data contains multiple copies of some taxa (user added variants of existing test taxa 
   or replacements due to bootstrap are present) which are not in the phylo tree:
     original taxon,   duplicate   
"1","Raphus","Raphus.1"
"2","Porphyrio_hochstetteri","Porphyrio_hochstetteri.1"
"3","Megaloceros_sp","Megaloceros_sp.1"
"4","Megaloceros_sp","Megaloceros_sp.2"
"5","Pogona_viceps","Pogona_viceps.1"
"6","Dicerorhinus_sumatrensis","Dicerorhinus_sumatrensis.1"
"7","Mammuthus_sp","Mammuthus_sp.1"
"8","Lama_guanicoe","Lama_guanicoe.1"
"9","Myrmecophaga_tridactyla","Myrmecophaga_tridactyla.1"
"10","Xenicus_giliventris","Xenicus_giliventris.1"
"11","Okapia_johnstoni","Okapia_johnstoni.1"
"12","Lacerta_viridis","Lacerta_viridis.1"
"13","Porphyrio_hochstetteri","Porphyrio_hochstetteri.2"
"14","Megaloceros_sp","Megaloceros_sp.3"
"15","Myrmecophaga_tridactyla","Myrmecophaga_tridactyla.2"
"16","Bison_bonasus","Bison_bonasus.1"
"17","Pogona_viceps","Pogona_viceps.2"
"18","Atlantisia_rogersi","Atlantisia_rogersi.1"
"19","Mammuthus_sp","Mammuthus_sp.2"
"20","Giraffa_camelopardalis","Giraffa_camelopardalis.1"
"21","Castor_fiber","Castor_fiber.1"
"22","Cryptoclidus","Cryptoclidus.1"
"23","Cryptoclidus","Cryptoclidus.2"
"24","Neusticosaurus","Neusticosaurus.1"
"25","Spheniscus","Spheniscus.1"
"26","Ichtyosaur_sp","Ichtyosaur_sp.1"
"27","Noemys_fodies","Noemys_fodies.1"
"28","Lutra_vulgaris","Lutra_vulgaris.1"
"29","Micropotamogale_euwenzorii","Micropotamogale_euwenzorii.1"
"30","Ichtyosaur_sp","Ichtyosaur_sp.2"
"31","Choeropsis_liberiensis","Choeropsis_liberiensis.1"
"32","Nothosaurus_mirabilis_1","Nothosaurus_mirabilis_1.1"
"33","Castor_fiber","Castor_fiber.2"
"34","Nothosaurus_mirabilis","Nothosaurus_mirabilis.1"
"35","Cricosaurus","Cricosaurus.1"
"36","Choeropsis_liberiensis","Choeropsis_liberiensis.2"
"37","Spheniscus","Spheniscus.2"
"38","Lutra_vulgaris","Lutra_vulgaris.2"
"39","Pistosaurus","Pistosaurus.1"
"40","Aptenodytes______","Aptenodytes______.1"
"41","Nothosaurus_568","Nothosaurus_568.1"
"42","Chapsosaurus_","Chapsosaurus_.1"
"43","Ichtyosaur_sp","Ichtyosaur_sp.3"
"44","Nothosaurus_mirabilis_1","Nothosaurus_mirabilis_1.2"
"45","Ichtyosaur_sp","Ichtyosaur_sp.4"
"46","Spinosaurus_","Spinosaurus_.1"
"47","Spinosaurus_","Spinosaurus_.2"
"48","Spinosaurus_","Spinosaurus_.3"
"49","Spinosaurus_","Spinosaurus_.4"
"50","Spinosaurus_","Spinosaurus_.5"
"51","Spinosaurus_","Spinosaurus_.6"
"52","Spinosaurus_","Spinosaurus_.7"
"53","Spinosaurus_","Spinosaurus_.8"
"54","Spinosaurus_","Spinosaurus_.9"
"55","Spinosaurus_","Spinosaurus_.10"
"56","Spinosaurus_","Spinosaurus_.11"
"57","Suchomimus","Suchomimus.1"
"58","Suchomimus","Suchomimus.2"
"59","Suchomimus","Suchomimus.3"
"60","Baryonyx","Baryonyx.1"
"61","Baryonyx","Baryonyx.2"
"62","Baryonyx","Baryonyx.3"
 
* Phylo tree and the main data and strata files have been modified to include duplicated taxa before the scaled random trees are generated.
* Selected categorical labels column: diving.or.not
* diving.or.equal column is identical to Diving column.
* Regression excludes flying taxa.
* Diving labels that are present in regression: 0,2
* lambda (calculated from a random tree) = : 0.14
* index-name alignment check: OK
