Logfile for a session of program: bootstrap_binary.r
-----------------------------------------------------
INPUT:
workDir: C:/dino_nature/output/2023-11-07-D1\bs/set_1643
Nbootstrapsets: 2000
phyloFDAfile: c:/dino_nature/code/phylo.fda.R
auxFile: c:/dino_nature/code/auxiliary.r
boneType: femur
regressionData.file: C:/dino_nature/output/2023-11-07-D1\bs/set_1643/femur_set_1643.csv
applyDataFilter: FALSE
addTreeTips: TRUE
Ntrees: 100
calculateTrees: TRUE
saveTrees: FALSE


OPERATIONAL CHECKS:
* Regression data contains multiple copies of some taxa (user added variants of existing test taxa 
   or replacements due to bootstrap are present) which are not in the phylo tree:
     original taxon,   duplicate   
"1","Apteryx_australis","Apteryx_australis.1"
"2","Bison_bonasus","Bison_bonasus.1"
"3","Monodelphis_domestica","Monodelphis_domestica.1"
"4","Felis_felis","Felis_felis.1"
"5","Elomeryx_borbonicus_","Elomeryx_borbonicus_.1"
"6","Paguma_larvata","Paguma_larvata.1"
"7","Apteryx_owenii_","Apteryx_owenii_.1"
"8","Elephas_maximus","Elephas_maximus.1"
"9","Felis_felis","Felis_felis.2"
"10","Nyctereutes_procyonoides","Nyctereutes_procyonoides.1"
"11","Paguma_larvata","Paguma_larvata.2"
"12","Sus_scrofa","Sus_scrofa.1"
"13","Monodelphis_domestica","Monodelphis_domestica.2"
"14","Monodelphis_domestica","Monodelphis_domestica.3"
"15","Felis_felis","Felis_felis.3"
"16","Bison_bonasus","Bison_bonasus.2"
"17","Rattus_rattus","Rattus_rattus.1"
"18","Apteryx_owenii_","Apteryx_owenii_.2"
"19","Procyon_lotor","Procyon_lotor.1"
"20","Paguma_larvata","Paguma_larvata.3"
"21","Apteryx_owenii_","Apteryx_owenii_.3"
"22","Sphenodon_punctatus","Sphenodon_punctatus.1"
"23","Sus_scrofa","Sus_scrofa.2"
"24","Phalacrocorax_harrisi","Phalacrocorax_harrisi.1"
"25","Desmostylus_hesperus","Desmostylus_hesperus.1"
"26","Cricosaurus","Cricosaurus.1"
"27","Hippopotamus_amphibius","Hippopotamus_amphibius.1"
"28","Palaeospheniscus","Palaeospheniscus.1"
"29","Cricosaurus","Cricosaurus.2"
"30","Otaria_byronia","Otaria_byronia.1"
"31","Phalacrocorax_harrisi","Phalacrocorax_harrisi.2"
"32","Cryptoclidus","Cryptoclidus.1"
"33","Plesiosaurus","Plesiosaurus.1"
"34","Desmana_moschata","Desmana_moschata.1"
"35","Neusticosaurus","Neusticosaurus.1"
"36","Noemys_fodies","Noemys_fodies.1"
"37","Leptophoca_proxima","Leptophoca_proxima.1"
"38","Small_Eocene_penguin","Small_Eocene_penguin.1"
"39","Aptenodytes______","Aptenodytes______.1"
"40","Placodontia_indet_1","Placodontia_indet_1.1"
"41","Hydromys_chrysogaster","Hydromys_chrysogaster.1"
"42","Cricosaurus","Cricosaurus.3"
"43","Spinosaurus_","Spinosaurus_.1"
"44","Spinosaurus_","Spinosaurus_.2"
"45","Spinosaurus_","Spinosaurus_.3"
"46","Spinosaurus_","Spinosaurus_.4"
"47","Spinosaurus_","Spinosaurus_.5"
"48","Spinosaurus_","Spinosaurus_.6"
"49","Spinosaurus_","Spinosaurus_.7"
"50","Spinosaurus_","Spinosaurus_.8"
"51","Spinosaurus_","Spinosaurus_.9"
"52","Spinosaurus_","Spinosaurus_.10"
"53","Spinosaurus_","Spinosaurus_.11"
"54","Suchomimus","Suchomimus.1"
"55","Suchomimus","Suchomimus.2"
"56","Suchomimus","Suchomimus.3"
"57","Baryonyx","Baryonyx.1"
"58","Baryonyx","Baryonyx.2"
"59","Baryonyx","Baryonyx.3"
 
* Phylo tree and the main data and strata files have been modified to include duplicated taxa before the scaled random trees are generated.
* Selected categorical labels column: diving.or.not
* diving.or.equal column is identical to Diving column.
* Regression excludes flying taxa.
* Diving labels that are present in regression: 0,2
* lambda (calculated from a random tree) = : 0.06
* index-name alignment check: OK
