Logfile for a session of program: bootstrap_binary.r
-----------------------------------------------------
INPUT:
workDir: C:/dino_nature/output/2023-11-07-D1\bs/set_849
Nbootstrapsets: 2000
phyloFDAfile: c:/dino_nature/code/phylo.fda.R
auxFile: c:/dino_nature/code/auxiliary.r
boneType: femur
regressionData.file: C:/dino_nature/output/2023-11-07-D1\bs/set_849/femur_set_849.csv
applyDataFilter: FALSE
addTreeTips: TRUE
Ntrees: 100
calculateTrees: TRUE
saveTrees: FALSE


OPERATIONAL CHECKS:
* Regression data contains multiple copies of some taxa (user added variants of existing test taxa 
   or replacements due to bootstrap are present) which are not in the phylo tree:
     original taxon,   duplicate   
"1","Capreolus_capreolus","Capreolus_capreolus.1"
"2","Hemiechinus_azurites","Hemiechinus_azurites.1"
"3","Pogona_viceps","Pogona_viceps.1"
"4","Brachyodus_onoideum","Brachyodus_onoideum.1"
"5","Caloenas_nicobarica","Caloenas_nicobarica.1"
"6","Rattus_rattus","Rattus_rattus.1"
"7","Xenicus_giliventris","Xenicus_giliventris.1"
"8","Lama_guanicoe","Lama_guanicoe.1"
"9","Paguma_larvata","Paguma_larvata.1"
"10","Syncerus_caffer","Syncerus_caffer.1"
"11","Tamandua_tetradactyla","Tamandua_tetradactyla.1"
"12","Rynochetus_jubatus","Rynochetus_jubatus.1"
"13","Rattus_rattus","Rattus_rattus.2"
"14","Rhinoceros_sondaicus","Rhinoceros_sondaicus.1"
"15","Nyctereutes_procyonoides","Nyctereutes_procyonoides.1"
"16","Alces_americanus","Alces_americanus.1"
"17","Mustela_nivalis","Mustela_nivalis.1"
"18","Alces_americanus","Alces_americanus.2"
"19","Sus_scrofa","Sus_scrofa.1"
"20","Raphus","Raphus.1"
"21","Capreolus_capreolus","Capreolus_capreolus.2"
"22","Nothosaurus_568","Nothosaurus_568.1"
"23","Neusticosaurus","Neusticosaurus.1"
"24","Hippopotamus_amphibius","Hippopotamus_amphibius.1"
"25","Chapsosaurus_","Chapsosaurus_.1"
"26","Neusticosaurus","Neusticosaurus.2"
"27","Phocanella_pumila","Phocanella_pumila.1"
"28","Remingtonocetus","Remingtonocetus.1"
"29","Maiacetus","Maiacetus.1"
"30","Ichtyosaur_sp","Ichtyosaur_sp.1"
"31","Nothosaurus_mirabilis_1","Nothosaurus_mirabilis_1.1"
"32","Tapirus_terrestris","Tapirus_terrestris.1"
"33","Hesperornis","Hesperornis.1"
"34","Psephoderma","Psephoderma.1"
"35","Ichtyosaur_sp","Ichtyosaur_sp.2"
"36","Champsosaurus","Champsosaurus.1"
"37","Hydromys_chrysogaster","Hydromys_chrysogaster.1"
"38","Serpianosaurus","Serpianosaurus.1"
"39","Hippopotamus_amphibius","Hippopotamus_amphibius.2"
"40","Nothosaurus_giganteus","Nothosaurus_giganteus.1"
"41","Nothosaurus_568","Nothosaurus_568.2"
"42","Psephoderma","Psephoderma.2"
"43","Alligator","Alligator.1"
"44","Hesperornis","Hesperornis.2"
"45","Spinosaurus_","Spinosaurus_.1"
"46","Spinosaurus_","Spinosaurus_.2"
"47","Spinosaurus_","Spinosaurus_.3"
"48","Spinosaurus_","Spinosaurus_.4"
"49","Spinosaurus_","Spinosaurus_.5"
"50","Spinosaurus_","Spinosaurus_.6"
"51","Spinosaurus_","Spinosaurus_.7"
"52","Spinosaurus_","Spinosaurus_.8"
"53","Spinosaurus_","Spinosaurus_.9"
"54","Spinosaurus_","Spinosaurus_.10"
"55","Spinosaurus_","Spinosaurus_.11"
"56","Suchomimus","Suchomimus.1"
"57","Suchomimus","Suchomimus.2"
"58","Suchomimus","Suchomimus.3"
"59","Baryonyx","Baryonyx.1"
"60","Baryonyx","Baryonyx.2"
"61","Baryonyx","Baryonyx.3"
 
* Phylo tree and the main data and strata files have been modified to include duplicated taxa before the scaled random trees are generated.
* Selected categorical labels column: diving.or.not
* diving.or.equal column is identical to Diving column.
* Regression excludes flying taxa.
* Diving labels that are present in regression: 0,2
* lambda (calculated from a random tree) = : 0.08
* index-name alignment check: OK
