Logfile for a session of program: bootstrap_binary.r
-----------------------------------------------------
INPUT:
workDir: C:/dino_nature/output/2023-11-07-D1\bs/set_247
Nbootstrapsets: 2000
phyloFDAfile: c:/dino_nature/code/phylo.fda.R
auxFile: c:/dino_nature/code/auxiliary.r
boneType: femur
regressionData.file: C:/dino_nature/output/2023-11-07-D1\bs/set_247/femur_set_247.csv
applyDataFilter: FALSE
addTreeTips: TRUE
Ntrees: 100
calculateTrees: TRUE
saveTrees: FALSE


OPERATIONAL CHECKS:
* Regression data contains multiple copies of some taxa (user added variants of existing test taxa 
   or replacements due to bootstrap are present) which are not in the phylo tree:
     original taxon,   duplicate   
"1","Sphenodon_punctatus","Sphenodon_punctatus.1"
"2","Brachyodus_onoideum","Brachyodus_onoideum.1"
"3","Tenrec_ecaudatus","Tenrec_ecaudatus.1"
"4","Mus_musculus","Mus_musculus.1"
"5","Okapia_johnstoni","Okapia_johnstoni.1"
"6","Cephalophus_silvicultor","Cephalophus_silvicultor.1"
"7","Sphenodon_punctatus","Sphenodon_punctatus.2"
"8","Loxodonta_africana","Loxodonta_africana.1"
"9","Caloenas_nicobarica","Caloenas_nicobarica.1"
"10","Procyon_lotor","Procyon_lotor.1"
"11","Atlantisia_rogersi","Atlantisia_rogersi.1"
"12","Okapia_johnstoni","Okapia_johnstoni.2"
"13","Caloenas_nicobarica","Caloenas_nicobarica.2"
"14","Diplomesodon_pulchellum","Diplomesodon_pulchellum.1"
"15","Lama_guanicoe","Lama_guanicoe.1"
"16","Brachyodus_onoideum","Brachyodus_onoideum.2"
"17","Syncerus_caffer","Syncerus_caffer.1"
"18","Lama_guanicoe","Lama_guanicoe.2"
"19","Microgale_thomasi","Microgale_thomasi.1"
"20","Raphus","Raphus.1"
"21","Cephalophus_silvicultor","Cephalophus_silvicultor.2"
"22","Hexaprotodon_garyam","Hexaprotodon_garyam.1"
"23","Maiacetus","Maiacetus.1"
"24","Nothosaurus_150","Nothosaurus_150.1"
"25","Plesiosaurus","Plesiosaurus.1"
"26","Hexaprotodon_garyam","Hexaprotodon_garyam.2"
"27","Aptenodytes______","Aptenodytes______.1"
"28","Plesiosaurus","Plesiosaurus.2"
"29","Maiacetus","Maiacetus.2"
"30","Hydromys_chrysogaster","Hydromys_chrysogaster.1"
"31","Placodontia_indet_1","Placodontia_indet_1.1"
"32","Nothosaurus_mirabilis_1","Nothosaurus_mirabilis_1.1"
"33","Leptophoca_proxima","Leptophoca_proxima.1"
"34","Neusticosaurus","Neusticosaurus.1"
"35","Chapsosaurus_","Chapsosaurus_.1"
"36","Simosaurus","Simosaurus.1"
"37","Leptophoca_proxima","Leptophoca_proxima.2"
"38","Caiman_yacare","Caiman_yacare.1"
"39","Nothosaurus_150","Nothosaurus_150.2"
"40","Spinosaurus_","Spinosaurus_.1"
"41","Spinosaurus_","Spinosaurus_.2"
"42","Spinosaurus_","Spinosaurus_.3"
"43","Spinosaurus_","Spinosaurus_.4"
"44","Spinosaurus_","Spinosaurus_.5"
"45","Spinosaurus_","Spinosaurus_.6"
"46","Spinosaurus_","Spinosaurus_.7"
"47","Spinosaurus_","Spinosaurus_.8"
"48","Spinosaurus_","Spinosaurus_.9"
"49","Spinosaurus_","Spinosaurus_.10"
"50","Spinosaurus_","Spinosaurus_.11"
"51","Suchomimus","Suchomimus.1"
"52","Suchomimus","Suchomimus.2"
"53","Suchomimus","Suchomimus.3"
"54","Baryonyx","Baryonyx.1"
"55","Baryonyx","Baryonyx.2"
"56","Baryonyx","Baryonyx.3"
 
* Phylo tree and the main data and strata files have been modified to include duplicated taxa before the scaled random trees are generated.
* Selected categorical labels column: diving.or.not
* diving.or.equal column is identical to Diving column.
* Regression excludes flying taxa.
* Diving labels that are present in regression: 0,2
* lambda (calculated from a random tree) = : 0.09
* index-name alignment check: OK
