Logfile for a session of program: bootstrap_binary.r
-----------------------------------------------------
INPUT:
workDir: C:/dino_nature/output/2023-11-07-D1\bs/set_660
Nbootstrapsets: 2000
phyloFDAfile: c:/dino_nature/code/phylo.fda.R
auxFile: c:/dino_nature/code/auxiliary.r
boneType: femur
regressionData.file: C:/dino_nature/output/2023-11-07-D1\bs/set_660/femur_set_660.csv
applyDataFilter: FALSE
addTreeTips: TRUE
Ntrees: 100
calculateTrees: TRUE
saveTrees: FALSE


OPERATIONAL CHECKS:
* Regression data contains multiple copies of some taxa (user added variants of existing test taxa 
   or replacements due to bootstrap are present) which are not in the phylo tree:
     original taxon,   duplicate   
"1","Okapia_johnstoni","Okapia_johnstoni.1"
"2","Vulpes_vulpes","Vulpes_vulpes.1"
"3","Tribonyx_mortieri","Tribonyx_mortieri.1"
"4","Vulpes_vulpes","Vulpes_vulpes.2"
"5","Rattus_rattus","Rattus_rattus.1"
"6","Xenicus_giliventris","Xenicus_giliventris.1"
"7","Rattus_rattus","Rattus_rattus.2"
"8","Dromaius_","Dromaius_.1"
"9","Okapia_johnstoni","Okapia_johnstoni.2"
"10","Ceratotherium_simum","Ceratotherium_simum.1"
"11","Strigiops_habroptilus","Strigiops_habroptilus.1"
"12","Elephas_maximus","Elephas_maximus.1"
"13","Bos_taurus","Bos_taurus.1"
"14","Tamandua_tetradactyla","Tamandua_tetradactyla.1"
"15","Bos_taurus","Bos_taurus.2"
"16","Vulpes_vulpes","Vulpes_vulpes.3"
"17","Paguma_larvata","Paguma_larvata.1"
"18","Vulpes_vulpes","Vulpes_vulpes.4"
"19","Rhinoceros_sondaicus","Rhinoceros_sondaicus.1"
"20","Vulpes_vulpes","Vulpes_vulpes.5"
"21","Rattus_rattus","Rattus_rattus.3"
"22","Capreolus_capreolus","Capreolus_capreolus.1"
"23","Rupicapra_rupicapra","Rupicapra_rupicapra.1"
"24","Sphenodon_punctatus","Sphenodon_punctatus.1"
"25","Paguma_larvata","Paguma_larvata.2"
"26","Microgale_thomasi","Microgale_thomasi.1"
"27","Micropotamogale_euwenzorii","Micropotamogale_euwenzorii.1"
"28","Chapsosaurus_","Chapsosaurus_.1"
"29","Aptenodytes______","Aptenodytes______.1"
"30","Basilosaurus","Basilosaurus.1"
"31","Nothosaurus_mirabilis_1","Nothosaurus_mirabilis_1.1"
"32","Ichtyosaurus_","Ichtyosaurus_.1"
"33","Nothosaurus_150","Nothosaurus_150.1"
"34","Nothosaurus_102","Nothosaurus_102.1"
"35","Aptenodytes______","Aptenodytes______.2"
"36","Small_Eocene_penguin","Small_Eocene_penguin.1"
"37","Desmostylus_hesperus","Desmostylus_hesperus.1"
"38","Spheniscus","Spheniscus.1"
"39","Plesiosaurus","Plesiosaurus.1"
"40","Indohyus","Indohyus.1"
"41","Nothosaurus_mirabilis_1","Nothosaurus_mirabilis_1.2"
"42","Small_Eocene_penguin","Small_Eocene_penguin.2"
"43","Aptenodytes______","Aptenodytes______.3"
"44","Plesiosaurus","Plesiosaurus.2"
"45","Ichtyosaurus_","Ichtyosaurus_.2"
"46","Placondontia_indet","Placondontia_indet.1"
"47","Hesperornis","Hesperornis.1"
"48","Spinosaurus_","Spinosaurus_.1"
"49","Spinosaurus_","Spinosaurus_.2"
"50","Spinosaurus_","Spinosaurus_.3"
"51","Spinosaurus_","Spinosaurus_.4"
"52","Spinosaurus_","Spinosaurus_.5"
"53","Spinosaurus_","Spinosaurus_.6"
"54","Spinosaurus_","Spinosaurus_.7"
"55","Spinosaurus_","Spinosaurus_.8"
"56","Spinosaurus_","Spinosaurus_.9"
"57","Spinosaurus_","Spinosaurus_.10"
"58","Spinosaurus_","Spinosaurus_.11"
"59","Suchomimus","Suchomimus.1"
"60","Suchomimus","Suchomimus.2"
"61","Suchomimus","Suchomimus.3"
"62","Baryonyx","Baryonyx.1"
"63","Baryonyx","Baryonyx.2"
"64","Baryonyx","Baryonyx.3"
 
* Phylo tree and the main data and strata files have been modified to include duplicated taxa before the scaled random trees are generated.
* Selected categorical labels column: diving.or.not
* diving.or.equal column is identical to Diving column.
* Regression excludes flying taxa.
* Diving labels that are present in regression: 0,2
* lambda (calculated from a random tree) = : 0.1
* index-name alignment check: OK
