Logfile for a session of program: bootstrap_binary.r
-----------------------------------------------------
INPUT:
workDir: C:/dino_nature/output/2023-11-07-D1\bs/set_1578
Nbootstrapsets: 2000
phyloFDAfile: c:/dino_nature/code/phylo.fda.R
auxFile: c:/dino_nature/code/auxiliary.r
boneType: femur
regressionData.file: C:/dino_nature/output/2023-11-07-D1\bs/set_1578/femur_set_1578.csv
applyDataFilter: FALSE
addTreeTips: TRUE
Ntrees: 100
calculateTrees: TRUE
saveTrees: FALSE


OPERATIONAL CHECKS:
* Regression data contains multiple copies of some taxa (user added variants of existing test taxa 
   or replacements due to bootstrap are present) which are not in the phylo tree:
     original taxon,   duplicate   
"1","Brachyodus_onoideum","Brachyodus_onoideum.1"
"2","Brachyodus_onoideum","Brachyodus_onoideum.2"
"3","Brachyodus_onoideum","Brachyodus_onoideum.3"
"4","Raphus","Raphus.1"
"5","Microgale_thomasi","Microgale_thomasi.1"
"6","Dicerorhinus_sumatrensis","Dicerorhinus_sumatrensis.1"
"7","Mustela_nivalis","Mustela_nivalis.1"
"8","Strigiops_habroptilus","Strigiops_habroptilus.1"
"9","Loxodonta_africana","Loxodonta_africana.1"
"10","Myrmecophaga_tridactyla","Myrmecophaga_tridactyla.1"
"11","Cephalophus_silvicultor","Cephalophus_silvicultor.1"
"12","Microgale_thomasi","Microgale_thomasi.2"
"13","Dasyurus_maculatus","Dasyurus_maculatus.1"
"14","Bos_taurus","Bos_taurus.1"
"15","Raphus","Raphus.2"
"16","Rangifer_tarandus","Rangifer_tarandus.1"
"17","Hemiechinus_azurites","Hemiechinus_azurites.1"
"18","Rangifer_tarandus","Rangifer_tarandus.2"
"19","Microgale_thomasi","Microgale_thomasi.3"
"20","Dama_dama","Dama_dama.1"
"21","Caiman_yacare","Caiman_yacare.1"
"22","Rhaeticosaurus","Rhaeticosaurus.1"
"23","Noemys_fodies","Noemys_fodies.1"
"24","Cryptoclidus","Cryptoclidus.1"
"25","Rhaeticosaurus","Rhaeticosaurus.2"
"26","Noemys_fodies","Noemys_fodies.2"
"27","Nothosaurus_102","Nothosaurus_102.1"
"28","large_eocene_stem_penguin","large_eocene_stem_penguin.1"
"29","Simosaurus","Simosaurus.1"
"30","Remingtonocetus","Remingtonocetus.1"
"31","Aptenodytes______","Aptenodytes______.1"
"32","Metryorhynchus","Metryorhynchus.1"
"33","Nothosaurus_mirabilis","Nothosaurus_mirabilis.1"
"34","Noemys_fodies","Noemys_fodies.3"
"35","Simosaurus","Simosaurus.2"
"36","Nanophoca_vitulinoides","Nanophoca_vitulinoides.1"
"37","Nothosaurus_568","Nothosaurus_568.1"
"38","Simosaurus_1","Simosaurus_1.1"
"39","Placondontia_indet","Placondontia_indet.1"
"40","Ornithorhynchus_anatinus","Ornithorhynchus_anatinus.1"
"41","Desmostylus_hesperus","Desmostylus_hesperus.1"
"42","Noemys_fodies","Noemys_fodies.4"
"43","Maiacetus","Maiacetus.1"
"44","Choeropsis_liberiensis","Choeropsis_liberiensis.1"
"45","Spinosaurus_","Spinosaurus_.1"
"46","Spinosaurus_","Spinosaurus_.2"
"47","Spinosaurus_","Spinosaurus_.3"
"48","Spinosaurus_","Spinosaurus_.4"
"49","Spinosaurus_","Spinosaurus_.5"
"50","Spinosaurus_","Spinosaurus_.6"
"51","Spinosaurus_","Spinosaurus_.7"
"52","Spinosaurus_","Spinosaurus_.8"
"53","Spinosaurus_","Spinosaurus_.9"
"54","Spinosaurus_","Spinosaurus_.10"
"55","Spinosaurus_","Spinosaurus_.11"
"56","Suchomimus","Suchomimus.1"
"57","Suchomimus","Suchomimus.2"
"58","Suchomimus","Suchomimus.3"
"59","Baryonyx","Baryonyx.1"
"60","Baryonyx","Baryonyx.2"
"61","Baryonyx","Baryonyx.3"
 
* Phylo tree and the main data and strata files have been modified to include duplicated taxa before the scaled random trees are generated.
* Selected categorical labels column: diving.or.not
* diving.or.equal column is identical to Diving column.
* Regression excludes flying taxa.
* Diving labels that are present in regression: 0,2
* lambda (calculated from a random tree) = : 0.08
* index-name alignment check: OK
