Logfile for a session of program: bootstrap_binary.r
-----------------------------------------------------
INPUT:
workDir: C:/dino_nature/output/2023-11-07-D1\bs/set_282
Nbootstrapsets: 2000
phyloFDAfile: c:/dino_nature/code/phylo.fda.R
auxFile: c:/dino_nature/code/auxiliary.r
boneType: femur
regressionData.file: C:/dino_nature/output/2023-11-07-D1\bs/set_282/femur_set_282.csv
applyDataFilter: FALSE
addTreeTips: TRUE
Ntrees: 100
calculateTrees: TRUE
saveTrees: FALSE


OPERATIONAL CHECKS:
* Regression data contains multiple copies of some taxa (user added variants of existing test taxa 
   or replacements due to bootstrap are present) which are not in the phylo tree:
     original taxon,   duplicate   
"1","Megaloceros_sp","Megaloceros_sp.1"
"2","Dama_dama","Dama_dama.1"
"3","Dromaius_","Dromaius_.1"
"4","Giraffa_camelopardalis","Giraffa_camelopardalis.1"
"5","Rhinoceros_sondaicus","Rhinoceros_sondaicus.1"
"6","Procyon_lotor","Procyon_lotor.1"
"7","Alces_americanus","Alces_americanus.1"
"8","Alces_americanus","Alces_americanus.2"
"9","Procavia_capensis","Procavia_capensis.1"
"10","Meles_meles","Meles_meles.1"
"11","Atlantisia_rogersi","Atlantisia_rogersi.1"
"12","Diplomesodon_pulchellum","Diplomesodon_pulchellum.1"
"13","Giraffa_camelopardalis","Giraffa_camelopardalis.2"
"14","Alces_americanus","Alces_americanus.3"
"15","Lama_guanicoe","Lama_guanicoe.1"
"16","Procyon_lotor","Procyon_lotor.2"
"17","Lama_guanicoe","Lama_guanicoe.2"
"18","Giraffa_camelopardalis","Giraffa_camelopardalis.3"
"19","Procavia_capensis","Procavia_capensis.2"
"20","Giraffa_camelopardalis","Giraffa_camelopardalis.4"
"21","Brachyodus_onoideum","Brachyodus_onoideum.1"
"22","Maiacetus","Maiacetus.1"
"23","Nanophoca_vitulinoides","Nanophoca_vitulinoides.1"
"24","Small_Eocene_penguin","Small_Eocene_penguin.1"
"25","Callophoca_obscura","Callophoca_obscura.1"
"26","Basilosaurus","Basilosaurus.1"
"27","Small_Eocene_penguin","Small_Eocene_penguin.2"
"28","Paraplacodus","Paraplacodus.1"
"29","Castor_fiber","Castor_fiber.1"
"30","Anarosaurus","Anarosaurus.1"
"31","Micropotamogale_euwenzorii","Micropotamogale_euwenzorii.1"
"32","Phalacrocorax_harrisi","Phalacrocorax_harrisi.1"
"33","Nothosaurus_giganteus","Nothosaurus_giganteus.1"
"34","Desmostylus_hesperus","Desmostylus_hesperus.1"
"35","Maiacetus","Maiacetus.2"
"36","Callophoca_obscura","Callophoca_obscura.2"
"37","Simosaurus_1","Simosaurus_1.1"
"38","Chapsosaurus_","Chapsosaurus_.1"
"39","Micropotamogale_euwenzorii","Micropotamogale_euwenzorii.2"
"40","Neusticosaurus","Neusticosaurus.1"
"41","Anarosaurus","Anarosaurus.2"
"42","Spinosaurus_","Spinosaurus_.1"
"43","Spinosaurus_","Spinosaurus_.2"
"44","Spinosaurus_","Spinosaurus_.3"
"45","Spinosaurus_","Spinosaurus_.4"
"46","Spinosaurus_","Spinosaurus_.5"
"47","Spinosaurus_","Spinosaurus_.6"
"48","Spinosaurus_","Spinosaurus_.7"
"49","Spinosaurus_","Spinosaurus_.8"
"50","Spinosaurus_","Spinosaurus_.9"
"51","Spinosaurus_","Spinosaurus_.10"
"52","Spinosaurus_","Spinosaurus_.11"
"53","Suchomimus","Suchomimus.1"
"54","Suchomimus","Suchomimus.2"
"55","Suchomimus","Suchomimus.3"
"56","Baryonyx","Baryonyx.1"
"57","Baryonyx","Baryonyx.2"
"58","Baryonyx","Baryonyx.3"
 
* Phylo tree and the main data and strata files have been modified to include duplicated taxa before the scaled random trees are generated.
* Selected categorical labels column: diving.or.not
* diving.or.equal column is identical to Diving column.
* Regression excludes flying taxa.
* Diving labels that are present in regression: 0,2
* lambda (calculated from a random tree) = : 0.07
* index-name alignment check: OK
