Logfile for a session of program: bootstrap_binary.r
-----------------------------------------------------
INPUT:
workDir: C:/dino_nature/output/2023-11-07-D1\bs/set_1014
Nbootstrapsets: 2000
phyloFDAfile: c:/dino_nature/code/phylo.fda.R
auxFile: c:/dino_nature/code/auxiliary.r
boneType: femur
regressionData.file: C:/dino_nature/output/2023-11-07-D1\bs/set_1014/femur_set_1014.csv
applyDataFilter: FALSE
addTreeTips: TRUE
Ntrees: 100
calculateTrees: TRUE
saveTrees: FALSE


OPERATIONAL CHECKS:
* Regression data contains multiple copies of some taxa (user added variants of existing test taxa 
   or replacements due to bootstrap are present) which are not in the phylo tree:
     original taxon,   duplicate   
"1","Monodelphis_domestica","Monodelphis_domestica.1"
"2","Giraffa_camelopardalis","Giraffa_camelopardalis.1"
"3","Giraffa_camelopardalis","Giraffa_camelopardalis.2"
"4","Taxidea_taxus","Taxidea_taxus.1"
"5","Tribonyx_mortieri","Tribonyx_mortieri.1"
"6","Nyctereutes_procyonoides","Nyctereutes_procyonoides.1"
"7","Tamandua_tetradactyla","Tamandua_tetradactyla.1"
"8","Tribonyx_mortieri","Tribonyx_mortieri.2"
"9","Monodelphis_domestica","Monodelphis_domestica.2"
"10","Tamandua_tetradactyla","Tamandua_tetradactyla.2"
"11","Giraffa_camelopardalis","Giraffa_camelopardalis.3"
"12","Dasyurus_maculatus","Dasyurus_maculatus.1"
"13","Dromaius_","Dromaius_.1"
"14","Tamandua_tetradactyla","Tamandua_tetradactyla.3"
"15","Mus_musculus","Mus_musculus.1"
"16","Loxodonta_africana","Loxodonta_africana.1"
"17","Pogona_viceps","Pogona_viceps.1"
"18","Giraffa_camelopardalis","Giraffa_camelopardalis.4"
"19","Bison_bonasus","Bison_bonasus.1"
"20","Mustela_nivalis","Mustela_nivalis.1"
"21","Tamandua_tetradactyla","Tamandua_tetradactyla.4"
"22","Atlantisia_rogersi","Atlantisia_rogersi.1"
"23","Tribonyx_mortieri","Tribonyx_mortieri.3"
"24","Myrmecophaga_tridactyla","Myrmecophaga_tridactyla.1"
"25","Castor_fiber","Castor_fiber.1"
"26","Desmostylus_hesperus","Desmostylus_hesperus.1"
"27","Cricosaurus","Cricosaurus.1"
"28","Otaria_byronia","Otaria_byronia.1"
"29","Lutra_vulgaris","Lutra_vulgaris.1"
"30","Nothosaurus_mirabilis_1","Nothosaurus_mirabilis_1.1"
"31","Leptophoca_proxima","Leptophoca_proxima.1"
"32","Psephoderma","Psephoderma.1"
"33","Cryptoclidus","Cryptoclidus.1"
"34","Noemys_fodies","Noemys_fodies.1"
"35","Cricosaurus","Cricosaurus.2"
"36","Hexaprotodon_garyam","Hexaprotodon_garyam.1"
"37","Tapirus_terrestris","Tapirus_terrestris.1"
"38","Caiman_yacare","Caiman_yacare.1"
"39","Alligator","Alligator.1"
"40","Tapirus_terrestris","Tapirus_terrestris.2"
"41","Anarosaurus","Anarosaurus.1"
"42","Nothosaurus_150","Nothosaurus_150.1"
"43","Neusticosaurus","Neusticosaurus.1"
"44","Spinosaurus_","Spinosaurus_.1"
"45","Spinosaurus_","Spinosaurus_.2"
"46","Spinosaurus_","Spinosaurus_.3"
"47","Spinosaurus_","Spinosaurus_.4"
"48","Spinosaurus_","Spinosaurus_.5"
"49","Spinosaurus_","Spinosaurus_.6"
"50","Spinosaurus_","Spinosaurus_.7"
"51","Spinosaurus_","Spinosaurus_.8"
"52","Spinosaurus_","Spinosaurus_.9"
"53","Spinosaurus_","Spinosaurus_.10"
"54","Spinosaurus_","Spinosaurus_.11"
"55","Suchomimus","Suchomimus.1"
"56","Suchomimus","Suchomimus.2"
"57","Suchomimus","Suchomimus.3"
"58","Baryonyx","Baryonyx.1"
"59","Baryonyx","Baryonyx.2"
"60","Baryonyx","Baryonyx.3"
 
* Phylo tree and the main data and strata files have been modified to include duplicated taxa before the scaled random trees are generated.
* Selected categorical labels column: diving.or.not
* diving.or.equal column is identical to Diving column.
* Regression excludes flying taxa.
* Diving labels that are present in regression: 0,2
* lambda (calculated from a random tree) = : 0.1
* index-name alignment check: OK
