Logfile for a session of program: bootstrap_binary.r
-----------------------------------------------------
INPUT:
workDir: C:/dino_nature/output/2023-11-07-D1\bs/set_1898
Nbootstrapsets: 2000
phyloFDAfile: c:/dino_nature/code/phylo.fda.R
auxFile: c:/dino_nature/code/auxiliary.r
boneType: femur
regressionData.file: C:/dino_nature/output/2023-11-07-D1\bs/set_1898/femur_set_1898.csv
applyDataFilter: FALSE
addTreeTips: TRUE
Ntrees: 100
calculateTrees: TRUE
saveTrees: FALSE


OPERATIONAL CHECKS:
* Regression data contains multiple copies of some taxa (user added variants of existing test taxa 
   or replacements due to bootstrap are present) which are not in the phylo tree:
     original taxon,   duplicate   
"1","Raphus","Raphus.1"
"2","Rangifer_tarandus","Rangifer_tarandus.1"
"3","Procyon_lotor","Procyon_lotor.1"
"4","Giraffa_camelopardalis","Giraffa_camelopardalis.1"
"5","Caloenas_nicobarica","Caloenas_nicobarica.1"
"6","Strigiops_habroptilus","Strigiops_habroptilus.1"
"7","Okapia_johnstoni","Okapia_johnstoni.1"
"8","Raphus","Raphus.2"
"9","Pogona_viceps","Pogona_viceps.1"
"10","Okapia_johnstoni","Okapia_johnstoni.2"
"11","Porphyrio_hochstetteri","Porphyrio_hochstetteri.1"
"12","Cephalophus_silvicultor","Cephalophus_silvicultor.1"
"13","Raphus","Raphus.3"
"14","Myrmecophaga_tridactyla","Myrmecophaga_tridactyla.1"
"15","Bison_bonasus","Bison_bonasus.1"
"16","Procavia_capensis","Procavia_capensis.1"
"17","Sus_scrofa","Sus_scrofa.1"
"18","Microgale_thomasi","Microgale_thomasi.1"
"19","Paguma_larvata","Paguma_larvata.1"
"20","Strigiops_habroptilus","Strigiops_habroptilus.2"
"21","Apteryx_owenii_","Apteryx_owenii_.1"
"22","Rhynchocyon_petersi","Rhynchocyon_petersi.1"
"23","Alligator","Alligator.1"
"24","Alligator","Alligator.2"
"25","Nothosaurus_150","Nothosaurus_150.1"
"26","Leptophoca_proxima","Leptophoca_proxima.1"
"27","Hexaprotodon_garyam","Hexaprotodon_garyam.1"
"28","Caiman_yacare","Caiman_yacare.1"
"29","Aptenodytes______","Aptenodytes______.1"
"30","Alligator","Alligator.3"
"31","Noemys_fodies","Noemys_fodies.1"
"32","Maiacetus","Maiacetus.1"
"33","Caiman_yacare","Caiman_yacare.2"
"34","Phalacrocorax_harrisi","Phalacrocorax_harrisi.1"
"35","Pistosaurus","Pistosaurus.1"
"36","Nothosaurus_150","Nothosaurus_150.2"
"37","Desmana_moschata","Desmana_moschata.1"
"38","Pistosaurus","Pistosaurus.2"
"39","Otaria_byronia","Otaria_byronia.1"
"40","Nothosaurus_568","Nothosaurus_568.1"
"41","Placodontia_indet_1","Placodontia_indet_1.1"
"42","Indohyus","Indohyus.1"
"43","Nothosaurus_mirabilis","Nothosaurus_mirabilis.1"
"44","Chironectes_minimus","Chironectes_minimus.1"
"45","Basilosaurus","Basilosaurus.1"
"46","Spinosaurus_","Spinosaurus_.1"
"47","Spinosaurus_","Spinosaurus_.2"
"48","Spinosaurus_","Spinosaurus_.3"
"49","Spinosaurus_","Spinosaurus_.4"
"50","Spinosaurus_","Spinosaurus_.5"
"51","Spinosaurus_","Spinosaurus_.6"
"52","Spinosaurus_","Spinosaurus_.7"
"53","Spinosaurus_","Spinosaurus_.8"
"54","Spinosaurus_","Spinosaurus_.9"
"55","Spinosaurus_","Spinosaurus_.10"
"56","Spinosaurus_","Spinosaurus_.11"
"57","Suchomimus","Suchomimus.1"
"58","Suchomimus","Suchomimus.2"
"59","Suchomimus","Suchomimus.3"
"60","Baryonyx","Baryonyx.1"
"61","Baryonyx","Baryonyx.2"
"62","Baryonyx","Baryonyx.3"
 
* Phylo tree and the main data and strata files have been modified to include duplicated taxa before the scaled random trees are generated.
* Selected categorical labels column: diving.or.not
* diving.or.equal column is identical to Diving column.
* Regression excludes flying taxa.
* Diving labels that are present in regression: 0,2
* lambda (calculated from a random tree) = : 0.06
* index-name alignment check: OK
