Logfile for a session of program: bootstrap_binary.r
-----------------------------------------------------
INPUT:
workDir: C:/dino_nature/output/2023-11-07-D1\bs/set_1236
Nbootstrapsets: 2000
phyloFDAfile: c:/dino_nature/code/phylo.fda.R
auxFile: c:/dino_nature/code/auxiliary.r
boneType: femur
regressionData.file: C:/dino_nature/output/2023-11-07-D1\bs/set_1236/femur_set_1236.csv
applyDataFilter: FALSE
addTreeTips: TRUE
Ntrees: 100
calculateTrees: TRUE
saveTrees: FALSE


OPERATIONAL CHECKS:
* Regression data contains multiple copies of some taxa (user added variants of existing test taxa 
   or replacements due to bootstrap are present) which are not in the phylo tree:
     original taxon,   duplicate   
"1","Loxodonta_africana","Loxodonta_africana.1"
"2","Mammuthus_sp","Mammuthus_sp.1"
"3","Mammuthus_sp","Mammuthus_sp.2"
"4","Mammuthus_sp","Mammuthus_sp.3"
"5","Cephalophus_silvicultor","Cephalophus_silvicultor.1"
"6","Cephalophus_silvicultor","Cephalophus_silvicultor.2"
"7","Uncia_uncia","Uncia_uncia.1"
"8","Tenrec_ecaudatus","Tenrec_ecaudatus.1"
"9","Rattus_rattus","Rattus_rattus.1"
"10","Rhynchocyon_petersi","Rhynchocyon_petersi.1"
"11","Caloenas_nicobarica","Caloenas_nicobarica.1"
"12","Strigiops_habroptilus","Strigiops_habroptilus.1"
"13","Mustela_nivalis","Mustela_nivalis.1"
"14","Caloenas_nicobarica","Caloenas_nicobarica.2"
"15","Loxodonta_africana","Loxodonta_africana.2"
"16","Hemiechinus_azurites","Hemiechinus_azurites.1"
"17","Ceratotherium_simum","Ceratotherium_simum.1"
"18","Ceratotherium_simum","Ceratotherium_simum.2"
"19","Ceratotherium_simum","Ceratotherium_simum.3"
"20","Meles_meles","Meles_meles.1"
"21","Remingtonocetus","Remingtonocetus.1"
"22","large_eocene_stem_penguin","large_eocene_stem_penguin.1"
"23","Castor_fiber","Castor_fiber.1"
"24","Tapirus_terrestris","Tapirus_terrestris.1"
"25","Desmana_moschata","Desmana_moschata.1"
"26","Choeropsis_liberiensis","Choeropsis_liberiensis.1"
"27","Desmana_moschata","Desmana_moschata.2"
"28","Spheniscus","Spheniscus.1"
"29","Choeropsis_liberiensis","Choeropsis_liberiensis.2"
"30","Desmostylus_hesperus","Desmostylus_hesperus.1"
"31","Ichtyosaurus_","Ichtyosaurus_.1"
"32","Aptenodytes______","Aptenodytes______.1"
"33","Psephoderma","Psephoderma.1"
"34","Nanophoca_vitulinoides","Nanophoca_vitulinoides.1"
"35","Basilosaurus","Basilosaurus.1"
"36","Protochampsidae","Protochampsidae.1"
"37","Paraplacodus","Paraplacodus.1"
"38","Neusticosaurus","Neusticosaurus.1"
"39","Noemys_fodies","Noemys_fodies.1"
"40","Rodhocetus","Rodhocetus.1"
"41","Spinosaurus_","Spinosaurus_.1"
"42","Spinosaurus_","Spinosaurus_.2"
"43","Spinosaurus_","Spinosaurus_.3"
"44","Spinosaurus_","Spinosaurus_.4"
"45","Spinosaurus_","Spinosaurus_.5"
"46","Spinosaurus_","Spinosaurus_.6"
"47","Spinosaurus_","Spinosaurus_.7"
"48","Spinosaurus_","Spinosaurus_.8"
"49","Spinosaurus_","Spinosaurus_.9"
"50","Spinosaurus_","Spinosaurus_.10"
"51","Spinosaurus_","Spinosaurus_.11"
"52","Suchomimus","Suchomimus.1"
"53","Suchomimus","Suchomimus.2"
"54","Suchomimus","Suchomimus.3"
"55","Baryonyx","Baryonyx.1"
"56","Baryonyx","Baryonyx.2"
"57","Baryonyx","Baryonyx.3"
 
* Phylo tree and the main data and strata files have been modified to include duplicated taxa before the scaled random trees are generated.
* Selected categorical labels column: diving.or.not
* diving.or.equal column is identical to Diving column.
* Regression excludes flying taxa.
* Diving labels that are present in regression: 0,2
* lambda (calculated from a random tree) = : 0.09
* index-name alignment check: OK
