Logfile for a session of program: bootstrap_binary.r
-----------------------------------------------------
INPUT:
workDir: C:/dino_nature/output/2023-11-07-D1\bs/set_963
Nbootstrapsets: 2000
phyloFDAfile: c:/dino_nature/code/phylo.fda.R
auxFile: c:/dino_nature/code/auxiliary.r
boneType: femur
regressionData.file: C:/dino_nature/output/2023-11-07-D1\bs/set_963/femur_set_963.csv
applyDataFilter: FALSE
addTreeTips: TRUE
Ntrees: 100
calculateTrees: TRUE
saveTrees: FALSE


OPERATIONAL CHECKS:
* Regression data contains multiple copies of some taxa (user added variants of existing test taxa 
   or replacements due to bootstrap are present) which are not in the phylo tree:
     original taxon,   duplicate   
"1","Syncerus_caffer","Syncerus_caffer.1"
"2","Megaloceros_sp","Megaloceros_sp.1"
"3","Dama_dama","Dama_dama.1"
"4","Capreolus_capreolus","Capreolus_capreolus.1"
"5","Apteryx_australis","Apteryx_australis.1"
"6","Atlantisia_rogersi","Atlantisia_rogersi.1"
"7","Paguma_larvata","Paguma_larvata.1"
"8","Tamandua_tetradactyla","Tamandua_tetradactyla.1"
"9","Microgale_thomasi","Microgale_thomasi.1"
"10","Atlantisia_rogersi","Atlantisia_rogersi.2"
"11","Bison_bonasus","Bison_bonasus.1"
"12","Meles_meles","Meles_meles.1"
"13","Paguma_larvata","Paguma_larvata.2"
"14","Tamandua_tetradactyla","Tamandua_tetradactyla.2"
"15","Dama_dama","Dama_dama.2"
"16","Procavia_capensis","Procavia_capensis.1"
"17","Sphenodon_punctatus","Sphenodon_punctatus.1"
"18","Ceratotherium_simum","Ceratotherium_simum.1"
"19","Monodelphis_domestica","Monodelphis_domestica.1"
"20","Monodelphis_domestica","Monodelphis_domestica.2"
"21","Indohyus","Indohyus.1"
"22","Nanophoca_vitulinoides","Nanophoca_vitulinoides.1"
"23","Alligator","Alligator.1"
"24","Aptenodytes______","Aptenodytes______.1"
"25","Champsosaurus","Champsosaurus.1"
"26","Aptenodytes______","Aptenodytes______.2"
"27","Chironectes_minimus","Chironectes_minimus.1"
"28","Hexaprotodon_garyam","Hexaprotodon_garyam.1"
"29","Hexaprotodon_garyam","Hexaprotodon_garyam.2"
"30","Nanophoca_vitulinoides","Nanophoca_vitulinoides.2"
"31","Cryptoclidus","Cryptoclidus.1"
"32","Ornithorhynchus_anatinus","Ornithorhynchus_anatinus.1"
"33","Otaria_byronia","Otaria_byronia.1"
"34","Anarosaurus","Anarosaurus.1"
"35","Psephoderma","Psephoderma.1"
"36","Desmostylus_hesperus","Desmostylus_hesperus.1"
"37","Psephoderma","Psephoderma.2"
"38","Hexaprotodon_garyam","Hexaprotodon_garyam.3"
"39","Noemys_fodies","Noemys_fodies.1"
"40","Spinosaurus_","Spinosaurus_.1"
"41","Spinosaurus_","Spinosaurus_.2"
"42","Spinosaurus_","Spinosaurus_.3"
"43","Spinosaurus_","Spinosaurus_.4"
"44","Spinosaurus_","Spinosaurus_.5"
"45","Spinosaurus_","Spinosaurus_.6"
"46","Spinosaurus_","Spinosaurus_.7"
"47","Spinosaurus_","Spinosaurus_.8"
"48","Spinosaurus_","Spinosaurus_.9"
"49","Spinosaurus_","Spinosaurus_.10"
"50","Spinosaurus_","Spinosaurus_.11"
"51","Suchomimus","Suchomimus.1"
"52","Suchomimus","Suchomimus.2"
"53","Suchomimus","Suchomimus.3"
"54","Baryonyx","Baryonyx.1"
"55","Baryonyx","Baryonyx.2"
"56","Baryonyx","Baryonyx.3"
 
* Phylo tree and the main data and strata files have been modified to include duplicated taxa before the scaled random trees are generated.
* Selected categorical labels column: diving.or.not
* diving.or.equal column is identical to Diving column.
* Regression excludes flying taxa.
* Diving labels that are present in regression: 0,2
* lambda (calculated from a random tree) = : 0.1
* index-name alignment check: OK
