Logfile for a session of program: bootstrap_binary.r
-----------------------------------------------------
INPUT:
workDir: C:/dino_nature/output/2023-11-07-D1\bs/set_1444
Nbootstrapsets: 2000
phyloFDAfile: c:/dino_nature/code/phylo.fda.R
auxFile: c:/dino_nature/code/auxiliary.r
boneType: femur
regressionData.file: C:/dino_nature/output/2023-11-07-D1\bs/set_1444/femur_set_1444.csv
applyDataFilter: FALSE
addTreeTips: TRUE
Ntrees: 100
calculateTrees: TRUE
saveTrees: FALSE


OPERATIONAL CHECKS:
* Regression data contains multiple copies of some taxa (user added variants of existing test taxa 
   or replacements due to bootstrap are present) which are not in the phylo tree:
     original taxon,   duplicate   
"1","Mus_musculus","Mus_musculus.1"
"2","Diplomesodon_pulchellum","Diplomesodon_pulchellum.1"
"3","Mus_musculus","Mus_musculus.2"
"4","Apteryx_australis","Apteryx_australis.1"
"5","Diplomesodon_pulchellum","Diplomesodon_pulchellum.2"
"6","Lacerta_viridis","Lacerta_viridis.1"
"7","Rynochetus_jubatus","Rynochetus_jubatus.1"
"8","Paguma_larvata","Paguma_larvata.1"
"9","Dicerorhinus_sumatrensis","Dicerorhinus_sumatrensis.1"
"10","Capreolus_capreolus","Capreolus_capreolus.1"
"11","Mustela_nivalis","Mustela_nivalis.1"
"12","Rupicapra_rupicapra","Rupicapra_rupicapra.1"
"13","Bos_taurus","Bos_taurus.1"
"14","Okapia_johnstoni","Okapia_johnstoni.1"
"15","Bos_taurus","Bos_taurus.2"
"16","Mus_musculus","Mus_musculus.3"
"17","Porphyrio_hochstetteri","Porphyrio_hochstetteri.1"
"18","Alces_americanus","Alces_americanus.1"
"19","Xenicus_giliventris","Xenicus_giliventris.1"
"20","Spheniscus","Spheniscus.1"
"21","Placodontia_indet_1","Placodontia_indet_1.1"
"22","Simosaurus_1","Simosaurus_1.1"
"23","Ichtyosaur_sp","Ichtyosaur_sp.1"
"24","Spheniscus","Spheniscus.2"
"25","Otaria_byronia","Otaria_byronia.1"
"26","Otaria_byronia","Otaria_byronia.2"
"27","large_eocene_stem_penguin","large_eocene_stem_penguin.1"
"28","Nothosaurus_150","Nothosaurus_150.1"
"29","Anarosaurus","Anarosaurus.1"
"30","Choeropsis_liberiensis","Choeropsis_liberiensis.1"
"31","Simosaurus_1","Simosaurus_1.2"
"32","Anarosaurus","Anarosaurus.2"
"33","Callophoca_obscura","Callophoca_obscura.1"
"34","Leptophoca_proxima","Leptophoca_proxima.1"
"35","Dyrosaurid","Dyrosaurid.1"
"36","Ichtyosaurus_","Ichtyosaurus_.1"
"37","Noemys_fodies","Noemys_fodies.1"
"38","Nothosaurus_150","Nothosaurus_150.2"
"39","Tapirus_terrestris","Tapirus_terrestris.1"
"40","Nothosaurus_150","Nothosaurus_150.3"
"41","Noemys_fodies","Noemys_fodies.2"
"42","Spinosaurus_","Spinosaurus_.1"
"43","Spinosaurus_","Spinosaurus_.2"
"44","Spinosaurus_","Spinosaurus_.3"
"45","Spinosaurus_","Spinosaurus_.4"
"46","Spinosaurus_","Spinosaurus_.5"
"47","Spinosaurus_","Spinosaurus_.6"
"48","Spinosaurus_","Spinosaurus_.7"
"49","Spinosaurus_","Spinosaurus_.8"
"50","Spinosaurus_","Spinosaurus_.9"
"51","Spinosaurus_","Spinosaurus_.10"
"52","Spinosaurus_","Spinosaurus_.11"
"53","Suchomimus","Suchomimus.1"
"54","Suchomimus","Suchomimus.2"
"55","Suchomimus","Suchomimus.3"
"56","Baryonyx","Baryonyx.1"
"57","Baryonyx","Baryonyx.2"
"58","Baryonyx","Baryonyx.3"
 
* Phylo tree and the main data and strata files have been modified to include duplicated taxa before the scaled random trees are generated.
* Selected categorical labels column: diving.or.not
* diving.or.equal column is identical to Diving column.
* Regression excludes flying taxa.
* Diving labels that are present in regression: 0,2
* lambda (calculated from a random tree) = : 0.09
* index-name alignment check: OK
