Logfile for a session of program: bootstrap_binary.r
-----------------------------------------------------
INPUT:
workDir: C:/dino_nature/output/2023-11-07-D1\bs/set_445
Nbootstrapsets: 2000
phyloFDAfile: c:/dino_nature/code/phylo.fda.R
auxFile: c:/dino_nature/code/auxiliary.r
boneType: femur
regressionData.file: C:/dino_nature/output/2023-11-07-D1\bs/set_445/femur_set_445.csv
applyDataFilter: FALSE
addTreeTips: TRUE
Ntrees: 100
calculateTrees: TRUE
saveTrees: FALSE


OPERATIONAL CHECKS:
* Regression data contains multiple copies of some taxa (user added variants of existing test taxa 
   or replacements due to bootstrap are present) which are not in the phylo tree:
     original taxon,   duplicate   
"1","Mus_musculus","Mus_musculus.1"
"2","Giraffa_camelopardalis","Giraffa_camelopardalis.1"
"3","Myrmecophaga_tridactyla","Myrmecophaga_tridactyla.1"
"4","Meles_meles","Meles_meles.1"
"5","Lama_guanicoe","Lama_guanicoe.1"
"6","Rhynchocyon_petersi","Rhynchocyon_petersi.1"
"7","Elomeryx_borbonicus_","Elomeryx_borbonicus_.1"
"8","Meles_meles","Meles_meles.2"
"9","Nyctereutes_procyonoides","Nyctereutes_procyonoides.1"
"10","Euroscaptor_micrura","Euroscaptor_micrura.1"
"11","Porphyrio_hochstetteri","Porphyrio_hochstetteri.1"
"12","Cephalophus_silvicultor","Cephalophus_silvicultor.1"
"13","Euroscaptor_micrura","Euroscaptor_micrura.2"
"14","Elomeryx_borbonicus_","Elomeryx_borbonicus_.2"
"15","Rangifer_tarandus","Rangifer_tarandus.1"
"16","Mus_musculus","Mus_musculus.2"
"17","Giraffa_camelopardalis","Giraffa_camelopardalis.2"
"18","Rangifer_tarandus","Rangifer_tarandus.2"
"19","Elephas_maximus","Elephas_maximus.1"
"20","Simosaurus","Simosaurus.1"
"21","Aptenodytes______","Aptenodytes______.1"
"22","Aptenodytes______","Aptenodytes______.2"
"23","Desmostylus_hesperus","Desmostylus_hesperus.1"
"24","large_eocene_stem_penguin","large_eocene_stem_penguin.1"
"25","large_eocene_stem_penguin","large_eocene_stem_penguin.2"
"26","Basilosaurus","Basilosaurus.1"
"27","large_eocene_stem_penguin","large_eocene_stem_penguin.3"
"28","Paraplacodus","Paraplacodus.1"
"29","Nothosaurus_150","Nothosaurus_150.1"
"30","Placodontia_indet_1","Placodontia_indet_1.1"
"31","Hesperornis","Hesperornis.1"
"32","Nanophoca_vitulinoides","Nanophoca_vitulinoides.1"
"33","Spheniscus","Spheniscus.1"
"34","Ichtyosaurus_","Ichtyosaurus_.1"
"35","Simosaurus_1","Simosaurus_1.1"
"36","Ichtyosaurus_","Ichtyosaurus_.2"
"37","Micropotamogale_euwenzorii","Micropotamogale_euwenzorii.1"
"38","Alligator","Alligator.1"
"39","Palaeospheniscus","Palaeospheniscus.1"
"40","Alligator","Alligator.2"
"41","Basilosaurus","Basilosaurus.2"
"42","Otaria_byronia","Otaria_byronia.1"
"43","Spinosaurus_","Spinosaurus_.1"
"44","Spinosaurus_","Spinosaurus_.2"
"45","Spinosaurus_","Spinosaurus_.3"
"46","Spinosaurus_","Spinosaurus_.4"
"47","Spinosaurus_","Spinosaurus_.5"
"48","Spinosaurus_","Spinosaurus_.6"
"49","Spinosaurus_","Spinosaurus_.7"
"50","Spinosaurus_","Spinosaurus_.8"
"51","Spinosaurus_","Spinosaurus_.9"
"52","Spinosaurus_","Spinosaurus_.10"
"53","Spinosaurus_","Spinosaurus_.11"
"54","Suchomimus","Suchomimus.1"
"55","Suchomimus","Suchomimus.2"
"56","Suchomimus","Suchomimus.3"
"57","Baryonyx","Baryonyx.1"
"58","Baryonyx","Baryonyx.2"
"59","Baryonyx","Baryonyx.3"
 
* Phylo tree and the main data and strata files have been modified to include duplicated taxa before the scaled random trees are generated.
* Selected categorical labels column: diving.or.not
* diving.or.equal column is identical to Diving column.
* Regression excludes flying taxa.
* Diving labels that are present in regression: 0,2
* lambda (calculated from a random tree) = : 0.09
* index-name alignment check: OK
