Logfile for a session of program: bootstrap_binary.r
-----------------------------------------------------
INPUT:
workDir: C:/dino_nature/output/2023-11-07-D1\bs/set_845
Nbootstrapsets: 2000
phyloFDAfile: c:/dino_nature/code/phylo.fda.R
auxFile: c:/dino_nature/code/auxiliary.r
boneType: femur
regressionData.file: C:/dino_nature/output/2023-11-07-D1\bs/set_845/femur_set_845.csv
applyDataFilter: FALSE
addTreeTips: TRUE
Ntrees: 100
calculateTrees: TRUE
saveTrees: FALSE


OPERATIONAL CHECKS:
* Regression data contains multiple copies of some taxa (user added variants of existing test taxa 
   or replacements due to bootstrap are present) which are not in the phylo tree:
     original taxon,   duplicate   
"1","Bison_bonasus","Bison_bonasus.1"
"2","Cephalophus_silvicultor","Cephalophus_silvicultor.1"
"3","Bos_taurus","Bos_taurus.1"
"4","Megaloceros_sp","Megaloceros_sp.1"
"5","Cephalophus_silvicultor","Cephalophus_silvicultor.2"
"6","Xenicus_giliventris","Xenicus_giliventris.1"
"7","Cephalophus_silvicultor","Cephalophus_silvicultor.3"
"8","Dama_dama","Dama_dama.1"
"9","Nyctereutes_procyonoides","Nyctereutes_procyonoides.1"
"10","Dama_dama","Dama_dama.2"
"11","Tamandua_tetradactyla","Tamandua_tetradactyla.1"
"12","Mustela_nivalis","Mustela_nivalis.1"
"13","Microgale_thomasi","Microgale_thomasi.1"
"14","Loxodonta_africana","Loxodonta_africana.1"
"15","Ceratotherium_simum","Ceratotherium_simum.1"
"16","Nyctereutes_procyonoides","Nyctereutes_procyonoides.2"
"17","Myrmecophaga_tridactyla","Myrmecophaga_tridactyla.1"
"18","Syncerus_caffer","Syncerus_caffer.1"
"19","Loxodonta_africana","Loxodonta_africana.2"
"20","Porphyrio_hochstetteri","Porphyrio_hochstetteri.1"
"21","Dyrosaurid","Dyrosaurid.1"
"22","Cryptoclidus","Cryptoclidus.1"
"23","Ichtyosaurus_","Ichtyosaurus_.1"
"24","Pistosaurus","Pistosaurus.1"
"25","Otaria_byronia","Otaria_byronia.1"
"26","Maiacetus","Maiacetus.1"
"27","Ichtyosaur_sp","Ichtyosaur_sp.1"
"28","Cryptoclidus","Cryptoclidus.2"
"29","Tapirus_terrestris","Tapirus_terrestris.1"
"30","Castor_fiber","Castor_fiber.1"
"31","Maiacetus","Maiacetus.2"
"32","Phocanella_pumila","Phocanella_pumila.1"
"33","Nothosaurus_mirabilis","Nothosaurus_mirabilis.1"
"34","Ornithorhynchus_anatinus","Ornithorhynchus_anatinus.1"
"35","Remingtonocetus","Remingtonocetus.1"
"36","Maiacetus","Maiacetus.3"
"37","Small_Eocene_penguin","Small_Eocene_penguin.1"
"38","Phocanella_pumila","Phocanella_pumila.2"
"39","Spinosaurus_","Spinosaurus_.1"
"40","Spinosaurus_","Spinosaurus_.2"
"41","Spinosaurus_","Spinosaurus_.3"
"42","Spinosaurus_","Spinosaurus_.4"
"43","Spinosaurus_","Spinosaurus_.5"
"44","Spinosaurus_","Spinosaurus_.6"
"45","Spinosaurus_","Spinosaurus_.7"
"46","Spinosaurus_","Spinosaurus_.8"
"47","Spinosaurus_","Spinosaurus_.9"
"48","Spinosaurus_","Spinosaurus_.10"
"49","Spinosaurus_","Spinosaurus_.11"
"50","Suchomimus","Suchomimus.1"
"51","Suchomimus","Suchomimus.2"
"52","Suchomimus","Suchomimus.3"
"53","Baryonyx","Baryonyx.1"
"54","Baryonyx","Baryonyx.2"
"55","Baryonyx","Baryonyx.3"
 
* Phylo tree and the main data and strata files have been modified to include duplicated taxa before the scaled random trees are generated.
* Selected categorical labels column: diving.or.not
* diving.or.equal column is identical to Diving column.
* Regression excludes flying taxa.
* Diving labels that are present in regression: 0,2
* lambda (calculated from a random tree) = : 0.14
* index-name alignment check: OK
