Logfile for a session of program: bootstrap_binary.r
-----------------------------------------------------
INPUT:
workDir: C:/dino_nature/output/2023-11-07-D1\bs/set_1790
Nbootstrapsets: 2000
phyloFDAfile: c:/dino_nature/code/phylo.fda.R
auxFile: c:/dino_nature/code/auxiliary.r
boneType: femur
regressionData.file: C:/dino_nature/output/2023-11-07-D1\bs/set_1790/femur_set_1790.csv
applyDataFilter: FALSE
addTreeTips: TRUE
Ntrees: 100
calculateTrees: TRUE
saveTrees: FALSE


OPERATIONAL CHECKS:
* Regression data contains multiple copies of some taxa (user added variants of existing test taxa 
   or replacements due to bootstrap are present) which are not in the phylo tree:
     original taxon,   duplicate   
"1","Euroscaptor_micrura","Euroscaptor_micrura.1"
"2","Euroscaptor_micrura","Euroscaptor_micrura.2"
"3","Rangifer_tarandus","Rangifer_tarandus.1"
"4","Tamandua_tetradactyla","Tamandua_tetradactyla.1"
"5","Euroscaptor_micrura","Euroscaptor_micrura.3"
"6","Dicerorhinus_sumatrensis","Dicerorhinus_sumatrensis.1"
"7","Microgale_thomasi","Microgale_thomasi.1"
"8","Porphyrio_hochstetteri","Porphyrio_hochstetteri.1"
"9","Procavia_capensis","Procavia_capensis.1"
"10","Atlantisia_rogersi","Atlantisia_rogersi.1"
"11","Procyon_lotor","Procyon_lotor.1"
"12","Mammuthus_sp","Mammuthus_sp.1"
"13","Mus_musculus","Mus_musculus.1"
"14","Rangifer_tarandus","Rangifer_tarandus.2"
"15","Brachyodus_onoideum","Brachyodus_onoideum.1"
"16","Porphyrio_hochstetteri","Porphyrio_hochstetteri.2"
"17","Mammuthus_sp","Mammuthus_sp.2"
"18","Elephas_maximus","Elephas_maximus.1"
"19","Chironectes_minimus","Chironectes_minimus.1"
"20","Nothosaurus_102","Nothosaurus_102.1"
"21","Chironectes_minimus","Chironectes_minimus.2"
"22","Phocanella_pumila","Phocanella_pumila.1"
"23","Psephoderma","Psephoderma.1"
"24","Nothosaurus_102","Nothosaurus_102.2"
"25","Maiacetus","Maiacetus.1"
"26","Desmostylus_hesperus","Desmostylus_hesperus.1"
"27","Chapsosaurus_","Chapsosaurus_.1"
"28","Nothosaurus_giganteus","Nothosaurus_giganteus.1"
"29","Castor_fiber","Castor_fiber.1"
"30","Nothosaurus_102","Nothosaurus_102.3"
"31","Chironectes_minimus","Chironectes_minimus.3"
"32","Hippopotamus_amphibius","Hippopotamus_amphibius.1"
"33","Ichtyosaur_sp","Ichtyosaur_sp.1"
"34","Psephoderma","Psephoderma.2"
"35","Phocanella_pumila","Phocanella_pumila.2"
"36","Pistosaurus","Pistosaurus.1"
"37","Phocanella_pumila","Phocanella_pumila.3"
"38","Leptophoca_proxima","Leptophoca_proxima.1"
"39","Spinosaurus_","Spinosaurus_.1"
"40","Spinosaurus_","Spinosaurus_.2"
"41","Spinosaurus_","Spinosaurus_.3"
"42","Spinosaurus_","Spinosaurus_.4"
"43","Spinosaurus_","Spinosaurus_.5"
"44","Spinosaurus_","Spinosaurus_.6"
"45","Spinosaurus_","Spinosaurus_.7"
"46","Spinosaurus_","Spinosaurus_.8"
"47","Spinosaurus_","Spinosaurus_.9"
"48","Spinosaurus_","Spinosaurus_.10"
"49","Spinosaurus_","Spinosaurus_.11"
"50","Suchomimus","Suchomimus.1"
"51","Suchomimus","Suchomimus.2"
"52","Suchomimus","Suchomimus.3"
"53","Baryonyx","Baryonyx.1"
"54","Baryonyx","Baryonyx.2"
"55","Baryonyx","Baryonyx.3"
 
* Phylo tree and the main data and strata files have been modified to include duplicated taxa before the scaled random trees are generated.
* Selected categorical labels column: diving.or.not
* diving.or.equal column is identical to Diving column.
* Regression excludes flying taxa.
* Diving labels that are present in regression: 0,2
* lambda (calculated from a random tree) = : 0.11
* index-name alignment check: OK
