Logfile for a session of program: bootstrap_binary.r
-----------------------------------------------------
INPUT:
workDir: C:/dino_nature/output/2023-11-07-D1\bs/set_441
Nbootstrapsets: 2000
phyloFDAfile: c:/dino_nature/code/phylo.fda.R
auxFile: c:/dino_nature/code/auxiliary.r
boneType: femur
regressionData.file: C:/dino_nature/output/2023-11-07-D1\bs/set_441/femur_set_441.csv
applyDataFilter: FALSE
addTreeTips: TRUE
Ntrees: 100
calculateTrees: TRUE
saveTrees: FALSE


OPERATIONAL CHECKS:
* Regression data contains multiple copies of some taxa (user added variants of existing test taxa 
   or replacements due to bootstrap are present) which are not in the phylo tree:
     original taxon,   duplicate   
"1","Dama_dama","Dama_dama.1"
"2","Rhynchocyon_petersi","Rhynchocyon_petersi.1"
"3","Dama_dama","Dama_dama.2"
"4","Tamandua_tetradactyla","Tamandua_tetradactyla.1"
"5","Capreolus_capreolus","Capreolus_capreolus.1"
"6","Mammuthus_sp","Mammuthus_sp.1"
"7","Cephalophus_silvicultor","Cephalophus_silvicultor.1"
"8","Myrmecophaga_tridactyla","Myrmecophaga_tridactyla.1"
"9","Strigiops_habroptilus","Strigiops_habroptilus.1"
"10","Strigiops_habroptilus","Strigiops_habroptilus.2"
"11","Procavia_capensis","Procavia_capensis.1"
"12","Raphus","Raphus.1"
"13","Raphus","Raphus.2"
"14","Cephalophus_silvicultor","Cephalophus_silvicultor.2"
"15","Myrmecophaga_tridactyla","Myrmecophaga_tridactyla.2"
"16","Hemiechinus_azurites","Hemiechinus_azurites.1"
"17","Rynochetus_jubatus","Rynochetus_jubatus.1"
"18","Sphenodon_punctatus","Sphenodon_punctatus.1"
"19","Raphus","Raphus.3"
"20","Rupicapra_rupicapra","Rupicapra_rupicapra.1"
"21","Paguma_larvata","Paguma_larvata.1"
"22","Desmostylus_hesperus","Desmostylus_hesperus.1"
"23","Desmostylus_hesperus","Desmostylus_hesperus.2"
"24","Choeropsis_liberiensis","Choeropsis_liberiensis.1"
"25","Palaeospheniscus","Palaeospheniscus.1"
"26","Palaeospheniscus","Palaeospheniscus.2"
"27","Dyrosaurid","Dyrosaurid.1"
"28","Hesperornis","Hesperornis.1"
"29","Choeropsis_liberiensis","Choeropsis_liberiensis.2"
"30","Placodontia_indet_1","Placodontia_indet_1.1"
"31","Choeropsis_liberiensis","Choeropsis_liberiensis.3"
"32","Rodhocetus","Rodhocetus.1"
"33","Hesperornis","Hesperornis.2"
"34","Hesperornis","Hesperornis.3"
"35","Nothosaurus_150","Nothosaurus_150.1"
"36","Plesiosaurus","Plesiosaurus.1"
"37","Micropotamogale_euwenzorii","Micropotamogale_euwenzorii.1"
"38","Small_Eocene_penguin","Small_Eocene_penguin.1"
"39","Plesiosaurus","Plesiosaurus.2"
"40","Chironectes_minimus","Chironectes_minimus.1"
"41","Aptenodytes______","Aptenodytes______.1"
"42","Aptenodytes______","Aptenodytes______.2"
"43","Plesiosaurus","Plesiosaurus.3"
"44","Dyrosaurid","Dyrosaurid.2"
"45","Castor_fiber","Castor_fiber.1"
"46","Spinosaurus_","Spinosaurus_.1"
"47","Spinosaurus_","Spinosaurus_.2"
"48","Spinosaurus_","Spinosaurus_.3"
"49","Spinosaurus_","Spinosaurus_.4"
"50","Spinosaurus_","Spinosaurus_.5"
"51","Spinosaurus_","Spinosaurus_.6"
"52","Spinosaurus_","Spinosaurus_.7"
"53","Spinosaurus_","Spinosaurus_.8"
"54","Spinosaurus_","Spinosaurus_.9"
"55","Spinosaurus_","Spinosaurus_.10"
"56","Spinosaurus_","Spinosaurus_.11"
"57","Suchomimus","Suchomimus.1"
"58","Suchomimus","Suchomimus.2"
"59","Suchomimus","Suchomimus.3"
"60","Baryonyx","Baryonyx.1"
"61","Baryonyx","Baryonyx.2"
"62","Baryonyx","Baryonyx.3"
 
* Phylo tree and the main data and strata files have been modified to include duplicated taxa before the scaled random trees are generated.
* Selected categorical labels column: diving.or.not
* diving.or.equal column is identical to Diving column.
* Regression excludes flying taxa.
* Diving labels that are present in regression: 0,2
* lambda (calculated from a random tree) = : 0.09
* index-name alignment check: OK
