Logfile for a session of program: bootstrap_binary.r
-----------------------------------------------------
INPUT:
workDir: C:/dino_nature/output/2023-11-07-D1\bs/set_1885
Nbootstrapsets: 2000
phyloFDAfile: c:/dino_nature/code/phylo.fda.R
auxFile: c:/dino_nature/code/auxiliary.r
boneType: femur
regressionData.file: C:/dino_nature/output/2023-11-07-D1\bs/set_1885/femur_set_1885.csv
applyDataFilter: FALSE
addTreeTips: TRUE
Ntrees: 100
calculateTrees: TRUE
saveTrees: FALSE


OPERATIONAL CHECKS:
* Regression data contains multiple copies of some taxa (user added variants of existing test taxa 
   or replacements due to bootstrap are present) which are not in the phylo tree:
     original taxon,   duplicate   
"1","Nyctereutes_procyonoides","Nyctereutes_procyonoides.1"
"2","Caloenas_nicobarica","Caloenas_nicobarica.1"
"3","Lacerta_viridis","Lacerta_viridis.1"
"4","Lacerta_viridis","Lacerta_viridis.2"
"5","Myrmecophaga_tridactyla","Myrmecophaga_tridactyla.1"
"6","Rhynchocyon_petersi","Rhynchocyon_petersi.1"
"7","Lacerta_viridis","Lacerta_viridis.3"
"8","Bos_taurus","Bos_taurus.1"
"9","Paguma_larvata","Paguma_larvata.1"
"10","Megaloceros_sp","Megaloceros_sp.1"
"11","Apteryx_australis","Apteryx_australis.1"
"12","Elephas_maximus","Elephas_maximus.1"
"13","Dicerorhinus_sumatrensis","Dicerorhinus_sumatrensis.1"
"14","Dama_dama","Dama_dama.1"
"15","Megaloceros_sp","Megaloceros_sp.2"
"16","Xenicus_giliventris","Xenicus_giliventris.1"
"17","Dromaius_","Dromaius_.1"
"18","Brachyodus_onoideum","Brachyodus_onoideum.1"
"19","Vulpes_vulpes","Vulpes_vulpes.1"
"20","Microgale_thomasi","Microgale_thomasi.1"
"21","Rhynchocyon_petersi","Rhynchocyon_petersi.2"
"22","Raphus","Raphus.1"
"23","Apteryx_owenii_","Apteryx_owenii_.1"
"24","Desmostylus_hesperus","Desmostylus_hesperus.1"
"25","Cricosaurus","Cricosaurus.1"
"26","Basilosaurus","Basilosaurus.1"
"27","Psephoderma","Psephoderma.1"
"28","Callophoca_obscura","Callophoca_obscura.1"
"29","Cricosaurus","Cricosaurus.2"
"30","Placodontia_indet_1","Placodontia_indet_1.1"
"31","Alligator","Alligator.1"
"32","Basilosaurus","Basilosaurus.2"
"33","Cricosaurus","Cricosaurus.3"
"34","Alligator","Alligator.2"
"35","Rhaeticosaurus","Rhaeticosaurus.1"
"36","Simosaurus_1","Simosaurus_1.1"
"37","Basilosaurus","Basilosaurus.3"
"38","Phocanella_pumila","Phocanella_pumila.1"
"39","Hydromys_chrysogaster","Hydromys_chrysogaster.1"
"40","Metryorhynchus","Metryorhynchus.1"
"41","Indohyus","Indohyus.1"
"42","Nothosaurus_150","Nothosaurus_150.1"
"43","Tapirus_terrestris","Tapirus_terrestris.1"
"44","Cricosaurus","Cricosaurus.4"
"45","Spinosaurus_","Spinosaurus_.1"
"46","Spinosaurus_","Spinosaurus_.2"
"47","Spinosaurus_","Spinosaurus_.3"
"48","Spinosaurus_","Spinosaurus_.4"
"49","Spinosaurus_","Spinosaurus_.5"
"50","Spinosaurus_","Spinosaurus_.6"
"51","Spinosaurus_","Spinosaurus_.7"
"52","Spinosaurus_","Spinosaurus_.8"
"53","Spinosaurus_","Spinosaurus_.9"
"54","Spinosaurus_","Spinosaurus_.10"
"55","Spinosaurus_","Spinosaurus_.11"
"56","Suchomimus","Suchomimus.1"
"57","Suchomimus","Suchomimus.2"
"58","Suchomimus","Suchomimus.3"
"59","Baryonyx","Baryonyx.1"
"60","Baryonyx","Baryonyx.2"
"61","Baryonyx","Baryonyx.3"
 
* Phylo tree and the main data and strata files have been modified to include duplicated taxa before the scaled random trees are generated.
* Selected categorical labels column: diving.or.not
* diving.or.equal column is identical to Diving column.
* Regression excludes flying taxa.
* Diving labels that are present in regression: 0,2
* lambda (calculated from a random tree) = : 0.07
* index-name alignment check: OK
