Logfile for a session of program: bootstrap_binary.r
-----------------------------------------------------
INPUT:
workDir: C:/dino_nature/output/2023-11-07-D1\bs/set_820
Nbootstrapsets: 2000
phyloFDAfile: c:/dino_nature/code/phylo.fda.R
auxFile: c:/dino_nature/code/auxiliary.r
boneType: femur
regressionData.file: C:/dino_nature/output/2023-11-07-D1\bs/set_820/femur_set_820.csv
applyDataFilter: FALSE
addTreeTips: TRUE
Ntrees: 100
calculateTrees: TRUE
saveTrees: FALSE


OPERATIONAL CHECKS:
* Regression data contains multiple copies of some taxa (user added variants of existing test taxa 
   or replacements due to bootstrap are present) which are not in the phylo tree:
     original taxon,   duplicate   
"1","Elomeryx_borbonicus_","Elomeryx_borbonicus_.1"
"2","Monodelphis_domestica","Monodelphis_domestica.1"
"3","Pogona_viceps","Pogona_viceps.1"
"4","Rhinoceros_sondaicus","Rhinoceros_sondaicus.1"
"5","Megaloceros_sp","Megaloceros_sp.1"
"6","Sus_scrofa","Sus_scrofa.1"
"7","Alces_americanus","Alces_americanus.1"
"8","Pogona_viceps","Pogona_viceps.2"
"9","Sus_scrofa","Sus_scrofa.2"
"10","Mustela_nivalis","Mustela_nivalis.1"
"11","Lacerta_viridis","Lacerta_viridis.1"
"12","Lacerta_viridis","Lacerta_viridis.2"
"13","Mustela_nivalis","Mustela_nivalis.2"
"14","Alces_americanus","Alces_americanus.2"
"15","Tenrec_ecaudatus","Tenrec_ecaudatus.1"
"16","Sphenodon_punctatus","Sphenodon_punctatus.1"
"17","Paguma_larvata","Paguma_larvata.1"
"18","Elomeryx_borbonicus_","Elomeryx_borbonicus_.2"
"19","Elephas_maximus","Elephas_maximus.1"
"20","Strigiops_habroptilus","Strigiops_habroptilus.1"
"21","Tenrec_ecaudatus","Tenrec_ecaudatus.2"
"22","Nothosaurus_150","Nothosaurus_150.1"
"23","Nothosaurus_150","Nothosaurus_150.2"
"24","Noemys_fodies","Noemys_fodies.1"
"25","Caiman_yacare","Caiman_yacare.1"
"26","Noemys_fodies","Noemys_fodies.2"
"27","Spheniscus","Spheniscus.1"
"28","Basilosaurus","Basilosaurus.1"
"29","Placondontia_indet","Placondontia_indet.1"
"30","Basilosaurus","Basilosaurus.2"
"31","Nothosaurus_150","Nothosaurus_150.3"
"32","Placondontia_indet","Placondontia_indet.2"
"33","Cricosaurus","Cricosaurus.1"
"34","Choeropsis_liberiensis","Choeropsis_liberiensis.1"
"35","Indohyus","Indohyus.1"
"36","Chironectes_minimus","Chironectes_minimus.1"
"37","Noemys_fodies","Noemys_fodies.3"
"38","Palaeospheniscus","Palaeospheniscus.1"
"39","Noemys_fodies","Noemys_fodies.4"
"40","Ornithorhynchus_anatinus","Ornithorhynchus_anatinus.1"
"41","Ichtyosaur_sp","Ichtyosaur_sp.1"
"42","Spinosaurus_","Spinosaurus_.1"
"43","Spinosaurus_","Spinosaurus_.2"
"44","Spinosaurus_","Spinosaurus_.3"
"45","Spinosaurus_","Spinosaurus_.4"
"46","Spinosaurus_","Spinosaurus_.5"
"47","Spinosaurus_","Spinosaurus_.6"
"48","Spinosaurus_","Spinosaurus_.7"
"49","Spinosaurus_","Spinosaurus_.8"
"50","Spinosaurus_","Spinosaurus_.9"
"51","Spinosaurus_","Spinosaurus_.10"
"52","Spinosaurus_","Spinosaurus_.11"
"53","Suchomimus","Suchomimus.1"
"54","Suchomimus","Suchomimus.2"
"55","Suchomimus","Suchomimus.3"
"56","Baryonyx","Baryonyx.1"
"57","Baryonyx","Baryonyx.2"
"58","Baryonyx","Baryonyx.3"
 
* Phylo tree and the main data and strata files have been modified to include duplicated taxa before the scaled random trees are generated.
* Selected categorical labels column: diving.or.not
* diving.or.equal column is identical to Diving column.
* Regression excludes flying taxa.
* Diving labels that are present in regression: 0,2
* lambda (calculated from a random tree) = : 0.06
* index-name alignment check: OK
