Logfile for a session of program: bootstrap_binary.r
-----------------------------------------------------
INPUT:
workDir: C:/dino_nature/output/2023-11-07-D1\bs/set_575
Nbootstrapsets: 2000
phyloFDAfile: c:/dino_nature/code/phylo.fda.R
auxFile: c:/dino_nature/code/auxiliary.r
boneType: femur
regressionData.file: C:/dino_nature/output/2023-11-07-D1\bs/set_575/femur_set_575.csv
applyDataFilter: FALSE
addTreeTips: TRUE
Ntrees: 100
calculateTrees: TRUE
saveTrees: FALSE


OPERATIONAL CHECKS:
* Regression data contains multiple copies of some taxa (user added variants of existing test taxa 
   or replacements due to bootstrap are present) which are not in the phylo tree:
     original taxon,   duplicate   
"1","Brachyodus_onoideum","Brachyodus_onoideum.1"
"2","Microgale_thomasi","Microgale_thomasi.1"
"3","Microgale_thomasi","Microgale_thomasi.2"
"4","Nyctereutes_procyonoides","Nyctereutes_procyonoides.1"
"5","Apteryx_australis","Apteryx_australis.1"
"6","Dicerorhinus_sumatrensis","Dicerorhinus_sumatrensis.1"
"7","Tamandua_tetradactyla","Tamandua_tetradactyla.1"
"8","Bos_taurus","Bos_taurus.1"
"9","Cephalophus_silvicultor","Cephalophus_silvicultor.1"
"10","Ceratotherium_simum","Ceratotherium_simum.1"
"11","Dama_dama","Dama_dama.1"
"12","Tenrec_ecaudatus","Tenrec_ecaudatus.1"
"13","Tenrec_ecaudatus","Tenrec_ecaudatus.2"
"14","Dicerorhinus_sumatrensis","Dicerorhinus_sumatrensis.2"
"15","Euroscaptor_micrura","Euroscaptor_micrura.1"
"16","Porphyrio_hochstetteri","Porphyrio_hochstetteri.1"
"17","Lacerta_viridis","Lacerta_viridis.1"
"18","Lacerta_viridis","Lacerta_viridis.2"
"19","Dasyurus_maculatus","Dasyurus_maculatus.1"
"20","Chapsosaurus_","Chapsosaurus_.1"
"21","Spheniscus","Spheniscus.1"
"22","Chapsosaurus_","Chapsosaurus_.2"
"23","Hydromys_chrysogaster","Hydromys_chrysogaster.1"
"24","Nothosaurus_mirabilis","Nothosaurus_mirabilis.1"
"25","Nothosaurus_568","Nothosaurus_568.1"
"26","Remingtonocetus","Remingtonocetus.1"
"27","Placondontia_indet","Placondontia_indet.1"
"28","Small_Eocene_penguin","Small_Eocene_penguin.1"
"29","Small_Eocene_penguin","Small_Eocene_penguin.2"
"30","Hesperornis","Hesperornis.1"
"31","Hydromys_chrysogaster","Hydromys_chrysogaster.2"
"32","Small_Eocene_penguin","Small_Eocene_penguin.3"
"33","Desmana_moschata","Desmana_moschata.1"
"34","Nothosaurus_giganteus","Nothosaurus_giganteus.1"
"35","Cryptoclidus","Cryptoclidus.1"
"36","Noemys_fodies","Noemys_fodies.1"
"37","Otaria_byronia","Otaria_byronia.1"
"38","Chironectes_minimus","Chironectes_minimus.1"
"39","Chapsosaurus_","Chapsosaurus_.3"
"40","Ichtyosaurus_","Ichtyosaurus_.1"
"41","Otaria_byronia","Otaria_byronia.2"
"42","Otaria_byronia","Otaria_byronia.3"
"43","Maiacetus","Maiacetus.1"
"44","Serpianosaurus","Serpianosaurus.1"
"45","Ichtyosaurus_","Ichtyosaurus_.2"
"46","Spinosaurus_","Spinosaurus_.1"
"47","Spinosaurus_","Spinosaurus_.2"
"48","Spinosaurus_","Spinosaurus_.3"
"49","Spinosaurus_","Spinosaurus_.4"
"50","Spinosaurus_","Spinosaurus_.5"
"51","Spinosaurus_","Spinosaurus_.6"
"52","Spinosaurus_","Spinosaurus_.7"
"53","Spinosaurus_","Spinosaurus_.8"
"54","Spinosaurus_","Spinosaurus_.9"
"55","Spinosaurus_","Spinosaurus_.10"
"56","Spinosaurus_","Spinosaurus_.11"
"57","Suchomimus","Suchomimus.1"
"58","Suchomimus","Suchomimus.2"
"59","Suchomimus","Suchomimus.3"
"60","Baryonyx","Baryonyx.1"
"61","Baryonyx","Baryonyx.2"
"62","Baryonyx","Baryonyx.3"
 
* Phylo tree and the main data and strata files have been modified to include duplicated taxa before the scaled random trees are generated.
* Selected categorical labels column: diving.or.not
* diving.or.equal column is identical to Diving column.
* Regression excludes flying taxa.
* Diving labels that are present in regression: 0,2
* lambda (calculated from a random tree) = : 0.11
* index-name alignment check: OK
