Logfile for a session of program: bootstrap_binary.r
-----------------------------------------------------
INPUT:
workDir: C:/dino_nature/output/2023-11-07-D1\bs/set_1423
Nbootstrapsets: 2000
phyloFDAfile: c:/dino_nature/code/phylo.fda.R
auxFile: c:/dino_nature/code/auxiliary.r
boneType: femur
regressionData.file: C:/dino_nature/output/2023-11-07-D1\bs/set_1423/femur_set_1423.csv
applyDataFilter: FALSE
addTreeTips: TRUE
Ntrees: 100
calculateTrees: TRUE
saveTrees: FALSE


OPERATIONAL CHECKS:
* Regression data contains multiple copies of some taxa (user added variants of existing test taxa 
   or replacements due to bootstrap are present) which are not in the phylo tree:
     original taxon,   duplicate   
"1","Nyctereutes_procyonoides","Nyctereutes_procyonoides.1"
"2","Paguma_larvata","Paguma_larvata.1"
"3","Mus_musculus","Mus_musculus.1"
"4","Paguma_larvata","Paguma_larvata.2"
"5","Rattus_rattus","Rattus_rattus.1"
"6","Lama_guanicoe","Lama_guanicoe.1"
"7","Lama_guanicoe","Lama_guanicoe.2"
"8","Myrmecophaga_tridactyla","Myrmecophaga_tridactyla.1"
"9","Nyctereutes_procyonoides","Nyctereutes_procyonoides.2"
"10","Myrmecophaga_tridactyla","Myrmecophaga_tridactyla.2"
"11","Giraffa_camelopardalis","Giraffa_camelopardalis.1"
"12","Giraffa_camelopardalis","Giraffa_camelopardalis.2"
"13","Elephas_maximus","Elephas_maximus.1"
"14","Rupicapra_rupicapra","Rupicapra_rupicapra.1"
"15","Myrmecophaga_tridactyla","Myrmecophaga_tridactyla.3"
"16","Brachyodus_onoideum","Brachyodus_onoideum.1"
"17","Mustela_nivalis","Mustela_nivalis.1"
"18","Dasyurus_maculatus","Dasyurus_maculatus.1"
"19","Metryorhynchus","Metryorhynchus.1"
"20","Alligator","Alligator.1"
"21","Neusticosaurus","Neusticosaurus.1"
"22","Serpianosaurus","Serpianosaurus.1"
"23","Nothosaurus_giganteus","Nothosaurus_giganteus.1"
"24","Anarosaurus","Anarosaurus.1"
"25","Placodontia_indet_1","Placodontia_indet_1.1"
"26","Hexaprotodon_garyam","Hexaprotodon_garyam.1"
"27","Remingtonocetus","Remingtonocetus.1"
"28","Protochampsidae","Protochampsidae.1"
"29","Champsosaurus","Champsosaurus.1"
"30","large_eocene_stem_penguin","large_eocene_stem_penguin.1"
"31","Anarosaurus","Anarosaurus.2"
"32","Desmana_moschata","Desmana_moschata.1"
"33","Caiman_yacare","Caiman_yacare.1"
"34","Pistosaurus","Pistosaurus.1"
"35","Neusticosaurus","Neusticosaurus.2"
"36","Choeropsis_liberiensis","Choeropsis_liberiensis.1"
"37","Nothosaurus_giganteus","Nothosaurus_giganteus.2"
"38","Protochampsidae","Protochampsidae.2"
"39","Spinosaurus_","Spinosaurus_.1"
"40","Spinosaurus_","Spinosaurus_.2"
"41","Spinosaurus_","Spinosaurus_.3"
"42","Spinosaurus_","Spinosaurus_.4"
"43","Spinosaurus_","Spinosaurus_.5"
"44","Spinosaurus_","Spinosaurus_.6"
"45","Spinosaurus_","Spinosaurus_.7"
"46","Spinosaurus_","Spinosaurus_.8"
"47","Spinosaurus_","Spinosaurus_.9"
"48","Spinosaurus_","Spinosaurus_.10"
"49","Spinosaurus_","Spinosaurus_.11"
"50","Suchomimus","Suchomimus.1"
"51","Suchomimus","Suchomimus.2"
"52","Suchomimus","Suchomimus.3"
"53","Baryonyx","Baryonyx.1"
"54","Baryonyx","Baryonyx.2"
"55","Baryonyx","Baryonyx.3"
 
* Phylo tree and the main data and strata files have been modified to include duplicated taxa before the scaled random trees are generated.
* Selected categorical labels column: diving.or.not
* diving.or.equal column is identical to Diving column.
* Regression excludes flying taxa.
* Diving labels that are present in regression: 0,2
* lambda (calculated from a random tree) = : 0.16
* index-name alignment check: OK
