Logfile for a session of program: bootstrap_binary.r
-----------------------------------------------------
INPUT:
workDir: C:/dino_nature/output/2023-11-07-D1\bs/set_1995
Nbootstrapsets: 2000
phyloFDAfile: c:/dino_nature/code/phylo.fda.R
auxFile: c:/dino_nature/code/auxiliary.r
boneType: femur
regressionData.file: C:/dino_nature/output/2023-11-07-D1\bs/set_1995/femur_set_1995.csv
applyDataFilter: FALSE
addTreeTips: TRUE
Ntrees: 100
calculateTrees: TRUE
saveTrees: FALSE


OPERATIONAL CHECKS:
* Regression data contains multiple copies of some taxa (user added variants of existing test taxa 
   or replacements due to bootstrap are present) which are not in the phylo tree:
     original taxon,   duplicate   
"1","Hemiechinus_azurites","Hemiechinus_azurites.1"
"2","Vulpes_vulpes","Vulpes_vulpes.1"
"3","Atlantisia_rogersi","Atlantisia_rogersi.1"
"4","Mammuthus_sp","Mammuthus_sp.1"
"5","Sus_scrofa","Sus_scrofa.1"
"6","Sphenodon_punctatus","Sphenodon_punctatus.1"
"7","Porphyrio_hochstetteri","Porphyrio_hochstetteri.1"
"8","Felis_felis","Felis_felis.1"
"9","Meles_meles","Meles_meles.1"
"10","Hemiechinus_azurites","Hemiechinus_azurites.2"
"11","Sphenodon_punctatus","Sphenodon_punctatus.2"
"12","Porphyrio_hochstetteri","Porphyrio_hochstetteri.2"
"13","Raphus","Raphus.1"
"14","Microgale_thomasi","Microgale_thomasi.1"
"15","Raphus","Raphus.2"
"16","Rangifer_tarandus","Rangifer_tarandus.1"
"17","Dama_dama","Dama_dama.1"
"18","Vulpes_vulpes","Vulpes_vulpes.2"
"19","Porphyrio_hochstetteri","Porphyrio_hochstetteri.3"
"20","Sus_scrofa","Sus_scrofa.2"
"21","Megaloceros_sp","Megaloceros_sp.1"
"22","Felis_felis","Felis_felis.2"
"23","Hexaprotodon_garyam","Hexaprotodon_garyam.1"
"24","Aptenodytes______","Aptenodytes______.1"
"25","Anarosaurus","Anarosaurus.1"
"26","Protochampsidae","Protochampsidae.1"
"27","Serpianosaurus","Serpianosaurus.1"
"28","Indohyus","Indohyus.1"
"29","Metryorhynchus","Metryorhynchus.1"
"30","Choeropsis_liberiensis","Choeropsis_liberiensis.1"
"31","Phocanella_pumila","Phocanella_pumila.1"
"32","Nothosaurus_150","Nothosaurus_150.1"
"33","Phocanella_pumila","Phocanella_pumila.2"
"34","Indohyus","Indohyus.2"
"35","Rhaeticosaurus","Rhaeticosaurus.1"
"36","Cryptoclidus","Cryptoclidus.1"
"37","Metryorhynchus","Metryorhynchus.2"
"38","Serpianosaurus","Serpianosaurus.2"
"39","Indohyus","Indohyus.3"
"40","Metryorhynchus","Metryorhynchus.3"
"41","Maiacetus","Maiacetus.1"
"42","Simosaurus","Simosaurus.1"
"43","Simosaurus","Simosaurus.2"
"44","Champsosaurus","Champsosaurus.1"
"45","Protochampsidae","Protochampsidae.2"
"46","Spinosaurus_","Spinosaurus_.1"
"47","Spinosaurus_","Spinosaurus_.2"
"48","Spinosaurus_","Spinosaurus_.3"
"49","Spinosaurus_","Spinosaurus_.4"
"50","Spinosaurus_","Spinosaurus_.5"
"51","Spinosaurus_","Spinosaurus_.6"
"52","Spinosaurus_","Spinosaurus_.7"
"53","Spinosaurus_","Spinosaurus_.8"
"54","Spinosaurus_","Spinosaurus_.9"
"55","Spinosaurus_","Spinosaurus_.10"
"56","Spinosaurus_","Spinosaurus_.11"
"57","Suchomimus","Suchomimus.1"
"58","Suchomimus","Suchomimus.2"
"59","Suchomimus","Suchomimus.3"
"60","Baryonyx","Baryonyx.1"
"61","Baryonyx","Baryonyx.2"
"62","Baryonyx","Baryonyx.3"
 
* Phylo tree and the main data and strata files have been modified to include duplicated taxa before the scaled random trees are generated.
* Selected categorical labels column: diving.or.not
* diving.or.equal column is identical to Diving column.
* Regression excludes flying taxa.
* Diving labels that are present in regression: 0,2
* lambda (calculated from a random tree) = : 0.1
* index-name alignment check: OK
