Logfile for a session of program: bootstrap_binary.r
-----------------------------------------------------
INPUT:
workDir: C:/dino_nature/output/2023-11-07-D1\bs/set_1290
Nbootstrapsets: 2000
phyloFDAfile: c:/dino_nature/code/phylo.fda.R
auxFile: c:/dino_nature/code/auxiliary.r
boneType: femur
regressionData.file: C:/dino_nature/output/2023-11-07-D1\bs/set_1290/femur_set_1290.csv
applyDataFilter: FALSE
addTreeTips: TRUE
Ntrees: 100
calculateTrees: TRUE
saveTrees: FALSE


OPERATIONAL CHECKS:
* Regression data contains multiple copies of some taxa (user added variants of existing test taxa 
   or replacements due to bootstrap are present) which are not in the phylo tree:
     original taxon,   duplicate   
"1","Raphus","Raphus.1"
"2","Raphus","Raphus.2"
"3","Ceratotherium_simum","Ceratotherium_simum.1"
"4","Diplomesodon_pulchellum","Diplomesodon_pulchellum.1"
"5","Elephas_maximus","Elephas_maximus.1"
"6","Rynochetus_jubatus","Rynochetus_jubatus.1"
"7","Rynochetus_jubatus","Rynochetus_jubatus.2"
"8","Myrmecophaga_tridactyla","Myrmecophaga_tridactyla.1"
"9","Xenicus_giliventris","Xenicus_giliventris.1"
"10","Uncia_uncia","Uncia_uncia.1"
"11","Syncerus_caffer","Syncerus_caffer.1"
"12","Procyon_lotor","Procyon_lotor.1"
"13","Procyon_lotor","Procyon_lotor.2"
"14","Megaloceros_sp","Megaloceros_sp.1"
"15","Uncia_uncia","Uncia_uncia.2"
"16","Myrmecophaga_tridactyla","Myrmecophaga_tridactyla.2"
"17","Paguma_larvata","Paguma_larvata.1"
"18","Raphus","Raphus.3"
"19","Procavia_capensis","Procavia_capensis.1"
"20","Hemiechinus_azurites","Hemiechinus_azurites.1"
"21","Mammuthus_sp","Mammuthus_sp.1"
"22","Raphus","Raphus.4"
"23","Procyon_lotor","Procyon_lotor.3"
"24","Apteryx_australis","Apteryx_australis.1"
"25","Sus_scrofa","Sus_scrofa.1"
"26","Atlantisia_rogersi","Atlantisia_rogersi.1"
"27","Leptophoca_proxima","Leptophoca_proxima.1"
"28","Rodhocetus","Rodhocetus.1"
"29","Serpianosaurus","Serpianosaurus.1"
"30","Noemys_fodies","Noemys_fodies.1"
"31","Chapsosaurus_","Chapsosaurus_.1"
"32","Leptophoca_proxima","Leptophoca_proxima.2"
"33","Hesperornis","Hesperornis.1"
"34","Leptophoca_proxima","Leptophoca_proxima.3"
"35","Serpianosaurus","Serpianosaurus.2"
"36","Noemys_fodies","Noemys_fodies.2"
"37","Nothosaurus_102","Nothosaurus_102.1"
"38","Nothosaurus_568","Nothosaurus_568.1"
"39","Rhaeticosaurus","Rhaeticosaurus.1"
"40","Noemys_fodies","Noemys_fodies.3"
"41","Hesperornis","Hesperornis.2"
"42","Hydromys_chrysogaster","Hydromys_chrysogaster.1"
"43","Nothosaurus_568","Nothosaurus_568.2"
"44","Aptenodytes______","Aptenodytes______.1"
"45","Nothosaurus_102","Nothosaurus_102.2"
"46","Caiman_yacare","Caiman_yacare.1"
"47","Placondontia_indet","Placondontia_indet.1"
"48","Leptophoca_proxima","Leptophoca_proxima.4"
"49","Spinosaurus_","Spinosaurus_.1"
"50","Spinosaurus_","Spinosaurus_.2"
"51","Spinosaurus_","Spinosaurus_.3"
"52","Spinosaurus_","Spinosaurus_.4"
"53","Spinosaurus_","Spinosaurus_.5"
"54","Spinosaurus_","Spinosaurus_.6"
"55","Spinosaurus_","Spinosaurus_.7"
"56","Spinosaurus_","Spinosaurus_.8"
"57","Spinosaurus_","Spinosaurus_.9"
"58","Spinosaurus_","Spinosaurus_.10"
"59","Spinosaurus_","Spinosaurus_.11"
"60","Suchomimus","Suchomimus.1"
"61","Suchomimus","Suchomimus.2"
"62","Suchomimus","Suchomimus.3"
"63","Baryonyx","Baryonyx.1"
"64","Baryonyx","Baryonyx.2"
"65","Baryonyx","Baryonyx.3"
 
* Phylo tree and the main data and strata files have been modified to include duplicated taxa before the scaled random trees are generated.
* Selected categorical labels column: diving.or.not
* diving.or.equal column is identical to Diving column.
* Regression excludes flying taxa.
* Diving labels that are present in regression: 0,2
* lambda (calculated from a random tree) = : 0.06
* index-name alignment check: OK
