Logfile for a session of program: bootstrap_binary.r
-----------------------------------------------------
INPUT:
workDir: C:/dino_nature/output/2023-11-07-D1\bs/set_1070
Nbootstrapsets: 2000
phyloFDAfile: c:/dino_nature/code/phylo.fda.R
auxFile: c:/dino_nature/code/auxiliary.r
boneType: femur
regressionData.file: C:/dino_nature/output/2023-11-07-D1\bs/set_1070/femur_set_1070.csv
applyDataFilter: FALSE
addTreeTips: TRUE
Ntrees: 100
calculateTrees: TRUE
saveTrees: FALSE


OPERATIONAL CHECKS:
* Regression data contains multiple copies of some taxa (user added variants of existing test taxa 
   or replacements due to bootstrap are present) which are not in the phylo tree:
     original taxon,   duplicate   
"1","Loxodonta_africana","Loxodonta_africana.1"
"2","Loxodonta_africana","Loxodonta_africana.2"
"3","Brachyodus_onoideum","Brachyodus_onoideum.1"
"4","Loxodonta_africana","Loxodonta_africana.3"
"5","Rangifer_tarandus","Rangifer_tarandus.1"
"6","Taxidea_taxus","Taxidea_taxus.1"
"7","Diplomesodon_pulchellum","Diplomesodon_pulchellum.1"
"8","Meles_meles","Meles_meles.1"
"9","Brachyodus_onoideum","Brachyodus_onoideum.2"
"10","Dicerorhinus_sumatrensis","Dicerorhinus_sumatrensis.1"
"11","Rangifer_tarandus","Rangifer_tarandus.2"
"12","Bos_taurus","Bos_taurus.1"
"13","Diplomesodon_pulchellum","Diplomesodon_pulchellum.2"
"14","Taxidea_taxus","Taxidea_taxus.2"
"15","Tribonyx_mortieri","Tribonyx_mortieri.1"
"16","Tribonyx_mortieri","Tribonyx_mortieri.2"
"17","Rhynchocyon_petersi","Rhynchocyon_petersi.1"
"18","Bos_taurus","Bos_taurus.2"
"19","Vulpes_vulpes","Vulpes_vulpes.1"
"20","Loxodonta_africana","Loxodonta_africana.4"
"21","Elomeryx_borbonicus_","Elomeryx_borbonicus_.1"
"22","Callophoca_obscura","Callophoca_obscura.1"
"23","Chironectes_minimus","Chironectes_minimus.1"
"24","Nothosaurus_150","Nothosaurus_150.1"
"25","Chironectes_minimus","Chironectes_minimus.2"
"26","Nothosaurus_mirabilis","Nothosaurus_mirabilis.1"
"27","Nothosaurus_mirabilis","Nothosaurus_mirabilis.2"
"28","Nothosaurus_102","Nothosaurus_102.1"
"29","Nothosaurus_mirabilis","Nothosaurus_mirabilis.3"
"30","large_eocene_stem_penguin","large_eocene_stem_penguin.1"
"31","Nothosaurus_mirabilis_1","Nothosaurus_mirabilis_1.1"
"32","Nothosaurus_mirabilis","Nothosaurus_mirabilis.4"
"33","Cryptoclidus","Cryptoclidus.1"
"34","Nanophoca_vitulinoides","Nanophoca_vitulinoides.1"
"35","Choeropsis_liberiensis","Choeropsis_liberiensis.1"
"36","Alligator","Alligator.1"
"37","Leptophoca_proxima","Leptophoca_proxima.1"
"38","Dyrosaurid","Dyrosaurid.1"
"39","Nothosaurus_mirabilis","Nothosaurus_mirabilis.5"
"40","Castor_fiber","Castor_fiber.1"
"41","Choeropsis_liberiensis","Choeropsis_liberiensis.2"
"42","Nothosaurus_giganteus","Nothosaurus_giganteus.1"
"43","Choeropsis_liberiensis","Choeropsis_liberiensis.3"
"44","Caiman_yacare","Caiman_yacare.1"
"45","Indohyus","Indohyus.1"
"46","Leptophoca_proxima","Leptophoca_proxima.2"
"47","Spinosaurus_","Spinosaurus_.1"
"48","Spinosaurus_","Spinosaurus_.2"
"49","Spinosaurus_","Spinosaurus_.3"
"50","Spinosaurus_","Spinosaurus_.4"
"51","Spinosaurus_","Spinosaurus_.5"
"52","Spinosaurus_","Spinosaurus_.6"
"53","Spinosaurus_","Spinosaurus_.7"
"54","Spinosaurus_","Spinosaurus_.8"
"55","Spinosaurus_","Spinosaurus_.9"
"56","Spinosaurus_","Spinosaurus_.10"
"57","Spinosaurus_","Spinosaurus_.11"
"58","Suchomimus","Suchomimus.1"
"59","Suchomimus","Suchomimus.2"
"60","Suchomimus","Suchomimus.3"
"61","Baryonyx","Baryonyx.1"
"62","Baryonyx","Baryonyx.2"
"63","Baryonyx","Baryonyx.3"
 
* Phylo tree and the main data and strata files have been modified to include duplicated taxa before the scaled random trees are generated.
* Selected categorical labels column: diving.or.not
* diving.or.equal column is identical to Diving column.
* Regression excludes flying taxa.
* Diving labels that are present in regression: 0,2
* lambda (calculated from a random tree) = : 0.15
* index-name alignment check: OK
