Logfile for a session of program: bootstrap_binary.r
-----------------------------------------------------
INPUT:
workDir: C:/dino_nature/output/2023-11-07-D1\bs/set_76
Nbootstrapsets: 2000
phyloFDAfile: c:/dino_nature/code/phylo.fda.R
auxFile: c:/dino_nature/code/auxiliary.r
boneType: femur
regressionData.file: C:/dino_nature/output/2023-11-07-D1\bs/set_76/femur_set_76.csv
applyDataFilter: FALSE
addTreeTips: TRUE
Ntrees: 100
calculateTrees: TRUE
saveTrees: FALSE


OPERATIONAL CHECKS:
* Regression data contains multiple copies of some taxa (user added variants of existing test taxa 
   or replacements due to bootstrap are present) which are not in the phylo tree:
     original taxon,   duplicate   
"1","Nyctereutes_procyonoides","Nyctereutes_procyonoides.1"
"2","Euroscaptor_micrura","Euroscaptor_micrura.1"
"3","Dasyurus_maculatus","Dasyurus_maculatus.1"
"4","Loxodonta_africana","Loxodonta_africana.1"
"5","Porphyrio_hochstetteri","Porphyrio_hochstetteri.1"
"6","Felis_felis","Felis_felis.1"
"7","Rhinoceros_sondaicus","Rhinoceros_sondaicus.1"
"8","Taxidea_taxus","Taxidea_taxus.1"
"9","Dicerorhinus_sumatrensis","Dicerorhinus_sumatrensis.1"
"10","Bos_taurus","Bos_taurus.1"
"11","Dicerorhinus_sumatrensis","Dicerorhinus_sumatrensis.2"
"12","Dicerorhinus_sumatrensis","Dicerorhinus_sumatrensis.3"
"13","Dama_dama","Dama_dama.1"
"14","Rhynchocyon_petersi","Rhynchocyon_petersi.1"
"15","Dromaius_","Dromaius_.1"
"16","Rhynchocyon_petersi","Rhynchocyon_petersi.2"
"17","Dicerorhinus_sumatrensis","Dicerorhinus_sumatrensis.4"
"18","Megaloceros_sp","Megaloceros_sp.1"
"19","Megaloceros_sp","Megaloceros_sp.2"
"20","Procavia_capensis","Procavia_capensis.1"
"21","Diplomesodon_pulchellum","Diplomesodon_pulchellum.1"
"22","Euroscaptor_micrura","Euroscaptor_micrura.2"
"23","Myrmecophaga_tridactyla","Myrmecophaga_tridactyla.1"
"24","Megaloceros_sp","Megaloceros_sp.3"
"25","Megaloceros_sp","Megaloceros_sp.4"
"26","Dicerorhinus_sumatrensis","Dicerorhinus_sumatrensis.5"
"27","Otaria_byronia","Otaria_byronia.1"
"28","Otaria_byronia","Otaria_byronia.2"
"29","Metryorhynchus","Metryorhynchus.1"
"30","Maiacetus","Maiacetus.1"
"31","Ornithorhynchus_anatinus","Ornithorhynchus_anatinus.1"
"32","Nothosaurus_giganteus","Nothosaurus_giganteus.1"
"33","Champsosaurus","Champsosaurus.1"
"34","Simosaurus","Simosaurus.1"
"35","Leptophoca_proxima","Leptophoca_proxima.1"
"36","Neusticosaurus","Neusticosaurus.1"
"37","Pistosaurus","Pistosaurus.1"
"38","Neusticosaurus","Neusticosaurus.2"
"39","Pistosaurus","Pistosaurus.2"
"40","Remingtonocetus","Remingtonocetus.1"
"41","Remingtonocetus","Remingtonocetus.2"
"42","Nothosaurus_568","Nothosaurus_568.1"
"43","Maiacetus","Maiacetus.2"
"44","Cricosaurus","Cricosaurus.1"
"45","Cryptoclidus","Cryptoclidus.1"
"46","Cricosaurus","Cricosaurus.2"
"47","Champsosaurus","Champsosaurus.2"
"48","Metryorhynchus","Metryorhynchus.2"
"49","Neusticosaurus","Neusticosaurus.3"
"50","Spinosaurus_","Spinosaurus_.1"
"51","Spinosaurus_","Spinosaurus_.2"
"52","Spinosaurus_","Spinosaurus_.3"
"53","Spinosaurus_","Spinosaurus_.4"
"54","Spinosaurus_","Spinosaurus_.5"
"55","Spinosaurus_","Spinosaurus_.6"
"56","Spinosaurus_","Spinosaurus_.7"
"57","Spinosaurus_","Spinosaurus_.8"
"58","Spinosaurus_","Spinosaurus_.9"
"59","Spinosaurus_","Spinosaurus_.10"
"60","Spinosaurus_","Spinosaurus_.11"
"61","Suchomimus","Suchomimus.1"
"62","Suchomimus","Suchomimus.2"
"63","Suchomimus","Suchomimus.3"
"64","Baryonyx","Baryonyx.1"
"65","Baryonyx","Baryonyx.2"
"66","Baryonyx","Baryonyx.3"
 
* Phylo tree and the main data and strata files have been modified to include duplicated taxa before the scaled random trees are generated.
* Selected categorical labels column: diving.or.not
* diving.or.equal column is identical to Diving column.
* Regression excludes flying taxa.
* Diving labels that are present in regression: 0,2
* lambda (calculated from a random tree) = : 0.12
* index-name alignment check: OK
