Logfile for a session of program: bootstrap_binary.r
-----------------------------------------------------
INPUT:
workDir: C:/dino_nature/output/2023-11-07-D1\bs/set_337
Nbootstrapsets: 2000
phyloFDAfile: c:/dino_nature/code/phylo.fda.R
auxFile: c:/dino_nature/code/auxiliary.r
boneType: femur
regressionData.file: C:/dino_nature/output/2023-11-07-D1\bs/set_337/femur_set_337.csv
applyDataFilter: FALSE
addTreeTips: TRUE
Ntrees: 100
calculateTrees: TRUE
saveTrees: FALSE


OPERATIONAL CHECKS:
* Regression data contains multiple copies of some taxa (user added variants of existing test taxa 
   or replacements due to bootstrap are present) which are not in the phylo tree:
     original taxon,   duplicate   
"1","Rattus_rattus","Rattus_rattus.1"
"2","Atlantisia_rogersi","Atlantisia_rogersi.1"
"3","Elephas_maximus","Elephas_maximus.1"
"4","Cephalophus_silvicultor","Cephalophus_silvicultor.1"
"5","Lacerta_viridis","Lacerta_viridis.1"
"6","Diplomesodon_pulchellum","Diplomesodon_pulchellum.1"
"7","Paguma_larvata","Paguma_larvata.1"
"8","Rhinoceros_sondaicus","Rhinoceros_sondaicus.1"
"9","Giraffa_camelopardalis","Giraffa_camelopardalis.1"
"10","Alces_americanus","Alces_americanus.1"
"11","Vulpes_vulpes","Vulpes_vulpes.1"
"12","Dromaius_","Dromaius_.1"
"13","Atlantisia_rogersi","Atlantisia_rogersi.2"
"14","Giraffa_camelopardalis","Giraffa_camelopardalis.2"
"15","Bos_taurus","Bos_taurus.1"
"16","Diplomesodon_pulchellum","Diplomesodon_pulchellum.2"
"17","Felis_felis","Felis_felis.1"
"18","Dromaius_","Dromaius_.2"
"19","Ceratotherium_simum","Ceratotherium_simum.1"
"20","Brachyodus_onoideum","Brachyodus_onoideum.1"
"21","Pogona_viceps","Pogona_viceps.1"
"22","Sus_scrofa","Sus_scrofa.1"
"23","Simosaurus_1","Simosaurus_1.1"
"24","Otaria_byronia","Otaria_byronia.1"
"25","large_eocene_stem_penguin","large_eocene_stem_penguin.1"
"26","Ornithorhynchus_anatinus","Ornithorhynchus_anatinus.1"
"27","Phalacrocorax_harrisi","Phalacrocorax_harrisi.1"
"28","Desmana_moschata","Desmana_moschata.1"
"29","Nothosaurus_150","Nothosaurus_150.1"
"30","Phocanella_pumila","Phocanella_pumila.1"
"31","large_eocene_stem_penguin","large_eocene_stem_penguin.2"
"32","Desmana_moschata","Desmana_moschata.2"
"33","Hippopotamus_amphibius","Hippopotamus_amphibius.1"
"34","Nothosaurus_150","Nothosaurus_150.2"
"35","Aptenodytes______","Aptenodytes______.1"
"36","Nothosaurus_150","Nothosaurus_150.3"
"37","Rhaeticosaurus","Rhaeticosaurus.1"
"38","Rhaeticosaurus","Rhaeticosaurus.2"
"39","Small_Eocene_penguin","Small_Eocene_penguin.1"
"40","Spinosaurus_","Spinosaurus_.1"
"41","Spinosaurus_","Spinosaurus_.2"
"42","Spinosaurus_","Spinosaurus_.3"
"43","Spinosaurus_","Spinosaurus_.4"
"44","Spinosaurus_","Spinosaurus_.5"
"45","Spinosaurus_","Spinosaurus_.6"
"46","Spinosaurus_","Spinosaurus_.7"
"47","Spinosaurus_","Spinosaurus_.8"
"48","Spinosaurus_","Spinosaurus_.9"
"49","Spinosaurus_","Spinosaurus_.10"
"50","Spinosaurus_","Spinosaurus_.11"
"51","Suchomimus","Suchomimus.1"
"52","Suchomimus","Suchomimus.2"
"53","Suchomimus","Suchomimus.3"
"54","Baryonyx","Baryonyx.1"
"55","Baryonyx","Baryonyx.2"
"56","Baryonyx","Baryonyx.3"
 
* Phylo tree and the main data and strata files have been modified to include duplicated taxa before the scaled random trees are generated.
* Selected categorical labels column: diving.or.not
* diving.or.equal column is identical to Diving column.
* Regression excludes flying taxa.
* Diving labels that are present in regression: 0,2
* lambda (calculated from a random tree) = : 0.09
* index-name alignment check: OK
