Logfile for a session of program: bootstrap_binary.r
-----------------------------------------------------
INPUT:
workDir: C:/dino_nature/output/2023-11-07-D1\bs/set_372
Nbootstrapsets: 2000
phyloFDAfile: c:/dino_nature/code/phylo.fda.R
auxFile: c:/dino_nature/code/auxiliary.r
boneType: femur
regressionData.file: C:/dino_nature/output/2023-11-07-D1\bs/set_372/femur_set_372.csv
applyDataFilter: FALSE
addTreeTips: TRUE
Ntrees: 100
calculateTrees: TRUE
saveTrees: FALSE


OPERATIONAL CHECKS:
* Regression data contains multiple copies of some taxa (user added variants of existing test taxa 
   or replacements due to bootstrap are present) which are not in the phylo tree:
     original taxon,   duplicate   
"1","Lacerta_viridis","Lacerta_viridis.1"
"2","Lacerta_viridis","Lacerta_viridis.2"
"3","Alces_americanus","Alces_americanus.1"
"4","Capreolus_capreolus","Capreolus_capreolus.1"
"5","Raphus","Raphus.1"
"6","Giraffa_camelopardalis","Giraffa_camelopardalis.1"
"7","Dama_dama","Dama_dama.1"
"8","Microgale_thomasi","Microgale_thomasi.1"
"9","Raphus","Raphus.2"
"10","Loxodonta_africana","Loxodonta_africana.1"
"11","Raphus","Raphus.3"
"12","Sus_scrofa","Sus_scrofa.1"
"13","Cephalophus_silvicultor","Cephalophus_silvicultor.1"
"14","Dama_dama","Dama_dama.2"
"15","Meles_meles","Meles_meles.1"
"16","Monodelphis_domestica","Monodelphis_domestica.1"
"17","Meles_meles","Meles_meles.2"
"18","Atlantisia_rogersi","Atlantisia_rogersi.1"
"19","Rupicapra_rupicapra","Rupicapra_rupicapra.1"
"20","Porphyrio_hochstetteri","Porphyrio_hochstetteri.1"
"21","Indohyus","Indohyus.1"
"22","Caiman_yacare","Caiman_yacare.1"
"23","Hesperornis","Hesperornis.1"
"24","Indohyus","Indohyus.2"
"25","Hippopotamus_amphibius","Hippopotamus_amphibius.1"
"26","Micropotamogale_euwenzorii","Micropotamogale_euwenzorii.1"
"27","Serpianosaurus","Serpianosaurus.1"
"28","Lutra_vulgaris","Lutra_vulgaris.1"
"29","Hippopotamus_amphibius","Hippopotamus_amphibius.2"
"30","Indohyus","Indohyus.3"
"31","Hippopotamus_amphibius","Hippopotamus_amphibius.3"
"32","Chironectes_minimus","Chironectes_minimus.1"
"33","Basilosaurus","Basilosaurus.1"
"34","Otaria_byronia","Otaria_byronia.1"
"35","Phalacrocorax_harrisi","Phalacrocorax_harrisi.1"
"36","Small_Eocene_penguin","Small_Eocene_penguin.1"
"37","Leptophoca_proxima","Leptophoca_proxima.1"
"38","Remingtonocetus","Remingtonocetus.1"
"39","Ichtyosaur_sp","Ichtyosaur_sp.1"
"40","Phalacrocorax_harrisi","Phalacrocorax_harrisi.2"
"41","Spinosaurus_","Spinosaurus_.1"
"42","Spinosaurus_","Spinosaurus_.2"
"43","Spinosaurus_","Spinosaurus_.3"
"44","Spinosaurus_","Spinosaurus_.4"
"45","Spinosaurus_","Spinosaurus_.5"
"46","Spinosaurus_","Spinosaurus_.6"
"47","Spinosaurus_","Spinosaurus_.7"
"48","Spinosaurus_","Spinosaurus_.8"
"49","Spinosaurus_","Spinosaurus_.9"
"50","Spinosaurus_","Spinosaurus_.10"
"51","Spinosaurus_","Spinosaurus_.11"
"52","Suchomimus","Suchomimus.1"
"53","Suchomimus","Suchomimus.2"
"54","Suchomimus","Suchomimus.3"
"55","Baryonyx","Baryonyx.1"
"56","Baryonyx","Baryonyx.2"
"57","Baryonyx","Baryonyx.3"
 
* Phylo tree and the main data and strata files have been modified to include duplicated taxa before the scaled random trees are generated.
* Selected categorical labels column: diving.or.not
* diving.or.equal column is identical to Diving column.
* Regression excludes flying taxa.
* Diving labels that are present in regression: 0,2
* lambda (calculated from a random tree) = : 0.05
* index-name alignment check: OK
