Logfile for a session of program: bootstrap_binary.r
-----------------------------------------------------
INPUT:
workDir: C:/dino_nature/output/2023-11-07-D1\bs/set_1746
Nbootstrapsets: 2000
phyloFDAfile: c:/dino_nature/code/phylo.fda.R
auxFile: c:/dino_nature/code/auxiliary.r
boneType: femur
regressionData.file: C:/dino_nature/output/2023-11-07-D1\bs/set_1746/femur_set_1746.csv
applyDataFilter: FALSE
addTreeTips: TRUE
Ntrees: 100
calculateTrees: TRUE
saveTrees: FALSE


OPERATIONAL CHECKS:
* Regression data contains multiple copies of some taxa (user added variants of existing test taxa 
   or replacements due to bootstrap are present) which are not in the phylo tree:
     original taxon,   duplicate   
"1","Apteryx_australis","Apteryx_australis.1"
"2","Cephalophus_silvicultor","Cephalophus_silvicultor.1"
"3","Hemiechinus_azurites","Hemiechinus_azurites.1"
"4","Okapia_johnstoni","Okapia_johnstoni.1"
"5","Okapia_johnstoni","Okapia_johnstoni.2"
"6","Bison_bonasus","Bison_bonasus.1"
"7","Giraffa_camelopardalis","Giraffa_camelopardalis.1"
"8","Giraffa_camelopardalis","Giraffa_camelopardalis.2"
"9","Procavia_capensis","Procavia_capensis.1"
"10","Meles_meles","Meles_meles.1"
"11","Loxodonta_africana","Loxodonta_africana.1"
"12","Raphus","Raphus.1"
"13","Apteryx_owenii_","Apteryx_owenii_.1"
"14","Raphus","Raphus.2"
"15","Alces_americanus","Alces_americanus.1"
"16","Apteryx_owenii_","Apteryx_owenii_.2"
"17","Dama_dama","Dama_dama.1"
"18","Apteryx_australis","Apteryx_australis.2"
"19","Dasyurus_maculatus","Dasyurus_maculatus.1"
"20","Apteryx_australis","Apteryx_australis.3"
"21","Cephalophus_silvicultor","Cephalophus_silvicultor.2"
"22","Megaloceros_sp","Megaloceros_sp.1"
"23","Dicerorhinus_sumatrensis","Dicerorhinus_sumatrensis.1"
"24","Ceratotherium_simum","Ceratotherium_simum.1"
"25","Placondontia_indet","Placondontia_indet.1"
"26","Maiacetus","Maiacetus.1"
"27","Hexaprotodon_garyam","Hexaprotodon_garyam.1"
"28","Spheniscus","Spheniscus.1"
"29","large_eocene_stem_penguin","large_eocene_stem_penguin.1"
"30","Pistosaurus","Pistosaurus.1"
"31","Caiman_yacare","Caiman_yacare.1"
"32","Small_Eocene_penguin","Small_Eocene_penguin.1"
"33","Spheniscus","Spheniscus.2"
"34","Chironectes_minimus","Chironectes_minimus.1"
"35","Maiacetus","Maiacetus.2"
"36","Hexaprotodon_garyam","Hexaprotodon_garyam.2"
"37","Lutra_vulgaris","Lutra_vulgaris.1"
"38","Ornithorhynchus_anatinus","Ornithorhynchus_anatinus.1"
"39","Nothosaurus_102","Nothosaurus_102.1"
"40","Simosaurus_1","Simosaurus_1.1"
"41","Spinosaurus_","Spinosaurus_.1"
"42","Spinosaurus_","Spinosaurus_.2"
"43","Spinosaurus_","Spinosaurus_.3"
"44","Spinosaurus_","Spinosaurus_.4"
"45","Spinosaurus_","Spinosaurus_.5"
"46","Spinosaurus_","Spinosaurus_.6"
"47","Spinosaurus_","Spinosaurus_.7"
"48","Spinosaurus_","Spinosaurus_.8"
"49","Spinosaurus_","Spinosaurus_.9"
"50","Spinosaurus_","Spinosaurus_.10"
"51","Spinosaurus_","Spinosaurus_.11"
"52","Suchomimus","Suchomimus.1"
"53","Suchomimus","Suchomimus.2"
"54","Suchomimus","Suchomimus.3"
"55","Baryonyx","Baryonyx.1"
"56","Baryonyx","Baryonyx.2"
"57","Baryonyx","Baryonyx.3"
 
* Phylo tree and the main data and strata files have been modified to include duplicated taxa before the scaled random trees are generated.
* Selected categorical labels column: diving.or.not
* diving.or.equal column is identical to Diving column.
* Regression excludes flying taxa.
* Diving labels that are present in regression: 0,2
* lambda (calculated from a random tree) = : 0.1
* index-name alignment check: OK
