Logfile for a session of program: bootstrap_binary.r
-----------------------------------------------------
INPUT:
workDir: C:/dino_nature/output/2023-11-07-D1\bs/set_843
Nbootstrapsets: 2000
phyloFDAfile: c:/dino_nature/code/phylo.fda.R
auxFile: c:/dino_nature/code/auxiliary.r
boneType: femur
regressionData.file: C:/dino_nature/output/2023-11-07-D1\bs/set_843/femur_set_843.csv
applyDataFilter: FALSE
addTreeTips: TRUE
Ntrees: 100
calculateTrees: TRUE
saveTrees: FALSE


OPERATIONAL CHECKS:
* Regression data contains multiple copies of some taxa (user added variants of existing test taxa 
   or replacements due to bootstrap are present) which are not in the phylo tree:
     original taxon,   duplicate   
"1","Euroscaptor_micrura","Euroscaptor_micrura.1"
"2","Paguma_larvata","Paguma_larvata.1"
"3","Cephalophus_silvicultor","Cephalophus_silvicultor.1"
"4","Tamandua_tetradactyla","Tamandua_tetradactyla.1"
"5","Cephalophus_silvicultor","Cephalophus_silvicultor.2"
"6","Okapia_johnstoni","Okapia_johnstoni.1"
"7","Elephas_maximus","Elephas_maximus.1"
"8","Taxidea_taxus","Taxidea_taxus.1"
"9","Rupicapra_rupicapra","Rupicapra_rupicapra.1"
"10","Tamandua_tetradactyla","Tamandua_tetradactyla.2"
"11","Paguma_larvata","Paguma_larvata.2"
"12","Alces_americanus","Alces_americanus.1"
"13","Strigiops_habroptilus","Strigiops_habroptilus.1"
"14","Taxidea_taxus","Taxidea_taxus.2"
"15","Dicerorhinus_sumatrensis","Dicerorhinus_sumatrensis.1"
"16","Monodelphis_domestica","Monodelphis_domestica.1"
"17","Okapia_johnstoni","Okapia_johnstoni.2"
"18","Elephas_maximus","Elephas_maximus.2"
"19","Rattus_rattus","Rattus_rattus.1"
"20","Rattus_rattus","Rattus_rattus.2"
"21","Syncerus_caffer","Syncerus_caffer.1"
"22","Procyon_lotor","Procyon_lotor.1"
"23","Palaeospheniscus","Palaeospheniscus.1"
"24","Nothosaurus_568","Nothosaurus_568.1"
"25","Micropotamogale_euwenzorii","Micropotamogale_euwenzorii.1"
"26","Callophoca_obscura","Callophoca_obscura.1"
"27","Micropotamogale_euwenzorii","Micropotamogale_euwenzorii.2"
"28","Cryptoclidus","Cryptoclidus.1"
"29","Leptophoca_proxima","Leptophoca_proxima.1"
"30","Nothosaurus_568","Nothosaurus_568.2"
"31","Placondontia_indet","Placondontia_indet.1"
"32","Placodontia_indet_1","Placodontia_indet_1.1"
"33","Maiacetus","Maiacetus.1"
"34","Cryptoclidus","Cryptoclidus.2"
"35","Castor_fiber","Castor_fiber.1"
"36","Phocanella_pumila","Phocanella_pumila.1"
"37","Palaeospheniscus","Palaeospheniscus.2"
"38","Rodhocetus","Rodhocetus.1"
"39","Desmostylus_hesperus","Desmostylus_hesperus.1"
"40","Hydromys_chrysogaster","Hydromys_chrysogaster.1"
"41","Spinosaurus_","Spinosaurus_.1"
"42","Spinosaurus_","Spinosaurus_.2"
"43","Spinosaurus_","Spinosaurus_.3"
"44","Spinosaurus_","Spinosaurus_.4"
"45","Spinosaurus_","Spinosaurus_.5"
"46","Spinosaurus_","Spinosaurus_.6"
"47","Spinosaurus_","Spinosaurus_.7"
"48","Spinosaurus_","Spinosaurus_.8"
"49","Spinosaurus_","Spinosaurus_.9"
"50","Spinosaurus_","Spinosaurus_.10"
"51","Spinosaurus_","Spinosaurus_.11"
"52","Suchomimus","Suchomimus.1"
"53","Suchomimus","Suchomimus.2"
"54","Suchomimus","Suchomimus.3"
"55","Baryonyx","Baryonyx.1"
"56","Baryonyx","Baryonyx.2"
"57","Baryonyx","Baryonyx.3"
 
* Phylo tree and the main data and strata files have been modified to include duplicated taxa before the scaled random trees are generated.
* Selected categorical labels column: diving.or.not
* diving.or.equal column is identical to Diving column.
* Regression excludes flying taxa.
* Diving labels that are present in regression: 0,2
* lambda (calculated from a random tree) = : 0.06
* index-name alignment check: OK
