Logfile for a session of program: bootstrap_binary.r
-----------------------------------------------------
INPUT:
workDir: C:/dino_nature/output/2023-11-07-D1\bs/set_129
Nbootstrapsets: 2000
phyloFDAfile: c:/dino_nature/code/phylo.fda.R
auxFile: c:/dino_nature/code/auxiliary.r
boneType: femur
regressionData.file: C:/dino_nature/output/2023-11-07-D1\bs/set_129/femur_set_129.csv
applyDataFilter: FALSE
addTreeTips: TRUE
Ntrees: 100
calculateTrees: TRUE
saveTrees: FALSE


OPERATIONAL CHECKS:
* Regression data contains multiple copies of some taxa (user added variants of existing test taxa 
   or replacements due to bootstrap are present) which are not in the phylo tree:
     original taxon,   duplicate   
"1","Okapia_johnstoni","Okapia_johnstoni.1"
"2","Myrmecophaga_tridactyla","Myrmecophaga_tridactyla.1"
"3","Dama_dama","Dama_dama.1"
"4","Dama_dama","Dama_dama.2"
"5","Rynochetus_jubatus","Rynochetus_jubatus.1"
"6","Atlantisia_rogersi","Atlantisia_rogersi.1"
"7","Raphus","Raphus.1"
"8","Mus_musculus","Mus_musculus.1"
"9","Mustela_nivalis","Mustela_nivalis.1"
"10","Okapia_johnstoni","Okapia_johnstoni.2"
"11","Giraffa_camelopardalis","Giraffa_camelopardalis.1"
"12","Raphus","Raphus.2"
"13","Rynochetus_jubatus","Rynochetus_jubatus.2"
"14","Tenrec_ecaudatus","Tenrec_ecaudatus.1"
"15","Raphus","Raphus.3"
"16","Bison_bonasus","Bison_bonasus.1"
"17","Rynochetus_jubatus","Rynochetus_jubatus.3"
"18","Apteryx_australis","Apteryx_australis.1"
"19","Pogona_viceps","Pogona_viceps.1"
"20","Cephalophus_silvicultor","Cephalophus_silvicultor.1"
"21","Sus_scrofa","Sus_scrofa.1"
"22","Euroscaptor_micrura","Euroscaptor_micrura.1"
"23","Rynochetus_jubatus","Rynochetus_jubatus.4"
"24","Xenicus_giliventris","Xenicus_giliventris.1"
"25","Hippopotamus_amphibius","Hippopotamus_amphibius.1"
"26","Leptophoca_proxima","Leptophoca_proxima.1"
"27","Nothosaurus_mirabilis_1","Nothosaurus_mirabilis_1.1"
"28","Phocanella_pumila","Phocanella_pumila.1"
"29","Pistosaurus","Pistosaurus.1"
"30","Leptophoca_proxima","Leptophoca_proxima.2"
"31","Nanophoca_vitulinoides","Nanophoca_vitulinoides.1"
"32","Nothosaurus_150","Nothosaurus_150.1"
"33","Hesperornis","Hesperornis.1"
"34","Placodontia_indet_1","Placodontia_indet_1.1"
"35","Serpianosaurus","Serpianosaurus.1"
"36","Noemys_fodies","Noemys_fodies.1"
"37","Choeropsis_liberiensis","Choeropsis_liberiensis.1"
"38","Nothosaurus_150","Nothosaurus_150.2"
"39","Desmostylus_hesperus","Desmostylus_hesperus.1"
"40","Indohyus","Indohyus.1"
"41","Desmostylus_hesperus","Desmostylus_hesperus.2"
"42","Desmostylus_hesperus","Desmostylus_hesperus.3"
"43","Basilosaurus","Basilosaurus.1"
"44","Desmostylus_hesperus","Desmostylus_hesperus.4"
"45","Callophoca_obscura","Callophoca_obscura.1"
"46","Protochampsidae","Protochampsidae.1"
"47","Spinosaurus_","Spinosaurus_.1"
"48","Spinosaurus_","Spinosaurus_.2"
"49","Spinosaurus_","Spinosaurus_.3"
"50","Spinosaurus_","Spinosaurus_.4"
"51","Spinosaurus_","Spinosaurus_.5"
"52","Spinosaurus_","Spinosaurus_.6"
"53","Spinosaurus_","Spinosaurus_.7"
"54","Spinosaurus_","Spinosaurus_.8"
"55","Spinosaurus_","Spinosaurus_.9"
"56","Spinosaurus_","Spinosaurus_.10"
"57","Spinosaurus_","Spinosaurus_.11"
"58","Suchomimus","Suchomimus.1"
"59","Suchomimus","Suchomimus.2"
"60","Suchomimus","Suchomimus.3"
"61","Baryonyx","Baryonyx.1"
"62","Baryonyx","Baryonyx.2"
"63","Baryonyx","Baryonyx.3"
 
* Phylo tree and the main data and strata files have been modified to include duplicated taxa before the scaled random trees are generated.
* Selected categorical labels column: diving.or.not
* diving.or.equal column is identical to Diving column.
* Regression excludes flying taxa.
* Diving labels that are present in regression: 0,2
* lambda (calculated from a random tree) = : 0.07
* index-name alignment check: OK
