Logfile for a session of program: bootstrap_binary.r
-----------------------------------------------------
INPUT:
workDir: C:/dino_nature/output/2023-11-07-D1\bs/set_728
Nbootstrapsets: 2000
phyloFDAfile: c:/dino_nature/code/phylo.fda.R
auxFile: c:/dino_nature/code/auxiliary.r
boneType: femur
regressionData.file: C:/dino_nature/output/2023-11-07-D1\bs/set_728/femur_set_728.csv
applyDataFilter: FALSE
addTreeTips: TRUE
Ntrees: 100
calculateTrees: TRUE
saveTrees: FALSE


OPERATIONAL CHECKS:
* Regression data contains multiple copies of some taxa (user added variants of existing test taxa 
   or replacements due to bootstrap are present) which are not in the phylo tree:
     original taxon,   duplicate   
"1","Caloenas_nicobarica","Caloenas_nicobarica.1"
"2","Caloenas_nicobarica","Caloenas_nicobarica.2"
"3","Lacerta_viridis","Lacerta_viridis.1"
"4","Nyctereutes_procyonoides","Nyctereutes_procyonoides.1"
"5","Atlantisia_rogersi","Atlantisia_rogersi.1"
"6","Caloenas_nicobarica","Caloenas_nicobarica.3"
"7","Xenicus_giliventris","Xenicus_giliventris.1"
"8","Giraffa_camelopardalis","Giraffa_camelopardalis.1"
"9","Apteryx_australis","Apteryx_australis.1"
"10","Lacerta_viridis","Lacerta_viridis.2"
"11","Giraffa_camelopardalis","Giraffa_camelopardalis.2"
"12","Loxodonta_africana","Loxodonta_africana.1"
"13","Elomeryx_borbonicus_","Elomeryx_borbonicus_.1"
"14","Microgale_thomasi","Microgale_thomasi.1"
"15","Nyctereutes_procyonoides","Nyctereutes_procyonoides.2"
"16","Loxodonta_africana","Loxodonta_africana.2"
"17","Hemiechinus_azurites","Hemiechinus_azurites.1"
"18","Dromaius_","Dromaius_.1"
"19","Rattus_rattus","Rattus_rattus.1"
"20","Apteryx_australis","Apteryx_australis.2"
"21","Placodontia_indet_1","Placodontia_indet_1.1"
"22","Placodontia_indet_1","Placodontia_indet_1.2"
"23","Hesperornis","Hesperornis.1"
"24","Dyrosaurid","Dyrosaurid.1"
"25","Ichtyosaurus_","Ichtyosaurus_.1"
"26","Nothosaurus_150","Nothosaurus_150.1"
"27","Plesiosaurus","Plesiosaurus.1"
"28","Plesiosaurus","Plesiosaurus.2"
"29","Rodhocetus","Rodhocetus.1"
"30","Ornithorhynchus_anatinus","Ornithorhynchus_anatinus.1"
"31","Metryorhynchus","Metryorhynchus.1"
"32","Paraplacodus","Paraplacodus.1"
"33","Micropotamogale_euwenzorii","Micropotamogale_euwenzorii.1"
"34","Dyrosaurid","Dyrosaurid.2"
"35","Rodhocetus","Rodhocetus.2"
"36","Chapsosaurus_","Chapsosaurus_.1"
"37","Chapsosaurus_","Chapsosaurus_.2"
"38","Dyrosaurid","Dyrosaurid.3"
"39","Placodontia_indet_1","Placodontia_indet_1.3"
"40","Tapirus_terrestris","Tapirus_terrestris.1"
"41","Simosaurus","Simosaurus.1"
"42","Cricosaurus","Cricosaurus.1"
"43","Aptenodytes______","Aptenodytes______.1"
"44","Castor_fiber","Castor_fiber.1"
"45","Spinosaurus_","Spinosaurus_.1"
"46","Spinosaurus_","Spinosaurus_.2"
"47","Spinosaurus_","Spinosaurus_.3"
"48","Spinosaurus_","Spinosaurus_.4"
"49","Spinosaurus_","Spinosaurus_.5"
"50","Spinosaurus_","Spinosaurus_.6"
"51","Spinosaurus_","Spinosaurus_.7"
"52","Spinosaurus_","Spinosaurus_.8"
"53","Spinosaurus_","Spinosaurus_.9"
"54","Spinosaurus_","Spinosaurus_.10"
"55","Spinosaurus_","Spinosaurus_.11"
"56","Suchomimus","Suchomimus.1"
"57","Suchomimus","Suchomimus.2"
"58","Suchomimus","Suchomimus.3"
"59","Baryonyx","Baryonyx.1"
"60","Baryonyx","Baryonyx.2"
"61","Baryonyx","Baryonyx.3"
 
* Phylo tree and the main data and strata files have been modified to include duplicated taxa before the scaled random trees are generated.
* Selected categorical labels column: diving.or.not
* diving.or.equal column is identical to Diving column.
* Regression excludes flying taxa.
* Diving labels that are present in regression: 0,2
* lambda (calculated from a random tree) = : 0.13
* index-name alignment check: OK
