Logfile for a session of program: bootstrap_binary.r
-----------------------------------------------------
INPUT:
workDir: C:/dino_nature/output/2023-11-07-D1\bs/set_997
Nbootstrapsets: 2000
phyloFDAfile: c:/dino_nature/code/phylo.fda.R
auxFile: c:/dino_nature/code/auxiliary.r
boneType: femur
regressionData.file: C:/dino_nature/output/2023-11-07-D1\bs/set_997/femur_set_997.csv
applyDataFilter: FALSE
addTreeTips: TRUE
Ntrees: 100
calculateTrees: TRUE
saveTrees: FALSE


OPERATIONAL CHECKS:
* Regression data contains multiple copies of some taxa (user added variants of existing test taxa 
   or replacements due to bootstrap are present) which are not in the phylo tree:
     original taxon,   duplicate   
"1","Megaloceros_sp","Megaloceros_sp.1"
"2","Procyon_lotor","Procyon_lotor.1"
"3","Elephas_maximus","Elephas_maximus.1"
"4","Raphus","Raphus.1"
"5","Megaloceros_sp","Megaloceros_sp.2"
"6","Dromaius_","Dromaius_.1"
"7","Megaloceros_sp","Megaloceros_sp.3"
"8","Megaloceros_sp","Megaloceros_sp.4"
"9","Elephas_maximus","Elephas_maximus.2"
"10","Uncia_uncia","Uncia_uncia.1"
"11","Mustela_nivalis","Mustela_nivalis.1"
"12","Tribonyx_mortieri","Tribonyx_mortieri.1"
"13","Megaloceros_sp","Megaloceros_sp.5"
"14","Syncerus_caffer","Syncerus_caffer.1"
"15","Procyon_lotor","Procyon_lotor.2"
"16","Porphyrio_hochstetteri","Porphyrio_hochstetteri.1"
"17","Porphyrio_hochstetteri","Porphyrio_hochstetteri.2"
"18","Uncia_uncia","Uncia_uncia.2"
"19","Megaloceros_sp","Megaloceros_sp.6"
"20","Syncerus_caffer","Syncerus_caffer.2"
"21","Euroscaptor_micrura","Euroscaptor_micrura.1"
"22","Mustela_nivalis","Mustela_nivalis.2"
"23","Chapsosaurus_","Chapsosaurus_.1"
"24","Caiman_yacare","Caiman_yacare.1"
"25","Castor_fiber","Castor_fiber.1"
"26","Remingtonocetus","Remingtonocetus.1"
"27","Phalacrocorax_harrisi","Phalacrocorax_harrisi.1"
"28","Aptenodytes______","Aptenodytes______.1"
"29","Dyrosaurid","Dyrosaurid.1"
"30","Cricosaurus","Cricosaurus.1"
"31","Basilosaurus","Basilosaurus.1"
"32","Choeropsis_liberiensis","Choeropsis_liberiensis.1"
"33","large_eocene_stem_penguin","large_eocene_stem_penguin.1"
"34","Aptenodytes______","Aptenodytes______.2"
"35","Nothosaurus_102","Nothosaurus_102.1"
"36","Phalacrocorax_harrisi","Phalacrocorax_harrisi.2"
"37","Caiman_yacare","Caiman_yacare.2"
"38","Nothosaurus_giganteus","Nothosaurus_giganteus.1"
"39","Plesiosaurus","Plesiosaurus.1"
"40","Maiacetus","Maiacetus.1"
"41","Nothosaurus_giganteus","Nothosaurus_giganteus.2"
"42","Cryptoclidus","Cryptoclidus.1"
"43","Spinosaurus_","Spinosaurus_.1"
"44","Spinosaurus_","Spinosaurus_.2"
"45","Spinosaurus_","Spinosaurus_.3"
"46","Spinosaurus_","Spinosaurus_.4"
"47","Spinosaurus_","Spinosaurus_.5"
"48","Spinosaurus_","Spinosaurus_.6"
"49","Spinosaurus_","Spinosaurus_.7"
"50","Spinosaurus_","Spinosaurus_.8"
"51","Spinosaurus_","Spinosaurus_.9"
"52","Spinosaurus_","Spinosaurus_.10"
"53","Spinosaurus_","Spinosaurus_.11"
"54","Suchomimus","Suchomimus.1"
"55","Suchomimus","Suchomimus.2"
"56","Suchomimus","Suchomimus.3"
"57","Baryonyx","Baryonyx.1"
"58","Baryonyx","Baryonyx.2"
"59","Baryonyx","Baryonyx.3"
 
* Phylo tree and the main data and strata files have been modified to include duplicated taxa before the scaled random trees are generated.
* Selected categorical labels column: diving.or.not
* diving.or.equal column is identical to Diving column.
* Regression excludes flying taxa.
* Diving labels that are present in regression: 0,2
* lambda (calculated from a random tree) = : 0.11
* index-name alignment check: OK
