Logfile for a session of program: bootstrap_binary.r
-----------------------------------------------------
INPUT:
workDir: C:/dino_nature/output/2023-11-07-D1\bs/set_653
Nbootstrapsets: 2000
phyloFDAfile: c:/dino_nature/code/phylo.fda.R
auxFile: c:/dino_nature/code/auxiliary.r
boneType: femur
regressionData.file: C:/dino_nature/output/2023-11-07-D1\bs/set_653/femur_set_653.csv
applyDataFilter: FALSE
addTreeTips: TRUE
Ntrees: 100
calculateTrees: TRUE
saveTrees: FALSE


OPERATIONAL CHECKS:
* Regression data contains multiple copies of some taxa (user added variants of existing test taxa 
   or replacements due to bootstrap are present) which are not in the phylo tree:
     original taxon,   duplicate   
"1","Rhynchocyon_petersi","Rhynchocyon_petersi.1"
"2","Rhinoceros_sondaicus","Rhinoceros_sondaicus.1"
"3","Sphenodon_punctatus","Sphenodon_punctatus.1"
"4","Alces_americanus","Alces_americanus.1"
"5","Procyon_lotor","Procyon_lotor.1"
"6","Okapia_johnstoni","Okapia_johnstoni.1"
"7","Brachyodus_onoideum","Brachyodus_onoideum.1"
"8","Sphenodon_punctatus","Sphenodon_punctatus.2"
"9","Rhynchocyon_petersi","Rhynchocyon_petersi.2"
"10","Taxidea_taxus","Taxidea_taxus.1"
"11","Rhinoceros_sondaicus","Rhinoceros_sondaicus.2"
"12","Sphenodon_punctatus","Sphenodon_punctatus.3"
"13","Tribonyx_mortieri","Tribonyx_mortieri.1"
"14","Sphenodon_punctatus","Sphenodon_punctatus.4"
"15","Brachyodus_onoideum","Brachyodus_onoideum.2"
"16","Bison_bonasus","Bison_bonasus.1"
"17","Capreolus_capreolus","Capreolus_capreolus.1"
"18","Vulpes_vulpes","Vulpes_vulpes.1"
"19","Atlantisia_rogersi","Atlantisia_rogersi.1"
"20","Monodelphis_domestica","Monodelphis_domestica.1"
"21","Simosaurus","Simosaurus.1"
"22","Tapirus_terrestris","Tapirus_terrestris.1"
"23","Cricosaurus","Cricosaurus.1"
"24","Basilosaurus","Basilosaurus.1"
"25","Nothosaurus_mirabilis_1","Nothosaurus_mirabilis_1.1"
"26","Placondontia_indet","Placondontia_indet.1"
"27","Placondontia_indet","Placondontia_indet.2"
"28","Ichtyosaur_sp","Ichtyosaur_sp.1"
"29","Rodhocetus","Rodhocetus.1"
"30","Ichtyosaur_sp","Ichtyosaur_sp.2"
"31","Hexaprotodon_garyam","Hexaprotodon_garyam.1"
"32","Nanophoca_vitulinoides","Nanophoca_vitulinoides.1"
"33","Ichtyosaurus_","Ichtyosaurus_.1"
"34","Remingtonocetus","Remingtonocetus.1"
"35","Desmana_moschata","Desmana_moschata.1"
"36","Ichtyosaur_sp","Ichtyosaur_sp.3"
"37","Aptenodytes______","Aptenodytes______.1"
"38","Champsosaurus","Champsosaurus.1"
"39","Maiacetus","Maiacetus.1"
"40","Desmana_moschata","Desmana_moschata.2"
"41","Nanophoca_vitulinoides","Nanophoca_vitulinoides.2"
"42","Nanophoca_vitulinoides","Nanophoca_vitulinoides.3"
"43","Psephoderma","Psephoderma.1"
"44","Remingtonocetus","Remingtonocetus.2"
"45","Callophoca_obscura","Callophoca_obscura.1"
"46","Spinosaurus_","Spinosaurus_.1"
"47","Spinosaurus_","Spinosaurus_.2"
"48","Spinosaurus_","Spinosaurus_.3"
"49","Spinosaurus_","Spinosaurus_.4"
"50","Spinosaurus_","Spinosaurus_.5"
"51","Spinosaurus_","Spinosaurus_.6"
"52","Spinosaurus_","Spinosaurus_.7"
"53","Spinosaurus_","Spinosaurus_.8"
"54","Spinosaurus_","Spinosaurus_.9"
"55","Spinosaurus_","Spinosaurus_.10"
"56","Spinosaurus_","Spinosaurus_.11"
"57","Suchomimus","Suchomimus.1"
"58","Suchomimus","Suchomimus.2"
"59","Suchomimus","Suchomimus.3"
"60","Baryonyx","Baryonyx.1"
"61","Baryonyx","Baryonyx.2"
"62","Baryonyx","Baryonyx.3"
 
* Phylo tree and the main data and strata files have been modified to include duplicated taxa before the scaled random trees are generated.
* Selected categorical labels column: diving.or.not
* diving.or.equal column is identical to Diving column.
* Regression excludes flying taxa.
* Diving labels that are present in regression: 0,2
* lambda (calculated from a random tree) = : 0.08
* index-name alignment check: OK
