Logfile for a session of program: bootstrap_binary.r
-----------------------------------------------------
INPUT:
workDir: C:/dino_nature/output/2023-11-07-D1\bs/set_1067
Nbootstrapsets: 2000
phyloFDAfile: c:/dino_nature/code/phylo.fda.R
auxFile: c:/dino_nature/code/auxiliary.r
boneType: femur
regressionData.file: C:/dino_nature/output/2023-11-07-D1\bs/set_1067/femur_set_1067.csv
applyDataFilter: FALSE
addTreeTips: TRUE
Ntrees: 100
calculateTrees: TRUE
saveTrees: FALSE


OPERATIONAL CHECKS:
* Regression data contains multiple copies of some taxa (user added variants of existing test taxa 
   or replacements due to bootstrap are present) which are not in the phylo tree:
     original taxon,   duplicate   
"1","Rattus_rattus","Rattus_rattus.1"
"2","Syncerus_caffer","Syncerus_caffer.1"
"3","Dicerorhinus_sumatrensis","Dicerorhinus_sumatrensis.1"
"4","Apteryx_owenii_","Apteryx_owenii_.1"
"5","Caloenas_nicobarica","Caloenas_nicobarica.1"
"6","Rattus_rattus","Rattus_rattus.2"
"7","Brachyodus_onoideum","Brachyodus_onoideum.1"
"8","Cephalophus_silvicultor","Cephalophus_silvicultor.1"
"9","Giraffa_camelopardalis","Giraffa_camelopardalis.1"
"10","Sus_scrofa","Sus_scrofa.1"
"11","Microgale_thomasi","Microgale_thomasi.1"
"12","Tenrec_ecaudatus","Tenrec_ecaudatus.1"
"13","Loxodonta_africana","Loxodonta_africana.1"
"14","Nyctereutes_procyonoides","Nyctereutes_procyonoides.1"
"15","Elephas_maximus","Elephas_maximus.1"
"16","Giraffa_camelopardalis","Giraffa_camelopardalis.2"
"17","Raphus","Raphus.1"
"18","Rhinoceros_sondaicus","Rhinoceros_sondaicus.1"
"19","Taxidea_taxus","Taxidea_taxus.1"
"20","Sus_scrofa","Sus_scrofa.2"
"21","Ichtyosaur_sp","Ichtyosaur_sp.1"
"22","Hexaprotodon_garyam","Hexaprotodon_garyam.1"
"23","Noemys_fodies","Noemys_fodies.1"
"24","Protochampsidae","Protochampsidae.1"
"25","Cricosaurus","Cricosaurus.1"
"26","large_eocene_stem_penguin","large_eocene_stem_penguin.1"
"27","Hexaprotodon_garyam","Hexaprotodon_garyam.2"
"28","Ichtyosaurus_","Ichtyosaurus_.1"
"29","Desmostylus_hesperus","Desmostylus_hesperus.1"
"30","Nanophoca_vitulinoides","Nanophoca_vitulinoides.1"
"31","Simosaurus_1","Simosaurus_1.1"
"32","Nothosaurus_568","Nothosaurus_568.1"
"33","Paraplacodus","Paraplacodus.1"
"34","Nothosaurus_giganteus","Nothosaurus_giganteus.1"
"35","Cryptoclidus","Cryptoclidus.1"
"36","Spheniscus","Spheniscus.1"
"37","Simosaurus_1","Simosaurus_1.2"
"38","Noemys_fodies","Noemys_fodies.2"
"39","Phalacrocorax_harrisi","Phalacrocorax_harrisi.1"
"40","Nothosaurus_giganteus","Nothosaurus_giganteus.2"
"41","Spinosaurus_","Spinosaurus_.1"
"42","Spinosaurus_","Spinosaurus_.2"
"43","Spinosaurus_","Spinosaurus_.3"
"44","Spinosaurus_","Spinosaurus_.4"
"45","Spinosaurus_","Spinosaurus_.5"
"46","Spinosaurus_","Spinosaurus_.6"
"47","Spinosaurus_","Spinosaurus_.7"
"48","Spinosaurus_","Spinosaurus_.8"
"49","Spinosaurus_","Spinosaurus_.9"
"50","Spinosaurus_","Spinosaurus_.10"
"51","Spinosaurus_","Spinosaurus_.11"
"52","Suchomimus","Suchomimus.1"
"53","Suchomimus","Suchomimus.2"
"54","Suchomimus","Suchomimus.3"
"55","Baryonyx","Baryonyx.1"
"56","Baryonyx","Baryonyx.2"
"57","Baryonyx","Baryonyx.3"
 
* Phylo tree and the main data and strata files have been modified to include duplicated taxa before the scaled random trees are generated.
* Selected categorical labels column: diving.or.not
* diving.or.equal column is identical to Diving column.
* Regression excludes flying taxa.
* Diving labels that are present in regression: 0,2
* lambda (calculated from a random tree) = : 0.12
* index-name alignment check: OK
