Logfile for a session of program: bootstrap_binary.r
-----------------------------------------------------
INPUT:
workDir: C:/dino_nature/output/2023-11-07-D1\bs/set_1285
Nbootstrapsets: 2000
phyloFDAfile: c:/dino_nature/code/phylo.fda.R
auxFile: c:/dino_nature/code/auxiliary.r
boneType: femur
regressionData.file: C:/dino_nature/output/2023-11-07-D1\bs/set_1285/femur_set_1285.csv
applyDataFilter: FALSE
addTreeTips: TRUE
Ntrees: 100
calculateTrees: TRUE
saveTrees: FALSE


OPERATIONAL CHECKS:
* Regression data contains multiple copies of some taxa (user added variants of existing test taxa 
   or replacements due to bootstrap are present) which are not in the phylo tree:
     original taxon,   duplicate   
"1","Monodelphis_domestica","Monodelphis_domestica.1"
"2","Euroscaptor_micrura","Euroscaptor_micrura.1"
"3","Bos_taurus","Bos_taurus.1"
"4","Alces_americanus","Alces_americanus.1"
"5","Alces_americanus","Alces_americanus.2"
"6","Felis_felis","Felis_felis.1"
"7","Elephas_maximus","Elephas_maximus.1"
"8","Sus_scrofa","Sus_scrofa.1"
"9","Cephalophus_silvicultor","Cephalophus_silvicultor.1"
"10","Elomeryx_borbonicus_","Elomeryx_borbonicus_.1"
"11","Cephalophus_silvicultor","Cephalophus_silvicultor.2"
"12","Alces_americanus","Alces_americanus.3"
"13","Tamandua_tetradactyla","Tamandua_tetradactyla.1"
"14","Procavia_capensis","Procavia_capensis.1"
"15","Strigiops_habroptilus","Strigiops_habroptilus.1"
"16","Ceratotherium_simum","Ceratotherium_simum.1"
"17","Myrmecophaga_tridactyla","Myrmecophaga_tridactyla.1"
"18","Felis_felis","Felis_felis.2"
"19","Elomeryx_borbonicus_","Elomeryx_borbonicus_.2"
"20","Apteryx_owenii_","Apteryx_owenii_.1"
"21","Phalacrocorax_harrisi","Phalacrocorax_harrisi.1"
"22","Chironectes_minimus","Chironectes_minimus.1"
"23","Pistosaurus","Pistosaurus.1"
"24","Pistosaurus","Pistosaurus.2"
"25","Palaeospheniscus","Palaeospheniscus.1"
"26","Dyrosaurid","Dyrosaurid.1"
"27","Palaeospheniscus","Palaeospheniscus.2"
"28","Alligator","Alligator.1"
"29","Lutra_vulgaris","Lutra_vulgaris.1"
"30","Ornithorhynchus_anatinus","Ornithorhynchus_anatinus.1"
"31","Aptenodytes______","Aptenodytes______.1"
"32","Anarosaurus","Anarosaurus.1"
"33","Nothosaurus_mirabilis","Nothosaurus_mirabilis.1"
"34","Desmostylus_hesperus","Desmostylus_hesperus.1"
"35","Pistosaurus","Pistosaurus.3"
"36","Lutra_vulgaris","Lutra_vulgaris.2"
"37","Hexaprotodon_garyam","Hexaprotodon_garyam.1"
"38","Hesperornis","Hesperornis.1"
"39","Desmostylus_hesperus","Desmostylus_hesperus.2"
"40","Simosaurus_1","Simosaurus_1.1"
"41","Noemys_fodies","Noemys_fodies.1"
"42","Nanophoca_vitulinoides","Nanophoca_vitulinoides.1"
"43","Pistosaurus","Pistosaurus.4"
"44","Pistosaurus","Pistosaurus.5"
"45","Alligator","Alligator.2"
"46","Spinosaurus_","Spinosaurus_.1"
"47","Spinosaurus_","Spinosaurus_.2"
"48","Spinosaurus_","Spinosaurus_.3"
"49","Spinosaurus_","Spinosaurus_.4"
"50","Spinosaurus_","Spinosaurus_.5"
"51","Spinosaurus_","Spinosaurus_.6"
"52","Spinosaurus_","Spinosaurus_.7"
"53","Spinosaurus_","Spinosaurus_.8"
"54","Spinosaurus_","Spinosaurus_.9"
"55","Spinosaurus_","Spinosaurus_.10"
"56","Spinosaurus_","Spinosaurus_.11"
"57","Suchomimus","Suchomimus.1"
"58","Suchomimus","Suchomimus.2"
"59","Suchomimus","Suchomimus.3"
"60","Baryonyx","Baryonyx.1"
"61","Baryonyx","Baryonyx.2"
"62","Baryonyx","Baryonyx.3"
 
* Phylo tree and the main data and strata files have been modified to include duplicated taxa before the scaled random trees are generated.
* Selected categorical labels column: diving.or.not
* diving.or.equal column is identical to Diving column.
* Regression excludes flying taxa.
* Diving labels that are present in regression: 0,2
* lambda (calculated from a random tree) = : 0.11
* index-name alignment check: OK
