Logfile for a session of program: bootstrap_binary.r
-----------------------------------------------------
INPUT:
workDir: C:/dino_nature/output/2023-11-07-D1\bs/set_74
Nbootstrapsets: 2000
phyloFDAfile: c:/dino_nature/code/phylo.fda.R
auxFile: c:/dino_nature/code/auxiliary.r
boneType: femur
regressionData.file: C:/dino_nature/output/2023-11-07-D1\bs/set_74/femur_set_74.csv
applyDataFilter: FALSE
addTreeTips: TRUE
Ntrees: 100
calculateTrees: TRUE
saveTrees: FALSE


OPERATIONAL CHECKS:
* Regression data contains multiple copies of some taxa (user added variants of existing test taxa 
   or replacements due to bootstrap are present) which are not in the phylo tree:
     original taxon,   duplicate   
"1","Rattus_rattus","Rattus_rattus.1"
"2","Dama_dama","Dama_dama.1"
"3","Dama_dama","Dama_dama.2"
"4","Lama_guanicoe","Lama_guanicoe.1"
"5","Lama_guanicoe","Lama_guanicoe.2"
"6","Sus_scrofa","Sus_scrofa.1"
"7","Loxodonta_africana","Loxodonta_africana.1"
"8","Dama_dama","Dama_dama.3"
"9","Ceratotherium_simum","Ceratotherium_simum.1"
"10","Capreolus_capreolus","Capreolus_capreolus.1"
"11","Elomeryx_borbonicus_","Elomeryx_borbonicus_.1"
"12","Sus_scrofa","Sus_scrofa.2"
"13","Mammuthus_sp","Mammuthus_sp.1"
"14","Lama_guanicoe","Lama_guanicoe.3"
"15","Sus_scrofa","Sus_scrofa.3"
"16","Lama_guanicoe","Lama_guanicoe.4"
"17","Procavia_capensis","Procavia_capensis.1"
"18","Pogona_viceps","Pogona_viceps.1"
"19","Rhinoceros_sondaicus","Rhinoceros_sondaicus.1"
"20","Elomeryx_borbonicus_","Elomeryx_borbonicus_.2"
"21","Elephas_maximus","Elephas_maximus.1"
"22","Atlantisia_rogersi","Atlantisia_rogersi.1"
"23","Uncia_uncia","Uncia_uncia.1"
"24","Elephas_maximus","Elephas_maximus.2"
"25","Nothosaurus_mirabilis","Nothosaurus_mirabilis.1"
"26","Tapirus_terrestris","Tapirus_terrestris.1"
"27","Aptenodytes______","Aptenodytes______.1"
"28","Nothosaurus_mirabilis","Nothosaurus_mirabilis.2"
"29","Aptenodytes______","Aptenodytes______.2"
"30","Tapirus_terrestris","Tapirus_terrestris.2"
"31","Small_Eocene_penguin","Small_Eocene_penguin.1"
"32","Caiman_yacare","Caiman_yacare.1"
"33","Nothosaurus_102","Nothosaurus_102.1"
"34","Ornithorhynchus_anatinus","Ornithorhynchus_anatinus.1"
"35","Otaria_byronia","Otaria_byronia.1"
"36","Metryorhynchus","Metryorhynchus.1"
"37","Anarosaurus","Anarosaurus.1"
"38","Indohyus","Indohyus.1"
"39","Small_Eocene_penguin","Small_Eocene_penguin.2"
"40","Alligator","Alligator.1"
"41","Plesiosaurus","Plesiosaurus.1"
"42","Plesiosaurus","Plesiosaurus.2"
"43","Nothosaurus_mirabilis","Nothosaurus_mirabilis.3"
"44","Alligator","Alligator.2"
"45","Leptophoca_proxima","Leptophoca_proxima.1"
"46","Nothosaurus_102","Nothosaurus_102.2"
"47","Spinosaurus_","Spinosaurus_.1"
"48","Spinosaurus_","Spinosaurus_.2"
"49","Spinosaurus_","Spinosaurus_.3"
"50","Spinosaurus_","Spinosaurus_.4"
"51","Spinosaurus_","Spinosaurus_.5"
"52","Spinosaurus_","Spinosaurus_.6"
"53","Spinosaurus_","Spinosaurus_.7"
"54","Spinosaurus_","Spinosaurus_.8"
"55","Spinosaurus_","Spinosaurus_.9"
"56","Spinosaurus_","Spinosaurus_.10"
"57","Spinosaurus_","Spinosaurus_.11"
"58","Suchomimus","Suchomimus.1"
"59","Suchomimus","Suchomimus.2"
"60","Suchomimus","Suchomimus.3"
"61","Baryonyx","Baryonyx.1"
"62","Baryonyx","Baryonyx.2"
"63","Baryonyx","Baryonyx.3"
 
* Phylo tree and the main data and strata files have been modified to include duplicated taxa before the scaled random trees are generated.
* Selected categorical labels column: diving.or.not
* diving.or.equal column is identical to Diving column.
* Regression excludes flying taxa.
* Diving labels that are present in regression: 0,2
* lambda (calculated from a random tree) = : 0.1
* index-name alignment check: OK
