Logfile for a session of program: bootstrap_binary.r
-----------------------------------------------------
INPUT:
workDir: C:/dino_nature/output/2023-11-07-D1\bs/set_1693
Nbootstrapsets: 2000
phyloFDAfile: c:/dino_nature/code/phylo.fda.R
auxFile: c:/dino_nature/code/auxiliary.r
boneType: femur
regressionData.file: C:/dino_nature/output/2023-11-07-D1\bs/set_1693/femur_set_1693.csv
applyDataFilter: FALSE
addTreeTips: TRUE
Ntrees: 100
calculateTrees: TRUE
saveTrees: FALSE


OPERATIONAL CHECKS:
* Regression data contains multiple copies of some taxa (user added variants of existing test taxa 
   or replacements due to bootstrap are present) which are not in the phylo tree:
     original taxon,   duplicate   
"1","Rhinoceros_sondaicus","Rhinoceros_sondaicus.1"
"2","Rhinoceros_sondaicus","Rhinoceros_sondaicus.2"
"3","Elephas_maximus","Elephas_maximus.1"
"4","Microgale_thomasi","Microgale_thomasi.1"
"5","Euroscaptor_micrura","Euroscaptor_micrura.1"
"6","Syncerus_caffer","Syncerus_caffer.1"
"7","Strigiops_habroptilus","Strigiops_habroptilus.1"
"8","Microgale_thomasi","Microgale_thomasi.2"
"9","Strigiops_habroptilus","Strigiops_habroptilus.2"
"10","Tenrec_ecaudatus","Tenrec_ecaudatus.1"
"11","Rhinoceros_sondaicus","Rhinoceros_sondaicus.3"
"12","Pogona_viceps","Pogona_viceps.1"
"13","Microgale_thomasi","Microgale_thomasi.3"
"14","Elephas_maximus","Elephas_maximus.2"
"15","Mammuthus_sp","Mammuthus_sp.1"
"16","Lacerta_viridis","Lacerta_viridis.1"
"17","Xenicus_giliventris","Xenicus_giliventris.1"
"18","Lama_guanicoe","Lama_guanicoe.1"
"19","Mammuthus_sp","Mammuthus_sp.2"
"20","Mammuthus_sp","Mammuthus_sp.3"
"21","Diplomesodon_pulchellum","Diplomesodon_pulchellum.1"
"22","Nothosaurus_102","Nothosaurus_102.1"
"23","Castor_fiber","Castor_fiber.1"
"24","Nothosaurus_568","Nothosaurus_568.1"
"25","Metryorhynchus","Metryorhynchus.1"
"26","Alligator","Alligator.1"
"27","Rodhocetus","Rodhocetus.1"
"28","Placodontia_indet_1","Placodontia_indet_1.1"
"29","Palaeospheniscus","Palaeospheniscus.1"
"30","Cricosaurus","Cricosaurus.1"
"31","Maiacetus","Maiacetus.1"
"32","Hippopotamus_amphibius","Hippopotamus_amphibius.1"
"33","Dyrosaurid","Dyrosaurid.1"
"34","Neusticosaurus","Neusticosaurus.1"
"35","Metryorhynchus","Metryorhynchus.2"
"36","Paraplacodus","Paraplacodus.1"
"37","Nothosaurus_mirabilis_1","Nothosaurus_mirabilis_1.1"
"38","Castor_fiber","Castor_fiber.2"
"39","Desmostylus_hesperus","Desmostylus_hesperus.1"
"40","Placodontia_indet_1","Placodontia_indet_1.2"
"41","Desmostylus_hesperus","Desmostylus_hesperus.2"
"42","Hippopotamus_amphibius","Hippopotamus_amphibius.2"
"43","Spinosaurus_","Spinosaurus_.1"
"44","Spinosaurus_","Spinosaurus_.2"
"45","Spinosaurus_","Spinosaurus_.3"
"46","Spinosaurus_","Spinosaurus_.4"
"47","Spinosaurus_","Spinosaurus_.5"
"48","Spinosaurus_","Spinosaurus_.6"
"49","Spinosaurus_","Spinosaurus_.7"
"50","Spinosaurus_","Spinosaurus_.8"
"51","Spinosaurus_","Spinosaurus_.9"
"52","Spinosaurus_","Spinosaurus_.10"
"53","Spinosaurus_","Spinosaurus_.11"
"54","Suchomimus","Suchomimus.1"
"55","Suchomimus","Suchomimus.2"
"56","Suchomimus","Suchomimus.3"
"57","Baryonyx","Baryonyx.1"
"58","Baryonyx","Baryonyx.2"
"59","Baryonyx","Baryonyx.3"
 
* Phylo tree and the main data and strata files have been modified to include duplicated taxa before the scaled random trees are generated.
* Selected categorical labels column: diving.or.not
* diving.or.equal column is identical to Diving column.
* Regression excludes flying taxa.
* Diving labels that are present in regression: 0,2
* lambda (calculated from a random tree) = : 0.12
* index-name alignment check: OK
