Logfile for a session of program: bootstrap_binary.r
-----------------------------------------------------
INPUT:
workDir: C:/dino_nature/output/2023-11-07-D1\bs/set_1604
Nbootstrapsets: 2000
phyloFDAfile: c:/dino_nature/code/phylo.fda.R
auxFile: c:/dino_nature/code/auxiliary.r
boneType: femur
regressionData.file: C:/dino_nature/output/2023-11-07-D1\bs/set_1604/femur_set_1604.csv
applyDataFilter: FALSE
addTreeTips: TRUE
Ntrees: 100
calculateTrees: TRUE
saveTrees: FALSE


OPERATIONAL CHECKS:
* Regression data contains multiple copies of some taxa (user added variants of existing test taxa 
   or replacements due to bootstrap are present) which are not in the phylo tree:
     original taxon,   duplicate   
"1","Procyon_lotor","Procyon_lotor.1"
"2","Okapia_johnstoni","Okapia_johnstoni.1"
"3","Capreolus_capreolus","Capreolus_capreolus.1"
"4","Procyon_lotor","Procyon_lotor.2"
"5","Capreolus_capreolus","Capreolus_capreolus.2"
"6","Capreolus_capreolus","Capreolus_capreolus.3"
"7","Apteryx_owenii_","Apteryx_owenii_.1"
"8","Vulpes_vulpes","Vulpes_vulpes.1"
"9","Vulpes_vulpes","Vulpes_vulpes.2"
"10","Bos_taurus","Bos_taurus.1"
"11","Ceratotherium_simum","Ceratotherium_simum.1"
"12","Cephalophus_silvicultor","Cephalophus_silvicultor.1"
"13","Apteryx_owenii_","Apteryx_owenii_.2"
"14","Megaloceros_sp","Megaloceros_sp.1"
"15","Monodelphis_domestica","Monodelphis_domestica.1"
"16","Vulpes_vulpes","Vulpes_vulpes.3"
"17","Vulpes_vulpes","Vulpes_vulpes.4"
"18","Lacerta_viridis","Lacerta_viridis.1"
"19","Euroscaptor_micrura","Euroscaptor_micrura.1"
"20","Rynochetus_jubatus","Rynochetus_jubatus.1"
"21","Placondontia_indet","Placondontia_indet.1"
"22","Placondontia_indet","Placondontia_indet.2"
"23","Plesiosaurus","Plesiosaurus.1"
"24","Hesperornis","Hesperornis.1"
"25","Desmana_moschata","Desmana_moschata.1"
"26","Plesiosaurus","Plesiosaurus.2"
"27","Hippopotamus_amphibius","Hippopotamus_amphibius.1"
"28","Rodhocetus","Rodhocetus.1"
"29","Nanophoca_vitulinoides","Nanophoca_vitulinoides.1"
"30","Rodhocetus","Rodhocetus.2"
"31","Desmana_moschata","Desmana_moschata.2"
"32","Basilosaurus","Basilosaurus.1"
"33","Rhaeticosaurus","Rhaeticosaurus.1"
"34","Alligator","Alligator.1"
"35","Metryorhynchus","Metryorhynchus.1"
"36","Maiacetus","Maiacetus.1"
"37","Hesperornis","Hesperornis.2"
"38","Metryorhynchus","Metryorhynchus.2"
"39","large_eocene_stem_penguin","large_eocene_stem_penguin.1"
"40","Placondontia_indet","Placondontia_indet.3"
"41","Nothosaurus_mirabilis","Nothosaurus_mirabilis.1"
"42","Spinosaurus_","Spinosaurus_.1"
"43","Spinosaurus_","Spinosaurus_.2"
"44","Spinosaurus_","Spinosaurus_.3"
"45","Spinosaurus_","Spinosaurus_.4"
"46","Spinosaurus_","Spinosaurus_.5"
"47","Spinosaurus_","Spinosaurus_.6"
"48","Spinosaurus_","Spinosaurus_.7"
"49","Spinosaurus_","Spinosaurus_.8"
"50","Spinosaurus_","Spinosaurus_.9"
"51","Spinosaurus_","Spinosaurus_.10"
"52","Spinosaurus_","Spinosaurus_.11"
"53","Suchomimus","Suchomimus.1"
"54","Suchomimus","Suchomimus.2"
"55","Suchomimus","Suchomimus.3"
"56","Baryonyx","Baryonyx.1"
"57","Baryonyx","Baryonyx.2"
"58","Baryonyx","Baryonyx.3"
 
* Phylo tree and the main data and strata files have been modified to include duplicated taxa before the scaled random trees are generated.
* Selected categorical labels column: diving.or.not
* diving.or.equal column is identical to Diving column.
* Regression excludes flying taxa.
* Diving labels that are present in regression: 0,2
* lambda (calculated from a random tree) = : 0.07
* index-name alignment check: OK
