Logfile for a session of program: bootstrap_binary.r
-----------------------------------------------------
INPUT:
workDir: C:/dino_nature/output/2023-11-07-D1\bs/set_106
Nbootstrapsets: 2000
phyloFDAfile: c:/dino_nature/code/phylo.fda.R
auxFile: c:/dino_nature/code/auxiliary.r
boneType: femur
regressionData.file: C:/dino_nature/output/2023-11-07-D1\bs/set_106/femur_set_106.csv
applyDataFilter: FALSE
addTreeTips: TRUE
Ntrees: 100
calculateTrees: TRUE
saveTrees: FALSE


OPERATIONAL CHECKS:
* Regression data contains multiple copies of some taxa (user added variants of existing test taxa 
   or replacements due to bootstrap are present) which are not in the phylo tree:
     original taxon,   duplicate   
"1","Monodelphis_domestica","Monodelphis_domestica.1"
"2","Monodelphis_domestica","Monodelphis_domestica.2"
"3","Tribonyx_mortieri","Tribonyx_mortieri.1"
"4","Uncia_uncia","Uncia_uncia.1"
"5","Mus_musculus","Mus_musculus.1"
"6","Uncia_uncia","Uncia_uncia.2"
"7","Syncerus_caffer","Syncerus_caffer.1"
"8","Sphenodon_punctatus","Sphenodon_punctatus.1"
"9","Dromaius_","Dromaius_.1"
"10","Rynochetus_jubatus","Rynochetus_jubatus.1"
"11","Elephas_maximus","Elephas_maximus.1"
"12","Elephas_maximus","Elephas_maximus.2"
"13","Sphenodon_punctatus","Sphenodon_punctatus.2"
"14","Rhinoceros_sondaicus","Rhinoceros_sondaicus.1"
"15","Bison_bonasus","Bison_bonasus.1"
"16","Porphyrio_hochstetteri","Porphyrio_hochstetteri.1"
"17","Pogona_viceps","Pogona_viceps.1"
"18","Hesperornis","Hesperornis.1"
"19","Dyrosaurid","Dyrosaurid.1"
"20","Cryptoclidus","Cryptoclidus.1"
"21","Dyrosaurid","Dyrosaurid.2"
"22","Aptenodytes______","Aptenodytes______.1"
"23","Tapirus_terrestris","Tapirus_terrestris.1"
"24","Placondontia_indet","Placondontia_indet.1"
"25","Otaria_byronia","Otaria_byronia.1"
"26","Placondontia_indet","Placondontia_indet.2"
"27","Aptenodytes______","Aptenodytes______.2"
"28","Psephoderma","Psephoderma.1"
"29","Desmostylus_hesperus","Desmostylus_hesperus.1"
"30","Choeropsis_liberiensis","Choeropsis_liberiensis.1"
"31","Anarosaurus","Anarosaurus.1"
"32","Protochampsidae","Protochampsidae.1"
"33","Nothosaurus_giganteus","Nothosaurus_giganteus.1"
"34","Nothosaurus_giganteus","Nothosaurus_giganteus.2"
"35","Neusticosaurus","Neusticosaurus.1"
"36","Desmostylus_hesperus","Desmostylus_hesperus.2"
"37","Nothosaurus_mirabilis_1","Nothosaurus_mirabilis_1.1"
"38","Anarosaurus","Anarosaurus.2"
"39","Ichtyosaurus_","Ichtyosaurus_.1"
"40","Spinosaurus_","Spinosaurus_.1"
"41","Spinosaurus_","Spinosaurus_.2"
"42","Spinosaurus_","Spinosaurus_.3"
"43","Spinosaurus_","Spinosaurus_.4"
"44","Spinosaurus_","Spinosaurus_.5"
"45","Spinosaurus_","Spinosaurus_.6"
"46","Spinosaurus_","Spinosaurus_.7"
"47","Spinosaurus_","Spinosaurus_.8"
"48","Spinosaurus_","Spinosaurus_.9"
"49","Spinosaurus_","Spinosaurus_.10"
"50","Spinosaurus_","Spinosaurus_.11"
"51","Suchomimus","Suchomimus.1"
"52","Suchomimus","Suchomimus.2"
"53","Suchomimus","Suchomimus.3"
"54","Baryonyx","Baryonyx.1"
"55","Baryonyx","Baryonyx.2"
"56","Baryonyx","Baryonyx.3"
 
* Phylo tree and the main data and strata files have been modified to include duplicated taxa before the scaled random trees are generated.
* Selected categorical labels column: diving.or.not
* diving.or.equal column is identical to Diving column.
* Regression excludes flying taxa.
* Diving labels that are present in regression: 0,2
* lambda (calculated from a random tree) = : 0.12
* index-name alignment check: OK
