Logfile for a session of program: bootstrap_binary.r
-----------------------------------------------------
INPUT:
workDir: C:/dino_nature/output/2023-11-07-D1\bs/set_1046
Nbootstrapsets: 2000
phyloFDAfile: c:/dino_nature/code/phylo.fda.R
auxFile: c:/dino_nature/code/auxiliary.r
boneType: femur
regressionData.file: C:/dino_nature/output/2023-11-07-D1\bs/set_1046/femur_set_1046.csv
applyDataFilter: FALSE
addTreeTips: TRUE
Ntrees: 100
calculateTrees: TRUE
saveTrees: FALSE


OPERATIONAL CHECKS:
* Regression data contains multiple copies of some taxa (user added variants of existing test taxa 
   or replacements due to bootstrap are present) which are not in the phylo tree:
     original taxon,   duplicate   
"1","Diplomesodon_pulchellum","Diplomesodon_pulchellum.1"
"2","Diplomesodon_pulchellum","Diplomesodon_pulchellum.2"
"3","Tenrec_ecaudatus","Tenrec_ecaudatus.1"
"4","Megaloceros_sp","Megaloceros_sp.1"
"5","Nyctereutes_procyonoides","Nyctereutes_procyonoides.1"
"6","Taxidea_taxus","Taxidea_taxus.1"
"7","Bison_bonasus","Bison_bonasus.1"
"8","Elomeryx_borbonicus_","Elomeryx_borbonicus_.1"
"9","Syncerus_caffer","Syncerus_caffer.1"
"10","Mus_musculus","Mus_musculus.1"
"11","Hemiechinus_azurites","Hemiechinus_azurites.1"
"12","Elomeryx_borbonicus_","Elomeryx_borbonicus_.2"
"13","Raphus","Raphus.1"
"14","Monodelphis_domestica","Monodelphis_domestica.1"
"15","Bison_bonasus","Bison_bonasus.2"
"16","Porphyrio_hochstetteri","Porphyrio_hochstetteri.1"
"17","Hemiechinus_azurites","Hemiechinus_azurites.2"
"18","Elephas_maximus","Elephas_maximus.1"
"19","Loxodonta_africana","Loxodonta_africana.1"
"20","Bison_bonasus","Bison_bonasus.3"
"21","Uncia_uncia","Uncia_uncia.1"
"22","Syncerus_caffer","Syncerus_caffer.2"
"23","Nothosaurus_150","Nothosaurus_150.1"
"24","Nothosaurus_150","Nothosaurus_150.2"
"25","Placodontia_indet_1","Placodontia_indet_1.1"
"26","Neusticosaurus","Neusticosaurus.1"
"27","Cricosaurus","Cricosaurus.1"
"28","Placodontia_indet_1","Placodontia_indet_1.2"
"29","Protochampsidae","Protochampsidae.1"
"30","Ornithorhynchus_anatinus","Ornithorhynchus_anatinus.1"
"31","Hesperornis","Hesperornis.1"
"32","Choeropsis_liberiensis","Choeropsis_liberiensis.1"
"33","Ichtyosaur_sp","Ichtyosaur_sp.1"
"34","Cricosaurus","Cricosaurus.2"
"35","Nothosaurus_150","Nothosaurus_150.3"
"36","Cricosaurus","Cricosaurus.3"
"37","Desmostylus_hesperus","Desmostylus_hesperus.1"
"38","Remingtonocetus","Remingtonocetus.1"
"39","Ornithorhynchus_anatinus","Ornithorhynchus_anatinus.2"
"40","Metryorhynchus","Metryorhynchus.1"
"41","Nothosaurus_568","Nothosaurus_568.1"
"42","Paraplacodus","Paraplacodus.1"
"43","Choeropsis_liberiensis","Choeropsis_liberiensis.2"
"44","Placodontia_indet_1","Placodontia_indet_1.3"
"45","Spinosaurus_","Spinosaurus_.1"
"46","Spinosaurus_","Spinosaurus_.2"
"47","Spinosaurus_","Spinosaurus_.3"
"48","Spinosaurus_","Spinosaurus_.4"
"49","Spinosaurus_","Spinosaurus_.5"
"50","Spinosaurus_","Spinosaurus_.6"
"51","Spinosaurus_","Spinosaurus_.7"
"52","Spinosaurus_","Spinosaurus_.8"
"53","Spinosaurus_","Spinosaurus_.9"
"54","Spinosaurus_","Spinosaurus_.10"
"55","Spinosaurus_","Spinosaurus_.11"
"56","Suchomimus","Suchomimus.1"
"57","Suchomimus","Suchomimus.2"
"58","Suchomimus","Suchomimus.3"
"59","Baryonyx","Baryonyx.1"
"60","Baryonyx","Baryonyx.2"
"61","Baryonyx","Baryonyx.3"
 
* Phylo tree and the main data and strata files have been modified to include duplicated taxa before the scaled random trees are generated.
* Selected categorical labels column: diving.or.not
* diving.or.equal column is identical to Diving column.
* Regression excludes flying taxa.
* Diving labels that are present in regression: 0,2
* lambda (calculated from a random tree) = : 0.11
* index-name alignment check: OK
