Logfile for a session of program: bootstrap_binary.r
-----------------------------------------------------
INPUT:
workDir: C:/dino_nature/output/2023-11-07-D1\bs/set_910
Nbootstrapsets: 2000
phyloFDAfile: c:/dino_nature/code/phylo.fda.R
auxFile: c:/dino_nature/code/auxiliary.r
boneType: femur
regressionData.file: C:/dino_nature/output/2023-11-07-D1\bs/set_910/femur_set_910.csv
applyDataFilter: FALSE
addTreeTips: TRUE
Ntrees: 100
calculateTrees: TRUE
saveTrees: FALSE


OPERATIONAL CHECKS:
* Regression data contains multiple copies of some taxa (user added variants of existing test taxa 
   or replacements due to bootstrap are present) which are not in the phylo tree:
     original taxon,   duplicate   
"1","Dromaius_","Dromaius_.1"
"2","Atlantisia_rogersi","Atlantisia_rogersi.1"
"3","Megaloceros_sp","Megaloceros_sp.1"
"4","Microgale_thomasi","Microgale_thomasi.1"
"5","Lacerta_viridis","Lacerta_viridis.1"
"6","Loxodonta_africana","Loxodonta_africana.1"
"7","Syncerus_caffer","Syncerus_caffer.1"
"8","Dromaius_","Dromaius_.2"
"9","Nyctereutes_procyonoides","Nyctereutes_procyonoides.1"
"10","Bison_bonasus","Bison_bonasus.1"
"11","Euroscaptor_micrura","Euroscaptor_micrura.1"
"12","Uncia_uncia","Uncia_uncia.1"
"13","Apteryx_owenii_","Apteryx_owenii_.1"
"14","Sus_scrofa","Sus_scrofa.1"
"15","Microgale_thomasi","Microgale_thomasi.2"
"16","Caloenas_nicobarica","Caloenas_nicobarica.1"
"17","Syncerus_caffer","Syncerus_caffer.2"
"18","Sphenodon_punctatus","Sphenodon_punctatus.1"
"19","Syncerus_caffer","Syncerus_caffer.3"
"20","Megaloceros_sp","Megaloceros_sp.2"
"21","Bos_taurus","Bos_taurus.1"
"22","Dromaius_","Dromaius_.3"
"23","Tribonyx_mortieri","Tribonyx_mortieri.1"
"24","Rupicapra_rupicapra","Rupicapra_rupicapra.1"
"25","Microgale_thomasi","Microgale_thomasi.3"
"26","Indohyus","Indohyus.1"
"27","Champsosaurus","Champsosaurus.1"
"28","Noemys_fodies","Noemys_fodies.1"
"29","Paraplacodus","Paraplacodus.1"
"30","Chapsosaurus_","Chapsosaurus_.1"
"31","Paraplacodus","Paraplacodus.2"
"32","Indohyus","Indohyus.2"
"33","Paraplacodus","Paraplacodus.3"
"34","Lutra_vulgaris","Lutra_vulgaris.1"
"35","Placondontia_indet","Placondontia_indet.1"
"36","Remingtonocetus","Remingtonocetus.1"
"37","Noemys_fodies","Noemys_fodies.2"
"38","Maiacetus","Maiacetus.1"
"39","Chapsosaurus_","Chapsosaurus_.2"
"40","Nothosaurus_102","Nothosaurus_102.1"
"41","Castor_fiber","Castor_fiber.1"
"42","Rhaeticosaurus","Rhaeticosaurus.1"
"43","Noemys_fodies","Noemys_fodies.3"
"44","Chironectes_minimus","Chironectes_minimus.1"
"45","Spinosaurus_","Spinosaurus_.1"
"46","Spinosaurus_","Spinosaurus_.2"
"47","Spinosaurus_","Spinosaurus_.3"
"48","Spinosaurus_","Spinosaurus_.4"
"49","Spinosaurus_","Spinosaurus_.5"
"50","Spinosaurus_","Spinosaurus_.6"
"51","Spinosaurus_","Spinosaurus_.7"
"52","Spinosaurus_","Spinosaurus_.8"
"53","Spinosaurus_","Spinosaurus_.9"
"54","Spinosaurus_","Spinosaurus_.10"
"55","Spinosaurus_","Spinosaurus_.11"
"56","Suchomimus","Suchomimus.1"
"57","Suchomimus","Suchomimus.2"
"58","Suchomimus","Suchomimus.3"
"59","Baryonyx","Baryonyx.1"
"60","Baryonyx","Baryonyx.2"
"61","Baryonyx","Baryonyx.3"
 
* Phylo tree and the main data and strata files have been modified to include duplicated taxa before the scaled random trees are generated.
* Selected categorical labels column: diving.or.not
* diving.or.equal column is identical to Diving column.
* Regression excludes flying taxa.
* Diving labels that are present in regression: 0,2
* lambda (calculated from a random tree) = : 0.05
* index-name alignment check: OK
