Logfile for a session of program: bootstrap_binary.r
-----------------------------------------------------
INPUT:
workDir: C:/dino_nature/output/2023-11-07-D1\bs/set_316
Nbootstrapsets: 2000
phyloFDAfile: c:/dino_nature/code/phylo.fda.R
auxFile: c:/dino_nature/code/auxiliary.r
boneType: femur
regressionData.file: C:/dino_nature/output/2023-11-07-D1\bs/set_316/femur_set_316.csv
applyDataFilter: FALSE
addTreeTips: TRUE
Ntrees: 100
calculateTrees: TRUE
saveTrees: FALSE


OPERATIONAL CHECKS:
* Regression data contains multiple copies of some taxa (user added variants of existing test taxa 
   or replacements due to bootstrap are present) which are not in the phylo tree:
     original taxon,   duplicate   
"1","Sphenodon_punctatus","Sphenodon_punctatus.1"
"2","Rattus_rattus","Rattus_rattus.1"
"3","Euroscaptor_micrura","Euroscaptor_micrura.1"
"4","Porphyrio_hochstetteri","Porphyrio_hochstetteri.1"
"5","Diplomesodon_pulchellum","Diplomesodon_pulchellum.1"
"6","Rynochetus_jubatus","Rynochetus_jubatus.1"
"7","Paguma_larvata","Paguma_larvata.1"
"8","Rynochetus_jubatus","Rynochetus_jubatus.2"
"9","Diplomesodon_pulchellum","Diplomesodon_pulchellum.2"
"10","Rynochetus_jubatus","Rynochetus_jubatus.3"
"11","Felis_felis","Felis_felis.1"
"12","Tribonyx_mortieri","Tribonyx_mortieri.1"
"13","Vulpes_vulpes","Vulpes_vulpes.1"
"14","Raphus","Raphus.1"
"15","Felis_felis","Felis_felis.2"
"16","Okapia_johnstoni","Okapia_johnstoni.1"
"17","Lacerta_viridis","Lacerta_viridis.1"
"18","Rangifer_tarandus","Rangifer_tarandus.1"
"19","Rhynchocyon_petersi","Rhynchocyon_petersi.1"
"20","Felis_felis","Felis_felis.3"
"21","Strigiops_habroptilus","Strigiops_habroptilus.1"
"22","Uncia_uncia","Uncia_uncia.1"
"23","Xenicus_giliventris","Xenicus_giliventris.1"
"24","Mustela_nivalis","Mustela_nivalis.1"
"25","Bos_taurus","Bos_taurus.1"
"26","Tribonyx_mortieri","Tribonyx_mortieri.2"
"27","Alligator","Alligator.1"
"28","Placondontia_indet","Placondontia_indet.1"
"29","Simosaurus_1","Simosaurus_1.1"
"30","Hydromys_chrysogaster","Hydromys_chrysogaster.1"
"31","Metryorhynchus","Metryorhynchus.1"
"32","Aptenodytes______","Aptenodytes______.1"
"33","large_eocene_stem_penguin","large_eocene_stem_penguin.1"
"34","Neusticosaurus","Neusticosaurus.1"
"35","Simosaurus_1","Simosaurus_1.2"
"36","Otaria_byronia","Otaria_byronia.1"
"37","Rodhocetus","Rodhocetus.1"
"38","Hesperornis","Hesperornis.1"
"39","Nothosaurus_102","Nothosaurus_102.1"
"40","Psephoderma","Psephoderma.1"
"41","Small_Eocene_penguin","Small_Eocene_penguin.1"
"42","Small_Eocene_penguin","Small_Eocene_penguin.2"
"43","Plesiosaurus","Plesiosaurus.1"
"44","Simosaurus","Simosaurus.1"
"45","Plesiosaurus","Plesiosaurus.2"
"46","Spinosaurus_","Spinosaurus_.1"
"47","Spinosaurus_","Spinosaurus_.2"
"48","Spinosaurus_","Spinosaurus_.3"
"49","Spinosaurus_","Spinosaurus_.4"
"50","Spinosaurus_","Spinosaurus_.5"
"51","Spinosaurus_","Spinosaurus_.6"
"52","Spinosaurus_","Spinosaurus_.7"
"53","Spinosaurus_","Spinosaurus_.8"
"54","Spinosaurus_","Spinosaurus_.9"
"55","Spinosaurus_","Spinosaurus_.10"
"56","Spinosaurus_","Spinosaurus_.11"
"57","Suchomimus","Suchomimus.1"
"58","Suchomimus","Suchomimus.2"
"59","Suchomimus","Suchomimus.3"
"60","Baryonyx","Baryonyx.1"
"61","Baryonyx","Baryonyx.2"
"62","Baryonyx","Baryonyx.3"
 
* Phylo tree and the main data and strata files have been modified to include duplicated taxa before the scaled random trees are generated.
* Selected categorical labels column: diving.or.not
* diving.or.equal column is identical to Diving column.
* Regression excludes flying taxa.
* Diving labels that are present in regression: 0,2
* lambda (calculated from a random tree) = : 0.07
* index-name alignment check: OK
