Logfile for a session of program: bootstrap_binary.r
-----------------------------------------------------
INPUT:
workDir: C:/dino_nature/output/2023-11-07-D1\bs/set_623
Nbootstrapsets: 2000
phyloFDAfile: c:/dino_nature/code/phylo.fda.R
auxFile: c:/dino_nature/code/auxiliary.r
boneType: femur
regressionData.file: C:/dino_nature/output/2023-11-07-D1\bs/set_623/femur_set_623.csv
applyDataFilter: FALSE
addTreeTips: TRUE
Ntrees: 100
calculateTrees: TRUE
saveTrees: FALSE


OPERATIONAL CHECKS:
* Regression data contains multiple copies of some taxa (user added variants of existing test taxa 
   or replacements due to bootstrap are present) which are not in the phylo tree:
     original taxon,   duplicate   
"1","Diplomesodon_pulchellum","Diplomesodon_pulchellum.1"
"2","Tenrec_ecaudatus","Tenrec_ecaudatus.1"
"3","Okapia_johnstoni","Okapia_johnstoni.1"
"4","Okapia_johnstoni","Okapia_johnstoni.2"
"5","Strigiops_habroptilus","Strigiops_habroptilus.1"
"6","Strigiops_habroptilus","Strigiops_habroptilus.2"
"7","Mustela_nivalis","Mustela_nivalis.1"
"8","Microgale_thomasi","Microgale_thomasi.1"
"9","Felis_felis","Felis_felis.1"
"10","Atlantisia_rogersi","Atlantisia_rogersi.1"
"11","Ceratotherium_simum","Ceratotherium_simum.1"
"12","Myrmecophaga_tridactyla","Myrmecophaga_tridactyla.1"
"13","Ceratotherium_simum","Ceratotherium_simum.2"
"14","Tenrec_ecaudatus","Tenrec_ecaudatus.2"
"15","Rynochetus_jubatus","Rynochetus_jubatus.1"
"16","Mustela_nivalis","Mustela_nivalis.2"
"17","Microgale_thomasi","Microgale_thomasi.2"
"18","Monodelphis_domestica","Monodelphis_domestica.1"
"19","Apteryx_owenii_","Apteryx_owenii_.1"
"20","Strigiops_habroptilus","Strigiops_habroptilus.3"
"21","Megaloceros_sp","Megaloceros_sp.1"
"22","Brachyodus_onoideum","Brachyodus_onoideum.1"
"23","Leptophoca_proxima","Leptophoca_proxima.1"
"24","Pistosaurus","Pistosaurus.1"
"25","Alligator","Alligator.1"
"26","Protochampsidae","Protochampsidae.1"
"27","Neusticosaurus","Neusticosaurus.1"
"28","Plesiosaurus","Plesiosaurus.1"
"29","Protochampsidae","Protochampsidae.2"
"30","Choeropsis_liberiensis","Choeropsis_liberiensis.1"
"31","Hippopotamus_amphibius","Hippopotamus_amphibius.1"
"32","Aptenodytes______","Aptenodytes______.1"
"33","Neusticosaurus","Neusticosaurus.2"
"34","Simosaurus","Simosaurus.1"
"35","Champsosaurus","Champsosaurus.1"
"36","Ornithorhynchus_anatinus","Ornithorhynchus_anatinus.1"
"37","Palaeospheniscus","Palaeospheniscus.1"
"38","Champsosaurus","Champsosaurus.2"
"39","Psephoderma","Psephoderma.1"
"40","Rodhocetus","Rodhocetus.1"
"41","Chironectes_minimus","Chironectes_minimus.1"
"42","Spinosaurus_","Spinosaurus_.1"
"43","Spinosaurus_","Spinosaurus_.2"
"44","Spinosaurus_","Spinosaurus_.3"
"45","Spinosaurus_","Spinosaurus_.4"
"46","Spinosaurus_","Spinosaurus_.5"
"47","Spinosaurus_","Spinosaurus_.6"
"48","Spinosaurus_","Spinosaurus_.7"
"49","Spinosaurus_","Spinosaurus_.8"
"50","Spinosaurus_","Spinosaurus_.9"
"51","Spinosaurus_","Spinosaurus_.10"
"52","Spinosaurus_","Spinosaurus_.11"
"53","Suchomimus","Suchomimus.1"
"54","Suchomimus","Suchomimus.2"
"55","Suchomimus","Suchomimus.3"
"56","Baryonyx","Baryonyx.1"
"57","Baryonyx","Baryonyx.2"
"58","Baryonyx","Baryonyx.3"
 
* Phylo tree and the main data and strata files have been modified to include duplicated taxa before the scaled random trees are generated.
* Selected categorical labels column: diving.or.not
* diving.or.equal column is identical to Diving column.
* Regression excludes flying taxa.
* Diving labels that are present in regression: 0,2
* lambda (calculated from a random tree) = : 0.12
* index-name alignment check: OK
