Logfile for a session of program: bootstrap_binary.r
-----------------------------------------------------
INPUT:
workDir: C:/dino_nature/output/2023-11-07-D1\bs/set_1841
Nbootstrapsets: 2000
phyloFDAfile: c:/dino_nature/code/phylo.fda.R
auxFile: c:/dino_nature/code/auxiliary.r
boneType: femur
regressionData.file: C:/dino_nature/output/2023-11-07-D1\bs/set_1841/femur_set_1841.csv
applyDataFilter: FALSE
addTreeTips: TRUE
Ntrees: 100
calculateTrees: TRUE
saveTrees: FALSE


OPERATIONAL CHECKS:
* Regression data contains multiple copies of some taxa (user added variants of existing test taxa 
   or replacements due to bootstrap are present) which are not in the phylo tree:
     original taxon,   duplicate   
"1","Felis_felis","Felis_felis.1"
"2","Elomeryx_borbonicus_","Elomeryx_borbonicus_.1"
"3","Paguma_larvata","Paguma_larvata.1"
"4","Myrmecophaga_tridactyla","Myrmecophaga_tridactyla.1"
"5","Loxodonta_africana","Loxodonta_africana.1"
"6","Loxodonta_africana","Loxodonta_africana.2"
"7","Mus_musculus","Mus_musculus.1"
"8","Megaloceros_sp","Megaloceros_sp.1"
"9","Rattus_rattus","Rattus_rattus.1"
"10","Paguma_larvata","Paguma_larvata.2"
"11","Atlantisia_rogersi","Atlantisia_rogersi.1"
"12","Alces_americanus","Alces_americanus.1"
"13","Xenicus_giliventris","Xenicus_giliventris.1"
"14","Rattus_rattus","Rattus_rattus.2"
"15","Hemiechinus_azurites","Hemiechinus_azurites.1"
"16","Alces_americanus","Alces_americanus.2"
"17","Taxidea_taxus","Taxidea_taxus.1"
"18","Elomeryx_borbonicus_","Elomeryx_borbonicus_.2"
"19","Elomeryx_borbonicus_","Elomeryx_borbonicus_.3"
"20","Paguma_larvata","Paguma_larvata.3"
"21","Elomeryx_borbonicus_","Elomeryx_borbonicus_.4"
"22","Diplomesodon_pulchellum","Diplomesodon_pulchellum.1"
"23","Procavia_capensis","Procavia_capensis.1"
"24","Elomeryx_borbonicus_","Elomeryx_borbonicus_.5"
"25","Callophoca_obscura","Callophoca_obscura.1"
"26","Indohyus","Indohyus.1"
"27","Nothosaurus_giganteus","Nothosaurus_giganteus.1"
"28","Basilosaurus","Basilosaurus.1"
"29","Otaria_byronia","Otaria_byronia.1"
"30","Noemys_fodies","Noemys_fodies.1"
"31","Aptenodytes______","Aptenodytes______.1"
"32","Spheniscus","Spheniscus.1"
"33","Callophoca_obscura","Callophoca_obscura.2"
"34","Neusticosaurus","Neusticosaurus.1"
"35","Nanophoca_vitulinoides","Nanophoca_vitulinoides.1"
"36","Hesperornis","Hesperornis.1"
"37","Metryorhynchus","Metryorhynchus.1"
"38","Ichtyosaur_sp","Ichtyosaur_sp.1"
"39","Paraplacodus","Paraplacodus.1"
"40","Indohyus","Indohyus.2"
"41","Noemys_fodies","Noemys_fodies.2"
"42","Psephoderma","Psephoderma.1"
"43","Tapirus_terrestris","Tapirus_terrestris.1"
"44","Aptenodytes______","Aptenodytes______.2"
"45","Basilosaurus","Basilosaurus.2"
"46","Placodontia_indet_1","Placodontia_indet_1.1"
"47","Simosaurus","Simosaurus.1"
"48","Aptenodytes______","Aptenodytes______.3"
"49","Leptophoca_proxima","Leptophoca_proxima.1"
"50","Nothosaurus_mirabilis_1","Nothosaurus_mirabilis_1.1"
"51","Spinosaurus_","Spinosaurus_.1"
"52","Spinosaurus_","Spinosaurus_.2"
"53","Spinosaurus_","Spinosaurus_.3"
"54","Spinosaurus_","Spinosaurus_.4"
"55","Spinosaurus_","Spinosaurus_.5"
"56","Spinosaurus_","Spinosaurus_.6"
"57","Spinosaurus_","Spinosaurus_.7"
"58","Spinosaurus_","Spinosaurus_.8"
"59","Spinosaurus_","Spinosaurus_.9"
"60","Spinosaurus_","Spinosaurus_.10"
"61","Spinosaurus_","Spinosaurus_.11"
"62","Suchomimus","Suchomimus.1"
"63","Suchomimus","Suchomimus.2"
"64","Suchomimus","Suchomimus.3"
"65","Baryonyx","Baryonyx.1"
"66","Baryonyx","Baryonyx.2"
"67","Baryonyx","Baryonyx.3"
 
* Phylo tree and the main data and strata files have been modified to include duplicated taxa before the scaled random trees are generated.
* Selected categorical labels column: diving.or.not
* diving.or.equal column is identical to Diving column.
* Regression excludes flying taxa.
* Diving labels that are present in regression: 0,2
* lambda (calculated from a random tree) = : 0.1
* index-name alignment check: OK
