Logfile for a session of program: bootstrap_binary.r
-----------------------------------------------------
INPUT:
workDir: C:/dino_nature/output/2023-11-07-D1\bs/set_641
Nbootstrapsets: 2000
phyloFDAfile: c:/dino_nature/code/phylo.fda.R
auxFile: c:/dino_nature/code/auxiliary.r
boneType: femur
regressionData.file: C:/dino_nature/output/2023-11-07-D1\bs/set_641/femur_set_641.csv
applyDataFilter: FALSE
addTreeTips: TRUE
Ntrees: 100
calculateTrees: TRUE
saveTrees: FALSE


OPERATIONAL CHECKS:
* Regression data contains multiple copies of some taxa (user added variants of existing test taxa 
   or replacements due to bootstrap are present) which are not in the phylo tree:
     original taxon,   duplicate   
"1","Elomeryx_borbonicus_","Elomeryx_borbonicus_.1"
"2","Uncia_uncia","Uncia_uncia.1"
"3","Bos_taurus","Bos_taurus.1"
"4","Diplomesodon_pulchellum","Diplomesodon_pulchellum.1"
"5","Hemiechinus_azurites","Hemiechinus_azurites.1"
"6","Paguma_larvata","Paguma_larvata.1"
"7","Tamandua_tetradactyla","Tamandua_tetradactyla.1"
"8","Pogona_viceps","Pogona_viceps.1"
"9","Hemiechinus_azurites","Hemiechinus_azurites.2"
"10","Dromaius_","Dromaius_.1"
"11","Taxidea_taxus","Taxidea_taxus.1"
"12","Rynochetus_jubatus","Rynochetus_jubatus.1"
"13","Paguma_larvata","Paguma_larvata.2"
"14","Hemiechinus_azurites","Hemiechinus_azurites.3"
"15","Lacerta_viridis","Lacerta_viridis.1"
"16","Elephas_maximus","Elephas_maximus.1"
"17","Okapia_johnstoni","Okapia_johnstoni.1"
"18","Sphenodon_punctatus","Sphenodon_punctatus.1"
"19","Mustela_nivalis","Mustela_nivalis.1"
"20","Felis_felis","Felis_felis.1"
"21","Bos_taurus","Bos_taurus.2"
"22","Atlantisia_rogersi","Atlantisia_rogersi.1"
"23","Tamandua_tetradactyla","Tamandua_tetradactyla.2"
"24","Elephas_maximus","Elephas_maximus.2"
"25","Dromaius_","Dromaius_.2"
"26","Paguma_larvata","Paguma_larvata.3"
"27","Mustela_nivalis","Mustela_nivalis.2"
"28","Aptenodytes______","Aptenodytes______.1"
"29","Simosaurus_1","Simosaurus_1.1"
"30","Desmana_moschata","Desmana_moschata.1"
"31","Desmana_moschata","Desmana_moschata.2"
"32","Palaeospheniscus","Palaeospheniscus.1"
"33","Placodontia_indet_1","Placodontia_indet_1.1"
"34","Noemys_fodies","Noemys_fodies.1"
"35","Hippopotamus_amphibius","Hippopotamus_amphibius.1"
"36","Hippopotamus_amphibius","Hippopotamus_amphibius.2"
"37","Ichtyosaurus_","Ichtyosaurus_.1"
"38","Plesiosaurus","Plesiosaurus.1"
"39","Ichtyosaurus_","Ichtyosaurus_.2"
"40","Basilosaurus","Basilosaurus.1"
"41","Neusticosaurus","Neusticosaurus.1"
"42","Otaria_byronia","Otaria_byronia.1"
"43","large_eocene_stem_penguin","large_eocene_stem_penguin.1"
"44","Nanophoca_vitulinoides","Nanophoca_vitulinoides.1"
"45","Ornithorhynchus_anatinus","Ornithorhynchus_anatinus.1"
"46","large_eocene_stem_penguin","large_eocene_stem_penguin.2"
"47","Palaeospheniscus","Palaeospheniscus.2"
"48","Chapsosaurus_","Chapsosaurus_.1"
"49","Nothosaurus_giganteus","Nothosaurus_giganteus.1"
"50","Spinosaurus_","Spinosaurus_.1"
"51","Spinosaurus_","Spinosaurus_.2"
"52","Spinosaurus_","Spinosaurus_.3"
"53","Spinosaurus_","Spinosaurus_.4"
"54","Spinosaurus_","Spinosaurus_.5"
"55","Spinosaurus_","Spinosaurus_.6"
"56","Spinosaurus_","Spinosaurus_.7"
"57","Spinosaurus_","Spinosaurus_.8"
"58","Spinosaurus_","Spinosaurus_.9"
"59","Spinosaurus_","Spinosaurus_.10"
"60","Spinosaurus_","Spinosaurus_.11"
"61","Suchomimus","Suchomimus.1"
"62","Suchomimus","Suchomimus.2"
"63","Suchomimus","Suchomimus.3"
"64","Baryonyx","Baryonyx.1"
"65","Baryonyx","Baryonyx.2"
"66","Baryonyx","Baryonyx.3"
 
* Phylo tree and the main data and strata files have been modified to include duplicated taxa before the scaled random trees are generated.
* Selected categorical labels column: diving.or.not
* diving.or.equal column is identical to Diving column.
* Regression excludes flying taxa.
* Diving labels that are present in regression: 0,2
* lambda (calculated from a random tree) = : 0.13
* index-name alignment check: OK
