Logfile for a session of program: bootstrap_binary.r
-----------------------------------------------------
INPUT:
workDir: C:/dino_nature/output/2023-11-07-D1\bs/set_1225
Nbootstrapsets: 2000
phyloFDAfile: c:/dino_nature/code/phylo.fda.R
auxFile: c:/dino_nature/code/auxiliary.r
boneType: femur
regressionData.file: C:/dino_nature/output/2023-11-07-D1\bs/set_1225/femur_set_1225.csv
applyDataFilter: FALSE
addTreeTips: TRUE
Ntrees: 100
calculateTrees: TRUE
saveTrees: FALSE


OPERATIONAL CHECKS:
* Regression data contains multiple copies of some taxa (user added variants of existing test taxa 
   or replacements due to bootstrap are present) which are not in the phylo tree:
     original taxon,   duplicate   
"1","Rattus_rattus","Rattus_rattus.1"
"2","Rattus_rattus","Rattus_rattus.2"
"3","Felis_felis","Felis_felis.1"
"4","Megaloceros_sp","Megaloceros_sp.1"
"5","Elephas_maximus","Elephas_maximus.1"
"6","Brachyodus_onoideum","Brachyodus_onoideum.1"
"7","Elomeryx_borbonicus_","Elomeryx_borbonicus_.1"
"8","Elomeryx_borbonicus_","Elomeryx_borbonicus_.2"
"9","Brachyodus_onoideum","Brachyodus_onoideum.2"
"10","Rhinoceros_sondaicus","Rhinoceros_sondaicus.1"
"11","Tenrec_ecaudatus","Tenrec_ecaudatus.1"
"12","Megaloceros_sp","Megaloceros_sp.2"
"13","Atlantisia_rogersi","Atlantisia_rogersi.1"
"14","Myrmecophaga_tridactyla","Myrmecophaga_tridactyla.1"
"15","Caloenas_nicobarica","Caloenas_nicobarica.1"
"16","Dasyurus_maculatus","Dasyurus_maculatus.1"
"17","Rynochetus_jubatus","Rynochetus_jubatus.1"
"18","Lacerta_viridis","Lacerta_viridis.1"
"19","Capreolus_capreolus","Capreolus_capreolus.1"
"20","Rhinoceros_sondaicus","Rhinoceros_sondaicus.2"
"21","Elephas_maximus","Elephas_maximus.2"
"22","Nyctereutes_procyonoides","Nyctereutes_procyonoides.1"
"23","Cryptoclidus","Cryptoclidus.1"
"24","Hippopotamus_amphibius","Hippopotamus_amphibius.1"
"25","Cryptoclidus","Cryptoclidus.2"
"26","Dyrosaurid","Dyrosaurid.1"
"27","Lutra_vulgaris","Lutra_vulgaris.1"
"28","Rodhocetus","Rodhocetus.1"
"29","Desmana_moschata","Desmana_moschata.1"
"30","Noemys_fodies","Noemys_fodies.1"
"31","Anarosaurus","Anarosaurus.1"
"32","Rhaeticosaurus","Rhaeticosaurus.1"
"33","Rhaeticosaurus","Rhaeticosaurus.2"
"34","Psephoderma","Psephoderma.1"
"35","Desmana_moschata","Desmana_moschata.2"
"36","Nothosaurus_mirabilis","Nothosaurus_mirabilis.1"
"37","Hippopotamus_amphibius","Hippopotamus_amphibius.2"
"38","Aptenodytes______","Aptenodytes______.1"
"39","Noemys_fodies","Noemys_fodies.2"
"40","Pistosaurus","Pistosaurus.1"
"41","Nothosaurus_568","Nothosaurus_568.1"
"42","Rodhocetus","Rodhocetus.2"
"43","Spinosaurus_","Spinosaurus_.1"
"44","Spinosaurus_","Spinosaurus_.2"
"45","Spinosaurus_","Spinosaurus_.3"
"46","Spinosaurus_","Spinosaurus_.4"
"47","Spinosaurus_","Spinosaurus_.5"
"48","Spinosaurus_","Spinosaurus_.6"
"49","Spinosaurus_","Spinosaurus_.7"
"50","Spinosaurus_","Spinosaurus_.8"
"51","Spinosaurus_","Spinosaurus_.9"
"52","Spinosaurus_","Spinosaurus_.10"
"53","Spinosaurus_","Spinosaurus_.11"
"54","Suchomimus","Suchomimus.1"
"55","Suchomimus","Suchomimus.2"
"56","Suchomimus","Suchomimus.3"
"57","Baryonyx","Baryonyx.1"
"58","Baryonyx","Baryonyx.2"
"59","Baryonyx","Baryonyx.3"
 
* Phylo tree and the main data and strata files have been modified to include duplicated taxa before the scaled random trees are generated.
* Selected categorical labels column: diving.or.not
* diving.or.equal column is identical to Diving column.
* Regression excludes flying taxa.
* Diving labels that are present in regression: 0,2
* lambda (calculated from a random tree) = : 0.14
* index-name alignment check: OK
