Logfile for a session of program: bootstrap_binary.r
-----------------------------------------------------
INPUT:
workDir: C:/dino_nature/output/2023-11-07-D1\bs/set_459
Nbootstrapsets: 2000
phyloFDAfile: c:/dino_nature/code/phylo.fda.R
auxFile: c:/dino_nature/code/auxiliary.r
boneType: femur
regressionData.file: C:/dino_nature/output/2023-11-07-D1\bs/set_459/femur_set_459.csv
applyDataFilter: FALSE
addTreeTips: TRUE
Ntrees: 100
calculateTrees: TRUE
saveTrees: FALSE


OPERATIONAL CHECKS:
* Regression data contains multiple copies of some taxa (user added variants of existing test taxa 
   or replacements due to bootstrap are present) which are not in the phylo tree:
     original taxon,   duplicate   
"1","Tenrec_ecaudatus","Tenrec_ecaudatus.1"
"2","Pogona_viceps","Pogona_viceps.1"
"3","Elephas_maximus","Elephas_maximus.1"
"4","Rhynchocyon_petersi","Rhynchocyon_petersi.1"
"5","Apteryx_owenii_","Apteryx_owenii_.1"
"6","Elephas_maximus","Elephas_maximus.2"
"7","Rangifer_tarandus","Rangifer_tarandus.1"
"8","Porphyrio_hochstetteri","Porphyrio_hochstetteri.1"
"9","Diplomesodon_pulchellum","Diplomesodon_pulchellum.1"
"10","Dromaius_","Dromaius_.1"
"11","Uncia_uncia","Uncia_uncia.1"
"12","Dromaius_","Dromaius_.2"
"13","Vulpes_vulpes","Vulpes_vulpes.1"
"14","Paguma_larvata","Paguma_larvata.1"
"15","Giraffa_camelopardalis","Giraffa_camelopardalis.1"
"16","Diplomesodon_pulchellum","Diplomesodon_pulchellum.2"
"17","Elephas_maximus","Elephas_maximus.3"
"18","Uncia_uncia","Uncia_uncia.2"
"19","Pogona_viceps","Pogona_viceps.2"
"20","Rhynchocyon_petersi","Rhynchocyon_petersi.2"
"21","Rangifer_tarandus","Rangifer_tarandus.2"
"22","Alces_americanus","Alces_americanus.1"
"23","Dromaius_","Dromaius_.3"
"24","Pogona_viceps","Pogona_viceps.3"
"25","Sus_scrofa","Sus_scrofa.1"
"26","Phocanella_pumila","Phocanella_pumila.1"
"27","Nothosaurus_mirabilis_1","Nothosaurus_mirabilis_1.1"
"28","Ornithorhynchus_anatinus","Ornithorhynchus_anatinus.1"
"29","Nothosaurus_mirabilis_1","Nothosaurus_mirabilis_1.2"
"30","Ornithorhynchus_anatinus","Ornithorhynchus_anatinus.2"
"31","Nothosaurus_giganteus","Nothosaurus_giganteus.1"
"32","Chironectes_minimus","Chironectes_minimus.1"
"33","Champsosaurus","Champsosaurus.1"
"34","Tapirus_terrestris","Tapirus_terrestris.1"
"35","Metryorhynchus","Metryorhynchus.1"
"36","Phalacrocorax_harrisi","Phalacrocorax_harrisi.1"
"37","Micropotamogale_euwenzorii","Micropotamogale_euwenzorii.1"
"38","Desmostylus_hesperus","Desmostylus_hesperus.1"
"39","Rhaeticosaurus","Rhaeticosaurus.1"
"40","Phalacrocorax_harrisi","Phalacrocorax_harrisi.2"
"41","Micropotamogale_euwenzorii","Micropotamogale_euwenzorii.2"
"42","Champsosaurus","Champsosaurus.2"
"43","Hexaprotodon_garyam","Hexaprotodon_garyam.1"
"44","Nothosaurus_giganteus","Nothosaurus_giganteus.2"
"45","Spinosaurus_","Spinosaurus_.1"
"46","Spinosaurus_","Spinosaurus_.2"
"47","Spinosaurus_","Spinosaurus_.3"
"48","Spinosaurus_","Spinosaurus_.4"
"49","Spinosaurus_","Spinosaurus_.5"
"50","Spinosaurus_","Spinosaurus_.6"
"51","Spinosaurus_","Spinosaurus_.7"
"52","Spinosaurus_","Spinosaurus_.8"
"53","Spinosaurus_","Spinosaurus_.9"
"54","Spinosaurus_","Spinosaurus_.10"
"55","Spinosaurus_","Spinosaurus_.11"
"56","Suchomimus","Suchomimus.1"
"57","Suchomimus","Suchomimus.2"
"58","Suchomimus","Suchomimus.3"
"59","Baryonyx","Baryonyx.1"
"60","Baryonyx","Baryonyx.2"
"61","Baryonyx","Baryonyx.3"
 
* Phylo tree and the main data and strata files have been modified to include duplicated taxa before the scaled random trees are generated.
* Selected categorical labels column: diving.or.not
* diving.or.equal column is identical to Diving column.
* Regression excludes flying taxa.
* Diving labels that are present in regression: 0,2
* lambda (calculated from a random tree) = : 0.09
* index-name alignment check: OK
