Logfile for a session of program: bootstrap_binary.r
-----------------------------------------------------
INPUT:
workDir: C:/dino_nature/output/2023-11-07-D1\bs/set_1717
Nbootstrapsets: 2000
phyloFDAfile: c:/dino_nature/code/phylo.fda.R
auxFile: c:/dino_nature/code/auxiliary.r
boneType: femur
regressionData.file: C:/dino_nature/output/2023-11-07-D1\bs/set_1717/femur_set_1717.csv
applyDataFilter: FALSE
addTreeTips: TRUE
Ntrees: 100
calculateTrees: TRUE
saveTrees: FALSE


OPERATIONAL CHECKS:
* Regression data contains multiple copies of some taxa (user added variants of existing test taxa 
   or replacements due to bootstrap are present) which are not in the phylo tree:
     original taxon,   duplicate   
"1","Tribonyx_mortieri","Tribonyx_mortieri.1"
"2","Mammuthus_sp","Mammuthus_sp.1"
"3","Tenrec_ecaudatus","Tenrec_ecaudatus.1"
"4","Lama_guanicoe","Lama_guanicoe.1"
"5","Caloenas_nicobarica","Caloenas_nicobarica.1"
"6","Felis_felis","Felis_felis.1"
"7","Diplomesodon_pulchellum","Diplomesodon_pulchellum.1"
"8","Porphyrio_hochstetteri","Porphyrio_hochstetteri.1"
"9","Syncerus_caffer","Syncerus_caffer.1"
"10","Mammuthus_sp","Mammuthus_sp.2"
"11","Tenrec_ecaudatus","Tenrec_ecaudatus.2"
"12","Ceratotherium_simum","Ceratotherium_simum.1"
"13","Paguma_larvata","Paguma_larvata.1"
"14","Rhinoceros_sondaicus","Rhinoceros_sondaicus.1"
"15","Felis_felis","Felis_felis.2"
"16","Nyctereutes_procyonoides","Nyctereutes_procyonoides.1"
"17","Sphenodon_punctatus","Sphenodon_punctatus.1"
"18","Tribonyx_mortieri","Tribonyx_mortieri.2"
"19","Uncia_uncia","Uncia_uncia.1"
"20","Porphyrio_hochstetteri","Porphyrio_hochstetteri.2"
"21","Nothosaurus_102","Nothosaurus_102.1"
"22","Indohyus","Indohyus.1"
"23","Nothosaurus_102","Nothosaurus_102.2"
"24","Chironectes_minimus","Chironectes_minimus.1"
"25","Dyrosaurid","Dyrosaurid.1"
"26","Simosaurus_1","Simosaurus_1.1"
"27","Noemys_fodies","Noemys_fodies.1"
"28","large_eocene_stem_penguin","large_eocene_stem_penguin.1"
"29","Desmostylus_hesperus","Desmostylus_hesperus.1"
"30","Leptophoca_proxima","Leptophoca_proxima.1"
"31","Spheniscus","Spheniscus.1"
"32","Basilosaurus","Basilosaurus.1"
"33","Basilosaurus","Basilosaurus.2"
"34","Ichtyosaurus_","Ichtyosaurus_.1"
"35","Nothosaurus_102","Nothosaurus_102.3"
"36","Caiman_yacare","Caiman_yacare.1"
"37","Hesperornis","Hesperornis.1"
"38","Simosaurus","Simosaurus.1"
"39","Ichtyosaur_sp","Ichtyosaur_sp.1"
"40","Phocanella_pumila","Phocanella_pumila.1"
"41","Anarosaurus","Anarosaurus.1"
"42","Leptophoca_proxima","Leptophoca_proxima.2"
"43","Ornithorhynchus_anatinus","Ornithorhynchus_anatinus.1"
"44","Spinosaurus_","Spinosaurus_.1"
"45","Spinosaurus_","Spinosaurus_.2"
"46","Spinosaurus_","Spinosaurus_.3"
"47","Spinosaurus_","Spinosaurus_.4"
"48","Spinosaurus_","Spinosaurus_.5"
"49","Spinosaurus_","Spinosaurus_.6"
"50","Spinosaurus_","Spinosaurus_.7"
"51","Spinosaurus_","Spinosaurus_.8"
"52","Spinosaurus_","Spinosaurus_.9"
"53","Spinosaurus_","Spinosaurus_.10"
"54","Spinosaurus_","Spinosaurus_.11"
"55","Suchomimus","Suchomimus.1"
"56","Suchomimus","Suchomimus.2"
"57","Suchomimus","Suchomimus.3"
"58","Baryonyx","Baryonyx.1"
"59","Baryonyx","Baryonyx.2"
"60","Baryonyx","Baryonyx.3"
 
* Phylo tree and the main data and strata files have been modified to include duplicated taxa before the scaled random trees are generated.
* Selected categorical labels column: diving.or.not
* diving.or.equal column is identical to Diving column.
* Regression excludes flying taxa.
* Diving labels that are present in regression: 0,2
* lambda (calculated from a random tree) = : 0.09
* index-name alignment check: OK
