Logfile for a session of program: bootstrap_binary.r
-----------------------------------------------------
INPUT:
workDir: C:/dino_nature/output/2023-11-07-D1\bs/set_1435
Nbootstrapsets: 2000
phyloFDAfile: c:/dino_nature/code/phylo.fda.R
auxFile: c:/dino_nature/code/auxiliary.r
boneType: femur
regressionData.file: C:/dino_nature/output/2023-11-07-D1\bs/set_1435/femur_set_1435.csv
applyDataFilter: FALSE
addTreeTips: TRUE
Ntrees: 100
calculateTrees: TRUE
saveTrees: FALSE


OPERATIONAL CHECKS:
* Regression data contains multiple copies of some taxa (user added variants of existing test taxa 
   or replacements due to bootstrap are present) which are not in the phylo tree:
     original taxon,   duplicate   
"1","Okapia_johnstoni","Okapia_johnstoni.1"
"2","Raphus","Raphus.1"
"3","Raphus","Raphus.2"
"4","Cephalophus_silvicultor","Cephalophus_silvicultor.1"
"5","Dasyurus_maculatus","Dasyurus_maculatus.1"
"6","Rhynchocyon_petersi","Rhynchocyon_petersi.1"
"7","Paguma_larvata","Paguma_larvata.1"
"8","Cephalophus_silvicultor","Cephalophus_silvicultor.2"
"9","Mustela_nivalis","Mustela_nivalis.1"
"10","Okapia_johnstoni","Okapia_johnstoni.2"
"11","Rangifer_tarandus","Rangifer_tarandus.1"
"12","Dasyurus_maculatus","Dasyurus_maculatus.2"
"13","Porphyrio_hochstetteri","Porphyrio_hochstetteri.1"
"14","Myrmecophaga_tridactyla","Myrmecophaga_tridactyla.1"
"15","Raphus","Raphus.3"
"16","Apteryx_owenii_","Apteryx_owenii_.1"
"17","Tribonyx_mortieri","Tribonyx_mortieri.1"
"18","Okapia_johnstoni","Okapia_johnstoni.3"
"19","Dicerorhinus_sumatrensis","Dicerorhinus_sumatrensis.1"
"20","Cephalophus_silvicultor","Cephalophus_silvicultor.3"
"21","Tamandua_tetradactyla","Tamandua_tetradactyla.1"
"22","Dasyurus_maculatus","Dasyurus_maculatus.3"
"23","Phocanella_pumila","Phocanella_pumila.1"
"24","Chironectes_minimus","Chironectes_minimus.1"
"25","Phocanella_pumila","Phocanella_pumila.2"
"26","Plesiosaurus","Plesiosaurus.1"
"27","Phocanella_pumila","Phocanella_pumila.3"
"28","Remingtonocetus","Remingtonocetus.1"
"29","Cryptoclidus","Cryptoclidus.1"
"30","Phocanella_pumila","Phocanella_pumila.4"
"31","Phocanella_pumila","Phocanella_pumila.5"
"32","Desmana_moschata","Desmana_moschata.1"
"33","Cricosaurus","Cricosaurus.1"
"34","Hippopotamus_amphibius","Hippopotamus_amphibius.1"
"35","Paraplacodus","Paraplacodus.1"
"36","Ichtyosaur_sp","Ichtyosaur_sp.1"
"37","Choeropsis_liberiensis","Choeropsis_liberiensis.1"
"38","Nothosaurus_102","Nothosaurus_102.1"
"39","Maiacetus","Maiacetus.1"
"40","Ornithorhynchus_anatinus","Ornithorhynchus_anatinus.1"
"41","Caiman_yacare","Caiman_yacare.1"
"42","Protochampsidae","Protochampsidae.1"
"43","Simosaurus_1","Simosaurus_1.1"
"44","Pistosaurus","Pistosaurus.1"
"45","Spinosaurus_","Spinosaurus_.1"
"46","Spinosaurus_","Spinosaurus_.2"
"47","Spinosaurus_","Spinosaurus_.3"
"48","Spinosaurus_","Spinosaurus_.4"
"49","Spinosaurus_","Spinosaurus_.5"
"50","Spinosaurus_","Spinosaurus_.6"
"51","Spinosaurus_","Spinosaurus_.7"
"52","Spinosaurus_","Spinosaurus_.8"
"53","Spinosaurus_","Spinosaurus_.9"
"54","Spinosaurus_","Spinosaurus_.10"
"55","Spinosaurus_","Spinosaurus_.11"
"56","Suchomimus","Suchomimus.1"
"57","Suchomimus","Suchomimus.2"
"58","Suchomimus","Suchomimus.3"
"59","Baryonyx","Baryonyx.1"
"60","Baryonyx","Baryonyx.2"
"61","Baryonyx","Baryonyx.3"
 
* Phylo tree and the main data and strata files have been modified to include duplicated taxa before the scaled random trees are generated.
* Selected categorical labels column: diving.or.not
* diving.or.equal column is identical to Diving column.
* Regression excludes flying taxa.
* Diving labels that are present in regression: 0,2
* lambda (calculated from a random tree) = : 0.1
* index-name alignment check: OK
