Logfile for a session of program: bootstrap_binary.r
-----------------------------------------------------
INPUT:
workDir: C:/dino_nature/output/2023-11-07-D1\bs/set_1073
Nbootstrapsets: 2000
phyloFDAfile: c:/dino_nature/code/phylo.fda.R
auxFile: c:/dino_nature/code/auxiliary.r
boneType: femur
regressionData.file: C:/dino_nature/output/2023-11-07-D1\bs/set_1073/femur_set_1073.csv
applyDataFilter: FALSE
addTreeTips: TRUE
Ntrees: 100
calculateTrees: TRUE
saveTrees: FALSE


OPERATIONAL CHECKS:
* Regression data contains multiple copies of some taxa (user added variants of existing test taxa 
   or replacements due to bootstrap are present) which are not in the phylo tree:
     original taxon,   duplicate   
"1","Uncia_uncia","Uncia_uncia.1"
"2","Tamandua_tetradactyla","Tamandua_tetradactyla.1"
"3","Dicerorhinus_sumatrensis","Dicerorhinus_sumatrensis.1"
"4","Uncia_uncia","Uncia_uncia.2"
"5","Procyon_lotor","Procyon_lotor.1"
"6","Tamandua_tetradactyla","Tamandua_tetradactyla.2"
"7","Mus_musculus","Mus_musculus.1"
"8","Tenrec_ecaudatus","Tenrec_ecaudatus.1"
"9","Mustela_nivalis","Mustela_nivalis.1"
"10","Megaloceros_sp","Megaloceros_sp.1"
"11","Apteryx_owenii_","Apteryx_owenii_.1"
"12","Monodelphis_domestica","Monodelphis_domestica.1"
"13","Hemiechinus_azurites","Hemiechinus_azurites.1"
"14","Apteryx_owenii_","Apteryx_owenii_.2"
"15","Tamandua_tetradactyla","Tamandua_tetradactyla.3"
"16","Meles_meles","Meles_meles.1"
"17","Uncia_uncia","Uncia_uncia.3"
"18","Okapia_johnstoni","Okapia_johnstoni.1"
"19","Okapia_johnstoni","Okapia_johnstoni.2"
"20","Strigiops_habroptilus","Strigiops_habroptilus.1"
"21","Rattus_rattus","Rattus_rattus.1"
"22","Mustela_nivalis","Mustela_nivalis.2"
"23","Lutra_vulgaris","Lutra_vulgaris.1"
"24","Nothosaurus_mirabilis_1","Nothosaurus_mirabilis_1.1"
"25","Remingtonocetus","Remingtonocetus.1"
"26","Anarosaurus","Anarosaurus.1"
"27","Anarosaurus","Anarosaurus.2"
"28","Simosaurus_1","Simosaurus_1.1"
"29","Placondontia_indet","Placondontia_indet.1"
"30","Phocanella_pumila","Phocanella_pumila.1"
"31","Hydromys_chrysogaster","Hydromys_chrysogaster.1"
"32","Metryorhynchus","Metryorhynchus.1"
"33","Maiacetus","Maiacetus.1"
"34","Aptenodytes______","Aptenodytes______.1"
"35","Palaeospheniscus","Palaeospheniscus.1"
"36","Cryptoclidus","Cryptoclidus.1"
"37","Metryorhynchus","Metryorhynchus.2"
"38","Placondontia_indet","Placondontia_indet.2"
"39","Paraplacodus","Paraplacodus.1"
"40","Ichtyosaur_sp","Ichtyosaur_sp.1"
"41","Indohyus","Indohyus.1"
"42","Aptenodytes______","Aptenodytes______.2"
"43","large_eocene_stem_penguin","large_eocene_stem_penguin.1"
"44","Spinosaurus_","Spinosaurus_.1"
"45","Spinosaurus_","Spinosaurus_.2"
"46","Spinosaurus_","Spinosaurus_.3"
"47","Spinosaurus_","Spinosaurus_.4"
"48","Spinosaurus_","Spinosaurus_.5"
"49","Spinosaurus_","Spinosaurus_.6"
"50","Spinosaurus_","Spinosaurus_.7"
"51","Spinosaurus_","Spinosaurus_.8"
"52","Spinosaurus_","Spinosaurus_.9"
"53","Spinosaurus_","Spinosaurus_.10"
"54","Spinosaurus_","Spinosaurus_.11"
"55","Suchomimus","Suchomimus.1"
"56","Suchomimus","Suchomimus.2"
"57","Suchomimus","Suchomimus.3"
"58","Baryonyx","Baryonyx.1"
"59","Baryonyx","Baryonyx.2"
"60","Baryonyx","Baryonyx.3"
 
* Phylo tree and the main data and strata files have been modified to include duplicated taxa before the scaled random trees are generated.
* Selected categorical labels column: diving.or.not
* diving.or.equal column is identical to Diving column.
* Regression excludes flying taxa.
* Diving labels that are present in regression: 0,2
* lambda (calculated from a random tree) = : 0.11
* index-name alignment check: OK
