Logfile for a session of program: bootstrap_binary.r
-----------------------------------------------------
INPUT:
workDir: C:/dino_nature/output/2023-11-07-D1\bs/set_116
Nbootstrapsets: 2000
phyloFDAfile: c:/dino_nature/code/phylo.fda.R
auxFile: c:/dino_nature/code/auxiliary.r
boneType: femur
regressionData.file: C:/dino_nature/output/2023-11-07-D1\bs/set_116/femur_set_116.csv
applyDataFilter: FALSE
addTreeTips: TRUE
Ntrees: 100
calculateTrees: TRUE
saveTrees: FALSE


OPERATIONAL CHECKS:
* Regression data contains multiple copies of some taxa (user added variants of existing test taxa 
   or replacements due to bootstrap are present) which are not in the phylo tree:
     original taxon,   duplicate   
"1","Meles_meles","Meles_meles.1"
"2","Dasyurus_maculatus","Dasyurus_maculatus.1"
"3","Mus_musculus","Mus_musculus.1"
"4","Syncerus_caffer","Syncerus_caffer.1"
"5","Megaloceros_sp","Megaloceros_sp.1"
"6","Apteryx_australis","Apteryx_australis.1"
"7","Euroscaptor_micrura","Euroscaptor_micrura.1"
"8","Vulpes_vulpes","Vulpes_vulpes.1"
"9","Lama_guanicoe","Lama_guanicoe.1"
"10","Brachyodus_onoideum","Brachyodus_onoideum.1"
"11","Felis_felis","Felis_felis.1"
"12","Elomeryx_borbonicus_","Elomeryx_borbonicus_.1"
"13","Paguma_larvata","Paguma_larvata.1"
"14","Sus_scrofa","Sus_scrofa.1"
"15","Mustela_nivalis","Mustela_nivalis.1"
"16","Lama_guanicoe","Lama_guanicoe.2"
"17","Rhynchocyon_petersi","Rhynchocyon_petersi.1"
"18","Procyon_lotor","Procyon_lotor.1"
"19","Dyrosaurid","Dyrosaurid.1"
"20","Simosaurus","Simosaurus.1"
"21","Tapirus_terrestris","Tapirus_terrestris.1"
"22","Anarosaurus","Anarosaurus.1"
"23","Nanophoca_vitulinoides","Nanophoca_vitulinoides.1"
"24","Dyrosaurid","Dyrosaurid.2"
"25","Noemys_fodies","Noemys_fodies.1"
"26","Desmana_moschata","Desmana_moschata.1"
"27","Simosaurus","Simosaurus.2"
"28","Lutra_vulgaris","Lutra_vulgaris.1"
"29","Lutra_vulgaris","Lutra_vulgaris.2"
"30","Indohyus","Indohyus.1"
"31","Protochampsidae","Protochampsidae.1"
"32","Noemys_fodies","Noemys_fodies.2"
"33","Nothosaurus_mirabilis_1","Nothosaurus_mirabilis_1.1"
"34","Alligator","Alligator.1"
"35","Alligator","Alligator.2"
"36","Ichtyosaur_sp","Ichtyosaur_sp.1"
"37","Spinosaurus_","Spinosaurus_.1"
"38","Spinosaurus_","Spinosaurus_.2"
"39","Spinosaurus_","Spinosaurus_.3"
"40","Spinosaurus_","Spinosaurus_.4"
"41","Spinosaurus_","Spinosaurus_.5"
"42","Spinosaurus_","Spinosaurus_.6"
"43","Spinosaurus_","Spinosaurus_.7"
"44","Spinosaurus_","Spinosaurus_.8"
"45","Spinosaurus_","Spinosaurus_.9"
"46","Spinosaurus_","Spinosaurus_.10"
"47","Spinosaurus_","Spinosaurus_.11"
"48","Suchomimus","Suchomimus.1"
"49","Suchomimus","Suchomimus.2"
"50","Suchomimus","Suchomimus.3"
"51","Baryonyx","Baryonyx.1"
"52","Baryonyx","Baryonyx.2"
"53","Baryonyx","Baryonyx.3"
 
* Phylo tree and the main data and strata files have been modified to include duplicated taxa before the scaled random trees are generated.
* Selected categorical labels column: diving.or.not
* diving.or.equal column is identical to Diving column.
* Regression excludes flying taxa.
* Diving labels that are present in regression: 0,2
* lambda (calculated from a random tree) = : 0.09
* index-name alignment check: OK
