Logfile for a session of program: bootstrap_binary.r
-----------------------------------------------------
INPUT:
workDir: C:/dino_nature/output/2023-11-07-D1\bs/set_1749
Nbootstrapsets: 2000
phyloFDAfile: c:/dino_nature/code/phylo.fda.R
auxFile: c:/dino_nature/code/auxiliary.r
boneType: femur
regressionData.file: C:/dino_nature/output/2023-11-07-D1\bs/set_1749/femur_set_1749.csv
applyDataFilter: FALSE
addTreeTips: TRUE
Ntrees: 100
calculateTrees: TRUE
saveTrees: FALSE


OPERATIONAL CHECKS:
* Regression data contains multiple copies of some taxa (user added variants of existing test taxa 
   or replacements due to bootstrap are present) which are not in the phylo tree:
     original taxon,   duplicate   
"1","Euroscaptor_micrura","Euroscaptor_micrura.1"
"2","Giraffa_camelopardalis","Giraffa_camelopardalis.1"
"3","Dama_dama","Dama_dama.1"
"4","Vulpes_vulpes","Vulpes_vulpes.1"
"5","Myrmecophaga_tridactyla","Myrmecophaga_tridactyla.1"
"6","Tenrec_ecaudatus","Tenrec_ecaudatus.1"
"7","Euroscaptor_micrura","Euroscaptor_micrura.2"
"8","Elomeryx_borbonicus_","Elomeryx_borbonicus_.1"
"9","Myrmecophaga_tridactyla","Myrmecophaga_tridactyla.2"
"10","Lama_guanicoe","Lama_guanicoe.1"
"11","Tamandua_tetradactyla","Tamandua_tetradactyla.1"
"12","Euroscaptor_micrura","Euroscaptor_micrura.3"
"13","Elomeryx_borbonicus_","Elomeryx_borbonicus_.2"
"14","Dama_dama","Dama_dama.2"
"15","Apteryx_owenii_","Apteryx_owenii_.1"
"16","Euroscaptor_micrura","Euroscaptor_micrura.4"
"17","Sus_scrofa","Sus_scrofa.1"
"18","Vulpes_vulpes","Vulpes_vulpes.2"
"19","Atlantisia_rogersi","Atlantisia_rogersi.1"
"20","Atlantisia_rogersi","Atlantisia_rogersi.2"
"21","Okapia_johnstoni","Okapia_johnstoni.1"
"22","Sus_scrofa","Sus_scrofa.2"
"23","Procavia_capensis","Procavia_capensis.1"
"24","Psephoderma","Psephoderma.1"
"25","Metryorhynchus","Metryorhynchus.1"
"26","Chapsosaurus_","Chapsosaurus_.1"
"27","Metryorhynchus","Metryorhynchus.2"
"28","Chapsosaurus_","Chapsosaurus_.2"
"29","Psephoderma","Psephoderma.2"
"30","Phalacrocorax_harrisi","Phalacrocorax_harrisi.1"
"31","Nothosaurus_mirabilis","Nothosaurus_mirabilis.1"
"32","Plesiosaurus","Plesiosaurus.1"
"33","Alligator","Alligator.1"
"34","Plesiosaurus","Plesiosaurus.2"
"35","Cricosaurus","Cricosaurus.1"
"36","Chapsosaurus_","Chapsosaurus_.3"
"37","Nothosaurus_mirabilis","Nothosaurus_mirabilis.2"
"38","Cryptoclidus","Cryptoclidus.1"
"39","Serpianosaurus","Serpianosaurus.1"
"40","Spheniscus","Spheniscus.1"
"41","Nothosaurus_mirabilis","Nothosaurus_mirabilis.3"
"42","Paraplacodus","Paraplacodus.1"
"43","Phocanella_pumila","Phocanella_pumila.1"
"44","Otaria_byronia","Otaria_byronia.1"
"45","Spinosaurus_","Spinosaurus_.1"
"46","Spinosaurus_","Spinosaurus_.2"
"47","Spinosaurus_","Spinosaurus_.3"
"48","Spinosaurus_","Spinosaurus_.4"
"49","Spinosaurus_","Spinosaurus_.5"
"50","Spinosaurus_","Spinosaurus_.6"
"51","Spinosaurus_","Spinosaurus_.7"
"52","Spinosaurus_","Spinosaurus_.8"
"53","Spinosaurus_","Spinosaurus_.9"
"54","Spinosaurus_","Spinosaurus_.10"
"55","Spinosaurus_","Spinosaurus_.11"
"56","Suchomimus","Suchomimus.1"
"57","Suchomimus","Suchomimus.2"
"58","Suchomimus","Suchomimus.3"
"59","Baryonyx","Baryonyx.1"
"60","Baryonyx","Baryonyx.2"
"61","Baryonyx","Baryonyx.3"
 
* Phylo tree and the main data and strata files have been modified to include duplicated taxa before the scaled random trees are generated.
* Selected categorical labels column: diving.or.not
* diving.or.equal column is identical to Diving column.
* Regression excludes flying taxa.
* Diving labels that are present in regression: 0,2
* lambda (calculated from a random tree) = : 0.13
* index-name alignment check: OK
