Logfile for a session of program: bootstrap_binary.r
-----------------------------------------------------
INPUT:
workDir: C:/dino_nature/output/2023-11-07-D1\bs/set_914
Nbootstrapsets: 2000
phyloFDAfile: c:/dino_nature/code/phylo.fda.R
auxFile: c:/dino_nature/code/auxiliary.r
boneType: femur
regressionData.file: C:/dino_nature/output/2023-11-07-D1\bs/set_914/femur_set_914.csv
applyDataFilter: FALSE
addTreeTips: TRUE
Ntrees: 100
calculateTrees: TRUE
saveTrees: FALSE


OPERATIONAL CHECKS:
* Regression data contains multiple copies of some taxa (user added variants of existing test taxa 
   or replacements due to bootstrap are present) which are not in the phylo tree:
     original taxon,   duplicate   
"1","Rynochetus_jubatus","Rynochetus_jubatus.1"
"2","Myrmecophaga_tridactyla","Myrmecophaga_tridactyla.1"
"3","Myrmecophaga_tridactyla","Myrmecophaga_tridactyla.2"
"4","Taxidea_taxus","Taxidea_taxus.1"
"5","Sphenodon_punctatus","Sphenodon_punctatus.1"
"6","Rangifer_tarandus","Rangifer_tarandus.1"
"7","Atlantisia_rogersi","Atlantisia_rogersi.1"
"8","Mustela_nivalis","Mustela_nivalis.1"
"9","Raphus","Raphus.1"
"10","Bison_bonasus","Bison_bonasus.1"
"11","Uncia_uncia","Uncia_uncia.1"
"12","Paguma_larvata","Paguma_larvata.1"
"13","Meles_meles","Meles_meles.1"
"14","Paguma_larvata","Paguma_larvata.2"
"15","Pogona_viceps","Pogona_viceps.1"
"16","Hemiechinus_azurites","Hemiechinus_azurites.1"
"17","Ceratotherium_simum","Ceratotherium_simum.1"
"18","Porphyrio_hochstetteri","Porphyrio_hochstetteri.1"
"19","Microgale_thomasi","Microgale_thomasi.1"
"20","Syncerus_caffer","Syncerus_caffer.1"
"21","Ceratotherium_simum","Ceratotherium_simum.2"
"22","Protochampsidae","Protochampsidae.1"
"23","Noemys_fodies","Noemys_fodies.1"
"24","Tapirus_terrestris","Tapirus_terrestris.1"
"25","Protochampsidae","Protochampsidae.2"
"26","Maiacetus","Maiacetus.1"
"27","Caiman_yacare","Caiman_yacare.1"
"28","Tapirus_terrestris","Tapirus_terrestris.2"
"29","Nothosaurus_mirabilis_1","Nothosaurus_mirabilis_1.1"
"30","Protochampsidae","Protochampsidae.3"
"31","Rhaeticosaurus","Rhaeticosaurus.1"
"32","Nothosaurus_mirabilis_1","Nothosaurus_mirabilis_1.2"
"33","Micropotamogale_euwenzorii","Micropotamogale_euwenzorii.1"
"34","Cricosaurus","Cricosaurus.1"
"35","Cryptoclidus","Cryptoclidus.1"
"36","Nothosaurus_giganteus","Nothosaurus_giganteus.1"
"37","Leptophoca_proxima","Leptophoca_proxima.1"
"38","Nanophoca_vitulinoides","Nanophoca_vitulinoides.1"
"39","Hesperornis","Hesperornis.1"
"40","Indohyus","Indohyus.1"
"41","Caiman_yacare","Caiman_yacare.2"
"42","Spinosaurus_","Spinosaurus_.1"
"43","Spinosaurus_","Spinosaurus_.2"
"44","Spinosaurus_","Spinosaurus_.3"
"45","Spinosaurus_","Spinosaurus_.4"
"46","Spinosaurus_","Spinosaurus_.5"
"47","Spinosaurus_","Spinosaurus_.6"
"48","Spinosaurus_","Spinosaurus_.7"
"49","Spinosaurus_","Spinosaurus_.8"
"50","Spinosaurus_","Spinosaurus_.9"
"51","Spinosaurus_","Spinosaurus_.10"
"52","Spinosaurus_","Spinosaurus_.11"
"53","Suchomimus","Suchomimus.1"
"54","Suchomimus","Suchomimus.2"
"55","Suchomimus","Suchomimus.3"
"56","Baryonyx","Baryonyx.1"
"57","Baryonyx","Baryonyx.2"
"58","Baryonyx","Baryonyx.3"
 
* Phylo tree and the main data and strata files have been modified to include duplicated taxa before the scaled random trees are generated.
* Selected categorical labels column: diving.or.not
* diving.or.equal column is identical to Diving column.
* Regression excludes flying taxa.
* Diving labels that are present in regression: 0,2
* lambda (calculated from a random tree) = : 0.1
* index-name alignment check: OK
