Logfile for a session of program: bootstrap_binary.r
-----------------------------------------------------
INPUT:
workDir: C:/dino_nature/output/2023-11-07-D1\bs/set_1110
Nbootstrapsets: 2000
phyloFDAfile: c:/dino_nature/code/phylo.fda.R
auxFile: c:/dino_nature/code/auxiliary.r
boneType: femur
regressionData.file: C:/dino_nature/output/2023-11-07-D1\bs/set_1110/femur_set_1110.csv
applyDataFilter: FALSE
addTreeTips: TRUE
Ntrees: 100
calculateTrees: TRUE
saveTrees: FALSE


OPERATIONAL CHECKS:
* Regression data contains multiple copies of some taxa (user added variants of existing test taxa 
   or replacements due to bootstrap are present) which are not in the phylo tree:
     original taxon,   duplicate   
"1","Xenicus_giliventris","Xenicus_giliventris.1"
"2","Alces_americanus","Alces_americanus.1"
"3","Sus_scrofa","Sus_scrofa.1"
"4","Megaloceros_sp","Megaloceros_sp.1"
"5","Apteryx_australis","Apteryx_australis.1"
"6","Tamandua_tetradactyla","Tamandua_tetradactyla.1"
"7","Lama_guanicoe","Lama_guanicoe.1"
"8","Megaloceros_sp","Megaloceros_sp.2"
"9","Capreolus_capreolus","Capreolus_capreolus.1"
"10","Diplomesodon_pulchellum","Diplomesodon_pulchellum.1"
"11","Xenicus_giliventris","Xenicus_giliventris.2"
"12","Apteryx_owenii_","Apteryx_owenii_.1"
"13","Nyctereutes_procyonoides","Nyctereutes_procyonoides.1"
"14","Uncia_uncia","Uncia_uncia.1"
"15","Alces_americanus","Alces_americanus.2"
"16","Uncia_uncia","Uncia_uncia.2"
"17","Apteryx_owenii_","Apteryx_owenii_.2"
"18","Syncerus_caffer","Syncerus_caffer.1"
"19","Rupicapra_rupicapra","Rupicapra_rupicapra.1"
"20","Vulpes_vulpes","Vulpes_vulpes.1"
"21","Mammuthus_sp","Mammuthus_sp.1"
"22","Megaloceros_sp","Megaloceros_sp.3"
"23","Nothosaurus_giganteus","Nothosaurus_giganteus.1"
"24","Champsosaurus","Champsosaurus.1"
"25","large_eocene_stem_penguin","large_eocene_stem_penguin.1"
"26","Champsosaurus","Champsosaurus.2"
"27","Cricosaurus","Cricosaurus.1"
"28","Palaeospheniscus","Palaeospheniscus.1"
"29","Serpianosaurus","Serpianosaurus.1"
"30","Psephoderma","Psephoderma.1"
"31","Chironectes_minimus","Chironectes_minimus.1"
"32","Hexaprotodon_garyam","Hexaprotodon_garyam.1"
"33","Noemys_fodies","Noemys_fodies.1"
"34","Hesperornis","Hesperornis.1"
"35","Nothosaurus_102","Nothosaurus_102.1"
"36","Ichtyosaurus_","Ichtyosaurus_.1"
"37","Nothosaurus_150","Nothosaurus_150.1"
"38","Metryorhynchus","Metryorhynchus.1"
"39","Psephoderma","Psephoderma.2"
"40","Hippopotamus_amphibius","Hippopotamus_amphibius.1"
"41","Plesiosaurus","Plesiosaurus.1"
"42","Nothosaurus_150","Nothosaurus_150.2"
"43","Spinosaurus_","Spinosaurus_.1"
"44","Spinosaurus_","Spinosaurus_.2"
"45","Spinosaurus_","Spinosaurus_.3"
"46","Spinosaurus_","Spinosaurus_.4"
"47","Spinosaurus_","Spinosaurus_.5"
"48","Spinosaurus_","Spinosaurus_.6"
"49","Spinosaurus_","Spinosaurus_.7"
"50","Spinosaurus_","Spinosaurus_.8"
"51","Spinosaurus_","Spinosaurus_.9"
"52","Spinosaurus_","Spinosaurus_.10"
"53","Spinosaurus_","Spinosaurus_.11"
"54","Suchomimus","Suchomimus.1"
"55","Suchomimus","Suchomimus.2"
"56","Suchomimus","Suchomimus.3"
"57","Baryonyx","Baryonyx.1"
"58","Baryonyx","Baryonyx.2"
"59","Baryonyx","Baryonyx.3"
 
* Phylo tree and the main data and strata files have been modified to include duplicated taxa before the scaled random trees are generated.
* Selected categorical labels column: diving.or.not
* diving.or.equal column is identical to Diving column.
* Regression excludes flying taxa.
* Diving labels that are present in regression: 0,2
* lambda (calculated from a random tree) = : 0.12
* index-name alignment check: OK
