Logfile for a session of program: bootstrap_binary.r
-----------------------------------------------------
INPUT:
workDir: C:/dino_nature/output/2023-11-07-D1\bs/set_467
Nbootstrapsets: 2000
phyloFDAfile: c:/dino_nature/code/phylo.fda.R
auxFile: c:/dino_nature/code/auxiliary.r
boneType: femur
regressionData.file: C:/dino_nature/output/2023-11-07-D1\bs/set_467/femur_set_467.csv
applyDataFilter: FALSE
addTreeTips: TRUE
Ntrees: 100
calculateTrees: TRUE
saveTrees: FALSE


OPERATIONAL CHECKS:
* Regression data contains multiple copies of some taxa (user added variants of existing test taxa 
   or replacements due to bootstrap are present) which are not in the phylo tree:
     original taxon,   duplicate   
"1","Apteryx_owenii_","Apteryx_owenii_.1"
"2","Bison_bonasus","Bison_bonasus.1"
"3","Mustela_nivalis","Mustela_nivalis.1"
"4","Megaloceros_sp","Megaloceros_sp.1"
"5","Syncerus_caffer","Syncerus_caffer.1"
"6","Euroscaptor_micrura","Euroscaptor_micrura.1"
"7","Tribonyx_mortieri","Tribonyx_mortieri.1"
"8","Tribonyx_mortieri","Tribonyx_mortieri.2"
"9","Megaloceros_sp","Megaloceros_sp.2"
"10","Euroscaptor_micrura","Euroscaptor_micrura.2"
"11","Nyctereutes_procyonoides","Nyctereutes_procyonoides.1"
"12","Microgale_thomasi","Microgale_thomasi.1"
"13","Syncerus_caffer","Syncerus_caffer.2"
"14","Dicerorhinus_sumatrensis","Dicerorhinus_sumatrensis.1"
"15","Paguma_larvata","Paguma_larvata.1"
"16","Strigiops_habroptilus","Strigiops_habroptilus.1"
"17","Strigiops_habroptilus","Strigiops_habroptilus.2"
"18","Capreolus_capreolus","Capreolus_capreolus.1"
"19","Elephas_maximus","Elephas_maximus.1"
"20","Ichtyosaur_sp","Ichtyosaur_sp.1"
"21","Remingtonocetus","Remingtonocetus.1"
"22","Pistosaurus","Pistosaurus.1"
"23","Nothosaurus_mirabilis","Nothosaurus_mirabilis.1"
"24","Castor_fiber","Castor_fiber.1"
"25","Nothosaurus_mirabilis_1","Nothosaurus_mirabilis_1.1"
"26","Otaria_byronia","Otaria_byronia.1"
"27","Ichtyosaur_sp","Ichtyosaur_sp.2"
"28","Hexaprotodon_garyam","Hexaprotodon_garyam.1"
"29","Nothosaurus_mirabilis_1","Nothosaurus_mirabilis_1.2"
"30","Alligator","Alligator.1"
"31","Hexaprotodon_garyam","Hexaprotodon_garyam.2"
"32","Nanophoca_vitulinoides","Nanophoca_vitulinoides.1"
"33","Alligator","Alligator.2"
"34","Desmostylus_hesperus","Desmostylus_hesperus.1"
"35","Leptophoca_proxima","Leptophoca_proxima.1"
"36","Desmostylus_hesperus","Desmostylus_hesperus.2"
"37","Chironectes_minimus","Chironectes_minimus.1"
"38","Plesiosaurus","Plesiosaurus.1"
"39","Caiman_yacare","Caiman_yacare.1"
"40","Hippopotamus_amphibius","Hippopotamus_amphibius.1"
"41","Nothosaurus_568","Nothosaurus_568.1"
"42","Protochampsidae","Protochampsidae.1"
"43","Spinosaurus_","Spinosaurus_.1"
"44","Spinosaurus_","Spinosaurus_.2"
"45","Spinosaurus_","Spinosaurus_.3"
"46","Spinosaurus_","Spinosaurus_.4"
"47","Spinosaurus_","Spinosaurus_.5"
"48","Spinosaurus_","Spinosaurus_.6"
"49","Spinosaurus_","Spinosaurus_.7"
"50","Spinosaurus_","Spinosaurus_.8"
"51","Spinosaurus_","Spinosaurus_.9"
"52","Spinosaurus_","Spinosaurus_.10"
"53","Spinosaurus_","Spinosaurus_.11"
"54","Suchomimus","Suchomimus.1"
"55","Suchomimus","Suchomimus.2"
"56","Suchomimus","Suchomimus.3"
"57","Baryonyx","Baryonyx.1"
"58","Baryonyx","Baryonyx.2"
"59","Baryonyx","Baryonyx.3"
 
* Phylo tree and the main data and strata files have been modified to include duplicated taxa before the scaled random trees are generated.
* Selected categorical labels column: diving.or.not
* diving.or.equal column is identical to Diving column.
* Regression excludes flying taxa.
* Diving labels that are present in regression: 0,2
* lambda (calculated from a random tree) = : 0.08
* index-name alignment check: OK
