Logfile for a session of program: bootstrap_binary.r
-----------------------------------------------------
INPUT:
workDir: C:/dino_nature/output/2023-11-07-D1\bs/set_1802
Nbootstrapsets: 2000
phyloFDAfile: c:/dino_nature/code/phylo.fda.R
auxFile: c:/dino_nature/code/auxiliary.r
boneType: femur
regressionData.file: C:/dino_nature/output/2023-11-07-D1\bs/set_1802/femur_set_1802.csv
applyDataFilter: FALSE
addTreeTips: TRUE
Ntrees: 100
calculateTrees: TRUE
saveTrees: FALSE


OPERATIONAL CHECKS:
* Regression data contains multiple copies of some taxa (user added variants of existing test taxa 
   or replacements due to bootstrap are present) which are not in the phylo tree:
     original taxon,   duplicate   
"1","Tenrec_ecaudatus","Tenrec_ecaudatus.1"
"2","Alces_americanus","Alces_americanus.1"
"3","Meles_meles","Meles_meles.1"
"4","Cephalophus_silvicultor","Cephalophus_silvicultor.1"
"5","Tamandua_tetradactyla","Tamandua_tetradactyla.1"
"6","Procavia_capensis","Procavia_capensis.1"
"7","Rupicapra_rupicapra","Rupicapra_rupicapra.1"
"8","Okapia_johnstoni","Okapia_johnstoni.1"
"9","Tamandua_tetradactyla","Tamandua_tetradactyla.2"
"10","Tenrec_ecaudatus","Tenrec_ecaudatus.2"
"11","Strigiops_habroptilus","Strigiops_habroptilus.1"
"12","Diplomesodon_pulchellum","Diplomesodon_pulchellum.1"
"13","Monodelphis_domestica","Monodelphis_domestica.1"
"14","Dromaius_","Dromaius_.1"
"15","Elephas_maximus","Elephas_maximus.1"
"16","Cephalophus_silvicultor","Cephalophus_silvicultor.2"
"17","Dromaius_","Dromaius_.2"
"18","Elomeryx_borbonicus_","Elomeryx_borbonicus_.1"
"19","Tamandua_tetradactyla","Tamandua_tetradactyla.3"
"20","Tenrec_ecaudatus","Tenrec_ecaudatus.3"
"21","Porphyrio_hochstetteri","Porphyrio_hochstetteri.1"
"22","Cephalophus_silvicultor","Cephalophus_silvicultor.3"
"23","Indohyus","Indohyus.1"
"24","Neusticosaurus","Neusticosaurus.1"
"25","Anarosaurus","Anarosaurus.1"
"26","Leptophoca_proxima","Leptophoca_proxima.1"
"27","Pistosaurus","Pistosaurus.1"
"28","Nanophoca_vitulinoides","Nanophoca_vitulinoides.1"
"29","Rhaeticosaurus","Rhaeticosaurus.1"
"30","Desmostylus_hesperus","Desmostylus_hesperus.1"
"31","Plesiosaurus","Plesiosaurus.1"
"32","Paraplacodus","Paraplacodus.1"
"33","Nanophoca_vitulinoides","Nanophoca_vitulinoides.2"
"34","Plesiosaurus","Plesiosaurus.2"
"35","Cryptoclidus","Cryptoclidus.1"
"36","Champsosaurus","Champsosaurus.1"
"37","Hydromys_chrysogaster","Hydromys_chrysogaster.1"
"38","Basilosaurus","Basilosaurus.1"
"39","Neusticosaurus","Neusticosaurus.2"
"40","Nothosaurus_mirabilis","Nothosaurus_mirabilis.1"
"41","Paraplacodus","Paraplacodus.2"
"42","Aptenodytes______","Aptenodytes______.1"
"43","Champsosaurus","Champsosaurus.2"
"44","Anarosaurus","Anarosaurus.2"
"45","Small_Eocene_penguin","Small_Eocene_penguin.1"
"46","Ichtyosaur_sp","Ichtyosaur_sp.1"
"47","Spinosaurus_","Spinosaurus_.1"
"48","Spinosaurus_","Spinosaurus_.2"
"49","Spinosaurus_","Spinosaurus_.3"
"50","Spinosaurus_","Spinosaurus_.4"
"51","Spinosaurus_","Spinosaurus_.5"
"52","Spinosaurus_","Spinosaurus_.6"
"53","Spinosaurus_","Spinosaurus_.7"
"54","Spinosaurus_","Spinosaurus_.8"
"55","Spinosaurus_","Spinosaurus_.9"
"56","Spinosaurus_","Spinosaurus_.10"
"57","Spinosaurus_","Spinosaurus_.11"
"58","Suchomimus","Suchomimus.1"
"59","Suchomimus","Suchomimus.2"
"60","Suchomimus","Suchomimus.3"
"61","Baryonyx","Baryonyx.1"
"62","Baryonyx","Baryonyx.2"
"63","Baryonyx","Baryonyx.3"
 
* Phylo tree and the main data and strata files have been modified to include duplicated taxa before the scaled random trees are generated.
* Selected categorical labels column: diving.or.not
* diving.or.equal column is identical to Diving column.
* Regression excludes flying taxa.
* Diving labels that are present in regression: 0,2
* lambda (calculated from a random tree) = : 0.08
* index-name alignment check: OK
