Logfile for a session of program: bootstrap_binary.r
-----------------------------------------------------
INPUT:
workDir: C:/dino_nature/output/2023-11-07-D1\bs/set_1389
Nbootstrapsets: 2000
phyloFDAfile: c:/dino_nature/code/phylo.fda.R
auxFile: c:/dino_nature/code/auxiliary.r
boneType: femur
regressionData.file: C:/dino_nature/output/2023-11-07-D1\bs/set_1389/femur_set_1389.csv
applyDataFilter: FALSE
addTreeTips: TRUE
Ntrees: 100
calculateTrees: TRUE
saveTrees: FALSE


OPERATIONAL CHECKS:
* Regression data contains multiple copies of some taxa (user added variants of existing test taxa 
   or replacements due to bootstrap are present) which are not in the phylo tree:
     original taxon,   duplicate   
"1","Dicerorhinus_sumatrensis","Dicerorhinus_sumatrensis.1"
"2","Mammuthus_sp","Mammuthus_sp.1"
"3","Dromaius_","Dromaius_.1"
"4","Atlantisia_rogersi","Atlantisia_rogersi.1"
"5","Euroscaptor_micrura","Euroscaptor_micrura.1"
"6","Atlantisia_rogersi","Atlantisia_rogersi.2"
"7","Okapia_johnstoni","Okapia_johnstoni.1"
"8","Sphenodon_punctatus","Sphenodon_punctatus.1"
"9","Okapia_johnstoni","Okapia_johnstoni.2"
"10","Caloenas_nicobarica","Caloenas_nicobarica.1"
"11","Taxidea_taxus","Taxidea_taxus.1"
"12","Megaloceros_sp","Megaloceros_sp.1"
"13","Meles_meles","Meles_meles.1"
"14","Atlantisia_rogersi","Atlantisia_rogersi.3"
"15","Strigiops_habroptilus","Strigiops_habroptilus.1"
"16","Dasyurus_maculatus","Dasyurus_maculatus.1"
"17","Syncerus_caffer","Syncerus_caffer.1"
"18","Dromaius_","Dromaius_.2"
"19","Basilosaurus","Basilosaurus.1"
"20","Choeropsis_liberiensis","Choeropsis_liberiensis.1"
"21","Placodontia_indet_1","Placodontia_indet_1.1"
"22","Basilosaurus","Basilosaurus.2"
"23","Palaeospheniscus","Palaeospheniscus.1"
"24","Hippopotamus_amphibius","Hippopotamus_amphibius.1"
"25","Maiacetus","Maiacetus.1"
"26","Serpianosaurus","Serpianosaurus.1"
"27","Maiacetus","Maiacetus.2"
"28","Serpianosaurus","Serpianosaurus.2"
"29","Neusticosaurus","Neusticosaurus.1"
"30","Phalacrocorax_harrisi","Phalacrocorax_harrisi.1"
"31","Palaeospheniscus","Palaeospheniscus.2"
"32","Pistosaurus","Pistosaurus.1"
"33","Hydromys_chrysogaster","Hydromys_chrysogaster.1"
"34","Metryorhynchus","Metryorhynchus.1"
"35","Tapirus_terrestris","Tapirus_terrestris.1"
"36","Phalacrocorax_harrisi","Phalacrocorax_harrisi.2"
"37","Nothosaurus_mirabilis","Nothosaurus_mirabilis.1"
"38","Maiacetus","Maiacetus.3"
"39","Basilosaurus","Basilosaurus.3"
"40","Castor_fiber","Castor_fiber.1"
"41","Small_Eocene_penguin","Small_Eocene_penguin.1"
"42","Spinosaurus_","Spinosaurus_.1"
"43","Spinosaurus_","Spinosaurus_.2"
"44","Spinosaurus_","Spinosaurus_.3"
"45","Spinosaurus_","Spinosaurus_.4"
"46","Spinosaurus_","Spinosaurus_.5"
"47","Spinosaurus_","Spinosaurus_.6"
"48","Spinosaurus_","Spinosaurus_.7"
"49","Spinosaurus_","Spinosaurus_.8"
"50","Spinosaurus_","Spinosaurus_.9"
"51","Spinosaurus_","Spinosaurus_.10"
"52","Spinosaurus_","Spinosaurus_.11"
"53","Suchomimus","Suchomimus.1"
"54","Suchomimus","Suchomimus.2"
"55","Suchomimus","Suchomimus.3"
"56","Baryonyx","Baryonyx.1"
"57","Baryonyx","Baryonyx.2"
"58","Baryonyx","Baryonyx.3"
 
* Phylo tree and the main data and strata files have been modified to include duplicated taxa before the scaled random trees are generated.
* Selected categorical labels column: diving.or.not
* diving.or.equal column is identical to Diving column.
* Regression excludes flying taxa.
* Diving labels that are present in regression: 0,2
* lambda (calculated from a random tree) = : 0.11
* index-name alignment check: OK
