Logfile for a session of program: bootstrap_binary.r
-----------------------------------------------------
INPUT:
workDir: C:/dino_nature/output/2023-11-07-D1\bs/set_306
Nbootstrapsets: 2000
phyloFDAfile: c:/dino_nature/code/phylo.fda.R
auxFile: c:/dino_nature/code/auxiliary.r
boneType: femur
regressionData.file: C:/dino_nature/output/2023-11-07-D1\bs/set_306/femur_set_306.csv
applyDataFilter: FALSE
addTreeTips: TRUE
Ntrees: 100
calculateTrees: TRUE
saveTrees: FALSE


OPERATIONAL CHECKS:
* Regression data contains multiple copies of some taxa (user added variants of existing test taxa 
   or replacements due to bootstrap are present) which are not in the phylo tree:
     original taxon,   duplicate   
"1","Alces_americanus","Alces_americanus.1"
"2","Mustela_nivalis","Mustela_nivalis.1"
"3","Nyctereutes_procyonoides","Nyctereutes_procyonoides.1"
"4","Xenicus_giliventris","Xenicus_giliventris.1"
"5","Ceratotherium_simum","Ceratotherium_simum.1"
"6","Alces_americanus","Alces_americanus.2"
"7","Bison_bonasus","Bison_bonasus.1"
"8","Xenicus_giliventris","Xenicus_giliventris.2"
"9","Myrmecophaga_tridactyla","Myrmecophaga_tridactyla.1"
"10","Tribonyx_mortieri","Tribonyx_mortieri.1"
"11","Mustela_nivalis","Mustela_nivalis.2"
"12","Microgale_thomasi","Microgale_thomasi.1"
"13","Ceratotherium_simum","Ceratotherium_simum.2"
"14","Diplomesodon_pulchellum","Diplomesodon_pulchellum.1"
"15","Tamandua_tetradactyla","Tamandua_tetradactyla.1"
"16","Procyon_lotor","Procyon_lotor.1"
"17","Ceratotherium_simum","Ceratotherium_simum.3"
"18","Strigiops_habroptilus","Strigiops_habroptilus.1"
"19","Ceratotherium_simum","Ceratotherium_simum.4"
"20","Myrmecophaga_tridactyla","Myrmecophaga_tridactyla.2"
"21","Dromaius_","Dromaius_.1"
"22","Diplomesodon_pulchellum","Diplomesodon_pulchellum.2"
"23","Tribonyx_mortieri","Tribonyx_mortieri.2"
"24","Xenicus_giliventris","Xenicus_giliventris.3"
"25","Paguma_larvata","Paguma_larvata.1"
"26","Protochampsidae","Protochampsidae.1"
"27","Simosaurus_1","Simosaurus_1.1"
"28","Cryptoclidus","Cryptoclidus.1"
"29","Indohyus","Indohyus.1"
"30","Hesperornis","Hesperornis.1"
"31","Remingtonocetus","Remingtonocetus.1"
"32","Neusticosaurus","Neusticosaurus.1"
"33","Neusticosaurus","Neusticosaurus.2"
"34","Nanophoca_vitulinoides","Nanophoca_vitulinoides.1"
"35","Cryptoclidus","Cryptoclidus.2"
"36","Aptenodytes______","Aptenodytes______.1"
"37","Neusticosaurus","Neusticosaurus.3"
"38","Hesperornis","Hesperornis.2"
"39","Castor_fiber","Castor_fiber.1"
"40","Nothosaurus_mirabilis_1","Nothosaurus_mirabilis_1.1"
"41","Metryorhynchus","Metryorhynchus.1"
"42","Serpianosaurus","Serpianosaurus.1"
"43","Psephoderma","Psephoderma.1"
"44","Simosaurus","Simosaurus.1"
"45","Chapsosaurus_","Chapsosaurus_.1"
"46","Palaeospheniscus","Palaeospheniscus.1"
"47","Hippopotamus_amphibius","Hippopotamus_amphibius.1"
"48","Simosaurus","Simosaurus.2"
"49","Nanophoca_vitulinoides","Nanophoca_vitulinoides.2"
"50","Nothosaurus_mirabilis_1","Nothosaurus_mirabilis_1.2"
"51","Psephoderma","Psephoderma.2"
"52","Alligator","Alligator.1"
"53","Dyrosaurid","Dyrosaurid.1"
"54","Simosaurus","Simosaurus.3"
"55","Spinosaurus_","Spinosaurus_.1"
"56","Spinosaurus_","Spinosaurus_.2"
"57","Spinosaurus_","Spinosaurus_.3"
"58","Spinosaurus_","Spinosaurus_.4"
"59","Spinosaurus_","Spinosaurus_.5"
"60","Spinosaurus_","Spinosaurus_.6"
"61","Spinosaurus_","Spinosaurus_.7"
"62","Spinosaurus_","Spinosaurus_.8"
"63","Spinosaurus_","Spinosaurus_.9"
"64","Spinosaurus_","Spinosaurus_.10"
"65","Spinosaurus_","Spinosaurus_.11"
"66","Suchomimus","Suchomimus.1"
"67","Suchomimus","Suchomimus.2"
"68","Suchomimus","Suchomimus.3"
"69","Baryonyx","Baryonyx.1"
"70","Baryonyx","Baryonyx.2"
"71","Baryonyx","Baryonyx.3"
 
* Phylo tree and the main data and strata files have been modified to include duplicated taxa before the scaled random trees are generated.
* Selected categorical labels column: diving.or.not
* diving.or.equal column is identical to Diving column.
* Regression excludes flying taxa.
* Diving labels that are present in regression: 0,2
* lambda (calculated from a random tree) = : 0.16
* index-name alignment check: OK
