Logfile for a session of program: bootstrap_binary.r
-----------------------------------------------------
INPUT:
workDir: C:/dino_nature/output/2023-11-07-D1\bs/set_1460
Nbootstrapsets: 2000
phyloFDAfile: c:/dino_nature/code/phylo.fda.R
auxFile: c:/dino_nature/code/auxiliary.r
boneType: femur
regressionData.file: C:/dino_nature/output/2023-11-07-D1\bs/set_1460/femur_set_1460.csv
applyDataFilter: FALSE
addTreeTips: TRUE
Ntrees: 100
calculateTrees: TRUE
saveTrees: FALSE


OPERATIONAL CHECKS:
* Regression data contains multiple copies of some taxa (user added variants of existing test taxa 
   or replacements due to bootstrap are present) which are not in the phylo tree:
     original taxon,   duplicate   
"1","Microgale_thomasi","Microgale_thomasi.1"
"2","Bos_taurus","Bos_taurus.1"
"3","Rattus_rattus","Rattus_rattus.1"
"4","Microgale_thomasi","Microgale_thomasi.2"
"5","Dicerorhinus_sumatrensis","Dicerorhinus_sumatrensis.1"
"6","Rattus_rattus","Rattus_rattus.2"
"7","Mammuthus_sp","Mammuthus_sp.1"
"8","Bos_taurus","Bos_taurus.2"
"9","Tenrec_ecaudatus","Tenrec_ecaudatus.1"
"10","Strigiops_habroptilus","Strigiops_habroptilus.1"
"11","Microgale_thomasi","Microgale_thomasi.3"
"12","Rhinoceros_sondaicus","Rhinoceros_sondaicus.1"
"13","Strigiops_habroptilus","Strigiops_habroptilus.2"
"14","Rattus_rattus","Rattus_rattus.3"
"15","Strigiops_habroptilus","Strigiops_habroptilus.3"
"16","Alces_americanus","Alces_americanus.1"
"17","Mus_musculus","Mus_musculus.1"
"18","Metryorhynchus","Metryorhynchus.1"
"19","Placondontia_indet","Placondontia_indet.1"
"20","Small_Eocene_penguin","Small_Eocene_penguin.1"
"21","Metryorhynchus","Metryorhynchus.2"
"22","Cricosaurus","Cricosaurus.1"
"23","Noemys_fodies","Noemys_fodies.1"
"24","Noemys_fodies","Noemys_fodies.2"
"25","Micropotamogale_euwenzorii","Micropotamogale_euwenzorii.1"
"26","Metryorhynchus","Metryorhynchus.3"
"27","Nothosaurus_giganteus","Nothosaurus_giganteus.1"
"28","Lutra_vulgaris","Lutra_vulgaris.1"
"29","Ichtyosaurus_","Ichtyosaurus_.1"
"30","Metryorhynchus","Metryorhynchus.4"
"31","Nanophoca_vitulinoides","Nanophoca_vitulinoides.1"
"32","Lutra_vulgaris","Lutra_vulgaris.2"
"33","Placondontia_indet","Placondontia_indet.2"
"34","Placondontia_indet","Placondontia_indet.3"
"35","Ichtyosaurus_","Ichtyosaurus_.2"
"36","Aptenodytes______","Aptenodytes______.1"
"37","Neusticosaurus","Neusticosaurus.1"
"38","Anarosaurus","Anarosaurus.1"
"39","Palaeospheniscus","Palaeospheniscus.1"
"40","Nothosaurus_mirabilis_1","Nothosaurus_mirabilis_1.1"
"41","Simosaurus_1","Simosaurus_1.1"
"42","Placondontia_indet","Placondontia_indet.4"
"43","Anarosaurus","Anarosaurus.2"
"44","Spinosaurus_","Spinosaurus_.1"
"45","Spinosaurus_","Spinosaurus_.2"
"46","Spinosaurus_","Spinosaurus_.3"
"47","Spinosaurus_","Spinosaurus_.4"
"48","Spinosaurus_","Spinosaurus_.5"
"49","Spinosaurus_","Spinosaurus_.6"
"50","Spinosaurus_","Spinosaurus_.7"
"51","Spinosaurus_","Spinosaurus_.8"
"52","Spinosaurus_","Spinosaurus_.9"
"53","Spinosaurus_","Spinosaurus_.10"
"54","Spinosaurus_","Spinosaurus_.11"
"55","Suchomimus","Suchomimus.1"
"56","Suchomimus","Suchomimus.2"
"57","Suchomimus","Suchomimus.3"
"58","Baryonyx","Baryonyx.1"
"59","Baryonyx","Baryonyx.2"
"60","Baryonyx","Baryonyx.3"
 
* Phylo tree and the main data and strata files have been modified to include duplicated taxa before the scaled random trees are generated.
* Selected categorical labels column: diving.or.not
* diving.or.equal column is identical to Diving column.
* Regression excludes flying taxa.
* Diving labels that are present in regression: 0,2
* lambda (calculated from a random tree) = : 0.12
* index-name alignment check: OK
