Logfile for a session of program: bootstrap_binary.r
-----------------------------------------------------
INPUT:
workDir: C:/dino_nature/output/2023-11-07-D1\bs/set_642
Nbootstrapsets: 2000
phyloFDAfile: c:/dino_nature/code/phylo.fda.R
auxFile: c:/dino_nature/code/auxiliary.r
boneType: femur
regressionData.file: C:/dino_nature/output/2023-11-07-D1\bs/set_642/femur_set_642.csv
applyDataFilter: FALSE
addTreeTips: TRUE
Ntrees: 100
calculateTrees: TRUE
saveTrees: FALSE


OPERATIONAL CHECKS:
* Regression data contains multiple copies of some taxa (user added variants of existing test taxa 
   or replacements due to bootstrap are present) which are not in the phylo tree:
     original taxon,   duplicate   
"1","Dromaius_","Dromaius_.1"
"2","Diplomesodon_pulchellum","Diplomesodon_pulchellum.1"
"3","Apteryx_owenii_","Apteryx_owenii_.1"
"4","Strigiops_habroptilus","Strigiops_habroptilus.1"
"5","Tenrec_ecaudatus","Tenrec_ecaudatus.1"
"6","Tenrec_ecaudatus","Tenrec_ecaudatus.2"
"7","Meles_meles","Meles_meles.1"
"8","Apteryx_owenii_","Apteryx_owenii_.2"
"9","Nyctereutes_procyonoides","Nyctereutes_procyonoides.1"
"10","Procyon_lotor","Procyon_lotor.1"
"11","Atlantisia_rogersi","Atlantisia_rogersi.1"
"12","Loxodonta_africana","Loxodonta_africana.1"
"13","Rattus_rattus","Rattus_rattus.1"
"14","Monodelphis_domestica","Monodelphis_domestica.1"
"15","Paguma_larvata","Paguma_larvata.1"
"16","Atlantisia_rogersi","Atlantisia_rogersi.2"
"17","Nyctereutes_procyonoides","Nyctereutes_procyonoides.2"
"18","Giraffa_camelopardalis","Giraffa_camelopardalis.1"
"19","Diplomesodon_pulchellum","Diplomesodon_pulchellum.2"
"20","Rattus_rattus","Rattus_rattus.2"
"21","Mammuthus_sp","Mammuthus_sp.1"
"22","Otaria_byronia","Otaria_byronia.1"
"23","Nothosaurus_568","Nothosaurus_568.1"
"24","Rodhocetus","Rodhocetus.1"
"25","Maiacetus","Maiacetus.1"
"26","Hexaprotodon_garyam","Hexaprotodon_garyam.1"
"27","Protochampsidae","Protochampsidae.1"
"28","Phalacrocorax_harrisi","Phalacrocorax_harrisi.1"
"29","Hexaprotodon_garyam","Hexaprotodon_garyam.2"
"30","Nothosaurus_102","Nothosaurus_102.1"
"31","Indohyus","Indohyus.1"
"32","Phalacrocorax_harrisi","Phalacrocorax_harrisi.2"
"33","Neusticosaurus","Neusticosaurus.1"
"34","Protochampsidae","Protochampsidae.2"
"35","Maiacetus","Maiacetus.2"
"36","Lutra_vulgaris","Lutra_vulgaris.1"
"37","Simosaurus_1","Simosaurus_1.1"
"38","Paraplacodus","Paraplacodus.1"
"39","Maiacetus","Maiacetus.3"
"40","Otaria_byronia","Otaria_byronia.2"
"41","Paraplacodus","Paraplacodus.2"
"42","Rodhocetus","Rodhocetus.2"
"43","Ornithorhynchus_anatinus","Ornithorhynchus_anatinus.1"
"44","Indohyus","Indohyus.2"
"45","Simosaurus_1","Simosaurus_1.2"
"46","Spinosaurus_","Spinosaurus_.1"
"47","Spinosaurus_","Spinosaurus_.2"
"48","Spinosaurus_","Spinosaurus_.3"
"49","Spinosaurus_","Spinosaurus_.4"
"50","Spinosaurus_","Spinosaurus_.5"
"51","Spinosaurus_","Spinosaurus_.6"
"52","Spinosaurus_","Spinosaurus_.7"
"53","Spinosaurus_","Spinosaurus_.8"
"54","Spinosaurus_","Spinosaurus_.9"
"55","Spinosaurus_","Spinosaurus_.10"
"56","Spinosaurus_","Spinosaurus_.11"
"57","Suchomimus","Suchomimus.1"
"58","Suchomimus","Suchomimus.2"
"59","Suchomimus","Suchomimus.3"
"60","Baryonyx","Baryonyx.1"
"61","Baryonyx","Baryonyx.2"
"62","Baryonyx","Baryonyx.3"
 
* Phylo tree and the main data and strata files have been modified to include duplicated taxa before the scaled random trees are generated.
* Selected categorical labels column: diving.or.not
* diving.or.equal column is identical to Diving column.
* Regression excludes flying taxa.
* Diving labels that are present in regression: 0,2
* lambda (calculated from a random tree) = : 0.11
* index-name alignment check: OK
