Logfile for a session of program: bootstrap_binary.r
-----------------------------------------------------
INPUT:
workDir: C:/dino_nature/output/2023-11-07-D1\bs/set_452
Nbootstrapsets: 2000
phyloFDAfile: c:/dino_nature/code/phylo.fda.R
auxFile: c:/dino_nature/code/auxiliary.r
boneType: femur
regressionData.file: C:/dino_nature/output/2023-11-07-D1\bs/set_452/femur_set_452.csv
applyDataFilter: FALSE
addTreeTips: TRUE
Ntrees: 100
calculateTrees: TRUE
saveTrees: FALSE


OPERATIONAL CHECKS:
* Regression data contains multiple copies of some taxa (user added variants of existing test taxa 
   or replacements due to bootstrap are present) which are not in the phylo tree:
     original taxon,   duplicate   
"1","Elephas_maximus","Elephas_maximus.1"
"2","Rhinoceros_sondaicus","Rhinoceros_sondaicus.1"
"3","Apteryx_owenii_","Apteryx_owenii_.1"
"4","Mus_musculus","Mus_musculus.1"
"5","Hemiechinus_azurites","Hemiechinus_azurites.1"
"6","Elephas_maximus","Elephas_maximus.2"
"7","Ceratotherium_simum","Ceratotherium_simum.1"
"8","Lama_guanicoe","Lama_guanicoe.1"
"9","Rattus_rattus","Rattus_rattus.1"
"10","Xenicus_giliventris","Xenicus_giliventris.1"
"11","Bos_taurus","Bos_taurus.1"
"12","Raphus","Raphus.1"
"13","Brachyodus_onoideum","Brachyodus_onoideum.1"
"14","Rhinoceros_sondaicus","Rhinoceros_sondaicus.2"
"15","Tenrec_ecaudatus","Tenrec_ecaudatus.1"
"16","Okapia_johnstoni","Okapia_johnstoni.1"
"17","Cephalophus_silvicultor","Cephalophus_silvicultor.1"
"18","Xenicus_giliventris","Xenicus_giliventris.2"
"19","Hemiechinus_azurites","Hemiechinus_azurites.2"
"20","Rupicapra_rupicapra","Rupicapra_rupicapra.1"
"21","Apteryx_owenii_","Apteryx_owenii_.2"
"22","Remingtonocetus","Remingtonocetus.1"
"23","Nothosaurus_150","Nothosaurus_150.1"
"24","Leptophoca_proxima","Leptophoca_proxima.1"
"25","Ichtyosaur_sp","Ichtyosaur_sp.1"
"26","Basilosaurus","Basilosaurus.1"
"27","Leptophoca_proxima","Leptophoca_proxima.2"
"28","Lutra_vulgaris","Lutra_vulgaris.1"
"29","Rodhocetus","Rodhocetus.1"
"30","Nanophoca_vitulinoides","Nanophoca_vitulinoides.1"
"31","Leptophoca_proxima","Leptophoca_proxima.3"
"32","Callophoca_obscura","Callophoca_obscura.1"
"33","Rodhocetus","Rodhocetus.2"
"34","Ichtyosaur_sp","Ichtyosaur_sp.2"
"35","Desmostylus_hesperus","Desmostylus_hesperus.1"
"36","Protochampsidae","Protochampsidae.1"
"37","Micropotamogale_euwenzorii","Micropotamogale_euwenzorii.1"
"38","Ichtyosaurus_","Ichtyosaurus_.1"
"39","Maiacetus","Maiacetus.1"
"40","Nothosaurus_150","Nothosaurus_150.2"
"41","Indohyus","Indohyus.1"
"42","Rodhocetus","Rodhocetus.3"
"43","large_eocene_stem_penguin","large_eocene_stem_penguin.1"
"44","Spinosaurus_","Spinosaurus_.1"
"45","Spinosaurus_","Spinosaurus_.2"
"46","Spinosaurus_","Spinosaurus_.3"
"47","Spinosaurus_","Spinosaurus_.4"
"48","Spinosaurus_","Spinosaurus_.5"
"49","Spinosaurus_","Spinosaurus_.6"
"50","Spinosaurus_","Spinosaurus_.7"
"51","Spinosaurus_","Spinosaurus_.8"
"52","Spinosaurus_","Spinosaurus_.9"
"53","Spinosaurus_","Spinosaurus_.10"
"54","Spinosaurus_","Spinosaurus_.11"
"55","Suchomimus","Suchomimus.1"
"56","Suchomimus","Suchomimus.2"
"57","Suchomimus","Suchomimus.3"
"58","Baryonyx","Baryonyx.1"
"59","Baryonyx","Baryonyx.2"
"60","Baryonyx","Baryonyx.3"
 
* Phylo tree and the main data and strata files have been modified to include duplicated taxa before the scaled random trees are generated.
* Selected categorical labels column: diving.or.not
* diving.or.equal column is identical to Diving column.
* Regression excludes flying taxa.
* Diving labels that are present in regression: 0,2
* lambda (calculated from a random tree) = : 0.09
* index-name alignment check: OK
