Logfile for a session of program: bootstrap_binary.r
-----------------------------------------------------
INPUT:
workDir: C:/dino_nature/output/2023-11-07-D1\bs/set_92
Nbootstrapsets: 2000
phyloFDAfile: c:/dino_nature/code/phylo.fda.R
auxFile: c:/dino_nature/code/auxiliary.r
boneType: femur
regressionData.file: C:/dino_nature/output/2023-11-07-D1\bs/set_92/femur_set_92.csv
applyDataFilter: FALSE
addTreeTips: TRUE
Ntrees: 100
calculateTrees: TRUE
saveTrees: FALSE


OPERATIONAL CHECKS:
* Regression data contains multiple copies of some taxa (user added variants of existing test taxa 
   or replacements due to bootstrap are present) which are not in the phylo tree:
     original taxon,   duplicate   
"1","Meles_meles","Meles_meles.1"
"2","Dromaius_","Dromaius_.1"
"3","Hemiechinus_azurites","Hemiechinus_azurites.1"
"4","Dicerorhinus_sumatrensis","Dicerorhinus_sumatrensis.1"
"5","Hemiechinus_azurites","Hemiechinus_azurites.2"
"6","Dicerorhinus_sumatrensis","Dicerorhinus_sumatrensis.2"
"7","Vulpes_vulpes","Vulpes_vulpes.1"
"8","Euroscaptor_micrura","Euroscaptor_micrura.1"
"9","Alces_americanus","Alces_americanus.1"
"10","Mustela_nivalis","Mustela_nivalis.1"
"11","Giraffa_camelopardalis","Giraffa_camelopardalis.1"
"12","Elomeryx_borbonicus_","Elomeryx_borbonicus_.1"
"13","Monodelphis_domestica","Monodelphis_domestica.1"
"14","Brachyodus_onoideum","Brachyodus_onoideum.1"
"15","Mus_musculus","Mus_musculus.1"
"16","Felis_felis","Felis_felis.1"
"17","Dasyurus_maculatus","Dasyurus_maculatus.1"
"18","Rynochetus_jubatus","Rynochetus_jubatus.1"
"19","Mammuthus_sp","Mammuthus_sp.1"
"20","Mammuthus_sp","Mammuthus_sp.2"
"21","Dicerorhinus_sumatrensis","Dicerorhinus_sumatrensis.3"
"22","Atlantisia_rogersi","Atlantisia_rogersi.1"
"23","Lama_guanicoe","Lama_guanicoe.1"
"24","Caiman_yacare","Caiman_yacare.1"
"25","Desmostylus_hesperus","Desmostylus_hesperus.1"
"26","Pistosaurus","Pistosaurus.1"
"27","Tapirus_terrestris","Tapirus_terrestris.1"
"28","Callophoca_obscura","Callophoca_obscura.1"
"29","Palaeospheniscus","Palaeospheniscus.1"
"30","Pistosaurus","Pistosaurus.2"
"31","Plesiosaurus","Plesiosaurus.1"
"32","Nothosaurus_mirabilis_1","Nothosaurus_mirabilis_1.1"
"33","Phalacrocorax_harrisi","Phalacrocorax_harrisi.1"
"34","Anarosaurus","Anarosaurus.1"
"35","Maiacetus","Maiacetus.1"
"36","Rodhocetus","Rodhocetus.1"
"37","Cryptoclidus","Cryptoclidus.1"
"38","Basilosaurus","Basilosaurus.1"
"39","Callophoca_obscura","Callophoca_obscura.2"
"40","Nothosaurus_mirabilis_1","Nothosaurus_mirabilis_1.2"
"41","Champsosaurus","Champsosaurus.1"
"42","Spinosaurus_","Spinosaurus_.1"
"43","Spinosaurus_","Spinosaurus_.2"
"44","Spinosaurus_","Spinosaurus_.3"
"45","Spinosaurus_","Spinosaurus_.4"
"46","Spinosaurus_","Spinosaurus_.5"
"47","Spinosaurus_","Spinosaurus_.6"
"48","Spinosaurus_","Spinosaurus_.7"
"49","Spinosaurus_","Spinosaurus_.8"
"50","Spinosaurus_","Spinosaurus_.9"
"51","Spinosaurus_","Spinosaurus_.10"
"52","Spinosaurus_","Spinosaurus_.11"
"53","Suchomimus","Suchomimus.1"
"54","Suchomimus","Suchomimus.2"
"55","Suchomimus","Suchomimus.3"
"56","Baryonyx","Baryonyx.1"
"57","Baryonyx","Baryonyx.2"
"58","Baryonyx","Baryonyx.3"
 
* Phylo tree and the main data and strata files have been modified to include duplicated taxa before the scaled random trees are generated.
* Selected categorical labels column: diving.or.not
* diving.or.equal column is identical to Diving column.
* Regression excludes flying taxa.
* Diving labels that are present in regression: 0,2
* lambda (calculated from a random tree) = : 0.08
* index-name alignment check: OK
