Logfile for a session of program: bootstrap_binary.r
-----------------------------------------------------
INPUT:
workDir: C:/dino_nature/output/2023-11-07-D1\bs/set_1945
Nbootstrapsets: 2000
phyloFDAfile: c:/dino_nature/code/phylo.fda.R
auxFile: c:/dino_nature/code/auxiliary.r
boneType: femur
regressionData.file: C:/dino_nature/output/2023-11-07-D1\bs/set_1945/femur_set_1945.csv
applyDataFilter: FALSE
addTreeTips: TRUE
Ntrees: 100
calculateTrees: TRUE
saveTrees: FALSE


OPERATIONAL CHECKS:
* Regression data contains multiple copies of some taxa (user added variants of existing test taxa 
   or replacements due to bootstrap are present) which are not in the phylo tree:
     original taxon,   duplicate   
"1","Rangifer_tarandus","Rangifer_tarandus.1"
"2","Lama_guanicoe","Lama_guanicoe.1"
"3","Procyon_lotor","Procyon_lotor.1"
"4","Megaloceros_sp","Megaloceros_sp.1"
"5","Pogona_viceps","Pogona_viceps.1"
"6","Elephas_maximus","Elephas_maximus.1"
"7","Rhynchocyon_petersi","Rhynchocyon_petersi.1"
"8","Pogona_viceps","Pogona_viceps.2"
"9","Nyctereutes_procyonoides","Nyctereutes_procyonoides.1"
"10","Dasyurus_maculatus","Dasyurus_maculatus.1"
"11","Ceratotherium_simum","Ceratotherium_simum.1"
"12","Elomeryx_borbonicus_","Elomeryx_borbonicus_.1"
"13","Elomeryx_borbonicus_","Elomeryx_borbonicus_.2"
"14","Tribonyx_mortieri","Tribonyx_mortieri.1"
"15","Tamandua_tetradactyla","Tamandua_tetradactyla.1"
"16","Mammuthus_sp","Mammuthus_sp.1"
"17","Lama_guanicoe","Lama_guanicoe.2"
"18","Dasyurus_maculatus","Dasyurus_maculatus.2"
"19","Tenrec_ecaudatus","Tenrec_ecaudatus.1"
"20","Giraffa_camelopardalis","Giraffa_camelopardalis.1"
"21","Dasyurus_maculatus","Dasyurus_maculatus.3"
"22","Tenrec_ecaudatus","Tenrec_ecaudatus.2"
"23","Metryorhynchus","Metryorhynchus.1"
"24","Otaria_byronia","Otaria_byronia.1"
"25","Spheniscus","Spheniscus.1"
"26","Serpianosaurus","Serpianosaurus.1"
"27","Pistosaurus","Pistosaurus.1"
"28","Phocanella_pumila","Phocanella_pumila.1"
"29","Chironectes_minimus","Chironectes_minimus.1"
"30","Callophoca_obscura","Callophoca_obscura.1"
"31","Indohyus","Indohyus.1"
"32","Callophoca_obscura","Callophoca_obscura.2"
"33","Nothosaurus_mirabilis","Nothosaurus_mirabilis.1"
"34","Nothosaurus_mirabilis","Nothosaurus_mirabilis.2"
"35","Basilosaurus","Basilosaurus.1"
"36","Dyrosaurid","Dyrosaurid.1"
"37","Dyrosaurid","Dyrosaurid.2"
"38","Indohyus","Indohyus.2"
"39","Pistosaurus","Pistosaurus.2"
"40","Protochampsidae","Protochampsidae.1"
"41","Callophoca_obscura","Callophoca_obscura.3"
"42","Caiman_yacare","Caiman_yacare.1"
"43","Nothosaurus_568","Nothosaurus_568.1"
"44","Spinosaurus_","Spinosaurus_.1"
"45","Spinosaurus_","Spinosaurus_.2"
"46","Spinosaurus_","Spinosaurus_.3"
"47","Spinosaurus_","Spinosaurus_.4"
"48","Spinosaurus_","Spinosaurus_.5"
"49","Spinosaurus_","Spinosaurus_.6"
"50","Spinosaurus_","Spinosaurus_.7"
"51","Spinosaurus_","Spinosaurus_.8"
"52","Spinosaurus_","Spinosaurus_.9"
"53","Spinosaurus_","Spinosaurus_.10"
"54","Spinosaurus_","Spinosaurus_.11"
"55","Suchomimus","Suchomimus.1"
"56","Suchomimus","Suchomimus.2"
"57","Suchomimus","Suchomimus.3"
"58","Baryonyx","Baryonyx.1"
"59","Baryonyx","Baryonyx.2"
"60","Baryonyx","Baryonyx.3"
 
* Phylo tree and the main data and strata files have been modified to include duplicated taxa before the scaled random trees are generated.
* Selected categorical labels column: diving.or.not
* diving.or.equal column is identical to Diving column.
* Regression excludes flying taxa.
* Diving labels that are present in regression: 0,2
* lambda (calculated from a random tree) = : 0.14
* index-name alignment check: OK
