Logfile for a session of program: bootstrap_binary.r
-----------------------------------------------------
INPUT:
workDir: C:/dino_nature/output/2023-11-07-D1\bs/set_1154
Nbootstrapsets: 2000
phyloFDAfile: c:/dino_nature/code/phylo.fda.R
auxFile: c:/dino_nature/code/auxiliary.r
boneType: femur
regressionData.file: C:/dino_nature/output/2023-11-07-D1\bs/set_1154/femur_set_1154.csv
applyDataFilter: FALSE
addTreeTips: TRUE
Ntrees: 100
calculateTrees: TRUE
saveTrees: FALSE


OPERATIONAL CHECKS:
* Regression data contains multiple copies of some taxa (user added variants of existing test taxa 
   or replacements due to bootstrap are present) which are not in the phylo tree:
     original taxon,   duplicate   
"1","Dromaius_","Dromaius_.1"
"2","Mus_musculus","Mus_musculus.1"
"3","Mustela_nivalis","Mustela_nivalis.1"
"4","Dasyurus_maculatus","Dasyurus_maculatus.1"
"5","Mustela_nivalis","Mustela_nivalis.2"
"6","Sphenodon_punctatus","Sphenodon_punctatus.1"
"7","Sphenodon_punctatus","Sphenodon_punctatus.2"
"8","Mus_musculus","Mus_musculus.2"
"9","Rhinoceros_sondaicus","Rhinoceros_sondaicus.1"
"10","Euroscaptor_micrura","Euroscaptor_micrura.1"
"11","Dromaius_","Dromaius_.2"
"12","Mus_musculus","Mus_musculus.3"
"13","Ceratotherium_simum","Ceratotherium_simum.1"
"14","Procyon_lotor","Procyon_lotor.1"
"15","Ceratotherium_simum","Ceratotherium_simum.2"
"16","Cephalophus_silvicultor","Cephalophus_silvicultor.1"
"17","Dromaius_","Dromaius_.3"
"18","Ceratotherium_simum","Ceratotherium_simum.3"
"19","Mustela_nivalis","Mustela_nivalis.3"
"20","Tribonyx_mortieri","Tribonyx_mortieri.1"
"21","Xenicus_giliventris","Xenicus_giliventris.1"
"22","Felis_felis","Felis_felis.1"
"23","Ornithorhynchus_anatinus","Ornithorhynchus_anatinus.1"
"24","Metryorhynchus","Metryorhynchus.1"
"25","Palaeospheniscus","Palaeospheniscus.1"
"26","Spheniscus","Spheniscus.1"
"27","Ichtyosaurus_","Ichtyosaurus_.1"
"28","Neusticosaurus","Neusticosaurus.1"
"29","Nothosaurus_giganteus","Nothosaurus_giganteus.1"
"30","Chironectes_minimus","Chironectes_minimus.1"
"31","Serpianosaurus","Serpianosaurus.1"
"32","Simosaurus","Simosaurus.1"
"33","Cricosaurus","Cricosaurus.1"
"34","Metryorhynchus","Metryorhynchus.2"
"35","Metryorhynchus","Metryorhynchus.3"
"36","Protochampsidae","Protochampsidae.1"
"37","Chapsosaurus_","Chapsosaurus_.1"
"38","Nothosaurus_mirabilis","Nothosaurus_mirabilis.1"
"39","Spheniscus","Spheniscus.2"
"40","Dyrosaurid","Dyrosaurid.1"
"41","Hydromys_chrysogaster","Hydromys_chrysogaster.1"
"42","Anarosaurus","Anarosaurus.1"
"43","Pistosaurus","Pistosaurus.1"
"44","Rodhocetus","Rodhocetus.1"
"45","Nothosaurus_giganteus","Nothosaurus_giganteus.2"
"46","Callophoca_obscura","Callophoca_obscura.1"
"47","Spinosaurus_","Spinosaurus_.1"
"48","Spinosaurus_","Spinosaurus_.2"
"49","Spinosaurus_","Spinosaurus_.3"
"50","Spinosaurus_","Spinosaurus_.4"
"51","Spinosaurus_","Spinosaurus_.5"
"52","Spinosaurus_","Spinosaurus_.6"
"53","Spinosaurus_","Spinosaurus_.7"
"54","Spinosaurus_","Spinosaurus_.8"
"55","Spinosaurus_","Spinosaurus_.9"
"56","Spinosaurus_","Spinosaurus_.10"
"57","Spinosaurus_","Spinosaurus_.11"
"58","Suchomimus","Suchomimus.1"
"59","Suchomimus","Suchomimus.2"
"60","Suchomimus","Suchomimus.3"
"61","Baryonyx","Baryonyx.1"
"62","Baryonyx","Baryonyx.2"
"63","Baryonyx","Baryonyx.3"
 
* Phylo tree and the main data and strata files have been modified to include duplicated taxa before the scaled random trees are generated.
* Selected categorical labels column: diving.or.not
* diving.or.equal column is identical to Diving column.
* Regression excludes flying taxa.
* Diving labels that are present in regression: 0,2
* lambda (calculated from a random tree) = : 0.14
* index-name alignment check: OK
