Logfile for a session of program: bootstrap_binary.r
-----------------------------------------------------
INPUT:
workDir: C:/dino_nature/output/2023-11-07-D1\bs/set_1882
Nbootstrapsets: 2000
phyloFDAfile: c:/dino_nature/code/phylo.fda.R
auxFile: c:/dino_nature/code/auxiliary.r
boneType: femur
regressionData.file: C:/dino_nature/output/2023-11-07-D1\bs/set_1882/femur_set_1882.csv
applyDataFilter: FALSE
addTreeTips: TRUE
Ntrees: 100
calculateTrees: TRUE
saveTrees: FALSE


OPERATIONAL CHECKS:
* Regression data contains multiple copies of some taxa (user added variants of existing test taxa 
   or replacements due to bootstrap are present) which are not in the phylo tree:
     original taxon,   duplicate   
"1","Dama_dama","Dama_dama.1"
"2","Tenrec_ecaudatus","Tenrec_ecaudatus.1"
"3","Mammuthus_sp","Mammuthus_sp.1"
"4","Myrmecophaga_tridactyla","Myrmecophaga_tridactyla.1"
"5","Dasyurus_maculatus","Dasyurus_maculatus.1"
"6","Vulpes_vulpes","Vulpes_vulpes.1"
"7","Dama_dama","Dama_dama.2"
"8","Lacerta_viridis","Lacerta_viridis.1"
"9","Pogona_viceps","Pogona_viceps.1"
"10","Paguma_larvata","Paguma_larvata.1"
"11","Microgale_thomasi","Microgale_thomasi.1"
"12","Dasyurus_maculatus","Dasyurus_maculatus.2"
"13","Paguma_larvata","Paguma_larvata.2"
"14","Tamandua_tetradactyla","Tamandua_tetradactyla.1"
"15","Microgale_thomasi","Microgale_thomasi.2"
"16","Capreolus_capreolus","Capreolus_capreolus.1"
"17","Paguma_larvata","Paguma_larvata.3"
"18","Tenrec_ecaudatus","Tenrec_ecaudatus.2"
"19","Loxodonta_africana","Loxodonta_africana.1"
"20","Otaria_byronia","Otaria_byronia.1"
"21","Maiacetus","Maiacetus.1"
"22","Ornithorhynchus_anatinus","Ornithorhynchus_anatinus.1"
"23","Ornithorhynchus_anatinus","Ornithorhynchus_anatinus.2"
"24","Ichtyosaur_sp","Ichtyosaur_sp.1"
"25","Hippopotamus_amphibius","Hippopotamus_amphibius.1"
"26","Ichtyosaur_sp","Ichtyosaur_sp.2"
"27","Hesperornis","Hesperornis.1"
"28","Pistosaurus","Pistosaurus.1"
"29","Remingtonocetus","Remingtonocetus.1"
"30","Nanophoca_vitulinoides","Nanophoca_vitulinoides.1"
"31","Phalacrocorax_harrisi","Phalacrocorax_harrisi.1"
"32","Leptophoca_proxima","Leptophoca_proxima.1"
"33","Pistosaurus","Pistosaurus.2"
"34","Maiacetus","Maiacetus.2"
"35","Palaeospheniscus","Palaeospheniscus.1"
"36","Nothosaurus_568","Nothosaurus_568.1"
"37","Remingtonocetus","Remingtonocetus.2"
"38","Simosaurus","Simosaurus.1"
"39","Psephoderma","Psephoderma.1"
"40","Maiacetus","Maiacetus.3"
"41","Spinosaurus_","Spinosaurus_.1"
"42","Spinosaurus_","Spinosaurus_.2"
"43","Spinosaurus_","Spinosaurus_.3"
"44","Spinosaurus_","Spinosaurus_.4"
"45","Spinosaurus_","Spinosaurus_.5"
"46","Spinosaurus_","Spinosaurus_.6"
"47","Spinosaurus_","Spinosaurus_.7"
"48","Spinosaurus_","Spinosaurus_.8"
"49","Spinosaurus_","Spinosaurus_.9"
"50","Spinosaurus_","Spinosaurus_.10"
"51","Spinosaurus_","Spinosaurus_.11"
"52","Suchomimus","Suchomimus.1"
"53","Suchomimus","Suchomimus.2"
"54","Suchomimus","Suchomimus.3"
"55","Baryonyx","Baryonyx.1"
"56","Baryonyx","Baryonyx.2"
"57","Baryonyx","Baryonyx.3"
 
* Phylo tree and the main data and strata files have been modified to include duplicated taxa before the scaled random trees are generated.
* Selected categorical labels column: diving.or.not
* diving.or.equal column is identical to Diving column.
* Regression excludes flying taxa.
* Diving labels that are present in regression: 0,2
* lambda (calculated from a random tree) = : 0.14
* index-name alignment check: OK
