Logfile for a session of program: bootstrap_binary.r
-----------------------------------------------------
INPUT:
workDir: C:/dino_nature/output/2023-11-07-D1\bs/set_234
Nbootstrapsets: 2000
phyloFDAfile: c:/dino_nature/code/phylo.fda.R
auxFile: c:/dino_nature/code/auxiliary.r
boneType: femur
regressionData.file: C:/dino_nature/output/2023-11-07-D1\bs/set_234/femur_set_234.csv
applyDataFilter: FALSE
addTreeTips: TRUE
Ntrees: 100
calculateTrees: TRUE
saveTrees: FALSE


OPERATIONAL CHECKS:
* Regression data contains multiple copies of some taxa (user added variants of existing test taxa 
   or replacements due to bootstrap are present) which are not in the phylo tree:
     original taxon,   duplicate   
"1","Cephalophus_silvicultor","Cephalophus_silvicultor.1"
"2","Diplomesodon_pulchellum","Diplomesodon_pulchellum.1"
"3","Cephalophus_silvicultor","Cephalophus_silvicultor.2"
"4","Okapia_johnstoni","Okapia_johnstoni.1"
"5","Uncia_uncia","Uncia_uncia.1"
"6","Rangifer_tarandus","Rangifer_tarandus.1"
"7","Vulpes_vulpes","Vulpes_vulpes.1"
"8","Rhinoceros_sondaicus","Rhinoceros_sondaicus.1"
"9","Taxidea_taxus","Taxidea_taxus.1"
"10","Apteryx_australis","Apteryx_australis.1"
"11","Rangifer_tarandus","Rangifer_tarandus.2"
"12","Dromaius_","Dromaius_.1"
"13","Elephas_maximus","Elephas_maximus.1"
"14","Atlantisia_rogersi","Atlantisia_rogersi.1"
"15","Porphyrio_hochstetteri","Porphyrio_hochstetteri.1"
"16","Rattus_rattus","Rattus_rattus.1"
"17","Rhinoceros_sondaicus","Rhinoceros_sondaicus.2"
"18","Taxidea_taxus","Taxidea_taxus.2"
"19","Elephas_maximus","Elephas_maximus.2"
"20","Sus_scrofa","Sus_scrofa.1"
"21","Cephalophus_silvicultor","Cephalophus_silvicultor.3"
"22","Raphus","Raphus.1"
"23","Hexaprotodon_garyam","Hexaprotodon_garyam.1"
"24","Palaeospheniscus","Palaeospheniscus.1"
"25","Nanophoca_vitulinoides","Nanophoca_vitulinoides.1"
"26","Simosaurus","Simosaurus.1"
"27","Small_Eocene_penguin","Small_Eocene_penguin.1"
"28","Champsosaurus","Champsosaurus.1"
"29","Otaria_byronia","Otaria_byronia.1"
"30","Placodontia_indet_1","Placodontia_indet_1.1"
"31","Remingtonocetus","Remingtonocetus.1"
"32","Ichtyosaur_sp","Ichtyosaur_sp.1"
"33","Champsosaurus","Champsosaurus.2"
"34","Castor_fiber","Castor_fiber.1"
"35","Plesiosaurus","Plesiosaurus.1"
"36","Choeropsis_liberiensis","Choeropsis_liberiensis.1"
"37","Indohyus","Indohyus.1"
"38","Remingtonocetus","Remingtonocetus.2"
"39","Indohyus","Indohyus.2"
"40","Cricosaurus","Cricosaurus.1"
"41","Phocanella_pumila","Phocanella_pumila.1"
"42","Phalacrocorax_harrisi","Phalacrocorax_harrisi.1"
"43","Small_Eocene_penguin","Small_Eocene_penguin.2"
"44","Dyrosaurid","Dyrosaurid.1"
"45","Nothosaurus_giganteus","Nothosaurus_giganteus.1"
"46","Castor_fiber","Castor_fiber.2"
"47","Indohyus","Indohyus.3"
"48","Lutra_vulgaris","Lutra_vulgaris.1"
"49","Spinosaurus_","Spinosaurus_.1"
"50","Spinosaurus_","Spinosaurus_.2"
"51","Spinosaurus_","Spinosaurus_.3"
"52","Spinosaurus_","Spinosaurus_.4"
"53","Spinosaurus_","Spinosaurus_.5"
"54","Spinosaurus_","Spinosaurus_.6"
"55","Spinosaurus_","Spinosaurus_.7"
"56","Spinosaurus_","Spinosaurus_.8"
"57","Spinosaurus_","Spinosaurus_.9"
"58","Spinosaurus_","Spinosaurus_.10"
"59","Spinosaurus_","Spinosaurus_.11"
"60","Suchomimus","Suchomimus.1"
"61","Suchomimus","Suchomimus.2"
"62","Suchomimus","Suchomimus.3"
"63","Baryonyx","Baryonyx.1"
"64","Baryonyx","Baryonyx.2"
"65","Baryonyx","Baryonyx.3"
 
* Phylo tree and the main data and strata files have been modified to include duplicated taxa before the scaled random trees are generated.
* Selected categorical labels column: diving.or.not
* diving.or.equal column is identical to Diving column.
* Regression excludes flying taxa.
* Diving labels that are present in regression: 0,2
* lambda (calculated from a random tree) = : 0.08
* index-name alignment check: OK
