Logfile for a session of program: bootstrap_binary.r
-----------------------------------------------------
INPUT:
workDir: C:/dino_nature/output/2023-11-07-D1\bs/set_1984
Nbootstrapsets: 2000
phyloFDAfile: c:/dino_nature/code/phylo.fda.R
auxFile: c:/dino_nature/code/auxiliary.r
boneType: femur
regressionData.file: C:/dino_nature/output/2023-11-07-D1\bs/set_1984/femur_set_1984.csv
applyDataFilter: FALSE
addTreeTips: TRUE
Ntrees: 100
calculateTrees: TRUE
saveTrees: FALSE


OPERATIONAL CHECKS:
* Regression data contains multiple copies of some taxa (user added variants of existing test taxa 
   or replacements due to bootstrap are present) which are not in the phylo tree:
     original taxon,   duplicate   
"1","Strigiops_habroptilus","Strigiops_habroptilus.1"
"2","Rhinoceros_sondaicus","Rhinoceros_sondaicus.1"
"3","Rhinoceros_sondaicus","Rhinoceros_sondaicus.2"
"4","Meles_meles","Meles_meles.1"
"5","Rhinoceros_sondaicus","Rhinoceros_sondaicus.3"
"6","Meles_meles","Meles_meles.2"
"7","Monodelphis_domestica","Monodelphis_domestica.1"
"8","Mus_musculus","Mus_musculus.1"
"9","Rhynchocyon_petersi","Rhynchocyon_petersi.1"
"10","Lacerta_viridis","Lacerta_viridis.1"
"11","Apteryx_australis","Apteryx_australis.1"
"12","Bos_taurus","Bos_taurus.1"
"13","Rynochetus_jubatus","Rynochetus_jubatus.1"
"14","Caloenas_nicobarica","Caloenas_nicobarica.1"
"15","Sus_scrofa","Sus_scrofa.1"
"16","Rattus_rattus","Rattus_rattus.1"
"17","Tenrec_ecaudatus","Tenrec_ecaudatus.1"
"18","Ceratotherium_simum","Ceratotherium_simum.1"
"19","Phalacrocorax_harrisi","Phalacrocorax_harrisi.1"
"20","Otaria_byronia","Otaria_byronia.1"
"21","Phalacrocorax_harrisi","Phalacrocorax_harrisi.2"
"22","Hydromys_chrysogaster","Hydromys_chrysogaster.1"
"23","Paraplacodus","Paraplacodus.1"
"24","Serpianosaurus","Serpianosaurus.1"
"25","Nothosaurus_568","Nothosaurus_568.1"
"26","Placodontia_indet_1","Placodontia_indet_1.1"
"27","Champsosaurus","Champsosaurus.1"
"28","Desmana_moschata","Desmana_moschata.1"
"29","Phalacrocorax_harrisi","Phalacrocorax_harrisi.3"
"30","Champsosaurus","Champsosaurus.2"
"31","Serpianosaurus","Serpianosaurus.2"
"32","Spheniscus","Spheniscus.1"
"33","Chironectes_minimus","Chironectes_minimus.1"
"34","Castor_fiber","Castor_fiber.1"
"35","Desmostylus_hesperus","Desmostylus_hesperus.1"
"36","Hesperornis","Hesperornis.1"
"37","Simosaurus_1","Simosaurus_1.1"
"38","Nothosaurus_mirabilis_1","Nothosaurus_mirabilis_1.1"
"39","Spinosaurus_","Spinosaurus_.1"
"40","Spinosaurus_","Spinosaurus_.2"
"41","Spinosaurus_","Spinosaurus_.3"
"42","Spinosaurus_","Spinosaurus_.4"
"43","Spinosaurus_","Spinosaurus_.5"
"44","Spinosaurus_","Spinosaurus_.6"
"45","Spinosaurus_","Spinosaurus_.7"
"46","Spinosaurus_","Spinosaurus_.8"
"47","Spinosaurus_","Spinosaurus_.9"
"48","Spinosaurus_","Spinosaurus_.10"
"49","Spinosaurus_","Spinosaurus_.11"
"50","Suchomimus","Suchomimus.1"
"51","Suchomimus","Suchomimus.2"
"52","Suchomimus","Suchomimus.3"
"53","Baryonyx","Baryonyx.1"
"54","Baryonyx","Baryonyx.2"
"55","Baryonyx","Baryonyx.3"
 
* Phylo tree and the main data and strata files have been modified to include duplicated taxa before the scaled random trees are generated.
* Selected categorical labels column: diving.or.not
* diving.or.equal column is identical to Diving column.
* Regression excludes flying taxa.
* Diving labels that are present in regression: 0,2
* lambda (calculated from a random tree) = : 0.1
* index-name alignment check: OK
