Logfile for a session of program: bootstrap_binary.r
-----------------------------------------------------
INPUT:
workDir: C:/dino_nature/output/2023-11-07-D1\bs/set_891
Nbootstrapsets: 2000
phyloFDAfile: c:/dino_nature/code/phylo.fda.R
auxFile: c:/dino_nature/code/auxiliary.r
boneType: femur
regressionData.file: C:/dino_nature/output/2023-11-07-D1\bs/set_891/femur_set_891.csv
applyDataFilter: FALSE
addTreeTips: TRUE
Ntrees: 100
calculateTrees: TRUE
saveTrees: FALSE


OPERATIONAL CHECKS:
* Regression data contains multiple copies of some taxa (user added variants of existing test taxa 
   or replacements due to bootstrap are present) which are not in the phylo tree:
     original taxon,   duplicate   
"1","Taxidea_taxus","Taxidea_taxus.1"
"2","Mustela_nivalis","Mustela_nivalis.1"
"3","Diplomesodon_pulchellum","Diplomesodon_pulchellum.1"
"4","Vulpes_vulpes","Vulpes_vulpes.1"
"5","Sus_scrofa","Sus_scrofa.1"
"6","Mustela_nivalis","Mustela_nivalis.2"
"7","Rangifer_tarandus","Rangifer_tarandus.1"
"8","Capreolus_capreolus","Capreolus_capreolus.1"
"9","Meles_meles","Meles_meles.1"
"10","Rangifer_tarandus","Rangifer_tarandus.2"
"11","Rhinoceros_sondaicus","Rhinoceros_sondaicus.1"
"12","Uncia_uncia","Uncia_uncia.1"
"13","Pogona_viceps","Pogona_viceps.1"
"14","Bos_taurus","Bos_taurus.1"
"15","Lama_guanicoe","Lama_guanicoe.1"
"16","Lama_guanicoe","Lama_guanicoe.2"
"17","Strigiops_habroptilus","Strigiops_habroptilus.1"
"18","Okapia_johnstoni","Okapia_johnstoni.1"
"19","Procyon_lotor","Procyon_lotor.1"
"20","Okapia_johnstoni","Okapia_johnstoni.2"
"21","Ichtyosaur_sp","Ichtyosaur_sp.1"
"22","Castor_fiber","Castor_fiber.1"
"23","Nothosaurus_mirabilis","Nothosaurus_mirabilis.1"
"24","Basilosaurus","Basilosaurus.1"
"25","Pistosaurus","Pistosaurus.1"
"26","Chironectes_minimus","Chironectes_minimus.1"
"27","Rodhocetus","Rodhocetus.1"
"28","large_eocene_stem_penguin","large_eocene_stem_penguin.1"
"29","Simosaurus","Simosaurus.1"
"30","Placondontia_indet","Placondontia_indet.1"
"31","Nothosaurus_mirabilis","Nothosaurus_mirabilis.2"
"32","Hydromys_chrysogaster","Hydromys_chrysogaster.1"
"33","Hydromys_chrysogaster","Hydromys_chrysogaster.2"
"34","Maiacetus","Maiacetus.1"
"35","Dyrosaurid","Dyrosaurid.1"
"36","Placodontia_indet_1","Placodontia_indet_1.1"
"37","Nothosaurus_150","Nothosaurus_150.1"
"38","Pistosaurus","Pistosaurus.2"
"39","Spinosaurus_","Spinosaurus_.1"
"40","Spinosaurus_","Spinosaurus_.2"
"41","Spinosaurus_","Spinosaurus_.3"
"42","Spinosaurus_","Spinosaurus_.4"
"43","Spinosaurus_","Spinosaurus_.5"
"44","Spinosaurus_","Spinosaurus_.6"
"45","Spinosaurus_","Spinosaurus_.7"
"46","Spinosaurus_","Spinosaurus_.8"
"47","Spinosaurus_","Spinosaurus_.9"
"48","Spinosaurus_","Spinosaurus_.10"
"49","Spinosaurus_","Spinosaurus_.11"
"50","Suchomimus","Suchomimus.1"
"51","Suchomimus","Suchomimus.2"
"52","Suchomimus","Suchomimus.3"
"53","Baryonyx","Baryonyx.1"
"54","Baryonyx","Baryonyx.2"
"55","Baryonyx","Baryonyx.3"
 
* Phylo tree and the main data and strata files have been modified to include duplicated taxa before the scaled random trees are generated.
* Selected categorical labels column: diving.or.not
* diving.or.equal column is identical to Diving column.
* Regression excludes flying taxa.
* Diving labels that are present in regression: 0,2
* lambda (calculated from a random tree) = : 0.1
* index-name alignment check: OK
