Logfile for a session of program: bootstrap_binary.r
-----------------------------------------------------
INPUT:
workDir: C:/dino_nature/output/2023-11-07-D1\bs/set_278
Nbootstrapsets: 2000
phyloFDAfile: c:/dino_nature/code/phylo.fda.R
auxFile: c:/dino_nature/code/auxiliary.r
boneType: femur
regressionData.file: C:/dino_nature/output/2023-11-07-D1\bs/set_278/femur_set_278.csv
applyDataFilter: FALSE
addTreeTips: TRUE
Ntrees: 100
calculateTrees: TRUE
saveTrees: FALSE


OPERATIONAL CHECKS:
* Regression data contains multiple copies of some taxa (user added variants of existing test taxa 
   or replacements due to bootstrap are present) which are not in the phylo tree:
     original taxon,   duplicate   
"1","Porphyrio_hochstetteri","Porphyrio_hochstetteri.1"
"2","Paguma_larvata","Paguma_larvata.1"
"3","Apteryx_owenii_","Apteryx_owenii_.1"
"4","Microgale_thomasi","Microgale_thomasi.1"
"5","Elomeryx_borbonicus_","Elomeryx_borbonicus_.1"
"6","Porphyrio_hochstetteri","Porphyrio_hochstetteri.2"
"7","Okapia_johnstoni","Okapia_johnstoni.1"
"8","Microgale_thomasi","Microgale_thomasi.2"
"9","Rynochetus_jubatus","Rynochetus_jubatus.1"
"10","Atlantisia_rogersi","Atlantisia_rogersi.1"
"11","Tenrec_ecaudatus","Tenrec_ecaudatus.1"
"12","Elomeryx_borbonicus_","Elomeryx_borbonicus_.2"
"13","Myrmecophaga_tridactyla","Myrmecophaga_tridactyla.1"
"14","Procyon_lotor","Procyon_lotor.1"
"15","Okapia_johnstoni","Okapia_johnstoni.2"
"16","Rynochetus_jubatus","Rynochetus_jubatus.2"
"17","Lacerta_viridis","Lacerta_viridis.1"
"18","Felis_felis","Felis_felis.1"
"19","Elomeryx_borbonicus_","Elomeryx_borbonicus_.3"
"20","Felis_felis","Felis_felis.2"
"21","Uncia_uncia","Uncia_uncia.1"
"22","Capreolus_capreolus","Capreolus_capreolus.1"
"23","Simosaurus","Simosaurus.1"
"24","Metryorhynchus","Metryorhynchus.1"
"25","Ornithorhynchus_anatinus","Ornithorhynchus_anatinus.1"
"26","Pistosaurus","Pistosaurus.1"
"27","Choeropsis_liberiensis","Choeropsis_liberiensis.1"
"28","Simosaurus","Simosaurus.2"
"29","Pistosaurus","Pistosaurus.2"
"30","Simosaurus","Simosaurus.3"
"31","Choeropsis_liberiensis","Choeropsis_liberiensis.2"
"32","Micropotamogale_euwenzorii","Micropotamogale_euwenzorii.1"
"33","Protochampsidae","Protochampsidae.1"
"34","Micropotamogale_euwenzorii","Micropotamogale_euwenzorii.2"
"35","Hippopotamus_amphibius","Hippopotamus_amphibius.1"
"36","Cryptoclidus","Cryptoclidus.1"
"37","Placondontia_indet","Placondontia_indet.1"
"38","Protochampsidae","Protochampsidae.2"
"39","Micropotamogale_euwenzorii","Micropotamogale_euwenzorii.3"
"40","Metryorhynchus","Metryorhynchus.2"
"41","Cricosaurus","Cricosaurus.1"
"42","Desmana_moschata","Desmana_moschata.1"
"43","Neusticosaurus","Neusticosaurus.1"
"44","Cryptoclidus","Cryptoclidus.2"
"45","Leptophoca_proxima","Leptophoca_proxima.1"
"46","Spinosaurus_","Spinosaurus_.1"
"47","Spinosaurus_","Spinosaurus_.2"
"48","Spinosaurus_","Spinosaurus_.3"
"49","Spinosaurus_","Spinosaurus_.4"
"50","Spinosaurus_","Spinosaurus_.5"
"51","Spinosaurus_","Spinosaurus_.6"
"52","Spinosaurus_","Spinosaurus_.7"
"53","Spinosaurus_","Spinosaurus_.8"
"54","Spinosaurus_","Spinosaurus_.9"
"55","Spinosaurus_","Spinosaurus_.10"
"56","Spinosaurus_","Spinosaurus_.11"
"57","Suchomimus","Suchomimus.1"
"58","Suchomimus","Suchomimus.2"
"59","Suchomimus","Suchomimus.3"
"60","Baryonyx","Baryonyx.1"
"61","Baryonyx","Baryonyx.2"
"62","Baryonyx","Baryonyx.3"
 
* Phylo tree and the main data and strata files have been modified to include duplicated taxa before the scaled random trees are generated.
* Selected categorical labels column: diving.or.not
* diving.or.equal column is identical to Diving column.
* Regression excludes flying taxa.
* Diving labels that are present in regression: 0,2
* lambda (calculated from a random tree) = : 0.07
* index-name alignment check: OK
