Logfile for a session of program: bootstrap_binary.r
-----------------------------------------------------
INPUT:
workDir: C:/dino_nature/output/2023-11-07-D1\bs/set_1351
Nbootstrapsets: 2000
phyloFDAfile: c:/dino_nature/code/phylo.fda.R
auxFile: c:/dino_nature/code/auxiliary.r
boneType: femur
regressionData.file: C:/dino_nature/output/2023-11-07-D1\bs/set_1351/femur_set_1351.csv
applyDataFilter: FALSE
addTreeTips: TRUE
Ntrees: 100
calculateTrees: TRUE
saveTrees: FALSE


OPERATIONAL CHECKS:
* Regression data contains multiple copies of some taxa (user added variants of existing test taxa 
   or replacements due to bootstrap are present) which are not in the phylo tree:
     original taxon,   duplicate   
"1","Lama_guanicoe","Lama_guanicoe.1"
"2","Apteryx_australis","Apteryx_australis.1"
"3","Mustela_nivalis","Mustela_nivalis.1"
"4","Sphenodon_punctatus","Sphenodon_punctatus.1"
"5","Myrmecophaga_tridactyla","Myrmecophaga_tridactyla.1"
"6","Megaloceros_sp","Megaloceros_sp.1"
"7","Mustela_nivalis","Mustela_nivalis.2"
"8","Apteryx_australis","Apteryx_australis.2"
"9","Lama_guanicoe","Lama_guanicoe.2"
"10","Apteryx_australis","Apteryx_australis.3"
"11","Elephas_maximus","Elephas_maximus.1"
"12","Procavia_capensis","Procavia_capensis.1"
"13","Lacerta_viridis","Lacerta_viridis.1"
"14","Lacerta_viridis","Lacerta_viridis.2"
"15","Elephas_maximus","Elephas_maximus.2"
"16","Pogona_viceps","Pogona_viceps.1"
"17","Pogona_viceps","Pogona_viceps.2"
"18","Sphenodon_punctatus","Sphenodon_punctatus.2"
"19","Strigiops_habroptilus","Strigiops_habroptilus.1"
"20","Rhynchocyon_petersi","Rhynchocyon_petersi.1"
"21","Chapsosaurus_","Chapsosaurus_.1"
"22","Castor_fiber","Castor_fiber.1"
"23","Nothosaurus_102","Nothosaurus_102.1"
"24","Chapsosaurus_","Chapsosaurus_.2"
"25","Hesperornis","Hesperornis.1"
"26","Plesiosaurus","Plesiosaurus.1"
"27","Nothosaurus_568","Nothosaurus_568.1"
"28","Placodontia_indet_1","Placodontia_indet_1.1"
"29","Nothosaurus_568","Nothosaurus_568.2"
"30","Callophoca_obscura","Callophoca_obscura.1"
"31","Desmana_moschata","Desmana_moschata.1"
"32","Maiacetus","Maiacetus.1"
"33","Spheniscus","Spheniscus.1"
"34","Spheniscus","Spheniscus.2"
"35","Desmana_moschata","Desmana_moschata.2"
"36","Remingtonocetus","Remingtonocetus.1"
"37","Placodontia_indet_1","Placodontia_indet_1.2"
"38","Castor_fiber","Castor_fiber.2"
"39","Desmana_moschata","Desmana_moschata.3"
"40","Simosaurus_1","Simosaurus_1.1"
"41","Ichtyosaurus_","Ichtyosaurus_.1"
"42","Metryorhynchus","Metryorhynchus.1"
"43","Spinosaurus_","Spinosaurus_.1"
"44","Spinosaurus_","Spinosaurus_.2"
"45","Spinosaurus_","Spinosaurus_.3"
"46","Spinosaurus_","Spinosaurus_.4"
"47","Spinosaurus_","Spinosaurus_.5"
"48","Spinosaurus_","Spinosaurus_.6"
"49","Spinosaurus_","Spinosaurus_.7"
"50","Spinosaurus_","Spinosaurus_.8"
"51","Spinosaurus_","Spinosaurus_.9"
"52","Spinosaurus_","Spinosaurus_.10"
"53","Spinosaurus_","Spinosaurus_.11"
"54","Suchomimus","Suchomimus.1"
"55","Suchomimus","Suchomimus.2"
"56","Suchomimus","Suchomimus.3"
"57","Baryonyx","Baryonyx.1"
"58","Baryonyx","Baryonyx.2"
"59","Baryonyx","Baryonyx.3"
 
* Phylo tree and the main data and strata files have been modified to include duplicated taxa before the scaled random trees are generated.
* Selected categorical labels column: diving.or.not
* diving.or.equal column is identical to Diving column.
* Regression excludes flying taxa.
* Diving labels that are present in regression: 0,2
* lambda (calculated from a random tree) = : 0.09
* index-name alignment check: OK
