Logfile for a session of program: bootstrap_binary.r
-----------------------------------------------------
INPUT:
workDir: C:/dino_nature/output/2023-11-07-D1\bs/set_217
Nbootstrapsets: 2000
phyloFDAfile: c:/dino_nature/code/phylo.fda.R
auxFile: c:/dino_nature/code/auxiliary.r
boneType: femur
regressionData.file: C:/dino_nature/output/2023-11-07-D1\bs/set_217/femur_set_217.csv
applyDataFilter: FALSE
addTreeTips: TRUE
Ntrees: 100
calculateTrees: TRUE
saveTrees: FALSE


OPERATIONAL CHECKS:
* Regression data contains multiple copies of some taxa (user added variants of existing test taxa 
   or replacements due to bootstrap are present) which are not in the phylo tree:
     original taxon,   duplicate   
"1","Sus_scrofa","Sus_scrofa.1"
"2","Hemiechinus_azurites","Hemiechinus_azurites.1"
"3","Euroscaptor_micrura","Euroscaptor_micrura.1"
"4","Tribonyx_mortieri","Tribonyx_mortieri.1"
"5","Rupicapra_rupicapra","Rupicapra_rupicapra.1"
"6","Dromaius_","Dromaius_.1"
"7","Hemiechinus_azurites","Hemiechinus_azurites.2"
"8","Rhynchocyon_petersi","Rhynchocyon_petersi.1"
"9","Rhynchocyon_petersi","Rhynchocyon_petersi.2"
"10","Cephalophus_silvicultor","Cephalophus_silvicultor.1"
"11","Capreolus_capreolus","Capreolus_capreolus.1"
"12","Hemiechinus_azurites","Hemiechinus_azurites.3"
"13","Dromaius_","Dromaius_.2"
"14","Apteryx_australis","Apteryx_australis.1"
"15","Tribonyx_mortieri","Tribonyx_mortieri.2"
"16","Tamandua_tetradactyla","Tamandua_tetradactyla.1"
"17","Raphus","Raphus.1"
"18","Cephalophus_silvicultor","Cephalophus_silvicultor.2"
"19","Elomeryx_borbonicus_","Elomeryx_borbonicus_.1"
"20","Giraffa_camelopardalis","Giraffa_camelopardalis.1"
"21","Rupicapra_rupicapra","Rupicapra_rupicapra.2"
"22","Hemiechinus_azurites","Hemiechinus_azurites.4"
"23","Monodelphis_domestica","Monodelphis_domestica.1"
"24","Tamandua_tetradactyla","Tamandua_tetradactyla.2"
"25","Hemiechinus_azurites","Hemiechinus_azurites.5"
"26","Champsosaurus","Champsosaurus.1"
"27","Champsosaurus","Champsosaurus.2"
"28","Nothosaurus_150","Nothosaurus_150.1"
"29","Caiman_yacare","Caiman_yacare.1"
"30","Desmostylus_hesperus","Desmostylus_hesperus.1"
"31","Cryptoclidus","Cryptoclidus.1"
"32","Nothosaurus_568","Nothosaurus_568.1"
"33","Pistosaurus","Pistosaurus.1"
"34","Rhaeticosaurus","Rhaeticosaurus.1"
"35","Psephoderma","Psephoderma.1"
"36","Palaeospheniscus","Palaeospheniscus.1"
"37","Paraplacodus","Paraplacodus.1"
"38","Palaeospheniscus","Palaeospheniscus.2"
"39","Phalacrocorax_harrisi","Phalacrocorax_harrisi.1"
"40","Serpianosaurus","Serpianosaurus.1"
"41","Desmostylus_hesperus","Desmostylus_hesperus.2"
"42","Nothosaurus_150","Nothosaurus_150.2"
"43","Metryorhynchus","Metryorhynchus.1"
"44","Serpianosaurus","Serpianosaurus.2"
"45","Pistosaurus","Pistosaurus.2"
"46","Nothosaurus_568","Nothosaurus_568.2"
"47","Otaria_byronia","Otaria_byronia.1"
"48","Spinosaurus_","Spinosaurus_.1"
"49","Spinosaurus_","Spinosaurus_.2"
"50","Spinosaurus_","Spinosaurus_.3"
"51","Spinosaurus_","Spinosaurus_.4"
"52","Spinosaurus_","Spinosaurus_.5"
"53","Spinosaurus_","Spinosaurus_.6"
"54","Spinosaurus_","Spinosaurus_.7"
"55","Spinosaurus_","Spinosaurus_.8"
"56","Spinosaurus_","Spinosaurus_.9"
"57","Spinosaurus_","Spinosaurus_.10"
"58","Spinosaurus_","Spinosaurus_.11"
"59","Suchomimus","Suchomimus.1"
"60","Suchomimus","Suchomimus.2"
"61","Suchomimus","Suchomimus.3"
"62","Baryonyx","Baryonyx.1"
"63","Baryonyx","Baryonyx.2"
"64","Baryonyx","Baryonyx.3"
 
* Phylo tree and the main data and strata files have been modified to include duplicated taxa before the scaled random trees are generated.
* Selected categorical labels column: diving.or.not
* diving.or.equal column is identical to Diving column.
* Regression excludes flying taxa.
* Diving labels that are present in regression: 0,2
* lambda (calculated from a random tree) = : 0.1
* index-name alignment check: OK
