Logfile for a session of program: bootstrap_binary.r
-----------------------------------------------------
INPUT:
workDir: C:/dino_nature/output/2023-11-07-D1\bs/set_1135
Nbootstrapsets: 2000
phyloFDAfile: c:/dino_nature/code/phylo.fda.R
auxFile: c:/dino_nature/code/auxiliary.r
boneType: femur
regressionData.file: C:/dino_nature/output/2023-11-07-D1\bs/set_1135/femur_set_1135.csv
applyDataFilter: FALSE
addTreeTips: TRUE
Ntrees: 100
calculateTrees: TRUE
saveTrees: FALSE


OPERATIONAL CHECKS:
* Regression data contains multiple copies of some taxa (user added variants of existing test taxa 
   or replacements due to bootstrap are present) which are not in the phylo tree:
     original taxon,   duplicate   
"1","Sphenodon_punctatus","Sphenodon_punctatus.1"
"2","Sphenodon_punctatus","Sphenodon_punctatus.2"
"3","Raphus","Raphus.1"
"4","Rangifer_tarandus","Rangifer_tarandus.1"
"5","Mus_musculus","Mus_musculus.1"
"6","Sphenodon_punctatus","Sphenodon_punctatus.3"
"7","Sphenodon_punctatus","Sphenodon_punctatus.4"
"8","Tribonyx_mortieri","Tribonyx_mortieri.1"
"9","Rattus_rattus","Rattus_rattus.1"
"10","Mustela_nivalis","Mustela_nivalis.1"
"11","Mus_musculus","Mus_musculus.2"
"12","Lama_guanicoe","Lama_guanicoe.1"
"13","Mammuthus_sp","Mammuthus_sp.1"
"14","Rattus_rattus","Rattus_rattus.2"
"15","Procyon_lotor","Procyon_lotor.1"
"16","Dromaius_","Dromaius_.1"
"17","Taxidea_taxus","Taxidea_taxus.1"
"18","Microgale_thomasi","Microgale_thomasi.1"
"19","Hemiechinus_azurites","Hemiechinus_azurites.1"
"20","Mammuthus_sp","Mammuthus_sp.2"
"21","Elephas_maximus","Elephas_maximus.1"
"22","Plesiosaurus","Plesiosaurus.1"
"23","Leptophoca_proxima","Leptophoca_proxima.1"
"24","Remingtonocetus","Remingtonocetus.1"
"25","Chapsosaurus_","Chapsosaurus_.1"
"26","Plesiosaurus","Plesiosaurus.2"
"27","Hydromys_chrysogaster","Hydromys_chrysogaster.1"
"28","Hydromys_chrysogaster","Hydromys_chrysogaster.2"
"29","Paraplacodus","Paraplacodus.1"
"30","Ichtyosaur_sp","Ichtyosaur_sp.1"
"31","Metryorhynchus","Metryorhynchus.1"
"32","Palaeospheniscus","Palaeospheniscus.1"
"33","Chapsosaurus_","Chapsosaurus_.2"
"34","Nothosaurus_giganteus","Nothosaurus_giganteus.1"
"35","Micropotamogale_euwenzorii","Micropotamogale_euwenzorii.1"
"36","Anarosaurus","Anarosaurus.1"
"37","Leptophoca_proxima","Leptophoca_proxima.2"
"38","Aptenodytes______","Aptenodytes______.1"
"39","Paraplacodus","Paraplacodus.2"
"40","Placodontia_indet_1","Placodontia_indet_1.1"
"41","Hydromys_chrysogaster","Hydromys_chrysogaster.3"
"42","Cryptoclidus","Cryptoclidus.1"
"43","Psephoderma","Psephoderma.1"
"44","Aptenodytes______","Aptenodytes______.2"
"45","Nothosaurus_568","Nothosaurus_568.1"
"46","Caiman_yacare","Caiman_yacare.1"
"47","Anarosaurus","Anarosaurus.2"
"48","Plesiosaurus","Plesiosaurus.3"
"49","Anarosaurus","Anarosaurus.3"
"50","Spinosaurus_","Spinosaurus_.1"
"51","Spinosaurus_","Spinosaurus_.2"
"52","Spinosaurus_","Spinosaurus_.3"
"53","Spinosaurus_","Spinosaurus_.4"
"54","Spinosaurus_","Spinosaurus_.5"
"55","Spinosaurus_","Spinosaurus_.6"
"56","Spinosaurus_","Spinosaurus_.7"
"57","Spinosaurus_","Spinosaurus_.8"
"58","Spinosaurus_","Spinosaurus_.9"
"59","Spinosaurus_","Spinosaurus_.10"
"60","Spinosaurus_","Spinosaurus_.11"
"61","Suchomimus","Suchomimus.1"
"62","Suchomimus","Suchomimus.2"
"63","Suchomimus","Suchomimus.3"
"64","Baryonyx","Baryonyx.1"
"65","Baryonyx","Baryonyx.2"
"66","Baryonyx","Baryonyx.3"
 
* Phylo tree and the main data and strata files have been modified to include duplicated taxa before the scaled random trees are generated.
* Selected categorical labels column: diving.or.not
* diving.or.equal column is identical to Diving column.
* Regression excludes flying taxa.
* Diving labels that are present in regression: 0,2
* lambda (calculated from a random tree) = : 0.1
* index-name alignment check: OK
