Logfile for a session of program: bootstrap_binary.r
-----------------------------------------------------
INPUT:
workDir: C:/dino_nature/output/2023-11-07-D1\bs/set_932
Nbootstrapsets: 2000
phyloFDAfile: c:/dino_nature/code/phylo.fda.R
auxFile: c:/dino_nature/code/auxiliary.r
boneType: femur
regressionData.file: C:/dino_nature/output/2023-11-07-D1\bs/set_932/femur_set_932.csv
applyDataFilter: FALSE
addTreeTips: TRUE
Ntrees: 100
calculateTrees: TRUE
saveTrees: FALSE


OPERATIONAL CHECKS:
* Regression data contains multiple copies of some taxa (user added variants of existing test taxa 
   or replacements due to bootstrap are present) which are not in the phylo tree:
     original taxon,   duplicate   
"1","Rupicapra_rupicapra","Rupicapra_rupicapra.1"
"2","Rupicapra_rupicapra","Rupicapra_rupicapra.2"
"3","Rupicapra_rupicapra","Rupicapra_rupicapra.3"
"4","Lama_guanicoe","Lama_guanicoe.1"
"5","Dasyurus_maculatus","Dasyurus_maculatus.1"
"6","Pogona_viceps","Pogona_viceps.1"
"7","Rupicapra_rupicapra","Rupicapra_rupicapra.4"
"8","Dama_dama","Dama_dama.1"
"9","Mammuthus_sp","Mammuthus_sp.1"
"10","Mammuthus_sp","Mammuthus_sp.2"
"11","Dasyurus_maculatus","Dasyurus_maculatus.2"
"12","Dama_dama","Dama_dama.2"
"13","Rupicapra_rupicapra","Rupicapra_rupicapra.5"
"14","Apteryx_owenii_","Apteryx_owenii_.1"
"15","Mammuthus_sp","Mammuthus_sp.3"
"16","Strigiops_habroptilus","Strigiops_habroptilus.1"
"17","Dromaius_","Dromaius_.1"
"18","Tamandua_tetradactyla","Tamandua_tetradactyla.1"
"19","Rangifer_tarandus","Rangifer_tarandus.1"
"20","Strigiops_habroptilus","Strigiops_habroptilus.2"
"21","Tamandua_tetradactyla","Tamandua_tetradactyla.2"
"22","Rhinoceros_sondaicus","Rhinoceros_sondaicus.1"
"23","Uncia_uncia","Uncia_uncia.1"
"24","Lacerta_viridis","Lacerta_viridis.1"
"25","Ichtyosaurus_","Ichtyosaurus_.1"
"26","Ichtyosaurus_","Ichtyosaurus_.2"
"27","Desmostylus_hesperus","Desmostylus_hesperus.1"
"28","Ichtyosaurus_","Ichtyosaurus_.3"
"29","Neusticosaurus","Neusticosaurus.1"
"30","Remingtonocetus","Remingtonocetus.1"
"31","Hexaprotodon_garyam","Hexaprotodon_garyam.1"
"32","Protochampsidae","Protochampsidae.1"
"33","Nothosaurus_150","Nothosaurus_150.1"
"34","Tapirus_terrestris","Tapirus_terrestris.1"
"35","Ichtyosaurus_","Ichtyosaurus_.4"
"36","Aptenodytes______","Aptenodytes______.1"
"37","Psephoderma","Psephoderma.1"
"38","Nothosaurus_150","Nothosaurus_150.2"
"39","Nothosaurus_568","Nothosaurus_568.1"
"40","Desmostylus_hesperus","Desmostylus_hesperus.2"
"41","Small_Eocene_penguin","Small_Eocene_penguin.1"
"42","Psephoderma","Psephoderma.2"
"43","Nothosaurus_102","Nothosaurus_102.1"
"44","Paraplacodus","Paraplacodus.1"
"45","Nothosaurus_150","Nothosaurus_150.3"
"46","Desmostylus_hesperus","Desmostylus_hesperus.3"
"47","Plesiosaurus","Plesiosaurus.1"
"48","Pistosaurus","Pistosaurus.1"
"49","Spinosaurus_","Spinosaurus_.1"
"50","Spinosaurus_","Spinosaurus_.2"
"51","Spinosaurus_","Spinosaurus_.3"
"52","Spinosaurus_","Spinosaurus_.4"
"53","Spinosaurus_","Spinosaurus_.5"
"54","Spinosaurus_","Spinosaurus_.6"
"55","Spinosaurus_","Spinosaurus_.7"
"56","Spinosaurus_","Spinosaurus_.8"
"57","Spinosaurus_","Spinosaurus_.9"
"58","Spinosaurus_","Spinosaurus_.10"
"59","Spinosaurus_","Spinosaurus_.11"
"60","Suchomimus","Suchomimus.1"
"61","Suchomimus","Suchomimus.2"
"62","Suchomimus","Suchomimus.3"
"63","Baryonyx","Baryonyx.1"
"64","Baryonyx","Baryonyx.2"
"65","Baryonyx","Baryonyx.3"
 
* Phylo tree and the main data and strata files have been modified to include duplicated taxa before the scaled random trees are generated.
* Selected categorical labels column: diving.or.not
* diving.or.equal column is identical to Diving column.
* Regression excludes flying taxa.
* Diving labels that are present in regression: 0,2
* lambda (calculated from a random tree) = : 0.11
* index-name alignment check: OK
