Logfile for a session of program: bootstrap_binary.r
-----------------------------------------------------
INPUT:
workDir: C:/dino_nature/output/2023-11-07-D1\bs/set_1930
Nbootstrapsets: 2000
phyloFDAfile: c:/dino_nature/code/phylo.fda.R
auxFile: c:/dino_nature/code/auxiliary.r
boneType: femur
regressionData.file: C:/dino_nature/output/2023-11-07-D1\bs/set_1930/femur_set_1930.csv
applyDataFilter: FALSE
addTreeTips: TRUE
Ntrees: 100
calculateTrees: TRUE
saveTrees: FALSE


OPERATIONAL CHECKS:
* Regression data contains multiple copies of some taxa (user added variants of existing test taxa 
   or replacements due to bootstrap are present) which are not in the phylo tree:
     original taxon,   duplicate   
"1","Dicerorhinus_sumatrensis","Dicerorhinus_sumatrensis.1"
"2","Loxodonta_africana","Loxodonta_africana.1"
"3","Okapia_johnstoni","Okapia_johnstoni.1"
"4","Xenicus_giliventris","Xenicus_giliventris.1"
"5","Megaloceros_sp","Megaloceros_sp.1"
"6","Alces_americanus","Alces_americanus.1"
"7","Apteryx_australis","Apteryx_australis.1"
"8","Apteryx_australis","Apteryx_australis.2"
"9","Pogona_viceps","Pogona_viceps.1"
"10","Okapia_johnstoni","Okapia_johnstoni.2"
"11","Dasyurus_maculatus","Dasyurus_maculatus.1"
"12","Dasyurus_maculatus","Dasyurus_maculatus.2"
"13","Dasyurus_maculatus","Dasyurus_maculatus.3"
"14","Apteryx_australis","Apteryx_australis.3"
"15","Rhinoceros_sondaicus","Rhinoceros_sondaicus.1"
"16","Dasyurus_maculatus","Dasyurus_maculatus.4"
"17","Nyctereutes_procyonoides","Nyctereutes_procyonoides.1"
"18","Rupicapra_rupicapra","Rupicapra_rupicapra.1"
"19","Procavia_capensis","Procavia_capensis.1"
"20","Okapia_johnstoni","Okapia_johnstoni.3"
"21","Ceratotherium_simum","Ceratotherium_simum.1"
"22","Rangifer_tarandus","Rangifer_tarandus.1"
"23","Euroscaptor_micrura","Euroscaptor_micrura.1"
"24","Brachyodus_onoideum","Brachyodus_onoideum.1"
"25","Palaeospheniscus","Palaeospheniscus.1"
"26","Rodhocetus","Rodhocetus.1"
"27","Maiacetus","Maiacetus.1"
"28","Rodhocetus","Rodhocetus.2"
"29","Placodontia_indet_1","Placodontia_indet_1.1"
"30","Nothosaurus_mirabilis_1","Nothosaurus_mirabilis_1.1"
"31","large_eocene_stem_penguin","large_eocene_stem_penguin.1"
"32","Hexaprotodon_garyam","Hexaprotodon_garyam.1"
"33","Rodhocetus","Rodhocetus.3"
"34","Leptophoca_proxima","Leptophoca_proxima.1"
"35","Nothosaurus_mirabilis_1","Nothosaurus_mirabilis_1.2"
"36","Phocanella_pumila","Phocanella_pumila.1"
"37","Champsosaurus","Champsosaurus.1"
"38","Chironectes_minimus","Chironectes_minimus.1"
"39","Anarosaurus","Anarosaurus.1"
"40","Simosaurus","Simosaurus.1"
"41","Champsosaurus","Champsosaurus.2"
"42","Phocanella_pumila","Phocanella_pumila.2"
"43","Placondontia_indet","Placondontia_indet.1"
"44","Rhaeticosaurus","Rhaeticosaurus.1"
"45","Basilosaurus","Basilosaurus.1"
"46","large_eocene_stem_penguin","large_eocene_stem_penguin.2"
"47","Simosaurus_1","Simosaurus_1.1"
"48","Spinosaurus_","Spinosaurus_.1"
"49","Spinosaurus_","Spinosaurus_.2"
"50","Spinosaurus_","Spinosaurus_.3"
"51","Spinosaurus_","Spinosaurus_.4"
"52","Spinosaurus_","Spinosaurus_.5"
"53","Spinosaurus_","Spinosaurus_.6"
"54","Spinosaurus_","Spinosaurus_.7"
"55","Spinosaurus_","Spinosaurus_.8"
"56","Spinosaurus_","Spinosaurus_.9"
"57","Spinosaurus_","Spinosaurus_.10"
"58","Spinosaurus_","Spinosaurus_.11"
"59","Suchomimus","Suchomimus.1"
"60","Suchomimus","Suchomimus.2"
"61","Suchomimus","Suchomimus.3"
"62","Baryonyx","Baryonyx.1"
"63","Baryonyx","Baryonyx.2"
"64","Baryonyx","Baryonyx.3"
 
* Phylo tree and the main data and strata files have been modified to include duplicated taxa before the scaled random trees are generated.
* Selected categorical labels column: diving.or.not
* diving.or.equal column is identical to Diving column.
* Regression excludes flying taxa.
* Diving labels that are present in regression: 0,2
* lambda (calculated from a random tree) = : 0.12
* index-name alignment check: OK
