Logfile for a session of program: bootstrap_binary.r
-----------------------------------------------------
INPUT:
workDir: C:/dino_nature/output/2023-11-07-D1\bs/set_1844
Nbootstrapsets: 2000
phyloFDAfile: c:/dino_nature/code/phylo.fda.R
auxFile: c:/dino_nature/code/auxiliary.r
boneType: femur
regressionData.file: C:/dino_nature/output/2023-11-07-D1\bs/set_1844/femur_set_1844.csv
applyDataFilter: FALSE
addTreeTips: TRUE
Ntrees: 100
calculateTrees: TRUE
saveTrees: FALSE


OPERATIONAL CHECKS:
* Regression data contains multiple copies of some taxa (user added variants of existing test taxa 
   or replacements due to bootstrap are present) which are not in the phylo tree:
     original taxon,   duplicate   
"1","Bison_bonasus","Bison_bonasus.1"
"2","Dasyurus_maculatus","Dasyurus_maculatus.1"
"3","Meles_meles","Meles_meles.1"
"4","Porphyrio_hochstetteri","Porphyrio_hochstetteri.1"
"5","Atlantisia_rogersi","Atlantisia_rogersi.1"
"6","Lama_guanicoe","Lama_guanicoe.1"
"7","Tenrec_ecaudatus","Tenrec_ecaudatus.1"
"8","Loxodonta_africana","Loxodonta_africana.1"
"9","Alces_americanus","Alces_americanus.1"
"10","Alces_americanus","Alces_americanus.2"
"11","Sphenodon_punctatus","Sphenodon_punctatus.1"
"12","Meles_meles","Meles_meles.2"
"13","Microgale_thomasi","Microgale_thomasi.1"
"14","Lacerta_viridis","Lacerta_viridis.1"
"15","Loxodonta_africana","Loxodonta_africana.2"
"16","Okapia_johnstoni","Okapia_johnstoni.1"
"17","Myrmecophaga_tridactyla","Myrmecophaga_tridactyla.1"
"18","Tenrec_ecaudatus","Tenrec_ecaudatus.2"
"19","Rupicapra_rupicapra","Rupicapra_rupicapra.1"
"20","Paraplacodus","Paraplacodus.1"
"21","Hesperornis","Hesperornis.1"
"22","Micropotamogale_euwenzorii","Micropotamogale_euwenzorii.1"
"23","Simosaurus","Simosaurus.1"
"24","Paraplacodus","Paraplacodus.2"
"25","Placondontia_indet","Placondontia_indet.1"
"26","Serpianosaurus","Serpianosaurus.1"
"27","Serpianosaurus","Serpianosaurus.2"
"28","Rhaeticosaurus","Rhaeticosaurus.1"
"29","Micropotamogale_euwenzorii","Micropotamogale_euwenzorii.2"
"30","Metryorhynchus","Metryorhynchus.1"
"31","Hydromys_chrysogaster","Hydromys_chrysogaster.1"
"32","Hydromys_chrysogaster","Hydromys_chrysogaster.2"
"33","Paraplacodus","Paraplacodus.3"
"34","Paraplacodus","Paraplacodus.4"
"35","Nothosaurus_150","Nothosaurus_150.1"
"36","Paraplacodus","Paraplacodus.5"
"37","large_eocene_stem_penguin","large_eocene_stem_penguin.1"
"38","Nothosaurus_150","Nothosaurus_150.2"
"39","Serpianosaurus","Serpianosaurus.3"
"40","Hesperornis","Hesperornis.2"
"41","Spinosaurus_","Spinosaurus_.1"
"42","Spinosaurus_","Spinosaurus_.2"
"43","Spinosaurus_","Spinosaurus_.3"
"44","Spinosaurus_","Spinosaurus_.4"
"45","Spinosaurus_","Spinosaurus_.5"
"46","Spinosaurus_","Spinosaurus_.6"
"47","Spinosaurus_","Spinosaurus_.7"
"48","Spinosaurus_","Spinosaurus_.8"
"49","Spinosaurus_","Spinosaurus_.9"
"50","Spinosaurus_","Spinosaurus_.10"
"51","Spinosaurus_","Spinosaurus_.11"
"52","Suchomimus","Suchomimus.1"
"53","Suchomimus","Suchomimus.2"
"54","Suchomimus","Suchomimus.3"
"55","Baryonyx","Baryonyx.1"
"56","Baryonyx","Baryonyx.2"
"57","Baryonyx","Baryonyx.3"
 
* Phylo tree and the main data and strata files have been modified to include duplicated taxa before the scaled random trees are generated.
* Selected categorical labels column: diving.or.not
* diving.or.equal column is identical to Diving column.
* Regression excludes flying taxa.
* Diving labels that are present in regression: 0,2
* lambda (calculated from a random tree) = : 0.1
* index-name alignment check: OK
