Logfile for a session of program: bootstrap_binary.r
-----------------------------------------------------
INPUT:
workDir: C:/dino_nature/output/2023-11-07-D1\bs/set_1556
Nbootstrapsets: 2000
phyloFDAfile: c:/dino_nature/code/phylo.fda.R
auxFile: c:/dino_nature/code/auxiliary.r
boneType: femur
regressionData.file: C:/dino_nature/output/2023-11-07-D1\bs/set_1556/femur_set_1556.csv
applyDataFilter: FALSE
addTreeTips: TRUE
Ntrees: 100
calculateTrees: TRUE
saveTrees: FALSE


OPERATIONAL CHECKS:
* Regression data contains multiple copies of some taxa (user added variants of existing test taxa 
   or replacements due to bootstrap are present) which are not in the phylo tree:
     original taxon,   duplicate   
"1","Mustela_nivalis","Mustela_nivalis.1"
"2","Mustela_nivalis","Mustela_nivalis.2"
"3","Strigiops_habroptilus","Strigiops_habroptilus.1"
"4","Rhynchocyon_petersi","Rhynchocyon_petersi.1"
"5","Apteryx_australis","Apteryx_australis.1"
"6","Myrmecophaga_tridactyla","Myrmecophaga_tridactyla.1"
"7","Dromaius_","Dromaius_.1"
"8","Hemiechinus_azurites","Hemiechinus_azurites.1"
"9","Bison_bonasus","Bison_bonasus.1"
"10","Rangifer_tarandus","Rangifer_tarandus.1"
"11","Loxodonta_africana","Loxodonta_africana.1"
"12","Giraffa_camelopardalis","Giraffa_camelopardalis.1"
"13","Dromaius_","Dromaius_.2"
"14","Elephas_maximus","Elephas_maximus.1"
"15","Procavia_capensis","Procavia_capensis.1"
"16","Vulpes_vulpes","Vulpes_vulpes.1"
"17","Cephalophus_silvicultor","Cephalophus_silvicultor.1"
"18","Dicerorhinus_sumatrensis","Dicerorhinus_sumatrensis.1"
"19","Giraffa_camelopardalis","Giraffa_camelopardalis.2"
"20","Cephalophus_silvicultor","Cephalophus_silvicultor.2"
"21","Mammuthus_sp","Mammuthus_sp.1"
"22","Dasyurus_maculatus","Dasyurus_maculatus.1"
"23","Neusticosaurus","Neusticosaurus.1"
"24","Dyrosaurid","Dyrosaurid.1"
"25","Protochampsidae","Protochampsidae.1"
"26","Nothosaurus_102","Nothosaurus_102.1"
"27","Placondontia_indet","Placondontia_indet.1"
"28","Anarosaurus","Anarosaurus.1"
"29","Ichtyosaurus_","Ichtyosaurus_.1"
"30","Lutra_vulgaris","Lutra_vulgaris.1"
"31","Anarosaurus","Anarosaurus.2"
"32","Micropotamogale_euwenzorii","Micropotamogale_euwenzorii.1"
"33","Alligator","Alligator.1"
"34","Nothosaurus_giganteus","Nothosaurus_giganteus.1"
"35","Chapsosaurus_","Chapsosaurus_.1"
"36","Cricosaurus","Cricosaurus.1"
"37","Chironectes_minimus","Chironectes_minimus.1"
"38","Micropotamogale_euwenzorii","Micropotamogale_euwenzorii.2"
"39","Protochampsidae","Protochampsidae.2"
"40","Hydromys_chrysogaster","Hydromys_chrysogaster.1"
"41","Spinosaurus_","Spinosaurus_.1"
"42","Spinosaurus_","Spinosaurus_.2"
"43","Spinosaurus_","Spinosaurus_.3"
"44","Spinosaurus_","Spinosaurus_.4"
"45","Spinosaurus_","Spinosaurus_.5"
"46","Spinosaurus_","Spinosaurus_.6"
"47","Spinosaurus_","Spinosaurus_.7"
"48","Spinosaurus_","Spinosaurus_.8"
"49","Spinosaurus_","Spinosaurus_.9"
"50","Spinosaurus_","Spinosaurus_.10"
"51","Spinosaurus_","Spinosaurus_.11"
"52","Suchomimus","Suchomimus.1"
"53","Suchomimus","Suchomimus.2"
"54","Suchomimus","Suchomimus.3"
"55","Baryonyx","Baryonyx.1"
"56","Baryonyx","Baryonyx.2"
"57","Baryonyx","Baryonyx.3"
 
* Phylo tree and the main data and strata files have been modified to include duplicated taxa before the scaled random trees are generated.
* Selected categorical labels column: diving.or.not
* diving.or.equal column is identical to Diving column.
* Regression excludes flying taxa.
* Diving labels that are present in regression: 0,2
* lambda (calculated from a random tree) = : 0.12
* index-name alignment check: OK
