Logfile for a session of program: bootstrap_binary.r
-----------------------------------------------------
INPUT:
workDir: C:/dino_nature/output/2023-11-07-D1\bs/set_1385
Nbootstrapsets: 2000
phyloFDAfile: c:/dino_nature/code/phylo.fda.R
auxFile: c:/dino_nature/code/auxiliary.r
boneType: femur
regressionData.file: C:/dino_nature/output/2023-11-07-D1\bs/set_1385/femur_set_1385.csv
applyDataFilter: FALSE
addTreeTips: TRUE
Ntrees: 100
calculateTrees: TRUE
saveTrees: FALSE


OPERATIONAL CHECKS:
* Regression data contains multiple copies of some taxa (user added variants of existing test taxa 
   or replacements due to bootstrap are present) which are not in the phylo tree:
     original taxon,   duplicate   
"1","Hemiechinus_azurites","Hemiechinus_azurites.1"
"2","Strigiops_habroptilus","Strigiops_habroptilus.1"
"3","Rhinoceros_sondaicus","Rhinoceros_sondaicus.1"
"4","Apteryx_australis","Apteryx_australis.1"
"5","Monodelphis_domestica","Monodelphis_domestica.1"
"6","Elephas_maximus","Elephas_maximus.1"
"7","Apteryx_owenii_","Apteryx_owenii_.1"
"8","Caloenas_nicobarica","Caloenas_nicobarica.1"
"9","Diplomesodon_pulchellum","Diplomesodon_pulchellum.1"
"10","Bos_taurus","Bos_taurus.1"
"11","Rupicapra_rupicapra","Rupicapra_rupicapra.1"
"12","Tamandua_tetradactyla","Tamandua_tetradactyla.1"
"13","Strigiops_habroptilus","Strigiops_habroptilus.2"
"14","Monodelphis_domestica","Monodelphis_domestica.2"
"15","Raphus","Raphus.1"
"16","Caloenas_nicobarica","Caloenas_nicobarica.2"
"17","Rhinoceros_sondaicus","Rhinoceros_sondaicus.2"
"18","Monodelphis_domestica","Monodelphis_domestica.3"
"19","Capreolus_capreolus","Capreolus_capreolus.1"
"20","Euroscaptor_micrura","Euroscaptor_micrura.1"
"21","Bos_taurus","Bos_taurus.2"
"22","Paraplacodus","Paraplacodus.1"
"23","Paraplacodus","Paraplacodus.2"
"24","Desmana_moschata","Desmana_moschata.1"
"25","Nothosaurus_mirabilis_1","Nothosaurus_mirabilis_1.1"
"26","Hippopotamus_amphibius","Hippopotamus_amphibius.1"
"27","Desmana_moschata","Desmana_moschata.2"
"28","Serpianosaurus","Serpianosaurus.1"
"29","Nanophoca_vitulinoides","Nanophoca_vitulinoides.1"
"30","Rhaeticosaurus","Rhaeticosaurus.1"
"31","Hippopotamus_amphibius","Hippopotamus_amphibius.2"
"32","Nothosaurus_giganteus","Nothosaurus_giganteus.1"
"33","Nanophoca_vitulinoides","Nanophoca_vitulinoides.2"
"34","Castor_fiber","Castor_fiber.1"
"35","Rodhocetus","Rodhocetus.1"
"36","Rhaeticosaurus","Rhaeticosaurus.2"
"37","Nothosaurus_mirabilis_1","Nothosaurus_mirabilis_1.2"
"38","Nanophoca_vitulinoides","Nanophoca_vitulinoides.3"
"39","Maiacetus","Maiacetus.1"
"40","Rodhocetus","Rodhocetus.2"
"41","Placondontia_indet","Placondontia_indet.1"
"42","Tapirus_terrestris","Tapirus_terrestris.1"
"43","Spinosaurus_","Spinosaurus_.1"
"44","Spinosaurus_","Spinosaurus_.2"
"45","Spinosaurus_","Spinosaurus_.3"
"46","Spinosaurus_","Spinosaurus_.4"
"47","Spinosaurus_","Spinosaurus_.5"
"48","Spinosaurus_","Spinosaurus_.6"
"49","Spinosaurus_","Spinosaurus_.7"
"50","Spinosaurus_","Spinosaurus_.8"
"51","Spinosaurus_","Spinosaurus_.9"
"52","Spinosaurus_","Spinosaurus_.10"
"53","Spinosaurus_","Spinosaurus_.11"
"54","Suchomimus","Suchomimus.1"
"55","Suchomimus","Suchomimus.2"
"56","Suchomimus","Suchomimus.3"
"57","Baryonyx","Baryonyx.1"
"58","Baryonyx","Baryonyx.2"
"59","Baryonyx","Baryonyx.3"
 
* Phylo tree and the main data and strata files have been modified to include duplicated taxa before the scaled random trees are generated.
* Selected categorical labels column: diving.or.not
* diving.or.equal column is identical to Diving column.
* Regression excludes flying taxa.
* Diving labels that are present in regression: 0,2
* lambda (calculated from a random tree) = : 0.08
* index-name alignment check: OK
