Logfile for a session of program: bootstrap_binary.r
-----------------------------------------------------
INPUT:
workDir: C:/dino_nature/output/2023-11-07-D1\bs/set_1796
Nbootstrapsets: 2000
phyloFDAfile: c:/dino_nature/code/phylo.fda.R
auxFile: c:/dino_nature/code/auxiliary.r
boneType: femur
regressionData.file: C:/dino_nature/output/2023-11-07-D1\bs/set_1796/femur_set_1796.csv
applyDataFilter: FALSE
addTreeTips: TRUE
Ntrees: 100
calculateTrees: TRUE
saveTrees: FALSE


OPERATIONAL CHECKS:
* Regression data contains multiple copies of some taxa (user added variants of existing test taxa 
   or replacements due to bootstrap are present) which are not in the phylo tree:
     original taxon,   duplicate   
"1","Megaloceros_sp","Megaloceros_sp.1"
"2","Tenrec_ecaudatus","Tenrec_ecaudatus.1"
"3","Myrmecophaga_tridactyla","Myrmecophaga_tridactyla.1"
"4","Xenicus_giliventris","Xenicus_giliventris.1"
"5","Rattus_rattus","Rattus_rattus.1"
"6","Tenrec_ecaudatus","Tenrec_ecaudatus.2"
"7","Tamandua_tetradactyla","Tamandua_tetradactyla.1"
"8","Xenicus_giliventris","Xenicus_giliventris.2"
"9","Vulpes_vulpes","Vulpes_vulpes.1"
"10","Rupicapra_rupicapra","Rupicapra_rupicapra.1"
"11","Paguma_larvata","Paguma_larvata.1"
"12","Cephalophus_silvicultor","Cephalophus_silvicultor.1"
"13","Vulpes_vulpes","Vulpes_vulpes.2"
"14","Myrmecophaga_tridactyla","Myrmecophaga_tridactyla.2"
"15","Vulpes_vulpes","Vulpes_vulpes.3"
"16","Elomeryx_borbonicus_","Elomeryx_borbonicus_.1"
"17","Hemiechinus_azurites","Hemiechinus_azurites.1"
"18","Sus_scrofa","Sus_scrofa.1"
"19","Bos_taurus","Bos_taurus.1"
"20","Atlantisia_rogersi","Atlantisia_rogersi.1"
"21","Nothosaurus_mirabilis_1","Nothosaurus_mirabilis_1.1"
"22","Champsosaurus","Champsosaurus.1"
"23","Small_Eocene_penguin","Small_Eocene_penguin.1"
"24","Aptenodytes______","Aptenodytes______.1"
"25","Nothosaurus_150","Nothosaurus_150.1"
"26","Aptenodytes______","Aptenodytes______.2"
"27","Phocanella_pumila","Phocanella_pumila.1"
"28","Paraplacodus","Paraplacodus.1"
"29","Castor_fiber","Castor_fiber.1"
"30","Phocanella_pumila","Phocanella_pumila.2"
"31","Castor_fiber","Castor_fiber.2"
"32","Hydromys_chrysogaster","Hydromys_chrysogaster.1"
"33","Dyrosaurid","Dyrosaurid.1"
"34","Nothosaurus_mirabilis_1","Nothosaurus_mirabilis_1.2"
"35","Phocanella_pumila","Phocanella_pumila.3"
"36","Paraplacodus","Paraplacodus.2"
"37","Nothosaurus_mirabilis_1","Nothosaurus_mirabilis_1.3"
"38","Castor_fiber","Castor_fiber.3"
"39","Dyrosaurid","Dyrosaurid.2"
"40","Chironectes_minimus","Chironectes_minimus.1"
"41","Protochampsidae","Protochampsidae.1"
"42","Nanophoca_vitulinoides","Nanophoca_vitulinoides.1"
"43","Nothosaurus_568","Nothosaurus_568.1"
"44","Nothosaurus_150","Nothosaurus_150.2"
"45","Serpianosaurus","Serpianosaurus.1"
"46","Spinosaurus_","Spinosaurus_.1"
"47","Spinosaurus_","Spinosaurus_.2"
"48","Spinosaurus_","Spinosaurus_.3"
"49","Spinosaurus_","Spinosaurus_.4"
"50","Spinosaurus_","Spinosaurus_.5"
"51","Spinosaurus_","Spinosaurus_.6"
"52","Spinosaurus_","Spinosaurus_.7"
"53","Spinosaurus_","Spinosaurus_.8"
"54","Spinosaurus_","Spinosaurus_.9"
"55","Spinosaurus_","Spinosaurus_.10"
"56","Spinosaurus_","Spinosaurus_.11"
"57","Suchomimus","Suchomimus.1"
"58","Suchomimus","Suchomimus.2"
"59","Suchomimus","Suchomimus.3"
"60","Baryonyx","Baryonyx.1"
"61","Baryonyx","Baryonyx.2"
"62","Baryonyx","Baryonyx.3"
 
* Phylo tree and the main data and strata files have been modified to include duplicated taxa before the scaled random trees are generated.
* Selected categorical labels column: diving.or.not
* diving.or.equal column is identical to Diving column.
* Regression excludes flying taxa.
* Diving labels that are present in regression: 0,2
* lambda (calculated from a random tree) = : 0.19
* index-name alignment check: OK
