Logfile for a session of program: bootstrap_binary.r
-----------------------------------------------------
INPUT:
workDir: C:/dino_nature/output/2023-11-07-D1\bs/set_535
Nbootstrapsets: 2000
phyloFDAfile: c:/dino_nature/code/phylo.fda.R
auxFile: c:/dino_nature/code/auxiliary.r
boneType: femur
regressionData.file: C:/dino_nature/output/2023-11-07-D1\bs/set_535/femur_set_535.csv
applyDataFilter: FALSE
addTreeTips: TRUE
Ntrees: 100
calculateTrees: TRUE
saveTrees: FALSE


OPERATIONAL CHECKS:
* Regression data contains multiple copies of some taxa (user added variants of existing test taxa 
   or replacements due to bootstrap are present) which are not in the phylo tree:
     original taxon,   duplicate   
"1","Rattus_rattus","Rattus_rattus.1"
"2","Tamandua_tetradactyla","Tamandua_tetradactyla.1"
"3","Hemiechinus_azurites","Hemiechinus_azurites.1"
"4","Mammuthus_sp","Mammuthus_sp.1"
"5","Bison_bonasus","Bison_bonasus.1"
"6","Elomeryx_borbonicus_","Elomeryx_borbonicus_.1"
"7","Euroscaptor_micrura","Euroscaptor_micrura.1"
"8","Ceratotherium_simum","Ceratotherium_simum.1"
"9","Dromaius_","Dromaius_.1"
"10","Rangifer_tarandus","Rangifer_tarandus.1"
"11","Microgale_thomasi","Microgale_thomasi.1"
"12","Monodelphis_domestica","Monodelphis_domestica.1"
"13","Rattus_rattus","Rattus_rattus.2"
"14","Raphus","Raphus.1"
"15","Bos_taurus","Bos_taurus.1"
"16","Atlantisia_rogersi","Atlantisia_rogersi.1"
"17","Microgale_thomasi","Microgale_thomasi.2"
"18","Loxodonta_africana","Loxodonta_africana.1"
"19","Callophoca_obscura","Callophoca_obscura.1"
"20","large_eocene_stem_penguin","large_eocene_stem_penguin.1"
"21","Rodhocetus","Rodhocetus.1"
"22","Spheniscus","Spheniscus.1"
"23","Rodhocetus","Rodhocetus.2"
"24","Ichtyosaur_sp","Ichtyosaur_sp.1"
"25","Metryorhynchus","Metryorhynchus.1"
"26","Nothosaurus_102","Nothosaurus_102.1"
"27","Choeropsis_liberiensis","Choeropsis_liberiensis.1"
"28","Paraplacodus","Paraplacodus.1"
"29","Choeropsis_liberiensis","Choeropsis_liberiensis.2"
"30","Indohyus","Indohyus.1"
"31","Nothosaurus_mirabilis_1","Nothosaurus_mirabilis_1.1"
"32","Champsosaurus","Champsosaurus.1"
"33","Rhaeticosaurus","Rhaeticosaurus.1"
"34","Metryorhynchus","Metryorhynchus.2"
"35","Caiman_yacare","Caiman_yacare.1"
"36","Castor_fiber","Castor_fiber.1"
"37","Placodontia_indet_1","Placodontia_indet_1.1"
"38","Ornithorhynchus_anatinus","Ornithorhynchus_anatinus.1"
"39","Spinosaurus_","Spinosaurus_.1"
"40","Spinosaurus_","Spinosaurus_.2"
"41","Spinosaurus_","Spinosaurus_.3"
"42","Spinosaurus_","Spinosaurus_.4"
"43","Spinosaurus_","Spinosaurus_.5"
"44","Spinosaurus_","Spinosaurus_.6"
"45","Spinosaurus_","Spinosaurus_.7"
"46","Spinosaurus_","Spinosaurus_.8"
"47","Spinosaurus_","Spinosaurus_.9"
"48","Spinosaurus_","Spinosaurus_.10"
"49","Spinosaurus_","Spinosaurus_.11"
"50","Suchomimus","Suchomimus.1"
"51","Suchomimus","Suchomimus.2"
"52","Suchomimus","Suchomimus.3"
"53","Baryonyx","Baryonyx.1"
"54","Baryonyx","Baryonyx.2"
"55","Baryonyx","Baryonyx.3"
 
* Phylo tree and the main data and strata files have been modified to include duplicated taxa before the scaled random trees are generated.
* Selected categorical labels column: diving.or.not
* diving.or.equal column is identical to Diving column.
* Regression excludes flying taxa.
* Diving labels that are present in regression: 0,2
* lambda (calculated from a random tree) = : 0.11
* index-name alignment check: OK
