Logfile for a session of program: bootstrap_binary.r
-----------------------------------------------------
INPUT:
workDir: C:/dino_nature/output/2023-11-07-D1\bs/set_1576
Nbootstrapsets: 2000
phyloFDAfile: c:/dino_nature/code/phylo.fda.R
auxFile: c:/dino_nature/code/auxiliary.r
boneType: femur
regressionData.file: C:/dino_nature/output/2023-11-07-D1\bs/set_1576/femur_set_1576.csv
applyDataFilter: FALSE
addTreeTips: TRUE
Ntrees: 100
calculateTrees: TRUE
saveTrees: FALSE


OPERATIONAL CHECKS:
* Regression data contains multiple copies of some taxa (user added variants of existing test taxa 
   or replacements due to bootstrap are present) which are not in the phylo tree:
     original taxon,   duplicate   
"1","Atlantisia_rogersi","Atlantisia_rogersi.1"
"2","Rynochetus_jubatus","Rynochetus_jubatus.1"
"3","Meles_meles","Meles_meles.1"
"4","Rangifer_tarandus","Rangifer_tarandus.1"
"5","Alces_americanus","Alces_americanus.1"
"6","Sphenodon_punctatus","Sphenodon_punctatus.1"
"7","Cephalophus_silvicultor","Cephalophus_silvicultor.1"
"8","Rupicapra_rupicapra","Rupicapra_rupicapra.1"
"9","Vulpes_vulpes","Vulpes_vulpes.1"
"10","Pogona_viceps","Pogona_viceps.1"
"11","Pogona_viceps","Pogona_viceps.2"
"12","Dasyurus_maculatus","Dasyurus_maculatus.1"
"13","Meles_meles","Meles_meles.2"
"14","Atlantisia_rogersi","Atlantisia_rogersi.2"
"15","Okapia_johnstoni","Okapia_johnstoni.1"
"16","Felis_felis","Felis_felis.1"
"17","Giraffa_camelopardalis","Giraffa_camelopardalis.1"
"18","Dasyurus_maculatus","Dasyurus_maculatus.2"
"19","Rupicapra_rupicapra","Rupicapra_rupicapra.2"
"20","Apteryx_australis","Apteryx_australis.1"
"21","Atlantisia_rogersi","Atlantisia_rogersi.3"
"22","Pogona_viceps","Pogona_viceps.3"
"23","Bos_taurus","Bos_taurus.1"
"24","Tenrec_ecaudatus","Tenrec_ecaudatus.1"
"25","Microgale_thomasi","Microgale_thomasi.1"
"26","Simosaurus_1","Simosaurus_1.1"
"27","Simosaurus_1","Simosaurus_1.2"
"28","Castor_fiber","Castor_fiber.1"
"29","Phalacrocorax_harrisi","Phalacrocorax_harrisi.1"
"30","Champsosaurus","Champsosaurus.1"
"31","Castor_fiber","Castor_fiber.2"
"32","Simosaurus_1","Simosaurus_1.3"
"33","Desmana_moschata","Desmana_moschata.1"
"34","Chironectes_minimus","Chironectes_minimus.1"
"35","Pistosaurus","Pistosaurus.1"
"36","Rhaeticosaurus","Rhaeticosaurus.1"
"37","Hippopotamus_amphibius","Hippopotamus_amphibius.1"
"38","Paraplacodus","Paraplacodus.1"
"39","Desmana_moschata","Desmana_moschata.2"
"40","Tapirus_terrestris","Tapirus_terrestris.1"
"41","Maiacetus","Maiacetus.1"
"42","Pistosaurus","Pistosaurus.2"
"43","Nothosaurus_102","Nothosaurus_102.1"
"44","Desmostylus_hesperus","Desmostylus_hesperus.1"
"45","Placodontia_indet_1","Placodontia_indet_1.1"
"46","Phalacrocorax_harrisi","Phalacrocorax_harrisi.2"
"47","Chironectes_minimus","Chironectes_minimus.2"
"48","Spinosaurus_","Spinosaurus_.1"
"49","Spinosaurus_","Spinosaurus_.2"
"50","Spinosaurus_","Spinosaurus_.3"
"51","Spinosaurus_","Spinosaurus_.4"
"52","Spinosaurus_","Spinosaurus_.5"
"53","Spinosaurus_","Spinosaurus_.6"
"54","Spinosaurus_","Spinosaurus_.7"
"55","Spinosaurus_","Spinosaurus_.8"
"56","Spinosaurus_","Spinosaurus_.9"
"57","Spinosaurus_","Spinosaurus_.10"
"58","Spinosaurus_","Spinosaurus_.11"
"59","Suchomimus","Suchomimus.1"
"60","Suchomimus","Suchomimus.2"
"61","Suchomimus","Suchomimus.3"
"62","Baryonyx","Baryonyx.1"
"63","Baryonyx","Baryonyx.2"
"64","Baryonyx","Baryonyx.3"
 
* Phylo tree and the main data and strata files have been modified to include duplicated taxa before the scaled random trees are generated.
* Selected categorical labels column: diving.or.not
* diving.or.equal column is identical to Diving column.
* Regression excludes flying taxa.
* Diving labels that are present in regression: 0,2
* lambda (calculated from a random tree) = : 0.06
* index-name alignment check: OK
