Logfile for a session of program: bootstrap_binary.r
-----------------------------------------------------
INPUT:
workDir: C:/dino_nature/output/2023-11-07-D1\bs/set_507
Nbootstrapsets: 2000
phyloFDAfile: c:/dino_nature/code/phylo.fda.R
auxFile: c:/dino_nature/code/auxiliary.r
boneType: femur
regressionData.file: C:/dino_nature/output/2023-11-07-D1\bs/set_507/femur_set_507.csv
applyDataFilter: FALSE
addTreeTips: TRUE
Ntrees: 100
calculateTrees: TRUE
saveTrees: FALSE


OPERATIONAL CHECKS:
* Regression data contains multiple copies of some taxa (user added variants of existing test taxa 
   or replacements due to bootstrap are present) which are not in the phylo tree:
     original taxon,   duplicate   
"1","Tenrec_ecaudatus","Tenrec_ecaudatus.1"
"2","Rattus_rattus","Rattus_rattus.1"
"3","Meles_meles","Meles_meles.1"
"4","Elomeryx_borbonicus_","Elomeryx_borbonicus_.1"
"5","Meles_meles","Meles_meles.2"
"6","Meles_meles","Meles_meles.3"
"7","Meles_meles","Meles_meles.4"
"8","Taxidea_taxus","Taxidea_taxus.1"
"9","Taxidea_taxus","Taxidea_taxus.2"
"10","Meles_meles","Meles_meles.5"
"11","Caloenas_nicobarica","Caloenas_nicobarica.1"
"12","Tribonyx_mortieri","Tribonyx_mortieri.1"
"13","Brachyodus_onoideum","Brachyodus_onoideum.1"
"14","Caloenas_nicobarica","Caloenas_nicobarica.2"
"15","Xenicus_giliventris","Xenicus_giliventris.1"
"16","Brachyodus_onoideum","Brachyodus_onoideum.2"
"17","Elomeryx_borbonicus_","Elomeryx_borbonicus_.2"
"18","Strigiops_habroptilus","Strigiops_habroptilus.1"
"19","Alces_americanus","Alces_americanus.1"
"20","Neusticosaurus","Neusticosaurus.1"
"21","Small_Eocene_penguin","Small_Eocene_penguin.1"
"22","Small_Eocene_penguin","Small_Eocene_penguin.2"
"23","Palaeospheniscus","Palaeospheniscus.1"
"24","Chapsosaurus_","Chapsosaurus_.1"
"25","Palaeospheniscus","Palaeospheniscus.2"
"26","Rodhocetus","Rodhocetus.1"
"27","Placondontia_indet","Placondontia_indet.1"
"28","Aptenodytes______","Aptenodytes______.1"
"29","Desmostylus_hesperus","Desmostylus_hesperus.1"
"30","Nothosaurus_102","Nothosaurus_102.1"
"31","Nothosaurus_102","Nothosaurus_102.2"
"32","Rhaeticosaurus","Rhaeticosaurus.1"
"33","Nothosaurus_mirabilis_1","Nothosaurus_mirabilis_1.1"
"34","Anarosaurus","Anarosaurus.1"
"35","Simosaurus","Simosaurus.1"
"36","Nothosaurus_giganteus","Nothosaurus_giganteus.1"
"37","Protochampsidae","Protochampsidae.1"
"38","Aptenodytes______","Aptenodytes______.2"
"39","Spinosaurus_","Spinosaurus_.1"
"40","Spinosaurus_","Spinosaurus_.2"
"41","Spinosaurus_","Spinosaurus_.3"
"42","Spinosaurus_","Spinosaurus_.4"
"43","Spinosaurus_","Spinosaurus_.5"
"44","Spinosaurus_","Spinosaurus_.6"
"45","Spinosaurus_","Spinosaurus_.7"
"46","Spinosaurus_","Spinosaurus_.8"
"47","Spinosaurus_","Spinosaurus_.9"
"48","Spinosaurus_","Spinosaurus_.10"
"49","Spinosaurus_","Spinosaurus_.11"
"50","Suchomimus","Suchomimus.1"
"51","Suchomimus","Suchomimus.2"
"52","Suchomimus","Suchomimus.3"
"53","Baryonyx","Baryonyx.1"
"54","Baryonyx","Baryonyx.2"
"55","Baryonyx","Baryonyx.3"
 
* Phylo tree and the main data and strata files have been modified to include duplicated taxa before the scaled random trees are generated.
* Selected categorical labels column: diving.or.not
* diving.or.equal column is identical to Diving column.
* Regression excludes flying taxa.
* Diving labels that are present in regression: 0,2
* lambda (calculated from a random tree) = : 0.1
* index-name alignment check: OK
