Logfile for a session of program: bootstrap_binary.r
-----------------------------------------------------
INPUT:
workDir: C:/dino_nature/output/2023-11-07-D1\bs/set_1726
Nbootstrapsets: 2000
phyloFDAfile: c:/dino_nature/code/phylo.fda.R
auxFile: c:/dino_nature/code/auxiliary.r
boneType: femur
regressionData.file: C:/dino_nature/output/2023-11-07-D1\bs/set_1726/femur_set_1726.csv
applyDataFilter: FALSE
addTreeTips: TRUE
Ntrees: 100
calculateTrees: TRUE
saveTrees: FALSE


OPERATIONAL CHECKS:
* Regression data contains multiple copies of some taxa (user added variants of existing test taxa 
   or replacements due to bootstrap are present) which are not in the phylo tree:
     original taxon,   duplicate   
"1","Mammuthus_sp","Mammuthus_sp.1"
"2","Rangifer_tarandus","Rangifer_tarandus.1"
"3","Uncia_uncia","Uncia_uncia.1"
"4","Xenicus_giliventris","Xenicus_giliventris.1"
"5","Diplomesodon_pulchellum","Diplomesodon_pulchellum.1"
"6","Sphenodon_punctatus","Sphenodon_punctatus.1"
"7","Rangifer_tarandus","Rangifer_tarandus.2"
"8","Megaloceros_sp","Megaloceros_sp.1"
"9","Megaloceros_sp","Megaloceros_sp.2"
"10","Porphyrio_hochstetteri","Porphyrio_hochstetteri.1"
"11","Monodelphis_domestica","Monodelphis_domestica.1"
"12","Porphyrio_hochstetteri","Porphyrio_hochstetteri.2"
"13","Tenrec_ecaudatus","Tenrec_ecaudatus.1"
"14","Meles_meles","Meles_meles.1"
"15","Lacerta_viridis","Lacerta_viridis.1"
"16","Uncia_uncia","Uncia_uncia.2"
"17","Strigiops_habroptilus","Strigiops_habroptilus.1"
"18","Vulpes_vulpes","Vulpes_vulpes.1"
"19","Sus_scrofa","Sus_scrofa.1"
"20","Tenrec_ecaudatus","Tenrec_ecaudatus.2"
"21","Capreolus_capreolus","Capreolus_capreolus.1"
"22","large_eocene_stem_penguin","large_eocene_stem_penguin.1"
"23","Metryorhynchus","Metryorhynchus.1"
"24","Metryorhynchus","Metryorhynchus.2"
"25","Nothosaurus_mirabilis_1","Nothosaurus_mirabilis_1.1"
"26","Choeropsis_liberiensis","Choeropsis_liberiensis.1"
"27","Nothosaurus_mirabilis_1","Nothosaurus_mirabilis_1.2"
"28","Anarosaurus","Anarosaurus.1"
"29","large_eocene_stem_penguin","large_eocene_stem_penguin.2"
"30","Otaria_byronia","Otaria_byronia.1"
"31","Callophoca_obscura","Callophoca_obscura.1"
"32","Nothosaurus_mirabilis_1","Nothosaurus_mirabilis_1.3"
"33","Aptenodytes______","Aptenodytes______.1"
"34","Basilosaurus","Basilosaurus.1"
"35","Hesperornis","Hesperornis.1"
"36","Maiacetus","Maiacetus.1"
"37","Maiacetus","Maiacetus.2"
"38","Hesperornis","Hesperornis.2"
"39","Aptenodytes______","Aptenodytes______.2"
"40","Aptenodytes______","Aptenodytes______.3"
"41","Palaeospheniscus","Palaeospheniscus.1"
"42","Anarosaurus","Anarosaurus.2"
"43","Spinosaurus_","Spinosaurus_.1"
"44","Spinosaurus_","Spinosaurus_.2"
"45","Spinosaurus_","Spinosaurus_.3"
"46","Spinosaurus_","Spinosaurus_.4"
"47","Spinosaurus_","Spinosaurus_.5"
"48","Spinosaurus_","Spinosaurus_.6"
"49","Spinosaurus_","Spinosaurus_.7"
"50","Spinosaurus_","Spinosaurus_.8"
"51","Spinosaurus_","Spinosaurus_.9"
"52","Spinosaurus_","Spinosaurus_.10"
"53","Spinosaurus_","Spinosaurus_.11"
"54","Suchomimus","Suchomimus.1"
"55","Suchomimus","Suchomimus.2"
"56","Suchomimus","Suchomimus.3"
"57","Baryonyx","Baryonyx.1"
"58","Baryonyx","Baryonyx.2"
"59","Baryonyx","Baryonyx.3"
 
* Phylo tree and the main data and strata files have been modified to include duplicated taxa before the scaled random trees are generated.
* Selected categorical labels column: diving.or.not
* diving.or.equal column is identical to Diving column.
* Regression excludes flying taxa.
* Diving labels that are present in regression: 0,2
* lambda (calculated from a random tree) = : 0.16
* index-name alignment check: OK
