Logfile for a session of program: bootstrap_binary.r
-----------------------------------------------------
INPUT:
workDir: C:/dino_nature/output/2023-11-07-D1\bs/set_1000
Nbootstrapsets: 2000
phyloFDAfile: c:/dino_nature/code/phylo.fda.R
auxFile: c:/dino_nature/code/auxiliary.r
boneType: femur
regressionData.file: C:/dino_nature/output/2023-11-07-D1\bs/set_1000/femur_set_1000.csv
applyDataFilter: FALSE
addTreeTips: TRUE
Ntrees: 100
calculateTrees: TRUE
saveTrees: FALSE


OPERATIONAL CHECKS:
* Regression data contains multiple copies of some taxa (user added variants of existing test taxa 
   or replacements due to bootstrap are present) which are not in the phylo tree:
     original taxon,   duplicate   
"1","Ceratotherium_simum","Ceratotherium_simum.1"
"2","Apteryx_owenii_","Apteryx_owenii_.1"
"3","Vulpes_vulpes","Vulpes_vulpes.1"
"4","Porphyrio_hochstetteri","Porphyrio_hochstetteri.1"
"5","Ceratotherium_simum","Ceratotherium_simum.2"
"6","Porphyrio_hochstetteri","Porphyrio_hochstetteri.2"
"7","Rynochetus_jubatus","Rynochetus_jubatus.1"
"8","Rynochetus_jubatus","Rynochetus_jubatus.2"
"9","Dasyurus_maculatus","Dasyurus_maculatus.1"
"10","Rhynchocyon_petersi","Rhynchocyon_petersi.1"
"11","Dromaius_","Dromaius_.1"
"12","Rhynchocyon_petersi","Rhynchocyon_petersi.2"
"13","Strigiops_habroptilus","Strigiops_habroptilus.1"
"14","Capreolus_capreolus","Capreolus_capreolus.1"
"15","Raphus","Raphus.1"
"16","Dicerorhinus_sumatrensis","Dicerorhinus_sumatrensis.1"
"17","Ceratotherium_simum","Ceratotherium_simum.3"
"18","Meles_meles","Meles_meles.1"
"19","Cephalophus_silvicultor","Cephalophus_silvicultor.1"
"20","Mus_musculus","Mus_musculus.1"
"21","Procyon_lotor","Procyon_lotor.1"
"22","Strigiops_habroptilus","Strigiops_habroptilus.2"
"23","Giraffa_camelopardalis","Giraffa_camelopardalis.1"
"24","Chironectes_minimus","Chironectes_minimus.1"
"25","Nanophoca_vitulinoides","Nanophoca_vitulinoides.1"
"26","Desmana_moschata","Desmana_moschata.1"
"27","Basilosaurus","Basilosaurus.1"
"28","Lutra_vulgaris","Lutra_vulgaris.1"
"29","Metryorhynchus","Metryorhynchus.1"
"30","Castor_fiber","Castor_fiber.1"
"31","Nanophoca_vitulinoides","Nanophoca_vitulinoides.2"
"32","Metryorhynchus","Metryorhynchus.2"
"33","Callophoca_obscura","Callophoca_obscura.1"
"34","Ichtyosaur_sp","Ichtyosaur_sp.1"
"35","Ichtyosaurus_","Ichtyosaurus_.1"
"36","Cryptoclidus","Cryptoclidus.1"
"37","Phalacrocorax_harrisi","Phalacrocorax_harrisi.1"
"38","Otaria_byronia","Otaria_byronia.1"
"39","Rhaeticosaurus","Rhaeticosaurus.1"
"40","Phalacrocorax_harrisi","Phalacrocorax_harrisi.2"
"41","Maiacetus","Maiacetus.1"
"42","Spinosaurus_","Spinosaurus_.1"
"43","Spinosaurus_","Spinosaurus_.2"
"44","Spinosaurus_","Spinosaurus_.3"
"45","Spinosaurus_","Spinosaurus_.4"
"46","Spinosaurus_","Spinosaurus_.5"
"47","Spinosaurus_","Spinosaurus_.6"
"48","Spinosaurus_","Spinosaurus_.7"
"49","Spinosaurus_","Spinosaurus_.8"
"50","Spinosaurus_","Spinosaurus_.9"
"51","Spinosaurus_","Spinosaurus_.10"
"52","Spinosaurus_","Spinosaurus_.11"
"53","Suchomimus","Suchomimus.1"
"54","Suchomimus","Suchomimus.2"
"55","Suchomimus","Suchomimus.3"
"56","Baryonyx","Baryonyx.1"
"57","Baryonyx","Baryonyx.2"
"58","Baryonyx","Baryonyx.3"
 
* Phylo tree and the main data and strata files have been modified to include duplicated taxa before the scaled random trees are generated.
* Selected categorical labels column: diving.or.not
* diving.or.equal column is identical to Diving column.
* Regression excludes flying taxa.
* Diving labels that are present in regression: 0,2
* lambda (calculated from a random tree) = : 0.09
* index-name alignment check: OK
