Logfile for a session of program: bootstrap_binary.r
-----------------------------------------------------
INPUT:
workDir: C:/dino_nature/output/2023-11-07-D1\bs/set_461
Nbootstrapsets: 2000
phyloFDAfile: c:/dino_nature/code/phylo.fda.R
auxFile: c:/dino_nature/code/auxiliary.r
boneType: femur
regressionData.file: C:/dino_nature/output/2023-11-07-D1\bs/set_461/femur_set_461.csv
applyDataFilter: FALSE
addTreeTips: TRUE
Ntrees: 100
calculateTrees: TRUE
saveTrees: FALSE


OPERATIONAL CHECKS:
* Regression data contains multiple copies of some taxa (user added variants of existing test taxa 
   or replacements due to bootstrap are present) which are not in the phylo tree:
     original taxon,   duplicate   
"1","Strigiops_habroptilus","Strigiops_habroptilus.1"
"2","Xenicus_giliventris","Xenicus_giliventris.1"
"3","Rupicapra_rupicapra","Rupicapra_rupicapra.1"
"4","Rupicapra_rupicapra","Rupicapra_rupicapra.2"
"5","Mus_musculus","Mus_musculus.1"
"6","Lama_guanicoe","Lama_guanicoe.1"
"7","Giraffa_camelopardalis","Giraffa_camelopardalis.1"
"8","Rattus_rattus","Rattus_rattus.1"
"9","Rattus_rattus","Rattus_rattus.2"
"10","Vulpes_vulpes","Vulpes_vulpes.1"
"11","Felis_felis","Felis_felis.1"
"12","Sphenodon_punctatus","Sphenodon_punctatus.1"
"13","Giraffa_camelopardalis","Giraffa_camelopardalis.2"
"14","Hemiechinus_azurites","Hemiechinus_azurites.1"
"15","Xenicus_giliventris","Xenicus_giliventris.2"
"16","Raphus","Raphus.1"
"17","Rhynchocyon_petersi","Rhynchocyon_petersi.1"
"18","Elephas_maximus","Elephas_maximus.1"
"19","Anarosaurus","Anarosaurus.1"
"20","Caiman_yacare","Caiman_yacare.1"
"21","Nothosaurus_102","Nothosaurus_102.1"
"22","Ichtyosaur_sp","Ichtyosaur_sp.1"
"23","Placodontia_indet_1","Placodontia_indet_1.1"
"24","Champsosaurus","Champsosaurus.1"
"25","Cryptoclidus","Cryptoclidus.1"
"26","Placodontia_indet_1","Placodontia_indet_1.2"
"27","Nothosaurus_giganteus","Nothosaurus_giganteus.1"
"28","Ichtyosaurus_","Ichtyosaurus_.1"
"29","Callophoca_obscura","Callophoca_obscura.1"
"30","Phalacrocorax_harrisi","Phalacrocorax_harrisi.1"
"31","Castor_fiber","Castor_fiber.1"
"32","Ichtyosaurus_","Ichtyosaurus_.2"
"33","Serpianosaurus","Serpianosaurus.1"
"34","Remingtonocetus","Remingtonocetus.1"
"35","Ichtyosaur_sp","Ichtyosaur_sp.2"
"36","Champsosaurus","Champsosaurus.2"
"37","Hippopotamus_amphibius","Hippopotamus_amphibius.1"
"38","Indohyus","Indohyus.1"
"39","Indohyus","Indohyus.2"
"40","Serpianosaurus","Serpianosaurus.2"
"41","Spinosaurus_","Spinosaurus_.1"
"42","Spinosaurus_","Spinosaurus_.2"
"43","Spinosaurus_","Spinosaurus_.3"
"44","Spinosaurus_","Spinosaurus_.4"
"45","Spinosaurus_","Spinosaurus_.5"
"46","Spinosaurus_","Spinosaurus_.6"
"47","Spinosaurus_","Spinosaurus_.7"
"48","Spinosaurus_","Spinosaurus_.8"
"49","Spinosaurus_","Spinosaurus_.9"
"50","Spinosaurus_","Spinosaurus_.10"
"51","Spinosaurus_","Spinosaurus_.11"
"52","Suchomimus","Suchomimus.1"
"53","Suchomimus","Suchomimus.2"
"54","Suchomimus","Suchomimus.3"
"55","Baryonyx","Baryonyx.1"
"56","Baryonyx","Baryonyx.2"
"57","Baryonyx","Baryonyx.3"
 
* Phylo tree and the main data and strata files have been modified to include duplicated taxa before the scaled random trees are generated.
* Selected categorical labels column: diving.or.not
* diving.or.equal column is identical to Diving column.
* Regression excludes flying taxa.
* Diving labels that are present in regression: 0,2
* lambda (calculated from a random tree) = : 0.09
* index-name alignment check: OK
