Logfile for a session of program: bootstrap_binary.r
-----------------------------------------------------
INPUT:
workDir: C:/dino_nature/output/2023-11-07-D1\bs/set_1381
Nbootstrapsets: 2000
phyloFDAfile: c:/dino_nature/code/phylo.fda.R
auxFile: c:/dino_nature/code/auxiliary.r
boneType: femur
regressionData.file: C:/dino_nature/output/2023-11-07-D1\bs/set_1381/femur_set_1381.csv
applyDataFilter: FALSE
addTreeTips: TRUE
Ntrees: 100
calculateTrees: TRUE
saveTrees: FALSE


OPERATIONAL CHECKS:
* Regression data contains multiple copies of some taxa (user added variants of existing test taxa 
   or replacements due to bootstrap are present) which are not in the phylo tree:
     original taxon,   duplicate   
"1","Capreolus_capreolus","Capreolus_capreolus.1"
"2","Diplomesodon_pulchellum","Diplomesodon_pulchellum.1"
"3","Capreolus_capreolus","Capreolus_capreolus.2"
"4","Rattus_rattus","Rattus_rattus.1"
"5","Dicerorhinus_sumatrensis","Dicerorhinus_sumatrensis.1"
"6","Microgale_thomasi","Microgale_thomasi.1"
"7","Procavia_capensis","Procavia_capensis.1"
"8","Microgale_thomasi","Microgale_thomasi.2"
"9","Sphenodon_punctatus","Sphenodon_punctatus.1"
"10","Rupicapra_rupicapra","Rupicapra_rupicapra.1"
"11","Sphenodon_punctatus","Sphenodon_punctatus.2"
"12","Rangifer_tarandus","Rangifer_tarandus.1"
"13","Hemiechinus_azurites","Hemiechinus_azurites.1"
"14","Sphenodon_punctatus","Sphenodon_punctatus.3"
"15","Sus_scrofa","Sus_scrofa.1"
"16","Tribonyx_mortieri","Tribonyx_mortieri.1"
"17","Dicerorhinus_sumatrensis","Dicerorhinus_sumatrensis.2"
"18","Hemiechinus_azurites","Hemiechinus_azurites.2"
"19","Elomeryx_borbonicus_","Elomeryx_borbonicus_.1"
"20","Raphus","Raphus.1"
"21","Elephas_maximus","Elephas_maximus.1"
"22","Alces_americanus","Alces_americanus.1"
"23","Microgale_thomasi","Microgale_thomasi.3"
"24","Alces_americanus","Alces_americanus.2"
"25","Apteryx_owenii_","Apteryx_owenii_.1"
"26","Protochampsidae","Protochampsidae.1"
"27","Simosaurus","Simosaurus.1"
"28","Caiman_yacare","Caiman_yacare.1"
"29","Caiman_yacare","Caiman_yacare.2"
"30","Aptenodytes______","Aptenodytes______.1"
"31","Protochampsidae","Protochampsidae.2"
"32","Spheniscus","Spheniscus.1"
"33","Palaeospheniscus","Palaeospheniscus.1"
"34","Chironectes_minimus","Chironectes_minimus.1"
"35","Spheniscus","Spheniscus.2"
"36","Cricosaurus","Cricosaurus.1"
"37","Micropotamogale_euwenzorii","Micropotamogale_euwenzorii.1"
"38","Indohyus","Indohyus.1"
"39","Protochampsidae","Protochampsidae.3"
"40","Chironectes_minimus","Chironectes_minimus.2"
"41","Nothosaurus_102","Nothosaurus_102.1"
"42","Nothosaurus_102","Nothosaurus_102.2"
"43","Palaeospheniscus","Palaeospheniscus.2"
"44","Pistosaurus","Pistosaurus.1"
"45","Neusticosaurus","Neusticosaurus.1"
"46","Small_Eocene_penguin","Small_Eocene_penguin.1"
"47","Small_Eocene_penguin","Small_Eocene_penguin.2"
"48","Ichtyosaur_sp","Ichtyosaur_sp.1"
"49","Caiman_yacare","Caiman_yacare.3"
"50","Spheniscus","Spheniscus.3"
"51","Aptenodytes______","Aptenodytes______.2"
"52","Spinosaurus_","Spinosaurus_.1"
"53","Spinosaurus_","Spinosaurus_.2"
"54","Spinosaurus_","Spinosaurus_.3"
"55","Spinosaurus_","Spinosaurus_.4"
"56","Spinosaurus_","Spinosaurus_.5"
"57","Spinosaurus_","Spinosaurus_.6"
"58","Spinosaurus_","Spinosaurus_.7"
"59","Spinosaurus_","Spinosaurus_.8"
"60","Spinosaurus_","Spinosaurus_.9"
"61","Spinosaurus_","Spinosaurus_.10"
"62","Spinosaurus_","Spinosaurus_.11"
"63","Suchomimus","Suchomimus.1"
"64","Suchomimus","Suchomimus.2"
"65","Suchomimus","Suchomimus.3"
"66","Baryonyx","Baryonyx.1"
"67","Baryonyx","Baryonyx.2"
"68","Baryonyx","Baryonyx.3"
 
* Phylo tree and the main data and strata files have been modified to include duplicated taxa before the scaled random trees are generated.
* Selected categorical labels column: diving.or.not
* diving.or.equal column is identical to Diving column.
* Regression excludes flying taxa.
* Diving labels that are present in regression: 0,2
* lambda (calculated from a random tree) = : 0.17
* index-name alignment check: OK
