Logfile for a session of program: bootstrap_binary.r
-----------------------------------------------------
INPUT:
workDir: C:/dino_nature/output/2023-11-07-D1\bs/set_637
Nbootstrapsets: 2000
phyloFDAfile: c:/dino_nature/code/phylo.fda.R
auxFile: c:/dino_nature/code/auxiliary.r
boneType: femur
regressionData.file: C:/dino_nature/output/2023-11-07-D1\bs/set_637/femur_set_637.csv
applyDataFilter: FALSE
addTreeTips: TRUE
Ntrees: 100
calculateTrees: TRUE
saveTrees: FALSE


OPERATIONAL CHECKS:
* Regression data contains multiple copies of some taxa (user added variants of existing test taxa 
   or replacements due to bootstrap are present) which are not in the phylo tree:
     original taxon,   duplicate   
"1","Caloenas_nicobarica","Caloenas_nicobarica.1"
"2","Giraffa_camelopardalis","Giraffa_camelopardalis.1"
"3","Caloenas_nicobarica","Caloenas_nicobarica.2"
"4","Strigiops_habroptilus","Strigiops_habroptilus.1"
"5","Brachyodus_onoideum","Brachyodus_onoideum.1"
"6","Giraffa_camelopardalis","Giraffa_camelopardalis.2"
"7","Monodelphis_domestica","Monodelphis_domestica.1"
"8","Tamandua_tetradactyla","Tamandua_tetradactyla.1"
"9","Bos_taurus","Bos_taurus.1"
"10","Lacerta_viridis","Lacerta_viridis.1"
"11","Tamandua_tetradactyla","Tamandua_tetradactyla.2"
"12","Elephas_maximus","Elephas_maximus.1"
"13","Felis_felis","Felis_felis.1"
"14","Myrmecophaga_tridactyla","Myrmecophaga_tridactyla.1"
"15","Vulpes_vulpes","Vulpes_vulpes.1"
"16","Euroscaptor_micrura","Euroscaptor_micrura.1"
"17","Sphenodon_punctatus","Sphenodon_punctatus.1"
"18","Bos_taurus","Bos_taurus.2"
"19","Mus_musculus","Mus_musculus.1"
"20","Alligator","Alligator.1"
"21","Hexaprotodon_garyam","Hexaprotodon_garyam.1"
"22","Ichtyosaurus_","Ichtyosaurus_.1"
"23","Chironectes_minimus","Chironectes_minimus.1"
"24","Anarosaurus","Anarosaurus.1"
"25","Chapsosaurus_","Chapsosaurus_.1"
"26","Nothosaurus_150","Nothosaurus_150.1"
"27","Basilosaurus","Basilosaurus.1"
"28","Nothosaurus_568","Nothosaurus_568.1"
"29","Nothosaurus_150","Nothosaurus_150.2"
"30","Simosaurus_1","Simosaurus_1.1"
"31","Nothosaurus_mirabilis","Nothosaurus_mirabilis.1"
"32","Nothosaurus_mirabilis_1","Nothosaurus_mirabilis_1.1"
"33","Neusticosaurus","Neusticosaurus.1"
"34","Nothosaurus_mirabilis","Nothosaurus_mirabilis.2"
"35","Ichtyosaurus_","Ichtyosaurus_.2"
"36","Spheniscus","Spheniscus.1"
"37","Nanophoca_vitulinoides","Nanophoca_vitulinoides.1"
"38","Simosaurus_1","Simosaurus_1.2"
"39","Castor_fiber","Castor_fiber.1"
"40","Micropotamogale_euwenzorii","Micropotamogale_euwenzorii.1"
"41","Spinosaurus_","Spinosaurus_.1"
"42","Spinosaurus_","Spinosaurus_.2"
"43","Spinosaurus_","Spinosaurus_.3"
"44","Spinosaurus_","Spinosaurus_.4"
"45","Spinosaurus_","Spinosaurus_.5"
"46","Spinosaurus_","Spinosaurus_.6"
"47","Spinosaurus_","Spinosaurus_.7"
"48","Spinosaurus_","Spinosaurus_.8"
"49","Spinosaurus_","Spinosaurus_.9"
"50","Spinosaurus_","Spinosaurus_.10"
"51","Spinosaurus_","Spinosaurus_.11"
"52","Suchomimus","Suchomimus.1"
"53","Suchomimus","Suchomimus.2"
"54","Suchomimus","Suchomimus.3"
"55","Baryonyx","Baryonyx.1"
"56","Baryonyx","Baryonyx.2"
"57","Baryonyx","Baryonyx.3"
 
* Phylo tree and the main data and strata files have been modified to include duplicated taxa before the scaled random trees are generated.
* Selected categorical labels column: diving.or.not
* diving.or.equal column is identical to Diving column.
* Regression excludes flying taxa.
* Diving labels that are present in regression: 0,2
* lambda (calculated from a random tree) = : 0.15
* index-name alignment check: OK
