Logfile for a session of program: bootstrap_binary.r
-----------------------------------------------------
INPUT:
workDir: C:/dino_nature/output/2023-11-07-D1\bs/set_635
Nbootstrapsets: 2000
phyloFDAfile: c:/dino_nature/code/phylo.fda.R
auxFile: c:/dino_nature/code/auxiliary.r
boneType: femur
regressionData.file: C:/dino_nature/output/2023-11-07-D1\bs/set_635/femur_set_635.csv
applyDataFilter: FALSE
addTreeTips: TRUE
Ntrees: 100
calculateTrees: TRUE
saveTrees: FALSE


OPERATIONAL CHECKS:
* Regression data contains multiple copies of some taxa (user added variants of existing test taxa 
   or replacements due to bootstrap are present) which are not in the phylo tree:
     original taxon,   duplicate   
"1","Bos_taurus","Bos_taurus.1"
"2","Syncerus_caffer","Syncerus_caffer.1"
"3","Mammuthus_sp","Mammuthus_sp.1"
"4","Brachyodus_onoideum","Brachyodus_onoideum.1"
"5","Lacerta_viridis","Lacerta_viridis.1"
"6","Ceratotherium_simum","Ceratotherium_simum.1"
"7","Ceratotherium_simum","Ceratotherium_simum.2"
"8","Caloenas_nicobarica","Caloenas_nicobarica.1"
"9","Giraffa_camelopardalis","Giraffa_camelopardalis.1"
"10","Mammuthus_sp","Mammuthus_sp.2"
"11","Ceratotherium_simum","Ceratotherium_simum.3"
"12","Lacerta_viridis","Lacerta_viridis.2"
"13","Myrmecophaga_tridactyla","Myrmecophaga_tridactyla.1"
"14","Ceratotherium_simum","Ceratotherium_simum.4"
"15","Dicerorhinus_sumatrensis","Dicerorhinus_sumatrensis.1"
"16","Monodelphis_domestica","Monodelphis_domestica.1"
"17","Xenicus_giliventris","Xenicus_giliventris.1"
"18","Capreolus_capreolus","Capreolus_capreolus.1"
"19","Leptophoca_proxima","Leptophoca_proxima.1"
"20","Hippopotamus_amphibius","Hippopotamus_amphibius.1"
"21","Lutra_vulgaris","Lutra_vulgaris.1"
"22","Desmana_moschata","Desmana_moschata.1"
"23","Desmana_moschata","Desmana_moschata.2"
"24","Nothosaurus_102","Nothosaurus_102.1"
"25","Callophoca_obscura","Callophoca_obscura.1"
"26","Ichtyosaur_sp","Ichtyosaur_sp.1"
"27","Nothosaurus_mirabilis","Nothosaurus_mirabilis.1"
"28","Ichtyosaur_sp","Ichtyosaur_sp.2"
"29","Phalacrocorax_harrisi","Phalacrocorax_harrisi.1"
"30","Nothosaurus_102","Nothosaurus_102.2"
"31","Rhaeticosaurus","Rhaeticosaurus.1"
"32","Callophoca_obscura","Callophoca_obscura.2"
"33","Hippopotamus_amphibius","Hippopotamus_amphibius.2"
"34","Nothosaurus_mirabilis_1","Nothosaurus_mirabilis_1.1"
"35","Rodhocetus","Rodhocetus.1"
"36","Choeropsis_liberiensis","Choeropsis_liberiensis.1"
"37","Spheniscus","Spheniscus.1"
"38","Aptenodytes______","Aptenodytes______.1"
"39","Micropotamogale_euwenzorii","Micropotamogale_euwenzorii.1"
"40","Ichtyosaur_sp","Ichtyosaur_sp.3"
"41","Hippopotamus_amphibius","Hippopotamus_amphibius.3"
"42","Hesperornis","Hesperornis.1"
"43","Spinosaurus_","Spinosaurus_.1"
"44","Spinosaurus_","Spinosaurus_.2"
"45","Spinosaurus_","Spinosaurus_.3"
"46","Spinosaurus_","Spinosaurus_.4"
"47","Spinosaurus_","Spinosaurus_.5"
"48","Spinosaurus_","Spinosaurus_.6"
"49","Spinosaurus_","Spinosaurus_.7"
"50","Spinosaurus_","Spinosaurus_.8"
"51","Spinosaurus_","Spinosaurus_.9"
"52","Spinosaurus_","Spinosaurus_.10"
"53","Spinosaurus_","Spinosaurus_.11"
"54","Suchomimus","Suchomimus.1"
"55","Suchomimus","Suchomimus.2"
"56","Suchomimus","Suchomimus.3"
"57","Baryonyx","Baryonyx.1"
"58","Baryonyx","Baryonyx.2"
"59","Baryonyx","Baryonyx.3"
 
* Phylo tree and the main data and strata files have been modified to include duplicated taxa before the scaled random trees are generated.
* Selected categorical labels column: diving.or.not
* diving.or.equal column is identical to Diving column.
* Regression excludes flying taxa.
* Diving labels that are present in regression: 0,2
* lambda (calculated from a random tree) = : 0.1
* index-name alignment check: OK
