Logfile for a session of program: bootstrap_binary.r
-----------------------------------------------------
INPUT:
workDir: C:/dino_nature/output/2023-11-07-D1\bs/set_490
Nbootstrapsets: 2000
phyloFDAfile: c:/dino_nature/code/phylo.fda.R
auxFile: c:/dino_nature/code/auxiliary.r
boneType: femur
regressionData.file: C:/dino_nature/output/2023-11-07-D1\bs/set_490/femur_set_490.csv
applyDataFilter: FALSE
addTreeTips: TRUE
Ntrees: 100
calculateTrees: TRUE
saveTrees: FALSE


OPERATIONAL CHECKS:
* Regression data contains multiple copies of some taxa (user added variants of existing test taxa 
   or replacements due to bootstrap are present) which are not in the phylo tree:
     original taxon,   duplicate   
"1","Porphyrio_hochstetteri","Porphyrio_hochstetteri.1"
"2","Tribonyx_mortieri","Tribonyx_mortieri.1"
"3","Rhynchocyon_petersi","Rhynchocyon_petersi.1"
"4","Megaloceros_sp","Megaloceros_sp.1"
"5","Cephalophus_silvicultor","Cephalophus_silvicultor.1"
"6","Rangifer_tarandus","Rangifer_tarandus.1"
"7","Dama_dama","Dama_dama.1"
"8","Loxodonta_africana","Loxodonta_africana.1"
"9","Dama_dama","Dama_dama.2"
"10","Cephalophus_silvicultor","Cephalophus_silvicultor.2"
"11","Paguma_larvata","Paguma_larvata.1"
"12","Apteryx_australis","Apteryx_australis.1"
"13","Okapia_johnstoni","Okapia_johnstoni.1"
"14","Apteryx_australis","Apteryx_australis.2"
"15","Rhynchocyon_petersi","Rhynchocyon_petersi.2"
"16","Procavia_capensis","Procavia_capensis.1"
"17","Dicerorhinus_sumatrensis","Dicerorhinus_sumatrensis.1"
"18","Tenrec_ecaudatus","Tenrec_ecaudatus.1"
"19","Remingtonocetus","Remingtonocetus.1"
"20","Small_Eocene_penguin","Small_Eocene_penguin.1"
"21","Small_Eocene_penguin","Small_Eocene_penguin.2"
"22","Rhaeticosaurus","Rhaeticosaurus.1"
"23","Noemys_fodies","Noemys_fodies.1"
"24","Alligator","Alligator.1"
"25","Nanophoca_vitulinoides","Nanophoca_vitulinoides.1"
"26","Desmana_moschata","Desmana_moschata.1"
"27","Small_Eocene_penguin","Small_Eocene_penguin.3"
"28","Noemys_fodies","Noemys_fodies.2"
"29","Psephoderma","Psephoderma.1"
"30","Remingtonocetus","Remingtonocetus.2"
"31","Castor_fiber","Castor_fiber.1"
"32","Desmana_moschata","Desmana_moschata.2"
"33","Castor_fiber","Castor_fiber.2"
"34","Castor_fiber","Castor_fiber.3"
"35","Simosaurus","Simosaurus.1"
"36","Neusticosaurus","Neusticosaurus.1"
"37","Nanophoca_vitulinoides","Nanophoca_vitulinoides.2"
"38","Simosaurus_1","Simosaurus_1.1"
"39","Cricosaurus","Cricosaurus.1"
"40","Nothosaurus_mirabilis_1","Nothosaurus_mirabilis_1.1"
"41","Rhaeticosaurus","Rhaeticosaurus.2"
"42","Spinosaurus_","Spinosaurus_.1"
"43","Spinosaurus_","Spinosaurus_.2"
"44","Spinosaurus_","Spinosaurus_.3"
"45","Spinosaurus_","Spinosaurus_.4"
"46","Spinosaurus_","Spinosaurus_.5"
"47","Spinosaurus_","Spinosaurus_.6"
"48","Spinosaurus_","Spinosaurus_.7"
"49","Spinosaurus_","Spinosaurus_.8"
"50","Spinosaurus_","Spinosaurus_.9"
"51","Spinosaurus_","Spinosaurus_.10"
"52","Spinosaurus_","Spinosaurus_.11"
"53","Suchomimus","Suchomimus.1"
"54","Suchomimus","Suchomimus.2"
"55","Suchomimus","Suchomimus.3"
"56","Baryonyx","Baryonyx.1"
"57","Baryonyx","Baryonyx.2"
"58","Baryonyx","Baryonyx.3"
 
* Phylo tree and the main data and strata files have been modified to include duplicated taxa before the scaled random trees are generated.
* Selected categorical labels column: diving.or.not
* diving.or.equal column is identical to Diving column.
* Regression excludes flying taxa.
* Diving labels that are present in regression: 0,2
* lambda (calculated from a random tree) = : 0.1
* index-name alignment check: OK
