Logfile for a session of program: bootstrap_binary.r
-----------------------------------------------------
INPUT:
workDir: C:/dino_nature/output/2023-11-07-D1\bs/set_956
Nbootstrapsets: 2000
phyloFDAfile: c:/dino_nature/code/phylo.fda.R
auxFile: c:/dino_nature/code/auxiliary.r
boneType: femur
regressionData.file: C:/dino_nature/output/2023-11-07-D1\bs/set_956/femur_set_956.csv
applyDataFilter: FALSE
addTreeTips: TRUE
Ntrees: 100
calculateTrees: TRUE
saveTrees: FALSE


OPERATIONAL CHECKS:
* Regression data contains multiple copies of some taxa (user added variants of existing test taxa 
   or replacements due to bootstrap are present) which are not in the phylo tree:
     original taxon,   duplicate   
"1","Syncerus_caffer","Syncerus_caffer.1"
"2","Mus_musculus","Mus_musculus.1"
"3","Dicerorhinus_sumatrensis","Dicerorhinus_sumatrensis.1"
"4","Sus_scrofa","Sus_scrofa.1"
"5","Sus_scrofa","Sus_scrofa.2"
"6","Mus_musculus","Mus_musculus.2"
"7","Lacerta_viridis","Lacerta_viridis.1"
"8","Syncerus_caffer","Syncerus_caffer.2"
"9","Myrmecophaga_tridactyla","Myrmecophaga_tridactyla.1"
"10","Dasyurus_maculatus","Dasyurus_maculatus.1"
"11","Microgale_thomasi","Microgale_thomasi.1"
"12","Uncia_uncia","Uncia_uncia.1"
"13","Mammuthus_sp","Mammuthus_sp.1"
"14","Tenrec_ecaudatus","Tenrec_ecaudatus.1"
"15","Dromaius_","Dromaius_.1"
"16","Myrmecophaga_tridactyla","Myrmecophaga_tridactyla.2"
"17","Dromaius_","Dromaius_.2"
"18","Hemiechinus_azurites","Hemiechinus_azurites.1"
"19","Otaria_byronia","Otaria_byronia.1"
"20","Palaeospheniscus","Palaeospheniscus.1"
"21","Pistosaurus","Pistosaurus.1"
"22","Dyrosaurid","Dyrosaurid.1"
"23","Champsosaurus","Champsosaurus.1"
"24","Palaeospheniscus","Palaeospheniscus.2"
"25","Ichtyosaur_sp","Ichtyosaur_sp.1"
"26","Nothosaurus_mirabilis","Nothosaurus_mirabilis.1"
"27","large_eocene_stem_penguin","large_eocene_stem_penguin.1"
"28","Palaeospheniscus","Palaeospheniscus.3"
"29","Palaeospheniscus","Palaeospheniscus.4"
"30","Otaria_byronia","Otaria_byronia.2"
"31","Hydromys_chrysogaster","Hydromys_chrysogaster.1"
"32","Ichtyosaur_sp","Ichtyosaur_sp.2"
"33","Tapirus_terrestris","Tapirus_terrestris.1"
"34","Ichtyosaurus_","Ichtyosaurus_.1"
"35","Metryorhynchus","Metryorhynchus.1"
"36","Ornithorhynchus_anatinus","Ornithorhynchus_anatinus.1"
"37","Ichtyosaur_sp","Ichtyosaur_sp.3"
"38","Nothosaurus_mirabilis","Nothosaurus_mirabilis.2"
"39","Cricosaurus","Cricosaurus.1"
"40","Desmostylus_hesperus","Desmostylus_hesperus.1"
"41","Spinosaurus_","Spinosaurus_.1"
"42","Spinosaurus_","Spinosaurus_.2"
"43","Spinosaurus_","Spinosaurus_.3"
"44","Spinosaurus_","Spinosaurus_.4"
"45","Spinosaurus_","Spinosaurus_.5"
"46","Spinosaurus_","Spinosaurus_.6"
"47","Spinosaurus_","Spinosaurus_.7"
"48","Spinosaurus_","Spinosaurus_.8"
"49","Spinosaurus_","Spinosaurus_.9"
"50","Spinosaurus_","Spinosaurus_.10"
"51","Spinosaurus_","Spinosaurus_.11"
"52","Suchomimus","Suchomimus.1"
"53","Suchomimus","Suchomimus.2"
"54","Suchomimus","Suchomimus.3"
"55","Baryonyx","Baryonyx.1"
"56","Baryonyx","Baryonyx.2"
"57","Baryonyx","Baryonyx.3"
 
* Phylo tree and the main data and strata files have been modified to include duplicated taxa before the scaled random trees are generated.
* Selected categorical labels column: diving.or.not
* diving.or.equal column is identical to Diving column.
* Regression excludes flying taxa.
* Diving labels that are present in regression: 0,2
* lambda (calculated from a random tree) = : 0.1
* index-name alignment check: OK
