Logfile for a session of program: bootstrap_binary.r
-----------------------------------------------------
INPUT:
workDir: C:/dino_nature/output/2023-11-07-D1\bs/set_1599
Nbootstrapsets: 2000
phyloFDAfile: c:/dino_nature/code/phylo.fda.R
auxFile: c:/dino_nature/code/auxiliary.r
boneType: femur
regressionData.file: C:/dino_nature/output/2023-11-07-D1\bs/set_1599/femur_set_1599.csv
applyDataFilter: FALSE
addTreeTips: TRUE
Ntrees: 100
calculateTrees: TRUE
saveTrees: FALSE


OPERATIONAL CHECKS:
* Regression data contains multiple copies of some taxa (user added variants of existing test taxa 
   or replacements due to bootstrap are present) which are not in the phylo tree:
     original taxon,   duplicate   
"1","Ceratotherium_simum","Ceratotherium_simum.1"
"2","Diplomesodon_pulchellum","Diplomesodon_pulchellum.1"
"3","Okapia_johnstoni","Okapia_johnstoni.1"
"4","Capreolus_capreolus","Capreolus_capreolus.1"
"5","Ceratotherium_simum","Ceratotherium_simum.2"
"6","Porphyrio_hochstetteri","Porphyrio_hochstetteri.1"
"7","Diplomesodon_pulchellum","Diplomesodon_pulchellum.2"
"8","Okapia_johnstoni","Okapia_johnstoni.2"
"9","Capreolus_capreolus","Capreolus_capreolus.2"
"10","Meles_meles","Meles_meles.1"
"11","Diplomesodon_pulchellum","Diplomesodon_pulchellum.3"
"12","Pogona_viceps","Pogona_viceps.1"
"13","Bison_bonasus","Bison_bonasus.1"
"14","Diplomesodon_pulchellum","Diplomesodon_pulchellum.4"
"15","Porphyrio_hochstetteri","Porphyrio_hochstetteri.2"
"16","Rangifer_tarandus","Rangifer_tarandus.1"
"17","Capreolus_capreolus","Capreolus_capreolus.3"
"18","Nyctereutes_procyonoides","Nyctereutes_procyonoides.1"
"19","Rattus_rattus","Rattus_rattus.1"
"20","Nothosaurus_150","Nothosaurus_150.1"
"21","Aptenodytes______","Aptenodytes______.1"
"22","Chapsosaurus_","Chapsosaurus_.1"
"23","Nothosaurus_102","Nothosaurus_102.1"
"24","Indohyus","Indohyus.1"
"25","large_eocene_stem_penguin","large_eocene_stem_penguin.1"
"26","Basilosaurus","Basilosaurus.1"
"27","Rhaeticosaurus","Rhaeticosaurus.1"
"28","Indohyus","Indohyus.2"
"29","Remingtonocetus","Remingtonocetus.1"
"30","Chapsosaurus_","Chapsosaurus_.2"
"31","Dyrosaurid","Dyrosaurid.1"
"32","large_eocene_stem_penguin","large_eocene_stem_penguin.2"
"33","Hesperornis","Hesperornis.1"
"34","Rhaeticosaurus","Rhaeticosaurus.2"
"35","Anarosaurus","Anarosaurus.1"
"36","Hydromys_chrysogaster","Hydromys_chrysogaster.1"
"37","large_eocene_stem_penguin","large_eocene_stem_penguin.3"
"38","Nothosaurus_mirabilis","Nothosaurus_mirabilis.1"
"39","Nothosaurus_150","Nothosaurus_150.2"
"40","Dyrosaurid","Dyrosaurid.2"
"41","Desmana_moschata","Desmana_moschata.1"
"42","Anarosaurus","Anarosaurus.2"
"43","Indohyus","Indohyus.3"
"44","Spinosaurus_","Spinosaurus_.1"
"45","Spinosaurus_","Spinosaurus_.2"
"46","Spinosaurus_","Spinosaurus_.3"
"47","Spinosaurus_","Spinosaurus_.4"
"48","Spinosaurus_","Spinosaurus_.5"
"49","Spinosaurus_","Spinosaurus_.6"
"50","Spinosaurus_","Spinosaurus_.7"
"51","Spinosaurus_","Spinosaurus_.8"
"52","Spinosaurus_","Spinosaurus_.9"
"53","Spinosaurus_","Spinosaurus_.10"
"54","Spinosaurus_","Spinosaurus_.11"
"55","Suchomimus","Suchomimus.1"
"56","Suchomimus","Suchomimus.2"
"57","Suchomimus","Suchomimus.3"
"58","Baryonyx","Baryonyx.1"
"59","Baryonyx","Baryonyx.2"
"60","Baryonyx","Baryonyx.3"
 
* Phylo tree and the main data and strata files have been modified to include duplicated taxa before the scaled random trees are generated.
* Selected categorical labels column: diving.or.not
* diving.or.equal column is identical to Diving column.
* Regression excludes flying taxa.
* Diving labels that are present in regression: 0,2
* lambda (calculated from a random tree) = : 0.1
* index-name alignment check: OK
