Logfile for a session of program: bootstrap_binary.r
-----------------------------------------------------
INPUT:
workDir: C:/dino_nature/output/2023-11-07-D1\bs/set_1624
Nbootstrapsets: 2000
phyloFDAfile: c:/dino_nature/code/phylo.fda.R
auxFile: c:/dino_nature/code/auxiliary.r
boneType: femur
regressionData.file: C:/dino_nature/output/2023-11-07-D1\bs/set_1624/femur_set_1624.csv
applyDataFilter: FALSE
addTreeTips: TRUE
Ntrees: 100
calculateTrees: TRUE
saveTrees: FALSE


OPERATIONAL CHECKS:
* Regression data contains multiple copies of some taxa (user added variants of existing test taxa 
   or replacements due to bootstrap are present) which are not in the phylo tree:
     original taxon,   duplicate   
"1","Bos_taurus","Bos_taurus.1"
"2","Loxodonta_africana","Loxodonta_africana.1"
"3","Dama_dama","Dama_dama.1"
"4","Bos_taurus","Bos_taurus.2"
"5","Caloenas_nicobarica","Caloenas_nicobarica.1"
"6","Syncerus_caffer","Syncerus_caffer.1"
"7","Diplomesodon_pulchellum","Diplomesodon_pulchellum.1"
"8","Alces_americanus","Alces_americanus.1"
"9","Rattus_rattus","Rattus_rattus.1"
"10","Uncia_uncia","Uncia_uncia.1"
"11","Ceratotherium_simum","Ceratotherium_simum.1"
"12","Rynochetus_jubatus","Rynochetus_jubatus.1"
"13","Porphyrio_hochstetteri","Porphyrio_hochstetteri.1"
"14","Syncerus_caffer","Syncerus_caffer.2"
"15","Tribonyx_mortieri","Tribonyx_mortieri.1"
"16","Alces_americanus","Alces_americanus.2"
"17","Strigiops_habroptilus","Strigiops_habroptilus.1"
"18","Rhinoceros_sondaicus","Rhinoceros_sondaicus.1"
"19","Otaria_byronia","Otaria_byronia.1"
"20","Tapirus_terrestris","Tapirus_terrestris.1"
"21","Champsosaurus","Champsosaurus.1"
"22","Placodontia_indet_1","Placodontia_indet_1.1"
"23","Desmana_moschata","Desmana_moschata.1"
"24","Desmostylus_hesperus","Desmostylus_hesperus.1"
"25","Otaria_byronia","Otaria_byronia.2"
"26","Noemys_fodies","Noemys_fodies.1"
"27","Anarosaurus","Anarosaurus.1"
"28","Noemys_fodies","Noemys_fodies.2"
"29","Nothosaurus_mirabilis_1","Nothosaurus_mirabilis_1.1"
"30","Placodontia_indet_1","Placodontia_indet_1.2"
"31","Simosaurus_1","Simosaurus_1.1"
"32","Nothosaurus_mirabilis_1","Nothosaurus_mirabilis_1.2"
"33","Indohyus","Indohyus.1"
"34","Anarosaurus","Anarosaurus.2"
"35","Protochampsidae","Protochampsidae.1"
"36","Caiman_yacare","Caiman_yacare.1"
"37","Psephoderma","Psephoderma.1"
"38","Chapsosaurus_","Chapsosaurus_.1"
"39","Ichtyosaur_sp","Ichtyosaur_sp.1"
"40","Placodontia_indet_1","Placodontia_indet_1.3"
"41","Tapirus_terrestris","Tapirus_terrestris.2"
"42","Spinosaurus_","Spinosaurus_.1"
"43","Spinosaurus_","Spinosaurus_.2"
"44","Spinosaurus_","Spinosaurus_.3"
"45","Spinosaurus_","Spinosaurus_.4"
"46","Spinosaurus_","Spinosaurus_.5"
"47","Spinosaurus_","Spinosaurus_.6"
"48","Spinosaurus_","Spinosaurus_.7"
"49","Spinosaurus_","Spinosaurus_.8"
"50","Spinosaurus_","Spinosaurus_.9"
"51","Spinosaurus_","Spinosaurus_.10"
"52","Spinosaurus_","Spinosaurus_.11"
"53","Suchomimus","Suchomimus.1"
"54","Suchomimus","Suchomimus.2"
"55","Suchomimus","Suchomimus.3"
"56","Baryonyx","Baryonyx.1"
"57","Baryonyx","Baryonyx.2"
"58","Baryonyx","Baryonyx.3"
 
* Phylo tree and the main data and strata files have been modified to include duplicated taxa before the scaled random trees are generated.
* Selected categorical labels column: diving.or.not
* diving.or.equal column is identical to Diving column.
* Regression excludes flying taxa.
* Diving labels that are present in regression: 0,2
* lambda (calculated from a random tree) = : 0.09
* index-name alignment check: OK
