Logfile for a session of program: bootstrap_binary.r
-----------------------------------------------------
INPUT:
workDir: C:/dino_nature/output/2023-11-07-D1\bs/set_1793
Nbootstrapsets: 2000
phyloFDAfile: c:/dino_nature/code/phylo.fda.R
auxFile: c:/dino_nature/code/auxiliary.r
boneType: femur
regressionData.file: C:/dino_nature/output/2023-11-07-D1\bs/set_1793/femur_set_1793.csv
applyDataFilter: FALSE
addTreeTips: TRUE
Ntrees: 100
calculateTrees: TRUE
saveTrees: FALSE


OPERATIONAL CHECKS:
* Regression data contains multiple copies of some taxa (user added variants of existing test taxa 
   or replacements due to bootstrap are present) which are not in the phylo tree:
     original taxon,   duplicate   
"1","Rupicapra_rupicapra","Rupicapra_rupicapra.1"
"2","Alces_americanus","Alces_americanus.1"
"3","Lama_guanicoe","Lama_guanicoe.1"
"4","Apteryx_owenii_","Apteryx_owenii_.1"
"5","Porphyrio_hochstetteri","Porphyrio_hochstetteri.1"
"6","Tenrec_ecaudatus","Tenrec_ecaudatus.1"
"7","Procavia_capensis","Procavia_capensis.1"
"8","Rupicapra_rupicapra","Rupicapra_rupicapra.2"
"9","Dama_dama","Dama_dama.1"
"10","Apteryx_owenii_","Apteryx_owenii_.2"
"11","Rynochetus_jubatus","Rynochetus_jubatus.1"
"12","Dromaius_","Dromaius_.1"
"13","Uncia_uncia","Uncia_uncia.1"
"14","Okapia_johnstoni","Okapia_johnstoni.1"
"15","Dromaius_","Dromaius_.2"
"16","Tribonyx_mortieri","Tribonyx_mortieri.1"
"17","Lacerta_viridis","Lacerta_viridis.1"
"18","Tamandua_tetradactyla","Tamandua_tetradactyla.1"
"19","Loxodonta_africana","Loxodonta_africana.1"
"20","Dama_dama","Dama_dama.2"
"21","Hippopotamus_amphibius","Hippopotamus_amphibius.1"
"22","Placondontia_indet","Placondontia_indet.1"
"23","Nothosaurus_102","Nothosaurus_102.1"
"24","Neusticosaurus","Neusticosaurus.1"
"25","Cricosaurus","Cricosaurus.1"
"26","Ichtyosaur_sp","Ichtyosaur_sp.1"
"27","Champsosaurus","Champsosaurus.1"
"28","large_eocene_stem_penguin","large_eocene_stem_penguin.1"
"29","Hippopotamus_amphibius","Hippopotamus_amphibius.2"
"30","Chapsosaurus_","Chapsosaurus_.1"
"31","Desmana_moschata","Desmana_moschata.1"
"32","Basilosaurus","Basilosaurus.1"
"33","Chapsosaurus_","Chapsosaurus_.2"
"34","Ichtyosaur_sp","Ichtyosaur_sp.2"
"35","Desmana_moschata","Desmana_moschata.2"
"36","Hexaprotodon_garyam","Hexaprotodon_garyam.1"
"37","Hexaprotodon_garyam","Hexaprotodon_garyam.2"
"38","Paraplacodus","Paraplacodus.1"
"39","Indohyus","Indohyus.1"
"40","Indohyus","Indohyus.2"
"41","Chapsosaurus_","Chapsosaurus_.3"
"42","Basilosaurus","Basilosaurus.2"
"43","Small_Eocene_penguin","Small_Eocene_penguin.1"
"44","Neusticosaurus","Neusticosaurus.2"
"45","Simosaurus","Simosaurus.1"
"46","Ichtyosaurus_","Ichtyosaurus_.1"
"47","Plesiosaurus","Plesiosaurus.1"
"48","Spinosaurus_","Spinosaurus_.1"
"49","Spinosaurus_","Spinosaurus_.2"
"50","Spinosaurus_","Spinosaurus_.3"
"51","Spinosaurus_","Spinosaurus_.4"
"52","Spinosaurus_","Spinosaurus_.5"
"53","Spinosaurus_","Spinosaurus_.6"
"54","Spinosaurus_","Spinosaurus_.7"
"55","Spinosaurus_","Spinosaurus_.8"
"56","Spinosaurus_","Spinosaurus_.9"
"57","Spinosaurus_","Spinosaurus_.10"
"58","Spinosaurus_","Spinosaurus_.11"
"59","Suchomimus","Suchomimus.1"
"60","Suchomimus","Suchomimus.2"
"61","Suchomimus","Suchomimus.3"
"62","Baryonyx","Baryonyx.1"
"63","Baryonyx","Baryonyx.2"
"64","Baryonyx","Baryonyx.3"
 
* Phylo tree and the main data and strata files have been modified to include duplicated taxa before the scaled random trees are generated.
* Selected categorical labels column: diving.or.not
* diving.or.equal column is identical to Diving column.
* Regression excludes flying taxa.
* Diving labels that are present in regression: 0,2
* lambda (calculated from a random tree) = : 0.1
* index-name alignment check: OK
