Logfile for a session of program: bootstrap_binary.r
-----------------------------------------------------
INPUT:
workDir: C:/dino_nature/output/2023-11-07-D1\bs/set_115
Nbootstrapsets: 2000
phyloFDAfile: c:/dino_nature/code/phylo.fda.R
auxFile: c:/dino_nature/code/auxiliary.r
boneType: femur
regressionData.file: C:/dino_nature/output/2023-11-07-D1\bs/set_115/femur_set_115.csv
applyDataFilter: FALSE
addTreeTips: TRUE
Ntrees: 100
calculateTrees: TRUE
saveTrees: FALSE


OPERATIONAL CHECKS:
* Regression data contains multiple copies of some taxa (user added variants of existing test taxa 
   or replacements due to bootstrap are present) which are not in the phylo tree:
     original taxon,   duplicate   
"1","Paguma_larvata","Paguma_larvata.1"
"2","Capreolus_capreolus","Capreolus_capreolus.1"
"3","Bison_bonasus","Bison_bonasus.1"
"4","Brachyodus_onoideum","Brachyodus_onoideum.1"
"5","Elomeryx_borbonicus_","Elomeryx_borbonicus_.1"
"6","Monodelphis_domestica","Monodelphis_domestica.1"
"7","Brachyodus_onoideum","Brachyodus_onoideum.2"
"8","Alces_americanus","Alces_americanus.1"
"9","Diplomesodon_pulchellum","Diplomesodon_pulchellum.1"
"10","Dama_dama","Dama_dama.1"
"11","Dama_dama","Dama_dama.2"
"12","Apteryx_australis","Apteryx_australis.1"
"13","Raphus","Raphus.1"
"14","Monodelphis_domestica","Monodelphis_domestica.2"
"15","Bos_taurus","Bos_taurus.1"
"16","Procavia_capensis","Procavia_capensis.1"
"17","Tenrec_ecaudatus","Tenrec_ecaudatus.1"
"18","Dicerorhinus_sumatrensis","Dicerorhinus_sumatrensis.1"
"19","Caloenas_nicobarica","Caloenas_nicobarica.1"
"20","Alces_americanus","Alces_americanus.2"
"21","Simosaurus","Simosaurus.1"
"22","Placodontia_indet_1","Placodontia_indet_1.1"
"23","Caiman_yacare","Caiman_yacare.1"
"24","Caiman_yacare","Caiman_yacare.2"
"25","Aptenodytes______","Aptenodytes______.1"
"26","Choeropsis_liberiensis","Choeropsis_liberiensis.1"
"27","Spheniscus","Spheniscus.1"
"28","Rhaeticosaurus","Rhaeticosaurus.1"
"29","Castor_fiber","Castor_fiber.1"
"30","Cryptoclidus","Cryptoclidus.1"
"31","Aptenodytes______","Aptenodytes______.2"
"32","Nothosaurus_giganteus","Nothosaurus_giganteus.1"
"33","Noemys_fodies","Noemys_fodies.1"
"34","Ichtyosaur_sp","Ichtyosaur_sp.1"
"35","Placodontia_indet_1","Placodontia_indet_1.2"
"36","Ichtyosaur_sp","Ichtyosaur_sp.2"
"37","Placodontia_indet_1","Placodontia_indet_1.3"
"38","Paraplacodus","Paraplacodus.1"
"39","Leptophoca_proxima","Leptophoca_proxima.1"
"40","Rhaeticosaurus","Rhaeticosaurus.2"
"41","Spinosaurus_","Spinosaurus_.1"
"42","Spinosaurus_","Spinosaurus_.2"
"43","Spinosaurus_","Spinosaurus_.3"
"44","Spinosaurus_","Spinosaurus_.4"
"45","Spinosaurus_","Spinosaurus_.5"
"46","Spinosaurus_","Spinosaurus_.6"
"47","Spinosaurus_","Spinosaurus_.7"
"48","Spinosaurus_","Spinosaurus_.8"
"49","Spinosaurus_","Spinosaurus_.9"
"50","Spinosaurus_","Spinosaurus_.10"
"51","Spinosaurus_","Spinosaurus_.11"
"52","Suchomimus","Suchomimus.1"
"53","Suchomimus","Suchomimus.2"
"54","Suchomimus","Suchomimus.3"
"55","Baryonyx","Baryonyx.1"
"56","Baryonyx","Baryonyx.2"
"57","Baryonyx","Baryonyx.3"
 
* Phylo tree and the main data and strata files have been modified to include duplicated taxa before the scaled random trees are generated.
* Selected categorical labels column: diving.or.not
* diving.or.equal column is identical to Diving column.
* Regression excludes flying taxa.
* Diving labels that are present in regression: 0,2
* lambda (calculated from a random tree) = : 0.08
* index-name alignment check: OK
