Logfile for a session of program: bootstrap_binary.r
-----------------------------------------------------
INPUT:
workDir: C:/dino_nature/output/2023-11-07-D1\bs/set_1191
Nbootstrapsets: 2000
phyloFDAfile: c:/dino_nature/code/phylo.fda.R
auxFile: c:/dino_nature/code/auxiliary.r
boneType: femur
regressionData.file: C:/dino_nature/output/2023-11-07-D1\bs/set_1191/femur_set_1191.csv
applyDataFilter: FALSE
addTreeTips: TRUE
Ntrees: 100
calculateTrees: TRUE
saveTrees: FALSE


OPERATIONAL CHECKS:
* Regression data contains multiple copies of some taxa (user added variants of existing test taxa 
   or replacements due to bootstrap are present) which are not in the phylo tree:
     original taxon,   duplicate   
"1","Tenrec_ecaudatus","Tenrec_ecaudatus.1"
"2","Elomeryx_borbonicus_","Elomeryx_borbonicus_.1"
"3","Bison_bonasus","Bison_bonasus.1"
"4","Dama_dama","Dama_dama.1"
"5","Pogona_viceps","Pogona_viceps.1"
"6","Dama_dama","Dama_dama.2"
"7","Paguma_larvata","Paguma_larvata.1"
"8","Rupicapra_rupicapra","Rupicapra_rupicapra.1"
"9","Rattus_rattus","Rattus_rattus.1"
"10","Paguma_larvata","Paguma_larvata.2"
"11","Paguma_larvata","Paguma_larvata.3"
"12","Megaloceros_sp","Megaloceros_sp.1"
"13","Elomeryx_borbonicus_","Elomeryx_borbonicus_.2"
"14","Brachyodus_onoideum","Brachyodus_onoideum.1"
"15","Strigiops_habroptilus","Strigiops_habroptilus.1"
"16","Porphyrio_hochstetteri","Porphyrio_hochstetteri.1"
"17","Rupicapra_rupicapra","Rupicapra_rupicapra.2"
"18","Mus_musculus","Mus_musculus.1"
"19","Syncerus_caffer","Syncerus_caffer.1"
"20","Ceratotherium_simum","Ceratotherium_simum.1"
"21","Rynochetus_jubatus","Rynochetus_jubatus.1"
"22","Uncia_uncia","Uncia_uncia.1"
"23","Capreolus_capreolus","Capreolus_capreolus.1"
"24","Raphus","Raphus.1"
"25","Sphenodon_punctatus","Sphenodon_punctatus.1"
"26","Choeropsis_liberiensis","Choeropsis_liberiensis.1"
"27","Paraplacodus","Paraplacodus.1"
"28","Paraplacodus","Paraplacodus.2"
"29","Callophoca_obscura","Callophoca_obscura.1"
"30","Leptophoca_proxima","Leptophoca_proxima.1"
"31","Nothosaurus_150","Nothosaurus_150.1"
"32","Spheniscus","Spheniscus.1"
"33","Paraplacodus","Paraplacodus.3"
"34","Callophoca_obscura","Callophoca_obscura.2"
"35","Spheniscus","Spheniscus.2"
"36","large_eocene_stem_penguin","large_eocene_stem_penguin.1"
"37","Protochampsidae","Protochampsidae.1"
"38","Leptophoca_proxima","Leptophoca_proxima.2"
"39","Castor_fiber","Castor_fiber.1"
"40","Alligator","Alligator.1"
"41","Palaeospheniscus","Palaeospheniscus.1"
"42","Remingtonocetus","Remingtonocetus.1"
"43","Desmostylus_hesperus","Desmostylus_hesperus.1"
"44","Ichtyosaur_sp","Ichtyosaur_sp.1"
"45","Paraplacodus","Paraplacodus.4"
"46","Castor_fiber","Castor_fiber.2"
"47","Paraplacodus","Paraplacodus.5"
"48","Spinosaurus_","Spinosaurus_.1"
"49","Spinosaurus_","Spinosaurus_.2"
"50","Spinosaurus_","Spinosaurus_.3"
"51","Spinosaurus_","Spinosaurus_.4"
"52","Spinosaurus_","Spinosaurus_.5"
"53","Spinosaurus_","Spinosaurus_.6"
"54","Spinosaurus_","Spinosaurus_.7"
"55","Spinosaurus_","Spinosaurus_.8"
"56","Spinosaurus_","Spinosaurus_.9"
"57","Spinosaurus_","Spinosaurus_.10"
"58","Spinosaurus_","Spinosaurus_.11"
"59","Suchomimus","Suchomimus.1"
"60","Suchomimus","Suchomimus.2"
"61","Suchomimus","Suchomimus.3"
"62","Baryonyx","Baryonyx.1"
"63","Baryonyx","Baryonyx.2"
"64","Baryonyx","Baryonyx.3"
 
* Phylo tree and the main data and strata files have been modified to include duplicated taxa before the scaled random trees are generated.
* Selected categorical labels column: diving.or.not
* diving.or.equal column is identical to Diving column.
* Regression excludes flying taxa.
* Diving labels that are present in regression: 0,2
* lambda (calculated from a random tree) = : 0.06
* index-name alignment check: OK
