Logfile for a session of program: bootstrap_binary.r
-----------------------------------------------------
INPUT:
workDir: C:/dino_nature/output/2023-11-07-D1\bs/set_163
Nbootstrapsets: 2000
phyloFDAfile: c:/dino_nature/code/phylo.fda.R
auxFile: c:/dino_nature/code/auxiliary.r
boneType: femur
regressionData.file: C:/dino_nature/output/2023-11-07-D1\bs/set_163/femur_set_163.csv
applyDataFilter: FALSE
addTreeTips: TRUE
Ntrees: 100
calculateTrees: TRUE
saveTrees: FALSE


OPERATIONAL CHECKS:
* Regression data contains multiple copies of some taxa (user added variants of existing test taxa 
   or replacements due to bootstrap are present) which are not in the phylo tree:
     original taxon,   duplicate   
"1","Rattus_rattus","Rattus_rattus.1"
"2","Sphenodon_punctatus","Sphenodon_punctatus.1"
"3","Rangifer_tarandus","Rangifer_tarandus.1"
"4","Myrmecophaga_tridactyla","Myrmecophaga_tridactyla.1"
"5","Mus_musculus","Mus_musculus.1"
"6","Tamandua_tetradactyla","Tamandua_tetradactyla.1"
"7","Nyctereutes_procyonoides","Nyctereutes_procyonoides.1"
"8","Mus_musculus","Mus_musculus.2"
"9","Nyctereutes_procyonoides","Nyctereutes_procyonoides.2"
"10","Raphus","Raphus.1"
"11","Myrmecophaga_tridactyla","Myrmecophaga_tridactyla.2"
"12","Syncerus_caffer","Syncerus_caffer.1"
"13","Dasyurus_maculatus","Dasyurus_maculatus.1"
"14","Tamandua_tetradactyla","Tamandua_tetradactyla.2"
"15","Rattus_rattus","Rattus_rattus.2"
"16","Rangifer_tarandus","Rangifer_tarandus.2"
"17","Tamandua_tetradactyla","Tamandua_tetradactyla.3"
"18","Apteryx_owenii_","Apteryx_owenii_.1"
"19","Dicerorhinus_sumatrensis","Dicerorhinus_sumatrensis.1"
"20","Apteryx_owenii_","Apteryx_owenii_.2"
"21","Microgale_thomasi","Microgale_thomasi.1"
"22","Sphenodon_punctatus","Sphenodon_punctatus.2"
"23","Meles_meles","Meles_meles.1"
"24","Procyon_lotor","Procyon_lotor.1"
"25","Rhinoceros_sondaicus","Rhinoceros_sondaicus.1"
"26","Mus_musculus","Mus_musculus.3"
"27","Indohyus","Indohyus.1"
"28","Nothosaurus_mirabilis_1","Nothosaurus_mirabilis_1.1"
"29","Phocanella_pumila","Phocanella_pumila.1"
"30","Nothosaurus_mirabilis_1","Nothosaurus_mirabilis_1.2"
"31","Indohyus","Indohyus.2"
"32","Chapsosaurus_","Chapsosaurus_.1"
"33","Nothosaurus_giganteus","Nothosaurus_giganteus.1"
"34","Nothosaurus_102","Nothosaurus_102.1"
"35","Nothosaurus_giganteus","Nothosaurus_giganteus.2"
"36","Nothosaurus_mirabilis_1","Nothosaurus_mirabilis_1.3"
"37","Desmostylus_hesperus","Desmostylus_hesperus.1"
"38","Champsosaurus","Champsosaurus.1"
"39","Ornithorhynchus_anatinus","Ornithorhynchus_anatinus.1"
"40","Basilosaurus","Basilosaurus.1"
"41","Castor_fiber","Castor_fiber.1"
"42","large_eocene_stem_penguin","large_eocene_stem_penguin.1"
"43","Otaria_byronia","Otaria_byronia.1"
"44","Dyrosaurid","Dyrosaurid.1"
"45","large_eocene_stem_penguin","large_eocene_stem_penguin.2"
"46","Nothosaurus_mirabilis_1","Nothosaurus_mirabilis_1.4"
"47","Phalacrocorax_harrisi","Phalacrocorax_harrisi.1"
"48","large_eocene_stem_penguin","large_eocene_stem_penguin.3"
"49","Spinosaurus_","Spinosaurus_.1"
"50","Spinosaurus_","Spinosaurus_.2"
"51","Spinosaurus_","Spinosaurus_.3"
"52","Spinosaurus_","Spinosaurus_.4"
"53","Spinosaurus_","Spinosaurus_.5"
"54","Spinosaurus_","Spinosaurus_.6"
"55","Spinosaurus_","Spinosaurus_.7"
"56","Spinosaurus_","Spinosaurus_.8"
"57","Spinosaurus_","Spinosaurus_.9"
"58","Spinosaurus_","Spinosaurus_.10"
"59","Spinosaurus_","Spinosaurus_.11"
"60","Suchomimus","Suchomimus.1"
"61","Suchomimus","Suchomimus.2"
"62","Suchomimus","Suchomimus.3"
"63","Baryonyx","Baryonyx.1"
"64","Baryonyx","Baryonyx.2"
"65","Baryonyx","Baryonyx.3"
 
* Phylo tree and the main data and strata files have been modified to include duplicated taxa before the scaled random trees are generated.
* Selected categorical labels column: diving.or.not
* diving.or.equal column is identical to Diving column.
* Regression excludes flying taxa.
* Diving labels that are present in regression: 0,2
* lambda (calculated from a random tree) = : 0.11
* index-name alignment check: OK
