Logfile for a session of program: bootstrap_binary.r
-----------------------------------------------------
INPUT:
workDir: C:/dino_nature/output/2023-11-07-D1\bs/set_1116
Nbootstrapsets: 2000
phyloFDAfile: c:/dino_nature/code/phylo.fda.R
auxFile: c:/dino_nature/code/auxiliary.r
boneType: femur
regressionData.file: C:/dino_nature/output/2023-11-07-D1\bs/set_1116/femur_set_1116.csv
applyDataFilter: FALSE
addTreeTips: TRUE
Ntrees: 100
calculateTrees: TRUE
saveTrees: FALSE


OPERATIONAL CHECKS:
* Regression data contains multiple copies of some taxa (user added variants of existing test taxa 
   or replacements due to bootstrap are present) which are not in the phylo tree:
     original taxon,   duplicate   
"1","Megaloceros_sp","Megaloceros_sp.1"
"2","Rupicapra_rupicapra","Rupicapra_rupicapra.1"
"3","Rhinoceros_sondaicus","Rhinoceros_sondaicus.1"
"4","Myrmecophaga_tridactyla","Myrmecophaga_tridactyla.1"
"5","Rhinoceros_sondaicus","Rhinoceros_sondaicus.2"
"6","Microgale_thomasi","Microgale_thomasi.1"
"7","Paguma_larvata","Paguma_larvata.1"
"8","Euroscaptor_micrura","Euroscaptor_micrura.1"
"9","Myrmecophaga_tridactyla","Myrmecophaga_tridactyla.2"
"10","Dama_dama","Dama_dama.1"
"11","Cephalophus_silvicultor","Cephalophus_silvicultor.1"
"12","Brachyodus_onoideum","Brachyodus_onoideum.1"
"13","Vulpes_vulpes","Vulpes_vulpes.1"
"14","Dasyurus_maculatus","Dasyurus_maculatus.1"
"15","Felis_felis","Felis_felis.1"
"16","Elomeryx_borbonicus_","Elomeryx_borbonicus_.1"
"17","Cephalophus_silvicultor","Cephalophus_silvicultor.2"
"18","Alces_americanus","Alces_americanus.1"
"19","Brachyodus_onoideum","Brachyodus_onoideum.2"
"20","Giraffa_camelopardalis","Giraffa_camelopardalis.1"
"21","Micropotamogale_euwenzorii","Micropotamogale_euwenzorii.1"
"22","Metryorhynchus","Metryorhynchus.1"
"23","Nanophoca_vitulinoides","Nanophoca_vitulinoides.1"
"24","Small_Eocene_penguin","Small_Eocene_penguin.1"
"25","Simosaurus","Simosaurus.1"
"26","Small_Eocene_penguin","Small_Eocene_penguin.2"
"27","Rodhocetus","Rodhocetus.1"
"28","Hesperornis","Hesperornis.1"
"29","Nanophoca_vitulinoides","Nanophoca_vitulinoides.2"
"30","Metryorhynchus","Metryorhynchus.2"
"31","Rodhocetus","Rodhocetus.2"
"32","Ornithorhynchus_anatinus","Ornithorhynchus_anatinus.1"
"33","Nothosaurus_150","Nothosaurus_150.1"
"34","Ornithorhynchus_anatinus","Ornithorhynchus_anatinus.2"
"35","Phalacrocorax_harrisi","Phalacrocorax_harrisi.1"
"36","Noemys_fodies","Noemys_fodies.1"
"37","Basilosaurus","Basilosaurus.1"
"38","Small_Eocene_penguin","Small_Eocene_penguin.3"
"39","Hippopotamus_amphibius","Hippopotamus_amphibius.1"
"40","Spinosaurus_","Spinosaurus_.1"
"41","Spinosaurus_","Spinosaurus_.2"
"42","Spinosaurus_","Spinosaurus_.3"
"43","Spinosaurus_","Spinosaurus_.4"
"44","Spinosaurus_","Spinosaurus_.5"
"45","Spinosaurus_","Spinosaurus_.6"
"46","Spinosaurus_","Spinosaurus_.7"
"47","Spinosaurus_","Spinosaurus_.8"
"48","Spinosaurus_","Spinosaurus_.9"
"49","Spinosaurus_","Spinosaurus_.10"
"50","Spinosaurus_","Spinosaurus_.11"
"51","Suchomimus","Suchomimus.1"
"52","Suchomimus","Suchomimus.2"
"53","Suchomimus","Suchomimus.3"
"54","Baryonyx","Baryonyx.1"
"55","Baryonyx","Baryonyx.2"
"56","Baryonyx","Baryonyx.3"
 
* Phylo tree and the main data and strata files have been modified to include duplicated taxa before the scaled random trees are generated.
* Selected categorical labels column: diving.or.not
* diving.or.equal column is identical to Diving column.
* Regression excludes flying taxa.
* Diving labels that are present in regression: 0,2
* lambda (calculated from a random tree) = : 0.09
* index-name alignment check: OK
