Logfile for a session of program: bootstrap_binary.r
-----------------------------------------------------
INPUT:
workDir: C:/dino_nature/output/2023-11-07-D1\bs/set_1312
Nbootstrapsets: 2000
phyloFDAfile: c:/dino_nature/code/phylo.fda.R
auxFile: c:/dino_nature/code/auxiliary.r
boneType: femur
regressionData.file: C:/dino_nature/output/2023-11-07-D1\bs/set_1312/femur_set_1312.csv
applyDataFilter: FALSE
addTreeTips: TRUE
Ntrees: 100
calculateTrees: TRUE
saveTrees: FALSE


OPERATIONAL CHECKS:
* Regression data contains multiple copies of some taxa (user added variants of existing test taxa 
   or replacements due to bootstrap are present) which are not in the phylo tree:
     original taxon,   duplicate   
"1","Tenrec_ecaudatus","Tenrec_ecaudatus.1"
"2","Atlantisia_rogersi","Atlantisia_rogersi.1"
"3","Sphenodon_punctatus","Sphenodon_punctatus.1"
"4","Dromaius_","Dromaius_.1"
"5","Lama_guanicoe","Lama_guanicoe.1"
"6","Lama_guanicoe","Lama_guanicoe.2"
"7","Porphyrio_hochstetteri","Porphyrio_hochstetteri.1"
"8","Atlantisia_rogersi","Atlantisia_rogersi.2"
"9","Hemiechinus_azurites","Hemiechinus_azurites.1"
"10","Rynochetus_jubatus","Rynochetus_jubatus.1"
"11","Meles_meles","Meles_meles.1"
"12","Tenrec_ecaudatus","Tenrec_ecaudatus.2"
"13","Microgale_thomasi","Microgale_thomasi.1"
"14","Apteryx_owenii_","Apteryx_owenii_.1"
"15","Hemiechinus_azurites","Hemiechinus_azurites.2"
"16","Apteryx_owenii_","Apteryx_owenii_.2"
"17","Sphenodon_punctatus","Sphenodon_punctatus.2"
"18","Dasyurus_maculatus","Dasyurus_maculatus.1"
"19","Rhinoceros_sondaicus","Rhinoceros_sondaicus.1"
"20","Rhynchocyon_petersi","Rhynchocyon_petersi.1"
"21","Apteryx_australis","Apteryx_australis.1"
"22","Hemiechinus_azurites","Hemiechinus_azurites.3"
"23","Dasyurus_maculatus","Dasyurus_maculatus.2"
"24","Nothosaurus_568","Nothosaurus_568.1"
"25","Psephoderma","Psephoderma.1"
"26","Anarosaurus","Anarosaurus.1"
"27","Psephoderma","Psephoderma.2"
"28","Plesiosaurus","Plesiosaurus.1"
"29","Anarosaurus","Anarosaurus.2"
"30","Protochampsidae","Protochampsidae.1"
"31","Nothosaurus_150","Nothosaurus_150.1"
"32","Cryptoclidus","Cryptoclidus.1"
"33","Simosaurus_1","Simosaurus_1.1"
"34","Nothosaurus_150","Nothosaurus_150.2"
"35","Anarosaurus","Anarosaurus.3"
"36","Desmostylus_hesperus","Desmostylus_hesperus.1"
"37","Alligator","Alligator.1"
"38","Plesiosaurus","Plesiosaurus.2"
"39","Nanophoca_vitulinoides","Nanophoca_vitulinoides.1"
"40","Phalacrocorax_harrisi","Phalacrocorax_harrisi.1"
"41","Hydromys_chrysogaster","Hydromys_chrysogaster.1"
"42","Phalacrocorax_harrisi","Phalacrocorax_harrisi.2"
"43","Hesperornis","Hesperornis.1"
"44","Placodontia_indet_1","Placodontia_indet_1.1"
"45","Alligator","Alligator.2"
"46","Spinosaurus_","Spinosaurus_.1"
"47","Spinosaurus_","Spinosaurus_.2"
"48","Spinosaurus_","Spinosaurus_.3"
"49","Spinosaurus_","Spinosaurus_.4"
"50","Spinosaurus_","Spinosaurus_.5"
"51","Spinosaurus_","Spinosaurus_.6"
"52","Spinosaurus_","Spinosaurus_.7"
"53","Spinosaurus_","Spinosaurus_.8"
"54","Spinosaurus_","Spinosaurus_.9"
"55","Spinosaurus_","Spinosaurus_.10"
"56","Spinosaurus_","Spinosaurus_.11"
"57","Suchomimus","Suchomimus.1"
"58","Suchomimus","Suchomimus.2"
"59","Suchomimus","Suchomimus.3"
"60","Baryonyx","Baryonyx.1"
"61","Baryonyx","Baryonyx.2"
"62","Baryonyx","Baryonyx.3"
 
* Phylo tree and the main data and strata files have been modified to include duplicated taxa before the scaled random trees are generated.
* Selected categorical labels column: diving.or.not
* diving.or.equal column is identical to Diving column.
* Regression excludes flying taxa.
* Diving labels that are present in regression: 0,2
* lambda (calculated from a random tree) = : 0.13
* index-name alignment check: OK
