Logfile for a session of program: bootstrap_binary.r
-----------------------------------------------------
INPUT:
workDir: C:/dino_nature/output/2023-11-07-D1\bs/set_677
Nbootstrapsets: 2000
phyloFDAfile: c:/dino_nature/code/phylo.fda.R
auxFile: c:/dino_nature/code/auxiliary.r
boneType: femur
regressionData.file: C:/dino_nature/output/2023-11-07-D1\bs/set_677/femur_set_677.csv
applyDataFilter: FALSE
addTreeTips: TRUE
Ntrees: 100
calculateTrees: TRUE
saveTrees: FALSE


OPERATIONAL CHECKS:
* Regression data contains multiple copies of some taxa (user added variants of existing test taxa 
   or replacements due to bootstrap are present) which are not in the phylo tree:
     original taxon,   duplicate   
"1","Rhynchocyon_petersi","Rhynchocyon_petersi.1"
"2","Dasyurus_maculatus","Dasyurus_maculatus.1"
"3","Mustela_nivalis","Mustela_nivalis.1"
"4","Tenrec_ecaudatus","Tenrec_ecaudatus.1"
"5","Okapia_johnstoni","Okapia_johnstoni.1"
"6","Apteryx_owenii_","Apteryx_owenii_.1"
"7","Tamandua_tetradactyla","Tamandua_tetradactyla.1"
"8","Rynochetus_jubatus","Rynochetus_jubatus.1"
"9","Rynochetus_jubatus","Rynochetus_jubatus.2"
"10","Tribonyx_mortieri","Tribonyx_mortieri.1"
"11","Lama_guanicoe","Lama_guanicoe.1"
"12","Procyon_lotor","Procyon_lotor.1"
"13","Raphus","Raphus.1"
"14","Procyon_lotor","Procyon_lotor.2"
"15","Okapia_johnstoni","Okapia_johnstoni.2"
"16","Tribonyx_mortieri","Tribonyx_mortieri.2"
"17","Strigiops_habroptilus","Strigiops_habroptilus.1"
"18","Apteryx_owenii_","Apteryx_owenii_.2"
"19","Alces_americanus","Alces_americanus.1"
"20","Sus_scrofa","Sus_scrofa.1"
"21","Bison_bonasus","Bison_bonasus.1"
"22","Megaloceros_sp","Megaloceros_sp.1"
"23","Capreolus_capreolus","Capreolus_capreolus.1"
"24","Sus_scrofa","Sus_scrofa.2"
"25","Phalacrocorax_harrisi","Phalacrocorax_harrisi.1"
"26","Alligator","Alligator.1"
"27","Alligator","Alligator.2"
"28","Phalacrocorax_harrisi","Phalacrocorax_harrisi.2"
"29","Alligator","Alligator.3"
"30","Alligator","Alligator.4"
"31","Serpianosaurus","Serpianosaurus.1"
"32","Choeropsis_liberiensis","Choeropsis_liberiensis.1"
"33","Nothosaurus_mirabilis_1","Nothosaurus_mirabilis_1.1"
"34","Desmostylus_hesperus","Desmostylus_hesperus.1"
"35","Neusticosaurus","Neusticosaurus.1"
"36","Rhaeticosaurus","Rhaeticosaurus.1"
"37","Micropotamogale_euwenzorii","Micropotamogale_euwenzorii.1"
"38","Leptophoca_proxima","Leptophoca_proxima.1"
"39","Pistosaurus","Pistosaurus.1"
"40","Micropotamogale_euwenzorii","Micropotamogale_euwenzorii.2"
"41","Rhaeticosaurus","Rhaeticosaurus.2"
"42","Hippopotamus_amphibius","Hippopotamus_amphibius.1"
"43","Tapirus_terrestris","Tapirus_terrestris.1"
"44","Castor_fiber","Castor_fiber.1"
"45","Simosaurus","Simosaurus.1"
"46","Serpianosaurus","Serpianosaurus.2"
"47","Simosaurus","Simosaurus.2"
"48","Tapirus_terrestris","Tapirus_terrestris.2"
"49","Callophoca_obscura","Callophoca_obscura.1"
"50","Spinosaurus_","Spinosaurus_.1"
"51","Spinosaurus_","Spinosaurus_.2"
"52","Spinosaurus_","Spinosaurus_.3"
"53","Spinosaurus_","Spinosaurus_.4"
"54","Spinosaurus_","Spinosaurus_.5"
"55","Spinosaurus_","Spinosaurus_.6"
"56","Spinosaurus_","Spinosaurus_.7"
"57","Spinosaurus_","Spinosaurus_.8"
"58","Spinosaurus_","Spinosaurus_.9"
"59","Spinosaurus_","Spinosaurus_.10"
"60","Spinosaurus_","Spinosaurus_.11"
"61","Suchomimus","Suchomimus.1"
"62","Suchomimus","Suchomimus.2"
"63","Suchomimus","Suchomimus.3"
"64","Baryonyx","Baryonyx.1"
"65","Baryonyx","Baryonyx.2"
"66","Baryonyx","Baryonyx.3"
 
* Phylo tree and the main data and strata files have been modified to include duplicated taxa before the scaled random trees are generated.
* Selected categorical labels column: diving.or.not
* diving.or.equal column is identical to Diving column.
* Regression excludes flying taxa.
* Diving labels that are present in regression: 0,2
* lambda (calculated from a random tree) = : 0.05
* index-name alignment check: OK
