Logfile for a session of program: bootstrap_binary.r
-----------------------------------------------------
INPUT:
workDir: C:/dino_nature/output/2023-11-07-D1\bs/set_192
Nbootstrapsets: 2000
phyloFDAfile: c:/dino_nature/code/phylo.fda.R
auxFile: c:/dino_nature/code/auxiliary.r
boneType: femur
regressionData.file: C:/dino_nature/output/2023-11-07-D1\bs/set_192/femur_set_192.csv
applyDataFilter: FALSE
addTreeTips: TRUE
Ntrees: 100
calculateTrees: TRUE
saveTrees: FALSE


OPERATIONAL CHECKS:
* Regression data contains multiple copies of some taxa (user added variants of existing test taxa 
   or replacements due to bootstrap are present) which are not in the phylo tree:
     original taxon,   duplicate   
"1","Syncerus_caffer","Syncerus_caffer.1"
"2","Bos_taurus","Bos_taurus.1"
"3","Pogona_viceps","Pogona_viceps.1"
"4","Procyon_lotor","Procyon_lotor.1"
"5","Rattus_rattus","Rattus_rattus.1"
"6","Okapia_johnstoni","Okapia_johnstoni.1"
"7","Lacerta_viridis","Lacerta_viridis.1"
"8","Syncerus_caffer","Syncerus_caffer.2"
"9","Apteryx_australis","Apteryx_australis.1"
"10","Okapia_johnstoni","Okapia_johnstoni.2"
"11","Rynochetus_jubatus","Rynochetus_jubatus.1"
"12","Procyon_lotor","Procyon_lotor.2"
"13","Atlantisia_rogersi","Atlantisia_rogersi.1"
"14","Mus_musculus","Mus_musculus.1"
"15","Atlantisia_rogersi","Atlantisia_rogersi.2"
"16","Mus_musculus","Mus_musculus.2"
"17","Mustela_nivalis","Mustela_nivalis.1"
"18","Mammuthus_sp","Mammuthus_sp.1"
"19","Syncerus_caffer","Syncerus_caffer.3"
"20","Nyctereutes_procyonoides","Nyctereutes_procyonoides.1"
"21","Alligator","Alligator.1"
"22","Callophoca_obscura","Callophoca_obscura.1"
"23","Cricosaurus","Cricosaurus.1"
"24","Placodontia_indet_1","Placodontia_indet_1.1"
"25","Desmana_moschata","Desmana_moschata.1"
"26","Callophoca_obscura","Callophoca_obscura.2"
"27","Aptenodytes______","Aptenodytes______.1"
"28","Placodontia_indet_1","Placodontia_indet_1.2"
"29","Simosaurus_1","Simosaurus_1.1"
"30","Cricosaurus","Cricosaurus.2"
"31","Cricosaurus","Cricosaurus.3"
"32","Choeropsis_liberiensis","Choeropsis_liberiensis.1"
"33","Pistosaurus","Pistosaurus.1"
"34","Psephoderma","Psephoderma.1"
"35","Ichtyosaur_sp","Ichtyosaur_sp.1"
"36","Desmana_moschata","Desmana_moschata.2"
"37","Ichtyosaurus_","Ichtyosaurus_.1"
"38","Desmana_moschata","Desmana_moschata.3"
"39","Nanophoca_vitulinoides","Nanophoca_vitulinoides.1"
"40","Spinosaurus_","Spinosaurus_.1"
"41","Spinosaurus_","Spinosaurus_.2"
"42","Spinosaurus_","Spinosaurus_.3"
"43","Spinosaurus_","Spinosaurus_.4"
"44","Spinosaurus_","Spinosaurus_.5"
"45","Spinosaurus_","Spinosaurus_.6"
"46","Spinosaurus_","Spinosaurus_.7"
"47","Spinosaurus_","Spinosaurus_.8"
"48","Spinosaurus_","Spinosaurus_.9"
"49","Spinosaurus_","Spinosaurus_.10"
"50","Spinosaurus_","Spinosaurus_.11"
"51","Suchomimus","Suchomimus.1"
"52","Suchomimus","Suchomimus.2"
"53","Suchomimus","Suchomimus.3"
"54","Baryonyx","Baryonyx.1"
"55","Baryonyx","Baryonyx.2"
"56","Baryonyx","Baryonyx.3"
 
* Phylo tree and the main data and strata files have been modified to include duplicated taxa before the scaled random trees are generated.
* Selected categorical labels column: diving.or.not
* diving.or.equal column is identical to Diving column.
* Regression excludes flying taxa.
* Diving labels that are present in regression: 0,2
* lambda (calculated from a random tree) = : 0.1
* index-name alignment check: OK
