Logfile for a session of program: bootstrap_binary.r
-----------------------------------------------------
INPUT:
workDir: C:/dino_nature/output/2023-11-07-D1\bs/set_492
Nbootstrapsets: 2000
phyloFDAfile: c:/dino_nature/code/phylo.fda.R
auxFile: c:/dino_nature/code/auxiliary.r
boneType: femur
regressionData.file: C:/dino_nature/output/2023-11-07-D1\bs/set_492/femur_set_492.csv
applyDataFilter: FALSE
addTreeTips: TRUE
Ntrees: 100
calculateTrees: TRUE
saveTrees: FALSE


OPERATIONAL CHECKS:
* Regression data contains multiple copies of some taxa (user added variants of existing test taxa 
   or replacements due to bootstrap are present) which are not in the phylo tree:
     original taxon,   duplicate   
"1","Nyctereutes_procyonoides","Nyctereutes_procyonoides.1"
"2","Bison_bonasus","Bison_bonasus.1"
"3","Bison_bonasus","Bison_bonasus.2"
"4","Bos_taurus","Bos_taurus.1"
"5","Porphyrio_hochstetteri","Porphyrio_hochstetteri.1"
"6","Lacerta_viridis","Lacerta_viridis.1"
"7","Bos_taurus","Bos_taurus.2"
"8","Mus_musculus","Mus_musculus.1"
"9","Mammuthus_sp","Mammuthus_sp.1"
"10","Rattus_rattus","Rattus_rattus.1"
"11","Dromaius_","Dromaius_.1"
"12","Bos_taurus","Bos_taurus.3"
"13","Diplomesodon_pulchellum","Diplomesodon_pulchellum.1"
"14","Okapia_johnstoni","Okapia_johnstoni.1"
"15","Taxidea_taxus","Taxidea_taxus.1"
"16","Bos_taurus","Bos_taurus.4"
"17","Loxodonta_africana","Loxodonta_africana.1"
"18","Lacerta_viridis","Lacerta_viridis.2"
"19","Procyon_lotor","Procyon_lotor.1"
"20","Myrmecophaga_tridactyla","Myrmecophaga_tridactyla.1"
"21","Champsosaurus","Champsosaurus.1"
"22","Anarosaurus","Anarosaurus.1"
"23","Tapirus_terrestris","Tapirus_terrestris.1"
"24","Aptenodytes______","Aptenodytes______.1"
"25","Palaeospheniscus","Palaeospheniscus.1"
"26","Phalacrocorax_harrisi","Phalacrocorax_harrisi.1"
"27","Anarosaurus","Anarosaurus.2"
"28","Choeropsis_liberiensis","Choeropsis_liberiensis.1"
"29","Simosaurus_1","Simosaurus_1.1"
"30","Dyrosaurid","Dyrosaurid.1"
"31","Palaeospheniscus","Palaeospheniscus.2"
"32","Leptophoca_proxima","Leptophoca_proxima.1"
"33","Palaeospheniscus","Palaeospheniscus.3"
"34","Simosaurus_1","Simosaurus_1.2"
"35","Alligator","Alligator.1"
"36","Nothosaurus_102","Nothosaurus_102.1"
"37","Tapirus_terrestris","Tapirus_terrestris.2"
"38","Metryorhynchus","Metryorhynchus.1"
"39","Nothosaurus_150","Nothosaurus_150.1"
"40","Desmana_moschata","Desmana_moschata.1"
"41","Maiacetus","Maiacetus.1"
"42","Metryorhynchus","Metryorhynchus.2"
"43","Spinosaurus_","Spinosaurus_.1"
"44","Spinosaurus_","Spinosaurus_.2"
"45","Spinosaurus_","Spinosaurus_.3"
"46","Spinosaurus_","Spinosaurus_.4"
"47","Spinosaurus_","Spinosaurus_.5"
"48","Spinosaurus_","Spinosaurus_.6"
"49","Spinosaurus_","Spinosaurus_.7"
"50","Spinosaurus_","Spinosaurus_.8"
"51","Spinosaurus_","Spinosaurus_.9"
"52","Spinosaurus_","Spinosaurus_.10"
"53","Spinosaurus_","Spinosaurus_.11"
"54","Suchomimus","Suchomimus.1"
"55","Suchomimus","Suchomimus.2"
"56","Suchomimus","Suchomimus.3"
"57","Baryonyx","Baryonyx.1"
"58","Baryonyx","Baryonyx.2"
"59","Baryonyx","Baryonyx.3"
 
* Phylo tree and the main data and strata files have been modified to include duplicated taxa before the scaled random trees are generated.
* Selected categorical labels column: diving.or.not
* diving.or.equal column is identical to Diving column.
* Regression excludes flying taxa.
* Diving labels that are present in regression: 0,2
* lambda (calculated from a random tree) = : 0.11
* index-name alignment check: OK
