Logfile for a session of program: bootstrap_binary.r
-----------------------------------------------------
INPUT:
workDir: C:/dino_nature/output/2023-11-07-D1\bs/set_1822
Nbootstrapsets: 2000
phyloFDAfile: c:/dino_nature/code/phylo.fda.R
auxFile: c:/dino_nature/code/auxiliary.r
boneType: femur
regressionData.file: C:/dino_nature/output/2023-11-07-D1\bs/set_1822/femur_set_1822.csv
applyDataFilter: FALSE
addTreeTips: TRUE
Ntrees: 100
calculateTrees: TRUE
saveTrees: FALSE


OPERATIONAL CHECKS:
* Regression data contains multiple copies of some taxa (user added variants of existing test taxa 
   or replacements due to bootstrap are present) which are not in the phylo tree:
     original taxon,   duplicate   
"1","Bos_taurus","Bos_taurus.1"
"2","Meles_meles","Meles_meles.1"
"3","Taxidea_taxus","Taxidea_taxus.1"
"4","Microgale_thomasi","Microgale_thomasi.1"
"5","Mustela_nivalis","Mustela_nivalis.1"
"6","Brachyodus_onoideum","Brachyodus_onoideum.1"
"7","Lacerta_viridis","Lacerta_viridis.1"
"8","Alces_americanus","Alces_americanus.1"
"9","Syncerus_caffer","Syncerus_caffer.1"
"10","Porphyrio_hochstetteri","Porphyrio_hochstetteri.1"
"11","Paguma_larvata","Paguma_larvata.1"
"12","Bison_bonasus","Bison_bonasus.1"
"13","Rynochetus_jubatus","Rynochetus_jubatus.1"
"14","Diplomesodon_pulchellum","Diplomesodon_pulchellum.1"
"15","Caloenas_nicobarica","Caloenas_nicobarica.1"
"16","Rupicapra_rupicapra","Rupicapra_rupicapra.1"
"17","Meles_meles","Meles_meles.2"
"18","Porphyrio_hochstetteri","Porphyrio_hochstetteri.2"
"19","Megaloceros_sp","Megaloceros_sp.1"
"20","Dromaius_","Dromaius_.1"
"21","Hippopotamus_amphibius","Hippopotamus_amphibius.1"
"22","Placodontia_indet_1","Placodontia_indet_1.1"
"23","Paraplacodus","Paraplacodus.1"
"24","Noemys_fodies","Noemys_fodies.1"
"25","Psephoderma","Psephoderma.1"
"26","Maiacetus","Maiacetus.1"
"27","Nothosaurus_mirabilis","Nothosaurus_mirabilis.1"
"28","Caiman_yacare","Caiman_yacare.1"
"29","Psephoderma","Psephoderma.2"
"30","Nothosaurus_150","Nothosaurus_150.1"
"31","Maiacetus","Maiacetus.2"
"32","Alligator","Alligator.1"
"33","Noemys_fodies","Noemys_fodies.2"
"34","Placodontia_indet_1","Placodontia_indet_1.2"
"35","Nothosaurus_102","Nothosaurus_102.1"
"36","Caiman_yacare","Caiman_yacare.2"
"37","Nothosaurus_568","Nothosaurus_568.1"
"38","Pistosaurus","Pistosaurus.1"
"39","Ornithorhynchus_anatinus","Ornithorhynchus_anatinus.1"
"40","Ornithorhynchus_anatinus","Ornithorhynchus_anatinus.2"
"41","Caiman_yacare","Caiman_yacare.3"
"42","Basilosaurus","Basilosaurus.1"
"43","Spinosaurus_","Spinosaurus_.1"
"44","Spinosaurus_","Spinosaurus_.2"
"45","Spinosaurus_","Spinosaurus_.3"
"46","Spinosaurus_","Spinosaurus_.4"
"47","Spinosaurus_","Spinosaurus_.5"
"48","Spinosaurus_","Spinosaurus_.6"
"49","Spinosaurus_","Spinosaurus_.7"
"50","Spinosaurus_","Spinosaurus_.8"
"51","Spinosaurus_","Spinosaurus_.9"
"52","Spinosaurus_","Spinosaurus_.10"
"53","Spinosaurus_","Spinosaurus_.11"
"54","Suchomimus","Suchomimus.1"
"55","Suchomimus","Suchomimus.2"
"56","Suchomimus","Suchomimus.3"
"57","Baryonyx","Baryonyx.1"
"58","Baryonyx","Baryonyx.2"
"59","Baryonyx","Baryonyx.3"
 
* Phylo tree and the main data and strata files have been modified to include duplicated taxa before the scaled random trees are generated.
* Selected categorical labels column: diving.or.not
* diving.or.equal column is identical to Diving column.
* Regression excludes flying taxa.
* Diving labels that are present in regression: 0,2
* lambda (calculated from a random tree) = : 0.08
* index-name alignment check: OK
