Logfile for a session of program: bootstrap_binary.r
-----------------------------------------------------
INPUT:
workDir: C:/dino_nature/output/2023-11-07-D1\bs/set_384
Nbootstrapsets: 2000
phyloFDAfile: c:/dino_nature/code/phylo.fda.R
auxFile: c:/dino_nature/code/auxiliary.r
boneType: femur
regressionData.file: C:/dino_nature/output/2023-11-07-D1\bs/set_384/femur_set_384.csv
applyDataFilter: FALSE
addTreeTips: TRUE
Ntrees: 100
calculateTrees: TRUE
saveTrees: FALSE


OPERATIONAL CHECKS:
* Regression data contains multiple copies of some taxa (user added variants of existing test taxa 
   or replacements due to bootstrap are present) which are not in the phylo tree:
     original taxon,   duplicate   
"1","Pogona_viceps","Pogona_viceps.1"
"2","Dromaius_","Dromaius_.1"
"3","Taxidea_taxus","Taxidea_taxus.1"
"4","Euroscaptor_micrura","Euroscaptor_micrura.1"
"5","Rangifer_tarandus","Rangifer_tarandus.1"
"6","Raphus","Raphus.1"
"7","Atlantisia_rogersi","Atlantisia_rogersi.1"
"8","Bos_taurus","Bos_taurus.1"
"9","Bos_taurus","Bos_taurus.2"
"10","Rynochetus_jubatus","Rynochetus_jubatus.1"
"11","Apteryx_australis","Apteryx_australis.1"
"12","Pogona_viceps","Pogona_viceps.2"
"13","Porphyrio_hochstetteri","Porphyrio_hochstetteri.1"
"14","Apteryx_owenii_","Apteryx_owenii_.1"
"15","Porphyrio_hochstetteri","Porphyrio_hochstetteri.2"
"16","Elephas_maximus","Elephas_maximus.1"
"17","Alces_americanus","Alces_americanus.1"
"18","Monodelphis_domestica","Monodelphis_domestica.1"
"19","Leptophoca_proxima","Leptophoca_proxima.1"
"20","Pistosaurus","Pistosaurus.1"
"21","Simosaurus","Simosaurus.1"
"22","Anarosaurus","Anarosaurus.1"
"23","Simosaurus_1","Simosaurus_1.1"
"24","Micropotamogale_euwenzorii","Micropotamogale_euwenzorii.1"
"25","Anarosaurus","Anarosaurus.2"
"26","Ichtyosaur_sp","Ichtyosaur_sp.1"
"27","Simosaurus_1","Simosaurus_1.2"
"28","Phocanella_pumila","Phocanella_pumila.1"
"29","Phocanella_pumila","Phocanella_pumila.2"
"30","Otaria_byronia","Otaria_byronia.1"
"31","Champsosaurus","Champsosaurus.1"
"32","Protochampsidae","Protochampsidae.1"
"33","Metryorhynchus","Metryorhynchus.1"
"34","Micropotamogale_euwenzorii","Micropotamogale_euwenzorii.2"
"35","Leptophoca_proxima","Leptophoca_proxima.2"
"36","Simosaurus_1","Simosaurus_1.3"
"37","Nothosaurus_150","Nothosaurus_150.1"
"38","Nothosaurus_giganteus","Nothosaurus_giganteus.1"
"39","Anarosaurus","Anarosaurus.3"
"40","Ichtyosaur_sp","Ichtyosaur_sp.2"
"41","Otaria_byronia","Otaria_byronia.2"
"42","Protochampsidae","Protochampsidae.2"
"43","Simosaurus","Simosaurus.2"
"44","Palaeospheniscus","Palaeospheniscus.1"
"45","Leptophoca_proxima","Leptophoca_proxima.3"
"46","Pistosaurus","Pistosaurus.2"
"47","Remingtonocetus","Remingtonocetus.1"
"48","Chironectes_minimus","Chironectes_minimus.1"
"49","Spinosaurus_","Spinosaurus_.1"
"50","Spinosaurus_","Spinosaurus_.2"
"51","Spinosaurus_","Spinosaurus_.3"
"52","Spinosaurus_","Spinosaurus_.4"
"53","Spinosaurus_","Spinosaurus_.5"
"54","Spinosaurus_","Spinosaurus_.6"
"55","Spinosaurus_","Spinosaurus_.7"
"56","Spinosaurus_","Spinosaurus_.8"
"57","Spinosaurus_","Spinosaurus_.9"
"58","Spinosaurus_","Spinosaurus_.10"
"59","Spinosaurus_","Spinosaurus_.11"
"60","Suchomimus","Suchomimus.1"
"61","Suchomimus","Suchomimus.2"
"62","Suchomimus","Suchomimus.3"
"63","Baryonyx","Baryonyx.1"
"64","Baryonyx","Baryonyx.2"
"65","Baryonyx","Baryonyx.3"
 
* Phylo tree and the main data and strata files have been modified to include duplicated taxa before the scaled random trees are generated.
* Selected categorical labels column: diving.or.not
* diving.or.equal column is identical to Diving column.
* Regression excludes flying taxa.
* Diving labels that are present in regression: 0,2
* lambda (calculated from a random tree) = : 0.12
* index-name alignment check: OK
