Logfile for a session of program: bootstrap_binary.r
-----------------------------------------------------
INPUT:
workDir: C:/dino_nature/output/2023-11-07-D1\bs/set_1259
Nbootstrapsets: 2000
phyloFDAfile: c:/dino_nature/code/phylo.fda.R
auxFile: c:/dino_nature/code/auxiliary.r
boneType: femur
regressionData.file: C:/dino_nature/output/2023-11-07-D1\bs/set_1259/femur_set_1259.csv
applyDataFilter: FALSE
addTreeTips: TRUE
Ntrees: 100
calculateTrees: TRUE
saveTrees: FALSE


OPERATIONAL CHECKS:
* Regression data contains multiple copies of some taxa (user added variants of existing test taxa 
   or replacements due to bootstrap are present) which are not in the phylo tree:
     original taxon,   duplicate   
"1","Tenrec_ecaudatus","Tenrec_ecaudatus.1"
"2","Elephas_maximus","Elephas_maximus.1"
"3","Caloenas_nicobarica","Caloenas_nicobarica.1"
"4","Monodelphis_domestica","Monodelphis_domestica.1"
"5","Monodelphis_domestica","Monodelphis_domestica.2"
"6","Diplomesodon_pulchellum","Diplomesodon_pulchellum.1"
"7","Nyctereutes_procyonoides","Nyctereutes_procyonoides.1"
"8","Myrmecophaga_tridactyla","Myrmecophaga_tridactyla.1"
"9","Mammuthus_sp","Mammuthus_sp.1"
"10","Uncia_uncia","Uncia_uncia.1"
"11","Uncia_uncia","Uncia_uncia.2"
"12","Brachyodus_onoideum","Brachyodus_onoideum.1"
"13","Rhynchocyon_petersi","Rhynchocyon_petersi.1"
"14","Tenrec_ecaudatus","Tenrec_ecaudatus.2"
"15","Apteryx_australis","Apteryx_australis.1"
"16","Apteryx_owenii_","Apteryx_owenii_.1"
"17","Rhynchocyon_petersi","Rhynchocyon_petersi.2"
"18","Procavia_capensis","Procavia_capensis.1"
"19","Rattus_rattus","Rattus_rattus.1"
"20","Procavia_capensis","Procavia_capensis.2"
"21","Cephalophus_silvicultor","Cephalophus_silvicultor.1"
"22","Placondontia_indet","Placondontia_indet.1"
"23","Placondontia_indet","Placondontia_indet.2"
"24","Placondontia_indet","Placondontia_indet.3"
"25","Leptophoca_proxima","Leptophoca_proxima.1"
"26","Hydromys_chrysogaster","Hydromys_chrysogaster.1"
"27","Remingtonocetus","Remingtonocetus.1"
"28","Plesiosaurus","Plesiosaurus.1"
"29","Plesiosaurus","Plesiosaurus.2"
"30","Desmana_moschata","Desmana_moschata.1"
"31","Castor_fiber","Castor_fiber.1"
"32","Nothosaurus_150","Nothosaurus_150.1"
"33","Plesiosaurus","Plesiosaurus.3"
"34","Nanophoca_vitulinoides","Nanophoca_vitulinoides.1"
"35","Pistosaurus","Pistosaurus.1"
"36","Simosaurus_1","Simosaurus_1.1"
"37","Indohyus","Indohyus.1"
"38","Plesiosaurus","Plesiosaurus.4"
"39","Simosaurus_1","Simosaurus_1.2"
"40","Desmana_moschata","Desmana_moschata.2"
"41","Ornithorhynchus_anatinus","Ornithorhynchus_anatinus.1"
"42","Hexaprotodon_garyam","Hexaprotodon_garyam.1"
"43","Spinosaurus_","Spinosaurus_.1"
"44","Spinosaurus_","Spinosaurus_.2"
"45","Spinosaurus_","Spinosaurus_.3"
"46","Spinosaurus_","Spinosaurus_.4"
"47","Spinosaurus_","Spinosaurus_.5"
"48","Spinosaurus_","Spinosaurus_.6"
"49","Spinosaurus_","Spinosaurus_.7"
"50","Spinosaurus_","Spinosaurus_.8"
"51","Spinosaurus_","Spinosaurus_.9"
"52","Spinosaurus_","Spinosaurus_.10"
"53","Spinosaurus_","Spinosaurus_.11"
"54","Suchomimus","Suchomimus.1"
"55","Suchomimus","Suchomimus.2"
"56","Suchomimus","Suchomimus.3"
"57","Baryonyx","Baryonyx.1"
"58","Baryonyx","Baryonyx.2"
"59","Baryonyx","Baryonyx.3"
 
* Phylo tree and the main data and strata files have been modified to include duplicated taxa before the scaled random trees are generated.
* Selected categorical labels column: diving.or.not
* diving.or.equal column is identical to Diving column.
* Regression excludes flying taxa.
* Diving labels that are present in regression: 0,2
* lambda (calculated from a random tree) = : 0.1
* index-name alignment check: OK
