Logfile for a session of program: bootstrap_binary.r
-----------------------------------------------------
INPUT:
workDir: C:/dino_nature/output/2023-11-07-D1\bs/set_629
Nbootstrapsets: 2000
phyloFDAfile: c:/dino_nature/code/phylo.fda.R
auxFile: c:/dino_nature/code/auxiliary.r
boneType: femur
regressionData.file: C:/dino_nature/output/2023-11-07-D1\bs/set_629/femur_set_629.csv
applyDataFilter: FALSE
addTreeTips: TRUE
Ntrees: 100
calculateTrees: TRUE
saveTrees: FALSE


OPERATIONAL CHECKS:
* Regression data contains multiple copies of some taxa (user added variants of existing test taxa 
   or replacements due to bootstrap are present) which are not in the phylo tree:
     original taxon,   duplicate   
"1","Okapia_johnstoni","Okapia_johnstoni.1"
"2","Monodelphis_domestica","Monodelphis_domestica.1"
"3","Monodelphis_domestica","Monodelphis_domestica.2"
"4","Mustela_nivalis","Mustela_nivalis.1"
"5","Taxidea_taxus","Taxidea_taxus.1"
"6","Pogona_viceps","Pogona_viceps.1"
"7","Uncia_uncia","Uncia_uncia.1"
"8","Taxidea_taxus","Taxidea_taxus.2"
"9","Megaloceros_sp","Megaloceros_sp.1"
"10","Okapia_johnstoni","Okapia_johnstoni.2"
"11","Vulpes_vulpes","Vulpes_vulpes.1"
"12","Apteryx_owenii_","Apteryx_owenii_.1"
"13","Lama_guanicoe","Lama_guanicoe.1"
"14","Caloenas_nicobarica","Caloenas_nicobarica.1"
"15","Rhynchocyon_petersi","Rhynchocyon_petersi.1"
"16","Tamandua_tetradactyla","Tamandua_tetradactyla.1"
"17","Tenrec_ecaudatus","Tenrec_ecaudatus.1"
"18","Caloenas_nicobarica","Caloenas_nicobarica.2"
"19","Giraffa_camelopardalis","Giraffa_camelopardalis.1"
"20","Meles_meles","Meles_meles.1"
"21","Rhynchocyon_petersi","Rhynchocyon_petersi.2"
"22","Alligator","Alligator.1"
"23","Champsosaurus","Champsosaurus.1"
"24","Desmana_moschata","Desmana_moschata.1"
"25","Nothosaurus_giganteus","Nothosaurus_giganteus.1"
"26","Desmostylus_hesperus","Desmostylus_hesperus.1"
"27","Nothosaurus_giganteus","Nothosaurus_giganteus.2"
"28","Anarosaurus","Anarosaurus.1"
"29","Simosaurus_1","Simosaurus_1.1"
"30","Chapsosaurus_","Chapsosaurus_.1"
"31","Leptophoca_proxima","Leptophoca_proxima.1"
"32","Hippopotamus_amphibius","Hippopotamus_amphibius.1"
"33","Rodhocetus","Rodhocetus.1"
"34","Hydromys_chrysogaster","Hydromys_chrysogaster.1"
"35","large_eocene_stem_penguin","large_eocene_stem_penguin.1"
"36","Desmostylus_hesperus","Desmostylus_hesperus.2"
"37","Maiacetus","Maiacetus.1"
"38","Leptophoca_proxima","Leptophoca_proxima.2"
"39","Maiacetus","Maiacetus.2"
"40","Nothosaurus_giganteus","Nothosaurus_giganteus.3"
"41","Tapirus_terrestris","Tapirus_terrestris.1"
"42","Otaria_byronia","Otaria_byronia.1"
"43","Protochampsidae","Protochampsidae.1"
"44","Leptophoca_proxima","Leptophoca_proxima.3"
"45","Spinosaurus_","Spinosaurus_.1"
"46","Spinosaurus_","Spinosaurus_.2"
"47","Spinosaurus_","Spinosaurus_.3"
"48","Spinosaurus_","Spinosaurus_.4"
"49","Spinosaurus_","Spinosaurus_.5"
"50","Spinosaurus_","Spinosaurus_.6"
"51","Spinosaurus_","Spinosaurus_.7"
"52","Spinosaurus_","Spinosaurus_.8"
"53","Spinosaurus_","Spinosaurus_.9"
"54","Spinosaurus_","Spinosaurus_.10"
"55","Spinosaurus_","Spinosaurus_.11"
"56","Suchomimus","Suchomimus.1"
"57","Suchomimus","Suchomimus.2"
"58","Suchomimus","Suchomimus.3"
"59","Baryonyx","Baryonyx.1"
"60","Baryonyx","Baryonyx.2"
"61","Baryonyx","Baryonyx.3"
 
* Phylo tree and the main data and strata files have been modified to include duplicated taxa before the scaled random trees are generated.
* Selected categorical labels column: diving.or.not
* diving.or.equal column is identical to Diving column.
* Regression excludes flying taxa.
* Diving labels that are present in regression: 0,2
* lambda (calculated from a random tree) = : 0.09
* index-name alignment check: OK
