Logfile for a session of program: bootstrap_binary.r
-----------------------------------------------------
INPUT:
workDir: C:/dino_nature/output/2023-11-07-D1\bs/set_1413
Nbootstrapsets: 2000
phyloFDAfile: c:/dino_nature/code/phylo.fda.R
auxFile: c:/dino_nature/code/auxiliary.r
boneType: femur
regressionData.file: C:/dino_nature/output/2023-11-07-D1\bs/set_1413/femur_set_1413.csv
applyDataFilter: FALSE
addTreeTips: TRUE
Ntrees: 100
calculateTrees: TRUE
saveTrees: FALSE


OPERATIONAL CHECKS:
* Regression data contains multiple copies of some taxa (user added variants of existing test taxa 
   or replacements due to bootstrap are present) which are not in the phylo tree:
     original taxon,   duplicate   
"1","Vulpes_vulpes","Vulpes_vulpes.1"
"2","Vulpes_vulpes","Vulpes_vulpes.2"
"3","Brachyodus_onoideum","Brachyodus_onoideum.1"
"4","Tenrec_ecaudatus","Tenrec_ecaudatus.1"
"5","Cephalophus_silvicultor","Cephalophus_silvicultor.1"
"6","Rhynchocyon_petersi","Rhynchocyon_petersi.1"
"7","Megaloceros_sp","Megaloceros_sp.1"
"8","Cephalophus_silvicultor","Cephalophus_silvicultor.2"
"9","Ceratotherium_simum","Ceratotherium_simum.1"
"10","Rangifer_tarandus","Rangifer_tarandus.1"
"11","Mus_musculus","Mus_musculus.1"
"12","Rangifer_tarandus","Rangifer_tarandus.2"
"13","Paguma_larvata","Paguma_larvata.1"
"14","Bison_bonasus","Bison_bonasus.1"
"15","Mus_musculus","Mus_musculus.2"
"16","Atlantisia_rogersi","Atlantisia_rogersi.1"
"17","Diplomesodon_pulchellum","Diplomesodon_pulchellum.1"
"18","Brachyodus_onoideum","Brachyodus_onoideum.2"
"19","Bison_bonasus","Bison_bonasus.2"
"20","Alces_americanus","Alces_americanus.1"
"21","Sus_scrofa","Sus_scrofa.1"
"22","Porphyrio_hochstetteri","Porphyrio_hochstetteri.1"
"23","Placodontia_indet_1","Placodontia_indet_1.1"
"24","Rhaeticosaurus","Rhaeticosaurus.1"
"25","Choeropsis_liberiensis","Choeropsis_liberiensis.1"
"26","Nothosaurus_102","Nothosaurus_102.1"
"27","Remingtonocetus","Remingtonocetus.1"
"28","Hesperornis","Hesperornis.1"
"29","Rodhocetus","Rodhocetus.1"
"30","Placondontia_indet","Placondontia_indet.1"
"31","Alligator","Alligator.1"
"32","Remingtonocetus","Remingtonocetus.2"
"33","Phalacrocorax_harrisi","Phalacrocorax_harrisi.1"
"34","Cryptoclidus","Cryptoclidus.1"
"35","Callophoca_obscura","Callophoca_obscura.1"
"36","Nothosaurus_150","Nothosaurus_150.1"
"37","Phocanella_pumila","Phocanella_pumila.1"
"38","Hydromys_chrysogaster","Hydromys_chrysogaster.1"
"39","Pistosaurus","Pistosaurus.1"
"40","Choeropsis_liberiensis","Choeropsis_liberiensis.2"
"41","Indohyus","Indohyus.1"
"42","Spinosaurus_","Spinosaurus_.1"
"43","Spinosaurus_","Spinosaurus_.2"
"44","Spinosaurus_","Spinosaurus_.3"
"45","Spinosaurus_","Spinosaurus_.4"
"46","Spinosaurus_","Spinosaurus_.5"
"47","Spinosaurus_","Spinosaurus_.6"
"48","Spinosaurus_","Spinosaurus_.7"
"49","Spinosaurus_","Spinosaurus_.8"
"50","Spinosaurus_","Spinosaurus_.9"
"51","Spinosaurus_","Spinosaurus_.10"
"52","Spinosaurus_","Spinosaurus_.11"
"53","Suchomimus","Suchomimus.1"
"54","Suchomimus","Suchomimus.2"
"55","Suchomimus","Suchomimus.3"
"56","Baryonyx","Baryonyx.1"
"57","Baryonyx","Baryonyx.2"
"58","Baryonyx","Baryonyx.3"
 
* Phylo tree and the main data and strata files have been modified to include duplicated taxa before the scaled random trees are generated.
* Selected categorical labels column: diving.or.not
* diving.or.equal column is identical to Diving column.
* Regression excludes flying taxa.
* Diving labels that are present in regression: 0,2
* lambda (calculated from a random tree) = : 0.08
* index-name alignment check: OK
