Logfile for a session of program: bootstrap_binary.r
-----------------------------------------------------
INPUT:
workDir: C:/dino_nature/output/2023-11-07-D1\bs/set_975
Nbootstrapsets: 2000
phyloFDAfile: c:/dino_nature/code/phylo.fda.R
auxFile: c:/dino_nature/code/auxiliary.r
boneType: femur
regressionData.file: C:/dino_nature/output/2023-11-07-D1\bs/set_975/femur_set_975.csv
applyDataFilter: FALSE
addTreeTips: TRUE
Ntrees: 100
calculateTrees: TRUE
saveTrees: FALSE


OPERATIONAL CHECKS:
* Regression data contains multiple copies of some taxa (user added variants of existing test taxa 
   or replacements due to bootstrap are present) which are not in the phylo tree:
     original taxon,   duplicate   
"1","Pogona_viceps","Pogona_viceps.1"
"2","Pogona_viceps","Pogona_viceps.2"
"3","Rhinoceros_sondaicus","Rhinoceros_sondaicus.1"
"4","Apteryx_australis","Apteryx_australis.1"
"5","Brachyodus_onoideum","Brachyodus_onoideum.1"
"6","Apteryx_australis","Apteryx_australis.2"
"7","Pogona_viceps","Pogona_viceps.3"
"8","Apteryx_owenii_","Apteryx_owenii_.1"
"9","Vulpes_vulpes","Vulpes_vulpes.1"
"10","Apteryx_australis","Apteryx_australis.3"
"11","Apteryx_owenii_","Apteryx_owenii_.2"
"12","Megaloceros_sp","Megaloceros_sp.1"
"13","Strigiops_habroptilus","Strigiops_habroptilus.1"
"14","Mus_musculus","Mus_musculus.1"
"15","Mus_musculus","Mus_musculus.2"
"16","Hemiechinus_azurites","Hemiechinus_azurites.1"
"17","Alces_americanus","Alces_americanus.1"
"18","Syncerus_caffer","Syncerus_caffer.1"
"19","Tribonyx_mortieri","Tribonyx_mortieri.1"
"20","Apteryx_australis","Apteryx_australis.4"
"21","Xenicus_giliventris","Xenicus_giliventris.1"
"22","Lacerta_viridis","Lacerta_viridis.1"
"23","Alligator","Alligator.1"
"24","Protochampsidae","Protochampsidae.1"
"25","Nothosaurus_mirabilis","Nothosaurus_mirabilis.1"
"26","Remingtonocetus","Remingtonocetus.1"
"27","Leptophoca_proxima","Leptophoca_proxima.1"
"28","Psephoderma","Psephoderma.1"
"29","Micropotamogale_euwenzorii","Micropotamogale_euwenzorii.1"
"30","Maiacetus","Maiacetus.1"
"31","Hexaprotodon_garyam","Hexaprotodon_garyam.1"
"32","Simosaurus","Simosaurus.1"
"33","Metryorhynchus","Metryorhynchus.1"
"34","Lutra_vulgaris","Lutra_vulgaris.1"
"35","Hippopotamus_amphibius","Hippopotamus_amphibius.1"
"36","Lutra_vulgaris","Lutra_vulgaris.2"
"37","Plesiosaurus","Plesiosaurus.1"
"38","Remingtonocetus","Remingtonocetus.2"
"39","Simosaurus","Simosaurus.2"
"40","Leptophoca_proxima","Leptophoca_proxima.2"
"41","Spinosaurus_","Spinosaurus_.1"
"42","Spinosaurus_","Spinosaurus_.2"
"43","Spinosaurus_","Spinosaurus_.3"
"44","Spinosaurus_","Spinosaurus_.4"
"45","Spinosaurus_","Spinosaurus_.5"
"46","Spinosaurus_","Spinosaurus_.6"
"47","Spinosaurus_","Spinosaurus_.7"
"48","Spinosaurus_","Spinosaurus_.8"
"49","Spinosaurus_","Spinosaurus_.9"
"50","Spinosaurus_","Spinosaurus_.10"
"51","Spinosaurus_","Spinosaurus_.11"
"52","Suchomimus","Suchomimus.1"
"53","Suchomimus","Suchomimus.2"
"54","Suchomimus","Suchomimus.3"
"55","Baryonyx","Baryonyx.1"
"56","Baryonyx","Baryonyx.2"
"57","Baryonyx","Baryonyx.3"
 
* Phylo tree and the main data and strata files have been modified to include duplicated taxa before the scaled random trees are generated.
* Selected categorical labels column: diving.or.not
* diving.or.equal column is identical to Diving column.
* Regression excludes flying taxa.
* Diving labels that are present in regression: 0,2
* lambda (calculated from a random tree) = : 0.06
* index-name alignment check: OK
