Logfile for a session of program: bootstrap_binary.r
-----------------------------------------------------
INPUT:
workDir: C:/dino_nature/output/2023-11-07-D1\bs/set_394
Nbootstrapsets: 2000
phyloFDAfile: c:/dino_nature/code/phylo.fda.R
auxFile: c:/dino_nature/code/auxiliary.r
boneType: femur
regressionData.file: C:/dino_nature/output/2023-11-07-D1\bs/set_394/femur_set_394.csv
applyDataFilter: FALSE
addTreeTips: TRUE
Ntrees: 100
calculateTrees: TRUE
saveTrees: FALSE


OPERATIONAL CHECKS:
* Regression data contains multiple copies of some taxa (user added variants of existing test taxa 
   or replacements due to bootstrap are present) which are not in the phylo tree:
     original taxon,   duplicate   
"1","Dromaius_","Dromaius_.1"
"2","Tribonyx_mortieri","Tribonyx_mortieri.1"
"3","Caloenas_nicobarica","Caloenas_nicobarica.1"
"4","Porphyrio_hochstetteri","Porphyrio_hochstetteri.1"
"5","Rattus_rattus","Rattus_rattus.1"
"6","Syncerus_caffer","Syncerus_caffer.1"
"7","Caloenas_nicobarica","Caloenas_nicobarica.2"
"8","Giraffa_camelopardalis","Giraffa_camelopardalis.1"
"9","Raphus","Raphus.1"
"10","Microgale_thomasi","Microgale_thomasi.1"
"11","Dicerorhinus_sumatrensis","Dicerorhinus_sumatrensis.1"
"12","Porphyrio_hochstetteri","Porphyrio_hochstetteri.2"
"13","Brachyodus_onoideum","Brachyodus_onoideum.1"
"14","Brachyodus_onoideum","Brachyodus_onoideum.2"
"15","Alces_americanus","Alces_americanus.1"
"16","Dicerorhinus_sumatrensis","Dicerorhinus_sumatrensis.2"
"17","Caloenas_nicobarica","Caloenas_nicobarica.3"
"18","Caloenas_nicobarica","Caloenas_nicobarica.4"
"19","Ceratotherium_simum","Ceratotherium_simum.1"
"20","Atlantisia_rogersi","Atlantisia_rogersi.1"
"21","Ichtyosaurus_","Ichtyosaurus_.1"
"22","Micropotamogale_euwenzorii","Micropotamogale_euwenzorii.1"
"23","Palaeospheniscus","Palaeospheniscus.1"
"24","Castor_fiber","Castor_fiber.1"
"25","Psephoderma","Psephoderma.1"
"26","Anarosaurus","Anarosaurus.1"
"27","Serpianosaurus","Serpianosaurus.1"
"28","Metryorhynchus","Metryorhynchus.1"
"29","Cryptoclidus","Cryptoclidus.1"
"30","Neusticosaurus","Neusticosaurus.1"
"31","Palaeospheniscus","Palaeospheniscus.2"
"32","Remingtonocetus","Remingtonocetus.1"
"33","Nothosaurus_giganteus","Nothosaurus_giganteus.1"
"34","Serpianosaurus","Serpianosaurus.2"
"35","large_eocene_stem_penguin","large_eocene_stem_penguin.1"
"36","Metryorhynchus","Metryorhynchus.2"
"37","Anarosaurus","Anarosaurus.2"
"38","Rodhocetus","Rodhocetus.1"
"39","Hexaprotodon_garyam","Hexaprotodon_garyam.1"
"40","Cryptoclidus","Cryptoclidus.2"
"41","Spheniscus","Spheniscus.1"
"42","Basilosaurus","Basilosaurus.1"
"43","Placodontia_indet_1","Placodontia_indet_1.1"
"44","Nanophoca_vitulinoides","Nanophoca_vitulinoides.1"
"45","Spinosaurus_","Spinosaurus_.1"
"46","Spinosaurus_","Spinosaurus_.2"
"47","Spinosaurus_","Spinosaurus_.3"
"48","Spinosaurus_","Spinosaurus_.4"
"49","Spinosaurus_","Spinosaurus_.5"
"50","Spinosaurus_","Spinosaurus_.6"
"51","Spinosaurus_","Spinosaurus_.7"
"52","Spinosaurus_","Spinosaurus_.8"
"53","Spinosaurus_","Spinosaurus_.9"
"54","Spinosaurus_","Spinosaurus_.10"
"55","Spinosaurus_","Spinosaurus_.11"
"56","Suchomimus","Suchomimus.1"
"57","Suchomimus","Suchomimus.2"
"58","Suchomimus","Suchomimus.3"
"59","Baryonyx","Baryonyx.1"
"60","Baryonyx","Baryonyx.2"
"61","Baryonyx","Baryonyx.3"
 
* Phylo tree and the main data and strata files have been modified to include duplicated taxa before the scaled random trees are generated.
* Selected categorical labels column: diving.or.not
* diving.or.equal column is identical to Diving column.
* Regression excludes flying taxa.
* Diving labels that are present in regression: 0,2
* lambda (calculated from a random tree) = : 0.11
* index-name alignment check: OK
