Logfile for a session of program: bootstrap_binary.r
-----------------------------------------------------
INPUT:
workDir: C:/dino_nature/output/2023-11-07-D1\bs/set_970
Nbootstrapsets: 2000
phyloFDAfile: c:/dino_nature/code/phylo.fda.R
auxFile: c:/dino_nature/code/auxiliary.r
boneType: femur
regressionData.file: C:/dino_nature/output/2023-11-07-D1\bs/set_970/femur_set_970.csv
applyDataFilter: FALSE
addTreeTips: TRUE
Ntrees: 100
calculateTrees: TRUE
saveTrees: FALSE


OPERATIONAL CHECKS:
* Regression data contains multiple copies of some taxa (user added variants of existing test taxa 
   or replacements due to bootstrap are present) which are not in the phylo tree:
     original taxon,   duplicate   
"1","Caloenas_nicobarica","Caloenas_nicobarica.1"
"2","Elephas_maximus","Elephas_maximus.1"
"3","Strigiops_habroptilus","Strigiops_habroptilus.1"
"4","Okapia_johnstoni","Okapia_johnstoni.1"
"5","Rangifer_tarandus","Rangifer_tarandus.1"
"6","Dama_dama","Dama_dama.1"
"7","Paguma_larvata","Paguma_larvata.1"
"8","Dromaius_","Dromaius_.1"
"9","Tamandua_tetradactyla","Tamandua_tetradactyla.1"
"10","Sphenodon_punctatus","Sphenodon_punctatus.1"
"11","Uncia_uncia","Uncia_uncia.1"
"12","Mammuthus_sp","Mammuthus_sp.1"
"13","Monodelphis_domestica","Monodelphis_domestica.1"
"14","Monodelphis_domestica","Monodelphis_domestica.2"
"15","Bison_bonasus","Bison_bonasus.1"
"16","Capreolus_capreolus","Capreolus_capreolus.1"
"17","Strigiops_habroptilus","Strigiops_habroptilus.2"
"18","Okapia_johnstoni","Okapia_johnstoni.2"
"19","Metryorhynchus","Metryorhynchus.1"
"20","Hexaprotodon_garyam","Hexaprotodon_garyam.1"
"21","Metryorhynchus","Metryorhynchus.2"
"22","Cryptoclidus","Cryptoclidus.1"
"23","Hydromys_chrysogaster","Hydromys_chrysogaster.1"
"24","Pistosaurus","Pistosaurus.1"
"25","Ichtyosaur_sp","Ichtyosaur_sp.1"
"26","Nothosaurus_568","Nothosaurus_568.1"
"27","Nothosaurus_mirabilis_1","Nothosaurus_mirabilis_1.1"
"28","Indohyus","Indohyus.1"
"29","Palaeospheniscus","Palaeospheniscus.1"
"30","Pistosaurus","Pistosaurus.2"
"31","Castor_fiber","Castor_fiber.1"
"32","Phalacrocorax_harrisi","Phalacrocorax_harrisi.1"
"33","Hippopotamus_amphibius","Hippopotamus_amphibius.1"
"34","Indohyus","Indohyus.2"
"35","Nanophoca_vitulinoides","Nanophoca_vitulinoides.1"
"36","Indohyus","Indohyus.3"
"37","Cryptoclidus","Cryptoclidus.2"
"38","Cricosaurus","Cricosaurus.1"
"39","Spinosaurus_","Spinosaurus_.1"
"40","Spinosaurus_","Spinosaurus_.2"
"41","Spinosaurus_","Spinosaurus_.3"
"42","Spinosaurus_","Spinosaurus_.4"
"43","Spinosaurus_","Spinosaurus_.5"
"44","Spinosaurus_","Spinosaurus_.6"
"45","Spinosaurus_","Spinosaurus_.7"
"46","Spinosaurus_","Spinosaurus_.8"
"47","Spinosaurus_","Spinosaurus_.9"
"48","Spinosaurus_","Spinosaurus_.10"
"49","Spinosaurus_","Spinosaurus_.11"
"50","Suchomimus","Suchomimus.1"
"51","Suchomimus","Suchomimus.2"
"52","Suchomimus","Suchomimus.3"
"53","Baryonyx","Baryonyx.1"
"54","Baryonyx","Baryonyx.2"
"55","Baryonyx","Baryonyx.3"
 
* Phylo tree and the main data and strata files have been modified to include duplicated taxa before the scaled random trees are generated.
* Selected categorical labels column: diving.or.not
* diving.or.equal column is identical to Diving column.
* Regression excludes flying taxa.
* Diving labels that are present in regression: 0,2
* lambda (calculated from a random tree) = : 0.1
* index-name alignment check: OK
