Logfile for a session of program: bootstrap_binary.r
-----------------------------------------------------
INPUT:
workDir: C:/dino_nature/output/2023-11-07-D1\bs/set_1300
Nbootstrapsets: 2000
phyloFDAfile: c:/dino_nature/code/phylo.fda.R
auxFile: c:/dino_nature/code/auxiliary.r
boneType: femur
regressionData.file: C:/dino_nature/output/2023-11-07-D1\bs/set_1300/femur_set_1300.csv
applyDataFilter: FALSE
addTreeTips: TRUE
Ntrees: 100
calculateTrees: TRUE
saveTrees: FALSE


OPERATIONAL CHECKS:
* Regression data contains multiple copies of some taxa (user added variants of existing test taxa 
   or replacements due to bootstrap are present) which are not in the phylo tree:
     original taxon,   duplicate   
"1","Cephalophus_silvicultor","Cephalophus_silvicultor.1"
"2","Lama_guanicoe","Lama_guanicoe.1"
"3","Rattus_rattus","Rattus_rattus.1"
"4","Atlantisia_rogersi","Atlantisia_rogersi.1"
"5","Paguma_larvata","Paguma_larvata.1"
"6","Sus_scrofa","Sus_scrofa.1"
"7","Sus_scrofa","Sus_scrofa.2"
"8","Sus_scrofa","Sus_scrofa.3"
"9","Paguma_larvata","Paguma_larvata.2"
"10","Sus_scrofa","Sus_scrofa.4"
"11","Dama_dama","Dama_dama.1"
"12","Dasyurus_maculatus","Dasyurus_maculatus.1"
"13","Rynochetus_jubatus","Rynochetus_jubatus.1"
"14","Tribonyx_mortieri","Tribonyx_mortieri.1"
"15","Rangifer_tarandus","Rangifer_tarandus.1"
"16","Procavia_capensis","Procavia_capensis.1"
"17","Felis_felis","Felis_felis.1"
"18","Giraffa_camelopardalis","Giraffa_camelopardalis.1"
"19","Taxidea_taxus","Taxidea_taxus.1"
"20","Rattus_rattus","Rattus_rattus.2"
"21","Micropotamogale_euwenzorii","Micropotamogale_euwenzorii.1"
"22","Psephoderma","Psephoderma.1"
"23","Nothosaurus_giganteus","Nothosaurus_giganteus.1"
"24","large_eocene_stem_penguin","large_eocene_stem_penguin.1"
"25","Dyrosaurid","Dyrosaurid.1"
"26","Chironectes_minimus","Chironectes_minimus.1"
"27","Alligator","Alligator.1"
"28","Lutra_vulgaris","Lutra_vulgaris.1"
"29","Ornithorhynchus_anatinus","Ornithorhynchus_anatinus.1"
"30","Indohyus","Indohyus.1"
"31","Pistosaurus","Pistosaurus.1"
"32","Indohyus","Indohyus.2"
"33","Nothosaurus_giganteus","Nothosaurus_giganteus.2"
"34","Rodhocetus","Rodhocetus.1"
"35","Rodhocetus","Rodhocetus.2"
"36","Rodhocetus","Rodhocetus.3"
"37","Choeropsis_liberiensis","Choeropsis_liberiensis.1"
"38","Callophoca_obscura","Callophoca_obscura.1"
"39","Placodontia_indet_1","Placodontia_indet_1.1"
"40","Hesperornis","Hesperornis.1"
"41","Nothosaurus_mirabilis","Nothosaurus_mirabilis.1"
"42","Ichtyosaurus_","Ichtyosaurus_.1"
"43","Chapsosaurus_","Chapsosaurus_.1"
"44","Tapirus_terrestris","Tapirus_terrestris.1"
"45","Spinosaurus_","Spinosaurus_.1"
"46","Spinosaurus_","Spinosaurus_.2"
"47","Spinosaurus_","Spinosaurus_.3"
"48","Spinosaurus_","Spinosaurus_.4"
"49","Spinosaurus_","Spinosaurus_.5"
"50","Spinosaurus_","Spinosaurus_.6"
"51","Spinosaurus_","Spinosaurus_.7"
"52","Spinosaurus_","Spinosaurus_.8"
"53","Spinosaurus_","Spinosaurus_.9"
"54","Spinosaurus_","Spinosaurus_.10"
"55","Spinosaurus_","Spinosaurus_.11"
"56","Suchomimus","Suchomimus.1"
"57","Suchomimus","Suchomimus.2"
"58","Suchomimus","Suchomimus.3"
"59","Baryonyx","Baryonyx.1"
"60","Baryonyx","Baryonyx.2"
"61","Baryonyx","Baryonyx.3"
 
* Phylo tree and the main data and strata files have been modified to include duplicated taxa before the scaled random trees are generated.
* Selected categorical labels column: diving.or.not
* diving.or.equal column is identical to Diving column.
* Regression excludes flying taxa.
* Diving labels that are present in regression: 0,2
* lambda (calculated from a random tree) = : 0.08
* index-name alignment check: OK
