Logfile for a session of program: bootstrap_binary.r
-----------------------------------------------------
INPUT:
workDir: C:/dino_nature/output/2023-11-07-D1\bs/set_1230
Nbootstrapsets: 2000
phyloFDAfile: c:/dino_nature/code/phylo.fda.R
auxFile: c:/dino_nature/code/auxiliary.r
boneType: femur
regressionData.file: C:/dino_nature/output/2023-11-07-D1\bs/set_1230/femur_set_1230.csv
applyDataFilter: FALSE
addTreeTips: TRUE
Ntrees: 100
calculateTrees: TRUE
saveTrees: FALSE


OPERATIONAL CHECKS:
* Regression data contains multiple copies of some taxa (user added variants of existing test taxa 
   or replacements due to bootstrap are present) which are not in the phylo tree:
     original taxon,   duplicate   
"1","Dromaius_","Dromaius_.1"
"2","Dromaius_","Dromaius_.2"
"3","Rangifer_tarandus","Rangifer_tarandus.1"
"4","Rhynchocyon_petersi","Rhynchocyon_petersi.1"
"5","Dasyurus_maculatus","Dasyurus_maculatus.1"
"6","Rattus_rattus","Rattus_rattus.1"
"7","Rangifer_tarandus","Rangifer_tarandus.2"
"8","Bison_bonasus","Bison_bonasus.1"
"9","Apteryx_australis","Apteryx_australis.1"
"10","Myrmecophaga_tridactyla","Myrmecophaga_tridactyla.1"
"11","Tenrec_ecaudatus","Tenrec_ecaudatus.1"
"12","Sus_scrofa","Sus_scrofa.1"
"13","Dicerorhinus_sumatrensis","Dicerorhinus_sumatrensis.1"
"14","Apteryx_australis","Apteryx_australis.2"
"15","Rhynchocyon_petersi","Rhynchocyon_petersi.2"
"16","Syncerus_caffer","Syncerus_caffer.1"
"17","Rhinoceros_sondaicus","Rhinoceros_sondaicus.1"
"18","Tenrec_ecaudatus","Tenrec_ecaudatus.2"
"19","Meles_meles","Meles_meles.1"
"20","Sus_scrofa","Sus_scrofa.2"
"21","Mus_musculus","Mus_musculus.1"
"22","Tenrec_ecaudatus","Tenrec_ecaudatus.3"
"23","Strigiops_habroptilus","Strigiops_habroptilus.1"
"24","Desmostylus_hesperus","Desmostylus_hesperus.1"
"25","Desmostylus_hesperus","Desmostylus_hesperus.2"
"26","Desmostylus_hesperus","Desmostylus_hesperus.3"
"27","Spheniscus","Spheniscus.1"
"28","Leptophoca_proxima","Leptophoca_proxima.1"
"29","Placondontia_indet","Placondontia_indet.1"
"30","Hippopotamus_amphibius","Hippopotamus_amphibius.1"
"31","Phalacrocorax_harrisi","Phalacrocorax_harrisi.1"
"32","Lutra_vulgaris","Lutra_vulgaris.1"
"33","Basilosaurus","Basilosaurus.1"
"34","Nothosaurus_mirabilis_1","Nothosaurus_mirabilis_1.1"
"35","Paraplacodus","Paraplacodus.1"
"36","Basilosaurus","Basilosaurus.2"
"37","Rodhocetus","Rodhocetus.1"
"38","Protochampsidae","Protochampsidae.1"
"39","Phalacrocorax_harrisi","Phalacrocorax_harrisi.2"
"40","Placodontia_indet_1","Placodontia_indet_1.1"
"41","Nothosaurus_giganteus","Nothosaurus_giganteus.1"
"42","Placondontia_indet","Placondontia_indet.2"
"43","Spheniscus","Spheniscus.2"
"44","Hydromys_chrysogaster","Hydromys_chrysogaster.1"
"45","Serpianosaurus","Serpianosaurus.1"
"46","Spinosaurus_","Spinosaurus_.1"
"47","Spinosaurus_","Spinosaurus_.2"
"48","Spinosaurus_","Spinosaurus_.3"
"49","Spinosaurus_","Spinosaurus_.4"
"50","Spinosaurus_","Spinosaurus_.5"
"51","Spinosaurus_","Spinosaurus_.6"
"52","Spinosaurus_","Spinosaurus_.7"
"53","Spinosaurus_","Spinosaurus_.8"
"54","Spinosaurus_","Spinosaurus_.9"
"55","Spinosaurus_","Spinosaurus_.10"
"56","Spinosaurus_","Spinosaurus_.11"
"57","Suchomimus","Suchomimus.1"
"58","Suchomimus","Suchomimus.2"
"59","Suchomimus","Suchomimus.3"
"60","Baryonyx","Baryonyx.1"
"61","Baryonyx","Baryonyx.2"
"62","Baryonyx","Baryonyx.3"
 
* Phylo tree and the main data and strata files have been modified to include duplicated taxa before the scaled random trees are generated.
* Selected categorical labels column: diving.or.not
* diving.or.equal column is identical to Diving column.
* Regression excludes flying taxa.
* Diving labels that are present in regression: 0,2
* lambda (calculated from a random tree) = : 0.09
* index-name alignment check: OK
