Logfile for a session of program: bootstrap_binary.r
-----------------------------------------------------
INPUT:
workDir: C:/dino_nature/output/2023-11-07-D1\bs/set_1329
Nbootstrapsets: 2000
phyloFDAfile: c:/dino_nature/code/phylo.fda.R
auxFile: c:/dino_nature/code/auxiliary.r
boneType: femur
regressionData.file: C:/dino_nature/output/2023-11-07-D1\bs/set_1329/femur_set_1329.csv
applyDataFilter: FALSE
addTreeTips: TRUE
Ntrees: 100
calculateTrees: TRUE
saveTrees: FALSE


OPERATIONAL CHECKS:
* Regression data contains multiple copies of some taxa (user added variants of existing test taxa 
   or replacements due to bootstrap are present) which are not in the phylo tree:
     original taxon,   duplicate   
"1","Caloenas_nicobarica","Caloenas_nicobarica.1"
"2","Rhinoceros_sondaicus","Rhinoceros_sondaicus.1"
"3","Rhinoceros_sondaicus","Rhinoceros_sondaicus.2"
"4","Rupicapra_rupicapra","Rupicapra_rupicapra.1"
"5","Myrmecophaga_tridactyla","Myrmecophaga_tridactyla.1"
"6","Ceratotherium_simum","Ceratotherium_simum.1"
"7","Rhynchocyon_petersi","Rhynchocyon_petersi.1"
"8","Okapia_johnstoni","Okapia_johnstoni.1"
"9","Rhinoceros_sondaicus","Rhinoceros_sondaicus.3"
"10","Myrmecophaga_tridactyla","Myrmecophaga_tridactyla.2"
"11","Cephalophus_silvicultor","Cephalophus_silvicultor.1"
"12","Mus_musculus","Mus_musculus.1"
"13","Procyon_lotor","Procyon_lotor.1"
"14","Procyon_lotor","Procyon_lotor.2"
"15","Vulpes_vulpes","Vulpes_vulpes.1"
"16","Okapia_johnstoni","Okapia_johnstoni.2"
"17","Vulpes_vulpes","Vulpes_vulpes.2"
"18","Rynochetus_jubatus","Rynochetus_jubatus.1"
"19","Dama_dama","Dama_dama.1"
"20","Bison_bonasus","Bison_bonasus.1"
"21","Rhinoceros_sondaicus","Rhinoceros_sondaicus.4"
"22","Dicerorhinus_sumatrensis","Dicerorhinus_sumatrensis.1"
"23","Nyctereutes_procyonoides","Nyctereutes_procyonoides.1"
"24","Capreolus_capreolus","Capreolus_capreolus.1"
"25","Otaria_byronia","Otaria_byronia.1"
"26","Indohyus","Indohyus.1"
"27","Rhaeticosaurus","Rhaeticosaurus.1"
"28","Desmostylus_hesperus","Desmostylus_hesperus.1"
"29","Castor_fiber","Castor_fiber.1"
"30","Desmostylus_hesperus","Desmostylus_hesperus.2"
"31","Nothosaurus_giganteus","Nothosaurus_giganteus.1"
"32","Phocanella_pumila","Phocanella_pumila.1"
"33","Nothosaurus_mirabilis","Nothosaurus_mirabilis.1"
"34","Aptenodytes______","Aptenodytes______.1"
"35","Chironectes_minimus","Chironectes_minimus.1"
"36","Metryorhynchus","Metryorhynchus.1"
"37","Nothosaurus_mirabilis","Nothosaurus_mirabilis.2"
"38","Palaeospheniscus","Palaeospheniscus.1"
"39","Callophoca_obscura","Callophoca_obscura.1"
"40","Choeropsis_liberiensis","Choeropsis_liberiensis.1"
"41","Otaria_byronia","Otaria_byronia.2"
"42","Caiman_yacare","Caiman_yacare.1"
"43","Remingtonocetus","Remingtonocetus.1"
"44","Serpianosaurus","Serpianosaurus.1"
"45","Micropotamogale_euwenzorii","Micropotamogale_euwenzorii.1"
"46","Protochampsidae","Protochampsidae.1"
"47","Rhaeticosaurus","Rhaeticosaurus.2"
"48","Spinosaurus_","Spinosaurus_.1"
"49","Spinosaurus_","Spinosaurus_.2"
"50","Spinosaurus_","Spinosaurus_.3"
"51","Spinosaurus_","Spinosaurus_.4"
"52","Spinosaurus_","Spinosaurus_.5"
"53","Spinosaurus_","Spinosaurus_.6"
"54","Spinosaurus_","Spinosaurus_.7"
"55","Spinosaurus_","Spinosaurus_.8"
"56","Spinosaurus_","Spinosaurus_.9"
"57","Spinosaurus_","Spinosaurus_.10"
"58","Spinosaurus_","Spinosaurus_.11"
"59","Suchomimus","Suchomimus.1"
"60","Suchomimus","Suchomimus.2"
"61","Suchomimus","Suchomimus.3"
"62","Baryonyx","Baryonyx.1"
"63","Baryonyx","Baryonyx.2"
"64","Baryonyx","Baryonyx.3"
 
* Phylo tree and the main data and strata files have been modified to include duplicated taxa before the scaled random trees are generated.
* Selected categorical labels column: diving.or.not
* diving.or.equal column is identical to Diving column.
* Regression excludes flying taxa.
* Diving labels that are present in regression: 0,2
* lambda (calculated from a random tree) = : 0.08
* index-name alignment check: OK
