Logfile for a session of program: bootstrap_binary.r
-----------------------------------------------------
INPUT:
workDir: C:/dino_nature/output/2023-11-07-D1\bs/set_1053
Nbootstrapsets: 2000
phyloFDAfile: c:/dino_nature/code/phylo.fda.R
auxFile: c:/dino_nature/code/auxiliary.r
boneType: femur
regressionData.file: C:/dino_nature/output/2023-11-07-D1\bs/set_1053/femur_set_1053.csv
applyDataFilter: FALSE
addTreeTips: TRUE
Ntrees: 100
calculateTrees: TRUE
saveTrees: FALSE


OPERATIONAL CHECKS:
* Regression data contains multiple copies of some taxa (user added variants of existing test taxa 
   or replacements due to bootstrap are present) which are not in the phylo tree:
     original taxon,   duplicate   
"1","Tribonyx_mortieri","Tribonyx_mortieri.1"
"2","Tribonyx_mortieri","Tribonyx_mortieri.2"
"3","Tribonyx_mortieri","Tribonyx_mortieri.3"
"4","Apteryx_australis","Apteryx_australis.1"
"5","Taxidea_taxus","Taxidea_taxus.1"
"6","Tribonyx_mortieri","Tribonyx_mortieri.4"
"7","Cephalophus_silvicultor","Cephalophus_silvicultor.1"
"8","Tamandua_tetradactyla","Tamandua_tetradactyla.1"
"9","Syncerus_caffer","Syncerus_caffer.1"
"10","Rynochetus_jubatus","Rynochetus_jubatus.1"
"11","Tribonyx_mortieri","Tribonyx_mortieri.5"
"12","Hemiechinus_azurites","Hemiechinus_azurites.1"
"13","Nyctereutes_procyonoides","Nyctereutes_procyonoides.1"
"14","Myrmecophaga_tridactyla","Myrmecophaga_tridactyla.1"
"15","Pogona_viceps","Pogona_viceps.1"
"16","Nyctereutes_procyonoides","Nyctereutes_procyonoides.2"
"17","Apteryx_owenii_","Apteryx_owenii_.1"
"18","Hemiechinus_azurites","Hemiechinus_azurites.2"
"19","Rupicapra_rupicapra","Rupicapra_rupicapra.1"
"20","Rynochetus_jubatus","Rynochetus_jubatus.2"
"21","Nothosaurus_mirabilis","Nothosaurus_mirabilis.1"
"22","Spheniscus","Spheniscus.1"
"23","Choeropsis_liberiensis","Choeropsis_liberiensis.1"
"24","Chironectes_minimus","Chironectes_minimus.1"
"25","Protochampsidae","Protochampsidae.1"
"26","Ichtyosaur_sp","Ichtyosaur_sp.1"
"27","Chironectes_minimus","Chironectes_minimus.2"
"28","Desmostylus_hesperus","Desmostylus_hesperus.1"
"29","Nothosaurus_mirabilis","Nothosaurus_mirabilis.2"
"30","Protochampsidae","Protochampsidae.2"
"31","large_eocene_stem_penguin","large_eocene_stem_penguin.1"
"32","Rodhocetus","Rodhocetus.1"
"33","Paraplacodus","Paraplacodus.1"
"34","Serpianosaurus","Serpianosaurus.1"
"35","Placodontia_indet_1","Placodontia_indet_1.1"
"36","Protochampsidae","Protochampsidae.3"
"37","Neusticosaurus","Neusticosaurus.1"
"38","Hexaprotodon_garyam","Hexaprotodon_garyam.1"
"39","Otaria_byronia","Otaria_byronia.1"
"40","Paraplacodus","Paraplacodus.2"
"41","Spinosaurus_","Spinosaurus_.1"
"42","Spinosaurus_","Spinosaurus_.2"
"43","Spinosaurus_","Spinosaurus_.3"
"44","Spinosaurus_","Spinosaurus_.4"
"45","Spinosaurus_","Spinosaurus_.5"
"46","Spinosaurus_","Spinosaurus_.6"
"47","Spinosaurus_","Spinosaurus_.7"
"48","Spinosaurus_","Spinosaurus_.8"
"49","Spinosaurus_","Spinosaurus_.9"
"50","Spinosaurus_","Spinosaurus_.10"
"51","Spinosaurus_","Spinosaurus_.11"
"52","Suchomimus","Suchomimus.1"
"53","Suchomimus","Suchomimus.2"
"54","Suchomimus","Suchomimus.3"
"55","Baryonyx","Baryonyx.1"
"56","Baryonyx","Baryonyx.2"
"57","Baryonyx","Baryonyx.3"
 
* Phylo tree and the main data and strata files have been modified to include duplicated taxa before the scaled random trees are generated.
* Selected categorical labels column: diving.or.not
* diving.or.equal column is identical to Diving column.
* Regression excludes flying taxa.
* Diving labels that are present in regression: 0,2
* lambda (calculated from a random tree) = : 0.11
* index-name alignment check: OK
