Logfile for a session of program: bootstrap_binary.r
-----------------------------------------------------
INPUT:
workDir: C:/dino_nature/output/2023-11-07-D1\bs/set_1040
Nbootstrapsets: 2000
phyloFDAfile: c:/dino_nature/code/phylo.fda.R
auxFile: c:/dino_nature/code/auxiliary.r
boneType: femur
regressionData.file: C:/dino_nature/output/2023-11-07-D1\bs/set_1040/femur_set_1040.csv
applyDataFilter: FALSE
addTreeTips: TRUE
Ntrees: 100
calculateTrees: TRUE
saveTrees: FALSE


OPERATIONAL CHECKS:
* Regression data contains multiple copies of some taxa (user added variants of existing test taxa 
   or replacements due to bootstrap are present) which are not in the phylo tree:
     original taxon,   duplicate   
"1","Mustela_nivalis","Mustela_nivalis.1"
"2","Euroscaptor_micrura","Euroscaptor_micrura.1"
"3","Mustela_nivalis","Mustela_nivalis.2"
"4","Procavia_capensis","Procavia_capensis.1"
"5","Felis_felis","Felis_felis.1"
"6","Monodelphis_domestica","Monodelphis_domestica.1"
"7","Paguma_larvata","Paguma_larvata.1"
"8","Okapia_johnstoni","Okapia_johnstoni.1"
"9","Caloenas_nicobarica","Caloenas_nicobarica.1"
"10","Procavia_capensis","Procavia_capensis.2"
"11","Lacerta_viridis","Lacerta_viridis.1"
"12","Uncia_uncia","Uncia_uncia.1"
"13","Diplomesodon_pulchellum","Diplomesodon_pulchellum.1"
"14","Euroscaptor_micrura","Euroscaptor_micrura.2"
"15","Procavia_capensis","Procavia_capensis.3"
"16","Elephas_maximus","Elephas_maximus.1"
"17","Porphyrio_hochstetteri","Porphyrio_hochstetteri.1"
"18","Diplomesodon_pulchellum","Diplomesodon_pulchellum.2"
"19","Apteryx_australis","Apteryx_australis.1"
"20","Mammuthus_sp","Mammuthus_sp.1"
"21","Xenicus_giliventris","Xenicus_giliventris.1"
"22","Rynochetus_jubatus","Rynochetus_jubatus.1"
"23","Euroscaptor_micrura","Euroscaptor_micrura.3"
"24","Caiman_yacare","Caiman_yacare.1"
"25","Cricosaurus","Cricosaurus.1"
"26","Rhaeticosaurus","Rhaeticosaurus.1"
"27","Maiacetus","Maiacetus.1"
"28","Nothosaurus_mirabilis","Nothosaurus_mirabilis.1"
"29","Anarosaurus","Anarosaurus.1"
"30","Protochampsidae","Protochampsidae.1"
"31","Nothosaurus_568","Nothosaurus_568.1"
"32","Nothosaurus_568","Nothosaurus_568.2"
"33","Cricosaurus","Cricosaurus.2"
"34","Lutra_vulgaris","Lutra_vulgaris.1"
"35","Ichtyosaur_sp","Ichtyosaur_sp.1"
"36","Nothosaurus_mirabilis","Nothosaurus_mirabilis.2"
"37","Desmostylus_hesperus","Desmostylus_hesperus.1"
"38","Desmostylus_hesperus","Desmostylus_hesperus.2"
"39","Protochampsidae","Protochampsidae.2"
"40","Hesperornis","Hesperornis.1"
"41","Lutra_vulgaris","Lutra_vulgaris.2"
"42","Chironectes_minimus","Chironectes_minimus.1"
"43","Caiman_yacare","Caiman_yacare.2"
"44","Nothosaurus_568","Nothosaurus_568.3"
"45","Spinosaurus_","Spinosaurus_.1"
"46","Spinosaurus_","Spinosaurus_.2"
"47","Spinosaurus_","Spinosaurus_.3"
"48","Spinosaurus_","Spinosaurus_.4"
"49","Spinosaurus_","Spinosaurus_.5"
"50","Spinosaurus_","Spinosaurus_.6"
"51","Spinosaurus_","Spinosaurus_.7"
"52","Spinosaurus_","Spinosaurus_.8"
"53","Spinosaurus_","Spinosaurus_.9"
"54","Spinosaurus_","Spinosaurus_.10"
"55","Spinosaurus_","Spinosaurus_.11"
"56","Suchomimus","Suchomimus.1"
"57","Suchomimus","Suchomimus.2"
"58","Suchomimus","Suchomimus.3"
"59","Baryonyx","Baryonyx.1"
"60","Baryonyx","Baryonyx.2"
"61","Baryonyx","Baryonyx.3"
 
* Phylo tree and the main data and strata files have been modified to include duplicated taxa before the scaled random trees are generated.
* Selected categorical labels column: diving.or.not
* diving.or.equal column is identical to Diving column.
* Regression excludes flying taxa.
* Diving labels that are present in regression: 0,2
* lambda (calculated from a random tree) = : 0.11
* index-name alignment check: OK
