Logfile for a session of program: bootstrap_binary.r
-----------------------------------------------------
INPUT:
workDir: C:/dino_nature/output/2023-11-07-D1\bs/set_1958
Nbootstrapsets: 2000
phyloFDAfile: c:/dino_nature/code/phylo.fda.R
auxFile: c:/dino_nature/code/auxiliary.r
boneType: femur
regressionData.file: C:/dino_nature/output/2023-11-07-D1\bs/set_1958/femur_set_1958.csv
applyDataFilter: FALSE
addTreeTips: TRUE
Ntrees: 100
calculateTrees: TRUE
saveTrees: FALSE


OPERATIONAL CHECKS:
* Regression data contains multiple copies of some taxa (user added variants of existing test taxa 
   or replacements due to bootstrap are present) which are not in the phylo tree:
     original taxon,   duplicate   
"1","Rynochetus_jubatus","Rynochetus_jubatus.1"
"2","Paguma_larvata","Paguma_larvata.1"
"3","Sus_scrofa","Sus_scrofa.1"
"4","Mus_musculus","Mus_musculus.1"
"5","Rangifer_tarandus","Rangifer_tarandus.1"
"6","Meles_meles","Meles_meles.1"
"7","Dicerorhinus_sumatrensis","Dicerorhinus_sumatrensis.1"
"8","Diplomesodon_pulchellum","Diplomesodon_pulchellum.1"
"9","Apteryx_australis","Apteryx_australis.1"
"10","Rangifer_tarandus","Rangifer_tarandus.2"
"11","Sus_scrofa","Sus_scrofa.2"
"12","Felis_felis","Felis_felis.1"
"13","Hemiechinus_azurites","Hemiechinus_azurites.1"
"14","Syncerus_caffer","Syncerus_caffer.1"
"15","Loxodonta_africana","Loxodonta_africana.1"
"16","Apteryx_australis","Apteryx_australis.2"
"17","Alces_americanus","Alces_americanus.1"
"18","Strigiops_habroptilus","Strigiops_habroptilus.1"
"19","Mus_musculus","Mus_musculus.2"
"20","Elomeryx_borbonicus_","Elomeryx_borbonicus_.1"
"21","Mustela_nivalis","Mustela_nivalis.1"
"22","Tribonyx_mortieri","Tribonyx_mortieri.1"
"23","Megaloceros_sp","Megaloceros_sp.1"
"24","Megaloceros_sp","Megaloceros_sp.2"
"25","Maiacetus","Maiacetus.1"
"26","Leptophoca_proxima","Leptophoca_proxima.1"
"27","Ichtyosaurus_","Ichtyosaurus_.1"
"28","Desmostylus_hesperus","Desmostylus_hesperus.1"
"29","Nothosaurus_mirabilis","Nothosaurus_mirabilis.1"
"30","Placondontia_indet","Placondontia_indet.1"
"31","Ornithorhynchus_anatinus","Ornithorhynchus_anatinus.1"
"32","Palaeospheniscus","Palaeospheniscus.1"
"33","Hippopotamus_amphibius","Hippopotamus_amphibius.1"
"34","Ornithorhynchus_anatinus","Ornithorhynchus_anatinus.2"
"35","Desmostylus_hesperus","Desmostylus_hesperus.2"
"36","Hippopotamus_amphibius","Hippopotamus_amphibius.2"
"37","Nothosaurus_mirabilis_1","Nothosaurus_mirabilis_1.1"
"38","Psephoderma","Psephoderma.1"
"39","Paraplacodus","Paraplacodus.1"
"40","Protochampsidae","Protochampsidae.1"
"41","Nothosaurus_mirabilis_1","Nothosaurus_mirabilis_1.2"
"42","Protochampsidae","Protochampsidae.2"
"43","large_eocene_stem_penguin","large_eocene_stem_penguin.1"
"44","Lutra_vulgaris","Lutra_vulgaris.1"
"45","Spinosaurus_","Spinosaurus_.1"
"46","Spinosaurus_","Spinosaurus_.2"
"47","Spinosaurus_","Spinosaurus_.3"
"48","Spinosaurus_","Spinosaurus_.4"
"49","Spinosaurus_","Spinosaurus_.5"
"50","Spinosaurus_","Spinosaurus_.6"
"51","Spinosaurus_","Spinosaurus_.7"
"52","Spinosaurus_","Spinosaurus_.8"
"53","Spinosaurus_","Spinosaurus_.9"
"54","Spinosaurus_","Spinosaurus_.10"
"55","Spinosaurus_","Spinosaurus_.11"
"56","Suchomimus","Suchomimus.1"
"57","Suchomimus","Suchomimus.2"
"58","Suchomimus","Suchomimus.3"
"59","Baryonyx","Baryonyx.1"
"60","Baryonyx","Baryonyx.2"
"61","Baryonyx","Baryonyx.3"
 
* Phylo tree and the main data and strata files have been modified to include duplicated taxa before the scaled random trees are generated.
* Selected categorical labels column: diving.or.not
* diving.or.equal column is identical to Diving column.
* Regression excludes flying taxa.
* Diving labels that are present in regression: 0,2
* lambda (calculated from a random tree) = : 0.1
* index-name alignment check: OK
