Logfile for a session of program: bootstrap_binary.r
-----------------------------------------------------
INPUT:
workDir: C:/dino_nature/output/2023-11-07-D1\bs/set_285
Nbootstrapsets: 2000
phyloFDAfile: c:/dino_nature/code/phylo.fda.R
auxFile: c:/dino_nature/code/auxiliary.r
boneType: femur
regressionData.file: C:/dino_nature/output/2023-11-07-D1\bs/set_285/femur_set_285.csv
applyDataFilter: FALSE
addTreeTips: TRUE
Ntrees: 100
calculateTrees: TRUE
saveTrees: FALSE


OPERATIONAL CHECKS:
* Regression data contains multiple copies of some taxa (user added variants of existing test taxa 
   or replacements due to bootstrap are present) which are not in the phylo tree:
     original taxon,   duplicate   
"1","Rhinoceros_sondaicus","Rhinoceros_sondaicus.1"
"2","Procyon_lotor","Procyon_lotor.1"
"3","Procavia_capensis","Procavia_capensis.1"
"4","Apteryx_australis","Apteryx_australis.1"
"5","Okapia_johnstoni","Okapia_johnstoni.1"
"6","Taxidea_taxus","Taxidea_taxus.1"
"7","Ceratotherium_simum","Ceratotherium_simum.1"
"8","Syncerus_caffer","Syncerus_caffer.1"
"9","Apteryx_owenii_","Apteryx_owenii_.1"
"10","Rupicapra_rupicapra","Rupicapra_rupicapra.1"
"11","Rattus_rattus","Rattus_rattus.1"
"12","Taxidea_taxus","Taxidea_taxus.2"
"13","Strigiops_habroptilus","Strigiops_habroptilus.1"
"14","Cephalophus_silvicultor","Cephalophus_silvicultor.1"
"15","Lama_guanicoe","Lama_guanicoe.1"
"16","Giraffa_camelopardalis","Giraffa_camelopardalis.1"
"17","Ceratotherium_simum","Ceratotherium_simum.2"
"18","Rangifer_tarandus","Rangifer_tarandus.1"
"19","Uncia_uncia","Uncia_uncia.1"
"20","Uncia_uncia","Uncia_uncia.2"
"21","Capreolus_capreolus","Capreolus_capreolus.1"
"22","Nothosaurus_mirabilis_1","Nothosaurus_mirabilis_1.1"
"23","Hippopotamus_amphibius","Hippopotamus_amphibius.1"
"24","Hippopotamus_amphibius","Hippopotamus_amphibius.2"
"25","Hexaprotodon_garyam","Hexaprotodon_garyam.1"
"26","Anarosaurus","Anarosaurus.1"
"27","Cryptoclidus","Cryptoclidus.1"
"28","Castor_fiber","Castor_fiber.1"
"29","Dyrosaurid","Dyrosaurid.1"
"30","Nothosaurus_mirabilis_1","Nothosaurus_mirabilis_1.2"
"31","Cryptoclidus","Cryptoclidus.2"
"32","Nothosaurus_mirabilis","Nothosaurus_mirabilis.1"
"33","Protochampsidae","Protochampsidae.1"
"34","Phalacrocorax_harrisi","Phalacrocorax_harrisi.1"
"35","Simosaurus_1","Simosaurus_1.1"
"36","Protochampsidae","Protochampsidae.2"
"37","Simosaurus_1","Simosaurus_1.2"
"38","Cryptoclidus","Cryptoclidus.3"
"39","Caiman_yacare","Caiman_yacare.1"
"40","Hexaprotodon_garyam","Hexaprotodon_garyam.2"
"41","Dyrosaurid","Dyrosaurid.2"
"42","Micropotamogale_euwenzorii","Micropotamogale_euwenzorii.1"
"43","Metryorhynchus","Metryorhynchus.1"
"44","Nothosaurus_mirabilis_1","Nothosaurus_mirabilis_1.3"
"45","Protochampsidae","Protochampsidae.3"
"46","Spinosaurus_","Spinosaurus_.1"
"47","Spinosaurus_","Spinosaurus_.2"
"48","Spinosaurus_","Spinosaurus_.3"
"49","Spinosaurus_","Spinosaurus_.4"
"50","Spinosaurus_","Spinosaurus_.5"
"51","Spinosaurus_","Spinosaurus_.6"
"52","Spinosaurus_","Spinosaurus_.7"
"53","Spinosaurus_","Spinosaurus_.8"
"54","Spinosaurus_","Spinosaurus_.9"
"55","Spinosaurus_","Spinosaurus_.10"
"56","Spinosaurus_","Spinosaurus_.11"
"57","Suchomimus","Suchomimus.1"
"58","Suchomimus","Suchomimus.2"
"59","Suchomimus","Suchomimus.3"
"60","Baryonyx","Baryonyx.1"
"61","Baryonyx","Baryonyx.2"
"62","Baryonyx","Baryonyx.3"
 
* Phylo tree and the main data and strata files have been modified to include duplicated taxa before the scaled random trees are generated.
* Selected categorical labels column: diving.or.not
* diving.or.equal column is identical to Diving column.
* Regression excludes flying taxa.
* Diving labels that are present in regression: 0,2
* lambda (calculated from a random tree) = : 0.14
* index-name alignment check: OK
