Logfile for a session of program: bootstrap_binary.r
-----------------------------------------------------
INPUT:
workDir: C:/dino_nature/output/2023-11-07-D1\bs/set_1875
Nbootstrapsets: 2000
phyloFDAfile: c:/dino_nature/code/phylo.fda.R
auxFile: c:/dino_nature/code/auxiliary.r
boneType: femur
regressionData.file: C:/dino_nature/output/2023-11-07-D1\bs/set_1875/femur_set_1875.csv
applyDataFilter: FALSE
addTreeTips: TRUE
Ntrees: 100
calculateTrees: TRUE
saveTrees: FALSE


OPERATIONAL CHECKS:
* Regression data contains multiple copies of some taxa (user added variants of existing test taxa 
   or replacements due to bootstrap are present) which are not in the phylo tree:
     original taxon,   duplicate   
"1","Diplomesodon_pulchellum","Diplomesodon_pulchellum.1"
"2","Myrmecophaga_tridactyla","Myrmecophaga_tridactyla.1"
"3","Tamandua_tetradactyla","Tamandua_tetradactyla.1"
"4","Tamandua_tetradactyla","Tamandua_tetradactyla.2"
"5","Brachyodus_onoideum","Brachyodus_onoideum.1"
"6","Bison_bonasus","Bison_bonasus.1"
"7","Elephas_maximus","Elephas_maximus.1"
"8","Capreolus_capreolus","Capreolus_capreolus.1"
"9","Sphenodon_punctatus","Sphenodon_punctatus.1"
"10","Apteryx_australis","Apteryx_australis.1"
"11","Brachyodus_onoideum","Brachyodus_onoideum.2"
"12","Diplomesodon_pulchellum","Diplomesodon_pulchellum.2"
"13","Okapia_johnstoni","Okapia_johnstoni.1"
"14","Cephalophus_silvicultor","Cephalophus_silvicultor.1"
"15","Sus_scrofa","Sus_scrofa.1"
"16","Procavia_capensis","Procavia_capensis.1"
"17","Elephas_maximus","Elephas_maximus.2"
"18","Sphenodon_punctatus","Sphenodon_punctatus.2"
"19","Mus_musculus","Mus_musculus.1"
"20","Diplomesodon_pulchellum","Diplomesodon_pulchellum.3"
"21","Capreolus_capreolus","Capreolus_capreolus.2"
"22","Apteryx_australis","Apteryx_australis.2"
"23","Hemiechinus_azurites","Hemiechinus_azurites.1"
"24","Elephas_maximus","Elephas_maximus.3"
"25","Mus_musculus","Mus_musculus.2"
"26","Nothosaurus_568","Nothosaurus_568.1"
"27","Nothosaurus_568","Nothosaurus_568.2"
"28","Ornithorhynchus_anatinus","Ornithorhynchus_anatinus.1"
"29","Nothosaurus_568","Nothosaurus_568.3"
"30","Ornithorhynchus_anatinus","Ornithorhynchus_anatinus.2"
"31","Rodhocetus","Rodhocetus.1"
"32","Pistosaurus","Pistosaurus.1"
"33","Micropotamogale_euwenzorii","Micropotamogale_euwenzorii.1"
"34","Indohyus","Indohyus.1"
"35","Ichtyosaurus_","Ichtyosaurus_.1"
"36","Dyrosaurid","Dyrosaurid.1"
"37","Champsosaurus","Champsosaurus.1"
"38","large_eocene_stem_penguin","large_eocene_stem_penguin.1"
"39","Callophoca_obscura","Callophoca_obscura.1"
"40","Caiman_yacare","Caiman_yacare.1"
"41","Callophoca_obscura","Callophoca_obscura.2"
"42","Neusticosaurus","Neusticosaurus.1"
"43","Rodhocetus","Rodhocetus.2"
"44","Placondontia_indet","Placondontia_indet.1"
"45","Callophoca_obscura","Callophoca_obscura.3"
"46","Spinosaurus_","Spinosaurus_.1"
"47","Spinosaurus_","Spinosaurus_.2"
"48","Spinosaurus_","Spinosaurus_.3"
"49","Spinosaurus_","Spinosaurus_.4"
"50","Spinosaurus_","Spinosaurus_.5"
"51","Spinosaurus_","Spinosaurus_.6"
"52","Spinosaurus_","Spinosaurus_.7"
"53","Spinosaurus_","Spinosaurus_.8"
"54","Spinosaurus_","Spinosaurus_.9"
"55","Spinosaurus_","Spinosaurus_.10"
"56","Spinosaurus_","Spinosaurus_.11"
"57","Suchomimus","Suchomimus.1"
"58","Suchomimus","Suchomimus.2"
"59","Suchomimus","Suchomimus.3"
"60","Baryonyx","Baryonyx.1"
"61","Baryonyx","Baryonyx.2"
"62","Baryonyx","Baryonyx.3"
 
* Phylo tree and the main data and strata files have been modified to include duplicated taxa before the scaled random trees are generated.
* Selected categorical labels column: diving.or.not
* diving.or.equal column is identical to Diving column.
* Regression excludes flying taxa.
* Diving labels that are present in regression: 0,2
* lambda (calculated from a random tree) = : 0.11
* index-name alignment check: OK
