Logfile for a session of program: bootstrap_binary.r
-----------------------------------------------------
INPUT:
workDir: C:/dino_nature/output/2023-11-07-D1\bs/set_562
Nbootstrapsets: 2000
phyloFDAfile: c:/dino_nature/code/phylo.fda.R
auxFile: c:/dino_nature/code/auxiliary.r
boneType: femur
regressionData.file: C:/dino_nature/output/2023-11-07-D1\bs/set_562/femur_set_562.csv
applyDataFilter: FALSE
addTreeTips: TRUE
Ntrees: 100
calculateTrees: TRUE
saveTrees: FALSE


OPERATIONAL CHECKS:
* Regression data contains multiple copies of some taxa (user added variants of existing test taxa 
   or replacements due to bootstrap are present) which are not in the phylo tree:
     original taxon,   duplicate   
"1","Capreolus_capreolus","Capreolus_capreolus.1"
"2","Giraffa_camelopardalis","Giraffa_camelopardalis.1"
"3","Syncerus_caffer","Syncerus_caffer.1"
"4","Giraffa_camelopardalis","Giraffa_camelopardalis.2"
"5","Okapia_johnstoni","Okapia_johnstoni.1"
"6","Tamandua_tetradactyla","Tamandua_tetradactyla.1"
"7","Euroscaptor_micrura","Euroscaptor_micrura.1"
"8","Lacerta_viridis","Lacerta_viridis.1"
"9","Rynochetus_jubatus","Rynochetus_jubatus.1"
"10","Myrmecophaga_tridactyla","Myrmecophaga_tridactyla.1"
"11","Procavia_capensis","Procavia_capensis.1"
"12","Lacerta_viridis","Lacerta_viridis.2"
"13","Rynochetus_jubatus","Rynochetus_jubatus.2"
"14","Ceratotherium_simum","Ceratotherium_simum.1"
"15","Ceratotherium_simum","Ceratotherium_simum.2"
"16","Capreolus_capreolus","Capreolus_capreolus.2"
"17","Felis_felis","Felis_felis.1"
"18","Ceratotherium_simum","Ceratotherium_simum.3"
"19","Myrmecophaga_tridactyla","Myrmecophaga_tridactyla.2"
"20","Uncia_uncia","Uncia_uncia.1"
"21","Atlantisia_rogersi","Atlantisia_rogersi.1"
"22","Dicerorhinus_sumatrensis","Dicerorhinus_sumatrensis.1"
"23","Tamandua_tetradactyla","Tamandua_tetradactyla.2"
"24","Cricosaurus","Cricosaurus.1"
"25","Metryorhynchus","Metryorhynchus.1"
"26","Hesperornis","Hesperornis.1"
"27","Callophoca_obscura","Callophoca_obscura.1"
"28","Choeropsis_liberiensis","Choeropsis_liberiensis.1"
"29","Hesperornis","Hesperornis.2"
"30","Remingtonocetus","Remingtonocetus.1"
"31","Cricosaurus","Cricosaurus.2"
"32","Rhaeticosaurus","Rhaeticosaurus.1"
"33","Nothosaurus_mirabilis","Nothosaurus_mirabilis.1"
"34","Pistosaurus","Pistosaurus.1"
"35","Hesperornis","Hesperornis.3"
"36","Ornithorhynchus_anatinus","Ornithorhynchus_anatinus.1"
"37","Chironectes_minimus","Chironectes_minimus.1"
"38","Nothosaurus_mirabilis","Nothosaurus_mirabilis.2"
"39","Pistosaurus","Pistosaurus.2"
"40","Ornithorhynchus_anatinus","Ornithorhynchus_anatinus.2"
"41","Ichtyosaur_sp","Ichtyosaur_sp.1"
"42","Hippopotamus_amphibius","Hippopotamus_amphibius.1"
"43","Hippopotamus_amphibius","Hippopotamus_amphibius.2"
"44","Phocanella_pumila","Phocanella_pumila.1"
"45","Noemys_fodies","Noemys_fodies.1"
"46","Hydromys_chrysogaster","Hydromys_chrysogaster.1"
"47","Plesiosaurus","Plesiosaurus.1"
"48","Spinosaurus_","Spinosaurus_.1"
"49","Spinosaurus_","Spinosaurus_.2"
"50","Spinosaurus_","Spinosaurus_.3"
"51","Spinosaurus_","Spinosaurus_.4"
"52","Spinosaurus_","Spinosaurus_.5"
"53","Spinosaurus_","Spinosaurus_.6"
"54","Spinosaurus_","Spinosaurus_.7"
"55","Spinosaurus_","Spinosaurus_.8"
"56","Spinosaurus_","Spinosaurus_.9"
"57","Spinosaurus_","Spinosaurus_.10"
"58","Spinosaurus_","Spinosaurus_.11"
"59","Suchomimus","Suchomimus.1"
"60","Suchomimus","Suchomimus.2"
"61","Suchomimus","Suchomimus.3"
"62","Baryonyx","Baryonyx.1"
"63","Baryonyx","Baryonyx.2"
"64","Baryonyx","Baryonyx.3"
 
* Phylo tree and the main data and strata files have been modified to include duplicated taxa before the scaled random trees are generated.
* Selected categorical labels column: diving.or.not
* diving.or.equal column is identical to Diving column.
* Regression excludes flying taxa.
* Diving labels that are present in regression: 0,2
* lambda (calculated from a random tree) = : 0.13
* index-name alignment check: OK
