Logfile for a session of program: bootstrap_binary.r
-----------------------------------------------------
INPUT:
workDir: C:/dino_nature/output/2023-11-07-D1\bs/set_1218
Nbootstrapsets: 2000
phyloFDAfile: c:/dino_nature/code/phylo.fda.R
auxFile: c:/dino_nature/code/auxiliary.r
boneType: femur
regressionData.file: C:/dino_nature/output/2023-11-07-D1\bs/set_1218/femur_set_1218.csv
applyDataFilter: FALSE
addTreeTips: TRUE
Ntrees: 100
calculateTrees: TRUE
saveTrees: FALSE


OPERATIONAL CHECKS:
* Regression data contains multiple copies of some taxa (user added variants of existing test taxa 
   or replacements due to bootstrap are present) which are not in the phylo tree:
     original taxon,   duplicate   
"1","Apteryx_owenii_","Apteryx_owenii_.1"
"2","Syncerus_caffer","Syncerus_caffer.1"
"3","Rangifer_tarandus","Rangifer_tarandus.1"
"4","Sus_scrofa","Sus_scrofa.1"
"5","Tenrec_ecaudatus","Tenrec_ecaudatus.1"
"6","Mustela_nivalis","Mustela_nivalis.1"
"7","Elephas_maximus","Elephas_maximus.1"
"8","Raphus","Raphus.1"
"9","Euroscaptor_micrura","Euroscaptor_micrura.1"
"10","Tamandua_tetradactyla","Tamandua_tetradactyla.1"
"11","Xenicus_giliventris","Xenicus_giliventris.1"
"12","Dasyurus_maculatus","Dasyurus_maculatus.1"
"13","Rhynchocyon_petersi","Rhynchocyon_petersi.1"
"14","Strigiops_habroptilus","Strigiops_habroptilus.1"
"15","Tenrec_ecaudatus","Tenrec_ecaudatus.2"
"16","Microgale_thomasi","Microgale_thomasi.1"
"17","Mus_musculus","Mus_musculus.1"
"18","Tamandua_tetradactyla","Tamandua_tetradactyla.2"
"19","Sus_scrofa","Sus_scrofa.2"
"20","Tamandua_tetradactyla","Tamandua_tetradactyla.3"
"21","Paraplacodus","Paraplacodus.1"
"22","Rhaeticosaurus","Rhaeticosaurus.1"
"23","Chapsosaurus_","Chapsosaurus_.1"
"24","Pistosaurus","Pistosaurus.1"
"25","Nothosaurus_150","Nothosaurus_150.1"
"26","Neusticosaurus","Neusticosaurus.1"
"27","Maiacetus","Maiacetus.1"
"28","Rodhocetus","Rodhocetus.1"
"29","Small_Eocene_penguin","Small_Eocene_penguin.1"
"30","Maiacetus","Maiacetus.2"
"31","Metryorhynchus","Metryorhynchus.1"
"32","Palaeospheniscus","Palaeospheniscus.1"
"33","Desmana_moschata","Desmana_moschata.1"
"34","Caiman_yacare","Caiman_yacare.1"
"35","Nothosaurus_568","Nothosaurus_568.1"
"36","Pistosaurus","Pistosaurus.2"
"37","Hexaprotodon_garyam","Hexaprotodon_garyam.1"
"38","Serpianosaurus","Serpianosaurus.1"
"39","Rodhocetus","Rodhocetus.2"
"40","Callophoca_obscura","Callophoca_obscura.1"
"41","Spinosaurus_","Spinosaurus_.1"
"42","Spinosaurus_","Spinosaurus_.2"
"43","Spinosaurus_","Spinosaurus_.3"
"44","Spinosaurus_","Spinosaurus_.4"
"45","Spinosaurus_","Spinosaurus_.5"
"46","Spinosaurus_","Spinosaurus_.6"
"47","Spinosaurus_","Spinosaurus_.7"
"48","Spinosaurus_","Spinosaurus_.8"
"49","Spinosaurus_","Spinosaurus_.9"
"50","Spinosaurus_","Spinosaurus_.10"
"51","Spinosaurus_","Spinosaurus_.11"
"52","Suchomimus","Suchomimus.1"
"53","Suchomimus","Suchomimus.2"
"54","Suchomimus","Suchomimus.3"
"55","Baryonyx","Baryonyx.1"
"56","Baryonyx","Baryonyx.2"
"57","Baryonyx","Baryonyx.3"
 
* Phylo tree and the main data and strata files have been modified to include duplicated taxa before the scaled random trees are generated.
* Selected categorical labels column: diving.or.not
* diving.or.equal column is identical to Diving column.
* Regression excludes flying taxa.
* Diving labels that are present in regression: 0,2
* lambda (calculated from a random tree) = : 0.13
* index-name alignment check: OK
