Logfile for a session of program: bootstrap_binary.r
-----------------------------------------------------
INPUT:
workDir: C:/dino_nature/output/2023-11-07-D1\bs/set_854
Nbootstrapsets: 2000
phyloFDAfile: c:/dino_nature/code/phylo.fda.R
auxFile: c:/dino_nature/code/auxiliary.r
boneType: femur
regressionData.file: C:/dino_nature/output/2023-11-07-D1\bs/set_854/femur_set_854.csv
applyDataFilter: FALSE
addTreeTips: TRUE
Ntrees: 100
calculateTrees: TRUE
saveTrees: FALSE


OPERATIONAL CHECKS:
* Regression data contains multiple copies of some taxa (user added variants of existing test taxa 
   or replacements due to bootstrap are present) which are not in the phylo tree:
     original taxon,   duplicate   
"1","Monodelphis_domestica","Monodelphis_domestica.1"
"2","Tamandua_tetradactyla","Tamandua_tetradactyla.1"
"3","Vulpes_vulpes","Vulpes_vulpes.1"
"4","Giraffa_camelopardalis","Giraffa_camelopardalis.1"
"5","Tamandua_tetradactyla","Tamandua_tetradactyla.2"
"6","Xenicus_giliventris","Xenicus_giliventris.1"
"7","Sphenodon_punctatus","Sphenodon_punctatus.1"
"8","Uncia_uncia","Uncia_uncia.1"
"9","Vulpes_vulpes","Vulpes_vulpes.2"
"10","Atlantisia_rogersi","Atlantisia_rogersi.1"
"11","Uncia_uncia","Uncia_uncia.2"
"12","Syncerus_caffer","Syncerus_caffer.1"
"13","Euroscaptor_micrura","Euroscaptor_micrura.1"
"14","Xenicus_giliventris","Xenicus_giliventris.2"
"15","Microgale_thomasi","Microgale_thomasi.1"
"16","Euroscaptor_micrura","Euroscaptor_micrura.2"
"17","Sphenodon_punctatus","Sphenodon_punctatus.2"
"18","Euroscaptor_micrura","Euroscaptor_micrura.3"
"19","Paguma_larvata","Paguma_larvata.1"
"20","Giraffa_camelopardalis","Giraffa_camelopardalis.2"
"21","Ceratotherium_simum","Ceratotherium_simum.1"
"22","Alces_americanus","Alces_americanus.1"
"23","Cephalophus_silvicultor","Cephalophus_silvicultor.1"
"24","Paraplacodus","Paraplacodus.1"
"25","Paraplacodus","Paraplacodus.2"
"26","Neusticosaurus","Neusticosaurus.1"
"27","Alligator","Alligator.1"
"28","Indohyus","Indohyus.1"
"29","Serpianosaurus","Serpianosaurus.1"
"30","Noemys_fodies","Noemys_fodies.1"
"31","Neusticosaurus","Neusticosaurus.2"
"32","Castor_fiber","Castor_fiber.1"
"33","Protochampsidae","Protochampsidae.1"
"34","Simosaurus_1","Simosaurus_1.1"
"35","Small_Eocene_penguin","Small_Eocene_penguin.1"
"36","Micropotamogale_euwenzorii","Micropotamogale_euwenzorii.1"
"37","Hesperornis","Hesperornis.1"
"38","Choeropsis_liberiensis","Choeropsis_liberiensis.1"
"39","Simosaurus_1","Simosaurus_1.2"
"40","Remingtonocetus","Remingtonocetus.1"
"41","Neusticosaurus","Neusticosaurus.3"
"42","Noemys_fodies","Noemys_fodies.2"
"43","Lutra_vulgaris","Lutra_vulgaris.1"
"44","Spinosaurus_","Spinosaurus_.1"
"45","Spinosaurus_","Spinosaurus_.2"
"46","Spinosaurus_","Spinosaurus_.3"
"47","Spinosaurus_","Spinosaurus_.4"
"48","Spinosaurus_","Spinosaurus_.5"
"49","Spinosaurus_","Spinosaurus_.6"
"50","Spinosaurus_","Spinosaurus_.7"
"51","Spinosaurus_","Spinosaurus_.8"
"52","Spinosaurus_","Spinosaurus_.9"
"53","Spinosaurus_","Spinosaurus_.10"
"54","Spinosaurus_","Spinosaurus_.11"
"55","Suchomimus","Suchomimus.1"
"56","Suchomimus","Suchomimus.2"
"57","Suchomimus","Suchomimus.3"
"58","Baryonyx","Baryonyx.1"
"59","Baryonyx","Baryonyx.2"
"60","Baryonyx","Baryonyx.3"
 
* Phylo tree and the main data and strata files have been modified to include duplicated taxa before the scaled random trees are generated.
* Selected categorical labels column: diving.or.not
* diving.or.equal column is identical to Diving column.
* Regression excludes flying taxa.
* Diving labels that are present in regression: 0,2
* lambda (calculated from a random tree) = : 0.09
* index-name alignment check: OK
