Logfile for a session of program: bootstrap_binary.r
-----------------------------------------------------
INPUT:
workDir: C:/dino_nature/output/2023-11-07-D1\bs/set_302
Nbootstrapsets: 2000
phyloFDAfile: c:/dino_nature/code/phylo.fda.R
auxFile: c:/dino_nature/code/auxiliary.r
boneType: femur
regressionData.file: C:/dino_nature/output/2023-11-07-D1\bs/set_302/femur_set_302.csv
applyDataFilter: FALSE
addTreeTips: TRUE
Ntrees: 100
calculateTrees: TRUE
saveTrees: FALSE


OPERATIONAL CHECKS:
* Regression data contains multiple copies of some taxa (user added variants of existing test taxa 
   or replacements due to bootstrap are present) which are not in the phylo tree:
     original taxon,   duplicate   
"1","Capreolus_capreolus","Capreolus_capreolus.1"
"2","Rynochetus_jubatus","Rynochetus_jubatus.1"
"3","Strigiops_habroptilus","Strigiops_habroptilus.1"
"4","Strigiops_habroptilus","Strigiops_habroptilus.2"
"5","Monodelphis_domestica","Monodelphis_domestica.1"
"6","Okapia_johnstoni","Okapia_johnstoni.1"
"7","Monodelphis_domestica","Monodelphis_domestica.2"
"8","Dama_dama","Dama_dama.1"
"9","Okapia_johnstoni","Okapia_johnstoni.2"
"10","Giraffa_camelopardalis","Giraffa_camelopardalis.1"
"11","Tenrec_ecaudatus","Tenrec_ecaudatus.1"
"12","Paguma_larvata","Paguma_larvata.1"
"13","Rynochetus_jubatus","Rynochetus_jubatus.2"
"14","Elomeryx_borbonicus_","Elomeryx_borbonicus_.1"
"15","Brachyodus_onoideum","Brachyodus_onoideum.1"
"16","Apteryx_owenii_","Apteryx_owenii_.1"
"17","Bison_bonasus","Bison_bonasus.1"
"18","Capreolus_capreolus","Capreolus_capreolus.2"
"19","Dama_dama","Dama_dama.2"
"20","Capreolus_capreolus","Capreolus_capreolus.3"
"21","Porphyrio_hochstetteri","Porphyrio_hochstetteri.1"
"22","Leptophoca_proxima","Leptophoca_proxima.1"
"23","Neusticosaurus","Neusticosaurus.1"
"24","Ornithorhynchus_anatinus","Ornithorhynchus_anatinus.1"
"25","Placondontia_indet","Placondontia_indet.1"
"26","Hydromys_chrysogaster","Hydromys_chrysogaster.1"
"27","Lutra_vulgaris","Lutra_vulgaris.1"
"28","Protochampsidae","Protochampsidae.1"
"29","Leptophoca_proxima","Leptophoca_proxima.2"
"30","Hexaprotodon_garyam","Hexaprotodon_garyam.1"
"31","Desmana_moschata","Desmana_moschata.1"
"32","Leptophoca_proxima","Leptophoca_proxima.3"
"33","Chapsosaurus_","Chapsosaurus_.1"
"34","Desmana_moschata","Desmana_moschata.2"
"35","Placondontia_indet","Placondontia_indet.2"
"36","Noemys_fodies","Noemys_fodies.1"
"37","Nothosaurus_150","Nothosaurus_150.1"
"38","Small_Eocene_penguin","Small_Eocene_penguin.1"
"39","Metryorhynchus","Metryorhynchus.1"
"40","Micropotamogale_euwenzorii","Micropotamogale_euwenzorii.1"
"41","Chapsosaurus_","Chapsosaurus_.2"
"42","Simosaurus_1","Simosaurus_1.1"
"43","Spinosaurus_","Spinosaurus_.1"
"44","Spinosaurus_","Spinosaurus_.2"
"45","Spinosaurus_","Spinosaurus_.3"
"46","Spinosaurus_","Spinosaurus_.4"
"47","Spinosaurus_","Spinosaurus_.5"
"48","Spinosaurus_","Spinosaurus_.6"
"49","Spinosaurus_","Spinosaurus_.7"
"50","Spinosaurus_","Spinosaurus_.8"
"51","Spinosaurus_","Spinosaurus_.9"
"52","Spinosaurus_","Spinosaurus_.10"
"53","Spinosaurus_","Spinosaurus_.11"
"54","Suchomimus","Suchomimus.1"
"55","Suchomimus","Suchomimus.2"
"56","Suchomimus","Suchomimus.3"
"57","Baryonyx","Baryonyx.1"
"58","Baryonyx","Baryonyx.2"
"59","Baryonyx","Baryonyx.3"
 
* Phylo tree and the main data and strata files have been modified to include duplicated taxa before the scaled random trees are generated.
* Selected categorical labels column: diving.or.not
* diving.or.equal column is identical to Diving column.
* Regression excludes flying taxa.
* Diving labels that are present in regression: 0,2
* lambda (calculated from a random tree) = : 0.07
* index-name alignment check: OK
