Logfile for a session of program: bootstrap_binary.r
-----------------------------------------------------
INPUT:
workDir: C:/dino_nature/output/2023-11-07-D1\bs/set_1971
Nbootstrapsets: 2000
phyloFDAfile: c:/dino_nature/code/phylo.fda.R
auxFile: c:/dino_nature/code/auxiliary.r
boneType: femur
regressionData.file: C:/dino_nature/output/2023-11-07-D1\bs/set_1971/femur_set_1971.csv
applyDataFilter: FALSE
addTreeTips: TRUE
Ntrees: 100
calculateTrees: TRUE
saveTrees: FALSE


OPERATIONAL CHECKS:
* Regression data contains multiple copies of some taxa (user added variants of existing test taxa 
   or replacements due to bootstrap are present) which are not in the phylo tree:
     original taxon,   duplicate   
"1","Euroscaptor_micrura","Euroscaptor_micrura.1"
"2","Euroscaptor_micrura","Euroscaptor_micrura.2"
"3","Rynochetus_jubatus","Rynochetus_jubatus.1"
"4","Hemiechinus_azurites","Hemiechinus_azurites.1"
"5","Alces_americanus","Alces_americanus.1"
"6","Pogona_viceps","Pogona_viceps.1"
"7","Rynochetus_jubatus","Rynochetus_jubatus.2"
"8","Loxodonta_africana","Loxodonta_africana.1"
"9","Microgale_thomasi","Microgale_thomasi.1"
"10","Ceratotherium_simum","Ceratotherium_simum.1"
"11","Lacerta_viridis","Lacerta_viridis.1"
"12","Procyon_lotor","Procyon_lotor.1"
"13","Microgale_thomasi","Microgale_thomasi.2"
"14","Myrmecophaga_tridactyla","Myrmecophaga_tridactyla.1"
"15","Bos_taurus","Bos_taurus.1"
"16","Alces_americanus","Alces_americanus.2"
"17","Dromaius_","Dromaius_.1"
"18","Capreolus_capreolus","Capreolus_capreolus.1"
"19","Monodelphis_domestica","Monodelphis_domestica.1"
"20","Ichtyosaur_sp","Ichtyosaur_sp.1"
"21","Nanophoca_vitulinoides","Nanophoca_vitulinoides.1"
"22","Remingtonocetus","Remingtonocetus.1"
"23","Pistosaurus","Pistosaurus.1"
"24","Nothosaurus_mirabilis","Nothosaurus_mirabilis.1"
"25","Dyrosaurid","Dyrosaurid.1"
"26","Caiman_yacare","Caiman_yacare.1"
"27","large_eocene_stem_penguin","large_eocene_stem_penguin.1"
"28","Ornithorhynchus_anatinus","Ornithorhynchus_anatinus.1"
"29","Desmana_moschata","Desmana_moschata.1"
"30","Pistosaurus","Pistosaurus.2"
"31","Nothosaurus_568","Nothosaurus_568.1"
"32","Pistosaurus","Pistosaurus.3"
"33","Dyrosaurid","Dyrosaurid.2"
"34","Psephoderma","Psephoderma.1"
"35","Simosaurus","Simosaurus.1"
"36","Nothosaurus_150","Nothosaurus_150.1"
"37","Chapsosaurus_","Chapsosaurus_.1"
"38","Nothosaurus_102","Nothosaurus_102.1"
"39","Ornithorhynchus_anatinus","Ornithorhynchus_anatinus.2"
"40","Simosaurus","Simosaurus.2"
"41","Neusticosaurus","Neusticosaurus.1"
"42","Remingtonocetus","Remingtonocetus.2"
"43","Simosaurus","Simosaurus.3"
"44","Spinosaurus_","Spinosaurus_.1"
"45","Spinosaurus_","Spinosaurus_.2"
"46","Spinosaurus_","Spinosaurus_.3"
"47","Spinosaurus_","Spinosaurus_.4"
"48","Spinosaurus_","Spinosaurus_.5"
"49","Spinosaurus_","Spinosaurus_.6"
"50","Spinosaurus_","Spinosaurus_.7"
"51","Spinosaurus_","Spinosaurus_.8"
"52","Spinosaurus_","Spinosaurus_.9"
"53","Spinosaurus_","Spinosaurus_.10"
"54","Spinosaurus_","Spinosaurus_.11"
"55","Suchomimus","Suchomimus.1"
"56","Suchomimus","Suchomimus.2"
"57","Suchomimus","Suchomimus.3"
"58","Baryonyx","Baryonyx.1"
"59","Baryonyx","Baryonyx.2"
"60","Baryonyx","Baryonyx.3"
 
* Phylo tree and the main data and strata files have been modified to include duplicated taxa before the scaled random trees are generated.
* Selected categorical labels column: diving.or.not
* diving.or.equal column is identical to Diving column.
* Regression excludes flying taxa.
* Diving labels that are present in regression: 0,2
* lambda (calculated from a random tree) = : 0.14
* index-name alignment check: OK
