Logfile for a session of program: bootstrap_binary.r
-----------------------------------------------------
INPUT:
workDir: C:/dino_nature/output/2023-11-07-D1\bs/set_1409
Nbootstrapsets: 2000
phyloFDAfile: c:/dino_nature/code/phylo.fda.R
auxFile: c:/dino_nature/code/auxiliary.r
boneType: femur
regressionData.file: C:/dino_nature/output/2023-11-07-D1\bs/set_1409/femur_set_1409.csv
applyDataFilter: FALSE
addTreeTips: TRUE
Ntrees: 100
calculateTrees: TRUE
saveTrees: FALSE


OPERATIONAL CHECKS:
* Regression data contains multiple copies of some taxa (user added variants of existing test taxa 
   or replacements due to bootstrap are present) which are not in the phylo tree:
     original taxon,   duplicate   
"1","Bos_taurus","Bos_taurus.1"
"2","Porphyrio_hochstetteri","Porphyrio_hochstetteri.1"
"3","Giraffa_camelopardalis","Giraffa_camelopardalis.1"
"4","Myrmecophaga_tridactyla","Myrmecophaga_tridactyla.1"
"5","Giraffa_camelopardalis","Giraffa_camelopardalis.2"
"6","Rattus_rattus","Rattus_rattus.1"
"7","Apteryx_owenii_","Apteryx_owenii_.1"
"8","Giraffa_camelopardalis","Giraffa_camelopardalis.3"
"9","Rupicapra_rupicapra","Rupicapra_rupicapra.1"
"10","Bos_taurus","Bos_taurus.2"
"11","Lama_guanicoe","Lama_guanicoe.1"
"12","Lacerta_viridis","Lacerta_viridis.1"
"13","Caloenas_nicobarica","Caloenas_nicobarica.1"
"14","Cephalophus_silvicultor","Cephalophus_silvicultor.1"
"15","Bison_bonasus","Bison_bonasus.1"
"16","Rangifer_tarandus","Rangifer_tarandus.1"
"17","Rupicapra_rupicapra","Rupicapra_rupicapra.2"
"18","Dromaius_","Dromaius_.1"
"19","Rattus_rattus","Rattus_rattus.2"
"20","Alces_americanus","Alces_americanus.1"
"21","Meles_meles","Meles_meles.1"
"22","Lutra_vulgaris","Lutra_vulgaris.1"
"23","Nothosaurus_giganteus","Nothosaurus_giganteus.1"
"24","Micropotamogale_euwenzorii","Micropotamogale_euwenzorii.1"
"25","Lutra_vulgaris","Lutra_vulgaris.2"
"26","Phalacrocorax_harrisi","Phalacrocorax_harrisi.1"
"27","Dyrosaurid","Dyrosaurid.1"
"28","Indohyus","Indohyus.1"
"29","Basilosaurus","Basilosaurus.1"
"30","Simosaurus","Simosaurus.1"
"31","Desmana_moschata","Desmana_moschata.1"
"32","Basilosaurus","Basilosaurus.2"
"33","Aptenodytes______","Aptenodytes______.1"
"34","Remingtonocetus","Remingtonocetus.1"
"35","Hippopotamus_amphibius","Hippopotamus_amphibius.1"
"36","Cryptoclidus","Cryptoclidus.1"
"37","Alligator","Alligator.1"
"38","Phalacrocorax_harrisi","Phalacrocorax_harrisi.2"
"39","Micropotamogale_euwenzorii","Micropotamogale_euwenzorii.2"
"40","Spinosaurus_","Spinosaurus_.1"
"41","Spinosaurus_","Spinosaurus_.2"
"42","Spinosaurus_","Spinosaurus_.3"
"43","Spinosaurus_","Spinosaurus_.4"
"44","Spinosaurus_","Spinosaurus_.5"
"45","Spinosaurus_","Spinosaurus_.6"
"46","Spinosaurus_","Spinosaurus_.7"
"47","Spinosaurus_","Spinosaurus_.8"
"48","Spinosaurus_","Spinosaurus_.9"
"49","Spinosaurus_","Spinosaurus_.10"
"50","Spinosaurus_","Spinosaurus_.11"
"51","Suchomimus","Suchomimus.1"
"52","Suchomimus","Suchomimus.2"
"53","Suchomimus","Suchomimus.3"
"54","Baryonyx","Baryonyx.1"
"55","Baryonyx","Baryonyx.2"
"56","Baryonyx","Baryonyx.3"
 
* Phylo tree and the main data and strata files have been modified to include duplicated taxa before the scaled random trees are generated.
* Selected categorical labels column: diving.or.not
* diving.or.equal column is identical to Diving column.
* Regression excludes flying taxa.
* Diving labels that are present in regression: 0,2
* lambda (calculated from a random tree) = : 0.07
* index-name alignment check: OK
