Logfile for a session of program: bootstrap_binary.r
-----------------------------------------------------
INPUT:
workDir: C:/dino_nature/output/2023-11-07-D1\bs/set_1166
Nbootstrapsets: 2000
phyloFDAfile: c:/dino_nature/code/phylo.fda.R
auxFile: c:/dino_nature/code/auxiliary.r
boneType: femur
regressionData.file: C:/dino_nature/output/2023-11-07-D1\bs/set_1166/femur_set_1166.csv
applyDataFilter: FALSE
addTreeTips: TRUE
Ntrees: 100
calculateTrees: TRUE
saveTrees: FALSE


OPERATIONAL CHECKS:
* Regression data contains multiple copies of some taxa (user added variants of existing test taxa 
   or replacements due to bootstrap are present) which are not in the phylo tree:
     original taxon,   duplicate   
"1","Alces_americanus","Alces_americanus.1"
"2","Dromaius_","Dromaius_.1"
"3","Rhinoceros_sondaicus","Rhinoceros_sondaicus.1"
"4","Mammuthus_sp","Mammuthus_sp.1"
"5","Dama_dama","Dama_dama.1"
"6","Myrmecophaga_tridactyla","Myrmecophaga_tridactyla.1"
"7","Giraffa_camelopardalis","Giraffa_camelopardalis.1"
"8","Syncerus_caffer","Syncerus_caffer.1"
"9","Okapia_johnstoni","Okapia_johnstoni.1"
"10","Sphenodon_punctatus","Sphenodon_punctatus.1"
"11","Giraffa_camelopardalis","Giraffa_camelopardalis.2"
"12","Nyctereutes_procyonoides","Nyctereutes_procyonoides.1"
"13","Giraffa_camelopardalis","Giraffa_camelopardalis.3"
"14","Ceratotherium_simum","Ceratotherium_simum.1"
"15","Taxidea_taxus","Taxidea_taxus.1"
"16","Apteryx_owenii_","Apteryx_owenii_.1"
"17","Dama_dama","Dama_dama.2"
"18","Tenrec_ecaudatus","Tenrec_ecaudatus.1"
"19","Rynochetus_jubatus","Rynochetus_jubatus.1"
"20","Tenrec_ecaudatus","Tenrec_ecaudatus.2"
"21","Loxodonta_africana","Loxodonta_africana.1"
"22","Dromaius_","Dromaius_.2"
"23","Rhinoceros_sondaicus","Rhinoceros_sondaicus.2"
"24","Okapia_johnstoni","Okapia_johnstoni.2"
"25","Phalacrocorax_harrisi","Phalacrocorax_harrisi.1"
"26","Cricosaurus","Cricosaurus.1"
"27","Cricosaurus","Cricosaurus.2"
"28","Callophoca_obscura","Callophoca_obscura.1"
"29","Neusticosaurus","Neusticosaurus.1"
"30","Protochampsidae","Protochampsidae.1"
"31","Cricosaurus","Cricosaurus.3"
"32","Protochampsidae","Protochampsidae.2"
"33","Leptophoca_proxima","Leptophoca_proxima.1"
"34","Ichtyosaur_sp","Ichtyosaur_sp.1"
"35","Alligator","Alligator.1"
"36","Chapsosaurus_","Chapsosaurus_.1"
"37","Indohyus","Indohyus.1"
"38","Chironectes_minimus","Chironectes_minimus.1"
"39","Nothosaurus_102","Nothosaurus_102.1"
"40","Ichtyosaurus_","Ichtyosaurus_.1"
"41","Cryptoclidus","Cryptoclidus.1"
"42","Nothosaurus_102","Nothosaurus_102.2"
"43","Chironectes_minimus","Chironectes_minimus.2"
"44","Protochampsidae","Protochampsidae.3"
"45","Palaeospheniscus","Palaeospheniscus.1"
"46","Spinosaurus_","Spinosaurus_.1"
"47","Spinosaurus_","Spinosaurus_.2"
"48","Spinosaurus_","Spinosaurus_.3"
"49","Spinosaurus_","Spinosaurus_.4"
"50","Spinosaurus_","Spinosaurus_.5"
"51","Spinosaurus_","Spinosaurus_.6"
"52","Spinosaurus_","Spinosaurus_.7"
"53","Spinosaurus_","Spinosaurus_.8"
"54","Spinosaurus_","Spinosaurus_.9"
"55","Spinosaurus_","Spinosaurus_.10"
"56","Spinosaurus_","Spinosaurus_.11"
"57","Suchomimus","Suchomimus.1"
"58","Suchomimus","Suchomimus.2"
"59","Suchomimus","Suchomimus.3"
"60","Baryonyx","Baryonyx.1"
"61","Baryonyx","Baryonyx.2"
"62","Baryonyx","Baryonyx.3"
 
* Phylo tree and the main data and strata files have been modified to include duplicated taxa before the scaled random trees are generated.
* Selected categorical labels column: diving.or.not
* diving.or.equal column is identical to Diving column.
* Regression excludes flying taxa.
* Diving labels that are present in regression: 0,2
* lambda (calculated from a random tree) = : 0.14
* index-name alignment check: OK
