Logfile for a session of program: bootstrap_binary.r
-----------------------------------------------------
INPUT:
workDir: C:/dino_nature/output/2023-11-07-D1\bs/set_1645
Nbootstrapsets: 2000
phyloFDAfile: c:/dino_nature/code/phylo.fda.R
auxFile: c:/dino_nature/code/auxiliary.r
boneType: femur
regressionData.file: C:/dino_nature/output/2023-11-07-D1\bs/set_1645/femur_set_1645.csv
applyDataFilter: FALSE
addTreeTips: TRUE
Ntrees: 100
calculateTrees: TRUE
saveTrees: FALSE


OPERATIONAL CHECKS:
* Regression data contains multiple copies of some taxa (user added variants of existing test taxa 
   or replacements due to bootstrap are present) which are not in the phylo tree:
     original taxon,   duplicate   
"1","Giraffa_camelopardalis","Giraffa_camelopardalis.1"
"2","Tribonyx_mortieri","Tribonyx_mortieri.1"
"3","Meles_meles","Meles_meles.1"
"4","Raphus","Raphus.1"
"5","Rynochetus_jubatus","Rynochetus_jubatus.1"
"6","Tamandua_tetradactyla","Tamandua_tetradactyla.1"
"7","Sphenodon_punctatus","Sphenodon_punctatus.1"
"8","Myrmecophaga_tridactyla","Myrmecophaga_tridactyla.1"
"9","Bos_taurus","Bos_taurus.1"
"10","Rangifer_tarandus","Rangifer_tarandus.1"
"11","Dicerorhinus_sumatrensis","Dicerorhinus_sumatrensis.1"
"12","Lama_guanicoe","Lama_guanicoe.1"
"13","Tamandua_tetradactyla","Tamandua_tetradactyla.2"
"14","Procyon_lotor","Procyon_lotor.1"
"15","Raphus","Raphus.2"
"16","Dama_dama","Dama_dama.1"
"17","Uncia_uncia","Uncia_uncia.1"
"18","Brachyodus_onoideum","Brachyodus_onoideum.1"
"19","Mammuthus_sp","Mammuthus_sp.1"
"20","Elomeryx_borbonicus_","Elomeryx_borbonicus_.1"
"21","Pistosaurus","Pistosaurus.1"
"22","Nothosaurus_102","Nothosaurus_102.1"
"23","Ornithorhynchus_anatinus","Ornithorhynchus_anatinus.1"
"24","Simosaurus_1","Simosaurus_1.1"
"25","Simosaurus_1","Simosaurus_1.2"
"26","Ornithorhynchus_anatinus","Ornithorhynchus_anatinus.2"
"27","Leptophoca_proxima","Leptophoca_proxima.1"
"28","Pistosaurus","Pistosaurus.2"
"29","Pistosaurus","Pistosaurus.3"
"30","Pistosaurus","Pistosaurus.4"
"31","Desmana_moschata","Desmana_moschata.1"
"32","Placondontia_indet","Placondontia_indet.1"
"33","Chapsosaurus_","Chapsosaurus_.1"
"34","Micropotamogale_euwenzorii","Micropotamogale_euwenzorii.1"
"35","Phalacrocorax_harrisi","Phalacrocorax_harrisi.1"
"36","Desmana_moschata","Desmana_moschata.2"
"37","Plesiosaurus","Plesiosaurus.1"
"38","Castor_fiber","Castor_fiber.1"
"39","Neusticosaurus","Neusticosaurus.1"
"40","Leptophoca_proxima","Leptophoca_proxima.2"
"41","Champsosaurus","Champsosaurus.1"
"42","Micropotamogale_euwenzorii","Micropotamogale_euwenzorii.2"
"43","Spinosaurus_","Spinosaurus_.1"
"44","Spinosaurus_","Spinosaurus_.2"
"45","Spinosaurus_","Spinosaurus_.3"
"46","Spinosaurus_","Spinosaurus_.4"
"47","Spinosaurus_","Spinosaurus_.5"
"48","Spinosaurus_","Spinosaurus_.6"
"49","Spinosaurus_","Spinosaurus_.7"
"50","Spinosaurus_","Spinosaurus_.8"
"51","Spinosaurus_","Spinosaurus_.9"
"52","Spinosaurus_","Spinosaurus_.10"
"53","Spinosaurus_","Spinosaurus_.11"
"54","Suchomimus","Suchomimus.1"
"55","Suchomimus","Suchomimus.2"
"56","Suchomimus","Suchomimus.3"
"57","Baryonyx","Baryonyx.1"
"58","Baryonyx","Baryonyx.2"
"59","Baryonyx","Baryonyx.3"
 
* Phylo tree and the main data and strata files have been modified to include duplicated taxa before the scaled random trees are generated.
* Selected categorical labels column: diving.or.not
* diving.or.equal column is identical to Diving column.
* Regression excludes flying taxa.
* Diving labels that are present in regression: 0,2
* lambda (calculated from a random tree) = : 0.08
* index-name alignment check: OK
