Logfile for a session of program: bootstrap_binary.r
-----------------------------------------------------
INPUT:
workDir: C:/dino_nature/output/2023-11-07-D1\bs/set_70
Nbootstrapsets: 2000
phyloFDAfile: c:/dino_nature/code/phylo.fda.R
auxFile: c:/dino_nature/code/auxiliary.r
boneType: femur
regressionData.file: C:/dino_nature/output/2023-11-07-D1\bs/set_70/femur_set_70.csv
applyDataFilter: FALSE
addTreeTips: TRUE
Ntrees: 100
calculateTrees: TRUE
saveTrees: FALSE


OPERATIONAL CHECKS:
* Regression data contains multiple copies of some taxa (user added variants of existing test taxa 
   or replacements due to bootstrap are present) which are not in the phylo tree:
     original taxon,   duplicate   
"1","Tenrec_ecaudatus","Tenrec_ecaudatus.1"
"2","Sphenodon_punctatus","Sphenodon_punctatus.1"
"3","Monodelphis_domestica","Monodelphis_domestica.1"
"4","Tenrec_ecaudatus","Tenrec_ecaudatus.2"
"5","Tenrec_ecaudatus","Tenrec_ecaudatus.3"
"6","Lacerta_viridis","Lacerta_viridis.1"
"7","Ceratotherium_simum","Ceratotherium_simum.1"
"8","Mus_musculus","Mus_musculus.1"
"9","Lacerta_viridis","Lacerta_viridis.2"
"10","Rupicapra_rupicapra","Rupicapra_rupicapra.1"
"11","Mus_musculus","Mus_musculus.2"
"12","Mustela_nivalis","Mustela_nivalis.1"
"13","Giraffa_camelopardalis","Giraffa_camelopardalis.1"
"14","Capreolus_capreolus","Capreolus_capreolus.1"
"15","Sphenodon_punctatus","Sphenodon_punctatus.2"
"16","Paguma_larvata","Paguma_larvata.1"
"17","Tenrec_ecaudatus","Tenrec_ecaudatus.4"
"18","Xenicus_giliventris","Xenicus_giliventris.1"
"19","Xenicus_giliventris","Xenicus_giliventris.2"
"20","Megaloceros_sp","Megaloceros_sp.1"
"21","Paguma_larvata","Paguma_larvata.2"
"22","Sus_scrofa","Sus_scrofa.1"
"23","Xenicus_giliventris","Xenicus_giliventris.3"
"24","Sus_scrofa","Sus_scrofa.2"
"25","Microgale_thomasi","Microgale_thomasi.1"
"26","Plesiosaurus","Plesiosaurus.1"
"27","Neusticosaurus","Neusticosaurus.1"
"28","Desmana_moschata","Desmana_moschata.1"
"29","Nothosaurus_568","Nothosaurus_568.1"
"30","Basilosaurus","Basilosaurus.1"
"31","Protochampsidae","Protochampsidae.1"
"32","Desmostylus_hesperus","Desmostylus_hesperus.1"
"33","Hydromys_chrysogaster","Hydromys_chrysogaster.1"
"34","Metryorhynchus","Metryorhynchus.1"
"35","Hydromys_chrysogaster","Hydromys_chrysogaster.2"
"36","Noemys_fodies","Noemys_fodies.1"
"37","Remingtonocetus","Remingtonocetus.1"
"38","Desmana_moschata","Desmana_moschata.2"
"39","Chironectes_minimus","Chironectes_minimus.1"
"40","Choeropsis_liberiensis","Choeropsis_liberiensis.1"
"41","Cricosaurus","Cricosaurus.1"
"42","Noemys_fodies","Noemys_fodies.2"
"43","Choeropsis_liberiensis","Choeropsis_liberiensis.2"
"44","Desmana_moschata","Desmana_moschata.3"
"45","Otaria_byronia","Otaria_byronia.1"
"46","Maiacetus","Maiacetus.1"
"47","Alligator","Alligator.1"
"48","Rhaeticosaurus","Rhaeticosaurus.1"
"49","Spinosaurus_","Spinosaurus_.1"
"50","Spinosaurus_","Spinosaurus_.2"
"51","Spinosaurus_","Spinosaurus_.3"
"52","Spinosaurus_","Spinosaurus_.4"
"53","Spinosaurus_","Spinosaurus_.5"
"54","Spinosaurus_","Spinosaurus_.6"
"55","Spinosaurus_","Spinosaurus_.7"
"56","Spinosaurus_","Spinosaurus_.8"
"57","Spinosaurus_","Spinosaurus_.9"
"58","Spinosaurus_","Spinosaurus_.10"
"59","Spinosaurus_","Spinosaurus_.11"
"60","Suchomimus","Suchomimus.1"
"61","Suchomimus","Suchomimus.2"
"62","Suchomimus","Suchomimus.3"
"63","Baryonyx","Baryonyx.1"
"64","Baryonyx","Baryonyx.2"
"65","Baryonyx","Baryonyx.3"
 
* Phylo tree and the main data and strata files have been modified to include duplicated taxa before the scaled random trees are generated.
* Selected categorical labels column: diving.or.not
* diving.or.equal column is identical to Diving column.
* Regression excludes flying taxa.
* Diving labels that are present in regression: 0,2
* lambda (calculated from a random tree) = : 0.09
* index-name alignment check: OK
