Logfile for a session of program: bootstrap_binary.r
-----------------------------------------------------
INPUT:
workDir: C:/dino_nature/output/2023-11-07-D1\bs/set_683
Nbootstrapsets: 2000
phyloFDAfile: c:/dino_nature/code/phylo.fda.R
auxFile: c:/dino_nature/code/auxiliary.r
boneType: femur
regressionData.file: C:/dino_nature/output/2023-11-07-D1\bs/set_683/femur_set_683.csv
applyDataFilter: FALSE
addTreeTips: TRUE
Ntrees: 100
calculateTrees: TRUE
saveTrees: FALSE


OPERATIONAL CHECKS:
* Regression data contains multiple copies of some taxa (user added variants of existing test taxa 
   or replacements due to bootstrap are present) which are not in the phylo tree:
     original taxon,   duplicate   
"1","Monodelphis_domestica","Monodelphis_domestica.1"
"2","Rupicapra_rupicapra","Rupicapra_rupicapra.1"
"3","Ceratotherium_simum","Ceratotherium_simum.1"
"4","Elomeryx_borbonicus_","Elomeryx_borbonicus_.1"
"5","Euroscaptor_micrura","Euroscaptor_micrura.1"
"6","Sphenodon_punctatus","Sphenodon_punctatus.1"
"7","Syncerus_caffer","Syncerus_caffer.1"
"8","Rupicapra_rupicapra","Rupicapra_rupicapra.2"
"9","Pogona_viceps","Pogona_viceps.1"
"10","Hemiechinus_azurites","Hemiechinus_azurites.1"
"11","Meles_meles","Meles_meles.1"
"12","Euroscaptor_micrura","Euroscaptor_micrura.2"
"13","Atlantisia_rogersi","Atlantisia_rogersi.1"
"14","Vulpes_vulpes","Vulpes_vulpes.1"
"15","Syncerus_caffer","Syncerus_caffer.2"
"16","Syncerus_caffer","Syncerus_caffer.3"
"17","Megaloceros_sp","Megaloceros_sp.1"
"18","Dasyurus_maculatus","Dasyurus_maculatus.1"
"19","Apteryx_owenii_","Apteryx_owenii_.1"
"20","Metryorhynchus","Metryorhynchus.1"
"21","Nothosaurus_102","Nothosaurus_102.1"
"22","Nothosaurus_mirabilis","Nothosaurus_mirabilis.1"
"23","Nothosaurus_mirabilis","Nothosaurus_mirabilis.2"
"24","Placodontia_indet_1","Placodontia_indet_1.1"
"25","Hesperornis","Hesperornis.1"
"26","Nothosaurus_150","Nothosaurus_150.1"
"27","Plesiosaurus","Plesiosaurus.1"
"28","Small_Eocene_penguin","Small_Eocene_penguin.1"
"29","Desmostylus_hesperus","Desmostylus_hesperus.1"
"30","Ornithorhynchus_anatinus","Ornithorhynchus_anatinus.1"
"31","Nanophoca_vitulinoides","Nanophoca_vitulinoides.1"
"32","Placodontia_indet_1","Placodontia_indet_1.2"
"33","Rodhocetus","Rodhocetus.1"
"34","Nothosaurus_150","Nothosaurus_150.2"
"35","Nothosaurus_150","Nothosaurus_150.3"
"36","Remingtonocetus","Remingtonocetus.1"
"37","Alligator","Alligator.1"
"38","Nothosaurus_150","Nothosaurus_150.4"
"39","Simosaurus_1","Simosaurus_1.1"
"40","Pistosaurus","Pistosaurus.1"
"41","Alligator","Alligator.2"
"42","Metryorhynchus","Metryorhynchus.2"
"43","Hippopotamus_amphibius","Hippopotamus_amphibius.1"
"44","Ornithorhynchus_anatinus","Ornithorhynchus_anatinus.2"
"45","Spinosaurus_","Spinosaurus_.1"
"46","Spinosaurus_","Spinosaurus_.2"
"47","Spinosaurus_","Spinosaurus_.3"
"48","Spinosaurus_","Spinosaurus_.4"
"49","Spinosaurus_","Spinosaurus_.5"
"50","Spinosaurus_","Spinosaurus_.6"
"51","Spinosaurus_","Spinosaurus_.7"
"52","Spinosaurus_","Spinosaurus_.8"
"53","Spinosaurus_","Spinosaurus_.9"
"54","Spinosaurus_","Spinosaurus_.10"
"55","Spinosaurus_","Spinosaurus_.11"
"56","Suchomimus","Suchomimus.1"
"57","Suchomimus","Suchomimus.2"
"58","Suchomimus","Suchomimus.3"
"59","Baryonyx","Baryonyx.1"
"60","Baryonyx","Baryonyx.2"
"61","Baryonyx","Baryonyx.3"
 
* Phylo tree and the main data and strata files have been modified to include duplicated taxa before the scaled random trees are generated.
* Selected categorical labels column: diving.or.not
* diving.or.equal column is identical to Diving column.
* Regression excludes flying taxa.
* Diving labels that are present in regression: 0,2
* lambda (calculated from a random tree) = : 0.1
* index-name alignment check: OK
