Logfile for a session of program: bootstrap_binary.r
-----------------------------------------------------
INPUT:
workDir: C:/dino_nature/output/2023-11-07-D1\bs/set_1036
Nbootstrapsets: 2000
phyloFDAfile: c:/dino_nature/code/phylo.fda.R
auxFile: c:/dino_nature/code/auxiliary.r
boneType: femur
regressionData.file: C:/dino_nature/output/2023-11-07-D1\bs/set_1036/femur_set_1036.csv
applyDataFilter: FALSE
addTreeTips: TRUE
Ntrees: 100
calculateTrees: TRUE
saveTrees: FALSE


OPERATIONAL CHECKS:
* Regression data contains multiple copies of some taxa (user added variants of existing test taxa 
   or replacements due to bootstrap are present) which are not in the phylo tree:
     original taxon,   duplicate   
"1","Caloenas_nicobarica","Caloenas_nicobarica.1"
"2","Dicerorhinus_sumatrensis","Dicerorhinus_sumatrensis.1"
"3","Strigiops_habroptilus","Strigiops_habroptilus.1"
"4","Mammuthus_sp","Mammuthus_sp.1"
"5","Tenrec_ecaudatus","Tenrec_ecaudatus.1"
"6","Procyon_lotor","Procyon_lotor.1"
"7","Euroscaptor_micrura","Euroscaptor_micrura.1"
"8","Sphenodon_punctatus","Sphenodon_punctatus.1"
"9","Microgale_thomasi","Microgale_thomasi.1"
"10","Okapia_johnstoni","Okapia_johnstoni.1"
"11","Meles_meles","Meles_meles.1"
"12","Sphenodon_punctatus","Sphenodon_punctatus.2"
"13","Meles_meles","Meles_meles.2"
"14","Mustela_nivalis","Mustela_nivalis.1"
"15","Atlantisia_rogersi","Atlantisia_rogersi.1"
"16","Tenrec_ecaudatus","Tenrec_ecaudatus.2"
"17","Euroscaptor_micrura","Euroscaptor_micrura.2"
"18","Sus_scrofa","Sus_scrofa.1"
"19","Sphenodon_punctatus","Sphenodon_punctatus.3"
"20","Okapia_johnstoni","Okapia_johnstoni.2"
"21","Mustela_nivalis","Mustela_nivalis.2"
"22","Paguma_larvata","Paguma_larvata.1"
"23","Dicerorhinus_sumatrensis","Dicerorhinus_sumatrensis.2"
"24","Tribonyx_mortieri","Tribonyx_mortieri.1"
"25","Neusticosaurus","Neusticosaurus.1"
"26","Nothosaurus_mirabilis","Nothosaurus_mirabilis.1"
"27","Chironectes_minimus","Chironectes_minimus.1"
"28","Cryptoclidus","Cryptoclidus.1"
"29","Champsosaurus","Champsosaurus.1"
"30","Paraplacodus","Paraplacodus.1"
"31","Protochampsidae","Protochampsidae.1"
"32","Cricosaurus","Cricosaurus.1"
"33","Protochampsidae","Protochampsidae.2"
"34","Cryptoclidus","Cryptoclidus.2"
"35","Cryptoclidus","Cryptoclidus.3"
"36","Alligator","Alligator.1"
"37","Castor_fiber","Castor_fiber.1"
"38","Pistosaurus","Pistosaurus.1"
"39","Desmana_moschata","Desmana_moschata.1"
"40","Desmana_moschata","Desmana_moschata.2"
"41","Phalacrocorax_harrisi","Phalacrocorax_harrisi.1"
"42","Ichtyosaurus_","Ichtyosaurus_.1"
"43","Aptenodytes______","Aptenodytes______.1"
"44","Choeropsis_liberiensis","Choeropsis_liberiensis.1"
"45","Lutra_vulgaris","Lutra_vulgaris.1"
"46","Paraplacodus","Paraplacodus.2"
"47","Micropotamogale_euwenzorii","Micropotamogale_euwenzorii.1"
"48","Spinosaurus_","Spinosaurus_.1"
"49","Spinosaurus_","Spinosaurus_.2"
"50","Spinosaurus_","Spinosaurus_.3"
"51","Spinosaurus_","Spinosaurus_.4"
"52","Spinosaurus_","Spinosaurus_.5"
"53","Spinosaurus_","Spinosaurus_.6"
"54","Spinosaurus_","Spinosaurus_.7"
"55","Spinosaurus_","Spinosaurus_.8"
"56","Spinosaurus_","Spinosaurus_.9"
"57","Spinosaurus_","Spinosaurus_.10"
"58","Spinosaurus_","Spinosaurus_.11"
"59","Suchomimus","Suchomimus.1"
"60","Suchomimus","Suchomimus.2"
"61","Suchomimus","Suchomimus.3"
"62","Baryonyx","Baryonyx.1"
"63","Baryonyx","Baryonyx.2"
"64","Baryonyx","Baryonyx.3"
 
* Phylo tree and the main data and strata files have been modified to include duplicated taxa before the scaled random trees are generated.
* Selected categorical labels column: diving.or.not
* diving.or.equal column is identical to Diving column.
* Regression excludes flying taxa.
* Diving labels that are present in regression: 0,2
* lambda (calculated from a random tree) = : 0.1
* index-name alignment check: OK
