Logfile for a session of program: bootstrap_binary.r
-----------------------------------------------------
INPUT:
workDir: C:/dino_nature/output/2023-11-07-D1\bs/set_1422
Nbootstrapsets: 2000
phyloFDAfile: c:/dino_nature/code/phylo.fda.R
auxFile: c:/dino_nature/code/auxiliary.r
boneType: femur
regressionData.file: C:/dino_nature/output/2023-11-07-D1\bs/set_1422/femur_set_1422.csv
applyDataFilter: FALSE
addTreeTips: TRUE
Ntrees: 100
calculateTrees: TRUE
saveTrees: FALSE


OPERATIONAL CHECKS:
* Regression data contains multiple copies of some taxa (user added variants of existing test taxa 
   or replacements due to bootstrap are present) which are not in the phylo tree:
     original taxon,   duplicate   
"1","Rangifer_tarandus","Rangifer_tarandus.1"
"2","Bos_taurus","Bos_taurus.1"
"3","Monodelphis_domestica","Monodelphis_domestica.1"
"4","Taxidea_taxus","Taxidea_taxus.1"
"5","Mammuthus_sp","Mammuthus_sp.1"
"6","Monodelphis_domestica","Monodelphis_domestica.2"
"7","Lama_guanicoe","Lama_guanicoe.1"
"8","Myrmecophaga_tridactyla","Myrmecophaga_tridactyla.1"
"9","Hemiechinus_azurites","Hemiechinus_azurites.1"
"10","Rattus_rattus","Rattus_rattus.1"
"11","Bos_taurus","Bos_taurus.2"
"12","Bison_bonasus","Bison_bonasus.1"
"13","Dromaius_","Dromaius_.1"
"14","Dama_dama","Dama_dama.1"
"15","Lama_guanicoe","Lama_guanicoe.2"
"16","Cephalophus_silvicultor","Cephalophus_silvicultor.1"
"17","Tribonyx_mortieri","Tribonyx_mortieri.1"
"18","Mammuthus_sp","Mammuthus_sp.2"
"19","Elomeryx_borbonicus_","Elomeryx_borbonicus_.1"
"20","Lacerta_viridis","Lacerta_viridis.1"
"21","Tribonyx_mortieri","Tribonyx_mortieri.2"
"22","Tapirus_terrestris","Tapirus_terrestris.1"
"23","Rodhocetus","Rodhocetus.1"
"24","Phalacrocorax_harrisi","Phalacrocorax_harrisi.1"
"25","Hexaprotodon_garyam","Hexaprotodon_garyam.1"
"26","Champsosaurus","Champsosaurus.1"
"27","Rhaeticosaurus","Rhaeticosaurus.1"
"28","Leptophoca_proxima","Leptophoca_proxima.1"
"29","Phalacrocorax_harrisi","Phalacrocorax_harrisi.2"
"30","Dyrosaurid","Dyrosaurid.1"
"31","Hexaprotodon_garyam","Hexaprotodon_garyam.2"
"32","Small_Eocene_penguin","Small_Eocene_penguin.1"
"33","Psephoderma","Psephoderma.1"
"34","Placondontia_indet","Placondontia_indet.1"
"35","Noemys_fodies","Noemys_fodies.1"
"36","Hippopotamus_amphibius","Hippopotamus_amphibius.1"
"37","Rodhocetus","Rodhocetus.2"
"38","Maiacetus","Maiacetus.1"
"39","Callophoca_obscura","Callophoca_obscura.1"
"40","Rhaeticosaurus","Rhaeticosaurus.2"
"41","Hesperornis","Hesperornis.1"
"42","Callophoca_obscura","Callophoca_obscura.2"
"43","Neusticosaurus","Neusticosaurus.1"
"44","Phalacrocorax_harrisi","Phalacrocorax_harrisi.3"
"45","Spinosaurus_","Spinosaurus_.1"
"46","Spinosaurus_","Spinosaurus_.2"
"47","Spinosaurus_","Spinosaurus_.3"
"48","Spinosaurus_","Spinosaurus_.4"
"49","Spinosaurus_","Spinosaurus_.5"
"50","Spinosaurus_","Spinosaurus_.6"
"51","Spinosaurus_","Spinosaurus_.7"
"52","Spinosaurus_","Spinosaurus_.8"
"53","Spinosaurus_","Spinosaurus_.9"
"54","Spinosaurus_","Spinosaurus_.10"
"55","Spinosaurus_","Spinosaurus_.11"
"56","Suchomimus","Suchomimus.1"
"57","Suchomimus","Suchomimus.2"
"58","Suchomimus","Suchomimus.3"
"59","Baryonyx","Baryonyx.1"
"60","Baryonyx","Baryonyx.2"
"61","Baryonyx","Baryonyx.3"
 
* Phylo tree and the main data and strata files have been modified to include duplicated taxa before the scaled random trees are generated.
* Selected categorical labels column: diving.or.not
* diving.or.equal column is identical to Diving column.
* Regression excludes flying taxa.
* Diving labels that are present in regression: 0,2
* lambda (calculated from a random tree) = : 0.07
* index-name alignment check: OK
