Logfile for a session of program: bootstrap_binary.r
-----------------------------------------------------
INPUT:
workDir: C:/dino_nature/output/2023-11-07-D1\bs/set_586
Nbootstrapsets: 2000
phyloFDAfile: c:/dino_nature/code/phylo.fda.R
auxFile: c:/dino_nature/code/auxiliary.r
boneType: femur
regressionData.file: C:/dino_nature/output/2023-11-07-D1\bs/set_586/femur_set_586.csv
applyDataFilter: FALSE
addTreeTips: TRUE
Ntrees: 100
calculateTrees: TRUE
saveTrees: FALSE


OPERATIONAL CHECKS:
* Regression data contains multiple copies of some taxa (user added variants of existing test taxa 
   or replacements due to bootstrap are present) which are not in the phylo tree:
     original taxon,   duplicate   
"1","Sus_scrofa","Sus_scrofa.1"
"2","Raphus","Raphus.1"
"3","Felis_felis","Felis_felis.1"
"4","Sus_scrofa","Sus_scrofa.2"
"5","Tamandua_tetradactyla","Tamandua_tetradactyla.1"
"6","Apteryx_australis","Apteryx_australis.1"
"7","Strigiops_habroptilus","Strigiops_habroptilus.1"
"8","Euroscaptor_micrura","Euroscaptor_micrura.1"
"9","Bos_taurus","Bos_taurus.1"
"10","Vulpes_vulpes","Vulpes_vulpes.1"
"11","Procyon_lotor","Procyon_lotor.1"
"12","Tamandua_tetradactyla","Tamandua_tetradactyla.2"
"13","Elephas_maximus","Elephas_maximus.1"
"14","Procyon_lotor","Procyon_lotor.2"
"15","Strigiops_habroptilus","Strigiops_habroptilus.2"
"16","Alces_americanus","Alces_americanus.1"
"17","Euroscaptor_micrura","Euroscaptor_micrura.2"
"18","Strigiops_habroptilus","Strigiops_habroptilus.3"
"19","Bos_taurus","Bos_taurus.2"
"20","Mus_musculus","Mus_musculus.1"
"21","Mammuthus_sp","Mammuthus_sp.1"
"22","Nothosaurus_568","Nothosaurus_568.1"
"23","Simosaurus","Simosaurus.1"
"24","Plesiosaurus","Plesiosaurus.1"
"25","Placondontia_indet","Placondontia_indet.1"
"26","Psephoderma","Psephoderma.1"
"27","Lutra_vulgaris","Lutra_vulgaris.1"
"28","Lutra_vulgaris","Lutra_vulgaris.2"
"29","Lutra_vulgaris","Lutra_vulgaris.3"
"30","Remingtonocetus","Remingtonocetus.1"
"31","large_eocene_stem_penguin","large_eocene_stem_penguin.1"
"32","Placondontia_indet","Placondontia_indet.2"
"33","Hippopotamus_amphibius","Hippopotamus_amphibius.1"
"34","Nothosaurus_mirabilis_1","Nothosaurus_mirabilis_1.1"
"35","Aptenodytes______","Aptenodytes______.1"
"36","Paraplacodus","Paraplacodus.1"
"37","Serpianosaurus","Serpianosaurus.1"
"38","Simosaurus","Simosaurus.2"
"39","Lutra_vulgaris","Lutra_vulgaris.4"
"40","Neusticosaurus","Neusticosaurus.1"
"41","Indohyus","Indohyus.1"
"42","Psephoderma","Psephoderma.2"
"43","Spinosaurus_","Spinosaurus_.1"
"44","Spinosaurus_","Spinosaurus_.2"
"45","Spinosaurus_","Spinosaurus_.3"
"46","Spinosaurus_","Spinosaurus_.4"
"47","Spinosaurus_","Spinosaurus_.5"
"48","Spinosaurus_","Spinosaurus_.6"
"49","Spinosaurus_","Spinosaurus_.7"
"50","Spinosaurus_","Spinosaurus_.8"
"51","Spinosaurus_","Spinosaurus_.9"
"52","Spinosaurus_","Spinosaurus_.10"
"53","Spinosaurus_","Spinosaurus_.11"
"54","Suchomimus","Suchomimus.1"
"55","Suchomimus","Suchomimus.2"
"56","Suchomimus","Suchomimus.3"
"57","Baryonyx","Baryonyx.1"
"58","Baryonyx","Baryonyx.2"
"59","Baryonyx","Baryonyx.3"
 
* Phylo tree and the main data and strata files have been modified to include duplicated taxa before the scaled random trees are generated.
* Selected categorical labels column: diving.or.not
* diving.or.equal column is identical to Diving column.
* Regression excludes flying taxa.
* Diving labels that are present in regression: 0,2
* lambda (calculated from a random tree) = : 0.13
* index-name alignment check: OK
