Logfile for a session of program: bootstrap_binary.r
-----------------------------------------------------
INPUT:
workDir: C:/dino_nature/output/2023-11-07-D1\bs/set_1581
Nbootstrapsets: 2000
phyloFDAfile: c:/dino_nature/code/phylo.fda.R
auxFile: c:/dino_nature/code/auxiliary.r
boneType: femur
regressionData.file: C:/dino_nature/output/2023-11-07-D1\bs/set_1581/femur_set_1581.csv
applyDataFilter: FALSE
addTreeTips: TRUE
Ntrees: 100
calculateTrees: TRUE
saveTrees: FALSE


OPERATIONAL CHECKS:
* Regression data contains multiple copies of some taxa (user added variants of existing test taxa 
   or replacements due to bootstrap are present) which are not in the phylo tree:
     original taxon,   duplicate   
"1","Atlantisia_rogersi","Atlantisia_rogersi.1"
"2","Giraffa_camelopardalis","Giraffa_camelopardalis.1"
"3","Giraffa_camelopardalis","Giraffa_camelopardalis.2"
"4","Lacerta_viridis","Lacerta_viridis.1"
"5","Caloenas_nicobarica","Caloenas_nicobarica.1"
"6","Sus_scrofa","Sus_scrofa.1"
"7","Giraffa_camelopardalis","Giraffa_camelopardalis.3"
"8","Procyon_lotor","Procyon_lotor.1"
"9","Brachyodus_onoideum","Brachyodus_onoideum.1"
"10","Sus_scrofa","Sus_scrofa.2"
"11","Meles_meles","Meles_meles.1"
"12","Sphenodon_punctatus","Sphenodon_punctatus.1"
"13","Sus_scrofa","Sus_scrofa.3"
"14","Loxodonta_africana","Loxodonta_africana.1"
"15","Capreolus_capreolus","Capreolus_capreolus.1"
"16","Felis_felis","Felis_felis.1"
"17","Loxodonta_africana","Loxodonta_africana.2"
"18","Tenrec_ecaudatus","Tenrec_ecaudatus.1"
"19","Raphus","Raphus.1"
"20","Monodelphis_domestica","Monodelphis_domestica.1"
"21","Tenrec_ecaudatus","Tenrec_ecaudatus.2"
"22","Felis_felis","Felis_felis.2"
"23","Meles_meles","Meles_meles.2"
"24","Remingtonocetus","Remingtonocetus.1"
"25","Placodontia_indet_1","Placodontia_indet_1.1"
"26","Leptophoca_proxima","Leptophoca_proxima.1"
"27","Serpianosaurus","Serpianosaurus.1"
"28","Palaeospheniscus","Palaeospheniscus.1"
"29","Alligator","Alligator.1"
"30","Pistosaurus","Pistosaurus.1"
"31","Palaeospheniscus","Palaeospheniscus.2"
"32","Leptophoca_proxima","Leptophoca_proxima.2"
"33","Plesiosaurus","Plesiosaurus.1"
"34","Simosaurus","Simosaurus.1"
"35","Pistosaurus","Pistosaurus.2"
"36","Choeropsis_liberiensis","Choeropsis_liberiensis.1"
"37","Chironectes_minimus","Chironectes_minimus.1"
"38","Caiman_yacare","Caiman_yacare.1"
"39","Desmostylus_hesperus","Desmostylus_hesperus.1"
"40","Dyrosaurid","Dyrosaurid.1"
"41","Maiacetus","Maiacetus.1"
"42","Simosaurus_1","Simosaurus_1.1"
"43","Paraplacodus","Paraplacodus.1"
"44","Spinosaurus_","Spinosaurus_.1"
"45","Spinosaurus_","Spinosaurus_.2"
"46","Spinosaurus_","Spinosaurus_.3"
"47","Spinosaurus_","Spinosaurus_.4"
"48","Spinosaurus_","Spinosaurus_.5"
"49","Spinosaurus_","Spinosaurus_.6"
"50","Spinosaurus_","Spinosaurus_.7"
"51","Spinosaurus_","Spinosaurus_.8"
"52","Spinosaurus_","Spinosaurus_.9"
"53","Spinosaurus_","Spinosaurus_.10"
"54","Spinosaurus_","Spinosaurus_.11"
"55","Suchomimus","Suchomimus.1"
"56","Suchomimus","Suchomimus.2"
"57","Suchomimus","Suchomimus.3"
"58","Baryonyx","Baryonyx.1"
"59","Baryonyx","Baryonyx.2"
"60","Baryonyx","Baryonyx.3"
 
* Phylo tree and the main data and strata files have been modified to include duplicated taxa before the scaled random trees are generated.
* Selected categorical labels column: diving.or.not
* diving.or.equal column is identical to Diving column.
* Regression excludes flying taxa.
* Diving labels that are present in regression: 0,2
* lambda (calculated from a random tree) = : 0.1
* index-name alignment check: OK
