Logfile for a session of program: bootstrap_binary.r
-----------------------------------------------------
INPUT:
workDir: C:/dino_nature/output/2023-11-07-D1\bs/set_1897
Nbootstrapsets: 2000
phyloFDAfile: c:/dino_nature/code/phylo.fda.R
auxFile: c:/dino_nature/code/auxiliary.r
boneType: femur
regressionData.file: C:/dino_nature/output/2023-11-07-D1\bs/set_1897/femur_set_1897.csv
applyDataFilter: FALSE
addTreeTips: TRUE
Ntrees: 100
calculateTrees: TRUE
saveTrees: FALSE


OPERATIONAL CHECKS:
* Regression data contains multiple copies of some taxa (user added variants of existing test taxa 
   or replacements due to bootstrap are present) which are not in the phylo tree:
     original taxon,   duplicate   
"1","Alces_americanus","Alces_americanus.1"
"2","Procyon_lotor","Procyon_lotor.1"
"3","Monodelphis_domestica","Monodelphis_domestica.1"
"4","Xenicus_giliventris","Xenicus_giliventris.1"
"5","Apteryx_australis","Apteryx_australis.1"
"6","Procyon_lotor","Procyon_lotor.2"
"7","Pogona_viceps","Pogona_viceps.1"
"8","Megaloceros_sp","Megaloceros_sp.1"
"9","Procyon_lotor","Procyon_lotor.3"
"10","Dama_dama","Dama_dama.1"
"11","Euroscaptor_micrura","Euroscaptor_micrura.1"
"12","Monodelphis_domestica","Monodelphis_domestica.2"
"13","Pogona_viceps","Pogona_viceps.2"
"14","Meles_meles","Meles_meles.1"
"15","Elomeryx_borbonicus_","Elomeryx_borbonicus_.1"
"16","Lama_guanicoe","Lama_guanicoe.1"
"17","Lama_guanicoe","Lama_guanicoe.2"
"18","Mus_musculus","Mus_musculus.1"
"19","Dromaius_","Dromaius_.1"
"20","Xenicus_giliventris","Xenicus_giliventris.2"
"21","Monodelphis_domestica","Monodelphis_domestica.3"
"22","Lacerta_viridis","Lacerta_viridis.1"
"23","Aptenodytes______","Aptenodytes______.1"
"24","Alligator","Alligator.1"
"25","Nothosaurus_568","Nothosaurus_568.1"
"26","Pistosaurus","Pistosaurus.1"
"27","Nothosaurus_mirabilis_1","Nothosaurus_mirabilis_1.1"
"28","Aptenodytes______","Aptenodytes______.2"
"29","Simosaurus_1","Simosaurus_1.1"
"30","Aptenodytes______","Aptenodytes______.3"
"31","Aptenodytes______","Aptenodytes______.4"
"32","Metryorhynchus","Metryorhynchus.1"
"33","Desmana_moschata","Desmana_moschata.1"
"34","Nothosaurus_mirabilis_1","Nothosaurus_mirabilis_1.2"
"35","Hydromys_chrysogaster","Hydromys_chrysogaster.1"
"36","Hydromys_chrysogaster","Hydromys_chrysogaster.2"
"37","Psephoderma","Psephoderma.1"
"38","Phalacrocorax_harrisi","Phalacrocorax_harrisi.1"
"39","Ornithorhynchus_anatinus","Ornithorhynchus_anatinus.1"
"40","Alligator","Alligator.2"
"41","Serpianosaurus","Serpianosaurus.1"
"42","Micropotamogale_euwenzorii","Micropotamogale_euwenzorii.1"
"43","Basilosaurus","Basilosaurus.1"
"44","Spinosaurus_","Spinosaurus_.1"
"45","Spinosaurus_","Spinosaurus_.2"
"46","Spinosaurus_","Spinosaurus_.3"
"47","Spinosaurus_","Spinosaurus_.4"
"48","Spinosaurus_","Spinosaurus_.5"
"49","Spinosaurus_","Spinosaurus_.6"
"50","Spinosaurus_","Spinosaurus_.7"
"51","Spinosaurus_","Spinosaurus_.8"
"52","Spinosaurus_","Spinosaurus_.9"
"53","Spinosaurus_","Spinosaurus_.10"
"54","Spinosaurus_","Spinosaurus_.11"
"55","Suchomimus","Suchomimus.1"
"56","Suchomimus","Suchomimus.2"
"57","Suchomimus","Suchomimus.3"
"58","Baryonyx","Baryonyx.1"
"59","Baryonyx","Baryonyx.2"
"60","Baryonyx","Baryonyx.3"
 
* Phylo tree and the main data and strata files have been modified to include duplicated taxa before the scaled random trees are generated.
* Selected categorical labels column: diving.or.not
* diving.or.equal column is identical to Diving column.
* Regression excludes flying taxa.
* Diving labels that are present in regression: 0,2
* lambda (calculated from a random tree) = : 0.09
* index-name alignment check: OK
