Logfile for a session of program: bootstrap_binary.r
-----------------------------------------------------
INPUT:
workDir: C:/dino_nature/output/2023-11-07-D1\bs/set_1605
Nbootstrapsets: 2000
phyloFDAfile: c:/dino_nature/code/phylo.fda.R
auxFile: c:/dino_nature/code/auxiliary.r
boneType: femur
regressionData.file: C:/dino_nature/output/2023-11-07-D1\bs/set_1605/femur_set_1605.csv
applyDataFilter: FALSE
addTreeTips: TRUE
Ntrees: 100
calculateTrees: TRUE
saveTrees: FALSE


OPERATIONAL CHECKS:
* Regression data contains multiple copies of some taxa (user added variants of existing test taxa 
   or replacements due to bootstrap are present) which are not in the phylo tree:
     original taxon,   duplicate   
"1","Mus_musculus","Mus_musculus.1"
"2","Strigiops_habroptilus","Strigiops_habroptilus.1"
"3","Porphyrio_hochstetteri","Porphyrio_hochstetteri.1"
"4","Porphyrio_hochstetteri","Porphyrio_hochstetteri.2"
"5","Monodelphis_domestica","Monodelphis_domestica.1"
"6","Paguma_larvata","Paguma_larvata.1"
"7","Paguma_larvata","Paguma_larvata.2"
"8","Porphyrio_hochstetteri","Porphyrio_hochstetteri.3"
"9","Meles_meles","Meles_meles.1"
"10","Giraffa_camelopardalis","Giraffa_camelopardalis.1"
"11","Meles_meles","Meles_meles.2"
"12","Megaloceros_sp","Megaloceros_sp.1"
"13","Porphyrio_hochstetteri","Porphyrio_hochstetteri.4"
"14","Elomeryx_borbonicus_","Elomeryx_borbonicus_.1"
"15","Microgale_thomasi","Microgale_thomasi.1"
"16","Lama_guanicoe","Lama_guanicoe.1"
"17","Monodelphis_domestica","Monodelphis_domestica.2"
"18","Tribonyx_mortieri","Tribonyx_mortieri.1"
"19","Microgale_thomasi","Microgale_thomasi.2"
"20","Giraffa_camelopardalis","Giraffa_camelopardalis.2"
"21","Ichtyosaur_sp","Ichtyosaur_sp.1"
"22","Rhaeticosaurus","Rhaeticosaurus.1"
"23","Lutra_vulgaris","Lutra_vulgaris.1"
"24","Cryptoclidus","Cryptoclidus.1"
"25","Dyrosaurid","Dyrosaurid.1"
"26","large_eocene_stem_penguin","large_eocene_stem_penguin.1"
"27","Dyrosaurid","Dyrosaurid.2"
"28","Anarosaurus","Anarosaurus.1"
"29","Lutra_vulgaris","Lutra_vulgaris.2"
"30","Placondontia_indet","Placondontia_indet.1"
"31","Metryorhynchus","Metryorhynchus.1"
"32","Aptenodytes______","Aptenodytes______.1"
"33","Metryorhynchus","Metryorhynchus.2"
"34","Lutra_vulgaris","Lutra_vulgaris.3"
"35","Phocanella_pumila","Phocanella_pumila.1"
"36","Phalacrocorax_harrisi","Phalacrocorax_harrisi.1"
"37","Dyrosaurid","Dyrosaurid.3"
"38","Cricosaurus","Cricosaurus.1"
"39","Choeropsis_liberiensis","Choeropsis_liberiensis.1"
"40","Callophoca_obscura","Callophoca_obscura.1"
"41","Spheniscus","Spheniscus.1"
"42","Cryptoclidus","Cryptoclidus.2"
"43","large_eocene_stem_penguin","large_eocene_stem_penguin.2"
"44","Spinosaurus_","Spinosaurus_.1"
"45","Spinosaurus_","Spinosaurus_.2"
"46","Spinosaurus_","Spinosaurus_.3"
"47","Spinosaurus_","Spinosaurus_.4"
"48","Spinosaurus_","Spinosaurus_.5"
"49","Spinosaurus_","Spinosaurus_.6"
"50","Spinosaurus_","Spinosaurus_.7"
"51","Spinosaurus_","Spinosaurus_.8"
"52","Spinosaurus_","Spinosaurus_.9"
"53","Spinosaurus_","Spinosaurus_.10"
"54","Spinosaurus_","Spinosaurus_.11"
"55","Suchomimus","Suchomimus.1"
"56","Suchomimus","Suchomimus.2"
"57","Suchomimus","Suchomimus.3"
"58","Baryonyx","Baryonyx.1"
"59","Baryonyx","Baryonyx.2"
"60","Baryonyx","Baryonyx.3"
 
* Phylo tree and the main data and strata files have been modified to include duplicated taxa before the scaled random trees are generated.
* Selected categorical labels column: diving.or.not
* diving.or.equal column is identical to Diving column.
* Regression excludes flying taxa.
* Diving labels that are present in regression: 0,2
* lambda (calculated from a random tree) = : 0.14
* index-name alignment check: OK
