Logfile for a session of program: bootstrap_binary.r
-----------------------------------------------------
INPUT:
workDir: C:/dino_nature/output/2023-11-07-D1\bs/set_1210
Nbootstrapsets: 2000
phyloFDAfile: c:/dino_nature/code/phylo.fda.R
auxFile: c:/dino_nature/code/auxiliary.r
boneType: femur
regressionData.file: C:/dino_nature/output/2023-11-07-D1\bs/set_1210/femur_set_1210.csv
applyDataFilter: FALSE
addTreeTips: TRUE
Ntrees: 100
calculateTrees: TRUE
saveTrees: FALSE


OPERATIONAL CHECKS:
* Regression data contains multiple copies of some taxa (user added variants of existing test taxa 
   or replacements due to bootstrap are present) which are not in the phylo tree:
     original taxon,   duplicate   
"1","Rynochetus_jubatus","Rynochetus_jubatus.1"
"2","Monodelphis_domestica","Monodelphis_domestica.1"
"3","Mustela_nivalis","Mustela_nivalis.1"
"4","Bison_bonasus","Bison_bonasus.1"
"5","Mustela_nivalis","Mustela_nivalis.2"
"6","Rynochetus_jubatus","Rynochetus_jubatus.2"
"7","Strigiops_habroptilus","Strigiops_habroptilus.1"
"8","Mustela_nivalis","Mustela_nivalis.3"
"9","Syncerus_caffer","Syncerus_caffer.1"
"10","Okapia_johnstoni","Okapia_johnstoni.1"
"11","Okapia_johnstoni","Okapia_johnstoni.2"
"12","Caloenas_nicobarica","Caloenas_nicobarica.1"
"13","Apteryx_owenii_","Apteryx_owenii_.1"
"14","Brachyodus_onoideum","Brachyodus_onoideum.1"
"15","Apteryx_owenii_","Apteryx_owenii_.2"
"16","Diplomesodon_pulchellum","Diplomesodon_pulchellum.1"
"17","Felis_felis","Felis_felis.1"
"18","Mammuthus_sp","Mammuthus_sp.1"
"19","Dicerorhinus_sumatrensis","Dicerorhinus_sumatrensis.1"
"20","Elomeryx_borbonicus_","Elomeryx_borbonicus_.1"
"21","Palaeospheniscus","Palaeospheniscus.1"
"22","Small_Eocene_penguin","Small_Eocene_penguin.1"
"23","Tapirus_terrestris","Tapirus_terrestris.1"
"24","Hippopotamus_amphibius","Hippopotamus_amphibius.1"
"25","Nothosaurus_mirabilis_1","Nothosaurus_mirabilis_1.1"
"26","Psephoderma","Psephoderma.1"
"27","Alligator","Alligator.1"
"28","Lutra_vulgaris","Lutra_vulgaris.1"
"29","Nothosaurus_mirabilis_1","Nothosaurus_mirabilis_1.2"
"30","Maiacetus","Maiacetus.1"
"31","Otaria_byronia","Otaria_byronia.1"
"32","Basilosaurus","Basilosaurus.1"
"33","Hippopotamus_amphibius","Hippopotamus_amphibius.2"
"34","Simosaurus_1","Simosaurus_1.1"
"35","Simosaurus_1","Simosaurus_1.2"
"36","Serpianosaurus","Serpianosaurus.1"
"37","Alligator","Alligator.2"
"38","Small_Eocene_penguin","Small_Eocene_penguin.2"
"39","Pistosaurus","Pistosaurus.1"
"40","Phocanella_pumila","Phocanella_pumila.1"
"41","Spinosaurus_","Spinosaurus_.1"
"42","Spinosaurus_","Spinosaurus_.2"
"43","Spinosaurus_","Spinosaurus_.3"
"44","Spinosaurus_","Spinosaurus_.4"
"45","Spinosaurus_","Spinosaurus_.5"
"46","Spinosaurus_","Spinosaurus_.6"
"47","Spinosaurus_","Spinosaurus_.7"
"48","Spinosaurus_","Spinosaurus_.8"
"49","Spinosaurus_","Spinosaurus_.9"
"50","Spinosaurus_","Spinosaurus_.10"
"51","Spinosaurus_","Spinosaurus_.11"
"52","Suchomimus","Suchomimus.1"
"53","Suchomimus","Suchomimus.2"
"54","Suchomimus","Suchomimus.3"
"55","Baryonyx","Baryonyx.1"
"56","Baryonyx","Baryonyx.2"
"57","Baryonyx","Baryonyx.3"
 
* Phylo tree and the main data and strata files have been modified to include duplicated taxa before the scaled random trees are generated.
* Selected categorical labels column: diving.or.not
* diving.or.equal column is identical to Diving column.
* Regression excludes flying taxa.
* Diving labels that are present in regression: 0,2
* lambda (calculated from a random tree) = : 0.09
* index-name alignment check: OK
