Logfile for a session of program: bootstrap_binary.r
-----------------------------------------------------
INPUT:
workDir: C:/dino_nature/output/2023-11-07-D1\bs/set_1006
Nbootstrapsets: 2000
phyloFDAfile: c:/dino_nature/code/phylo.fda.R
auxFile: c:/dino_nature/code/auxiliary.r
boneType: femur
regressionData.file: C:/dino_nature/output/2023-11-07-D1\bs/set_1006/femur_set_1006.csv
applyDataFilter: FALSE
addTreeTips: TRUE
Ntrees: 100
calculateTrees: TRUE
saveTrees: FALSE


OPERATIONAL CHECKS:
* Regression data contains multiple copies of some taxa (user added variants of existing test taxa 
   or replacements due to bootstrap are present) which are not in the phylo tree:
     original taxon,   duplicate   
"1","Sphenodon_punctatus","Sphenodon_punctatus.1"
"2","Raphus","Raphus.1"
"3","Dama_dama","Dama_dama.1"
"4","Rhinoceros_sondaicus","Rhinoceros_sondaicus.1"
"5","Dama_dama","Dama_dama.2"
"6","Procyon_lotor","Procyon_lotor.1"
"7","Diplomesodon_pulchellum","Diplomesodon_pulchellum.1"
"8","Cephalophus_silvicultor","Cephalophus_silvicultor.1"
"9","Rangifer_tarandus","Rangifer_tarandus.1"
"10","Meles_meles","Meles_meles.1"
"11","Tenrec_ecaudatus","Tenrec_ecaudatus.1"
"12","Tenrec_ecaudatus","Tenrec_ecaudatus.2"
"13","Pogona_viceps","Pogona_viceps.1"
"14","Mustela_nivalis","Mustela_nivalis.1"
"15","Elomeryx_borbonicus_","Elomeryx_borbonicus_.1"
"16","Uncia_uncia","Uncia_uncia.1"
"17","Nothosaurus_mirabilis_1","Nothosaurus_mirabilis_1.1"
"18","Maiacetus","Maiacetus.1"
"19","Cricosaurus","Cricosaurus.1"
"20","Chironectes_minimus","Chironectes_minimus.1"
"21","Cricosaurus","Cricosaurus.2"
"22","Micropotamogale_euwenzorii","Micropotamogale_euwenzorii.1"
"23","Simosaurus","Simosaurus.1"
"24","Nothosaurus_mirabilis_1","Nothosaurus_mirabilis_1.2"
"25","Hydromys_chrysogaster","Hydromys_chrysogaster.1"
"26","Alligator","Alligator.1"
"27","Basilosaurus","Basilosaurus.1"
"28","Nothosaurus_mirabilis_1","Nothosaurus_mirabilis_1.3"
"29","Neusticosaurus","Neusticosaurus.1"
"30","Leptophoca_proxima","Leptophoca_proxima.1"
"31","Rhaeticosaurus","Rhaeticosaurus.1"
"32","Spheniscus","Spheniscus.1"
"33","Phalacrocorax_harrisi","Phalacrocorax_harrisi.1"
"34","Remingtonocetus","Remingtonocetus.1"
"35","Micropotamogale_euwenzorii","Micropotamogale_euwenzorii.2"
"36","Lutra_vulgaris","Lutra_vulgaris.1"
"37","Spinosaurus_","Spinosaurus_.1"
"38","Spinosaurus_","Spinosaurus_.2"
"39","Spinosaurus_","Spinosaurus_.3"
"40","Spinosaurus_","Spinosaurus_.4"
"41","Spinosaurus_","Spinosaurus_.5"
"42","Spinosaurus_","Spinosaurus_.6"
"43","Spinosaurus_","Spinosaurus_.7"
"44","Spinosaurus_","Spinosaurus_.8"
"45","Spinosaurus_","Spinosaurus_.9"
"46","Spinosaurus_","Spinosaurus_.10"
"47","Spinosaurus_","Spinosaurus_.11"
"48","Suchomimus","Suchomimus.1"
"49","Suchomimus","Suchomimus.2"
"50","Suchomimus","Suchomimus.3"
"51","Baryonyx","Baryonyx.1"
"52","Baryonyx","Baryonyx.2"
"53","Baryonyx","Baryonyx.3"
 
* Phylo tree and the main data and strata files have been modified to include duplicated taxa before the scaled random trees are generated.
* Selected categorical labels column: diving.or.not
* diving.or.equal column is identical to Diving column.
* Regression excludes flying taxa.
* Diving labels that are present in regression: 0,2
* lambda (calculated from a random tree) = : 0.1
* index-name alignment check: OK
