Logfile for a session of program: bootstrap_binary.r
-----------------------------------------------------
INPUT:
workDir: C:/dino_nature/output/2023-11-07-D1\bs/set_524
Nbootstrapsets: 2000
phyloFDAfile: c:/dino_nature/code/phylo.fda.R
auxFile: c:/dino_nature/code/auxiliary.r
boneType: femur
regressionData.file: C:/dino_nature/output/2023-11-07-D1\bs/set_524/femur_set_524.csv
applyDataFilter: FALSE
addTreeTips: TRUE
Ntrees: 100
calculateTrees: TRUE
saveTrees: FALSE


OPERATIONAL CHECKS:
* Regression data contains multiple copies of some taxa (user added variants of existing test taxa 
   or replacements due to bootstrap are present) which are not in the phylo tree:
     original taxon,   duplicate   
"1","Dama_dama","Dama_dama.1"
"2","Alces_americanus","Alces_americanus.1"
"3","Strigiops_habroptilus","Strigiops_habroptilus.1"
"4","Tenrec_ecaudatus","Tenrec_ecaudatus.1"
"5","Microgale_thomasi","Microgale_thomasi.1"
"6","Okapia_johnstoni","Okapia_johnstoni.1"
"7","Microgale_thomasi","Microgale_thomasi.2"
"8","Uncia_uncia","Uncia_uncia.1"
"9","Tenrec_ecaudatus","Tenrec_ecaudatus.2"
"10","Lama_guanicoe","Lama_guanicoe.1"
"11","Lama_guanicoe","Lama_guanicoe.2"
"12","Porphyrio_hochstetteri","Porphyrio_hochstetteri.1"
"13","Tenrec_ecaudatus","Tenrec_ecaudatus.3"
"14","Rhinoceros_sondaicus","Rhinoceros_sondaicus.1"
"15","Mus_musculus","Mus_musculus.1"
"16","Rynochetus_jubatus","Rynochetus_jubatus.1"
"17","Diplomesodon_pulchellum","Diplomesodon_pulchellum.1"
"18","Okapia_johnstoni","Okapia_johnstoni.2"
"19","Taxidea_taxus","Taxidea_taxus.1"
"20","Dama_dama","Dama_dama.2"
"21","Dama_dama","Dama_dama.3"
"22","Hemiechinus_azurites","Hemiechinus_azurites.1"
"23","Hemiechinus_azurites","Hemiechinus_azurites.2"
"24","Indohyus","Indohyus.1"
"25","Cryptoclidus","Cryptoclidus.1"
"26","Ichtyosaurus_","Ichtyosaurus_.1"
"27","Cryptoclidus","Cryptoclidus.2"
"28","Leptophoca_proxima","Leptophoca_proxima.1"
"29","Placodontia_indet_1","Placodontia_indet_1.1"
"30","Rhaeticosaurus","Rhaeticosaurus.1"
"31","Paraplacodus","Paraplacodus.1"
"32","Hydromys_chrysogaster","Hydromys_chrysogaster.1"
"33","Rhaeticosaurus","Rhaeticosaurus.2"
"34","Nothosaurus_150","Nothosaurus_150.1"
"35","Neusticosaurus","Neusticosaurus.1"
"36","large_eocene_stem_penguin","large_eocene_stem_penguin.1"
"37","Castor_fiber","Castor_fiber.1"
"38","Anarosaurus","Anarosaurus.1"
"39","Protochampsidae","Protochampsidae.1"
"40","Spheniscus","Spheniscus.1"
"41","Placodontia_indet_1","Placodontia_indet_1.2"
"42","Otaria_byronia","Otaria_byronia.1"
"43","Nothosaurus_mirabilis","Nothosaurus_mirabilis.1"
"44","Nothosaurus_giganteus","Nothosaurus_giganteus.1"
"45","large_eocene_stem_penguin","large_eocene_stem_penguin.2"
"46","Spinosaurus_","Spinosaurus_.1"
"47","Spinosaurus_","Spinosaurus_.2"
"48","Spinosaurus_","Spinosaurus_.3"
"49","Spinosaurus_","Spinosaurus_.4"
"50","Spinosaurus_","Spinosaurus_.5"
"51","Spinosaurus_","Spinosaurus_.6"
"52","Spinosaurus_","Spinosaurus_.7"
"53","Spinosaurus_","Spinosaurus_.8"
"54","Spinosaurus_","Spinosaurus_.9"
"55","Spinosaurus_","Spinosaurus_.10"
"56","Spinosaurus_","Spinosaurus_.11"
"57","Suchomimus","Suchomimus.1"
"58","Suchomimus","Suchomimus.2"
"59","Suchomimus","Suchomimus.3"
"60","Baryonyx","Baryonyx.1"
"61","Baryonyx","Baryonyx.2"
"62","Baryonyx","Baryonyx.3"
 
* Phylo tree and the main data and strata files have been modified to include duplicated taxa before the scaled random trees are generated.
* Selected categorical labels column: diving.or.not
* diving.or.equal column is identical to Diving column.
* Regression excludes flying taxa.
* Diving labels that are present in regression: 0,2
* lambda (calculated from a random tree) = : 0.12
* index-name alignment check: OK
