Logfile for a session of program: bootstrap_binary.r
-----------------------------------------------------
INPUT:
workDir: C:/dino_nature/output/2023-11-07-D1\bs/set_1579
Nbootstrapsets: 2000
phyloFDAfile: c:/dino_nature/code/phylo.fda.R
auxFile: c:/dino_nature/code/auxiliary.r
boneType: femur
regressionData.file: C:/dino_nature/output/2023-11-07-D1\bs/set_1579/femur_set_1579.csv
applyDataFilter: FALSE
addTreeTips: TRUE
Ntrees: 100
calculateTrees: TRUE
saveTrees: FALSE


OPERATIONAL CHECKS:
* Regression data contains multiple copies of some taxa (user added variants of existing test taxa 
   or replacements due to bootstrap are present) which are not in the phylo tree:
     original taxon,   duplicate   
"1","Bos_taurus","Bos_taurus.1"
"2","Procavia_capensis","Procavia_capensis.1"
"3","Rhynchocyon_petersi","Rhynchocyon_petersi.1"
"4","Nyctereutes_procyonoides","Nyctereutes_procyonoides.1"
"5","Rattus_rattus","Rattus_rattus.1"
"6","Dromaius_","Dromaius_.1"
"7","Alces_americanus","Alces_americanus.1"
"8","Megaloceros_sp","Megaloceros_sp.1"
"9","Caloenas_nicobarica","Caloenas_nicobarica.1"
"10","Capreolus_capreolus","Capreolus_capreolus.1"
"11","Dicerorhinus_sumatrensis","Dicerorhinus_sumatrensis.1"
"12","Dicerorhinus_sumatrensis","Dicerorhinus_sumatrensis.2"
"13","Mammuthus_sp","Mammuthus_sp.1"
"14","Felis_felis","Felis_felis.1"
"15","Meles_meles","Meles_meles.1"
"16","Rhynchocyon_petersi","Rhynchocyon_petersi.2"
"17","Rhinoceros_sondaicus","Rhinoceros_sondaicus.1"
"18","Alces_americanus","Alces_americanus.2"
"19","Rangifer_tarandus","Rangifer_tarandus.1"
"20","Cephalophus_silvicultor","Cephalophus_silvicultor.1"
"21","Nyctereutes_procyonoides","Nyctereutes_procyonoides.2"
"22","Atlantisia_rogersi","Atlantisia_rogersi.1"
"23","Aptenodytes______","Aptenodytes______.1"
"24","Metryorhynchus","Metryorhynchus.1"
"25","Aptenodytes______","Aptenodytes______.2"
"26","Hydromys_chrysogaster","Hydromys_chrysogaster.1"
"27","Nothosaurus_150","Nothosaurus_150.1"
"28","Paraplacodus","Paraplacodus.1"
"29","Nothosaurus_150","Nothosaurus_150.2"
"30","Nothosaurus_102","Nothosaurus_102.1"
"31","Indohyus","Indohyus.1"
"32","Neusticosaurus","Neusticosaurus.1"
"33","Nothosaurus_568","Nothosaurus_568.1"
"34","Anarosaurus","Anarosaurus.1"
"35","Nothosaurus_568","Nothosaurus_568.2"
"36","Paraplacodus","Paraplacodus.2"
"37","Tapirus_terrestris","Tapirus_terrestris.1"
"38","Chironectes_minimus","Chironectes_minimus.1"
"39","Maiacetus","Maiacetus.1"
"40","Basilosaurus","Basilosaurus.1"
"41","Remingtonocetus","Remingtonocetus.1"
"42","Hydromys_chrysogaster","Hydromys_chrysogaster.2"
"43","Spinosaurus_","Spinosaurus_.1"
"44","Spinosaurus_","Spinosaurus_.2"
"45","Spinosaurus_","Spinosaurus_.3"
"46","Spinosaurus_","Spinosaurus_.4"
"47","Spinosaurus_","Spinosaurus_.5"
"48","Spinosaurus_","Spinosaurus_.6"
"49","Spinosaurus_","Spinosaurus_.7"
"50","Spinosaurus_","Spinosaurus_.8"
"51","Spinosaurus_","Spinosaurus_.9"
"52","Spinosaurus_","Spinosaurus_.10"
"53","Spinosaurus_","Spinosaurus_.11"
"54","Suchomimus","Suchomimus.1"
"55","Suchomimus","Suchomimus.2"
"56","Suchomimus","Suchomimus.3"
"57","Baryonyx","Baryonyx.1"
"58","Baryonyx","Baryonyx.2"
"59","Baryonyx","Baryonyx.3"
 
* Phylo tree and the main data and strata files have been modified to include duplicated taxa before the scaled random trees are generated.
* Selected categorical labels column: diving.or.not
* diving.or.equal column is identical to Diving column.
* Regression excludes flying taxa.
* Diving labels that are present in regression: 0,2
* lambda (calculated from a random tree) = : 0.05
* index-name alignment check: OK
