Logfile for a session of program: bootstrap_binary.r
-----------------------------------------------------
INPUT:
workDir: C:/dino_nature/output/2023-11-07-D1\bs/set_60
Nbootstrapsets: 2000
phyloFDAfile: c:/dino_nature/code/phylo.fda.R
auxFile: c:/dino_nature/code/auxiliary.r
boneType: femur
regressionData.file: C:/dino_nature/output/2023-11-07-D1\bs/set_60/femur_set_60.csv
applyDataFilter: FALSE
addTreeTips: TRUE
Ntrees: 100
calculateTrees: TRUE
saveTrees: FALSE


OPERATIONAL CHECKS:
* Regression data contains multiple copies of some taxa (user added variants of existing test taxa 
   or replacements due to bootstrap are present) which are not in the phylo tree:
     original taxon,   duplicate   
"1","Elomeryx_borbonicus_","Elomeryx_borbonicus_.1"
"2","Taxidea_taxus","Taxidea_taxus.1"
"3","Taxidea_taxus","Taxidea_taxus.2"
"4","Syncerus_caffer","Syncerus_caffer.1"
"5","Rynochetus_jubatus","Rynochetus_jubatus.1"
"6","Bison_bonasus","Bison_bonasus.1"
"7","Microgale_thomasi","Microgale_thomasi.1"
"8","Taxidea_taxus","Taxidea_taxus.3"
"9","Taxidea_taxus","Taxidea_taxus.4"
"10","Rupicapra_rupicapra","Rupicapra_rupicapra.1"
"11","Rangifer_tarandus","Rangifer_tarandus.1"
"12","Elomeryx_borbonicus_","Elomeryx_borbonicus_.2"
"13","Caloenas_nicobarica","Caloenas_nicobarica.1"
"14","Microgale_thomasi","Microgale_thomasi.2"
"15","Okapia_johnstoni","Okapia_johnstoni.1"
"16","Okapia_johnstoni","Okapia_johnstoni.2"
"17","Megaloceros_sp","Megaloceros_sp.1"
"18","Rangifer_tarandus","Rangifer_tarandus.2"
"19","Raphus","Raphus.1"
"20","Monodelphis_domestica","Monodelphis_domestica.1"
"21","Sus_scrofa","Sus_scrofa.1"
"22","Rhynchocyon_petersi","Rhynchocyon_petersi.1"
"23","Caloenas_nicobarica","Caloenas_nicobarica.2"
"24","Ichtyosaurus_","Ichtyosaurus_.1"
"25","Micropotamogale_euwenzorii","Micropotamogale_euwenzorii.1"
"26","Anarosaurus","Anarosaurus.1"
"27","Dyrosaurid","Dyrosaurid.1"
"28","Chapsosaurus_","Chapsosaurus_.1"
"29","Ichtyosaurus_","Ichtyosaurus_.2"
"30","Serpianosaurus","Serpianosaurus.1"
"31","Indohyus","Indohyus.1"
"32","Placondontia_indet","Placondontia_indet.1"
"33","Basilosaurus","Basilosaurus.1"
"34","Chapsosaurus_","Chapsosaurus_.2"
"35","Nanophoca_vitulinoides","Nanophoca_vitulinoides.1"
"36","Serpianosaurus","Serpianosaurus.2"
"37","Caiman_yacare","Caiman_yacare.1"
"38","Aptenodytes______","Aptenodytes______.1"
"39","Spheniscus","Spheniscus.1"
"40","Micropotamogale_euwenzorii","Micropotamogale_euwenzorii.2"
"41","Placodontia_indet_1","Placodontia_indet_1.1"
"42","Anarosaurus","Anarosaurus.2"
"43","Serpianosaurus","Serpianosaurus.3"
"44","Dyrosaurid","Dyrosaurid.2"
"45","Spheniscus","Spheniscus.2"
"46","Neusticosaurus","Neusticosaurus.1"
"47","Otaria_byronia","Otaria_byronia.1"
"48","Spinosaurus_","Spinosaurus_.1"
"49","Spinosaurus_","Spinosaurus_.2"
"50","Spinosaurus_","Spinosaurus_.3"
"51","Spinosaurus_","Spinosaurus_.4"
"52","Spinosaurus_","Spinosaurus_.5"
"53","Spinosaurus_","Spinosaurus_.6"
"54","Spinosaurus_","Spinosaurus_.7"
"55","Spinosaurus_","Spinosaurus_.8"
"56","Spinosaurus_","Spinosaurus_.9"
"57","Spinosaurus_","Spinosaurus_.10"
"58","Spinosaurus_","Spinosaurus_.11"
"59","Suchomimus","Suchomimus.1"
"60","Suchomimus","Suchomimus.2"
"61","Suchomimus","Suchomimus.3"
"62","Baryonyx","Baryonyx.1"
"63","Baryonyx","Baryonyx.2"
"64","Baryonyx","Baryonyx.3"
 
* Phylo tree and the main data and strata files have been modified to include duplicated taxa before the scaled random trees are generated.
* Selected categorical labels column: diving.or.not
* diving.or.equal column is identical to Diving column.
* Regression excludes flying taxa.
* Diving labels that are present in regression: 0,2
* lambda (calculated from a random tree) = : 0.11
* index-name alignment check: OK
