Logfile for a session of program: bootstrap_binary.r
-----------------------------------------------------
INPUT:
workDir: C:/dino_nature/output/2023-11-07-D1\bs/set_1025
Nbootstrapsets: 2000
phyloFDAfile: c:/dino_nature/code/phylo.fda.R
auxFile: c:/dino_nature/code/auxiliary.r
boneType: femur
regressionData.file: C:/dino_nature/output/2023-11-07-D1\bs/set_1025/femur_set_1025.csv
applyDataFilter: FALSE
addTreeTips: TRUE
Ntrees: 100
calculateTrees: TRUE
saveTrees: FALSE


OPERATIONAL CHECKS:
* Regression data contains multiple copies of some taxa (user added variants of existing test taxa 
   or replacements due to bootstrap are present) which are not in the phylo tree:
     original taxon,   duplicate   
"1","Euroscaptor_micrura","Euroscaptor_micrura.1"
"2","Apteryx_owenii_","Apteryx_owenii_.1"
"3","Euroscaptor_micrura","Euroscaptor_micrura.2"
"4","Rhinoceros_sondaicus","Rhinoceros_sondaicus.1"
"5","Sus_scrofa","Sus_scrofa.1"
"6","Bos_taurus","Bos_taurus.1"
"7","Paguma_larvata","Paguma_larvata.1"
"8","Rupicapra_rupicapra","Rupicapra_rupicapra.1"
"9","Myrmecophaga_tridactyla","Myrmecophaga_tridactyla.1"
"10","Apteryx_owenii_","Apteryx_owenii_.2"
"11","Atlantisia_rogersi","Atlantisia_rogersi.1"
"12","Tamandua_tetradactyla","Tamandua_tetradactyla.1"
"13","Sus_scrofa","Sus_scrofa.2"
"14","Taxidea_taxus","Taxidea_taxus.1"
"15","Giraffa_camelopardalis","Giraffa_camelopardalis.1"
"16","Brachyodus_onoideum","Brachyodus_onoideum.1"
"17","Myrmecophaga_tridactyla","Myrmecophaga_tridactyla.2"
"18","Pogona_viceps","Pogona_viceps.1"
"19","Tribonyx_mortieri","Tribonyx_mortieri.1"
"20","Nyctereutes_procyonoides","Nyctereutes_procyonoides.1"
"21","Brachyodus_onoideum","Brachyodus_onoideum.2"
"22","Basilosaurus","Basilosaurus.1"
"23","Maiacetus","Maiacetus.1"
"24","Caiman_yacare","Caiman_yacare.1"
"25","Nothosaurus_mirabilis","Nothosaurus_mirabilis.1"
"26","Aptenodytes______","Aptenodytes______.1"
"27","Placodontia_indet_1","Placodontia_indet_1.1"
"28","Indohyus","Indohyus.1"
"29","Aptenodytes______","Aptenodytes______.2"
"30","Plesiosaurus","Plesiosaurus.1"
"31","Ichtyosaurus_","Ichtyosaurus_.1"
"32","Ichtyosaur_sp","Ichtyosaur_sp.1"
"33","Placodontia_indet_1","Placodontia_indet_1.2"
"34","Phocanella_pumila","Phocanella_pumila.1"
"35","Anarosaurus","Anarosaurus.1"
"36","Psephoderma","Psephoderma.1"
"37","Chapsosaurus_","Chapsosaurus_.1"
"38","Remingtonocetus","Remingtonocetus.1"
"39","Nanophoca_vitulinoides","Nanophoca_vitulinoides.1"
"40","Placondontia_indet","Placondontia_indet.1"
"41","Caiman_yacare","Caiman_yacare.2"
"42","Spinosaurus_","Spinosaurus_.1"
"43","Spinosaurus_","Spinosaurus_.2"
"44","Spinosaurus_","Spinosaurus_.3"
"45","Spinosaurus_","Spinosaurus_.4"
"46","Spinosaurus_","Spinosaurus_.5"
"47","Spinosaurus_","Spinosaurus_.6"
"48","Spinosaurus_","Spinosaurus_.7"
"49","Spinosaurus_","Spinosaurus_.8"
"50","Spinosaurus_","Spinosaurus_.9"
"51","Spinosaurus_","Spinosaurus_.10"
"52","Spinosaurus_","Spinosaurus_.11"
"53","Suchomimus","Suchomimus.1"
"54","Suchomimus","Suchomimus.2"
"55","Suchomimus","Suchomimus.3"
"56","Baryonyx","Baryonyx.1"
"57","Baryonyx","Baryonyx.2"
"58","Baryonyx","Baryonyx.3"
 
* Phylo tree and the main data and strata files have been modified to include duplicated taxa before the scaled random trees are generated.
* Selected categorical labels column: diving.or.not
* diving.or.equal column is identical to Diving column.
* Regression excludes flying taxa.
* Diving labels that are present in regression: 0,2
* lambda (calculated from a random tree) = : 0.12
* index-name alignment check: OK
