Logfile for a session of program: bootstrap_binary.r
-----------------------------------------------------
INPUT:
workDir: C:/dino_nature/output/2023-11-07-D1\bs/set_276
Nbootstrapsets: 2000
phyloFDAfile: c:/dino_nature/code/phylo.fda.R
auxFile: c:/dino_nature/code/auxiliary.r
boneType: femur
regressionData.file: C:/dino_nature/output/2023-11-07-D1\bs/set_276/femur_set_276.csv
applyDataFilter: FALSE
addTreeTips: TRUE
Ntrees: 100
calculateTrees: TRUE
saveTrees: FALSE


OPERATIONAL CHECKS:
* Regression data contains multiple copies of some taxa (user added variants of existing test taxa 
   or replacements due to bootstrap are present) which are not in the phylo tree:
     original taxon,   duplicate   
"1","Uncia_uncia","Uncia_uncia.1"
"2","Giraffa_camelopardalis","Giraffa_camelopardalis.1"
"3","Capreolus_capreolus","Capreolus_capreolus.1"
"4","Lama_guanicoe","Lama_guanicoe.1"
"5","Giraffa_camelopardalis","Giraffa_camelopardalis.2"
"6","Meles_meles","Meles_meles.1"
"7","Vulpes_vulpes","Vulpes_vulpes.1"
"8","Elomeryx_borbonicus_","Elomeryx_borbonicus_.1"
"9","Vulpes_vulpes","Vulpes_vulpes.2"
"10","Tamandua_tetradactyla","Tamandua_tetradactyla.1"
"11","Lama_guanicoe","Lama_guanicoe.2"
"12","Procyon_lotor","Procyon_lotor.1"
"13","Mus_musculus","Mus_musculus.1"
"14","Atlantisia_rogersi","Atlantisia_rogersi.1"
"15","Tenrec_ecaudatus","Tenrec_ecaudatus.1"
"16","Apteryx_owenii_","Apteryx_owenii_.1"
"17","Dama_dama","Dama_dama.1"
"18","Okapia_johnstoni","Okapia_johnstoni.1"
"19","Uncia_uncia","Uncia_uncia.2"
"20","Diplomesodon_pulchellum","Diplomesodon_pulchellum.1"
"21","Tribonyx_mortieri","Tribonyx_mortieri.1"
"22","Nothosaurus_568","Nothosaurus_568.1"
"23","Ornithorhynchus_anatinus","Ornithorhynchus_anatinus.1"
"24","Nothosaurus_mirabilis","Nothosaurus_mirabilis.1"
"25","Hesperornis","Hesperornis.1"
"26","Cricosaurus","Cricosaurus.1"
"27","Spheniscus","Spheniscus.1"
"28","Placodontia_indet_1","Placodontia_indet_1.1"
"29","Callophoca_obscura","Callophoca_obscura.1"
"30","Castor_fiber","Castor_fiber.1"
"31","Hexaprotodon_garyam","Hexaprotodon_garyam.1"
"32","Callophoca_obscura","Callophoca_obscura.2"
"33","Callophoca_obscura","Callophoca_obscura.3"
"34","Castor_fiber","Castor_fiber.2"
"35","Callophoca_obscura","Callophoca_obscura.4"
"36","Phocanella_pumila","Phocanella_pumila.1"
"37","Tapirus_terrestris","Tapirus_terrestris.1"
"38","Desmana_moschata","Desmana_moschata.1"
"39","Metryorhynchus","Metryorhynchus.1"
"40","Palaeospheniscus","Palaeospheniscus.1"
"41","Hesperornis","Hesperornis.2"
"42","Chapsosaurus_","Chapsosaurus_.1"
"43","Placodontia_indet_1","Placodontia_indet_1.2"
"44","Caiman_yacare","Caiman_yacare.1"
"45","Spinosaurus_","Spinosaurus_.1"
"46","Spinosaurus_","Spinosaurus_.2"
"47","Spinosaurus_","Spinosaurus_.3"
"48","Spinosaurus_","Spinosaurus_.4"
"49","Spinosaurus_","Spinosaurus_.5"
"50","Spinosaurus_","Spinosaurus_.6"
"51","Spinosaurus_","Spinosaurus_.7"
"52","Spinosaurus_","Spinosaurus_.8"
"53","Spinosaurus_","Spinosaurus_.9"
"54","Spinosaurus_","Spinosaurus_.10"
"55","Spinosaurus_","Spinosaurus_.11"
"56","Suchomimus","Suchomimus.1"
"57","Suchomimus","Suchomimus.2"
"58","Suchomimus","Suchomimus.3"
"59","Baryonyx","Baryonyx.1"
"60","Baryonyx","Baryonyx.2"
"61","Baryonyx","Baryonyx.3"
 
* Phylo tree and the main data and strata files have been modified to include duplicated taxa before the scaled random trees are generated.
* Selected categorical labels column: diving.or.not
* diving.or.equal column is identical to Diving column.
* Regression excludes flying taxa.
* Diving labels that are present in regression: 0,2
* lambda (calculated from a random tree) = : 0.06
* index-name alignment check: OK
