Logfile for a session of program: bootstrap_binary.r
-----------------------------------------------------
INPUT:
workDir: C:/dino_nature/output/2023-11-07-D1\bs/set_1907
Nbootstrapsets: 2000
phyloFDAfile: c:/dino_nature/code/phylo.fda.R
auxFile: c:/dino_nature/code/auxiliary.r
boneType: femur
regressionData.file: C:/dino_nature/output/2023-11-07-D1\bs/set_1907/femur_set_1907.csv
applyDataFilter: FALSE
addTreeTips: TRUE
Ntrees: 100
calculateTrees: TRUE
saveTrees: FALSE


OPERATIONAL CHECKS:
* Regression data contains multiple copies of some taxa (user added variants of existing test taxa 
   or replacements due to bootstrap are present) which are not in the phylo tree:
     original taxon,   duplicate   
"1","Bos_taurus","Bos_taurus.1"
"2","Dicerorhinus_sumatrensis","Dicerorhinus_sumatrensis.1"
"3","Apteryx_australis","Apteryx_australis.1"
"4","Nyctereutes_procyonoides","Nyctereutes_procyonoides.1"
"5","Porphyrio_hochstetteri","Porphyrio_hochstetteri.1"
"6","Alces_americanus","Alces_americanus.1"
"7","Lama_guanicoe","Lama_guanicoe.1"
"8","Tenrec_ecaudatus","Tenrec_ecaudatus.1"
"9","Tamandua_tetradactyla","Tamandua_tetradactyla.1"
"10","Porphyrio_hochstetteri","Porphyrio_hochstetteri.2"
"11","Tenrec_ecaudatus","Tenrec_ecaudatus.2"
"12","Bos_taurus","Bos_taurus.2"
"13","Dasyurus_maculatus","Dasyurus_maculatus.1"
"14","Vulpes_vulpes","Vulpes_vulpes.1"
"15","Giraffa_camelopardalis","Giraffa_camelopardalis.1"
"16","Vulpes_vulpes","Vulpes_vulpes.2"
"17","Mustela_nivalis","Mustela_nivalis.1"
"18","Loxodonta_africana","Loxodonta_africana.1"
"19","Syncerus_caffer","Syncerus_caffer.1"
"20","Pistosaurus","Pistosaurus.1"
"21","Nothosaurus_mirabilis_1","Nothosaurus_mirabilis_1.1"
"22","Phocanella_pumila","Phocanella_pumila.1"
"23","Nothosaurus_102","Nothosaurus_102.1"
"24","Nanophoca_vitulinoides","Nanophoca_vitulinoides.1"
"25","Ichtyosaur_sp","Ichtyosaur_sp.1"
"26","Nanophoca_vitulinoides","Nanophoca_vitulinoides.2"
"27","Protochampsidae","Protochampsidae.1"
"28","Paraplacodus","Paraplacodus.1"
"29","Maiacetus","Maiacetus.1"
"30","Neusticosaurus","Neusticosaurus.1"
"31","large_eocene_stem_penguin","large_eocene_stem_penguin.1"
"32","Phocanella_pumila","Phocanella_pumila.2"
"33","Phocanella_pumila","Phocanella_pumila.3"
"34","Choeropsis_liberiensis","Choeropsis_liberiensis.1"
"35","Alligator","Alligator.1"
"36","Tapirus_terrestris","Tapirus_terrestris.1"
"37","Remingtonocetus","Remingtonocetus.1"
"38","Nothosaurus_mirabilis_1","Nothosaurus_mirabilis_1.2"
"39","Rhaeticosaurus","Rhaeticosaurus.1"
"40","Spinosaurus_","Spinosaurus_.1"
"41","Spinosaurus_","Spinosaurus_.2"
"42","Spinosaurus_","Spinosaurus_.3"
"43","Spinosaurus_","Spinosaurus_.4"
"44","Spinosaurus_","Spinosaurus_.5"
"45","Spinosaurus_","Spinosaurus_.6"
"46","Spinosaurus_","Spinosaurus_.7"
"47","Spinosaurus_","Spinosaurus_.8"
"48","Spinosaurus_","Spinosaurus_.9"
"49","Spinosaurus_","Spinosaurus_.10"
"50","Spinosaurus_","Spinosaurus_.11"
"51","Suchomimus","Suchomimus.1"
"52","Suchomimus","Suchomimus.2"
"53","Suchomimus","Suchomimus.3"
"54","Baryonyx","Baryonyx.1"
"55","Baryonyx","Baryonyx.2"
"56","Baryonyx","Baryonyx.3"
 
* Phylo tree and the main data and strata files have been modified to include duplicated taxa before the scaled random trees are generated.
* Selected categorical labels column: diving.or.not
* diving.or.equal column is identical to Diving column.
* Regression excludes flying taxa.
* Diving labels that are present in regression: 0,2
* lambda (calculated from a random tree) = : 0.12
* index-name alignment check: OK
