Logfile for a session of program: bootstrap_binary.r
-----------------------------------------------------
INPUT:
workDir: C:/dino_nature/output/2023-11-07-D1\bs/set_1741
Nbootstrapsets: 2000
phyloFDAfile: c:/dino_nature/code/phylo.fda.R
auxFile: c:/dino_nature/code/auxiliary.r
boneType: femur
regressionData.file: C:/dino_nature/output/2023-11-07-D1\bs/set_1741/femur_set_1741.csv
applyDataFilter: FALSE
addTreeTips: TRUE
Ntrees: 100
calculateTrees: TRUE
saveTrees: FALSE


OPERATIONAL CHECKS:
* Regression data contains multiple copies of some taxa (user added variants of existing test taxa 
   or replacements due to bootstrap are present) which are not in the phylo tree:
     original taxon,   duplicate   
"1","Brachyodus_onoideum","Brachyodus_onoideum.1"
"2","Meles_meles","Meles_meles.1"
"3","Alces_americanus","Alces_americanus.1"
"4","Ceratotherium_simum","Ceratotherium_simum.1"
"5","Mammuthus_sp","Mammuthus_sp.1"
"6","Mammuthus_sp","Mammuthus_sp.2"
"7","Procavia_capensis","Procavia_capensis.1"
"8","Elephas_maximus","Elephas_maximus.1"
"9","Rattus_rattus","Rattus_rattus.1"
"10","Mammuthus_sp","Mammuthus_sp.3"
"11","Strigiops_habroptilus","Strigiops_habroptilus.1"
"12","Tribonyx_mortieri","Tribonyx_mortieri.1"
"13","Microgale_thomasi","Microgale_thomasi.1"
"14","Rangifer_tarandus","Rangifer_tarandus.1"
"15","Rattus_rattus","Rattus_rattus.2"
"16","Xenicus_giliventris","Xenicus_giliventris.1"
"17","Mammuthus_sp","Mammuthus_sp.4"
"18","Uncia_uncia","Uncia_uncia.1"
"19","Lama_guanicoe","Lama_guanicoe.1"
"20","Dasyurus_maculatus","Dasyurus_maculatus.1"
"21","Uncia_uncia","Uncia_uncia.2"
"22","Elephas_maximus","Elephas_maximus.2"
"23","Cephalophus_silvicultor","Cephalophus_silvicultor.1"
"24","Uncia_uncia","Uncia_uncia.3"
"25","Cricosaurus","Cricosaurus.1"
"26","Nothosaurus_giganteus","Nothosaurus_giganteus.1"
"27","Cricosaurus","Cricosaurus.2"
"28","Serpianosaurus","Serpianosaurus.1"
"29","Choeropsis_liberiensis","Choeropsis_liberiensis.1"
"30","Hexaprotodon_garyam","Hexaprotodon_garyam.1"
"31","Choeropsis_liberiensis","Choeropsis_liberiensis.2"
"32","Phocanella_pumila","Phocanella_pumila.1"
"33","Otaria_byronia","Otaria_byronia.1"
"34","Nanophoca_vitulinoides","Nanophoca_vitulinoides.1"
"35","Nothosaurus_mirabilis_1","Nothosaurus_mirabilis_1.1"
"36","Cricosaurus","Cricosaurus.3"
"37","Otaria_byronia","Otaria_byronia.2"
"38","Phocanella_pumila","Phocanella_pumila.2"
"39","Indohyus","Indohyus.1"
"40","Simosaurus_1","Simosaurus_1.1"
"41","Small_Eocene_penguin","Small_Eocene_penguin.1"
"42","Otaria_byronia","Otaria_byronia.3"
"43","Alligator","Alligator.1"
"44","Nothosaurus_giganteus","Nothosaurus_giganteus.2"
"45","Micropotamogale_euwenzorii","Micropotamogale_euwenzorii.1"
"46","Nothosaurus_568","Nothosaurus_568.1"
"47","Spinosaurus_","Spinosaurus_.1"
"48","Spinosaurus_","Spinosaurus_.2"
"49","Spinosaurus_","Spinosaurus_.3"
"50","Spinosaurus_","Spinosaurus_.4"
"51","Spinosaurus_","Spinosaurus_.5"
"52","Spinosaurus_","Spinosaurus_.6"
"53","Spinosaurus_","Spinosaurus_.7"
"54","Spinosaurus_","Spinosaurus_.8"
"55","Spinosaurus_","Spinosaurus_.9"
"56","Spinosaurus_","Spinosaurus_.10"
"57","Spinosaurus_","Spinosaurus_.11"
"58","Suchomimus","Suchomimus.1"
"59","Suchomimus","Suchomimus.2"
"60","Suchomimus","Suchomimus.3"
"61","Baryonyx","Baryonyx.1"
"62","Baryonyx","Baryonyx.2"
"63","Baryonyx","Baryonyx.3"
 
* Phylo tree and the main data and strata files have been modified to include duplicated taxa before the scaled random trees are generated.
* Selected categorical labels column: diving.or.not
* diving.or.equal column is identical to Diving column.
* Regression excludes flying taxa.
* Diving labels that are present in regression: 0,2
* lambda (calculated from a random tree) = : 0.13
* index-name alignment check: OK
