Logfile for a session of program: bootstrap_binary.r
-----------------------------------------------------
INPUT:
workDir: C:/dino_nature/output/2023-11-07-D1\bs/set_789
Nbootstrapsets: 2000
phyloFDAfile: c:/dino_nature/code/phylo.fda.R
auxFile: c:/dino_nature/code/auxiliary.r
boneType: femur
regressionData.file: C:/dino_nature/output/2023-11-07-D1\bs/set_789/femur_set_789.csv
applyDataFilter: FALSE
addTreeTips: TRUE
Ntrees: 100
calculateTrees: TRUE
saveTrees: FALSE


OPERATIONAL CHECKS:
* Regression data contains multiple copies of some taxa (user added variants of existing test taxa 
   or replacements due to bootstrap are present) which are not in the phylo tree:
     original taxon,   duplicate   
"1","Felis_felis","Felis_felis.1"
"2","Vulpes_vulpes","Vulpes_vulpes.1"
"3","Dama_dama","Dama_dama.1"
"4","Atlantisia_rogersi","Atlantisia_rogersi.1"
"5","Procyon_lotor","Procyon_lotor.1"
"6","Giraffa_camelopardalis","Giraffa_camelopardalis.1"
"7","Pogona_viceps","Pogona_viceps.1"
"8","Uncia_uncia","Uncia_uncia.1"
"9","Euroscaptor_micrura","Euroscaptor_micrura.1"
"10","Pogona_viceps","Pogona_viceps.2"
"11","Syncerus_caffer","Syncerus_caffer.1"
"12","Rhynchocyon_petersi","Rhynchocyon_petersi.1"
"13","Mammuthus_sp","Mammuthus_sp.1"
"14","Cephalophus_silvicultor","Cephalophus_silvicultor.1"
"15","Hydromys_chrysogaster","Hydromys_chrysogaster.1"
"16","Pistosaurus","Pistosaurus.1"
"17","Cryptoclidus","Cryptoclidus.1"
"18","large_eocene_stem_penguin","large_eocene_stem_penguin.1"
"19","Nothosaurus_150","Nothosaurus_150.1"
"20","Ichtyosaurus_","Ichtyosaurus_.1"
"21","Hydromys_chrysogaster","Hydromys_chrysogaster.2"
"22","Hydromys_chrysogaster","Hydromys_chrysogaster.3"
"23","Rhaeticosaurus","Rhaeticosaurus.1"
"24","Champsosaurus","Champsosaurus.1"
"25","Rhaeticosaurus","Rhaeticosaurus.2"
"26","Nothosaurus_568","Nothosaurus_568.1"
"27","Palaeospheniscus","Palaeospheniscus.1"
"28","Nothosaurus_giganteus","Nothosaurus_giganteus.1"
"29","large_eocene_stem_penguin","large_eocene_stem_penguin.2"
"30","Nothosaurus_giganteus","Nothosaurus_giganteus.2"
"31","large_eocene_stem_penguin","large_eocene_stem_penguin.3"
"32","Simosaurus_1","Simosaurus_1.1"
"33","Phocanella_pumila","Phocanella_pumila.1"
"34","Nothosaurus_mirabilis_1","Nothosaurus_mirabilis_1.1"
"35","Aptenodytes______","Aptenodytes______.1"
"36","Champsosaurus","Champsosaurus.2"
"37","Pistosaurus","Pistosaurus.2"
"38","Spinosaurus_","Spinosaurus_.1"
"39","Spinosaurus_","Spinosaurus_.2"
"40","Spinosaurus_","Spinosaurus_.3"
"41","Spinosaurus_","Spinosaurus_.4"
"42","Spinosaurus_","Spinosaurus_.5"
"43","Spinosaurus_","Spinosaurus_.6"
"44","Spinosaurus_","Spinosaurus_.7"
"45","Spinosaurus_","Spinosaurus_.8"
"46","Spinosaurus_","Spinosaurus_.9"
"47","Spinosaurus_","Spinosaurus_.10"
"48","Spinosaurus_","Spinosaurus_.11"
"49","Suchomimus","Suchomimus.1"
"50","Suchomimus","Suchomimus.2"
"51","Suchomimus","Suchomimus.3"
"52","Baryonyx","Baryonyx.1"
"53","Baryonyx","Baryonyx.2"
"54","Baryonyx","Baryonyx.3"
 
* Phylo tree and the main data and strata files have been modified to include duplicated taxa before the scaled random trees are generated.
* Selected categorical labels column: diving.or.not
* diving.or.equal column is identical to Diving column.
* Regression excludes flying taxa.
* Diving labels that are present in regression: 0,2
* lambda (calculated from a random tree) = : 0.16
* index-name alignment check: OK
