Logfile for a session of program: bootstrap_binary.r
-----------------------------------------------------
INPUT:
workDir: C:/dino_nature/output/2023-11-07-D1\bs/set_687
Nbootstrapsets: 2000
phyloFDAfile: c:/dino_nature/code/phylo.fda.R
auxFile: c:/dino_nature/code/auxiliary.r
boneType: femur
regressionData.file: C:/dino_nature/output/2023-11-07-D1\bs/set_687/femur_set_687.csv
applyDataFilter: FALSE
addTreeTips: TRUE
Ntrees: 100
calculateTrees: TRUE
saveTrees: FALSE


OPERATIONAL CHECKS:
* Regression data contains multiple copies of some taxa (user added variants of existing test taxa 
   or replacements due to bootstrap are present) which are not in the phylo tree:
     original taxon,   duplicate   
"1","Meles_meles","Meles_meles.1"
"2","Rangifer_tarandus","Rangifer_tarandus.1"
"3","Xenicus_giliventris","Xenicus_giliventris.1"
"4","Meles_meles","Meles_meles.2"
"5","Lacerta_viridis","Lacerta_viridis.1"
"6","Elomeryx_borbonicus_","Elomeryx_borbonicus_.1"
"7","Rupicapra_rupicapra","Rupicapra_rupicapra.1"
"8","Bison_bonasus","Bison_bonasus.1"
"9","Ceratotherium_simum","Ceratotherium_simum.1"
"10","Rupicapra_rupicapra","Rupicapra_rupicapra.2"
"11","Rangifer_tarandus","Rangifer_tarandus.2"
"12","Apteryx_owenii_","Apteryx_owenii_.1"
"13","Elomeryx_borbonicus_","Elomeryx_borbonicus_.2"
"14","Dicerorhinus_sumatrensis","Dicerorhinus_sumatrensis.1"
"15","Euroscaptor_micrura","Euroscaptor_micrura.1"
"16","Hemiechinus_azurites","Hemiechinus_azurites.1"
"17","Megaloceros_sp","Megaloceros_sp.1"
"18","Rhynchocyon_petersi","Rhynchocyon_petersi.1"
"19","Nyctereutes_procyonoides","Nyctereutes_procyonoides.1"
"20","Lacerta_viridis","Lacerta_viridis.2"
"21","Nyctereutes_procyonoides","Nyctereutes_procyonoides.2"
"22","Lacerta_viridis","Lacerta_viridis.3"
"23","Spheniscus","Spheniscus.1"
"24","Chironectes_minimus","Chironectes_minimus.1"
"25","Neusticosaurus","Neusticosaurus.1"
"26","Nothosaurus_mirabilis_1","Nothosaurus_mirabilis_1.1"
"27","Plesiosaurus","Plesiosaurus.1"
"28","Chironectes_minimus","Chironectes_minimus.2"
"29","Spheniscus","Spheniscus.2"
"30","Metryorhynchus","Metryorhynchus.1"
"31","Small_Eocene_penguin","Small_Eocene_penguin.1"
"32","Nothosaurus_mirabilis_1","Nothosaurus_mirabilis_1.2"
"33","Otaria_byronia","Otaria_byronia.1"
"34","Noemys_fodies","Noemys_fodies.1"
"35","Callophoca_obscura","Callophoca_obscura.1"
"36","Placondontia_indet","Placondontia_indet.1"
"37","Dyrosaurid","Dyrosaurid.1"
"38","Neusticosaurus","Neusticosaurus.2"
"39","Desmostylus_hesperus","Desmostylus_hesperus.1"
"40","Nothosaurus_102","Nothosaurus_102.1"
"41","Champsosaurus","Champsosaurus.1"
"42","Ichtyosaurus_","Ichtyosaurus_.1"
"43","Spinosaurus_","Spinosaurus_.1"
"44","Spinosaurus_","Spinosaurus_.2"
"45","Spinosaurus_","Spinosaurus_.3"
"46","Spinosaurus_","Spinosaurus_.4"
"47","Spinosaurus_","Spinosaurus_.5"
"48","Spinosaurus_","Spinosaurus_.6"
"49","Spinosaurus_","Spinosaurus_.7"
"50","Spinosaurus_","Spinosaurus_.8"
"51","Spinosaurus_","Spinosaurus_.9"
"52","Spinosaurus_","Spinosaurus_.10"
"53","Spinosaurus_","Spinosaurus_.11"
"54","Suchomimus","Suchomimus.1"
"55","Suchomimus","Suchomimus.2"
"56","Suchomimus","Suchomimus.3"
"57","Baryonyx","Baryonyx.1"
"58","Baryonyx","Baryonyx.2"
"59","Baryonyx","Baryonyx.3"
 
* Phylo tree and the main data and strata files have been modified to include duplicated taxa before the scaled random trees are generated.
* Selected categorical labels column: diving.or.not
* diving.or.equal column is identical to Diving column.
* Regression excludes flying taxa.
* Diving labels that are present in regression: 0,2
* lambda (calculated from a random tree) = : 0.09
* index-name alignment check: OK
