Logfile for a session of program: bootstrap_binary.r
-----------------------------------------------------
INPUT:
workDir: C:/dino_nature/output/2023-11-07-D1\bs/set_1068
Nbootstrapsets: 2000
phyloFDAfile: c:/dino_nature/code/phylo.fda.R
auxFile: c:/dino_nature/code/auxiliary.r
boneType: femur
regressionData.file: C:/dino_nature/output/2023-11-07-D1\bs/set_1068/femur_set_1068.csv
applyDataFilter: FALSE
addTreeTips: TRUE
Ntrees: 100
calculateTrees: TRUE
saveTrees: FALSE


OPERATIONAL CHECKS:
* Regression data contains multiple copies of some taxa (user added variants of existing test taxa 
   or replacements due to bootstrap are present) which are not in the phylo tree:
     original taxon,   duplicate   
"1","Bison_bonasus","Bison_bonasus.1"
"2","Mus_musculus","Mus_musculus.1"
"3","Elephas_maximus","Elephas_maximus.1"
"4","Mammuthus_sp","Mammuthus_sp.1"
"5","Taxidea_taxus","Taxidea_taxus.1"
"6","Brachyodus_onoideum","Brachyodus_onoideum.1"
"7","Rangifer_tarandus","Rangifer_tarandus.1"
"8","Bos_taurus","Bos_taurus.1"
"9","Xenicus_giliventris","Xenicus_giliventris.1"
"10","Procyon_lotor","Procyon_lotor.1"
"11","Tamandua_tetradactyla","Tamandua_tetradactyla.1"
"12","Vulpes_vulpes","Vulpes_vulpes.1"
"13","Apteryx_owenii_","Apteryx_owenii_.1"
"14","Meles_meles","Meles_meles.1"
"15","Caloenas_nicobarica","Caloenas_nicobarica.1"
"16","Loxodonta_africana","Loxodonta_africana.1"
"17","Rupicapra_rupicapra","Rupicapra_rupicapra.1"
"18","Atlantisia_rogersi","Atlantisia_rogersi.1"
"19","Pogona_viceps","Pogona_viceps.1"
"20","Chironectes_minimus","Chironectes_minimus.1"
"21","Nothosaurus_102","Nothosaurus_102.1"
"22","Spheniscus","Spheniscus.1"
"23","Noemys_fodies","Noemys_fodies.1"
"24","Phocanella_pumila","Phocanella_pumila.1"
"25","Callophoca_obscura","Callophoca_obscura.1"
"26","Chironectes_minimus","Chironectes_minimus.2"
"27","Castor_fiber","Castor_fiber.1"
"28","Remingtonocetus","Remingtonocetus.1"
"29","Ichtyosaurus_","Ichtyosaurus_.1"
"30","Leptophoca_proxima","Leptophoca_proxima.1"
"31","Nothosaurus_mirabilis_1","Nothosaurus_mirabilis_1.1"
"32","Hesperornis","Hesperornis.1"
"33","large_eocene_stem_penguin","large_eocene_stem_penguin.1"
"34","Simosaurus","Simosaurus.1"
"35","Leptophoca_proxima","Leptophoca_proxima.2"
"36","Tapirus_terrestris","Tapirus_terrestris.1"
"37","Simosaurus_1","Simosaurus_1.1"
"38","Hydromys_chrysogaster","Hydromys_chrysogaster.1"
"39","Simosaurus","Simosaurus.2"
"40","Callophoca_obscura","Callophoca_obscura.2"
"41","Spinosaurus_","Spinosaurus_.1"
"42","Spinosaurus_","Spinosaurus_.2"
"43","Spinosaurus_","Spinosaurus_.3"
"44","Spinosaurus_","Spinosaurus_.4"
"45","Spinosaurus_","Spinosaurus_.5"
"46","Spinosaurus_","Spinosaurus_.6"
"47","Spinosaurus_","Spinosaurus_.7"
"48","Spinosaurus_","Spinosaurus_.8"
"49","Spinosaurus_","Spinosaurus_.9"
"50","Spinosaurus_","Spinosaurus_.10"
"51","Spinosaurus_","Spinosaurus_.11"
"52","Suchomimus","Suchomimus.1"
"53","Suchomimus","Suchomimus.2"
"54","Suchomimus","Suchomimus.3"
"55","Baryonyx","Baryonyx.1"
"56","Baryonyx","Baryonyx.2"
"57","Baryonyx","Baryonyx.3"
 
* Phylo tree and the main data and strata files have been modified to include duplicated taxa before the scaled random trees are generated.
* Selected categorical labels column: diving.or.not
* diving.or.equal column is identical to Diving column.
* Regression excludes flying taxa.
* Diving labels that are present in regression: 0,2
* lambda (calculated from a random tree) = : 0.09
* index-name alignment check: OK
