Logfile for a session of program: bootstrap_binary.r
-----------------------------------------------------
INPUT:
workDir: C:/dino_nature/output/2023-11-07-D1\bs/set_736
Nbootstrapsets: 2000
phyloFDAfile: c:/dino_nature/code/phylo.fda.R
auxFile: c:/dino_nature/code/auxiliary.r
boneType: femur
regressionData.file: C:/dino_nature/output/2023-11-07-D1\bs/set_736/femur_set_736.csv
applyDataFilter: FALSE
addTreeTips: TRUE
Ntrees: 100
calculateTrees: TRUE
saveTrees: FALSE


OPERATIONAL CHECKS:
* Regression data contains multiple copies of some taxa (user added variants of existing test taxa 
   or replacements due to bootstrap are present) which are not in the phylo tree:
     original taxon,   duplicate   
"1","Nyctereutes_procyonoides","Nyctereutes_procyonoides.1"
"2","Rhynchocyon_petersi","Rhynchocyon_petersi.1"
"3","Vulpes_vulpes","Vulpes_vulpes.1"
"4","Rhynchocyon_petersi","Rhynchocyon_petersi.2"
"5","Alces_americanus","Alces_americanus.1"
"6","Elephas_maximus","Elephas_maximus.1"
"7","Xenicus_giliventris","Xenicus_giliventris.1"
"8","Alces_americanus","Alces_americanus.2"
"9","Paguma_larvata","Paguma_larvata.1"
"10","Nyctereutes_procyonoides","Nyctereutes_procyonoides.2"
"11","Xenicus_giliventris","Xenicus_giliventris.2"
"12","Xenicus_giliventris","Xenicus_giliventris.3"
"13","Paguma_larvata","Paguma_larvata.2"
"14","Atlantisia_rogersi","Atlantisia_rogersi.1"
"15","Procyon_lotor","Procyon_lotor.1"
"16","Paguma_larvata","Paguma_larvata.3"
"17","Lama_guanicoe","Lama_guanicoe.1"
"18","Megaloceros_sp","Megaloceros_sp.1"
"19","Raphus","Raphus.1"
"20","Atlantisia_rogersi","Atlantisia_rogersi.2"
"21","Atlantisia_rogersi","Atlantisia_rogersi.3"
"22","Raphus","Raphus.2"
"23","Mammuthus_sp","Mammuthus_sp.1"
"24","Cricosaurus","Cricosaurus.1"
"25","Neusticosaurus","Neusticosaurus.1"
"26","Simosaurus","Simosaurus.1"
"27","Nanophoca_vitulinoides","Nanophoca_vitulinoides.1"
"28","Ichtyosaurus_","Ichtyosaurus_.1"
"29","Cricosaurus","Cricosaurus.2"
"30","Palaeospheniscus","Palaeospheniscus.1"
"31","Nothosaurus_mirabilis","Nothosaurus_mirabilis.1"
"32","Rodhocetus","Rodhocetus.1"
"33","Simosaurus","Simosaurus.2"
"34","Ichtyosaurus_","Ichtyosaurus_.2"
"35","Rhaeticosaurus","Rhaeticosaurus.1"
"36","Champsosaurus","Champsosaurus.1"
"37","Nothosaurus_mirabilis","Nothosaurus_mirabilis.2"
"38","Champsosaurus","Champsosaurus.2"
"39","Rhaeticosaurus","Rhaeticosaurus.2"
"40","Palaeospheniscus","Palaeospheniscus.2"
"41","Spheniscus","Spheniscus.1"
"42","Nanophoca_vitulinoides","Nanophoca_vitulinoides.2"
"43","Alligator","Alligator.1"
"44","Anarosaurus","Anarosaurus.1"
"45","Hippopotamus_amphibius","Hippopotamus_amphibius.1"
"46","Cryptoclidus","Cryptoclidus.1"
"47","Neusticosaurus","Neusticosaurus.2"
"48","Spinosaurus_","Spinosaurus_.1"
"49","Spinosaurus_","Spinosaurus_.2"
"50","Spinosaurus_","Spinosaurus_.3"
"51","Spinosaurus_","Spinosaurus_.4"
"52","Spinosaurus_","Spinosaurus_.5"
"53","Spinosaurus_","Spinosaurus_.6"
"54","Spinosaurus_","Spinosaurus_.7"
"55","Spinosaurus_","Spinosaurus_.8"
"56","Spinosaurus_","Spinosaurus_.9"
"57","Spinosaurus_","Spinosaurus_.10"
"58","Spinosaurus_","Spinosaurus_.11"
"59","Suchomimus","Suchomimus.1"
"60","Suchomimus","Suchomimus.2"
"61","Suchomimus","Suchomimus.3"
"62","Baryonyx","Baryonyx.1"
"63","Baryonyx","Baryonyx.2"
"64","Baryonyx","Baryonyx.3"
 
* Phylo tree and the main data and strata files have been modified to include duplicated taxa before the scaled random trees are generated.
* Selected categorical labels column: diving.or.not
* diving.or.equal column is identical to Diving column.
* Regression excludes flying taxa.
* Diving labels that are present in regression: 0,2
* lambda (calculated from a random tree) = : 0.14
* index-name alignment check: OK
