Logfile for a session of program: bootstrap_binary.r
-----------------------------------------------------
INPUT:
workDir: C:/dino_nature/output/2023-11-07-D1\bs/set_1747
Nbootstrapsets: 2000
phyloFDAfile: c:/dino_nature/code/phylo.fda.R
auxFile: c:/dino_nature/code/auxiliary.r
boneType: femur
regressionData.file: C:/dino_nature/output/2023-11-07-D1\bs/set_1747/femur_set_1747.csv
applyDataFilter: FALSE
addTreeTips: TRUE
Ntrees: 100
calculateTrees: TRUE
saveTrees: FALSE


OPERATIONAL CHECKS:
* Regression data contains multiple copies of some taxa (user added variants of existing test taxa 
   or replacements due to bootstrap are present) which are not in the phylo tree:
     original taxon,   duplicate   
"1","Dromaius_","Dromaius_.1"
"2","Rupicapra_rupicapra","Rupicapra_rupicapra.1"
"3","Alces_americanus","Alces_americanus.1"
"4","Procyon_lotor","Procyon_lotor.1"
"5","Procyon_lotor","Procyon_lotor.2"
"6","Procyon_lotor","Procyon_lotor.3"
"7","Syncerus_caffer","Syncerus_caffer.1"
"8","Pogona_viceps","Pogona_viceps.1"
"9","Myrmecophaga_tridactyla","Myrmecophaga_tridactyla.1"
"10","Apteryx_australis","Apteryx_australis.1"
"11","Apteryx_australis","Apteryx_australis.2"
"12","Tamandua_tetradactyla","Tamandua_tetradactyla.1"
"13","Hemiechinus_azurites","Hemiechinus_azurites.1"
"14","Hemiechinus_azurites","Hemiechinus_azurites.2"
"15","Xenicus_giliventris","Xenicus_giliventris.1"
"16","Dasyurus_maculatus","Dasyurus_maculatus.1"
"17","Apteryx_australis","Apteryx_australis.3"
"18","Okapia_johnstoni","Okapia_johnstoni.1"
"19","Mus_musculus","Mus_musculus.1"
"20","Cryptoclidus","Cryptoclidus.1"
"21","Tapirus_terrestris","Tapirus_terrestris.1"
"22","Tapirus_terrestris","Tapirus_terrestris.2"
"23","Hexaprotodon_garyam","Hexaprotodon_garyam.1"
"24","Caiman_yacare","Caiman_yacare.1"
"25","Hydromys_chrysogaster","Hydromys_chrysogaster.1"
"26","Neusticosaurus","Neusticosaurus.1"
"27","Aptenodytes______","Aptenodytes______.1"
"28","Psephoderma","Psephoderma.1"
"29","Hydromys_chrysogaster","Hydromys_chrysogaster.2"
"30","Cryptoclidus","Cryptoclidus.2"
"31","Spheniscus","Spheniscus.1"
"32","Serpianosaurus","Serpianosaurus.1"
"33","Spheniscus","Spheniscus.2"
"34","Serpianosaurus","Serpianosaurus.2"
"35","Maiacetus","Maiacetus.1"
"36","Champsosaurus","Champsosaurus.1"
"37","Desmostylus_hesperus","Desmostylus_hesperus.1"
"38","Neusticosaurus","Neusticosaurus.2"
"39","Serpianosaurus","Serpianosaurus.3"
"40","Alligator","Alligator.1"
"41","Spinosaurus_","Spinosaurus_.1"
"42","Spinosaurus_","Spinosaurus_.2"
"43","Spinosaurus_","Spinosaurus_.3"
"44","Spinosaurus_","Spinosaurus_.4"
"45","Spinosaurus_","Spinosaurus_.5"
"46","Spinosaurus_","Spinosaurus_.6"
"47","Spinosaurus_","Spinosaurus_.7"
"48","Spinosaurus_","Spinosaurus_.8"
"49","Spinosaurus_","Spinosaurus_.9"
"50","Spinosaurus_","Spinosaurus_.10"
"51","Spinosaurus_","Spinosaurus_.11"
"52","Suchomimus","Suchomimus.1"
"53","Suchomimus","Suchomimus.2"
"54","Suchomimus","Suchomimus.3"
"55","Baryonyx","Baryonyx.1"
"56","Baryonyx","Baryonyx.2"
"57","Baryonyx","Baryonyx.3"
 
* Phylo tree and the main data and strata files have been modified to include duplicated taxa before the scaled random trees are generated.
* Selected categorical labels column: diving.or.not
* diving.or.equal column is identical to Diving column.
* Regression excludes flying taxa.
* Diving labels that are present in regression: 0,2
* lambda (calculated from a random tree) = : 0.04
* index-name alignment check: OK
