Logfile for a session of program: bootstrap_binary.r
-----------------------------------------------------
INPUT:
workDir: C:/dino_nature/output/2023-11-07-D1\bs/set_937
Nbootstrapsets: 2000
phyloFDAfile: c:/dino_nature/code/phylo.fda.R
auxFile: c:/dino_nature/code/auxiliary.r
boneType: femur
regressionData.file: C:/dino_nature/output/2023-11-07-D1\bs/set_937/femur_set_937.csv
applyDataFilter: FALSE
addTreeTips: TRUE
Ntrees: 100
calculateTrees: TRUE
saveTrees: FALSE


OPERATIONAL CHECKS:
* Regression data contains multiple copies of some taxa (user added variants of existing test taxa 
   or replacements due to bootstrap are present) which are not in the phylo tree:
     original taxon,   duplicate   
"1","Alces_americanus","Alces_americanus.1"
"2","Strigiops_habroptilus","Strigiops_habroptilus.1"
"3","Diplomesodon_pulchellum","Diplomesodon_pulchellum.1"
"4","Alces_americanus","Alces_americanus.2"
"5","Apteryx_owenii_","Apteryx_owenii_.1"
"6","Procyon_lotor","Procyon_lotor.1"
"7","Apteryx_owenii_","Apteryx_owenii_.2"
"8","Vulpes_vulpes","Vulpes_vulpes.1"
"9","Alces_americanus","Alces_americanus.3"
"10","Vulpes_vulpes","Vulpes_vulpes.2"
"11","Rhynchocyon_petersi","Rhynchocyon_petersi.1"
"12","Lacerta_viridis","Lacerta_viridis.1"
"13","Rangifer_tarandus","Rangifer_tarandus.1"
"14","Brachyodus_onoideum","Brachyodus_onoideum.1"
"15","Elomeryx_borbonicus_","Elomeryx_borbonicus_.1"
"16","Taxidea_taxus","Taxidea_taxus.1"
"17","Dicerorhinus_sumatrensis","Dicerorhinus_sumatrensis.1"
"18","Procavia_capensis","Procavia_capensis.1"
"19","Strigiops_habroptilus","Strigiops_habroptilus.2"
"20","Bison_bonasus","Bison_bonasus.1"
"21","Tamandua_tetradactyla","Tamandua_tetradactyla.1"
"22","Lacerta_viridis","Lacerta_viridis.2"
"23","Lama_guanicoe","Lama_guanicoe.1"
"24","Phocanella_pumila","Phocanella_pumila.1"
"25","Lutra_vulgaris","Lutra_vulgaris.1"
"26","Nanophoca_vitulinoides","Nanophoca_vitulinoides.1"
"27","Lutra_vulgaris","Lutra_vulgaris.2"
"28","Remingtonocetus","Remingtonocetus.1"
"29","Placondontia_indet","Placondontia_indet.1"
"30","Champsosaurus","Champsosaurus.1"
"31","Lutra_vulgaris","Lutra_vulgaris.3"
"32","Chironectes_minimus","Chironectes_minimus.1"
"33","Caiman_yacare","Caiman_yacare.1"
"34","Placondontia_indet","Placondontia_indet.2"
"35","Plesiosaurus","Plesiosaurus.1"
"36","Neusticosaurus","Neusticosaurus.1"
"37","Nothosaurus_568","Nothosaurus_568.1"
"38","Aptenodytes______","Aptenodytes______.1"
"39","Alligator","Alligator.1"
"40","Neusticosaurus","Neusticosaurus.2"
"41","Plesiosaurus","Plesiosaurus.2"
"42","Callophoca_obscura","Callophoca_obscura.1"
"43","Castor_fiber","Castor_fiber.1"
"44","Otaria_byronia","Otaria_byronia.1"
"45","Spinosaurus_","Spinosaurus_.1"
"46","Spinosaurus_","Spinosaurus_.2"
"47","Spinosaurus_","Spinosaurus_.3"
"48","Spinosaurus_","Spinosaurus_.4"
"49","Spinosaurus_","Spinosaurus_.5"
"50","Spinosaurus_","Spinosaurus_.6"
"51","Spinosaurus_","Spinosaurus_.7"
"52","Spinosaurus_","Spinosaurus_.8"
"53","Spinosaurus_","Spinosaurus_.9"
"54","Spinosaurus_","Spinosaurus_.10"
"55","Spinosaurus_","Spinosaurus_.11"
"56","Suchomimus","Suchomimus.1"
"57","Suchomimus","Suchomimus.2"
"58","Suchomimus","Suchomimus.3"
"59","Baryonyx","Baryonyx.1"
"60","Baryonyx","Baryonyx.2"
"61","Baryonyx","Baryonyx.3"
 
* Phylo tree and the main data and strata files have been modified to include duplicated taxa before the scaled random trees are generated.
* Selected categorical labels column: diving.or.not
* diving.or.equal column is identical to Diving column.
* Regression excludes flying taxa.
* Diving labels that are present in regression: 0,2
* lambda (calculated from a random tree) = : 0.05
* index-name alignment check: OK
