Logfile for a session of program: bootstrap_binary.r
-----------------------------------------------------
INPUT:
workDir: C:/dino_nature/output/2023-11-07-D1\bs/set_1963
Nbootstrapsets: 2000
phyloFDAfile: c:/dino_nature/code/phylo.fda.R
auxFile: c:/dino_nature/code/auxiliary.r
boneType: femur
regressionData.file: C:/dino_nature/output/2023-11-07-D1\bs/set_1963/femur_set_1963.csv
applyDataFilter: FALSE
addTreeTips: TRUE
Ntrees: 100
calculateTrees: TRUE
saveTrees: FALSE


OPERATIONAL CHECKS:
* Regression data contains multiple copies of some taxa (user added variants of existing test taxa 
   or replacements due to bootstrap are present) which are not in the phylo tree:
     original taxon,   duplicate   
"1","Sus_scrofa","Sus_scrofa.1"
"2","Syncerus_caffer","Syncerus_caffer.1"
"3","Rattus_rattus","Rattus_rattus.1"
"4","Rattus_rattus","Rattus_rattus.2"
"5","Meles_meles","Meles_meles.1"
"6","Euroscaptor_micrura","Euroscaptor_micrura.1"
"7","Loxodonta_africana","Loxodonta_africana.1"
"8","Rhynchocyon_petersi","Rhynchocyon_petersi.1"
"9","Procyon_lotor","Procyon_lotor.1"
"10","Euroscaptor_micrura","Euroscaptor_micrura.2"
"11","Loxodonta_africana","Loxodonta_africana.2"
"12","Sus_scrofa","Sus_scrofa.2"
"13","Mustela_nivalis","Mustela_nivalis.1"
"14","Lacerta_viridis","Lacerta_viridis.1"
"15","Nyctereutes_procyonoides","Nyctereutes_procyonoides.1"
"16","Lama_guanicoe","Lama_guanicoe.1"
"17","Syncerus_caffer","Syncerus_caffer.2"
"18","Elephas_maximus","Elephas_maximus.1"
"19","Elephas_maximus","Elephas_maximus.2"
"20","Xenicus_giliventris","Xenicus_giliventris.1"
"21","Syncerus_caffer","Syncerus_caffer.3"
"22","Porphyrio_hochstetteri","Porphyrio_hochstetteri.1"
"23","Elomeryx_borbonicus_","Elomeryx_borbonicus_.1"
"24","Rhaeticosaurus","Rhaeticosaurus.1"
"25","Phalacrocorax_harrisi","Phalacrocorax_harrisi.1"
"26","Noemys_fodies","Noemys_fodies.1"
"27","Champsosaurus","Champsosaurus.1"
"28","Protochampsidae","Protochampsidae.1"
"29","Nothosaurus_mirabilis_1","Nothosaurus_mirabilis_1.1"
"30","Placodontia_indet_1","Placodontia_indet_1.1"
"31","Chapsosaurus_","Chapsosaurus_.1"
"32","Anarosaurus","Anarosaurus.1"
"33","Chapsosaurus_","Chapsosaurus_.2"
"34","Placodontia_indet_1","Placodontia_indet_1.2"
"35","Nothosaurus_giganteus","Nothosaurus_giganteus.1"
"36","Rhaeticosaurus","Rhaeticosaurus.2"
"37","Pistosaurus","Pistosaurus.1"
"38","Ornithorhynchus_anatinus","Ornithorhynchus_anatinus.1"
"39","Callophoca_obscura","Callophoca_obscura.1"
"40","Rhaeticosaurus","Rhaeticosaurus.3"
"41","Paraplacodus","Paraplacodus.1"
"42","Metryorhynchus","Metryorhynchus.1"
"43","Cricosaurus","Cricosaurus.1"
"44","Callophoca_obscura","Callophoca_obscura.2"
"45","Cryptoclidus","Cryptoclidus.1"
"46","Callophoca_obscura","Callophoca_obscura.3"
"47","Champsosaurus","Champsosaurus.2"
"48","Plesiosaurus","Plesiosaurus.1"
"49","Spinosaurus_","Spinosaurus_.1"
"50","Spinosaurus_","Spinosaurus_.2"
"51","Spinosaurus_","Spinosaurus_.3"
"52","Spinosaurus_","Spinosaurus_.4"
"53","Spinosaurus_","Spinosaurus_.5"
"54","Spinosaurus_","Spinosaurus_.6"
"55","Spinosaurus_","Spinosaurus_.7"
"56","Spinosaurus_","Spinosaurus_.8"
"57","Spinosaurus_","Spinosaurus_.9"
"58","Spinosaurus_","Spinosaurus_.10"
"59","Spinosaurus_","Spinosaurus_.11"
"60","Suchomimus","Suchomimus.1"
"61","Suchomimus","Suchomimus.2"
"62","Suchomimus","Suchomimus.3"
"63","Baryonyx","Baryonyx.1"
"64","Baryonyx","Baryonyx.2"
"65","Baryonyx","Baryonyx.3"
 
* Phylo tree and the main data and strata files have been modified to include duplicated taxa before the scaled random trees are generated.
* Selected categorical labels column: diving.or.not
* diving.or.equal column is identical to Diving column.
* Regression excludes flying taxa.
* Diving labels that are present in regression: 0,2
* lambda (calculated from a random tree) = : 0.15
* index-name alignment check: OK
