Logfile for a session of program: bootstrap_binary.r
-----------------------------------------------------
INPUT:
workDir: C:/dino_nature/output/2023-11-07-D1\bs/set_72
Nbootstrapsets: 2000
phyloFDAfile: c:/dino_nature/code/phylo.fda.R
auxFile: c:/dino_nature/code/auxiliary.r
boneType: femur
regressionData.file: C:/dino_nature/output/2023-11-07-D1\bs/set_72/femur_set_72.csv
applyDataFilter: FALSE
addTreeTips: TRUE
Ntrees: 100
calculateTrees: TRUE
saveTrees: FALSE


OPERATIONAL CHECKS:
* Regression data contains multiple copies of some taxa (user added variants of existing test taxa 
   or replacements due to bootstrap are present) which are not in the phylo tree:
     original taxon,   duplicate   
"1","Paguma_larvata","Paguma_larvata.1"
"2","Megaloceros_sp","Megaloceros_sp.1"
"3","Okapia_johnstoni","Okapia_johnstoni.1"
"4","Porphyrio_hochstetteri","Porphyrio_hochstetteri.1"
"5","Mus_musculus","Mus_musculus.1"
"6","Monodelphis_domestica","Monodelphis_domestica.1"
"7","Meles_meles","Meles_meles.1"
"8","Myrmecophaga_tridactyla","Myrmecophaga_tridactyla.1"
"9","Caloenas_nicobarica","Caloenas_nicobarica.1"
"10","Ceratotherium_simum","Ceratotherium_simum.1"
"11","Okapia_johnstoni","Okapia_johnstoni.2"
"12","Strigiops_habroptilus","Strigiops_habroptilus.1"
"13","Uncia_uncia","Uncia_uncia.1"
"14","Capreolus_capreolus","Capreolus_capreolus.1"
"15","Meles_meles","Meles_meles.2"
"16","Pogona_viceps","Pogona_viceps.1"
"17","Uncia_uncia","Uncia_uncia.2"
"18","Pogona_viceps","Pogona_viceps.2"
"19","Apteryx_australis","Apteryx_australis.1"
"20","Neusticosaurus","Neusticosaurus.1"
"21","Cryptoclidus","Cryptoclidus.1"
"22","Desmostylus_hesperus","Desmostylus_hesperus.1"
"23","Desmostylus_hesperus","Desmostylus_hesperus.2"
"24","Castor_fiber","Castor_fiber.1"
"25","Castor_fiber","Castor_fiber.2"
"26","Tapirus_terrestris","Tapirus_terrestris.1"
"27","Hippopotamus_amphibius","Hippopotamus_amphibius.1"
"28","Desmostylus_hesperus","Desmostylus_hesperus.3"
"29","Nothosaurus_150","Nothosaurus_150.1"
"30","Nothosaurus_mirabilis_1","Nothosaurus_mirabilis_1.1"
"31","Micropotamogale_euwenzorii","Micropotamogale_euwenzorii.1"
"32","Pistosaurus","Pistosaurus.1"
"33","Pistosaurus","Pistosaurus.2"
"34","Nothosaurus_mirabilis","Nothosaurus_mirabilis.1"
"35","Tapirus_terrestris","Tapirus_terrestris.2"
"36","Desmostylus_hesperus","Desmostylus_hesperus.4"
"37","Nothosaurus_150","Nothosaurus_150.2"
"38","Nothosaurus_mirabilis","Nothosaurus_mirabilis.2"
"39","Psephoderma","Psephoderma.1"
"40","Psephoderma","Psephoderma.2"
"41","Nothosaurus_mirabilis_1","Nothosaurus_mirabilis_1.2"
"42","Nothosaurus_mirabilis_1","Nothosaurus_mirabilis_1.3"
"43","Spinosaurus_","Spinosaurus_.1"
"44","Spinosaurus_","Spinosaurus_.2"
"45","Spinosaurus_","Spinosaurus_.3"
"46","Spinosaurus_","Spinosaurus_.4"
"47","Spinosaurus_","Spinosaurus_.5"
"48","Spinosaurus_","Spinosaurus_.6"
"49","Spinosaurus_","Spinosaurus_.7"
"50","Spinosaurus_","Spinosaurus_.8"
"51","Spinosaurus_","Spinosaurus_.9"
"52","Spinosaurus_","Spinosaurus_.10"
"53","Spinosaurus_","Spinosaurus_.11"
"54","Suchomimus","Suchomimus.1"
"55","Suchomimus","Suchomimus.2"
"56","Suchomimus","Suchomimus.3"
"57","Baryonyx","Baryonyx.1"
"58","Baryonyx","Baryonyx.2"
"59","Baryonyx","Baryonyx.3"
 
* Phylo tree and the main data and strata files have been modified to include duplicated taxa before the scaled random trees are generated.
* Selected categorical labels column: diving.or.not
* diving.or.equal column is identical to Diving column.
* Regression excludes flying taxa.
* Diving labels that are present in regression: 0,2
* lambda (calculated from a random tree) = : 0.09
* index-name alignment check: OK
