Logfile for a session of program: bootstrap_binary.r
-----------------------------------------------------
INPUT:
workDir: C:/dino_nature/output/2023-11-07-D1\bs/set_541
Nbootstrapsets: 2000
phyloFDAfile: c:/dino_nature/code/phylo.fda.R
auxFile: c:/dino_nature/code/auxiliary.r
boneType: femur
regressionData.file: C:/dino_nature/output/2023-11-07-D1\bs/set_541/femur_set_541.csv
applyDataFilter: FALSE
addTreeTips: TRUE
Ntrees: 100
calculateTrees: TRUE
saveTrees: FALSE


OPERATIONAL CHECKS:
* Regression data contains multiple copies of some taxa (user added variants of existing test taxa 
   or replacements due to bootstrap are present) which are not in the phylo tree:
     original taxon,   duplicate   
"1","Cephalophus_silvicultor","Cephalophus_silvicultor.1"
"2","Apteryx_australis","Apteryx_australis.1"
"3","Felis_felis","Felis_felis.1"
"4","Cephalophus_silvicultor","Cephalophus_silvicultor.2"
"5","Tribonyx_mortieri","Tribonyx_mortieri.1"
"6","Paguma_larvata","Paguma_larvata.1"
"7","Pogona_viceps","Pogona_viceps.1"
"8","Paguma_larvata","Paguma_larvata.2"
"9","Paguma_larvata","Paguma_larvata.3"
"10","Lama_guanicoe","Lama_guanicoe.1"
"11","Felis_felis","Felis_felis.2"
"12","Felis_felis","Felis_felis.3"
"13","Xenicus_giliventris","Xenicus_giliventris.1"
"14","Dasyurus_maculatus","Dasyurus_maculatus.1"
"15","Dama_dama","Dama_dama.1"
"16","Felis_felis","Felis_felis.4"
"17","Microgale_thomasi","Microgale_thomasi.1"
"18","Xenicus_giliventris","Xenicus_giliventris.2"
"19","Xenicus_giliventris","Xenicus_giliventris.3"
"20","Lama_guanicoe","Lama_guanicoe.2"
"21","Pistosaurus","Pistosaurus.1"
"22","Chironectes_minimus","Chironectes_minimus.1"
"23","Choeropsis_liberiensis","Choeropsis_liberiensis.1"
"24","Hexaprotodon_garyam","Hexaprotodon_garyam.1"
"25","Choeropsis_liberiensis","Choeropsis_liberiensis.2"
"26","Phalacrocorax_harrisi","Phalacrocorax_harrisi.1"
"27","Desmostylus_hesperus","Desmostylus_hesperus.1"
"28","Nothosaurus_568","Nothosaurus_568.1"
"29","Hippopotamus_amphibius","Hippopotamus_amphibius.1"
"30","Pistosaurus","Pistosaurus.2"
"31","Simosaurus_1","Simosaurus_1.1"
"32","Chironectes_minimus","Chironectes_minimus.2"
"33","Neusticosaurus","Neusticosaurus.1"
"34","Pistosaurus","Pistosaurus.3"
"35","Plesiosaurus","Plesiosaurus.1"
"36","Desmostylus_hesperus","Desmostylus_hesperus.2"
"37","Nothosaurus_mirabilis_1","Nothosaurus_mirabilis_1.1"
"38","Indohyus","Indohyus.1"
"39","Leptophoca_proxima","Leptophoca_proxima.1"
"40","Spinosaurus_","Spinosaurus_.1"
"41","Spinosaurus_","Spinosaurus_.2"
"42","Spinosaurus_","Spinosaurus_.3"
"43","Spinosaurus_","Spinosaurus_.4"
"44","Spinosaurus_","Spinosaurus_.5"
"45","Spinosaurus_","Spinosaurus_.6"
"46","Spinosaurus_","Spinosaurus_.7"
"47","Spinosaurus_","Spinosaurus_.8"
"48","Spinosaurus_","Spinosaurus_.9"
"49","Spinosaurus_","Spinosaurus_.10"
"50","Spinosaurus_","Spinosaurus_.11"
"51","Suchomimus","Suchomimus.1"
"52","Suchomimus","Suchomimus.2"
"53","Suchomimus","Suchomimus.3"
"54","Baryonyx","Baryonyx.1"
"55","Baryonyx","Baryonyx.2"
"56","Baryonyx","Baryonyx.3"
 
* Phylo tree and the main data and strata files have been modified to include duplicated taxa before the scaled random trees are generated.
* Selected categorical labels column: diving.or.not
* diving.or.equal column is identical to Diving column.
* Regression excludes flying taxa.
* Diving labels that are present in regression: 0,2
* lambda (calculated from a random tree) = : 0.06
* index-name alignment check: OK
