Logfile for a session of program: bootstrap_binary.r
-----------------------------------------------------
INPUT:
workDir: C:/dino_nature/output/2023-11-07-D1\bs/set_381
Nbootstrapsets: 2000
phyloFDAfile: c:/dino_nature/code/phylo.fda.R
auxFile: c:/dino_nature/code/auxiliary.r
boneType: femur
regressionData.file: C:/dino_nature/output/2023-11-07-D1\bs/set_381/femur_set_381.csv
applyDataFilter: FALSE
addTreeTips: TRUE
Ntrees: 100
calculateTrees: TRUE
saveTrees: FALSE


OPERATIONAL CHECKS:
* Regression data contains multiple copies of some taxa (user added variants of existing test taxa 
   or replacements due to bootstrap are present) which are not in the phylo tree:
     original taxon,   duplicate   
"1","Vulpes_vulpes","Vulpes_vulpes.1"
"2","Syncerus_caffer","Syncerus_caffer.1"
"3","Tenrec_ecaudatus","Tenrec_ecaudatus.1"
"4","Vulpes_vulpes","Vulpes_vulpes.2"
"5","Rangifer_tarandus","Rangifer_tarandus.1"
"6","Raphus","Raphus.1"
"7","Megaloceros_sp","Megaloceros_sp.1"
"8","Alces_americanus","Alces_americanus.1"
"9","Capreolus_capreolus","Capreolus_capreolus.1"
"10","Procyon_lotor","Procyon_lotor.1"
"11","Procavia_capensis","Procavia_capensis.1"
"12","Tenrec_ecaudatus","Tenrec_ecaudatus.2"
"13","Rattus_rattus","Rattus_rattus.1"
"14","Felis_felis","Felis_felis.1"
"15","Rattus_rattus","Rattus_rattus.2"
"16","Mustela_nivalis","Mustela_nivalis.1"
"17","Dasyurus_maculatus","Dasyurus_maculatus.1"
"18","Taxidea_taxus","Taxidea_taxus.1"
"19","Dasyurus_maculatus","Dasyurus_maculatus.2"
"20","Small_Eocene_penguin","Small_Eocene_penguin.1"
"21","Nothosaurus_102","Nothosaurus_102.1"
"22","Small_Eocene_penguin","Small_Eocene_penguin.2"
"23","Hydromys_chrysogaster","Hydromys_chrysogaster.1"
"24","Hesperornis","Hesperornis.1"
"25","Hydromys_chrysogaster","Hydromys_chrysogaster.2"
"26","Placodontia_indet_1","Placodontia_indet_1.1"
"27","Nothosaurus_102","Nothosaurus_102.2"
"28","Castor_fiber","Castor_fiber.1"
"29","Indohyus","Indohyus.1"
"30","Callophoca_obscura","Callophoca_obscura.1"
"31","Hesperornis","Hesperornis.2"
"32","Hesperornis","Hesperornis.3"
"33","Hydromys_chrysogaster","Hydromys_chrysogaster.3"
"34","Noemys_fodies","Noemys_fodies.1"
"35","Spheniscus","Spheniscus.1"
"36","Remingtonocetus","Remingtonocetus.1"
"37","Desmostylus_hesperus","Desmostylus_hesperus.1"
"38","Anarosaurus","Anarosaurus.1"
"39","large_eocene_stem_penguin","large_eocene_stem_penguin.1"
"40","Paraplacodus","Paraplacodus.1"
"41","Chironectes_minimus","Chironectes_minimus.1"
"42","Phocanella_pumila","Phocanella_pumila.1"
"43","Nothosaurus_mirabilis","Nothosaurus_mirabilis.1"
"44","Remingtonocetus","Remingtonocetus.2"
"45","Spinosaurus_","Spinosaurus_.1"
"46","Spinosaurus_","Spinosaurus_.2"
"47","Spinosaurus_","Spinosaurus_.3"
"48","Spinosaurus_","Spinosaurus_.4"
"49","Spinosaurus_","Spinosaurus_.5"
"50","Spinosaurus_","Spinosaurus_.6"
"51","Spinosaurus_","Spinosaurus_.7"
"52","Spinosaurus_","Spinosaurus_.8"
"53","Spinosaurus_","Spinosaurus_.9"
"54","Spinosaurus_","Spinosaurus_.10"
"55","Spinosaurus_","Spinosaurus_.11"
"56","Suchomimus","Suchomimus.1"
"57","Suchomimus","Suchomimus.2"
"58","Suchomimus","Suchomimus.3"
"59","Baryonyx","Baryonyx.1"
"60","Baryonyx","Baryonyx.2"
"61","Baryonyx","Baryonyx.3"
 
* Phylo tree and the main data and strata files have been modified to include duplicated taxa before the scaled random trees are generated.
* Selected categorical labels column: diving.or.not
* diving.or.equal column is identical to Diving column.
* Regression excludes flying taxa.
* Diving labels that are present in regression: 0,2
* lambda (calculated from a random tree) = : 0.05
* index-name alignment check: OK
