Logfile for a session of program: bootstrap_binary.r
-----------------------------------------------------
INPUT:
workDir: C:/dino_nature/output/2023-11-07-D1\bs/set_841
Nbootstrapsets: 2000
phyloFDAfile: c:/dino_nature/code/phylo.fda.R
auxFile: c:/dino_nature/code/auxiliary.r
boneType: femur
regressionData.file: C:/dino_nature/output/2023-11-07-D1\bs/set_841/femur_set_841.csv
applyDataFilter: FALSE
addTreeTips: TRUE
Ntrees: 100
calculateTrees: TRUE
saveTrees: FALSE


OPERATIONAL CHECKS:
* Regression data contains multiple copies of some taxa (user added variants of existing test taxa 
   or replacements due to bootstrap are present) which are not in the phylo tree:
     original taxon,   duplicate   
"1","Ceratotherium_simum","Ceratotherium_simum.1"
"2","Okapia_johnstoni","Okapia_johnstoni.1"
"3","Procavia_capensis","Procavia_capensis.1"
"4","Apteryx_owenii_","Apteryx_owenii_.1"
"5","Apteryx_owenii_","Apteryx_owenii_.2"
"6","Ceratotherium_simum","Ceratotherium_simum.2"
"7","Brachyodus_onoideum","Brachyodus_onoideum.1"
"8","Brachyodus_onoideum","Brachyodus_onoideum.2"
"9","Meles_meles","Meles_meles.1"
"10","Rhinoceros_sondaicus","Rhinoceros_sondaicus.1"
"11","Sphenodon_punctatus","Sphenodon_punctatus.1"
"12","Okapia_johnstoni","Okapia_johnstoni.2"
"13","Nyctereutes_procyonoides","Nyctereutes_procyonoides.1"
"14","Lama_guanicoe","Lama_guanicoe.1"
"15","Tribonyx_mortieri","Tribonyx_mortieri.1"
"16","Dama_dama","Dama_dama.1"
"17","Syncerus_caffer","Syncerus_caffer.1"
"18","Paguma_larvata","Paguma_larvata.1"
"19","Ceratotherium_simum","Ceratotherium_simum.3"
"20","Rhynchocyon_petersi","Rhynchocyon_petersi.1"
"21","Brachyodus_onoideum","Brachyodus_onoideum.3"
"22","Noemys_fodies","Noemys_fodies.1"
"23","Dyrosaurid","Dyrosaurid.1"
"24","Palaeospheniscus","Palaeospheniscus.1"
"25","Champsosaurus","Champsosaurus.1"
"26","Choeropsis_liberiensis","Choeropsis_liberiensis.1"
"27","Hippopotamus_amphibius","Hippopotamus_amphibius.1"
"28","Noemys_fodies","Noemys_fodies.2"
"29","Choeropsis_liberiensis","Choeropsis_liberiensis.2"
"30","Protochampsidae","Protochampsidae.1"
"31","Psephoderma","Psephoderma.1"
"32","Ornithorhynchus_anatinus","Ornithorhynchus_anatinus.1"
"33","Pistosaurus","Pistosaurus.1"
"34","Ornithorhynchus_anatinus","Ornithorhynchus_anatinus.2"
"35","Desmostylus_hesperus","Desmostylus_hesperus.1"
"36","Spheniscus","Spheniscus.1"
"37","Ornithorhynchus_anatinus","Ornithorhynchus_anatinus.3"
"38","Castor_fiber","Castor_fiber.1"
"39","Remingtonocetus","Remingtonocetus.1"
"40","Desmana_moschata","Desmana_moschata.1"
"41","Spinosaurus_","Spinosaurus_.1"
"42","Spinosaurus_","Spinosaurus_.2"
"43","Spinosaurus_","Spinosaurus_.3"
"44","Spinosaurus_","Spinosaurus_.4"
"45","Spinosaurus_","Spinosaurus_.5"
"46","Spinosaurus_","Spinosaurus_.6"
"47","Spinosaurus_","Spinosaurus_.7"
"48","Spinosaurus_","Spinosaurus_.8"
"49","Spinosaurus_","Spinosaurus_.9"
"50","Spinosaurus_","Spinosaurus_.10"
"51","Spinosaurus_","Spinosaurus_.11"
"52","Suchomimus","Suchomimus.1"
"53","Suchomimus","Suchomimus.2"
"54","Suchomimus","Suchomimus.3"
"55","Baryonyx","Baryonyx.1"
"56","Baryonyx","Baryonyx.2"
"57","Baryonyx","Baryonyx.3"
 
* Phylo tree and the main data and strata files have been modified to include duplicated taxa before the scaled random trees are generated.
* Selected categorical labels column: diving.or.not
* diving.or.equal column is identical to Diving column.
* Regression excludes flying taxa.
* Diving labels that are present in regression: 0,2
* lambda (calculated from a random tree) = : 0.08
* index-name alignment check: OK
