Logfile for a session of program: bootstrap_binary.r
-----------------------------------------------------
INPUT:
workDir: C:/dino_nature/output/2023-11-07-D1\bs/set_10
Nbootstrapsets: 2000
phyloFDAfile: c:/dino_nature/code/phylo.fda.R
auxFile: c:/dino_nature/code/auxiliary.r
boneType: femur
regressionData.file: C:/dino_nature/output/2023-11-07-D1\bs/set_10/femur_set_10.csv
applyDataFilter: FALSE
addTreeTips: TRUE
Ntrees: 100
calculateTrees: TRUE
saveTrees: FALSE


OPERATIONAL CHECKS:
* Regression data contains multiple copies of some taxa (user added variants of existing test taxa 
   or replacements due to bootstrap are present) which are not in the phylo tree:
     original taxon,   duplicate   
"1","Atlantisia_rogersi","Atlantisia_rogersi.1"
"2","Dicerorhinus_sumatrensis","Dicerorhinus_sumatrensis.1"
"3","Rynochetus_jubatus","Rynochetus_jubatus.1"
"4","Hemiechinus_azurites","Hemiechinus_azurites.1"
"5","Okapia_johnstoni","Okapia_johnstoni.1"
"6","Pogona_viceps","Pogona_viceps.1"
"7","Tamandua_tetradactyla","Tamandua_tetradactyla.1"
"8","Atlantisia_rogersi","Atlantisia_rogersi.2"
"9","Megaloceros_sp","Megaloceros_sp.1"
"10","Alces_americanus","Alces_americanus.1"
"11","Megaloceros_sp","Megaloceros_sp.2"
"12","Lacerta_viridis","Lacerta_viridis.1"
"13","Dicerorhinus_sumatrensis","Dicerorhinus_sumatrensis.2"
"14","Hemiechinus_azurites","Hemiechinus_azurites.2"
"15","Atlantisia_rogersi","Atlantisia_rogersi.3"
"16","Giraffa_camelopardalis","Giraffa_camelopardalis.1"
"17","Atlantisia_rogersi","Atlantisia_rogersi.4"
"18","Pogona_viceps","Pogona_viceps.2"
"19","Nyctereutes_procyonoides","Nyctereutes_procyonoides.1"
"20","Cephalophus_silvicultor","Cephalophus_silvicultor.1"
"21","Dromaius_","Dromaius_.1"
"22","Aptenodytes______","Aptenodytes______.1"
"23","Hexaprotodon_garyam","Hexaprotodon_garyam.1"
"24","Aptenodytes______","Aptenodytes______.2"
"25","Tapirus_terrestris","Tapirus_terrestris.1"
"26","Spheniscus","Spheniscus.1"
"27","Callophoca_obscura","Callophoca_obscura.1"
"28","Aptenodytes______","Aptenodytes______.3"
"29","Protochampsidae","Protochampsidae.1"
"30","Callophoca_obscura","Callophoca_obscura.2"
"31","Maiacetus","Maiacetus.1"
"32","Dyrosaurid","Dyrosaurid.1"
"33","Remingtonocetus","Remingtonocetus.1"
"34","Noemys_fodies","Noemys_fodies.1"
"35","Noemys_fodies","Noemys_fodies.2"
"36","Nothosaurus_102","Nothosaurus_102.1"
"37","Castor_fiber","Castor_fiber.1"
"38","Chapsosaurus_","Chapsosaurus_.1"
"39","Neusticosaurus","Neusticosaurus.1"
"40","Maiacetus","Maiacetus.2"
"41","Protochampsidae","Protochampsidae.2"
"42","Neusticosaurus","Neusticosaurus.2"
"43","Tapirus_terrestris","Tapirus_terrestris.2"
"44","Simosaurus","Simosaurus.1"
"45","Rodhocetus","Rodhocetus.1"
"46","Spinosaurus_","Spinosaurus_.1"
"47","Spinosaurus_","Spinosaurus_.2"
"48","Spinosaurus_","Spinosaurus_.3"
"49","Spinosaurus_","Spinosaurus_.4"
"50","Spinosaurus_","Spinosaurus_.5"
"51","Spinosaurus_","Spinosaurus_.6"
"52","Spinosaurus_","Spinosaurus_.7"
"53","Spinosaurus_","Spinosaurus_.8"
"54","Spinosaurus_","Spinosaurus_.9"
"55","Spinosaurus_","Spinosaurus_.10"
"56","Spinosaurus_","Spinosaurus_.11"
"57","Suchomimus","Suchomimus.1"
"58","Suchomimus","Suchomimus.2"
"59","Suchomimus","Suchomimus.3"
"60","Baryonyx","Baryonyx.1"
"61","Baryonyx","Baryonyx.2"
"62","Baryonyx","Baryonyx.3"
 
* Phylo tree and the main data and strata files have been modified to include duplicated taxa before the scaled random trees are generated.
* Selected categorical labels column: diving.or.not
* diving.or.equal column is identical to Diving column.
* Regression excludes flying taxa.
* Diving labels that are present in regression: 0,2
* lambda (calculated from a random tree) = : 0.07
* index-name alignment check: OK
