Logfile for a session of program: bootstrap_binary.r
-----------------------------------------------------
INPUT:
workDir: C:/dino_nature/output/2023-11-07-D1\bs/set_1654
Nbootstrapsets: 2000
phyloFDAfile: c:/dino_nature/code/phylo.fda.R
auxFile: c:/dino_nature/code/auxiliary.r
boneType: femur
regressionData.file: C:/dino_nature/output/2023-11-07-D1\bs/set_1654/femur_set_1654.csv
applyDataFilter: FALSE
addTreeTips: TRUE
Ntrees: 100
calculateTrees: TRUE
saveTrees: FALSE


OPERATIONAL CHECKS:
* Regression data contains multiple copies of some taxa (user added variants of existing test taxa 
   or replacements due to bootstrap are present) which are not in the phylo tree:
     original taxon,   duplicate   
"1","Tribonyx_mortieri","Tribonyx_mortieri.1"
"2","Giraffa_camelopardalis","Giraffa_camelopardalis.1"
"3","Meles_meles","Meles_meles.1"
"4","Paguma_larvata","Paguma_larvata.1"
"5","Giraffa_camelopardalis","Giraffa_camelopardalis.2"
"6","Alces_americanus","Alces_americanus.1"
"7","Alces_americanus","Alces_americanus.2"
"8","Porphyrio_hochstetteri","Porphyrio_hochstetteri.1"
"9","Mammuthus_sp","Mammuthus_sp.1"
"10","Ceratotherium_simum","Ceratotherium_simum.1"
"11","Giraffa_camelopardalis","Giraffa_camelopardalis.3"
"12","Cephalophus_silvicultor","Cephalophus_silvicultor.1"
"13","Dromaius_","Dromaius_.1"
"14","Mammuthus_sp","Mammuthus_sp.2"
"15","Tamandua_tetradactyla","Tamandua_tetradactyla.1"
"16","Capreolus_capreolus","Capreolus_capreolus.1"
"17","Rynochetus_jubatus","Rynochetus_jubatus.1"
"18","Felis_felis","Felis_felis.1"
"19","Vulpes_vulpes","Vulpes_vulpes.1"
"20","Ceratotherium_simum","Ceratotherium_simum.2"
"21","Alces_americanus","Alces_americanus.3"
"22","Xenicus_giliventris","Xenicus_giliventris.1"
"23","Anarosaurus","Anarosaurus.1"
"24","Protochampsidae","Protochampsidae.1"
"25","Indohyus","Indohyus.1"
"26","Nothosaurus_102","Nothosaurus_102.1"
"27","Protochampsidae","Protochampsidae.2"
"28","Cricosaurus","Cricosaurus.1"
"29","Indohyus","Indohyus.2"
"30","Hydromys_chrysogaster","Hydromys_chrysogaster.1"
"31","Psephoderma","Psephoderma.1"
"32","Protochampsidae","Protochampsidae.3"
"33","Small_Eocene_penguin","Small_Eocene_penguin.1"
"34","Ichtyosaurus_","Ichtyosaurus_.1"
"35","Choeropsis_liberiensis","Choeropsis_liberiensis.1"
"36","Protochampsidae","Protochampsidae.4"
"37","Indohyus","Indohyus.3"
"38","Lutra_vulgaris","Lutra_vulgaris.1"
"39","Ichtyosaur_sp","Ichtyosaur_sp.1"
"40","Serpianosaurus","Serpianosaurus.1"
"41","Ichtyosaur_sp","Ichtyosaur_sp.2"
"42","Spinosaurus_","Spinosaurus_.1"
"43","Spinosaurus_","Spinosaurus_.2"
"44","Spinosaurus_","Spinosaurus_.3"
"45","Spinosaurus_","Spinosaurus_.4"
"46","Spinosaurus_","Spinosaurus_.5"
"47","Spinosaurus_","Spinosaurus_.6"
"48","Spinosaurus_","Spinosaurus_.7"
"49","Spinosaurus_","Spinosaurus_.8"
"50","Spinosaurus_","Spinosaurus_.9"
"51","Spinosaurus_","Spinosaurus_.10"
"52","Spinosaurus_","Spinosaurus_.11"
"53","Suchomimus","Suchomimus.1"
"54","Suchomimus","Suchomimus.2"
"55","Suchomimus","Suchomimus.3"
"56","Baryonyx","Baryonyx.1"
"57","Baryonyx","Baryonyx.2"
"58","Baryonyx","Baryonyx.3"
 
* Phylo tree and the main data and strata files have been modified to include duplicated taxa before the scaled random trees are generated.
* Selected categorical labels column: diving.or.not
* diving.or.equal column is identical to Diving column.
* Regression excludes flying taxa.
* Diving labels that are present in regression: 0,2
* lambda (calculated from a random tree) = : 0.15
* index-name alignment check: OK
