Logfile for a session of program: bootstrap_binary.r
-----------------------------------------------------
INPUT:
workDir: C:/dino_nature/output/2023-11-07-D1\bs/set_139
Nbootstrapsets: 2000
phyloFDAfile: c:/dino_nature/code/phylo.fda.R
auxFile: c:/dino_nature/code/auxiliary.r
boneType: femur
regressionData.file: C:/dino_nature/output/2023-11-07-D1\bs/set_139/femur_set_139.csv
applyDataFilter: FALSE
addTreeTips: TRUE
Ntrees: 100
calculateTrees: TRUE
saveTrees: FALSE


OPERATIONAL CHECKS:
* Regression data contains multiple copies of some taxa (user added variants of existing test taxa 
   or replacements due to bootstrap are present) which are not in the phylo tree:
     original taxon,   duplicate   
"1","Rangifer_tarandus","Rangifer_tarandus.1"
"2","Vulpes_vulpes","Vulpes_vulpes.1"
"3","Cephalophus_silvicultor","Cephalophus_silvicultor.1"
"4","Felis_felis","Felis_felis.1"
"5","Uncia_uncia","Uncia_uncia.1"
"6","Strigiops_habroptilus","Strigiops_habroptilus.1"
"7","Rattus_rattus","Rattus_rattus.1"
"8","Dromaius_","Dromaius_.1"
"9","Dromaius_","Dromaius_.2"
"10","Lama_guanicoe","Lama_guanicoe.1"
"11","Rattus_rattus","Rattus_rattus.2"
"12","Rhynchocyon_petersi","Rhynchocyon_petersi.1"
"13","Paguma_larvata","Paguma_larvata.1"
"14","Sus_scrofa","Sus_scrofa.1"
"15","Strigiops_habroptilus","Strigiops_habroptilus.2"
"16","Xenicus_giliventris","Xenicus_giliventris.1"
"17","Raphus","Raphus.1"
"18","Felis_felis","Felis_felis.2"
"19","Porphyrio_hochstetteri","Porphyrio_hochstetteri.1"
"20","Cephalophus_silvicultor","Cephalophus_silvicultor.2"
"21","Elephas_maximus","Elephas_maximus.1"
"22","Paguma_larvata","Paguma_larvata.2"
"23","Dasyurus_maculatus","Dasyurus_maculatus.1"
"24","Callophoca_obscura","Callophoca_obscura.1"
"25","Remingtonocetus","Remingtonocetus.1"
"26","Remingtonocetus","Remingtonocetus.2"
"27","Nanophoca_vitulinoides","Nanophoca_vitulinoides.1"
"28","Neusticosaurus","Neusticosaurus.1"
"29","Nothosaurus_mirabilis_1","Nothosaurus_mirabilis_1.1"
"30","Dyrosaurid","Dyrosaurid.1"
"31","Cryptoclidus","Cryptoclidus.1"
"32","Hippopotamus_amphibius","Hippopotamus_amphibius.1"
"33","Hippopotamus_amphibius","Hippopotamus_amphibius.2"
"34","Maiacetus","Maiacetus.1"
"35","Hippopotamus_amphibius","Hippopotamus_amphibius.3"
"36","Neusticosaurus","Neusticosaurus.2"
"37","Cryptoclidus","Cryptoclidus.2"
"38","Psephoderma","Psephoderma.1"
"39","Nothosaurus_mirabilis","Nothosaurus_mirabilis.1"
"40","Hippopotamus_amphibius","Hippopotamus_amphibius.4"
"41","Noemys_fodies","Noemys_fodies.1"
"42","Psephoderma","Psephoderma.2"
"43","Dyrosaurid","Dyrosaurid.2"
"44","Rodhocetus","Rodhocetus.1"
"45","large_eocene_stem_penguin","large_eocene_stem_penguin.1"
"46","Noemys_fodies","Noemys_fodies.2"
"47","Ichtyosaur_sp","Ichtyosaur_sp.1"
"48","Spinosaurus_","Spinosaurus_.1"
"49","Spinosaurus_","Spinosaurus_.2"
"50","Spinosaurus_","Spinosaurus_.3"
"51","Spinosaurus_","Spinosaurus_.4"
"52","Spinosaurus_","Spinosaurus_.5"
"53","Spinosaurus_","Spinosaurus_.6"
"54","Spinosaurus_","Spinosaurus_.7"
"55","Spinosaurus_","Spinosaurus_.8"
"56","Spinosaurus_","Spinosaurus_.9"
"57","Spinosaurus_","Spinosaurus_.10"
"58","Spinosaurus_","Spinosaurus_.11"
"59","Suchomimus","Suchomimus.1"
"60","Suchomimus","Suchomimus.2"
"61","Suchomimus","Suchomimus.3"
"62","Baryonyx","Baryonyx.1"
"63","Baryonyx","Baryonyx.2"
"64","Baryonyx","Baryonyx.3"
 
* Phylo tree and the main data and strata files have been modified to include duplicated taxa before the scaled random trees are generated.
* Selected categorical labels column: diving.or.not
* diving.or.equal column is identical to Diving column.
* Regression excludes flying taxa.
* Diving labels that are present in regression: 0,2
* lambda (calculated from a random tree) = : 0.08
* index-name alignment check: OK
