Logfile for a session of program: bootstrap_binary.r
-----------------------------------------------------
INPUT:
workDir: C:/dino_nature/output/2023-11-07-D1\bs/set_1243
Nbootstrapsets: 2000
phyloFDAfile: c:/dino_nature/code/phylo.fda.R
auxFile: c:/dino_nature/code/auxiliary.r
boneType: femur
regressionData.file: C:/dino_nature/output/2023-11-07-D1\bs/set_1243/femur_set_1243.csv
applyDataFilter: FALSE
addTreeTips: TRUE
Ntrees: 100
calculateTrees: TRUE
saveTrees: FALSE


OPERATIONAL CHECKS:
* Regression data contains multiple copies of some taxa (user added variants of existing test taxa 
   or replacements due to bootstrap are present) which are not in the phylo tree:
     original taxon,   duplicate   
"1","Caloenas_nicobarica","Caloenas_nicobarica.1"
"2","Sus_scrofa","Sus_scrofa.1"
"3","Elomeryx_borbonicus_","Elomeryx_borbonicus_.1"
"4","Sus_scrofa","Sus_scrofa.2"
"5","Tamandua_tetradactyla","Tamandua_tetradactyla.1"
"6","Tamandua_tetradactyla","Tamandua_tetradactyla.2"
"7","Rynochetus_jubatus","Rynochetus_jubatus.1"
"8","Apteryx_owenii_","Apteryx_owenii_.1"
"9","Elephas_maximus","Elephas_maximus.1"
"10","Sus_scrofa","Sus_scrofa.3"
"11","Diplomesodon_pulchellum","Diplomesodon_pulchellum.1"
"12","Elomeryx_borbonicus_","Elomeryx_borbonicus_.2"
"13","Monodelphis_domestica","Monodelphis_domestica.1"
"14","Porphyrio_hochstetteri","Porphyrio_hochstetteri.1"
"15","Apteryx_australis","Apteryx_australis.1"
"16","Tribonyx_mortieri","Tribonyx_mortieri.1"
"17","Tribonyx_mortieri","Tribonyx_mortieri.2"
"18","Nyctereutes_procyonoides","Nyctereutes_procyonoides.1"
"19","Tribonyx_mortieri","Tribonyx_mortieri.3"
"20","Rhinoceros_sondaicus","Rhinoceros_sondaicus.1"
"21","Sus_scrofa","Sus_scrofa.4"
"22","Sus_scrofa","Sus_scrofa.5"
"23","Protochampsidae","Protochampsidae.1"
"24","Phocanella_pumila","Phocanella_pumila.1"
"25","Rodhocetus","Rodhocetus.1"
"26","Castor_fiber","Castor_fiber.1"
"27","Chironectes_minimus","Chironectes_minimus.1"
"28","Lutra_vulgaris","Lutra_vulgaris.1"
"29","Ichtyosaur_sp","Ichtyosaur_sp.1"
"30","Ornithorhynchus_anatinus","Ornithorhynchus_anatinus.1"
"31","Caiman_yacare","Caiman_yacare.1"
"32","Castor_fiber","Castor_fiber.2"
"33","Callophoca_obscura","Callophoca_obscura.1"
"34","Placodontia_indet_1","Placodontia_indet_1.1"
"35","Callophoca_obscura","Callophoca_obscura.2"
"36","Nothosaurus_102","Nothosaurus_102.1"
"37","Small_Eocene_penguin","Small_Eocene_penguin.1"
"38","Small_Eocene_penguin","Small_Eocene_penguin.2"
"39","Nothosaurus_568","Nothosaurus_568.1"
"40","Protochampsidae","Protochampsidae.2"
"41","Metryorhynchus","Metryorhynchus.1"
"42","Nothosaurus_150","Nothosaurus_150.1"
"43","Spinosaurus_","Spinosaurus_.1"
"44","Spinosaurus_","Spinosaurus_.2"
"45","Spinosaurus_","Spinosaurus_.3"
"46","Spinosaurus_","Spinosaurus_.4"
"47","Spinosaurus_","Spinosaurus_.5"
"48","Spinosaurus_","Spinosaurus_.6"
"49","Spinosaurus_","Spinosaurus_.7"
"50","Spinosaurus_","Spinosaurus_.8"
"51","Spinosaurus_","Spinosaurus_.9"
"52","Spinosaurus_","Spinosaurus_.10"
"53","Spinosaurus_","Spinosaurus_.11"
"54","Suchomimus","Suchomimus.1"
"55","Suchomimus","Suchomimus.2"
"56","Suchomimus","Suchomimus.3"
"57","Baryonyx","Baryonyx.1"
"58","Baryonyx","Baryonyx.2"
"59","Baryonyx","Baryonyx.3"
 
* Phylo tree and the main data and strata files have been modified to include duplicated taxa before the scaled random trees are generated.
* Selected categorical labels column: diving.or.not
* diving.or.equal column is identical to Diving column.
* Regression excludes flying taxa.
* Diving labels that are present in regression: 0,2
* lambda (calculated from a random tree) = : 0.11
* index-name alignment check: OK
