Logfile for a session of program: bootstrap_binary.r
-----------------------------------------------------
INPUT:
workDir: C:/dino_nature/output/2023-11-07-D1\bs/set_1164
Nbootstrapsets: 2000
phyloFDAfile: c:/dino_nature/code/phylo.fda.R
auxFile: c:/dino_nature/code/auxiliary.r
boneType: femur
regressionData.file: C:/dino_nature/output/2023-11-07-D1\bs/set_1164/femur_set_1164.csv
applyDataFilter: FALSE
addTreeTips: TRUE
Ntrees: 100
calculateTrees: TRUE
saveTrees: FALSE


OPERATIONAL CHECKS:
* Regression data contains multiple copies of some taxa (user added variants of existing test taxa 
   or replacements due to bootstrap are present) which are not in the phylo tree:
     original taxon,   duplicate   
"1","Procavia_capensis","Procavia_capensis.1"
"2","Sus_scrofa","Sus_scrofa.1"
"3","Uncia_uncia","Uncia_uncia.1"
"4","Alces_americanus","Alces_americanus.1"
"5","Nyctereutes_procyonoides","Nyctereutes_procyonoides.1"
"6","Rangifer_tarandus","Rangifer_tarandus.1"
"7","Paguma_larvata","Paguma_larvata.1"
"8","Alces_americanus","Alces_americanus.2"
"9","Lama_guanicoe","Lama_guanicoe.1"
"10","Syncerus_caffer","Syncerus_caffer.1"
"11","Nyctereutes_procyonoides","Nyctereutes_procyonoides.2"
"12","Dromaius_","Dromaius_.1"
"13","Tribonyx_mortieri","Tribonyx_mortieri.1"
"14","Atlantisia_rogersi","Atlantisia_rogersi.1"
"15","Lama_guanicoe","Lama_guanicoe.2"
"16","Apteryx_owenii_","Apteryx_owenii_.1"
"17","Apteryx_australis","Apteryx_australis.1"
"18","Sphenodon_punctatus","Sphenodon_punctatus.1"
"19","Monodelphis_domestica","Monodelphis_domestica.1"
"20","Dyrosaurid","Dyrosaurid.1"
"21","Rhaeticosaurus","Rhaeticosaurus.1"
"22","Chapsosaurus_","Chapsosaurus_.1"
"23","Plesiosaurus","Plesiosaurus.1"
"24","Paraplacodus","Paraplacodus.1"
"25","Indohyus","Indohyus.1"
"26","Desmana_moschata","Desmana_moschata.1"
"27","Caiman_yacare","Caiman_yacare.1"
"28","Desmana_moschata","Desmana_moschata.2"
"29","Paraplacodus","Paraplacodus.2"
"30","Chironectes_minimus","Chironectes_minimus.1"
"31","Chironectes_minimus","Chironectes_minimus.2"
"32","Pistosaurus","Pistosaurus.1"
"33","Hesperornis","Hesperornis.1"
"34","Micropotamogale_euwenzorii","Micropotamogale_euwenzorii.1"
"35","Nothosaurus_giganteus","Nothosaurus_giganteus.1"
"36","Dyrosaurid","Dyrosaurid.2"
"37","Ichtyosaur_sp","Ichtyosaur_sp.1"
"38","Alligator","Alligator.1"
"39","Plesiosaurus","Plesiosaurus.2"
"40","Callophoca_obscura","Callophoca_obscura.1"
"41","Spinosaurus_","Spinosaurus_.1"
"42","Spinosaurus_","Spinosaurus_.2"
"43","Spinosaurus_","Spinosaurus_.3"
"44","Spinosaurus_","Spinosaurus_.4"
"45","Spinosaurus_","Spinosaurus_.5"
"46","Spinosaurus_","Spinosaurus_.6"
"47","Spinosaurus_","Spinosaurus_.7"
"48","Spinosaurus_","Spinosaurus_.8"
"49","Spinosaurus_","Spinosaurus_.9"
"50","Spinosaurus_","Spinosaurus_.10"
"51","Spinosaurus_","Spinosaurus_.11"
"52","Suchomimus","Suchomimus.1"
"53","Suchomimus","Suchomimus.2"
"54","Suchomimus","Suchomimus.3"
"55","Baryonyx","Baryonyx.1"
"56","Baryonyx","Baryonyx.2"
"57","Baryonyx","Baryonyx.3"
 
* Phylo tree and the main data and strata files have been modified to include duplicated taxa before the scaled random trees are generated.
* Selected categorical labels column: diving.or.not
* diving.or.equal column is identical to Diving column.
* Regression excludes flying taxa.
* Diving labels that are present in regression: 0,2
* lambda (calculated from a random tree) = : 0.08
* index-name alignment check: OK
