Logfile for a session of program: bootstrap_binary.r
-----------------------------------------------------
INPUT:
workDir: C:/dino_nature/output/2023-11-07-D1\bs/set_1594
Nbootstrapsets: 2000
phyloFDAfile: c:/dino_nature/code/phylo.fda.R
auxFile: c:/dino_nature/code/auxiliary.r
boneType: femur
regressionData.file: C:/dino_nature/output/2023-11-07-D1\bs/set_1594/femur_set_1594.csv
applyDataFilter: FALSE
addTreeTips: TRUE
Ntrees: 100
calculateTrees: TRUE
saveTrees: FALSE


OPERATIONAL CHECKS:
* Regression data contains multiple copies of some taxa (user added variants of existing test taxa 
   or replacements due to bootstrap are present) which are not in the phylo tree:
     original taxon,   duplicate   
"1","Rynochetus_jubatus","Rynochetus_jubatus.1"
"2","Paguma_larvata","Paguma_larvata.1"
"3","Paguma_larvata","Paguma_larvata.2"
"4","Cephalophus_silvicultor","Cephalophus_silvicultor.1"
"5","Rynochetus_jubatus","Rynochetus_jubatus.2"
"6","Tribonyx_mortieri","Tribonyx_mortieri.1"
"7","Capreolus_capreolus","Capreolus_capreolus.1"
"8","Sus_scrofa","Sus_scrofa.1"
"9","Monodelphis_domestica","Monodelphis_domestica.1"
"10","Vulpes_vulpes","Vulpes_vulpes.1"
"11","Procyon_lotor","Procyon_lotor.1"
"12","Tenrec_ecaudatus","Tenrec_ecaudatus.1"
"13","Pogona_viceps","Pogona_viceps.1"
"14","Rangifer_tarandus","Rangifer_tarandus.1"
"15","Apteryx_owenii_","Apteryx_owenii_.1"
"16","Brachyodus_onoideum","Brachyodus_onoideum.1"
"17","Procyon_lotor","Procyon_lotor.2"
"18","Okapia_johnstoni","Okapia_johnstoni.1"
"19","Rattus_rattus","Rattus_rattus.1"
"20","Uncia_uncia","Uncia_uncia.1"
"21","Okapia_johnstoni","Okapia_johnstoni.2"
"22","Rhinoceros_sondaicus","Rhinoceros_sondaicus.1"
"23","Nothosaurus_102","Nothosaurus_102.1"
"24","Simosaurus","Simosaurus.1"
"25","Simosaurus","Simosaurus.2"
"26","Nothosaurus_568","Nothosaurus_568.1"
"27","Nothosaurus_giganteus","Nothosaurus_giganteus.1"
"28","Desmostylus_hesperus","Desmostylus_hesperus.1"
"29","Serpianosaurus","Serpianosaurus.1"
"30","Cricosaurus","Cricosaurus.1"
"31","Hexaprotodon_garyam","Hexaprotodon_garyam.1"
"32","Ornithorhynchus_anatinus","Ornithorhynchus_anatinus.1"
"33","Nothosaurus_568","Nothosaurus_568.2"
"34","Hexaprotodon_garyam","Hexaprotodon_garyam.2"
"35","large_eocene_stem_penguin","large_eocene_stem_penguin.1"
"36","Serpianosaurus","Serpianosaurus.2"
"37","Callophoca_obscura","Callophoca_obscura.1"
"38","Paraplacodus","Paraplacodus.1"
"39","Cricosaurus","Cricosaurus.2"
"40","Nanophoca_vitulinoides","Nanophoca_vitulinoides.1"
"41","Paraplacodus","Paraplacodus.2"
"42","Spinosaurus_","Spinosaurus_.1"
"43","Spinosaurus_","Spinosaurus_.2"
"44","Spinosaurus_","Spinosaurus_.3"
"45","Spinosaurus_","Spinosaurus_.4"
"46","Spinosaurus_","Spinosaurus_.5"
"47","Spinosaurus_","Spinosaurus_.6"
"48","Spinosaurus_","Spinosaurus_.7"
"49","Spinosaurus_","Spinosaurus_.8"
"50","Spinosaurus_","Spinosaurus_.9"
"51","Spinosaurus_","Spinosaurus_.10"
"52","Spinosaurus_","Spinosaurus_.11"
"53","Suchomimus","Suchomimus.1"
"54","Suchomimus","Suchomimus.2"
"55","Suchomimus","Suchomimus.3"
"56","Baryonyx","Baryonyx.1"
"57","Baryonyx","Baryonyx.2"
"58","Baryonyx","Baryonyx.3"
 
* Phylo tree and the main data and strata files have been modified to include duplicated taxa before the scaled random trees are generated.
* Selected categorical labels column: diving.or.not
* diving.or.equal column is identical to Diving column.
* Regression excludes flying taxa.
* Diving labels that are present in regression: 0,2
* lambda (calculated from a random tree) = : 0.08
* index-name alignment check: OK
