Logfile for a session of program: bootstrap_binary.r
-----------------------------------------------------
INPUT:
workDir: C:/dino_nature/output/2023-11-07-D1\bs/set_1382
Nbootstrapsets: 2000
phyloFDAfile: c:/dino_nature/code/phylo.fda.R
auxFile: c:/dino_nature/code/auxiliary.r
boneType: femur
regressionData.file: C:/dino_nature/output/2023-11-07-D1\bs/set_1382/femur_set_1382.csv
applyDataFilter: FALSE
addTreeTips: TRUE
Ntrees: 100
calculateTrees: TRUE
saveTrees: FALSE


OPERATIONAL CHECKS:
* Regression data contains multiple copies of some taxa (user added variants of existing test taxa 
   or replacements due to bootstrap are present) which are not in the phylo tree:
     original taxon,   duplicate   
"1","Diplomesodon_pulchellum","Diplomesodon_pulchellum.1"
"2","Capreolus_capreolus","Capreolus_capreolus.1"
"3","Microgale_thomasi","Microgale_thomasi.1"
"4","Tribonyx_mortieri","Tribonyx_mortieri.1"
"5","Vulpes_vulpes","Vulpes_vulpes.1"
"6","Meles_meles","Meles_meles.1"
"7","Diplomesodon_pulchellum","Diplomesodon_pulchellum.2"
"8","Microgale_thomasi","Microgale_thomasi.2"
"9","Rhinoceros_sondaicus","Rhinoceros_sondaicus.1"
"10","Tribonyx_mortieri","Tribonyx_mortieri.2"
"11","Uncia_uncia","Uncia_uncia.1"
"12","Tamandua_tetradactyla","Tamandua_tetradactyla.1"
"13","Procyon_lotor","Procyon_lotor.1"
"14","Rynochetus_jubatus","Rynochetus_jubatus.1"
"15","Tribonyx_mortieri","Tribonyx_mortieri.3"
"16","Rattus_rattus","Rattus_rattus.1"
"17","Felis_felis","Felis_felis.1"
"18","Dicerorhinus_sumatrensis","Dicerorhinus_sumatrensis.1"
"19","Rhynchocyon_petersi","Rhynchocyon_petersi.1"
"20","Okapia_johnstoni","Okapia_johnstoni.1"
"21","Remingtonocetus","Remingtonocetus.1"
"22","Placondontia_indet","Placondontia_indet.1"
"23","Champsosaurus","Champsosaurus.1"
"24","Chironectes_minimus","Chironectes_minimus.1"
"25","Spheniscus","Spheniscus.1"
"26","Spheniscus","Spheniscus.2"
"27","Desmostylus_hesperus","Desmostylus_hesperus.1"
"28","Callophoca_obscura","Callophoca_obscura.1"
"29","Callophoca_obscura","Callophoca_obscura.2"
"30","Placodontia_indet_1","Placodontia_indet_1.1"
"31","Protochampsidae","Protochampsidae.1"
"32","Cricosaurus","Cricosaurus.1"
"33","Caiman_yacare","Caiman_yacare.1"
"34","Serpianosaurus","Serpianosaurus.1"
"35","Phocanella_pumila","Phocanella_pumila.1"
"36","Nothosaurus_mirabilis","Nothosaurus_mirabilis.1"
"37","Caiman_yacare","Caiman_yacare.2"
"38","Choeropsis_liberiensis","Choeropsis_liberiensis.1"
"39","Micropotamogale_euwenzorii","Micropotamogale_euwenzorii.1"
"40","Noemys_fodies","Noemys_fodies.1"
"41","Cryptoclidus","Cryptoclidus.1"
"42","Alligator","Alligator.1"
"43","Palaeospheniscus","Palaeospheniscus.1"
"44","Spinosaurus_","Spinosaurus_.1"
"45","Spinosaurus_","Spinosaurus_.2"
"46","Spinosaurus_","Spinosaurus_.3"
"47","Spinosaurus_","Spinosaurus_.4"
"48","Spinosaurus_","Spinosaurus_.5"
"49","Spinosaurus_","Spinosaurus_.6"
"50","Spinosaurus_","Spinosaurus_.7"
"51","Spinosaurus_","Spinosaurus_.8"
"52","Spinosaurus_","Spinosaurus_.9"
"53","Spinosaurus_","Spinosaurus_.10"
"54","Spinosaurus_","Spinosaurus_.11"
"55","Suchomimus","Suchomimus.1"
"56","Suchomimus","Suchomimus.2"
"57","Suchomimus","Suchomimus.3"
"58","Baryonyx","Baryonyx.1"
"59","Baryonyx","Baryonyx.2"
"60","Baryonyx","Baryonyx.3"
 
* Phylo tree and the main data and strata files have been modified to include duplicated taxa before the scaled random trees are generated.
* Selected categorical labels column: diving.or.not
* diving.or.equal column is identical to Diving column.
* Regression excludes flying taxa.
* Diving labels that are present in regression: 0,2
* lambda (calculated from a random tree) = : 0.07
* index-name alignment check: OK
