Logfile for a session of program: bootstrap_binary.r
-----------------------------------------------------
INPUT:
workDir: C:/dino_nature/output/2023-11-07-D1\bs/set_167
Nbootstrapsets: 2000
phyloFDAfile: c:/dino_nature/code/phylo.fda.R
auxFile: c:/dino_nature/code/auxiliary.r
boneType: femur
regressionData.file: C:/dino_nature/output/2023-11-07-D1\bs/set_167/femur_set_167.csv
applyDataFilter: FALSE
addTreeTips: TRUE
Ntrees: 100
calculateTrees: TRUE
saveTrees: FALSE


OPERATIONAL CHECKS:
* Regression data contains multiple copies of some taxa (user added variants of existing test taxa 
   or replacements due to bootstrap are present) which are not in the phylo tree:
     original taxon,   duplicate   
"1","Rattus_rattus","Rattus_rattus.1"
"2","Meles_meles","Meles_meles.1"
"3","Bos_taurus","Bos_taurus.1"
"4","Rupicapra_rupicapra","Rupicapra_rupicapra.1"
"5","Elomeryx_borbonicus_","Elomeryx_borbonicus_.1"
"6","Bos_taurus","Bos_taurus.2"
"7","Felis_felis","Felis_felis.1"
"8","Elomeryx_borbonicus_","Elomeryx_borbonicus_.2"
"9","Monodelphis_domestica","Monodelphis_domestica.1"
"10","Procyon_lotor","Procyon_lotor.1"
"11","Felis_felis","Felis_felis.2"
"12","Tenrec_ecaudatus","Tenrec_ecaudatus.1"
"13","Sus_scrofa","Sus_scrofa.1"
"14","Lacerta_viridis","Lacerta_viridis.1"
"15","Rattus_rattus","Rattus_rattus.2"
"16","Monodelphis_domestica","Monodelphis_domestica.2"
"17","Rynochetus_jubatus","Rynochetus_jubatus.1"
"18","Rynochetus_jubatus","Rynochetus_jubatus.2"
"19","Loxodonta_africana","Loxodonta_africana.1"
"20","Rhynchocyon_petersi","Rhynchocyon_petersi.1"
"21","Tamandua_tetradactyla","Tamandua_tetradactyla.1"
"22","Rupicapra_rupicapra","Rupicapra_rupicapra.2"
"23","Aptenodytes______","Aptenodytes______.1"
"24","Tapirus_terrestris","Tapirus_terrestris.1"
"25","Caiman_yacare","Caiman_yacare.1"
"26","Ichtyosaurus_","Ichtyosaurus_.1"
"27","Cricosaurus","Cricosaurus.1"
"28","Leptophoca_proxima","Leptophoca_proxima.1"
"29","Aptenodytes______","Aptenodytes______.2"
"30","Neusticosaurus","Neusticosaurus.1"
"31","Simosaurus_1","Simosaurus_1.1"
"32","Simosaurus_1","Simosaurus_1.2"
"33","Rodhocetus","Rodhocetus.1"
"34","Metryorhynchus","Metryorhynchus.1"
"35","Chapsosaurus_","Chapsosaurus_.1"
"36","Ichtyosaurus_","Ichtyosaurus_.2"
"37","Champsosaurus","Champsosaurus.1"
"38","Basilosaurus","Basilosaurus.1"
"39","Pistosaurus","Pistosaurus.1"
"40","Palaeospheniscus","Palaeospheniscus.1"
"41","Nothosaurus_102","Nothosaurus_102.1"
"42","Lutra_vulgaris","Lutra_vulgaris.1"
"43","Spinosaurus_","Spinosaurus_.1"
"44","Spinosaurus_","Spinosaurus_.2"
"45","Spinosaurus_","Spinosaurus_.3"
"46","Spinosaurus_","Spinosaurus_.4"
"47","Spinosaurus_","Spinosaurus_.5"
"48","Spinosaurus_","Spinosaurus_.6"
"49","Spinosaurus_","Spinosaurus_.7"
"50","Spinosaurus_","Spinosaurus_.8"
"51","Spinosaurus_","Spinosaurus_.9"
"52","Spinosaurus_","Spinosaurus_.10"
"53","Spinosaurus_","Spinosaurus_.11"
"54","Suchomimus","Suchomimus.1"
"55","Suchomimus","Suchomimus.2"
"56","Suchomimus","Suchomimus.3"
"57","Baryonyx","Baryonyx.1"
"58","Baryonyx","Baryonyx.2"
"59","Baryonyx","Baryonyx.3"
 
* Phylo tree and the main data and strata files have been modified to include duplicated taxa before the scaled random trees are generated.
* Selected categorical labels column: diving.or.not
* diving.or.equal column is identical to Diving column.
* Regression excludes flying taxa.
* Diving labels that are present in regression: 0,2
* lambda (calculated from a random tree) = : 0.13
* index-name alignment check: OK
