Logfile for a session of program: bootstrap_binary.r
-----------------------------------------------------
INPUT:
workDir: C:/dino_nature/output/2023-11-07-D1\bs/set_1635
Nbootstrapsets: 2000
phyloFDAfile: c:/dino_nature/code/phylo.fda.R
auxFile: c:/dino_nature/code/auxiliary.r
boneType: femur
regressionData.file: C:/dino_nature/output/2023-11-07-D1\bs/set_1635/femur_set_1635.csv
applyDataFilter: FALSE
addTreeTips: TRUE
Ntrees: 100
calculateTrees: TRUE
saveTrees: FALSE


OPERATIONAL CHECKS:
* Regression data contains multiple copies of some taxa (user added variants of existing test taxa 
   or replacements due to bootstrap are present) which are not in the phylo tree:
     original taxon,   duplicate   
"1","Dama_dama","Dama_dama.1"
"2","Elomeryx_borbonicus_","Elomeryx_borbonicus_.1"
"3","Taxidea_taxus","Taxidea_taxus.1"
"4","Nyctereutes_procyonoides","Nyctereutes_procyonoides.1"
"5","Apteryx_owenii_","Apteryx_owenii_.1"
"6","Raphus","Raphus.1"
"7","Cephalophus_silvicultor","Cephalophus_silvicultor.1"
"8","Syncerus_caffer","Syncerus_caffer.1"
"9","Rhynchocyon_petersi","Rhynchocyon_petersi.1"
"10","Felis_felis","Felis_felis.1"
"11","Bos_taurus","Bos_taurus.1"
"12","Felis_felis","Felis_felis.2"
"13","Paguma_larvata","Paguma_larvata.1"
"14","Uncia_uncia","Uncia_uncia.1"
"15","Tenrec_ecaudatus","Tenrec_ecaudatus.1"
"16","Meles_meles","Meles_meles.1"
"17","Tenrec_ecaudatus","Tenrec_ecaudatus.2"
"18","Meles_meles","Meles_meles.2"
"19","Myrmecophaga_tridactyla","Myrmecophaga_tridactyla.1"
"20","Apteryx_owenii_","Apteryx_owenii_.2"
"21","Mustela_nivalis","Mustela_nivalis.1"
"22","Bison_bonasus","Bison_bonasus.1"
"23","Dasyurus_maculatus","Dasyurus_maculatus.1"
"24","Paguma_larvata","Paguma_larvata.2"
"25","Capreolus_capreolus","Capreolus_capreolus.1"
"26","Remingtonocetus","Remingtonocetus.1"
"27","Plesiosaurus","Plesiosaurus.1"
"28","Choeropsis_liberiensis","Choeropsis_liberiensis.1"
"29","Phalacrocorax_harrisi","Phalacrocorax_harrisi.1"
"30","Castor_fiber","Castor_fiber.1"
"31","Castor_fiber","Castor_fiber.2"
"32","Choeropsis_liberiensis","Choeropsis_liberiensis.2"
"33","Simosaurus","Simosaurus.1"
"34","Palaeospheniscus","Palaeospheniscus.1"
"35","Micropotamogale_euwenzorii","Micropotamogale_euwenzorii.1"
"36","Paraplacodus","Paraplacodus.1"
"37","Paraplacodus","Paraplacodus.2"
"38","Noemys_fodies","Noemys_fodies.1"
"39","Nothosaurus_102","Nothosaurus_102.1"
"40","Aptenodytes______","Aptenodytes______.1"
"41","Plesiosaurus","Plesiosaurus.2"
"42","Neusticosaurus","Neusticosaurus.1"
"43","Hydromys_chrysogaster","Hydromys_chrysogaster.1"
"44","Castor_fiber","Castor_fiber.3"
"45","Hydromys_chrysogaster","Hydromys_chrysogaster.2"
"46","Remingtonocetus","Remingtonocetus.2"
"47","Nothosaurus_150","Nothosaurus_150.1"
"48","Spinosaurus_","Spinosaurus_.1"
"49","Spinosaurus_","Spinosaurus_.2"
"50","Spinosaurus_","Spinosaurus_.3"
"51","Spinosaurus_","Spinosaurus_.4"
"52","Spinosaurus_","Spinosaurus_.5"
"53","Spinosaurus_","Spinosaurus_.6"
"54","Spinosaurus_","Spinosaurus_.7"
"55","Spinosaurus_","Spinosaurus_.8"
"56","Spinosaurus_","Spinosaurus_.9"
"57","Spinosaurus_","Spinosaurus_.10"
"58","Spinosaurus_","Spinosaurus_.11"
"59","Suchomimus","Suchomimus.1"
"60","Suchomimus","Suchomimus.2"
"61","Suchomimus","Suchomimus.3"
"62","Baryonyx","Baryonyx.1"
"63","Baryonyx","Baryonyx.2"
"64","Baryonyx","Baryonyx.3"
 
* Phylo tree and the main data and strata files have been modified to include duplicated taxa before the scaled random trees are generated.
* Selected categorical labels column: diving.or.not
* diving.or.equal column is identical to Diving column.
* Regression excludes flying taxa.
* Diving labels that are present in regression: 0,2
* lambda (calculated from a random tree) = : 0.07
* index-name alignment check: OK
