Logfile for a session of program: bootstrap_binary.r
-----------------------------------------------------
INPUT:
workDir: C:/dino_nature/output/2023-11-07-D1\bs/set_1415
Nbootstrapsets: 2000
phyloFDAfile: c:/dino_nature/code/phylo.fda.R
auxFile: c:/dino_nature/code/auxiliary.r
boneType: femur
regressionData.file: C:/dino_nature/output/2023-11-07-D1\bs/set_1415/femur_set_1415.csv
applyDataFilter: FALSE
addTreeTips: TRUE
Ntrees: 100
calculateTrees: TRUE
saveTrees: FALSE


OPERATIONAL CHECKS:
* Regression data contains multiple copies of some taxa (user added variants of existing test taxa 
   or replacements due to bootstrap are present) which are not in the phylo tree:
     original taxon,   duplicate   
"1","Capreolus_capreolus","Capreolus_capreolus.1"
"2","Rynochetus_jubatus","Rynochetus_jubatus.1"
"3","Mus_musculus","Mus_musculus.1"
"4","Rynochetus_jubatus","Rynochetus_jubatus.2"
"5","Paguma_larvata","Paguma_larvata.1"
"6","Rynochetus_jubatus","Rynochetus_jubatus.3"
"7","Apteryx_australis","Apteryx_australis.1"
"8","Giraffa_camelopardalis","Giraffa_camelopardalis.1"
"9","Tribonyx_mortieri","Tribonyx_mortieri.1"
"10","Monodelphis_domestica","Monodelphis_domestica.1"
"11","Tribonyx_mortieri","Tribonyx_mortieri.2"
"12","Paguma_larvata","Paguma_larvata.2"
"13","Mus_musculus","Mus_musculus.2"
"14","Rynochetus_jubatus","Rynochetus_jubatus.4"
"15","Capreolus_capreolus","Capreolus_capreolus.2"
"16","Cephalophus_silvicultor","Cephalophus_silvicultor.1"
"17","Rynochetus_jubatus","Rynochetus_jubatus.5"
"18","Elephas_maximus","Elephas_maximus.1"
"19","Rhinoceros_sondaicus","Rhinoceros_sondaicus.1"
"20","Meles_meles","Meles_meles.1"
"21","Monodelphis_domestica","Monodelphis_domestica.2"
"22","Mustela_nivalis","Mustela_nivalis.1"
"23","Rhinoceros_sondaicus","Rhinoceros_sondaicus.2"
"24","Dyrosaurid","Dyrosaurid.1"
"25","Simosaurus","Simosaurus.1"
"26","Spheniscus","Spheniscus.1"
"27","Maiacetus","Maiacetus.1"
"28","Maiacetus","Maiacetus.2"
"29","Ornithorhynchus_anatinus","Ornithorhynchus_anatinus.1"
"30","Nothosaurus_102","Nothosaurus_102.1"
"31","Psephoderma","Psephoderma.1"
"32","Serpianosaurus","Serpianosaurus.1"
"33","Otaria_byronia","Otaria_byronia.1"
"34","Noemys_fodies","Noemys_fodies.1"
"35","Rhaeticosaurus","Rhaeticosaurus.1"
"36","Small_Eocene_penguin","Small_Eocene_penguin.1"
"37","Ichtyosaur_sp","Ichtyosaur_sp.1"
"38","Hydromys_chrysogaster","Hydromys_chrysogaster.1"
"39","Caiman_yacare","Caiman_yacare.1"
"40","Hippopotamus_amphibius","Hippopotamus_amphibius.1"
"41","Psephoderma","Psephoderma.2"
"42","Pistosaurus","Pistosaurus.1"
"43","Basilosaurus","Basilosaurus.1"
"44","Ichtyosaurus_","Ichtyosaurus_.1"
"45","Spinosaurus_","Spinosaurus_.1"
"46","Spinosaurus_","Spinosaurus_.2"
"47","Spinosaurus_","Spinosaurus_.3"
"48","Spinosaurus_","Spinosaurus_.4"
"49","Spinosaurus_","Spinosaurus_.5"
"50","Spinosaurus_","Spinosaurus_.6"
"51","Spinosaurus_","Spinosaurus_.7"
"52","Spinosaurus_","Spinosaurus_.8"
"53","Spinosaurus_","Spinosaurus_.9"
"54","Spinosaurus_","Spinosaurus_.10"
"55","Spinosaurus_","Spinosaurus_.11"
"56","Suchomimus","Suchomimus.1"
"57","Suchomimus","Suchomimus.2"
"58","Suchomimus","Suchomimus.3"
"59","Baryonyx","Baryonyx.1"
"60","Baryonyx","Baryonyx.2"
"61","Baryonyx","Baryonyx.3"
 
* Phylo tree and the main data and strata files have been modified to include duplicated taxa before the scaled random trees are generated.
* Selected categorical labels column: diving.or.not
* diving.or.equal column is identical to Diving column.
* Regression excludes flying taxa.
* Diving labels that are present in regression: 0,2
* lambda (calculated from a random tree) = : 0.1
* index-name alignment check: OK
