Logfile for a session of program: bootstrap_binary.r
-----------------------------------------------------
INPUT:
workDir: C:/dino_nature/output/2023-11-07-D1\bs/set_85
Nbootstrapsets: 2000
phyloFDAfile: c:/dino_nature/code/phylo.fda.R
auxFile: c:/dino_nature/code/auxiliary.r
boneType: femur
regressionData.file: C:/dino_nature/output/2023-11-07-D1\bs/set_85/femur_set_85.csv
applyDataFilter: FALSE
addTreeTips: TRUE
Ntrees: 100
calculateTrees: TRUE
saveTrees: FALSE


OPERATIONAL CHECKS:
* Regression data contains multiple copies of some taxa (user added variants of existing test taxa 
   or replacements due to bootstrap are present) which are not in the phylo tree:
     original taxon,   duplicate   
"1","Rangifer_tarandus","Rangifer_tarandus.1"
"2","Dama_dama","Dama_dama.1"
"3","Monodelphis_domestica","Monodelphis_domestica.1"
"4","Loxodonta_africana","Loxodonta_africana.1"
"5","Rhynchocyon_petersi","Rhynchocyon_petersi.1"
"6","Monodelphis_domestica","Monodelphis_domestica.2"
"7","Okapia_johnstoni","Okapia_johnstoni.1"
"8","Nyctereutes_procyonoides","Nyctereutes_procyonoides.1"
"9","Lacerta_viridis","Lacerta_viridis.1"
"10","Dromaius_","Dromaius_.1"
"11","Microgale_thomasi","Microgale_thomasi.1"
"12","Syncerus_caffer","Syncerus_caffer.1"
"13","Nyctereutes_procyonoides","Nyctereutes_procyonoides.2"
"14","Megaloceros_sp","Megaloceros_sp.1"
"15","Monodelphis_domestica","Monodelphis_domestica.3"
"16","Meles_meles","Meles_meles.1"
"17","Alces_americanus","Alces_americanus.1"
"18","Raphus","Raphus.1"
"19","Caloenas_nicobarica","Caloenas_nicobarica.1"
"20","Nyctereutes_procyonoides","Nyctereutes_procyonoides.3"
"21","Elephas_maximus","Elephas_maximus.1"
"22","Okapia_johnstoni","Okapia_johnstoni.2"
"23","Vulpes_vulpes","Vulpes_vulpes.1"
"24","Rhaeticosaurus","Rhaeticosaurus.1"
"25","Micropotamogale_euwenzorii","Micropotamogale_euwenzorii.1"
"26","Paraplacodus","Paraplacodus.1"
"27","Chironectes_minimus","Chironectes_minimus.1"
"28","Phalacrocorax_harrisi","Phalacrocorax_harrisi.1"
"29","Maiacetus","Maiacetus.1"
"30","Maiacetus","Maiacetus.2"
"31","Nothosaurus_mirabilis","Nothosaurus_mirabilis.1"
"32","Nothosaurus_568","Nothosaurus_568.1"
"33","Paraplacodus","Paraplacodus.2"
"34","Basilosaurus","Basilosaurus.1"
"35","Metryorhynchus","Metryorhynchus.1"
"36","Rhaeticosaurus","Rhaeticosaurus.2"
"37","Rhaeticosaurus","Rhaeticosaurus.3"
"38","Desmostylus_hesperus","Desmostylus_hesperus.1"
"39","Simosaurus_1","Simosaurus_1.1"
"40","Nothosaurus_giganteus","Nothosaurus_giganteus.1"
"41","Lutra_vulgaris","Lutra_vulgaris.1"
"42","Chironectes_minimus","Chironectes_minimus.2"
"43","Nanophoca_vitulinoides","Nanophoca_vitulinoides.1"
"44","Hippopotamus_amphibius","Hippopotamus_amphibius.1"
"45","Micropotamogale_euwenzorii","Micropotamogale_euwenzorii.2"
"46","Nothosaurus_150","Nothosaurus_150.1"
"47","Spinosaurus_","Spinosaurus_.1"
"48","Spinosaurus_","Spinosaurus_.2"
"49","Spinosaurus_","Spinosaurus_.3"
"50","Spinosaurus_","Spinosaurus_.4"
"51","Spinosaurus_","Spinosaurus_.5"
"52","Spinosaurus_","Spinosaurus_.6"
"53","Spinosaurus_","Spinosaurus_.7"
"54","Spinosaurus_","Spinosaurus_.8"
"55","Spinosaurus_","Spinosaurus_.9"
"56","Spinosaurus_","Spinosaurus_.10"
"57","Spinosaurus_","Spinosaurus_.11"
"58","Suchomimus","Suchomimus.1"
"59","Suchomimus","Suchomimus.2"
"60","Suchomimus","Suchomimus.3"
"61","Baryonyx","Baryonyx.1"
"62","Baryonyx","Baryonyx.2"
"63","Baryonyx","Baryonyx.3"
 
* Phylo tree and the main data and strata files have been modified to include duplicated taxa before the scaled random trees are generated.
* Selected categorical labels column: diving.or.not
* diving.or.equal column is identical to Diving column.
* Regression excludes flying taxa.
* Diving labels that are present in regression: 0,2
* lambda (calculated from a random tree) = : 0.09
* index-name alignment check: OK
