Logfile for a session of program: bootstrap_binary.r
-----------------------------------------------------
INPUT:
workDir: C:/dino_nature/output/2023-11-07-D1\bs/set_1507
Nbootstrapsets: 2000
phyloFDAfile: c:/dino_nature/code/phylo.fda.R
auxFile: c:/dino_nature/code/auxiliary.r
boneType: femur
regressionData.file: C:/dino_nature/output/2023-11-07-D1\bs/set_1507/femur_set_1507.csv
applyDataFilter: FALSE
addTreeTips: TRUE
Ntrees: 100
calculateTrees: TRUE
saveTrees: FALSE


OPERATIONAL CHECKS:
* Regression data contains multiple copies of some taxa (user added variants of existing test taxa 
   or replacements due to bootstrap are present) which are not in the phylo tree:
     original taxon,   duplicate   
"1","Taxidea_taxus","Taxidea_taxus.1"
"2","Alces_americanus","Alces_americanus.1"
"3","Strigiops_habroptilus","Strigiops_habroptilus.1"
"4","Taxidea_taxus","Taxidea_taxus.2"
"5","Caloenas_nicobarica","Caloenas_nicobarica.1"
"6","Sus_scrofa","Sus_scrofa.1"
"7","Rhynchocyon_petersi","Rhynchocyon_petersi.1"
"8","Strigiops_habroptilus","Strigiops_habroptilus.2"
"9","Rynochetus_jubatus","Rynochetus_jubatus.1"
"10","Megaloceros_sp","Megaloceros_sp.1"
"11","Paguma_larvata","Paguma_larvata.1"
"12","Monodelphis_domestica","Monodelphis_domestica.1"
"13","Porphyrio_hochstetteri","Porphyrio_hochstetteri.1"
"14","Lama_guanicoe","Lama_guanicoe.1"
"15","Elomeryx_borbonicus_","Elomeryx_borbonicus_.1"
"16","Sus_scrofa","Sus_scrofa.2"
"17","Euroscaptor_micrura","Euroscaptor_micrura.1"
"18","Diplomesodon_pulchellum","Diplomesodon_pulchellum.1"
"19","Megaloceros_sp","Megaloceros_sp.2"
"20","Elomeryx_borbonicus_","Elomeryx_borbonicus_.2"
"21","Tribonyx_mortieri","Tribonyx_mortieri.1"
"22","Rhynchocyon_petersi","Rhynchocyon_petersi.2"
"23","Procavia_capensis","Procavia_capensis.1"
"24","Micropotamogale_euwenzorii","Micropotamogale_euwenzorii.1"
"25","Pistosaurus","Pistosaurus.1"
"26","Rodhocetus","Rodhocetus.1"
"27","Micropotamogale_euwenzorii","Micropotamogale_euwenzorii.2"
"28","Neusticosaurus","Neusticosaurus.1"
"29","Cryptoclidus","Cryptoclidus.1"
"30","Spheniscus","Spheniscus.1"
"31","Micropotamogale_euwenzorii","Micropotamogale_euwenzorii.3"
"32","Neusticosaurus","Neusticosaurus.2"
"33","Remingtonocetus","Remingtonocetus.1"
"34","Placodontia_indet_1","Placodontia_indet_1.1"
"35","Pistosaurus","Pistosaurus.2"
"36","Nothosaurus_102","Nothosaurus_102.1"
"37","Alligator","Alligator.1"
"38","Hexaprotodon_garyam","Hexaprotodon_garyam.1"
"39","Neusticosaurus","Neusticosaurus.3"
"40","Ornithorhynchus_anatinus","Ornithorhynchus_anatinus.1"
"41","Neusticosaurus","Neusticosaurus.4"
"42","Spheniscus","Spheniscus.2"
"43","Lutra_vulgaris","Lutra_vulgaris.1"
"44","Spinosaurus_","Spinosaurus_.1"
"45","Spinosaurus_","Spinosaurus_.2"
"46","Spinosaurus_","Spinosaurus_.3"
"47","Spinosaurus_","Spinosaurus_.4"
"48","Spinosaurus_","Spinosaurus_.5"
"49","Spinosaurus_","Spinosaurus_.6"
"50","Spinosaurus_","Spinosaurus_.7"
"51","Spinosaurus_","Spinosaurus_.8"
"52","Spinosaurus_","Spinosaurus_.9"
"53","Spinosaurus_","Spinosaurus_.10"
"54","Spinosaurus_","Spinosaurus_.11"
"55","Suchomimus","Suchomimus.1"
"56","Suchomimus","Suchomimus.2"
"57","Suchomimus","Suchomimus.3"
"58","Baryonyx","Baryonyx.1"
"59","Baryonyx","Baryonyx.2"
"60","Baryonyx","Baryonyx.3"
 
* Phylo tree and the main data and strata files have been modified to include duplicated taxa before the scaled random trees are generated.
* Selected categorical labels column: diving.or.not
* diving.or.equal column is identical to Diving column.
* Regression excludes flying taxa.
* Diving labels that are present in regression: 0,2
* lambda (calculated from a random tree) = : 0.05
* index-name alignment check: OK
