Logfile for a session of program: bootstrap_binary.r
-----------------------------------------------------
INPUT:
workDir: C:/dino_nature/output/2023-11-07-D1\bs/set_1403
Nbootstrapsets: 2000
phyloFDAfile: c:/dino_nature/code/phylo.fda.R
auxFile: c:/dino_nature/code/auxiliary.r
boneType: femur
regressionData.file: C:/dino_nature/output/2023-11-07-D1\bs/set_1403/femur_set_1403.csv
applyDataFilter: FALSE
addTreeTips: TRUE
Ntrees: 100
calculateTrees: TRUE
saveTrees: FALSE


OPERATIONAL CHECKS:
* Regression data contains multiple copies of some taxa (user added variants of existing test taxa 
   or replacements due to bootstrap are present) which are not in the phylo tree:
     original taxon,   duplicate   
"1","Dama_dama","Dama_dama.1"
"2","Bos_taurus","Bos_taurus.1"
"3","Myrmecophaga_tridactyla","Myrmecophaga_tridactyla.1"
"4","Xenicus_giliventris","Xenicus_giliventris.1"
"5","Mus_musculus","Mus_musculus.1"
"6","Mustela_nivalis","Mustela_nivalis.1"
"7","Diplomesodon_pulchellum","Diplomesodon_pulchellum.1"
"8","Alces_americanus","Alces_americanus.1"
"9","Dromaius_","Dromaius_.1"
"10","Diplomesodon_pulchellum","Diplomesodon_pulchellum.2"
"11","Rhinoceros_sondaicus","Rhinoceros_sondaicus.1"
"12","Brachyodus_onoideum","Brachyodus_onoideum.1"
"13","Rupicapra_rupicapra","Rupicapra_rupicapra.1"
"14","Mammuthus_sp","Mammuthus_sp.1"
"15","Felis_felis","Felis_felis.1"
"16","Procavia_capensis","Procavia_capensis.1"
"17","Rangifer_tarandus","Rangifer_tarandus.1"
"18","Mustela_nivalis","Mustela_nivalis.2"
"19","Procyon_lotor","Procyon_lotor.1"
"20","Loxodonta_africana","Loxodonta_africana.1"
"21","Rangifer_tarandus","Rangifer_tarandus.2"
"22","Rupicapra_rupicapra","Rupicapra_rupicapra.2"
"23","Lacerta_viridis","Lacerta_viridis.1"
"24","Sus_scrofa","Sus_scrofa.1"
"25","Rupicapra_rupicapra","Rupicapra_rupicapra.3"
"26","Nothosaurus_150","Nothosaurus_150.1"
"27","Placondontia_indet","Placondontia_indet.1"
"28","Lutra_vulgaris","Lutra_vulgaris.1"
"29","Nothosaurus_150","Nothosaurus_150.2"
"30","Rodhocetus","Rodhocetus.1"
"31","Champsosaurus","Champsosaurus.1"
"32","Rhaeticosaurus","Rhaeticosaurus.1"
"33","Lutra_vulgaris","Lutra_vulgaris.2"
"34","Placondontia_indet","Placondontia_indet.2"
"35","Phocanella_pumila","Phocanella_pumila.1"
"36","Nanophoca_vitulinoides","Nanophoca_vitulinoides.1"
"37","Placondontia_indet","Placondontia_indet.3"
"38","Champsosaurus","Champsosaurus.2"
"39","Aptenodytes______","Aptenodytes______.1"
"40","Alligator","Alligator.1"
"41","large_eocene_stem_penguin","large_eocene_stem_penguin.1"
"42","Ichtyosaurus_","Ichtyosaurus_.1"
"43","Paraplacodus","Paraplacodus.1"
"44","Palaeospheniscus","Palaeospheniscus.1"
"45","Nothosaurus_102","Nothosaurus_102.1"
"46","Serpianosaurus","Serpianosaurus.1"
"47","Desmana_moschata","Desmana_moschata.1"
"48","Rodhocetus","Rodhocetus.2"
"49","Serpianosaurus","Serpianosaurus.2"
"50","Spinosaurus_","Spinosaurus_.1"
"51","Spinosaurus_","Spinosaurus_.2"
"52","Spinosaurus_","Spinosaurus_.3"
"53","Spinosaurus_","Spinosaurus_.4"
"54","Spinosaurus_","Spinosaurus_.5"
"55","Spinosaurus_","Spinosaurus_.6"
"56","Spinosaurus_","Spinosaurus_.7"
"57","Spinosaurus_","Spinosaurus_.8"
"58","Spinosaurus_","Spinosaurus_.9"
"59","Spinosaurus_","Spinosaurus_.10"
"60","Spinosaurus_","Spinosaurus_.11"
"61","Suchomimus","Suchomimus.1"
"62","Suchomimus","Suchomimus.2"
"63","Suchomimus","Suchomimus.3"
"64","Baryonyx","Baryonyx.1"
"65","Baryonyx","Baryonyx.2"
"66","Baryonyx","Baryonyx.3"
 
* Phylo tree and the main data and strata files have been modified to include duplicated taxa before the scaled random trees are generated.
* Selected categorical labels column: diving.or.not
* diving.or.equal column is identical to Diving column.
* Regression excludes flying taxa.
* Diving labels that are present in regression: 0,2
* lambda (calculated from a random tree) = : 0.13
* index-name alignment check: OK
