Logfile for a session of program: bootstrap_binary.r
-----------------------------------------------------
INPUT:
workDir: C:/dino_nature/output/2023-11-07-D1\bs/set_1854
Nbootstrapsets: 2000
phyloFDAfile: c:/dino_nature/code/phylo.fda.R
auxFile: c:/dino_nature/code/auxiliary.r
boneType: femur
regressionData.file: C:/dino_nature/output/2023-11-07-D1\bs/set_1854/femur_set_1854.csv
applyDataFilter: FALSE
addTreeTips: TRUE
Ntrees: 100
calculateTrees: TRUE
saveTrees: FALSE


OPERATIONAL CHECKS:
* Regression data contains multiple copies of some taxa (user added variants of existing test taxa 
   or replacements due to bootstrap are present) which are not in the phylo tree:
     original taxon,   duplicate   
"1","Procavia_capensis","Procavia_capensis.1"
"2","Atlantisia_rogersi","Atlantisia_rogersi.1"
"3","Mammuthus_sp","Mammuthus_sp.1"
"4","Mammuthus_sp","Mammuthus_sp.2"
"5","Okapia_johnstoni","Okapia_johnstoni.1"
"6","Brachyodus_onoideum","Brachyodus_onoideum.1"
"7","Felis_felis","Felis_felis.1"
"8","Sphenodon_punctatus","Sphenodon_punctatus.1"
"9","Felis_felis","Felis_felis.2"
"10","Alces_americanus","Alces_americanus.1"
"11","Pogona_viceps","Pogona_viceps.1"
"12","Felis_felis","Felis_felis.3"
"13","Rynochetus_jubatus","Rynochetus_jubatus.1"
"14","Rangifer_tarandus","Rangifer_tarandus.1"
"15","Okapia_johnstoni","Okapia_johnstoni.2"
"16","Caloenas_nicobarica","Caloenas_nicobarica.1"
"17","Apteryx_owenii_","Apteryx_owenii_.1"
"18","Porphyrio_hochstetteri","Porphyrio_hochstetteri.1"
"19","Simosaurus_1","Simosaurus_1.1"
"20","Anarosaurus","Anarosaurus.1"
"21","Simosaurus","Simosaurus.1"
"22","Psephoderma","Psephoderma.1"
"23","Simosaurus_1","Simosaurus_1.2"
"24","Maiacetus","Maiacetus.1"
"25","Psephoderma","Psephoderma.2"
"26","Tapirus_terrestris","Tapirus_terrestris.1"
"27","Nothosaurus_giganteus","Nothosaurus_giganteus.1"
"28","Alligator","Alligator.1"
"29","Maiacetus","Maiacetus.2"
"30","Leptophoca_proxima","Leptophoca_proxima.1"
"31","Hydromys_chrysogaster","Hydromys_chrysogaster.1"
"32","large_eocene_stem_penguin","large_eocene_stem_penguin.1"
"33","Simosaurus_1","Simosaurus_1.3"
"34","Nanophoca_vitulinoides","Nanophoca_vitulinoides.1"
"35","Placodontia_indet_1","Placodontia_indet_1.1"
"36","Simosaurus_1","Simosaurus_1.4"
"37","Maiacetus","Maiacetus.3"
"38","Spinosaurus_","Spinosaurus_.1"
"39","Spinosaurus_","Spinosaurus_.2"
"40","Spinosaurus_","Spinosaurus_.3"
"41","Spinosaurus_","Spinosaurus_.4"
"42","Spinosaurus_","Spinosaurus_.5"
"43","Spinosaurus_","Spinosaurus_.6"
"44","Spinosaurus_","Spinosaurus_.7"
"45","Spinosaurus_","Spinosaurus_.8"
"46","Spinosaurus_","Spinosaurus_.9"
"47","Spinosaurus_","Spinosaurus_.10"
"48","Spinosaurus_","Spinosaurus_.11"
"49","Suchomimus","Suchomimus.1"
"50","Suchomimus","Suchomimus.2"
"51","Suchomimus","Suchomimus.3"
"52","Baryonyx","Baryonyx.1"
"53","Baryonyx","Baryonyx.2"
"54","Baryonyx","Baryonyx.3"
 
* Phylo tree and the main data and strata files have been modified to include duplicated taxa before the scaled random trees are generated.
* Selected categorical labels column: diving.or.not
* diving.or.equal column is identical to Diving column.
* Regression excludes flying taxa.
* Diving labels that are present in regression: 0,2
* lambda (calculated from a random tree) = : 0.1
* index-name alignment check: OK
