Logfile for a session of program: bootstrap_binary.r
-----------------------------------------------------
INPUT:
workDir: C:/dino_nature/output/2023-11-07-D1\bs/set_484
Nbootstrapsets: 2000
phyloFDAfile: c:/dino_nature/code/phylo.fda.R
auxFile: c:/dino_nature/code/auxiliary.r
boneType: femur
regressionData.file: C:/dino_nature/output/2023-11-07-D1\bs/set_484/femur_set_484.csv
applyDataFilter: FALSE
addTreeTips: TRUE
Ntrees: 100
calculateTrees: TRUE
saveTrees: FALSE


OPERATIONAL CHECKS:
* Regression data contains multiple copies of some taxa (user added variants of existing test taxa 
   or replacements due to bootstrap are present) which are not in the phylo tree:
     original taxon,   duplicate   
"1","Mammuthus_sp","Mammuthus_sp.1"
"2","Taxidea_taxus","Taxidea_taxus.1"
"3","Elomeryx_borbonicus_","Elomeryx_borbonicus_.1"
"4","Hemiechinus_azurites","Hemiechinus_azurites.1"
"5","Tenrec_ecaudatus","Tenrec_ecaudatus.1"
"6","Cephalophus_silvicultor","Cephalophus_silvicultor.1"
"7","Paguma_larvata","Paguma_larvata.1"
"8","Tamandua_tetradactyla","Tamandua_tetradactyla.1"
"9","Alces_americanus","Alces_americanus.1"
"10","Ceratotherium_simum","Ceratotherium_simum.1"
"11","Mus_musculus","Mus_musculus.1"
"12","Rangifer_tarandus","Rangifer_tarandus.1"
"13","Mammuthus_sp","Mammuthus_sp.2"
"14","Giraffa_camelopardalis","Giraffa_camelopardalis.1"
"15","Raphus","Raphus.1"
"16","Vulpes_vulpes","Vulpes_vulpes.1"
"17","Dromaius_","Dromaius_.1"
"18","Elomeryx_borbonicus_","Elomeryx_borbonicus_.2"
"19","Sus_scrofa","Sus_scrofa.1"
"20","Xenicus_giliventris","Xenicus_giliventris.1"
"21","Xenicus_giliventris","Xenicus_giliventris.2"
"22","Palaeospheniscus","Palaeospheniscus.1"
"23","Pistosaurus","Pistosaurus.1"
"24","Simosaurus_1","Simosaurus_1.1"
"25","Dyrosaurid","Dyrosaurid.1"
"26","Simosaurus_1","Simosaurus_1.2"
"27","Dyrosaurid","Dyrosaurid.2"
"28","Serpianosaurus","Serpianosaurus.1"
"29","Indohyus","Indohyus.1"
"30","Nothosaurus_102","Nothosaurus_102.1"
"31","Desmana_moschata","Desmana_moschata.1"
"32","Nothosaurus_568","Nothosaurus_568.1"
"33","Rhaeticosaurus","Rhaeticosaurus.1"
"34","Rhaeticosaurus","Rhaeticosaurus.2"
"35","Phocanella_pumila","Phocanella_pumila.1"
"36","Hydromys_chrysogaster","Hydromys_chrysogaster.1"
"37","Callophoca_obscura","Callophoca_obscura.1"
"38","Phocanella_pumila","Phocanella_pumila.2"
"39","Ornithorhynchus_anatinus","Ornithorhynchus_anatinus.1"
"40","Neusticosaurus","Neusticosaurus.1"
"41","Pistosaurus","Pistosaurus.2"
"42","Neusticosaurus","Neusticosaurus.2"
"43","Spinosaurus_","Spinosaurus_.1"
"44","Spinosaurus_","Spinosaurus_.2"
"45","Spinosaurus_","Spinosaurus_.3"
"46","Spinosaurus_","Spinosaurus_.4"
"47","Spinosaurus_","Spinosaurus_.5"
"48","Spinosaurus_","Spinosaurus_.6"
"49","Spinosaurus_","Spinosaurus_.7"
"50","Spinosaurus_","Spinosaurus_.8"
"51","Spinosaurus_","Spinosaurus_.9"
"52","Spinosaurus_","Spinosaurus_.10"
"53","Spinosaurus_","Spinosaurus_.11"
"54","Suchomimus","Suchomimus.1"
"55","Suchomimus","Suchomimus.2"
"56","Suchomimus","Suchomimus.3"
"57","Baryonyx","Baryonyx.1"
"58","Baryonyx","Baryonyx.2"
"59","Baryonyx","Baryonyx.3"
 
* Phylo tree and the main data and strata files have been modified to include duplicated taxa before the scaled random trees are generated.
* Selected categorical labels column: diving.or.not
* diving.or.equal column is identical to Diving column.
* Regression excludes flying taxa.
* Diving labels that are present in regression: 0,2
* lambda (calculated from a random tree) = : 0.14
* index-name alignment check: OK
