Logfile for a session of program: bootstrap_binary.r
-----------------------------------------------------
INPUT:
workDir: C:/dino_nature/output/2023-11-07-D1\bs/set_689
Nbootstrapsets: 2000
phyloFDAfile: c:/dino_nature/code/phylo.fda.R
auxFile: c:/dino_nature/code/auxiliary.r
boneType: femur
regressionData.file: C:/dino_nature/output/2023-11-07-D1\bs/set_689/femur_set_689.csv
applyDataFilter: FALSE
addTreeTips: TRUE
Ntrees: 100
calculateTrees: TRUE
saveTrees: FALSE


OPERATIONAL CHECKS:
* Regression data contains multiple copies of some taxa (user added variants of existing test taxa 
   or replacements due to bootstrap are present) which are not in the phylo tree:
     original taxon,   duplicate   
"1","Okapia_johnstoni","Okapia_johnstoni.1"
"2","Okapia_johnstoni","Okapia_johnstoni.2"
"3","Rangifer_tarandus","Rangifer_tarandus.1"
"4","Caloenas_nicobarica","Caloenas_nicobarica.1"
"5","Diplomesodon_pulchellum","Diplomesodon_pulchellum.1"
"6","Okapia_johnstoni","Okapia_johnstoni.3"
"7","Elomeryx_borbonicus_","Elomeryx_borbonicus_.1"
"8","Dromaius_","Dromaius_.1"
"9","Rangifer_tarandus","Rangifer_tarandus.2"
"10","Sphenodon_punctatus","Sphenodon_punctatus.1"
"11","Lama_guanicoe","Lama_guanicoe.1"
"12","Ceratotherium_simum","Ceratotherium_simum.1"
"13","Mammuthus_sp","Mammuthus_sp.1"
"14","Bos_taurus","Bos_taurus.1"
"15","Diplomesodon_pulchellum","Diplomesodon_pulchellum.2"
"16","Tamandua_tetradactyla","Tamandua_tetradactyla.1"
"17","Cephalophus_silvicultor","Cephalophus_silvicultor.1"
"18","Okapia_johnstoni","Okapia_johnstoni.4"
"19","Caloenas_nicobarica","Caloenas_nicobarica.2"
"20","Nothosaurus_102","Nothosaurus_102.1"
"21","Callophoca_obscura","Callophoca_obscura.1"
"22","large_eocene_stem_penguin","large_eocene_stem_penguin.1"
"23","Hesperornis","Hesperornis.1"
"24","Micropotamogale_euwenzorii","Micropotamogale_euwenzorii.1"
"25","Micropotamogale_euwenzorii","Micropotamogale_euwenzorii.2"
"26","Phalacrocorax_harrisi","Phalacrocorax_harrisi.1"
"27","Ornithorhynchus_anatinus","Ornithorhynchus_anatinus.1"
"28","Rhaeticosaurus","Rhaeticosaurus.1"
"29","Chapsosaurus_","Chapsosaurus_.1"
"30","Psephoderma","Psephoderma.1"
"31","Indohyus","Indohyus.1"
"32","Lutra_vulgaris","Lutra_vulgaris.1"
"33","Phalacrocorax_harrisi","Phalacrocorax_harrisi.2"
"34","Palaeospheniscus","Palaeospheniscus.1"
"35","Anarosaurus","Anarosaurus.1"
"36","Aptenodytes______","Aptenodytes______.1"
"37","Psephoderma","Psephoderma.2"
"38","Simosaurus","Simosaurus.1"
"39","Rodhocetus","Rodhocetus.1"
"40","Simosaurus","Simosaurus.2"
"41","Spinosaurus_","Spinosaurus_.1"
"42","Spinosaurus_","Spinosaurus_.2"
"43","Spinosaurus_","Spinosaurus_.3"
"44","Spinosaurus_","Spinosaurus_.4"
"45","Spinosaurus_","Spinosaurus_.5"
"46","Spinosaurus_","Spinosaurus_.6"
"47","Spinosaurus_","Spinosaurus_.7"
"48","Spinosaurus_","Spinosaurus_.8"
"49","Spinosaurus_","Spinosaurus_.9"
"50","Spinosaurus_","Spinosaurus_.10"
"51","Spinosaurus_","Spinosaurus_.11"
"52","Suchomimus","Suchomimus.1"
"53","Suchomimus","Suchomimus.2"
"54","Suchomimus","Suchomimus.3"
"55","Baryonyx","Baryonyx.1"
"56","Baryonyx","Baryonyx.2"
"57","Baryonyx","Baryonyx.3"
 
* Phylo tree and the main data and strata files have been modified to include duplicated taxa before the scaled random trees are generated.
* Selected categorical labels column: diving.or.not
* diving.or.equal column is identical to Diving column.
* Regression excludes flying taxa.
* Diving labels that are present in regression: 0,2
* lambda (calculated from a random tree) = : 0.07
* index-name alignment check: OK
