Logfile for a session of program: bootstrap_binary.r
-----------------------------------------------------
INPUT:
workDir: C:/dino_nature/output/2023-11-07-D1\bs/set_1685
Nbootstrapsets: 2000
phyloFDAfile: c:/dino_nature/code/phylo.fda.R
auxFile: c:/dino_nature/code/auxiliary.r
boneType: femur
regressionData.file: C:/dino_nature/output/2023-11-07-D1\bs/set_1685/femur_set_1685.csv
applyDataFilter: FALSE
addTreeTips: TRUE
Ntrees: 100
calculateTrees: TRUE
saveTrees: FALSE


OPERATIONAL CHECKS:
* Regression data contains multiple copies of some taxa (user added variants of existing test taxa 
   or replacements due to bootstrap are present) which are not in the phylo tree:
     original taxon,   duplicate   
"1","Procavia_capensis","Procavia_capensis.1"
"2","Lama_guanicoe","Lama_guanicoe.1"
"3","Felis_felis","Felis_felis.1"
"4","Uncia_uncia","Uncia_uncia.1"
"5","Pogona_viceps","Pogona_viceps.1"
"6","Tamandua_tetradactyla","Tamandua_tetradactyla.1"
"7","Tamandua_tetradactyla","Tamandua_tetradactyla.2"
"8","Rupicapra_rupicapra","Rupicapra_rupicapra.1"
"9","Porphyrio_hochstetteri","Porphyrio_hochstetteri.1"
"10","Mustela_nivalis","Mustela_nivalis.1"
"11","Loxodonta_africana","Loxodonta_africana.1"
"12","Raphus","Raphus.1"
"13","Raphus","Raphus.2"
"14","Rattus_rattus","Rattus_rattus.1"
"15","Vulpes_vulpes","Vulpes_vulpes.1"
"16","Porphyrio_hochstetteri","Porphyrio_hochstetteri.2"
"17","Dicerorhinus_sumatrensis","Dicerorhinus_sumatrensis.1"
"18","Uncia_uncia","Uncia_uncia.2"
"19","Rattus_rattus","Rattus_rattus.2"
"20","Euroscaptor_micrura","Euroscaptor_micrura.1"
"21","Nothosaurus_568","Nothosaurus_568.1"
"22","Placondontia_indet","Placondontia_indet.1"
"23","Aptenodytes______","Aptenodytes______.1"
"24","Palaeospheniscus","Palaeospheniscus.1"
"25","Hesperornis","Hesperornis.1"
"26","Hesperornis","Hesperornis.2"
"27","Micropotamogale_euwenzorii","Micropotamogale_euwenzorii.1"
"28","Desmana_moschata","Desmana_moschata.1"
"29","Desmostylus_hesperus","Desmostylus_hesperus.1"
"30","Nothosaurus_568","Nothosaurus_568.2"
"31","Psephoderma","Psephoderma.1"
"32","Micropotamogale_euwenzorii","Micropotamogale_euwenzorii.2"
"33","large_eocene_stem_penguin","large_eocene_stem_penguin.1"
"34","Placodontia_indet_1","Placodontia_indet_1.1"
"35","Neusticosaurus","Neusticosaurus.1"
"36","Desmostylus_hesperus","Desmostylus_hesperus.2"
"37","Small_Eocene_penguin","Small_Eocene_penguin.1"
"38","Hippopotamus_amphibius","Hippopotamus_amphibius.1"
"39","Callophoca_obscura","Callophoca_obscura.1"
"40","Neusticosaurus","Neusticosaurus.2"
"41","Placondontia_indet","Placondontia_indet.2"
"42","Placondontia_indet","Placondontia_indet.3"
"43","Nothosaurus_mirabilis_1","Nothosaurus_mirabilis_1.1"
"44","Serpianosaurus","Serpianosaurus.1"
"45","Spinosaurus_","Spinosaurus_.1"
"46","Spinosaurus_","Spinosaurus_.2"
"47","Spinosaurus_","Spinosaurus_.3"
"48","Spinosaurus_","Spinosaurus_.4"
"49","Spinosaurus_","Spinosaurus_.5"
"50","Spinosaurus_","Spinosaurus_.6"
"51","Spinosaurus_","Spinosaurus_.7"
"52","Spinosaurus_","Spinosaurus_.8"
"53","Spinosaurus_","Spinosaurus_.9"
"54","Spinosaurus_","Spinosaurus_.10"
"55","Spinosaurus_","Spinosaurus_.11"
"56","Suchomimus","Suchomimus.1"
"57","Suchomimus","Suchomimus.2"
"58","Suchomimus","Suchomimus.3"
"59","Baryonyx","Baryonyx.1"
"60","Baryonyx","Baryonyx.2"
"61","Baryonyx","Baryonyx.3"
 
* Phylo tree and the main data and strata files have been modified to include duplicated taxa before the scaled random trees are generated.
* Selected categorical labels column: diving.or.not
* diving.or.equal column is identical to Diving column.
* Regression excludes flying taxa.
* Diving labels that are present in regression: 0,2
* lambda (calculated from a random tree) = : 0.08
* index-name alignment check: OK
