Logfile for a session of program: bootstrap_binary.r
-----------------------------------------------------
INPUT:
workDir: C:/dino_nature/output/2023-11-07-D1\bs/set_250
Nbootstrapsets: 2000
phyloFDAfile: c:/dino_nature/code/phylo.fda.R
auxFile: c:/dino_nature/code/auxiliary.r
boneType: femur
regressionData.file: C:/dino_nature/output/2023-11-07-D1\bs/set_250/femur_set_250.csv
applyDataFilter: FALSE
addTreeTips: TRUE
Ntrees: 100
calculateTrees: TRUE
saveTrees: FALSE


OPERATIONAL CHECKS:
* Regression data contains multiple copies of some taxa (user added variants of existing test taxa 
   or replacements due to bootstrap are present) which are not in the phylo tree:
     original taxon,   duplicate   
"1","Nyctereutes_procyonoides","Nyctereutes_procyonoides.1"
"2","Nyctereutes_procyonoides","Nyctereutes_procyonoides.2"
"3","Vulpes_vulpes","Vulpes_vulpes.1"
"4","Uncia_uncia","Uncia_uncia.1"
"5","Felis_felis","Felis_felis.1"
"6","Apteryx_owenii_","Apteryx_owenii_.1"
"7","Giraffa_camelopardalis","Giraffa_camelopardalis.1"
"8","Felis_felis","Felis_felis.2"
"9","Dama_dama","Dama_dama.1"
"10","Pogona_viceps","Pogona_viceps.1"
"11","Loxodonta_africana","Loxodonta_africana.1"
"12","Uncia_uncia","Uncia_uncia.2"
"13","Bison_bonasus","Bison_bonasus.1"
"14","Strigiops_habroptilus","Strigiops_habroptilus.1"
"15","Sus_scrofa","Sus_scrofa.1"
"16","Dromaius_","Dromaius_.1"
"17","Tribonyx_mortieri","Tribonyx_mortieri.1"
"18","Xenicus_giliventris","Xenicus_giliventris.1"
"19","Sus_scrofa","Sus_scrofa.2"
"20","Tamandua_tetradactyla","Tamandua_tetradactyla.1"
"21","Raphus","Raphus.1"
"22","Microgale_thomasi","Microgale_thomasi.1"
"23","Ichtyosaur_sp","Ichtyosaur_sp.1"
"24","Spheniscus","Spheniscus.1"
"25","Choeropsis_liberiensis","Choeropsis_liberiensis.1"
"26","Plesiosaurus","Plesiosaurus.1"
"27","Hexaprotodon_garyam","Hexaprotodon_garyam.1"
"28","large_eocene_stem_penguin","large_eocene_stem_penguin.1"
"29","Cryptoclidus","Cryptoclidus.1"
"30","large_eocene_stem_penguin","large_eocene_stem_penguin.2"
"31","Spheniscus","Spheniscus.2"
"32","Otaria_byronia","Otaria_byronia.1"
"33","Leptophoca_proxima","Leptophoca_proxima.1"
"34","Micropotamogale_euwenzorii","Micropotamogale_euwenzorii.1"
"35","Nothosaurus_giganteus","Nothosaurus_giganteus.1"
"36","Nothosaurus_102","Nothosaurus_102.1"
"37","Aptenodytes______","Aptenodytes______.1"
"38","Neusticosaurus","Neusticosaurus.1"
"39","Cryptoclidus","Cryptoclidus.2"
"40","Anarosaurus","Anarosaurus.1"
"41","Maiacetus","Maiacetus.1"
"42","Nanophoca_vitulinoides","Nanophoca_vitulinoides.1"
"43","Dyrosaurid","Dyrosaurid.1"
"44","Spinosaurus_","Spinosaurus_.1"
"45","Spinosaurus_","Spinosaurus_.2"
"46","Spinosaurus_","Spinosaurus_.3"
"47","Spinosaurus_","Spinosaurus_.4"
"48","Spinosaurus_","Spinosaurus_.5"
"49","Spinosaurus_","Spinosaurus_.6"
"50","Spinosaurus_","Spinosaurus_.7"
"51","Spinosaurus_","Spinosaurus_.8"
"52","Spinosaurus_","Spinosaurus_.9"
"53","Spinosaurus_","Spinosaurus_.10"
"54","Spinosaurus_","Spinosaurus_.11"
"55","Suchomimus","Suchomimus.1"
"56","Suchomimus","Suchomimus.2"
"57","Suchomimus","Suchomimus.3"
"58","Baryonyx","Baryonyx.1"
"59","Baryonyx","Baryonyx.2"
"60","Baryonyx","Baryonyx.3"
 
* Phylo tree and the main data and strata files have been modified to include duplicated taxa before the scaled random trees are generated.
* Selected categorical labels column: diving.or.not
* diving.or.equal column is identical to Diving column.
* Regression excludes flying taxa.
* Diving labels that are present in regression: 0,2
* lambda (calculated from a random tree) = : 0.09
* index-name alignment check: OK
