Logfile for a session of program: bootstrap_binary.r
-----------------------------------------------------
INPUT:
workDir: C:/dino_nature/output/2023-11-07-D1\bs/set_321
Nbootstrapsets: 2000
phyloFDAfile: c:/dino_nature/code/phylo.fda.R
auxFile: c:/dino_nature/code/auxiliary.r
boneType: femur
regressionData.file: C:/dino_nature/output/2023-11-07-D1\bs/set_321/femur_set_321.csv
applyDataFilter: FALSE
addTreeTips: TRUE
Ntrees: 100
calculateTrees: TRUE
saveTrees: FALSE


OPERATIONAL CHECKS:
* Regression data contains multiple copies of some taxa (user added variants of existing test taxa 
   or replacements due to bootstrap are present) which are not in the phylo tree:
     original taxon,   duplicate   
"1","Rangifer_tarandus","Rangifer_tarandus.1"
"2","Mammuthus_sp","Mammuthus_sp.1"
"3","Lama_guanicoe","Lama_guanicoe.1"
"4","Lama_guanicoe","Lama_guanicoe.2"
"5","Alces_americanus","Alces_americanus.1"
"6","Bos_taurus","Bos_taurus.1"
"7","Bos_taurus","Bos_taurus.2"
"8","Tribonyx_mortieri","Tribonyx_mortieri.1"
"9","Okapia_johnstoni","Okapia_johnstoni.1"
"10","Mammuthus_sp","Mammuthus_sp.2"
"11","Raphus","Raphus.1"
"12","Felis_felis","Felis_felis.1"
"13","Rangifer_tarandus","Rangifer_tarandus.2"
"14","Cephalophus_silvicultor","Cephalophus_silvicultor.1"
"15","Felis_felis","Felis_felis.2"
"16","Dicerorhinus_sumatrensis","Dicerorhinus_sumatrensis.1"
"17","Diplomesodon_pulchellum","Diplomesodon_pulchellum.1"
"18","Nyctereutes_procyonoides","Nyctereutes_procyonoides.1"
"19","Caloenas_nicobarica","Caloenas_nicobarica.1"
"20","Capreolus_capreolus","Capreolus_capreolus.1"
"21","Tamandua_tetradactyla","Tamandua_tetradactyla.1"
"22","Brachyodus_onoideum","Brachyodus_onoideum.1"
"23","Alces_americanus","Alces_americanus.2"
"24","Neusticosaurus","Neusticosaurus.1"
"25","Nothosaurus_mirabilis_1","Nothosaurus_mirabilis_1.1"
"26","Cryptoclidus","Cryptoclidus.1"
"27","Anarosaurus","Anarosaurus.1"
"28","Ichtyosaur_sp","Ichtyosaur_sp.1"
"29","Anarosaurus","Anarosaurus.2"
"30","Hydromys_chrysogaster","Hydromys_chrysogaster.1"
"31","Desmostylus_hesperus","Desmostylus_hesperus.1"
"32","Castor_fiber","Castor_fiber.1"
"33","Nothosaurus_mirabilis","Nothosaurus_mirabilis.1"
"34","Phocanella_pumila","Phocanella_pumila.1"
"35","Desmostylus_hesperus","Desmostylus_hesperus.2"
"36","Plesiosaurus","Plesiosaurus.1"
"37","Phocanella_pumila","Phocanella_pumila.2"
"38","Plesiosaurus","Plesiosaurus.2"
"39","Palaeospheniscus","Palaeospheniscus.1"
"40","Small_Eocene_penguin","Small_Eocene_penguin.1"
"41","Rodhocetus","Rodhocetus.1"
"42","Castor_fiber","Castor_fiber.2"
"43","Phalacrocorax_harrisi","Phalacrocorax_harrisi.1"
"44","Castor_fiber","Castor_fiber.3"
"45","Chapsosaurus_","Chapsosaurus_.1"
"46","Spinosaurus_","Spinosaurus_.1"
"47","Spinosaurus_","Spinosaurus_.2"
"48","Spinosaurus_","Spinosaurus_.3"
"49","Spinosaurus_","Spinosaurus_.4"
"50","Spinosaurus_","Spinosaurus_.5"
"51","Spinosaurus_","Spinosaurus_.6"
"52","Spinosaurus_","Spinosaurus_.7"
"53","Spinosaurus_","Spinosaurus_.8"
"54","Spinosaurus_","Spinosaurus_.9"
"55","Spinosaurus_","Spinosaurus_.10"
"56","Spinosaurus_","Spinosaurus_.11"
"57","Suchomimus","Suchomimus.1"
"58","Suchomimus","Suchomimus.2"
"59","Suchomimus","Suchomimus.3"
"60","Baryonyx","Baryonyx.1"
"61","Baryonyx","Baryonyx.2"
"62","Baryonyx","Baryonyx.3"
 
* Phylo tree and the main data and strata files have been modified to include duplicated taxa before the scaled random trees are generated.
* Selected categorical labels column: diving.or.not
* diving.or.equal column is identical to Diving column.
* Regression excludes flying taxa.
* Diving labels that are present in regression: 0,2
* lambda (calculated from a random tree) = : 0.09
* index-name alignment check: OK
