Logfile for a session of program: bootstrap_binary.r
-----------------------------------------------------
INPUT:
workDir: C:/dino_nature/output/2023-11-07-D1\bs/set_1419
Nbootstrapsets: 2000
phyloFDAfile: c:/dino_nature/code/phylo.fda.R
auxFile: c:/dino_nature/code/auxiliary.r
boneType: femur
regressionData.file: C:/dino_nature/output/2023-11-07-D1\bs/set_1419/femur_set_1419.csv
applyDataFilter: FALSE
addTreeTips: TRUE
Ntrees: 100
calculateTrees: TRUE
saveTrees: FALSE


OPERATIONAL CHECKS:
* Regression data contains multiple copies of some taxa (user added variants of existing test taxa 
   or replacements due to bootstrap are present) which are not in the phylo tree:
     original taxon,   duplicate   
"1","Capreolus_capreolus","Capreolus_capreolus.1"
"2","Rangifer_tarandus","Rangifer_tarandus.1"
"3","Dama_dama","Dama_dama.1"
"4","Mustela_nivalis","Mustela_nivalis.1"
"5","Mustela_nivalis","Mustela_nivalis.2"
"6","Ceratotherium_simum","Ceratotherium_simum.1"
"7","Monodelphis_domestica","Monodelphis_domestica.1"
"8","Rangifer_tarandus","Rangifer_tarandus.2"
"9","Ceratotherium_simum","Ceratotherium_simum.2"
"10","Procyon_lotor","Procyon_lotor.1"
"11","Mustela_nivalis","Mustela_nivalis.3"
"12","Mustela_nivalis","Mustela_nivalis.4"
"13","Microgale_thomasi","Microgale_thomasi.1"
"14","Tenrec_ecaudatus","Tenrec_ecaudatus.1"
"15","Microgale_thomasi","Microgale_thomasi.2"
"16","Tenrec_ecaudatus","Tenrec_ecaudatus.2"
"17","Tenrec_ecaudatus","Tenrec_ecaudatus.3"
"18","Lacerta_viridis","Lacerta_viridis.1"
"19","Apteryx_australis","Apteryx_australis.1"
"20","Taxidea_taxus","Taxidea_taxus.1"
"21","Procyon_lotor","Procyon_lotor.2"
"22","Loxodonta_africana","Loxodonta_africana.1"
"23","Uncia_uncia","Uncia_uncia.1"
"24","Atlantisia_rogersi","Atlantisia_rogersi.1"
"25","Tamandua_tetradactyla","Tamandua_tetradactyla.1"
"26","Ichtyosaur_sp","Ichtyosaur_sp.1"
"27","Ornithorhynchus_anatinus","Ornithorhynchus_anatinus.1"
"28","Ichtyosaur_sp","Ichtyosaur_sp.2"
"29","Anarosaurus","Anarosaurus.1"
"30","Ornithorhynchus_anatinus","Ornithorhynchus_anatinus.2"
"31","Callophoca_obscura","Callophoca_obscura.1"
"32","Nothosaurus_102","Nothosaurus_102.1"
"33","Phalacrocorax_harrisi","Phalacrocorax_harrisi.1"
"34","Phalacrocorax_harrisi","Phalacrocorax_harrisi.2"
"35","Callophoca_obscura","Callophoca_obscura.2"
"36","Small_Eocene_penguin","Small_Eocene_penguin.1"
"37","Simosaurus_1","Simosaurus_1.1"
"38","Nothosaurus_102","Nothosaurus_102.2"
"39","Desmostylus_hesperus","Desmostylus_hesperus.1"
"40","Protochampsidae","Protochampsidae.1"
"41","Hexaprotodon_garyam","Hexaprotodon_garyam.1"
"42","Palaeospheniscus","Palaeospheniscus.1"
"43","Desmostylus_hesperus","Desmostylus_hesperus.2"
"44","Ichtyosaurus_","Ichtyosaurus_.1"
"45","Placondontia_indet","Placondontia_indet.1"
"46","Anarosaurus","Anarosaurus.2"
"47","Neusticosaurus","Neusticosaurus.1"
"48","Neusticosaurus","Neusticosaurus.2"
"49","Maiacetus","Maiacetus.1"
"50","Ichtyosaurus_","Ichtyosaurus_.2"
"51","Spinosaurus_","Spinosaurus_.1"
"52","Spinosaurus_","Spinosaurus_.2"
"53","Spinosaurus_","Spinosaurus_.3"
"54","Spinosaurus_","Spinosaurus_.4"
"55","Spinosaurus_","Spinosaurus_.5"
"56","Spinosaurus_","Spinosaurus_.6"
"57","Spinosaurus_","Spinosaurus_.7"
"58","Spinosaurus_","Spinosaurus_.8"
"59","Spinosaurus_","Spinosaurus_.9"
"60","Spinosaurus_","Spinosaurus_.10"
"61","Spinosaurus_","Spinosaurus_.11"
"62","Suchomimus","Suchomimus.1"
"63","Suchomimus","Suchomimus.2"
"64","Suchomimus","Suchomimus.3"
"65","Baryonyx","Baryonyx.1"
"66","Baryonyx","Baryonyx.2"
"67","Baryonyx","Baryonyx.3"
 
* Phylo tree and the main data and strata files have been modified to include duplicated taxa before the scaled random trees are generated.
* Selected categorical labels column: diving.or.not
* diving.or.equal column is identical to Diving column.
* Regression excludes flying taxa.
* Diving labels that are present in regression: 0,2
* lambda (calculated from a random tree) = : 0.12
* index-name alignment check: OK
