Logfile for a session of program: bootstrap_binary.r
-----------------------------------------------------
INPUT:
workDir: C:/dino_nature/output/2023-11-07-D1\bs/set_475
Nbootstrapsets: 2000
phyloFDAfile: c:/dino_nature/code/phylo.fda.R
auxFile: c:/dino_nature/code/auxiliary.r
boneType: femur
regressionData.file: C:/dino_nature/output/2023-11-07-D1\bs/set_475/femur_set_475.csv
applyDataFilter: FALSE
addTreeTips: TRUE
Ntrees: 100
calculateTrees: TRUE
saveTrees: FALSE


OPERATIONAL CHECKS:
* Regression data contains multiple copies of some taxa (user added variants of existing test taxa 
   or replacements due to bootstrap are present) which are not in the phylo tree:
     original taxon,   duplicate   
"1","Nyctereutes_procyonoides","Nyctereutes_procyonoides.1"
"2","Dromaius_","Dromaius_.1"
"3","Dicerorhinus_sumatrensis","Dicerorhinus_sumatrensis.1"
"4","Taxidea_taxus","Taxidea_taxus.1"
"5","Apteryx_owenii_","Apteryx_owenii_.1"
"6","Euroscaptor_micrura","Euroscaptor_micrura.1"
"7","Euroscaptor_micrura","Euroscaptor_micrura.2"
"8","Procavia_capensis","Procavia_capensis.1"
"9","Tamandua_tetradactyla","Tamandua_tetradactyla.1"
"10","Loxodonta_africana","Loxodonta_africana.1"
"11","Dromaius_","Dromaius_.2"
"12","Rhynchocyon_petersi","Rhynchocyon_petersi.1"
"13","Apteryx_owenii_","Apteryx_owenii_.2"
"14","Procavia_capensis","Procavia_capensis.2"
"15","Caloenas_nicobarica","Caloenas_nicobarica.1"
"16","Elephas_maximus","Elephas_maximus.1"
"17","Tribonyx_mortieri","Tribonyx_mortieri.1"
"18","Syncerus_caffer","Syncerus_caffer.1"
"19","Diplomesodon_pulchellum","Diplomesodon_pulchellum.1"
"20","Hemiechinus_azurites","Hemiechinus_azurites.1"
"21","Raphus","Raphus.1"
"22","Dromaius_","Dromaius_.3"
"23","Vulpes_vulpes","Vulpes_vulpes.1"
"24","Dyrosaurid","Dyrosaurid.1"
"25","Pistosaurus","Pistosaurus.1"
"26","Hippopotamus_amphibius","Hippopotamus_amphibius.1"
"27","Dyrosaurid","Dyrosaurid.2"
"28","Paraplacodus","Paraplacodus.1"
"29","Castor_fiber","Castor_fiber.1"
"30","Rodhocetus","Rodhocetus.1"
"31","Chironectes_minimus","Chironectes_minimus.1"
"32","Protochampsidae","Protochampsidae.1"
"33","Castor_fiber","Castor_fiber.2"
"34","Castor_fiber","Castor_fiber.3"
"35","Pistosaurus","Pistosaurus.2"
"36","Micropotamogale_euwenzorii","Micropotamogale_euwenzorii.1"
"37","Simosaurus_1","Simosaurus_1.1"
"38","Aptenodytes______","Aptenodytes______.1"
"39","Hexaprotodon_garyam","Hexaprotodon_garyam.1"
"40","Nothosaurus_giganteus","Nothosaurus_giganteus.1"
"41","Nothosaurus_mirabilis_1","Nothosaurus_mirabilis_1.1"
"42","Plesiosaurus","Plesiosaurus.1"
"43","Indohyus","Indohyus.1"
"44","Tapirus_terrestris","Tapirus_terrestris.1"
"45","Spinosaurus_","Spinosaurus_.1"
"46","Spinosaurus_","Spinosaurus_.2"
"47","Spinosaurus_","Spinosaurus_.3"
"48","Spinosaurus_","Spinosaurus_.4"
"49","Spinosaurus_","Spinosaurus_.5"
"50","Spinosaurus_","Spinosaurus_.6"
"51","Spinosaurus_","Spinosaurus_.7"
"52","Spinosaurus_","Spinosaurus_.8"
"53","Spinosaurus_","Spinosaurus_.9"
"54","Spinosaurus_","Spinosaurus_.10"
"55","Spinosaurus_","Spinosaurus_.11"
"56","Suchomimus","Suchomimus.1"
"57","Suchomimus","Suchomimus.2"
"58","Suchomimus","Suchomimus.3"
"59","Baryonyx","Baryonyx.1"
"60","Baryonyx","Baryonyx.2"
"61","Baryonyx","Baryonyx.3"
 
* Phylo tree and the main data and strata files have been modified to include duplicated taxa before the scaled random trees are generated.
* Selected categorical labels column: diving.or.not
* diving.or.equal column is identical to Diving column.
* Regression excludes flying taxa.
* Diving labels that are present in regression: 0,2
* lambda (calculated from a random tree) = : 0.13
* index-name alignment check: OK
