Logfile for a session of program: bootstrap_binary.r
-----------------------------------------------------
INPUT:
workDir: C:/dino_nature/output/2023-11-07-D1\bs/set_1063
Nbootstrapsets: 2000
phyloFDAfile: c:/dino_nature/code/phylo.fda.R
auxFile: c:/dino_nature/code/auxiliary.r
boneType: femur
regressionData.file: C:/dino_nature/output/2023-11-07-D1\bs/set_1063/femur_set_1063.csv
applyDataFilter: FALSE
addTreeTips: TRUE
Ntrees: 100
calculateTrees: TRUE
saveTrees: FALSE


OPERATIONAL CHECKS:
* Regression data contains multiple copies of some taxa (user added variants of existing test taxa 
   or replacements due to bootstrap are present) which are not in the phylo tree:
     original taxon,   duplicate   
"1","Loxodonta_africana","Loxodonta_africana.1"
"2","Okapia_johnstoni","Okapia_johnstoni.1"
"3","Lacerta_viridis","Lacerta_viridis.1"
"4","Dromaius_","Dromaius_.1"
"5","Paguma_larvata","Paguma_larvata.1"
"6","Rhinoceros_sondaicus","Rhinoceros_sondaicus.1"
"7","Bison_bonasus","Bison_bonasus.1"
"8","Bison_bonasus","Bison_bonasus.2"
"9","Lacerta_viridis","Lacerta_viridis.2"
"10","Rattus_rattus","Rattus_rattus.1"
"11","Lacerta_viridis","Lacerta_viridis.3"
"12","Sphenodon_punctatus","Sphenodon_punctatus.1"
"13","Hemiechinus_azurites","Hemiechinus_azurites.1"
"14","Dasyurus_maculatus","Dasyurus_maculatus.1"
"15","Alces_americanus","Alces_americanus.1"
"16","Procyon_lotor","Procyon_lotor.1"
"17","Bos_taurus","Bos_taurus.1"
"18","Cephalophus_silvicultor","Cephalophus_silvicultor.1"
"19","Mustela_nivalis","Mustela_nivalis.1"
"20","Procyon_lotor","Procyon_lotor.2"
"21","Apteryx_owenii_","Apteryx_owenii_.1"
"22","Meles_meles","Meles_meles.1"
"23","Procyon_lotor","Procyon_lotor.3"
"24","Apteryx_owenii_","Apteryx_owenii_.2"
"25","Diplomesodon_pulchellum","Diplomesodon_pulchellum.1"
"26","Dyrosaurid","Dyrosaurid.1"
"27","Callophoca_obscura","Callophoca_obscura.1"
"28","Nothosaurus_568","Nothosaurus_568.1"
"29","Rhaeticosaurus","Rhaeticosaurus.1"
"30","Nothosaurus_568","Nothosaurus_568.2"
"31","Nothosaurus_mirabilis","Nothosaurus_mirabilis.1"
"32","Palaeospheniscus","Palaeospheniscus.1"
"33","Metryorhynchus","Metryorhynchus.1"
"34","Palaeospheniscus","Palaeospheniscus.2"
"35","Caiman_yacare","Caiman_yacare.1"
"36","Placodontia_indet_1","Placodontia_indet_1.1"
"37","Hexaprotodon_garyam","Hexaprotodon_garyam.1"
"38","Cryptoclidus","Cryptoclidus.1"
"39","Plesiosaurus","Plesiosaurus.1"
"40","Nanophoca_vitulinoides","Nanophoca_vitulinoides.1"
"41","Lutra_vulgaris","Lutra_vulgaris.1"
"42","Ichtyosaur_sp","Ichtyosaur_sp.1"
"43","Spheniscus","Spheniscus.1"
"44","Simosaurus","Simosaurus.1"
"45","Hexaprotodon_garyam","Hexaprotodon_garyam.2"
"46","Placodontia_indet_1","Placodontia_indet_1.2"
"47","Spheniscus","Spheniscus.2"
"48","Neusticosaurus","Neusticosaurus.1"
"49","Spinosaurus_","Spinosaurus_.1"
"50","Spinosaurus_","Spinosaurus_.2"
"51","Spinosaurus_","Spinosaurus_.3"
"52","Spinosaurus_","Spinosaurus_.4"
"53","Spinosaurus_","Spinosaurus_.5"
"54","Spinosaurus_","Spinosaurus_.6"
"55","Spinosaurus_","Spinosaurus_.7"
"56","Spinosaurus_","Spinosaurus_.8"
"57","Spinosaurus_","Spinosaurus_.9"
"58","Spinosaurus_","Spinosaurus_.10"
"59","Spinosaurus_","Spinosaurus_.11"
"60","Suchomimus","Suchomimus.1"
"61","Suchomimus","Suchomimus.2"
"62","Suchomimus","Suchomimus.3"
"63","Baryonyx","Baryonyx.1"
"64","Baryonyx","Baryonyx.2"
"65","Baryonyx","Baryonyx.3"
 
* Phylo tree and the main data and strata files have been modified to include duplicated taxa before the scaled random trees are generated.
* Selected categorical labels column: diving.or.not
* diving.or.equal column is identical to Diving column.
* Regression excludes flying taxa.
* Diving labels that are present in regression: 0,2
* lambda (calculated from a random tree) = : 0.12
* index-name alignment check: OK
