Logfile for a session of program: bootstrap_binary.r
-----------------------------------------------------
INPUT:
workDir: C:/dino_nature/output/2023-11-07-D1\bs/set_401
Nbootstrapsets: 2000
phyloFDAfile: c:/dino_nature/code/phylo.fda.R
auxFile: c:/dino_nature/code/auxiliary.r
boneType: femur
regressionData.file: C:/dino_nature/output/2023-11-07-D1\bs/set_401/femur_set_401.csv
applyDataFilter: FALSE
addTreeTips: TRUE
Ntrees: 100
calculateTrees: TRUE
saveTrees: FALSE


OPERATIONAL CHECKS:
* Regression data contains multiple copies of some taxa (user added variants of existing test taxa 
   or replacements due to bootstrap are present) which are not in the phylo tree:
     original taxon,   duplicate   
"1","Apteryx_owenii_","Apteryx_owenii_.1"
"2","Sphenodon_punctatus","Sphenodon_punctatus.1"
"3","Mammuthus_sp","Mammuthus_sp.1"
"4","Sphenodon_punctatus","Sphenodon_punctatus.2"
"5","Procyon_lotor","Procyon_lotor.1"
"6","Dama_dama","Dama_dama.1"
"7","Apteryx_owenii_","Apteryx_owenii_.2"
"8","Bos_taurus","Bos_taurus.1"
"9","Diplomesodon_pulchellum","Diplomesodon_pulchellum.1"
"10","Taxidea_taxus","Taxidea_taxus.1"
"11","Sphenodon_punctatus","Sphenodon_punctatus.3"
"12","Lacerta_viridis","Lacerta_viridis.1"
"13","Taxidea_taxus","Taxidea_taxus.2"
"14","Dasyurus_maculatus","Dasyurus_maculatus.1"
"15","Monodelphis_domestica","Monodelphis_domestica.1"
"16","Dama_dama","Dama_dama.2"
"17","Apteryx_australis","Apteryx_australis.1"
"18","Mammuthus_sp","Mammuthus_sp.2"
"19","Dama_dama","Dama_dama.3"
"20","Lama_guanicoe","Lama_guanicoe.1"
"21","Rhynchocyon_petersi","Rhynchocyon_petersi.1"
"22","Mammuthus_sp","Mammuthus_sp.3"
"23","Dasyurus_maculatus","Dasyurus_maculatus.2"
"24","Lama_guanicoe","Lama_guanicoe.2"
"25","Procyon_lotor","Procyon_lotor.2"
"26","Basilosaurus","Basilosaurus.1"
"27","Champsosaurus","Champsosaurus.1"
"28","Pistosaurus","Pistosaurus.1"
"29","Hesperornis","Hesperornis.1"
"30","Nanophoca_vitulinoides","Nanophoca_vitulinoides.1"
"31","Nanophoca_vitulinoides","Nanophoca_vitulinoides.2"
"32","Chironectes_minimus","Chironectes_minimus.1"
"33","Nothosaurus_giganteus","Nothosaurus_giganteus.1"
"34","Nothosaurus_mirabilis","Nothosaurus_mirabilis.1"
"35","Nothosaurus_mirabilis","Nothosaurus_mirabilis.2"
"36","Champsosaurus","Champsosaurus.2"
"37","Nothosaurus_102","Nothosaurus_102.1"
"38","Nanophoca_vitulinoides","Nanophoca_vitulinoides.3"
"39","Palaeospheniscus","Palaeospheniscus.1"
"40","Hippopotamus_amphibius","Hippopotamus_amphibius.1"
"41","Nothosaurus_giganteus","Nothosaurus_giganteus.2"
"42","Callophoca_obscura","Callophoca_obscura.1"
"43","Indohyus","Indohyus.1"
"44","Basilosaurus","Basilosaurus.2"
"45","Rhaeticosaurus","Rhaeticosaurus.1"
"46","Ichtyosaur_sp","Ichtyosaur_sp.1"
"47","Chironectes_minimus","Chironectes_minimus.2"
"48","Basilosaurus","Basilosaurus.3"
"49","Hexaprotodon_garyam","Hexaprotodon_garyam.1"
"50","Spinosaurus_","Spinosaurus_.1"
"51","Spinosaurus_","Spinosaurus_.2"
"52","Spinosaurus_","Spinosaurus_.3"
"53","Spinosaurus_","Spinosaurus_.4"
"54","Spinosaurus_","Spinosaurus_.5"
"55","Spinosaurus_","Spinosaurus_.6"
"56","Spinosaurus_","Spinosaurus_.7"
"57","Spinosaurus_","Spinosaurus_.8"
"58","Spinosaurus_","Spinosaurus_.9"
"59","Spinosaurus_","Spinosaurus_.10"
"60","Spinosaurus_","Spinosaurus_.11"
"61","Suchomimus","Suchomimus.1"
"62","Suchomimus","Suchomimus.2"
"63","Suchomimus","Suchomimus.3"
"64","Baryonyx","Baryonyx.1"
"65","Baryonyx","Baryonyx.2"
"66","Baryonyx","Baryonyx.3"
 
* Phylo tree and the main data and strata files have been modified to include duplicated taxa before the scaled random trees are generated.
* Selected categorical labels column: diving.or.not
* diving.or.equal column is identical to Diving column.
* Regression excludes flying taxa.
* Diving labels that are present in regression: 0,2
* lambda (calculated from a random tree) = : 0.14
* index-name alignment check: OK
