Logfile for a session of program: bootstrap_binary.r
-----------------------------------------------------
INPUT:
workDir: C:/dino_nature/output/2023-11-07-D1\bs/set_351
Nbootstrapsets: 2000
phyloFDAfile: c:/dino_nature/code/phylo.fda.R
auxFile: c:/dino_nature/code/auxiliary.r
boneType: femur
regressionData.file: C:/dino_nature/output/2023-11-07-D1\bs/set_351/femur_set_351.csv
applyDataFilter: FALSE
addTreeTips: TRUE
Ntrees: 100
calculateTrees: TRUE
saveTrees: FALSE


OPERATIONAL CHECKS:
* Regression data contains multiple copies of some taxa (user added variants of existing test taxa 
   or replacements due to bootstrap are present) which are not in the phylo tree:
     original taxon,   duplicate   
"1","Caloenas_nicobarica","Caloenas_nicobarica.1"
"2","Taxidea_taxus","Taxidea_taxus.1"
"3","Mus_musculus","Mus_musculus.1"
"4","Myrmecophaga_tridactyla","Myrmecophaga_tridactyla.1"
"5","Dromaius_","Dromaius_.1"
"6","Microgale_thomasi","Microgale_thomasi.1"
"7","Rhinoceros_sondaicus","Rhinoceros_sondaicus.1"
"8","Brachyodus_onoideum","Brachyodus_onoideum.1"
"9","Hemiechinus_azurites","Hemiechinus_azurites.1"
"10","Ceratotherium_simum","Ceratotherium_simum.1"
"11","Rhynchocyon_petersi","Rhynchocyon_petersi.1"
"12","Atlantisia_rogersi","Atlantisia_rogersi.1"
"13","Sphenodon_punctatus","Sphenodon_punctatus.1"
"14","Atlantisia_rogersi","Atlantisia_rogersi.2"
"15","Hemiechinus_azurites","Hemiechinus_azurites.2"
"16","Procavia_capensis","Procavia_capensis.1"
"17","Brachyodus_onoideum","Brachyodus_onoideum.2"
"18","Rangifer_tarandus","Rangifer_tarandus.1"
"19","Ceratotherium_simum","Ceratotherium_simum.2"
"20","Serpianosaurus","Serpianosaurus.1"
"21","Hexaprotodon_garyam","Hexaprotodon_garyam.1"
"22","Cryptoclidus","Cryptoclidus.1"
"23","Micropotamogale_euwenzorii","Micropotamogale_euwenzorii.1"
"24","Cryptoclidus","Cryptoclidus.2"
"25","Simosaurus_1","Simosaurus_1.1"
"26","Phocanella_pumila","Phocanella_pumila.1"
"27","Hydromys_chrysogaster","Hydromys_chrysogaster.1"
"28","Aptenodytes______","Aptenodytes______.1"
"29","Nothosaurus_150","Nothosaurus_150.1"
"30","Rodhocetus","Rodhocetus.1"
"31","Nothosaurus_150","Nothosaurus_150.2"
"32","Tapirus_terrestris","Tapirus_terrestris.1"
"33","Micropotamogale_euwenzorii","Micropotamogale_euwenzorii.2"
"34","Rodhocetus","Rodhocetus.2"
"35","Serpianosaurus","Serpianosaurus.2"
"36","Rodhocetus","Rodhocetus.3"
"37","Rodhocetus","Rodhocetus.4"
"38","Ornithorhynchus_anatinus","Ornithorhynchus_anatinus.1"
"39","Alligator","Alligator.1"
"40","Dyrosaurid","Dyrosaurid.1"
"41","Hexaprotodon_garyam","Hexaprotodon_garyam.2"
"42","Spinosaurus_","Spinosaurus_.1"
"43","Spinosaurus_","Spinosaurus_.2"
"44","Spinosaurus_","Spinosaurus_.3"
"45","Spinosaurus_","Spinosaurus_.4"
"46","Spinosaurus_","Spinosaurus_.5"
"47","Spinosaurus_","Spinosaurus_.6"
"48","Spinosaurus_","Spinosaurus_.7"
"49","Spinosaurus_","Spinosaurus_.8"
"50","Spinosaurus_","Spinosaurus_.9"
"51","Spinosaurus_","Spinosaurus_.10"
"52","Spinosaurus_","Spinosaurus_.11"
"53","Suchomimus","Suchomimus.1"
"54","Suchomimus","Suchomimus.2"
"55","Suchomimus","Suchomimus.3"
"56","Baryonyx","Baryonyx.1"
"57","Baryonyx","Baryonyx.2"
"58","Baryonyx","Baryonyx.3"
 
* Phylo tree and the main data and strata files have been modified to include duplicated taxa before the scaled random trees are generated.
* Selected categorical labels column: diving.or.not
* diving.or.equal column is identical to Diving column.
* Regression excludes flying taxa.
* Diving labels that are present in regression: 0,2
* lambda (calculated from a random tree) = : 0.08
* index-name alignment check: OK
