Logfile for a session of program: bootstrap_binary.r
-----------------------------------------------------
INPUT:
workDir: C:/dino_nature/output/2023-11-07-D1\bs/set_253
Nbootstrapsets: 2000
phyloFDAfile: c:/dino_nature/code/phylo.fda.R
auxFile: c:/dino_nature/code/auxiliary.r
boneType: femur
regressionData.file: C:/dino_nature/output/2023-11-07-D1\bs/set_253/femur_set_253.csv
applyDataFilter: FALSE
addTreeTips: TRUE
Ntrees: 100
calculateTrees: TRUE
saveTrees: FALSE


OPERATIONAL CHECKS:
* Regression data contains multiple copies of some taxa (user added variants of existing test taxa 
   or replacements due to bootstrap are present) which are not in the phylo tree:
     original taxon,   duplicate   
"1","Nyctereutes_procyonoides","Nyctereutes_procyonoides.1"
"2","Procyon_lotor","Procyon_lotor.1"
"3","Ceratotherium_simum","Ceratotherium_simum.1"
"4","Felis_felis","Felis_felis.1"
"5","Bos_taurus","Bos_taurus.1"
"6","Giraffa_camelopardalis","Giraffa_camelopardalis.1"
"7","Meles_meles","Meles_meles.1"
"8","Tenrec_ecaudatus","Tenrec_ecaudatus.1"
"9","Vulpes_vulpes","Vulpes_vulpes.1"
"10","Procyon_lotor","Procyon_lotor.2"
"11","Dasyurus_maculatus","Dasyurus_maculatus.1"
"12","Strigiops_habroptilus","Strigiops_habroptilus.1"
"13","Elephas_maximus","Elephas_maximus.1"
"14","Okapia_johnstoni","Okapia_johnstoni.1"
"15","Euroscaptor_micrura","Euroscaptor_micrura.1"
"16","Nyctereutes_procyonoides","Nyctereutes_procyonoides.2"
"17","Euroscaptor_micrura","Euroscaptor_micrura.2"
"18","Myrmecophaga_tridactyla","Myrmecophaga_tridactyla.1"
"19","Phocanella_pumila","Phocanella_pumila.1"
"20","Phocanella_pumila","Phocanella_pumila.2"
"21","Simosaurus","Simosaurus.1"
"22","Maiacetus","Maiacetus.1"
"23","Desmana_moschata","Desmana_moschata.1"
"24","Ichtyosaurus_","Ichtyosaurus_.1"
"25","Desmana_moschata","Desmana_moschata.2"
"26","Simosaurus","Simosaurus.2"
"27","Simosaurus","Simosaurus.3"
"28","Hippopotamus_amphibius","Hippopotamus_amphibius.1"
"29","Chapsosaurus_","Chapsosaurus_.1"
"30","Small_Eocene_penguin","Small_Eocene_penguin.1"
"31","Chapsosaurus_","Chapsosaurus_.2"
"32","Cricosaurus","Cricosaurus.1"
"33","large_eocene_stem_penguin","large_eocene_stem_penguin.1"
"34","Protochampsidae","Protochampsidae.1"
"35","Choeropsis_liberiensis","Choeropsis_liberiensis.1"
"36","Anarosaurus","Anarosaurus.1"
"37","Chapsosaurus_","Chapsosaurus_.3"
"38","Hippopotamus_amphibius","Hippopotamus_amphibius.2"
"39","Metryorhynchus","Metryorhynchus.1"
"40","Metryorhynchus","Metryorhynchus.2"
"41","Protochampsidae","Protochampsidae.2"
"42","Spinosaurus_","Spinosaurus_.1"
"43","Spinosaurus_","Spinosaurus_.2"
"44","Spinosaurus_","Spinosaurus_.3"
"45","Spinosaurus_","Spinosaurus_.4"
"46","Spinosaurus_","Spinosaurus_.5"
"47","Spinosaurus_","Spinosaurus_.6"
"48","Spinosaurus_","Spinosaurus_.7"
"49","Spinosaurus_","Spinosaurus_.8"
"50","Spinosaurus_","Spinosaurus_.9"
"51","Spinosaurus_","Spinosaurus_.10"
"52","Spinosaurus_","Spinosaurus_.11"
"53","Suchomimus","Suchomimus.1"
"54","Suchomimus","Suchomimus.2"
"55","Suchomimus","Suchomimus.3"
"56","Baryonyx","Baryonyx.1"
"57","Baryonyx","Baryonyx.2"
"58","Baryonyx","Baryonyx.3"
 
* Phylo tree and the main data and strata files have been modified to include duplicated taxa before the scaled random trees are generated.
* Selected categorical labels column: diving.or.not
* diving.or.equal column is identical to Diving column.
* Regression excludes flying taxa.
* Diving labels that are present in regression: 0,2
* lambda (calculated from a random tree) = : 0.16
* index-name alignment check: OK
