Logfile for a session of program: bootstrap_binary.r
-----------------------------------------------------
INPUT:
workDir: C:/dino_nature/output/2023-11-07-D1\bs/set_1803
Nbootstrapsets: 2000
phyloFDAfile: c:/dino_nature/code/phylo.fda.R
auxFile: c:/dino_nature/code/auxiliary.r
boneType: femur
regressionData.file: C:/dino_nature/output/2023-11-07-D1\bs/set_1803/femur_set_1803.csv
applyDataFilter: FALSE
addTreeTips: TRUE
Ntrees: 100
calculateTrees: TRUE
saveTrees: FALSE


OPERATIONAL CHECKS:
* Regression data contains multiple copies of some taxa (user added variants of existing test taxa 
   or replacements due to bootstrap are present) which are not in the phylo tree:
     original taxon,   duplicate   
"1","Okapia_johnstoni","Okapia_johnstoni.1"
"2","Mammuthus_sp","Mammuthus_sp.1"
"3","Meles_meles","Meles_meles.1"
"4","Rhynchocyon_petersi","Rhynchocyon_petersi.1"
"5","Okapia_johnstoni","Okapia_johnstoni.2"
"6","Lama_guanicoe","Lama_guanicoe.1"
"7","Rangifer_tarandus","Rangifer_tarandus.1"
"8","Alces_americanus","Alces_americanus.1"
"9","Bison_bonasus","Bison_bonasus.1"
"10","Cephalophus_silvicultor","Cephalophus_silvicultor.1"
"11","Lacerta_viridis","Lacerta_viridis.1"
"12","Megaloceros_sp","Megaloceros_sp.1"
"13","Okapia_johnstoni","Okapia_johnstoni.3"
"14","Okapia_johnstoni","Okapia_johnstoni.4"
"15","Sphenodon_punctatus","Sphenodon_punctatus.1"
"16","Microgale_thomasi","Microgale_thomasi.1"
"17","Atlantisia_rogersi","Atlantisia_rogersi.1"
"18","Monodelphis_domestica","Monodelphis_domestica.1"
"19","Loxodonta_africana","Loxodonta_africana.1"
"20","Tribonyx_mortieri","Tribonyx_mortieri.1"
"21","Cephalophus_silvicultor","Cephalophus_silvicultor.2"
"22","Atlantisia_rogersi","Atlantisia_rogersi.2"
"23","Brachyodus_onoideum","Brachyodus_onoideum.1"
"24","Rynochetus_jubatus","Rynochetus_jubatus.1"
"25","Pistosaurus","Pistosaurus.1"
"26","Simosaurus","Simosaurus.1"
"27","Simosaurus","Simosaurus.2"
"28","Chironectes_minimus","Chironectes_minimus.1"
"29","Neusticosaurus","Neusticosaurus.1"
"30","Nanophoca_vitulinoides","Nanophoca_vitulinoides.1"
"31","Cricosaurus","Cricosaurus.1"
"32","Leptophoca_proxima","Leptophoca_proxima.1"
"33","Phalacrocorax_harrisi","Phalacrocorax_harrisi.1"
"34","Nanophoca_vitulinoides","Nanophoca_vitulinoides.2"
"35","Placondontia_indet","Placondontia_indet.1"
"36","Pistosaurus","Pistosaurus.2"
"37","Caiman_yacare","Caiman_yacare.1"
"38","Cricosaurus","Cricosaurus.2"
"39","Nothosaurus_giganteus","Nothosaurus_giganteus.1"
"40","Nanophoca_vitulinoides","Nanophoca_vitulinoides.3"
"41","Neusticosaurus","Neusticosaurus.2"
"42","Desmana_moschata","Desmana_moschata.1"
"43","Desmana_moschata","Desmana_moschata.2"
"44","Rhaeticosaurus","Rhaeticosaurus.1"
"45","Rhaeticosaurus","Rhaeticosaurus.2"
"46","large_eocene_stem_penguin","large_eocene_stem_penguin.1"
"47","Nothosaurus_568","Nothosaurus_568.1"
"48","Spinosaurus_","Spinosaurus_.1"
"49","Spinosaurus_","Spinosaurus_.2"
"50","Spinosaurus_","Spinosaurus_.3"
"51","Spinosaurus_","Spinosaurus_.4"
"52","Spinosaurus_","Spinosaurus_.5"
"53","Spinosaurus_","Spinosaurus_.6"
"54","Spinosaurus_","Spinosaurus_.7"
"55","Spinosaurus_","Spinosaurus_.8"
"56","Spinosaurus_","Spinosaurus_.9"
"57","Spinosaurus_","Spinosaurus_.10"
"58","Spinosaurus_","Spinosaurus_.11"
"59","Suchomimus","Suchomimus.1"
"60","Suchomimus","Suchomimus.2"
"61","Suchomimus","Suchomimus.3"
"62","Baryonyx","Baryonyx.1"
"63","Baryonyx","Baryonyx.2"
"64","Baryonyx","Baryonyx.3"
 
* Phylo tree and the main data and strata files have been modified to include duplicated taxa before the scaled random trees are generated.
* Selected categorical labels column: diving.or.not
* diving.or.equal column is identical to Diving column.
* Regression excludes flying taxa.
* Diving labels that are present in regression: 0,2
* lambda (calculated from a random tree) = : 0.11
* index-name alignment check: OK
