Logfile for a session of program: bootstrap_binary.r
-----------------------------------------------------
INPUT:
workDir: C:/dino_nature/output/2023-11-07-D1\bs/set_1340
Nbootstrapsets: 2000
phyloFDAfile: c:/dino_nature/code/phylo.fda.R
auxFile: c:/dino_nature/code/auxiliary.r
boneType: femur
regressionData.file: C:/dino_nature/output/2023-11-07-D1\bs/set_1340/femur_set_1340.csv
applyDataFilter: FALSE
addTreeTips: TRUE
Ntrees: 100
calculateTrees: TRUE
saveTrees: FALSE


OPERATIONAL CHECKS:
* Regression data contains multiple copies of some taxa (user added variants of existing test taxa 
   or replacements due to bootstrap are present) which are not in the phylo tree:
     original taxon,   duplicate   
"1","Tamandua_tetradactyla","Tamandua_tetradactyla.1"
"2","Taxidea_taxus","Taxidea_taxus.1"
"3","Meles_meles","Meles_meles.1"
"4","Taxidea_taxus","Taxidea_taxus.2"
"5","Felis_felis","Felis_felis.1"
"6","Loxodonta_africana","Loxodonta_africana.1"
"7","Tribonyx_mortieri","Tribonyx_mortieri.1"
"8","Rupicapra_rupicapra","Rupicapra_rupicapra.1"
"9","Microgale_thomasi","Microgale_thomasi.1"
"10","Apteryx_australis","Apteryx_australis.1"
"11","Uncia_uncia","Uncia_uncia.1"
"12","Meles_meles","Meles_meles.2"
"13","Diplomesodon_pulchellum","Diplomesodon_pulchellum.1"
"14","Raphus","Raphus.1"
"15","Dromaius_","Dromaius_.1"
"16","Okapia_johnstoni","Okapia_johnstoni.1"
"17","Brachyodus_onoideum","Brachyodus_onoideum.1"
"18","Dama_dama","Dama_dama.1"
"19","Cricosaurus","Cricosaurus.1"
"20","Nothosaurus_mirabilis","Nothosaurus_mirabilis.1"
"21","Desmostylus_hesperus","Desmostylus_hesperus.1"
"22","Tapirus_terrestris","Tapirus_terrestris.1"
"23","Aptenodytes______","Aptenodytes______.1"
"24","Nothosaurus_150","Nothosaurus_150.1"
"25","Serpianosaurus","Serpianosaurus.1"
"26","Callophoca_obscura","Callophoca_obscura.1"
"27","Indohyus","Indohyus.1"
"28","Serpianosaurus","Serpianosaurus.2"
"29","Nothosaurus_mirabilis","Nothosaurus_mirabilis.2"
"30","Simosaurus_1","Simosaurus_1.1"
"31","Simosaurus_1","Simosaurus_1.2"
"32","Hesperornis","Hesperornis.1"
"33","Desmostylus_hesperus","Desmostylus_hesperus.2"
"34","Nothosaurus_mirabilis_1","Nothosaurus_mirabilis_1.1"
"35","Alligator","Alligator.1"
"36","Small_Eocene_penguin","Small_Eocene_penguin.1"
"37","Noemys_fodies","Noemys_fodies.1"
"38","Serpianosaurus","Serpianosaurus.3"
"39","large_eocene_stem_penguin","large_eocene_stem_penguin.1"
"40","Simosaurus","Simosaurus.1"
"41","Lutra_vulgaris","Lutra_vulgaris.1"
"42","Spinosaurus_","Spinosaurus_.1"
"43","Spinosaurus_","Spinosaurus_.2"
"44","Spinosaurus_","Spinosaurus_.3"
"45","Spinosaurus_","Spinosaurus_.4"
"46","Spinosaurus_","Spinosaurus_.5"
"47","Spinosaurus_","Spinosaurus_.6"
"48","Spinosaurus_","Spinosaurus_.7"
"49","Spinosaurus_","Spinosaurus_.8"
"50","Spinosaurus_","Spinosaurus_.9"
"51","Spinosaurus_","Spinosaurus_.10"
"52","Spinosaurus_","Spinosaurus_.11"
"53","Suchomimus","Suchomimus.1"
"54","Suchomimus","Suchomimus.2"
"55","Suchomimus","Suchomimus.3"
"56","Baryonyx","Baryonyx.1"
"57","Baryonyx","Baryonyx.2"
"58","Baryonyx","Baryonyx.3"
 
* Phylo tree and the main data and strata files have been modified to include duplicated taxa before the scaled random trees are generated.
* Selected categorical labels column: diving.or.not
* diving.or.equal column is identical to Diving column.
* Regression excludes flying taxa.
* Diving labels that are present in regression: 0,2
* lambda (calculated from a random tree) = : 0.09
* index-name alignment check: OK
