Logfile for a session of program: bootstrap_binary.r
-----------------------------------------------------
INPUT:
workDir: C:/dino_nature/output/2023-11-07-D1\bs/set_1530
Nbootstrapsets: 2000
phyloFDAfile: c:/dino_nature/code/phylo.fda.R
auxFile: c:/dino_nature/code/auxiliary.r
boneType: femur
regressionData.file: C:/dino_nature/output/2023-11-07-D1\bs/set_1530/femur_set_1530.csv
applyDataFilter: FALSE
addTreeTips: TRUE
Ntrees: 100
calculateTrees: TRUE
saveTrees: FALSE


OPERATIONAL CHECKS:
* Regression data contains multiple copies of some taxa (user added variants of existing test taxa 
   or replacements due to bootstrap are present) which are not in the phylo tree:
     original taxon,   duplicate   
"1","Tamandua_tetradactyla","Tamandua_tetradactyla.1"
"2","Nyctereutes_procyonoides","Nyctereutes_procyonoides.1"
"3","Sus_scrofa","Sus_scrofa.1"
"4","Rupicapra_rupicapra","Rupicapra_rupicapra.1"
"5","Dicerorhinus_sumatrensis","Dicerorhinus_sumatrensis.1"
"6","Myrmecophaga_tridactyla","Myrmecophaga_tridactyla.1"
"7","Rupicapra_rupicapra","Rupicapra_rupicapra.2"
"8","Mammuthus_sp","Mammuthus_sp.1"
"9","Dicerorhinus_sumatrensis","Dicerorhinus_sumatrensis.2"
"10","Nyctereutes_procyonoides","Nyctereutes_procyonoides.2"
"11","Loxodonta_africana","Loxodonta_africana.1"
"12","Dicerorhinus_sumatrensis","Dicerorhinus_sumatrensis.3"
"13","Rupicapra_rupicapra","Rupicapra_rupicapra.3"
"14","Bos_taurus","Bos_taurus.1"
"15","Mammuthus_sp","Mammuthus_sp.2"
"16","Nyctereutes_procyonoides","Nyctereutes_procyonoides.3"
"17","Nyctereutes_procyonoides","Nyctereutes_procyonoides.4"
"18","Microgale_thomasi","Microgale_thomasi.1"
"19","Pogona_viceps","Pogona_viceps.1"
"20","Raphus","Raphus.1"
"21","Pogona_viceps","Pogona_viceps.2"
"22","Chapsosaurus_","Chapsosaurus_.1"
"23","Ornithorhynchus_anatinus","Ornithorhynchus_anatinus.1"
"24","Maiacetus","Maiacetus.1"
"25","Choeropsis_liberiensis","Choeropsis_liberiensis.1"
"26","Maiacetus","Maiacetus.2"
"27","Paraplacodus","Paraplacodus.1"
"28","Basilosaurus","Basilosaurus.1"
"29","Cryptoclidus","Cryptoclidus.1"
"30","Anarosaurus","Anarosaurus.1"
"31","Pistosaurus","Pistosaurus.1"
"32","Hydromys_chrysogaster","Hydromys_chrysogaster.1"
"33","Nothosaurus_102","Nothosaurus_102.1"
"34","Leptophoca_proxima","Leptophoca_proxima.1"
"35","Paraplacodus","Paraplacodus.2"
"36","Tapirus_terrestris","Tapirus_terrestris.1"
"37","Champsosaurus","Champsosaurus.1"
"38","Pistosaurus","Pistosaurus.2"
"39","Nanophoca_vitulinoides","Nanophoca_vitulinoides.1"
"40","Rhaeticosaurus","Rhaeticosaurus.1"
"41","Neusticosaurus","Neusticosaurus.1"
"42","Spinosaurus_","Spinosaurus_.1"
"43","Spinosaurus_","Spinosaurus_.2"
"44","Spinosaurus_","Spinosaurus_.3"
"45","Spinosaurus_","Spinosaurus_.4"
"46","Spinosaurus_","Spinosaurus_.5"
"47","Spinosaurus_","Spinosaurus_.6"
"48","Spinosaurus_","Spinosaurus_.7"
"49","Spinosaurus_","Spinosaurus_.8"
"50","Spinosaurus_","Spinosaurus_.9"
"51","Spinosaurus_","Spinosaurus_.10"
"52","Spinosaurus_","Spinosaurus_.11"
"53","Suchomimus","Suchomimus.1"
"54","Suchomimus","Suchomimus.2"
"55","Suchomimus","Suchomimus.3"
"56","Baryonyx","Baryonyx.1"
"57","Baryonyx","Baryonyx.2"
"58","Baryonyx","Baryonyx.3"
 
* Phylo tree and the main data and strata files have been modified to include duplicated taxa before the scaled random trees are generated.
* Selected categorical labels column: diving.or.not
* diving.or.equal column is identical to Diving column.
* Regression excludes flying taxa.
* Diving labels that are present in regression: 0,2
* lambda (calculated from a random tree) = : 0.07
* index-name alignment check: OK
