Logfile for a session of program: bootstrap_binary.r
-----------------------------------------------------
INPUT:
workDir: C:/dino_nature/output/2023-11-07-D1\bs/set_833
Nbootstrapsets: 2000
phyloFDAfile: c:/dino_nature/code/phylo.fda.R
auxFile: c:/dino_nature/code/auxiliary.r
boneType: femur
regressionData.file: C:/dino_nature/output/2023-11-07-D1\bs/set_833/femur_set_833.csv
applyDataFilter: FALSE
addTreeTips: TRUE
Ntrees: 100
calculateTrees: TRUE
saveTrees: FALSE


OPERATIONAL CHECKS:
* Regression data contains multiple copies of some taxa (user added variants of existing test taxa 
   or replacements due to bootstrap are present) which are not in the phylo tree:
     original taxon,   duplicate   
"1","Ceratotherium_simum","Ceratotherium_simum.1"
"2","Elomeryx_borbonicus_","Elomeryx_borbonicus_.1"
"3","Elomeryx_borbonicus_","Elomeryx_borbonicus_.2"
"4","Sus_scrofa","Sus_scrofa.1"
"5","Elephas_maximus","Elephas_maximus.1"
"6","Meles_meles","Meles_meles.1"
"7","Loxodonta_africana","Loxodonta_africana.1"
"8","Dicerorhinus_sumatrensis","Dicerorhinus_sumatrensis.1"
"9","Mustela_nivalis","Mustela_nivalis.1"
"10","Apteryx_owenii_","Apteryx_owenii_.1"
"11","Elomeryx_borbonicus_","Elomeryx_borbonicus_.3"
"12","Meles_meles","Meles_meles.2"
"13","Meles_meles","Meles_meles.3"
"14","Microgale_thomasi","Microgale_thomasi.1"
"15","Giraffa_camelopardalis","Giraffa_camelopardalis.1"
"16","Microgale_thomasi","Microgale_thomasi.2"
"17","Apteryx_owenii_","Apteryx_owenii_.2"
"18","Xenicus_giliventris","Xenicus_giliventris.1"
"19","Uncia_uncia","Uncia_uncia.1"
"20","Elomeryx_borbonicus_","Elomeryx_borbonicus_.4"
"21","Tenrec_ecaudatus","Tenrec_ecaudatus.1"
"22","Simosaurus","Simosaurus.1"
"23","Phalacrocorax_harrisi","Phalacrocorax_harrisi.1"
"24","Plesiosaurus","Plesiosaurus.1"
"25","Nothosaurus_102","Nothosaurus_102.1"
"26","Chironectes_minimus","Chironectes_minimus.1"
"27","Palaeospheniscus","Palaeospheniscus.1"
"28","Dyrosaurid","Dyrosaurid.1"
"29","Desmana_moschata","Desmana_moschata.1"
"30","Callophoca_obscura","Callophoca_obscura.1"
"31","Chironectes_minimus","Chironectes_minimus.2"
"32","Nothosaurus_giganteus","Nothosaurus_giganteus.1"
"33","Noemys_fodies","Noemys_fodies.1"
"34","Dyrosaurid","Dyrosaurid.2"
"35","Hydromys_chrysogaster","Hydromys_chrysogaster.1"
"36","Hesperornis","Hesperornis.1"
"37","Protochampsidae","Protochampsidae.1"
"38","Hesperornis","Hesperornis.2"
"39","Plesiosaurus","Plesiosaurus.2"
"40","Hexaprotodon_garyam","Hexaprotodon_garyam.1"
"41","Chapsosaurus_","Chapsosaurus_.1"
"42","Dyrosaurid","Dyrosaurid.3"
"43","Spinosaurus_","Spinosaurus_.1"
"44","Spinosaurus_","Spinosaurus_.2"
"45","Spinosaurus_","Spinosaurus_.3"
"46","Spinosaurus_","Spinosaurus_.4"
"47","Spinosaurus_","Spinosaurus_.5"
"48","Spinosaurus_","Spinosaurus_.6"
"49","Spinosaurus_","Spinosaurus_.7"
"50","Spinosaurus_","Spinosaurus_.8"
"51","Spinosaurus_","Spinosaurus_.9"
"52","Spinosaurus_","Spinosaurus_.10"
"53","Spinosaurus_","Spinosaurus_.11"
"54","Suchomimus","Suchomimus.1"
"55","Suchomimus","Suchomimus.2"
"56","Suchomimus","Suchomimus.3"
"57","Baryonyx","Baryonyx.1"
"58","Baryonyx","Baryonyx.2"
"59","Baryonyx","Baryonyx.3"
 
* Phylo tree and the main data and strata files have been modified to include duplicated taxa before the scaled random trees are generated.
* Selected categorical labels column: diving.or.not
* diving.or.equal column is identical to Diving column.
* Regression excludes flying taxa.
* Diving labels that are present in regression: 0,2
* lambda (calculated from a random tree) = : 0.13
* index-name alignment check: OK
