Logfile for a session of program: bootstrap_binary.r
-----------------------------------------------------
INPUT:
workDir: C:/dino_nature/output/2023-11-07-D1\bs/set_1740
Nbootstrapsets: 2000
phyloFDAfile: c:/dino_nature/code/phylo.fda.R
auxFile: c:/dino_nature/code/auxiliary.r
boneType: femur
regressionData.file: C:/dino_nature/output/2023-11-07-D1\bs/set_1740/femur_set_1740.csv
applyDataFilter: FALSE
addTreeTips: TRUE
Ntrees: 100
calculateTrees: TRUE
saveTrees: FALSE


OPERATIONAL CHECKS:
* Regression data contains multiple copies of some taxa (user added variants of existing test taxa 
   or replacements due to bootstrap are present) which are not in the phylo tree:
     original taxon,   duplicate   
"1","Ceratotherium_simum","Ceratotherium_simum.1"
"2","Atlantisia_rogersi","Atlantisia_rogersi.1"
"3","Megaloceros_sp","Megaloceros_sp.1"
"4","Atlantisia_rogersi","Atlantisia_rogersi.2"
"5","Microgale_thomasi","Microgale_thomasi.1"
"6","Rynochetus_jubatus","Rynochetus_jubatus.1"
"7","Rupicapra_rupicapra","Rupicapra_rupicapra.1"
"8","Ceratotherium_simum","Ceratotherium_simum.2"
"9","Sphenodon_punctatus","Sphenodon_punctatus.1"
"10","Diplomesodon_pulchellum","Diplomesodon_pulchellum.1"
"11","Elephas_maximus","Elephas_maximus.1"
"12","Elomeryx_borbonicus_","Elomeryx_borbonicus_.1"
"13","Euroscaptor_micrura","Euroscaptor_micrura.1"
"14","Myrmecophaga_tridactyla","Myrmecophaga_tridactyla.1"
"15","Rupicapra_rupicapra","Rupicapra_rupicapra.2"
"16","Diplomesodon_pulchellum","Diplomesodon_pulchellum.2"
"17","Mus_musculus","Mus_musculus.1"
"18","Elephas_maximus","Elephas_maximus.2"
"19","Elomeryx_borbonicus_","Elomeryx_borbonicus_.2"
"20","Uncia_uncia","Uncia_uncia.1"
"21","Sus_scrofa","Sus_scrofa.1"
"22","Alces_americanus","Alces_americanus.1"
"23","Desmostylus_hesperus","Desmostylus_hesperus.1"
"24","Protochampsidae","Protochampsidae.1"
"25","Otaria_byronia","Otaria_byronia.1"
"26","Pistosaurus","Pistosaurus.1"
"27","Indohyus","Indohyus.1"
"28","Placondontia_indet","Placondontia_indet.1"
"29","Dyrosaurid","Dyrosaurid.1"
"30","Maiacetus","Maiacetus.1"
"31","Micropotamogale_euwenzorii","Micropotamogale_euwenzorii.1"
"32","Tapirus_terrestris","Tapirus_terrestris.1"
"33","Micropotamogale_euwenzorii","Micropotamogale_euwenzorii.2"
"34","Simosaurus_1","Simosaurus_1.1"
"35","Champsosaurus","Champsosaurus.1"
"36","Chironectes_minimus","Chironectes_minimus.1"
"37","Psephoderma","Psephoderma.1"
"38","Nothosaurus_mirabilis_1","Nothosaurus_mirabilis_1.1"
"39","Cryptoclidus","Cryptoclidus.1"
"40","Otaria_byronia","Otaria_byronia.2"
"41","Placondontia_indet","Placondontia_indet.2"
"42","Spinosaurus_","Spinosaurus_.1"
"43","Spinosaurus_","Spinosaurus_.2"
"44","Spinosaurus_","Spinosaurus_.3"
"45","Spinosaurus_","Spinosaurus_.4"
"46","Spinosaurus_","Spinosaurus_.5"
"47","Spinosaurus_","Spinosaurus_.6"
"48","Spinosaurus_","Spinosaurus_.7"
"49","Spinosaurus_","Spinosaurus_.8"
"50","Spinosaurus_","Spinosaurus_.9"
"51","Spinosaurus_","Spinosaurus_.10"
"52","Spinosaurus_","Spinosaurus_.11"
"53","Suchomimus","Suchomimus.1"
"54","Suchomimus","Suchomimus.2"
"55","Suchomimus","Suchomimus.3"
"56","Baryonyx","Baryonyx.1"
"57","Baryonyx","Baryonyx.2"
"58","Baryonyx","Baryonyx.3"
 
* Phylo tree and the main data and strata files have been modified to include duplicated taxa before the scaled random trees are generated.
* Selected categorical labels column: diving.or.not
* diving.or.equal column is identical to Diving column.
* Regression excludes flying taxa.
* Diving labels that are present in regression: 0,2
* lambda (calculated from a random tree) = : 0.1
* index-name alignment check: OK
