Logfile for a session of program: bootstrap_binary.r
-----------------------------------------------------
INPUT:
workDir: C:/dino_nature/output/2023-11-07-D1\bs/set_777
Nbootstrapsets: 2000
phyloFDAfile: c:/dino_nature/code/phylo.fda.R
auxFile: c:/dino_nature/code/auxiliary.r
boneType: femur
regressionData.file: C:/dino_nature/output/2023-11-07-D1\bs/set_777/femur_set_777.csv
applyDataFilter: FALSE
addTreeTips: TRUE
Ntrees: 100
calculateTrees: TRUE
saveTrees: FALSE


OPERATIONAL CHECKS:
* Regression data contains multiple copies of some taxa (user added variants of existing test taxa 
   or replacements due to bootstrap are present) which are not in the phylo tree:
     original taxon,   duplicate   
"1","Rupicapra_rupicapra","Rupicapra_rupicapra.1"
"2","Xenicus_giliventris","Xenicus_giliventris.1"
"3","Rhinoceros_sondaicus","Rhinoceros_sondaicus.1"
"4","Felis_felis","Felis_felis.1"
"5","Dromaius_","Dromaius_.1"
"6","Vulpes_vulpes","Vulpes_vulpes.1"
"7","Euroscaptor_micrura","Euroscaptor_micrura.1"
"8","Rynochetus_jubatus","Rynochetus_jubatus.1"
"9","Tamandua_tetradactyla","Tamandua_tetradactyla.1"
"10","Dromaius_","Dromaius_.2"
"11","Rattus_rattus","Rattus_rattus.1"
"12","Xenicus_giliventris","Xenicus_giliventris.2"
"13","Rhynchocyon_petersi","Rhynchocyon_petersi.1"
"14","Felis_felis","Felis_felis.2"
"15","Sphenodon_punctatus","Sphenodon_punctatus.1"
"16","Elephas_maximus","Elephas_maximus.1"
"17","Rupicapra_rupicapra","Rupicapra_rupicapra.2"
"18","Lacerta_viridis","Lacerta_viridis.1"
"19","Rhinoceros_sondaicus","Rhinoceros_sondaicus.2"
"20","Tamandua_tetradactyla","Tamandua_tetradactyla.2"
"21","Mustela_nivalis","Mustela_nivalis.1"
"22","Lacerta_viridis","Lacerta_viridis.2"
"23","Rhynchocyon_petersi","Rhynchocyon_petersi.2"
"24","Choeropsis_liberiensis","Choeropsis_liberiensis.1"
"25","Hippopotamus_amphibius","Hippopotamus_amphibius.1"
"26","Choeropsis_liberiensis","Choeropsis_liberiensis.2"
"27","Protochampsidae","Protochampsidae.1"
"28","Ichtyosaurus_","Ichtyosaurus_.1"
"29","Champsosaurus","Champsosaurus.1"
"30","Paraplacodus","Paraplacodus.1"
"31","Micropotamogale_euwenzorii","Micropotamogale_euwenzorii.1"
"32","Nanophoca_vitulinoides","Nanophoca_vitulinoides.1"
"33","Neusticosaurus","Neusticosaurus.1"
"34","Nothosaurus_mirabilis_1","Nothosaurus_mirabilis_1.1"
"35","Chapsosaurus_","Chapsosaurus_.1"
"36","Tapirus_terrestris","Tapirus_terrestris.1"
"37","large_eocene_stem_penguin","large_eocene_stem_penguin.1"
"38","Palaeospheniscus","Palaeospheniscus.1"
"39","large_eocene_stem_penguin","large_eocene_stem_penguin.2"
"40","Neusticosaurus","Neusticosaurus.2"
"41","Nanophoca_vitulinoides","Nanophoca_vitulinoides.2"
"42","Ichtyosaur_sp","Ichtyosaur_sp.1"
"43","Nothosaurus_giganteus","Nothosaurus_giganteus.1"
"44","Hexaprotodon_garyam","Hexaprotodon_garyam.1"
"45","Palaeospheniscus","Palaeospheniscus.2"
"46","Pistosaurus","Pistosaurus.1"
"47","Nothosaurus_102","Nothosaurus_102.1"
"48","Spinosaurus_","Spinosaurus_.1"
"49","Spinosaurus_","Spinosaurus_.2"
"50","Spinosaurus_","Spinosaurus_.3"
"51","Spinosaurus_","Spinosaurus_.4"
"52","Spinosaurus_","Spinosaurus_.5"
"53","Spinosaurus_","Spinosaurus_.6"
"54","Spinosaurus_","Spinosaurus_.7"
"55","Spinosaurus_","Spinosaurus_.8"
"56","Spinosaurus_","Spinosaurus_.9"
"57","Spinosaurus_","Spinosaurus_.10"
"58","Spinosaurus_","Spinosaurus_.11"
"59","Suchomimus","Suchomimus.1"
"60","Suchomimus","Suchomimus.2"
"61","Suchomimus","Suchomimus.3"
"62","Baryonyx","Baryonyx.1"
"63","Baryonyx","Baryonyx.2"
"64","Baryonyx","Baryonyx.3"
 
* Phylo tree and the main data and strata files have been modified to include duplicated taxa before the scaled random trees are generated.
* Selected categorical labels column: diving.or.not
* diving.or.equal column is identical to Diving column.
* Regression excludes flying taxa.
* Diving labels that are present in regression: 0,2
* lambda (calculated from a random tree) = : 0.11
* index-name alignment check: OK
