Logfile for a session of program: bootstrap_binary.r
-----------------------------------------------------
INPUT:
workDir: C:/dino_nature/output/2023-11-07-D1\bs/set_112
Nbootstrapsets: 2000
phyloFDAfile: c:/dino_nature/code/phylo.fda.R
auxFile: c:/dino_nature/code/auxiliary.r
boneType: femur
regressionData.file: C:/dino_nature/output/2023-11-07-D1\bs/set_112/femur_set_112.csv
applyDataFilter: FALSE
addTreeTips: TRUE
Ntrees: 100
calculateTrees: TRUE
saveTrees: FALSE


OPERATIONAL CHECKS:
* Regression data contains multiple copies of some taxa (user added variants of existing test taxa 
   or replacements due to bootstrap are present) which are not in the phylo tree:
     original taxon,   duplicate   
"1","Capreolus_capreolus","Capreolus_capreolus.1"
"2","Giraffa_camelopardalis","Giraffa_camelopardalis.1"
"3","Raphus","Raphus.1"
"4","Apteryx_owenii_","Apteryx_owenii_.1"
"5","Tamandua_tetradactyla","Tamandua_tetradactyla.1"
"6","Rangifer_tarandus","Rangifer_tarandus.1"
"7","Raphus","Raphus.2"
"8","Caloenas_nicobarica","Caloenas_nicobarica.1"
"9","Giraffa_camelopardalis","Giraffa_camelopardalis.2"
"10","Monodelphis_domestica","Monodelphis_domestica.1"
"11","Diplomesodon_pulchellum","Diplomesodon_pulchellum.1"
"12","Capreolus_capreolus","Capreolus_capreolus.2"
"13","Rynochetus_jubatus","Rynochetus_jubatus.1"
"14","Dama_dama","Dama_dama.1"
"15","Elephas_maximus","Elephas_maximus.1"
"16","Lama_guanicoe","Lama_guanicoe.1"
"17","Rynochetus_jubatus","Rynochetus_jubatus.2"
"18","Apteryx_owenii_","Apteryx_owenii_.2"
"19","Rangifer_tarandus","Rangifer_tarandus.2"
"20","Nothosaurus_giganteus","Nothosaurus_giganteus.1"
"21","Remingtonocetus","Remingtonocetus.1"
"22","Small_Eocene_penguin","Small_Eocene_penguin.1"
"23","Psephoderma","Psephoderma.1"
"24","Simosaurus_1","Simosaurus_1.1"
"25","Ichtyosaurus_","Ichtyosaurus_.1"
"26","Anarosaurus","Anarosaurus.1"
"27","Anarosaurus","Anarosaurus.2"
"28","Nothosaurus_giganteus","Nothosaurus_giganteus.2"
"29","Cryptoclidus","Cryptoclidus.1"
"30","Phalacrocorax_harrisi","Phalacrocorax_harrisi.1"
"31","Placondontia_indet","Placondontia_indet.1"
"32","Cryptoclidus","Cryptoclidus.2"
"33","Nothosaurus_568","Nothosaurus_568.1"
"34","Placondontia_indet","Placondontia_indet.2"
"35","Nothosaurus_mirabilis_1","Nothosaurus_mirabilis_1.1"
"36","Protochampsidae","Protochampsidae.1"
"37","Caiman_yacare","Caiman_yacare.1"
"38","Choeropsis_liberiensis","Choeropsis_liberiensis.1"
"39","Palaeospheniscus","Palaeospheniscus.1"
"40","Dyrosaurid","Dyrosaurid.1"
"41","Spinosaurus_","Spinosaurus_.1"
"42","Spinosaurus_","Spinosaurus_.2"
"43","Spinosaurus_","Spinosaurus_.3"
"44","Spinosaurus_","Spinosaurus_.4"
"45","Spinosaurus_","Spinosaurus_.5"
"46","Spinosaurus_","Spinosaurus_.6"
"47","Spinosaurus_","Spinosaurus_.7"
"48","Spinosaurus_","Spinosaurus_.8"
"49","Spinosaurus_","Spinosaurus_.9"
"50","Spinosaurus_","Spinosaurus_.10"
"51","Spinosaurus_","Spinosaurus_.11"
"52","Suchomimus","Suchomimus.1"
"53","Suchomimus","Suchomimus.2"
"54","Suchomimus","Suchomimus.3"
"55","Baryonyx","Baryonyx.1"
"56","Baryonyx","Baryonyx.2"
"57","Baryonyx","Baryonyx.3"
 
* Phylo tree and the main data and strata files have been modified to include duplicated taxa before the scaled random trees are generated.
* Selected categorical labels column: diving.or.not
* diving.or.equal column is identical to Diving column.
* Regression excludes flying taxa.
* Diving labels that are present in regression: 0,2
* lambda (calculated from a random tree) = : 0.14
* index-name alignment check: OK
