Logfile for a session of program: bootstrap_binary.r
-----------------------------------------------------
INPUT:
workDir: C:/dino_nature/output/2023-11-07-D1\bs/set_1416
Nbootstrapsets: 2000
phyloFDAfile: c:/dino_nature/code/phylo.fda.R
auxFile: c:/dino_nature/code/auxiliary.r
boneType: femur
regressionData.file: C:/dino_nature/output/2023-11-07-D1\bs/set_1416/femur_set_1416.csv
applyDataFilter: FALSE
addTreeTips: TRUE
Ntrees: 100
calculateTrees: TRUE
saveTrees: FALSE


OPERATIONAL CHECKS:
* Regression data contains multiple copies of some taxa (user added variants of existing test taxa 
   or replacements due to bootstrap are present) which are not in the phylo tree:
     original taxon,   duplicate   
"1","Rattus_rattus","Rattus_rattus.1"
"2","Rhynchocyon_petersi","Rhynchocyon_petersi.1"
"3","Hemiechinus_azurites","Hemiechinus_azurites.1"
"4","Rattus_rattus","Rattus_rattus.2"
"5","Bos_taurus","Bos_taurus.1"
"6","Euroscaptor_micrura","Euroscaptor_micrura.1"
"7","Procyon_lotor","Procyon_lotor.1"
"8","Rynochetus_jubatus","Rynochetus_jubatus.1"
"9","Tamandua_tetradactyla","Tamandua_tetradactyla.1"
"10","Cephalophus_silvicultor","Cephalophus_silvicultor.1"
"11","Apteryx_owenii_","Apteryx_owenii_.1"
"12","Vulpes_vulpes","Vulpes_vulpes.1"
"13","Capreolus_capreolus","Capreolus_capreolus.1"
"14","Microgale_thomasi","Microgale_thomasi.1"
"15","Capreolus_capreolus","Capreolus_capreolus.2"
"16","Xenicus_giliventris","Xenicus_giliventris.1"
"17","Hemiechinus_azurites","Hemiechinus_azurites.2"
"18","Dicerorhinus_sumatrensis","Dicerorhinus_sumatrensis.1"
"19","Rynochetus_jubatus","Rynochetus_jubatus.2"
"20","Procyon_lotor","Procyon_lotor.2"
"21","Rhynchocyon_petersi","Rhynchocyon_petersi.2"
"22","Rynochetus_jubatus","Rynochetus_jubatus.3"
"23","Lutra_vulgaris","Lutra_vulgaris.1"
"24","Cricosaurus","Cricosaurus.1"
"25","Placondontia_indet","Placondontia_indet.1"
"26","Plesiosaurus","Plesiosaurus.1"
"27","Choeropsis_liberiensis","Choeropsis_liberiensis.1"
"28","Pistosaurus","Pistosaurus.1"
"29","Callophoca_obscura","Callophoca_obscura.1"
"30","Paraplacodus","Paraplacodus.1"
"31","Nothosaurus_102","Nothosaurus_102.1"
"32","Rodhocetus","Rodhocetus.1"
"33","Otaria_byronia","Otaria_byronia.1"
"34","Pistosaurus","Pistosaurus.2"
"35","Neusticosaurus","Neusticosaurus.1"
"36","Nothosaurus_102","Nothosaurus_102.2"
"37","Small_Eocene_penguin","Small_Eocene_penguin.1"
"38","Basilosaurus","Basilosaurus.1"
"39","Cryptoclidus","Cryptoclidus.1"
"40","Basilosaurus","Basilosaurus.2"
"41","Lutra_vulgaris","Lutra_vulgaris.2"
"42","Pistosaurus","Pistosaurus.3"
"43","Small_Eocene_penguin","Small_Eocene_penguin.2"
"44","Cricosaurus","Cricosaurus.2"
"45","Champsosaurus","Champsosaurus.1"
"46","Lutra_vulgaris","Lutra_vulgaris.3"
"47","Hexaprotodon_garyam","Hexaprotodon_garyam.1"
"48","Spinosaurus_","Spinosaurus_.1"
"49","Spinosaurus_","Spinosaurus_.2"
"50","Spinosaurus_","Spinosaurus_.3"
"51","Spinosaurus_","Spinosaurus_.4"
"52","Spinosaurus_","Spinosaurus_.5"
"53","Spinosaurus_","Spinosaurus_.6"
"54","Spinosaurus_","Spinosaurus_.7"
"55","Spinosaurus_","Spinosaurus_.8"
"56","Spinosaurus_","Spinosaurus_.9"
"57","Spinosaurus_","Spinosaurus_.10"
"58","Spinosaurus_","Spinosaurus_.11"
"59","Suchomimus","Suchomimus.1"
"60","Suchomimus","Suchomimus.2"
"61","Suchomimus","Suchomimus.3"
"62","Baryonyx","Baryonyx.1"
"63","Baryonyx","Baryonyx.2"
"64","Baryonyx","Baryonyx.3"
 
* Phylo tree and the main data and strata files have been modified to include duplicated taxa before the scaled random trees are generated.
* Selected categorical labels column: diving.or.not
* diving.or.equal column is identical to Diving column.
* Regression excludes flying taxa.
* Diving labels that are present in regression: 0,2
* lambda (calculated from a random tree) = : 0.06
* index-name alignment check: OK
