Logfile for a session of program: bootstrap_binary.r
-----------------------------------------------------
INPUT:
workDir: C:/dino_nature/output/2023-11-07-D1\bs/set_1598
Nbootstrapsets: 2000
phyloFDAfile: c:/dino_nature/code/phylo.fda.R
auxFile: c:/dino_nature/code/auxiliary.r
boneType: femur
regressionData.file: C:/dino_nature/output/2023-11-07-D1\bs/set_1598/femur_set_1598.csv
applyDataFilter: FALSE
addTreeTips: TRUE
Ntrees: 100
calculateTrees: TRUE
saveTrees: FALSE


OPERATIONAL CHECKS:
* Regression data contains multiple copies of some taxa (user added variants of existing test taxa 
   or replacements due to bootstrap are present) which are not in the phylo tree:
     original taxon,   duplicate   
"1","Procyon_lotor","Procyon_lotor.1"
"2","Taxidea_taxus","Taxidea_taxus.1"
"3","Caloenas_nicobarica","Caloenas_nicobarica.1"
"4","Procavia_capensis","Procavia_capensis.1"
"5","Rupicapra_rupicapra","Rupicapra_rupicapra.1"
"6","Sphenodon_punctatus","Sphenodon_punctatus.1"
"7","Dromaius_","Dromaius_.1"
"8","Diplomesodon_pulchellum","Diplomesodon_pulchellum.1"
"9","Dromaius_","Dromaius_.2"
"10","Microgale_thomasi","Microgale_thomasi.1"
"11","Brachyodus_onoideum","Brachyodus_onoideum.1"
"12","Elephas_maximus","Elephas_maximus.1"
"13","Elephas_maximus","Elephas_maximus.2"
"14","Syncerus_caffer","Syncerus_caffer.1"
"15","Megaloceros_sp","Megaloceros_sp.1"
"16","Elomeryx_borbonicus_","Elomeryx_borbonicus_.1"
"17","Elomeryx_borbonicus_","Elomeryx_borbonicus_.2"
"18","Caloenas_nicobarica","Caloenas_nicobarica.2"
"19","Diplomesodon_pulchellum","Diplomesodon_pulchellum.2"
"20","Diplomesodon_pulchellum","Diplomesodon_pulchellum.3"
"21","Syncerus_caffer","Syncerus_caffer.2"
"22","Apteryx_australis","Apteryx_australis.1"
"23","Chapsosaurus_","Chapsosaurus_.1"
"24","Nothosaurus_mirabilis","Nothosaurus_mirabilis.1"
"25","Ichtyosaurus_","Ichtyosaurus_.1"
"26","Champsosaurus","Champsosaurus.1"
"27","Basilosaurus","Basilosaurus.1"
"28","Nanophoca_vitulinoides","Nanophoca_vitulinoides.1"
"29","Hydromys_chrysogaster","Hydromys_chrysogaster.1"
"30","Ichtyosaur_sp","Ichtyosaur_sp.1"
"31","Serpianosaurus","Serpianosaurus.1"
"32","Nothosaurus_150","Nothosaurus_150.1"
"33","Hippopotamus_amphibius","Hippopotamus_amphibius.1"
"34","Castor_fiber","Castor_fiber.1"
"35","Nanophoca_vitulinoides","Nanophoca_vitulinoides.2"
"36","Nothosaurus_150","Nothosaurus_150.2"
"37","Pistosaurus","Pistosaurus.1"
"38","Ichtyosaurus_","Ichtyosaurus_.2"
"39","Palaeospheniscus","Palaeospheniscus.1"
"40","Castor_fiber","Castor_fiber.2"
"41","Cryptoclidus","Cryptoclidus.1"
"42","Spinosaurus_","Spinosaurus_.1"
"43","Spinosaurus_","Spinosaurus_.2"
"44","Spinosaurus_","Spinosaurus_.3"
"45","Spinosaurus_","Spinosaurus_.4"
"46","Spinosaurus_","Spinosaurus_.5"
"47","Spinosaurus_","Spinosaurus_.6"
"48","Spinosaurus_","Spinosaurus_.7"
"49","Spinosaurus_","Spinosaurus_.8"
"50","Spinosaurus_","Spinosaurus_.9"
"51","Spinosaurus_","Spinosaurus_.10"
"52","Spinosaurus_","Spinosaurus_.11"
"53","Suchomimus","Suchomimus.1"
"54","Suchomimus","Suchomimus.2"
"55","Suchomimus","Suchomimus.3"
"56","Baryonyx","Baryonyx.1"
"57","Baryonyx","Baryonyx.2"
"58","Baryonyx","Baryonyx.3"
 
* Phylo tree and the main data and strata files have been modified to include duplicated taxa before the scaled random trees are generated.
* Selected categorical labels column: diving.or.not
* diving.or.equal column is identical to Diving column.
* Regression excludes flying taxa.
* Diving labels that are present in regression: 0,2
* lambda (calculated from a random tree) = : 0.14
* index-name alignment check: OK
