Logfile for a session of program: bootstrap_binary.r
-----------------------------------------------------
INPUT:
workDir: C:/dino_nature/output/2023-11-07-D1\bs/set_1653
Nbootstrapsets: 2000
phyloFDAfile: c:/dino_nature/code/phylo.fda.R
auxFile: c:/dino_nature/code/auxiliary.r
boneType: femur
regressionData.file: C:/dino_nature/output/2023-11-07-D1\bs/set_1653/femur_set_1653.csv
applyDataFilter: FALSE
addTreeTips: TRUE
Ntrees: 100
calculateTrees: TRUE
saveTrees: FALSE


OPERATIONAL CHECKS:
* Regression data contains multiple copies of some taxa (user added variants of existing test taxa 
   or replacements due to bootstrap are present) which are not in the phylo tree:
     original taxon,   duplicate   
"1","Meles_meles","Meles_meles.1"
"2","Bos_taurus","Bos_taurus.1"
"3","Lacerta_viridis","Lacerta_viridis.1"
"4","Bos_taurus","Bos_taurus.2"
"5","Porphyrio_hochstetteri","Porphyrio_hochstetteri.1"
"6","Uncia_uncia","Uncia_uncia.1"
"7","Pogona_viceps","Pogona_viceps.1"
"8","Sus_scrofa","Sus_scrofa.1"
"9","Dicerorhinus_sumatrensis","Dicerorhinus_sumatrensis.1"
"10","Apteryx_australis","Apteryx_australis.1"
"11","Diplomesodon_pulchellum","Diplomesodon_pulchellum.1"
"12","Bos_taurus","Bos_taurus.3"
"13","Myrmecophaga_tridactyla","Myrmecophaga_tridactyla.1"
"14","Myrmecophaga_tridactyla","Myrmecophaga_tridactyla.2"
"15","Monodelphis_domestica","Monodelphis_domestica.1"
"16","Diplomesodon_pulchellum","Diplomesodon_pulchellum.2"
"17","Lacerta_viridis","Lacerta_viridis.2"
"18","Tamandua_tetradactyla","Tamandua_tetradactyla.1"
"19","Vulpes_vulpes","Vulpes_vulpes.1"
"20","Bos_taurus","Bos_taurus.4"
"21","Porphyrio_hochstetteri","Porphyrio_hochstetteri.2"
"22","large_eocene_stem_penguin","large_eocene_stem_penguin.1"
"23","Simosaurus_1","Simosaurus_1.1"
"24","large_eocene_stem_penguin","large_eocene_stem_penguin.2"
"25","Simosaurus_1","Simosaurus_1.2"
"26","Simosaurus","Simosaurus.1"
"27","Tapirus_terrestris","Tapirus_terrestris.1"
"28","Remingtonocetus","Remingtonocetus.1"
"29","Rhaeticosaurus","Rhaeticosaurus.1"
"30","Nanophoca_vitulinoides","Nanophoca_vitulinoides.1"
"31","Spheniscus","Spheniscus.1"
"32","large_eocene_stem_penguin","large_eocene_stem_penguin.3"
"33","Simosaurus_1","Simosaurus_1.3"
"34","Tapirus_terrestris","Tapirus_terrestris.2"
"35","Rhaeticosaurus","Rhaeticosaurus.2"
"36","Nothosaurus_568","Nothosaurus_568.1"
"37","Ichtyosaurus_","Ichtyosaurus_.1"
"38","Nothosaurus_568","Nothosaurus_568.2"
"39","Micropotamogale_euwenzorii","Micropotamogale_euwenzorii.1"
"40","Indohyus","Indohyus.1"
"41","Nanophoca_vitulinoides","Nanophoca_vitulinoides.2"
"42","Nanophoca_vitulinoides","Nanophoca_vitulinoides.3"
"43","Micropotamogale_euwenzorii","Micropotamogale_euwenzorii.2"
"44","Nothosaurus_150","Nothosaurus_150.1"
"45","Spinosaurus_","Spinosaurus_.1"
"46","Spinosaurus_","Spinosaurus_.2"
"47","Spinosaurus_","Spinosaurus_.3"
"48","Spinosaurus_","Spinosaurus_.4"
"49","Spinosaurus_","Spinosaurus_.5"
"50","Spinosaurus_","Spinosaurus_.6"
"51","Spinosaurus_","Spinosaurus_.7"
"52","Spinosaurus_","Spinosaurus_.8"
"53","Spinosaurus_","Spinosaurus_.9"
"54","Spinosaurus_","Spinosaurus_.10"
"55","Spinosaurus_","Spinosaurus_.11"
"56","Suchomimus","Suchomimus.1"
"57","Suchomimus","Suchomimus.2"
"58","Suchomimus","Suchomimus.3"
"59","Baryonyx","Baryonyx.1"
"60","Baryonyx","Baryonyx.2"
"61","Baryonyx","Baryonyx.3"
 
* Phylo tree and the main data and strata files have been modified to include duplicated taxa before the scaled random trees are generated.
* Selected categorical labels column: diving.or.not
* diving.or.equal column is identical to Diving column.
* Regression excludes flying taxa.
* Diving labels that are present in regression: 0,2
* lambda (calculated from a random tree) = : 0.11
* index-name alignment check: OK
