Logfile for a session of program: bootstrap_binary.r
-----------------------------------------------------
INPUT:
workDir: C:/dino_nature/output/2023-11-07-D1\bs/set_1712
Nbootstrapsets: 2000
phyloFDAfile: c:/dino_nature/code/phylo.fda.R
auxFile: c:/dino_nature/code/auxiliary.r
boneType: femur
regressionData.file: C:/dino_nature/output/2023-11-07-D1\bs/set_1712/femur_set_1712.csv
applyDataFilter: FALSE
addTreeTips: TRUE
Ntrees: 100
calculateTrees: TRUE
saveTrees: FALSE


OPERATIONAL CHECKS:
* Regression data contains multiple copies of some taxa (user added variants of existing test taxa 
   or replacements due to bootstrap are present) which are not in the phylo tree:
     original taxon,   duplicate   
"1","Sphenodon_punctatus","Sphenodon_punctatus.1"
"2","Giraffa_camelopardalis","Giraffa_camelopardalis.1"
"3","Giraffa_camelopardalis","Giraffa_camelopardalis.2"
"4","Capreolus_capreolus","Capreolus_capreolus.1"
"5","Apteryx_owenii_","Apteryx_owenii_.1"
"6","Bison_bonasus","Bison_bonasus.1"
"7","Apteryx_owenii_","Apteryx_owenii_.2"
"8","Bison_bonasus","Bison_bonasus.2"
"9","Monodelphis_domestica","Monodelphis_domestica.1"
"10","Diplomesodon_pulchellum","Diplomesodon_pulchellum.1"
"11","Giraffa_camelopardalis","Giraffa_camelopardalis.3"
"12","Brachyodus_onoideum","Brachyodus_onoideum.1"
"13","Dasyurus_maculatus","Dasyurus_maculatus.1"
"14","Cephalophus_silvicultor","Cephalophus_silvicultor.1"
"15","Rynochetus_jubatus","Rynochetus_jubatus.1"
"16","Monodelphis_domestica","Monodelphis_domestica.2"
"17","Apteryx_australis","Apteryx_australis.1"
"18","Ceratotherium_simum","Ceratotherium_simum.1"
"19","Dicerorhinus_sumatrensis","Dicerorhinus_sumatrensis.1"
"20","large_eocene_stem_penguin","large_eocene_stem_penguin.1"
"21","Phalacrocorax_harrisi","Phalacrocorax_harrisi.1"
"22","Lutra_vulgaris","Lutra_vulgaris.1"
"23","Tapirus_terrestris","Tapirus_terrestris.1"
"24","Placondontia_indet","Placondontia_indet.1"
"25","Placondontia_indet","Placondontia_indet.2"
"26","Cryptoclidus","Cryptoclidus.1"
"27","Leptophoca_proxima","Leptophoca_proxima.1"
"28","large_eocene_stem_penguin","large_eocene_stem_penguin.2"
"29","Leptophoca_proxima","Leptophoca_proxima.2"
"30","Simosaurus","Simosaurus.1"
"31","Simosaurus","Simosaurus.2"
"32","Callophoca_obscura","Callophoca_obscura.1"
"33","Metryorhynchus","Metryorhynchus.1"
"34","Alligator","Alligator.1"
"35","Neusticosaurus","Neusticosaurus.1"
"36","Nanophoca_vitulinoides","Nanophoca_vitulinoides.1"
"37","Nothosaurus_mirabilis","Nothosaurus_mirabilis.1"
"38","Placondontia_indet","Placondontia_indet.3"
"39","Plesiosaurus","Plesiosaurus.1"
"40","Spinosaurus_","Spinosaurus_.1"
"41","Spinosaurus_","Spinosaurus_.2"
"42","Spinosaurus_","Spinosaurus_.3"
"43","Spinosaurus_","Spinosaurus_.4"
"44","Spinosaurus_","Spinosaurus_.5"
"45","Spinosaurus_","Spinosaurus_.6"
"46","Spinosaurus_","Spinosaurus_.7"
"47","Spinosaurus_","Spinosaurus_.8"
"48","Spinosaurus_","Spinosaurus_.9"
"49","Spinosaurus_","Spinosaurus_.10"
"50","Spinosaurus_","Spinosaurus_.11"
"51","Suchomimus","Suchomimus.1"
"52","Suchomimus","Suchomimus.2"
"53","Suchomimus","Suchomimus.3"
"54","Baryonyx","Baryonyx.1"
"55","Baryonyx","Baryonyx.2"
"56","Baryonyx","Baryonyx.3"
 
* Phylo tree and the main data and strata files have been modified to include duplicated taxa before the scaled random trees are generated.
* Selected categorical labels column: diving.or.not
* diving.or.equal column is identical to Diving column.
* Regression excludes flying taxa.
* Diving labels that are present in regression: 0,2
* lambda (calculated from a random tree) = : 0.1
* index-name alignment check: OK
