Logfile for a session of program: bootstrap_binary.r
-----------------------------------------------------
INPUT:
workDir: C:/dino_nature/output/2023-11-07-D1\bs/set_6
Nbootstrapsets: 2000
phyloFDAfile: c:/dino_nature/code/phylo.fda.R
auxFile: c:/dino_nature/code/auxiliary.r
boneType: femur
regressionData.file: C:/dino_nature/output/2023-11-07-D1\bs/set_6/femur_set_6.csv
applyDataFilter: FALSE
addTreeTips: TRUE
Ntrees: 100
calculateTrees: TRUE
saveTrees: FALSE


OPERATIONAL CHECKS:
* Regression data contains multiple copies of some taxa (user added variants of existing test taxa 
   or replacements due to bootstrap are present) which are not in the phylo tree:
     original taxon,   duplicate   
"1","Lama_guanicoe","Lama_guanicoe.1"
"2","Lama_guanicoe","Lama_guanicoe.2"
"3","Lacerta_viridis","Lacerta_viridis.1"
"4","Caloenas_nicobarica","Caloenas_nicobarica.1"
"5","Procavia_capensis","Procavia_capensis.1"
"6","Xenicus_giliventris","Xenicus_giliventris.1"
"7","Rhynchocyon_petersi","Rhynchocyon_petersi.1"
"8","Hemiechinus_azurites","Hemiechinus_azurites.1"
"9","Rynochetus_jubatus","Rynochetus_jubatus.1"
"10","Rynochetus_jubatus","Rynochetus_jubatus.2"
"11","Dasyurus_maculatus","Dasyurus_maculatus.1"
"12","Elomeryx_borbonicus_","Elomeryx_borbonicus_.1"
"13","Ceratotherium_simum","Ceratotherium_simum.1"
"14","Lacerta_viridis","Lacerta_viridis.2"
"15","Sus_scrofa","Sus_scrofa.1"
"16","Dicerorhinus_sumatrensis","Dicerorhinus_sumatrensis.1"
"17","Alces_americanus","Alces_americanus.1"
"18","Cephalophus_silvicultor","Cephalophus_silvicultor.1"
"19","Neusticosaurus","Neusticosaurus.1"
"20","Hydromys_chrysogaster","Hydromys_chrysogaster.1"
"21","Phocanella_pumila","Phocanella_pumila.1"
"22","Serpianosaurus","Serpianosaurus.1"
"23","Plesiosaurus","Plesiosaurus.1"
"24","Desmana_moschata","Desmana_moschata.1"
"25","Desmana_moschata","Desmana_moschata.2"
"26","Hydromys_chrysogaster","Hydromys_chrysogaster.2"
"27","Paraplacodus","Paraplacodus.1"
"28","Chapsosaurus_","Chapsosaurus_.1"
"29","Cryptoclidus","Cryptoclidus.1"
"30","Desmana_moschata","Desmana_moschata.3"
"31","Nothosaurus_mirabilis","Nothosaurus_mirabilis.1"
"32","Paraplacodus","Paraplacodus.2"
"33","Metryorhynchus","Metryorhynchus.1"
"34","Champsosaurus","Champsosaurus.1"
"35","Hesperornis","Hesperornis.1"
"36","Champsosaurus","Champsosaurus.2"
"37","Nanophoca_vitulinoides","Nanophoca_vitulinoides.1"
"38","Placondontia_indet","Placondontia_indet.1"
"39","Phocanella_pumila","Phocanella_pumila.2"
"40","Pistosaurus","Pistosaurus.1"
"41","large_eocene_stem_penguin","large_eocene_stem_penguin.1"
"42","Spinosaurus_","Spinosaurus_.1"
"43","Spinosaurus_","Spinosaurus_.2"
"44","Spinosaurus_","Spinosaurus_.3"
"45","Spinosaurus_","Spinosaurus_.4"
"46","Spinosaurus_","Spinosaurus_.5"
"47","Spinosaurus_","Spinosaurus_.6"
"48","Spinosaurus_","Spinosaurus_.7"
"49","Spinosaurus_","Spinosaurus_.8"
"50","Spinosaurus_","Spinosaurus_.9"
"51","Spinosaurus_","Spinosaurus_.10"
"52","Spinosaurus_","Spinosaurus_.11"
"53","Suchomimus","Suchomimus.1"
"54","Suchomimus","Suchomimus.2"
"55","Suchomimus","Suchomimus.3"
"56","Baryonyx","Baryonyx.1"
"57","Baryonyx","Baryonyx.2"
"58","Baryonyx","Baryonyx.3"
 
* Phylo tree and the main data and strata files have been modified to include duplicated taxa before the scaled random trees are generated.
* Selected categorical labels column: diving.or.not
* diving.or.equal column is identical to Diving column.
* Regression excludes flying taxa.
* Diving labels that are present in regression: 0,2
* lambda (calculated from a random tree) = : 0.12
* index-name alignment check: OK
