Logfile for a session of program: bootstrap_binary.r
-----------------------------------------------------
INPUT:
workDir: C:/dino_nature/output/2023-11-07-D1\bs/set_919
Nbootstrapsets: 2000
phyloFDAfile: c:/dino_nature/code/phylo.fda.R
auxFile: c:/dino_nature/code/auxiliary.r
boneType: femur
regressionData.file: C:/dino_nature/output/2023-11-07-D1\bs/set_919/femur_set_919.csv
applyDataFilter: FALSE
addTreeTips: TRUE
Ntrees: 100
calculateTrees: TRUE
saveTrees: FALSE


OPERATIONAL CHECKS:
* Regression data contains multiple copies of some taxa (user added variants of existing test taxa 
   or replacements due to bootstrap are present) which are not in the phylo tree:
     original taxon,   duplicate   
"1","Brachyodus_onoideum","Brachyodus_onoideum.1"
"2","Syncerus_caffer","Syncerus_caffer.1"
"3","Taxidea_taxus","Taxidea_taxus.1"
"4","Atlantisia_rogersi","Atlantisia_rogersi.1"
"5","Lacerta_viridis","Lacerta_viridis.1"
"6","Procavia_capensis","Procavia_capensis.1"
"7","Hemiechinus_azurites","Hemiechinus_azurites.1"
"8","Brachyodus_onoideum","Brachyodus_onoideum.2"
"9","Mammuthus_sp","Mammuthus_sp.1"
"10","Pogona_viceps","Pogona_viceps.1"
"11","Pogona_viceps","Pogona_viceps.2"
"12","Lacerta_viridis","Lacerta_viridis.2"
"13","Monodelphis_domestica","Monodelphis_domestica.1"
"14","Syncerus_caffer","Syncerus_caffer.2"
"15","Rattus_rattus","Rattus_rattus.1"
"16","Diplomesodon_pulchellum","Diplomesodon_pulchellum.1"
"17","Syncerus_caffer","Syncerus_caffer.3"
"18","Loxodonta_africana","Loxodonta_africana.1"
"19","Rhinoceros_sondaicus","Rhinoceros_sondaicus.1"
"20","Giraffa_camelopardalis","Giraffa_camelopardalis.1"
"21","Diplomesodon_pulchellum","Diplomesodon_pulchellum.2"
"22","Nothosaurus_mirabilis","Nothosaurus_mirabilis.1"
"23","Neusticosaurus","Neusticosaurus.1"
"24","Choeropsis_liberiensis","Choeropsis_liberiensis.1"
"25","Phocanella_pumila","Phocanella_pumila.1"
"26","Phocanella_pumila","Phocanella_pumila.2"
"27","Simosaurus_1","Simosaurus_1.1"
"28","Simosaurus","Simosaurus.1"
"29","Small_Eocene_penguin","Small_Eocene_penguin.1"
"30","Nothosaurus_mirabilis","Nothosaurus_mirabilis.2"
"31","Hydromys_chrysogaster","Hydromys_chrysogaster.1"
"32","Metryorhynchus","Metryorhynchus.1"
"33","Aptenodytes______","Aptenodytes______.1"
"34","Maiacetus","Maiacetus.1"
"35","Nothosaurus_mirabilis","Nothosaurus_mirabilis.3"
"36","Simosaurus_1","Simosaurus_1.2"
"37","Simosaurus_1","Simosaurus_1.3"
"38","Castor_fiber","Castor_fiber.1"
"39","Caiman_yacare","Caiman_yacare.1"
"40","Nothosaurus_mirabilis","Nothosaurus_mirabilis.4"
"41","Anarosaurus","Anarosaurus.1"
"42","Maiacetus","Maiacetus.2"
"43","Plesiosaurus","Plesiosaurus.1"
"44","Rodhocetus","Rodhocetus.1"
"45","Phalacrocorax_harrisi","Phalacrocorax_harrisi.1"
"46","Spinosaurus_","Spinosaurus_.1"
"47","Spinosaurus_","Spinosaurus_.2"
"48","Spinosaurus_","Spinosaurus_.3"
"49","Spinosaurus_","Spinosaurus_.4"
"50","Spinosaurus_","Spinosaurus_.5"
"51","Spinosaurus_","Spinosaurus_.6"
"52","Spinosaurus_","Spinosaurus_.7"
"53","Spinosaurus_","Spinosaurus_.8"
"54","Spinosaurus_","Spinosaurus_.9"
"55","Spinosaurus_","Spinosaurus_.10"
"56","Spinosaurus_","Spinosaurus_.11"
"57","Suchomimus","Suchomimus.1"
"58","Suchomimus","Suchomimus.2"
"59","Suchomimus","Suchomimus.3"
"60","Baryonyx","Baryonyx.1"
"61","Baryonyx","Baryonyx.2"
"62","Baryonyx","Baryonyx.3"
 
* Phylo tree and the main data and strata files have been modified to include duplicated taxa before the scaled random trees are generated.
* Selected categorical labels column: diving.or.not
* diving.or.equal column is identical to Diving column.
* Regression excludes flying taxa.
* Diving labels that are present in regression: 0,2
* lambda (calculated from a random tree) = : 0.11
* index-name alignment check: OK
