Logfile for a session of program: bootstrap_binary.r
-----------------------------------------------------
INPUT:
workDir: C:/dino_nature/output/2023-11-07-D1\bs/set_1521
Nbootstrapsets: 2000
phyloFDAfile: c:/dino_nature/code/phylo.fda.R
auxFile: c:/dino_nature/code/auxiliary.r
boneType: femur
regressionData.file: C:/dino_nature/output/2023-11-07-D1\bs/set_1521/femur_set_1521.csv
applyDataFilter: FALSE
addTreeTips: TRUE
Ntrees: 100
calculateTrees: TRUE
saveTrees: FALSE


OPERATIONAL CHECKS:
* Regression data contains multiple copies of some taxa (user added variants of existing test taxa 
   or replacements due to bootstrap are present) which are not in the phylo tree:
     original taxon,   duplicate   
"1","Sphenodon_punctatus","Sphenodon_punctatus.1"
"2","Diplomesodon_pulchellum","Diplomesodon_pulchellum.1"
"3","Rhinoceros_sondaicus","Rhinoceros_sondaicus.1"
"4","Okapia_johnstoni","Okapia_johnstoni.1"
"5","Mus_musculus","Mus_musculus.1"
"6","Okapia_johnstoni","Okapia_johnstoni.2"
"7","Okapia_johnstoni","Okapia_johnstoni.3"
"8","Syncerus_caffer","Syncerus_caffer.1"
"9","Sus_scrofa","Sus_scrofa.1"
"10","Diplomesodon_pulchellum","Diplomesodon_pulchellum.2"
"11","Sphenodon_punctatus","Sphenodon_punctatus.2"
"12","Dama_dama","Dama_dama.1"
"13","Capreolus_capreolus","Capreolus_capreolus.1"
"14","Rhinoceros_sondaicus","Rhinoceros_sondaicus.2"
"15","Sus_scrofa","Sus_scrofa.2"
"16","Rupicapra_rupicapra","Rupicapra_rupicapra.1"
"17","Lacerta_viridis","Lacerta_viridis.1"
"18","Dasyurus_maculatus","Dasyurus_maculatus.1"
"19","Xenicus_giliventris","Xenicus_giliventris.1"
"20","Ceratotherium_simum","Ceratotherium_simum.1"
"21","Lutra_vulgaris","Lutra_vulgaris.1"
"22","large_eocene_stem_penguin","large_eocene_stem_penguin.1"
"23","Pistosaurus","Pistosaurus.1"
"24","Cricosaurus","Cricosaurus.1"
"25","large_eocene_stem_penguin","large_eocene_stem_penguin.2"
"26","Otaria_byronia","Otaria_byronia.1"
"27","Callophoca_obscura","Callophoca_obscura.1"
"28","Lutra_vulgaris","Lutra_vulgaris.2"
"29","Alligator","Alligator.1"
"30","Paraplacodus","Paraplacodus.1"
"31","Psephoderma","Psephoderma.1"
"32","Plesiosaurus","Plesiosaurus.1"
"33","Metryorhynchus","Metryorhynchus.1"
"34","Cryptoclidus","Cryptoclidus.1"
"35","Metryorhynchus","Metryorhynchus.2"
"36","Nothosaurus_mirabilis","Nothosaurus_mirabilis.1"
"37","Nothosaurus_mirabilis_1","Nothosaurus_mirabilis_1.1"
"38","large_eocene_stem_penguin","large_eocene_stem_penguin.3"
"39","Serpianosaurus","Serpianosaurus.1"
"40","Noemys_fodies","Noemys_fodies.1"
"41","Serpianosaurus","Serpianosaurus.2"
"42","Nothosaurus_mirabilis","Nothosaurus_mirabilis.2"
"43","Spinosaurus_","Spinosaurus_.1"
"44","Spinosaurus_","Spinosaurus_.2"
"45","Spinosaurus_","Spinosaurus_.3"
"46","Spinosaurus_","Spinosaurus_.4"
"47","Spinosaurus_","Spinosaurus_.5"
"48","Spinosaurus_","Spinosaurus_.6"
"49","Spinosaurus_","Spinosaurus_.7"
"50","Spinosaurus_","Spinosaurus_.8"
"51","Spinosaurus_","Spinosaurus_.9"
"52","Spinosaurus_","Spinosaurus_.10"
"53","Spinosaurus_","Spinosaurus_.11"
"54","Suchomimus","Suchomimus.1"
"55","Suchomimus","Suchomimus.2"
"56","Suchomimus","Suchomimus.3"
"57","Baryonyx","Baryonyx.1"
"58","Baryonyx","Baryonyx.2"
"59","Baryonyx","Baryonyx.3"
 
* Phylo tree and the main data and strata files have been modified to include duplicated taxa before the scaled random trees are generated.
* Selected categorical labels column: diving.or.not
* diving.or.equal column is identical to Diving column.
* Regression excludes flying taxa.
* Diving labels that are present in regression: 0,2
* lambda (calculated from a random tree) = : 0.12
* index-name alignment check: OK
