Logfile for a session of program: bootstrap_binary.r
-----------------------------------------------------
INPUT:
workDir: C:/dino_nature/output/2023-11-07-D1\bs/set_1621
Nbootstrapsets: 2000
phyloFDAfile: c:/dino_nature/code/phylo.fda.R
auxFile: c:/dino_nature/code/auxiliary.r
boneType: femur
regressionData.file: C:/dino_nature/output/2023-11-07-D1\bs/set_1621/femur_set_1621.csv
applyDataFilter: FALSE
addTreeTips: TRUE
Ntrees: 100
calculateTrees: TRUE
saveTrees: FALSE


OPERATIONAL CHECKS:
* Regression data contains multiple copies of some taxa (user added variants of existing test taxa 
   or replacements due to bootstrap are present) which are not in the phylo tree:
     original taxon,   duplicate   
"1","Rupicapra_rupicapra","Rupicapra_rupicapra.1"
"2","Porphyrio_hochstetteri","Porphyrio_hochstetteri.1"
"3","Mammuthus_sp","Mammuthus_sp.1"
"4","Vulpes_vulpes","Vulpes_vulpes.1"
"5","Bos_taurus","Bos_taurus.1"
"6","Vulpes_vulpes","Vulpes_vulpes.2"
"7","Rhinoceros_sondaicus","Rhinoceros_sondaicus.1"
"8","Rupicapra_rupicapra","Rupicapra_rupicapra.2"
"9","Procavia_capensis","Procavia_capensis.1"
"10","Mammuthus_sp","Mammuthus_sp.2"
"11","Euroscaptor_micrura","Euroscaptor_micrura.1"
"12","Loxodonta_africana","Loxodonta_africana.1"
"13","Sus_scrofa","Sus_scrofa.1"
"14","Raphus","Raphus.1"
"15","Bos_taurus","Bos_taurus.2"
"16","Dasyurus_maculatus","Dasyurus_maculatus.1"
"17","Loxodonta_africana","Loxodonta_africana.2"
"18","Dicerorhinus_sumatrensis","Dicerorhinus_sumatrensis.1"
"19","Mus_musculus","Mus_musculus.1"
"20","Ichtyosaur_sp","Ichtyosaur_sp.1"
"21","Choeropsis_liberiensis","Choeropsis_liberiensis.1"
"22","Hexaprotodon_garyam","Hexaprotodon_garyam.1"
"23","Rhaeticosaurus","Rhaeticosaurus.1"
"24","Alligator","Alligator.1"
"25","Choeropsis_liberiensis","Choeropsis_liberiensis.2"
"26","Tapirus_terrestris","Tapirus_terrestris.1"
"27","Tapirus_terrestris","Tapirus_terrestris.2"
"28","Nothosaurus_568","Nothosaurus_568.1"
"29","Alligator","Alligator.2"
"30","Maiacetus","Maiacetus.1"
"31","Nanophoca_vitulinoides","Nanophoca_vitulinoides.1"
"32","Noemys_fodies","Noemys_fodies.1"
"33","Ichtyosaur_sp","Ichtyosaur_sp.2"
"34","Hexaprotodon_garyam","Hexaprotodon_garyam.2"
"35","Tapirus_terrestris","Tapirus_terrestris.3"
"36","Chironectes_minimus","Chironectes_minimus.1"
"37","Spinosaurus_","Spinosaurus_.1"
"38","Spinosaurus_","Spinosaurus_.2"
"39","Spinosaurus_","Spinosaurus_.3"
"40","Spinosaurus_","Spinosaurus_.4"
"41","Spinosaurus_","Spinosaurus_.5"
"42","Spinosaurus_","Spinosaurus_.6"
"43","Spinosaurus_","Spinosaurus_.7"
"44","Spinosaurus_","Spinosaurus_.8"
"45","Spinosaurus_","Spinosaurus_.9"
"46","Spinosaurus_","Spinosaurus_.10"
"47","Spinosaurus_","Spinosaurus_.11"
"48","Suchomimus","Suchomimus.1"
"49","Suchomimus","Suchomimus.2"
"50","Suchomimus","Suchomimus.3"
"51","Baryonyx","Baryonyx.1"
"52","Baryonyx","Baryonyx.2"
"53","Baryonyx","Baryonyx.3"
 
* Phylo tree and the main data and strata files have been modified to include duplicated taxa before the scaled random trees are generated.
* Selected categorical labels column: diving.or.not
* diving.or.equal column is identical to Diving column.
* Regression excludes flying taxa.
* Diving labels that are present in regression: 0,2
* lambda (calculated from a random tree) = : 0.08
* index-name alignment check: OK
