Logfile for a session of program: bootstrap_binary.r
-----------------------------------------------------
INPUT:
workDir: C:/dino_nature/output/2023-11-07-D1\bs/set_51
Nbootstrapsets: 2000
phyloFDAfile: c:/dino_nature/code/phylo.fda.R
auxFile: c:/dino_nature/code/auxiliary.r
boneType: femur
regressionData.file: C:/dino_nature/output/2023-11-07-D1\bs/set_51/femur_set_51.csv
applyDataFilter: FALSE
addTreeTips: TRUE
Ntrees: 100
calculateTrees: TRUE
saveTrees: FALSE


OPERATIONAL CHECKS:
* Regression data contains multiple copies of some taxa (user added variants of existing test taxa 
   or replacements due to bootstrap are present) which are not in the phylo tree:
     original taxon,   duplicate   
"1","Capreolus_capreolus","Capreolus_capreolus.1"
"2","Elephas_maximus","Elephas_maximus.1"
"3","Vulpes_vulpes","Vulpes_vulpes.1"
"4","Syncerus_caffer","Syncerus_caffer.1"
"5","Dicerorhinus_sumatrensis","Dicerorhinus_sumatrensis.1"
"6","Raphus","Raphus.1"
"7","Rhynchocyon_petersi","Rhynchocyon_petersi.1"
"8","Bos_taurus","Bos_taurus.1"
"9","Atlantisia_rogersi","Atlantisia_rogersi.1"
"10","Elephas_maximus","Elephas_maximus.2"
"11","Rattus_rattus","Rattus_rattus.1"
"12","Syncerus_caffer","Syncerus_caffer.2"
"13","Rattus_rattus","Rattus_rattus.2"
"14","Procyon_lotor","Procyon_lotor.1"
"15","Porphyrio_hochstetteri","Porphyrio_hochstetteri.1"
"16","Dromaius_","Dromaius_.1"
"17","Mus_musculus","Mus_musculus.1"
"18","Mus_musculus","Mus_musculus.2"
"19","Alces_americanus","Alces_americanus.1"
"20","Rattus_rattus","Rattus_rattus.3"
"21","Micropotamogale_euwenzorii","Micropotamogale_euwenzorii.1"
"22","Leptophoca_proxima","Leptophoca_proxima.1"
"23","Micropotamogale_euwenzorii","Micropotamogale_euwenzorii.2"
"24","Tapirus_terrestris","Tapirus_terrestris.1"
"25","Phalacrocorax_harrisi","Phalacrocorax_harrisi.1"
"26","Micropotamogale_euwenzorii","Micropotamogale_euwenzorii.3"
"27","Indohyus","Indohyus.1"
"28","Aptenodytes______","Aptenodytes______.1"
"29","Caiman_yacare","Caiman_yacare.1"
"30","Dyrosaurid","Dyrosaurid.1"
"31","Neusticosaurus","Neusticosaurus.1"
"32","Desmostylus_hesperus","Desmostylus_hesperus.1"
"33","Alligator","Alligator.1"
"34","Aptenodytes______","Aptenodytes______.2"
"35","Metryorhynchus","Metryorhynchus.1"
"36","Indohyus","Indohyus.2"
"37","Anarosaurus","Anarosaurus.1"
"38","Pistosaurus","Pistosaurus.1"
"39","Tapirus_terrestris","Tapirus_terrestris.2"
"40","Simosaurus_1","Simosaurus_1.1"
"41","Neusticosaurus","Neusticosaurus.2"
"42","Chironectes_minimus","Chironectes_minimus.1"
"43","Aptenodytes______","Aptenodytes______.3"
"44","Nothosaurus_mirabilis","Nothosaurus_mirabilis.1"
"45","Caiman_yacare","Caiman_yacare.2"
"46","Lutra_vulgaris","Lutra_vulgaris.1"
"47","Spheniscus","Spheniscus.1"
"48","Chironectes_minimus","Chironectes_minimus.2"
"49","Spinosaurus_","Spinosaurus_.1"
"50","Spinosaurus_","Spinosaurus_.2"
"51","Spinosaurus_","Spinosaurus_.3"
"52","Spinosaurus_","Spinosaurus_.4"
"53","Spinosaurus_","Spinosaurus_.5"
"54","Spinosaurus_","Spinosaurus_.6"
"55","Spinosaurus_","Spinosaurus_.7"
"56","Spinosaurus_","Spinosaurus_.8"
"57","Spinosaurus_","Spinosaurus_.9"
"58","Spinosaurus_","Spinosaurus_.10"
"59","Spinosaurus_","Spinosaurus_.11"
"60","Suchomimus","Suchomimus.1"
"61","Suchomimus","Suchomimus.2"
"62","Suchomimus","Suchomimus.3"
"63","Baryonyx","Baryonyx.1"
"64","Baryonyx","Baryonyx.2"
"65","Baryonyx","Baryonyx.3"
 
* Phylo tree and the main data and strata files have been modified to include duplicated taxa before the scaled random trees are generated.
* Selected categorical labels column: diving.or.not
* diving.or.equal column is identical to Diving column.
* Regression excludes flying taxa.
* Diving labels that are present in regression: 0,2
* lambda (calculated from a random tree) = : 0.07
* index-name alignment check: OK
