Logfile for a session of program: bootstrap_binary.r
-----------------------------------------------------
INPUT:
workDir: C:/dino_nature/output/2023-11-07-D1\bs/set_514
Nbootstrapsets: 2000
phyloFDAfile: c:/dino_nature/code/phylo.fda.R
auxFile: c:/dino_nature/code/auxiliary.r
boneType: femur
regressionData.file: C:/dino_nature/output/2023-11-07-D1\bs/set_514/femur_set_514.csv
applyDataFilter: FALSE
addTreeTips: TRUE
Ntrees: 100
calculateTrees: TRUE
saveTrees: FALSE


OPERATIONAL CHECKS:
* Regression data contains multiple copies of some taxa (user added variants of existing test taxa 
   or replacements due to bootstrap are present) which are not in the phylo tree:
     original taxon,   duplicate   
"1","Cephalophus_silvicultor","Cephalophus_silvicultor.1"
"2","Cephalophus_silvicultor","Cephalophus_silvicultor.2"
"3","Rattus_rattus","Rattus_rattus.1"
"4","Bos_taurus","Bos_taurus.1"
"5","Raphus","Raphus.1"
"6","Caloenas_nicobarica","Caloenas_nicobarica.1"
"7","Taxidea_taxus","Taxidea_taxus.1"
"8","Syncerus_caffer","Syncerus_caffer.1"
"9","Mustela_nivalis","Mustela_nivalis.1"
"10","Elomeryx_borbonicus_","Elomeryx_borbonicus_.1"
"11","Rattus_rattus","Rattus_rattus.2"
"12","Rupicapra_rupicapra","Rupicapra_rupicapra.1"
"13","Monodelphis_domestica","Monodelphis_domestica.1"
"14","Caloenas_nicobarica","Caloenas_nicobarica.2"
"15","Caloenas_nicobarica","Caloenas_nicobarica.3"
"16","Elephas_maximus","Elephas_maximus.1"
"17","Monodelphis_domestica","Monodelphis_domestica.2"
"18","Rhynchocyon_petersi","Rhynchocyon_petersi.1"
"19","Sus_scrofa","Sus_scrofa.1"
"20","Elomeryx_borbonicus_","Elomeryx_borbonicus_.2"
"21","Elomeryx_borbonicus_","Elomeryx_borbonicus_.3"
"22","Euroscaptor_micrura","Euroscaptor_micrura.1"
"23","Rhinoceros_sondaicus","Rhinoceros_sondaicus.1"
"24","Pistosaurus","Pistosaurus.1"
"25","Phalacrocorax_harrisi","Phalacrocorax_harrisi.1"
"26","Hexaprotodon_garyam","Hexaprotodon_garyam.1"
"27","Phalacrocorax_harrisi","Phalacrocorax_harrisi.2"
"28","Desmostylus_hesperus","Desmostylus_hesperus.1"
"29","Ichtyosaur_sp","Ichtyosaur_sp.1"
"30","Alligator","Alligator.1"
"31","Hexaprotodon_garyam","Hexaprotodon_garyam.2"
"32","Desmostylus_hesperus","Desmostylus_hesperus.2"
"33","Ichtyosaur_sp","Ichtyosaur_sp.2"
"34","Nothosaurus_102","Nothosaurus_102.1"
"35","large_eocene_stem_penguin","large_eocene_stem_penguin.1"
"36","Nothosaurus_568","Nothosaurus_568.1"
"37","Nothosaurus_568","Nothosaurus_568.2"
"38","Plesiosaurus","Plesiosaurus.1"
"39","Caiman_yacare","Caiman_yacare.1"
"40","Dyrosaurid","Dyrosaurid.1"
"41","Chironectes_minimus","Chironectes_minimus.1"
"42","Cryptoclidus","Cryptoclidus.1"
"43","Nothosaurus_150","Nothosaurus_150.1"
"44","Ichtyosaur_sp","Ichtyosaur_sp.3"
"45","Rhaeticosaurus","Rhaeticosaurus.1"
"46","Desmana_moschata","Desmana_moschata.1"
"47","Plesiosaurus","Plesiosaurus.2"
"48","Hippopotamus_amphibius","Hippopotamus_amphibius.1"
"49","Spinosaurus_","Spinosaurus_.1"
"50","Spinosaurus_","Spinosaurus_.2"
"51","Spinosaurus_","Spinosaurus_.3"
"52","Spinosaurus_","Spinosaurus_.4"
"53","Spinosaurus_","Spinosaurus_.5"
"54","Spinosaurus_","Spinosaurus_.6"
"55","Spinosaurus_","Spinosaurus_.7"
"56","Spinosaurus_","Spinosaurus_.8"
"57","Spinosaurus_","Spinosaurus_.9"
"58","Spinosaurus_","Spinosaurus_.10"
"59","Spinosaurus_","Spinosaurus_.11"
"60","Suchomimus","Suchomimus.1"
"61","Suchomimus","Suchomimus.2"
"62","Suchomimus","Suchomimus.3"
"63","Baryonyx","Baryonyx.1"
"64","Baryonyx","Baryonyx.2"
"65","Baryonyx","Baryonyx.3"
 
* Phylo tree and the main data and strata files have been modified to include duplicated taxa before the scaled random trees are generated.
* Selected categorical labels column: diving.or.not
* diving.or.equal column is identical to Diving column.
* Regression excludes flying taxa.
* Diving labels that are present in regression: 0,2
* lambda (calculated from a random tree) = : 0.11
* index-name alignment check: OK
