Logfile for a session of program: bootstrap_binary.r
-----------------------------------------------------
INPUT:
workDir: C:/dino_nature/output/2023-11-07-D1\bs/set_493
Nbootstrapsets: 2000
phyloFDAfile: c:/dino_nature/code/phylo.fda.R
auxFile: c:/dino_nature/code/auxiliary.r
boneType: femur
regressionData.file: C:/dino_nature/output/2023-11-07-D1\bs/set_493/femur_set_493.csv
applyDataFilter: FALSE
addTreeTips: TRUE
Ntrees: 100
calculateTrees: TRUE
saveTrees: FALSE


OPERATIONAL CHECKS:
* Regression data contains multiple copies of some taxa (user added variants of existing test taxa 
   or replacements due to bootstrap are present) which are not in the phylo tree:
     original taxon,   duplicate   
"1","Giraffa_camelopardalis","Giraffa_camelopardalis.1"
"2","Tenrec_ecaudatus","Tenrec_ecaudatus.1"
"3","Dasyurus_maculatus","Dasyurus_maculatus.1"
"4","Giraffa_camelopardalis","Giraffa_camelopardalis.2"
"5","Porphyrio_hochstetteri","Porphyrio_hochstetteri.1"
"6","Sphenodon_punctatus","Sphenodon_punctatus.1"
"7","Sphenodon_punctatus","Sphenodon_punctatus.2"
"8","Rhynchocyon_petersi","Rhynchocyon_petersi.1"
"9","Dasyurus_maculatus","Dasyurus_maculatus.2"
"10","Strigiops_habroptilus","Strigiops_habroptilus.1"
"11","Sphenodon_punctatus","Sphenodon_punctatus.3"
"12","Tamandua_tetradactyla","Tamandua_tetradactyla.1"
"13","Brachyodus_onoideum","Brachyodus_onoideum.1"
"14","Tamandua_tetradactyla","Tamandua_tetradactyla.2"
"15","Alces_americanus","Alces_americanus.1"
"16","Rhynchocyon_petersi","Rhynchocyon_petersi.2"
"17","Strigiops_habroptilus","Strigiops_habroptilus.2"
"18","Alces_americanus","Alces_americanus.2"
"19","Giraffa_camelopardalis","Giraffa_camelopardalis.3"
"20","Tapirus_terrestris","Tapirus_terrestris.1"
"21","Ichtyosaurus_","Ichtyosaurus_.1"
"22","Hesperornis","Hesperornis.1"
"23","Tapirus_terrestris","Tapirus_terrestris.2"
"24","Otaria_byronia","Otaria_byronia.1"
"25","Dyrosaurid","Dyrosaurid.1"
"26","Simosaurus_1","Simosaurus_1.1"
"27","Ornithorhynchus_anatinus","Ornithorhynchus_anatinus.1"
"28","Aptenodytes______","Aptenodytes______.1"
"29","Ichtyosaurus_","Ichtyosaurus_.2"
"30","Indohyus","Indohyus.1"
"31","Ichtyosaur_sp","Ichtyosaur_sp.1"
"32","Ornithorhynchus_anatinus","Ornithorhynchus_anatinus.2"
"33","Serpianosaurus","Serpianosaurus.1"
"34","Small_Eocene_penguin","Small_Eocene_penguin.1"
"35","Pistosaurus","Pistosaurus.1"
"36","Aptenodytes______","Aptenodytes______.2"
"37","Castor_fiber","Castor_fiber.1"
"38","Protochampsidae","Protochampsidae.1"
"39","Serpianosaurus","Serpianosaurus.2"
"40","Callophoca_obscura","Callophoca_obscura.1"
"41","Chapsosaurus_","Chapsosaurus_.1"
"42","Spinosaurus_","Spinosaurus_.1"
"43","Spinosaurus_","Spinosaurus_.2"
"44","Spinosaurus_","Spinosaurus_.3"
"45","Spinosaurus_","Spinosaurus_.4"
"46","Spinosaurus_","Spinosaurus_.5"
"47","Spinosaurus_","Spinosaurus_.6"
"48","Spinosaurus_","Spinosaurus_.7"
"49","Spinosaurus_","Spinosaurus_.8"
"50","Spinosaurus_","Spinosaurus_.9"
"51","Spinosaurus_","Spinosaurus_.10"
"52","Spinosaurus_","Spinosaurus_.11"
"53","Suchomimus","Suchomimus.1"
"54","Suchomimus","Suchomimus.2"
"55","Suchomimus","Suchomimus.3"
"56","Baryonyx","Baryonyx.1"
"57","Baryonyx","Baryonyx.2"
"58","Baryonyx","Baryonyx.3"
 
* Phylo tree and the main data and strata files have been modified to include duplicated taxa before the scaled random trees are generated.
* Selected categorical labels column: diving.or.not
* diving.or.equal column is identical to Diving column.
* Regression excludes flying taxa.
* Diving labels that are present in regression: 0,2
* lambda (calculated from a random tree) = : 0.14
* index-name alignment check: OK
