Logfile for a session of program: bootstrap_binary.r
-----------------------------------------------------
INPUT:
workDir: C:/dino_nature/output/2023-11-07-D1\bs/set_1823
Nbootstrapsets: 2000
phyloFDAfile: c:/dino_nature/code/phylo.fda.R
auxFile: c:/dino_nature/code/auxiliary.r
boneType: femur
regressionData.file: C:/dino_nature/output/2023-11-07-D1\bs/set_1823/femur_set_1823.csv
applyDataFilter: FALSE
addTreeTips: TRUE
Ntrees: 100
calculateTrees: TRUE
saveTrees: FALSE


OPERATIONAL CHECKS:
* Regression data contains multiple copies of some taxa (user added variants of existing test taxa 
   or replacements due to bootstrap are present) which are not in the phylo tree:
     original taxon,   duplicate   
"1","Raphus","Raphus.1"
"2","Mustela_nivalis","Mustela_nivalis.1"
"3","Mustela_nivalis","Mustela_nivalis.2"
"4","Mustela_nivalis","Mustela_nivalis.3"
"5","Felis_felis","Felis_felis.1"
"6","Rupicapra_rupicapra","Rupicapra_rupicapra.1"
"7","Megaloceros_sp","Megaloceros_sp.1"
"8","Mammuthus_sp","Mammuthus_sp.1"
"9","Elephas_maximus","Elephas_maximus.1"
"10","Euroscaptor_micrura","Euroscaptor_micrura.1"
"11","Taxidea_taxus","Taxidea_taxus.1"
"12","Myrmecophaga_tridactyla","Myrmecophaga_tridactyla.1"
"13","Myrmecophaga_tridactyla","Myrmecophaga_tridactyla.2"
"14","Raphus","Raphus.2"
"15","Rattus_rattus","Rattus_rattus.1"
"16","Dasyurus_maculatus","Dasyurus_maculatus.1"
"17","Dama_dama","Dama_dama.1"
"18","Vulpes_vulpes","Vulpes_vulpes.1"
"19","Diplomesodon_pulchellum","Diplomesodon_pulchellum.1"
"20","Tapirus_terrestris","Tapirus_terrestris.1"
"21","Cryptoclidus","Cryptoclidus.1"
"22","Ichtyosaur_sp","Ichtyosaur_sp.1"
"23","Palaeospheniscus","Palaeospheniscus.1"
"24","Dyrosaurid","Dyrosaurid.1"
"25","Leptophoca_proxima","Leptophoca_proxima.1"
"26","Otaria_byronia","Otaria_byronia.1"
"27","Cryptoclidus","Cryptoclidus.2"
"28","Hydromys_chrysogaster","Hydromys_chrysogaster.1"
"29","Desmostylus_hesperus","Desmostylus_hesperus.1"
"30","Otaria_byronia","Otaria_byronia.2"
"31","Otaria_byronia","Otaria_byronia.3"
"32","Noemys_fodies","Noemys_fodies.1"
"33","Desmostylus_hesperus","Desmostylus_hesperus.2"
"34","Simosaurus","Simosaurus.1"
"35","Small_Eocene_penguin","Small_Eocene_penguin.1"
"36","Desmostylus_hesperus","Desmostylus_hesperus.3"
"37","Maiacetus","Maiacetus.1"
"38","Palaeospheniscus","Palaeospheniscus.2"
"39","Indohyus","Indohyus.1"
"40","Spinosaurus_","Spinosaurus_.1"
"41","Spinosaurus_","Spinosaurus_.2"
"42","Spinosaurus_","Spinosaurus_.3"
"43","Spinosaurus_","Spinosaurus_.4"
"44","Spinosaurus_","Spinosaurus_.5"
"45","Spinosaurus_","Spinosaurus_.6"
"46","Spinosaurus_","Spinosaurus_.7"
"47","Spinosaurus_","Spinosaurus_.8"
"48","Spinosaurus_","Spinosaurus_.9"
"49","Spinosaurus_","Spinosaurus_.10"
"50","Spinosaurus_","Spinosaurus_.11"
"51","Suchomimus","Suchomimus.1"
"52","Suchomimus","Suchomimus.2"
"53","Suchomimus","Suchomimus.3"
"54","Baryonyx","Baryonyx.1"
"55","Baryonyx","Baryonyx.2"
"56","Baryonyx","Baryonyx.3"
 
* Phylo tree and the main data and strata files have been modified to include duplicated taxa before the scaled random trees are generated.
* Selected categorical labels column: diving.or.not
* diving.or.equal column is identical to Diving column.
* Regression excludes flying taxa.
* Diving labels that are present in regression: 0,2
* lambda (calculated from a random tree) = : 0.06
* index-name alignment check: OK
