Logfile for a session of program: bootstrap_binary.r
-----------------------------------------------------
INPUT:
workDir: C:/dino_nature/output/2023-11-07-D1\bs/set_665
Nbootstrapsets: 2000
phyloFDAfile: c:/dino_nature/code/phylo.fda.R
auxFile: c:/dino_nature/code/auxiliary.r
boneType: femur
regressionData.file: C:/dino_nature/output/2023-11-07-D1\bs/set_665/femur_set_665.csv
applyDataFilter: FALSE
addTreeTips: TRUE
Ntrees: 100
calculateTrees: TRUE
saveTrees: FALSE


OPERATIONAL CHECKS:
* Regression data contains multiple copies of some taxa (user added variants of existing test taxa 
   or replacements due to bootstrap are present) which are not in the phylo tree:
     original taxon,   duplicate   
"1","Syncerus_caffer","Syncerus_caffer.1"
"2","Porphyrio_hochstetteri","Porphyrio_hochstetteri.1"
"3","Caloenas_nicobarica","Caloenas_nicobarica.1"
"4","Xenicus_giliventris","Xenicus_giliventris.1"
"5","Rhinoceros_sondaicus","Rhinoceros_sondaicus.1"
"6","Myrmecophaga_tridactyla","Myrmecophaga_tridactyla.1"
"7","Caloenas_nicobarica","Caloenas_nicobarica.2"
"8","Xenicus_giliventris","Xenicus_giliventris.2"
"9","Dromaius_","Dromaius_.1"
"10","Syncerus_caffer","Syncerus_caffer.2"
"11","Rhinoceros_sondaicus","Rhinoceros_sondaicus.2"
"12","Raphus","Raphus.1"
"13","Dasyurus_maculatus","Dasyurus_maculatus.1"
"14","Pogona_viceps","Pogona_viceps.1"
"15","Raphus","Raphus.2"
"16","Cephalophus_silvicultor","Cephalophus_silvicultor.1"
"17","Elephas_maximus","Elephas_maximus.1"
"18","Procavia_capensis","Procavia_capensis.1"
"19","Euroscaptor_micrura","Euroscaptor_micrura.1"
"20","Elomeryx_borbonicus_","Elomeryx_borbonicus_.1"
"21","Dromaius_","Dromaius_.2"
"22","Micropotamogale_euwenzorii","Micropotamogale_euwenzorii.1"
"23","Nothosaurus_102","Nothosaurus_102.1"
"24","Hippopotamus_amphibius","Hippopotamus_amphibius.1"
"25","Nothosaurus_mirabilis_1","Nothosaurus_mirabilis_1.1"
"26","large_eocene_stem_penguin","large_eocene_stem_penguin.1"
"27","Anarosaurus","Anarosaurus.1"
"28","Micropotamogale_euwenzorii","Micropotamogale_euwenzorii.2"
"29","Noemys_fodies","Noemys_fodies.1"
"30","Chapsosaurus_","Chapsosaurus_.1"
"31","Desmostylus_hesperus","Desmostylus_hesperus.1"
"32","Nothosaurus_mirabilis","Nothosaurus_mirabilis.1"
"33","Nothosaurus_mirabilis_1","Nothosaurus_mirabilis_1.2"
"34","Nothosaurus_mirabilis_1","Nothosaurus_mirabilis_1.3"
"35","Chapsosaurus_","Chapsosaurus_.2"
"36","Ichtyosaurus_","Ichtyosaurus_.1"
"37","Nothosaurus_mirabilis_1","Nothosaurus_mirabilis_1.4"
"38","Micropotamogale_euwenzorii","Micropotamogale_euwenzorii.3"
"39","Nothosaurus_mirabilis","Nothosaurus_mirabilis.2"
"40","Castor_fiber","Castor_fiber.1"
"41","Choeropsis_liberiensis","Choeropsis_liberiensis.1"
"42","Spinosaurus_","Spinosaurus_.1"
"43","Spinosaurus_","Spinosaurus_.2"
"44","Spinosaurus_","Spinosaurus_.3"
"45","Spinosaurus_","Spinosaurus_.4"
"46","Spinosaurus_","Spinosaurus_.5"
"47","Spinosaurus_","Spinosaurus_.6"
"48","Spinosaurus_","Spinosaurus_.7"
"49","Spinosaurus_","Spinosaurus_.8"
"50","Spinosaurus_","Spinosaurus_.9"
"51","Spinosaurus_","Spinosaurus_.10"
"52","Spinosaurus_","Spinosaurus_.11"
"53","Suchomimus","Suchomimus.1"
"54","Suchomimus","Suchomimus.2"
"55","Suchomimus","Suchomimus.3"
"56","Baryonyx","Baryonyx.1"
"57","Baryonyx","Baryonyx.2"
"58","Baryonyx","Baryonyx.3"
 
* Phylo tree and the main data and strata files have been modified to include duplicated taxa before the scaled random trees are generated.
* Selected categorical labels column: diving.or.not
* diving.or.equal column is identical to Diving column.
* Regression excludes flying taxa.
* Diving labels that are present in regression: 0,2
* lambda (calculated from a random tree) = : 0.12
* index-name alignment check: OK
