Logfile for a session of program: bootstrap_binary.r
-----------------------------------------------------
INPUT:
workDir: C:/dino_nature/output/2023-11-07-D1\bs/set_1884
Nbootstrapsets: 2000
phyloFDAfile: c:/dino_nature/code/phylo.fda.R
auxFile: c:/dino_nature/code/auxiliary.r
boneType: femur
regressionData.file: C:/dino_nature/output/2023-11-07-D1\bs/set_1884/femur_set_1884.csv
applyDataFilter: FALSE
addTreeTips: TRUE
Ntrees: 100
calculateTrees: TRUE
saveTrees: FALSE


OPERATIONAL CHECKS:
* Regression data contains multiple copies of some taxa (user added variants of existing test taxa 
   or replacements due to bootstrap are present) which are not in the phylo tree:
     original taxon,   duplicate   
"1","Atlantisia_rogersi","Atlantisia_rogersi.1"
"2","Elomeryx_borbonicus_","Elomeryx_borbonicus_.1"
"3","Procavia_capensis","Procavia_capensis.1"
"4","Elomeryx_borbonicus_","Elomeryx_borbonicus_.2"
"5","Tenrec_ecaudatus","Tenrec_ecaudatus.1"
"6","Elomeryx_borbonicus_","Elomeryx_borbonicus_.3"
"7","Loxodonta_africana","Loxodonta_africana.1"
"8","Tenrec_ecaudatus","Tenrec_ecaudatus.2"
"9","Meles_meles","Meles_meles.1"
"10","Rangifer_tarandus","Rangifer_tarandus.1"
"11","Elephas_maximus","Elephas_maximus.1"
"12","Dasyurus_maculatus","Dasyurus_maculatus.1"
"13","Taxidea_taxus","Taxidea_taxus.1"
"14","Bison_bonasus","Bison_bonasus.1"
"15","Hemiechinus_azurites","Hemiechinus_azurites.1"
"16","Procyon_lotor","Procyon_lotor.1"
"17","Meles_meles","Meles_meles.2"
"18","Caloenas_nicobarica","Caloenas_nicobarica.1"
"19","Basilosaurus","Basilosaurus.1"
"20","Phocanella_pumila","Phocanella_pumila.1"
"21","Placodontia_indet_1","Placodontia_indet_1.1"
"22","Noemys_fodies","Noemys_fodies.1"
"23","Nothosaurus_150","Nothosaurus_150.1"
"24","Nothosaurus_mirabilis_1","Nothosaurus_mirabilis_1.1"
"25","Simosaurus_1","Simosaurus_1.1"
"26","large_eocene_stem_penguin","large_eocene_stem_penguin.1"
"27","Placodontia_indet_1","Placodontia_indet_1.2"
"28","Small_Eocene_penguin","Small_Eocene_penguin.1"
"29","Dyrosaurid","Dyrosaurid.1"
"30","Phocanella_pumila","Phocanella_pumila.2"
"31","Lutra_vulgaris","Lutra_vulgaris.1"
"32","Paraplacodus","Paraplacodus.1"
"33","Paraplacodus","Paraplacodus.2"
"34","Simosaurus_1","Simosaurus_1.2"
"35","Paraplacodus","Paraplacodus.3"
"36","Neusticosaurus","Neusticosaurus.1"
"37","Phocanella_pumila","Phocanella_pumila.3"
"38","Desmostylus_hesperus","Desmostylus_hesperus.1"
"39","Nothosaurus_102","Nothosaurus_102.1"
"40","Lutra_vulgaris","Lutra_vulgaris.2"
"41","Champsosaurus","Champsosaurus.1"
"42","Callophoca_obscura","Callophoca_obscura.1"
"43","Spinosaurus_","Spinosaurus_.1"
"44","Spinosaurus_","Spinosaurus_.2"
"45","Spinosaurus_","Spinosaurus_.3"
"46","Spinosaurus_","Spinosaurus_.4"
"47","Spinosaurus_","Spinosaurus_.5"
"48","Spinosaurus_","Spinosaurus_.6"
"49","Spinosaurus_","Spinosaurus_.7"
"50","Spinosaurus_","Spinosaurus_.8"
"51","Spinosaurus_","Spinosaurus_.9"
"52","Spinosaurus_","Spinosaurus_.10"
"53","Spinosaurus_","Spinosaurus_.11"
"54","Suchomimus","Suchomimus.1"
"55","Suchomimus","Suchomimus.2"
"56","Suchomimus","Suchomimus.3"
"57","Baryonyx","Baryonyx.1"
"58","Baryonyx","Baryonyx.2"
"59","Baryonyx","Baryonyx.3"
 
* Phylo tree and the main data and strata files have been modified to include duplicated taxa before the scaled random trees are generated.
* Selected categorical labels column: diving.or.not
* diving.or.equal column is identical to Diving column.
* Regression excludes flying taxa.
* Diving labels that are present in regression: 0,2
* lambda (calculated from a random tree) = : 0.11
* index-name alignment check: OK
