Logfile for a session of program: bootstrap_binary.r
-----------------------------------------------------
INPUT:
workDir: C:/dino_nature/output/2023-11-07-D1\bs/set_1126
Nbootstrapsets: 2000
phyloFDAfile: c:/dino_nature/code/phylo.fda.R
auxFile: c:/dino_nature/code/auxiliary.r
boneType: femur
regressionData.file: C:/dino_nature/output/2023-11-07-D1\bs/set_1126/femur_set_1126.csv
applyDataFilter: FALSE
addTreeTips: TRUE
Ntrees: 100
calculateTrees: TRUE
saveTrees: FALSE


OPERATIONAL CHECKS:
* Regression data contains multiple copies of some taxa (user added variants of existing test taxa 
   or replacements due to bootstrap are present) which are not in the phylo tree:
     original taxon,   duplicate   
"1","Mammuthus_sp","Mammuthus_sp.1"
"2","Tribonyx_mortieri","Tribonyx_mortieri.1"
"3","Myrmecophaga_tridactyla","Myrmecophaga_tridactyla.1"
"4","Xenicus_giliventris","Xenicus_giliventris.1"
"5","Apteryx_owenii_","Apteryx_owenii_.1"
"6","Syncerus_caffer","Syncerus_caffer.1"
"7","Nyctereutes_procyonoides","Nyctereutes_procyonoides.1"
"8","Elephas_maximus","Elephas_maximus.1"
"9","Strigiops_habroptilus","Strigiops_habroptilus.1"
"10","Tamandua_tetradactyla","Tamandua_tetradactyla.1"
"11","Mus_musculus","Mus_musculus.1"
"12","Tenrec_ecaudatus","Tenrec_ecaudatus.1"
"13","Okapia_johnstoni","Okapia_johnstoni.1"
"14","Capreolus_capreolus","Capreolus_capreolus.1"
"15","Brachyodus_onoideum","Brachyodus_onoideum.1"
"16","Atlantisia_rogersi","Atlantisia_rogersi.1"
"17","Cephalophus_silvicultor","Cephalophus_silvicultor.1"
"18","Nyctereutes_procyonoides","Nyctereutes_procyonoides.2"
"19","Ornithorhynchus_anatinus","Ornithorhynchus_anatinus.1"
"20","Otaria_byronia","Otaria_byronia.1"
"21","Noemys_fodies","Noemys_fodies.1"
"22","Desmostylus_hesperus","Desmostylus_hesperus.1"
"23","Phalacrocorax_harrisi","Phalacrocorax_harrisi.1"
"24","Serpianosaurus","Serpianosaurus.1"
"25","Tapirus_terrestris","Tapirus_terrestris.1"
"26","Basilosaurus","Basilosaurus.1"
"27","Ornithorhynchus_anatinus","Ornithorhynchus_anatinus.2"
"28","Noemys_fodies","Noemys_fodies.2"
"29","Neusticosaurus","Neusticosaurus.1"
"30","Cryptoclidus","Cryptoclidus.1"
"31","Phalacrocorax_harrisi","Phalacrocorax_harrisi.2"
"32","Ornithorhynchus_anatinus","Ornithorhynchus_anatinus.3"
"33","Ichtyosaurus_","Ichtyosaurus_.1"
"34","Psephoderma","Psephoderma.1"
"35","Rhaeticosaurus","Rhaeticosaurus.1"
"36","Otaria_byronia","Otaria_byronia.2"
"37","Ornithorhynchus_anatinus","Ornithorhynchus_anatinus.4"
"38","Metryorhynchus","Metryorhynchus.1"
"39","Placondontia_indet","Placondontia_indet.1"
"40","Paraplacodus","Paraplacodus.1"
"41","Small_Eocene_penguin","Small_Eocene_penguin.1"
"42","Ornithorhynchus_anatinus","Ornithorhynchus_anatinus.5"
"43","Lutra_vulgaris","Lutra_vulgaris.1"
"44","Spinosaurus_","Spinosaurus_.1"
"45","Spinosaurus_","Spinosaurus_.2"
"46","Spinosaurus_","Spinosaurus_.3"
"47","Spinosaurus_","Spinosaurus_.4"
"48","Spinosaurus_","Spinosaurus_.5"
"49","Spinosaurus_","Spinosaurus_.6"
"50","Spinosaurus_","Spinosaurus_.7"
"51","Spinosaurus_","Spinosaurus_.8"
"52","Spinosaurus_","Spinosaurus_.9"
"53","Spinosaurus_","Spinosaurus_.10"
"54","Spinosaurus_","Spinosaurus_.11"
"55","Suchomimus","Suchomimus.1"
"56","Suchomimus","Suchomimus.2"
"57","Suchomimus","Suchomimus.3"
"58","Baryonyx","Baryonyx.1"
"59","Baryonyx","Baryonyx.2"
"60","Baryonyx","Baryonyx.3"
 
* Phylo tree and the main data and strata files have been modified to include duplicated taxa before the scaled random trees are generated.
* Selected categorical labels column: diving.or.not
* diving.or.equal column is identical to Diving column.
* Regression excludes flying taxa.
* Diving labels that are present in regression: 0,2
* lambda (calculated from a random tree) = : 0.08
* index-name alignment check: OK
