Logfile for a session of program: bootstrap_binary.r
-----------------------------------------------------
INPUT:
workDir: C:/dino_nature/output/2023-11-07-D1\bs/set_1782
Nbootstrapsets: 2000
phyloFDAfile: c:/dino_nature/code/phylo.fda.R
auxFile: c:/dino_nature/code/auxiliary.r
boneType: femur
regressionData.file: C:/dino_nature/output/2023-11-07-D1\bs/set_1782/femur_set_1782.csv
applyDataFilter: FALSE
addTreeTips: TRUE
Ntrees: 100
calculateTrees: TRUE
saveTrees: FALSE


OPERATIONAL CHECKS:
* Regression data contains multiple copies of some taxa (user added variants of existing test taxa 
   or replacements due to bootstrap are present) which are not in the phylo tree:
     original taxon,   duplicate   
"1","Rhynchocyon_petersi","Rhynchocyon_petersi.1"
"2","Procyon_lotor","Procyon_lotor.1"
"3","Okapia_johnstoni","Okapia_johnstoni.1"
"4","Okapia_johnstoni","Okapia_johnstoni.2"
"5","Brachyodus_onoideum","Brachyodus_onoideum.1"
"6","Dama_dama","Dama_dama.1"
"7","Brachyodus_onoideum","Brachyodus_onoideum.2"
"8","Tribonyx_mortieri","Tribonyx_mortieri.1"
"9","Procyon_lotor","Procyon_lotor.2"
"10","Raphus","Raphus.1"
"11","Rhinoceros_sondaicus","Rhinoceros_sondaicus.1"
"12","Syncerus_caffer","Syncerus_caffer.1"
"13","Xenicus_giliventris","Xenicus_giliventris.1"
"14","Taxidea_taxus","Taxidea_taxus.1"
"15","Taxidea_taxus","Taxidea_taxus.2"
"16","Tribonyx_mortieri","Tribonyx_mortieri.2"
"17","Vulpes_vulpes","Vulpes_vulpes.1"
"18","Dama_dama","Dama_dama.2"
"19","Apteryx_australis","Apteryx_australis.1"
"20","Elomeryx_borbonicus_","Elomeryx_borbonicus_.1"
"21","Euroscaptor_micrura","Euroscaptor_micrura.1"
"22","Procavia_capensis","Procavia_capensis.1"
"23","Nyctereutes_procyonoides","Nyctereutes_procyonoides.1"
"24","Chironectes_minimus","Chironectes_minimus.1"
"25","Choeropsis_liberiensis","Choeropsis_liberiensis.1"
"26","Dyrosaurid","Dyrosaurid.1"
"27","Callophoca_obscura","Callophoca_obscura.1"
"28","Nothosaurus_568","Nothosaurus_568.1"
"29","Choeropsis_liberiensis","Choeropsis_liberiensis.2"
"30","Palaeospheniscus","Palaeospheniscus.1"
"31","Nothosaurus_mirabilis_1","Nothosaurus_mirabilis_1.1"
"32","Nanophoca_vitulinoides","Nanophoca_vitulinoides.1"
"33","Placondontia_indet","Placondontia_indet.1"
"34","Desmostylus_hesperus","Desmostylus_hesperus.1"
"35","Ichtyosaur_sp","Ichtyosaur_sp.1"
"36","Chironectes_minimus","Chironectes_minimus.2"
"37","Noemys_fodies","Noemys_fodies.1"
"38","Nothosaurus_150","Nothosaurus_150.1"
"39","Hexaprotodon_garyam","Hexaprotodon_garyam.1"
"40","Dyrosaurid","Dyrosaurid.2"
"41","Nothosaurus_giganteus","Nothosaurus_giganteus.1"
"42","Rhaeticosaurus","Rhaeticosaurus.1"
"43","Paraplacodus","Paraplacodus.1"
"44","Spheniscus","Spheniscus.1"
"45","Choeropsis_liberiensis","Choeropsis_liberiensis.3"
"46","Nothosaurus_mirabilis_1","Nothosaurus_mirabilis_1.2"
"47","Spinosaurus_","Spinosaurus_.1"
"48","Spinosaurus_","Spinosaurus_.2"
"49","Spinosaurus_","Spinosaurus_.3"
"50","Spinosaurus_","Spinosaurus_.4"
"51","Spinosaurus_","Spinosaurus_.5"
"52","Spinosaurus_","Spinosaurus_.6"
"53","Spinosaurus_","Spinosaurus_.7"
"54","Spinosaurus_","Spinosaurus_.8"
"55","Spinosaurus_","Spinosaurus_.9"
"56","Spinosaurus_","Spinosaurus_.10"
"57","Spinosaurus_","Spinosaurus_.11"
"58","Suchomimus","Suchomimus.1"
"59","Suchomimus","Suchomimus.2"
"60","Suchomimus","Suchomimus.3"
"61","Baryonyx","Baryonyx.1"
"62","Baryonyx","Baryonyx.2"
"63","Baryonyx","Baryonyx.3"
 
* Phylo tree and the main data and strata files have been modified to include duplicated taxa before the scaled random trees are generated.
* Selected categorical labels column: diving.or.not
* diving.or.equal column is identical to Diving column.
* Regression excludes flying taxa.
* Diving labels that are present in regression: 0,2
* lambda (calculated from a random tree) = : 0.08
* index-name alignment check: OK
