Logfile for a session of program: bootstrap_binary.r
-----------------------------------------------------
INPUT:
workDir: C:/dino_nature/output/2023-11-07-D1\bs/set_462
Nbootstrapsets: 2000
phyloFDAfile: c:/dino_nature/code/phylo.fda.R
auxFile: c:/dino_nature/code/auxiliary.r
boneType: femur
regressionData.file: C:/dino_nature/output/2023-11-07-D1\bs/set_462/femur_set_462.csv
applyDataFilter: FALSE
addTreeTips: TRUE
Ntrees: 100
calculateTrees: TRUE
saveTrees: FALSE


OPERATIONAL CHECKS:
* Regression data contains multiple copies of some taxa (user added variants of existing test taxa 
   or replacements due to bootstrap are present) which are not in the phylo tree:
     original taxon,   duplicate   
"1","Apteryx_australis","Apteryx_australis.1"
"2","Apteryx_australis","Apteryx_australis.2"
"3","Caloenas_nicobarica","Caloenas_nicobarica.1"
"4","Rupicapra_rupicapra","Rupicapra_rupicapra.1"
"5","Caloenas_nicobarica","Caloenas_nicobarica.2"
"6","Porphyrio_hochstetteri","Porphyrio_hochstetteri.1"
"7","Procyon_lotor","Procyon_lotor.1"
"8","Porphyrio_hochstetteri","Porphyrio_hochstetteri.2"
"9","Megaloceros_sp","Megaloceros_sp.1"
"10","Apteryx_owenii_","Apteryx_owenii_.1"
"11","Paguma_larvata","Paguma_larvata.1"
"12","Elomeryx_borbonicus_","Elomeryx_borbonicus_.1"
"13","Mus_musculus","Mus_musculus.1"
"14","Porphyrio_hochstetteri","Porphyrio_hochstetteri.3"
"15","Apteryx_owenii_","Apteryx_owenii_.2"
"16","Raphus","Raphus.1"
"17","Apteryx_owenii_","Apteryx_owenii_.3"
"18","large_eocene_stem_penguin","large_eocene_stem_penguin.1"
"19","Paraplacodus","Paraplacodus.1"
"20","Nothosaurus_102","Nothosaurus_102.1"
"21","Champsosaurus","Champsosaurus.1"
"22","Rhaeticosaurus","Rhaeticosaurus.1"
"23","Nothosaurus_102","Nothosaurus_102.2"
"24","Plesiosaurus","Plesiosaurus.1"
"25","Nothosaurus_568","Nothosaurus_568.1"
"26","large_eocene_stem_penguin","large_eocene_stem_penguin.2"
"27","Tapirus_terrestris","Tapirus_terrestris.1"
"28","Basilosaurus","Basilosaurus.1"
"29","Hesperornis","Hesperornis.1"
"30","Nanophoca_vitulinoides","Nanophoca_vitulinoides.1"
"31","Nanophoca_vitulinoides","Nanophoca_vitulinoides.2"
"32","Nothosaurus_102","Nothosaurus_102.3"
"33","Tapirus_terrestris","Tapirus_terrestris.2"
"34","Ichtyosaur_sp","Ichtyosaur_sp.1"
"35","Small_Eocene_penguin","Small_Eocene_penguin.1"
"36","Nothosaurus_568","Nothosaurus_568.2"
"37","Ornithorhynchus_anatinus","Ornithorhynchus_anatinus.1"
"38","Remingtonocetus","Remingtonocetus.1"
"39","Paraplacodus","Paraplacodus.2"
"40","Aptenodytes______","Aptenodytes______.1"
"41","Spinosaurus_","Spinosaurus_.1"
"42","Spinosaurus_","Spinosaurus_.2"
"43","Spinosaurus_","Spinosaurus_.3"
"44","Spinosaurus_","Spinosaurus_.4"
"45","Spinosaurus_","Spinosaurus_.5"
"46","Spinosaurus_","Spinosaurus_.6"
"47","Spinosaurus_","Spinosaurus_.7"
"48","Spinosaurus_","Spinosaurus_.8"
"49","Spinosaurus_","Spinosaurus_.9"
"50","Spinosaurus_","Spinosaurus_.10"
"51","Spinosaurus_","Spinosaurus_.11"
"52","Suchomimus","Suchomimus.1"
"53","Suchomimus","Suchomimus.2"
"54","Suchomimus","Suchomimus.3"
"55","Baryonyx","Baryonyx.1"
"56","Baryonyx","Baryonyx.2"
"57","Baryonyx","Baryonyx.3"
 
* Phylo tree and the main data and strata files have been modified to include duplicated taxa before the scaled random trees are generated.
* Selected categorical labels column: diving.or.not
* diving.or.equal column is identical to Diving column.
* Regression excludes flying taxa.
* Diving labels that are present in regression: 0,2
* lambda (calculated from a random tree) = : 0.04
* index-name alignment check: OK
