Logfile for a session of program: bootstrap_binary.r
-----------------------------------------------------
INPUT:
workDir: C:/dino_nature/output/2023-11-07-D1\bs/set_164
Nbootstrapsets: 2000
phyloFDAfile: c:/dino_nature/code/phylo.fda.R
auxFile: c:/dino_nature/code/auxiliary.r
boneType: femur
regressionData.file: C:/dino_nature/output/2023-11-07-D1\bs/set_164/femur_set_164.csv
applyDataFilter: FALSE
addTreeTips: TRUE
Ntrees: 100
calculateTrees: TRUE
saveTrees: FALSE


OPERATIONAL CHECKS:
* Regression data contains multiple copies of some taxa (user added variants of existing test taxa 
   or replacements due to bootstrap are present) which are not in the phylo tree:
     original taxon,   duplicate   
"1","Dasyurus_maculatus","Dasyurus_maculatus.1"
"2","Procavia_capensis","Procavia_capensis.1"
"3","Mus_musculus","Mus_musculus.1"
"4","Rynochetus_jubatus","Rynochetus_jubatus.1"
"5","Tribonyx_mortieri","Tribonyx_mortieri.1"
"6","Loxodonta_africana","Loxodonta_africana.1"
"7","Strigiops_habroptilus","Strigiops_habroptilus.1"
"8","Giraffa_camelopardalis","Giraffa_camelopardalis.1"
"9","Rhinoceros_sondaicus","Rhinoceros_sondaicus.1"
"10","Giraffa_camelopardalis","Giraffa_camelopardalis.2"
"11","Rynochetus_jubatus","Rynochetus_jubatus.2"
"12","Porphyrio_hochstetteri","Porphyrio_hochstetteri.1"
"13","Felis_felis","Felis_felis.1"
"14","Microgale_thomasi","Microgale_thomasi.1"
"15","Rhinoceros_sondaicus","Rhinoceros_sondaicus.2"
"16","Dicerorhinus_sumatrensis","Dicerorhinus_sumatrensis.1"
"17","Dama_dama","Dama_dama.1"
"18","Dicerorhinus_sumatrensis","Dicerorhinus_sumatrensis.2"
"19","Dasyurus_maculatus","Dasyurus_maculatus.2"
"20","Mammuthus_sp","Mammuthus_sp.1"
"21","Taxidea_taxus","Taxidea_taxus.1"
"22","Rynochetus_jubatus","Rynochetus_jubatus.3"
"23","Callophoca_obscura","Callophoca_obscura.1"
"24","Plesiosaurus","Plesiosaurus.1"
"25","Placodontia_indet_1","Placodontia_indet_1.1"
"26","Placodontia_indet_1","Placodontia_indet_1.2"
"27","Palaeospheniscus","Palaeospheniscus.1"
"28","Pistosaurus","Pistosaurus.1"
"29","Indohyus","Indohyus.1"
"30","Micropotamogale_euwenzorii","Micropotamogale_euwenzorii.1"
"31","Tapirus_terrestris","Tapirus_terrestris.1"
"32","Aptenodytes______","Aptenodytes______.1"
"33","Rhaeticosaurus","Rhaeticosaurus.1"
"34","Serpianosaurus","Serpianosaurus.1"
"35","Serpianosaurus","Serpianosaurus.2"
"36","Nanophoca_vitulinoides","Nanophoca_vitulinoides.1"
"37","Desmana_moschata","Desmana_moschata.1"
"38","Lutra_vulgaris","Lutra_vulgaris.1"
"39","Micropotamogale_euwenzorii","Micropotamogale_euwenzorii.2"
"40","Simosaurus_1","Simosaurus_1.1"
"41","Phocanella_pumila","Phocanella_pumila.1"
"42","Plesiosaurus","Plesiosaurus.2"
"43","Hydromys_chrysogaster","Hydromys_chrysogaster.1"
"44","Serpianosaurus","Serpianosaurus.3"
"45","Spinosaurus_","Spinosaurus_.1"
"46","Spinosaurus_","Spinosaurus_.2"
"47","Spinosaurus_","Spinosaurus_.3"
"48","Spinosaurus_","Spinosaurus_.4"
"49","Spinosaurus_","Spinosaurus_.5"
"50","Spinosaurus_","Spinosaurus_.6"
"51","Spinosaurus_","Spinosaurus_.7"
"52","Spinosaurus_","Spinosaurus_.8"
"53","Spinosaurus_","Spinosaurus_.9"
"54","Spinosaurus_","Spinosaurus_.10"
"55","Spinosaurus_","Spinosaurus_.11"
"56","Suchomimus","Suchomimus.1"
"57","Suchomimus","Suchomimus.2"
"58","Suchomimus","Suchomimus.3"
"59","Baryonyx","Baryonyx.1"
"60","Baryonyx","Baryonyx.2"
"61","Baryonyx","Baryonyx.3"
 
* Phylo tree and the main data and strata files have been modified to include duplicated taxa before the scaled random trees are generated.
* Selected categorical labels column: diving.or.not
* diving.or.equal column is identical to Diving column.
* Regression excludes flying taxa.
* Diving labels that are present in regression: 0,2
* lambda (calculated from a random tree) = : 0.09
* index-name alignment check: OK
