Logfile for a session of program: bootstrap_binary.r
-----------------------------------------------------
INPUT:
workDir: C:/dino_nature/output/2023-11-07-D1\bs/set_1919
Nbootstrapsets: 2000
phyloFDAfile: c:/dino_nature/code/phylo.fda.R
auxFile: c:/dino_nature/code/auxiliary.r
boneType: femur
regressionData.file: C:/dino_nature/output/2023-11-07-D1\bs/set_1919/femur_set_1919.csv
applyDataFilter: FALSE
addTreeTips: TRUE
Ntrees: 100
calculateTrees: TRUE
saveTrees: FALSE


OPERATIONAL CHECKS:
* Regression data contains multiple copies of some taxa (user added variants of existing test taxa 
   or replacements due to bootstrap are present) which are not in the phylo tree:
     original taxon,   duplicate   
"1","Lacerta_viridis","Lacerta_viridis.1"
"2","Capreolus_capreolus","Capreolus_capreolus.1"
"3","Okapia_johnstoni","Okapia_johnstoni.1"
"4","Hemiechinus_azurites","Hemiechinus_azurites.1"
"5","Bos_taurus","Bos_taurus.1"
"6","Rhynchocyon_petersi","Rhynchocyon_petersi.1"
"7","Caloenas_nicobarica","Caloenas_nicobarica.1"
"8","Atlantisia_rogersi","Atlantisia_rogersi.1"
"9","Dromaius_","Dromaius_.1"
"10","Lacerta_viridis","Lacerta_viridis.2"
"11","Tenrec_ecaudatus","Tenrec_ecaudatus.1"
"12","Caloenas_nicobarica","Caloenas_nicobarica.2"
"13","Syncerus_caffer","Syncerus_caffer.1"
"14","Syncerus_caffer","Syncerus_caffer.2"
"15","Vulpes_vulpes","Vulpes_vulpes.1"
"16","Lacerta_viridis","Lacerta_viridis.3"
"17","Giraffa_camelopardalis","Giraffa_camelopardalis.1"
"18","Rhynchocyon_petersi","Rhynchocyon_petersi.2"
"19","Monodelphis_domestica","Monodelphis_domestica.1"
"20","Myrmecophaga_tridactyla","Myrmecophaga_tridactyla.1"
"21","Tamandua_tetradactyla","Tamandua_tetradactyla.1"
"22","Spheniscus","Spheniscus.1"
"23","Ornithorhynchus_anatinus","Ornithorhynchus_anatinus.1"
"24","Simosaurus_1","Simosaurus_1.1"
"25","Indohyus","Indohyus.1"
"26","Hydromys_chrysogaster","Hydromys_chrysogaster.1"
"27","Callophoca_obscura","Callophoca_obscura.1"
"28","Chironectes_minimus","Chironectes_minimus.1"
"29","Pistosaurus","Pistosaurus.1"
"30","Chapsosaurus_","Chapsosaurus_.1"
"31","Rodhocetus","Rodhocetus.1"
"32","Placondontia_indet","Placondontia_indet.1"
"33","Placondontia_indet","Placondontia_indet.2"
"34","Nothosaurus_102","Nothosaurus_102.1"
"35","Placodontia_indet_1","Placodontia_indet_1.1"
"36","Simosaurus_1","Simosaurus_1.2"
"37","Dyrosaurid","Dyrosaurid.1"
"38","Placondontia_indet","Placondontia_indet.3"
"39","Dyrosaurid","Dyrosaurid.2"
"40","large_eocene_stem_penguin","large_eocene_stem_penguin.1"
"41","Hydromys_chrysogaster","Hydromys_chrysogaster.2"
"42","Spinosaurus_","Spinosaurus_.1"
"43","Spinosaurus_","Spinosaurus_.2"
"44","Spinosaurus_","Spinosaurus_.3"
"45","Spinosaurus_","Spinosaurus_.4"
"46","Spinosaurus_","Spinosaurus_.5"
"47","Spinosaurus_","Spinosaurus_.6"
"48","Spinosaurus_","Spinosaurus_.7"
"49","Spinosaurus_","Spinosaurus_.8"
"50","Spinosaurus_","Spinosaurus_.9"
"51","Spinosaurus_","Spinosaurus_.10"
"52","Spinosaurus_","Spinosaurus_.11"
"53","Suchomimus","Suchomimus.1"
"54","Suchomimus","Suchomimus.2"
"55","Suchomimus","Suchomimus.3"
"56","Baryonyx","Baryonyx.1"
"57","Baryonyx","Baryonyx.2"
"58","Baryonyx","Baryonyx.3"
 
* Phylo tree and the main data and strata files have been modified to include duplicated taxa before the scaled random trees are generated.
* Selected categorical labels column: diving.or.not
* diving.or.equal column is identical to Diving column.
* Regression excludes flying taxa.
* Diving labels that are present in regression: 0,2
* lambda (calculated from a random tree) = : 0.1
* index-name alignment check: OK
