Logfile for a session of program: bootstrap_binary.r
-----------------------------------------------------
INPUT:
workDir: C:/dino_nature/output/2023-11-07-D1\bs/set_846
Nbootstrapsets: 2000
phyloFDAfile: c:/dino_nature/code/phylo.fda.R
auxFile: c:/dino_nature/code/auxiliary.r
boneType: femur
regressionData.file: C:/dino_nature/output/2023-11-07-D1\bs/set_846/femur_set_846.csv
applyDataFilter: FALSE
addTreeTips: TRUE
Ntrees: 100
calculateTrees: TRUE
saveTrees: FALSE


OPERATIONAL CHECKS:
* Regression data contains multiple copies of some taxa (user added variants of existing test taxa 
   or replacements due to bootstrap are present) which are not in the phylo tree:
     original taxon,   duplicate   
"1","Euroscaptor_micrura","Euroscaptor_micrura.1"
"2","Cephalophus_silvicultor","Cephalophus_silvicultor.1"
"3","Sus_scrofa","Sus_scrofa.1"
"4","Euroscaptor_micrura","Euroscaptor_micrura.2"
"5","Pogona_viceps","Pogona_viceps.1"
"6","Elomeryx_borbonicus_","Elomeryx_borbonicus_.1"
"7","Cephalophus_silvicultor","Cephalophus_silvicultor.2"
"8","Elomeryx_borbonicus_","Elomeryx_borbonicus_.2"
"9","Meles_meles","Meles_meles.1"
"10","Xenicus_giliventris","Xenicus_giliventris.1"
"11","Dicerorhinus_sumatrensis","Dicerorhinus_sumatrensis.1"
"12","Cephalophus_silvicultor","Cephalophus_silvicultor.3"
"13","Bos_taurus","Bos_taurus.1"
"14","Uncia_uncia","Uncia_uncia.1"
"15","Pogona_viceps","Pogona_viceps.2"
"16","Rynochetus_jubatus","Rynochetus_jubatus.1"
"17","Paguma_larvata","Paguma_larvata.1"
"18","Sus_scrofa","Sus_scrofa.2"
"19","Bos_taurus","Bos_taurus.2"
"20","Tapirus_terrestris","Tapirus_terrestris.1"
"21","Micropotamogale_euwenzorii","Micropotamogale_euwenzorii.1"
"22","Simosaurus_1","Simosaurus_1.1"
"23","Simosaurus_1","Simosaurus_1.2"
"24","Placondontia_indet","Placondontia_indet.1"
"25","Indohyus","Indohyus.1"
"26","Simosaurus","Simosaurus.1"
"27","Metryorhynchus","Metryorhynchus.1"
"28","Simosaurus","Simosaurus.2"
"29","Ichtyosaurus_","Ichtyosaurus_.1"
"30","Hexaprotodon_garyam","Hexaprotodon_garyam.1"
"31","Indohyus","Indohyus.2"
"32","Hesperornis","Hesperornis.1"
"33","Choeropsis_liberiensis","Choeropsis_liberiensis.1"
"34","Nothosaurus_568","Nothosaurus_568.1"
"35","Micropotamogale_euwenzorii","Micropotamogale_euwenzorii.2"
"36","Small_Eocene_penguin","Small_Eocene_penguin.1"
"37","Tapirus_terrestris","Tapirus_terrestris.2"
"38","Alligator","Alligator.1"
"39","Spinosaurus_","Spinosaurus_.1"
"40","Spinosaurus_","Spinosaurus_.2"
"41","Spinosaurus_","Spinosaurus_.3"
"42","Spinosaurus_","Spinosaurus_.4"
"43","Spinosaurus_","Spinosaurus_.5"
"44","Spinosaurus_","Spinosaurus_.6"
"45","Spinosaurus_","Spinosaurus_.7"
"46","Spinosaurus_","Spinosaurus_.8"
"47","Spinosaurus_","Spinosaurus_.9"
"48","Spinosaurus_","Spinosaurus_.10"
"49","Spinosaurus_","Spinosaurus_.11"
"50","Suchomimus","Suchomimus.1"
"51","Suchomimus","Suchomimus.2"
"52","Suchomimus","Suchomimus.3"
"53","Baryonyx","Baryonyx.1"
"54","Baryonyx","Baryonyx.2"
"55","Baryonyx","Baryonyx.3"
 
* Phylo tree and the main data and strata files have been modified to include duplicated taxa before the scaled random trees are generated.
* Selected categorical labels column: diving.or.not
* diving.or.equal column is identical to Diving column.
* Regression excludes flying taxa.
* Diving labels that are present in regression: 0,2
* lambda (calculated from a random tree) = : 0.08
* index-name alignment check: OK
