Logfile for a session of program: bootstrap_binary.r
-----------------------------------------------------
INPUT:
workDir: C:/dino_nature/output/2023-11-07-D1\bs/set_1182
Nbootstrapsets: 2000
phyloFDAfile: c:/dino_nature/code/phylo.fda.R
auxFile: c:/dino_nature/code/auxiliary.r
boneType: femur
regressionData.file: C:/dino_nature/output/2023-11-07-D1\bs/set_1182/femur_set_1182.csv
applyDataFilter: FALSE
addTreeTips: TRUE
Ntrees: 100
calculateTrees: TRUE
saveTrees: FALSE


OPERATIONAL CHECKS:
* Regression data contains multiple copies of some taxa (user added variants of existing test taxa 
   or replacements due to bootstrap are present) which are not in the phylo tree:
     original taxon,   duplicate   
"1","Felis_felis","Felis_felis.1"
"2","Uncia_uncia","Uncia_uncia.1"
"3","Procavia_capensis","Procavia_capensis.1"
"4","Procavia_capensis","Procavia_capensis.2"
"5","Rhinoceros_sondaicus","Rhinoceros_sondaicus.1"
"6","Xenicus_giliventris","Xenicus_giliventris.1"
"7","Alces_americanus","Alces_americanus.1"
"8","Taxidea_taxus","Taxidea_taxus.1"
"9","Alces_americanus","Alces_americanus.2"
"10","Procyon_lotor","Procyon_lotor.1"
"11","Tamandua_tetradactyla","Tamandua_tetradactyla.1"
"12","Tamandua_tetradactyla","Tamandua_tetradactyla.2"
"13","Lacerta_viridis","Lacerta_viridis.1"
"14","Dicerorhinus_sumatrensis","Dicerorhinus_sumatrensis.1"
"15","Rhinoceros_sondaicus","Rhinoceros_sondaicus.2"
"16","Cephalophus_silvicultor","Cephalophus_silvicultor.1"
"17","Sphenodon_punctatus","Sphenodon_punctatus.1"
"18","Sphenodon_punctatus","Sphenodon_punctatus.2"
"19","Uncia_uncia","Uncia_uncia.2"
"20","Tamandua_tetradactyla","Tamandua_tetradactyla.3"
"21","Cephalophus_silvicultor","Cephalophus_silvicultor.2"
"22","Vulpes_vulpes","Vulpes_vulpes.1"
"23","Felis_felis","Felis_felis.2"
"24","Maiacetus","Maiacetus.1"
"25","Callophoca_obscura","Callophoca_obscura.1"
"26","Nothosaurus_giganteus","Nothosaurus_giganteus.1"
"27","Paraplacodus","Paraplacodus.1"
"28","Placodontia_indet_1","Placodontia_indet_1.1"
"29","Maiacetus","Maiacetus.2"
"30","Anarosaurus","Anarosaurus.1"
"31","Dyrosaurid","Dyrosaurid.1"
"32","Ichtyosaurus_","Ichtyosaurus_.1"
"33","Alligator","Alligator.1"
"34","Caiman_yacare","Caiman_yacare.1"
"35","Metryorhynchus","Metryorhynchus.1"
"36","Palaeospheniscus","Palaeospheniscus.1"
"37","Maiacetus","Maiacetus.3"
"38","Psephoderma","Psephoderma.1"
"39","Cricosaurus","Cricosaurus.1"
"40","Alligator","Alligator.2"
"41","Hippopotamus_amphibius","Hippopotamus_amphibius.1"
"42","Psephoderma","Psephoderma.2"
"43","Maiacetus","Maiacetus.4"
"44","Spinosaurus_","Spinosaurus_.1"
"45","Spinosaurus_","Spinosaurus_.2"
"46","Spinosaurus_","Spinosaurus_.3"
"47","Spinosaurus_","Spinosaurus_.4"
"48","Spinosaurus_","Spinosaurus_.5"
"49","Spinosaurus_","Spinosaurus_.6"
"50","Spinosaurus_","Spinosaurus_.7"
"51","Spinosaurus_","Spinosaurus_.8"
"52","Spinosaurus_","Spinosaurus_.9"
"53","Spinosaurus_","Spinosaurus_.10"
"54","Spinosaurus_","Spinosaurus_.11"
"55","Suchomimus","Suchomimus.1"
"56","Suchomimus","Suchomimus.2"
"57","Suchomimus","Suchomimus.3"
"58","Baryonyx","Baryonyx.1"
"59","Baryonyx","Baryonyx.2"
"60","Baryonyx","Baryonyx.3"
 
* Phylo tree and the main data and strata files have been modified to include duplicated taxa before the scaled random trees are generated.
* Selected categorical labels column: diving.or.not
* diving.or.equal column is identical to Diving column.
* Regression excludes flying taxa.
* Diving labels that are present in regression: 0,2
* lambda (calculated from a random tree) = : 0.15
* index-name alignment check: OK
