Logfile for a session of program: bootstrap_binary.r
-----------------------------------------------------
INPUT:
workDir: C:/dino_nature/output/2023-11-07-D1\bs/set_798
Nbootstrapsets: 2000
phyloFDAfile: c:/dino_nature/code/phylo.fda.R
auxFile: c:/dino_nature/code/auxiliary.r
boneType: femur
regressionData.file: C:/dino_nature/output/2023-11-07-D1\bs/set_798/femur_set_798.csv
applyDataFilter: FALSE
addTreeTips: TRUE
Ntrees: 100
calculateTrees: TRUE
saveTrees: FALSE


OPERATIONAL CHECKS:
* Regression data contains multiple copies of some taxa (user added variants of existing test taxa 
   or replacements due to bootstrap are present) which are not in the phylo tree:
     original taxon,   duplicate   
"1","Rynochetus_jubatus","Rynochetus_jubatus.1"
"2","Elephas_maximus","Elephas_maximus.1"
"3","Dasyurus_maculatus","Dasyurus_maculatus.1"
"4","Ceratotherium_simum","Ceratotherium_simum.1"
"5","Dicerorhinus_sumatrensis","Dicerorhinus_sumatrensis.1"
"6","Caloenas_nicobarica","Caloenas_nicobarica.1"
"7","Dasyurus_maculatus","Dasyurus_maculatus.2"
"8","Elephas_maximus","Elephas_maximus.2"
"9","Apteryx_australis","Apteryx_australis.1"
"10","Porphyrio_hochstetteri","Porphyrio_hochstetteri.1"
"11","Cephalophus_silvicultor","Cephalophus_silvicultor.1"
"12","Raphus","Raphus.1"
"13","Rhinoceros_sondaicus","Rhinoceros_sondaicus.1"
"14","Porphyrio_hochstetteri","Porphyrio_hochstetteri.2"
"15","Ceratotherium_simum","Ceratotherium_simum.2"
"16","Bison_bonasus","Bison_bonasus.1"
"17","Okapia_johnstoni","Okapia_johnstoni.1"
"18","Felis_felis","Felis_felis.1"
"19","Uncia_uncia","Uncia_uncia.1"
"20","Placondontia_indet","Placondontia_indet.1"
"21","large_eocene_stem_penguin","large_eocene_stem_penguin.1"
"22","Aptenodytes______","Aptenodytes______.1"
"23","Maiacetus","Maiacetus.1"
"24","Pistosaurus","Pistosaurus.1"
"25","Hydromys_chrysogaster","Hydromys_chrysogaster.1"
"26","Palaeospheniscus","Palaeospheniscus.1"
"27","Spheniscus","Spheniscus.1"
"28","Simosaurus","Simosaurus.1"
"29","Palaeospheniscus","Palaeospheniscus.2"
"30","Hesperornis","Hesperornis.1"
"31","Noemys_fodies","Noemys_fodies.1"
"32","Palaeospheniscus","Palaeospheniscus.3"
"33","Pistosaurus","Pistosaurus.2"
"34","Simosaurus","Simosaurus.2"
"35","Simosaurus","Simosaurus.3"
"36","Indohyus","Indohyus.1"
"37","Psephoderma","Psephoderma.1"
"38","Nanophoca_vitulinoides","Nanophoca_vitulinoides.1"
"39","Spinosaurus_","Spinosaurus_.1"
"40","Spinosaurus_","Spinosaurus_.2"
"41","Spinosaurus_","Spinosaurus_.3"
"42","Spinosaurus_","Spinosaurus_.4"
"43","Spinosaurus_","Spinosaurus_.5"
"44","Spinosaurus_","Spinosaurus_.6"
"45","Spinosaurus_","Spinosaurus_.7"
"46","Spinosaurus_","Spinosaurus_.8"
"47","Spinosaurus_","Spinosaurus_.9"
"48","Spinosaurus_","Spinosaurus_.10"
"49","Spinosaurus_","Spinosaurus_.11"
"50","Suchomimus","Suchomimus.1"
"51","Suchomimus","Suchomimus.2"
"52","Suchomimus","Suchomimus.3"
"53","Baryonyx","Baryonyx.1"
"54","Baryonyx","Baryonyx.2"
"55","Baryonyx","Baryonyx.3"
 
* Phylo tree and the main data and strata files have been modified to include duplicated taxa before the scaled random trees are generated.
* Selected categorical labels column: diving.or.not
* diving.or.equal column is identical to Diving column.
* Regression excludes flying taxa.
* Diving labels that are present in regression: 0,2
* lambda (calculated from a random tree) = : 0.12
* index-name alignment check: OK
