Logfile for a session of program: bootstrap_binary.r
-----------------------------------------------------
INPUT:
workDir: C:/dino_nature/output/2023-11-07-D1\bs/set_1323
Nbootstrapsets: 2000
phyloFDAfile: c:/dino_nature/code/phylo.fda.R
auxFile: c:/dino_nature/code/auxiliary.r
boneType: femur
regressionData.file: C:/dino_nature/output/2023-11-07-D1\bs/set_1323/femur_set_1323.csv
applyDataFilter: FALSE
addTreeTips: TRUE
Ntrees: 100
calculateTrees: TRUE
saveTrees: FALSE


OPERATIONAL CHECKS:
* Regression data contains multiple copies of some taxa (user added variants of existing test taxa 
   or replacements due to bootstrap are present) which are not in the phylo tree:
     original taxon,   duplicate   
"1","Atlantisia_rogersi","Atlantisia_rogersi.1"
"2","Lacerta_viridis","Lacerta_viridis.1"
"3","Tenrec_ecaudatus","Tenrec_ecaudatus.1"
"4","Tribonyx_mortieri","Tribonyx_mortieri.1"
"5","Tribonyx_mortieri","Tribonyx_mortieri.2"
"6","Porphyrio_hochstetteri","Porphyrio_hochstetteri.1"
"7","Alces_americanus","Alces_americanus.1"
"8","Xenicus_giliventris","Xenicus_giliventris.1"
"9","Raphus","Raphus.1"
"10","Rupicapra_rupicapra","Rupicapra_rupicapra.1"
"11","Elomeryx_borbonicus_","Elomeryx_borbonicus_.1"
"12","Ceratotherium_simum","Ceratotherium_simum.1"
"13","Ceratotherium_simum","Ceratotherium_simum.2"
"14","Sphenodon_punctatus","Sphenodon_punctatus.1"
"15","Vulpes_vulpes","Vulpes_vulpes.1"
"16","Vulpes_vulpes","Vulpes_vulpes.2"
"17","Mus_musculus","Mus_musculus.1"
"18","Caloenas_nicobarica","Caloenas_nicobarica.1"
"19","Megaloceros_sp","Megaloceros_sp.1"
"20","Dromaius_","Dromaius_.1"
"21","Rupicapra_rupicapra","Rupicapra_rupicapra.2"
"22","Rodhocetus","Rodhocetus.1"
"23","Hydromys_chrysogaster","Hydromys_chrysogaster.1"
"24","Serpianosaurus","Serpianosaurus.1"
"25","Hesperornis","Hesperornis.1"
"26","Pistosaurus","Pistosaurus.1"
"27","Hesperornis","Hesperornis.2"
"28","Ornithorhynchus_anatinus","Ornithorhynchus_anatinus.1"
"29","Ichtyosaur_sp","Ichtyosaur_sp.1"
"30","Aptenodytes______","Aptenodytes______.1"
"31","Nothosaurus_mirabilis_1","Nothosaurus_mirabilis_1.1"
"32","Aptenodytes______","Aptenodytes______.2"
"33","Choeropsis_liberiensis","Choeropsis_liberiensis.1"
"34","Nothosaurus_mirabilis_1","Nothosaurus_mirabilis_1.2"
"35","Aptenodytes______","Aptenodytes______.3"
"36","Simosaurus_1","Simosaurus_1.1"
"37","Phalacrocorax_harrisi","Phalacrocorax_harrisi.1"
"38","Chapsosaurus_","Chapsosaurus_.1"
"39","Nothosaurus_mirabilis","Nothosaurus_mirabilis.1"
"40","Nanophoca_vitulinoides","Nanophoca_vitulinoides.1"
"41","Simosaurus_1","Simosaurus_1.2"
"42","Simosaurus","Simosaurus.1"
"43","Spinosaurus_","Spinosaurus_.1"
"44","Spinosaurus_","Spinosaurus_.2"
"45","Spinosaurus_","Spinosaurus_.3"
"46","Spinosaurus_","Spinosaurus_.4"
"47","Spinosaurus_","Spinosaurus_.5"
"48","Spinosaurus_","Spinosaurus_.6"
"49","Spinosaurus_","Spinosaurus_.7"
"50","Spinosaurus_","Spinosaurus_.8"
"51","Spinosaurus_","Spinosaurus_.9"
"52","Spinosaurus_","Spinosaurus_.10"
"53","Spinosaurus_","Spinosaurus_.11"
"54","Suchomimus","Suchomimus.1"
"55","Suchomimus","Suchomimus.2"
"56","Suchomimus","Suchomimus.3"
"57","Baryonyx","Baryonyx.1"
"58","Baryonyx","Baryonyx.2"
"59","Baryonyx","Baryonyx.3"
 
* Phylo tree and the main data and strata files have been modified to include duplicated taxa before the scaled random trees are generated.
* Selected categorical labels column: diving.or.not
* diving.or.equal column is identical to Diving column.
* Regression excludes flying taxa.
* Diving labels that are present in regression: 0,2
* lambda (calculated from a random tree) = : 0.09
* index-name alignment check: OK
