Logfile for a session of program: bootstrap_binary.r
-----------------------------------------------------
INPUT:
workDir: C:/dino_nature/output/2023-11-07-D1\bs/set_364
Nbootstrapsets: 2000
phyloFDAfile: c:/dino_nature/code/phylo.fda.R
auxFile: c:/dino_nature/code/auxiliary.r
boneType: femur
regressionData.file: C:/dino_nature/output/2023-11-07-D1\bs/set_364/femur_set_364.csv
applyDataFilter: FALSE
addTreeTips: TRUE
Ntrees: 100
calculateTrees: TRUE
saveTrees: FALSE


OPERATIONAL CHECKS:
* Regression data contains multiple copies of some taxa (user added variants of existing test taxa 
   or replacements due to bootstrap are present) which are not in the phylo tree:
     original taxon,   duplicate   
"1","Elephas_maximus","Elephas_maximus.1"
"2","Bos_taurus","Bos_taurus.1"
"3","Elephas_maximus","Elephas_maximus.2"
"4","Elephas_maximus","Elephas_maximus.3"
"5","Rhynchocyon_petersi","Rhynchocyon_petersi.1"
"6","Dasyurus_maculatus","Dasyurus_maculatus.1"
"7","Giraffa_camelopardalis","Giraffa_camelopardalis.1"
"8","Dasyurus_maculatus","Dasyurus_maculatus.2"
"9","Rhynchocyon_petersi","Rhynchocyon_petersi.2"
"10","Sphenodon_punctatus","Sphenodon_punctatus.1"
"11","Syncerus_caffer","Syncerus_caffer.1"
"12","Giraffa_camelopardalis","Giraffa_camelopardalis.2"
"13","Brachyodus_onoideum","Brachyodus_onoideum.1"
"14","Microgale_thomasi","Microgale_thomasi.1"
"15","Microgale_thomasi","Microgale_thomasi.2"
"16","Syncerus_caffer","Syncerus_caffer.2"
"17","Elephas_maximus","Elephas_maximus.4"
"18","Elephas_maximus","Elephas_maximus.5"
"19","Elephas_maximus","Elephas_maximus.6"
"20","Loxodonta_africana","Loxodonta_africana.1"
"21","Felis_felis","Felis_felis.1"
"22","Chironectes_minimus","Chironectes_minimus.1"
"23","Psephoderma","Psephoderma.1"
"24","Nothosaurus_102","Nothosaurus_102.1"
"25","Hydromys_chrysogaster","Hydromys_chrysogaster.1"
"26","Nanophoca_vitulinoides","Nanophoca_vitulinoides.1"
"27","Placodontia_indet_1","Placodontia_indet_1.1"
"28","Hexaprotodon_garyam","Hexaprotodon_garyam.1"
"29","Hippopotamus_amphibius","Hippopotamus_amphibius.1"
"30","Chironectes_minimus","Chironectes_minimus.2"
"31","Castor_fiber","Castor_fiber.1"
"32","Neusticosaurus","Neusticosaurus.1"
"33","Plesiosaurus","Plesiosaurus.1"
"34","Basilosaurus","Basilosaurus.1"
"35","Phalacrocorax_harrisi","Phalacrocorax_harrisi.1"
"36","Rhaeticosaurus","Rhaeticosaurus.1"
"37","Nothosaurus_102","Nothosaurus_102.2"
"38","Hydromys_chrysogaster","Hydromys_chrysogaster.2"
"39","Chapsosaurus_","Chapsosaurus_.1"
"40","large_eocene_stem_penguin","large_eocene_stem_penguin.1"
"41","Nanophoca_vitulinoides","Nanophoca_vitulinoides.2"
"42","Indohyus","Indohyus.1"
"43","Callophoca_obscura","Callophoca_obscura.1"
"44","large_eocene_stem_penguin","large_eocene_stem_penguin.2"
"45","Paraplacodus","Paraplacodus.1"
"46","Spinosaurus_","Spinosaurus_.1"
"47","Spinosaurus_","Spinosaurus_.2"
"48","Spinosaurus_","Spinosaurus_.3"
"49","Spinosaurus_","Spinosaurus_.4"
"50","Spinosaurus_","Spinosaurus_.5"
"51","Spinosaurus_","Spinosaurus_.6"
"52","Spinosaurus_","Spinosaurus_.7"
"53","Spinosaurus_","Spinosaurus_.8"
"54","Spinosaurus_","Spinosaurus_.9"
"55","Spinosaurus_","Spinosaurus_.10"
"56","Spinosaurus_","Spinosaurus_.11"
"57","Suchomimus","Suchomimus.1"
"58","Suchomimus","Suchomimus.2"
"59","Suchomimus","Suchomimus.3"
"60","Baryonyx","Baryonyx.1"
"61","Baryonyx","Baryonyx.2"
"62","Baryonyx","Baryonyx.3"
 
* Phylo tree and the main data and strata files have been modified to include duplicated taxa before the scaled random trees are generated.
* Selected categorical labels column: diving.or.not
* diving.or.equal column is identical to Diving column.
* Regression excludes flying taxa.
* Diving labels that are present in regression: 0,2
* lambda (calculated from a random tree) = : 0.1
* index-name alignment check: OK
