Logfile for a session of program: bootstrap_binary.r
-----------------------------------------------------
INPUT:
workDir: C:/dino_nature/output/2023-11-07-D1\bs/set_775
Nbootstrapsets: 2000
phyloFDAfile: c:/dino_nature/code/phylo.fda.R
auxFile: c:/dino_nature/code/auxiliary.r
boneType: femur
regressionData.file: C:/dino_nature/output/2023-11-07-D1\bs/set_775/femur_set_775.csv
applyDataFilter: FALSE
addTreeTips: TRUE
Ntrees: 100
calculateTrees: TRUE
saveTrees: FALSE


OPERATIONAL CHECKS:
* Regression data contains multiple copies of some taxa (user added variants of existing test taxa 
   or replacements due to bootstrap are present) which are not in the phylo tree:
     original taxon,   duplicate   
"1","Okapia_johnstoni","Okapia_johnstoni.1"
"2","Pogona_viceps","Pogona_viceps.1"
"3","Hemiechinus_azurites","Hemiechinus_azurites.1"
"4","Brachyodus_onoideum","Brachyodus_onoideum.1"
"5","Raphus","Raphus.1"
"6","Caloenas_nicobarica","Caloenas_nicobarica.1"
"7","Loxodonta_africana","Loxodonta_africana.1"
"8","Brachyodus_onoideum","Brachyodus_onoideum.2"
"9","Raphus","Raphus.2"
"10","Mammuthus_sp","Mammuthus_sp.1"
"11","Monodelphis_domestica","Monodelphis_domestica.1"
"12","Brachyodus_onoideum","Brachyodus_onoideum.3"
"13","Mammuthus_sp","Mammuthus_sp.2"
"14","Strigiops_habroptilus","Strigiops_habroptilus.1"
"15","Bison_bonasus","Bison_bonasus.1"
"16","Cephalophus_silvicultor","Cephalophus_silvicultor.1"
"17","Meles_meles","Meles_meles.1"
"18","Meles_meles","Meles_meles.2"
"19","Diplomesodon_pulchellum","Diplomesodon_pulchellum.1"
"20","Monodelphis_domestica","Monodelphis_domestica.2"
"21","Taxidea_taxus","Taxidea_taxus.1"
"22","Bos_taurus","Bos_taurus.1"
"23","Strigiops_habroptilus","Strigiops_habroptilus.2"
"24","Caloenas_nicobarica","Caloenas_nicobarica.2"
"25","Dasyurus_maculatus","Dasyurus_maculatus.1"
"26","Maiacetus","Maiacetus.1"
"27","Remingtonocetus","Remingtonocetus.1"
"28","Hexaprotodon_garyam","Hexaprotodon_garyam.1"
"29","Small_Eocene_penguin","Small_Eocene_penguin.1"
"30","Nanophoca_vitulinoides","Nanophoca_vitulinoides.1"
"31","Plesiosaurus","Plesiosaurus.1"
"32","Metryorhynchus","Metryorhynchus.1"
"33","Ornithorhynchus_anatinus","Ornithorhynchus_anatinus.1"
"34","Noemys_fodies","Noemys_fodies.1"
"35","Micropotamogale_euwenzorii","Micropotamogale_euwenzorii.1"
"36","Aptenodytes______","Aptenodytes______.1"
"37","Desmostylus_hesperus","Desmostylus_hesperus.1"
"38","Nanophoca_vitulinoides","Nanophoca_vitulinoides.2"
"39","Metryorhynchus","Metryorhynchus.2"
"40","Simosaurus","Simosaurus.1"
"41","Metryorhynchus","Metryorhynchus.3"
"42","Paraplacodus","Paraplacodus.1"
"43","Spinosaurus_","Spinosaurus_.1"
"44","Spinosaurus_","Spinosaurus_.2"
"45","Spinosaurus_","Spinosaurus_.3"
"46","Spinosaurus_","Spinosaurus_.4"
"47","Spinosaurus_","Spinosaurus_.5"
"48","Spinosaurus_","Spinosaurus_.6"
"49","Spinosaurus_","Spinosaurus_.7"
"50","Spinosaurus_","Spinosaurus_.8"
"51","Spinosaurus_","Spinosaurus_.9"
"52","Spinosaurus_","Spinosaurus_.10"
"53","Spinosaurus_","Spinosaurus_.11"
"54","Suchomimus","Suchomimus.1"
"55","Suchomimus","Suchomimus.2"
"56","Suchomimus","Suchomimus.3"
"57","Baryonyx","Baryonyx.1"
"58","Baryonyx","Baryonyx.2"
"59","Baryonyx","Baryonyx.3"
 
* Phylo tree and the main data and strata files have been modified to include duplicated taxa before the scaled random trees are generated.
* Selected categorical labels column: diving.or.not
* diving.or.equal column is identical to Diving column.
* Regression excludes flying taxa.
* Diving labels that are present in regression: 0,2
* lambda (calculated from a random tree) = : 0.08
* index-name alignment check: OK
