Logfile for a session of program: bootstrap_binary.r
-----------------------------------------------------
INPUT:
workDir: C:/dino_nature/output/2023-11-07-D1\bs/set_908
Nbootstrapsets: 2000
phyloFDAfile: c:/dino_nature/code/phylo.fda.R
auxFile: c:/dino_nature/code/auxiliary.r
boneType: femur
regressionData.file: C:/dino_nature/output/2023-11-07-D1\bs/set_908/femur_set_908.csv
applyDataFilter: FALSE
addTreeTips: TRUE
Ntrees: 100
calculateTrees: TRUE
saveTrees: FALSE


OPERATIONAL CHECKS:
* Regression data contains multiple copies of some taxa (user added variants of existing test taxa 
   or replacements due to bootstrap are present) which are not in the phylo tree:
     original taxon,   duplicate   
"1","Lacerta_viridis","Lacerta_viridis.1"
"2","Procyon_lotor","Procyon_lotor.1"
"3","Lacerta_viridis","Lacerta_viridis.2"
"4","Giraffa_camelopardalis","Giraffa_camelopardalis.1"
"5","Apteryx_australis","Apteryx_australis.1"
"6","Porphyrio_hochstetteri","Porphyrio_hochstetteri.1"
"7","Meles_meles","Meles_meles.1"
"8","Capreolus_capreolus","Capreolus_capreolus.1"
"9","Euroscaptor_micrura","Euroscaptor_micrura.1"
"10","Caloenas_nicobarica","Caloenas_nicobarica.1"
"11","Euroscaptor_micrura","Euroscaptor_micrura.2"
"12","Elomeryx_borbonicus_","Elomeryx_borbonicus_.1"
"13","Porphyrio_hochstetteri","Porphyrio_hochstetteri.2"
"14","Elomeryx_borbonicus_","Elomeryx_borbonicus_.2"
"15","Dromaius_","Dromaius_.1"
"16","Pogona_viceps","Pogona_viceps.1"
"17","Felis_felis","Felis_felis.1"
"18","Dromaius_","Dromaius_.2"
"19","Elephas_maximus","Elephas_maximus.1"
"20","Felis_felis","Felis_felis.2"
"21","Cricosaurus","Cricosaurus.1"
"22","Remingtonocetus","Remingtonocetus.1"
"23","Cricosaurus","Cricosaurus.2"
"24","Micropotamogale_euwenzorii","Micropotamogale_euwenzorii.1"
"25","Ornithorhynchus_anatinus","Ornithorhynchus_anatinus.1"
"26","Small_Eocene_penguin","Small_Eocene_penguin.1"
"27","Cryptoclidus","Cryptoclidus.1"
"28","Cryptoclidus","Cryptoclidus.2"
"29","Protochampsidae","Protochampsidae.1"
"30","Choeropsis_liberiensis","Choeropsis_liberiensis.1"
"31","Simosaurus","Simosaurus.1"
"32","Nothosaurus_102","Nothosaurus_102.1"
"33","Simosaurus","Simosaurus.2"
"34","Nothosaurus_102","Nothosaurus_102.2"
"35","Phalacrocorax_harrisi","Phalacrocorax_harrisi.1"
"36","Phalacrocorax_harrisi","Phalacrocorax_harrisi.2"
"37","Otaria_byronia","Otaria_byronia.1"
"38","Tapirus_terrestris","Tapirus_terrestris.1"
"39","Dyrosaurid","Dyrosaurid.1"
"40","Dyrosaurid","Dyrosaurid.2"
"41","Dyrosaurid","Dyrosaurid.3"
"42","Protochampsidae","Protochampsidae.2"
"43","Nothosaurus_mirabilis_1","Nothosaurus_mirabilis_1.1"
"44","Desmana_moschata","Desmana_moschata.1"
"45","Spinosaurus_","Spinosaurus_.1"
"46","Spinosaurus_","Spinosaurus_.2"
"47","Spinosaurus_","Spinosaurus_.3"
"48","Spinosaurus_","Spinosaurus_.4"
"49","Spinosaurus_","Spinosaurus_.5"
"50","Spinosaurus_","Spinosaurus_.6"
"51","Spinosaurus_","Spinosaurus_.7"
"52","Spinosaurus_","Spinosaurus_.8"
"53","Spinosaurus_","Spinosaurus_.9"
"54","Spinosaurus_","Spinosaurus_.10"
"55","Spinosaurus_","Spinosaurus_.11"
"56","Suchomimus","Suchomimus.1"
"57","Suchomimus","Suchomimus.2"
"58","Suchomimus","Suchomimus.3"
"59","Baryonyx","Baryonyx.1"
"60","Baryonyx","Baryonyx.2"
"61","Baryonyx","Baryonyx.3"
 
* Phylo tree and the main data and strata files have been modified to include duplicated taxa before the scaled random trees are generated.
* Selected categorical labels column: diving.or.not
* diving.or.equal column is identical to Diving column.
* Regression excludes flying taxa.
* Diving labels that are present in regression: 0,2
* lambda (calculated from a random tree) = : 0.12
* index-name alignment check: OK
