Logfile for a session of program: bootstrap_binary.r
-----------------------------------------------------
INPUT:
workDir: C:/dino_nature/output/2023-11-07-D1\bs/set_1365
Nbootstrapsets: 2000
phyloFDAfile: c:/dino_nature/code/phylo.fda.R
auxFile: c:/dino_nature/code/auxiliary.r
boneType: femur
regressionData.file: C:/dino_nature/output/2023-11-07-D1\bs/set_1365/femur_set_1365.csv
applyDataFilter: FALSE
addTreeTips: TRUE
Ntrees: 100
calculateTrees: TRUE
saveTrees: FALSE


OPERATIONAL CHECKS:
* Regression data contains multiple copies of some taxa (user added variants of existing test taxa 
   or replacements due to bootstrap are present) which are not in the phylo tree:
     original taxon,   duplicate   
"1","Mustela_nivalis","Mustela_nivalis.1"
"2","Megaloceros_sp","Megaloceros_sp.1"
"3","Syncerus_caffer","Syncerus_caffer.1"
"4","Okapia_johnstoni","Okapia_johnstoni.1"
"5","Megaloceros_sp","Megaloceros_sp.2"
"6","Euroscaptor_micrura","Euroscaptor_micrura.1"
"7","Mustela_nivalis","Mustela_nivalis.2"
"8","Loxodonta_africana","Loxodonta_africana.1"
"9","Caloenas_nicobarica","Caloenas_nicobarica.1"
"10","Rhinoceros_sondaicus","Rhinoceros_sondaicus.1"
"11","Rhynchocyon_petersi","Rhynchocyon_petersi.1"
"12","Caloenas_nicobarica","Caloenas_nicobarica.2"
"13","Okapia_johnstoni","Okapia_johnstoni.2"
"14","Loxodonta_africana","Loxodonta_africana.2"
"15","Taxidea_taxus","Taxidea_taxus.1"
"16","Apteryx_australis","Apteryx_australis.1"
"17","Rhynchocyon_petersi","Rhynchocyon_petersi.2"
"18","Felis_felis","Felis_felis.1"
"19","Monodelphis_domestica","Monodelphis_domestica.1"
"20","Basilosaurus","Basilosaurus.1"
"21","Psephoderma","Psephoderma.1"
"22","Simosaurus","Simosaurus.1"
"23","Desmana_moschata","Desmana_moschata.1"
"24","Phalacrocorax_harrisi","Phalacrocorax_harrisi.1"
"25","Otaria_byronia","Otaria_byronia.1"
"26","Nothosaurus_568","Nothosaurus_568.1"
"27","Rodhocetus","Rodhocetus.1"
"28","Desmana_moschata","Desmana_moschata.2"
"29","Leptophoca_proxima","Leptophoca_proxima.1"
"30","Metryorhynchus","Metryorhynchus.1"
"31","Metryorhynchus","Metryorhynchus.2"
"32","Palaeospheniscus","Palaeospheniscus.1"
"33","Choeropsis_liberiensis","Choeropsis_liberiensis.1"
"34","large_eocene_stem_penguin","large_eocene_stem_penguin.1"
"35","Paraplacodus","Paraplacodus.1"
"36","Indohyus","Indohyus.1"
"37","Metryorhynchus","Metryorhynchus.3"
"38","Ornithorhynchus_anatinus","Ornithorhynchus_anatinus.1"
"39","Choeropsis_liberiensis","Choeropsis_liberiensis.2"
"40","Otaria_byronia","Otaria_byronia.2"
"41","Otaria_byronia","Otaria_byronia.3"
"42","Leptophoca_proxima","Leptophoca_proxima.2"
"43","Spinosaurus_","Spinosaurus_.1"
"44","Spinosaurus_","Spinosaurus_.2"
"45","Spinosaurus_","Spinosaurus_.3"
"46","Spinosaurus_","Spinosaurus_.4"
"47","Spinosaurus_","Spinosaurus_.5"
"48","Spinosaurus_","Spinosaurus_.6"
"49","Spinosaurus_","Spinosaurus_.7"
"50","Spinosaurus_","Spinosaurus_.8"
"51","Spinosaurus_","Spinosaurus_.9"
"52","Spinosaurus_","Spinosaurus_.10"
"53","Spinosaurus_","Spinosaurus_.11"
"54","Suchomimus","Suchomimus.1"
"55","Suchomimus","Suchomimus.2"
"56","Suchomimus","Suchomimus.3"
"57","Baryonyx","Baryonyx.1"
"58","Baryonyx","Baryonyx.2"
"59","Baryonyx","Baryonyx.3"
 
* Phylo tree and the main data and strata files have been modified to include duplicated taxa before the scaled random trees are generated.
* Selected categorical labels column: diving.or.not
* diving.or.equal column is identical to Diving column.
* Regression excludes flying taxa.
* Diving labels that are present in regression: 0,2
* lambda (calculated from a random tree) = : 0.07
* index-name alignment check: OK
