Logfile for a session of program: bootstrap_binary.r
-----------------------------------------------------
INPUT:
workDir: C:/dino_nature/output/2023-11-07-D1\bs/set_984
Nbootstrapsets: 2000
phyloFDAfile: c:/dino_nature/code/phylo.fda.R
auxFile: c:/dino_nature/code/auxiliary.r
boneType: femur
regressionData.file: C:/dino_nature/output/2023-11-07-D1\bs/set_984/femur_set_984.csv
applyDataFilter: FALSE
addTreeTips: TRUE
Ntrees: 100
calculateTrees: TRUE
saveTrees: FALSE


OPERATIONAL CHECKS:
* Regression data contains multiple copies of some taxa (user added variants of existing test taxa 
   or replacements due to bootstrap are present) which are not in the phylo tree:
     original taxon,   duplicate   
"1","Dama_dama","Dama_dama.1"
"2","Lama_guanicoe","Lama_guanicoe.1"
"3","Megaloceros_sp","Megaloceros_sp.1"
"4","Megaloceros_sp","Megaloceros_sp.2"
"5","Capreolus_capreolus","Capreolus_capreolus.1"
"6","Tamandua_tetradactyla","Tamandua_tetradactyla.1"
"7","Tamandua_tetradactyla","Tamandua_tetradactyla.2"
"8","Rynochetus_jubatus","Rynochetus_jubatus.1"
"9","Nyctereutes_procyonoides","Nyctereutes_procyonoides.1"
"10","Procyon_lotor","Procyon_lotor.1"
"11","Mus_musculus","Mus_musculus.1"
"12","Cephalophus_silvicultor","Cephalophus_silvicultor.1"
"13","Nyctereutes_procyonoides","Nyctereutes_procyonoides.2"
"14","Dama_dama","Dama_dama.2"
"15","Rhinoceros_sondaicus","Rhinoceros_sondaicus.1"
"16","Tenrec_ecaudatus","Tenrec_ecaudatus.1"
"17","Lama_guanicoe","Lama_guanicoe.2"
"18","Sphenodon_punctatus","Sphenodon_punctatus.1"
"19","Dama_dama","Dama_dama.3"
"20","Procyon_lotor","Procyon_lotor.2"
"21","Diplomesodon_pulchellum","Diplomesodon_pulchellum.1"
"22","Tenrec_ecaudatus","Tenrec_ecaudatus.2"
"23","Chironectes_minimus","Chironectes_minimus.1"
"24","Rodhocetus","Rodhocetus.1"
"25","Chironectes_minimus","Chironectes_minimus.2"
"26","Choeropsis_liberiensis","Choeropsis_liberiensis.1"
"27","Rodhocetus","Rodhocetus.2"
"28","Desmostylus_hesperus","Desmostylus_hesperus.1"
"29","Nothosaurus_150","Nothosaurus_150.1"
"30","Remingtonocetus","Remingtonocetus.1"
"31","Rodhocetus","Rodhocetus.3"
"32","Castor_fiber","Castor_fiber.1"
"33","Rodhocetus","Rodhocetus.4"
"34","Rodhocetus","Rodhocetus.5"
"35","Chironectes_minimus","Chironectes_minimus.3"
"36","Hydromys_chrysogaster","Hydromys_chrysogaster.1"
"37","Chironectes_minimus","Chironectes_minimus.4"
"38","Chapsosaurus_","Chapsosaurus_.1"
"39","Nothosaurus_mirabilis_1","Nothosaurus_mirabilis_1.1"
"40","Castor_fiber","Castor_fiber.2"
"41","Neusticosaurus","Neusticosaurus.1"
"42","Spinosaurus_","Spinosaurus_.1"
"43","Spinosaurus_","Spinosaurus_.2"
"44","Spinosaurus_","Spinosaurus_.3"
"45","Spinosaurus_","Spinosaurus_.4"
"46","Spinosaurus_","Spinosaurus_.5"
"47","Spinosaurus_","Spinosaurus_.6"
"48","Spinosaurus_","Spinosaurus_.7"
"49","Spinosaurus_","Spinosaurus_.8"
"50","Spinosaurus_","Spinosaurus_.9"
"51","Spinosaurus_","Spinosaurus_.10"
"52","Spinosaurus_","Spinosaurus_.11"
"53","Suchomimus","Suchomimus.1"
"54","Suchomimus","Suchomimus.2"
"55","Suchomimus","Suchomimus.3"
"56","Baryonyx","Baryonyx.1"
"57","Baryonyx","Baryonyx.2"
"58","Baryonyx","Baryonyx.3"
 
* Phylo tree and the main data and strata files have been modified to include duplicated taxa before the scaled random trees are generated.
* Selected categorical labels column: diving.or.not
* diving.or.equal column is identical to Diving column.
* Regression excludes flying taxa.
* Diving labels that are present in regression: 0,2
* lambda (calculated from a random tree) = : 0.07
* index-name alignment check: OK
