Logfile for a session of program: bootstrap_binary.r
-----------------------------------------------------
INPUT:
workDir: C:/dino_nature/output/2023-11-07-D1\bs/set_795
Nbootstrapsets: 2000
phyloFDAfile: c:/dino_nature/code/phylo.fda.R
auxFile: c:/dino_nature/code/auxiliary.r
boneType: femur
regressionData.file: C:/dino_nature/output/2023-11-07-D1\bs/set_795/femur_set_795.csv
applyDataFilter: FALSE
addTreeTips: TRUE
Ntrees: 100
calculateTrees: TRUE
saveTrees: FALSE


OPERATIONAL CHECKS:
* Regression data contains multiple copies of some taxa (user added variants of existing test taxa 
   or replacements due to bootstrap are present) which are not in the phylo tree:
     original taxon,   duplicate   
"1","Sphenodon_punctatus","Sphenodon_punctatus.1"
"2","Sphenodon_punctatus","Sphenodon_punctatus.2"
"3","Paguma_larvata","Paguma_larvata.1"
"4","Raphus","Raphus.1"
"5","Dama_dama","Dama_dama.1"
"6","Caloenas_nicobarica","Caloenas_nicobarica.1"
"7","Giraffa_camelopardalis","Giraffa_camelopardalis.1"
"8","Uncia_uncia","Uncia_uncia.1"
"9","Atlantisia_rogersi","Atlantisia_rogersi.1"
"10","Rattus_rattus","Rattus_rattus.1"
"11","Mammuthus_sp","Mammuthus_sp.1"
"12","Dama_dama","Dama_dama.2"
"13","Sphenodon_punctatus","Sphenodon_punctatus.3"
"14","Pogona_viceps","Pogona_viceps.1"
"15","Uncia_uncia","Uncia_uncia.2"
"16","Pogona_viceps","Pogona_viceps.2"
"17","Mustela_nivalis","Mustela_nivalis.1"
"18","Xenicus_giliventris","Xenicus_giliventris.1"
"19","Rhynchocyon_petersi","Rhynchocyon_petersi.1"
"20","Diplomesodon_pulchellum","Diplomesodon_pulchellum.1"
"21","Rodhocetus","Rodhocetus.1"
"22","Hippopotamus_amphibius","Hippopotamus_amphibius.1"
"23","Tapirus_terrestris","Tapirus_terrestris.1"
"24","Chapsosaurus_","Chapsosaurus_.1"
"25","Desmostylus_hesperus","Desmostylus_hesperus.1"
"26","Pistosaurus","Pistosaurus.1"
"27","Cricosaurus","Cricosaurus.1"
"28","Nothosaurus_mirabilis","Nothosaurus_mirabilis.1"
"29","Rodhocetus","Rodhocetus.2"
"30","Leptophoca_proxima","Leptophoca_proxima.1"
"31","Plesiosaurus","Plesiosaurus.1"
"32","Neusticosaurus","Neusticosaurus.1"
"33","Neusticosaurus","Neusticosaurus.2"
"34","Phocanella_pumila","Phocanella_pumila.1"
"35","Indohyus","Indohyus.1"
"36","Leptophoca_proxima","Leptophoca_proxima.2"
"37","Desmostylus_hesperus","Desmostylus_hesperus.2"
"38","Basilosaurus","Basilosaurus.1"
"39","large_eocene_stem_penguin","large_eocene_stem_penguin.1"
"40","Castor_fiber","Castor_fiber.1"
"41","Spinosaurus_","Spinosaurus_.1"
"42","Spinosaurus_","Spinosaurus_.2"
"43","Spinosaurus_","Spinosaurus_.3"
"44","Spinosaurus_","Spinosaurus_.4"
"45","Spinosaurus_","Spinosaurus_.5"
"46","Spinosaurus_","Spinosaurus_.6"
"47","Spinosaurus_","Spinosaurus_.7"
"48","Spinosaurus_","Spinosaurus_.8"
"49","Spinosaurus_","Spinosaurus_.9"
"50","Spinosaurus_","Spinosaurus_.10"
"51","Spinosaurus_","Spinosaurus_.11"
"52","Suchomimus","Suchomimus.1"
"53","Suchomimus","Suchomimus.2"
"54","Suchomimus","Suchomimus.3"
"55","Baryonyx","Baryonyx.1"
"56","Baryonyx","Baryonyx.2"
"57","Baryonyx","Baryonyx.3"
 
* Phylo tree and the main data and strata files have been modified to include duplicated taxa before the scaled random trees are generated.
* Selected categorical labels column: diving.or.not
* diving.or.equal column is identical to Diving column.
* Regression excludes flying taxa.
* Diving labels that are present in regression: 0,2
* lambda (calculated from a random tree) = : 0.04
* index-name alignment check: OK
