Logfile for a session of program: bootstrap_binary.r
-----------------------------------------------------
INPUT:
workDir: C:/dino_nature/output/2023-11-07-D1\bs/set_1251
Nbootstrapsets: 2000
phyloFDAfile: c:/dino_nature/code/phylo.fda.R
auxFile: c:/dino_nature/code/auxiliary.r
boneType: femur
regressionData.file: C:/dino_nature/output/2023-11-07-D1\bs/set_1251/femur_set_1251.csv
applyDataFilter: FALSE
addTreeTips: TRUE
Ntrees: 100
calculateTrees: TRUE
saveTrees: FALSE


OPERATIONAL CHECKS:
* Regression data contains multiple copies of some taxa (user added variants of existing test taxa 
   or replacements due to bootstrap are present) which are not in the phylo tree:
     original taxon,   duplicate   
"1","Porphyrio_hochstetteri","Porphyrio_hochstetteri.1"
"2","Tribonyx_mortieri","Tribonyx_mortieri.1"
"3","Loxodonta_africana","Loxodonta_africana.1"
"4","Alces_americanus","Alces_americanus.1"
"5","Loxodonta_africana","Loxodonta_africana.2"
"6","Tribonyx_mortieri","Tribonyx_mortieri.2"
"7","Tribonyx_mortieri","Tribonyx_mortieri.3"
"8","Tamandua_tetradactyla","Tamandua_tetradactyla.1"
"9","Dasyurus_maculatus","Dasyurus_maculatus.1"
"10","Taxidea_taxus","Taxidea_taxus.1"
"11","Tamandua_tetradactyla","Tamandua_tetradactyla.2"
"12","Tamandua_tetradactyla","Tamandua_tetradactyla.3"
"13","Okapia_johnstoni","Okapia_johnstoni.1"
"14","Loxodonta_africana","Loxodonta_africana.3"
"15","Okapia_johnstoni","Okapia_johnstoni.2"
"16","Megaloceros_sp","Megaloceros_sp.1"
"17","Tamandua_tetradactyla","Tamandua_tetradactyla.4"
"18","Myrmecophaga_tridactyla","Myrmecophaga_tridactyla.1"
"19","Vulpes_vulpes","Vulpes_vulpes.1"
"20","Paguma_larvata","Paguma_larvata.1"
"21","Taxidea_taxus","Taxidea_taxus.2"
"22","Tamandua_tetradactyla","Tamandua_tetradactyla.5"
"23","Dromaius_","Dromaius_.1"
"24","Tapirus_terrestris","Tapirus_terrestris.1"
"25","Ornithorhynchus_anatinus","Ornithorhynchus_anatinus.1"
"26","Castor_fiber","Castor_fiber.1"
"27","Lutra_vulgaris","Lutra_vulgaris.1"
"28","Ornithorhynchus_anatinus","Ornithorhynchus_anatinus.2"
"29","Tapirus_terrestris","Tapirus_terrestris.2"
"30","Ichtyosaur_sp","Ichtyosaur_sp.1"
"31","Hesperornis","Hesperornis.1"
"32","Leptophoca_proxima","Leptophoca_proxima.1"
"33","Aptenodytes______","Aptenodytes______.1"
"34","Pistosaurus","Pistosaurus.1"
"35","Desmostylus_hesperus","Desmostylus_hesperus.1"
"36","Nothosaurus_mirabilis_1","Nothosaurus_mirabilis_1.1"
"37","Dyrosaurid","Dyrosaurid.1"
"38","Alligator","Alligator.1"
"39","Nothosaurus_mirabilis_1","Nothosaurus_mirabilis_1.2"
"40","Plesiosaurus","Plesiosaurus.1"
"41","Caiman_yacare","Caiman_yacare.1"
"42","Spinosaurus_","Spinosaurus_.1"
"43","Spinosaurus_","Spinosaurus_.2"
"44","Spinosaurus_","Spinosaurus_.3"
"45","Spinosaurus_","Spinosaurus_.4"
"46","Spinosaurus_","Spinosaurus_.5"
"47","Spinosaurus_","Spinosaurus_.6"
"48","Spinosaurus_","Spinosaurus_.7"
"49","Spinosaurus_","Spinosaurus_.8"
"50","Spinosaurus_","Spinosaurus_.9"
"51","Spinosaurus_","Spinosaurus_.10"
"52","Spinosaurus_","Spinosaurus_.11"
"53","Suchomimus","Suchomimus.1"
"54","Suchomimus","Suchomimus.2"
"55","Suchomimus","Suchomimus.3"
"56","Baryonyx","Baryonyx.1"
"57","Baryonyx","Baryonyx.2"
"58","Baryonyx","Baryonyx.3"
 
* Phylo tree and the main data and strata files have been modified to include duplicated taxa before the scaled random trees are generated.
* Selected categorical labels column: diving.or.not
* diving.or.equal column is identical to Diving column.
* Regression excludes flying taxa.
* Diving labels that are present in regression: 0,2
* lambda (calculated from a random tree) = : 0.11
* index-name alignment check: OK
