Logfile for a session of program: bootstrap_binary.r
-----------------------------------------------------
INPUT:
workDir: C:/dino_nature/output/2023-11-07-D1\bs/set_297
Nbootstrapsets: 2000
phyloFDAfile: c:/dino_nature/code/phylo.fda.R
auxFile: c:/dino_nature/code/auxiliary.r
boneType: femur
regressionData.file: C:/dino_nature/output/2023-11-07-D1\bs/set_297/femur_set_297.csv
applyDataFilter: FALSE
addTreeTips: TRUE
Ntrees: 100
calculateTrees: TRUE
saveTrees: FALSE


OPERATIONAL CHECKS:
* Regression data contains multiple copies of some taxa (user added variants of existing test taxa 
   or replacements due to bootstrap are present) which are not in the phylo tree:
     original taxon,   duplicate   
"1","Monodelphis_domestica","Monodelphis_domestica.1"
"2","Atlantisia_rogersi","Atlantisia_rogersi.1"
"3","Monodelphis_domestica","Monodelphis_domestica.2"
"4","Rhinoceros_sondaicus","Rhinoceros_sondaicus.1"
"5","Rhinoceros_sondaicus","Rhinoceros_sondaicus.2"
"6","Lacerta_viridis","Lacerta_viridis.1"
"7","Hemiechinus_azurites","Hemiechinus_azurites.1"
"8","Brachyodus_onoideum","Brachyodus_onoideum.1"
"9","Strigiops_habroptilus","Strigiops_habroptilus.1"
"10","Loxodonta_africana","Loxodonta_africana.1"
"11","Rupicapra_rupicapra","Rupicapra_rupicapra.1"
"12","Capreolus_capreolus","Capreolus_capreolus.1"
"13","Hemiechinus_azurites","Hemiechinus_azurites.2"
"14","Myrmecophaga_tridactyla","Myrmecophaga_tridactyla.1"
"15","Alces_americanus","Alces_americanus.1"
"16","Dama_dama","Dama_dama.1"
"17","Paguma_larvata","Paguma_larvata.1"
"18","Nothosaurus_mirabilis_1","Nothosaurus_mirabilis_1.1"
"19","Psephoderma","Psephoderma.1"
"20","Anarosaurus","Anarosaurus.1"
"21","Anarosaurus","Anarosaurus.2"
"22","Phocanella_pumila","Phocanella_pumila.1"
"23","Nothosaurus_mirabilis_1","Nothosaurus_mirabilis_1.2"
"24","Lutra_vulgaris","Lutra_vulgaris.1"
"25","Remingtonocetus","Remingtonocetus.1"
"26","Leptophoca_proxima","Leptophoca_proxima.1"
"27","Hexaprotodon_garyam","Hexaprotodon_garyam.1"
"28","Hexaprotodon_garyam","Hexaprotodon_garyam.2"
"29","Rhaeticosaurus","Rhaeticosaurus.1"
"30","Ornithorhynchus_anatinus","Ornithorhynchus_anatinus.1"
"31","Hippopotamus_amphibius","Hippopotamus_amphibius.1"
"32","Hydromys_chrysogaster","Hydromys_chrysogaster.1"
"33","Alligator","Alligator.1"
"34","Ornithorhynchus_anatinus","Ornithorhynchus_anatinus.2"
"35","Dyrosaurid","Dyrosaurid.1"
"36","Cricosaurus","Cricosaurus.1"
"37","Remingtonocetus","Remingtonocetus.2"
"38","Nothosaurus_giganteus","Nothosaurus_giganteus.1"
"39","Spinosaurus_","Spinosaurus_.1"
"40","Spinosaurus_","Spinosaurus_.2"
"41","Spinosaurus_","Spinosaurus_.3"
"42","Spinosaurus_","Spinosaurus_.4"
"43","Spinosaurus_","Spinosaurus_.5"
"44","Spinosaurus_","Spinosaurus_.6"
"45","Spinosaurus_","Spinosaurus_.7"
"46","Spinosaurus_","Spinosaurus_.8"
"47","Spinosaurus_","Spinosaurus_.9"
"48","Spinosaurus_","Spinosaurus_.10"
"49","Spinosaurus_","Spinosaurus_.11"
"50","Suchomimus","Suchomimus.1"
"51","Suchomimus","Suchomimus.2"
"52","Suchomimus","Suchomimus.3"
"53","Baryonyx","Baryonyx.1"
"54","Baryonyx","Baryonyx.2"
"55","Baryonyx","Baryonyx.3"
 
* Phylo tree and the main data and strata files have been modified to include duplicated taxa before the scaled random trees are generated.
* Selected categorical labels column: diving.or.not
* diving.or.equal column is identical to Diving column.
* Regression excludes flying taxa.
* Diving labels that are present in regression: 0,2
* lambda (calculated from a random tree) = : 0.1
* index-name alignment check: OK
