Logfile for a session of program: bootstrap_binary.r
-----------------------------------------------------
INPUT:
workDir: C:/dino_nature/output/2023-11-07-D1\bs/set_762
Nbootstrapsets: 2000
phyloFDAfile: c:/dino_nature/code/phylo.fda.R
auxFile: c:/dino_nature/code/auxiliary.r
boneType: femur
regressionData.file: C:/dino_nature/output/2023-11-07-D1\bs/set_762/femur_set_762.csv
applyDataFilter: FALSE
addTreeTips: TRUE
Ntrees: 100
calculateTrees: TRUE
saveTrees: FALSE


OPERATIONAL CHECKS:
* Regression data contains multiple copies of some taxa (user added variants of existing test taxa 
   or replacements due to bootstrap are present) which are not in the phylo tree:
     original taxon,   duplicate   
"1","Bison_bonasus","Bison_bonasus.1"
"2","Rupicapra_rupicapra","Rupicapra_rupicapra.1"
"3","Capreolus_capreolus","Capreolus_capreolus.1"
"4","Rupicapra_rupicapra","Rupicapra_rupicapra.2"
"5","Cephalophus_silvicultor","Cephalophus_silvicultor.1"
"6","Paguma_larvata","Paguma_larvata.1"
"7","Cephalophus_silvicultor","Cephalophus_silvicultor.2"
"8","Procavia_capensis","Procavia_capensis.1"
"9","Diplomesodon_pulchellum","Diplomesodon_pulchellum.1"
"10","Rhynchocyon_petersi","Rhynchocyon_petersi.1"
"11","Pogona_viceps","Pogona_viceps.1"
"12","Cephalophus_silvicultor","Cephalophus_silvicultor.3"
"13","Bison_bonasus","Bison_bonasus.2"
"14","Rattus_rattus","Rattus_rattus.1"
"15","Meles_meles","Meles_meles.1"
"16","Rupicapra_rupicapra","Rupicapra_rupicapra.3"
"17","Rupicapra_rupicapra","Rupicapra_rupicapra.4"
"18","Myrmecophaga_tridactyla","Myrmecophaga_tridactyla.1"
"19","Remingtonocetus","Remingtonocetus.1"
"20","Plesiosaurus","Plesiosaurus.1"
"21","Plesiosaurus","Plesiosaurus.2"
"22","Remingtonocetus","Remingtonocetus.2"
"23","Remingtonocetus","Remingtonocetus.3"
"24","Palaeospheniscus","Palaeospheniscus.1"
"25","Phalacrocorax_harrisi","Phalacrocorax_harrisi.1"
"26","Lutra_vulgaris","Lutra_vulgaris.1"
"27","Spheniscus","Spheniscus.1"
"28","Spheniscus","Spheniscus.2"
"29","Metryorhynchus","Metryorhynchus.1"
"30","Hydromys_chrysogaster","Hydromys_chrysogaster.1"
"31","Anarosaurus","Anarosaurus.1"
"32","Nothosaurus_568","Nothosaurus_568.1"
"33","Micropotamogale_euwenzorii","Micropotamogale_euwenzorii.1"
"34","Otaria_byronia","Otaria_byronia.1"
"35","Indohyus","Indohyus.1"
"36","Psephoderma","Psephoderma.1"
"37","Spinosaurus_","Spinosaurus_.1"
"38","Spinosaurus_","Spinosaurus_.2"
"39","Spinosaurus_","Spinosaurus_.3"
"40","Spinosaurus_","Spinosaurus_.4"
"41","Spinosaurus_","Spinosaurus_.5"
"42","Spinosaurus_","Spinosaurus_.6"
"43","Spinosaurus_","Spinosaurus_.7"
"44","Spinosaurus_","Spinosaurus_.8"
"45","Spinosaurus_","Spinosaurus_.9"
"46","Spinosaurus_","Spinosaurus_.10"
"47","Spinosaurus_","Spinosaurus_.11"
"48","Suchomimus","Suchomimus.1"
"49","Suchomimus","Suchomimus.2"
"50","Suchomimus","Suchomimus.3"
"51","Baryonyx","Baryonyx.1"
"52","Baryonyx","Baryonyx.2"
"53","Baryonyx","Baryonyx.3"
 
* Phylo tree and the main data and strata files have been modified to include duplicated taxa before the scaled random trees are generated.
* Selected categorical labels column: diving.or.not
* diving.or.equal column is identical to Diving column.
* Regression excludes flying taxa.
* Diving labels that are present in regression: 0,2
* lambda (calculated from a random tree) = : 0.08
* index-name alignment check: OK
