Logfile for a session of program: bootstrap_binary.r
-----------------------------------------------------
INPUT:
workDir: C:/dino_nature/output/2023-11-07-D1\bs/set_954
Nbootstrapsets: 2000
phyloFDAfile: c:/dino_nature/code/phylo.fda.R
auxFile: c:/dino_nature/code/auxiliary.r
boneType: femur
regressionData.file: C:/dino_nature/output/2023-11-07-D1\bs/set_954/femur_set_954.csv
applyDataFilter: FALSE
addTreeTips: TRUE
Ntrees: 100
calculateTrees: TRUE
saveTrees: FALSE


OPERATIONAL CHECKS:
* Regression data contains multiple copies of some taxa (user added variants of existing test taxa 
   or replacements due to bootstrap are present) which are not in the phylo tree:
     original taxon,   duplicate   
"1","Nyctereutes_procyonoides","Nyctereutes_procyonoides.1"
"2","Alces_americanus","Alces_americanus.1"
"3","Syncerus_caffer","Syncerus_caffer.1"
"4","Dromaius_","Dromaius_.1"
"5","Ceratotherium_simum","Ceratotherium_simum.1"
"6","Dasyurus_maculatus","Dasyurus_maculatus.1"
"7","Nyctereutes_procyonoides","Nyctereutes_procyonoides.2"
"8","Rangifer_tarandus","Rangifer_tarandus.1"
"9","Rhinoceros_sondaicus","Rhinoceros_sondaicus.1"
"10","Ceratotherium_simum","Ceratotherium_simum.2"
"11","Raphus","Raphus.1"
"12","Elephas_maximus","Elephas_maximus.1"
"13","Monodelphis_domestica","Monodelphis_domestica.1"
"14","Mustela_nivalis","Mustela_nivalis.1"
"15","Capreolus_capreolus","Capreolus_capreolus.1"
"16","Syncerus_caffer","Syncerus_caffer.2"
"17","Sphenodon_punctatus","Sphenodon_punctatus.1"
"18","Pogona_viceps","Pogona_viceps.1"
"19","Capreolus_capreolus","Capreolus_capreolus.2"
"20","Phalacrocorax_harrisi","Phalacrocorax_harrisi.1"
"21","Ornithorhynchus_anatinus","Ornithorhynchus_anatinus.1"
"22","Ornithorhynchus_anatinus","Ornithorhynchus_anatinus.2"
"23","Protochampsidae","Protochampsidae.1"
"24","Placondontia_indet","Placondontia_indet.1"
"25","Metryorhynchus","Metryorhynchus.1"
"26","Remingtonocetus","Remingtonocetus.1"
"27","Placondontia_indet","Placondontia_indet.2"
"28","Lutra_vulgaris","Lutra_vulgaris.1"
"29","Desmostylus_hesperus","Desmostylus_hesperus.1"
"30","Desmostylus_hesperus","Desmostylus_hesperus.2"
"31","Protochampsidae","Protochampsidae.2"
"32","Nothosaurus_568","Nothosaurus_568.1"
"33","large_eocene_stem_penguin","large_eocene_stem_penguin.1"
"34","Rhaeticosaurus","Rhaeticosaurus.1"
"35","Otaria_byronia","Otaria_byronia.1"
"36","Cricosaurus","Cricosaurus.1"
"37","Caiman_yacare","Caiman_yacare.1"
"38","Anarosaurus","Anarosaurus.1"
"39","Desmostylus_hesperus","Desmostylus_hesperus.3"
"40","large_eocene_stem_penguin","large_eocene_stem_penguin.2"
"41","Remingtonocetus","Remingtonocetus.2"
"42","Ichtyosaurus_","Ichtyosaurus_.1"
"43","Dyrosaurid","Dyrosaurid.1"
"44","Spinosaurus_","Spinosaurus_.1"
"45","Spinosaurus_","Spinosaurus_.2"
"46","Spinosaurus_","Spinosaurus_.3"
"47","Spinosaurus_","Spinosaurus_.4"
"48","Spinosaurus_","Spinosaurus_.5"
"49","Spinosaurus_","Spinosaurus_.6"
"50","Spinosaurus_","Spinosaurus_.7"
"51","Spinosaurus_","Spinosaurus_.8"
"52","Spinosaurus_","Spinosaurus_.9"
"53","Spinosaurus_","Spinosaurus_.10"
"54","Spinosaurus_","Spinosaurus_.11"
"55","Suchomimus","Suchomimus.1"
"56","Suchomimus","Suchomimus.2"
"57","Suchomimus","Suchomimus.3"
"58","Baryonyx","Baryonyx.1"
"59","Baryonyx","Baryonyx.2"
"60","Baryonyx","Baryonyx.3"
 
* Phylo tree and the main data and strata files have been modified to include duplicated taxa before the scaled random trees are generated.
* Selected categorical labels column: diving.or.not
* diving.or.equal column is identical to Diving column.
* Regression excludes flying taxa.
* Diving labels that are present in regression: 0,2
* lambda (calculated from a random tree) = : 0.13
* index-name alignment check: OK
