Logfile for a session of program: bootstrap_binary.r
-----------------------------------------------------
INPUT:
workDir: C:/dino_nature/output/2023-11-07-D1\bs/set_255
Nbootstrapsets: 2000
phyloFDAfile: c:/dino_nature/code/phylo.fda.R
auxFile: c:/dino_nature/code/auxiliary.r
boneType: femur
regressionData.file: C:/dino_nature/output/2023-11-07-D1\bs/set_255/femur_set_255.csv
applyDataFilter: FALSE
addTreeTips: TRUE
Ntrees: 100
calculateTrees: TRUE
saveTrees: FALSE


OPERATIONAL CHECKS:
* Regression data contains multiple copies of some taxa (user added variants of existing test taxa 
   or replacements due to bootstrap are present) which are not in the phylo tree:
     original taxon,   duplicate   
"1","Rangifer_tarandus","Rangifer_tarandus.1"
"2","Apteryx_australis","Apteryx_australis.1"
"3","Rangifer_tarandus","Rangifer_tarandus.2"
"4","Lama_guanicoe","Lama_guanicoe.1"
"5","Brachyodus_onoideum","Brachyodus_onoideum.1"
"6","Felis_felis","Felis_felis.1"
"7","Okapia_johnstoni","Okapia_johnstoni.1"
"8","Dama_dama","Dama_dama.1"
"9","Uncia_uncia","Uncia_uncia.1"
"10","Dama_dama","Dama_dama.2"
"11","Giraffa_camelopardalis","Giraffa_camelopardalis.1"
"12","Apteryx_owenii_","Apteryx_owenii_.1"
"13","Dicerorhinus_sumatrensis","Dicerorhinus_sumatrensis.1"
"14","Capreolus_capreolus","Capreolus_capreolus.1"
"15","Microgale_thomasi","Microgale_thomasi.1"
"16","Apteryx_australis","Apteryx_australis.2"
"17","Felis_felis","Felis_felis.2"
"18","Uncia_uncia","Uncia_uncia.2"
"19","Rangifer_tarandus","Rangifer_tarandus.3"
"20","Myrmecophaga_tridactyla","Myrmecophaga_tridactyla.1"
"21","Procavia_capensis","Procavia_capensis.1"
"22","Okapia_johnstoni","Okapia_johnstoni.2"
"23","Caiman_yacare","Caiman_yacare.1"
"24","Maiacetus","Maiacetus.1"
"25","Psephoderma","Psephoderma.1"
"26","Rodhocetus","Rodhocetus.1"
"27","Pistosaurus","Pistosaurus.1"
"28","Nothosaurus_mirabilis","Nothosaurus_mirabilis.1"
"29","Pistosaurus","Pistosaurus.2"
"30","Chapsosaurus_","Chapsosaurus_.1"
"31","Caiman_yacare","Caiman_yacare.2"
"32","Caiman_yacare","Caiman_yacare.3"
"33","Nothosaurus_mirabilis","Nothosaurus_mirabilis.2"
"34","Nothosaurus_150","Nothosaurus_150.1"
"35","Chapsosaurus_","Chapsosaurus_.2"
"36","Maiacetus","Maiacetus.2"
"37","Nanophoca_vitulinoides","Nanophoca_vitulinoides.1"
"38","Micropotamogale_euwenzorii","Micropotamogale_euwenzorii.1"
"39","Maiacetus","Maiacetus.3"
"40","Palaeospheniscus","Palaeospheniscus.1"
"41","Nanophoca_vitulinoides","Nanophoca_vitulinoides.2"
"42","Remingtonocetus","Remingtonocetus.1"
"43","Micropotamogale_euwenzorii","Micropotamogale_euwenzorii.2"
"44","large_eocene_stem_penguin","large_eocene_stem_penguin.1"
"45","Hydromys_chrysogaster","Hydromys_chrysogaster.1"
"46","Remingtonocetus","Remingtonocetus.2"
"47","Nothosaurus_mirabilis","Nothosaurus_mirabilis.3"
"48","Simosaurus_1","Simosaurus_1.1"
"49","Spinosaurus_","Spinosaurus_.1"
"50","Spinosaurus_","Spinosaurus_.2"
"51","Spinosaurus_","Spinosaurus_.3"
"52","Spinosaurus_","Spinosaurus_.4"
"53","Spinosaurus_","Spinosaurus_.5"
"54","Spinosaurus_","Spinosaurus_.6"
"55","Spinosaurus_","Spinosaurus_.7"
"56","Spinosaurus_","Spinosaurus_.8"
"57","Spinosaurus_","Spinosaurus_.9"
"58","Spinosaurus_","Spinosaurus_.10"
"59","Spinosaurus_","Spinosaurus_.11"
"60","Suchomimus","Suchomimus.1"
"61","Suchomimus","Suchomimus.2"
"62","Suchomimus","Suchomimus.3"
"63","Baryonyx","Baryonyx.1"
"64","Baryonyx","Baryonyx.2"
"65","Baryonyx","Baryonyx.3"
 
* Phylo tree and the main data and strata files have been modified to include duplicated taxa before the scaled random trees are generated.
* Selected categorical labels column: diving.or.not
* diving.or.equal column is identical to Diving column.
* Regression excludes flying taxa.
* Diving labels that are present in regression: 0,2
* lambda (calculated from a random tree) = : 0.07
* index-name alignment check: OK
