Logfile for a session of program: bootstrap_binary.r
-----------------------------------------------------
INPUT:
workDir: C:/dino_nature/output/2023-11-07-D1\bs/set_778
Nbootstrapsets: 2000
phyloFDAfile: c:/dino_nature/code/phylo.fda.R
auxFile: c:/dino_nature/code/auxiliary.r
boneType: femur
regressionData.file: C:/dino_nature/output/2023-11-07-D1\bs/set_778/femur_set_778.csv
applyDataFilter: FALSE
addTreeTips: TRUE
Ntrees: 100
calculateTrees: TRUE
saveTrees: FALSE


OPERATIONAL CHECKS:
* Regression data contains multiple copies of some taxa (user added variants of existing test taxa 
   or replacements due to bootstrap are present) which are not in the phylo tree:
     original taxon,   duplicate   
"1","Dromaius_","Dromaius_.1"
"2","Okapia_johnstoni","Okapia_johnstoni.1"
"3","Rhynchocyon_petersi","Rhynchocyon_petersi.1"
"4","Apteryx_owenii_","Apteryx_owenii_.1"
"5","Rhynchocyon_petersi","Rhynchocyon_petersi.2"
"6","Monodelphis_domestica","Monodelphis_domestica.1"
"7","Xenicus_giliventris","Xenicus_giliventris.1"
"8","Ceratotherium_simum","Ceratotherium_simum.1"
"9","Pogona_viceps","Pogona_viceps.1"
"10","Strigiops_habroptilus","Strigiops_habroptilus.1"
"11","Pogona_viceps","Pogona_viceps.2"
"12","Monodelphis_domestica","Monodelphis_domestica.2"
"13","Alces_americanus","Alces_americanus.1"
"14","Ceratotherium_simum","Ceratotherium_simum.2"
"15","Pogona_viceps","Pogona_viceps.3"
"16","Alces_americanus","Alces_americanus.2"
"17","Pogona_viceps","Pogona_viceps.4"
"18","Porphyrio_hochstetteri","Porphyrio_hochstetteri.1"
"19","Rhinoceros_sondaicus","Rhinoceros_sondaicus.1"
"20","Atlantisia_rogersi","Atlantisia_rogersi.1"
"21","Megaloceros_sp","Megaloceros_sp.1"
"22","Alces_americanus","Alces_americanus.3"
"23","Atlantisia_rogersi","Atlantisia_rogersi.2"
"24","Nothosaurus_102","Nothosaurus_102.1"
"25","Neusticosaurus","Neusticosaurus.1"
"26","Chironectes_minimus","Chironectes_minimus.1"
"27","Rodhocetus","Rodhocetus.1"
"28","Leptophoca_proxima","Leptophoca_proxima.1"
"29","Tapirus_terrestris","Tapirus_terrestris.1"
"30","Tapirus_terrestris","Tapirus_terrestris.2"
"31","Champsosaurus","Champsosaurus.1"
"32","Alligator","Alligator.1"
"33","Micropotamogale_euwenzorii","Micropotamogale_euwenzorii.1"
"34","Phocanella_pumila","Phocanella_pumila.1"
"35","Nanophoca_vitulinoides","Nanophoca_vitulinoides.1"
"36","Remingtonocetus","Remingtonocetus.1"
"37","Rhaeticosaurus","Rhaeticosaurus.1"
"38","Rodhocetus","Rodhocetus.2"
"39","Champsosaurus","Champsosaurus.2"
"40","Caiman_yacare","Caiman_yacare.1"
"41","Nothosaurus_giganteus","Nothosaurus_giganteus.1"
"42","Simosaurus_1","Simosaurus_1.1"
"43","Simosaurus","Simosaurus.1"
"44","Simosaurus","Simosaurus.2"
"45","Caiman_yacare","Caiman_yacare.2"
"46","Nanophoca_vitulinoides","Nanophoca_vitulinoides.2"
"47","Spinosaurus_","Spinosaurus_.1"
"48","Spinosaurus_","Spinosaurus_.2"
"49","Spinosaurus_","Spinosaurus_.3"
"50","Spinosaurus_","Spinosaurus_.4"
"51","Spinosaurus_","Spinosaurus_.5"
"52","Spinosaurus_","Spinosaurus_.6"
"53","Spinosaurus_","Spinosaurus_.7"
"54","Spinosaurus_","Spinosaurus_.8"
"55","Spinosaurus_","Spinosaurus_.9"
"56","Spinosaurus_","Spinosaurus_.10"
"57","Spinosaurus_","Spinosaurus_.11"
"58","Suchomimus","Suchomimus.1"
"59","Suchomimus","Suchomimus.2"
"60","Suchomimus","Suchomimus.3"
"61","Baryonyx","Baryonyx.1"
"62","Baryonyx","Baryonyx.2"
"63","Baryonyx","Baryonyx.3"
 
* Phylo tree and the main data and strata files have been modified to include duplicated taxa before the scaled random trees are generated.
* Selected categorical labels column: diving.or.not
* diving.or.equal column is identical to Diving column.
* Regression excludes flying taxa.
* Diving labels that are present in regression: 0,2
* lambda (calculated from a random tree) = : 0.08
* index-name alignment check: OK
