Logfile for a session of program: bootstrap_binary.r
-----------------------------------------------------
INPUT:
workDir: C:/dino_nature/output/2023-11-07-D1\bs/set_1614
Nbootstrapsets: 2000
phyloFDAfile: c:/dino_nature/code/phylo.fda.R
auxFile: c:/dino_nature/code/auxiliary.r
boneType: femur
regressionData.file: C:/dino_nature/output/2023-11-07-D1\bs/set_1614/femur_set_1614.csv
applyDataFilter: FALSE
addTreeTips: TRUE
Ntrees: 100
calculateTrees: TRUE
saveTrees: FALSE


OPERATIONAL CHECKS:
* Regression data contains multiple copies of some taxa (user added variants of existing test taxa 
   or replacements due to bootstrap are present) which are not in the phylo tree:
     original taxon,   duplicate   
"1","Cephalophus_silvicultor","Cephalophus_silvicultor.1"
"2","Dasyurus_maculatus","Dasyurus_maculatus.1"
"3","Tribonyx_mortieri","Tribonyx_mortieri.1"
"4","Tenrec_ecaudatus","Tenrec_ecaudatus.1"
"5","Tenrec_ecaudatus","Tenrec_ecaudatus.2"
"6","Rattus_rattus","Rattus_rattus.1"
"7","Procyon_lotor","Procyon_lotor.1"
"8","Tribonyx_mortieri","Tribonyx_mortieri.2"
"9","Atlantisia_rogersi","Atlantisia_rogersi.1"
"10","Uncia_uncia","Uncia_uncia.1"
"11","Brachyodus_onoideum","Brachyodus_onoideum.1"
"12","Elomeryx_borbonicus_","Elomeryx_borbonicus_.1"
"13","Pogona_viceps","Pogona_viceps.1"
"14","Brachyodus_onoideum","Brachyodus_onoideum.2"
"15","Syncerus_caffer","Syncerus_caffer.1"
"16","Rattus_rattus","Rattus_rattus.2"
"17","Megaloceros_sp","Megaloceros_sp.1"
"18","Rangifer_tarandus","Rangifer_tarandus.1"
"19","Felis_felis","Felis_felis.1"
"20","Mus_musculus","Mus_musculus.1"
"21","Tenrec_ecaudatus","Tenrec_ecaudatus.3"
"22","Procyon_lotor","Procyon_lotor.2"
"23","Pistosaurus","Pistosaurus.1"
"24","Pistosaurus","Pistosaurus.2"
"25","large_eocene_stem_penguin","large_eocene_stem_penguin.1"
"26","Nothosaurus_mirabilis_1","Nothosaurus_mirabilis_1.1"
"27","Aptenodytes______","Aptenodytes______.1"
"28","Basilosaurus","Basilosaurus.1"
"29","Phocanella_pumila","Phocanella_pumila.1"
"30","Remingtonocetus","Remingtonocetus.1"
"31","Chapsosaurus_","Chapsosaurus_.1"
"32","Nothosaurus_102","Nothosaurus_102.1"
"33","Choeropsis_liberiensis","Choeropsis_liberiensis.1"
"34","Cryptoclidus","Cryptoclidus.1"
"35","Basilosaurus","Basilosaurus.2"
"36","Ichtyosaurus_","Ichtyosaurus_.1"
"37","Nothosaurus_mirabilis","Nothosaurus_mirabilis.1"
"38","Choeropsis_liberiensis","Choeropsis_liberiensis.2"
"39","Desmostylus_hesperus","Desmostylus_hesperus.1"
"40","Otaria_byronia","Otaria_byronia.1"
"41","Ichtyosaurus_","Ichtyosaurus_.2"
"42","Choeropsis_liberiensis","Choeropsis_liberiensis.3"
"43","Spinosaurus_","Spinosaurus_.1"
"44","Spinosaurus_","Spinosaurus_.2"
"45","Spinosaurus_","Spinosaurus_.3"
"46","Spinosaurus_","Spinosaurus_.4"
"47","Spinosaurus_","Spinosaurus_.5"
"48","Spinosaurus_","Spinosaurus_.6"
"49","Spinosaurus_","Spinosaurus_.7"
"50","Spinosaurus_","Spinosaurus_.8"
"51","Spinosaurus_","Spinosaurus_.9"
"52","Spinosaurus_","Spinosaurus_.10"
"53","Spinosaurus_","Spinosaurus_.11"
"54","Suchomimus","Suchomimus.1"
"55","Suchomimus","Suchomimus.2"
"56","Suchomimus","Suchomimus.3"
"57","Baryonyx","Baryonyx.1"
"58","Baryonyx","Baryonyx.2"
"59","Baryonyx","Baryonyx.3"
 
* Phylo tree and the main data and strata files have been modified to include duplicated taxa before the scaled random trees are generated.
* Selected categorical labels column: diving.or.not
* diving.or.equal column is identical to Diving column.
* Regression excludes flying taxa.
* Diving labels that are present in regression: 0,2
* lambda (calculated from a random tree) = : 0.09
* index-name alignment check: OK
