Logfile for a session of program: bootstrap_binary.r
-----------------------------------------------------
INPUT:
workDir: C:/dino_nature/output/2023-11-07-D1\bs/set_497
Nbootstrapsets: 2000
phyloFDAfile: c:/dino_nature/code/phylo.fda.R
auxFile: c:/dino_nature/code/auxiliary.r
boneType: femur
regressionData.file: C:/dino_nature/output/2023-11-07-D1\bs/set_497/femur_set_497.csv
applyDataFilter: FALSE
addTreeTips: TRUE
Ntrees: 100
calculateTrees: TRUE
saveTrees: FALSE


OPERATIONAL CHECKS:
* Regression data contains multiple copies of some taxa (user added variants of existing test taxa 
   or replacements due to bootstrap are present) which are not in the phylo tree:
     original taxon,   duplicate   
"1","Euroscaptor_micrura","Euroscaptor_micrura.1"
"2","Rynochetus_jubatus","Rynochetus_jubatus.1"
"3","Alces_americanus","Alces_americanus.1"
"4","Atlantisia_rogersi","Atlantisia_rogersi.1"
"5","Felis_felis","Felis_felis.1"
"6","Apteryx_owenii_","Apteryx_owenii_.1"
"7","Felis_felis","Felis_felis.2"
"8","Dromaius_","Dromaius_.1"
"9","Bison_bonasus","Bison_bonasus.1"
"10","Rupicapra_rupicapra","Rupicapra_rupicapra.1"
"11","Euroscaptor_micrura","Euroscaptor_micrura.2"
"12","Mammuthus_sp","Mammuthus_sp.1"
"13","Loxodonta_africana","Loxodonta_africana.1"
"14","Atlantisia_rogersi","Atlantisia_rogersi.2"
"15","Mammuthus_sp","Mammuthus_sp.2"
"16","Procyon_lotor","Procyon_lotor.1"
"17","Lama_guanicoe","Lama_guanicoe.1"
"18","Ceratotherium_simum","Ceratotherium_simum.1"
"19","Raphus","Raphus.1"
"20","Callophoca_obscura","Callophoca_obscura.1"
"21","Nothosaurus_150","Nothosaurus_150.1"
"22","Nothosaurus_mirabilis","Nothosaurus_mirabilis.1"
"23","Nothosaurus_mirabilis","Nothosaurus_mirabilis.2"
"24","Cricosaurus","Cricosaurus.1"
"25","Palaeospheniscus","Palaeospheniscus.1"
"26","Hexaprotodon_garyam","Hexaprotodon_garyam.1"
"27","Chapsosaurus_","Chapsosaurus_.1"
"28","Champsosaurus","Champsosaurus.1"
"29","Chapsosaurus_","Chapsosaurus_.2"
"30","Nothosaurus_150","Nothosaurus_150.2"
"31","Serpianosaurus","Serpianosaurus.1"
"32","Cryptoclidus","Cryptoclidus.1"
"33","large_eocene_stem_penguin","large_eocene_stem_penguin.1"
"34","Champsosaurus","Champsosaurus.2"
"35","Protochampsidae","Protochampsidae.1"
"36","Plesiosaurus","Plesiosaurus.1"
"37","Nothosaurus_150","Nothosaurus_150.3"
"38","Ichtyosaur_sp","Ichtyosaur_sp.1"
"39","Protochampsidae","Protochampsidae.2"
"40","Champsosaurus","Champsosaurus.3"
"41","Spinosaurus_","Spinosaurus_.1"
"42","Spinosaurus_","Spinosaurus_.2"
"43","Spinosaurus_","Spinosaurus_.3"
"44","Spinosaurus_","Spinosaurus_.4"
"45","Spinosaurus_","Spinosaurus_.5"
"46","Spinosaurus_","Spinosaurus_.6"
"47","Spinosaurus_","Spinosaurus_.7"
"48","Spinosaurus_","Spinosaurus_.8"
"49","Spinosaurus_","Spinosaurus_.9"
"50","Spinosaurus_","Spinosaurus_.10"
"51","Spinosaurus_","Spinosaurus_.11"
"52","Suchomimus","Suchomimus.1"
"53","Suchomimus","Suchomimus.2"
"54","Suchomimus","Suchomimus.3"
"55","Baryonyx","Baryonyx.1"
"56","Baryonyx","Baryonyx.2"
"57","Baryonyx","Baryonyx.3"
 
* Phylo tree and the main data and strata files have been modified to include duplicated taxa before the scaled random trees are generated.
* Selected categorical labels column: diving.or.not
* diving.or.equal column is identical to Diving column.
* Regression excludes flying taxa.
* Diving labels that are present in regression: 0,2
* lambda (calculated from a random tree) = : 0.14
* index-name alignment check: OK
