Logfile for a session of program: bootstrap_binary.r
-----------------------------------------------------
INPUT:
workDir: C:/dino_nature/output/2023-11-07-D1\bs/set_324
Nbootstrapsets: 2000
phyloFDAfile: c:/dino_nature/code/phylo.fda.R
auxFile: c:/dino_nature/code/auxiliary.r
boneType: femur
regressionData.file: C:/dino_nature/output/2023-11-07-D1\bs/set_324/femur_set_324.csv
applyDataFilter: FALSE
addTreeTips: TRUE
Ntrees: 100
calculateTrees: TRUE
saveTrees: FALSE


OPERATIONAL CHECKS:
* Regression data contains multiple copies of some taxa (user added variants of existing test taxa 
   or replacements due to bootstrap are present) which are not in the phylo tree:
     original taxon,   duplicate   
"1","Elomeryx_borbonicus_","Elomeryx_borbonicus_.1"
"2","Hemiechinus_azurites","Hemiechinus_azurites.1"
"3","Dicerorhinus_sumatrensis","Dicerorhinus_sumatrensis.1"
"4","Monodelphis_domestica","Monodelphis_domestica.1"
"5","Rattus_rattus","Rattus_rattus.1"
"6","Dicerorhinus_sumatrensis","Dicerorhinus_sumatrensis.2"
"7","Mustela_nivalis","Mustela_nivalis.1"
"8","Mus_musculus","Mus_musculus.1"
"9","Rattus_rattus","Rattus_rattus.2"
"10","Dicerorhinus_sumatrensis","Dicerorhinus_sumatrensis.3"
"11","Xenicus_giliventris","Xenicus_giliventris.1"
"12","Taxidea_taxus","Taxidea_taxus.1"
"13","Taxidea_taxus","Taxidea_taxus.2"
"14","Tenrec_ecaudatus","Tenrec_ecaudatus.1"
"15","Mammuthus_sp","Mammuthus_sp.1"
"16","Dicerorhinus_sumatrensis","Dicerorhinus_sumatrensis.4"
"17","Apteryx_owenii_","Apteryx_owenii_.1"
"18","Ichtyosaurus_","Ichtyosaurus_.1"
"19","Desmana_moschata","Desmana_moschata.1"
"20","Maiacetus","Maiacetus.1"
"21","Alligator","Alligator.1"
"22","Leptophoca_proxima","Leptophoca_proxima.1"
"23","Nothosaurus_mirabilis_1","Nothosaurus_mirabilis_1.1"
"24","Pistosaurus","Pistosaurus.1"
"25","Leptophoca_proxima","Leptophoca_proxima.2"
"26","Pistosaurus","Pistosaurus.2"
"27","Maiacetus","Maiacetus.2"
"28","Leptophoca_proxima","Leptophoca_proxima.3"
"29","Simosaurus_1","Simosaurus_1.1"
"30","Placodontia_indet_1","Placodontia_indet_1.1"
"31","Protochampsidae","Protochampsidae.1"
"32","Psephoderma","Psephoderma.1"
"33","Psephoderma","Psephoderma.2"
"34","Phocanella_pumila","Phocanella_pumila.1"
"35","Maiacetus","Maiacetus.3"
"36","Callophoca_obscura","Callophoca_obscura.1"
"37","Dyrosaurid","Dyrosaurid.1"
"38","Ornithorhynchus_anatinus","Ornithorhynchus_anatinus.1"
"39","Serpianosaurus","Serpianosaurus.1"
"40","Nanophoca_vitulinoides","Nanophoca_vitulinoides.1"
"41","Spinosaurus_","Spinosaurus_.1"
"42","Spinosaurus_","Spinosaurus_.2"
"43","Spinosaurus_","Spinosaurus_.3"
"44","Spinosaurus_","Spinosaurus_.4"
"45","Spinosaurus_","Spinosaurus_.5"
"46","Spinosaurus_","Spinosaurus_.6"
"47","Spinosaurus_","Spinosaurus_.7"
"48","Spinosaurus_","Spinosaurus_.8"
"49","Spinosaurus_","Spinosaurus_.9"
"50","Spinosaurus_","Spinosaurus_.10"
"51","Spinosaurus_","Spinosaurus_.11"
"52","Suchomimus","Suchomimus.1"
"53","Suchomimus","Suchomimus.2"
"54","Suchomimus","Suchomimus.3"
"55","Baryonyx","Baryonyx.1"
"56","Baryonyx","Baryonyx.2"
"57","Baryonyx","Baryonyx.3"
 
* Phylo tree and the main data and strata files have been modified to include duplicated taxa before the scaled random trees are generated.
* Selected categorical labels column: diving.or.not
* diving.or.equal column is identical to Diving column.
* Regression excludes flying taxa.
* Diving labels that are present in regression: 0,2
* lambda (calculated from a random tree) = : 0.14
* index-name alignment check: OK
