Logfile for a session of program: bootstrap_binary.r
-----------------------------------------------------
INPUT:
workDir: C:/dino_nature/output/2023-11-07-D1\bs/set_1064
Nbootstrapsets: 2000
phyloFDAfile: c:/dino_nature/code/phylo.fda.R
auxFile: c:/dino_nature/code/auxiliary.r
boneType: femur
regressionData.file: C:/dino_nature/output/2023-11-07-D1\bs/set_1064/femur_set_1064.csv
applyDataFilter: FALSE
addTreeTips: TRUE
Ntrees: 100
calculateTrees: TRUE
saveTrees: FALSE


OPERATIONAL CHECKS:
* Regression data contains multiple copies of some taxa (user added variants of existing test taxa 
   or replacements due to bootstrap are present) which are not in the phylo tree:
     original taxon,   duplicate   
"1","Nyctereutes_procyonoides","Nyctereutes_procyonoides.1"
"2","Caloenas_nicobarica","Caloenas_nicobarica.1"
"3","Caloenas_nicobarica","Caloenas_nicobarica.2"
"4","Mus_musculus","Mus_musculus.1"
"5","Procyon_lotor","Procyon_lotor.1"
"6","Bison_bonasus","Bison_bonasus.1"
"7","Vulpes_vulpes","Vulpes_vulpes.1"
"8","Procyon_lotor","Procyon_lotor.2"
"9","Porphyrio_hochstetteri","Porphyrio_hochstetteri.1"
"10","Dasyurus_maculatus","Dasyurus_maculatus.1"
"11","Bison_bonasus","Bison_bonasus.2"
"12","Mus_musculus","Mus_musculus.2"
"13","Procavia_capensis","Procavia_capensis.1"
"14","Raphus","Raphus.1"
"15","Okapia_johnstoni","Okapia_johnstoni.1"
"16","Caloenas_nicobarica","Caloenas_nicobarica.3"
"17","Bison_bonasus","Bison_bonasus.3"
"18","Pogona_viceps","Pogona_viceps.1"
"19","Phocanella_pumila","Phocanella_pumila.1"
"20","Nothosaurus_150","Nothosaurus_150.1"
"21","Callophoca_obscura","Callophoca_obscura.1"
"22","Palaeospheniscus","Palaeospheniscus.1"
"23","Remingtonocetus","Remingtonocetus.1"
"24","Remingtonocetus","Remingtonocetus.2"
"25","Choeropsis_liberiensis","Choeropsis_liberiensis.1"
"26","Metryorhynchus","Metryorhynchus.1"
"27","Phocanella_pumila","Phocanella_pumila.2"
"28","Nothosaurus_mirabilis_1","Nothosaurus_mirabilis_1.1"
"29","Remingtonocetus","Remingtonocetus.3"
"30","Rodhocetus","Rodhocetus.1"
"31","Leptophoca_proxima","Leptophoca_proxima.1"
"32","Simosaurus","Simosaurus.1"
"33","Micropotamogale_euwenzorii","Micropotamogale_euwenzorii.1"
"34","Desmostylus_hesperus","Desmostylus_hesperus.1"
"35","Nothosaurus_568","Nothosaurus_568.1"
"36","Ichtyosaur_sp","Ichtyosaur_sp.1"
"37","Nothosaurus_568","Nothosaurus_568.2"
"38","Micropotamogale_euwenzorii","Micropotamogale_euwenzorii.2"
"39","Cricosaurus","Cricosaurus.1"
"40","Rhaeticosaurus","Rhaeticosaurus.1"
"41","Anarosaurus","Anarosaurus.1"
"42","Otaria_byronia","Otaria_byronia.1"
"43","Spinosaurus_","Spinosaurus_.1"
"44","Spinosaurus_","Spinosaurus_.2"
"45","Spinosaurus_","Spinosaurus_.3"
"46","Spinosaurus_","Spinosaurus_.4"
"47","Spinosaurus_","Spinosaurus_.5"
"48","Spinosaurus_","Spinosaurus_.6"
"49","Spinosaurus_","Spinosaurus_.7"
"50","Spinosaurus_","Spinosaurus_.8"
"51","Spinosaurus_","Spinosaurus_.9"
"52","Spinosaurus_","Spinosaurus_.10"
"53","Spinosaurus_","Spinosaurus_.11"
"54","Suchomimus","Suchomimus.1"
"55","Suchomimus","Suchomimus.2"
"56","Suchomimus","Suchomimus.3"
"57","Baryonyx","Baryonyx.1"
"58","Baryonyx","Baryonyx.2"
"59","Baryonyx","Baryonyx.3"
 
* Phylo tree and the main data and strata files have been modified to include duplicated taxa before the scaled random trees are generated.
* Selected categorical labels column: diving.or.not
* diving.or.equal column is identical to Diving column.
* Regression excludes flying taxa.
* Diving labels that are present in regression: 0,2
* lambda (calculated from a random tree) = : 0.04
* index-name alignment check: OK
