Logfile for a session of program: bootstrap_binary.r
-----------------------------------------------------
INPUT:
workDir: C:/dino_nature/output/2023-11-07-D1\bs/set_1462
Nbootstrapsets: 2000
phyloFDAfile: c:/dino_nature/code/phylo.fda.R
auxFile: c:/dino_nature/code/auxiliary.r
boneType: femur
regressionData.file: C:/dino_nature/output/2023-11-07-D1\bs/set_1462/femur_set_1462.csv
applyDataFilter: FALSE
addTreeTips: TRUE
Ntrees: 100
calculateTrees: TRUE
saveTrees: FALSE


OPERATIONAL CHECKS:
* Regression data contains multiple copies of some taxa (user added variants of existing test taxa 
   or replacements due to bootstrap are present) which are not in the phylo tree:
     original taxon,   duplicate   
"1","Procavia_capensis","Procavia_capensis.1"
"2","Xenicus_giliventris","Xenicus_giliventris.1"
"3","Myrmecophaga_tridactyla","Myrmecophaga_tridactyla.1"
"4","Monodelphis_domestica","Monodelphis_domestica.1"
"5","Microgale_thomasi","Microgale_thomasi.1"
"6","Taxidea_taxus","Taxidea_taxus.1"
"7","Tamandua_tetradactyla","Tamandua_tetradactyla.1"
"8","Myrmecophaga_tridactyla","Myrmecophaga_tridactyla.2"
"9","Atlantisia_rogersi","Atlantisia_rogersi.1"
"10","Atlantisia_rogersi","Atlantisia_rogersi.2"
"11","Rhynchocyon_petersi","Rhynchocyon_petersi.1"
"12","Strigiops_habroptilus","Strigiops_habroptilus.1"
"13","Microgale_thomasi","Microgale_thomasi.2"
"14","Cephalophus_silvicultor","Cephalophus_silvicultor.1"
"15","Capreolus_capreolus","Capreolus_capreolus.1"
"16","Hemiechinus_azurites","Hemiechinus_azurites.1"
"17","Alces_americanus","Alces_americanus.1"
"18","Xenicus_giliventris","Xenicus_giliventris.2"
"19","Phalacrocorax_harrisi","Phalacrocorax_harrisi.1"
"20","large_eocene_stem_penguin","large_eocene_stem_penguin.1"
"21","Aptenodytes______","Aptenodytes______.1"
"22","Rodhocetus","Rodhocetus.1"
"23","Nothosaurus_102","Nothosaurus_102.1"
"24","Indohyus","Indohyus.1"
"25","Nothosaurus_mirabilis","Nothosaurus_mirabilis.1"
"26","Callophoca_obscura","Callophoca_obscura.1"
"27","large_eocene_stem_penguin","large_eocene_stem_penguin.2"
"28","Nothosaurus_mirabilis","Nothosaurus_mirabilis.2"
"29","large_eocene_stem_penguin","large_eocene_stem_penguin.3"
"30","Cryptoclidus","Cryptoclidus.1"
"31","Hydromys_chrysogaster","Hydromys_chrysogaster.1"
"32","Simosaurus","Simosaurus.1"
"33","Phocanella_pumila","Phocanella_pumila.1"
"34","Rodhocetus","Rodhocetus.2"
"35","Tapirus_terrestris","Tapirus_terrestris.1"
"36","Nothosaurus_102","Nothosaurus_102.2"
"37","Basilosaurus","Basilosaurus.1"
"38","Tapirus_terrestris","Tapirus_terrestris.2"
"39","Nanophoca_vitulinoides","Nanophoca_vitulinoides.1"
"40","Spinosaurus_","Spinosaurus_.1"
"41","Spinosaurus_","Spinosaurus_.2"
"42","Spinosaurus_","Spinosaurus_.3"
"43","Spinosaurus_","Spinosaurus_.4"
"44","Spinosaurus_","Spinosaurus_.5"
"45","Spinosaurus_","Spinosaurus_.6"
"46","Spinosaurus_","Spinosaurus_.7"
"47","Spinosaurus_","Spinosaurus_.8"
"48","Spinosaurus_","Spinosaurus_.9"
"49","Spinosaurus_","Spinosaurus_.10"
"50","Spinosaurus_","Spinosaurus_.11"
"51","Suchomimus","Suchomimus.1"
"52","Suchomimus","Suchomimus.2"
"53","Suchomimus","Suchomimus.3"
"54","Baryonyx","Baryonyx.1"
"55","Baryonyx","Baryonyx.2"
"56","Baryonyx","Baryonyx.3"
 
* Phylo tree and the main data and strata files have been modified to include duplicated taxa before the scaled random trees are generated.
* Selected categorical labels column: diving.or.not
* diving.or.equal column is identical to Diving column.
* Regression excludes flying taxa.
* Diving labels that are present in regression: 0,2
* lambda (calculated from a random tree) = : 0.09
* index-name alignment check: OK
