Logfile for a session of program: bootstrap_binary.r
-----------------------------------------------------
INPUT:
workDir: C:/dino_nature/output/2023-11-07-D1\bs/set_1131
Nbootstrapsets: 2000
phyloFDAfile: c:/dino_nature/code/phylo.fda.R
auxFile: c:/dino_nature/code/auxiliary.r
boneType: femur
regressionData.file: C:/dino_nature/output/2023-11-07-D1\bs/set_1131/femur_set_1131.csv
applyDataFilter: FALSE
addTreeTips: TRUE
Ntrees: 100
calculateTrees: TRUE
saveTrees: FALSE


OPERATIONAL CHECKS:
* Regression data contains multiple copies of some taxa (user added variants of existing test taxa 
   or replacements due to bootstrap are present) which are not in the phylo tree:
     original taxon,   duplicate   
"1","Raphus","Raphus.1"
"2","Diplomesodon_pulchellum","Diplomesodon_pulchellum.1"
"3","Loxodonta_africana","Loxodonta_africana.1"
"4","Loxodonta_africana","Loxodonta_africana.2"
"5","Felis_felis","Felis_felis.1"
"6","Mus_musculus","Mus_musculus.1"
"7","Paguma_larvata","Paguma_larvata.1"
"8","Loxodonta_africana","Loxodonta_africana.3"
"9","Meles_meles","Meles_meles.1"
"10","Euroscaptor_micrura","Euroscaptor_micrura.1"
"11","Mus_musculus","Mus_musculus.2"
"12","Apteryx_australis","Apteryx_australis.1"
"13","Myrmecophaga_tridactyla","Myrmecophaga_tridactyla.1"
"14","Brachyodus_onoideum","Brachyodus_onoideum.1"
"15","Nyctereutes_procyonoides","Nyctereutes_procyonoides.1"
"16","Cephalophus_silvicultor","Cephalophus_silvicultor.1"
"17","Tenrec_ecaudatus","Tenrec_ecaudatus.1"
"18","Meles_meles","Meles_meles.2"
"19","Dasyurus_maculatus","Dasyurus_maculatus.1"
"20","Felis_felis","Felis_felis.2"
"21","Dromaius_","Dromaius_.1"
"22","Giraffa_camelopardalis","Giraffa_camelopardalis.1"
"23","Nyctereutes_procyonoides","Nyctereutes_procyonoides.2"
"24","Simosaurus_1","Simosaurus_1.1"
"25","Paraplacodus","Paraplacodus.1"
"26","Champsosaurus","Champsosaurus.1"
"27","Champsosaurus","Champsosaurus.2"
"28","Ichtyosaurus_","Ichtyosaurus_.1"
"29","Aptenodytes______","Aptenodytes______.1"
"30","Hesperornis","Hesperornis.1"
"31","Nothosaurus_mirabilis","Nothosaurus_mirabilis.1"
"32","Rhaeticosaurus","Rhaeticosaurus.1"
"33","Desmostylus_hesperus","Desmostylus_hesperus.1"
"34","Rodhocetus","Rodhocetus.1"
"35","Ichtyosaur_sp","Ichtyosaur_sp.1"
"36","Dyrosaurid","Dyrosaurid.1"
"37","Hippopotamus_amphibius","Hippopotamus_amphibius.1"
"38","Rodhocetus","Rodhocetus.2"
"39","Castor_fiber","Castor_fiber.1"
"40","large_eocene_stem_penguin","large_eocene_stem_penguin.1"
"41","Champsosaurus","Champsosaurus.3"
"42","Rhaeticosaurus","Rhaeticosaurus.2"
"43","Spinosaurus_","Spinosaurus_.1"
"44","Spinosaurus_","Spinosaurus_.2"
"45","Spinosaurus_","Spinosaurus_.3"
"46","Spinosaurus_","Spinosaurus_.4"
"47","Spinosaurus_","Spinosaurus_.5"
"48","Spinosaurus_","Spinosaurus_.6"
"49","Spinosaurus_","Spinosaurus_.7"
"50","Spinosaurus_","Spinosaurus_.8"
"51","Spinosaurus_","Spinosaurus_.9"
"52","Spinosaurus_","Spinosaurus_.10"
"53","Spinosaurus_","Spinosaurus_.11"
"54","Suchomimus","Suchomimus.1"
"55","Suchomimus","Suchomimus.2"
"56","Suchomimus","Suchomimus.3"
"57","Baryonyx","Baryonyx.1"
"58","Baryonyx","Baryonyx.2"
"59","Baryonyx","Baryonyx.3"
 
* Phylo tree and the main data and strata files have been modified to include duplicated taxa before the scaled random trees are generated.
* Selected categorical labels column: diving.or.not
* diving.or.equal column is identical to Diving column.
* Regression excludes flying taxa.
* Diving labels that are present in regression: 0,2
* lambda (calculated from a random tree) = : 0.11
* index-name alignment check: OK
