Logfile for a session of program: bootstrap_binary.r
-----------------------------------------------------
INPUT:
workDir: C:/dino_nature/output/2023-11-07-D1\bs/set_1455
Nbootstrapsets: 2000
phyloFDAfile: c:/dino_nature/code/phylo.fda.R
auxFile: c:/dino_nature/code/auxiliary.r
boneType: femur
regressionData.file: C:/dino_nature/output/2023-11-07-D1\bs/set_1455/femur_set_1455.csv
applyDataFilter: FALSE
addTreeTips: TRUE
Ntrees: 100
calculateTrees: TRUE
saveTrees: FALSE


OPERATIONAL CHECKS:
* Regression data contains multiple copies of some taxa (user added variants of existing test taxa 
   or replacements due to bootstrap are present) which are not in the phylo tree:
     original taxon,   duplicate   
"1","Giraffa_camelopardalis","Giraffa_camelopardalis.1"
"2","Atlantisia_rogersi","Atlantisia_rogersi.1"
"3","Elomeryx_borbonicus_","Elomeryx_borbonicus_.1"
"4","Capreolus_capreolus","Capreolus_capreolus.1"
"5","Rattus_rattus","Rattus_rattus.1"
"6","Dicerorhinus_sumatrensis","Dicerorhinus_sumatrensis.1"
"7","Procavia_capensis","Procavia_capensis.1"
"8","Lacerta_viridis","Lacerta_viridis.1"
"9","Capreolus_capreolus","Capreolus_capreolus.2"
"10","Hemiechinus_azurites","Hemiechinus_azurites.1"
"11","Tenrec_ecaudatus","Tenrec_ecaudatus.1"
"12","Procyon_lotor","Procyon_lotor.1"
"13","Rhynchocyon_petersi","Rhynchocyon_petersi.1"
"14","Bison_bonasus","Bison_bonasus.1"
"15","Capreolus_capreolus","Capreolus_capreolus.3"
"16","Procavia_capensis","Procavia_capensis.2"
"17","Dicerorhinus_sumatrensis","Dicerorhinus_sumatrensis.2"
"18","Sus_scrofa","Sus_scrofa.1"
"19","Myrmecophaga_tridactyla","Myrmecophaga_tridactyla.1"
"20","Rhynchocyon_petersi","Rhynchocyon_petersi.2"
"21","Bos_taurus","Bos_taurus.1"
"22","Dicerorhinus_sumatrensis","Dicerorhinus_sumatrensis.3"
"23","Megaloceros_sp","Megaloceros_sp.1"
"24","Bison_bonasus","Bison_bonasus.2"
"25","Placodontia_indet_1","Placodontia_indet_1.1"
"26","Aptenodytes______","Aptenodytes______.1"
"27","Protochampsidae","Protochampsidae.1"
"28","Dyrosaurid","Dyrosaurid.1"
"29","Cricosaurus","Cricosaurus.1"
"30","Palaeospheniscus","Palaeospheniscus.1"
"31","Otaria_byronia","Otaria_byronia.1"
"32","Remingtonocetus","Remingtonocetus.1"
"33","Paraplacodus","Paraplacodus.1"
"34","Choeropsis_liberiensis","Choeropsis_liberiensis.1"
"35","Paraplacodus","Paraplacodus.2"
"36","Paraplacodus","Paraplacodus.3"
"37","Maiacetus","Maiacetus.1"
"38","Hippopotamus_amphibius","Hippopotamus_amphibius.1"
"39","Placodontia_indet_1","Placodontia_indet_1.2"
"40","Remingtonocetus","Remingtonocetus.2"
"41","Leptophoca_proxima","Leptophoca_proxima.1"
"42","Pistosaurus","Pistosaurus.1"
"43","Hippopotamus_amphibius","Hippopotamus_amphibius.2"
"44","Remingtonocetus","Remingtonocetus.3"
"45","Protochampsidae","Protochampsidae.2"
"46","Maiacetus","Maiacetus.2"
"47","Spheniscus","Spheniscus.1"
"48","Spinosaurus_","Spinosaurus_.1"
"49","Spinosaurus_","Spinosaurus_.2"
"50","Spinosaurus_","Spinosaurus_.3"
"51","Spinosaurus_","Spinosaurus_.4"
"52","Spinosaurus_","Spinosaurus_.5"
"53","Spinosaurus_","Spinosaurus_.6"
"54","Spinosaurus_","Spinosaurus_.7"
"55","Spinosaurus_","Spinosaurus_.8"
"56","Spinosaurus_","Spinosaurus_.9"
"57","Spinosaurus_","Spinosaurus_.10"
"58","Spinosaurus_","Spinosaurus_.11"
"59","Suchomimus","Suchomimus.1"
"60","Suchomimus","Suchomimus.2"
"61","Suchomimus","Suchomimus.3"
"62","Baryonyx","Baryonyx.1"
"63","Baryonyx","Baryonyx.2"
"64","Baryonyx","Baryonyx.3"
 
* Phylo tree and the main data and strata files have been modified to include duplicated taxa before the scaled random trees are generated.
* Selected categorical labels column: diving.or.not
* diving.or.equal column is identical to Diving column.
* Regression excludes flying taxa.
* Diving labels that are present in regression: 0,2
* lambda (calculated from a random tree) = : 0.12
* index-name alignment check: OK
