Logfile for a session of program: bootstrap_binary.r
-----------------------------------------------------
INPUT:
workDir: C:/dino_nature/output/2023-11-07-D1\bs/set_216
Nbootstrapsets: 2000
phyloFDAfile: c:/dino_nature/code/phylo.fda.R
auxFile: c:/dino_nature/code/auxiliary.r
boneType: femur
regressionData.file: C:/dino_nature/output/2023-11-07-D1\bs/set_216/femur_set_216.csv
applyDataFilter: FALSE
addTreeTips: TRUE
Ntrees: 100
calculateTrees: TRUE
saveTrees: FALSE


OPERATIONAL CHECKS:
* Regression data contains multiple copies of some taxa (user added variants of existing test taxa 
   or replacements due to bootstrap are present) which are not in the phylo tree:
     original taxon,   duplicate   
"1","Bison_bonasus","Bison_bonasus.1"
"2","Capreolus_capreolus","Capreolus_capreolus.1"
"3","Sphenodon_punctatus","Sphenodon_punctatus.1"
"4","Rhynchocyon_petersi","Rhynchocyon_petersi.1"
"5","Rattus_rattus","Rattus_rattus.1"
"6","Rhynchocyon_petersi","Rhynchocyon_petersi.2"
"7","Xenicus_giliventris","Xenicus_giliventris.1"
"8","Syncerus_caffer","Syncerus_caffer.1"
"9","Dromaius_","Dromaius_.1"
"10","Megaloceros_sp","Megaloceros_sp.1"
"11","Mus_musculus","Mus_musculus.1"
"12","Atlantisia_rogersi","Atlantisia_rogersi.1"
"13","Xenicus_giliventris","Xenicus_giliventris.2"
"14","Ceratotherium_simum","Ceratotherium_simum.1"
"15","Pogona_viceps","Pogona_viceps.1"
"16","Pogona_viceps","Pogona_viceps.2"
"17","Xenicus_giliventris","Xenicus_giliventris.3"
"18","Rangifer_tarandus","Rangifer_tarandus.1"
"19","Megaloceros_sp","Megaloceros_sp.2"
"20","Taxidea_taxus","Taxidea_taxus.1"
"21","Loxodonta_africana","Loxodonta_africana.1"
"22","Atlantisia_rogersi","Atlantisia_rogersi.2"
"23","Rodhocetus","Rodhocetus.1"
"24","Rodhocetus","Rodhocetus.2"
"25","Nothosaurus_568","Nothosaurus_568.1"
"26","Plesiosaurus","Plesiosaurus.1"
"27","Chironectes_minimus","Chironectes_minimus.1"
"28","Cricosaurus","Cricosaurus.1"
"29","Ornithorhynchus_anatinus","Ornithorhynchus_anatinus.1"
"30","Nothosaurus_568","Nothosaurus_568.2"
"31","Chironectes_minimus","Chironectes_minimus.2"
"32","Anarosaurus","Anarosaurus.1"
"33","Metryorhynchus","Metryorhynchus.1"
"34","Ornithorhynchus_anatinus","Ornithorhynchus_anatinus.2"
"35","Ornithorhynchus_anatinus","Ornithorhynchus_anatinus.3"
"36","Otaria_byronia","Otaria_byronia.1"
"37","Desmana_moschata","Desmana_moschata.1"
"38","Spheniscus","Spheniscus.1"
"39","Nothosaurus_568","Nothosaurus_568.3"
"40","Chironectes_minimus","Chironectes_minimus.3"
"41","Nanophoca_vitulinoides","Nanophoca_vitulinoides.1"
"42","Leptophoca_proxima","Leptophoca_proxima.1"
"43","Neusticosaurus","Neusticosaurus.1"
"44","Ornithorhynchus_anatinus","Ornithorhynchus_anatinus.4"
"45","Spinosaurus_","Spinosaurus_.1"
"46","Spinosaurus_","Spinosaurus_.2"
"47","Spinosaurus_","Spinosaurus_.3"
"48","Spinosaurus_","Spinosaurus_.4"
"49","Spinosaurus_","Spinosaurus_.5"
"50","Spinosaurus_","Spinosaurus_.6"
"51","Spinosaurus_","Spinosaurus_.7"
"52","Spinosaurus_","Spinosaurus_.8"
"53","Spinosaurus_","Spinosaurus_.9"
"54","Spinosaurus_","Spinosaurus_.10"
"55","Spinosaurus_","Spinosaurus_.11"
"56","Suchomimus","Suchomimus.1"
"57","Suchomimus","Suchomimus.2"
"58","Suchomimus","Suchomimus.3"
"59","Baryonyx","Baryonyx.1"
"60","Baryonyx","Baryonyx.2"
"61","Baryonyx","Baryonyx.3"
 
* Phylo tree and the main data and strata files have been modified to include duplicated taxa before the scaled random trees are generated.
* Selected categorical labels column: diving.or.not
* diving.or.equal column is identical to Diving column.
* Regression excludes flying taxa.
* Diving labels that are present in regression: 0,2
* lambda (calculated from a random tree) = : 0.07
* index-name alignment check: OK
