Logfile for a session of program: bootstrap_binary.r
-----------------------------------------------------
INPUT:
workDir: C:/dino_nature/output/2023-11-07-D1\bs/set_1372
Nbootstrapsets: 2000
phyloFDAfile: c:/dino_nature/code/phylo.fda.R
auxFile: c:/dino_nature/code/auxiliary.r
boneType: femur
regressionData.file: C:/dino_nature/output/2023-11-07-D1\bs/set_1372/femur_set_1372.csv
applyDataFilter: FALSE
addTreeTips: TRUE
Ntrees: 100
calculateTrees: TRUE
saveTrees: FALSE


OPERATIONAL CHECKS:
* Regression data contains multiple copies of some taxa (user added variants of existing test taxa 
   or replacements due to bootstrap are present) which are not in the phylo tree:
     original taxon,   duplicate   
"1","Dama_dama","Dama_dama.1"
"2","Dama_dama","Dama_dama.2"
"3","Porphyrio_hochstetteri","Porphyrio_hochstetteri.1"
"4","Dasyurus_maculatus","Dasyurus_maculatus.1"
"5","Porphyrio_hochstetteri","Porphyrio_hochstetteri.2"
"6","Lacerta_viridis","Lacerta_viridis.1"
"7","Euroscaptor_micrura","Euroscaptor_micrura.1"
"8","Giraffa_camelopardalis","Giraffa_camelopardalis.1"
"9","Pogona_viceps","Pogona_viceps.1"
"10","Porphyrio_hochstetteri","Porphyrio_hochstetteri.3"
"11","Elephas_maximus","Elephas_maximus.1"
"12","Giraffa_camelopardalis","Giraffa_camelopardalis.2"
"13","Porphyrio_hochstetteri","Porphyrio_hochstetteri.4"
"14","Porphyrio_hochstetteri","Porphyrio_hochstetteri.5"
"15","Mustela_nivalis","Mustela_nivalis.1"
"16","Dasyurus_maculatus","Dasyurus_maculatus.2"
"17","Sus_scrofa","Sus_scrofa.1"
"18","Tamandua_tetradactyla","Tamandua_tetradactyla.1"
"19","Procavia_capensis","Procavia_capensis.1"
"20","Caloenas_nicobarica","Caloenas_nicobarica.1"
"21","Rhinoceros_sondaicus","Rhinoceros_sondaicus.1"
"22","Lutra_vulgaris","Lutra_vulgaris.1"
"23","Nothosaurus_150","Nothosaurus_150.1"
"24","Nothosaurus_mirabilis","Nothosaurus_mirabilis.1"
"25","Callophoca_obscura","Callophoca_obscura.1"
"26","Nothosaurus_mirabilis_1","Nothosaurus_mirabilis_1.1"
"27","Placodontia_indet_1","Placodontia_indet_1.1"
"28","Indohyus","Indohyus.1"
"29","Metryorhynchus","Metryorhynchus.1"
"30","Nothosaurus_102","Nothosaurus_102.1"
"31","Aptenodytes______","Aptenodytes______.1"
"32","Noemys_fodies","Noemys_fodies.1"
"33","Otaria_byronia","Otaria_byronia.1"
"34","Nothosaurus_102","Nothosaurus_102.2"
"35","Nothosaurus_mirabilis","Nothosaurus_mirabilis.2"
"36","Caiman_yacare","Caiman_yacare.1"
"37","Rodhocetus","Rodhocetus.1"
"38","Nothosaurus_102","Nothosaurus_102.3"
"39","Nothosaurus_mirabilis_1","Nothosaurus_mirabilis_1.2"
"40","Palaeospheniscus","Palaeospheniscus.1"
"41","Spinosaurus_","Spinosaurus_.1"
"42","Spinosaurus_","Spinosaurus_.2"
"43","Spinosaurus_","Spinosaurus_.3"
"44","Spinosaurus_","Spinosaurus_.4"
"45","Spinosaurus_","Spinosaurus_.5"
"46","Spinosaurus_","Spinosaurus_.6"
"47","Spinosaurus_","Spinosaurus_.7"
"48","Spinosaurus_","Spinosaurus_.8"
"49","Spinosaurus_","Spinosaurus_.9"
"50","Spinosaurus_","Spinosaurus_.10"
"51","Spinosaurus_","Spinosaurus_.11"
"52","Suchomimus","Suchomimus.1"
"53","Suchomimus","Suchomimus.2"
"54","Suchomimus","Suchomimus.3"
"55","Baryonyx","Baryonyx.1"
"56","Baryonyx","Baryonyx.2"
"57","Baryonyx","Baryonyx.3"
 
* Phylo tree and the main data and strata files have been modified to include duplicated taxa before the scaled random trees are generated.
* Selected categorical labels column: diving.or.not
* diving.or.equal column is identical to Diving column.
* Regression excludes flying taxa.
* Diving labels that are present in regression: 0,2
* lambda (calculated from a random tree) = : 0.07
* index-name alignment check: OK
