Logfile for a session of program: bootstrap_binary.r
-----------------------------------------------------
INPUT:
workDir: C:/dino_nature/output/2023-11-07-D1\bs/set_542
Nbootstrapsets: 2000
phyloFDAfile: c:/dino_nature/code/phylo.fda.R
auxFile: c:/dino_nature/code/auxiliary.r
boneType: femur
regressionData.file: C:/dino_nature/output/2023-11-07-D1\bs/set_542/femur_set_542.csv
applyDataFilter: FALSE
addTreeTips: TRUE
Ntrees: 100
calculateTrees: TRUE
saveTrees: FALSE


OPERATIONAL CHECKS:
* Regression data contains multiple copies of some taxa (user added variants of existing test taxa 
   or replacements due to bootstrap are present) which are not in the phylo tree:
     original taxon,   duplicate   
"1","Okapia_johnstoni","Okapia_johnstoni.1"
"2","Euroscaptor_micrura","Euroscaptor_micrura.1"
"3","Procavia_capensis","Procavia_capensis.1"
"4","Diplomesodon_pulchellum","Diplomesodon_pulchellum.1"
"5","Felis_felis","Felis_felis.1"
"6","Rupicapra_rupicapra","Rupicapra_rupicapra.1"
"7","Procavia_capensis","Procavia_capensis.2"
"8","Mustela_nivalis","Mustela_nivalis.1"
"9","Bison_bonasus","Bison_bonasus.1"
"10","Dasyurus_maculatus","Dasyurus_maculatus.1"
"11","Rangifer_tarandus","Rangifer_tarandus.1"
"12","Paguma_larvata","Paguma_larvata.1"
"13","Rangifer_tarandus","Rangifer_tarandus.2"
"14","Rangifer_tarandus","Rangifer_tarandus.3"
"15","Rupicapra_rupicapra","Rupicapra_rupicapra.2"
"16","Ceratotherium_simum","Ceratotherium_simum.1"
"17","Diplomesodon_pulchellum","Diplomesodon_pulchellum.2"
"18","Felis_felis","Felis_felis.2"
"19","Tamandua_tetradactyla","Tamandua_tetradactyla.1"
"20","Loxodonta_africana","Loxodonta_africana.1"
"21","Myrmecophaga_tridactyla","Myrmecophaga_tridactyla.1"
"22","Cryptoclidus","Cryptoclidus.1"
"23","Cryptoclidus","Cryptoclidus.2"
"24","Nothosaurus_mirabilis_1","Nothosaurus_mirabilis_1.1"
"25","Nothosaurus_102","Nothosaurus_102.1"
"26","Nothosaurus_giganteus","Nothosaurus_giganteus.1"
"27","Rodhocetus","Rodhocetus.1"
"28","Protochampsidae","Protochampsidae.1"
"29","Nothosaurus_mirabilis_1","Nothosaurus_mirabilis_1.2"
"30","Protochampsidae","Protochampsidae.2"
"31","Rodhocetus","Rodhocetus.2"
"32","Hexaprotodon_garyam","Hexaprotodon_garyam.1"
"33","Dyrosaurid","Dyrosaurid.1"
"34","Micropotamogale_euwenzorii","Micropotamogale_euwenzorii.1"
"35","Otaria_byronia","Otaria_byronia.1"
"36","Neusticosaurus","Neusticosaurus.1"
"37","Caiman_yacare","Caiman_yacare.1"
"38","Chapsosaurus_","Chapsosaurus_.1"
"39","Rodhocetus","Rodhocetus.3"
"40","Otaria_byronia","Otaria_byronia.2"
"41","large_eocene_stem_penguin","large_eocene_stem_penguin.1"
"42","Ichtyosaur_sp","Ichtyosaur_sp.1"
"43","Spheniscus","Spheniscus.1"
"44","Spinosaurus_","Spinosaurus_.1"
"45","Spinosaurus_","Spinosaurus_.2"
"46","Spinosaurus_","Spinosaurus_.3"
"47","Spinosaurus_","Spinosaurus_.4"
"48","Spinosaurus_","Spinosaurus_.5"
"49","Spinosaurus_","Spinosaurus_.6"
"50","Spinosaurus_","Spinosaurus_.7"
"51","Spinosaurus_","Spinosaurus_.8"
"52","Spinosaurus_","Spinosaurus_.9"
"53","Spinosaurus_","Spinosaurus_.10"
"54","Spinosaurus_","Spinosaurus_.11"
"55","Suchomimus","Suchomimus.1"
"56","Suchomimus","Suchomimus.2"
"57","Suchomimus","Suchomimus.3"
"58","Baryonyx","Baryonyx.1"
"59","Baryonyx","Baryonyx.2"
"60","Baryonyx","Baryonyx.3"
 
* Phylo tree and the main data and strata files have been modified to include duplicated taxa before the scaled random trees are generated.
* Selected categorical labels column: diving.or.not
* diving.or.equal column is identical to Diving column.
* Regression excludes flying taxa.
* Diving labels that are present in regression: 0,2
* lambda (calculated from a random tree) = : 0.15
* index-name alignment check: OK
