Logfile for a session of program: bootstrap_binary.r
-----------------------------------------------------
INPUT:
workDir: C:/dino_nature/output/2023-11-07-D1\bs/set_983
Nbootstrapsets: 2000
phyloFDAfile: c:/dino_nature/code/phylo.fda.R
auxFile: c:/dino_nature/code/auxiliary.r
boneType: femur
regressionData.file: C:/dino_nature/output/2023-11-07-D1\bs/set_983/femur_set_983.csv
applyDataFilter: FALSE
addTreeTips: TRUE
Ntrees: 100
calculateTrees: TRUE
saveTrees: FALSE


OPERATIONAL CHECKS:
* Regression data contains multiple copies of some taxa (user added variants of existing test taxa 
   or replacements due to bootstrap are present) which are not in the phylo tree:
     original taxon,   duplicate   
"1","Monodelphis_domestica","Monodelphis_domestica.1"
"2","Cephalophus_silvicultor","Cephalophus_silvicultor.1"
"3","Elephas_maximus","Elephas_maximus.1"
"4","Procyon_lotor","Procyon_lotor.1"
"5","Felis_felis","Felis_felis.1"
"6","Rhynchocyon_petersi","Rhynchocyon_petersi.1"
"7","Sphenodon_punctatus","Sphenodon_punctatus.1"
"8","Dromaius_","Dromaius_.1"
"9","Uncia_uncia","Uncia_uncia.1"
"10","Apteryx_australis","Apteryx_australis.1"
"11","Dromaius_","Dromaius_.2"
"12","Capreolus_capreolus","Capreolus_capreolus.1"
"13","Paguma_larvata","Paguma_larvata.1"
"14","Alces_americanus","Alces_americanus.1"
"15","Felis_felis","Felis_felis.2"
"16","Dromaius_","Dromaius_.3"
"17","Dicerorhinus_sumatrensis","Dicerorhinus_sumatrensis.1"
"18","Elephas_maximus","Elephas_maximus.2"
"19","Placodontia_indet_1","Placodontia_indet_1.1"
"20","Caiman_yacare","Caiman_yacare.1"
"21","Chironectes_minimus","Chironectes_minimus.1"
"22","Placodontia_indet_1","Placodontia_indet_1.2"
"23","Hesperornis","Hesperornis.1"
"24","Chapsosaurus_","Chapsosaurus_.1"
"25","Champsosaurus","Champsosaurus.1"
"26","Caiman_yacare","Caiman_yacare.2"
"27","Chapsosaurus_","Chapsosaurus_.2"
"28","Rhaeticosaurus","Rhaeticosaurus.1"
"29","large_eocene_stem_penguin","large_eocene_stem_penguin.1"
"30","Callophoca_obscura","Callophoca_obscura.1"
"31","Placodontia_indet_1","Placodontia_indet_1.3"
"32","Noemys_fodies","Noemys_fodies.1"
"33","Spheniscus","Spheniscus.1"
"34","Placodontia_indet_1","Placodontia_indet_1.4"
"35","Phalacrocorax_harrisi","Phalacrocorax_harrisi.1"
"36","Champsosaurus","Champsosaurus.2"
"37","large_eocene_stem_penguin","large_eocene_stem_penguin.2"
"38","Neusticosaurus","Neusticosaurus.1"
"39","Chapsosaurus_","Chapsosaurus_.3"
"40","Noemys_fodies","Noemys_fodies.2"
"41","Simosaurus","Simosaurus.1"
"42","Ornithorhynchus_anatinus","Ornithorhynchus_anatinus.1"
"43","Tapirus_terrestris","Tapirus_terrestris.1"
"44","Champsosaurus","Champsosaurus.3"
"45","Spinosaurus_","Spinosaurus_.1"
"46","Spinosaurus_","Spinosaurus_.2"
"47","Spinosaurus_","Spinosaurus_.3"
"48","Spinosaurus_","Spinosaurus_.4"
"49","Spinosaurus_","Spinosaurus_.5"
"50","Spinosaurus_","Spinosaurus_.6"
"51","Spinosaurus_","Spinosaurus_.7"
"52","Spinosaurus_","Spinosaurus_.8"
"53","Spinosaurus_","Spinosaurus_.9"
"54","Spinosaurus_","Spinosaurus_.10"
"55","Spinosaurus_","Spinosaurus_.11"
"56","Suchomimus","Suchomimus.1"
"57","Suchomimus","Suchomimus.2"
"58","Suchomimus","Suchomimus.3"
"59","Baryonyx","Baryonyx.1"
"60","Baryonyx","Baryonyx.2"
"61","Baryonyx","Baryonyx.3"
 
* Phylo tree and the main data and strata files have been modified to include duplicated taxa before the scaled random trees are generated.
* Selected categorical labels column: diving.or.not
* diving.or.equal column is identical to Diving column.
* Regression excludes flying taxa.
* Diving labels that are present in regression: 0,2
* lambda (calculated from a random tree) = : 0.07
* index-name alignment check: OK
