Logfile for a session of program: bootstrap_binary.r
-----------------------------------------------------
INPUT:
workDir: C:/dino_nature/output/2023-11-07-D1\bs/set_1055
Nbootstrapsets: 2000
phyloFDAfile: c:/dino_nature/code/phylo.fda.R
auxFile: c:/dino_nature/code/auxiliary.r
boneType: femur
regressionData.file: C:/dino_nature/output/2023-11-07-D1\bs/set_1055/femur_set_1055.csv
applyDataFilter: FALSE
addTreeTips: TRUE
Ntrees: 100
calculateTrees: TRUE
saveTrees: FALSE


OPERATIONAL CHECKS:
* Regression data contains multiple copies of some taxa (user added variants of existing test taxa 
   or replacements due to bootstrap are present) which are not in the phylo tree:
     original taxon,   duplicate   
"1","Megaloceros_sp","Megaloceros_sp.1"
"2","Tamandua_tetradactyla","Tamandua_tetradactyla.1"
"3","Rattus_rattus","Rattus_rattus.1"
"4","Atlantisia_rogersi","Atlantisia_rogersi.1"
"5","Apteryx_australis","Apteryx_australis.1"
"6","Tribonyx_mortieri","Tribonyx_mortieri.1"
"7","Tribonyx_mortieri","Tribonyx_mortieri.2"
"8","Uncia_uncia","Uncia_uncia.1"
"9","Meles_meles","Meles_meles.1"
"10","Rattus_rattus","Rattus_rattus.2"
"11","Apteryx_owenii_","Apteryx_owenii_.1"
"12","Lacerta_viridis","Lacerta_viridis.1"
"13","Dasyurus_maculatus","Dasyurus_maculatus.1"
"14","Rattus_rattus","Rattus_rattus.3"
"15","Dama_dama","Dama_dama.1"
"16","Xenicus_giliventris","Xenicus_giliventris.1"
"17","Loxodonta_africana","Loxodonta_africana.1"
"18","Meles_meles","Meles_meles.2"
"19","Tapirus_terrestris","Tapirus_terrestris.1"
"20","Otaria_byronia","Otaria_byronia.1"
"21","Leptophoca_proxima","Leptophoca_proxima.1"
"22","Phalacrocorax_harrisi","Phalacrocorax_harrisi.1"
"23","Choeropsis_liberiensis","Choeropsis_liberiensis.1"
"24","Palaeospheniscus","Palaeospheniscus.1"
"25","Basilosaurus","Basilosaurus.1"
"26","Small_Eocene_penguin","Small_Eocene_penguin.1"
"27","Micropotamogale_euwenzorii","Micropotamogale_euwenzorii.1"
"28","Anarosaurus","Anarosaurus.1"
"29","Rodhocetus","Rodhocetus.1"
"30","Anarosaurus","Anarosaurus.2"
"31","Tapirus_terrestris","Tapirus_terrestris.2"
"32","Lutra_vulgaris","Lutra_vulgaris.1"
"33","Palaeospheniscus","Palaeospheniscus.2"
"34","Palaeospheniscus","Palaeospheniscus.3"
"35","Cricosaurus","Cricosaurus.1"
"36","Hippopotamus_amphibius","Hippopotamus_amphibius.1"
"37","Lutra_vulgaris","Lutra_vulgaris.2"
"38","Psephoderma","Psephoderma.1"
"39","Desmostylus_hesperus","Desmostylus_hesperus.1"
"40","Dyrosaurid","Dyrosaurid.1"
"41","Rodhocetus","Rodhocetus.2"
"42","Plesiosaurus","Plesiosaurus.1"
"43","Rodhocetus","Rodhocetus.3"
"44","Spinosaurus_","Spinosaurus_.1"
"45","Spinosaurus_","Spinosaurus_.2"
"46","Spinosaurus_","Spinosaurus_.3"
"47","Spinosaurus_","Spinosaurus_.4"
"48","Spinosaurus_","Spinosaurus_.5"
"49","Spinosaurus_","Spinosaurus_.6"
"50","Spinosaurus_","Spinosaurus_.7"
"51","Spinosaurus_","Spinosaurus_.8"
"52","Spinosaurus_","Spinosaurus_.9"
"53","Spinosaurus_","Spinosaurus_.10"
"54","Spinosaurus_","Spinosaurus_.11"
"55","Suchomimus","Suchomimus.1"
"56","Suchomimus","Suchomimus.2"
"57","Suchomimus","Suchomimus.3"
"58","Baryonyx","Baryonyx.1"
"59","Baryonyx","Baryonyx.2"
"60","Baryonyx","Baryonyx.3"
 
* Phylo tree and the main data and strata files have been modified to include duplicated taxa before the scaled random trees are generated.
* Selected categorical labels column: diving.or.not
* diving.or.equal column is identical to Diving column.
* Regression excludes flying taxa.
* Diving labels that are present in regression: 0,2
* lambda (calculated from a random tree) = : 0.07
* index-name alignment check: OK
