Logfile for a session of program: bootstrap_binary.r
-----------------------------------------------------
INPUT:
workDir: C:/dino_nature/output/2023-11-07-D1\bs/set_50
Nbootstrapsets: 2000
phyloFDAfile: c:/dino_nature/code/phylo.fda.R
auxFile: c:/dino_nature/code/auxiliary.r
boneType: femur
regressionData.file: C:/dino_nature/output/2023-11-07-D1\bs/set_50/femur_set_50.csv
applyDataFilter: FALSE
addTreeTips: TRUE
Ntrees: 100
calculateTrees: TRUE
saveTrees: FALSE


OPERATIONAL CHECKS:
* Regression data contains multiple copies of some taxa (user added variants of existing test taxa 
   or replacements due to bootstrap are present) which are not in the phylo tree:
     original taxon,   duplicate   
"1","Lacerta_viridis","Lacerta_viridis.1"
"2","Microgale_thomasi","Microgale_thomasi.1"
"3","Bison_bonasus","Bison_bonasus.1"
"4","Lacerta_viridis","Lacerta_viridis.2"
"5","Dromaius_","Dromaius_.1"
"6","Giraffa_camelopardalis","Giraffa_camelopardalis.1"
"7","Brachyodus_onoideum","Brachyodus_onoideum.1"
"8","Apteryx_owenii_","Apteryx_owenii_.1"
"9","Strigiops_habroptilus","Strigiops_habroptilus.1"
"10","Rhynchocyon_petersi","Rhynchocyon_petersi.1"
"11","Tribonyx_mortieri","Tribonyx_mortieri.1"
"12","Dromaius_","Dromaius_.2"
"13","Sphenodon_punctatus","Sphenodon_punctatus.1"
"14","Monodelphis_domestica","Monodelphis_domestica.1"
"15","Hemiechinus_azurites","Hemiechinus_azurites.1"
"16","Loxodonta_africana","Loxodonta_africana.1"
"17","Porphyrio_hochstetteri","Porphyrio_hochstetteri.1"
"18","Bos_taurus","Bos_taurus.1"
"19","Diplomesodon_pulchellum","Diplomesodon_pulchellum.1"
"20","Euroscaptor_micrura","Euroscaptor_micrura.1"
"21","Rupicapra_rupicapra","Rupicapra_rupicapra.1"
"22","Elomeryx_borbonicus_","Elomeryx_borbonicus_.1"
"23","Anarosaurus","Anarosaurus.1"
"24","Placodontia_indet_1","Placodontia_indet_1.1"
"25","Psephoderma","Psephoderma.1"
"26","Hexaprotodon_garyam","Hexaprotodon_garyam.1"
"27","Indohyus","Indohyus.1"
"28","Placodontia_indet_1","Placodontia_indet_1.2"
"29","Cricosaurus","Cricosaurus.1"
"30","Anarosaurus","Anarosaurus.2"
"31","Small_Eocene_penguin","Small_Eocene_penguin.1"
"32","Dyrosaurid","Dyrosaurid.1"
"33","Callophoca_obscura","Callophoca_obscura.1"
"34","Simosaurus","Simosaurus.1"
"35","Small_Eocene_penguin","Small_Eocene_penguin.2"
"36","Indohyus","Indohyus.2"
"37","Alligator","Alligator.1"
"38","Remingtonocetus","Remingtonocetus.1"
"39","Nothosaurus_568","Nothosaurus_568.1"
"40","Spinosaurus_","Spinosaurus_.1"
"41","Spinosaurus_","Spinosaurus_.2"
"42","Spinosaurus_","Spinosaurus_.3"
"43","Spinosaurus_","Spinosaurus_.4"
"44","Spinosaurus_","Spinosaurus_.5"
"45","Spinosaurus_","Spinosaurus_.6"
"46","Spinosaurus_","Spinosaurus_.7"
"47","Spinosaurus_","Spinosaurus_.8"
"48","Spinosaurus_","Spinosaurus_.9"
"49","Spinosaurus_","Spinosaurus_.10"
"50","Spinosaurus_","Spinosaurus_.11"
"51","Suchomimus","Suchomimus.1"
"52","Suchomimus","Suchomimus.2"
"53","Suchomimus","Suchomimus.3"
"54","Baryonyx","Baryonyx.1"
"55","Baryonyx","Baryonyx.2"
"56","Baryonyx","Baryonyx.3"
 
* Phylo tree and the main data and strata files have been modified to include duplicated taxa before the scaled random trees are generated.
* Selected categorical labels column: diving.or.not
* diving.or.equal column is identical to Diving column.
* Regression excludes flying taxa.
* Diving labels that are present in regression: 0,2
* lambda (calculated from a random tree) = : 0.07
* index-name alignment check: OK
