Logfile for a session of program: bootstrap_binary.r
-----------------------------------------------------
INPUT:
workDir: C:/dino_nature/output/2023-11-07-D1\bs/set_1686
Nbootstrapsets: 2000
phyloFDAfile: c:/dino_nature/code/phylo.fda.R
auxFile: c:/dino_nature/code/auxiliary.r
boneType: femur
regressionData.file: C:/dino_nature/output/2023-11-07-D1\bs/set_1686/femur_set_1686.csv
applyDataFilter: FALSE
addTreeTips: TRUE
Ntrees: 100
calculateTrees: TRUE
saveTrees: FALSE


OPERATIONAL CHECKS:
* Regression data contains multiple copies of some taxa (user added variants of existing test taxa 
   or replacements due to bootstrap are present) which are not in the phylo tree:
     original taxon,   duplicate   
"1","Dicerorhinus_sumatrensis","Dicerorhinus_sumatrensis.1"
"2","Rhinoceros_sondaicus","Rhinoceros_sondaicus.1"
"3","Dromaius_","Dromaius_.1"
"4","Tamandua_tetradactyla","Tamandua_tetradactyla.1"
"5","Rynochetus_jubatus","Rynochetus_jubatus.1"
"6","Rhinoceros_sondaicus","Rhinoceros_sondaicus.2"
"7","Rhynchocyon_petersi","Rhynchocyon_petersi.1"
"8","Caloenas_nicobarica","Caloenas_nicobarica.1"
"9","Mustela_nivalis","Mustela_nivalis.1"
"10","Giraffa_camelopardalis","Giraffa_camelopardalis.1"
"11","Apteryx_owenii_","Apteryx_owenii_.1"
"12","Rhynchocyon_petersi","Rhynchocyon_petersi.2"
"13","Dicerorhinus_sumatrensis","Dicerorhinus_sumatrensis.2"
"14","Mustela_nivalis","Mustela_nivalis.2"
"15","Hemiechinus_azurites","Hemiechinus_azurites.1"
"16","Monodelphis_domestica","Monodelphis_domestica.1"
"17","Caloenas_nicobarica","Caloenas_nicobarica.2"
"18","Elephas_maximus","Elephas_maximus.1"
"19","Uncia_uncia","Uncia_uncia.1"
"20","Caloenas_nicobarica","Caloenas_nicobarica.3"
"21","Diplomesodon_pulchellum","Diplomesodon_pulchellum.1"
"22","Paraplacodus","Paraplacodus.1"
"23","Noemys_fodies","Noemys_fodies.1"
"24","Ornithorhynchus_anatinus","Ornithorhynchus_anatinus.1"
"25","Lutra_vulgaris","Lutra_vulgaris.1"
"26","Cryptoclidus","Cryptoclidus.1"
"27","Cryptoclidus","Cryptoclidus.2"
"28","Hexaprotodon_garyam","Hexaprotodon_garyam.1"
"29","Basilosaurus","Basilosaurus.1"
"30","Nanophoca_vitulinoides","Nanophoca_vitulinoides.1"
"31","Maiacetus","Maiacetus.1"
"32","Ichtyosaur_sp","Ichtyosaur_sp.1"
"33","Noemys_fodies","Noemys_fodies.2"
"34","Lutra_vulgaris","Lutra_vulgaris.2"
"35","Noemys_fodies","Noemys_fodies.3"
"36","Desmana_moschata","Desmana_moschata.1"
"37","Otaria_byronia","Otaria_byronia.1"
"38","Nothosaurus_mirabilis","Nothosaurus_mirabilis.1"
"39","Serpianosaurus","Serpianosaurus.1"
"40","Phalacrocorax_harrisi","Phalacrocorax_harrisi.1"
"41","Micropotamogale_euwenzorii","Micropotamogale_euwenzorii.1"
"42","Lutra_vulgaris","Lutra_vulgaris.3"
"43","Ichtyosaur_sp","Ichtyosaur_sp.2"
"44","Callophoca_obscura","Callophoca_obscura.1"
"45","Spheniscus","Spheniscus.1"
"46","Spinosaurus_","Spinosaurus_.1"
"47","Spinosaurus_","Spinosaurus_.2"
"48","Spinosaurus_","Spinosaurus_.3"
"49","Spinosaurus_","Spinosaurus_.4"
"50","Spinosaurus_","Spinosaurus_.5"
"51","Spinosaurus_","Spinosaurus_.6"
"52","Spinosaurus_","Spinosaurus_.7"
"53","Spinosaurus_","Spinosaurus_.8"
"54","Spinosaurus_","Spinosaurus_.9"
"55","Spinosaurus_","Spinosaurus_.10"
"56","Spinosaurus_","Spinosaurus_.11"
"57","Suchomimus","Suchomimus.1"
"58","Suchomimus","Suchomimus.2"
"59","Suchomimus","Suchomimus.3"
"60","Baryonyx","Baryonyx.1"
"61","Baryonyx","Baryonyx.2"
"62","Baryonyx","Baryonyx.3"
 
* Phylo tree and the main data and strata files have been modified to include duplicated taxa before the scaled random trees are generated.
* Selected categorical labels column: diving.or.not
* diving.or.equal column is identical to Diving column.
* Regression excludes flying taxa.
* Diving labels that are present in regression: 0,2
* lambda (calculated from a random tree) = : 0.09
* index-name alignment check: OK
