Logfile for a session of program: bootstrap_binary.r
-----------------------------------------------------
INPUT:
workDir: C:/dino_nature/output/2023-11-07-D1\bs/set_1144
Nbootstrapsets: 2000
phyloFDAfile: c:/dino_nature/code/phylo.fda.R
auxFile: c:/dino_nature/code/auxiliary.r
boneType: femur
regressionData.file: C:/dino_nature/output/2023-11-07-D1\bs/set_1144/femur_set_1144.csv
applyDataFilter: FALSE
addTreeTips: TRUE
Ntrees: 100
calculateTrees: TRUE
saveTrees: FALSE


OPERATIONAL CHECKS:
* Regression data contains multiple copies of some taxa (user added variants of existing test taxa 
   or replacements due to bootstrap are present) which are not in the phylo tree:
     original taxon,   duplicate   
"1","Ceratotherium_simum","Ceratotherium_simum.1"
"2","Apteryx_owenii_","Apteryx_owenii_.1"
"3","Ceratotherium_simum","Ceratotherium_simum.2"
"4","Procyon_lotor","Procyon_lotor.1"
"5","Rupicapra_rupicapra","Rupicapra_rupicapra.1"
"6","Rhynchocyon_petersi","Rhynchocyon_petersi.1"
"7","Xenicus_giliventris","Xenicus_giliventris.1"
"8","Lama_guanicoe","Lama_guanicoe.1"
"9","Ceratotherium_simum","Ceratotherium_simum.3"
"10","Myrmecophaga_tridactyla","Myrmecophaga_tridactyla.1"
"11","Mammuthus_sp","Mammuthus_sp.1"
"12","Capreolus_capreolus","Capreolus_capreolus.1"
"13","Lama_guanicoe","Lama_guanicoe.2"
"14","Caiman_yacare","Caiman_yacare.1"
"15","Nanophoca_vitulinoides","Nanophoca_vitulinoides.1"
"16","Rodhocetus","Rodhocetus.1"
"17","Aptenodytes______","Aptenodytes______.1"
"18","Nanophoca_vitulinoides","Nanophoca_vitulinoides.2"
"19","Paraplacodus","Paraplacodus.1"
"20","Indohyus","Indohyus.1"
"21","Small_Eocene_penguin","Small_Eocene_penguin.1"
"22","Hydromys_chrysogaster","Hydromys_chrysogaster.1"
"23","Ichtyosaurus_","Ichtyosaurus_.1"
"24","Callophoca_obscura","Callophoca_obscura.1"
"25","Simosaurus_1","Simosaurus_1.1"
"26","Aptenodytes______","Aptenodytes______.2"
"27","Nothosaurus_102","Nothosaurus_102.1"
"28","Indohyus","Indohyus.2"
"29","Ornithorhynchus_anatinus","Ornithorhynchus_anatinus.1"
"30","Tapirus_terrestris","Tapirus_terrestris.1"
"31","Simosaurus","Simosaurus.1"
"32","Simosaurus","Simosaurus.2"
"33","Nanophoca_vitulinoides","Nanophoca_vitulinoides.3"
"34","Ichtyosaurus_","Ichtyosaurus_.2"
"35","Spinosaurus_","Spinosaurus_.1"
"36","Spinosaurus_","Spinosaurus_.2"
"37","Spinosaurus_","Spinosaurus_.3"
"38","Spinosaurus_","Spinosaurus_.4"
"39","Spinosaurus_","Spinosaurus_.5"
"40","Spinosaurus_","Spinosaurus_.6"
"41","Spinosaurus_","Spinosaurus_.7"
"42","Spinosaurus_","Spinosaurus_.8"
"43","Spinosaurus_","Spinosaurus_.9"
"44","Spinosaurus_","Spinosaurus_.10"
"45","Spinosaurus_","Spinosaurus_.11"
"46","Suchomimus","Suchomimus.1"
"47","Suchomimus","Suchomimus.2"
"48","Suchomimus","Suchomimus.3"
"49","Baryonyx","Baryonyx.1"
"50","Baryonyx","Baryonyx.2"
"51","Baryonyx","Baryonyx.3"
 
* Phylo tree and the main data and strata files have been modified to include duplicated taxa before the scaled random trees are generated.
* Selected categorical labels column: diving.or.not
* diving.or.equal column is identical to Diving column.
* Regression excludes flying taxa.
* Diving labels that are present in regression: 0,2
* lambda (calculated from a random tree) = : 0.11
* index-name alignment check: OK
