Logfile for a session of program: bootstrap_binary.r
-----------------------------------------------------
INPUT:
workDir: C:/dino_nature/output/2023-11-07-D1\bs/set_1028
Nbootstrapsets: 2000
phyloFDAfile: c:/dino_nature/code/phylo.fda.R
auxFile: c:/dino_nature/code/auxiliary.r
boneType: femur
regressionData.file: C:/dino_nature/output/2023-11-07-D1\bs/set_1028/femur_set_1028.csv
applyDataFilter: FALSE
addTreeTips: TRUE
Ntrees: 100
calculateTrees: TRUE
saveTrees: FALSE


OPERATIONAL CHECKS:
* Regression data contains multiple copies of some taxa (user added variants of existing test taxa 
   or replacements due to bootstrap are present) which are not in the phylo tree:
     original taxon,   duplicate   
"1","Euroscaptor_micrura","Euroscaptor_micrura.1"
"2","Dromaius_","Dromaius_.1"
"3","Euroscaptor_micrura","Euroscaptor_micrura.2"
"4","Okapia_johnstoni","Okapia_johnstoni.1"
"5","Atlantisia_rogersi","Atlantisia_rogersi.1"
"6","Euroscaptor_micrura","Euroscaptor_micrura.3"
"7","Rattus_rattus","Rattus_rattus.1"
"8","Tribonyx_mortieri","Tribonyx_mortieri.1"
"9","Loxodonta_africana","Loxodonta_africana.1"
"10","Tribonyx_mortieri","Tribonyx_mortieri.2"
"11","Vulpes_vulpes","Vulpes_vulpes.1"
"12","Euroscaptor_micrura","Euroscaptor_micrura.4"
"13","Vulpes_vulpes","Vulpes_vulpes.2"
"14","Paguma_larvata","Paguma_larvata.1"
"15","Euroscaptor_micrura","Euroscaptor_micrura.5"
"16","Paguma_larvata","Paguma_larvata.2"
"17","Rattus_rattus","Rattus_rattus.2"
"18","Megaloceros_sp","Megaloceros_sp.1"
"19","Capreolus_capreolus","Capreolus_capreolus.1"
"20","Capreolus_capreolus","Capreolus_capreolus.2"
"21","Rattus_rattus","Rattus_rattus.3"
"22","Rupicapra_rupicapra","Rupicapra_rupicapra.1"
"23","Uncia_uncia","Uncia_uncia.1"
"24","Simosaurus","Simosaurus.1"
"25","Desmana_moschata","Desmana_moschata.1"
"26","Tapirus_terrestris","Tapirus_terrestris.1"
"27","Hydromys_chrysogaster","Hydromys_chrysogaster.1"
"28","Chironectes_minimus","Chironectes_minimus.1"
"29","Desmana_moschata","Desmana_moschata.2"
"30","Serpianosaurus","Serpianosaurus.1"
"31","Callophoca_obscura","Callophoca_obscura.1"
"32","Ichtyosaurus_","Ichtyosaurus_.1"
"33","Callophoca_obscura","Callophoca_obscura.2"
"34","Dyrosaurid","Dyrosaurid.1"
"35","Metryorhynchus","Metryorhynchus.1"
"36","Serpianosaurus","Serpianosaurus.2"
"37","Rhaeticosaurus","Rhaeticosaurus.1"
"38","Maiacetus","Maiacetus.1"
"39","Nothosaurus_giganteus","Nothosaurus_giganteus.1"
"40","Paraplacodus","Paraplacodus.1"
"41","Simosaurus","Simosaurus.2"
"42","Spinosaurus_","Spinosaurus_.1"
"43","Spinosaurus_","Spinosaurus_.2"
"44","Spinosaurus_","Spinosaurus_.3"
"45","Spinosaurus_","Spinosaurus_.4"
"46","Spinosaurus_","Spinosaurus_.5"
"47","Spinosaurus_","Spinosaurus_.6"
"48","Spinosaurus_","Spinosaurus_.7"
"49","Spinosaurus_","Spinosaurus_.8"
"50","Spinosaurus_","Spinosaurus_.9"
"51","Spinosaurus_","Spinosaurus_.10"
"52","Spinosaurus_","Spinosaurus_.11"
"53","Suchomimus","Suchomimus.1"
"54","Suchomimus","Suchomimus.2"
"55","Suchomimus","Suchomimus.3"
"56","Baryonyx","Baryonyx.1"
"57","Baryonyx","Baryonyx.2"
"58","Baryonyx","Baryonyx.3"
 
* Phylo tree and the main data and strata files have been modified to include duplicated taxa before the scaled random trees are generated.
* Selected categorical labels column: diving.or.not
* diving.or.equal column is identical to Diving column.
* Regression excludes flying taxa.
* Diving labels that are present in regression: 0,2
* lambda (calculated from a random tree) = : 0.1
* index-name alignment check: OK
