Logfile for a session of program: bootstrap_binary.r
-----------------------------------------------------
INPUT:
workDir: C:/dino_nature/output/2023-11-07-D1\bs/set_678
Nbootstrapsets: 2000
phyloFDAfile: c:/dino_nature/code/phylo.fda.R
auxFile: c:/dino_nature/code/auxiliary.r
boneType: femur
regressionData.file: C:/dino_nature/output/2023-11-07-D1\bs/set_678/femur_set_678.csv
applyDataFilter: FALSE
addTreeTips: TRUE
Ntrees: 100
calculateTrees: TRUE
saveTrees: FALSE


OPERATIONAL CHECKS:
* Regression data contains multiple copies of some taxa (user added variants of existing test taxa 
   or replacements due to bootstrap are present) which are not in the phylo tree:
     original taxon,   duplicate   
"1","Mustela_nivalis","Mustela_nivalis.1"
"2","Apteryx_australis","Apteryx_australis.1"
"3","Uncia_uncia","Uncia_uncia.1"
"4","Rynochetus_jubatus","Rynochetus_jubatus.1"
"5","Dama_dama","Dama_dama.1"
"6","Procavia_capensis","Procavia_capensis.1"
"7","Rynochetus_jubatus","Rynochetus_jubatus.2"
"8","Atlantisia_rogersi","Atlantisia_rogersi.1"
"9","Vulpes_vulpes","Vulpes_vulpes.1"
"10","Sus_scrofa","Sus_scrofa.1"
"11","Taxidea_taxus","Taxidea_taxus.1"
"12","Mus_musculus","Mus_musculus.1"
"13","Apteryx_australis","Apteryx_australis.2"
"14","Giraffa_camelopardalis","Giraffa_camelopardalis.1"
"15","Diplomesodon_pulchellum","Diplomesodon_pulchellum.1"
"16","Rangifer_tarandus","Rangifer_tarandus.1"
"17","Paguma_larvata","Paguma_larvata.1"
"18","Porphyrio_hochstetteri","Porphyrio_hochstetteri.1"
"19","Dama_dama","Dama_dama.2"
"20","Rhinoceros_sondaicus","Rhinoceros_sondaicus.1"
"21","Psephoderma","Psephoderma.1"
"22","Noemys_fodies","Noemys_fodies.1"
"23","Lutra_vulgaris","Lutra_vulgaris.1"
"24","Desmostylus_hesperus","Desmostylus_hesperus.1"
"25","Callophoca_obscura","Callophoca_obscura.1"
"26","Serpianosaurus","Serpianosaurus.1"
"27","Dyrosaurid","Dyrosaurid.1"
"28","Basilosaurus","Basilosaurus.1"
"29","Ichtyosaur_sp","Ichtyosaur_sp.1"
"30","Phocanella_pumila","Phocanella_pumila.1"
"31","Noemys_fodies","Noemys_fodies.2"
"32","Anarosaurus","Anarosaurus.1"
"33","Serpianosaurus","Serpianosaurus.2"
"34","Lutra_vulgaris","Lutra_vulgaris.2"
"35","Simosaurus","Simosaurus.1"
"36","Callophoca_obscura","Callophoca_obscura.2"
"37","Plesiosaurus","Plesiosaurus.1"
"38","Hesperornis","Hesperornis.1"
"39","Paraplacodus","Paraplacodus.1"
"40","Micropotamogale_euwenzorii","Micropotamogale_euwenzorii.1"
"41","Remingtonocetus","Remingtonocetus.1"
"42","Palaeospheniscus","Palaeospheniscus.1"
"43","Spinosaurus_","Spinosaurus_.1"
"44","Spinosaurus_","Spinosaurus_.2"
"45","Spinosaurus_","Spinosaurus_.3"
"46","Spinosaurus_","Spinosaurus_.4"
"47","Spinosaurus_","Spinosaurus_.5"
"48","Spinosaurus_","Spinosaurus_.6"
"49","Spinosaurus_","Spinosaurus_.7"
"50","Spinosaurus_","Spinosaurus_.8"
"51","Spinosaurus_","Spinosaurus_.9"
"52","Spinosaurus_","Spinosaurus_.10"
"53","Spinosaurus_","Spinosaurus_.11"
"54","Suchomimus","Suchomimus.1"
"55","Suchomimus","Suchomimus.2"
"56","Suchomimus","Suchomimus.3"
"57","Baryonyx","Baryonyx.1"
"58","Baryonyx","Baryonyx.2"
"59","Baryonyx","Baryonyx.3"
 
* Phylo tree and the main data and strata files have been modified to include duplicated taxa before the scaled random trees are generated.
* Selected categorical labels column: diving.or.not
* diving.or.equal column is identical to Diving column.
* Regression excludes flying taxa.
* Diving labels that are present in regression: 0,2
* lambda (calculated from a random tree) = : 0.05
* index-name alignment check: OK
