Logfile for a session of program: bootstrap_binary.r
-----------------------------------------------------
INPUT:
workDir: C:/dino_nature/output/2023-11-07-D1\bs/set_1426
Nbootstrapsets: 2000
phyloFDAfile: c:/dino_nature/code/phylo.fda.R
auxFile: c:/dino_nature/code/auxiliary.r
boneType: femur
regressionData.file: C:/dino_nature/output/2023-11-07-D1\bs/set_1426/femur_set_1426.csv
applyDataFilter: FALSE
addTreeTips: TRUE
Ntrees: 100
calculateTrees: TRUE
saveTrees: FALSE


OPERATIONAL CHECKS:
* Regression data contains multiple copies of some taxa (user added variants of existing test taxa 
   or replacements due to bootstrap are present) which are not in the phylo tree:
     original taxon,   duplicate   
"1","Elomeryx_borbonicus_","Elomeryx_borbonicus_.1"
"2","Rhynchocyon_petersi","Rhynchocyon_petersi.1"
"3","Uncia_uncia","Uncia_uncia.1"
"4","Monodelphis_domestica","Monodelphis_domestica.1"
"5","Myrmecophaga_tridactyla","Myrmecophaga_tridactyla.1"
"6","Loxodonta_africana","Loxodonta_africana.1"
"7","Uncia_uncia","Uncia_uncia.2"
"8","Mus_musculus","Mus_musculus.1"
"9","Rattus_rattus","Rattus_rattus.1"
"10","Vulpes_vulpes","Vulpes_vulpes.1"
"11","Ceratotherium_simum","Ceratotherium_simum.1"
"12","Rhynchocyon_petersi","Rhynchocyon_petersi.2"
"13","Myrmecophaga_tridactyla","Myrmecophaga_tridactyla.2"
"14","Loxodonta_africana","Loxodonta_africana.2"
"15","Dama_dama","Dama_dama.1"
"16","Elomeryx_borbonicus_","Elomeryx_borbonicus_.2"
"17","Rattus_rattus","Rattus_rattus.2"
"18","Rattus_rattus","Rattus_rattus.3"
"19","Loxodonta_africana","Loxodonta_africana.3"
"20","Uncia_uncia","Uncia_uncia.3"
"21","Aptenodytes______","Aptenodytes______.1"
"22","Dyrosaurid","Dyrosaurid.1"
"23","Simosaurus","Simosaurus.1"
"24","Aptenodytes______","Aptenodytes______.2"
"25","Small_Eocene_penguin","Small_Eocene_penguin.1"
"26","Hippopotamus_amphibius","Hippopotamus_amphibius.1"
"27","Simosaurus","Simosaurus.2"
"28","Micropotamogale_euwenzorii","Micropotamogale_euwenzorii.1"
"29","Caiman_yacare","Caiman_yacare.1"
"30","Nothosaurus_102","Nothosaurus_102.1"
"31","Rodhocetus","Rodhocetus.1"
"32","Caiman_yacare","Caiman_yacare.2"
"33","Simosaurus","Simosaurus.3"
"34","Placodontia_indet_1","Placodontia_indet_1.1"
"35","Caiman_yacare","Caiman_yacare.3"
"36","Maiacetus","Maiacetus.1"
"37","Small_Eocene_penguin","Small_Eocene_penguin.2"
"38","Rodhocetus","Rodhocetus.2"
"39","Alligator","Alligator.1"
"40","Neusticosaurus","Neusticosaurus.1"
"41","Spinosaurus_","Spinosaurus_.1"
"42","Spinosaurus_","Spinosaurus_.2"
"43","Spinosaurus_","Spinosaurus_.3"
"44","Spinosaurus_","Spinosaurus_.4"
"45","Spinosaurus_","Spinosaurus_.5"
"46","Spinosaurus_","Spinosaurus_.6"
"47","Spinosaurus_","Spinosaurus_.7"
"48","Spinosaurus_","Spinosaurus_.8"
"49","Spinosaurus_","Spinosaurus_.9"
"50","Spinosaurus_","Spinosaurus_.10"
"51","Spinosaurus_","Spinosaurus_.11"
"52","Suchomimus","Suchomimus.1"
"53","Suchomimus","Suchomimus.2"
"54","Suchomimus","Suchomimus.3"
"55","Baryonyx","Baryonyx.1"
"56","Baryonyx","Baryonyx.2"
"57","Baryonyx","Baryonyx.3"
 
* Phylo tree and the main data and strata files have been modified to include duplicated taxa before the scaled random trees are generated.
* Selected categorical labels column: diving.or.not
* diving.or.equal column is identical to Diving column.
* Regression excludes flying taxa.
* Diving labels that are present in regression: 0,2
* lambda (calculated from a random tree) = : 0.09
* index-name alignment check: OK
