Logfile for a session of program: bootstrap_binary.r
-----------------------------------------------------
INPUT:
workDir: C:/dino_nature/output/2023-11-07-D1\bs/set_1546
Nbootstrapsets: 2000
phyloFDAfile: c:/dino_nature/code/phylo.fda.R
auxFile: c:/dino_nature/code/auxiliary.r
boneType: femur
regressionData.file: C:/dino_nature/output/2023-11-07-D1\bs/set_1546/femur_set_1546.csv
applyDataFilter: FALSE
addTreeTips: TRUE
Ntrees: 100
calculateTrees: TRUE
saveTrees: FALSE


OPERATIONAL CHECKS:
* Regression data contains multiple copies of some taxa (user added variants of existing test taxa 
   or replacements due to bootstrap are present) which are not in the phylo tree:
     original taxon,   duplicate   
"1","Xenicus_giliventris","Xenicus_giliventris.1"
"2","Tenrec_ecaudatus","Tenrec_ecaudatus.1"
"3","Dicerorhinus_sumatrensis","Dicerorhinus_sumatrensis.1"
"4","Dicerorhinus_sumatrensis","Dicerorhinus_sumatrensis.2"
"5","Capreolus_capreolus","Capreolus_capreolus.1"
"6","Brachyodus_onoideum","Brachyodus_onoideum.1"
"7","Taxidea_taxus","Taxidea_taxus.1"
"8","Apteryx_australis","Apteryx_australis.1"
"9","Caloenas_nicobarica","Caloenas_nicobarica.1"
"10","Xenicus_giliventris","Xenicus_giliventris.2"
"11","Myrmecophaga_tridactyla","Myrmecophaga_tridactyla.1"
"12","Procyon_lotor","Procyon_lotor.1"
"13","Mustela_nivalis","Mustela_nivalis.1"
"14","Uncia_uncia","Uncia_uncia.1"
"15","Paguma_larvata","Paguma_larvata.1"
"16","Caloenas_nicobarica","Caloenas_nicobarica.2"
"17","Microgale_thomasi","Microgale_thomasi.1"
"18","Ceratotherium_simum","Ceratotherium_simum.1"
"19","Loxodonta_africana","Loxodonta_africana.1"
"20","Anarosaurus","Anarosaurus.1"
"21","Castor_fiber","Castor_fiber.1"
"22","Hesperornis","Hesperornis.1"
"23","Palaeospheniscus","Palaeospheniscus.1"
"24","Hesperornis","Hesperornis.2"
"25","Anarosaurus","Anarosaurus.2"
"26","Champsosaurus","Champsosaurus.1"
"27","Nothosaurus_150","Nothosaurus_150.1"
"28","Lutra_vulgaris","Lutra_vulgaris.1"
"29","Nothosaurus_150","Nothosaurus_150.2"
"30","Nothosaurus_giganteus","Nothosaurus_giganteus.1"
"31","Noemys_fodies","Noemys_fodies.1"
"32","Desmana_moschata","Desmana_moschata.1"
"33","Otaria_byronia","Otaria_byronia.1"
"34","Champsosaurus","Champsosaurus.2"
"35","Champsosaurus","Champsosaurus.3"
"36","Hippopotamus_amphibius","Hippopotamus_amphibius.1"
"37","Anarosaurus","Anarosaurus.3"
"38","Callophoca_obscura","Callophoca_obscura.1"
"39","Spinosaurus_","Spinosaurus_.1"
"40","Spinosaurus_","Spinosaurus_.2"
"41","Spinosaurus_","Spinosaurus_.3"
"42","Spinosaurus_","Spinosaurus_.4"
"43","Spinosaurus_","Spinosaurus_.5"
"44","Spinosaurus_","Spinosaurus_.6"
"45","Spinosaurus_","Spinosaurus_.7"
"46","Spinosaurus_","Spinosaurus_.8"
"47","Spinosaurus_","Spinosaurus_.9"
"48","Spinosaurus_","Spinosaurus_.10"
"49","Spinosaurus_","Spinosaurus_.11"
"50","Suchomimus","Suchomimus.1"
"51","Suchomimus","Suchomimus.2"
"52","Suchomimus","Suchomimus.3"
"53","Baryonyx","Baryonyx.1"
"54","Baryonyx","Baryonyx.2"
"55","Baryonyx","Baryonyx.3"
 
* Phylo tree and the main data and strata files have been modified to include duplicated taxa before the scaled random trees are generated.
* Selected categorical labels column: diving.or.not
* diving.or.equal column is identical to Diving column.
* Regression excludes flying taxa.
* Diving labels that are present in regression: 0,2
* lambda (calculated from a random tree) = : 0.1
* index-name alignment check: OK
