Logfile for a session of program: bootstrap_binary.r
-----------------------------------------------------
INPUT:
workDir: C:/dino_nature/output/2023-11-07-D1\bs/set_1639
Nbootstrapsets: 2000
phyloFDAfile: c:/dino_nature/code/phylo.fda.R
auxFile: c:/dino_nature/code/auxiliary.r
boneType: femur
regressionData.file: C:/dino_nature/output/2023-11-07-D1\bs/set_1639/femur_set_1639.csv
applyDataFilter: FALSE
addTreeTips: TRUE
Ntrees: 100
calculateTrees: TRUE
saveTrees: FALSE


OPERATIONAL CHECKS:
* Regression data contains multiple copies of some taxa (user added variants of existing test taxa 
   or replacements due to bootstrap are present) which are not in the phylo tree:
     original taxon,   duplicate   
"1","Raphus","Raphus.1"
"2","Monodelphis_domestica","Monodelphis_domestica.1"
"3","Meles_meles","Meles_meles.1"
"4","Loxodonta_africana","Loxodonta_africana.1"
"5","Loxodonta_africana","Loxodonta_africana.2"
"6","Diplomesodon_pulchellum","Diplomesodon_pulchellum.1"
"7","Mammuthus_sp","Mammuthus_sp.1"
"8","Microgale_thomasi","Microgale_thomasi.1"
"9","Tamandua_tetradactyla","Tamandua_tetradactyla.1"
"10","Capreolus_capreolus","Capreolus_capreolus.1"
"11","Atlantisia_rogersi","Atlantisia_rogersi.1"
"12","Tamandua_tetradactyla","Tamandua_tetradactyla.2"
"13","Alces_americanus","Alces_americanus.1"
"14","Raphus","Raphus.2"
"15","Taxidea_taxus","Taxidea_taxus.1"
"16","Caloenas_nicobarica","Caloenas_nicobarica.1"
"17","Xenicus_giliventris","Xenicus_giliventris.1"
"18","Felis_felis","Felis_felis.1"
"19","Xenicus_giliventris","Xenicus_giliventris.2"
"20","Taxidea_taxus","Taxidea_taxus.2"
"21","Felis_felis","Felis_felis.2"
"22","Ornithorhynchus_anatinus","Ornithorhynchus_anatinus.1"
"23","Simosaurus_1","Simosaurus_1.1"
"24","Rhaeticosaurus","Rhaeticosaurus.1"
"25","Simosaurus","Simosaurus.1"
"26","Placodontia_indet_1","Placodontia_indet_1.1"
"27","Phalacrocorax_harrisi","Phalacrocorax_harrisi.1"
"28","Spheniscus","Spheniscus.1"
"29","Callophoca_obscura","Callophoca_obscura.1"
"30","Rhaeticosaurus","Rhaeticosaurus.2"
"31","Nothosaurus_giganteus","Nothosaurus_giganteus.1"
"32","Spheniscus","Spheniscus.2"
"33","Cricosaurus","Cricosaurus.1"
"34","Psephoderma","Psephoderma.1"
"35","Champsosaurus","Champsosaurus.1"
"36","Spheniscus","Spheniscus.3"
"37","Nothosaurus_giganteus","Nothosaurus_giganteus.2"
"38","Nothosaurus_568","Nothosaurus_568.1"
"39","Chapsosaurus_","Chapsosaurus_.1"
"40","Hippopotamus_amphibius","Hippopotamus_amphibius.1"
"41","Rhaeticosaurus","Rhaeticosaurus.3"
"42","Hydromys_chrysogaster","Hydromys_chrysogaster.1"
"43","Ichtyosaur_sp","Ichtyosaur_sp.1"
"44","Lutra_vulgaris","Lutra_vulgaris.1"
"45","Spinosaurus_","Spinosaurus_.1"
"46","Spinosaurus_","Spinosaurus_.2"
"47","Spinosaurus_","Spinosaurus_.3"
"48","Spinosaurus_","Spinosaurus_.4"
"49","Spinosaurus_","Spinosaurus_.5"
"50","Spinosaurus_","Spinosaurus_.6"
"51","Spinosaurus_","Spinosaurus_.7"
"52","Spinosaurus_","Spinosaurus_.8"
"53","Spinosaurus_","Spinosaurus_.9"
"54","Spinosaurus_","Spinosaurus_.10"
"55","Spinosaurus_","Spinosaurus_.11"
"56","Suchomimus","Suchomimus.1"
"57","Suchomimus","Suchomimus.2"
"58","Suchomimus","Suchomimus.3"
"59","Baryonyx","Baryonyx.1"
"60","Baryonyx","Baryonyx.2"
"61","Baryonyx","Baryonyx.3"
 
* Phylo tree and the main data and strata files have been modified to include duplicated taxa before the scaled random trees are generated.
* Selected categorical labels column: diving.or.not
* diving.or.equal column is identical to Diving column.
* Regression excludes flying taxa.
* Diving labels that are present in regression: 0,2
* lambda (calculated from a random tree) = : 0.16
* index-name alignment check: OK
