Logfile for a session of program: bootstrap_binary.r
-----------------------------------------------------
INPUT:
workDir: C:/dino_nature/output/2023-11-07-D1\bs/set_1157
Nbootstrapsets: 2000
phyloFDAfile: c:/dino_nature/code/phylo.fda.R
auxFile: c:/dino_nature/code/auxiliary.r
boneType: femur
regressionData.file: C:/dino_nature/output/2023-11-07-D1\bs/set_1157/femur_set_1157.csv
applyDataFilter: FALSE
addTreeTips: TRUE
Ntrees: 100
calculateTrees: TRUE
saveTrees: FALSE


OPERATIONAL CHECKS:
* Regression data contains multiple copies of some taxa (user added variants of existing test taxa 
   or replacements due to bootstrap are present) which are not in the phylo tree:
     original taxon,   duplicate   
"1","Caloenas_nicobarica","Caloenas_nicobarica.1"
"2","Rattus_rattus","Rattus_rattus.1"
"3","Bos_taurus","Bos_taurus.1"
"4","Apteryx_australis","Apteryx_australis.1"
"5","Mustela_nivalis","Mustela_nivalis.1"
"6","Uncia_uncia","Uncia_uncia.1"
"7","Elephas_maximus","Elephas_maximus.1"
"8","Apteryx_owenii_","Apteryx_owenii_.1"
"9","Apteryx_australis","Apteryx_australis.2"
"10","Nyctereutes_procyonoides","Nyctereutes_procyonoides.1"
"11","Porphyrio_hochstetteri","Porphyrio_hochstetteri.1"
"12","Procyon_lotor","Procyon_lotor.1"
"13","Elephas_maximus","Elephas_maximus.2"
"14","Atlantisia_rogersi","Atlantisia_rogersi.1"
"15","Elomeryx_borbonicus_","Elomeryx_borbonicus_.1"
"16","Tamandua_tetradactyla","Tamandua_tetradactyla.1"
"17","Raphus","Raphus.1"
"18","Mustela_nivalis","Mustela_nivalis.2"
"19","Raphus","Raphus.2"
"20","Rattus_rattus","Rattus_rattus.2"
"21","Loxodonta_africana","Loxodonta_africana.1"
"22","Bison_bonasus","Bison_bonasus.1"
"23","Protochampsidae","Protochampsidae.1"
"24","Champsosaurus","Champsosaurus.1"
"25","Simosaurus","Simosaurus.1"
"26","Nothosaurus_150","Nothosaurus_150.1"
"27","Small_Eocene_penguin","Small_Eocene_penguin.1"
"28","Small_Eocene_penguin","Small_Eocene_penguin.2"
"29","Ornithorhynchus_anatinus","Ornithorhynchus_anatinus.1"
"30","Leptophoca_proxima","Leptophoca_proxima.1"
"31","Hesperornis","Hesperornis.1"
"32","Ornithorhynchus_anatinus","Ornithorhynchus_anatinus.2"
"33","Phalacrocorax_harrisi","Phalacrocorax_harrisi.1"
"34","Chapsosaurus_","Chapsosaurus_.1"
"35","Metryorhynchus","Metryorhynchus.1"
"36","Ichtyosaur_sp","Ichtyosaur_sp.1"
"37","Paraplacodus","Paraplacodus.1"
"38","Nothosaurus_102","Nothosaurus_102.1"
"39","Micropotamogale_euwenzorii","Micropotamogale_euwenzorii.1"
"40","Indohyus","Indohyus.1"
"41","Micropotamogale_euwenzorii","Micropotamogale_euwenzorii.2"
"42","Chapsosaurus_","Chapsosaurus_.2"
"43","Neusticosaurus","Neusticosaurus.1"
"44","Spinosaurus_","Spinosaurus_.1"
"45","Spinosaurus_","Spinosaurus_.2"
"46","Spinosaurus_","Spinosaurus_.3"
"47","Spinosaurus_","Spinosaurus_.4"
"48","Spinosaurus_","Spinosaurus_.5"
"49","Spinosaurus_","Spinosaurus_.6"
"50","Spinosaurus_","Spinosaurus_.7"
"51","Spinosaurus_","Spinosaurus_.8"
"52","Spinosaurus_","Spinosaurus_.9"
"53","Spinosaurus_","Spinosaurus_.10"
"54","Spinosaurus_","Spinosaurus_.11"
"55","Suchomimus","Suchomimus.1"
"56","Suchomimus","Suchomimus.2"
"57","Suchomimus","Suchomimus.3"
"58","Baryonyx","Baryonyx.1"
"59","Baryonyx","Baryonyx.2"
"60","Baryonyx","Baryonyx.3"
 
* Phylo tree and the main data and strata files have been modified to include duplicated taxa before the scaled random trees are generated.
* Selected categorical labels column: diving.or.not
* diving.or.equal column is identical to Diving column.
* Regression excludes flying taxa.
* Diving labels that are present in regression: 0,2
* lambda (calculated from a random tree) = : 0.11
* index-name alignment check: OK
