Logfile for a session of program: bootstrap_binary.r
-----------------------------------------------------
INPUT:
workDir: C:/dino_nature/output/2023-11-07-D1\bs/set_45
Nbootstrapsets: 2000
phyloFDAfile: c:/dino_nature/code/phylo.fda.R
auxFile: c:/dino_nature/code/auxiliary.r
boneType: femur
regressionData.file: C:/dino_nature/output/2023-11-07-D1\bs/set_45/femur_set_45.csv
applyDataFilter: FALSE
addTreeTips: TRUE
Ntrees: 100
calculateTrees: TRUE
saveTrees: FALSE


OPERATIONAL CHECKS:
* Regression data contains multiple copies of some taxa (user added variants of existing test taxa 
   or replacements due to bootstrap are present) which are not in the phylo tree:
     original taxon,   duplicate   
"1","Monodelphis_domestica","Monodelphis_domestica.1"
"2","Xenicus_giliventris","Xenicus_giliventris.1"
"3","Bos_taurus","Bos_taurus.1"
"4","Rhynchocyon_petersi","Rhynchocyon_petersi.1"
"5","Taxidea_taxus","Taxidea_taxus.1"
"6","Myrmecophaga_tridactyla","Myrmecophaga_tridactyla.1"
"7","Microgale_thomasi","Microgale_thomasi.1"
"8","Myrmecophaga_tridactyla","Myrmecophaga_tridactyla.2"
"9","Atlantisia_rogersi","Atlantisia_rogersi.1"
"10","Dasyurus_maculatus","Dasyurus_maculatus.1"
"11","Lama_guanicoe","Lama_guanicoe.1"
"12","Apteryx_owenii_","Apteryx_owenii_.1"
"13","Mustela_nivalis","Mustela_nivalis.1"
"14","Megaloceros_sp","Megaloceros_sp.1"
"15","Brachyodus_onoideum","Brachyodus_onoideum.1"
"16","Brachyodus_onoideum","Brachyodus_onoideum.2"
"17","Caloenas_nicobarica","Caloenas_nicobarica.1"
"18","Paguma_larvata","Paguma_larvata.1"
"19","Dicerorhinus_sumatrensis","Dicerorhinus_sumatrensis.1"
"20","Tribonyx_mortieri","Tribonyx_mortieri.1"
"21","Hydromys_chrysogaster","Hydromys_chrysogaster.1"
"22","Plesiosaurus","Plesiosaurus.1"
"23","Placodontia_indet_1","Placodontia_indet_1.1"
"24","Basilosaurus","Basilosaurus.1"
"25","Nanophoca_vitulinoides","Nanophoca_vitulinoides.1"
"26","Simosaurus","Simosaurus.1"
"27","Simosaurus","Simosaurus.2"
"28","Nothosaurus_102","Nothosaurus_102.1"
"29","Caiman_yacare","Caiman_yacare.1"
"30","Small_Eocene_penguin","Small_Eocene_penguin.1"
"31","Psephoderma","Psephoderma.1"
"32","Remingtonocetus","Remingtonocetus.1"
"33","Anarosaurus","Anarosaurus.1"
"34","Chapsosaurus_","Chapsosaurus_.1"
"35","Plesiosaurus","Plesiosaurus.2"
"36","Paraplacodus","Paraplacodus.1"
"37","Lutra_vulgaris","Lutra_vulgaris.1"
"38","Maiacetus","Maiacetus.1"
"39","Chapsosaurus_","Chapsosaurus_.2"
"40","Nothosaurus_568","Nothosaurus_568.1"
"41","Ichtyosaurus_","Ichtyosaurus_.1"
"42","Nothosaurus_150","Nothosaurus_150.1"
"43","Spinosaurus_","Spinosaurus_.1"
"44","Spinosaurus_","Spinosaurus_.2"
"45","Spinosaurus_","Spinosaurus_.3"
"46","Spinosaurus_","Spinosaurus_.4"
"47","Spinosaurus_","Spinosaurus_.5"
"48","Spinosaurus_","Spinosaurus_.6"
"49","Spinosaurus_","Spinosaurus_.7"
"50","Spinosaurus_","Spinosaurus_.8"
"51","Spinosaurus_","Spinosaurus_.9"
"52","Spinosaurus_","Spinosaurus_.10"
"53","Spinosaurus_","Spinosaurus_.11"
"54","Suchomimus","Suchomimus.1"
"55","Suchomimus","Suchomimus.2"
"56","Suchomimus","Suchomimus.3"
"57","Baryonyx","Baryonyx.1"
"58","Baryonyx","Baryonyx.2"
"59","Baryonyx","Baryonyx.3"
 
* Phylo tree and the main data and strata files have been modified to include duplicated taxa before the scaled random trees are generated.
* Selected categorical labels column: diving.or.not
* diving.or.equal column is identical to Diving column.
* Regression excludes flying taxa.
* Diving labels that are present in regression: 0,2
* lambda (calculated from a random tree) = : 0.13
* index-name alignment check: OK
