Logfile for a session of program: bootstrap_binary.r
-----------------------------------------------------
INPUT:
workDir: C:/dino_nature/output/2023-11-07-D1\bs/set_525
Nbootstrapsets: 2000
phyloFDAfile: c:/dino_nature/code/phylo.fda.R
auxFile: c:/dino_nature/code/auxiliary.r
boneType: femur
regressionData.file: C:/dino_nature/output/2023-11-07-D1\bs/set_525/femur_set_525.csv
applyDataFilter: FALSE
addTreeTips: TRUE
Ntrees: 100
calculateTrees: TRUE
saveTrees: FALSE


OPERATIONAL CHECKS:
* Regression data contains multiple copies of some taxa (user added variants of existing test taxa 
   or replacements due to bootstrap are present) which are not in the phylo tree:
     original taxon,   duplicate   
"1","Myrmecophaga_tridactyla","Myrmecophaga_tridactyla.1"
"2","Rattus_rattus","Rattus_rattus.1"
"3","Bos_taurus","Bos_taurus.1"
"4","Mustela_nivalis","Mustela_nivalis.1"
"5","Rhynchocyon_petersi","Rhynchocyon_petersi.1"
"6","Strigiops_habroptilus","Strigiops_habroptilus.1"
"7","Ceratotherium_simum","Ceratotherium_simum.1"
"8","Procyon_lotor","Procyon_lotor.1"
"9","Strigiops_habroptilus","Strigiops_habroptilus.2"
"10","Megaloceros_sp","Megaloceros_sp.1"
"11","Bos_taurus","Bos_taurus.2"
"12","Rynochetus_jubatus","Rynochetus_jubatus.1"
"13","Rynochetus_jubatus","Rynochetus_jubatus.2"
"14","Taxidea_taxus","Taxidea_taxus.1"
"15","Hemiechinus_azurites","Hemiechinus_azurites.1"
"16","Okapia_johnstoni","Okapia_johnstoni.1"
"17","Hemiechinus_azurites","Hemiechinus_azurites.2"
"18","Loxodonta_africana","Loxodonta_africana.1"
"19","Ceratotherium_simum","Ceratotherium_simum.2"
"20","Strigiops_habroptilus","Strigiops_habroptilus.3"
"21","Loxodonta_africana","Loxodonta_africana.2"
"22","Diplomesodon_pulchellum","Diplomesodon_pulchellum.1"
"23","Dromaius_","Dromaius_.1"
"24","Placodontia_indet_1","Placodontia_indet_1.1"
"25","Serpianosaurus","Serpianosaurus.1"
"26","Placodontia_indet_1","Placodontia_indet_1.2"
"27","Small_Eocene_penguin","Small_Eocene_penguin.1"
"28","Hydromys_chrysogaster","Hydromys_chrysogaster.1"
"29","Lutra_vulgaris","Lutra_vulgaris.1"
"30","Nothosaurus_mirabilis","Nothosaurus_mirabilis.1"
"31","Ichtyosaur_sp","Ichtyosaur_sp.1"
"32","Placodontia_indet_1","Placodontia_indet_1.3"
"33","Placodontia_indet_1","Placodontia_indet_1.4"
"34","Hydromys_chrysogaster","Hydromys_chrysogaster.2"
"35","Cricosaurus","Cricosaurus.1"
"36","Hippopotamus_amphibius","Hippopotamus_amphibius.1"
"37","Hydromys_chrysogaster","Hydromys_chrysogaster.3"
"38","Ornithorhynchus_anatinus","Ornithorhynchus_anatinus.1"
"39","Ichtyosaur_sp","Ichtyosaur_sp.2"
"40","Small_Eocene_penguin","Small_Eocene_penguin.2"
"41","Noemys_fodies","Noemys_fodies.1"
"42","Rodhocetus","Rodhocetus.1"
"43","Nothosaurus_mirabilis_1","Nothosaurus_mirabilis_1.1"
"44","Hippopotamus_amphibius","Hippopotamus_amphibius.2"
"45","Nothosaurus_150","Nothosaurus_150.1"
"46","Tapirus_terrestris","Tapirus_terrestris.1"
"47","Nothosaurus_giganteus","Nothosaurus_giganteus.1"
"48","Hydromys_chrysogaster","Hydromys_chrysogaster.4"
"49","Spinosaurus_","Spinosaurus_.1"
"50","Spinosaurus_","Spinosaurus_.2"
"51","Spinosaurus_","Spinosaurus_.3"
"52","Spinosaurus_","Spinosaurus_.4"
"53","Spinosaurus_","Spinosaurus_.5"
"54","Spinosaurus_","Spinosaurus_.6"
"55","Spinosaurus_","Spinosaurus_.7"
"56","Spinosaurus_","Spinosaurus_.8"
"57","Spinosaurus_","Spinosaurus_.9"
"58","Spinosaurus_","Spinosaurus_.10"
"59","Spinosaurus_","Spinosaurus_.11"
"60","Suchomimus","Suchomimus.1"
"61","Suchomimus","Suchomimus.2"
"62","Suchomimus","Suchomimus.3"
"63","Baryonyx","Baryonyx.1"
"64","Baryonyx","Baryonyx.2"
"65","Baryonyx","Baryonyx.3"
 
* Phylo tree and the main data and strata files have been modified to include duplicated taxa before the scaled random trees are generated.
* Selected categorical labels column: diving.or.not
* diving.or.equal column is identical to Diving column.
* Regression excludes flying taxa.
* Diving labels that are present in regression: 0,2
* lambda (calculated from a random tree) = : 0.11
* index-name alignment check: OK
