Logfile for a session of program: bootstrap_binary.r
-----------------------------------------------------
INPUT:
workDir: C:/dino_nature/output/2023-11-07-D1\bs/set_325
Nbootstrapsets: 2000
phyloFDAfile: c:/dino_nature/code/phylo.fda.R
auxFile: c:/dino_nature/code/auxiliary.r
boneType: femur
regressionData.file: C:/dino_nature/output/2023-11-07-D1\bs/set_325/femur_set_325.csv
applyDataFilter: FALSE
addTreeTips: TRUE
Ntrees: 100
calculateTrees: TRUE
saveTrees: FALSE


OPERATIONAL CHECKS:
* Regression data contains multiple copies of some taxa (user added variants of existing test taxa 
   or replacements due to bootstrap are present) which are not in the phylo tree:
     original taxon,   duplicate   
"1","Pogona_viceps","Pogona_viceps.1"
"2","Xenicus_giliventris","Xenicus_giliventris.1"
"3","Taxidea_taxus","Taxidea_taxus.1"
"4","Lama_guanicoe","Lama_guanicoe.1"
"5","Rangifer_tarandus","Rangifer_tarandus.1"
"6","Myrmecophaga_tridactyla","Myrmecophaga_tridactyla.1"
"7","Nyctereutes_procyonoides","Nyctereutes_procyonoides.1"
"8","Strigiops_habroptilus","Strigiops_habroptilus.1"
"9","Apteryx_australis","Apteryx_australis.1"
"10","Porphyrio_hochstetteri","Porphyrio_hochstetteri.1"
"11","Rhynchocyon_petersi","Rhynchocyon_petersi.1"
"12","Taxidea_taxus","Taxidea_taxus.2"
"13","Dasyurus_maculatus","Dasyurus_maculatus.1"
"14","Atlantisia_rogersi","Atlantisia_rogersi.1"
"15","Mustela_nivalis","Mustela_nivalis.1"
"16","Loxodonta_africana","Loxodonta_africana.1"
"17","Meles_meles","Meles_meles.1"
"18","Elomeryx_borbonicus_","Elomeryx_borbonicus_.1"
"19","Mustela_nivalis","Mustela_nivalis.2"
"20","Dromaius_","Dromaius_.1"
"21","Taxidea_taxus","Taxidea_taxus.3"
"22","Tapirus_terrestris","Tapirus_terrestris.1"
"23","Simosaurus_1","Simosaurus_1.1"
"24","Hippopotamus_amphibius","Hippopotamus_amphibius.1"
"25","Nanophoca_vitulinoides","Nanophoca_vitulinoides.1"
"26","Callophoca_obscura","Callophoca_obscura.1"
"27","Nothosaurus_giganteus","Nothosaurus_giganteus.1"
"28","Champsosaurus","Champsosaurus.1"
"29","Neusticosaurus","Neusticosaurus.1"
"30","Alligator","Alligator.1"
"31","Indohyus","Indohyus.1"
"32","Psephoderma","Psephoderma.1"
"33","Placondontia_indet","Placondontia_indet.1"
"34","Pistosaurus","Pistosaurus.1"
"35","Alligator","Alligator.2"
"36","Hesperornis","Hesperornis.1"
"37","Nothosaurus_giganteus","Nothosaurus_giganteus.2"
"38","Micropotamogale_euwenzorii","Micropotamogale_euwenzorii.1"
"39","Caiman_yacare","Caiman_yacare.1"
"40","Nothosaurus_mirabilis_1","Nothosaurus_mirabilis_1.1"
"41","Desmostylus_hesperus","Desmostylus_hesperus.1"
"42","Noemys_fodies","Noemys_fodies.1"
"43","Spinosaurus_","Spinosaurus_.1"
"44","Spinosaurus_","Spinosaurus_.2"
"45","Spinosaurus_","Spinosaurus_.3"
"46","Spinosaurus_","Spinosaurus_.4"
"47","Spinosaurus_","Spinosaurus_.5"
"48","Spinosaurus_","Spinosaurus_.6"
"49","Spinosaurus_","Spinosaurus_.7"
"50","Spinosaurus_","Spinosaurus_.8"
"51","Spinosaurus_","Spinosaurus_.9"
"52","Spinosaurus_","Spinosaurus_.10"
"53","Spinosaurus_","Spinosaurus_.11"
"54","Suchomimus","Suchomimus.1"
"55","Suchomimus","Suchomimus.2"
"56","Suchomimus","Suchomimus.3"
"57","Baryonyx","Baryonyx.1"
"58","Baryonyx","Baryonyx.2"
"59","Baryonyx","Baryonyx.3"
 
* Phylo tree and the main data and strata files have been modified to include duplicated taxa before the scaled random trees are generated.
* Selected categorical labels column: diving.or.not
* diving.or.equal column is identical to Diving column.
* Regression excludes flying taxa.
* Diving labels that are present in regression: 0,2
* lambda (calculated from a random tree) = : 0.08
* index-name alignment check: OK
