Logfile for a session of program: bootstrap_binary.r
-----------------------------------------------------
INPUT:
workDir: C:/dino_nature/output/2023-11-07-D1\bs/set_1175
Nbootstrapsets: 2000
phyloFDAfile: c:/dino_nature/code/phylo.fda.R
auxFile: c:/dino_nature/code/auxiliary.r
boneType: femur
regressionData.file: C:/dino_nature/output/2023-11-07-D1\bs/set_1175/femur_set_1175.csv
applyDataFilter: FALSE
addTreeTips: TRUE
Ntrees: 100
calculateTrees: TRUE
saveTrees: FALSE


OPERATIONAL CHECKS:
* Regression data contains multiple copies of some taxa (user added variants of existing test taxa 
   or replacements due to bootstrap are present) which are not in the phylo tree:
     original taxon,   duplicate   
"1","Lacerta_viridis","Lacerta_viridis.1"
"2","Syncerus_caffer","Syncerus_caffer.1"
"3","Tribonyx_mortieri","Tribonyx_mortieri.1"
"4","Raphus","Raphus.1"
"5","Elomeryx_borbonicus_","Elomeryx_borbonicus_.1"
"6","Elomeryx_borbonicus_","Elomeryx_borbonicus_.2"
"7","Procyon_lotor","Procyon_lotor.1"
"8","Euroscaptor_micrura","Euroscaptor_micrura.1"
"9","Atlantisia_rogersi","Atlantisia_rogersi.1"
"10","Dicerorhinus_sumatrensis","Dicerorhinus_sumatrensis.1"
"11","Taxidea_taxus","Taxidea_taxus.1"
"12","Elomeryx_borbonicus_","Elomeryx_borbonicus_.3"
"13","Syncerus_caffer","Syncerus_caffer.2"
"14","Elomeryx_borbonicus_","Elomeryx_borbonicus_.4"
"15","Lacerta_viridis","Lacerta_viridis.2"
"16","Mustela_nivalis","Mustela_nivalis.1"
"17","Desmana_moschata","Desmana_moschata.1"
"18","Spheniscus","Spheniscus.1"
"19","large_eocene_stem_penguin","large_eocene_stem_penguin.1"
"20","large_eocene_stem_penguin","large_eocene_stem_penguin.2"
"21","Micropotamogale_euwenzorii","Micropotamogale_euwenzorii.1"
"22","Caiman_yacare","Caiman_yacare.1"
"23","Nothosaurus_568","Nothosaurus_568.1"
"24","Metryorhynchus","Metryorhynchus.1"
"25","Caiman_yacare","Caiman_yacare.2"
"26","Serpianosaurus","Serpianosaurus.1"
"27","Remingtonocetus","Remingtonocetus.1"
"28","Ichtyosaurus_","Ichtyosaurus_.1"
"29","Cricosaurus","Cricosaurus.1"
"30","Ichtyosaur_sp","Ichtyosaur_sp.1"
"31","Chironectes_minimus","Chironectes_minimus.1"
"32","Champsosaurus","Champsosaurus.1"
"33","Nothosaurus_giganteus","Nothosaurus_giganteus.1"
"34","Callophoca_obscura","Callophoca_obscura.1"
"35","Anarosaurus","Anarosaurus.1"
"36","Spinosaurus_","Spinosaurus_.1"
"37","Spinosaurus_","Spinosaurus_.2"
"38","Spinosaurus_","Spinosaurus_.3"
"39","Spinosaurus_","Spinosaurus_.4"
"40","Spinosaurus_","Spinosaurus_.5"
"41","Spinosaurus_","Spinosaurus_.6"
"42","Spinosaurus_","Spinosaurus_.7"
"43","Spinosaurus_","Spinosaurus_.8"
"44","Spinosaurus_","Spinosaurus_.9"
"45","Spinosaurus_","Spinosaurus_.10"
"46","Spinosaurus_","Spinosaurus_.11"
"47","Suchomimus","Suchomimus.1"
"48","Suchomimus","Suchomimus.2"
"49","Suchomimus","Suchomimus.3"
"50","Baryonyx","Baryonyx.1"
"51","Baryonyx","Baryonyx.2"
"52","Baryonyx","Baryonyx.3"
 
* Phylo tree and the main data and strata files have been modified to include duplicated taxa before the scaled random trees are generated.
* Selected categorical labels column: diving.or.not
* diving.or.equal column is identical to Diving column.
* Regression excludes flying taxa.
* Diving labels that are present in regression: 0,2
* lambda (calculated from a random tree) = : 0.1
* index-name alignment check: OK
