Logfile for a session of program: bootstrap_binary.r
-----------------------------------------------------
INPUT:
workDir: C:/dino_nature/output/2023-11-07-D1\bs/set_1756
Nbootstrapsets: 2000
phyloFDAfile: c:/dino_nature/code/phylo.fda.R
auxFile: c:/dino_nature/code/auxiliary.r
boneType: femur
regressionData.file: C:/dino_nature/output/2023-11-07-D1\bs/set_1756/femur_set_1756.csv
applyDataFilter: FALSE
addTreeTips: TRUE
Ntrees: 100
calculateTrees: TRUE
saveTrees: FALSE


OPERATIONAL CHECKS:
* Regression data contains multiple copies of some taxa (user added variants of existing test taxa 
   or replacements due to bootstrap are present) which are not in the phylo tree:
     original taxon,   duplicate   
"1","Bos_taurus","Bos_taurus.1"
"2","Dicerorhinus_sumatrensis","Dicerorhinus_sumatrensis.1"
"3","Dicerorhinus_sumatrensis","Dicerorhinus_sumatrensis.2"
"4","Bison_bonasus","Bison_bonasus.1"
"5","Strigiops_habroptilus","Strigiops_habroptilus.1"
"6","Rattus_rattus","Rattus_rattus.1"
"7","Sphenodon_punctatus","Sphenodon_punctatus.1"
"8","Atlantisia_rogersi","Atlantisia_rogersi.1"
"9","Diplomesodon_pulchellum","Diplomesodon_pulchellum.1"
"10","Rattus_rattus","Rattus_rattus.2"
"11","Rhynchocyon_petersi","Rhynchocyon_petersi.1"
"12","Microgale_thomasi","Microgale_thomasi.1"
"13","Taxidea_taxus","Taxidea_taxus.1"
"14","Alces_americanus","Alces_americanus.1"
"15","Tribonyx_mortieri","Tribonyx_mortieri.1"
"16","Monodelphis_domestica","Monodelphis_domestica.1"
"17","Alces_americanus","Alces_americanus.2"
"18","Caloenas_nicobarica","Caloenas_nicobarica.1"
"19","Mus_musculus","Mus_musculus.1"
"20","Rhynchocyon_petersi","Rhynchocyon_petersi.2"
"21","Rattus_rattus","Rattus_rattus.3"
"22","Diplomesodon_pulchellum","Diplomesodon_pulchellum.2"
"23","Euroscaptor_micrura","Euroscaptor_micrura.1"
"24","Uncia_uncia","Uncia_uncia.1"
"25","Hesperornis","Hesperornis.1"
"26","Maiacetus","Maiacetus.1"
"27","Ichtyosaur_sp","Ichtyosaur_sp.1"
"28","Lutra_vulgaris","Lutra_vulgaris.1"
"29","Hexaprotodon_garyam","Hexaprotodon_garyam.1"
"30","Metryorhynchus","Metryorhynchus.1"
"31","Ichtyosaur_sp","Ichtyosaur_sp.2"
"32","Spheniscus","Spheniscus.1"
"33","Chapsosaurus_","Chapsosaurus_.1"
"34","Maiacetus","Maiacetus.2"
"35","Palaeospheniscus","Palaeospheniscus.1"
"36","Plesiosaurus","Plesiosaurus.1"
"37","Spheniscus","Spheniscus.2"
"38","Rhaeticosaurus","Rhaeticosaurus.1"
"39","Maiacetus","Maiacetus.3"
"40","Simosaurus_1","Simosaurus_1.1"
"41","Hesperornis","Hesperornis.2"
"42","Remingtonocetus","Remingtonocetus.1"
"43","Psephoderma","Psephoderma.1"
"44","Callophoca_obscura","Callophoca_obscura.1"
"45","Lutra_vulgaris","Lutra_vulgaris.2"
"46","Desmostylus_hesperus","Desmostylus_hesperus.1"
"47","Chapsosaurus_","Chapsosaurus_.2"
"48","Palaeospheniscus","Palaeospheniscus.2"
"49","Spinosaurus_","Spinosaurus_.1"
"50","Spinosaurus_","Spinosaurus_.2"
"51","Spinosaurus_","Spinosaurus_.3"
"52","Spinosaurus_","Spinosaurus_.4"
"53","Spinosaurus_","Spinosaurus_.5"
"54","Spinosaurus_","Spinosaurus_.6"
"55","Spinosaurus_","Spinosaurus_.7"
"56","Spinosaurus_","Spinosaurus_.8"
"57","Spinosaurus_","Spinosaurus_.9"
"58","Spinosaurus_","Spinosaurus_.10"
"59","Spinosaurus_","Spinosaurus_.11"
"60","Suchomimus","Suchomimus.1"
"61","Suchomimus","Suchomimus.2"
"62","Suchomimus","Suchomimus.3"
"63","Baryonyx","Baryonyx.1"
"64","Baryonyx","Baryonyx.2"
"65","Baryonyx","Baryonyx.3"
 
* Phylo tree and the main data and strata files have been modified to include duplicated taxa before the scaled random trees are generated.
* Selected categorical labels column: diving.or.not
* diving.or.equal column is identical to Diving column.
* Regression excludes flying taxa.
* Diving labels that are present in regression: 0,2
* lambda (calculated from a random tree) = : 0.07
* index-name alignment check: OK
