Logfile for a session of program: bootstrap_binary.r
-----------------------------------------------------
INPUT:
workDir: C:/dino_nature/output/2023-11-07-D1\bs/set_350
Nbootstrapsets: 2000
phyloFDAfile: c:/dino_nature/code/phylo.fda.R
auxFile: c:/dino_nature/code/auxiliary.r
boneType: femur
regressionData.file: C:/dino_nature/output/2023-11-07-D1\bs/set_350/femur_set_350.csv
applyDataFilter: FALSE
addTreeTips: TRUE
Ntrees: 100
calculateTrees: TRUE
saveTrees: FALSE


OPERATIONAL CHECKS:
* Regression data contains multiple copies of some taxa (user added variants of existing test taxa 
   or replacements due to bootstrap are present) which are not in the phylo tree:
     original taxon,   duplicate   
"1","Nyctereutes_procyonoides","Nyctereutes_procyonoides.1"
"2","Dasyurus_maculatus","Dasyurus_maculatus.1"
"3","Vulpes_vulpes","Vulpes_vulpes.1"
"4","Felis_felis","Felis_felis.1"
"5","Dromaius_","Dromaius_.1"
"6","Vulpes_vulpes","Vulpes_vulpes.2"
"7","Xenicus_giliventris","Xenicus_giliventris.1"
"8","Vulpes_vulpes","Vulpes_vulpes.3"
"9","Taxidea_taxus","Taxidea_taxus.1"
"10","Taxidea_taxus","Taxidea_taxus.2"
"11","Vulpes_vulpes","Vulpes_vulpes.4"
"12","Cephalophus_silvicultor","Cephalophus_silvicultor.1"
"13","Capreolus_capreolus","Capreolus_capreolus.1"
"14","Sus_scrofa","Sus_scrofa.1"
"15","Mustela_nivalis","Mustela_nivalis.1"
"16","Sphenodon_punctatus","Sphenodon_punctatus.1"
"17","Meles_meles","Meles_meles.1"
"18","Elomeryx_borbonicus_","Elomeryx_borbonicus_.1"
"19","Vulpes_vulpes","Vulpes_vulpes.5"
"20","Cricosaurus","Cricosaurus.1"
"21","Ichtyosaurus_","Ichtyosaurus_.1"
"22","Simosaurus","Simosaurus.1"
"23","Paraplacodus","Paraplacodus.1"
"24","Micropotamogale_euwenzorii","Micropotamogale_euwenzorii.1"
"25","Paraplacodus","Paraplacodus.2"
"26","Cryptoclidus","Cryptoclidus.1"
"27","Hexaprotodon_garyam","Hexaprotodon_garyam.1"
"28","Nothosaurus_568","Nothosaurus_568.1"
"29","Ichtyosaurus_","Ichtyosaurus_.2"
"30","Hydromys_chrysogaster","Hydromys_chrysogaster.1"
"31","Ichtyosaurus_","Ichtyosaurus_.3"
"32","Indohyus","Indohyus.1"
"33","Hexaprotodon_garyam","Hexaprotodon_garyam.2"
"34","Nothosaurus_mirabilis","Nothosaurus_mirabilis.1"
"35","Chironectes_minimus","Chironectes_minimus.1"
"36","Indohyus","Indohyus.2"
"37","Champsosaurus","Champsosaurus.1"
"38","Micropotamogale_euwenzorii","Micropotamogale_euwenzorii.2"
"39","Spinosaurus_","Spinosaurus_.1"
"40","Spinosaurus_","Spinosaurus_.2"
"41","Spinosaurus_","Spinosaurus_.3"
"42","Spinosaurus_","Spinosaurus_.4"
"43","Spinosaurus_","Spinosaurus_.5"
"44","Spinosaurus_","Spinosaurus_.6"
"45","Spinosaurus_","Spinosaurus_.7"
"46","Spinosaurus_","Spinosaurus_.8"
"47","Spinosaurus_","Spinosaurus_.9"
"48","Spinosaurus_","Spinosaurus_.10"
"49","Spinosaurus_","Spinosaurus_.11"
"50","Suchomimus","Suchomimus.1"
"51","Suchomimus","Suchomimus.2"
"52","Suchomimus","Suchomimus.3"
"53","Baryonyx","Baryonyx.1"
"54","Baryonyx","Baryonyx.2"
"55","Baryonyx","Baryonyx.3"
 
* Phylo tree and the main data and strata files have been modified to include duplicated taxa before the scaled random trees are generated.
* Selected categorical labels column: diving.or.not
* diving.or.equal column is identical to Diving column.
* Regression excludes flying taxa.
* Diving labels that are present in regression: 0,2
* lambda (calculated from a random tree) = : 0.07
* index-name alignment check: OK
