Logfile for a session of program: bootstrap_binary.r
-----------------------------------------------------
INPUT:
workDir: C:/dino_nature/output/2023-11-07-D1\bs/set_308
Nbootstrapsets: 2000
phyloFDAfile: c:/dino_nature/code/phylo.fda.R
auxFile: c:/dino_nature/code/auxiliary.r
boneType: femur
regressionData.file: C:/dino_nature/output/2023-11-07-D1\bs/set_308/femur_set_308.csv
applyDataFilter: FALSE
addTreeTips: TRUE
Ntrees: 100
calculateTrees: TRUE
saveTrees: FALSE


OPERATIONAL CHECKS:
* Regression data contains multiple copies of some taxa (user added variants of existing test taxa 
   or replacements due to bootstrap are present) which are not in the phylo tree:
     original taxon,   duplicate   
"1","Rangifer_tarandus","Rangifer_tarandus.1"
"2","Procyon_lotor","Procyon_lotor.1"
"3","Myrmecophaga_tridactyla","Myrmecophaga_tridactyla.1"
"4","Uncia_uncia","Uncia_uncia.1"
"5","Okapia_johnstoni","Okapia_johnstoni.1"
"6","Tenrec_ecaudatus","Tenrec_ecaudatus.1"
"7","Strigiops_habroptilus","Strigiops_habroptilus.1"
"8","Rupicapra_rupicapra","Rupicapra_rupicapra.1"
"9","Sphenodon_punctatus","Sphenodon_punctatus.1"
"10","Ceratotherium_simum","Ceratotherium_simum.1"
"11","Rangifer_tarandus","Rangifer_tarandus.2"
"12","Strigiops_habroptilus","Strigiops_habroptilus.2"
"13","Felis_felis","Felis_felis.1"
"14","Sphenodon_punctatus","Sphenodon_punctatus.2"
"15","Procyon_lotor","Procyon_lotor.2"
"16","Rupicapra_rupicapra","Rupicapra_rupicapra.2"
"17","Mus_musculus","Mus_musculus.1"
"18","Pistosaurus","Pistosaurus.1"
"19","Lutra_vulgaris","Lutra_vulgaris.1"
"20","Alligator","Alligator.1"
"21","Micropotamogale_euwenzorii","Micropotamogale_euwenzorii.1"
"22","Desmana_moschata","Desmana_moschata.1"
"23","Nothosaurus_giganteus","Nothosaurus_giganteus.1"
"24","Micropotamogale_euwenzorii","Micropotamogale_euwenzorii.2"
"25","Lutra_vulgaris","Lutra_vulgaris.2"
"26","Plesiosaurus","Plesiosaurus.1"
"27","Paraplacodus","Paraplacodus.1"
"28","Lutra_vulgaris","Lutra_vulgaris.3"
"29","Pistosaurus","Pistosaurus.2"
"30","Desmana_moschata","Desmana_moschata.2"
"31","Pistosaurus","Pistosaurus.3"
"32","Paraplacodus","Paraplacodus.2"
"33","Champsosaurus","Champsosaurus.1"
"34","Noemys_fodies","Noemys_fodies.1"
"35","Serpianosaurus","Serpianosaurus.1"
"36","Nothosaurus_giganteus","Nothosaurus_giganteus.2"
"37","Plesiosaurus","Plesiosaurus.2"
"38","Spinosaurus_","Spinosaurus_.1"
"39","Spinosaurus_","Spinosaurus_.2"
"40","Spinosaurus_","Spinosaurus_.3"
"41","Spinosaurus_","Spinosaurus_.4"
"42","Spinosaurus_","Spinosaurus_.5"
"43","Spinosaurus_","Spinosaurus_.6"
"44","Spinosaurus_","Spinosaurus_.7"
"45","Spinosaurus_","Spinosaurus_.8"
"46","Spinosaurus_","Spinosaurus_.9"
"47","Spinosaurus_","Spinosaurus_.10"
"48","Spinosaurus_","Spinosaurus_.11"
"49","Suchomimus","Suchomimus.1"
"50","Suchomimus","Suchomimus.2"
"51","Suchomimus","Suchomimus.3"
"52","Baryonyx","Baryonyx.1"
"53","Baryonyx","Baryonyx.2"
"54","Baryonyx","Baryonyx.3"
 
* Phylo tree and the main data and strata files have been modified to include duplicated taxa before the scaled random trees are generated.
* Selected categorical labels column: diving.or.not
* diving.or.equal column is identical to Diving column.
* Regression excludes flying taxa.
* Diving labels that are present in regression: 0,2
* lambda (calculated from a random tree) = : 0.07
* index-name alignment check: OK
