Logfile for a session of program: bootstrap_binary.r
-----------------------------------------------------
INPUT:
workDir: C:/dino_nature/output/2023-11-07-D1\bs/set_1400
Nbootstrapsets: 2000
phyloFDAfile: c:/dino_nature/code/phylo.fda.R
auxFile: c:/dino_nature/code/auxiliary.r
boneType: femur
regressionData.file: C:/dino_nature/output/2023-11-07-D1\bs/set_1400/femur_set_1400.csv
applyDataFilter: FALSE
addTreeTips: TRUE
Ntrees: 100
calculateTrees: TRUE
saveTrees: FALSE


OPERATIONAL CHECKS:
* Regression data contains multiple copies of some taxa (user added variants of existing test taxa 
   or replacements due to bootstrap are present) which are not in the phylo tree:
     original taxon,   duplicate   
"1","Nyctereutes_procyonoides","Nyctereutes_procyonoides.1"
"2","Tamandua_tetradactyla","Tamandua_tetradactyla.1"
"3","Rynochetus_jubatus","Rynochetus_jubatus.1"
"4","Nyctereutes_procyonoides","Nyctereutes_procyonoides.2"
"5","Nyctereutes_procyonoides","Nyctereutes_procyonoides.3"
"6","Nyctereutes_procyonoides","Nyctereutes_procyonoides.4"
"7","Giraffa_camelopardalis","Giraffa_camelopardalis.1"
"8","Lacerta_viridis","Lacerta_viridis.1"
"9","Strigiops_habroptilus","Strigiops_habroptilus.1"
"10","Tamandua_tetradactyla","Tamandua_tetradactyla.2"
"11","Elomeryx_borbonicus_","Elomeryx_borbonicus_.1"
"12","Uncia_uncia","Uncia_uncia.1"
"13","Dicerorhinus_sumatrensis","Dicerorhinus_sumatrensis.1"
"14","Uncia_uncia","Uncia_uncia.2"
"15","Brachyodus_onoideum","Brachyodus_onoideum.1"
"16","Monodelphis_domestica","Monodelphis_domestica.1"
"17","Tribonyx_mortieri","Tribonyx_mortieri.1"
"18","Meles_meles","Meles_meles.1"
"19","Felis_felis","Felis_felis.1"
"20","Nyctereutes_procyonoides","Nyctereutes_procyonoides.5"
"21","Loxodonta_africana","Loxodonta_africana.1"
"22","Myrmecophaga_tridactyla","Myrmecophaga_tridactyla.1"
"23","Paraplacodus","Paraplacodus.1"
"24","Plesiosaurus","Plesiosaurus.1"
"25","Chironectes_minimus","Chironectes_minimus.1"
"26","Plesiosaurus","Plesiosaurus.2"
"27","Desmostylus_hesperus","Desmostylus_hesperus.1"
"28","Serpianosaurus","Serpianosaurus.1"
"29","Palaeospheniscus","Palaeospheniscus.1"
"30","Placondontia_indet","Placondontia_indet.1"
"31","Protochampsidae","Protochampsidae.1"
"32","Simosaurus_1","Simosaurus_1.1"
"33","Chironectes_minimus","Chironectes_minimus.2"
"34","Leptophoca_proxima","Leptophoca_proxima.1"
"35","Dyrosaurid","Dyrosaurid.1"
"36","Ichtyosaur_sp","Ichtyosaur_sp.1"
"37","Hydromys_chrysogaster","Hydromys_chrysogaster.1"
"38","Cricosaurus","Cricosaurus.1"
"39","Cricosaurus","Cricosaurus.2"
"40","Plesiosaurus","Plesiosaurus.3"
"41","Nothosaurus_150","Nothosaurus_150.1"
"42","Castor_fiber","Castor_fiber.1"
"43","large_eocene_stem_penguin","large_eocene_stem_penguin.1"
"44","Spinosaurus_","Spinosaurus_.1"
"45","Spinosaurus_","Spinosaurus_.2"
"46","Spinosaurus_","Spinosaurus_.3"
"47","Spinosaurus_","Spinosaurus_.4"
"48","Spinosaurus_","Spinosaurus_.5"
"49","Spinosaurus_","Spinosaurus_.6"
"50","Spinosaurus_","Spinosaurus_.7"
"51","Spinosaurus_","Spinosaurus_.8"
"52","Spinosaurus_","Spinosaurus_.9"
"53","Spinosaurus_","Spinosaurus_.10"
"54","Spinosaurus_","Spinosaurus_.11"
"55","Suchomimus","Suchomimus.1"
"56","Suchomimus","Suchomimus.2"
"57","Suchomimus","Suchomimus.3"
"58","Baryonyx","Baryonyx.1"
"59","Baryonyx","Baryonyx.2"
"60","Baryonyx","Baryonyx.3"
 
* Phylo tree and the main data and strata files have been modified to include duplicated taxa before the scaled random trees are generated.
* Selected categorical labels column: diving.or.not
* diving.or.equal column is identical to Diving column.
* Regression excludes flying taxa.
* Diving labels that are present in regression: 0,2
* lambda (calculated from a random tree) = : 0.11
* index-name alignment check: OK
