Logfile for a session of program: bootstrap_binary.r
-----------------------------------------------------
INPUT:
workDir: C:/dino_nature/output/2023-11-07-D1\bs/set_1233
Nbootstrapsets: 2000
phyloFDAfile: c:/dino_nature/code/phylo.fda.R
auxFile: c:/dino_nature/code/auxiliary.r
boneType: femur
regressionData.file: C:/dino_nature/output/2023-11-07-D1\bs/set_1233/femur_set_1233.csv
applyDataFilter: FALSE
addTreeTips: TRUE
Ntrees: 100
calculateTrees: TRUE
saveTrees: FALSE


OPERATIONAL CHECKS:
* Regression data contains multiple copies of some taxa (user added variants of existing test taxa 
   or replacements due to bootstrap are present) which are not in the phylo tree:
     original taxon,   duplicate   
"1","Bos_taurus","Bos_taurus.1"
"2","Tribonyx_mortieri","Tribonyx_mortieri.1"
"3","Vulpes_vulpes","Vulpes_vulpes.1"
"4","Bos_taurus","Bos_taurus.2"
"5","Uncia_uncia","Uncia_uncia.1"
"6","Xenicus_giliventris","Xenicus_giliventris.1"
"7","Uncia_uncia","Uncia_uncia.2"
"8","Cephalophus_silvicultor","Cephalophus_silvicultor.1"
"9","Vulpes_vulpes","Vulpes_vulpes.2"
"10","Uncia_uncia","Uncia_uncia.3"
"11","Procyon_lotor","Procyon_lotor.1"
"12","Ceratotherium_simum","Ceratotherium_simum.1"
"13","Rupicapra_rupicapra","Rupicapra_rupicapra.1"
"14","Procyon_lotor","Procyon_lotor.2"
"15","Apteryx_owenii_","Apteryx_owenii_.1"
"16","Caloenas_nicobarica","Caloenas_nicobarica.1"
"17","Procyon_lotor","Procyon_lotor.3"
"18","Caloenas_nicobarica","Caloenas_nicobarica.2"
"19","Monodelphis_domestica","Monodelphis_domestica.1"
"20","Cephalophus_silvicultor","Cephalophus_silvicultor.2"
"21","Dromaius_","Dromaius_.1"
"22","Bos_taurus","Bos_taurus.3"
"23","Cricosaurus","Cricosaurus.1"
"24","Phalacrocorax_harrisi","Phalacrocorax_harrisi.1"
"25","Small_Eocene_penguin","Small_Eocene_penguin.1"
"26","Phalacrocorax_harrisi","Phalacrocorax_harrisi.2"
"27","Otaria_byronia","Otaria_byronia.1"
"28","Nothosaurus_102","Nothosaurus_102.1"
"29","Palaeospheniscus","Palaeospheniscus.1"
"30","Phalacrocorax_harrisi","Phalacrocorax_harrisi.3"
"31","Ornithorhynchus_anatinus","Ornithorhynchus_anatinus.1"
"32","Simosaurus_1","Simosaurus_1.1"
"33","Desmana_moschata","Desmana_moschata.1"
"34","Neusticosaurus","Neusticosaurus.1"
"35","Ornithorhynchus_anatinus","Ornithorhynchus_anatinus.2"
"36","Leptophoca_proxima","Leptophoca_proxima.1"
"37","Plesiosaurus","Plesiosaurus.1"
"38","Palaeospheniscus","Palaeospheniscus.2"
"39","Basilosaurus","Basilosaurus.1"
"40","Spinosaurus_","Spinosaurus_.1"
"41","Spinosaurus_","Spinosaurus_.2"
"42","Spinosaurus_","Spinosaurus_.3"
"43","Spinosaurus_","Spinosaurus_.4"
"44","Spinosaurus_","Spinosaurus_.5"
"45","Spinosaurus_","Spinosaurus_.6"
"46","Spinosaurus_","Spinosaurus_.7"
"47","Spinosaurus_","Spinosaurus_.8"
"48","Spinosaurus_","Spinosaurus_.9"
"49","Spinosaurus_","Spinosaurus_.10"
"50","Spinosaurus_","Spinosaurus_.11"
"51","Suchomimus","Suchomimus.1"
"52","Suchomimus","Suchomimus.2"
"53","Suchomimus","Suchomimus.3"
"54","Baryonyx","Baryonyx.1"
"55","Baryonyx","Baryonyx.2"
"56","Baryonyx","Baryonyx.3"
 
* Phylo tree and the main data and strata files have been modified to include duplicated taxa before the scaled random trees are generated.
* Selected categorical labels column: diving.or.not
* diving.or.equal column is identical to Diving column.
* Regression excludes flying taxa.
* Diving labels that are present in regression: 0,2
* lambda (calculated from a random tree) = : 0.1
* index-name alignment check: OK
