Logfile for a session of program: bootstrap_binary.r
-----------------------------------------------------
INPUT:
workDir: C:/dino_nature/output/2023-11-07-D1\bs/set_911
Nbootstrapsets: 2000
phyloFDAfile: c:/dino_nature/code/phylo.fda.R
auxFile: c:/dino_nature/code/auxiliary.r
boneType: femur
regressionData.file: C:/dino_nature/output/2023-11-07-D1\bs/set_911/femur_set_911.csv
applyDataFilter: FALSE
addTreeTips: TRUE
Ntrees: 100
calculateTrees: TRUE
saveTrees: FALSE


OPERATIONAL CHECKS:
* Regression data contains multiple copies of some taxa (user added variants of existing test taxa 
   or replacements due to bootstrap are present) which are not in the phylo tree:
     original taxon,   duplicate   
"1","Apteryx_australis","Apteryx_australis.1"
"2","Strigiops_habroptilus","Strigiops_habroptilus.1"
"3","Rhynchocyon_petersi","Rhynchocyon_petersi.1"
"4","Capreolus_capreolus","Capreolus_capreolus.1"
"5","Sus_scrofa","Sus_scrofa.1"
"6","Sus_scrofa","Sus_scrofa.2"
"7","Mus_musculus","Mus_musculus.1"
"8","Loxodonta_africana","Loxodonta_africana.1"
"9","Lama_guanicoe","Lama_guanicoe.1"
"10","Capreolus_capreolus","Capreolus_capreolus.2"
"11","Mammuthus_sp","Mammuthus_sp.1"
"12","Apteryx_australis","Apteryx_australis.2"
"13","Lama_guanicoe","Lama_guanicoe.2"
"14","Apteryx_australis","Apteryx_australis.3"
"15","Cephalophus_silvicultor","Cephalophus_silvicultor.1"
"16","Raphus","Raphus.1"
"17","Tenrec_ecaudatus","Tenrec_ecaudatus.1"
"18","Syncerus_caffer","Syncerus_caffer.1"
"19","Loxodonta_africana","Loxodonta_africana.2"
"20","Vulpes_vulpes","Vulpes_vulpes.1"
"21","Phalacrocorax_harrisi","Phalacrocorax_harrisi.1"
"22","Nothosaurus_mirabilis","Nothosaurus_mirabilis.1"
"23","Caiman_yacare","Caiman_yacare.1"
"24","Phalacrocorax_harrisi","Phalacrocorax_harrisi.2"
"25","Rhaeticosaurus","Rhaeticosaurus.1"
"26","Small_Eocene_penguin","Small_Eocene_penguin.1"
"27","Chironectes_minimus","Chironectes_minimus.1"
"28","Psephoderma","Psephoderma.1"
"29","Protochampsidae","Protochampsidae.1"
"30","Rodhocetus","Rodhocetus.1"
"31","Indohyus","Indohyus.1"
"32","Hydromys_chrysogaster","Hydromys_chrysogaster.1"
"33","Callophoca_obscura","Callophoca_obscura.1"
"34","Nanophoca_vitulinoides","Nanophoca_vitulinoides.1"
"35","Cricosaurus","Cricosaurus.1"
"36","Simosaurus","Simosaurus.1"
"37","Phalacrocorax_harrisi","Phalacrocorax_harrisi.3"
"38","Nothosaurus_mirabilis_1","Nothosaurus_mirabilis_1.1"
"39","Cryptoclidus","Cryptoclidus.1"
"40","Small_Eocene_penguin","Small_Eocene_penguin.2"
"41","Pistosaurus","Pistosaurus.1"
"42","Spinosaurus_","Spinosaurus_.1"
"43","Spinosaurus_","Spinosaurus_.2"
"44","Spinosaurus_","Spinosaurus_.3"
"45","Spinosaurus_","Spinosaurus_.4"
"46","Spinosaurus_","Spinosaurus_.5"
"47","Spinosaurus_","Spinosaurus_.6"
"48","Spinosaurus_","Spinosaurus_.7"
"49","Spinosaurus_","Spinosaurus_.8"
"50","Spinosaurus_","Spinosaurus_.9"
"51","Spinosaurus_","Spinosaurus_.10"
"52","Spinosaurus_","Spinosaurus_.11"
"53","Suchomimus","Suchomimus.1"
"54","Suchomimus","Suchomimus.2"
"55","Suchomimus","Suchomimus.3"
"56","Baryonyx","Baryonyx.1"
"57","Baryonyx","Baryonyx.2"
"58","Baryonyx","Baryonyx.3"
 
* Phylo tree and the main data and strata files have been modified to include duplicated taxa before the scaled random trees are generated.
* Selected categorical labels column: diving.or.not
* diving.or.equal column is identical to Diving column.
* Regression excludes flying taxa.
* Diving labels that are present in regression: 0,2
* lambda (calculated from a random tree) = : 0.11
* index-name alignment check: OK
