Logfile for a session of program: bootstrap_binary.r
-----------------------------------------------------
INPUT:
workDir: C:/dino_nature/output/2023-11-07-D1\bs/set_840
Nbootstrapsets: 2000
phyloFDAfile: c:/dino_nature/code/phylo.fda.R
auxFile: c:/dino_nature/code/auxiliary.r
boneType: femur
regressionData.file: C:/dino_nature/output/2023-11-07-D1\bs/set_840/femur_set_840.csv
applyDataFilter: FALSE
addTreeTips: TRUE
Ntrees: 100
calculateTrees: TRUE
saveTrees: FALSE


OPERATIONAL CHECKS:
* Regression data contains multiple copies of some taxa (user added variants of existing test taxa 
   or replacements due to bootstrap are present) which are not in the phylo tree:
     original taxon,   duplicate   
"1","Tribonyx_mortieri","Tribonyx_mortieri.1"
"2","Microgale_thomasi","Microgale_thomasi.1"
"3","Capreolus_capreolus","Capreolus_capreolus.1"
"4","Apteryx_owenii_","Apteryx_owenii_.1"
"5","Capreolus_capreolus","Capreolus_capreolus.2"
"6","Bos_taurus","Bos_taurus.1"
"7","Giraffa_camelopardalis","Giraffa_camelopardalis.1"
"8","Microgale_thomasi","Microgale_thomasi.2"
"9","Apteryx_owenii_","Apteryx_owenii_.2"
"10","Rattus_rattus","Rattus_rattus.1"
"11","Brachyodus_onoideum","Brachyodus_onoideum.1"
"12","Monodelphis_domestica","Monodelphis_domestica.1"
"13","Capreolus_capreolus","Capreolus_capreolus.3"
"14","Ceratotherium_simum","Ceratotherium_simum.1"
"15","Vulpes_vulpes","Vulpes_vulpes.1"
"16","Brachyodus_onoideum","Brachyodus_onoideum.2"
"17","Paguma_larvata","Paguma_larvata.1"
"18","Dasyurus_maculatus","Dasyurus_maculatus.1"
"19","Uncia_uncia","Uncia_uncia.1"
"20","Myrmecophaga_tridactyla","Myrmecophaga_tridactyla.1"
"21","Noemys_fodies","Noemys_fodies.1"
"22","Rodhocetus","Rodhocetus.1"
"23","Nothosaurus_mirabilis_1","Nothosaurus_mirabilis_1.1"
"24","Simosaurus_1","Simosaurus_1.1"
"25","Aptenodytes______","Aptenodytes______.1"
"26","Metryorhynchus","Metryorhynchus.1"
"27","Nanophoca_vitulinoides","Nanophoca_vitulinoides.1"
"28","Placodontia_indet_1","Placodontia_indet_1.1"
"29","Simosaurus","Simosaurus.1"
"30","Simosaurus","Simosaurus.2"
"31","Dyrosaurid","Dyrosaurid.1"
"32","Ornithorhynchus_anatinus","Ornithorhynchus_anatinus.1"
"33","Simosaurus","Simosaurus.3"
"34","Noemys_fodies","Noemys_fodies.2"
"35","Micropotamogale_euwenzorii","Micropotamogale_euwenzorii.1"
"36","Chapsosaurus_","Chapsosaurus_.1"
"37","Placodontia_indet_1","Placodontia_indet_1.2"
"38","Aptenodytes______","Aptenodytes______.2"
"39","Ornithorhynchus_anatinus","Ornithorhynchus_anatinus.2"
"40","Nothosaurus_mirabilis","Nothosaurus_mirabilis.1"
"41","Nothosaurus_mirabilis","Nothosaurus_mirabilis.2"
"42","Spinosaurus_","Spinosaurus_.1"
"43","Spinosaurus_","Spinosaurus_.2"
"44","Spinosaurus_","Spinosaurus_.3"
"45","Spinosaurus_","Spinosaurus_.4"
"46","Spinosaurus_","Spinosaurus_.5"
"47","Spinosaurus_","Spinosaurus_.6"
"48","Spinosaurus_","Spinosaurus_.7"
"49","Spinosaurus_","Spinosaurus_.8"
"50","Spinosaurus_","Spinosaurus_.9"
"51","Spinosaurus_","Spinosaurus_.10"
"52","Spinosaurus_","Spinosaurus_.11"
"53","Suchomimus","Suchomimus.1"
"54","Suchomimus","Suchomimus.2"
"55","Suchomimus","Suchomimus.3"
"56","Baryonyx","Baryonyx.1"
"57","Baryonyx","Baryonyx.2"
"58","Baryonyx","Baryonyx.3"
 
* Phylo tree and the main data and strata files have been modified to include duplicated taxa before the scaled random trees are generated.
* Selected categorical labels column: diving.or.not
* diving.or.equal column is identical to Diving column.
* Regression excludes flying taxa.
* Diving labels that are present in regression: 0,2
* lambda (calculated from a random tree) = : 0.1
* index-name alignment check: OK
