Logfile for a session of program: bootstrap_binary.r
-----------------------------------------------------
INPUT:
workDir: C:/dino_nature/output/2023-11-07-D1\bs/set_1272
Nbootstrapsets: 2000
phyloFDAfile: c:/dino_nature/code/phylo.fda.R
auxFile: c:/dino_nature/code/auxiliary.r
boneType: femur
regressionData.file: C:/dino_nature/output/2023-11-07-D1\bs/set_1272/femur_set_1272.csv
applyDataFilter: FALSE
addTreeTips: TRUE
Ntrees: 100
calculateTrees: TRUE
saveTrees: FALSE


OPERATIONAL CHECKS:
* Regression data contains multiple copies of some taxa (user added variants of existing test taxa 
   or replacements due to bootstrap are present) which are not in the phylo tree:
     original taxon,   duplicate   
"1","Bos_taurus","Bos_taurus.1"
"2","Meles_meles","Meles_meles.1"
"3","Raphus","Raphus.1"
"4","Procyon_lotor","Procyon_lotor.1"
"5","Paguma_larvata","Paguma_larvata.1"
"6","Cephalophus_silvicultor","Cephalophus_silvicultor.1"
"7","Uncia_uncia","Uncia_uncia.1"
"8","Bos_taurus","Bos_taurus.2"
"9","Sus_scrofa","Sus_scrofa.1"
"10","Caloenas_nicobarica","Caloenas_nicobarica.1"
"11","Brachyodus_onoideum","Brachyodus_onoideum.1"
"12","Apteryx_australis","Apteryx_australis.1"
"13","Elomeryx_borbonicus_","Elomeryx_borbonicus_.1"
"14","Loxodonta_africana","Loxodonta_africana.1"
"15","Syncerus_caffer","Syncerus_caffer.1"
"16","Cephalophus_silvicultor","Cephalophus_silvicultor.2"
"17","Bos_taurus","Bos_taurus.3"
"18","Rupicapra_rupicapra","Rupicapra_rupicapra.1"
"19","Rattus_rattus","Rattus_rattus.1"
"20","Procyon_lotor","Procyon_lotor.2"
"21","Taxidea_taxus","Taxidea_taxus.1"
"22","Tapirus_terrestris","Tapirus_terrestris.1"
"23","Metryorhynchus","Metryorhynchus.1"
"24","Spheniscus","Spheniscus.1"
"25","Plesiosaurus","Plesiosaurus.1"
"26","Basilosaurus","Basilosaurus.1"
"27","Alligator","Alligator.1"
"28","Anarosaurus","Anarosaurus.1"
"29","Placodontia_indet_1","Placodontia_indet_1.1"
"30","Spheniscus","Spheniscus.2"
"31","Nothosaurus_150","Nothosaurus_150.1"
"32","Metryorhynchus","Metryorhynchus.2"
"33","Indohyus","Indohyus.1"
"34","Noemys_fodies","Noemys_fodies.1"
"35","Placodontia_indet_1","Placodontia_indet_1.2"
"36","Plesiosaurus","Plesiosaurus.2"
"37","Spheniscus","Spheniscus.3"
"38","Nanophoca_vitulinoides","Nanophoca_vitulinoides.1"
"39","Basilosaurus","Basilosaurus.2"
"40","Simosaurus_1","Simosaurus_1.1"
"41","Spinosaurus_","Spinosaurus_.1"
"42","Spinosaurus_","Spinosaurus_.2"
"43","Spinosaurus_","Spinosaurus_.3"
"44","Spinosaurus_","Spinosaurus_.4"
"45","Spinosaurus_","Spinosaurus_.5"
"46","Spinosaurus_","Spinosaurus_.6"
"47","Spinosaurus_","Spinosaurus_.7"
"48","Spinosaurus_","Spinosaurus_.8"
"49","Spinosaurus_","Spinosaurus_.9"
"50","Spinosaurus_","Spinosaurus_.10"
"51","Spinosaurus_","Spinosaurus_.11"
"52","Suchomimus","Suchomimus.1"
"53","Suchomimus","Suchomimus.2"
"54","Suchomimus","Suchomimus.3"
"55","Baryonyx","Baryonyx.1"
"56","Baryonyx","Baryonyx.2"
"57","Baryonyx","Baryonyx.3"
 
* Phylo tree and the main data and strata files have been modified to include duplicated taxa before the scaled random trees are generated.
* Selected categorical labels column: diving.or.not
* diving.or.equal column is identical to Diving column.
* Regression excludes flying taxa.
* Diving labels that are present in regression: 0,2
* lambda (calculated from a random tree) = : 0.1
* index-name alignment check: OK
