Logfile for a session of program: bootstrap_binary.r
-----------------------------------------------------
INPUT:
workDir: C:/dino_nature/output/2023-11-07-D1\bs/set_1314
Nbootstrapsets: 2000
phyloFDAfile: c:/dino_nature/code/phylo.fda.R
auxFile: c:/dino_nature/code/auxiliary.r
boneType: femur
regressionData.file: C:/dino_nature/output/2023-11-07-D1\bs/set_1314/femur_set_1314.csv
applyDataFilter: FALSE
addTreeTips: TRUE
Ntrees: 100
calculateTrees: TRUE
saveTrees: FALSE


OPERATIONAL CHECKS:
* Regression data contains multiple copies of some taxa (user added variants of existing test taxa 
   or replacements due to bootstrap are present) which are not in the phylo tree:
     original taxon,   duplicate   
"1","Rupicapra_rupicapra","Rupicapra_rupicapra.1"
"2","Rupicapra_rupicapra","Rupicapra_rupicapra.2"
"3","Diplomesodon_pulchellum","Diplomesodon_pulchellum.1"
"4","Capreolus_capreolus","Capreolus_capreolus.1"
"5","Elomeryx_borbonicus_","Elomeryx_borbonicus_.1"
"6","Myrmecophaga_tridactyla","Myrmecophaga_tridactyla.1"
"7","Porphyrio_hochstetteri","Porphyrio_hochstetteri.1"
"8","Hemiechinus_azurites","Hemiechinus_azurites.1"
"9","Dama_dama","Dama_dama.1"
"10","Cephalophus_silvicultor","Cephalophus_silvicultor.1"
"11","Dasyurus_maculatus","Dasyurus_maculatus.1"
"12","Sphenodon_punctatus","Sphenodon_punctatus.1"
"13","Porphyrio_hochstetteri","Porphyrio_hochstetteri.2"
"14","Rupicapra_rupicapra","Rupicapra_rupicapra.3"
"15","Mustela_nivalis","Mustela_nivalis.1"
"16","Procyon_lotor","Procyon_lotor.1"
"17","Atlantisia_rogersi","Atlantisia_rogersi.1"
"18","Elephas_maximus","Elephas_maximus.1"
"19","Euroscaptor_micrura","Euroscaptor_micrura.1"
"20","Lacerta_viridis","Lacerta_viridis.1"
"21","Otaria_byronia","Otaria_byronia.1"
"22","Indohyus","Indohyus.1"
"23","Chironectes_minimus","Chironectes_minimus.1"
"24","Castor_fiber","Castor_fiber.1"
"25","Indohyus","Indohyus.2"
"26","large_eocene_stem_penguin","large_eocene_stem_penguin.1"
"27","Rhaeticosaurus","Rhaeticosaurus.1"
"28","Chapsosaurus_","Chapsosaurus_.1"
"29","Palaeospheniscus","Palaeospheniscus.1"
"30","Chironectes_minimus","Chironectes_minimus.2"
"31","Dyrosaurid","Dyrosaurid.1"
"32","Indohyus","Indohyus.3"
"33","Nothosaurus_102","Nothosaurus_102.1"
"34","Hydromys_chrysogaster","Hydromys_chrysogaster.1"
"35","Simosaurus","Simosaurus.1"
"36","Castor_fiber","Castor_fiber.2"
"37","large_eocene_stem_penguin","large_eocene_stem_penguin.2"
"38","Nothosaurus_mirabilis_1","Nothosaurus_mirabilis_1.1"
"39","Maiacetus","Maiacetus.1"
"40","Lutra_vulgaris","Lutra_vulgaris.1"
"41","Simosaurus_1","Simosaurus_1.1"
"42","Castor_fiber","Castor_fiber.3"
"43","Hesperornis","Hesperornis.1"
"44","Spinosaurus_","Spinosaurus_.1"
"45","Spinosaurus_","Spinosaurus_.2"
"46","Spinosaurus_","Spinosaurus_.3"
"47","Spinosaurus_","Spinosaurus_.4"
"48","Spinosaurus_","Spinosaurus_.5"
"49","Spinosaurus_","Spinosaurus_.6"
"50","Spinosaurus_","Spinosaurus_.7"
"51","Spinosaurus_","Spinosaurus_.8"
"52","Spinosaurus_","Spinosaurus_.9"
"53","Spinosaurus_","Spinosaurus_.10"
"54","Spinosaurus_","Spinosaurus_.11"
"55","Suchomimus","Suchomimus.1"
"56","Suchomimus","Suchomimus.2"
"57","Suchomimus","Suchomimus.3"
"58","Baryonyx","Baryonyx.1"
"59","Baryonyx","Baryonyx.2"
"60","Baryonyx","Baryonyx.3"
 
* Phylo tree and the main data and strata files have been modified to include duplicated taxa before the scaled random trees are generated.
* Selected categorical labels column: diving.or.not
* diving.or.equal column is identical to Diving column.
* Regression excludes flying taxa.
* Diving labels that are present in regression: 0,2
* lambda (calculated from a random tree) = : 0.1
* index-name alignment check: OK
