Logfile for a session of program: bootstrap_binary.r
-----------------------------------------------------
INPUT:
workDir: C:/dino_nature/output/2023-11-07-D1\bs/set_1916
Nbootstrapsets: 2000
phyloFDAfile: c:/dino_nature/code/phylo.fda.R
auxFile: c:/dino_nature/code/auxiliary.r
boneType: femur
regressionData.file: C:/dino_nature/output/2023-11-07-D1\bs/set_1916/femur_set_1916.csv
applyDataFilter: FALSE
addTreeTips: TRUE
Ntrees: 100
calculateTrees: TRUE
saveTrees: FALSE


OPERATIONAL CHECKS:
* Regression data contains multiple copies of some taxa (user added variants of existing test taxa 
   or replacements due to bootstrap are present) which are not in the phylo tree:
     original taxon,   duplicate   
"1","Okapia_johnstoni","Okapia_johnstoni.1"
"2","Euroscaptor_micrura","Euroscaptor_micrura.1"
"3","Megaloceros_sp","Megaloceros_sp.1"
"4","Megaloceros_sp","Megaloceros_sp.2"
"5","Myrmecophaga_tridactyla","Myrmecophaga_tridactyla.1"
"6","Myrmecophaga_tridactyla","Myrmecophaga_tridactyla.2"
"7","Bos_taurus","Bos_taurus.1"
"8","Tamandua_tetradactyla","Tamandua_tetradactyla.1"
"9","Okapia_johnstoni","Okapia_johnstoni.2"
"10","Syncerus_caffer","Syncerus_caffer.1"
"11","Rhynchocyon_petersi","Rhynchocyon_petersi.1"
"12","Dasyurus_maculatus","Dasyurus_maculatus.1"
"13","Cephalophus_silvicultor","Cephalophus_silvicultor.1"
"14","Sus_scrofa","Sus_scrofa.1"
"15","Raphus","Raphus.1"
"16","Bos_taurus","Bos_taurus.2"
"17","Nyctereutes_procyonoides","Nyctereutes_procyonoides.1"
"18","Xenicus_giliventris","Xenicus_giliventris.1"
"19","Uncia_uncia","Uncia_uncia.1"
"20","Raphus","Raphus.2"
"21","Monodelphis_domestica","Monodelphis_domestica.1"
"22","Cricosaurus","Cricosaurus.1"
"23","Cricosaurus","Cricosaurus.2"
"24","Nothosaurus_mirabilis","Nothosaurus_mirabilis.1"
"25","Small_Eocene_penguin","Small_Eocene_penguin.1"
"26","Alligator","Alligator.1"
"27","Alligator","Alligator.2"
"28","Alligator","Alligator.3"
"29","Small_Eocene_penguin","Small_Eocene_penguin.2"
"30","Hesperornis","Hesperornis.1"
"31","Nothosaurus_mirabilis","Nothosaurus_mirabilis.2"
"32","Nothosaurus_568","Nothosaurus_568.1"
"33","Callophoca_obscura","Callophoca_obscura.1"
"34","Indohyus","Indohyus.1"
"35","Indohyus","Indohyus.2"
"36","Cricosaurus","Cricosaurus.3"
"37","Indohyus","Indohyus.3"
"38","Protochampsidae","Protochampsidae.1"
"39","Caiman_yacare","Caiman_yacare.1"
"40","Castor_fiber","Castor_fiber.1"
"41","Plesiosaurus","Plesiosaurus.1"
"42","Indohyus","Indohyus.4"
"43","Small_Eocene_penguin","Small_Eocene_penguin.3"
"44","Dyrosaurid","Dyrosaurid.1"
"45","Nanophoca_vitulinoides","Nanophoca_vitulinoides.1"
"46","Protochampsidae","Protochampsidae.2"
"47","Spinosaurus_","Spinosaurus_.1"
"48","Spinosaurus_","Spinosaurus_.2"
"49","Spinosaurus_","Spinosaurus_.3"
"50","Spinosaurus_","Spinosaurus_.4"
"51","Spinosaurus_","Spinosaurus_.5"
"52","Spinosaurus_","Spinosaurus_.6"
"53","Spinosaurus_","Spinosaurus_.7"
"54","Spinosaurus_","Spinosaurus_.8"
"55","Spinosaurus_","Spinosaurus_.9"
"56","Spinosaurus_","Spinosaurus_.10"
"57","Spinosaurus_","Spinosaurus_.11"
"58","Suchomimus","Suchomimus.1"
"59","Suchomimus","Suchomimus.2"
"60","Suchomimus","Suchomimus.3"
"61","Baryonyx","Baryonyx.1"
"62","Baryonyx","Baryonyx.2"
"63","Baryonyx","Baryonyx.3"
 
* Phylo tree and the main data and strata files have been modified to include duplicated taxa before the scaled random trees are generated.
* Selected categorical labels column: diving.or.not
* diving.or.equal column is identical to Diving column.
* Regression excludes flying taxa.
* Diving labels that are present in regression: 0,2
* lambda (calculated from a random tree) = : 0.16
* index-name alignment check: OK
