Logfile for a session of program: bootstrap_binary.r
-----------------------------------------------------
INPUT:
workDir: C:/dino_nature/output/2023-11-07-D1\bs/set_1072
Nbootstrapsets: 2000
phyloFDAfile: c:/dino_nature/code/phylo.fda.R
auxFile: c:/dino_nature/code/auxiliary.r
boneType: femur
regressionData.file: C:/dino_nature/output/2023-11-07-D1\bs/set_1072/femur_set_1072.csv
applyDataFilter: FALSE
addTreeTips: TRUE
Ntrees: 100
calculateTrees: TRUE
saveTrees: FALSE


OPERATIONAL CHECKS:
* Regression data contains multiple copies of some taxa (user added variants of existing test taxa 
   or replacements due to bootstrap are present) which are not in the phylo tree:
     original taxon,   duplicate   
"1","Taxidea_taxus","Taxidea_taxus.1"
"2","Procyon_lotor","Procyon_lotor.1"
"3","Capreolus_capreolus","Capreolus_capreolus.1"
"4","Giraffa_camelopardalis","Giraffa_camelopardalis.1"
"5","Felis_felis","Felis_felis.1"
"6","Strigiops_habroptilus","Strigiops_habroptilus.1"
"7","Capreolus_capreolus","Capreolus_capreolus.2"
"8","Porphyrio_hochstetteri","Porphyrio_hochstetteri.1"
"9","Procyon_lotor","Procyon_lotor.2"
"10","Dasyurus_maculatus","Dasyurus_maculatus.1"
"11","Paguma_larvata","Paguma_larvata.1"
"12","Taxidea_taxus","Taxidea_taxus.2"
"13","Microgale_thomasi","Microgale_thomasi.1"
"14","Lacerta_viridis","Lacerta_viridis.1"
"15","Rhinoceros_sondaicus","Rhinoceros_sondaicus.1"
"16","Caloenas_nicobarica","Caloenas_nicobarica.1"
"17","Lacerta_viridis","Lacerta_viridis.2"
"18","Sus_scrofa","Sus_scrofa.1"
"19","Dama_dama","Dama_dama.1"
"20","Uncia_uncia","Uncia_uncia.1"
"21","Remingtonocetus","Remingtonocetus.1"
"22","Simosaurus_1","Simosaurus_1.1"
"23","Callophoca_obscura","Callophoca_obscura.1"
"24","Cricosaurus","Cricosaurus.1"
"25","Cricosaurus","Cricosaurus.2"
"26","Indohyus","Indohyus.1"
"27","Callophoca_obscura","Callophoca_obscura.2"
"28","Desmana_moschata","Desmana_moschata.1"
"29","Palaeospheniscus","Palaeospheniscus.1"
"30","Metryorhynchus","Metryorhynchus.1"
"31","Remingtonocetus","Remingtonocetus.2"
"32","Callophoca_obscura","Callophoca_obscura.3"
"33","Anarosaurus","Anarosaurus.1"
"34","Placodontia_indet_1","Placodontia_indet_1.1"
"35","Desmana_moschata","Desmana_moschata.2"
"36","Chironectes_minimus","Chironectes_minimus.1"
"37","Ichtyosaur_sp","Ichtyosaur_sp.1"
"38","Placodontia_indet_1","Placodontia_indet_1.2"
"39","Leptophoca_proxima","Leptophoca_proxima.1"
"40","Small_Eocene_penguin","Small_Eocene_penguin.1"
"41","Callophoca_obscura","Callophoca_obscura.4"
"42","Simosaurus_1","Simosaurus_1.2"
"43","Nothosaurus_568","Nothosaurus_568.1"
"44","Ichtyosaurus_","Ichtyosaurus_.1"
"45","Spinosaurus_","Spinosaurus_.1"
"46","Spinosaurus_","Spinosaurus_.2"
"47","Spinosaurus_","Spinosaurus_.3"
"48","Spinosaurus_","Spinosaurus_.4"
"49","Spinosaurus_","Spinosaurus_.5"
"50","Spinosaurus_","Spinosaurus_.6"
"51","Spinosaurus_","Spinosaurus_.7"
"52","Spinosaurus_","Spinosaurus_.8"
"53","Spinosaurus_","Spinosaurus_.9"
"54","Spinosaurus_","Spinosaurus_.10"
"55","Spinosaurus_","Spinosaurus_.11"
"56","Suchomimus","Suchomimus.1"
"57","Suchomimus","Suchomimus.2"
"58","Suchomimus","Suchomimus.3"
"59","Baryonyx","Baryonyx.1"
"60","Baryonyx","Baryonyx.2"
"61","Baryonyx","Baryonyx.3"
 
* Phylo tree and the main data and strata files have been modified to include duplicated taxa before the scaled random trees are generated.
* Selected categorical labels column: diving.or.not
* diving.or.equal column is identical to Diving column.
* Regression excludes flying taxa.
* Diving labels that are present in regression: 0,2
* lambda (calculated from a random tree) = : 0.07
* index-name alignment check: OK
