Logfile for a session of program: bootstrap_binary.r
-----------------------------------------------------
INPUT:
workDir: C:/dino_nature/output/2023-11-07-D1\bs/set_1442
Nbootstrapsets: 2000
phyloFDAfile: c:/dino_nature/code/phylo.fda.R
auxFile: c:/dino_nature/code/auxiliary.r
boneType: femur
regressionData.file: C:/dino_nature/output/2023-11-07-D1\bs/set_1442/femur_set_1442.csv
applyDataFilter: FALSE
addTreeTips: TRUE
Ntrees: 100
calculateTrees: TRUE
saveTrees: FALSE


OPERATIONAL CHECKS:
* Regression data contains multiple copies of some taxa (user added variants of existing test taxa 
   or replacements due to bootstrap are present) which are not in the phylo tree:
     original taxon,   duplicate   
"1","Bison_bonasus","Bison_bonasus.1"
"2","Lama_guanicoe","Lama_guanicoe.1"
"3","Atlantisia_rogersi","Atlantisia_rogersi.1"
"4","Meles_meles","Meles_meles.1"
"5","Dicerorhinus_sumatrensis","Dicerorhinus_sumatrensis.1"
"6","Microgale_thomasi","Microgale_thomasi.1"
"7","Brachyodus_onoideum","Brachyodus_onoideum.1"
"8","Mammuthus_sp","Mammuthus_sp.1"
"9","Okapia_johnstoni","Okapia_johnstoni.1"
"10","Dasyurus_maculatus","Dasyurus_maculatus.1"
"11","Lama_guanicoe","Lama_guanicoe.2"
"12","Vulpes_vulpes","Vulpes_vulpes.1"
"13","Lama_guanicoe","Lama_guanicoe.3"
"14","Atlantisia_rogersi","Atlantisia_rogersi.2"
"15","Brachyodus_onoideum","Brachyodus_onoideum.2"
"16","Vulpes_vulpes","Vulpes_vulpes.2"
"17","Tamandua_tetradactyla","Tamandua_tetradactyla.1"
"18","Porphyrio_hochstetteri","Porphyrio_hochstetteri.1"
"19","Atlantisia_rogersi","Atlantisia_rogersi.3"
"20","Bison_bonasus","Bison_bonasus.2"
"21","Elephas_maximus","Elephas_maximus.1"
"22","Desmana_moschata","Desmana_moschata.1"
"23","Indohyus","Indohyus.1"
"24","Noemys_fodies","Noemys_fodies.1"
"25","Serpianosaurus","Serpianosaurus.1"
"26","Phalacrocorax_harrisi","Phalacrocorax_harrisi.1"
"27","Chapsosaurus_","Chapsosaurus_.1"
"28","Phalacrocorax_harrisi","Phalacrocorax_harrisi.2"
"29","Protochampsidae","Protochampsidae.1"
"30","Anarosaurus","Anarosaurus.1"
"31","Psephoderma","Psephoderma.1"
"32","Alligator","Alligator.1"
"33","Serpianosaurus","Serpianosaurus.2"
"34","Hesperornis","Hesperornis.1"
"35","Desmana_moschata","Desmana_moschata.2"
"36","Champsosaurus","Champsosaurus.1"
"37","Metryorhynchus","Metryorhynchus.1"
"38","Cryptoclidus","Cryptoclidus.1"
"39","Caiman_yacare","Caiman_yacare.1"
"40","Rodhocetus","Rodhocetus.1"
"41","Noemys_fodies","Noemys_fodies.2"
"42","Hesperornis","Hesperornis.2"
"43","Phalacrocorax_harrisi","Phalacrocorax_harrisi.3"
"44","Spinosaurus_","Spinosaurus_.1"
"45","Spinosaurus_","Spinosaurus_.2"
"46","Spinosaurus_","Spinosaurus_.3"
"47","Spinosaurus_","Spinosaurus_.4"
"48","Spinosaurus_","Spinosaurus_.5"
"49","Spinosaurus_","Spinosaurus_.6"
"50","Spinosaurus_","Spinosaurus_.7"
"51","Spinosaurus_","Spinosaurus_.8"
"52","Spinosaurus_","Spinosaurus_.9"
"53","Spinosaurus_","Spinosaurus_.10"
"54","Spinosaurus_","Spinosaurus_.11"
"55","Suchomimus","Suchomimus.1"
"56","Suchomimus","Suchomimus.2"
"57","Suchomimus","Suchomimus.3"
"58","Baryonyx","Baryonyx.1"
"59","Baryonyx","Baryonyx.2"
"60","Baryonyx","Baryonyx.3"
 
* Phylo tree and the main data and strata files have been modified to include duplicated taxa before the scaled random trees are generated.
* Selected categorical labels column: diving.or.not
* diving.or.equal column is identical to Diving column.
* Regression excludes flying taxa.
* Diving labels that are present in regression: 0,2
* lambda (calculated from a random tree) = : 0.17
* index-name alignment check: OK
