Logfile for a session of program: bootstrap_binary.r
-----------------------------------------------------
INPUT:
workDir: C:/dino_nature/output/2023-11-07-D1\bs/set_135
Nbootstrapsets: 2000
phyloFDAfile: c:/dino_nature/code/phylo.fda.R
auxFile: c:/dino_nature/code/auxiliary.r
boneType: femur
regressionData.file: C:/dino_nature/output/2023-11-07-D1\bs/set_135/femur_set_135.csv
applyDataFilter: FALSE
addTreeTips: TRUE
Ntrees: 100
calculateTrees: TRUE
saveTrees: FALSE


OPERATIONAL CHECKS:
* Regression data contains multiple copies of some taxa (user added variants of existing test taxa 
   or replacements due to bootstrap are present) which are not in the phylo tree:
     original taxon,   duplicate   
"1","Lacerta_viridis","Lacerta_viridis.1"
"2","Myrmecophaga_tridactyla","Myrmecophaga_tridactyla.1"
"3","Felis_felis","Felis_felis.1"
"4","Diplomesodon_pulchellum","Diplomesodon_pulchellum.1"
"5","Rhinoceros_sondaicus","Rhinoceros_sondaicus.1"
"6","Okapia_johnstoni","Okapia_johnstoni.1"
"7","Xenicus_giliventris","Xenicus_giliventris.1"
"8","Ceratotherium_simum","Ceratotherium_simum.1"
"9","Felis_felis","Felis_felis.2"
"10","Ceratotherium_simum","Ceratotherium_simum.2"
"11","Mustela_nivalis","Mustela_nivalis.1"
"12","Capreolus_capreolus","Capreolus_capreolus.1"
"13","Tenrec_ecaudatus","Tenrec_ecaudatus.1"
"14","Procyon_lotor","Procyon_lotor.1"
"15","Procyon_lotor","Procyon_lotor.2"
"16","Okapia_johnstoni","Okapia_johnstoni.2"
"17","Porphyrio_hochstetteri","Porphyrio_hochstetteri.1"
"18","Pogona_viceps","Pogona_viceps.1"
"19","Tribonyx_mortieri","Tribonyx_mortieri.1"
"20","Capreolus_capreolus","Capreolus_capreolus.2"
"21","Choeropsis_liberiensis","Choeropsis_liberiensis.1"
"22","Hesperornis","Hesperornis.1"
"23","Cryptoclidus","Cryptoclidus.1"
"24","Choeropsis_liberiensis","Choeropsis_liberiensis.2"
"25","Desmana_moschata","Desmana_moschata.1"
"26","Palaeospheniscus","Palaeospheniscus.1"
"27","Simosaurus","Simosaurus.1"
"28","large_eocene_stem_penguin","large_eocene_stem_penguin.1"
"29","Rodhocetus","Rodhocetus.1"
"30","Palaeospheniscus","Palaeospheniscus.2"
"31","Basilosaurus","Basilosaurus.1"
"32","Rodhocetus","Rodhocetus.2"
"33","Ichtyosaur_sp","Ichtyosaur_sp.1"
"34","Choeropsis_liberiensis","Choeropsis_liberiensis.3"
"35","Champsosaurus","Champsosaurus.1"
"36","Dyrosaurid","Dyrosaurid.1"
"37","Simosaurus","Simosaurus.2"
"38","Cryptoclidus","Cryptoclidus.2"
"39","Placodontia_indet_1","Placodontia_indet_1.1"
"40","Phocanella_pumila","Phocanella_pumila.1"
"41","Rodhocetus","Rodhocetus.3"
"42","Nothosaurus_102","Nothosaurus_102.1"
"43","Spinosaurus_","Spinosaurus_.1"
"44","Spinosaurus_","Spinosaurus_.2"
"45","Spinosaurus_","Spinosaurus_.3"
"46","Spinosaurus_","Spinosaurus_.4"
"47","Spinosaurus_","Spinosaurus_.5"
"48","Spinosaurus_","Spinosaurus_.6"
"49","Spinosaurus_","Spinosaurus_.7"
"50","Spinosaurus_","Spinosaurus_.8"
"51","Spinosaurus_","Spinosaurus_.9"
"52","Spinosaurus_","Spinosaurus_.10"
"53","Spinosaurus_","Spinosaurus_.11"
"54","Suchomimus","Suchomimus.1"
"55","Suchomimus","Suchomimus.2"
"56","Suchomimus","Suchomimus.3"
"57","Baryonyx","Baryonyx.1"
"58","Baryonyx","Baryonyx.2"
"59","Baryonyx","Baryonyx.3"
 
* Phylo tree and the main data and strata files have been modified to include duplicated taxa before the scaled random trees are generated.
* Selected categorical labels column: diving.or.not
* diving.or.equal column is identical to Diving column.
* Regression excludes flying taxa.
* Diving labels that are present in regression: 0,2
* lambda (calculated from a random tree) = : 0.09
* index-name alignment check: OK
