Logfile for a session of program: bootstrap_binary.r
-----------------------------------------------------
INPUT:
workDir: C:/dino_nature/output/2023-11-07-D1\bs/set_1451
Nbootstrapsets: 2000
phyloFDAfile: c:/dino_nature/code/phylo.fda.R
auxFile: c:/dino_nature/code/auxiliary.r
boneType: femur
regressionData.file: C:/dino_nature/output/2023-11-07-D1\bs/set_1451/femur_set_1451.csv
applyDataFilter: FALSE
addTreeTips: TRUE
Ntrees: 100
calculateTrees: TRUE
saveTrees: FALSE


OPERATIONAL CHECKS:
* Regression data contains multiple copies of some taxa (user added variants of existing test taxa 
   or replacements due to bootstrap are present) which are not in the phylo tree:
     original taxon,   duplicate   
"1","Dromaius_","Dromaius_.1"
"2","Apteryx_owenii_","Apteryx_owenii_.1"
"3","Diplomesodon_pulchellum","Diplomesodon_pulchellum.1"
"4","Capreolus_capreolus","Capreolus_capreolus.1"
"5","Okapia_johnstoni","Okapia_johnstoni.1"
"6","Sphenodon_punctatus","Sphenodon_punctatus.1"
"7","Paguma_larvata","Paguma_larvata.1"
"8","Lacerta_viridis","Lacerta_viridis.1"
"9","Strigiops_habroptilus","Strigiops_habroptilus.1"
"10","Brachyodus_onoideum","Brachyodus_onoideum.1"
"11","Cephalophus_silvicultor","Cephalophus_silvicultor.1"
"12","Microgale_thomasi","Microgale_thomasi.1"
"13","Syncerus_caffer","Syncerus_caffer.1"
"14","Paguma_larvata","Paguma_larvata.2"
"15","Mammuthus_sp","Mammuthus_sp.1"
"16","Syncerus_caffer","Syncerus_caffer.2"
"17","Cephalophus_silvicultor","Cephalophus_silvicultor.2"
"18","Tenrec_ecaudatus","Tenrec_ecaudatus.1"
"19","Capreolus_capreolus","Capreolus_capreolus.2"
"20","Diplomesodon_pulchellum","Diplomesodon_pulchellum.2"
"21","Rattus_rattus","Rattus_rattus.1"
"22","Microgale_thomasi","Microgale_thomasi.2"
"23","Choeropsis_liberiensis","Choeropsis_liberiensis.1"
"24","Placodontia_indet_1","Placodontia_indet_1.1"
"25","Serpianosaurus","Serpianosaurus.1"
"26","Spheniscus","Spheniscus.1"
"27","Ichtyosaur_sp","Ichtyosaur_sp.1"
"28","Ornithorhynchus_anatinus","Ornithorhynchus_anatinus.1"
"29","Ichtyosaurus_","Ichtyosaurus_.1"
"30","Lutra_vulgaris","Lutra_vulgaris.1"
"31","Spheniscus","Spheniscus.2"
"32","Neusticosaurus","Neusticosaurus.1"
"33","Nothosaurus_150","Nothosaurus_150.1"
"34","Placodontia_indet_1","Placodontia_indet_1.2"
"35","Serpianosaurus","Serpianosaurus.2"
"36","Placodontia_indet_1","Placodontia_indet_1.3"
"37","Cryptoclidus","Cryptoclidus.1"
"38","Cricosaurus","Cricosaurus.1"
"39","Callophoca_obscura","Callophoca_obscura.1"
"40","Choeropsis_liberiensis","Choeropsis_liberiensis.2"
"41","Desmana_moschata","Desmana_moschata.1"
"42","Ichtyosaurus_","Ichtyosaurus_.2"
"43","Leptophoca_proxima","Leptophoca_proxima.1"
"44","Indohyus","Indohyus.1"
"45","Spinosaurus_","Spinosaurus_.1"
"46","Spinosaurus_","Spinosaurus_.2"
"47","Spinosaurus_","Spinosaurus_.3"
"48","Spinosaurus_","Spinosaurus_.4"
"49","Spinosaurus_","Spinosaurus_.5"
"50","Spinosaurus_","Spinosaurus_.6"
"51","Spinosaurus_","Spinosaurus_.7"
"52","Spinosaurus_","Spinosaurus_.8"
"53","Spinosaurus_","Spinosaurus_.9"
"54","Spinosaurus_","Spinosaurus_.10"
"55","Spinosaurus_","Spinosaurus_.11"
"56","Suchomimus","Suchomimus.1"
"57","Suchomimus","Suchomimus.2"
"58","Suchomimus","Suchomimus.3"
"59","Baryonyx","Baryonyx.1"
"60","Baryonyx","Baryonyx.2"
"61","Baryonyx","Baryonyx.3"
 
* Phylo tree and the main data and strata files have been modified to include duplicated taxa before the scaled random trees are generated.
* Selected categorical labels column: diving.or.not
* diving.or.equal column is identical to Diving column.
* Regression excludes flying taxa.
* Diving labels that are present in regression: 0,2
* lambda (calculated from a random tree) = : 0.08
* index-name alignment check: OK
