Logfile for a session of program: bootstrap_binary.r
-----------------------------------------------------
INPUT:
workDir: C:/dino_nature/output/2023-11-07-D1\bs/set_1694
Nbootstrapsets: 2000
phyloFDAfile: c:/dino_nature/code/phylo.fda.R
auxFile: c:/dino_nature/code/auxiliary.r
boneType: femur
regressionData.file: C:/dino_nature/output/2023-11-07-D1\bs/set_1694/femur_set_1694.csv
applyDataFilter: FALSE
addTreeTips: TRUE
Ntrees: 100
calculateTrees: TRUE
saveTrees: FALSE


OPERATIONAL CHECKS:
* Regression data contains multiple copies of some taxa (user added variants of existing test taxa 
   or replacements due to bootstrap are present) which are not in the phylo tree:
     original taxon,   duplicate   
"1","Tamandua_tetradactyla","Tamandua_tetradactyla.1"
"2","Tamandua_tetradactyla","Tamandua_tetradactyla.2"
"3","Brachyodus_onoideum","Brachyodus_onoideum.1"
"4","Hemiechinus_azurites","Hemiechinus_azurites.1"
"5","Raphus","Raphus.1"
"6","Syncerus_caffer","Syncerus_caffer.1"
"7","Dicerorhinus_sumatrensis","Dicerorhinus_sumatrensis.1"
"8","Vulpes_vulpes","Vulpes_vulpes.1"
"9","Myrmecophaga_tridactyla","Myrmecophaga_tridactyla.1"
"10","Syncerus_caffer","Syncerus_caffer.2"
"11","Tamandua_tetradactyla","Tamandua_tetradactyla.3"
"12","Tamandua_tetradactyla","Tamandua_tetradactyla.4"
"13","Loxodonta_africana","Loxodonta_africana.1"
"14","Hemiechinus_azurites","Hemiechinus_azurites.2"
"15","Mammuthus_sp","Mammuthus_sp.1"
"16","Rhinoceros_sondaicus","Rhinoceros_sondaicus.1"
"17","Apteryx_owenii_","Apteryx_owenii_.1"
"18","Brachyodus_onoideum","Brachyodus_onoideum.2"
"19","Apteryx_owenii_","Apteryx_owenii_.2"
"20","Syncerus_caffer","Syncerus_caffer.3"
"21","Okapia_johnstoni","Okapia_johnstoni.1"
"22","Apteryx_owenii_","Apteryx_owenii_.3"
"23","Mustela_nivalis","Mustela_nivalis.1"
"24","Micropotamogale_euwenzorii","Micropotamogale_euwenzorii.1"
"25","Pistosaurus","Pistosaurus.1"
"26","Basilosaurus","Basilosaurus.1"
"27","Hippopotamus_amphibius","Hippopotamus_amphibius.1"
"28","Simosaurus_1","Simosaurus_1.1"
"29","Callophoca_obscura","Callophoca_obscura.1"
"30","Neusticosaurus","Neusticosaurus.1"
"31","Remingtonocetus","Remingtonocetus.1"
"32","Palaeospheniscus","Palaeospheniscus.1"
"33","Simosaurus_1","Simosaurus_1.2"
"34","Chapsosaurus_","Chapsosaurus_.1"
"35","Hydromys_chrysogaster","Hydromys_chrysogaster.1"
"36","Anarosaurus","Anarosaurus.1"
"37","Leptophoca_proxima","Leptophoca_proxima.1"
"38","Cricosaurus","Cricosaurus.1"
"39","Simosaurus_1","Simosaurus_1.3"
"40","Hesperornis","Hesperornis.1"
"41","Chapsosaurus_","Chapsosaurus_.2"
"42","Micropotamogale_euwenzorii","Micropotamogale_euwenzorii.2"
"43","Neusticosaurus","Neusticosaurus.2"
"44","Spinosaurus_","Spinosaurus_.1"
"45","Spinosaurus_","Spinosaurus_.2"
"46","Spinosaurus_","Spinosaurus_.3"
"47","Spinosaurus_","Spinosaurus_.4"
"48","Spinosaurus_","Spinosaurus_.5"
"49","Spinosaurus_","Spinosaurus_.6"
"50","Spinosaurus_","Spinosaurus_.7"
"51","Spinosaurus_","Spinosaurus_.8"
"52","Spinosaurus_","Spinosaurus_.9"
"53","Spinosaurus_","Spinosaurus_.10"
"54","Spinosaurus_","Spinosaurus_.11"
"55","Suchomimus","Suchomimus.1"
"56","Suchomimus","Suchomimus.2"
"57","Suchomimus","Suchomimus.3"
"58","Baryonyx","Baryonyx.1"
"59","Baryonyx","Baryonyx.2"
"60","Baryonyx","Baryonyx.3"
 
* Phylo tree and the main data and strata files have been modified to include duplicated taxa before the scaled random trees are generated.
* Selected categorical labels column: diving.or.not
* diving.or.equal column is identical to Diving column.
* Regression excludes flying taxa.
* Diving labels that are present in regression: 0,2
* lambda (calculated from a random tree) = : 0.11
* index-name alignment check: OK
