Logfile for a session of program: bootstrap_binary.r
-----------------------------------------------------
INPUT:
workDir: C:/dino_nature/output/2023-11-07-D1\bs/set_1692
Nbootstrapsets: 2000
phyloFDAfile: c:/dino_nature/code/phylo.fda.R
auxFile: c:/dino_nature/code/auxiliary.r
boneType: femur
regressionData.file: C:/dino_nature/output/2023-11-07-D1\bs/set_1692/femur_set_1692.csv
applyDataFilter: FALSE
addTreeTips: TRUE
Ntrees: 100
calculateTrees: TRUE
saveTrees: FALSE


OPERATIONAL CHECKS:
* Regression data contains multiple copies of some taxa (user added variants of existing test taxa 
   or replacements due to bootstrap are present) which are not in the phylo tree:
     original taxon,   duplicate   
"1","Apteryx_australis","Apteryx_australis.1"
"2","Mus_musculus","Mus_musculus.1"
"3","Mustela_nivalis","Mustela_nivalis.1"
"4","Rupicapra_rupicapra","Rupicapra_rupicapra.1"
"5","Atlantisia_rogersi","Atlantisia_rogersi.1"
"6","Procavia_capensis","Procavia_capensis.1"
"7","Nyctereutes_procyonoides","Nyctereutes_procyonoides.1"
"8","Monodelphis_domestica","Monodelphis_domestica.1"
"9","Giraffa_camelopardalis","Giraffa_camelopardalis.1"
"10","Rhinoceros_sondaicus","Rhinoceros_sondaicus.1"
"11","Tribonyx_mortieri","Tribonyx_mortieri.1"
"12","Apteryx_australis","Apteryx_australis.2"
"13","Dicerorhinus_sumatrensis","Dicerorhinus_sumatrensis.1"
"14","Diplomesodon_pulchellum","Diplomesodon_pulchellum.1"
"15","Bos_taurus","Bos_taurus.1"
"16","Cephalophus_silvicultor","Cephalophus_silvicultor.1"
"17","Apteryx_australis","Apteryx_australis.3"
"18","Vulpes_vulpes","Vulpes_vulpes.1"
"19","Micropotamogale_euwenzorii","Micropotamogale_euwenzorii.1"
"20","Aptenodytes______","Aptenodytes______.1"
"21","Palaeospheniscus","Palaeospheniscus.1"
"22","Hexaprotodon_garyam","Hexaprotodon_garyam.1"
"23","Maiacetus","Maiacetus.1"
"24","Micropotamogale_euwenzorii","Micropotamogale_euwenzorii.2"
"25","Castor_fiber","Castor_fiber.1"
"26","Hydromys_chrysogaster","Hydromys_chrysogaster.1"
"27","Pistosaurus","Pistosaurus.1"
"28","Metryorhynchus","Metryorhynchus.1"
"29","Castor_fiber","Castor_fiber.2"
"30","Champsosaurus","Champsosaurus.1"
"31","Placodontia_indet_1","Placodontia_indet_1.1"
"32","Nothosaurus_giganteus","Nothosaurus_giganteus.1"
"33","Paraplacodus","Paraplacodus.1"
"34","Chapsosaurus_","Chapsosaurus_.1"
"35","Castor_fiber","Castor_fiber.3"
"36","Pistosaurus","Pistosaurus.2"
"37","Castor_fiber","Castor_fiber.4"
"38","Aptenodytes______","Aptenodytes______.2"
"39","large_eocene_stem_penguin","large_eocene_stem_penguin.1"
"40","Placodontia_indet_1","Placodontia_indet_1.2"
"41","Noemys_fodies","Noemys_fodies.1"
"42","Maiacetus","Maiacetus.2"
"43","Spinosaurus_","Spinosaurus_.1"
"44","Spinosaurus_","Spinosaurus_.2"
"45","Spinosaurus_","Spinosaurus_.3"
"46","Spinosaurus_","Spinosaurus_.4"
"47","Spinosaurus_","Spinosaurus_.5"
"48","Spinosaurus_","Spinosaurus_.6"
"49","Spinosaurus_","Spinosaurus_.7"
"50","Spinosaurus_","Spinosaurus_.8"
"51","Spinosaurus_","Spinosaurus_.9"
"52","Spinosaurus_","Spinosaurus_.10"
"53","Spinosaurus_","Spinosaurus_.11"
"54","Suchomimus","Suchomimus.1"
"55","Suchomimus","Suchomimus.2"
"56","Suchomimus","Suchomimus.3"
"57","Baryonyx","Baryonyx.1"
"58","Baryonyx","Baryonyx.2"
"59","Baryonyx","Baryonyx.3"
 
* Phylo tree and the main data and strata files have been modified to include duplicated taxa before the scaled random trees are generated.
* Selected categorical labels column: diving.or.not
* diving.or.equal column is identical to Diving column.
* Regression excludes flying taxa.
* Diving labels that are present in regression: 0,2
* lambda (calculated from a random tree) = : 0.1
* index-name alignment check: OK
