Logfile for a session of program: bootstrap_binary.r
-----------------------------------------------------
INPUT:
workDir: C:/dino_nature/output/2023-11-07-D1\bs/set_249
Nbootstrapsets: 2000
phyloFDAfile: c:/dino_nature/code/phylo.fda.R
auxFile: c:/dino_nature/code/auxiliary.r
boneType: femur
regressionData.file: C:/dino_nature/output/2023-11-07-D1\bs/set_249/femur_set_249.csv
applyDataFilter: FALSE
addTreeTips: TRUE
Ntrees: 100
calculateTrees: TRUE
saveTrees: FALSE


OPERATIONAL CHECKS:
* Regression data contains multiple copies of some taxa (user added variants of existing test taxa 
   or replacements due to bootstrap are present) which are not in the phylo tree:
     original taxon,   duplicate   
"1","Alces_americanus","Alces_americanus.1"
"2","Rhinoceros_sondaicus","Rhinoceros_sondaicus.1"
"3","Diplomesodon_pulchellum","Diplomesodon_pulchellum.1"
"4","Loxodonta_africana","Loxodonta_africana.1"
"5","Procavia_capensis","Procavia_capensis.1"
"6","Bison_bonasus","Bison_bonasus.1"
"7","Hemiechinus_azurites","Hemiechinus_azurites.1"
"8","Loxodonta_africana","Loxodonta_africana.2"
"9","Syncerus_caffer","Syncerus_caffer.1"
"10","Procavia_capensis","Procavia_capensis.2"
"11","Loxodonta_africana","Loxodonta_africana.3"
"12","Monodelphis_domestica","Monodelphis_domestica.1"
"13","Syncerus_caffer","Syncerus_caffer.2"
"14","Elephas_maximus","Elephas_maximus.1"
"15","Paguma_larvata","Paguma_larvata.1"
"16","Lama_guanicoe","Lama_guanicoe.1"
"17","Raphus","Raphus.1"
"18","Capreolus_capreolus","Capreolus_capreolus.1"
"19","Sphenodon_punctatus","Sphenodon_punctatus.1"
"20","Rhynchocyon_petersi","Rhynchocyon_petersi.1"
"21","Alces_americanus","Alces_americanus.2"
"22","Tribonyx_mortieri","Tribonyx_mortieri.1"
"23","Champsosaurus","Champsosaurus.1"
"24","Paraplacodus","Paraplacodus.1"
"25","Ichtyosaurus_","Ichtyosaurus_.1"
"26","Small_Eocene_penguin","Small_Eocene_penguin.1"
"27","Hydromys_chrysogaster","Hydromys_chrysogaster.1"
"28","Indohyus","Indohyus.1"
"29","Ichtyosaurus_","Ichtyosaurus_.2"
"30","Cryptoclidus","Cryptoclidus.1"
"31","Nanophoca_vitulinoides","Nanophoca_vitulinoides.1"
"32","Desmostylus_hesperus","Desmostylus_hesperus.1"
"33","Castor_fiber","Castor_fiber.1"
"34","Pistosaurus","Pistosaurus.1"
"35","Rhaeticosaurus","Rhaeticosaurus.1"
"36","Small_Eocene_penguin","Small_Eocene_penguin.2"
"37","Hexaprotodon_garyam","Hexaprotodon_garyam.1"
"38","Metryorhynchus","Metryorhynchus.1"
"39","Leptophoca_proxima","Leptophoca_proxima.1"
"40","Serpianosaurus","Serpianosaurus.1"
"41","Lutra_vulgaris","Lutra_vulgaris.1"
"42","Spinosaurus_","Spinosaurus_.1"
"43","Spinosaurus_","Spinosaurus_.2"
"44","Spinosaurus_","Spinosaurus_.3"
"45","Spinosaurus_","Spinosaurus_.4"
"46","Spinosaurus_","Spinosaurus_.5"
"47","Spinosaurus_","Spinosaurus_.6"
"48","Spinosaurus_","Spinosaurus_.7"
"49","Spinosaurus_","Spinosaurus_.8"
"50","Spinosaurus_","Spinosaurus_.9"
"51","Spinosaurus_","Spinosaurus_.10"
"52","Spinosaurus_","Spinosaurus_.11"
"53","Suchomimus","Suchomimus.1"
"54","Suchomimus","Suchomimus.2"
"55","Suchomimus","Suchomimus.3"
"56","Baryonyx","Baryonyx.1"
"57","Baryonyx","Baryonyx.2"
"58","Baryonyx","Baryonyx.3"
 
* Phylo tree and the main data and strata files have been modified to include duplicated taxa before the scaled random trees are generated.
* Selected categorical labels column: diving.or.not
* diving.or.equal column is identical to Diving column.
* Regression excludes flying taxa.
* Diving labels that are present in regression: 0,2
* lambda (calculated from a random tree) = : 0.1
* index-name alignment check: OK
