Logfile for a session of program: bootstrap_binary.r
-----------------------------------------------------
INPUT:
workDir: C:/dino_nature/output/2023-11-07-D1\bs/set_942
Nbootstrapsets: 2000
phyloFDAfile: c:/dino_nature/code/phylo.fda.R
auxFile: c:/dino_nature/code/auxiliary.r
boneType: femur
regressionData.file: C:/dino_nature/output/2023-11-07-D1\bs/set_942/femur_set_942.csv
applyDataFilter: FALSE
addTreeTips: TRUE
Ntrees: 100
calculateTrees: TRUE
saveTrees: FALSE


OPERATIONAL CHECKS:
* Regression data contains multiple copies of some taxa (user added variants of existing test taxa 
   or replacements due to bootstrap are present) which are not in the phylo tree:
     original taxon,   duplicate   
"1","Nyctereutes_procyonoides","Nyctereutes_procyonoides.1"
"2","Tenrec_ecaudatus","Tenrec_ecaudatus.1"
"3","Procavia_capensis","Procavia_capensis.1"
"4","Rattus_rattus","Rattus_rattus.1"
"5","Diplomesodon_pulchellum","Diplomesodon_pulchellum.1"
"6","Procavia_capensis","Procavia_capensis.2"
"7","Syncerus_caffer","Syncerus_caffer.1"
"8","Dama_dama","Dama_dama.1"
"9","Microgale_thomasi","Microgale_thomasi.1"
"10","Rangifer_tarandus","Rangifer_tarandus.1"
"11","Hemiechinus_azurites","Hemiechinus_azurites.1"
"12","Rynochetus_jubatus","Rynochetus_jubatus.1"
"13","Apteryx_australis","Apteryx_australis.1"
"14","Apteryx_owenii_","Apteryx_owenii_.1"
"15","Euroscaptor_micrura","Euroscaptor_micrura.1"
"16","Xenicus_giliventris","Xenicus_giliventris.1"
"17","Rupicapra_rupicapra","Rupicapra_rupicapra.1"
"18","Mammuthus_sp","Mammuthus_sp.1"
"19","Simosaurus_1","Simosaurus_1.1"
"20","Castor_fiber","Castor_fiber.1"
"21","Castor_fiber","Castor_fiber.2"
"22","Simosaurus","Simosaurus.1"
"23","Nothosaurus_150","Nothosaurus_150.1"
"24","Maiacetus","Maiacetus.1"
"25","Chapsosaurus_","Chapsosaurus_.1"
"26","Champsosaurus","Champsosaurus.1"
"27","Castor_fiber","Castor_fiber.3"
"28","Chapsosaurus_","Chapsosaurus_.2"
"29","Hesperornis","Hesperornis.1"
"30","Maiacetus","Maiacetus.2"
"31","Palaeospheniscus","Palaeospheniscus.1"
"32","Nothosaurus_150","Nothosaurus_150.2"
"33","Ornithorhynchus_anatinus","Ornithorhynchus_anatinus.1"
"34","Indohyus","Indohyus.1"
"35","Lutra_vulgaris","Lutra_vulgaris.1"
"36","Aptenodytes______","Aptenodytes______.1"
"37","Paraplacodus","Paraplacodus.1"
"38","Hippopotamus_amphibius","Hippopotamus_amphibius.1"
"39","Castor_fiber","Castor_fiber.4"
"40","Spinosaurus_","Spinosaurus_.1"
"41","Spinosaurus_","Spinosaurus_.2"
"42","Spinosaurus_","Spinosaurus_.3"
"43","Spinosaurus_","Spinosaurus_.4"
"44","Spinosaurus_","Spinosaurus_.5"
"45","Spinosaurus_","Spinosaurus_.6"
"46","Spinosaurus_","Spinosaurus_.7"
"47","Spinosaurus_","Spinosaurus_.8"
"48","Spinosaurus_","Spinosaurus_.9"
"49","Spinosaurus_","Spinosaurus_.10"
"50","Spinosaurus_","Spinosaurus_.11"
"51","Suchomimus","Suchomimus.1"
"52","Suchomimus","Suchomimus.2"
"53","Suchomimus","Suchomimus.3"
"54","Baryonyx","Baryonyx.1"
"55","Baryonyx","Baryonyx.2"
"56","Baryonyx","Baryonyx.3"
 
* Phylo tree and the main data and strata files have been modified to include duplicated taxa before the scaled random trees are generated.
* Selected categorical labels column: diving.or.not
* diving.or.equal column is identical to Diving column.
* Regression excludes flying taxa.
* Diving labels that are present in regression: 0,2
* lambda (calculated from a random tree) = : 0.09
* index-name alignment check: OK
