Logfile for a session of program: bootstrap_binary.r
-----------------------------------------------------
INPUT:
workDir: C:/dino_nature/output/2023-11-07-D1\bs/set_817
Nbootstrapsets: 2000
phyloFDAfile: c:/dino_nature/code/phylo.fda.R
auxFile: c:/dino_nature/code/auxiliary.r
boneType: femur
regressionData.file: C:/dino_nature/output/2023-11-07-D1\bs/set_817/femur_set_817.csv
applyDataFilter: FALSE
addTreeTips: TRUE
Ntrees: 100
calculateTrees: TRUE
saveTrees: FALSE


OPERATIONAL CHECKS:
* Regression data contains multiple copies of some taxa (user added variants of existing test taxa 
   or replacements due to bootstrap are present) which are not in the phylo tree:
     original taxon,   duplicate   
"1","Giraffa_camelopardalis","Giraffa_camelopardalis.1"
"2","Bos_taurus","Bos_taurus.1"
"3","Giraffa_camelopardalis","Giraffa_camelopardalis.2"
"4","Ceratotherium_simum","Ceratotherium_simum.1"
"5","Porphyrio_hochstetteri","Porphyrio_hochstetteri.1"
"6","Caloenas_nicobarica","Caloenas_nicobarica.1"
"7","Taxidea_taxus","Taxidea_taxus.1"
"8","Rupicapra_rupicapra","Rupicapra_rupicapra.1"
"9","Felis_felis","Felis_felis.1"
"10","Alces_americanus","Alces_americanus.1"
"11","Rhinoceros_sondaicus","Rhinoceros_sondaicus.1"
"12","Pogona_viceps","Pogona_viceps.1"
"13","Caloenas_nicobarica","Caloenas_nicobarica.2"
"14","Rhinoceros_sondaicus","Rhinoceros_sondaicus.2"
"15","Diplomesodon_pulchellum","Diplomesodon_pulchellum.1"
"16","Megaloceros_sp","Megaloceros_sp.1"
"17","Rhinoceros_sondaicus","Rhinoceros_sondaicus.3"
"18","Bos_taurus","Bos_taurus.2"
"19","Nyctereutes_procyonoides","Nyctereutes_procyonoides.1"
"20","Sus_scrofa","Sus_scrofa.1"
"21","Ornithorhynchus_anatinus","Ornithorhynchus_anatinus.1"
"22","Castor_fiber","Castor_fiber.1"
"23","Nothosaurus_568","Nothosaurus_568.1"
"24","Nothosaurus_568","Nothosaurus_568.2"
"25","Caiman_yacare","Caiman_yacare.1"
"26","Nothosaurus_150","Nothosaurus_150.1"
"27","Placodontia_indet_1","Placodontia_indet_1.1"
"28","Cryptoclidus","Cryptoclidus.1"
"29","Nothosaurus_mirabilis_1","Nothosaurus_mirabilis_1.1"
"30","Callophoca_obscura","Callophoca_obscura.1"
"31","Lutra_vulgaris","Lutra_vulgaris.1"
"32","Castor_fiber","Castor_fiber.2"
"33","Ichtyosaurus_","Ichtyosaurus_.1"
"34","Hesperornis","Hesperornis.1"
"35","Plesiosaurus","Plesiosaurus.1"
"36","Cryptoclidus","Cryptoclidus.2"
"37","Dyrosaurid","Dyrosaurid.1"
"38","Rhaeticosaurus","Rhaeticosaurus.1"
"39","Castor_fiber","Castor_fiber.3"
"40","Spinosaurus_","Spinosaurus_.1"
"41","Spinosaurus_","Spinosaurus_.2"
"42","Spinosaurus_","Spinosaurus_.3"
"43","Spinosaurus_","Spinosaurus_.4"
"44","Spinosaurus_","Spinosaurus_.5"
"45","Spinosaurus_","Spinosaurus_.6"
"46","Spinosaurus_","Spinosaurus_.7"
"47","Spinosaurus_","Spinosaurus_.8"
"48","Spinosaurus_","Spinosaurus_.9"
"49","Spinosaurus_","Spinosaurus_.10"
"50","Spinosaurus_","Spinosaurus_.11"
"51","Suchomimus","Suchomimus.1"
"52","Suchomimus","Suchomimus.2"
"53","Suchomimus","Suchomimus.3"
"54","Baryonyx","Baryonyx.1"
"55","Baryonyx","Baryonyx.2"
"56","Baryonyx","Baryonyx.3"
 
* Phylo tree and the main data and strata files have been modified to include duplicated taxa before the scaled random trees are generated.
* Selected categorical labels column: diving.or.not
* diving.or.equal column is identical to Diving column.
* Regression excludes flying taxa.
* Diving labels that are present in regression: 0,2
* lambda (calculated from a random tree) = : 0.12
* index-name alignment check: OK
