Logfile for a session of program: bootstrap_binary.r
-----------------------------------------------------
INPUT:
workDir: C:/dino_nature/output/2023-11-07-D1\bs/set_1993
Nbootstrapsets: 2000
phyloFDAfile: c:/dino_nature/code/phylo.fda.R
auxFile: c:/dino_nature/code/auxiliary.r
boneType: femur
regressionData.file: C:/dino_nature/output/2023-11-07-D1\bs/set_1993/femur_set_1993.csv
applyDataFilter: FALSE
addTreeTips: TRUE
Ntrees: 100
calculateTrees: TRUE
saveTrees: FALSE


OPERATIONAL CHECKS:
* Regression data contains multiple copies of some taxa (user added variants of existing test taxa 
   or replacements due to bootstrap are present) which are not in the phylo tree:
     original taxon,   duplicate   
"1","Alces_americanus","Alces_americanus.1"
"2","Caloenas_nicobarica","Caloenas_nicobarica.1"
"3","Procyon_lotor","Procyon_lotor.1"
"4","Caloenas_nicobarica","Caloenas_nicobarica.2"
"5","Uncia_uncia","Uncia_uncia.1"
"6","Rangifer_tarandus","Rangifer_tarandus.1"
"7","Caloenas_nicobarica","Caloenas_nicobarica.3"
"8","Dama_dama","Dama_dama.1"
"9","Giraffa_camelopardalis","Giraffa_camelopardalis.1"
"10","Hemiechinus_azurites","Hemiechinus_azurites.1"
"11","Hemiechinus_azurites","Hemiechinus_azurites.2"
"12","Caloenas_nicobarica","Caloenas_nicobarica.4"
"13","Elephas_maximus","Elephas_maximus.1"
"14","Microgale_thomasi","Microgale_thomasi.1"
"15","Hemiechinus_azurites","Hemiechinus_azurites.3"
"16","Nyctereutes_procyonoides","Nyctereutes_procyonoides.1"
"17","Mus_musculus","Mus_musculus.1"
"18","Tamandua_tetradactyla","Tamandua_tetradactyla.1"
"19","Rynochetus_jubatus","Rynochetus_jubatus.1"
"20","Lacerta_viridis","Lacerta_viridis.1"
"21","Procyon_lotor","Procyon_lotor.2"
"22","Brachyodus_onoideum","Brachyodus_onoideum.1"
"23","Rupicapra_rupicapra","Rupicapra_rupicapra.1"
"24","Ichtyosaur_sp","Ichtyosaur_sp.1"
"25","Cricosaurus","Cricosaurus.1"
"26","Psephoderma","Psephoderma.1"
"27","Palaeospheniscus","Palaeospheniscus.1"
"28","Phocanella_pumila","Phocanella_pumila.1"
"29","Choeropsis_liberiensis","Choeropsis_liberiensis.1"
"30","Phocanella_pumila","Phocanella_pumila.2"
"31","Pistosaurus","Pistosaurus.1"
"32","Metryorhynchus","Metryorhynchus.1"
"33","Placodontia_indet_1","Placodontia_indet_1.1"
"34","Pistosaurus","Pistosaurus.2"
"35","Chapsosaurus_","Chapsosaurus_.1"
"36","Placodontia_indet_1","Placodontia_indet_1.2"
"37","Cricosaurus","Cricosaurus.2"
"38","Noemys_fodies","Noemys_fodies.1"
"39","Chapsosaurus_","Chapsosaurus_.2"
"40","Leptophoca_proxima","Leptophoca_proxima.1"
"41","Phocanella_pumila","Phocanella_pumila.3"
"42","Chapsosaurus_","Chapsosaurus_.3"
"43","Champsosaurus","Champsosaurus.1"
"44","Cryptoclidus","Cryptoclidus.1"
"45","Metryorhynchus","Metryorhynchus.2"
"46","Indohyus","Indohyus.1"
"47","Spinosaurus_","Spinosaurus_.1"
"48","Spinosaurus_","Spinosaurus_.2"
"49","Spinosaurus_","Spinosaurus_.3"
"50","Spinosaurus_","Spinosaurus_.4"
"51","Spinosaurus_","Spinosaurus_.5"
"52","Spinosaurus_","Spinosaurus_.6"
"53","Spinosaurus_","Spinosaurus_.7"
"54","Spinosaurus_","Spinosaurus_.8"
"55","Spinosaurus_","Spinosaurus_.9"
"56","Spinosaurus_","Spinosaurus_.10"
"57","Spinosaurus_","Spinosaurus_.11"
"58","Suchomimus","Suchomimus.1"
"59","Suchomimus","Suchomimus.2"
"60","Suchomimus","Suchomimus.3"
"61","Baryonyx","Baryonyx.1"
"62","Baryonyx","Baryonyx.2"
"63","Baryonyx","Baryonyx.3"
 
* Phylo tree and the main data and strata files have been modified to include duplicated taxa before the scaled random trees are generated.
* Selected categorical labels column: diving.or.not
* diving.or.equal column is identical to Diving column.
* Regression excludes flying taxa.
* Diving labels that are present in regression: 0,2
* lambda (calculated from a random tree) = : 0.1
* index-name alignment check: OK
