Logfile for a session of program: bootstrap_binary.r
-----------------------------------------------------
INPUT:
workDir: C:/dino_nature/output/2023-11-07-D1\bs/set_214
Nbootstrapsets: 2000
phyloFDAfile: c:/dino_nature/code/phylo.fda.R
auxFile: c:/dino_nature/code/auxiliary.r
boneType: femur
regressionData.file: C:/dino_nature/output/2023-11-07-D1\bs/set_214/femur_set_214.csv
applyDataFilter: FALSE
addTreeTips: TRUE
Ntrees: 100
calculateTrees: TRUE
saveTrees: FALSE


OPERATIONAL CHECKS:
* Regression data contains multiple copies of some taxa (user added variants of existing test taxa 
   or replacements due to bootstrap are present) which are not in the phylo tree:
     original taxon,   duplicate   
"1","Sphenodon_punctatus","Sphenodon_punctatus.1"
"2","Loxodonta_africana","Loxodonta_africana.1"
"3","Procyon_lotor","Procyon_lotor.1"
"4","Euroscaptor_micrura","Euroscaptor_micrura.1"
"5","Paguma_larvata","Paguma_larvata.1"
"6","Lacerta_viridis","Lacerta_viridis.1"
"7","Euroscaptor_micrura","Euroscaptor_micrura.2"
"8","Lama_guanicoe","Lama_guanicoe.1"
"9","Sphenodon_punctatus","Sphenodon_punctatus.2"
"10","Meles_meles","Meles_meles.1"
"11","Diplomesodon_pulchellum","Diplomesodon_pulchellum.1"
"12","Tribonyx_mortieri","Tribonyx_mortieri.1"
"13","Lacerta_viridis","Lacerta_viridis.2"
"14","Lacerta_viridis","Lacerta_viridis.3"
"15","Procavia_capensis","Procavia_capensis.1"
"16","Syncerus_caffer","Syncerus_caffer.1"
"17","Hemiechinus_azurites","Hemiechinus_azurites.1"
"18","Dicerorhinus_sumatrensis","Dicerorhinus_sumatrensis.1"
"19","Nyctereutes_procyonoides","Nyctereutes_procyonoides.1"
"20","Hydromys_chrysogaster","Hydromys_chrysogaster.1"
"21","Ornithorhynchus_anatinus","Ornithorhynchus_anatinus.1"
"22","Phalacrocorax_harrisi","Phalacrocorax_harrisi.1"
"23","Palaeospheniscus","Palaeospheniscus.1"
"24","Phalacrocorax_harrisi","Phalacrocorax_harrisi.2"
"25","Micropotamogale_euwenzorii","Micropotamogale_euwenzorii.1"
"26","Plesiosaurus","Plesiosaurus.1"
"27","Nothosaurus_mirabilis_1","Nothosaurus_mirabilis_1.1"
"28","Hexaprotodon_garyam","Hexaprotodon_garyam.1"
"29","Leptophoca_proxima","Leptophoca_proxima.1"
"30","Ichtyosaur_sp","Ichtyosaur_sp.1"
"31","Tapirus_terrestris","Tapirus_terrestris.1"
"32","Basilosaurus","Basilosaurus.1"
"33","Simosaurus_1","Simosaurus_1.1"
"34","Ichtyosaur_sp","Ichtyosaur_sp.2"
"35","Nothosaurus_102","Nothosaurus_102.1"
"36","Nothosaurus_mirabilis","Nothosaurus_mirabilis.1"
"37","Cryptoclidus","Cryptoclidus.1"
"38","Phalacrocorax_harrisi","Phalacrocorax_harrisi.3"
"39","Spinosaurus_","Spinosaurus_.1"
"40","Spinosaurus_","Spinosaurus_.2"
"41","Spinosaurus_","Spinosaurus_.3"
"42","Spinosaurus_","Spinosaurus_.4"
"43","Spinosaurus_","Spinosaurus_.5"
"44","Spinosaurus_","Spinosaurus_.6"
"45","Spinosaurus_","Spinosaurus_.7"
"46","Spinosaurus_","Spinosaurus_.8"
"47","Spinosaurus_","Spinosaurus_.9"
"48","Spinosaurus_","Spinosaurus_.10"
"49","Spinosaurus_","Spinosaurus_.11"
"50","Suchomimus","Suchomimus.1"
"51","Suchomimus","Suchomimus.2"
"52","Suchomimus","Suchomimus.3"
"53","Baryonyx","Baryonyx.1"
"54","Baryonyx","Baryonyx.2"
"55","Baryonyx","Baryonyx.3"
 
* Phylo tree and the main data and strata files have been modified to include duplicated taxa before the scaled random trees are generated.
* Selected categorical labels column: diving.or.not
* diving.or.equal column is identical to Diving column.
* Regression excludes flying taxa.
* Diving labels that are present in regression: 0,2
* lambda (calculated from a random tree) = : 0.11
* index-name alignment check: OK
