Logfile for a session of program: bootstrap_binary.r
-----------------------------------------------------
INPUT:
workDir: C:/dino_nature/output/2023-11-07-D1\bs/set_1417
Nbootstrapsets: 2000
phyloFDAfile: c:/dino_nature/code/phylo.fda.R
auxFile: c:/dino_nature/code/auxiliary.r
boneType: femur
regressionData.file: C:/dino_nature/output/2023-11-07-D1\bs/set_1417/femur_set_1417.csv
applyDataFilter: FALSE
addTreeTips: TRUE
Ntrees: 100
calculateTrees: TRUE
saveTrees: FALSE


OPERATIONAL CHECKS:
* Regression data contains multiple copies of some taxa (user added variants of existing test taxa 
   or replacements due to bootstrap are present) which are not in the phylo tree:
     original taxon,   duplicate   
"1","Microgale_thomasi","Microgale_thomasi.1"
"2","Myrmecophaga_tridactyla","Myrmecophaga_tridactyla.1"
"3","Microgale_thomasi","Microgale_thomasi.2"
"4","Vulpes_vulpes","Vulpes_vulpes.1"
"5","Felis_felis","Felis_felis.1"
"6","Apteryx_australis","Apteryx_australis.1"
"7","Lacerta_viridis","Lacerta_viridis.1"
"8","Strigiops_habroptilus","Strigiops_habroptilus.1"
"9","Strigiops_habroptilus","Strigiops_habroptilus.2"
"10","Strigiops_habroptilus","Strigiops_habroptilus.3"
"11","Brachyodus_onoideum","Brachyodus_onoideum.1"
"12","Myrmecophaga_tridactyla","Myrmecophaga_tridactyla.2"
"13","Tamandua_tetradactyla","Tamandua_tetradactyla.1"
"14","Pogona_viceps","Pogona_viceps.1"
"15","Apteryx_owenii_","Apteryx_owenii_.1"
"16","Okapia_johnstoni","Okapia_johnstoni.1"
"17","Dromaius_","Dromaius_.1"
"18","Meles_meles","Meles_meles.1"
"19","Mus_musculus","Mus_musculus.1"
"20","Myrmecophaga_tridactyla","Myrmecophaga_tridactyla.3"
"21","Strigiops_habroptilus","Strigiops_habroptilus.4"
"22","Apteryx_australis","Apteryx_australis.2"
"23","Syncerus_caffer","Syncerus_caffer.1"
"24","Dama_dama","Dama_dama.1"
"25","Ornithorhynchus_anatinus","Ornithorhynchus_anatinus.1"
"26","Hesperornis","Hesperornis.1"
"27","Ichtyosaurus_","Ichtyosaurus_.1"
"28","Micropotamogale_euwenzorii","Micropotamogale_euwenzorii.1"
"29","Micropotamogale_euwenzorii","Micropotamogale_euwenzorii.2"
"30","Ornithorhynchus_anatinus","Ornithorhynchus_anatinus.2"
"31","Basilosaurus","Basilosaurus.1"
"32","Nothosaurus_mirabilis","Nothosaurus_mirabilis.1"
"33","Placondontia_indet","Placondontia_indet.1"
"34","Castor_fiber","Castor_fiber.1"
"35","Otaria_byronia","Otaria_byronia.1"
"36","Simosaurus","Simosaurus.1"
"37","Paraplacodus","Paraplacodus.1"
"38","Otaria_byronia","Otaria_byronia.2"
"39","Paraplacodus","Paraplacodus.2"
"40","Spinosaurus_","Spinosaurus_.1"
"41","Spinosaurus_","Spinosaurus_.2"
"42","Spinosaurus_","Spinosaurus_.3"
"43","Spinosaurus_","Spinosaurus_.4"
"44","Spinosaurus_","Spinosaurus_.5"
"45","Spinosaurus_","Spinosaurus_.6"
"46","Spinosaurus_","Spinosaurus_.7"
"47","Spinosaurus_","Spinosaurus_.8"
"48","Spinosaurus_","Spinosaurus_.9"
"49","Spinosaurus_","Spinosaurus_.10"
"50","Spinosaurus_","Spinosaurus_.11"
"51","Suchomimus","Suchomimus.1"
"52","Suchomimus","Suchomimus.2"
"53","Suchomimus","Suchomimus.3"
"54","Baryonyx","Baryonyx.1"
"55","Baryonyx","Baryonyx.2"
"56","Baryonyx","Baryonyx.3"
 
* Phylo tree and the main data and strata files have been modified to include duplicated taxa before the scaled random trees are generated.
* Selected categorical labels column: diving.or.not
* diving.or.equal column is identical to Diving column.
* Regression excludes flying taxa.
* Diving labels that are present in regression: 0,2
* lambda (calculated from a random tree) = : 0.09
* index-name alignment check: OK
