Logfile for a session of program: bootstrap_binary.r
-----------------------------------------------------
INPUT:
workDir: C:/dino_nature/output/2023-11-07-D1\bs/set_257
Nbootstrapsets: 2000
phyloFDAfile: c:/dino_nature/code/phylo.fda.R
auxFile: c:/dino_nature/code/auxiliary.r
boneType: femur
regressionData.file: C:/dino_nature/output/2023-11-07-D1\bs/set_257/femur_set_257.csv
applyDataFilter: FALSE
addTreeTips: TRUE
Ntrees: 100
calculateTrees: TRUE
saveTrees: FALSE


OPERATIONAL CHECKS:
* Regression data contains multiple copies of some taxa (user added variants of existing test taxa 
   or replacements due to bootstrap are present) which are not in the phylo tree:
     original taxon,   duplicate   
"1","Rangifer_tarandus","Rangifer_tarandus.1"
"2","Vulpes_vulpes","Vulpes_vulpes.1"
"3","Raphus","Raphus.1"
"4","Okapia_johnstoni","Okapia_johnstoni.1"
"5","Raphus","Raphus.2"
"6","Okapia_johnstoni","Okapia_johnstoni.2"
"7","Rangifer_tarandus","Rangifer_tarandus.2"
"8","Tamandua_tetradactyla","Tamandua_tetradactyla.1"
"9","Myrmecophaga_tridactyla","Myrmecophaga_tridactyla.1"
"10","Tamandua_tetradactyla","Tamandua_tetradactyla.2"
"11","Myrmecophaga_tridactyla","Myrmecophaga_tridactyla.2"
"12","Caloenas_nicobarica","Caloenas_nicobarica.1"
"13","Raphus","Raphus.3"
"14","Strigiops_habroptilus","Strigiops_habroptilus.1"
"15","Paguma_larvata","Paguma_larvata.1"
"16","Hemiechinus_azurites","Hemiechinus_azurites.1"
"17","Sus_scrofa","Sus_scrofa.1"
"18","Hemiechinus_azurites","Hemiechinus_azurites.2"
"19","Lama_guanicoe","Lama_guanicoe.1"
"20","Uncia_uncia","Uncia_uncia.1"
"21","Hemiechinus_azurites","Hemiechinus_azurites.3"
"22","Megaloceros_sp","Megaloceros_sp.1"
"23","Lama_guanicoe","Lama_guanicoe.2"
"24","Paraplacodus","Paraplacodus.1"
"25","Callophoca_obscura","Callophoca_obscura.1"
"26","Serpianosaurus","Serpianosaurus.1"
"27","Serpianosaurus","Serpianosaurus.2"
"28","Choeropsis_liberiensis","Choeropsis_liberiensis.1"
"29","Caiman_yacare","Caiman_yacare.1"
"30","Caiman_yacare","Caiman_yacare.2"
"31","Chapsosaurus_","Chapsosaurus_.1"
"32","Indohyus","Indohyus.1"
"33","Micropotamogale_euwenzorii","Micropotamogale_euwenzorii.1"
"34","Nothosaurus_mirabilis_1","Nothosaurus_mirabilis_1.1"
"35","Remingtonocetus","Remingtonocetus.1"
"36","Nothosaurus_mirabilis_1","Nothosaurus_mirabilis_1.2"
"37","Hippopotamus_amphibius","Hippopotamus_amphibius.1"
"38","Nothosaurus_mirabilis_1","Nothosaurus_mirabilis_1.3"
"39","Simosaurus_1","Simosaurus_1.1"
"40","Nanophoca_vitulinoides","Nanophoca_vitulinoides.1"
"41","Palaeospheniscus","Palaeospheniscus.1"
"42","Neusticosaurus","Neusticosaurus.1"
"43","Placodontia_indet_1","Placodontia_indet_1.1"
"44","Pistosaurus","Pistosaurus.1"
"45","Hippopotamus_amphibius","Hippopotamus_amphibius.2"
"46","Psephoderma","Psephoderma.1"
"47","Spinosaurus_","Spinosaurus_.1"
"48","Spinosaurus_","Spinosaurus_.2"
"49","Spinosaurus_","Spinosaurus_.3"
"50","Spinosaurus_","Spinosaurus_.4"
"51","Spinosaurus_","Spinosaurus_.5"
"52","Spinosaurus_","Spinosaurus_.6"
"53","Spinosaurus_","Spinosaurus_.7"
"54","Spinosaurus_","Spinosaurus_.8"
"55","Spinosaurus_","Spinosaurus_.9"
"56","Spinosaurus_","Spinosaurus_.10"
"57","Spinosaurus_","Spinosaurus_.11"
"58","Suchomimus","Suchomimus.1"
"59","Suchomimus","Suchomimus.2"
"60","Suchomimus","Suchomimus.3"
"61","Baryonyx","Baryonyx.1"
"62","Baryonyx","Baryonyx.2"
"63","Baryonyx","Baryonyx.3"
 
* Phylo tree and the main data and strata files have been modified to include duplicated taxa before the scaled random trees are generated.
* Selected categorical labels column: diving.or.not
* diving.or.equal column is identical to Diving column.
* Regression excludes flying taxa.
* Diving labels that are present in regression: 0,2
* lambda (calculated from a random tree) = : 0.07
* index-name alignment check: OK
