Logfile for a session of program: bootstrap_binary.r
-----------------------------------------------------
INPUT:
workDir: C:/dino_nature/output/2023-11-07-D1\bs/set_1352
Nbootstrapsets: 2000
phyloFDAfile: c:/dino_nature/code/phylo.fda.R
auxFile: c:/dino_nature/code/auxiliary.r
boneType: femur
regressionData.file: C:/dino_nature/output/2023-11-07-D1\bs/set_1352/femur_set_1352.csv
applyDataFilter: FALSE
addTreeTips: TRUE
Ntrees: 100
calculateTrees: TRUE
saveTrees: FALSE


OPERATIONAL CHECKS:
* Regression data contains multiple copies of some taxa (user added variants of existing test taxa 
   or replacements due to bootstrap are present) which are not in the phylo tree:
     original taxon,   duplicate   
"1","Rangifer_tarandus","Rangifer_tarandus.1"
"2","Uncia_uncia","Uncia_uncia.1"
"3","Ceratotherium_simum","Ceratotherium_simum.1"
"4","Paguma_larvata","Paguma_larvata.1"
"5","Meles_meles","Meles_meles.1"
"6","Elephas_maximus","Elephas_maximus.1"
"7","Mammuthus_sp","Mammuthus_sp.1"
"8","Euroscaptor_micrura","Euroscaptor_micrura.1"
"9","Vulpes_vulpes","Vulpes_vulpes.1"
"10","Mustela_nivalis","Mustela_nivalis.1"
"11","Rhynchocyon_petersi","Rhynchocyon_petersi.1"
"12","Caloenas_nicobarica","Caloenas_nicobarica.1"
"13","Porphyrio_hochstetteri","Porphyrio_hochstetteri.1"
"14","Loxodonta_africana","Loxodonta_africana.1"
"15","Monodelphis_domestica","Monodelphis_domestica.1"
"16","Myrmecophaga_tridactyla","Myrmecophaga_tridactyla.1"
"17","Xenicus_giliventris","Xenicus_giliventris.1"
"18","Monodelphis_domestica","Monodelphis_domestica.2"
"19","Felis_felis","Felis_felis.1"
"20","Euroscaptor_micrura","Euroscaptor_micrura.2"
"21","Brachyodus_onoideum","Brachyodus_onoideum.1"
"22","Rhynchocyon_petersi","Rhynchocyon_petersi.2"
"23","Rhynchocyon_petersi","Rhynchocyon_petersi.3"
"24","Apteryx_australis","Apteryx_australis.1"
"25","Lutra_vulgaris","Lutra_vulgaris.1"
"26","Serpianosaurus","Serpianosaurus.1"
"27","Lutra_vulgaris","Lutra_vulgaris.2"
"28","Remingtonocetus","Remingtonocetus.1"
"29","Caiman_yacare","Caiman_yacare.1"
"30","Remingtonocetus","Remingtonocetus.2"
"31","Remingtonocetus","Remingtonocetus.3"
"32","Remingtonocetus","Remingtonocetus.4"
"33","Serpianosaurus","Serpianosaurus.2"
"34","Nothosaurus_568","Nothosaurus_568.1"
"35","Nothosaurus_150","Nothosaurus_150.1"
"36","Nothosaurus_102","Nothosaurus_102.1"
"37","Desmostylus_hesperus","Desmostylus_hesperus.1"
"38","Plesiosaurus","Plesiosaurus.1"
"39","Ichtyosaur_sp","Ichtyosaur_sp.1"
"40","Nothosaurus_mirabilis_1","Nothosaurus_mirabilis_1.1"
"41","Nothosaurus_150","Nothosaurus_150.2"
"42","Phalacrocorax_harrisi","Phalacrocorax_harrisi.1"
"43","Pistosaurus","Pistosaurus.1"
"44","Micropotamogale_euwenzorii","Micropotamogale_euwenzorii.1"
"45","Rodhocetus","Rodhocetus.1"
"46","Spinosaurus_","Spinosaurus_.1"
"47","Spinosaurus_","Spinosaurus_.2"
"48","Spinosaurus_","Spinosaurus_.3"
"49","Spinosaurus_","Spinosaurus_.4"
"50","Spinosaurus_","Spinosaurus_.5"
"51","Spinosaurus_","Spinosaurus_.6"
"52","Spinosaurus_","Spinosaurus_.7"
"53","Spinosaurus_","Spinosaurus_.8"
"54","Spinosaurus_","Spinosaurus_.9"
"55","Spinosaurus_","Spinosaurus_.10"
"56","Spinosaurus_","Spinosaurus_.11"
"57","Suchomimus","Suchomimus.1"
"58","Suchomimus","Suchomimus.2"
"59","Suchomimus","Suchomimus.3"
"60","Baryonyx","Baryonyx.1"
"61","Baryonyx","Baryonyx.2"
"62","Baryonyx","Baryonyx.3"
 
* Phylo tree and the main data and strata files have been modified to include duplicated taxa before the scaled random trees are generated.
* Selected categorical labels column: diving.or.not
* diving.or.equal column is identical to Diving column.
* Regression excludes flying taxa.
* Diving labels that are present in regression: 0,2
* lambda (calculated from a random tree) = : 0.11
* index-name alignment check: OK
