Logfile for a session of program: bootstrap_binary.r
-----------------------------------------------------
INPUT:
workDir: C:/dino_nature/output/2023-11-07-D1\bs/set_196
Nbootstrapsets: 2000
phyloFDAfile: c:/dino_nature/code/phylo.fda.R
auxFile: c:/dino_nature/code/auxiliary.r
boneType: femur
regressionData.file: C:/dino_nature/output/2023-11-07-D1\bs/set_196/femur_set_196.csv
applyDataFilter: FALSE
addTreeTips: TRUE
Ntrees: 100
calculateTrees: TRUE
saveTrees: FALSE


OPERATIONAL CHECKS:
* Regression data contains multiple copies of some taxa (user added variants of existing test taxa 
   or replacements due to bootstrap are present) which are not in the phylo tree:
     original taxon,   duplicate   
"1","Sus_scrofa","Sus_scrofa.1"
"2","Felis_felis","Felis_felis.1"
"3","Felis_felis","Felis_felis.2"
"4","Tribonyx_mortieri","Tribonyx_mortieri.1"
"5","Felis_felis","Felis_felis.3"
"6","Alces_americanus","Alces_americanus.1"
"7","Mammuthus_sp","Mammuthus_sp.1"
"8","Rattus_rattus","Rattus_rattus.1"
"9","Vulpes_vulpes","Vulpes_vulpes.1"
"10","Hemiechinus_azurites","Hemiechinus_azurites.1"
"11","Hemiechinus_azurites","Hemiechinus_azurites.2"
"12","Strigiops_habroptilus","Strigiops_habroptilus.1"
"13","Elomeryx_borbonicus_","Elomeryx_borbonicus_.1"
"14","Okapia_johnstoni","Okapia_johnstoni.1"
"15","Megaloceros_sp","Megaloceros_sp.1"
"16","Rhynchocyon_petersi","Rhynchocyon_petersi.1"
"17","Elephas_maximus","Elephas_maximus.1"
"18","Elomeryx_borbonicus_","Elomeryx_borbonicus_.2"
"19","Tribonyx_mortieri","Tribonyx_mortieri.2"
"20","Nyctereutes_procyonoides","Nyctereutes_procyonoides.1"
"21","Hesperornis","Hesperornis.1"
"22","Aptenodytes______","Aptenodytes______.1"
"23","Otaria_byronia","Otaria_byronia.1"
"24","Hydromys_chrysogaster","Hydromys_chrysogaster.1"
"25","Nothosaurus_giganteus","Nothosaurus_giganteus.1"
"26","Nothosaurus_568","Nothosaurus_568.1"
"27","Neusticosaurus","Neusticosaurus.1"
"28","large_eocene_stem_penguin","large_eocene_stem_penguin.1"
"29","Maiacetus","Maiacetus.1"
"30","Nothosaurus_568","Nothosaurus_568.2"
"31","Psephoderma","Psephoderma.1"
"32","Dyrosaurid","Dyrosaurid.1"
"33","Simosaurus_1","Simosaurus_1.1"
"34","Phocanella_pumila","Phocanella_pumila.1"
"35","Rhaeticosaurus","Rhaeticosaurus.1"
"36","Simosaurus_1","Simosaurus_1.2"
"37","Nothosaurus_150","Nothosaurus_150.1"
"38","Caiman_yacare","Caiman_yacare.1"
"39","Hydromys_chrysogaster","Hydromys_chrysogaster.2"
"40","Nothosaurus_mirabilis","Nothosaurus_mirabilis.1"
"41","Spinosaurus_","Spinosaurus_.1"
"42","Spinosaurus_","Spinosaurus_.2"
"43","Spinosaurus_","Spinosaurus_.3"
"44","Spinosaurus_","Spinosaurus_.4"
"45","Spinosaurus_","Spinosaurus_.5"
"46","Spinosaurus_","Spinosaurus_.6"
"47","Spinosaurus_","Spinosaurus_.7"
"48","Spinosaurus_","Spinosaurus_.8"
"49","Spinosaurus_","Spinosaurus_.9"
"50","Spinosaurus_","Spinosaurus_.10"
"51","Spinosaurus_","Spinosaurus_.11"
"52","Suchomimus","Suchomimus.1"
"53","Suchomimus","Suchomimus.2"
"54","Suchomimus","Suchomimus.3"
"55","Baryonyx","Baryonyx.1"
"56","Baryonyx","Baryonyx.2"
"57","Baryonyx","Baryonyx.3"
 
* Phylo tree and the main data and strata files have been modified to include duplicated taxa before the scaled random trees are generated.
* Selected categorical labels column: diving.or.not
* diving.or.equal column is identical to Diving column.
* Regression excludes flying taxa.
* Diving labels that are present in regression: 0,2
* lambda (calculated from a random tree) = : 0.14
* index-name alignment check: OK
