Logfile for a session of program: bootstrap_binary.r
-----------------------------------------------------
INPUT:
workDir: C:/dino_nature/output/2023-11-07-D1\bs/set_260
Nbootstrapsets: 2000
phyloFDAfile: c:/dino_nature/code/phylo.fda.R
auxFile: c:/dino_nature/code/auxiliary.r
boneType: femur
regressionData.file: C:/dino_nature/output/2023-11-07-D1\bs/set_260/femur_set_260.csv
applyDataFilter: FALSE
addTreeTips: TRUE
Ntrees: 100
calculateTrees: TRUE
saveTrees: FALSE


OPERATIONAL CHECKS:
* Regression data contains multiple copies of some taxa (user added variants of existing test taxa 
   or replacements due to bootstrap are present) which are not in the phylo tree:
     original taxon,   duplicate   
"1","Bos_taurus","Bos_taurus.1"
"2","Capreolus_capreolus","Capreolus_capreolus.1"
"3","Capreolus_capreolus","Capreolus_capreolus.2"
"4","Microgale_thomasi","Microgale_thomasi.1"
"5","Alces_americanus","Alces_americanus.1"
"6","Cephalophus_silvicultor","Cephalophus_silvicultor.1"
"7","Capreolus_capreolus","Capreolus_capreolus.3"
"8","Ceratotherium_simum","Ceratotherium_simum.1"
"9","Euroscaptor_micrura","Euroscaptor_micrura.1"
"10","Capreolus_capreolus","Capreolus_capreolus.4"
"11","Bison_bonasus","Bison_bonasus.1"
"12","Euroscaptor_micrura","Euroscaptor_micrura.2"
"13","Elomeryx_borbonicus_","Elomeryx_borbonicus_.1"
"14","Megaloceros_sp","Megaloceros_sp.1"
"15","Mus_musculus","Mus_musculus.1"
"16","Dicerorhinus_sumatrensis","Dicerorhinus_sumatrensis.1"
"17","Bison_bonasus","Bison_bonasus.2"
"18","Lacerta_viridis","Lacerta_viridis.1"
"19","Bison_bonasus","Bison_bonasus.3"
"20","Monodelphis_domestica","Monodelphis_domestica.1"
"21","Mus_musculus","Mus_musculus.2"
"22","Raphus","Raphus.1"
"23","Mus_musculus","Mus_musculus.3"
"24","Capreolus_capreolus","Capreolus_capreolus.5"
"25","Castor_fiber","Castor_fiber.1"
"26","Desmana_moschata","Desmana_moschata.1"
"27","Otaria_byronia","Otaria_byronia.1"
"28","Serpianosaurus","Serpianosaurus.1"
"29","Micropotamogale_euwenzorii","Micropotamogale_euwenzorii.1"
"30","Cryptoclidus","Cryptoclidus.1"
"31","Plesiosaurus","Plesiosaurus.1"
"32","Otaria_byronia","Otaria_byronia.2"
"33","Ichtyosaurus_","Ichtyosaurus_.1"
"34","Chironectes_minimus","Chironectes_minimus.1"
"35","Leptophoca_proxima","Leptophoca_proxima.1"
"36","Otaria_byronia","Otaria_byronia.3"
"37","Neusticosaurus","Neusticosaurus.1"
"38","Cricosaurus","Cricosaurus.1"
"39","Chironectes_minimus","Chironectes_minimus.2"
"40","Cryptoclidus","Cryptoclidus.2"
"41","Phocanella_pumila","Phocanella_pumila.1"
"42","Leptophoca_proxima","Leptophoca_proxima.2"
"43","Basilosaurus","Basilosaurus.1"
"44","Spinosaurus_","Spinosaurus_.1"
"45","Spinosaurus_","Spinosaurus_.2"
"46","Spinosaurus_","Spinosaurus_.3"
"47","Spinosaurus_","Spinosaurus_.4"
"48","Spinosaurus_","Spinosaurus_.5"
"49","Spinosaurus_","Spinosaurus_.6"
"50","Spinosaurus_","Spinosaurus_.7"
"51","Spinosaurus_","Spinosaurus_.8"
"52","Spinosaurus_","Spinosaurus_.9"
"53","Spinosaurus_","Spinosaurus_.10"
"54","Spinosaurus_","Spinosaurus_.11"
"55","Suchomimus","Suchomimus.1"
"56","Suchomimus","Suchomimus.2"
"57","Suchomimus","Suchomimus.3"
"58","Baryonyx","Baryonyx.1"
"59","Baryonyx","Baryonyx.2"
"60","Baryonyx","Baryonyx.3"
 
* Phylo tree and the main data and strata files have been modified to include duplicated taxa before the scaled random trees are generated.
* Selected categorical labels column: diving.or.not
* diving.or.equal column is identical to Diving column.
* Regression excludes flying taxa.
* Diving labels that are present in regression: 0,2
* lambda (calculated from a random tree) = : 0.07
* index-name alignment check: OK
