Logfile for a session of program: bootstrap_binary.r
-----------------------------------------------------
INPUT:
workDir: C:/dino_nature/output/2023-11-07-D1\bs/set_601
Nbootstrapsets: 2000
phyloFDAfile: c:/dino_nature/code/phylo.fda.R
auxFile: c:/dino_nature/code/auxiliary.r
boneType: femur
regressionData.file: C:/dino_nature/output/2023-11-07-D1\bs/set_601/femur_set_601.csv
applyDataFilter: FALSE
addTreeTips: TRUE
Ntrees: 100
calculateTrees: TRUE
saveTrees: FALSE


OPERATIONAL CHECKS:
* Regression data contains multiple copies of some taxa (user added variants of existing test taxa 
   or replacements due to bootstrap are present) which are not in the phylo tree:
     original taxon,   duplicate   
"1","Pogona_viceps","Pogona_viceps.1"
"2","Felis_felis","Felis_felis.1"
"3","Brachyodus_onoideum","Brachyodus_onoideum.1"
"4","Monodelphis_domestica","Monodelphis_domestica.1"
"5","Felis_felis","Felis_felis.2"
"6","Dicerorhinus_sumatrensis","Dicerorhinus_sumatrensis.1"
"7","Vulpes_vulpes","Vulpes_vulpes.1"
"8","Mustela_nivalis","Mustela_nivalis.1"
"9","Porphyrio_hochstetteri","Porphyrio_hochstetteri.1"
"10","Sphenodon_punctatus","Sphenodon_punctatus.1"
"11","Monodelphis_domestica","Monodelphis_domestica.2"
"12","Lama_guanicoe","Lama_guanicoe.1"
"13","Sphenodon_punctatus","Sphenodon_punctatus.2"
"14","Dicerorhinus_sumatrensis","Dicerorhinus_sumatrensis.2"
"15","Elephas_maximus","Elephas_maximus.1"
"16","Giraffa_camelopardalis","Giraffa_camelopardalis.1"
"17","Elephas_maximus","Elephas_maximus.2"
"18","Uncia_uncia","Uncia_uncia.1"
"19","Giraffa_camelopardalis","Giraffa_camelopardalis.2"
"20","Rhinoceros_sondaicus","Rhinoceros_sondaicus.1"
"21","Elephas_maximus","Elephas_maximus.3"
"22","Paraplacodus","Paraplacodus.1"
"23","Dyrosaurid","Dyrosaurid.1"
"24","Rhaeticosaurus","Rhaeticosaurus.1"
"25","Paraplacodus","Paraplacodus.2"
"26","Rhaeticosaurus","Rhaeticosaurus.2"
"27","Hydromys_chrysogaster","Hydromys_chrysogaster.1"
"28","Simosaurus_1","Simosaurus_1.1"
"29","large_eocene_stem_penguin","large_eocene_stem_penguin.1"
"30","Rodhocetus","Rodhocetus.1"
"31","Metryorhynchus","Metryorhynchus.1"
"32","Psephoderma","Psephoderma.1"
"33","Rhaeticosaurus","Rhaeticosaurus.3"
"34","Simosaurus","Simosaurus.1"
"35","Nanophoca_vitulinoides","Nanophoca_vitulinoides.1"
"36","Chironectes_minimus","Chironectes_minimus.1"
"37","Phocanella_pumila","Phocanella_pumila.1"
"38","Nothosaurus_568","Nothosaurus_568.1"
"39","Small_Eocene_penguin","Small_Eocene_penguin.1"
"40","Spinosaurus_","Spinosaurus_.1"
"41","Spinosaurus_","Spinosaurus_.2"
"42","Spinosaurus_","Spinosaurus_.3"
"43","Spinosaurus_","Spinosaurus_.4"
"44","Spinosaurus_","Spinosaurus_.5"
"45","Spinosaurus_","Spinosaurus_.6"
"46","Spinosaurus_","Spinosaurus_.7"
"47","Spinosaurus_","Spinosaurus_.8"
"48","Spinosaurus_","Spinosaurus_.9"
"49","Spinosaurus_","Spinosaurus_.10"
"50","Spinosaurus_","Spinosaurus_.11"
"51","Suchomimus","Suchomimus.1"
"52","Suchomimus","Suchomimus.2"
"53","Suchomimus","Suchomimus.3"
"54","Baryonyx","Baryonyx.1"
"55","Baryonyx","Baryonyx.2"
"56","Baryonyx","Baryonyx.3"
 
* Phylo tree and the main data and strata files have been modified to include duplicated taxa before the scaled random trees are generated.
* Selected categorical labels column: diving.or.not
* diving.or.equal column is identical to Diving column.
* Regression excludes flying taxa.
* Diving labels that are present in regression: 0,2
* lambda (calculated from a random tree) = : 0.11
* index-name alignment check: OK
