Logfile for a session of program: bootstrap_binary.r
-----------------------------------------------------
INPUT:
workDir: C:/dino_nature/output/2023-11-07-D1\bs/set_333
Nbootstrapsets: 2000
phyloFDAfile: c:/dino_nature/code/phylo.fda.R
auxFile: c:/dino_nature/code/auxiliary.r
boneType: femur
regressionData.file: C:/dino_nature/output/2023-11-07-D1\bs/set_333/femur_set_333.csv
applyDataFilter: FALSE
addTreeTips: TRUE
Ntrees: 100
calculateTrees: TRUE
saveTrees: FALSE


OPERATIONAL CHECKS:
* Regression data contains multiple copies of some taxa (user added variants of existing test taxa 
   or replacements due to bootstrap are present) which are not in the phylo tree:
     original taxon,   duplicate   
"1","Uncia_uncia","Uncia_uncia.1"
"2","Bison_bonasus","Bison_bonasus.1"
"3","Strigiops_habroptilus","Strigiops_habroptilus.1"
"4","Raphus","Raphus.1"
"5","Uncia_uncia","Uncia_uncia.2"
"6","Bison_bonasus","Bison_bonasus.2"
"7","Bison_bonasus","Bison_bonasus.3"
"8","Tamandua_tetradactyla","Tamandua_tetradactyla.1"
"9","Hemiechinus_azurites","Hemiechinus_azurites.1"
"10","Tribonyx_mortieri","Tribonyx_mortieri.1"
"11","Rhinoceros_sondaicus","Rhinoceros_sondaicus.1"
"12","Okapia_johnstoni","Okapia_johnstoni.1"
"13","Microgale_thomasi","Microgale_thomasi.1"
"14","Bison_bonasus","Bison_bonasus.4"
"15","Hemiechinus_azurites","Hemiechinus_azurites.2"
"16","Elephas_maximus","Elephas_maximus.1"
"17","Tamandua_tetradactyla","Tamandua_tetradactyla.2"
"18","Paraplacodus","Paraplacodus.1"
"19","Hippopotamus_amphibius","Hippopotamus_amphibius.1"
"20","Nothosaurus_102","Nothosaurus_102.1"
"21","Basilosaurus","Basilosaurus.1"
"22","Desmostylus_hesperus","Desmostylus_hesperus.1"
"23","Psephoderma","Psephoderma.1"
"24","Paraplacodus","Paraplacodus.2"
"25","Chapsosaurus_","Chapsosaurus_.1"
"26","Chapsosaurus_","Chapsosaurus_.2"
"27","Chapsosaurus_","Chapsosaurus_.3"
"28","Champsosaurus","Champsosaurus.1"
"29","Plesiosaurus","Plesiosaurus.1"
"30","large_eocene_stem_penguin","large_eocene_stem_penguin.1"
"31","Nothosaurus_102","Nothosaurus_102.2"
"32","Nothosaurus_568","Nothosaurus_568.1"
"33","Plesiosaurus","Plesiosaurus.2"
"34","Nothosaurus_102","Nothosaurus_102.3"
"35","Hesperornis","Hesperornis.1"
"36","Champsosaurus","Champsosaurus.2"
"37","Spinosaurus_","Spinosaurus_.1"
"38","Spinosaurus_","Spinosaurus_.2"
"39","Spinosaurus_","Spinosaurus_.3"
"40","Spinosaurus_","Spinosaurus_.4"
"41","Spinosaurus_","Spinosaurus_.5"
"42","Spinosaurus_","Spinosaurus_.6"
"43","Spinosaurus_","Spinosaurus_.7"
"44","Spinosaurus_","Spinosaurus_.8"
"45","Spinosaurus_","Spinosaurus_.9"
"46","Spinosaurus_","Spinosaurus_.10"
"47","Spinosaurus_","Spinosaurus_.11"
"48","Suchomimus","Suchomimus.1"
"49","Suchomimus","Suchomimus.2"
"50","Suchomimus","Suchomimus.3"
"51","Baryonyx","Baryonyx.1"
"52","Baryonyx","Baryonyx.2"
"53","Baryonyx","Baryonyx.3"
 
* Phylo tree and the main data and strata files have been modified to include duplicated taxa before the scaled random trees are generated.
* Selected categorical labels column: diving.or.not
* diving.or.equal column is identical to Diving column.
* Regression excludes flying taxa.
* Diving labels that are present in regression: 0,2
* lambda (calculated from a random tree) = : 0.08
* index-name alignment check: OK
