Logfile for a session of program: bootstrap_binary.r
-----------------------------------------------------
INPUT:
workDir: C:/dino_nature/output/2023-11-07-D1\bs/set_685
Nbootstrapsets: 2000
phyloFDAfile: c:/dino_nature/code/phylo.fda.R
auxFile: c:/dino_nature/code/auxiliary.r
boneType: femur
regressionData.file: C:/dino_nature/output/2023-11-07-D1\bs/set_685/femur_set_685.csv
applyDataFilter: FALSE
addTreeTips: TRUE
Ntrees: 100
calculateTrees: TRUE
saveTrees: FALSE


OPERATIONAL CHECKS:
* Regression data contains multiple copies of some taxa (user added variants of existing test taxa 
   or replacements due to bootstrap are present) which are not in the phylo tree:
     original taxon,   duplicate   
"1","Rupicapra_rupicapra","Rupicapra_rupicapra.1"
"2","Mus_musculus","Mus_musculus.1"
"3","Megaloceros_sp","Megaloceros_sp.1"
"4","Tamandua_tetradactyla","Tamandua_tetradactyla.1"
"5","Euroscaptor_micrura","Euroscaptor_micrura.1"
"6","Elephas_maximus","Elephas_maximus.1"
"7","Megaloceros_sp","Megaloceros_sp.2"
"8","Apteryx_australis","Apteryx_australis.1"
"9","Euroscaptor_micrura","Euroscaptor_micrura.2"
"10","Tamandua_tetradactyla","Tamandua_tetradactyla.2"
"11","Apteryx_australis","Apteryx_australis.2"
"12","Megaloceros_sp","Megaloceros_sp.3"
"13","Euroscaptor_micrura","Euroscaptor_micrura.3"
"14","Megaloceros_sp","Megaloceros_sp.4"
"15","Mammuthus_sp","Mammuthus_sp.1"
"16","Dama_dama","Dama_dama.1"
"17","Tribonyx_mortieri","Tribonyx_mortieri.1"
"18","Diplomesodon_pulchellum","Diplomesodon_pulchellum.1"
"19","Cephalophus_silvicultor","Cephalophus_silvicultor.1"
"20","Diplomesodon_pulchellum","Diplomesodon_pulchellum.2"
"21","Brachyodus_onoideum","Brachyodus_onoideum.1"
"22","Rhynchocyon_petersi","Rhynchocyon_petersi.1"
"23","Raphus","Raphus.1"
"24","Cryptoclidus","Cryptoclidus.1"
"25","Dyrosaurid","Dyrosaurid.1"
"26","Chapsosaurus_","Chapsosaurus_.1"
"27","Hexaprotodon_garyam","Hexaprotodon_garyam.1"
"28","Desmostylus_hesperus","Desmostylus_hesperus.1"
"29","Otaria_byronia","Otaria_byronia.1"
"30","Hexaprotodon_garyam","Hexaprotodon_garyam.2"
"31","Pistosaurus","Pistosaurus.1"
"32","Small_Eocene_penguin","Small_Eocene_penguin.1"
"33","Remingtonocetus","Remingtonocetus.1"
"34","Desmostylus_hesperus","Desmostylus_hesperus.2"
"35","Dyrosaurid","Dyrosaurid.2"
"36","Desmana_moschata","Desmana_moschata.1"
"37","Nanophoca_vitulinoides","Nanophoca_vitulinoides.1"
"38","Cricosaurus","Cricosaurus.1"
"39","Paraplacodus","Paraplacodus.1"
"40","Cryptoclidus","Cryptoclidus.2"
"41","Ornithorhynchus_anatinus","Ornithorhynchus_anatinus.1"
"42","Noemys_fodies","Noemys_fodies.1"
"43","Ichtyosaurus_","Ichtyosaurus_.1"
"44","Spinosaurus_","Spinosaurus_.1"
"45","Spinosaurus_","Spinosaurus_.2"
"46","Spinosaurus_","Spinosaurus_.3"
"47","Spinosaurus_","Spinosaurus_.4"
"48","Spinosaurus_","Spinosaurus_.5"
"49","Spinosaurus_","Spinosaurus_.6"
"50","Spinosaurus_","Spinosaurus_.7"
"51","Spinosaurus_","Spinosaurus_.8"
"52","Spinosaurus_","Spinosaurus_.9"
"53","Spinosaurus_","Spinosaurus_.10"
"54","Spinosaurus_","Spinosaurus_.11"
"55","Suchomimus","Suchomimus.1"
"56","Suchomimus","Suchomimus.2"
"57","Suchomimus","Suchomimus.3"
"58","Baryonyx","Baryonyx.1"
"59","Baryonyx","Baryonyx.2"
"60","Baryonyx","Baryonyx.3"
 
* Phylo tree and the main data and strata files have been modified to include duplicated taxa before the scaled random trees are generated.
* Selected categorical labels column: diving.or.not
* diving.or.equal column is identical to Diving column.
* Regression excludes flying taxa.
* Diving labels that are present in regression: 0,2
* lambda (calculated from a random tree) = : 0.08
* index-name alignment check: OK
