Logfile for a session of program: bootstrap_binary.r
-----------------------------------------------------
INPUT:
workDir: C:/dino_nature/output/2023-11-07-D1\bs/set_588
Nbootstrapsets: 2000
phyloFDAfile: c:/dino_nature/code/phylo.fda.R
auxFile: c:/dino_nature/code/auxiliary.r
boneType: femur
regressionData.file: C:/dino_nature/output/2023-11-07-D1\bs/set_588/femur_set_588.csv
applyDataFilter: FALSE
addTreeTips: TRUE
Ntrees: 100
calculateTrees: TRUE
saveTrees: FALSE


OPERATIONAL CHECKS:
* Regression data contains multiple copies of some taxa (user added variants of existing test taxa 
   or replacements due to bootstrap are present) which are not in the phylo tree:
     original taxon,   duplicate   
"1","Caloenas_nicobarica","Caloenas_nicobarica.1"
"2","Syncerus_caffer","Syncerus_caffer.1"
"3","Euroscaptor_micrura","Euroscaptor_micrura.1"
"4","Rynochetus_jubatus","Rynochetus_jubatus.1"
"5","Xenicus_giliventris","Xenicus_giliventris.1"
"6","Dama_dama","Dama_dama.1"
"7","Taxidea_taxus","Taxidea_taxus.1"
"8","Dama_dama","Dama_dama.2"
"9","Lama_guanicoe","Lama_guanicoe.1"
"10","Rattus_rattus","Rattus_rattus.1"
"11","Ceratotherium_simum","Ceratotherium_simum.1"
"12","Dasyurus_maculatus","Dasyurus_maculatus.1"
"13","Syncerus_caffer","Syncerus_caffer.2"
"14","Hemiechinus_azurites","Hemiechinus_azurites.1"
"15","Bison_bonasus","Bison_bonasus.1"
"16","Ceratotherium_simum","Ceratotherium_simum.2"
"17","Mammuthus_sp","Mammuthus_sp.1"
"18","Brachyodus_onoideum","Brachyodus_onoideum.1"
"19","Placodontia_indet_1","Placodontia_indet_1.1"
"20","Simosaurus","Simosaurus.1"
"21","Simosaurus","Simosaurus.2"
"22","Placodontia_indet_1","Placodontia_indet_1.2"
"23","Otaria_byronia","Otaria_byronia.1"
"24","Caiman_yacare","Caiman_yacare.1"
"25","Serpianosaurus","Serpianosaurus.1"
"26","Simosaurus_1","Simosaurus_1.1"
"27","Hexaprotodon_garyam","Hexaprotodon_garyam.1"
"28","Rhaeticosaurus","Rhaeticosaurus.1"
"29","Leptophoca_proxima","Leptophoca_proxima.1"
"30","Simosaurus_1","Simosaurus_1.2"
"31","Hesperornis","Hesperornis.1"
"32","Champsosaurus","Champsosaurus.1"
"33","Tapirus_terrestris","Tapirus_terrestris.1"
"34","Hexaprotodon_garyam","Hexaprotodon_garyam.2"
"35","Neusticosaurus","Neusticosaurus.1"
"36","Chapsosaurus_","Chapsosaurus_.1"
"37","Alligator","Alligator.1"
"38","large_eocene_stem_penguin","large_eocene_stem_penguin.1"
"39","Spinosaurus_","Spinosaurus_.1"
"40","Spinosaurus_","Spinosaurus_.2"
"41","Spinosaurus_","Spinosaurus_.3"
"42","Spinosaurus_","Spinosaurus_.4"
"43","Spinosaurus_","Spinosaurus_.5"
"44","Spinosaurus_","Spinosaurus_.6"
"45","Spinosaurus_","Spinosaurus_.7"
"46","Spinosaurus_","Spinosaurus_.8"
"47","Spinosaurus_","Spinosaurus_.9"
"48","Spinosaurus_","Spinosaurus_.10"
"49","Spinosaurus_","Spinosaurus_.11"
"50","Suchomimus","Suchomimus.1"
"51","Suchomimus","Suchomimus.2"
"52","Suchomimus","Suchomimus.3"
"53","Baryonyx","Baryonyx.1"
"54","Baryonyx","Baryonyx.2"
"55","Baryonyx","Baryonyx.3"
 
* Phylo tree and the main data and strata files have been modified to include duplicated taxa before the scaled random trees are generated.
* Selected categorical labels column: diving.or.not
* diving.or.equal column is identical to Diving column.
* Regression excludes flying taxa.
* Diving labels that are present in regression: 0,2
* lambda (calculated from a random tree) = : 0.11
* index-name alignment check: OK
