Logfile for a session of program: bootstrap_binary.r
-----------------------------------------------------
INPUT:
workDir: C:/dino_nature/output/2023-11-07-D1\bs/set_1267
Nbootstrapsets: 2000
phyloFDAfile: c:/dino_nature/code/phylo.fda.R
auxFile: c:/dino_nature/code/auxiliary.r
boneType: femur
regressionData.file: C:/dino_nature/output/2023-11-07-D1\bs/set_1267/femur_set_1267.csv
applyDataFilter: FALSE
addTreeTips: TRUE
Ntrees: 100
calculateTrees: TRUE
saveTrees: FALSE


OPERATIONAL CHECKS:
* Regression data contains multiple copies of some taxa (user added variants of existing test taxa 
   or replacements due to bootstrap are present) which are not in the phylo tree:
     original taxon,   duplicate   
"1","Nyctereutes_procyonoides","Nyctereutes_procyonoides.1"
"2","Dama_dama","Dama_dama.1"
"3","Dama_dama","Dama_dama.2"
"4","Rhinoceros_sondaicus","Rhinoceros_sondaicus.1"
"5","Nyctereutes_procyonoides","Nyctereutes_procyonoides.2"
"6","Rangifer_tarandus","Rangifer_tarandus.1"
"7","Nyctereutes_procyonoides","Nyctereutes_procyonoides.3"
"8","Mammuthus_sp","Mammuthus_sp.1"
"9","Rhinoceros_sondaicus","Rhinoceros_sondaicus.2"
"10","Taxidea_taxus","Taxidea_taxus.1"
"11","Sus_scrofa","Sus_scrofa.1"
"12","Tenrec_ecaudatus","Tenrec_ecaudatus.1"
"13","Elomeryx_borbonicus_","Elomeryx_borbonicus_.1"
"14","Dama_dama","Dama_dama.3"
"15","Hemiechinus_azurites","Hemiechinus_azurites.1"
"16","Okapia_johnstoni","Okapia_johnstoni.1"
"17","Strigiops_habroptilus","Strigiops_habroptilus.1"
"18","Dasyurus_maculatus","Dasyurus_maculatus.1"
"19","Apteryx_australis","Apteryx_australis.1"
"20","Apteryx_australis","Apteryx_australis.2"
"21","Sphenodon_punctatus","Sphenodon_punctatus.1"
"22","Chironectes_minimus","Chironectes_minimus.1"
"23","Anarosaurus","Anarosaurus.1"
"24","Nothosaurus_102","Nothosaurus_102.1"
"25","Anarosaurus","Anarosaurus.2"
"26","Otaria_byronia","Otaria_byronia.1"
"27","Anarosaurus","Anarosaurus.3"
"28","Callophoca_obscura","Callophoca_obscura.1"
"29","Neusticosaurus","Neusticosaurus.1"
"30","Serpianosaurus","Serpianosaurus.1"
"31","Psephoderma","Psephoderma.1"
"32","Cryptoclidus","Cryptoclidus.1"
"33","Protochampsidae","Protochampsidae.1"
"34","Tapirus_terrestris","Tapirus_terrestris.1"
"35","Neusticosaurus","Neusticosaurus.2"
"36","Ornithorhynchus_anatinus","Ornithorhynchus_anatinus.1"
"37","Micropotamogale_euwenzorii","Micropotamogale_euwenzorii.1"
"38","Choeropsis_liberiensis","Choeropsis_liberiensis.1"
"39","Plesiosaurus","Plesiosaurus.1"
"40","Ichtyosaur_sp","Ichtyosaur_sp.1"
"41","Placondontia_indet","Placondontia_indet.1"
"42","Serpianosaurus","Serpianosaurus.2"
"43","Spinosaurus_","Spinosaurus_.1"
"44","Spinosaurus_","Spinosaurus_.2"
"45","Spinosaurus_","Spinosaurus_.3"
"46","Spinosaurus_","Spinosaurus_.4"
"47","Spinosaurus_","Spinosaurus_.5"
"48","Spinosaurus_","Spinosaurus_.6"
"49","Spinosaurus_","Spinosaurus_.7"
"50","Spinosaurus_","Spinosaurus_.8"
"51","Spinosaurus_","Spinosaurus_.9"
"52","Spinosaurus_","Spinosaurus_.10"
"53","Spinosaurus_","Spinosaurus_.11"
"54","Suchomimus","Suchomimus.1"
"55","Suchomimus","Suchomimus.2"
"56","Suchomimus","Suchomimus.3"
"57","Baryonyx","Baryonyx.1"
"58","Baryonyx","Baryonyx.2"
"59","Baryonyx","Baryonyx.3"
 
* Phylo tree and the main data and strata files have been modified to include duplicated taxa before the scaled random trees are generated.
* Selected categorical labels column: diving.or.not
* diving.or.equal column is identical to Diving column.
* Regression excludes flying taxa.
* Diving labels that are present in regression: 0,2
* lambda (calculated from a random tree) = : 0.07
* index-name alignment check: OK
