Logfile for a session of program: bootstrap_binary.r
-----------------------------------------------------
INPUT:
workDir: C:/dino_nature/output/2023-11-07-D1\bs/set_12
Nbootstrapsets: 2000
phyloFDAfile: c:/dino_nature/code/phylo.fda.R
auxFile: c:/dino_nature/code/auxiliary.r
boneType: femur
regressionData.file: C:/dino_nature/output/2023-11-07-D1\bs/set_12/femur_set_12.csv
applyDataFilter: FALSE
addTreeTips: TRUE
Ntrees: 100
calculateTrees: TRUE
saveTrees: FALSE


OPERATIONAL CHECKS:
* Regression data contains multiple copies of some taxa (user added variants of existing test taxa 
   or replacements due to bootstrap are present) which are not in the phylo tree:
     original taxon,   duplicate   
"1","Cephalophus_silvicultor","Cephalophus_silvicultor.1"
"2","Atlantisia_rogersi","Atlantisia_rogersi.1"
"3","Lama_guanicoe","Lama_guanicoe.1"
"4","Brachyodus_onoideum","Brachyodus_onoideum.1"
"5","Diplomesodon_pulchellum","Diplomesodon_pulchellum.1"
"6","Brachyodus_onoideum","Brachyodus_onoideum.2"
"7","Syncerus_caffer","Syncerus_caffer.1"
"8","Procyon_lotor","Procyon_lotor.1"
"9","Nyctereutes_procyonoides","Nyctereutes_procyonoides.1"
"10","Ceratotherium_simum","Ceratotherium_simum.1"
"11","Lama_guanicoe","Lama_guanicoe.2"
"12","Pogona_viceps","Pogona_viceps.1"
"13","Rynochetus_jubatus","Rynochetus_jubatus.1"
"14","Dama_dama","Dama_dama.1"
"15","Pistosaurus","Pistosaurus.1"
"16","Leptophoca_proxima","Leptophoca_proxima.1"
"17","Ornithorhynchus_anatinus","Ornithorhynchus_anatinus.1"
"18","Nothosaurus_giganteus","Nothosaurus_giganteus.1"
"19","Castor_fiber","Castor_fiber.1"
"20","Neusticosaurus","Neusticosaurus.1"
"21","Nothosaurus_150","Nothosaurus_150.1"
"22","Ichtyosaur_sp","Ichtyosaur_sp.1"
"23","Aptenodytes______","Aptenodytes______.1"
"24","Alligator","Alligator.1"
"25","Chironectes_minimus","Chironectes_minimus.1"
"26","Nothosaurus_150","Nothosaurus_150.2"
"27","Desmana_moschata","Desmana_moschata.1"
"28","Otaria_byronia","Otaria_byronia.1"
"29","Pistosaurus","Pistosaurus.2"
"30","Tapirus_terrestris","Tapirus_terrestris.1"
"31","Ichtyosaur_sp","Ichtyosaur_sp.2"
"32","Placodontia_indet_1","Placodontia_indet_1.1"
"33","Chironectes_minimus","Chironectes_minimus.2"
"34","Spinosaurus_","Spinosaurus_.1"
"35","Spinosaurus_","Spinosaurus_.2"
"36","Spinosaurus_","Spinosaurus_.3"
"37","Spinosaurus_","Spinosaurus_.4"
"38","Spinosaurus_","Spinosaurus_.5"
"39","Spinosaurus_","Spinosaurus_.6"
"40","Spinosaurus_","Spinosaurus_.7"
"41","Spinosaurus_","Spinosaurus_.8"
"42","Spinosaurus_","Spinosaurus_.9"
"43","Spinosaurus_","Spinosaurus_.10"
"44","Spinosaurus_","Spinosaurus_.11"
"45","Suchomimus","Suchomimus.1"
"46","Suchomimus","Suchomimus.2"
"47","Suchomimus","Suchomimus.3"
"48","Baryonyx","Baryonyx.1"
"49","Baryonyx","Baryonyx.2"
"50","Baryonyx","Baryonyx.3"
 
* Phylo tree and the main data and strata files have been modified to include duplicated taxa before the scaled random trees are generated.
* Selected categorical labels column: diving.or.not
* diving.or.equal column is identical to Diving column.
* Regression excludes flying taxa.
* Diving labels that are present in regression: 0,2
* lambda (calculated from a random tree) = : 0.09
* index-name alignment check: OK
