Logfile for a session of program: bootstrap_binary.r
-----------------------------------------------------
INPUT:
workDir: C:/dino_nature/output/2023-11-07-D1\bs/set_1499
Nbootstrapsets: 2000
phyloFDAfile: c:/dino_nature/code/phylo.fda.R
auxFile: c:/dino_nature/code/auxiliary.r
boneType: femur
regressionData.file: C:/dino_nature/output/2023-11-07-D1\bs/set_1499/femur_set_1499.csv
applyDataFilter: FALSE
addTreeTips: TRUE
Ntrees: 100
calculateTrees: TRUE
saveTrees: FALSE


OPERATIONAL CHECKS:
* Regression data contains multiple copies of some taxa (user added variants of existing test taxa 
   or replacements due to bootstrap are present) which are not in the phylo tree:
     original taxon,   duplicate   
"1","Bison_bonasus","Bison_bonasus.1"
"2","Tribonyx_mortieri","Tribonyx_mortieri.1"
"3","Paguma_larvata","Paguma_larvata.1"
"4","Giraffa_camelopardalis","Giraffa_camelopardalis.1"
"5","Monodelphis_domestica","Monodelphis_domestica.1"
"6","Bos_taurus","Bos_taurus.1"
"7","Bos_taurus","Bos_taurus.2"
"8","Procavia_capensis","Procavia_capensis.1"
"9","Rangifer_tarandus","Rangifer_tarandus.1"
"10","Giraffa_camelopardalis","Giraffa_camelopardalis.2"
"11","Apteryx_owenii_","Apteryx_owenii_.1"
"12","Rhinoceros_sondaicus","Rhinoceros_sondaicus.1"
"13","Sphenodon_punctatus","Sphenodon_punctatus.1"
"14","Elephas_maximus","Elephas_maximus.1"
"15","Giraffa_camelopardalis","Giraffa_camelopardalis.3"
"16","Tribonyx_mortieri","Tribonyx_mortieri.2"
"17","Elephas_maximus","Elephas_maximus.2"
"18","Dicerorhinus_sumatrensis","Dicerorhinus_sumatrensis.1"
"19","Bison_bonasus","Bison_bonasus.2"
"20","Bos_taurus","Bos_taurus.3"
"21","Hemiechinus_azurites","Hemiechinus_azurites.1"
"22","Psephoderma","Psephoderma.1"
"23","Micropotamogale_euwenzorii","Micropotamogale_euwenzorii.1"
"24","Caiman_yacare","Caiman_yacare.1"
"25","Rodhocetus","Rodhocetus.1"
"26","Nothosaurus_giganteus","Nothosaurus_giganteus.1"
"27","Nothosaurus_mirabilis","Nothosaurus_mirabilis.1"
"28","Desmostylus_hesperus","Desmostylus_hesperus.1"
"29","Rhaeticosaurus","Rhaeticosaurus.1"
"30","Micropotamogale_euwenzorii","Micropotamogale_euwenzorii.2"
"31","Chironectes_minimus","Chironectes_minimus.1"
"32","Plesiosaurus","Plesiosaurus.1"
"33","Leptophoca_proxima","Leptophoca_proxima.1"
"34","Dyrosaurid","Dyrosaurid.1"
"35","Hydromys_chrysogaster","Hydromys_chrysogaster.1"
"36","Nothosaurus_mirabilis_1","Nothosaurus_mirabilis_1.1"
"37","Serpianosaurus","Serpianosaurus.1"
"38","Protochampsidae","Protochampsidae.1"
"39","Dyrosaurid","Dyrosaurid.2"
"40","Spinosaurus_","Spinosaurus_.1"
"41","Spinosaurus_","Spinosaurus_.2"
"42","Spinosaurus_","Spinosaurus_.3"
"43","Spinosaurus_","Spinosaurus_.4"
"44","Spinosaurus_","Spinosaurus_.5"
"45","Spinosaurus_","Spinosaurus_.6"
"46","Spinosaurus_","Spinosaurus_.7"
"47","Spinosaurus_","Spinosaurus_.8"
"48","Spinosaurus_","Spinosaurus_.9"
"49","Spinosaurus_","Spinosaurus_.10"
"50","Spinosaurus_","Spinosaurus_.11"
"51","Suchomimus","Suchomimus.1"
"52","Suchomimus","Suchomimus.2"
"53","Suchomimus","Suchomimus.3"
"54","Baryonyx","Baryonyx.1"
"55","Baryonyx","Baryonyx.2"
"56","Baryonyx","Baryonyx.3"
 
* Phylo tree and the main data and strata files have been modified to include duplicated taxa before the scaled random trees are generated.
* Selected categorical labels column: diving.or.not
* diving.or.equal column is identical to Diving column.
* Regression excludes flying taxa.
* Diving labels that are present in regression: 0,2
* lambda (calculated from a random tree) = : 0.1
* index-name alignment check: OK
