Logfile for a session of program: bootstrap_binary.r
-----------------------------------------------------
INPUT:
workDir: C:/dino_nature/output/2023-11-07-D1\bs/set_487
Nbootstrapsets: 2000
phyloFDAfile: c:/dino_nature/code/phylo.fda.R
auxFile: c:/dino_nature/code/auxiliary.r
boneType: femur
regressionData.file: C:/dino_nature/output/2023-11-07-D1\bs/set_487/femur_set_487.csv
applyDataFilter: FALSE
addTreeTips: TRUE
Ntrees: 100
calculateTrees: TRUE
saveTrees: FALSE


OPERATIONAL CHECKS:
* Regression data contains multiple copies of some taxa (user added variants of existing test taxa 
   or replacements due to bootstrap are present) which are not in the phylo tree:
     original taxon,   duplicate   
"1","Paguma_larvata","Paguma_larvata.1"
"2","Giraffa_camelopardalis","Giraffa_camelopardalis.1"
"3","Rynochetus_jubatus","Rynochetus_jubatus.1"
"4","Vulpes_vulpes","Vulpes_vulpes.1"
"5","Mustela_nivalis","Mustela_nivalis.1"
"6","Mustela_nivalis","Mustela_nivalis.2"
"7","Apteryx_owenii_","Apteryx_owenii_.1"
"8","Loxodonta_africana","Loxodonta_africana.1"
"9","Uncia_uncia","Uncia_uncia.1"
"10","Syncerus_caffer","Syncerus_caffer.1"
"11","Cephalophus_silvicultor","Cephalophus_silvicultor.1"
"12","Dama_dama","Dama_dama.1"
"13","Mus_musculus","Mus_musculus.1"
"14","Cephalophus_silvicultor","Cephalophus_silvicultor.2"
"15","Alces_americanus","Alces_americanus.1"
"16","Dasyurus_maculatus","Dasyurus_maculatus.1"
"17","Vulpes_vulpes","Vulpes_vulpes.2"
"18","Rynochetus_jubatus","Rynochetus_jubatus.2"
"19","Dasyurus_maculatus","Dasyurus_maculatus.2"
"20","Dasyurus_maculatus","Dasyurus_maculatus.3"
"21","Euroscaptor_micrura","Euroscaptor_micrura.1"
"22","Tribonyx_mortieri","Tribonyx_mortieri.1"
"23","Dicerorhinus_sumatrensis","Dicerorhinus_sumatrensis.1"
"24","Cephalophus_silvicultor","Cephalophus_silvicultor.3"
"25","Dama_dama","Dama_dama.2"
"26","Loxodonta_africana","Loxodonta_africana.2"
"27","Caloenas_nicobarica","Caloenas_nicobarica.1"
"28","Hemiechinus_azurites","Hemiechinus_azurites.1"
"29","Indohyus","Indohyus.1"
"30","Cryptoclidus","Cryptoclidus.1"
"31","Nothosaurus_mirabilis","Nothosaurus_mirabilis.1"
"32","Nanophoca_vitulinoides","Nanophoca_vitulinoides.1"
"33","Ornithorhynchus_anatinus","Ornithorhynchus_anatinus.1"
"34","Micropotamogale_euwenzorii","Micropotamogale_euwenzorii.1"
"35","Small_Eocene_penguin","Small_Eocene_penguin.1"
"36","Leptophoca_proxima","Leptophoca_proxima.1"
"37","Lutra_vulgaris","Lutra_vulgaris.1"
"38","Small_Eocene_penguin","Small_Eocene_penguin.2"
"39","Nothosaurus_giganteus","Nothosaurus_giganteus.1"
"40","Chapsosaurus_","Chapsosaurus_.1"
"41","Hexaprotodon_garyam","Hexaprotodon_garyam.1"
"42","Leptophoca_proxima","Leptophoca_proxima.2"
"43","Caiman_yacare","Caiman_yacare.1"
"44","Anarosaurus","Anarosaurus.1"
"45","Phocanella_pumila","Phocanella_pumila.1"
"46","Metryorhynchus","Metryorhynchus.1"
"47","large_eocene_stem_penguin","large_eocene_stem_penguin.1"
"48","Protochampsidae","Protochampsidae.1"
"49","Nothosaurus_150","Nothosaurus_150.1"
"50","Spinosaurus_","Spinosaurus_.1"
"51","Spinosaurus_","Spinosaurus_.2"
"52","Spinosaurus_","Spinosaurus_.3"
"53","Spinosaurus_","Spinosaurus_.4"
"54","Spinosaurus_","Spinosaurus_.5"
"55","Spinosaurus_","Spinosaurus_.6"
"56","Spinosaurus_","Spinosaurus_.7"
"57","Spinosaurus_","Spinosaurus_.8"
"58","Spinosaurus_","Spinosaurus_.9"
"59","Spinosaurus_","Spinosaurus_.10"
"60","Spinosaurus_","Spinosaurus_.11"
"61","Suchomimus","Suchomimus.1"
"62","Suchomimus","Suchomimus.2"
"63","Suchomimus","Suchomimus.3"
"64","Baryonyx","Baryonyx.1"
"65","Baryonyx","Baryonyx.2"
"66","Baryonyx","Baryonyx.3"
 
* Phylo tree and the main data and strata files have been modified to include duplicated taxa before the scaled random trees are generated.
* Selected categorical labels column: diving.or.not
* diving.or.equal column is identical to Diving column.
* Regression excludes flying taxa.
* Diving labels that are present in regression: 0,2
* lambda (calculated from a random tree) = : 0.11
* index-name alignment check: OK
