Logfile for a session of program: bootstrap_binary.r
-----------------------------------------------------
INPUT:
workDir: C:/dino_nature/output/2023-11-07-D1\bs/set_1509
Nbootstrapsets: 2000
phyloFDAfile: c:/dino_nature/code/phylo.fda.R
auxFile: c:/dino_nature/code/auxiliary.r
boneType: femur
regressionData.file: C:/dino_nature/output/2023-11-07-D1\bs/set_1509/femur_set_1509.csv
applyDataFilter: FALSE
addTreeTips: TRUE
Ntrees: 100
calculateTrees: TRUE
saveTrees: FALSE


OPERATIONAL CHECKS:
* Regression data contains multiple copies of some taxa (user added variants of existing test taxa 
   or replacements due to bootstrap are present) which are not in the phylo tree:
     original taxon,   duplicate   
"1","Dicerorhinus_sumatrensis","Dicerorhinus_sumatrensis.1"
"2","Mustela_nivalis","Mustela_nivalis.1"
"3","Alces_americanus","Alces_americanus.1"
"4","Rangifer_tarandus","Rangifer_tarandus.1"
"5","Mammuthus_sp","Mammuthus_sp.1"
"6","Dasyurus_maculatus","Dasyurus_maculatus.1"
"7","Ceratotherium_simum","Ceratotherium_simum.1"
"8","Rhinoceros_sondaicus","Rhinoceros_sondaicus.1"
"9","Rangifer_tarandus","Rangifer_tarandus.2"
"10","Mustela_nivalis","Mustela_nivalis.2"
"11","Xenicus_giliventris","Xenicus_giliventris.1"
"12","Mammuthus_sp","Mammuthus_sp.2"
"13","Elomeryx_borbonicus_","Elomeryx_borbonicus_.1"
"14","Rangifer_tarandus","Rangifer_tarandus.3"
"15","Dicerorhinus_sumatrensis","Dicerorhinus_sumatrensis.2"
"16","Tamandua_tetradactyla","Tamandua_tetradactyla.1"
"17","Dromaius_","Dromaius_.1"
"18","Porphyrio_hochstetteri","Porphyrio_hochstetteri.1"
"19","large_eocene_stem_penguin","large_eocene_stem_penguin.1"
"20","Micropotamogale_euwenzorii","Micropotamogale_euwenzorii.1"
"21","Cryptoclidus","Cryptoclidus.1"
"22","Alligator","Alligator.1"
"23","Champsosaurus","Champsosaurus.1"
"24","Choeropsis_liberiensis","Choeropsis_liberiensis.1"
"25","Metryorhynchus","Metryorhynchus.1"
"26","Phocanella_pumila","Phocanella_pumila.1"
"27","Phalacrocorax_harrisi","Phalacrocorax_harrisi.1"
"28","Phocanella_pumila","Phocanella_pumila.2"
"29","Ornithorhynchus_anatinus","Ornithorhynchus_anatinus.1"
"30","Cryptoclidus","Cryptoclidus.2"
"31","Protochampsidae","Protochampsidae.1"
"32","Protochampsidae","Protochampsidae.2"
"33","Neusticosaurus","Neusticosaurus.1"
"34","Rodhocetus","Rodhocetus.1"
"35","Rodhocetus","Rodhocetus.2"
"36","Maiacetus","Maiacetus.1"
"37","Desmostylus_hesperus","Desmostylus_hesperus.1"
"38","Alligator","Alligator.2"
"39","Tapirus_terrestris","Tapirus_terrestris.1"
"40","Hippopotamus_amphibius","Hippopotamus_amphibius.1"
"41","Spinosaurus_","Spinosaurus_.1"
"42","Spinosaurus_","Spinosaurus_.2"
"43","Spinosaurus_","Spinosaurus_.3"
"44","Spinosaurus_","Spinosaurus_.4"
"45","Spinosaurus_","Spinosaurus_.5"
"46","Spinosaurus_","Spinosaurus_.6"
"47","Spinosaurus_","Spinosaurus_.7"
"48","Spinosaurus_","Spinosaurus_.8"
"49","Spinosaurus_","Spinosaurus_.9"
"50","Spinosaurus_","Spinosaurus_.10"
"51","Spinosaurus_","Spinosaurus_.11"
"52","Suchomimus","Suchomimus.1"
"53","Suchomimus","Suchomimus.2"
"54","Suchomimus","Suchomimus.3"
"55","Baryonyx","Baryonyx.1"
"56","Baryonyx","Baryonyx.2"
"57","Baryonyx","Baryonyx.3"
 
* Phylo tree and the main data and strata files have been modified to include duplicated taxa before the scaled random trees are generated.
* Selected categorical labels column: diving.or.not
* diving.or.equal column is identical to Diving column.
* Regression excludes flying taxa.
* Diving labels that are present in regression: 0,2
* lambda (calculated from a random tree) = : 0.06
* index-name alignment check: OK
