Logfile for a session of program: bootstrap_binary.r
-----------------------------------------------------
INPUT:
workDir: C:/dino_nature/output/2023-11-07-D1\bs/set_640
Nbootstrapsets: 2000
phyloFDAfile: c:/dino_nature/code/phylo.fda.R
auxFile: c:/dino_nature/code/auxiliary.r
boneType: femur
regressionData.file: C:/dino_nature/output/2023-11-07-D1\bs/set_640/femur_set_640.csv
applyDataFilter: FALSE
addTreeTips: TRUE
Ntrees: 100
calculateTrees: TRUE
saveTrees: FALSE


OPERATIONAL CHECKS:
* Regression data contains multiple copies of some taxa (user added variants of existing test taxa 
   or replacements due to bootstrap are present) which are not in the phylo tree:
     original taxon,   duplicate   
"1","Pogona_viceps","Pogona_viceps.1"
"2","Bos_taurus","Bos_taurus.1"
"3","Tenrec_ecaudatus","Tenrec_ecaudatus.1"
"4","Sus_scrofa","Sus_scrofa.1"
"5","Mus_musculus","Mus_musculus.1"
"6","Rangifer_tarandus","Rangifer_tarandus.1"
"7","Hemiechinus_azurites","Hemiechinus_azurites.1"
"8","Pogona_viceps","Pogona_viceps.2"
"9","Okapia_johnstoni","Okapia_johnstoni.1"
"10","Rattus_rattus","Rattus_rattus.1"
"11","Hemiechinus_azurites","Hemiechinus_azurites.2"
"12","Felis_felis","Felis_felis.1"
"13","Paguma_larvata","Paguma_larvata.1"
"14","Strigiops_habroptilus","Strigiops_habroptilus.1"
"15","Euroscaptor_micrura","Euroscaptor_micrura.1"
"16","Rupicapra_rupicapra","Rupicapra_rupicapra.1"
"17","Microgale_thomasi","Microgale_thomasi.1"
"18","Procyon_lotor","Procyon_lotor.1"
"19","Hemiechinus_azurites","Hemiechinus_azurites.3"
"20","Felis_felis","Felis_felis.2"
"21","Brachyodus_onoideum","Brachyodus_onoideum.1"
"22","Alligator","Alligator.1"
"23","large_eocene_stem_penguin","large_eocene_stem_penguin.1"
"24","Desmana_moschata","Desmana_moschata.1"
"25","Maiacetus","Maiacetus.1"
"26","Simosaurus","Simosaurus.1"
"27","large_eocene_stem_penguin","large_eocene_stem_penguin.2"
"28","Nothosaurus_568","Nothosaurus_568.1"
"29","Desmana_moschata","Desmana_moschata.2"
"30","Hexaprotodon_garyam","Hexaprotodon_garyam.1"
"31","Placondontia_indet","Placondontia_indet.1"
"32","Cricosaurus","Cricosaurus.1"
"33","Chapsosaurus_","Chapsosaurus_.1"
"34","Nothosaurus_mirabilis_1","Nothosaurus_mirabilis_1.1"
"35","Noemys_fodies","Noemys_fodies.1"
"36","Noemys_fodies","Noemys_fodies.2"
"37","Simosaurus_1","Simosaurus_1.1"
"38","Alligator","Alligator.2"
"39","Desmana_moschata","Desmana_moschata.3"
"40","Nothosaurus_mirabilis","Nothosaurus_mirabilis.1"
"41","Anarosaurus","Anarosaurus.1"
"42","Castor_fiber","Castor_fiber.1"
"43","Nanophoca_vitulinoides","Nanophoca_vitulinoides.1"
"44","Spinosaurus_","Spinosaurus_.1"
"45","Spinosaurus_","Spinosaurus_.2"
"46","Spinosaurus_","Spinosaurus_.3"
"47","Spinosaurus_","Spinosaurus_.4"
"48","Spinosaurus_","Spinosaurus_.5"
"49","Spinosaurus_","Spinosaurus_.6"
"50","Spinosaurus_","Spinosaurus_.7"
"51","Spinosaurus_","Spinosaurus_.8"
"52","Spinosaurus_","Spinosaurus_.9"
"53","Spinosaurus_","Spinosaurus_.10"
"54","Spinosaurus_","Spinosaurus_.11"
"55","Suchomimus","Suchomimus.1"
"56","Suchomimus","Suchomimus.2"
"57","Suchomimus","Suchomimus.3"
"58","Baryonyx","Baryonyx.1"
"59","Baryonyx","Baryonyx.2"
"60","Baryonyx","Baryonyx.3"
 
* Phylo tree and the main data and strata files have been modified to include duplicated taxa before the scaled random trees are generated.
* Selected categorical labels column: diving.or.not
* diving.or.equal column is identical to Diving column.
* Regression excludes flying taxa.
* Diving labels that are present in regression: 0,2
* lambda (calculated from a random tree) = : 0.09
* index-name alignment check: OK
