Logfile for a session of program: bootstrap_binary.r
-----------------------------------------------------
INPUT:
workDir: C:/dino_nature/output/2023-11-07-D1\bs/set_888
Nbootstrapsets: 2000
phyloFDAfile: c:/dino_nature/code/phylo.fda.R
auxFile: c:/dino_nature/code/auxiliary.r
boneType: femur
regressionData.file: C:/dino_nature/output/2023-11-07-D1\bs/set_888/femur_set_888.csv
applyDataFilter: FALSE
addTreeTips: TRUE
Ntrees: 100
calculateTrees: TRUE
saveTrees: FALSE


OPERATIONAL CHECKS:
* Regression data contains multiple copies of some taxa (user added variants of existing test taxa 
   or replacements due to bootstrap are present) which are not in the phylo tree:
     original taxon,   duplicate   
"1","Elomeryx_borbonicus_","Elomeryx_borbonicus_.1"
"2","Brachyodus_onoideum","Brachyodus_onoideum.1"
"3","Dama_dama","Dama_dama.1"
"4","Rupicapra_rupicapra","Rupicapra_rupicapra.1"
"5","Bos_taurus","Bos_taurus.1"
"6","Elephas_maximus","Elephas_maximus.1"
"7","Okapia_johnstoni","Okapia_johnstoni.1"
"8","Sphenodon_punctatus","Sphenodon_punctatus.1"
"9","Raphus","Raphus.1"
"10","Apteryx_owenii_","Apteryx_owenii_.1"
"11","Bos_taurus","Bos_taurus.2"
"12","Monodelphis_domestica","Monodelphis_domestica.1"
"13","Monodelphis_domestica","Monodelphis_domestica.2"
"14","Brachyodus_onoideum","Brachyodus_onoideum.2"
"15","Elephas_maximus","Elephas_maximus.2"
"16","Rangifer_tarandus","Rangifer_tarandus.1"
"17","Meles_meles","Meles_meles.1"
"18","Alces_americanus","Alces_americanus.1"
"19","Porphyrio_hochstetteri","Porphyrio_hochstetteri.1"
"20","Dromaius_","Dromaius_.1"
"21","Rupicapra_rupicapra","Rupicapra_rupicapra.2"
"22","Phocanella_pumila","Phocanella_pumila.1"
"23","Otaria_byronia","Otaria_byronia.1"
"24","Micropotamogale_euwenzorii","Micropotamogale_euwenzorii.1"
"25","Champsosaurus","Champsosaurus.1"
"26","Micropotamogale_euwenzorii","Micropotamogale_euwenzorii.2"
"27","Hippopotamus_amphibius","Hippopotamus_amphibius.1"
"28","Small_Eocene_penguin","Small_Eocene_penguin.1"
"29","Aptenodytes______","Aptenodytes______.1"
"30","Desmostylus_hesperus","Desmostylus_hesperus.1"
"31","Spheniscus","Spheniscus.1"
"32","Caiman_yacare","Caiman_yacare.1"
"33","Cricosaurus","Cricosaurus.1"
"34","Tapirus_terrestris","Tapirus_terrestris.1"
"35","Palaeospheniscus","Palaeospheniscus.1"
"36","Chironectes_minimus","Chironectes_minimus.1"
"37","Phalacrocorax_harrisi","Phalacrocorax_harrisi.1"
"38","Aptenodytes______","Aptenodytes______.2"
"39","Pistosaurus","Pistosaurus.1"
"40","Nothosaurus_giganteus","Nothosaurus_giganteus.1"
"41","Metryorhynchus","Metryorhynchus.1"
"42","Phalacrocorax_harrisi","Phalacrocorax_harrisi.2"
"43","Rhaeticosaurus","Rhaeticosaurus.1"
"44","Caiman_yacare","Caiman_yacare.2"
"45","Spinosaurus_","Spinosaurus_.1"
"46","Spinosaurus_","Spinosaurus_.2"
"47","Spinosaurus_","Spinosaurus_.3"
"48","Spinosaurus_","Spinosaurus_.4"
"49","Spinosaurus_","Spinosaurus_.5"
"50","Spinosaurus_","Spinosaurus_.6"
"51","Spinosaurus_","Spinosaurus_.7"
"52","Spinosaurus_","Spinosaurus_.8"
"53","Spinosaurus_","Spinosaurus_.9"
"54","Spinosaurus_","Spinosaurus_.10"
"55","Spinosaurus_","Spinosaurus_.11"
"56","Suchomimus","Suchomimus.1"
"57","Suchomimus","Suchomimus.2"
"58","Suchomimus","Suchomimus.3"
"59","Baryonyx","Baryonyx.1"
"60","Baryonyx","Baryonyx.2"
"61","Baryonyx","Baryonyx.3"
 
* Phylo tree and the main data and strata files have been modified to include duplicated taxa before the scaled random trees are generated.
* Selected categorical labels column: diving.or.not
* diving.or.equal column is identical to Diving column.
* Regression excludes flying taxa.
* Diving labels that are present in regression: 0,2
* lambda (calculated from a random tree) = : 0.07
* index-name alignment check: OK
