Logfile for a session of program: bootstrap_binary.r
-----------------------------------------------------
INPUT:
workDir: C:/dino_nature/output/2023-11-07-D1\bs/set_1954
Nbootstrapsets: 2000
phyloFDAfile: c:/dino_nature/code/phylo.fda.R
auxFile: c:/dino_nature/code/auxiliary.r
boneType: femur
regressionData.file: C:/dino_nature/output/2023-11-07-D1\bs/set_1954/femur_set_1954.csv
applyDataFilter: FALSE
addTreeTips: TRUE
Ntrees: 100
calculateTrees: TRUE
saveTrees: FALSE


OPERATIONAL CHECKS:
* Regression data contains multiple copies of some taxa (user added variants of existing test taxa 
   or replacements due to bootstrap are present) which are not in the phylo tree:
     original taxon,   duplicate   
"1","Strigiops_habroptilus","Strigiops_habroptilus.1"
"2","Hemiechinus_azurites","Hemiechinus_azurites.1"
"3","Ceratotherium_simum","Ceratotherium_simum.1"
"4","Rynochetus_jubatus","Rynochetus_jubatus.1"
"5","Tenrec_ecaudatus","Tenrec_ecaudatus.1"
"6","Strigiops_habroptilus","Strigiops_habroptilus.2"
"7","Tribonyx_mortieri","Tribonyx_mortieri.1"
"8","Pogona_viceps","Pogona_viceps.1"
"9","Dicerorhinus_sumatrensis","Dicerorhinus_sumatrensis.1"
"10","Lacerta_viridis","Lacerta_viridis.1"
"11","Caloenas_nicobarica","Caloenas_nicobarica.1"
"12","Taxidea_taxus","Taxidea_taxus.1"
"13","Hemiechinus_azurites","Hemiechinus_azurites.2"
"14","Tamandua_tetradactyla","Tamandua_tetradactyla.1"
"15","Strigiops_habroptilus","Strigiops_habroptilus.3"
"16","Dasyurus_maculatus","Dasyurus_maculatus.1"
"17","Rynochetus_jubatus","Rynochetus_jubatus.2"
"18","Sphenodon_punctatus","Sphenodon_punctatus.1"
"19","Meles_meles","Meles_meles.1"
"20","Pogona_viceps","Pogona_viceps.2"
"21","Hemiechinus_azurites","Hemiechinus_azurites.3"
"22","Rangifer_tarandus","Rangifer_tarandus.1"
"23","Nothosaurus_568","Nothosaurus_568.1"
"24","Simosaurus_1","Simosaurus_1.1"
"25","Simosaurus_1","Simosaurus_1.2"
"26","Nothosaurus_568","Nothosaurus_568.2"
"27","Indohyus","Indohyus.1"
"28","Basilosaurus","Basilosaurus.1"
"29","Neusticosaurus","Neusticosaurus.1"
"30","Nothosaurus_mirabilis_1","Nothosaurus_mirabilis_1.1"
"31","Ornithorhynchus_anatinus","Ornithorhynchus_anatinus.1"
"32","Hydromys_chrysogaster","Hydromys_chrysogaster.1"
"33","Chironectes_minimus","Chironectes_minimus.1"
"34","Basilosaurus","Basilosaurus.2"
"35","Noemys_fodies","Noemys_fodies.1"
"36","Alligator","Alligator.1"
"37","Alligator","Alligator.2"
"38","Dyrosaurid","Dyrosaurid.1"
"39","Metryorhynchus","Metryorhynchus.1"
"40","Nothosaurus_102","Nothosaurus_102.1"
"41","Nothosaurus_568","Nothosaurus_568.3"
"42","Aptenodytes______","Aptenodytes______.1"
"43","Simosaurus_1","Simosaurus_1.3"
"44","Alligator","Alligator.3"
"45","Metryorhynchus","Metryorhynchus.2"
"46","Aptenodytes______","Aptenodytes______.2"
"47","Cryptoclidus","Cryptoclidus.1"
"48","Spinosaurus_","Spinosaurus_.1"
"49","Spinosaurus_","Spinosaurus_.2"
"50","Spinosaurus_","Spinosaurus_.3"
"51","Spinosaurus_","Spinosaurus_.4"
"52","Spinosaurus_","Spinosaurus_.5"
"53","Spinosaurus_","Spinosaurus_.6"
"54","Spinosaurus_","Spinosaurus_.7"
"55","Spinosaurus_","Spinosaurus_.8"
"56","Spinosaurus_","Spinosaurus_.9"
"57","Spinosaurus_","Spinosaurus_.10"
"58","Spinosaurus_","Spinosaurus_.11"
"59","Suchomimus","Suchomimus.1"
"60","Suchomimus","Suchomimus.2"
"61","Suchomimus","Suchomimus.3"
"62","Baryonyx","Baryonyx.1"
"63","Baryonyx","Baryonyx.2"
"64","Baryonyx","Baryonyx.3"
 
* Phylo tree and the main data and strata files have been modified to include duplicated taxa before the scaled random trees are generated.
* Selected categorical labels column: diving.or.not
* diving.or.equal column is identical to Diving column.
* Regression excludes flying taxa.
* Diving labels that are present in regression: 0,2
* lambda (calculated from a random tree) = : 0.12
* index-name alignment check: OK
