Logfile for a session of program: bootstrap_binary.r
-----------------------------------------------------
INPUT:
workDir: C:/dino_nature/output/2023-11-07-D1\bs/set_726
Nbootstrapsets: 2000
phyloFDAfile: c:/dino_nature/code/phylo.fda.R
auxFile: c:/dino_nature/code/auxiliary.r
boneType: femur
regressionData.file: C:/dino_nature/output/2023-11-07-D1\bs/set_726/femur_set_726.csv
applyDataFilter: FALSE
addTreeTips: TRUE
Ntrees: 100
calculateTrees: TRUE
saveTrees: FALSE


OPERATIONAL CHECKS:
* Regression data contains multiple copies of some taxa (user added variants of existing test taxa 
   or replacements due to bootstrap are present) which are not in the phylo tree:
     original taxon,   duplicate   
"1","Mus_musculus","Mus_musculus.1"
"2","Rhinoceros_sondaicus","Rhinoceros_sondaicus.1"
"3","Apteryx_australis","Apteryx_australis.1"
"4","Cephalophus_silvicultor","Cephalophus_silvicultor.1"
"5","Apteryx_australis","Apteryx_australis.2"
"6","Myrmecophaga_tridactyla","Myrmecophaga_tridactyla.1"
"7","Mustela_nivalis","Mustela_nivalis.1"
"8","Alces_americanus","Alces_americanus.1"
"9","Bos_taurus","Bos_taurus.1"
"10","Dromaius_","Dromaius_.1"
"11","Dama_dama","Dama_dama.1"
"12","Sphenodon_punctatus","Sphenodon_punctatus.1"
"13","Mustela_nivalis","Mustela_nivalis.2"
"14","Rupicapra_rupicapra","Rupicapra_rupicapra.1"
"15","Apteryx_australis","Apteryx_australis.3"
"16","Dromaius_","Dromaius_.2"
"17","Rhynchocyon_petersi","Rhynchocyon_petersi.1"
"18","Pogona_viceps","Pogona_viceps.1"
"19","Rattus_rattus","Rattus_rattus.1"
"20","Dama_dama","Dama_dama.2"
"21","Dasyurus_maculatus","Dasyurus_maculatus.1"
"22","Ceratotherium_simum","Ceratotherium_simum.1"
"23","Megaloceros_sp","Megaloceros_sp.1"
"24","Serpianosaurus","Serpianosaurus.1"
"25","Champsosaurus","Champsosaurus.1"
"26","Chironectes_minimus","Chironectes_minimus.1"
"27","Rodhocetus","Rodhocetus.1"
"28","Maiacetus","Maiacetus.1"
"29","Spheniscus","Spheniscus.1"
"30","Phalacrocorax_harrisi","Phalacrocorax_harrisi.1"
"31","Psephoderma","Psephoderma.1"
"32","Rodhocetus","Rodhocetus.2"
"33","Ornithorhynchus_anatinus","Ornithorhynchus_anatinus.1"
"34","Phalacrocorax_harrisi","Phalacrocorax_harrisi.2"
"35","Ornithorhynchus_anatinus","Ornithorhynchus_anatinus.2"
"36","Ichtyosaurus_","Ichtyosaurus_.1"
"37","Spheniscus","Spheniscus.2"
"38","Desmana_moschata","Desmana_moschata.1"
"39","Cryptoclidus","Cryptoclidus.1"
"40","Rodhocetus","Rodhocetus.3"
"41","Hydromys_chrysogaster","Hydromys_chrysogaster.1"
"42","Hexaprotodon_garyam","Hexaprotodon_garyam.1"
"43","Chironectes_minimus","Chironectes_minimus.2"
"44","Rhaeticosaurus","Rhaeticosaurus.1"
"45","Nothosaurus_mirabilis_1","Nothosaurus_mirabilis_1.1"
"46","Spinosaurus_","Spinosaurus_.1"
"47","Spinosaurus_","Spinosaurus_.2"
"48","Spinosaurus_","Spinosaurus_.3"
"49","Spinosaurus_","Spinosaurus_.4"
"50","Spinosaurus_","Spinosaurus_.5"
"51","Spinosaurus_","Spinosaurus_.6"
"52","Spinosaurus_","Spinosaurus_.7"
"53","Spinosaurus_","Spinosaurus_.8"
"54","Spinosaurus_","Spinosaurus_.9"
"55","Spinosaurus_","Spinosaurus_.10"
"56","Spinosaurus_","Spinosaurus_.11"
"57","Suchomimus","Suchomimus.1"
"58","Suchomimus","Suchomimus.2"
"59","Suchomimus","Suchomimus.3"
"60","Baryonyx","Baryonyx.1"
"61","Baryonyx","Baryonyx.2"
"62","Baryonyx","Baryonyx.3"
 
* Phylo tree and the main data and strata files have been modified to include duplicated taxa before the scaled random trees are generated.
* Selected categorical labels column: diving.or.not
* diving.or.equal column is identical to Diving column.
* Regression excludes flying taxa.
* Diving labels that are present in regression: 0,2
* lambda (calculated from a random tree) = : 0.08
* index-name alignment check: OK
