Logfile for a session of program: bootstrap_binary.r
-----------------------------------------------------
INPUT:
workDir: C:/dino_nature/output/2023-11-07-D1\bs/set_95
Nbootstrapsets: 2000
phyloFDAfile: c:/dino_nature/code/phylo.fda.R
auxFile: c:/dino_nature/code/auxiliary.r
boneType: femur
regressionData.file: C:/dino_nature/output/2023-11-07-D1\bs/set_95/femur_set_95.csv
applyDataFilter: FALSE
addTreeTips: TRUE
Ntrees: 100
calculateTrees: TRUE
saveTrees: FALSE


OPERATIONAL CHECKS:
* Regression data contains multiple copies of some taxa (user added variants of existing test taxa 
   or replacements due to bootstrap are present) which are not in the phylo tree:
     original taxon,   duplicate   
"1","Monodelphis_domestica","Monodelphis_domestica.1"
"2","Hemiechinus_azurites","Hemiechinus_azurites.1"
"3","Cephalophus_silvicultor","Cephalophus_silvicultor.1"
"4","Mustela_nivalis","Mustela_nivalis.1"
"5","Cephalophus_silvicultor","Cephalophus_silvicultor.2"
"6","Giraffa_camelopardalis","Giraffa_camelopardalis.1"
"7","Myrmecophaga_tridactyla","Myrmecophaga_tridactyla.1"
"8","Rupicapra_rupicapra","Rupicapra_rupicapra.1"
"9","Elephas_maximus","Elephas_maximus.1"
"10","Xenicus_giliventris","Xenicus_giliventris.1"
"11","Brachyodus_onoideum","Brachyodus_onoideum.1"
"12","Xenicus_giliventris","Xenicus_giliventris.2"
"13","Atlantisia_rogersi","Atlantisia_rogersi.1"
"14","Mammuthus_sp","Mammuthus_sp.1"
"15","Elephas_maximus","Elephas_maximus.2"
"16","Rangifer_tarandus","Rangifer_tarandus.1"
"17","Rattus_rattus","Rattus_rattus.1"
"18","Euroscaptor_micrura","Euroscaptor_micrura.1"
"19","Rupicapra_rupicapra","Rupicapra_rupicapra.2"
"20","Euroscaptor_micrura","Euroscaptor_micrura.2"
"21","Vulpes_vulpes","Vulpes_vulpes.1"
"22","Giraffa_camelopardalis","Giraffa_camelopardalis.2"
"23","Palaeospheniscus","Palaeospheniscus.1"
"24","Simosaurus_1","Simosaurus_1.1"
"25","Cricosaurus","Cricosaurus.1"
"26","Caiman_yacare","Caiman_yacare.1"
"27","Simosaurus_1","Simosaurus_1.2"
"28","Rhaeticosaurus","Rhaeticosaurus.1"
"29","Dyrosaurid","Dyrosaurid.1"
"30","Nothosaurus_giganteus","Nothosaurus_giganteus.1"
"31","Simosaurus","Simosaurus.1"
"32","Nothosaurus_mirabilis_1","Nothosaurus_mirabilis_1.1"
"33","Alligator","Alligator.1"
"34","Neusticosaurus","Neusticosaurus.1"
"35","Lutra_vulgaris","Lutra_vulgaris.1"
"36","Lutra_vulgaris","Lutra_vulgaris.2"
"37","Lutra_vulgaris","Lutra_vulgaris.3"
"38","Phalacrocorax_harrisi","Phalacrocorax_harrisi.1"
"39","Serpianosaurus","Serpianosaurus.1"
"40","Lutra_vulgaris","Lutra_vulgaris.4"
"41","large_eocene_stem_penguin","large_eocene_stem_penguin.1"
"42","Spinosaurus_","Spinosaurus_.1"
"43","Spinosaurus_","Spinosaurus_.2"
"44","Spinosaurus_","Spinosaurus_.3"
"45","Spinosaurus_","Spinosaurus_.4"
"46","Spinosaurus_","Spinosaurus_.5"
"47","Spinosaurus_","Spinosaurus_.6"
"48","Spinosaurus_","Spinosaurus_.7"
"49","Spinosaurus_","Spinosaurus_.8"
"50","Spinosaurus_","Spinosaurus_.9"
"51","Spinosaurus_","Spinosaurus_.10"
"52","Spinosaurus_","Spinosaurus_.11"
"53","Suchomimus","Suchomimus.1"
"54","Suchomimus","Suchomimus.2"
"55","Suchomimus","Suchomimus.3"
"56","Baryonyx","Baryonyx.1"
"57","Baryonyx","Baryonyx.2"
"58","Baryonyx","Baryonyx.3"
 
* Phylo tree and the main data and strata files have been modified to include duplicated taxa before the scaled random trees are generated.
* Selected categorical labels column: diving.or.not
* diving.or.equal column is identical to Diving column.
* Regression excludes flying taxa.
* Diving labels that are present in regression: 0,2
* lambda (calculated from a random tree) = : 0.13
* index-name alignment check: OK
