Logfile for a session of program: bootstrap_binary.r
-----------------------------------------------------
INPUT:
workDir: C:/dino_nature/output/2023-11-07-D1\bs/set_863
Nbootstrapsets: 2000
phyloFDAfile: c:/dino_nature/code/phylo.fda.R
auxFile: c:/dino_nature/code/auxiliary.r
boneType: femur
regressionData.file: C:/dino_nature/output/2023-11-07-D1\bs/set_863/femur_set_863.csv
applyDataFilter: FALSE
addTreeTips: TRUE
Ntrees: 100
calculateTrees: TRUE
saveTrees: FALSE


OPERATIONAL CHECKS:
* Regression data contains multiple copies of some taxa (user added variants of existing test taxa 
   or replacements due to bootstrap are present) which are not in the phylo tree:
     original taxon,   duplicate   
"1","Dicerorhinus_sumatrensis","Dicerorhinus_sumatrensis.1"
"2","Lacerta_viridis","Lacerta_viridis.1"
"3","Sphenodon_punctatus","Sphenodon_punctatus.1"
"4","Diplomesodon_pulchellum","Diplomesodon_pulchellum.1"
"5","Alces_americanus","Alces_americanus.1"
"6","Monodelphis_domestica","Monodelphis_domestica.1"
"7","Rupicapra_rupicapra","Rupicapra_rupicapra.1"
"8","Loxodonta_africana","Loxodonta_africana.1"
"9","Rupicapra_rupicapra","Rupicapra_rupicapra.2"
"10","Monodelphis_domestica","Monodelphis_domestica.2"
"11","Sphenodon_punctatus","Sphenodon_punctatus.2"
"12","Paguma_larvata","Paguma_larvata.1"
"13","Sphenodon_punctatus","Sphenodon_punctatus.3"
"14","Caloenas_nicobarica","Caloenas_nicobarica.1"
"15","Lacerta_viridis","Lacerta_viridis.2"
"16","Monodelphis_domestica","Monodelphis_domestica.3"
"17","Megaloceros_sp","Megaloceros_sp.1"
"18","Nyctereutes_procyonoides","Nyctereutes_procyonoides.1"
"19","Rattus_rattus","Rattus_rattus.1"
"20","Diplomesodon_pulchellum","Diplomesodon_pulchellum.2"
"21","Nyctereutes_procyonoides","Nyctereutes_procyonoides.2"
"22","Uncia_uncia","Uncia_uncia.1"
"23","Euroscaptor_micrura","Euroscaptor_micrura.1"
"24","Dromaius_","Dromaius_.1"
"25","Mustela_nivalis","Mustela_nivalis.1"
"26","Phalacrocorax_harrisi","Phalacrocorax_harrisi.1"
"27","Nothosaurus_mirabilis_1","Nothosaurus_mirabilis_1.1"
"28","large_eocene_stem_penguin","large_eocene_stem_penguin.1"
"29","Desmana_moschata","Desmana_moschata.1"
"30","Caiman_yacare","Caiman_yacare.1"
"31","large_eocene_stem_penguin","large_eocene_stem_penguin.2"
"32","Simosaurus_1","Simosaurus_1.1"
"33","Caiman_yacare","Caiman_yacare.2"
"34","Desmostylus_hesperus","Desmostylus_hesperus.1"
"35","Noemys_fodies","Noemys_fodies.1"
"36","Simosaurus_1","Simosaurus_1.2"
"37","Hippopotamus_amphibius","Hippopotamus_amphibius.1"
"38","Neusticosaurus","Neusticosaurus.1"
"39","Desmostylus_hesperus","Desmostylus_hesperus.2"
"40","Castor_fiber","Castor_fiber.1"
"41","Callophoca_obscura","Callophoca_obscura.1"
"42","Phalacrocorax_harrisi","Phalacrocorax_harrisi.2"
"43","Palaeospheniscus","Palaeospheniscus.1"
"44","Chironectes_minimus","Chironectes_minimus.1"
"45","Neusticosaurus","Neusticosaurus.2"
"46","Choeropsis_liberiensis","Choeropsis_liberiensis.1"
"47","Spinosaurus_","Spinosaurus_.1"
"48","Spinosaurus_","Spinosaurus_.2"
"49","Spinosaurus_","Spinosaurus_.3"
"50","Spinosaurus_","Spinosaurus_.4"
"51","Spinosaurus_","Spinosaurus_.5"
"52","Spinosaurus_","Spinosaurus_.6"
"53","Spinosaurus_","Spinosaurus_.7"
"54","Spinosaurus_","Spinosaurus_.8"
"55","Spinosaurus_","Spinosaurus_.9"
"56","Spinosaurus_","Spinosaurus_.10"
"57","Spinosaurus_","Spinosaurus_.11"
"58","Suchomimus","Suchomimus.1"
"59","Suchomimus","Suchomimus.2"
"60","Suchomimus","Suchomimus.3"
"61","Baryonyx","Baryonyx.1"
"62","Baryonyx","Baryonyx.2"
"63","Baryonyx","Baryonyx.3"
 
* Phylo tree and the main data and strata files have been modified to include duplicated taxa before the scaled random trees are generated.
* Selected categorical labels column: diving.or.not
* diving.or.equal column is identical to Diving column.
* Regression excludes flying taxa.
* Diving labels that are present in regression: 0,2
* lambda (calculated from a random tree) = : 0.06
* index-name alignment check: OK
