Logfile for a session of program: bootstrap_binary.r
-----------------------------------------------------
INPUT:
workDir: C:/dino_nature/output/2023-11-07-D1\bs/set_1100
Nbootstrapsets: 2000
phyloFDAfile: c:/dino_nature/code/phylo.fda.R
auxFile: c:/dino_nature/code/auxiliary.r
boneType: femur
regressionData.file: C:/dino_nature/output/2023-11-07-D1\bs/set_1100/femur_set_1100.csv
applyDataFilter: FALSE
addTreeTips: TRUE
Ntrees: 100
calculateTrees: TRUE
saveTrees: FALSE


OPERATIONAL CHECKS:
* Regression data contains multiple copies of some taxa (user added variants of existing test taxa 
   or replacements due to bootstrap are present) which are not in the phylo tree:
     original taxon,   duplicate   
"1","Tenrec_ecaudatus","Tenrec_ecaudatus.1"
"2","Tenrec_ecaudatus","Tenrec_ecaudatus.2"
"3","Taxidea_taxus","Taxidea_taxus.1"
"4","Lacerta_viridis","Lacerta_viridis.1"
"5","Megaloceros_sp","Megaloceros_sp.1"
"6","Caloenas_nicobarica","Caloenas_nicobarica.1"
"7","Dama_dama","Dama_dama.1"
"8","Dromaius_","Dromaius_.1"
"9","Giraffa_camelopardalis","Giraffa_camelopardalis.1"
"10","Lacerta_viridis","Lacerta_viridis.2"
"11","Tenrec_ecaudatus","Tenrec_ecaudatus.3"
"12","Pogona_viceps","Pogona_viceps.1"
"13","Strigiops_habroptilus","Strigiops_habroptilus.1"
"14","Monodelphis_domestica","Monodelphis_domestica.1"
"15","Porphyrio_hochstetteri","Porphyrio_hochstetteri.1"
"16","Megaloceros_sp","Megaloceros_sp.2"
"17","Lacerta_viridis","Lacerta_viridis.3"
"18","Strigiops_habroptilus","Strigiops_habroptilus.2"
"19","Rangifer_tarandus","Rangifer_tarandus.1"
"20","Dromaius_","Dromaius_.2"
"21","Dama_dama","Dama_dama.2"
"22","Dama_dama","Dama_dama.3"
"23","Dasyurus_maculatus","Dasyurus_maculatus.1"
"24","Vulpes_vulpes","Vulpes_vulpes.1"
"25","Rangifer_tarandus","Rangifer_tarandus.2"
"26","Indohyus","Indohyus.1"
"27","Nanophoca_vitulinoides","Nanophoca_vitulinoides.1"
"28","Hippopotamus_amphibius","Hippopotamus_amphibius.1"
"29","Hydromys_chrysogaster","Hydromys_chrysogaster.1"
"30","Pistosaurus","Pistosaurus.1"
"31","Aptenodytes______","Aptenodytes______.1"
"32","Indohyus","Indohyus.2"
"33","Psephoderma","Psephoderma.1"
"34","Indohyus","Indohyus.3"
"35","Pistosaurus","Pistosaurus.2"
"36","Nanophoca_vitulinoides","Nanophoca_vitulinoides.2"
"37","large_eocene_stem_penguin","large_eocene_stem_penguin.1"
"38","Cryptoclidus","Cryptoclidus.1"
"39","Simosaurus","Simosaurus.1"
"40","Hippopotamus_amphibius","Hippopotamus_amphibius.2"
"41","Nothosaurus_150","Nothosaurus_150.1"
"42","Pistosaurus","Pistosaurus.3"
"43","Phalacrocorax_harrisi","Phalacrocorax_harrisi.1"
"44","Chironectes_minimus","Chironectes_minimus.1"
"45","Indohyus","Indohyus.4"
"46","Paraplacodus","Paraplacodus.1"
"47","Castor_fiber","Castor_fiber.1"
"48","Callophoca_obscura","Callophoca_obscura.1"
"49","Otaria_byronia","Otaria_byronia.1"
"50","Spinosaurus_","Spinosaurus_.1"
"51","Spinosaurus_","Spinosaurus_.2"
"52","Spinosaurus_","Spinosaurus_.3"
"53","Spinosaurus_","Spinosaurus_.4"
"54","Spinosaurus_","Spinosaurus_.5"
"55","Spinosaurus_","Spinosaurus_.6"
"56","Spinosaurus_","Spinosaurus_.7"
"57","Spinosaurus_","Spinosaurus_.8"
"58","Spinosaurus_","Spinosaurus_.9"
"59","Spinosaurus_","Spinosaurus_.10"
"60","Spinosaurus_","Spinosaurus_.11"
"61","Suchomimus","Suchomimus.1"
"62","Suchomimus","Suchomimus.2"
"63","Suchomimus","Suchomimus.3"
"64","Baryonyx","Baryonyx.1"
"65","Baryonyx","Baryonyx.2"
"66","Baryonyx","Baryonyx.3"
 
* Phylo tree and the main data and strata files have been modified to include duplicated taxa before the scaled random trees are generated.
* Selected categorical labels column: diving.or.not
* diving.or.equal column is identical to Diving column.
* Regression excludes flying taxa.
* Diving labels that are present in regression: 0,2
* lambda (calculated from a random tree) = : 0.11
* index-name alignment check: OK
