Logfile for a session of program: bootstrap_binary.r
-----------------------------------------------------
INPUT:
workDir: C:/dino_nature/output/2023-11-07-D1\bs/set_725
Nbootstrapsets: 2000
phyloFDAfile: c:/dino_nature/code/phylo.fda.R
auxFile: c:/dino_nature/code/auxiliary.r
boneType: femur
regressionData.file: C:/dino_nature/output/2023-11-07-D1\bs/set_725/femur_set_725.csv
applyDataFilter: FALSE
addTreeTips: TRUE
Ntrees: 100
calculateTrees: TRUE
saveTrees: FALSE


OPERATIONAL CHECKS:
* Regression data contains multiple copies of some taxa (user added variants of existing test taxa 
   or replacements due to bootstrap are present) which are not in the phylo tree:
     original taxon,   duplicate   
"1","Meles_meles","Meles_meles.1"
"2","Brachyodus_onoideum","Brachyodus_onoideum.1"
"3","Tribonyx_mortieri","Tribonyx_mortieri.1"
"4","Tribonyx_mortieri","Tribonyx_mortieri.2"
"5","Rattus_rattus","Rattus_rattus.1"
"6","Taxidea_taxus","Taxidea_taxus.1"
"7","Meles_meles","Meles_meles.2"
"8","Rynochetus_jubatus","Rynochetus_jubatus.1"
"9","Meles_meles","Meles_meles.3"
"10","Rynochetus_jubatus","Rynochetus_jubatus.2"
"11","Rattus_rattus","Rattus_rattus.2"
"12","Dicerorhinus_sumatrensis","Dicerorhinus_sumatrensis.1"
"13","Procavia_capensis","Procavia_capensis.1"
"14","Dama_dama","Dama_dama.1"
"15","Sphenodon_punctatus","Sphenodon_punctatus.1"
"16","Microgale_thomasi","Microgale_thomasi.1"
"17","Tribonyx_mortieri","Tribonyx_mortieri.3"
"18","Loxodonta_africana","Loxodonta_africana.1"
"19","Rupicapra_rupicapra","Rupicapra_rupicapra.1"
"20","Dama_dama","Dama_dama.2"
"21","Sphenodon_punctatus","Sphenodon_punctatus.2"
"22","Dyrosaurid","Dyrosaurid.1"
"23","Cryptoclidus","Cryptoclidus.1"
"24","Nothosaurus_mirabilis","Nothosaurus_mirabilis.1"
"25","Cryptoclidus","Cryptoclidus.2"
"26","Hippopotamus_amphibius","Hippopotamus_amphibius.1"
"27","Ornithorhynchus_anatinus","Ornithorhynchus_anatinus.1"
"28","Remingtonocetus","Remingtonocetus.1"
"29","Ichtyosaurus_","Ichtyosaurus_.1"
"30","Pistosaurus","Pistosaurus.1"
"31","Remingtonocetus","Remingtonocetus.2"
"32","Desmostylus_hesperus","Desmostylus_hesperus.1"
"33","Nothosaurus_mirabilis","Nothosaurus_mirabilis.2"
"34","Remingtonocetus","Remingtonocetus.3"
"35","Hesperornis","Hesperornis.1"
"36","Ichtyosaurus_","Ichtyosaurus_.2"
"37","Maiacetus","Maiacetus.1"
"38","Chironectes_minimus","Chironectes_minimus.1"
"39","Hesperornis","Hesperornis.2"
"40","Ichtyosaurus_","Ichtyosaurus_.3"
"41","Dyrosaurid","Dyrosaurid.2"
"42","Spinosaurus_","Spinosaurus_.1"
"43","Spinosaurus_","Spinosaurus_.2"
"44","Spinosaurus_","Spinosaurus_.3"
"45","Spinosaurus_","Spinosaurus_.4"
"46","Spinosaurus_","Spinosaurus_.5"
"47","Spinosaurus_","Spinosaurus_.6"
"48","Spinosaurus_","Spinosaurus_.7"
"49","Spinosaurus_","Spinosaurus_.8"
"50","Spinosaurus_","Spinosaurus_.9"
"51","Spinosaurus_","Spinosaurus_.10"
"52","Spinosaurus_","Spinosaurus_.11"
"53","Suchomimus","Suchomimus.1"
"54","Suchomimus","Suchomimus.2"
"55","Suchomimus","Suchomimus.3"
"56","Baryonyx","Baryonyx.1"
"57","Baryonyx","Baryonyx.2"
"58","Baryonyx","Baryonyx.3"
 
* Phylo tree and the main data and strata files have been modified to include duplicated taxa before the scaled random trees are generated.
* Selected categorical labels column: diving.or.not
* diving.or.equal column is identical to Diving column.
* Regression excludes flying taxa.
* Diving labels that are present in regression: 0,2
* lambda (calculated from a random tree) = : 0.09
* index-name alignment check: OK
