Logfile for a session of program: bootstrap_binary.r
-----------------------------------------------------
INPUT:
workDir: C:/dino_nature/output/2023-11-07-D1\bs/set_784
Nbootstrapsets: 2000
phyloFDAfile: c:/dino_nature/code/phylo.fda.R
auxFile: c:/dino_nature/code/auxiliary.r
boneType: femur
regressionData.file: C:/dino_nature/output/2023-11-07-D1\bs/set_784/femur_set_784.csv
applyDataFilter: FALSE
addTreeTips: TRUE
Ntrees: 100
calculateTrees: TRUE
saveTrees: FALSE


OPERATIONAL CHECKS:
* Regression data contains multiple copies of some taxa (user added variants of existing test taxa 
   or replacements due to bootstrap are present) which are not in the phylo tree:
     original taxon,   duplicate   
"1","Rhynchocyon_petersi","Rhynchocyon_petersi.1"
"2","Raphus","Raphus.1"
"3","Syncerus_caffer","Syncerus_caffer.1"
"4","Porphyrio_hochstetteri","Porphyrio_hochstetteri.1"
"5","Syncerus_caffer","Syncerus_caffer.2"
"6","Bison_bonasus","Bison_bonasus.1"
"7","Rhinoceros_sondaicus","Rhinoceros_sondaicus.1"
"8","Strigiops_habroptilus","Strigiops_habroptilus.1"
"9","Sphenodon_punctatus","Sphenodon_punctatus.1"
"10","Dasyurus_maculatus","Dasyurus_maculatus.1"
"11","Strigiops_habroptilus","Strigiops_habroptilus.2"
"12","Rhynchocyon_petersi","Rhynchocyon_petersi.2"
"13","Atlantisia_rogersi","Atlantisia_rogersi.1"
"14","Giraffa_camelopardalis","Giraffa_camelopardalis.1"
"15","Porphyrio_hochstetteri","Porphyrio_hochstetteri.2"
"16","Alces_americanus","Alces_americanus.1"
"17","Lama_guanicoe","Lama_guanicoe.1"
"18","Lama_guanicoe","Lama_guanicoe.2"
"19","Pogona_viceps","Pogona_viceps.1"
"20","Uncia_uncia","Uncia_uncia.1"
"21","Bison_bonasus","Bison_bonasus.2"
"22","Neusticosaurus","Neusticosaurus.1"
"23","Serpianosaurus","Serpianosaurus.1"
"24","Plesiosaurus","Plesiosaurus.1"
"25","Psephoderma","Psephoderma.1"
"26","Plesiosaurus","Plesiosaurus.2"
"27","Nothosaurus_150","Nothosaurus_150.1"
"28","Alligator","Alligator.1"
"29","Psephoderma","Psephoderma.2"
"30","Castor_fiber","Castor_fiber.1"
"31","Choeropsis_liberiensis","Choeropsis_liberiensis.1"
"32","Hippopotamus_amphibius","Hippopotamus_amphibius.1"
"33","Champsosaurus","Champsosaurus.1"
"34","Hexaprotodon_garyam","Hexaprotodon_garyam.1"
"35","Castor_fiber","Castor_fiber.2"
"36","Placondontia_indet","Placondontia_indet.1"
"37","Protochampsidae","Protochampsidae.1"
"38","Serpianosaurus","Serpianosaurus.2"
"39","Rodhocetus","Rodhocetus.1"
"40","Desmostylus_hesperus","Desmostylus_hesperus.1"
"41","Nothosaurus_mirabilis","Nothosaurus_mirabilis.1"
"42","Champsosaurus","Champsosaurus.2"
"43","Hippopotamus_amphibius","Hippopotamus_amphibius.2"
"44","Nanophoca_vitulinoides","Nanophoca_vitulinoides.1"
"45","Serpianosaurus","Serpianosaurus.3"
"46","Simosaurus","Simosaurus.1"
"47","Rhaeticosaurus","Rhaeticosaurus.1"
"48","Serpianosaurus","Serpianosaurus.4"
"49","Spinosaurus_","Spinosaurus_.1"
"50","Spinosaurus_","Spinosaurus_.2"
"51","Spinosaurus_","Spinosaurus_.3"
"52","Spinosaurus_","Spinosaurus_.4"
"53","Spinosaurus_","Spinosaurus_.5"
"54","Spinosaurus_","Spinosaurus_.6"
"55","Spinosaurus_","Spinosaurus_.7"
"56","Spinosaurus_","Spinosaurus_.8"
"57","Spinosaurus_","Spinosaurus_.9"
"58","Spinosaurus_","Spinosaurus_.10"
"59","Spinosaurus_","Spinosaurus_.11"
"60","Suchomimus","Suchomimus.1"
"61","Suchomimus","Suchomimus.2"
"62","Suchomimus","Suchomimus.3"
"63","Baryonyx","Baryonyx.1"
"64","Baryonyx","Baryonyx.2"
"65","Baryonyx","Baryonyx.3"
 
* Phylo tree and the main data and strata files have been modified to include duplicated taxa before the scaled random trees are generated.
* Selected categorical labels column: diving.or.not
* diving.or.equal column is identical to Diving column.
* Regression excludes flying taxa.
* Diving labels that are present in regression: 0,2
* lambda (calculated from a random tree) = : 0.09
* index-name alignment check: OK
