Logfile for a session of program: bootstrap_binary.r
-----------------------------------------------------
INPUT:
workDir: C:/dino_nature/output/2023-11-07-D1\bs/set_1512
Nbootstrapsets: 2000
phyloFDAfile: c:/dino_nature/code/phylo.fda.R
auxFile: c:/dino_nature/code/auxiliary.r
boneType: femur
regressionData.file: C:/dino_nature/output/2023-11-07-D1\bs/set_1512/femur_set_1512.csv
applyDataFilter: FALSE
addTreeTips: TRUE
Ntrees: 100
calculateTrees: TRUE
saveTrees: FALSE


OPERATIONAL CHECKS:
* Regression data contains multiple copies of some taxa (user added variants of existing test taxa 
   or replacements due to bootstrap are present) which are not in the phylo tree:
     original taxon,   duplicate   
"1","Lama_guanicoe","Lama_guanicoe.1"
"2","Nyctereutes_procyonoides","Nyctereutes_procyonoides.1"
"3","Paguma_larvata","Paguma_larvata.1"
"4","Xenicus_giliventris","Xenicus_giliventris.1"
"5","Dicerorhinus_sumatrensis","Dicerorhinus_sumatrensis.1"
"6","Loxodonta_africana","Loxodonta_africana.1"
"7","Elomeryx_borbonicus_","Elomeryx_borbonicus_.1"
"8","Vulpes_vulpes","Vulpes_vulpes.1"
"9","Strigiops_habroptilus","Strigiops_habroptilus.1"
"10","Euroscaptor_micrura","Euroscaptor_micrura.1"
"11","Xenicus_giliventris","Xenicus_giliventris.2"
"12","Megaloceros_sp","Megaloceros_sp.1"
"13","Meles_meles","Meles_meles.1"
"14","Xenicus_giliventris","Xenicus_giliventris.3"
"15","Tenrec_ecaudatus","Tenrec_ecaudatus.1"
"16","Diplomesodon_pulchellum","Diplomesodon_pulchellum.1"
"17","Xenicus_giliventris","Xenicus_giliventris.4"
"18","Loxodonta_africana","Loxodonta_africana.2"
"19","Dromaius_","Dromaius_.1"
"20","Rhynchocyon_petersi","Rhynchocyon_petersi.1"
"21","Nothosaurus_giganteus","Nothosaurus_giganteus.1"
"22","Nanophoca_vitulinoides","Nanophoca_vitulinoides.1"
"23","Nothosaurus_102","Nothosaurus_102.1"
"24","Chironectes_minimus","Chironectes_minimus.1"
"25","Simosaurus_1","Simosaurus_1.1"
"26","Rodhocetus","Rodhocetus.1"
"27","Rodhocetus","Rodhocetus.2"
"28","Hesperornis","Hesperornis.1"
"29","Hexaprotodon_garyam","Hexaprotodon_garyam.1"
"30","Hesperornis","Hesperornis.2"
"31","Simosaurus_1","Simosaurus_1.2"
"32","Serpianosaurus","Serpianosaurus.1"
"33","Castor_fiber","Castor_fiber.1"
"34","Lutra_vulgaris","Lutra_vulgaris.1"
"35","Nothosaurus_102","Nothosaurus_102.2"
"36","Nothosaurus_102","Nothosaurus_102.3"
"37","Indohyus","Indohyus.1"
"38","Hexaprotodon_garyam","Hexaprotodon_garyam.2"
"39","Placondontia_indet","Placondontia_indet.1"
"40","Cryptoclidus","Cryptoclidus.1"
"41","Psephoderma","Psephoderma.1"
"42","Spinosaurus_","Spinosaurus_.1"
"43","Spinosaurus_","Spinosaurus_.2"
"44","Spinosaurus_","Spinosaurus_.3"
"45","Spinosaurus_","Spinosaurus_.4"
"46","Spinosaurus_","Spinosaurus_.5"
"47","Spinosaurus_","Spinosaurus_.6"
"48","Spinosaurus_","Spinosaurus_.7"
"49","Spinosaurus_","Spinosaurus_.8"
"50","Spinosaurus_","Spinosaurus_.9"
"51","Spinosaurus_","Spinosaurus_.10"
"52","Spinosaurus_","Spinosaurus_.11"
"53","Suchomimus","Suchomimus.1"
"54","Suchomimus","Suchomimus.2"
"55","Suchomimus","Suchomimus.3"
"56","Baryonyx","Baryonyx.1"
"57","Baryonyx","Baryonyx.2"
"58","Baryonyx","Baryonyx.3"
 
* Phylo tree and the main data and strata files have been modified to include duplicated taxa before the scaled random trees are generated.
* Selected categorical labels column: diving.or.not
* diving.or.equal column is identical to Diving column.
* Regression excludes flying taxa.
* Diving labels that are present in regression: 0,2
* lambda (calculated from a random tree) = : 0.09
* index-name alignment check: OK
