Logfile for a session of program: bootstrap_binary.r
-----------------------------------------------------
INPUT:
workDir: C:/dino_nature/output/2023-11-07-D1\bs/set_1418
Nbootstrapsets: 2000
phyloFDAfile: c:/dino_nature/code/phylo.fda.R
auxFile: c:/dino_nature/code/auxiliary.r
boneType: femur
regressionData.file: C:/dino_nature/output/2023-11-07-D1\bs/set_1418/femur_set_1418.csv
applyDataFilter: FALSE
addTreeTips: TRUE
Ntrees: 100
calculateTrees: TRUE
saveTrees: FALSE


OPERATIONAL CHECKS:
* Regression data contains multiple copies of some taxa (user added variants of existing test taxa 
   or replacements due to bootstrap are present) which are not in the phylo tree:
     original taxon,   duplicate   
"1","Sus_scrofa","Sus_scrofa.1"
"2","Apteryx_owenii_","Apteryx_owenii_.1"
"3","Hemiechinus_azurites","Hemiechinus_azurites.1"
"4","Uncia_uncia","Uncia_uncia.1"
"5","Alces_americanus","Alces_americanus.1"
"6","Lacerta_viridis","Lacerta_viridis.1"
"7","Mammuthus_sp","Mammuthus_sp.1"
"8","Euroscaptor_micrura","Euroscaptor_micrura.1"
"9","Capreolus_capreolus","Capreolus_capreolus.1"
"10","Pogona_viceps","Pogona_viceps.1"
"11","Uncia_uncia","Uncia_uncia.2"
"12","Pogona_viceps","Pogona_viceps.2"
"13","Elomeryx_borbonicus_","Elomeryx_borbonicus_.1"
"14","Alces_americanus","Alces_americanus.2"
"15","Rynochetus_jubatus","Rynochetus_jubatus.1"
"16","Procavia_capensis","Procavia_capensis.1"
"17","Paguma_larvata","Paguma_larvata.1"
"18","Taxidea_taxus","Taxidea_taxus.1"
"19","Apteryx_australis","Apteryx_australis.1"
"20","Hydromys_chrysogaster","Hydromys_chrysogaster.1"
"21","Ornithorhynchus_anatinus","Ornithorhynchus_anatinus.1"
"22","Dyrosaurid","Dyrosaurid.1"
"23","Protochampsidae","Protochampsidae.1"
"24","Nothosaurus_mirabilis_1","Nothosaurus_mirabilis_1.1"
"25","Protochampsidae","Protochampsidae.2"
"26","Dyrosaurid","Dyrosaurid.2"
"27","Leptophoca_proxima","Leptophoca_proxima.1"
"28","Nothosaurus_mirabilis_1","Nothosaurus_mirabilis_1.2"
"29","Hesperornis","Hesperornis.1"
"30","Remingtonocetus","Remingtonocetus.1"
"31","Paraplacodus","Paraplacodus.1"
"32","Basilosaurus","Basilosaurus.1"
"33","Hydromys_chrysogaster","Hydromys_chrysogaster.2"
"34","Anarosaurus","Anarosaurus.1"
"35","Anarosaurus","Anarosaurus.2"
"36","Nanophoca_vitulinoides","Nanophoca_vitulinoides.1"
"37","Dyrosaurid","Dyrosaurid.3"
"38","Spinosaurus_","Spinosaurus_.1"
"39","Spinosaurus_","Spinosaurus_.2"
"40","Spinosaurus_","Spinosaurus_.3"
"41","Spinosaurus_","Spinosaurus_.4"
"42","Spinosaurus_","Spinosaurus_.5"
"43","Spinosaurus_","Spinosaurus_.6"
"44","Spinosaurus_","Spinosaurus_.7"
"45","Spinosaurus_","Spinosaurus_.8"
"46","Spinosaurus_","Spinosaurus_.9"
"47","Spinosaurus_","Spinosaurus_.10"
"48","Spinosaurus_","Spinosaurus_.11"
"49","Suchomimus","Suchomimus.1"
"50","Suchomimus","Suchomimus.2"
"51","Suchomimus","Suchomimus.3"
"52","Baryonyx","Baryonyx.1"
"53","Baryonyx","Baryonyx.2"
"54","Baryonyx","Baryonyx.3"
 
* Phylo tree and the main data and strata files have been modified to include duplicated taxa before the scaled random trees are generated.
* Selected categorical labels column: diving.or.not
* diving.or.equal column is identical to Diving column.
* Regression excludes flying taxa.
* Diving labels that are present in regression: 0,2
* lambda (calculated from a random tree) = : 0.11
* index-name alignment check: OK
