Logfile for a session of program: bootstrap_binary.r
-----------------------------------------------------
INPUT:
workDir: C:/dino_nature/output/2023-11-07-D1\bs/set_1074
Nbootstrapsets: 2000
phyloFDAfile: c:/dino_nature/code/phylo.fda.R
auxFile: c:/dino_nature/code/auxiliary.r
boneType: femur
regressionData.file: C:/dino_nature/output/2023-11-07-D1\bs/set_1074/femur_set_1074.csv
applyDataFilter: FALSE
addTreeTips: TRUE
Ntrees: 100
calculateTrees: TRUE
saveTrees: FALSE


OPERATIONAL CHECKS:
* Regression data contains multiple copies of some taxa (user added variants of existing test taxa 
   or replacements due to bootstrap are present) which are not in the phylo tree:
     original taxon,   duplicate   
"1","Dromaius_","Dromaius_.1"
"2","Vulpes_vulpes","Vulpes_vulpes.1"
"3","Sphenodon_punctatus","Sphenodon_punctatus.1"
"4","Rhinoceros_sondaicus","Rhinoceros_sondaicus.1"
"5","Procyon_lotor","Procyon_lotor.1"
"6","Megaloceros_sp","Megaloceros_sp.1"
"7","Tamandua_tetradactyla","Tamandua_tetradactyla.1"
"8","Porphyrio_hochstetteri","Porphyrio_hochstetteri.1"
"9","Rhinoceros_sondaicus","Rhinoceros_sondaicus.2"
"10","Lama_guanicoe","Lama_guanicoe.1"
"11","Tamandua_tetradactyla","Tamandua_tetradactyla.2"
"12","Vulpes_vulpes","Vulpes_vulpes.2"
"13","Sphenodon_punctatus","Sphenodon_punctatus.2"
"14","Okapia_johnstoni","Okapia_johnstoni.1"
"15","Porphyrio_hochstetteri","Porphyrio_hochstetteri.2"
"16","Okapia_johnstoni","Okapia_johnstoni.2"
"17","Monodelphis_domestica","Monodelphis_domestica.1"
"18","Monodelphis_domestica","Monodelphis_domestica.2"
"19","Okapia_johnstoni","Okapia_johnstoni.3"
"20","Apteryx_owenii_","Apteryx_owenii_.1"
"21","Apteryx_australis","Apteryx_australis.1"
"22","Apteryx_australis","Apteryx_australis.2"
"23","Basilosaurus","Basilosaurus.1"
"24","Callophoca_obscura","Callophoca_obscura.1"
"25","Lutra_vulgaris","Lutra_vulgaris.1"
"26","Placondontia_indet","Placondontia_indet.1"
"27","Nothosaurus_mirabilis_1","Nothosaurus_mirabilis_1.1"
"28","Ichtyosaur_sp","Ichtyosaur_sp.1"
"29","Phalacrocorax_harrisi","Phalacrocorax_harrisi.1"
"30","Paraplacodus","Paraplacodus.1"
"31","Nothosaurus_568","Nothosaurus_568.1"
"32","Desmostylus_hesperus","Desmostylus_hesperus.1"
"33","Ichtyosaurus_","Ichtyosaurus_.1"
"34","Metryorhynchus","Metryorhynchus.1"
"35","Placondontia_indet","Placondontia_indet.2"
"36","Ichtyosaur_sp","Ichtyosaur_sp.2"
"37","Dyrosaurid","Dyrosaurid.1"
"38","Anarosaurus","Anarosaurus.1"
"39","Rodhocetus","Rodhocetus.1"
"40","Rhaeticosaurus","Rhaeticosaurus.1"
"41","Metryorhynchus","Metryorhynchus.2"
"42","Desmostylus_hesperus","Desmostylus_hesperus.2"
"43","Rodhocetus","Rodhocetus.2"
"44","Spinosaurus_","Spinosaurus_.1"
"45","Spinosaurus_","Spinosaurus_.2"
"46","Spinosaurus_","Spinosaurus_.3"
"47","Spinosaurus_","Spinosaurus_.4"
"48","Spinosaurus_","Spinosaurus_.5"
"49","Spinosaurus_","Spinosaurus_.6"
"50","Spinosaurus_","Spinosaurus_.7"
"51","Spinosaurus_","Spinosaurus_.8"
"52","Spinosaurus_","Spinosaurus_.9"
"53","Spinosaurus_","Spinosaurus_.10"
"54","Spinosaurus_","Spinosaurus_.11"
"55","Suchomimus","Suchomimus.1"
"56","Suchomimus","Suchomimus.2"
"57","Suchomimus","Suchomimus.3"
"58","Baryonyx","Baryonyx.1"
"59","Baryonyx","Baryonyx.2"
"60","Baryonyx","Baryonyx.3"
 
* Phylo tree and the main data and strata files have been modified to include duplicated taxa before the scaled random trees are generated.
* Selected categorical labels column: diving.or.not
* diving.or.equal column is identical to Diving column.
* Regression excludes flying taxa.
* Diving labels that are present in regression: 0,2
* lambda (calculated from a random tree) = : 0.1
* index-name alignment check: OK
