Logfile for a session of program: bootstrap_binary.r
-----------------------------------------------------
INPUT:
workDir: C:/dino_nature/output/2023-11-07-D1\bs/set_1332
Nbootstrapsets: 2000
phyloFDAfile: c:/dino_nature/code/phylo.fda.R
auxFile: c:/dino_nature/code/auxiliary.r
boneType: femur
regressionData.file: C:/dino_nature/output/2023-11-07-D1\bs/set_1332/femur_set_1332.csv
applyDataFilter: FALSE
addTreeTips: TRUE
Ntrees: 100
calculateTrees: TRUE
saveTrees: FALSE


OPERATIONAL CHECKS:
* Regression data contains multiple copies of some taxa (user added variants of existing test taxa 
   or replacements due to bootstrap are present) which are not in the phylo tree:
     original taxon,   duplicate   
"1","Rangifer_tarandus","Rangifer_tarandus.1"
"2","Diplomesodon_pulchellum","Diplomesodon_pulchellum.1"
"3","Porphyrio_hochstetteri","Porphyrio_hochstetteri.1"
"4","Hemiechinus_azurites","Hemiechinus_azurites.1"
"5","Vulpes_vulpes","Vulpes_vulpes.1"
"6","Syncerus_caffer","Syncerus_caffer.1"
"7","Mammuthus_sp","Mammuthus_sp.1"
"8","Bison_bonasus","Bison_bonasus.1"
"9","Apteryx_owenii_","Apteryx_owenii_.1"
"10","Sphenodon_punctatus","Sphenodon_punctatus.1"
"11","Ceratotherium_simum","Ceratotherium_simum.1"
"12","Syncerus_caffer","Syncerus_caffer.2"
"13","Uncia_uncia","Uncia_uncia.1"
"14","Porphyrio_hochstetteri","Porphyrio_hochstetteri.2"
"15","Rupicapra_rupicapra","Rupicapra_rupicapra.1"
"16","Porphyrio_hochstetteri","Porphyrio_hochstetteri.3"
"17","Uncia_uncia","Uncia_uncia.2"
"18","Dicerorhinus_sumatrensis","Dicerorhinus_sumatrensis.1"
"19","Diplomesodon_pulchellum","Diplomesodon_pulchellum.2"
"20","Porphyrio_hochstetteri","Porphyrio_hochstetteri.4"
"21","Tenrec_ecaudatus","Tenrec_ecaudatus.1"
"22","Tenrec_ecaudatus","Tenrec_ecaudatus.2"
"23","Apteryx_owenii_","Apteryx_owenii_.2"
"24","Ceratotherium_simum","Ceratotherium_simum.2"
"25","Apteryx_owenii_","Apteryx_owenii_.3"
"26","Hydromys_chrysogaster","Hydromys_chrysogaster.1"
"27","Noemys_fodies","Noemys_fodies.1"
"28","Castor_fiber","Castor_fiber.1"
"29","Neusticosaurus","Neusticosaurus.1"
"30","Phalacrocorax_harrisi","Phalacrocorax_harrisi.1"
"31","Alligator","Alligator.1"
"32","large_eocene_stem_penguin","large_eocene_stem_penguin.1"
"33","Metryorhynchus","Metryorhynchus.1"
"34","Lutra_vulgaris","Lutra_vulgaris.1"
"35","Simosaurus_1","Simosaurus_1.1"
"36","Choeropsis_liberiensis","Choeropsis_liberiensis.1"
"37","Caiman_yacare","Caiman_yacare.1"
"38","Neusticosaurus","Neusticosaurus.2"
"39","Palaeospheniscus","Palaeospheniscus.1"
"40","Neusticosaurus","Neusticosaurus.3"
"41","Ornithorhynchus_anatinus","Ornithorhynchus_anatinus.1"
"42","Lutra_vulgaris","Lutra_vulgaris.2"
"43","Noemys_fodies","Noemys_fodies.2"
"44","Lutra_vulgaris","Lutra_vulgaris.3"
"45","Ichtyosaurus_","Ichtyosaurus_.1"
"46","Psephoderma","Psephoderma.1"
"47","Spinosaurus_","Spinosaurus_.1"
"48","Spinosaurus_","Spinosaurus_.2"
"49","Spinosaurus_","Spinosaurus_.3"
"50","Spinosaurus_","Spinosaurus_.4"
"51","Spinosaurus_","Spinosaurus_.5"
"52","Spinosaurus_","Spinosaurus_.6"
"53","Spinosaurus_","Spinosaurus_.7"
"54","Spinosaurus_","Spinosaurus_.8"
"55","Spinosaurus_","Spinosaurus_.9"
"56","Spinosaurus_","Spinosaurus_.10"
"57","Spinosaurus_","Spinosaurus_.11"
"58","Suchomimus","Suchomimus.1"
"59","Suchomimus","Suchomimus.2"
"60","Suchomimus","Suchomimus.3"
"61","Baryonyx","Baryonyx.1"
"62","Baryonyx","Baryonyx.2"
"63","Baryonyx","Baryonyx.3"
 
* Phylo tree and the main data and strata files have been modified to include duplicated taxa before the scaled random trees are generated.
* Selected categorical labels column: diving.or.not
* diving.or.equal column is identical to Diving column.
* Regression excludes flying taxa.
* Diving labels that are present in regression: 0,2
* lambda (calculated from a random tree) = : 0.12
* index-name alignment check: OK
