Logfile for a session of program: bootstrap_binary.r
-----------------------------------------------------
INPUT:
workDir: C:/dino_nature/output/2023-11-07-D1\bs/set_649
Nbootstrapsets: 2000
phyloFDAfile: c:/dino_nature/code/phylo.fda.R
auxFile: c:/dino_nature/code/auxiliary.r
boneType: femur
regressionData.file: C:/dino_nature/output/2023-11-07-D1\bs/set_649/femur_set_649.csv
applyDataFilter: FALSE
addTreeTips: TRUE
Ntrees: 100
calculateTrees: TRUE
saveTrees: FALSE


OPERATIONAL CHECKS:
* Regression data contains multiple copies of some taxa (user added variants of existing test taxa 
   or replacements due to bootstrap are present) which are not in the phylo tree:
     original taxon,   duplicate   
"1","Elephas_maximus","Elephas_maximus.1"
"2","Ceratotherium_simum","Ceratotherium_simum.1"
"3","Elephas_maximus","Elephas_maximus.2"
"4","Nyctereutes_procyonoides","Nyctereutes_procyonoides.1"
"5","Taxidea_taxus","Taxidea_taxus.1"
"6","Ceratotherium_simum","Ceratotherium_simum.2"
"7","Rupicapra_rupicapra","Rupicapra_rupicapra.1"
"8","Mus_musculus","Mus_musculus.1"
"9","Nyctereutes_procyonoides","Nyctereutes_procyonoides.2"
"10","Bison_bonasus","Bison_bonasus.1"
"11","Loxodonta_africana","Loxodonta_africana.1"
"12","Syncerus_caffer","Syncerus_caffer.1"
"13","Ceratotherium_simum","Ceratotherium_simum.3"
"14","Mus_musculus","Mus_musculus.2"
"15","Apteryx_australis","Apteryx_australis.1"
"16","Taxidea_taxus","Taxidea_taxus.2"
"17","Raphus","Raphus.1"
"18","Dromaius_","Dromaius_.1"
"19","Tamandua_tetradactyla","Tamandua_tetradactyla.1"
"20","Diplomesodon_pulchellum","Diplomesodon_pulchellum.1"
"21","Nanophoca_vitulinoides","Nanophoca_vitulinoides.1"
"22","Nothosaurus_150","Nothosaurus_150.1"
"23","Ichtyosaur_sp","Ichtyosaur_sp.1"
"24","Noemys_fodies","Noemys_fodies.1"
"25","Caiman_yacare","Caiman_yacare.1"
"26","Ichtyosaurus_","Ichtyosaurus_.1"
"27","Nothosaurus_mirabilis_1","Nothosaurus_mirabilis_1.1"
"28","Psephoderma","Psephoderma.1"
"29","Placodontia_indet_1","Placodontia_indet_1.1"
"30","Nothosaurus_568","Nothosaurus_568.1"
"31","Simosaurus","Simosaurus.1"
"32","Small_Eocene_penguin","Small_Eocene_penguin.1"
"33","Nothosaurus_568","Nothosaurus_568.2"
"34","Placondontia_indet","Placondontia_indet.1"
"35","Nothosaurus_568","Nothosaurus_568.3"
"36","Callophoca_obscura","Callophoca_obscura.1"
"37","Serpianosaurus","Serpianosaurus.1"
"38","Ichtyosaurus_","Ichtyosaurus_.2"
"39","Simosaurus_1","Simosaurus_1.1"
"40","Placondontia_indet","Placondontia_indet.2"
"41","Nothosaurus_mirabilis","Nothosaurus_mirabilis.1"
"42","Spinosaurus_","Spinosaurus_.1"
"43","Spinosaurus_","Spinosaurus_.2"
"44","Spinosaurus_","Spinosaurus_.3"
"45","Spinosaurus_","Spinosaurus_.4"
"46","Spinosaurus_","Spinosaurus_.5"
"47","Spinosaurus_","Spinosaurus_.6"
"48","Spinosaurus_","Spinosaurus_.7"
"49","Spinosaurus_","Spinosaurus_.8"
"50","Spinosaurus_","Spinosaurus_.9"
"51","Spinosaurus_","Spinosaurus_.10"
"52","Spinosaurus_","Spinosaurus_.11"
"53","Suchomimus","Suchomimus.1"
"54","Suchomimus","Suchomimus.2"
"55","Suchomimus","Suchomimus.3"
"56","Baryonyx","Baryonyx.1"
"57","Baryonyx","Baryonyx.2"
"58","Baryonyx","Baryonyx.3"
 
* Phylo tree and the main data and strata files have been modified to include duplicated taxa before the scaled random trees are generated.
* Selected categorical labels column: diving.or.not
* diving.or.equal column is identical to Diving column.
* Regression excludes flying taxa.
* Diving labels that are present in regression: 0,2
* lambda (calculated from a random tree) = : 0.18
* index-name alignment check: OK
