Logfile for a session of program: bootstrap_binary.r
-----------------------------------------------------
INPUT:
workDir: C:/dino_nature/output/2023-11-07-D1\bs/set_409
Nbootstrapsets: 2000
phyloFDAfile: c:/dino_nature/code/phylo.fda.R
auxFile: c:/dino_nature/code/auxiliary.r
boneType: femur
regressionData.file: C:/dino_nature/output/2023-11-07-D1\bs/set_409/femur_set_409.csv
applyDataFilter: FALSE
addTreeTips: TRUE
Ntrees: 100
calculateTrees: TRUE
saveTrees: FALSE


OPERATIONAL CHECKS:
* Regression data contains multiple copies of some taxa (user added variants of existing test taxa 
   or replacements due to bootstrap are present) which are not in the phylo tree:
     original taxon,   duplicate   
"1","Dama_dama","Dama_dama.1"
"2","Rhynchocyon_petersi","Rhynchocyon_petersi.1"
"3","Loxodonta_africana","Loxodonta_africana.1"
"4","Uncia_uncia","Uncia_uncia.1"
"5","Taxidea_taxus","Taxidea_taxus.1"
"6","Taxidea_taxus","Taxidea_taxus.2"
"7","Loxodonta_africana","Loxodonta_africana.2"
"8","Uncia_uncia","Uncia_uncia.2"
"9","Syncerus_caffer","Syncerus_caffer.1"
"10","Lacerta_viridis","Lacerta_viridis.1"
"11","Rangifer_tarandus","Rangifer_tarandus.1"
"12","Paguma_larvata","Paguma_larvata.1"
"13","Megaloceros_sp","Megaloceros_sp.1"
"14","Atlantisia_rogersi","Atlantisia_rogersi.1"
"15","Diplomesodon_pulchellum","Diplomesodon_pulchellum.1"
"16","Raphus","Raphus.1"
"17","Euroscaptor_micrura","Euroscaptor_micrura.1"
"18","Syncerus_caffer","Syncerus_caffer.2"
"19","Ceratotherium_simum","Ceratotherium_simum.1"
"20","Myrmecophaga_tridactyla","Myrmecophaga_tridactyla.1"
"21","Euroscaptor_micrura","Euroscaptor_micrura.2"
"22","Micropotamogale_euwenzorii","Micropotamogale_euwenzorii.1"
"23","Serpianosaurus","Serpianosaurus.1"
"24","Desmostylus_hesperus","Desmostylus_hesperus.1"
"25","Nothosaurus_mirabilis_1","Nothosaurus_mirabilis_1.1"
"26","Placodontia_indet_1","Placodontia_indet_1.1"
"27","Nothosaurus_mirabilis","Nothosaurus_mirabilis.1"
"28","Hexaprotodon_garyam","Hexaprotodon_garyam.1"
"29","Nothosaurus_102","Nothosaurus_102.1"
"30","Protochampsidae","Protochampsidae.1"
"31","Alligator","Alligator.1"
"32","Placondontia_indet","Placondontia_indet.1"
"33","Hippopotamus_amphibius","Hippopotamus_amphibius.1"
"34","Protochampsidae","Protochampsidae.2"
"35","Hippopotamus_amphibius","Hippopotamus_amphibius.2"
"36","Neusticosaurus","Neusticosaurus.1"
"37","Basilosaurus","Basilosaurus.1"
"38","Hexaprotodon_garyam","Hexaprotodon_garyam.2"
"39","Spheniscus","Spheniscus.1"
"40","Caiman_yacare","Caiman_yacare.1"
"41","Remingtonocetus","Remingtonocetus.1"
"42","Spinosaurus_","Spinosaurus_.1"
"43","Spinosaurus_","Spinosaurus_.2"
"44","Spinosaurus_","Spinosaurus_.3"
"45","Spinosaurus_","Spinosaurus_.4"
"46","Spinosaurus_","Spinosaurus_.5"
"47","Spinosaurus_","Spinosaurus_.6"
"48","Spinosaurus_","Spinosaurus_.7"
"49","Spinosaurus_","Spinosaurus_.8"
"50","Spinosaurus_","Spinosaurus_.9"
"51","Spinosaurus_","Spinosaurus_.10"
"52","Spinosaurus_","Spinosaurus_.11"
"53","Suchomimus","Suchomimus.1"
"54","Suchomimus","Suchomimus.2"
"55","Suchomimus","Suchomimus.3"
"56","Baryonyx","Baryonyx.1"
"57","Baryonyx","Baryonyx.2"
"58","Baryonyx","Baryonyx.3"
 
* Phylo tree and the main data and strata files have been modified to include duplicated taxa before the scaled random trees are generated.
* Selected categorical labels column: diving.or.not
* diving.or.equal column is identical to Diving column.
* Regression excludes flying taxa.
* Diving labels that are present in regression: 0,2
* lambda (calculated from a random tree) = : 0.09
* index-name alignment check: OK
