Logfile for a session of program: bootstrap_binary.r
-----------------------------------------------------
INPUT:
workDir: C:/dino_nature/output/2023-11-07-D1\bs/set_511
Nbootstrapsets: 2000
phyloFDAfile: c:/dino_nature/code/phylo.fda.R
auxFile: c:/dino_nature/code/auxiliary.r
boneType: femur
regressionData.file: C:/dino_nature/output/2023-11-07-D1\bs/set_511/femur_set_511.csv
applyDataFilter: FALSE
addTreeTips: TRUE
Ntrees: 100
calculateTrees: TRUE
saveTrees: FALSE


OPERATIONAL CHECKS:
* Regression data contains multiple copies of some taxa (user added variants of existing test taxa 
   or replacements due to bootstrap are present) which are not in the phylo tree:
     original taxon,   duplicate   
"1","Ceratotherium_simum","Ceratotherium_simum.1"
"2","Ceratotherium_simum","Ceratotherium_simum.2"
"3","Diplomesodon_pulchellum","Diplomesodon_pulchellum.1"
"4","Rupicapra_rupicapra","Rupicapra_rupicapra.1"
"5","Elephas_maximus","Elephas_maximus.1"
"6","Rupicapra_rupicapra","Rupicapra_rupicapra.2"
"7","Diplomesodon_pulchellum","Diplomesodon_pulchellum.2"
"8","Diplomesodon_pulchellum","Diplomesodon_pulchellum.3"
"9","Taxidea_taxus","Taxidea_taxus.1"
"10","Diplomesodon_pulchellum","Diplomesodon_pulchellum.4"
"11","Diplomesodon_pulchellum","Diplomesodon_pulchellum.5"
"12","Atlantisia_rogersi","Atlantisia_rogersi.1"
"13","Atlantisia_rogersi","Atlantisia_rogersi.2"
"14","Monodelphis_domestica","Monodelphis_domestica.1"
"15","Euroscaptor_micrura","Euroscaptor_micrura.1"
"16","Giraffa_camelopardalis","Giraffa_camelopardalis.1"
"17","Tamandua_tetradactyla","Tamandua_tetradactyla.1"
"18","Bison_bonasus","Bison_bonasus.1"
"19","Dama_dama","Dama_dama.1"
"20","Maiacetus","Maiacetus.1"
"21","Aptenodytes______","Aptenodytes______.1"
"22","Nothosaurus_568","Nothosaurus_568.1"
"23","Aptenodytes______","Aptenodytes______.2"
"24","Plesiosaurus","Plesiosaurus.1"
"25","Cricosaurus","Cricosaurus.1"
"26","Desmostylus_hesperus","Desmostylus_hesperus.1"
"27","Nothosaurus_mirabilis_1","Nothosaurus_mirabilis_1.1"
"28","Hydromys_chrysogaster","Hydromys_chrysogaster.1"
"29","Aptenodytes______","Aptenodytes______.3"
"30","Phalacrocorax_harrisi","Phalacrocorax_harrisi.1"
"31","Hydromys_chrysogaster","Hydromys_chrysogaster.2"
"32","Noemys_fodies","Noemys_fodies.1"
"33","Neusticosaurus","Neusticosaurus.1"
"34","Palaeospheniscus","Palaeospheniscus.1"
"35","Serpianosaurus","Serpianosaurus.1"
"36","Phocanella_pumila","Phocanella_pumila.1"
"37","Nothosaurus_mirabilis","Nothosaurus_mirabilis.1"
"38","Nothosaurus_mirabilis","Nothosaurus_mirabilis.2"
"39","Hydromys_chrysogaster","Hydromys_chrysogaster.3"
"40","Placondontia_indet","Placondontia_indet.1"
"41","Nothosaurus_568","Nothosaurus_568.2"
"42","Nothosaurus_mirabilis","Nothosaurus_mirabilis.3"
"43","Spinosaurus_","Spinosaurus_.1"
"44","Spinosaurus_","Spinosaurus_.2"
"45","Spinosaurus_","Spinosaurus_.3"
"46","Spinosaurus_","Spinosaurus_.4"
"47","Spinosaurus_","Spinosaurus_.5"
"48","Spinosaurus_","Spinosaurus_.6"
"49","Spinosaurus_","Spinosaurus_.7"
"50","Spinosaurus_","Spinosaurus_.8"
"51","Spinosaurus_","Spinosaurus_.9"
"52","Spinosaurus_","Spinosaurus_.10"
"53","Spinosaurus_","Spinosaurus_.11"
"54","Suchomimus","Suchomimus.1"
"55","Suchomimus","Suchomimus.2"
"56","Suchomimus","Suchomimus.3"
"57","Baryonyx","Baryonyx.1"
"58","Baryonyx","Baryonyx.2"
"59","Baryonyx","Baryonyx.3"
 
* Phylo tree and the main data and strata files have been modified to include duplicated taxa before the scaled random trees are generated.
* Selected categorical labels column: diving.or.not
* diving.or.equal column is identical to Diving column.
* Regression excludes flying taxa.
* Diving labels that are present in regression: 0,2
* lambda (calculated from a random tree) = : 0.08
* index-name alignment check: OK
