Logfile for a session of program: bootstrap_binary.r
-----------------------------------------------------
INPUT:
workDir: C:/dino_nature/output/2023-11-07-D1\bs/set_328
Nbootstrapsets: 2000
phyloFDAfile: c:/dino_nature/code/phylo.fda.R
auxFile: c:/dino_nature/code/auxiliary.r
boneType: femur
regressionData.file: C:/dino_nature/output/2023-11-07-D1\bs/set_328/femur_set_328.csv
applyDataFilter: FALSE
addTreeTips: TRUE
Ntrees: 100
calculateTrees: TRUE
saveTrees: FALSE


OPERATIONAL CHECKS:
* Regression data contains multiple copies of some taxa (user added variants of existing test taxa 
   or replacements due to bootstrap are present) which are not in the phylo tree:
     original taxon,   duplicate   
"1","Apteryx_owenii_","Apteryx_owenii_.1"
"2","Dromaius_","Dromaius_.1"
"3","Apteryx_owenii_","Apteryx_owenii_.2"
"4","Sus_scrofa","Sus_scrofa.1"
"5","Hemiechinus_azurites","Hemiechinus_azurites.1"
"6","Apteryx_owenii_","Apteryx_owenii_.3"
"7","Giraffa_camelopardalis","Giraffa_camelopardalis.1"
"8","Taxidea_taxus","Taxidea_taxus.1"
"9","Vulpes_vulpes","Vulpes_vulpes.1"
"10","Giraffa_camelopardalis","Giraffa_camelopardalis.2"
"11","Bison_bonasus","Bison_bonasus.1"
"12","Dasyurus_maculatus","Dasyurus_maculatus.1"
"13","Atlantisia_rogersi","Atlantisia_rogersi.1"
"14","Vulpes_vulpes","Vulpes_vulpes.2"
"15","Pogona_viceps","Pogona_viceps.1"
"16","Atlantisia_rogersi","Atlantisia_rogersi.2"
"17","Apteryx_owenii_","Apteryx_owenii_.4"
"18","Cephalophus_silvicultor","Cephalophus_silvicultor.1"
"19","Strigiops_habroptilus","Strigiops_habroptilus.1"
"20","Diplomesodon_pulchellum","Diplomesodon_pulchellum.1"
"21","Mus_musculus","Mus_musculus.1"
"22","Rhinoceros_sondaicus","Rhinoceros_sondaicus.1"
"23","Raphus","Raphus.1"
"24","Mammuthus_sp","Mammuthus_sp.1"
"25","Capreolus_capreolus","Capreolus_capreolus.1"
"26","Noemys_fodies","Noemys_fodies.1"
"27","Micropotamogale_euwenzorii","Micropotamogale_euwenzorii.1"
"28","Champsosaurus","Champsosaurus.1"
"29","Nothosaurus_150","Nothosaurus_150.1"
"30","Simosaurus_1","Simosaurus_1.1"
"31","Cricosaurus","Cricosaurus.1"
"32","Phalacrocorax_harrisi","Phalacrocorax_harrisi.1"
"33","Desmana_moschata","Desmana_moschata.1"
"34","Nothosaurus_568","Nothosaurus_568.1"
"35","large_eocene_stem_penguin","large_eocene_stem_penguin.1"
"36","Nothosaurus_150","Nothosaurus_150.2"
"37","Cryptoclidus","Cryptoclidus.1"
"38","Metryorhynchus","Metryorhynchus.1"
"39","Nanophoca_vitulinoides","Nanophoca_vitulinoides.1"
"40","Dyrosaurid","Dyrosaurid.1"
"41","Metryorhynchus","Metryorhynchus.2"
"42","Phalacrocorax_harrisi","Phalacrocorax_harrisi.2"
"43","Otaria_byronia","Otaria_byronia.1"
"44","Spinosaurus_","Spinosaurus_.1"
"45","Spinosaurus_","Spinosaurus_.2"
"46","Spinosaurus_","Spinosaurus_.3"
"47","Spinosaurus_","Spinosaurus_.4"
"48","Spinosaurus_","Spinosaurus_.5"
"49","Spinosaurus_","Spinosaurus_.6"
"50","Spinosaurus_","Spinosaurus_.7"
"51","Spinosaurus_","Spinosaurus_.8"
"52","Spinosaurus_","Spinosaurus_.9"
"53","Spinosaurus_","Spinosaurus_.10"
"54","Spinosaurus_","Spinosaurus_.11"
"55","Suchomimus","Suchomimus.1"
"56","Suchomimus","Suchomimus.2"
"57","Suchomimus","Suchomimus.3"
"58","Baryonyx","Baryonyx.1"
"59","Baryonyx","Baryonyx.2"
"60","Baryonyx","Baryonyx.3"
 
* Phylo tree and the main data and strata files have been modified to include duplicated taxa before the scaled random trees are generated.
* Selected categorical labels column: diving.or.not
* diving.or.equal column is identical to Diving column.
* Regression excludes flying taxa.
* Diving labels that are present in regression: 0,2
* lambda (calculated from a random tree) = : 0.08
* index-name alignment check: OK
