Logfile for a session of program: bootstrap_binary.r
-----------------------------------------------------
INPUT:
workDir: C:/dino_nature/output/2023-11-07-D1\bs/set_1328
Nbootstrapsets: 2000
phyloFDAfile: c:/dino_nature/code/phylo.fda.R
auxFile: c:/dino_nature/code/auxiliary.r
boneType: femur
regressionData.file: C:/dino_nature/output/2023-11-07-D1\bs/set_1328/femur_set_1328.csv
applyDataFilter: FALSE
addTreeTips: TRUE
Ntrees: 100
calculateTrees: TRUE
saveTrees: FALSE


OPERATIONAL CHECKS:
* Regression data contains multiple copies of some taxa (user added variants of existing test taxa 
   or replacements due to bootstrap are present) which are not in the phylo tree:
     original taxon,   duplicate   
"1","Monodelphis_domestica","Monodelphis_domestica.1"
"2","Giraffa_camelopardalis","Giraffa_camelopardalis.1"
"3","Alces_americanus","Alces_americanus.1"
"4","Tribonyx_mortieri","Tribonyx_mortieri.1"
"5","Alces_americanus","Alces_americanus.2"
"6","Procyon_lotor","Procyon_lotor.1"
"7","Vulpes_vulpes","Vulpes_vulpes.1"
"8","Meles_meles","Meles_meles.1"
"9","Rupicapra_rupicapra","Rupicapra_rupicapra.1"
"10","Tamandua_tetradactyla","Tamandua_tetradactyla.1"
"11","Caloenas_nicobarica","Caloenas_nicobarica.1"
"12","Pogona_viceps","Pogona_viceps.1"
"13","Meles_meles","Meles_meles.2"
"14","Uncia_uncia","Uncia_uncia.1"
"15","Tribonyx_mortieri","Tribonyx_mortieri.2"
"16","Meles_meles","Meles_meles.3"
"17","Apteryx_owenii_","Apteryx_owenii_.1"
"18","Rangifer_tarandus","Rangifer_tarandus.1"
"19","Pogona_viceps","Pogona_viceps.2"
"20","Paguma_larvata","Paguma_larvata.1"
"21","Atlantisia_rogersi","Atlantisia_rogersi.1"
"22","Megaloceros_sp","Megaloceros_sp.1"
"23","Giraffa_camelopardalis","Giraffa_camelopardalis.2"
"24","Rangifer_tarandus","Rangifer_tarandus.2"
"25","Psephoderma","Psephoderma.1"
"26","Desmostylus_hesperus","Desmostylus_hesperus.1"
"27","Serpianosaurus","Serpianosaurus.1"
"28","Basilosaurus","Basilosaurus.1"
"29","Placondontia_indet","Placondontia_indet.1"
"30","Lutra_vulgaris","Lutra_vulgaris.1"
"31","Basilosaurus","Basilosaurus.2"
"32","Lutra_vulgaris","Lutra_vulgaris.2"
"33","Serpianosaurus","Serpianosaurus.2"
"34","large_eocene_stem_penguin","large_eocene_stem_penguin.1"
"35","Tapirus_terrestris","Tapirus_terrestris.1"
"36","Palaeospheniscus","Palaeospheniscus.1"
"37","Protochampsidae","Protochampsidae.1"
"38","Neusticosaurus","Neusticosaurus.1"
"39","Ichtyosaurus_","Ichtyosaurus_.1"
"40","Pistosaurus","Pistosaurus.1"
"41","Desmana_moschata","Desmana_moschata.1"
"42","Desmostylus_hesperus","Desmostylus_hesperus.2"
"43","Palaeospheniscus","Palaeospheniscus.2"
"44","Caiman_yacare","Caiman_yacare.1"
"45","Chapsosaurus_","Chapsosaurus_.1"
"46","Paraplacodus","Paraplacodus.1"
"47","Micropotamogale_euwenzorii","Micropotamogale_euwenzorii.1"
"48","Chironectes_minimus","Chironectes_minimus.1"
"49","Spheniscus","Spheniscus.1"
"50","Chapsosaurus_","Chapsosaurus_.2"
"51","Spinosaurus_","Spinosaurus_.1"
"52","Spinosaurus_","Spinosaurus_.2"
"53","Spinosaurus_","Spinosaurus_.3"
"54","Spinosaurus_","Spinosaurus_.4"
"55","Spinosaurus_","Spinosaurus_.5"
"56","Spinosaurus_","Spinosaurus_.6"
"57","Spinosaurus_","Spinosaurus_.7"
"58","Spinosaurus_","Spinosaurus_.8"
"59","Spinosaurus_","Spinosaurus_.9"
"60","Spinosaurus_","Spinosaurus_.10"
"61","Spinosaurus_","Spinosaurus_.11"
"62","Suchomimus","Suchomimus.1"
"63","Suchomimus","Suchomimus.2"
"64","Suchomimus","Suchomimus.3"
"65","Baryonyx","Baryonyx.1"
"66","Baryonyx","Baryonyx.2"
"67","Baryonyx","Baryonyx.3"
 
* Phylo tree and the main data and strata files have been modified to include duplicated taxa before the scaled random trees are generated.
* Selected categorical labels column: diving.or.not
* diving.or.equal column is identical to Diving column.
* Regression excludes flying taxa.
* Diving labels that are present in regression: 0,2
* lambda (calculated from a random tree) = : 0.07
* index-name alignment check: OK
