Logfile for a session of program: bootstrap_binary.r
-----------------------------------------------------
INPUT:
workDir: C:/dino_nature/output/2023-11-07-D1\bs/set_529
Nbootstrapsets: 2000
phyloFDAfile: c:/dino_nature/code/phylo.fda.R
auxFile: c:/dino_nature/code/auxiliary.r
boneType: femur
regressionData.file: C:/dino_nature/output/2023-11-07-D1\bs/set_529/femur_set_529.csv
applyDataFilter: FALSE
addTreeTips: TRUE
Ntrees: 100
calculateTrees: TRUE
saveTrees: FALSE


OPERATIONAL CHECKS:
* Regression data contains multiple copies of some taxa (user added variants of existing test taxa 
   or replacements due to bootstrap are present) which are not in the phylo tree:
     original taxon,   duplicate   
"1","Rangifer_tarandus","Rangifer_tarandus.1"
"2","Porphyrio_hochstetteri","Porphyrio_hochstetteri.1"
"3","Raphus","Raphus.1"
"4","Tamandua_tetradactyla","Tamandua_tetradactyla.1"
"5","Mustela_nivalis","Mustela_nivalis.1"
"6","Euroscaptor_micrura","Euroscaptor_micrura.1"
"7","Megaloceros_sp","Megaloceros_sp.1"
"8","Sphenodon_punctatus","Sphenodon_punctatus.1"
"9","Dasyurus_maculatus","Dasyurus_maculatus.1"
"10","Apteryx_owenii_","Apteryx_owenii_.1"
"11","Porphyrio_hochstetteri","Porphyrio_hochstetteri.2"
"12","Megaloceros_sp","Megaloceros_sp.2"
"13","Elomeryx_borbonicus_","Elomeryx_borbonicus_.1"
"14","Loxodonta_africana","Loxodonta_africana.1"
"15","Giraffa_camelopardalis","Giraffa_camelopardalis.1"
"16","Rangifer_tarandus","Rangifer_tarandus.2"
"17","Raphus","Raphus.2"
"18","Mustela_nivalis","Mustela_nivalis.2"
"19","Rattus_rattus","Rattus_rattus.1"
"20","Lacerta_viridis","Lacerta_viridis.1"
"21","Elephas_maximus","Elephas_maximus.1"
"22","Porphyrio_hochstetteri","Porphyrio_hochstetteri.3"
"23","Procyon_lotor","Procyon_lotor.1"
"24","Alligator","Alligator.1"
"25","Nothosaurus_102","Nothosaurus_102.1"
"26","Simosaurus","Simosaurus.1"
"27","Nothosaurus_150","Nothosaurus_150.1"
"28","Hesperornis","Hesperornis.1"
"29","Rodhocetus","Rodhocetus.1"
"30","Cryptoclidus","Cryptoclidus.1"
"31","Hesperornis","Hesperornis.2"
"32","Alligator","Alligator.2"
"33","Simosaurus_1","Simosaurus_1.1"
"34","Ichtyosaur_sp","Ichtyosaur_sp.1"
"35","Cryptoclidus","Cryptoclidus.2"
"36","Plesiosaurus","Plesiosaurus.1"
"37","Placodontia_indet_1","Placodontia_indet_1.1"
"38","Nothosaurus_150","Nothosaurus_150.2"
"39","Otaria_byronia","Otaria_byronia.1"
"40","Spinosaurus_","Spinosaurus_.1"
"41","Spinosaurus_","Spinosaurus_.2"
"42","Spinosaurus_","Spinosaurus_.3"
"43","Spinosaurus_","Spinosaurus_.4"
"44","Spinosaurus_","Spinosaurus_.5"
"45","Spinosaurus_","Spinosaurus_.6"
"46","Spinosaurus_","Spinosaurus_.7"
"47","Spinosaurus_","Spinosaurus_.8"
"48","Spinosaurus_","Spinosaurus_.9"
"49","Spinosaurus_","Spinosaurus_.10"
"50","Spinosaurus_","Spinosaurus_.11"
"51","Suchomimus","Suchomimus.1"
"52","Suchomimus","Suchomimus.2"
"53","Suchomimus","Suchomimus.3"
"54","Baryonyx","Baryonyx.1"
"55","Baryonyx","Baryonyx.2"
"56","Baryonyx","Baryonyx.3"
 
* Phylo tree and the main data and strata files have been modified to include duplicated taxa before the scaled random trees are generated.
* Selected categorical labels column: diving.or.not
* diving.or.equal column is identical to Diving column.
* Regression excludes flying taxa.
* Diving labels that are present in regression: 0,2
* lambda (calculated from a random tree) = : 0.13
* index-name alignment check: OK
