Logfile for a session of program: bootstrap_binary.r
-----------------------------------------------------
INPUT:
workDir: C:/dino_nature/output/2023-11-07-D1\bs/set_1570
Nbootstrapsets: 2000
phyloFDAfile: c:/dino_nature/code/phylo.fda.R
auxFile: c:/dino_nature/code/auxiliary.r
boneType: femur
regressionData.file: C:/dino_nature/output/2023-11-07-D1\bs/set_1570/femur_set_1570.csv
applyDataFilter: FALSE
addTreeTips: TRUE
Ntrees: 100
calculateTrees: TRUE
saveTrees: FALSE


OPERATIONAL CHECKS:
* Regression data contains multiple copies of some taxa (user added variants of existing test taxa 
   or replacements due to bootstrap are present) which are not in the phylo tree:
     original taxon,   duplicate   
"1","Syncerus_caffer","Syncerus_caffer.1"
"2","Tribonyx_mortieri","Tribonyx_mortieri.1"
"3","Apteryx_australis","Apteryx_australis.1"
"4","Apteryx_australis","Apteryx_australis.2"
"5","Apteryx_australis","Apteryx_australis.3"
"6","Elephas_maximus","Elephas_maximus.1"
"7","Giraffa_camelopardalis","Giraffa_camelopardalis.1"
"8","Microgale_thomasi","Microgale_thomasi.1"
"9","Diplomesodon_pulchellum","Diplomesodon_pulchellum.1"
"10","Ceratotherium_simum","Ceratotherium_simum.1"
"11","Meles_meles","Meles_meles.1"
"12","Rhynchocyon_petersi","Rhynchocyon_petersi.1"
"13","Giraffa_camelopardalis","Giraffa_camelopardalis.2"
"14","Dama_dama","Dama_dama.1"
"15","Myrmecophaga_tridactyla","Myrmecophaga_tridactyla.1"
"16","Caloenas_nicobarica","Caloenas_nicobarica.1"
"17","Dama_dama","Dama_dama.2"
"18","Hemiechinus_azurites","Hemiechinus_azurites.1"
"19","Caloenas_nicobarica","Caloenas_nicobarica.2"
"20","Lacerta_viridis","Lacerta_viridis.1"
"21","Megaloceros_sp","Megaloceros_sp.1"
"22","Hexaprotodon_garyam","Hexaprotodon_garyam.1"
"23","Placodontia_indet_1","Placodontia_indet_1.1"
"24","Lutra_vulgaris","Lutra_vulgaris.1"
"25","Dyrosaurid","Dyrosaurid.1"
"26","Desmana_moschata","Desmana_moschata.1"
"27","Plesiosaurus","Plesiosaurus.1"
"28","Indohyus","Indohyus.1"
"29","Paraplacodus","Paraplacodus.1"
"30","Lutra_vulgaris","Lutra_vulgaris.2"
"31","Indohyus","Indohyus.2"
"32","Rodhocetus","Rodhocetus.1"
"33","Chironectes_minimus","Chironectes_minimus.1"
"34","Anarosaurus","Anarosaurus.1"
"35","Hesperornis","Hesperornis.1"
"36","Anarosaurus","Anarosaurus.2"
"37","Pistosaurus","Pistosaurus.1"
"38","Hexaprotodon_garyam","Hexaprotodon_garyam.2"
"39","Ichtyosaurus_","Ichtyosaurus_.1"
"40","Otaria_byronia","Otaria_byronia.1"
"41","Ichtyosaurus_","Ichtyosaurus_.2"
"42","Phalacrocorax_harrisi","Phalacrocorax_harrisi.1"
"43","Basilosaurus","Basilosaurus.1"
"44","Cricosaurus","Cricosaurus.1"
"45","Desmana_moschata","Desmana_moschata.2"
"46","Nothosaurus_giganteus","Nothosaurus_giganteus.1"
"47","Anarosaurus","Anarosaurus.3"
"48","Spinosaurus_","Spinosaurus_.1"
"49","Spinosaurus_","Spinosaurus_.2"
"50","Spinosaurus_","Spinosaurus_.3"
"51","Spinosaurus_","Spinosaurus_.4"
"52","Spinosaurus_","Spinosaurus_.5"
"53","Spinosaurus_","Spinosaurus_.6"
"54","Spinosaurus_","Spinosaurus_.7"
"55","Spinosaurus_","Spinosaurus_.8"
"56","Spinosaurus_","Spinosaurus_.9"
"57","Spinosaurus_","Spinosaurus_.10"
"58","Spinosaurus_","Spinosaurus_.11"
"59","Suchomimus","Suchomimus.1"
"60","Suchomimus","Suchomimus.2"
"61","Suchomimus","Suchomimus.3"
"62","Baryonyx","Baryonyx.1"
"63","Baryonyx","Baryonyx.2"
"64","Baryonyx","Baryonyx.3"
 
* Phylo tree and the main data and strata files have been modified to include duplicated taxa before the scaled random trees are generated.
* Selected categorical labels column: diving.or.not
* diving.or.equal column is identical to Diving column.
* Regression excludes flying taxa.
* Diving labels that are present in regression: 0,2
* lambda (calculated from a random tree) = : 0.12
* index-name alignment check: OK
