Logfile for a session of program: bootstrap_binary.r
-----------------------------------------------------
INPUT:
workDir: C:/dino_nature/output/2023-11-07-D1\bs/set_1281
Nbootstrapsets: 2000
phyloFDAfile: c:/dino_nature/code/phylo.fda.R
auxFile: c:/dino_nature/code/auxiliary.r
boneType: femur
regressionData.file: C:/dino_nature/output/2023-11-07-D1\bs/set_1281/femur_set_1281.csv
applyDataFilter: FALSE
addTreeTips: TRUE
Ntrees: 100
calculateTrees: TRUE
saveTrees: FALSE


OPERATIONAL CHECKS:
* Regression data contains multiple copies of some taxa (user added variants of existing test taxa 
   or replacements due to bootstrap are present) which are not in the phylo tree:
     original taxon,   duplicate   
"1","Mustela_nivalis","Mustela_nivalis.1"
"2","Strigiops_habroptilus","Strigiops_habroptilus.1"
"3","Procyon_lotor","Procyon_lotor.1"
"4","Procyon_lotor","Procyon_lotor.2"
"5","Hemiechinus_azurites","Hemiechinus_azurites.1"
"6","Hemiechinus_azurites","Hemiechinus_azurites.2"
"7","Strigiops_habroptilus","Strigiops_habroptilus.2"
"8","Sus_scrofa","Sus_scrofa.1"
"9","Procavia_capensis","Procavia_capensis.1"
"10","Tribonyx_mortieri","Tribonyx_mortieri.1"
"11","Tribonyx_mortieri","Tribonyx_mortieri.2"
"12","Dama_dama","Dama_dama.1"
"13","Monodelphis_domestica","Monodelphis_domestica.1"
"14","Sus_scrofa","Sus_scrofa.2"
"15","Caloenas_nicobarica","Caloenas_nicobarica.1"
"16","Meles_meles","Meles_meles.1"
"17","Sphenodon_punctatus","Sphenodon_punctatus.1"
"18","Myrmecophaga_tridactyla","Myrmecophaga_tridactyla.1"
"19","Procyon_lotor","Procyon_lotor.3"
"20","Sphenodon_punctatus","Sphenodon_punctatus.2"
"21","Mammuthus_sp","Mammuthus_sp.1"
"22","Microgale_thomasi","Microgale_thomasi.1"
"23","Nothosaurus_102","Nothosaurus_102.1"
"24","Rodhocetus","Rodhocetus.1"
"25","Phocanella_pumila","Phocanella_pumila.1"
"26","Nothosaurus_mirabilis","Nothosaurus_mirabilis.1"
"27","Indohyus","Indohyus.1"
"28","Anarosaurus","Anarosaurus.1"
"29","Hydromys_chrysogaster","Hydromys_chrysogaster.1"
"30","Otaria_byronia","Otaria_byronia.1"
"31","Chironectes_minimus","Chironectes_minimus.1"
"32","Phocanella_pumila","Phocanella_pumila.2"
"33","Protochampsidae","Protochampsidae.1"
"34","Hexaprotodon_garyam","Hexaprotodon_garyam.1"
"35","Anarosaurus","Anarosaurus.2"
"36","Chapsosaurus_","Chapsosaurus_.1"
"37","Chironectes_minimus","Chironectes_minimus.2"
"38","Nothosaurus_giganteus","Nothosaurus_giganteus.1"
"39","Paraplacodus","Paraplacodus.1"
"40","Otaria_byronia","Otaria_byronia.2"
"41","Hexaprotodon_garyam","Hexaprotodon_garyam.2"
"42","Indohyus","Indohyus.2"
"43","Nothosaurus_giganteus","Nothosaurus_giganteus.2"
"44","Hexaprotodon_garyam","Hexaprotodon_garyam.3"
"45","Pistosaurus","Pistosaurus.1"
"46","Ornithorhynchus_anatinus","Ornithorhynchus_anatinus.1"
"47","Serpianosaurus","Serpianosaurus.1"
"48","Spinosaurus_","Spinosaurus_.1"
"49","Spinosaurus_","Spinosaurus_.2"
"50","Spinosaurus_","Spinosaurus_.3"
"51","Spinosaurus_","Spinosaurus_.4"
"52","Spinosaurus_","Spinosaurus_.5"
"53","Spinosaurus_","Spinosaurus_.6"
"54","Spinosaurus_","Spinosaurus_.7"
"55","Spinosaurus_","Spinosaurus_.8"
"56","Spinosaurus_","Spinosaurus_.9"
"57","Spinosaurus_","Spinosaurus_.10"
"58","Spinosaurus_","Spinosaurus_.11"
"59","Suchomimus","Suchomimus.1"
"60","Suchomimus","Suchomimus.2"
"61","Suchomimus","Suchomimus.3"
"62","Baryonyx","Baryonyx.1"
"63","Baryonyx","Baryonyx.2"
"64","Baryonyx","Baryonyx.3"
 
* Phylo tree and the main data and strata files have been modified to include duplicated taxa before the scaled random trees are generated.
* Selected categorical labels column: diving.or.not
* diving.or.equal column is identical to Diving column.
* Regression excludes flying taxa.
* Diving labels that are present in regression: 0,2
* lambda (calculated from a random tree) = : 0.11
* index-name alignment check: OK
