Logfile for a session of program: bootstrap_binary.r
-----------------------------------------------------
INPUT:
workDir: C:/dino_nature/output/2023-11-07-D1\bs/set_344
Nbootstrapsets: 2000
phyloFDAfile: c:/dino_nature/code/phylo.fda.R
auxFile: c:/dino_nature/code/auxiliary.r
boneType: femur
regressionData.file: C:/dino_nature/output/2023-11-07-D1\bs/set_344/femur_set_344.csv
applyDataFilter: FALSE
addTreeTips: TRUE
Ntrees: 100
calculateTrees: TRUE
saveTrees: FALSE


OPERATIONAL CHECKS:
* Regression data contains multiple copies of some taxa (user added variants of existing test taxa 
   or replacements due to bootstrap are present) which are not in the phylo tree:
     original taxon,   duplicate   
"1","Tenrec_ecaudatus","Tenrec_ecaudatus.1"
"2","Raphus","Raphus.1"
"3","Okapia_johnstoni","Okapia_johnstoni.1"
"4","Tribonyx_mortieri","Tribonyx_mortieri.1"
"5","Diplomesodon_pulchellum","Diplomesodon_pulchellum.1"
"6","Lacerta_viridis","Lacerta_viridis.1"
"7","Diplomesodon_pulchellum","Diplomesodon_pulchellum.2"
"8","Strigiops_habroptilus","Strigiops_habroptilus.1"
"9","Brachyodus_onoideum","Brachyodus_onoideum.1"
"10","Syncerus_caffer","Syncerus_caffer.1"
"11","Rhinoceros_sondaicus","Rhinoceros_sondaicus.1"
"12","Dicerorhinus_sumatrensis","Dicerorhinus_sumatrensis.1"
"13","Capreolus_capreolus","Capreolus_capreolus.1"
"14","Capreolus_capreolus","Capreolus_capreolus.2"
"15","Tenrec_ecaudatus","Tenrec_ecaudatus.2"
"16","Rupicapra_rupicapra","Rupicapra_rupicapra.1"
"17","Nyctereutes_procyonoides","Nyctereutes_procyonoides.1"
"18","Elomeryx_borbonicus_","Elomeryx_borbonicus_.1"
"19","Capreolus_capreolus","Capreolus_capreolus.3"
"20","Mus_musculus","Mus_musculus.1"
"21","Raphus","Raphus.2"
"22","Placondontia_indet","Placondontia_indet.1"
"23","Spheniscus","Spheniscus.1"
"24","Nothosaurus_giganteus","Nothosaurus_giganteus.1"
"25","Spheniscus","Spheniscus.2"
"26","Placodontia_indet_1","Placodontia_indet_1.1"
"27","Plesiosaurus","Plesiosaurus.1"
"28","Placodontia_indet_1","Placodontia_indet_1.2"
"29","Champsosaurus","Champsosaurus.1"
"30","Hydromys_chrysogaster","Hydromys_chrysogaster.1"
"31","Spheniscus","Spheniscus.3"
"32","Placodontia_indet_1","Placodontia_indet_1.3"
"33","Choeropsis_liberiensis","Choeropsis_liberiensis.1"
"34","Tapirus_terrestris","Tapirus_terrestris.1"
"35","Leptophoca_proxima","Leptophoca_proxima.1"
"36","Leptophoca_proxima","Leptophoca_proxima.2"
"37","Metryorhynchus","Metryorhynchus.1"
"38","Cryptoclidus","Cryptoclidus.1"
"39","Choeropsis_liberiensis","Choeropsis_liberiensis.2"
"40","Desmostylus_hesperus","Desmostylus_hesperus.1"
"41","Psephoderma","Psephoderma.1"
"42","Placodontia_indet_1","Placodontia_indet_1.4"
"43","Spinosaurus_","Spinosaurus_.1"
"44","Spinosaurus_","Spinosaurus_.2"
"45","Spinosaurus_","Spinosaurus_.3"
"46","Spinosaurus_","Spinosaurus_.4"
"47","Spinosaurus_","Spinosaurus_.5"
"48","Spinosaurus_","Spinosaurus_.6"
"49","Spinosaurus_","Spinosaurus_.7"
"50","Spinosaurus_","Spinosaurus_.8"
"51","Spinosaurus_","Spinosaurus_.9"
"52","Spinosaurus_","Spinosaurus_.10"
"53","Spinosaurus_","Spinosaurus_.11"
"54","Suchomimus","Suchomimus.1"
"55","Suchomimus","Suchomimus.2"
"56","Suchomimus","Suchomimus.3"
"57","Baryonyx","Baryonyx.1"
"58","Baryonyx","Baryonyx.2"
"59","Baryonyx","Baryonyx.3"
 
* Phylo tree and the main data and strata files have been modified to include duplicated taxa before the scaled random trees are generated.
* Selected categorical labels column: diving.or.not
* diving.or.equal column is identical to Diving column.
* Regression excludes flying taxa.
* Diving labels that are present in regression: 0,2
* lambda (calculated from a random tree) = : 0.06
* index-name alignment check: OK
