Logfile for a session of program: bootstrap_binary.r
-----------------------------------------------------
INPUT:
workDir: C:/dino_nature/output/2023-11-07-D1\bs/set_424
Nbootstrapsets: 2000
phyloFDAfile: c:/dino_nature/code/phylo.fda.R
auxFile: c:/dino_nature/code/auxiliary.r
boneType: femur
regressionData.file: C:/dino_nature/output/2023-11-07-D1\bs/set_424/femur_set_424.csv
applyDataFilter: FALSE
addTreeTips: TRUE
Ntrees: 100
calculateTrees: TRUE
saveTrees: FALSE


OPERATIONAL CHECKS:
* Regression data contains multiple copies of some taxa (user added variants of existing test taxa 
   or replacements due to bootstrap are present) which are not in the phylo tree:
     original taxon,   duplicate   
"1","Uncia_uncia","Uncia_uncia.1"
"2","Uncia_uncia","Uncia_uncia.2"
"3","Vulpes_vulpes","Vulpes_vulpes.1"
"4","Rattus_rattus","Rattus_rattus.1"
"5","Mammuthus_sp","Mammuthus_sp.1"
"6","Procavia_capensis","Procavia_capensis.1"
"7","Mustela_nivalis","Mustela_nivalis.1"
"8","Mus_musculus","Mus_musculus.1"
"9","Paguma_larvata","Paguma_larvata.1"
"10","Bos_taurus","Bos_taurus.1"
"11","Meles_meles","Meles_meles.1"
"12","Mustela_nivalis","Mustela_nivalis.2"
"13","Rattus_rattus","Rattus_rattus.2"
"14","Rattus_rattus","Rattus_rattus.3"
"15","Dicerorhinus_sumatrensis","Dicerorhinus_sumatrensis.1"
"16","Mammuthus_sp","Mammuthus_sp.2"
"17","Atlantisia_rogersi","Atlantisia_rogersi.1"
"18","Rattus_rattus","Rattus_rattus.4"
"19","Procavia_capensis","Procavia_capensis.2"
"20","Uncia_uncia","Uncia_uncia.3"
"21","Dicerorhinus_sumatrensis","Dicerorhinus_sumatrensis.2"
"22","Mustela_nivalis","Mustela_nivalis.3"
"23","Procyon_lotor","Procyon_lotor.1"
"24","Dicerorhinus_sumatrensis","Dicerorhinus_sumatrensis.3"
"25","Uncia_uncia","Uncia_uncia.4"
"26","Ornithorhynchus_anatinus","Ornithorhynchus_anatinus.1"
"27","Spheniscus","Spheniscus.1"
"28","Callophoca_obscura","Callophoca_obscura.1"
"29","Paraplacodus","Paraplacodus.1"
"30","Neusticosaurus","Neusticosaurus.1"
"31","Nothosaurus_giganteus","Nothosaurus_giganteus.1"
"32","Spheniscus","Spheniscus.2"
"33","Aptenodytes______","Aptenodytes______.1"
"34","Serpianosaurus","Serpianosaurus.1"
"35","Placodontia_indet_1","Placodontia_indet_1.1"
"36","Neusticosaurus","Neusticosaurus.2"
"37","Paraplacodus","Paraplacodus.2"
"38","Lutra_vulgaris","Lutra_vulgaris.1"
"39","Placodontia_indet_1","Placodontia_indet_1.2"
"40","Phalacrocorax_harrisi","Phalacrocorax_harrisi.1"
"41","Palaeospheniscus","Palaeospheniscus.1"
"42","Simosaurus","Simosaurus.1"
"43","Spheniscus","Spheniscus.3"
"44","Nothosaurus_mirabilis","Nothosaurus_mirabilis.1"
"45","Chironectes_minimus","Chironectes_minimus.1"
"46","Alligator","Alligator.1"
"47","Spinosaurus_","Spinosaurus_.1"
"48","Spinosaurus_","Spinosaurus_.2"
"49","Spinosaurus_","Spinosaurus_.3"
"50","Spinosaurus_","Spinosaurus_.4"
"51","Spinosaurus_","Spinosaurus_.5"
"52","Spinosaurus_","Spinosaurus_.6"
"53","Spinosaurus_","Spinosaurus_.7"
"54","Spinosaurus_","Spinosaurus_.8"
"55","Spinosaurus_","Spinosaurus_.9"
"56","Spinosaurus_","Spinosaurus_.10"
"57","Spinosaurus_","Spinosaurus_.11"
"58","Suchomimus","Suchomimus.1"
"59","Suchomimus","Suchomimus.2"
"60","Suchomimus","Suchomimus.3"
"61","Baryonyx","Baryonyx.1"
"62","Baryonyx","Baryonyx.2"
"63","Baryonyx","Baryonyx.3"
 
* Phylo tree and the main data and strata files have been modified to include duplicated taxa before the scaled random trees are generated.
* Selected categorical labels column: diving.or.not
* diving.or.equal column is identical to Diving column.
* Regression excludes flying taxa.
* Diving labels that are present in regression: 0,2
* lambda (calculated from a random tree) = : 0.12
* index-name alignment check: OK
