Logfile for a session of program: bootstrap_binary.r
-----------------------------------------------------
INPUT:
workDir: C:/dino_nature/output/2023-11-07-D1\bs/set_203
Nbootstrapsets: 2000
phyloFDAfile: c:/dino_nature/code/phylo.fda.R
auxFile: c:/dino_nature/code/auxiliary.r
boneType: femur
regressionData.file: C:/dino_nature/output/2023-11-07-D1\bs/set_203/femur_set_203.csv
applyDataFilter: FALSE
addTreeTips: TRUE
Ntrees: 100
calculateTrees: TRUE
saveTrees: FALSE


OPERATIONAL CHECKS:
* Regression data contains multiple copies of some taxa (user added variants of existing test taxa 
   or replacements due to bootstrap are present) which are not in the phylo tree:
     original taxon,   duplicate   
"1","Tribonyx_mortieri","Tribonyx_mortieri.1"
"2","Taxidea_taxus","Taxidea_taxus.1"
"3","Tribonyx_mortieri","Tribonyx_mortieri.2"
"4","Mus_musculus","Mus_musculus.1"
"5","Caloenas_nicobarica","Caloenas_nicobarica.1"
"6","Mus_musculus","Mus_musculus.2"
"7","Tribonyx_mortieri","Tribonyx_mortieri.3"
"8","Meles_meles","Meles_meles.1"
"9","Procyon_lotor","Procyon_lotor.1"
"10","Rynochetus_jubatus","Rynochetus_jubatus.1"
"11","Paguma_larvata","Paguma_larvata.1"
"12","Procyon_lotor","Procyon_lotor.2"
"13","Xenicus_giliventris","Xenicus_giliventris.1"
"14","Okapia_johnstoni","Okapia_johnstoni.1"
"15","Dromaius_","Dromaius_.1"
"16","Caloenas_nicobarica","Caloenas_nicobarica.2"
"17","Elephas_maximus","Elephas_maximus.1"
"18","Strigiops_habroptilus","Strigiops_habroptilus.1"
"19","Dromaius_","Dromaius_.2"
"20","Monodelphis_domestica","Monodelphis_domestica.1"
"21","Dama_dama","Dama_dama.1"
"22","Paguma_larvata","Paguma_larvata.2"
"23","Dicerorhinus_sumatrensis","Dicerorhinus_sumatrensis.1"
"24","Protochampsidae","Protochampsidae.1"
"25","Metryorhynchus","Metryorhynchus.1"
"26","Desmana_moschata","Desmana_moschata.1"
"27","Otaria_byronia","Otaria_byronia.1"
"28","Dyrosaurid","Dyrosaurid.1"
"29","Protochampsidae","Protochampsidae.2"
"30","Cricosaurus","Cricosaurus.1"
"31","Ornithorhynchus_anatinus","Ornithorhynchus_anatinus.1"
"32","Psephoderma","Psephoderma.1"
"33","Small_Eocene_penguin","Small_Eocene_penguin.1"
"34","Noemys_fodies","Noemys_fodies.1"
"35","Champsosaurus","Champsosaurus.1"
"36","Hesperornis","Hesperornis.1"
"37","Hydromys_chrysogaster","Hydromys_chrysogaster.1"
"38","Noemys_fodies","Noemys_fodies.2"
"39","Paraplacodus","Paraplacodus.1"
"40","Placodontia_indet_1","Placodontia_indet_1.1"
"41","Choeropsis_liberiensis","Choeropsis_liberiensis.1"
"42","Choeropsis_liberiensis","Choeropsis_liberiensis.2"
"43","Dyrosaurid","Dyrosaurid.2"
"44","Spinosaurus_","Spinosaurus_.1"
"45","Spinosaurus_","Spinosaurus_.2"
"46","Spinosaurus_","Spinosaurus_.3"
"47","Spinosaurus_","Spinosaurus_.4"
"48","Spinosaurus_","Spinosaurus_.5"
"49","Spinosaurus_","Spinosaurus_.6"
"50","Spinosaurus_","Spinosaurus_.7"
"51","Spinosaurus_","Spinosaurus_.8"
"52","Spinosaurus_","Spinosaurus_.9"
"53","Spinosaurus_","Spinosaurus_.10"
"54","Spinosaurus_","Spinosaurus_.11"
"55","Suchomimus","Suchomimus.1"
"56","Suchomimus","Suchomimus.2"
"57","Suchomimus","Suchomimus.3"
"58","Baryonyx","Baryonyx.1"
"59","Baryonyx","Baryonyx.2"
"60","Baryonyx","Baryonyx.3"
 
* Phylo tree and the main data and strata files have been modified to include duplicated taxa before the scaled random trees are generated.
* Selected categorical labels column: diving.or.not
* diving.or.equal column is identical to Diving column.
* Regression excludes flying taxa.
* Diving labels that are present in regression: 0,2
* lambda (calculated from a random tree) = : 0.13
* index-name alignment check: OK
