Logfile for a session of program: bootstrap_binary.r
-----------------------------------------------------
INPUT:
workDir: C:/dino_nature/output/2023-11-07-D1\bs/set_1997
Nbootstrapsets: 2000
phyloFDAfile: c:/dino_nature/code/phylo.fda.R
auxFile: c:/dino_nature/code/auxiliary.r
boneType: femur
regressionData.file: C:/dino_nature/output/2023-11-07-D1\bs/set_1997/femur_set_1997.csv
applyDataFilter: FALSE
addTreeTips: TRUE
Ntrees: 100
calculateTrees: TRUE
saveTrees: FALSE


OPERATIONAL CHECKS:
* Regression data contains multiple copies of some taxa (user added variants of existing test taxa 
   or replacements due to bootstrap are present) which are not in the phylo tree:
     original taxon,   duplicate   
"1","Dicerorhinus_sumatrensis","Dicerorhinus_sumatrensis.1"
"2","Tenrec_ecaudatus","Tenrec_ecaudatus.1"
"3","Dicerorhinus_sumatrensis","Dicerorhinus_sumatrensis.2"
"4","Okapia_johnstoni","Okapia_johnstoni.1"
"5","Xenicus_giliventris","Xenicus_giliventris.1"
"6","Atlantisia_rogersi","Atlantisia_rogersi.1"
"7","Bison_bonasus","Bison_bonasus.1"
"8","Okapia_johnstoni","Okapia_johnstoni.2"
"9","Okapia_johnstoni","Okapia_johnstoni.3"
"10","Mammuthus_sp","Mammuthus_sp.1"
"11","Vulpes_vulpes","Vulpes_vulpes.1"
"12","Procavia_capensis","Procavia_capensis.1"
"13","Mammuthus_sp","Mammuthus_sp.2"
"14","Capreolus_capreolus","Capreolus_capreolus.1"
"15","Paguma_larvata","Paguma_larvata.1"
"16","Brachyodus_onoideum","Brachyodus_onoideum.1"
"17","Cephalophus_silvicultor","Cephalophus_silvicultor.1"
"18","Okapia_johnstoni","Okapia_johnstoni.4"
"19","Mammuthus_sp","Mammuthus_sp.3"
"20","Nyctereutes_procyonoides","Nyctereutes_procyonoides.1"
"21","Paguma_larvata","Paguma_larvata.2"
"22","Lacerta_viridis","Lacerta_viridis.1"
"23","Procyon_lotor","Procyon_lotor.1"
"24","Pistosaurus","Pistosaurus.1"
"25","Phalacrocorax_harrisi","Phalacrocorax_harrisi.1"
"26","Hexaprotodon_garyam","Hexaprotodon_garyam.1"
"27","Nothosaurus_102","Nothosaurus_102.1"
"28","Pistosaurus","Pistosaurus.2"
"29","Nothosaurus_102","Nothosaurus_102.2"
"30","Spheniscus","Spheniscus.1"
"31","Paraplacodus","Paraplacodus.1"
"32","Simosaurus_1","Simosaurus_1.1"
"33","Simosaurus_1","Simosaurus_1.2"
"34","Serpianosaurus","Serpianosaurus.1"
"35","Indohyus","Indohyus.1"
"36","Hippopotamus_amphibius","Hippopotamus_amphibius.1"
"37","Ichtyosaur_sp","Ichtyosaur_sp.1"
"38","Pistosaurus","Pistosaurus.3"
"39","Desmostylus_hesperus","Desmostylus_hesperus.1"
"40","Hexaprotodon_garyam","Hexaprotodon_garyam.2"
"41","Phalacrocorax_harrisi","Phalacrocorax_harrisi.2"
"42","Indohyus","Indohyus.2"
"43","Rhaeticosaurus","Rhaeticosaurus.1"
"44","Spinosaurus_","Spinosaurus_.1"
"45","Spinosaurus_","Spinosaurus_.2"
"46","Spinosaurus_","Spinosaurus_.3"
"47","Spinosaurus_","Spinosaurus_.4"
"48","Spinosaurus_","Spinosaurus_.5"
"49","Spinosaurus_","Spinosaurus_.6"
"50","Spinosaurus_","Spinosaurus_.7"
"51","Spinosaurus_","Spinosaurus_.8"
"52","Spinosaurus_","Spinosaurus_.9"
"53","Spinosaurus_","Spinosaurus_.10"
"54","Spinosaurus_","Spinosaurus_.11"
"55","Suchomimus","Suchomimus.1"
"56","Suchomimus","Suchomimus.2"
"57","Suchomimus","Suchomimus.3"
"58","Baryonyx","Baryonyx.1"
"59","Baryonyx","Baryonyx.2"
"60","Baryonyx","Baryonyx.3"
 
* Phylo tree and the main data and strata files have been modified to include duplicated taxa before the scaled random trees are generated.
* Selected categorical labels column: diving.or.not
* diving.or.equal column is identical to Diving column.
* Regression excludes flying taxa.
* Diving labels that are present in regression: 0,2
* lambda (calculated from a random tree) = : 0.11
* index-name alignment check: OK
