Logfile for a session of program: bootstrap_binary.r
-----------------------------------------------------
INPUT:
workDir: C:/dino_nature/output/2023-11-07-D1\bs/set_1939
Nbootstrapsets: 2000
phyloFDAfile: c:/dino_nature/code/phylo.fda.R
auxFile: c:/dino_nature/code/auxiliary.r
boneType: femur
regressionData.file: C:/dino_nature/output/2023-11-07-D1\bs/set_1939/femur_set_1939.csv
applyDataFilter: FALSE
addTreeTips: TRUE
Ntrees: 100
calculateTrees: TRUE
saveTrees: FALSE


OPERATIONAL CHECKS:
* Regression data contains multiple copies of some taxa (user added variants of existing test taxa 
   or replacements due to bootstrap are present) which are not in the phylo tree:
     original taxon,   duplicate   
"1","Raphus","Raphus.1"
"2","Rynochetus_jubatus","Rynochetus_jubatus.1"
"3","Mammuthus_sp","Mammuthus_sp.1"
"4","Nyctereutes_procyonoides","Nyctereutes_procyonoides.1"
"5","Strigiops_habroptilus","Strigiops_habroptilus.1"
"6","Tribonyx_mortieri","Tribonyx_mortieri.1"
"7","Strigiops_habroptilus","Strigiops_habroptilus.2"
"8","Ceratotherium_simum","Ceratotherium_simum.1"
"9","Euroscaptor_micrura","Euroscaptor_micrura.1"
"10","Syncerus_caffer","Syncerus_caffer.1"
"11","Bos_taurus","Bos_taurus.1"
"12","Meles_meles","Meles_meles.1"
"13","Rangifer_tarandus","Rangifer_tarandus.1"
"14","Procavia_capensis","Procavia_capensis.1"
"15","Rynochetus_jubatus","Rynochetus_jubatus.2"
"16","Syncerus_caffer","Syncerus_caffer.2"
"17","Sphenodon_punctatus","Sphenodon_punctatus.1"
"18","Noemys_fodies","Noemys_fodies.1"
"19","Small_Eocene_penguin","Small_Eocene_penguin.1"
"20","Maiacetus","Maiacetus.1"
"21","Maiacetus","Maiacetus.2"
"22","Ornithorhynchus_anatinus","Ornithorhynchus_anatinus.1"
"23","Noemys_fodies","Noemys_fodies.2"
"24","Protochampsidae","Protochampsidae.1"
"25","Nothosaurus_giganteus","Nothosaurus_giganteus.1"
"26","Maiacetus","Maiacetus.3"
"27","Pistosaurus","Pistosaurus.1"
"28","Remingtonocetus","Remingtonocetus.1"
"29","Palaeospheniscus","Palaeospheniscus.1"
"30","Tapirus_terrestris","Tapirus_terrestris.1"
"31","Hesperornis","Hesperornis.1"
"32","Tapirus_terrestris","Tapirus_terrestris.2"
"33","Tapirus_terrestris","Tapirus_terrestris.3"
"34","Palaeospheniscus","Palaeospheniscus.2"
"35","Ichtyosaurus_","Ichtyosaurus_.1"
"36","Nothosaurus_102","Nothosaurus_102.1"
"37","Aptenodytes______","Aptenodytes______.1"
"38","Small_Eocene_penguin","Small_Eocene_penguin.2"
"39","Small_Eocene_penguin","Small_Eocene_penguin.3"
"40","Nanophoca_vitulinoides","Nanophoca_vitulinoides.1"
"41","Lutra_vulgaris","Lutra_vulgaris.1"
"42","Spinosaurus_","Spinosaurus_.1"
"43","Spinosaurus_","Spinosaurus_.2"
"44","Spinosaurus_","Spinosaurus_.3"
"45","Spinosaurus_","Spinosaurus_.4"
"46","Spinosaurus_","Spinosaurus_.5"
"47","Spinosaurus_","Spinosaurus_.6"
"48","Spinosaurus_","Spinosaurus_.7"
"49","Spinosaurus_","Spinosaurus_.8"
"50","Spinosaurus_","Spinosaurus_.9"
"51","Spinosaurus_","Spinosaurus_.10"
"52","Spinosaurus_","Spinosaurus_.11"
"53","Suchomimus","Suchomimus.1"
"54","Suchomimus","Suchomimus.2"
"55","Suchomimus","Suchomimus.3"
"56","Baryonyx","Baryonyx.1"
"57","Baryonyx","Baryonyx.2"
"58","Baryonyx","Baryonyx.3"
 
* Phylo tree and the main data and strata files have been modified to include duplicated taxa before the scaled random trees are generated.
* Selected categorical labels column: diving.or.not
* diving.or.equal column is identical to Diving column.
* Regression excludes flying taxa.
* Diving labels that are present in regression: 0,2
* lambda (calculated from a random tree) = : 0.08
* index-name alignment check: OK
