Logfile for a session of program: bootstrap_binary.r
-----------------------------------------------------
INPUT:
workDir: C:/dino_nature/output/2023-11-07-D1\bs/set_1009
Nbootstrapsets: 2000
phyloFDAfile: c:/dino_nature/code/phylo.fda.R
auxFile: c:/dino_nature/code/auxiliary.r
boneType: femur
regressionData.file: C:/dino_nature/output/2023-11-07-D1\bs/set_1009/femur_set_1009.csv
applyDataFilter: FALSE
addTreeTips: TRUE
Ntrees: 100
calculateTrees: TRUE
saveTrees: FALSE


OPERATIONAL CHECKS:
* Regression data contains multiple copies of some taxa (user added variants of existing test taxa 
   or replacements due to bootstrap are present) which are not in the phylo tree:
     original taxon,   duplicate   
"1","Procavia_capensis","Procavia_capensis.1"
"2","Rhinoceros_sondaicus","Rhinoceros_sondaicus.1"
"3","Rhinoceros_sondaicus","Rhinoceros_sondaicus.2"
"4","Rattus_rattus","Rattus_rattus.1"
"5","Sphenodon_punctatus","Sphenodon_punctatus.1"
"6","Sphenodon_punctatus","Sphenodon_punctatus.2"
"7","Pogona_viceps","Pogona_viceps.1"
"8","Tribonyx_mortieri","Tribonyx_mortieri.1"
"9","Sus_scrofa","Sus_scrofa.1"
"10","Myrmecophaga_tridactyla","Myrmecophaga_tridactyla.1"
"11","Dama_dama","Dama_dama.1"
"12","Syncerus_caffer","Syncerus_caffer.1"
"13","Apteryx_owenii_","Apteryx_owenii_.1"
"14","Rattus_rattus","Rattus_rattus.2"
"15","Alces_americanus","Alces_americanus.1"
"16","Capreolus_capreolus","Capreolus_capreolus.1"
"17","Dama_dama","Dama_dama.2"
"18","Mus_musculus","Mus_musculus.1"
"19","Microgale_thomasi","Microgale_thomasi.1"
"20","Tribonyx_mortieri","Tribonyx_mortieri.2"
"21","Cricosaurus","Cricosaurus.1"
"22","Cricosaurus","Cricosaurus.2"
"23","Leptophoca_proxima","Leptophoca_proxima.1"
"24","Ichtyosaur_sp","Ichtyosaur_sp.1"
"25","Cricosaurus","Cricosaurus.3"
"26","Nanophoca_vitulinoides","Nanophoca_vitulinoides.1"
"27","Hippopotamus_amphibius","Hippopotamus_amphibius.1"
"28","Desmostylus_hesperus","Desmostylus_hesperus.1"
"29","Psephoderma","Psephoderma.1"
"30","Leptophoca_proxima","Leptophoca_proxima.2"
"31","Nothosaurus_mirabilis","Nothosaurus_mirabilis.1"
"32","Caiman_yacare","Caiman_yacare.1"
"33","Alligator","Alligator.1"
"34","Spheniscus","Spheniscus.1"
"35","Small_Eocene_penguin","Small_Eocene_penguin.1"
"36","Metryorhynchus","Metryorhynchus.1"
"37","Alligator","Alligator.2"
"38","Alligator","Alligator.3"
"39","Desmana_moschata","Desmana_moschata.1"
"40","Desmostylus_hesperus","Desmostylus_hesperus.2"
"41","Ichtyosaur_sp","Ichtyosaur_sp.2"
"42","Desmostylus_hesperus","Desmostylus_hesperus.3"
"43","Small_Eocene_penguin","Small_Eocene_penguin.2"
"44","Ichtyosaur_sp","Ichtyosaur_sp.3"
"45","Spheniscus","Spheniscus.2"
"46","Spinosaurus_","Spinosaurus_.1"
"47","Spinosaurus_","Spinosaurus_.2"
"48","Spinosaurus_","Spinosaurus_.3"
"49","Spinosaurus_","Spinosaurus_.4"
"50","Spinosaurus_","Spinosaurus_.5"
"51","Spinosaurus_","Spinosaurus_.6"
"52","Spinosaurus_","Spinosaurus_.7"
"53","Spinosaurus_","Spinosaurus_.8"
"54","Spinosaurus_","Spinosaurus_.9"
"55","Spinosaurus_","Spinosaurus_.10"
"56","Spinosaurus_","Spinosaurus_.11"
"57","Suchomimus","Suchomimus.1"
"58","Suchomimus","Suchomimus.2"
"59","Suchomimus","Suchomimus.3"
"60","Baryonyx","Baryonyx.1"
"61","Baryonyx","Baryonyx.2"
"62","Baryonyx","Baryonyx.3"
 
* Phylo tree and the main data and strata files have been modified to include duplicated taxa before the scaled random trees are generated.
* Selected categorical labels column: diving.or.not
* diving.or.equal column is identical to Diving column.
* Regression excludes flying taxa.
* Diving labels that are present in regression: 0,2
* lambda (calculated from a random tree) = : 0.06
* index-name alignment check: OK
