Logfile for a session of program: bootstrap_binary.r
-----------------------------------------------------
INPUT:
workDir: C:/dino_nature/output/2023-11-07-D1\bs/set_1439
Nbootstrapsets: 2000
phyloFDAfile: c:/dino_nature/code/phylo.fda.R
auxFile: c:/dino_nature/code/auxiliary.r
boneType: femur
regressionData.file: C:/dino_nature/output/2023-11-07-D1\bs/set_1439/femur_set_1439.csv
applyDataFilter: FALSE
addTreeTips: TRUE
Ntrees: 100
calculateTrees: TRUE
saveTrees: FALSE


OPERATIONAL CHECKS:
* Regression data contains multiple copies of some taxa (user added variants of existing test taxa 
   or replacements due to bootstrap are present) which are not in the phylo tree:
     original taxon,   duplicate   
"1","Tribonyx_mortieri","Tribonyx_mortieri.1"
"2","Atlantisia_rogersi","Atlantisia_rogersi.1"
"3","Diplomesodon_pulchellum","Diplomesodon_pulchellum.1"
"4","Tribonyx_mortieri","Tribonyx_mortieri.2"
"5","Elephas_maximus","Elephas_maximus.1"
"6","Cephalophus_silvicultor","Cephalophus_silvicultor.1"
"7","Ceratotherium_simum","Ceratotherium_simum.1"
"8","Diplomesodon_pulchellum","Diplomesodon_pulchellum.2"
"9","Loxodonta_africana","Loxodonta_africana.1"
"10","Mus_musculus","Mus_musculus.1"
"11","Rangifer_tarandus","Rangifer_tarandus.1"
"12","Pogona_viceps","Pogona_viceps.1"
"13","Dasyurus_maculatus","Dasyurus_maculatus.1"
"14","Rangifer_tarandus","Rangifer_tarandus.2"
"15","Lama_guanicoe","Lama_guanicoe.1"
"16","Strigiops_habroptilus","Strigiops_habroptilus.1"
"17","Rynochetus_jubatus","Rynochetus_jubatus.1"
"18","Mustela_nivalis","Mustela_nivalis.1"
"19","Nyctereutes_procyonoides","Nyctereutes_procyonoides.1"
"20","Mustela_nivalis","Mustela_nivalis.2"
"21","Elephas_maximus","Elephas_maximus.2"
"22","Champsosaurus","Champsosaurus.1"
"23","Hydromys_chrysogaster","Hydromys_chrysogaster.1"
"24","Choeropsis_liberiensis","Choeropsis_liberiensis.1"
"25","Ichtyosaurus_","Ichtyosaurus_.1"
"26","Indohyus","Indohyus.1"
"27","Choeropsis_liberiensis","Choeropsis_liberiensis.2"
"28","Champsosaurus","Champsosaurus.2"
"29","Micropotamogale_euwenzorii","Micropotamogale_euwenzorii.1"
"30","Hydromys_chrysogaster","Hydromys_chrysogaster.2"
"31","Indohyus","Indohyus.2"
"32","Hesperornis","Hesperornis.1"
"33","Desmostylus_hesperus","Desmostylus_hesperus.1"
"34","Choeropsis_liberiensis","Choeropsis_liberiensis.3"
"35","Tapirus_terrestris","Tapirus_terrestris.1"
"36","Choeropsis_liberiensis","Choeropsis_liberiensis.4"
"37","Micropotamogale_euwenzorii","Micropotamogale_euwenzorii.2"
"38","Anarosaurus","Anarosaurus.1"
"39","Indohyus","Indohyus.3"
"40","Simosaurus_1","Simosaurus_1.1"
"41","Cryptoclidus","Cryptoclidus.1"
"42","Serpianosaurus","Serpianosaurus.1"
"43","Spinosaurus_","Spinosaurus_.1"
"44","Spinosaurus_","Spinosaurus_.2"
"45","Spinosaurus_","Spinosaurus_.3"
"46","Spinosaurus_","Spinosaurus_.4"
"47","Spinosaurus_","Spinosaurus_.5"
"48","Spinosaurus_","Spinosaurus_.6"
"49","Spinosaurus_","Spinosaurus_.7"
"50","Spinosaurus_","Spinosaurus_.8"
"51","Spinosaurus_","Spinosaurus_.9"
"52","Spinosaurus_","Spinosaurus_.10"
"53","Spinosaurus_","Spinosaurus_.11"
"54","Suchomimus","Suchomimus.1"
"55","Suchomimus","Suchomimus.2"
"56","Suchomimus","Suchomimus.3"
"57","Baryonyx","Baryonyx.1"
"58","Baryonyx","Baryonyx.2"
"59","Baryonyx","Baryonyx.3"
 
* Phylo tree and the main data and strata files have been modified to include duplicated taxa before the scaled random trees are generated.
* Selected categorical labels column: diving.or.not
* diving.or.equal column is identical to Diving column.
* Regression excludes flying taxa.
* Diving labels that are present in regression: 0,2
* lambda (calculated from a random tree) = : 0.08
* index-name alignment check: OK
