Logfile for a session of program: bootstrap_binary.r
-----------------------------------------------------
INPUT:
workDir: C:/dino_nature/output/2023-11-07-D1\bs/set_1987
Nbootstrapsets: 2000
phyloFDAfile: c:/dino_nature/code/phylo.fda.R
auxFile: c:/dino_nature/code/auxiliary.r
boneType: femur
regressionData.file: C:/dino_nature/output/2023-11-07-D1\bs/set_1987/femur_set_1987.csv
applyDataFilter: FALSE
addTreeTips: TRUE
Ntrees: 100
calculateTrees: TRUE
saveTrees: FALSE


OPERATIONAL CHECKS:
* Regression data contains multiple copies of some taxa (user added variants of existing test taxa 
   or replacements due to bootstrap are present) which are not in the phylo tree:
     original taxon,   duplicate   
"1","Caloenas_nicobarica","Caloenas_nicobarica.1"
"2","Nyctereutes_procyonoides","Nyctereutes_procyonoides.1"
"3","Procyon_lotor","Procyon_lotor.1"
"4","Procavia_capensis","Procavia_capensis.1"
"5","Dama_dama","Dama_dama.1"
"6","Dasyurus_maculatus","Dasyurus_maculatus.1"
"7","Ceratotherium_simum","Ceratotherium_simum.1"
"8","Apteryx_owenii_","Apteryx_owenii_.1"
"9","Tamandua_tetradactyla","Tamandua_tetradactyla.1"
"10","Sphenodon_punctatus","Sphenodon_punctatus.1"
"11","Raphus","Raphus.1"
"12","Cephalophus_silvicultor","Cephalophus_silvicultor.1"
"13","Strigiops_habroptilus","Strigiops_habroptilus.1"
"14","Elomeryx_borbonicus_","Elomeryx_borbonicus_.1"
"15","Tamandua_tetradactyla","Tamandua_tetradactyla.2"
"16","Vulpes_vulpes","Vulpes_vulpes.1"
"17","Sphenodon_punctatus","Sphenodon_punctatus.2"
"18","Rynochetus_jubatus","Rynochetus_jubatus.1"
"19","Raphus","Raphus.2"
"20","Dicerorhinus_sumatrensis","Dicerorhinus_sumatrensis.1"
"21","Raphus","Raphus.3"
"22","Caiman_yacare","Caiman_yacare.1"
"23","Placondontia_indet","Placondontia_indet.1"
"24","Remingtonocetus","Remingtonocetus.1"
"25","Simosaurus","Simosaurus.1"
"26","Desmostylus_hesperus","Desmostylus_hesperus.1"
"27","Micropotamogale_euwenzorii","Micropotamogale_euwenzorii.1"
"28","Hydromys_chrysogaster","Hydromys_chrysogaster.1"
"29","Alligator","Alligator.1"
"30","Placondontia_indet","Placondontia_indet.2"
"31","Small_Eocene_penguin","Small_Eocene_penguin.1"
"32","Hexaprotodon_garyam","Hexaprotodon_garyam.1"
"33","Pistosaurus","Pistosaurus.1"
"34","Ichtyosaur_sp","Ichtyosaur_sp.1"
"35","Small_Eocene_penguin","Small_Eocene_penguin.2"
"36","Castor_fiber","Castor_fiber.1"
"37","Placondontia_indet","Placondontia_indet.3"
"38","Callophoca_obscura","Callophoca_obscura.1"
"39","Nothosaurus_102","Nothosaurus_102.1"
"40","Castor_fiber","Castor_fiber.2"
"41","Simosaurus","Simosaurus.2"
"42","Hexaprotodon_garyam","Hexaprotodon_garyam.2"
"43","Phalacrocorax_harrisi","Phalacrocorax_harrisi.1"
"44","Castor_fiber","Castor_fiber.3"
"45","Callophoca_obscura","Callophoca_obscura.2"
"46","Spinosaurus_","Spinosaurus_.1"
"47","Spinosaurus_","Spinosaurus_.2"
"48","Spinosaurus_","Spinosaurus_.3"
"49","Spinosaurus_","Spinosaurus_.4"
"50","Spinosaurus_","Spinosaurus_.5"
"51","Spinosaurus_","Spinosaurus_.6"
"52","Spinosaurus_","Spinosaurus_.7"
"53","Spinosaurus_","Spinosaurus_.8"
"54","Spinosaurus_","Spinosaurus_.9"
"55","Spinosaurus_","Spinosaurus_.10"
"56","Spinosaurus_","Spinosaurus_.11"
"57","Suchomimus","Suchomimus.1"
"58","Suchomimus","Suchomimus.2"
"59","Suchomimus","Suchomimus.3"
"60","Baryonyx","Baryonyx.1"
"61","Baryonyx","Baryonyx.2"
"62","Baryonyx","Baryonyx.3"
 
* Phylo tree and the main data and strata files have been modified to include duplicated taxa before the scaled random trees are generated.
* Selected categorical labels column: diving.or.not
* diving.or.equal column is identical to Diving column.
* Regression excludes flying taxa.
* Diving labels that are present in regression: 0,2
* lambda (calculated from a random tree) = : 0.07
* index-name alignment check: OK
