Logfile for a session of program: bootstrap_binary.r
-----------------------------------------------------
INPUT:
workDir: C:/dino_nature/output/2023-11-07-D1\bs/set_1650
Nbootstrapsets: 2000
phyloFDAfile: c:/dino_nature/code/phylo.fda.R
auxFile: c:/dino_nature/code/auxiliary.r
boneType: femur
regressionData.file: C:/dino_nature/output/2023-11-07-D1\bs/set_1650/femur_set_1650.csv
applyDataFilter: FALSE
addTreeTips: TRUE
Ntrees: 100
calculateTrees: TRUE
saveTrees: FALSE


OPERATIONAL CHECKS:
* Regression data contains multiple copies of some taxa (user added variants of existing test taxa 
   or replacements due to bootstrap are present) which are not in the phylo tree:
     original taxon,   duplicate   
"1","Caloenas_nicobarica","Caloenas_nicobarica.1"
"2","Rhinoceros_sondaicus","Rhinoceros_sondaicus.1"
"3","Hemiechinus_azurites","Hemiechinus_azurites.1"
"4","Brachyodus_onoideum","Brachyodus_onoideum.1"
"5","Rhinoceros_sondaicus","Rhinoceros_sondaicus.2"
"6","Meles_meles","Meles_meles.1"
"7","Sphenodon_punctatus","Sphenodon_punctatus.1"
"8","Vulpes_vulpes","Vulpes_vulpes.1"
"9","Dasyurus_maculatus","Dasyurus_maculatus.1"
"10","Loxodonta_africana","Loxodonta_africana.1"
"11","Alces_americanus","Alces_americanus.1"
"12","Brachyodus_onoideum","Brachyodus_onoideum.2"
"13","Ceratotherium_simum","Ceratotherium_simum.1"
"14","Uncia_uncia","Uncia_uncia.1"
"15","Microgale_thomasi","Microgale_thomasi.1"
"16","Hemiechinus_azurites","Hemiechinus_azurites.2"
"17","Rupicapra_rupicapra","Rupicapra_rupicapra.1"
"18","Sphenodon_punctatus","Sphenodon_punctatus.2"
"19","Dama_dama","Dama_dama.1"
"20","Alces_americanus","Alces_americanus.2"
"21","Rodhocetus","Rodhocetus.1"
"22","Nothosaurus_150","Nothosaurus_150.1"
"23","Serpianosaurus","Serpianosaurus.1"
"24","Hydromys_chrysogaster","Hydromys_chrysogaster.1"
"25","Phalacrocorax_harrisi","Phalacrocorax_harrisi.1"
"26","Protochampsidae","Protochampsidae.1"
"27","Psephoderma","Psephoderma.1"
"28","Hydromys_chrysogaster","Hydromys_chrysogaster.2"
"29","Caiman_yacare","Caiman_yacare.1"
"30","Hippopotamus_amphibius","Hippopotamus_amphibius.1"
"31","Hydromys_chrysogaster","Hydromys_chrysogaster.3"
"32","Nothosaurus_150","Nothosaurus_150.2"
"33","Metryorhynchus","Metryorhynchus.1"
"34","Desmostylus_hesperus","Desmostylus_hesperus.1"
"35","Metryorhynchus","Metryorhynchus.2"
"36","Protochampsidae","Protochampsidae.2"
"37","Simosaurus","Simosaurus.1"
"38","Phocanella_pumila","Phocanella_pumila.1"
"39","Nothosaurus_102","Nothosaurus_102.1"
"40","Paraplacodus","Paraplacodus.1"
"41","Spinosaurus_","Spinosaurus_.1"
"42","Spinosaurus_","Spinosaurus_.2"
"43","Spinosaurus_","Spinosaurus_.3"
"44","Spinosaurus_","Spinosaurus_.4"
"45","Spinosaurus_","Spinosaurus_.5"
"46","Spinosaurus_","Spinosaurus_.6"
"47","Spinosaurus_","Spinosaurus_.7"
"48","Spinosaurus_","Spinosaurus_.8"
"49","Spinosaurus_","Spinosaurus_.9"
"50","Spinosaurus_","Spinosaurus_.10"
"51","Spinosaurus_","Spinosaurus_.11"
"52","Suchomimus","Suchomimus.1"
"53","Suchomimus","Suchomimus.2"
"54","Suchomimus","Suchomimus.3"
"55","Baryonyx","Baryonyx.1"
"56","Baryonyx","Baryonyx.2"
"57","Baryonyx","Baryonyx.3"
 
* Phylo tree and the main data and strata files have been modified to include duplicated taxa before the scaled random trees are generated.
* Selected categorical labels column: diving.or.not
* diving.or.equal column is identical to Diving column.
* Regression excludes flying taxa.
* Diving labels that are present in regression: 0,2
* lambda (calculated from a random tree) = : 0.1
* index-name alignment check: OK
