Logfile for a session of program: bootstrap_binary.r
-----------------------------------------------------
INPUT:
workDir: C:/dino_nature/output/2023-11-07-D1\bs/set_1596
Nbootstrapsets: 2000
phyloFDAfile: c:/dino_nature/code/phylo.fda.R
auxFile: c:/dino_nature/code/auxiliary.r
boneType: femur
regressionData.file: C:/dino_nature/output/2023-11-07-D1\bs/set_1596/femur_set_1596.csv
applyDataFilter: FALSE
addTreeTips: TRUE
Ntrees: 100
calculateTrees: TRUE
saveTrees: FALSE


OPERATIONAL CHECKS:
* Regression data contains multiple copies of some taxa (user added variants of existing test taxa 
   or replacements due to bootstrap are present) which are not in the phylo tree:
     original taxon,   duplicate   
"1","Atlantisia_rogersi","Atlantisia_rogersi.1"
"2","Cephalophus_silvicultor","Cephalophus_silvicultor.1"
"3","Cephalophus_silvicultor","Cephalophus_silvicultor.2"
"4","Bison_bonasus","Bison_bonasus.1"
"5","Lama_guanicoe","Lama_guanicoe.1"
"6","Lacerta_viridis","Lacerta_viridis.1"
"7","Hemiechinus_azurites","Hemiechinus_azurites.1"
"8","Rattus_rattus","Rattus_rattus.1"
"9","Monodelphis_domestica","Monodelphis_domestica.1"
"10","Elomeryx_borbonicus_","Elomeryx_borbonicus_.1"
"11","Lama_guanicoe","Lama_guanicoe.2"
"12","Procavia_capensis","Procavia_capensis.1"
"13","Megaloceros_sp","Megaloceros_sp.1"
"14","Mammuthus_sp","Mammuthus_sp.1"
"15","Cephalophus_silvicultor","Cephalophus_silvicultor.3"
"16","Rattus_rattus","Rattus_rattus.2"
"17","Apteryx_australis","Apteryx_australis.1"
"18","Monodelphis_domestica","Monodelphis_domestica.2"
"19","Porphyrio_hochstetteri","Porphyrio_hochstetteri.1"
"20","Castor_fiber","Castor_fiber.1"
"21","Lutra_vulgaris","Lutra_vulgaris.1"
"22","Alligator","Alligator.1"
"23","Hesperornis","Hesperornis.1"
"24","Alligator","Alligator.2"
"25","Micropotamogale_euwenzorii","Micropotamogale_euwenzorii.1"
"26","Caiman_yacare","Caiman_yacare.1"
"27","Lutra_vulgaris","Lutra_vulgaris.2"
"28","Cryptoclidus","Cryptoclidus.1"
"29","Tapirus_terrestris","Tapirus_terrestris.1"
"30","Noemys_fodies","Noemys_fodies.1"
"31","Caiman_yacare","Caiman_yacare.2"
"32","Alligator","Alligator.3"
"33","Phocanella_pumila","Phocanella_pumila.1"
"34","Pistosaurus","Pistosaurus.1"
"35","Castor_fiber","Castor_fiber.2"
"36","Ornithorhynchus_anatinus","Ornithorhynchus_anatinus.1"
"37","Castor_fiber","Castor_fiber.3"
"38","Phalacrocorax_harrisi","Phalacrocorax_harrisi.1"
"39","Metryorhynchus","Metryorhynchus.1"
"40","Hydromys_chrysogaster","Hydromys_chrysogaster.1"
"41","Phocanella_pumila","Phocanella_pumila.2"
"42","Tapirus_terrestris","Tapirus_terrestris.2"
"43","Hesperornis","Hesperornis.2"
"44","Micropotamogale_euwenzorii","Micropotamogale_euwenzorii.2"
"45","large_eocene_stem_penguin","large_eocene_stem_penguin.1"
"46","Spinosaurus_","Spinosaurus_.1"
"47","Spinosaurus_","Spinosaurus_.2"
"48","Spinosaurus_","Spinosaurus_.3"
"49","Spinosaurus_","Spinosaurus_.4"
"50","Spinosaurus_","Spinosaurus_.5"
"51","Spinosaurus_","Spinosaurus_.6"
"52","Spinosaurus_","Spinosaurus_.7"
"53","Spinosaurus_","Spinosaurus_.8"
"54","Spinosaurus_","Spinosaurus_.9"
"55","Spinosaurus_","Spinosaurus_.10"
"56","Spinosaurus_","Spinosaurus_.11"
"57","Suchomimus","Suchomimus.1"
"58","Suchomimus","Suchomimus.2"
"59","Suchomimus","Suchomimus.3"
"60","Baryonyx","Baryonyx.1"
"61","Baryonyx","Baryonyx.2"
"62","Baryonyx","Baryonyx.3"
 
* Phylo tree and the main data and strata files have been modified to include duplicated taxa before the scaled random trees are generated.
* Selected categorical labels column: diving.or.not
* diving.or.equal column is identical to Diving column.
* Regression excludes flying taxa.
* Diving labels that are present in regression: 0,2
* lambda (calculated from a random tree) = : 0.06
* index-name alignment check: OK
