Logfile for a session of program: bootstrap_binary.r
-----------------------------------------------------
INPUT:
workDir: C:/dino_nature/output/2023-11-07-D1\bs/set_506
Nbootstrapsets: 2000
phyloFDAfile: c:/dino_nature/code/phylo.fda.R
auxFile: c:/dino_nature/code/auxiliary.r
boneType: femur
regressionData.file: C:/dino_nature/output/2023-11-07-D1\bs/set_506/femur_set_506.csv
applyDataFilter: FALSE
addTreeTips: TRUE
Ntrees: 100
calculateTrees: TRUE
saveTrees: FALSE


OPERATIONAL CHECKS:
* Regression data contains multiple copies of some taxa (user added variants of existing test taxa 
   or replacements due to bootstrap are present) which are not in the phylo tree:
     original taxon,   duplicate   
"1","Euroscaptor_micrura","Euroscaptor_micrura.1"
"2","Euroscaptor_micrura","Euroscaptor_micrura.2"
"3","Vulpes_vulpes","Vulpes_vulpes.1"
"4","Dama_dama","Dama_dama.1"
"5","Megaloceros_sp","Megaloceros_sp.1"
"6","Procyon_lotor","Procyon_lotor.1"
"7","Myrmecophaga_tridactyla","Myrmecophaga_tridactyla.1"
"8","Caloenas_nicobarica","Caloenas_nicobarica.1"
"9","Cephalophus_silvicultor","Cephalophus_silvicultor.1"
"10","Cephalophus_silvicultor","Cephalophus_silvicultor.2"
"11","Euroscaptor_micrura","Euroscaptor_micrura.3"
"12","Brachyodus_onoideum","Brachyodus_onoideum.1"
"13","Vulpes_vulpes","Vulpes_vulpes.2"
"14","Myrmecophaga_tridactyla","Myrmecophaga_tridactyla.2"
"15","Dama_dama","Dama_dama.2"
"16","Brachyodus_onoideum","Brachyodus_onoideum.2"
"17","Atlantisia_rogersi","Atlantisia_rogersi.1"
"18","Taxidea_taxus","Taxidea_taxus.1"
"19","Caloenas_nicobarica","Caloenas_nicobarica.2"
"20","Dama_dama","Dama_dama.3"
"21","Apteryx_australis","Apteryx_australis.1"
"22","Tamandua_tetradactyla","Tamandua_tetradactyla.1"
"23","Phocanella_pumila","Phocanella_pumila.1"
"24","Leptophoca_proxima","Leptophoca_proxima.1"
"25","Serpianosaurus","Serpianosaurus.1"
"26","Nothosaurus_giganteus","Nothosaurus_giganteus.1"
"27","Hydromys_chrysogaster","Hydromys_chrysogaster.1"
"28","Caiman_yacare","Caiman_yacare.1"
"29","Nothosaurus_giganteus","Nothosaurus_giganteus.2"
"30","Lutra_vulgaris","Lutra_vulgaris.1"
"31","Noemys_fodies","Noemys_fodies.1"
"32","Alligator","Alligator.1"
"33","Nothosaurus_150","Nothosaurus_150.1"
"34","Hydromys_chrysogaster","Hydromys_chrysogaster.2"
"35","Leptophoca_proxima","Leptophoca_proxima.2"
"36","Protochampsidae","Protochampsidae.1"
"37","Noemys_fodies","Noemys_fodies.2"
"38","Protochampsidae","Protochampsidae.2"
"39","Otaria_byronia","Otaria_byronia.1"
"40","Nanophoca_vitulinoides","Nanophoca_vitulinoides.1"
"41","Plesiosaurus","Plesiosaurus.1"
"42","Hydromys_chrysogaster","Hydromys_chrysogaster.3"
"43","Cricosaurus","Cricosaurus.1"
"44","Palaeospheniscus","Palaeospheniscus.1"
"45","Rhaeticosaurus","Rhaeticosaurus.1"
"46","Otaria_byronia","Otaria_byronia.2"
"47","Hesperornis","Hesperornis.1"
"48","Spinosaurus_","Spinosaurus_.1"
"49","Spinosaurus_","Spinosaurus_.2"
"50","Spinosaurus_","Spinosaurus_.3"
"51","Spinosaurus_","Spinosaurus_.4"
"52","Spinosaurus_","Spinosaurus_.5"
"53","Spinosaurus_","Spinosaurus_.6"
"54","Spinosaurus_","Spinosaurus_.7"
"55","Spinosaurus_","Spinosaurus_.8"
"56","Spinosaurus_","Spinosaurus_.9"
"57","Spinosaurus_","Spinosaurus_.10"
"58","Spinosaurus_","Spinosaurus_.11"
"59","Suchomimus","Suchomimus.1"
"60","Suchomimus","Suchomimus.2"
"61","Suchomimus","Suchomimus.3"
"62","Baryonyx","Baryonyx.1"
"63","Baryonyx","Baryonyx.2"
"64","Baryonyx","Baryonyx.3"
 
* Phylo tree and the main data and strata files have been modified to include duplicated taxa before the scaled random trees are generated.
* Selected categorical labels column: diving.or.not
* diving.or.equal column is identical to Diving column.
* Regression excludes flying taxa.
* Diving labels that are present in regression: 0,2
* lambda (calculated from a random tree) = : 0.11
* index-name alignment check: OK
