Logfile for a session of program: bootstrap_binary.r
-----------------------------------------------------
INPUT:
workDir: C:/dino_nature/output/2023-11-07-D1\bs/set_236
Nbootstrapsets: 2000
phyloFDAfile: c:/dino_nature/code/phylo.fda.R
auxFile: c:/dino_nature/code/auxiliary.r
boneType: femur
regressionData.file: C:/dino_nature/output/2023-11-07-D1\bs/set_236/femur_set_236.csv
applyDataFilter: FALSE
addTreeTips: TRUE
Ntrees: 100
calculateTrees: TRUE
saveTrees: FALSE


OPERATIONAL CHECKS:
* Regression data contains multiple copies of some taxa (user added variants of existing test taxa 
   or replacements due to bootstrap are present) which are not in the phylo tree:
     original taxon,   duplicate   
"1","Monodelphis_domestica","Monodelphis_domestica.1"
"2","Loxodonta_africana","Loxodonta_africana.1"
"3","Sus_scrofa","Sus_scrofa.1"
"4","Raphus","Raphus.1"
"5","Apteryx_owenii_","Apteryx_owenii_.1"
"6","Loxodonta_africana","Loxodonta_africana.2"
"7","Raphus","Raphus.2"
"8","Paguma_larvata","Paguma_larvata.1"
"9","Pogona_viceps","Pogona_viceps.1"
"10","Atlantisia_rogersi","Atlantisia_rogersi.1"
"11","Atlantisia_rogersi","Atlantisia_rogersi.2"
"12","Rupicapra_rupicapra","Rupicapra_rupicapra.1"
"13","Rupicapra_rupicapra","Rupicapra_rupicapra.2"
"14","Raphus","Raphus.3"
"15","Xenicus_giliventris","Xenicus_giliventris.1"
"16","Mus_musculus","Mus_musculus.1"
"17","Bos_taurus","Bos_taurus.1"
"18","Porphyrio_hochstetteri","Porphyrio_hochstetteri.1"
"19","Indohyus","Indohyus.1"
"20","Neusticosaurus","Neusticosaurus.1"
"21","Palaeospheniscus","Palaeospheniscus.1"
"22","Palaeospheniscus","Palaeospheniscus.2"
"23","Indohyus","Indohyus.2"
"24","Nothosaurus_150","Nothosaurus_150.1"
"25","Desmana_moschata","Desmana_moschata.1"
"26","Spheniscus","Spheniscus.1"
"27","Neusticosaurus","Neusticosaurus.2"
"28","Rhaeticosaurus","Rhaeticosaurus.1"
"29","Metryorhynchus","Metryorhynchus.1"
"30","Hippopotamus_amphibius","Hippopotamus_amphibius.1"
"31","Nothosaurus_mirabilis","Nothosaurus_mirabilis.1"
"32","Basilosaurus","Basilosaurus.1"
"33","Micropotamogale_euwenzorii","Micropotamogale_euwenzorii.1"
"34","Metryorhynchus","Metryorhynchus.2"
"35","Desmana_moschata","Desmana_moschata.2"
"36","Callophoca_obscura","Callophoca_obscura.1"
"37","Desmostylus_hesperus","Desmostylus_hesperus.1"
"38","Dyrosaurid","Dyrosaurid.1"
"39","Phocanella_pumila","Phocanella_pumila.1"
"40","Callophoca_obscura","Callophoca_obscura.2"
"41","Palaeospheniscus","Palaeospheniscus.3"
"42","Spinosaurus_","Spinosaurus_.1"
"43","Spinosaurus_","Spinosaurus_.2"
"44","Spinosaurus_","Spinosaurus_.3"
"45","Spinosaurus_","Spinosaurus_.4"
"46","Spinosaurus_","Spinosaurus_.5"
"47","Spinosaurus_","Spinosaurus_.6"
"48","Spinosaurus_","Spinosaurus_.7"
"49","Spinosaurus_","Spinosaurus_.8"
"50","Spinosaurus_","Spinosaurus_.9"
"51","Spinosaurus_","Spinosaurus_.10"
"52","Spinosaurus_","Spinosaurus_.11"
"53","Suchomimus","Suchomimus.1"
"54","Suchomimus","Suchomimus.2"
"55","Suchomimus","Suchomimus.3"
"56","Baryonyx","Baryonyx.1"
"57","Baryonyx","Baryonyx.2"
"58","Baryonyx","Baryonyx.3"
 
* Phylo tree and the main data and strata files have been modified to include duplicated taxa before the scaled random trees are generated.
* Selected categorical labels column: diving.or.not
* diving.or.equal column is identical to Diving column.
* Regression excludes flying taxa.
* Diving labels that are present in regression: 0,2
* lambda (calculated from a random tree) = : 0.06
* index-name alignment check: OK
