Logfile for a session of program: bootstrap_binary.r
-----------------------------------------------------
INPUT:
workDir: C:/dino_nature/output/2023-11-07-D1\bs/set_1180
Nbootstrapsets: 2000
phyloFDAfile: c:/dino_nature/code/phylo.fda.R
auxFile: c:/dino_nature/code/auxiliary.r
boneType: femur
regressionData.file: C:/dino_nature/output/2023-11-07-D1\bs/set_1180/femur_set_1180.csv
applyDataFilter: FALSE
addTreeTips: TRUE
Ntrees: 100
calculateTrees: TRUE
saveTrees: FALSE


OPERATIONAL CHECKS:
* Regression data contains multiple copies of some taxa (user added variants of existing test taxa 
   or replacements due to bootstrap are present) which are not in the phylo tree:
     original taxon,   duplicate   
"1","Alces_americanus","Alces_americanus.1"
"2","Microgale_thomasi","Microgale_thomasi.1"
"3","Elomeryx_borbonicus_","Elomeryx_borbonicus_.1"
"4","Procavia_capensis","Procavia_capensis.1"
"5","Pogona_viceps","Pogona_viceps.1"
"6","Lama_guanicoe","Lama_guanicoe.1"
"7","Cephalophus_silvicultor","Cephalophus_silvicultor.1"
"8","Felis_felis","Felis_felis.1"
"9","Procavia_capensis","Procavia_capensis.2"
"10","Monodelphis_domestica","Monodelphis_domestica.1"
"11","Elephas_maximus","Elephas_maximus.1"
"12","Lacerta_viridis","Lacerta_viridis.1"
"13","Megaloceros_sp","Megaloceros_sp.1"
"14","Caloenas_nicobarica","Caloenas_nicobarica.1"
"15","Bos_taurus","Bos_taurus.1"
"16","Procavia_capensis","Procavia_capensis.3"
"17","Cephalophus_silvicultor","Cephalophus_silvicultor.2"
"18","Brachyodus_onoideum","Brachyodus_onoideum.1"
"19","Tribonyx_mortieri","Tribonyx_mortieri.1"
"20","Tribonyx_mortieri","Tribonyx_mortieri.2"
"21","Caloenas_nicobarica","Caloenas_nicobarica.2"
"22","Rodhocetus","Rodhocetus.1"
"23","Nothosaurus_150","Nothosaurus_150.1"
"24","Rodhocetus","Rodhocetus.2"
"25","Rodhocetus","Rodhocetus.3"
"26","Paraplacodus","Paraplacodus.1"
"27","Desmana_moschata","Desmana_moschata.1"
"28","Caiman_yacare","Caiman_yacare.1"
"29","Hesperornis","Hesperornis.1"
"30","Lutra_vulgaris","Lutra_vulgaris.1"
"31","Caiman_yacare","Caiman_yacare.2"
"32","Hesperornis","Hesperornis.2"
"33","Caiman_yacare","Caiman_yacare.3"
"34","Neusticosaurus","Neusticosaurus.1"
"35","Phalacrocorax_harrisi","Phalacrocorax_harrisi.1"
"36","Otaria_byronia","Otaria_byronia.1"
"37","Spheniscus","Spheniscus.1"
"38","Nanophoca_vitulinoides","Nanophoca_vitulinoides.1"
"39","Hippopotamus_amphibius","Hippopotamus_amphibius.1"
"40","Ichtyosaurus_","Ichtyosaurus_.1"
"41","Spheniscus","Spheniscus.2"
"42","Ichtyosaurus_","Ichtyosaurus_.2"
"43","Spinosaurus_","Spinosaurus_.1"
"44","Spinosaurus_","Spinosaurus_.2"
"45","Spinosaurus_","Spinosaurus_.3"
"46","Spinosaurus_","Spinosaurus_.4"
"47","Spinosaurus_","Spinosaurus_.5"
"48","Spinosaurus_","Spinosaurus_.6"
"49","Spinosaurus_","Spinosaurus_.7"
"50","Spinosaurus_","Spinosaurus_.8"
"51","Spinosaurus_","Spinosaurus_.9"
"52","Spinosaurus_","Spinosaurus_.10"
"53","Spinosaurus_","Spinosaurus_.11"
"54","Suchomimus","Suchomimus.1"
"55","Suchomimus","Suchomimus.2"
"56","Suchomimus","Suchomimus.3"
"57","Baryonyx","Baryonyx.1"
"58","Baryonyx","Baryonyx.2"
"59","Baryonyx","Baryonyx.3"
 
* Phylo tree and the main data and strata files have been modified to include duplicated taxa before the scaled random trees are generated.
* Selected categorical labels column: diving.or.not
* diving.or.equal column is identical to Diving column.
* Regression excludes flying taxa.
* Diving labels that are present in regression: 0,2
* lambda (calculated from a random tree) = : 0.12
* index-name alignment check: OK
