Logfile for a session of program: bootstrap_binary.r
-----------------------------------------------------
INPUT:
workDir: C:/dino_nature/output/2023-11-07-D1\bs/set_807
Nbootstrapsets: 2000
phyloFDAfile: c:/dino_nature/code/phylo.fda.R
auxFile: c:/dino_nature/code/auxiliary.r
boneType: femur
regressionData.file: C:/dino_nature/output/2023-11-07-D1\bs/set_807/femur_set_807.csv
applyDataFilter: FALSE
addTreeTips: TRUE
Ntrees: 100
calculateTrees: TRUE
saveTrees: FALSE


OPERATIONAL CHECKS:
* Regression data contains multiple copies of some taxa (user added variants of existing test taxa 
   or replacements due to bootstrap are present) which are not in the phylo tree:
     original taxon,   duplicate   
"1","Raphus","Raphus.1"
"2","Apteryx_australis","Apteryx_australis.1"
"3","Dromaius_","Dromaius_.1"
"4","Meles_meles","Meles_meles.1"
"5","Dasyurus_maculatus","Dasyurus_maculatus.1"
"6","Apteryx_owenii_","Apteryx_owenii_.1"
"7","Euroscaptor_micrura","Euroscaptor_micrura.1"
"8","Uncia_uncia","Uncia_uncia.1"
"9","Mus_musculus","Mus_musculus.1"
"10","Pogona_viceps","Pogona_viceps.1"
"11","Rynochetus_jubatus","Rynochetus_jubatus.1"
"12","Rhinoceros_sondaicus","Rhinoceros_sondaicus.1"
"13","Dromaius_","Dromaius_.2"
"14","Elephas_maximus","Elephas_maximus.1"
"15","Rynochetus_jubatus","Rynochetus_jubatus.2"
"16","Nyctereutes_procyonoides","Nyctereutes_procyonoides.1"
"17","Euroscaptor_micrura","Euroscaptor_micrura.2"
"18","Nyctereutes_procyonoides","Nyctereutes_procyonoides.2"
"19","Mus_musculus","Mus_musculus.2"
"20","Caiman_yacare","Caiman_yacare.1"
"21","Aptenodytes______","Aptenodytes______.1"
"22","Chapsosaurus_","Chapsosaurus_.1"
"23","Caiman_yacare","Caiman_yacare.2"
"24","Cricosaurus","Cricosaurus.1"
"25","Ornithorhynchus_anatinus","Ornithorhynchus_anatinus.1"
"26","Chironectes_minimus","Chironectes_minimus.1"
"27","Aptenodytes______","Aptenodytes______.2"
"28","Desmostylus_hesperus","Desmostylus_hesperus.1"
"29","Chapsosaurus_","Chapsosaurus_.2"
"30","Aptenodytes______","Aptenodytes______.3"
"31","Paraplacodus","Paraplacodus.1"
"32","Phalacrocorax_harrisi","Phalacrocorax_harrisi.1"
"33","Palaeospheniscus","Palaeospheniscus.1"
"34","Rhaeticosaurus","Rhaeticosaurus.1"
"35","Dyrosaurid","Dyrosaurid.1"
"36","Chironectes_minimus","Chironectes_minimus.2"
"37","Alligator","Alligator.1"
"38","Nothosaurus_mirabilis_1","Nothosaurus_mirabilis_1.1"
"39","Nothosaurus_150","Nothosaurus_150.1"
"40","Choeropsis_liberiensis","Choeropsis_liberiensis.1"
"41","Palaeospheniscus","Palaeospheniscus.2"
"42","Nothosaurus_568","Nothosaurus_568.1"
"43","Spinosaurus_","Spinosaurus_.1"
"44","Spinosaurus_","Spinosaurus_.2"
"45","Spinosaurus_","Spinosaurus_.3"
"46","Spinosaurus_","Spinosaurus_.4"
"47","Spinosaurus_","Spinosaurus_.5"
"48","Spinosaurus_","Spinosaurus_.6"
"49","Spinosaurus_","Spinosaurus_.7"
"50","Spinosaurus_","Spinosaurus_.8"
"51","Spinosaurus_","Spinosaurus_.9"
"52","Spinosaurus_","Spinosaurus_.10"
"53","Spinosaurus_","Spinosaurus_.11"
"54","Suchomimus","Suchomimus.1"
"55","Suchomimus","Suchomimus.2"
"56","Suchomimus","Suchomimus.3"
"57","Baryonyx","Baryonyx.1"
"58","Baryonyx","Baryonyx.2"
"59","Baryonyx","Baryonyx.3"
 
* Phylo tree and the main data and strata files have been modified to include duplicated taxa before the scaled random trees are generated.
* Selected categorical labels column: diving.or.not
* diving.or.equal column is identical to Diving column.
* Regression excludes flying taxa.
* Diving labels that are present in regression: 0,2
* lambda (calculated from a random tree) = : 0.08
* index-name alignment check: OK
