Logfile for a session of program: bootstrap_binary.r
-----------------------------------------------------
INPUT:
workDir: C:/dino_nature/output/2023-11-07-D1\bs/set_1866
Nbootstrapsets: 2000
phyloFDAfile: c:/dino_nature/code/phylo.fda.R
auxFile: c:/dino_nature/code/auxiliary.r
boneType: femur
regressionData.file: C:/dino_nature/output/2023-11-07-D1\bs/set_1866/femur_set_1866.csv
applyDataFilter: FALSE
addTreeTips: TRUE
Ntrees: 100
calculateTrees: TRUE
saveTrees: FALSE


OPERATIONAL CHECKS:
* Regression data contains multiple copies of some taxa (user added variants of existing test taxa 
   or replacements due to bootstrap are present) which are not in the phylo tree:
     original taxon,   duplicate   
"1","Tribonyx_mortieri","Tribonyx_mortieri.1"
"2","Meles_meles","Meles_meles.1"
"3","Tribonyx_mortieri","Tribonyx_mortieri.2"
"4","Uncia_uncia","Uncia_uncia.1"
"5","Syncerus_caffer","Syncerus_caffer.1"
"6","Brachyodus_onoideum","Brachyodus_onoideum.1"
"7","Apteryx_australis","Apteryx_australis.1"
"8","Uncia_uncia","Uncia_uncia.2"
"9","Taxidea_taxus","Taxidea_taxus.1"
"10","Apteryx_australis","Apteryx_australis.2"
"11","Okapia_johnstoni","Okapia_johnstoni.1"
"12","Tribonyx_mortieri","Tribonyx_mortieri.3"
"13","Elephas_maximus","Elephas_maximus.1"
"14","Caloenas_nicobarica","Caloenas_nicobarica.1"
"15","Dromaius_","Dromaius_.1"
"16","Rhinoceros_sondaicus","Rhinoceros_sondaicus.1"
"17","Rhinoceros_sondaicus","Rhinoceros_sondaicus.2"
"18","Myrmecophaga_tridactyla","Myrmecophaga_tridactyla.1"
"19","Euroscaptor_micrura","Euroscaptor_micrura.1"
"20","Rattus_rattus","Rattus_rattus.1"
"21","Syncerus_caffer","Syncerus_caffer.2"
"22","Tribonyx_mortieri","Tribonyx_mortieri.4"
"23","Okapia_johnstoni","Okapia_johnstoni.2"
"24","Okapia_johnstoni","Okapia_johnstoni.3"
"25","Brachyodus_onoideum","Brachyodus_onoideum.2"
"26","Indohyus","Indohyus.1"
"27","Hexaprotodon_garyam","Hexaprotodon_garyam.1"
"28","Otaria_byronia","Otaria_byronia.1"
"29","Hexaprotodon_garyam","Hexaprotodon_garyam.2"
"30","Serpianosaurus","Serpianosaurus.1"
"31","Choeropsis_liberiensis","Choeropsis_liberiensis.1"
"32","Serpianosaurus","Serpianosaurus.2"
"33","Neusticosaurus","Neusticosaurus.1"
"34","Cricosaurus","Cricosaurus.1"
"35","Phalacrocorax_harrisi","Phalacrocorax_harrisi.1"
"36","Simosaurus_1","Simosaurus_1.1"
"37","Hippopotamus_amphibius","Hippopotamus_amphibius.1"
"38","Simosaurus_1","Simosaurus_1.2"
"39","Hippopotamus_amphibius","Hippopotamus_amphibius.2"
"40","Placondontia_indet","Placondontia_indet.1"
"41","Ichtyosaur_sp","Ichtyosaur_sp.1"
"42","Castor_fiber","Castor_fiber.1"
"43","Neusticosaurus","Neusticosaurus.2"
"44","Simosaurus_1","Simosaurus_1.3"
"45","Ichtyosaurus_","Ichtyosaurus_.1"
"46","Alligator","Alligator.1"
"47","Spinosaurus_","Spinosaurus_.1"
"48","Spinosaurus_","Spinosaurus_.2"
"49","Spinosaurus_","Spinosaurus_.3"
"50","Spinosaurus_","Spinosaurus_.4"
"51","Spinosaurus_","Spinosaurus_.5"
"52","Spinosaurus_","Spinosaurus_.6"
"53","Spinosaurus_","Spinosaurus_.7"
"54","Spinosaurus_","Spinosaurus_.8"
"55","Spinosaurus_","Spinosaurus_.9"
"56","Spinosaurus_","Spinosaurus_.10"
"57","Spinosaurus_","Spinosaurus_.11"
"58","Suchomimus","Suchomimus.1"
"59","Suchomimus","Suchomimus.2"
"60","Suchomimus","Suchomimus.3"
"61","Baryonyx","Baryonyx.1"
"62","Baryonyx","Baryonyx.2"
"63","Baryonyx","Baryonyx.3"
 
* Phylo tree and the main data and strata files have been modified to include duplicated taxa before the scaled random trees are generated.
* Selected categorical labels column: diving.or.not
* diving.or.equal column is identical to Diving column.
* Regression excludes flying taxa.
* Diving labels that are present in regression: 0,2
* lambda (calculated from a random tree) = : 0.11
* index-name alignment check: OK
