Logfile for a session of program: bootstrap_binary.r
-----------------------------------------------------
INPUT:
workDir: C:/dino_nature/output/2023-11-07-D1\bs/set_860
Nbootstrapsets: 2000
phyloFDAfile: c:/dino_nature/code/phylo.fda.R
auxFile: c:/dino_nature/code/auxiliary.r
boneType: femur
regressionData.file: C:/dino_nature/output/2023-11-07-D1\bs/set_860/femur_set_860.csv
applyDataFilter: FALSE
addTreeTips: TRUE
Ntrees: 100
calculateTrees: TRUE
saveTrees: FALSE


OPERATIONAL CHECKS:
* Regression data contains multiple copies of some taxa (user added variants of existing test taxa 
   or replacements due to bootstrap are present) which are not in the phylo tree:
     original taxon,   duplicate   
"1","Xenicus_giliventris","Xenicus_giliventris.1"
"2","Megaloceros_sp","Megaloceros_sp.1"
"3","Apteryx_owenii_","Apteryx_owenii_.1"
"4","Myrmecophaga_tridactyla","Myrmecophaga_tridactyla.1"
"5","Myrmecophaga_tridactyla","Myrmecophaga_tridactyla.2"
"6","Megaloceros_sp","Megaloceros_sp.2"
"7","Myrmecophaga_tridactyla","Myrmecophaga_tridactyla.3"
"8","Dasyurus_maculatus","Dasyurus_maculatus.1"
"9","Paguma_larvata","Paguma_larvata.1"
"10","Xenicus_giliventris","Xenicus_giliventris.2"
"11","Taxidea_taxus","Taxidea_taxus.1"
"12","Paguma_larvata","Paguma_larvata.2"
"13","Dromaius_","Dromaius_.1"
"14","Bos_taurus","Bos_taurus.1"
"15","Bos_taurus","Bos_taurus.2"
"16","Monodelphis_domestica","Monodelphis_domestica.1"
"17","Myrmecophaga_tridactyla","Myrmecophaga_tridactyla.4"
"18","Paguma_larvata","Paguma_larvata.3"
"19","Meles_meles","Meles_meles.1"
"20","Choeropsis_liberiensis","Choeropsis_liberiensis.1"
"21","Simosaurus","Simosaurus.1"
"22","Psephoderma","Psephoderma.1"
"23","Chironectes_minimus","Chironectes_minimus.1"
"24","Dyrosaurid","Dyrosaurid.1"
"25","Castor_fiber","Castor_fiber.1"
"26","Hydromys_chrysogaster","Hydromys_chrysogaster.1"
"27","Ornithorhynchus_anatinus","Ornithorhynchus_anatinus.1"
"28","Rhaeticosaurus","Rhaeticosaurus.1"
"29","Chironectes_minimus","Chironectes_minimus.2"
"30","Cricosaurus","Cricosaurus.1"
"31","Hippopotamus_amphibius","Hippopotamus_amphibius.1"
"32","Simosaurus","Simosaurus.2"
"33","Rodhocetus","Rodhocetus.1"
"34","Micropotamogale_euwenzorii","Micropotamogale_euwenzorii.1"
"35","Spheniscus","Spheniscus.1"
"36","Micropotamogale_euwenzorii","Micropotamogale_euwenzorii.2"
"37","Nothosaurus_568","Nothosaurus_568.1"
"38","Chironectes_minimus","Chironectes_minimus.3"
"39","Callophoca_obscura","Callophoca_obscura.1"
"40","Choeropsis_liberiensis","Choeropsis_liberiensis.2"
"41","Nothosaurus_150","Nothosaurus_150.1"
"42","Simosaurus","Simosaurus.3"
"43","Paraplacodus","Paraplacodus.1"
"44","Spinosaurus_","Spinosaurus_.1"
"45","Spinosaurus_","Spinosaurus_.2"
"46","Spinosaurus_","Spinosaurus_.3"
"47","Spinosaurus_","Spinosaurus_.4"
"48","Spinosaurus_","Spinosaurus_.5"
"49","Spinosaurus_","Spinosaurus_.6"
"50","Spinosaurus_","Spinosaurus_.7"
"51","Spinosaurus_","Spinosaurus_.8"
"52","Spinosaurus_","Spinosaurus_.9"
"53","Spinosaurus_","Spinosaurus_.10"
"54","Spinosaurus_","Spinosaurus_.11"
"55","Suchomimus","Suchomimus.1"
"56","Suchomimus","Suchomimus.2"
"57","Suchomimus","Suchomimus.3"
"58","Baryonyx","Baryonyx.1"
"59","Baryonyx","Baryonyx.2"
"60","Baryonyx","Baryonyx.3"
 
* Phylo tree and the main data and strata files have been modified to include duplicated taxa before the scaled random trees are generated.
* Selected categorical labels column: diving.or.not
* diving.or.equal column is identical to Diving column.
* Regression excludes flying taxa.
* Diving labels that are present in regression: 0,2
* lambda (calculated from a random tree) = : 0.11
* index-name alignment check: OK
