Logfile for a session of program: bootstrap_binary.r
-----------------------------------------------------
INPUT:
workDir: C:/dino_nature/output/2023-11-07-D1\bs/set_418
Nbootstrapsets: 2000
phyloFDAfile: c:/dino_nature/code/phylo.fda.R
auxFile: c:/dino_nature/code/auxiliary.r
boneType: femur
regressionData.file: C:/dino_nature/output/2023-11-07-D1\bs/set_418/femur_set_418.csv
applyDataFilter: FALSE
addTreeTips: TRUE
Ntrees: 100
calculateTrees: TRUE
saveTrees: FALSE


OPERATIONAL CHECKS:
* Regression data contains multiple copies of some taxa (user added variants of existing test taxa 
   or replacements due to bootstrap are present) which are not in the phylo tree:
     original taxon,   duplicate   
"1","Dromaius_","Dromaius_.1"
"2","Megaloceros_sp","Megaloceros_sp.1"
"3","Myrmecophaga_tridactyla","Myrmecophaga_tridactyla.1"
"4","Rhinoceros_sondaicus","Rhinoceros_sondaicus.1"
"5","Taxidea_taxus","Taxidea_taxus.1"
"6","Dama_dama","Dama_dama.1"
"7","Dromaius_","Dromaius_.2"
"8","Rhinoceros_sondaicus","Rhinoceros_sondaicus.2"
"9","Sphenodon_punctatus","Sphenodon_punctatus.1"
"10","Loxodonta_africana","Loxodonta_africana.1"
"11","Megaloceros_sp","Megaloceros_sp.2"
"12","Tribonyx_mortieri","Tribonyx_mortieri.1"
"13","Dama_dama","Dama_dama.2"
"14","Rhinoceros_sondaicus","Rhinoceros_sondaicus.3"
"15","Cephalophus_silvicultor","Cephalophus_silvicultor.1"
"16","Microgale_thomasi","Microgale_thomasi.1"
"17","Tenrec_ecaudatus","Tenrec_ecaudatus.1"
"18","Dromaius_","Dromaius_.3"
"19","Sus_scrofa","Sus_scrofa.1"
"20","Loxodonta_africana","Loxodonta_africana.2"
"21","Dama_dama","Dama_dama.3"
"22","Cephalophus_silvicultor","Cephalophus_silvicultor.2"
"23","Microgale_thomasi","Microgale_thomasi.2"
"24","Bison_bonasus","Bison_bonasus.1"
"25","Rhinoceros_sondaicus","Rhinoceros_sondaicus.4"
"26","Aptenodytes______","Aptenodytes______.1"
"27","Neusticosaurus","Neusticosaurus.1"
"28","Micropotamogale_euwenzorii","Micropotamogale_euwenzorii.1"
"29","Micropotamogale_euwenzorii","Micropotamogale_euwenzorii.2"
"30","Phocanella_pumila","Phocanella_pumila.1"
"31","Tapirus_terrestris","Tapirus_terrestris.1"
"32","Micropotamogale_euwenzorii","Micropotamogale_euwenzorii.3"
"33","Phocanella_pumila","Phocanella_pumila.2"
"34","Protochampsidae","Protochampsidae.1"
"35","Aptenodytes______","Aptenodytes______.2"
"36","Castor_fiber","Castor_fiber.1"
"37","Lutra_vulgaris","Lutra_vulgaris.1"
"38","Plesiosaurus","Plesiosaurus.1"
"39","Aptenodytes______","Aptenodytes______.3"
"40","Micropotamogale_euwenzorii","Micropotamogale_euwenzorii.4"
"41","Phocanella_pumila","Phocanella_pumila.3"
"42","Choeropsis_liberiensis","Choeropsis_liberiensis.1"
"43","Caiman_yacare","Caiman_yacare.1"
"44","Champsosaurus","Champsosaurus.1"
"45","Choeropsis_liberiensis","Choeropsis_liberiensis.2"
"46","Maiacetus","Maiacetus.1"
"47","Hexaprotodon_garyam","Hexaprotodon_garyam.1"
"48","Alligator","Alligator.1"
"49","Spinosaurus_","Spinosaurus_.1"
"50","Spinosaurus_","Spinosaurus_.2"
"51","Spinosaurus_","Spinosaurus_.3"
"52","Spinosaurus_","Spinosaurus_.4"
"53","Spinosaurus_","Spinosaurus_.5"
"54","Spinosaurus_","Spinosaurus_.6"
"55","Spinosaurus_","Spinosaurus_.7"
"56","Spinosaurus_","Spinosaurus_.8"
"57","Spinosaurus_","Spinosaurus_.9"
"58","Spinosaurus_","Spinosaurus_.10"
"59","Spinosaurus_","Spinosaurus_.11"
"60","Suchomimus","Suchomimus.1"
"61","Suchomimus","Suchomimus.2"
"62","Suchomimus","Suchomimus.3"
"63","Baryonyx","Baryonyx.1"
"64","Baryonyx","Baryonyx.2"
"65","Baryonyx","Baryonyx.3"
 
* Phylo tree and the main data and strata files have been modified to include duplicated taxa before the scaled random trees are generated.
* Selected categorical labels column: diving.or.not
* diving.or.equal column is identical to Diving column.
* Regression excludes flying taxa.
* Diving labels that are present in regression: 0,2
* lambda (calculated from a random tree) = : 0.08
* index-name alignment check: OK
