Logfile for a session of program: bootstrap_binary.r
-----------------------------------------------------
INPUT:
workDir: C:/dino_nature/output/2023-11-07-D1\bs/set_718
Nbootstrapsets: 2000
phyloFDAfile: c:/dino_nature/code/phylo.fda.R
auxFile: c:/dino_nature/code/auxiliary.r
boneType: femur
regressionData.file: C:/dino_nature/output/2023-11-07-D1\bs/set_718/femur_set_718.csv
applyDataFilter: FALSE
addTreeTips: TRUE
Ntrees: 100
calculateTrees: TRUE
saveTrees: FALSE


OPERATIONAL CHECKS:
* Regression data contains multiple copies of some taxa (user added variants of existing test taxa 
   or replacements due to bootstrap are present) which are not in the phylo tree:
     original taxon,   duplicate   
"1","Strigiops_habroptilus","Strigiops_habroptilus.1"
"2","Bos_taurus","Bos_taurus.1"
"3","Rangifer_tarandus","Rangifer_tarandus.1"
"4","Atlantisia_rogersi","Atlantisia_rogersi.1"
"5","Mus_musculus","Mus_musculus.1"
"6","Apteryx_australis","Apteryx_australis.1"
"7","Rhinoceros_sondaicus","Rhinoceros_sondaicus.1"
"8","Bos_taurus","Bos_taurus.2"
"9","Lama_guanicoe","Lama_guanicoe.1"
"10","Rangifer_tarandus","Rangifer_tarandus.2"
"11","Mus_musculus","Mus_musculus.2"
"12","Uncia_uncia","Uncia_uncia.1"
"13","Lama_guanicoe","Lama_guanicoe.2"
"14","Tamandua_tetradactyla","Tamandua_tetradactyla.1"
"15","Rhinoceros_sondaicus","Rhinoceros_sondaicus.2"
"16","Lama_guanicoe","Lama_guanicoe.3"
"17","Giraffa_camelopardalis","Giraffa_camelopardalis.1"
"18","Dicerorhinus_sumatrensis","Dicerorhinus_sumatrensis.1"
"19","Vulpes_vulpes","Vulpes_vulpes.1"
"20","Lacerta_viridis","Lacerta_viridis.1"
"21","Otaria_byronia","Otaria_byronia.1"
"22","Leptophoca_proxima","Leptophoca_proxima.1"
"23","Simosaurus_1","Simosaurus_1.1"
"24","Tapirus_terrestris","Tapirus_terrestris.1"
"25","Hesperornis","Hesperornis.1"
"26","Plesiosaurus","Plesiosaurus.1"
"27","Simosaurus_1","Simosaurus_1.2"
"28","Hesperornis","Hesperornis.2"
"29","Nanophoca_vitulinoides","Nanophoca_vitulinoides.1"
"30","Tapirus_terrestris","Tapirus_terrestris.2"
"31","Maiacetus","Maiacetus.1"
"32","Neusticosaurus","Neusticosaurus.1"
"33","Ichtyosaur_sp","Ichtyosaur_sp.1"
"34","Spheniscus","Spheniscus.1"
"35","Ichtyosaurus_","Ichtyosaurus_.1"
"36","Desmana_moschata","Desmana_moschata.1"
"37","Basilosaurus","Basilosaurus.1"
"38","Cryptoclidus","Cryptoclidus.1"
"39","Callophoca_obscura","Callophoca_obscura.1"
"40","Tapirus_terrestris","Tapirus_terrestris.3"
"41","Castor_fiber","Castor_fiber.1"
"42","Neusticosaurus","Neusticosaurus.2"
"43","Spinosaurus_","Spinosaurus_.1"
"44","Spinosaurus_","Spinosaurus_.2"
"45","Spinosaurus_","Spinosaurus_.3"
"46","Spinosaurus_","Spinosaurus_.4"
"47","Spinosaurus_","Spinosaurus_.5"
"48","Spinosaurus_","Spinosaurus_.6"
"49","Spinosaurus_","Spinosaurus_.7"
"50","Spinosaurus_","Spinosaurus_.8"
"51","Spinosaurus_","Spinosaurus_.9"
"52","Spinosaurus_","Spinosaurus_.10"
"53","Spinosaurus_","Spinosaurus_.11"
"54","Suchomimus","Suchomimus.1"
"55","Suchomimus","Suchomimus.2"
"56","Suchomimus","Suchomimus.3"
"57","Baryonyx","Baryonyx.1"
"58","Baryonyx","Baryonyx.2"
"59","Baryonyx","Baryonyx.3"
 
* Phylo tree and the main data and strata files have been modified to include duplicated taxa before the scaled random trees are generated.
* Selected categorical labels column: diving.or.not
* diving.or.equal column is identical to Diving column.
* Regression excludes flying taxa.
* Diving labels that are present in regression: 0,2
* lambda (calculated from a random tree) = : 0.06
* index-name alignment check: OK
