Logfile for a session of program: bootstrap_binary.r
-----------------------------------------------------
INPUT:
workDir: C:/dino_nature/output/2023-11-07-D1\bs/set_1544
Nbootstrapsets: 2000
phyloFDAfile: c:/dino_nature/code/phylo.fda.R
auxFile: c:/dino_nature/code/auxiliary.r
boneType: femur
regressionData.file: C:/dino_nature/output/2023-11-07-D1\bs/set_1544/femur_set_1544.csv
applyDataFilter: FALSE
addTreeTips: TRUE
Ntrees: 100
calculateTrees: TRUE
saveTrees: FALSE


OPERATIONAL CHECKS:
* Regression data contains multiple copies of some taxa (user added variants of existing test taxa 
   or replacements due to bootstrap are present) which are not in the phylo tree:
     original taxon,   duplicate   
"1","Syncerus_caffer","Syncerus_caffer.1"
"2","Alces_americanus","Alces_americanus.1"
"3","Vulpes_vulpes","Vulpes_vulpes.1"
"4","Tamandua_tetradactyla","Tamandua_tetradactyla.1"
"5","Megaloceros_sp","Megaloceros_sp.1"
"6","Rattus_rattus","Rattus_rattus.1"
"7","Sus_scrofa","Sus_scrofa.1"
"8","Dama_dama","Dama_dama.1"
"9","Rattus_rattus","Rattus_rattus.2"
"10","Mus_musculus","Mus_musculus.1"
"11","Meles_meles","Meles_meles.1"
"12","Mustela_nivalis","Mustela_nivalis.1"
"13","Rynochetus_jubatus","Rynochetus_jubatus.1"
"14","Uncia_uncia","Uncia_uncia.1"
"15","Okapia_johnstoni","Okapia_johnstoni.1"
"16","Paguma_larvata","Paguma_larvata.1"
"17","Rynochetus_jubatus","Rynochetus_jubatus.2"
"18","Hemiechinus_azurites","Hemiechinus_azurites.1"
"19","Xenicus_giliventris","Xenicus_giliventris.1"
"20","Myrmecophaga_tridactyla","Myrmecophaga_tridactyla.1"
"21","Xenicus_giliventris","Xenicus_giliventris.2"
"22","Xenicus_giliventris","Xenicus_giliventris.3"
"23","Cryptoclidus","Cryptoclidus.1"
"24","Ichtyosaur_sp","Ichtyosaur_sp.1"
"25","Nothosaurus_150","Nothosaurus_150.1"
"26","Rhaeticosaurus","Rhaeticosaurus.1"
"27","Lutra_vulgaris","Lutra_vulgaris.1"
"28","Psephoderma","Psephoderma.1"
"29","Nothosaurus_mirabilis_1","Nothosaurus_mirabilis_1.1"
"30","Tapirus_terrestris","Tapirus_terrestris.1"
"31","Placondontia_indet","Placondontia_indet.1"
"32","Nothosaurus_giganteus","Nothosaurus_giganteus.1"
"33","Palaeospheniscus","Palaeospheniscus.1"
"34","Desmostylus_hesperus","Desmostylus_hesperus.1"
"35","Simosaurus_1","Simosaurus_1.1"
"36","Castor_fiber","Castor_fiber.1"
"37","Nothosaurus_150","Nothosaurus_150.2"
"38","Nothosaurus_mirabilis_1","Nothosaurus_mirabilis_1.2"
"39","Choeropsis_liberiensis","Choeropsis_liberiensis.1"
"40","Ichtyosaur_sp","Ichtyosaur_sp.2"
"41","Palaeospheniscus","Palaeospheniscus.2"
"42","Ichtyosaur_sp","Ichtyosaur_sp.3"
"43","Palaeospheniscus","Palaeospheniscus.3"
"44","Spinosaurus_","Spinosaurus_.1"
"45","Spinosaurus_","Spinosaurus_.2"
"46","Spinosaurus_","Spinosaurus_.3"
"47","Spinosaurus_","Spinosaurus_.4"
"48","Spinosaurus_","Spinosaurus_.5"
"49","Spinosaurus_","Spinosaurus_.6"
"50","Spinosaurus_","Spinosaurus_.7"
"51","Spinosaurus_","Spinosaurus_.8"
"52","Spinosaurus_","Spinosaurus_.9"
"53","Spinosaurus_","Spinosaurus_.10"
"54","Spinosaurus_","Spinosaurus_.11"
"55","Suchomimus","Suchomimus.1"
"56","Suchomimus","Suchomimus.2"
"57","Suchomimus","Suchomimus.3"
"58","Baryonyx","Baryonyx.1"
"59","Baryonyx","Baryonyx.2"
"60","Baryonyx","Baryonyx.3"
 
* Phylo tree and the main data and strata files have been modified to include duplicated taxa before the scaled random trees are generated.
* Selected categorical labels column: diving.or.not
* diving.or.equal column is identical to Diving column.
* Regression excludes flying taxa.
* Diving labels that are present in regression: 0,2
* lambda (calculated from a random tree) = : 0.11
* index-name alignment check: OK
