Logfile for a session of program: bootstrap_binary.r
-----------------------------------------------------
INPUT:
workDir: C:/dino_nature/output/2023-11-07-D1\bs/set_1563
Nbootstrapsets: 2000
phyloFDAfile: c:/dino_nature/code/phylo.fda.R
auxFile: c:/dino_nature/code/auxiliary.r
boneType: femur
regressionData.file: C:/dino_nature/output/2023-11-07-D1\bs/set_1563/femur_set_1563.csv
applyDataFilter: FALSE
addTreeTips: TRUE
Ntrees: 100
calculateTrees: TRUE
saveTrees: FALSE


OPERATIONAL CHECKS:
* Regression data contains multiple copies of some taxa (user added variants of existing test taxa 
   or replacements due to bootstrap are present) which are not in the phylo tree:
     original taxon,   duplicate   
"1","Xenicus_giliventris","Xenicus_giliventris.1"
"2","Elephas_maximus","Elephas_maximus.1"
"3","Xenicus_giliventris","Xenicus_giliventris.2"
"4","Mustela_nivalis","Mustela_nivalis.1"
"5","Caloenas_nicobarica","Caloenas_nicobarica.1"
"6","Mustela_nivalis","Mustela_nivalis.2"
"7","Meles_meles","Meles_meles.1"
"8","Procavia_capensis","Procavia_capensis.1"
"9","Mustela_nivalis","Mustela_nivalis.3"
"10","Elephas_maximus","Elephas_maximus.2"
"11","Myrmecophaga_tridactyla","Myrmecophaga_tridactyla.1"
"12","Myrmecophaga_tridactyla","Myrmecophaga_tridactyla.2"
"13","Xenicus_giliventris","Xenicus_giliventris.3"
"14","Procyon_lotor","Procyon_lotor.1"
"15","Tribonyx_mortieri","Tribonyx_mortieri.1"
"16","Caloenas_nicobarica","Caloenas_nicobarica.2"
"17","Monodelphis_domestica","Monodelphis_domestica.1"
"18","Myrmecophaga_tridactyla","Myrmecophaga_tridactyla.3"
"19","Elephas_maximus","Elephas_maximus.3"
"20","Monodelphis_domestica","Monodelphis_domestica.2"
"21","Rhaeticosaurus","Rhaeticosaurus.1"
"22","Caiman_yacare","Caiman_yacare.1"
"23","Nothosaurus_giganteus","Nothosaurus_giganteus.1"
"24","Pistosaurus","Pistosaurus.1"
"25","Nothosaurus_giganteus","Nothosaurus_giganteus.2"
"26","Ornithorhynchus_anatinus","Ornithorhynchus_anatinus.1"
"27","Ichtyosaur_sp","Ichtyosaur_sp.1"
"28","Lutra_vulgaris","Lutra_vulgaris.1"
"29","Otaria_byronia","Otaria_byronia.1"
"30","Indohyus","Indohyus.1"
"31","Noemys_fodies","Noemys_fodies.1"
"32","Indohyus","Indohyus.2"
"33","Cryptoclidus","Cryptoclidus.1"
"34","Hippopotamus_amphibius","Hippopotamus_amphibius.1"
"35","Nothosaurus_568","Nothosaurus_568.1"
"36","Cryptoclidus","Cryptoclidus.2"
"37","Rodhocetus","Rodhocetus.1"
"38","Nothosaurus_giganteus","Nothosaurus_giganteus.3"
"39","Ichtyosaur_sp","Ichtyosaur_sp.2"
"40","Rodhocetus","Rodhocetus.2"
"41","Tapirus_terrestris","Tapirus_terrestris.1"
"42","Dyrosaurid","Dyrosaurid.1"
"43","Tapirus_terrestris","Tapirus_terrestris.2"
"44","Spinosaurus_","Spinosaurus_.1"
"45","Spinosaurus_","Spinosaurus_.2"
"46","Spinosaurus_","Spinosaurus_.3"
"47","Spinosaurus_","Spinosaurus_.4"
"48","Spinosaurus_","Spinosaurus_.5"
"49","Spinosaurus_","Spinosaurus_.6"
"50","Spinosaurus_","Spinosaurus_.7"
"51","Spinosaurus_","Spinosaurus_.8"
"52","Spinosaurus_","Spinosaurus_.9"
"53","Spinosaurus_","Spinosaurus_.10"
"54","Spinosaurus_","Spinosaurus_.11"
"55","Suchomimus","Suchomimus.1"
"56","Suchomimus","Suchomimus.2"
"57","Suchomimus","Suchomimus.3"
"58","Baryonyx","Baryonyx.1"
"59","Baryonyx","Baryonyx.2"
"60","Baryonyx","Baryonyx.3"
 
* Phylo tree and the main data and strata files have been modified to include duplicated taxa before the scaled random trees are generated.
* Selected categorical labels column: diving.or.not
* diving.or.equal column is identical to Diving column.
* Regression excludes flying taxa.
* Diving labels that are present in regression: 0,2
* lambda (calculated from a random tree) = : 0.15
* index-name alignment check: OK
