Logfile for a session of program: bootstrap_binary.r
-----------------------------------------------------
INPUT:
workDir: C:/dino_nature/output/2023-11-07-D1\bs/set_498
Nbootstrapsets: 2000
phyloFDAfile: c:/dino_nature/code/phylo.fda.R
auxFile: c:/dino_nature/code/auxiliary.r
boneType: femur
regressionData.file: C:/dino_nature/output/2023-11-07-D1\bs/set_498/femur_set_498.csv
applyDataFilter: FALSE
addTreeTips: TRUE
Ntrees: 100
calculateTrees: TRUE
saveTrees: FALSE


OPERATIONAL CHECKS:
* Regression data contains multiple copies of some taxa (user added variants of existing test taxa 
   or replacements due to bootstrap are present) which are not in the phylo tree:
     original taxon,   duplicate   
"1","Mus_musculus","Mus_musculus.1"
"2","Lama_guanicoe","Lama_guanicoe.1"
"3","Procyon_lotor","Procyon_lotor.1"
"4","Caloenas_nicobarica","Caloenas_nicobarica.1"
"5","Bos_taurus","Bos_taurus.1"
"6","Lama_guanicoe","Lama_guanicoe.2"
"7","Apteryx_owenii_","Apteryx_owenii_.1"
"8","Uncia_uncia","Uncia_uncia.1"
"9","Monodelphis_domestica","Monodelphis_domestica.1"
"10","Meles_meles","Meles_meles.1"
"11","Tribonyx_mortieri","Tribonyx_mortieri.1"
"12","Diplomesodon_pulchellum","Diplomesodon_pulchellum.1"
"13","Mus_musculus","Mus_musculus.2"
"14","Megaloceros_sp","Megaloceros_sp.1"
"15","Lama_guanicoe","Lama_guanicoe.3"
"16","Procyon_lotor","Procyon_lotor.2"
"17","Xenicus_giliventris","Xenicus_giliventris.1"
"18","Tribonyx_mortieri","Tribonyx_mortieri.2"
"19","Tapirus_terrestris","Tapirus_terrestris.1"
"20","Nothosaurus_150","Nothosaurus_150.1"
"21","Dyrosaurid","Dyrosaurid.1"
"22","Paraplacodus","Paraplacodus.1"
"23","Noemys_fodies","Noemys_fodies.1"
"24","Placondontia_indet","Placondontia_indet.1"
"25","Dyrosaurid","Dyrosaurid.2"
"26","Chironectes_minimus","Chironectes_minimus.1"
"27","Chapsosaurus_","Chapsosaurus_.1"
"28","Tapirus_terrestris","Tapirus_terrestris.2"
"29","Nothosaurus_102","Nothosaurus_102.1"
"30","Placondontia_indet","Placondontia_indet.2"
"31","Lutra_vulgaris","Lutra_vulgaris.1"
"32","Hesperornis","Hesperornis.1"
"33","Lutra_vulgaris","Lutra_vulgaris.2"
"34","large_eocene_stem_penguin","large_eocene_stem_penguin.1"
"35","Palaeospheniscus","Palaeospheniscus.1"
"36","Plesiosaurus","Plesiosaurus.1"
"37","large_eocene_stem_penguin","large_eocene_stem_penguin.2"
"38","Choeropsis_liberiensis","Choeropsis_liberiensis.1"
"39","Neusticosaurus","Neusticosaurus.1"
"40","Spinosaurus_","Spinosaurus_.1"
"41","Spinosaurus_","Spinosaurus_.2"
"42","Spinosaurus_","Spinosaurus_.3"
"43","Spinosaurus_","Spinosaurus_.4"
"44","Spinosaurus_","Spinosaurus_.5"
"45","Spinosaurus_","Spinosaurus_.6"
"46","Spinosaurus_","Spinosaurus_.7"
"47","Spinosaurus_","Spinosaurus_.8"
"48","Spinosaurus_","Spinosaurus_.9"
"49","Spinosaurus_","Spinosaurus_.10"
"50","Spinosaurus_","Spinosaurus_.11"
"51","Suchomimus","Suchomimus.1"
"52","Suchomimus","Suchomimus.2"
"53","Suchomimus","Suchomimus.3"
"54","Baryonyx","Baryonyx.1"
"55","Baryonyx","Baryonyx.2"
"56","Baryonyx","Baryonyx.3"
 
* Phylo tree and the main data and strata files have been modified to include duplicated taxa before the scaled random trees are generated.
* Selected categorical labels column: diving.or.not
* diving.or.equal column is identical to Diving column.
* Regression excludes flying taxa.
* Diving labels that are present in regression: 0,2
* lambda (calculated from a random tree) = : 0.08
* index-name alignment check: OK
