Logfile for a session of program: bootstrap_binary.r
-----------------------------------------------------
INPUT:
workDir: C:/dino_nature/output/2023-11-07-D1\bs/set_803
Nbootstrapsets: 2000
phyloFDAfile: c:/dino_nature/code/phylo.fda.R
auxFile: c:/dino_nature/code/auxiliary.r
boneType: femur
regressionData.file: C:/dino_nature/output/2023-11-07-D1\bs/set_803/femur_set_803.csv
applyDataFilter: FALSE
addTreeTips: TRUE
Ntrees: 100
calculateTrees: TRUE
saveTrees: FALSE


OPERATIONAL CHECKS:
* Regression data contains multiple copies of some taxa (user added variants of existing test taxa 
   or replacements due to bootstrap are present) which are not in the phylo tree:
     original taxon,   duplicate   
"1","Felis_felis","Felis_felis.1"
"2","Vulpes_vulpes","Vulpes_vulpes.1"
"3","Nyctereutes_procyonoides","Nyctereutes_procyonoides.1"
"4","Procavia_capensis","Procavia_capensis.1"
"5","Nyctereutes_procyonoides","Nyctereutes_procyonoides.2"
"6","Mustela_nivalis","Mustela_nivalis.1"
"7","Bos_taurus","Bos_taurus.1"
"8","Meles_meles","Meles_meles.1"
"9","Diplomesodon_pulchellum","Diplomesodon_pulchellum.1"
"10","Bison_bonasus","Bison_bonasus.1"
"11","Tenrec_ecaudatus","Tenrec_ecaudatus.1"
"12","Tribonyx_mortieri","Tribonyx_mortieri.1"
"13","Procavia_capensis","Procavia_capensis.2"
"14","Rupicapra_rupicapra","Rupicapra_rupicapra.1"
"15","Tribonyx_mortieri","Tribonyx_mortieri.2"
"16","Ceratotherium_simum","Ceratotherium_simum.1"
"17","Atlantisia_rogersi","Atlantisia_rogersi.1"
"18","Bison_bonasus","Bison_bonasus.2"
"19","Mustela_nivalis","Mustela_nivalis.2"
"20","Nothosaurus_mirabilis","Nothosaurus_mirabilis.1"
"21","Phalacrocorax_harrisi","Phalacrocorax_harrisi.1"
"22","Desmostylus_hesperus","Desmostylus_hesperus.1"
"23","Psephoderma","Psephoderma.1"
"24","Anarosaurus","Anarosaurus.1"
"25","Desmostylus_hesperus","Desmostylus_hesperus.2"
"26","Phocanella_pumila","Phocanella_pumila.1"
"27","Basilosaurus","Basilosaurus.1"
"28","Phalacrocorax_harrisi","Phalacrocorax_harrisi.2"
"29","Ichtyosaur_sp","Ichtyosaur_sp.1"
"30","Hesperornis","Hesperornis.1"
"31","Hesperornis","Hesperornis.2"
"32","Cricosaurus","Cricosaurus.1"
"33","large_eocene_stem_penguin","large_eocene_stem_penguin.1"
"34","Hippopotamus_amphibius","Hippopotamus_amphibius.1"
"35","Chironectes_minimus","Chironectes_minimus.1"
"36","Basilosaurus","Basilosaurus.2"
"37","Hesperornis","Hesperornis.3"
"38","Chapsosaurus_","Chapsosaurus_.1"
"39","Micropotamogale_euwenzorii","Micropotamogale_euwenzorii.1"
"40","Caiman_yacare","Caiman_yacare.1"
"41","Hesperornis","Hesperornis.4"
"42","Champsosaurus","Champsosaurus.1"
"43","Hesperornis","Hesperornis.5"
"44","Spinosaurus_","Spinosaurus_.1"
"45","Spinosaurus_","Spinosaurus_.2"
"46","Spinosaurus_","Spinosaurus_.3"
"47","Spinosaurus_","Spinosaurus_.4"
"48","Spinosaurus_","Spinosaurus_.5"
"49","Spinosaurus_","Spinosaurus_.6"
"50","Spinosaurus_","Spinosaurus_.7"
"51","Spinosaurus_","Spinosaurus_.8"
"52","Spinosaurus_","Spinosaurus_.9"
"53","Spinosaurus_","Spinosaurus_.10"
"54","Spinosaurus_","Spinosaurus_.11"
"55","Suchomimus","Suchomimus.1"
"56","Suchomimus","Suchomimus.2"
"57","Suchomimus","Suchomimus.3"
"58","Baryonyx","Baryonyx.1"
"59","Baryonyx","Baryonyx.2"
"60","Baryonyx","Baryonyx.3"
 
* Phylo tree and the main data and strata files have been modified to include duplicated taxa before the scaled random trees are generated.
* Selected categorical labels column: diving.or.not
* diving.or.equal column is identical to Diving column.
* Regression excludes flying taxa.
* Diving labels that are present in regression: 0,2
* lambda (calculated from a random tree) = : 0.09
* index-name alignment check: OK
