Logfile for a session of program: bootstrap_binary.r
-----------------------------------------------------
INPUT:
workDir: C:/dino_nature/output/2023-11-07-D1\bs/set_1843
Nbootstrapsets: 2000
phyloFDAfile: c:/dino_nature/code/phylo.fda.R
auxFile: c:/dino_nature/code/auxiliary.r
boneType: femur
regressionData.file: C:/dino_nature/output/2023-11-07-D1\bs/set_1843/femur_set_1843.csv
applyDataFilter: FALSE
addTreeTips: TRUE
Ntrees: 100
calculateTrees: TRUE
saveTrees: FALSE


OPERATIONAL CHECKS:
* Regression data contains multiple copies of some taxa (user added variants of existing test taxa 
   or replacements due to bootstrap are present) which are not in the phylo tree:
     original taxon,   duplicate   
"1","Raphus","Raphus.1"
"2","Mammuthus_sp","Mammuthus_sp.1"
"3","Dicerorhinus_sumatrensis","Dicerorhinus_sumatrensis.1"
"4","Tamandua_tetradactyla","Tamandua_tetradactyla.1"
"5","Apteryx_australis","Apteryx_australis.1"
"6","Sphenodon_punctatus","Sphenodon_punctatus.1"
"7","Lacerta_viridis","Lacerta_viridis.1"
"8","Dasyurus_maculatus","Dasyurus_maculatus.1"
"9","Caloenas_nicobarica","Caloenas_nicobarica.1"
"10","Uncia_uncia","Uncia_uncia.1"
"11","Mus_musculus","Mus_musculus.1"
"12","Lacerta_viridis","Lacerta_viridis.2"
"13","Monodelphis_domestica","Monodelphis_domestica.1"
"14","Raphus","Raphus.2"
"15","Caloenas_nicobarica","Caloenas_nicobarica.2"
"16","Tenrec_ecaudatus","Tenrec_ecaudatus.1"
"17","Capreolus_capreolus","Capreolus_capreolus.1"
"18","Syncerus_caffer","Syncerus_caffer.1"
"19","Apteryx_australis","Apteryx_australis.2"
"20","Sphenodon_punctatus","Sphenodon_punctatus.2"
"21","Otaria_byronia","Otaria_byronia.1"
"22","Placondontia_indet","Placondontia_indet.1"
"23","Nothosaurus_150","Nothosaurus_150.1"
"24","Chapsosaurus_","Chapsosaurus_.1"
"25","Spheniscus","Spheniscus.1"
"26","Paraplacodus","Paraplacodus.1"
"27","Callophoca_obscura","Callophoca_obscura.1"
"28","Alligator","Alligator.1"
"29","Cricosaurus","Cricosaurus.1"
"30","Placondontia_indet","Placondontia_indet.2"
"31","Simosaurus_1","Simosaurus_1.1"
"32","Spheniscus","Spheniscus.2"
"33","Callophoca_obscura","Callophoca_obscura.2"
"34","Desmostylus_hesperus","Desmostylus_hesperus.1"
"35","Castor_fiber","Castor_fiber.1"
"36","Simosaurus","Simosaurus.1"
"37","Placondontia_indet","Placondontia_indet.3"
"38","Paraplacodus","Paraplacodus.2"
"39","Protochampsidae","Protochampsidae.1"
"40","Dyrosaurid","Dyrosaurid.1"
"41","Chironectes_minimus","Chironectes_minimus.1"
"42","Protochampsidae","Protochampsidae.2"
"43","Hesperornis","Hesperornis.1"
"44","Paraplacodus","Paraplacodus.3"
"45","Spinosaurus_","Spinosaurus_.1"
"46","Spinosaurus_","Spinosaurus_.2"
"47","Spinosaurus_","Spinosaurus_.3"
"48","Spinosaurus_","Spinosaurus_.4"
"49","Spinosaurus_","Spinosaurus_.5"
"50","Spinosaurus_","Spinosaurus_.6"
"51","Spinosaurus_","Spinosaurus_.7"
"52","Spinosaurus_","Spinosaurus_.8"
"53","Spinosaurus_","Spinosaurus_.9"
"54","Spinosaurus_","Spinosaurus_.10"
"55","Spinosaurus_","Spinosaurus_.11"
"56","Suchomimus","Suchomimus.1"
"57","Suchomimus","Suchomimus.2"
"58","Suchomimus","Suchomimus.3"
"59","Baryonyx","Baryonyx.1"
"60","Baryonyx","Baryonyx.2"
"61","Baryonyx","Baryonyx.3"
 
* Phylo tree and the main data and strata files have been modified to include duplicated taxa before the scaled random trees are generated.
* Selected categorical labels column: diving.or.not
* diving.or.equal column is identical to Diving column.
* Regression excludes flying taxa.
* Diving labels that are present in regression: 0,2
* lambda (calculated from a random tree) = : 0.12
* index-name alignment check: OK
