Logfile for a session of program: bootstrap_binary.r
-----------------------------------------------------
INPUT:
workDir: C:/dino_nature/output/2023-11-07-D1\bs/set_1425
Nbootstrapsets: 2000
phyloFDAfile: c:/dino_nature/code/phylo.fda.R
auxFile: c:/dino_nature/code/auxiliary.r
boneType: femur
regressionData.file: C:/dino_nature/output/2023-11-07-D1\bs/set_1425/femur_set_1425.csv
applyDataFilter: FALSE
addTreeTips: TRUE
Ntrees: 100
calculateTrees: TRUE
saveTrees: FALSE


OPERATIONAL CHECKS:
* Regression data contains multiple copies of some taxa (user added variants of existing test taxa 
   or replacements due to bootstrap are present) which are not in the phylo tree:
     original taxon,   duplicate   
"1","Caloenas_nicobarica","Caloenas_nicobarica.1"
"2","Okapia_johnstoni","Okapia_johnstoni.1"
"3","Giraffa_camelopardalis","Giraffa_camelopardalis.1"
"4","Giraffa_camelopardalis","Giraffa_camelopardalis.2"
"5","Bison_bonasus","Bison_bonasus.1"
"6","Uncia_uncia","Uncia_uncia.1"
"7","Monodelphis_domestica","Monodelphis_domestica.1"
"8","Pogona_viceps","Pogona_viceps.1"
"9","Bison_bonasus","Bison_bonasus.2"
"10","Mustela_nivalis","Mustela_nivalis.1"
"11","Atlantisia_rogersi","Atlantisia_rogersi.1"
"12","Caloenas_nicobarica","Caloenas_nicobarica.2"
"13","Tenrec_ecaudatus","Tenrec_ecaudatus.1"
"14","Giraffa_camelopardalis","Giraffa_camelopardalis.3"
"15","Nyctereutes_procyonoides","Nyctereutes_procyonoides.1"
"16","Rhinoceros_sondaicus","Rhinoceros_sondaicus.1"
"17","Giraffa_camelopardalis","Giraffa_camelopardalis.4"
"18","Giraffa_camelopardalis","Giraffa_camelopardalis.5"
"19","Placodontia_indet_1","Placodontia_indet_1.1"
"20","Phalacrocorax_harrisi","Phalacrocorax_harrisi.1"
"21","Micropotamogale_euwenzorii","Micropotamogale_euwenzorii.1"
"22","Aptenodytes______","Aptenodytes______.1"
"23","Phocanella_pumila","Phocanella_pumila.1"
"24","Maiacetus","Maiacetus.1"
"25","Phocanella_pumila","Phocanella_pumila.2"
"26","Lutra_vulgaris","Lutra_vulgaris.1"
"27","Cryptoclidus","Cryptoclidus.1"
"28","Castor_fiber","Castor_fiber.1"
"29","Chironectes_minimus","Chironectes_minimus.1"
"30","Rhaeticosaurus","Rhaeticosaurus.1"
"31","Pistosaurus","Pistosaurus.1"
"32","Nanophoca_vitulinoides","Nanophoca_vitulinoides.1"
"33","Hippopotamus_amphibius","Hippopotamus_amphibius.1"
"34","Rhaeticosaurus","Rhaeticosaurus.2"
"35","Caiman_yacare","Caiman_yacare.1"
"36","Phalacrocorax_harrisi","Phalacrocorax_harrisi.2"
"37","Nothosaurus_mirabilis_1","Nothosaurus_mirabilis_1.1"
"38","Spinosaurus_","Spinosaurus_.1"
"39","Spinosaurus_","Spinosaurus_.2"
"40","Spinosaurus_","Spinosaurus_.3"
"41","Spinosaurus_","Spinosaurus_.4"
"42","Spinosaurus_","Spinosaurus_.5"
"43","Spinosaurus_","Spinosaurus_.6"
"44","Spinosaurus_","Spinosaurus_.7"
"45","Spinosaurus_","Spinosaurus_.8"
"46","Spinosaurus_","Spinosaurus_.9"
"47","Spinosaurus_","Spinosaurus_.10"
"48","Spinosaurus_","Spinosaurus_.11"
"49","Suchomimus","Suchomimus.1"
"50","Suchomimus","Suchomimus.2"
"51","Suchomimus","Suchomimus.3"
"52","Baryonyx","Baryonyx.1"
"53","Baryonyx","Baryonyx.2"
"54","Baryonyx","Baryonyx.3"
 
* Phylo tree and the main data and strata files have been modified to include duplicated taxa before the scaled random trees are generated.
* Selected categorical labels column: diving.or.not
* diving.or.equal column is identical to Diving column.
* Regression excludes flying taxa.
* Diving labels that are present in regression: 0,2
* lambda (calculated from a random tree) = : 0.08
* index-name alignment check: OK
