Logfile for a session of program: bootstrap_binary.r
-----------------------------------------------------
INPUT:
workDir: C:/dino_nature/output/2023-11-07-D1\bs/set_1079
Nbootstrapsets: 2000
phyloFDAfile: c:/dino_nature/code/phylo.fda.R
auxFile: c:/dino_nature/code/auxiliary.r
boneType: femur
regressionData.file: C:/dino_nature/output/2023-11-07-D1\bs/set_1079/femur_set_1079.csv
applyDataFilter: FALSE
addTreeTips: TRUE
Ntrees: 100
calculateTrees: TRUE
saveTrees: FALSE


OPERATIONAL CHECKS:
* Regression data contains multiple copies of some taxa (user added variants of existing test taxa 
   or replacements due to bootstrap are present) which are not in the phylo tree:
     original taxon,   duplicate   
"1","Nyctereutes_procyonoides","Nyctereutes_procyonoides.1"
"2","Mus_musculus","Mus_musculus.1"
"3","Paguma_larvata","Paguma_larvata.1"
"4","Dasyurus_maculatus","Dasyurus_maculatus.1"
"5","Lama_guanicoe","Lama_guanicoe.1"
"6","Tribonyx_mortieri","Tribonyx_mortieri.1"
"7","Dromaius_","Dromaius_.1"
"8","Sus_scrofa","Sus_scrofa.1"
"9","Myrmecophaga_tridactyla","Myrmecophaga_tridactyla.1"
"10","Monodelphis_domestica","Monodelphis_domestica.1"
"11","Apteryx_australis","Apteryx_australis.1"
"12","Dasyurus_maculatus","Dasyurus_maculatus.2"
"13","Rhinoceros_sondaicus","Rhinoceros_sondaicus.1"
"14","Xenicus_giliventris","Xenicus_giliventris.1"
"15","Tamandua_tetradactyla","Tamandua_tetradactyla.1"
"16","Myrmecophaga_tridactyla","Myrmecophaga_tridactyla.2"
"17","Okapia_johnstoni","Okapia_johnstoni.1"
"18","Monodelphis_domestica","Monodelphis_domestica.2"
"19","Meles_meles","Meles_meles.1"
"20","Meles_meles","Meles_meles.2"
"21","Sus_scrofa","Sus_scrofa.2"
"22","Myrmecophaga_tridactyla","Myrmecophaga_tridactyla.3"
"23","Choeropsis_liberiensis","Choeropsis_liberiensis.1"
"24","Micropotamogale_euwenzorii","Micropotamogale_euwenzorii.1"
"25","Phalacrocorax_harrisi","Phalacrocorax_harrisi.1"
"26","Small_Eocene_penguin","Small_Eocene_penguin.1"
"27","Micropotamogale_euwenzorii","Micropotamogale_euwenzorii.2"
"28","Ichtyosaur_sp","Ichtyosaur_sp.1"
"29","Remingtonocetus","Remingtonocetus.1"
"30","Palaeospheniscus","Palaeospheniscus.1"
"31","Dyrosaurid","Dyrosaurid.1"
"32","Nothosaurus_102","Nothosaurus_102.1"
"33","Leptophoca_proxima","Leptophoca_proxima.1"
"34","Nanophoca_vitulinoides","Nanophoca_vitulinoides.1"
"35","Phalacrocorax_harrisi","Phalacrocorax_harrisi.2"
"36","Nothosaurus_150","Nothosaurus_150.1"
"37","Psephoderma","Psephoderma.1"
"38","Phocanella_pumila","Phocanella_pumila.1"
"39","Phalacrocorax_harrisi","Phalacrocorax_harrisi.3"
"40","Pistosaurus","Pistosaurus.1"
"41","Phalacrocorax_harrisi","Phalacrocorax_harrisi.4"
"42","Hippopotamus_amphibius","Hippopotamus_amphibius.1"
"43","Spinosaurus_","Spinosaurus_.1"
"44","Spinosaurus_","Spinosaurus_.2"
"45","Spinosaurus_","Spinosaurus_.3"
"46","Spinosaurus_","Spinosaurus_.4"
"47","Spinosaurus_","Spinosaurus_.5"
"48","Spinosaurus_","Spinosaurus_.6"
"49","Spinosaurus_","Spinosaurus_.7"
"50","Spinosaurus_","Spinosaurus_.8"
"51","Spinosaurus_","Spinosaurus_.9"
"52","Spinosaurus_","Spinosaurus_.10"
"53","Spinosaurus_","Spinosaurus_.11"
"54","Suchomimus","Suchomimus.1"
"55","Suchomimus","Suchomimus.2"
"56","Suchomimus","Suchomimus.3"
"57","Baryonyx","Baryonyx.1"
"58","Baryonyx","Baryonyx.2"
"59","Baryonyx","Baryonyx.3"
 
* Phylo tree and the main data and strata files have been modified to include duplicated taxa before the scaled random trees are generated.
* Selected categorical labels column: diving.or.not
* diving.or.equal column is identical to Diving column.
* Regression excludes flying taxa.
* Diving labels that are present in regression: 0,2
* lambda (calculated from a random tree) = : 0.14
* index-name alignment check: OK
