Logfile for a session of program: bootstrap_binary.r
-----------------------------------------------------
INPUT:
workDir: C:/dino_nature/output/2023-11-07-D1\bs/set_1637
Nbootstrapsets: 2000
phyloFDAfile: c:/dino_nature/code/phylo.fda.R
auxFile: c:/dino_nature/code/auxiliary.r
boneType: femur
regressionData.file: C:/dino_nature/output/2023-11-07-D1\bs/set_1637/femur_set_1637.csv
applyDataFilter: FALSE
addTreeTips: TRUE
Ntrees: 100
calculateTrees: TRUE
saveTrees: FALSE


OPERATIONAL CHECKS:
* Regression data contains multiple copies of some taxa (user added variants of existing test taxa 
   or replacements due to bootstrap are present) which are not in the phylo tree:
     original taxon,   duplicate   
"1","Taxidea_taxus","Taxidea_taxus.1"
"2","Taxidea_taxus","Taxidea_taxus.2"
"3","Vulpes_vulpes","Vulpes_vulpes.1"
"4","Elephas_maximus","Elephas_maximus.1"
"5","Dicerorhinus_sumatrensis","Dicerorhinus_sumatrensis.1"
"6","Pogona_viceps","Pogona_viceps.1"
"7","Elephas_maximus","Elephas_maximus.2"
"8","Elephas_maximus","Elephas_maximus.3"
"9","Dicerorhinus_sumatrensis","Dicerorhinus_sumatrensis.2"
"10","Raphus","Raphus.1"
"11","Tenrec_ecaudatus","Tenrec_ecaudatus.1"
"12","Alces_americanus","Alces_americanus.1"
"13","Raphus","Raphus.2"
"14","Okapia_johnstoni","Okapia_johnstoni.1"
"15","Taxidea_taxus","Taxidea_taxus.3"
"16","Rhynchocyon_petersi","Rhynchocyon_petersi.1"
"17","Raphus","Raphus.3"
"18","Pogona_viceps","Pogona_viceps.2"
"19","Lama_guanicoe","Lama_guanicoe.1"
"20","Tenrec_ecaudatus","Tenrec_ecaudatus.2"
"21","Elephas_maximus","Elephas_maximus.4"
"22","Giraffa_camelopardalis","Giraffa_camelopardalis.1"
"23","Rhynchocyon_petersi","Rhynchocyon_petersi.2"
"24","Elephas_maximus","Elephas_maximus.5"
"25","Nothosaurus_568","Nothosaurus_568.1"
"26","Indohyus","Indohyus.1"
"27","Desmana_moschata","Desmana_moschata.1"
"28","Dyrosaurid","Dyrosaurid.1"
"29","Serpianosaurus","Serpianosaurus.1"
"30","Nothosaurus_568","Nothosaurus_568.2"
"31","Chironectes_minimus","Chironectes_minimus.1"
"32","Remingtonocetus","Remingtonocetus.1"
"33","Nothosaurus_mirabilis_1","Nothosaurus_mirabilis_1.1"
"34","Chironectes_minimus","Chironectes_minimus.2"
"35","Simosaurus","Simosaurus.1"
"36","Phocanella_pumila","Phocanella_pumila.1"
"37","Indohyus","Indohyus.2"
"38","Anarosaurus","Anarosaurus.1"
"39","Hippopotamus_amphibius","Hippopotamus_amphibius.1"
"40","Indohyus","Indohyus.3"
"41","Callophoca_obscura","Callophoca_obscura.1"
"42","Nothosaurus_mirabilis_1","Nothosaurus_mirabilis_1.2"
"43","Pistosaurus","Pistosaurus.1"
"44","Nothosaurus_568","Nothosaurus_568.3"
"45","Hexaprotodon_garyam","Hexaprotodon_garyam.1"
"46","Phocanella_pumila","Phocanella_pumila.2"
"47","Spinosaurus_","Spinosaurus_.1"
"48","Spinosaurus_","Spinosaurus_.2"
"49","Spinosaurus_","Spinosaurus_.3"
"50","Spinosaurus_","Spinosaurus_.4"
"51","Spinosaurus_","Spinosaurus_.5"
"52","Spinosaurus_","Spinosaurus_.6"
"53","Spinosaurus_","Spinosaurus_.7"
"54","Spinosaurus_","Spinosaurus_.8"
"55","Spinosaurus_","Spinosaurus_.9"
"56","Spinosaurus_","Spinosaurus_.10"
"57","Spinosaurus_","Spinosaurus_.11"
"58","Suchomimus","Suchomimus.1"
"59","Suchomimus","Suchomimus.2"
"60","Suchomimus","Suchomimus.3"
"61","Baryonyx","Baryonyx.1"
"62","Baryonyx","Baryonyx.2"
"63","Baryonyx","Baryonyx.3"
 
* Phylo tree and the main data and strata files have been modified to include duplicated taxa before the scaled random trees are generated.
* Selected categorical labels column: diving.or.not
* diving.or.equal column is identical to Diving column.
* Regression excludes flying taxa.
* Diving labels that are present in regression: 0,2
* lambda (calculated from a random tree) = : 0.1
* index-name alignment check: OK
