Logfile for a session of program: bootstrap_binary.r
-----------------------------------------------------
INPUT:
workDir: C:/dino_nature/output/2023-11-07-D1\bs/set_1387
Nbootstrapsets: 2000
phyloFDAfile: c:/dino_nature/code/phylo.fda.R
auxFile: c:/dino_nature/code/auxiliary.r
boneType: femur
regressionData.file: C:/dino_nature/output/2023-11-07-D1\bs/set_1387/femur_set_1387.csv
applyDataFilter: FALSE
addTreeTips: TRUE
Ntrees: 100
calculateTrees: TRUE
saveTrees: FALSE


OPERATIONAL CHECKS:
* Regression data contains multiple copies of some taxa (user added variants of existing test taxa 
   or replacements due to bootstrap are present) which are not in the phylo tree:
     original taxon,   duplicate   
"1","Rhinoceros_sondaicus","Rhinoceros_sondaicus.1"
"2","Lama_guanicoe","Lama_guanicoe.1"
"3","Lama_guanicoe","Lama_guanicoe.2"
"4","Xenicus_giliventris","Xenicus_giliventris.1"
"5","Euroscaptor_micrura","Euroscaptor_micrura.1"
"6","Atlantisia_rogersi","Atlantisia_rogersi.1"
"7","Atlantisia_rogersi","Atlantisia_rogersi.2"
"8","Dama_dama","Dama_dama.1"
"9","Brachyodus_onoideum","Brachyodus_onoideum.1"
"10","Sus_scrofa","Sus_scrofa.1"
"11","Dasyurus_maculatus","Dasyurus_maculatus.1"
"12","Dicerorhinus_sumatrensis","Dicerorhinus_sumatrensis.1"
"13","Rangifer_tarandus","Rangifer_tarandus.1"
"14","Ceratotherium_simum","Ceratotherium_simum.1"
"15","Euroscaptor_micrura","Euroscaptor_micrura.2"
"16","Uncia_uncia","Uncia_uncia.1"
"17","Tamandua_tetradactyla","Tamandua_tetradactyla.1"
"18","Taxidea_taxus","Taxidea_taxus.1"
"19","Dama_dama","Dama_dama.2"
"20","Tamandua_tetradactyla","Tamandua_tetradactyla.2"
"21","Euroscaptor_micrura","Euroscaptor_micrura.3"
"22","Desmana_moschata","Desmana_moschata.1"
"23","Hippopotamus_amphibius","Hippopotamus_amphibius.1"
"24","Alligator","Alligator.1"
"25","Hesperornis","Hesperornis.1"
"26","Anarosaurus","Anarosaurus.1"
"27","Protochampsidae","Protochampsidae.1"
"28","Noemys_fodies","Noemys_fodies.1"
"29","Rodhocetus","Rodhocetus.1"
"30","Otaria_byronia","Otaria_byronia.1"
"31","Phalacrocorax_harrisi","Phalacrocorax_harrisi.1"
"32","Protochampsidae","Protochampsidae.2"
"33","Nothosaurus_mirabilis","Nothosaurus_mirabilis.1"
"34","Alligator","Alligator.2"
"35","Noemys_fodies","Noemys_fodies.2"
"36","Basilosaurus","Basilosaurus.1"
"37","Cricosaurus","Cricosaurus.1"
"38","Ichtyosaur_sp","Ichtyosaur_sp.1"
"39","Otaria_byronia","Otaria_byronia.2"
"40","Spheniscus","Spheniscus.1"
"41","Tapirus_terrestris","Tapirus_terrestris.1"
"42","Callophoca_obscura","Callophoca_obscura.1"
"43","Ornithorhynchus_anatinus","Ornithorhynchus_anatinus.1"
"44","Spinosaurus_","Spinosaurus_.1"
"45","Spinosaurus_","Spinosaurus_.2"
"46","Spinosaurus_","Spinosaurus_.3"
"47","Spinosaurus_","Spinosaurus_.4"
"48","Spinosaurus_","Spinosaurus_.5"
"49","Spinosaurus_","Spinosaurus_.6"
"50","Spinosaurus_","Spinosaurus_.7"
"51","Spinosaurus_","Spinosaurus_.8"
"52","Spinosaurus_","Spinosaurus_.9"
"53","Spinosaurus_","Spinosaurus_.10"
"54","Spinosaurus_","Spinosaurus_.11"
"55","Suchomimus","Suchomimus.1"
"56","Suchomimus","Suchomimus.2"
"57","Suchomimus","Suchomimus.3"
"58","Baryonyx","Baryonyx.1"
"59","Baryonyx","Baryonyx.2"
"60","Baryonyx","Baryonyx.3"
 
* Phylo tree and the main data and strata files have been modified to include duplicated taxa before the scaled random trees are generated.
* Selected categorical labels column: diving.or.not
* diving.or.equal column is identical to Diving column.
* Regression excludes flying taxa.
* Diving labels that are present in regression: 0,2
* lambda (calculated from a random tree) = : 0.11
* index-name alignment check: OK
