Logfile for a session of program: bootstrap_binary.r
-----------------------------------------------------
INPUT:
workDir: C:/dino_nature/output/2023-11-07-D1\bs/set_570
Nbootstrapsets: 2000
phyloFDAfile: c:/dino_nature/code/phylo.fda.R
auxFile: c:/dino_nature/code/auxiliary.r
boneType: femur
regressionData.file: C:/dino_nature/output/2023-11-07-D1\bs/set_570/femur_set_570.csv
applyDataFilter: FALSE
addTreeTips: TRUE
Ntrees: 100
calculateTrees: TRUE
saveTrees: FALSE


OPERATIONAL CHECKS:
* Regression data contains multiple copies of some taxa (user added variants of existing test taxa 
   or replacements due to bootstrap are present) which are not in the phylo tree:
     original taxon,   duplicate   
"1","Sus_scrofa","Sus_scrofa.1"
"2","Procyon_lotor","Procyon_lotor.1"
"3","Bos_taurus","Bos_taurus.1"
"4","Lama_guanicoe","Lama_guanicoe.1"
"5","Caloenas_nicobarica","Caloenas_nicobarica.1"
"6","Hemiechinus_azurites","Hemiechinus_azurites.1"
"7","Vulpes_vulpes","Vulpes_vulpes.1"
"8","Bos_taurus","Bos_taurus.2"
"9","Mus_musculus","Mus_musculus.1"
"10","Rangifer_tarandus","Rangifer_tarandus.1"
"11","Rynochetus_jubatus","Rynochetus_jubatus.1"
"12","Apteryx_owenii_","Apteryx_owenii_.1"
"13","Mus_musculus","Mus_musculus.2"
"14","Tamandua_tetradactyla","Tamandua_tetradactyla.1"
"15","Syncerus_caffer","Syncerus_caffer.1"
"16","Meles_meles","Meles_meles.1"
"17","Ceratotherium_simum","Ceratotherium_simum.1"
"18","Diplomesodon_pulchellum","Diplomesodon_pulchellum.1"
"19","Ceratotherium_simum","Ceratotherium_simum.2"
"20","Loxodonta_africana","Loxodonta_africana.1"
"21","Tenrec_ecaudatus","Tenrec_ecaudatus.1"
"22","Lama_guanicoe","Lama_guanicoe.2"
"23","Rhaeticosaurus","Rhaeticosaurus.1"
"24","Ichtyosaurus_","Ichtyosaurus_.1"
"25","large_eocene_stem_penguin","large_eocene_stem_penguin.1"
"26","Castor_fiber","Castor_fiber.1"
"27","Nothosaurus_mirabilis","Nothosaurus_mirabilis.1"
"28","Placondontia_indet","Placondontia_indet.1"
"29","Anarosaurus","Anarosaurus.1"
"30","Placondontia_indet","Placondontia_indet.2"
"31","Metryorhynchus","Metryorhynchus.1"
"32","Cricosaurus","Cricosaurus.1"
"33","Leptophoca_proxima","Leptophoca_proxima.1"
"34","Simosaurus_1","Simosaurus_1.1"
"35","Metryorhynchus","Metryorhynchus.2"
"36","Phalacrocorax_harrisi","Phalacrocorax_harrisi.1"
"37","Spinosaurus_","Spinosaurus_.1"
"38","Spinosaurus_","Spinosaurus_.2"
"39","Spinosaurus_","Spinosaurus_.3"
"40","Spinosaurus_","Spinosaurus_.4"
"41","Spinosaurus_","Spinosaurus_.5"
"42","Spinosaurus_","Spinosaurus_.6"
"43","Spinosaurus_","Spinosaurus_.7"
"44","Spinosaurus_","Spinosaurus_.8"
"45","Spinosaurus_","Spinosaurus_.9"
"46","Spinosaurus_","Spinosaurus_.10"
"47","Spinosaurus_","Spinosaurus_.11"
"48","Suchomimus","Suchomimus.1"
"49","Suchomimus","Suchomimus.2"
"50","Suchomimus","Suchomimus.3"
"51","Baryonyx","Baryonyx.1"
"52","Baryonyx","Baryonyx.2"
"53","Baryonyx","Baryonyx.3"
 
* Phylo tree and the main data and strata files have been modified to include duplicated taxa before the scaled random trees are generated.
* Selected categorical labels column: diving.or.not
* diving.or.equal column is identical to Diving column.
* Regression excludes flying taxa.
* Diving labels that are present in regression: 0,2
* lambda (calculated from a random tree) = : 0.12
* index-name alignment check: OK
