Logfile for a session of program: bootstrap_binary.r
-----------------------------------------------------
INPUT:
workDir: C:/dino_nature/output/2023-11-07-D1\bs/set_1786
Nbootstrapsets: 2000
phyloFDAfile: c:/dino_nature/code/phylo.fda.R
auxFile: c:/dino_nature/code/auxiliary.r
boneType: femur
regressionData.file: C:/dino_nature/output/2023-11-07-D1\bs/set_1786/femur_set_1786.csv
applyDataFilter: FALSE
addTreeTips: TRUE
Ntrees: 100
calculateTrees: TRUE
saveTrees: FALSE


OPERATIONAL CHECKS:
* Regression data contains multiple copies of some taxa (user added variants of existing test taxa 
   or replacements due to bootstrap are present) which are not in the phylo tree:
     original taxon,   duplicate   
"1","Dasyurus_maculatus","Dasyurus_maculatus.1"
"2","Rupicapra_rupicapra","Rupicapra_rupicapra.1"
"3","Dasyurus_maculatus","Dasyurus_maculatus.2"
"4","Dasyurus_maculatus","Dasyurus_maculatus.3"
"5","Dasyurus_maculatus","Dasyurus_maculatus.4"
"6","Lacerta_viridis","Lacerta_viridis.1"
"7","Dasyurus_maculatus","Dasyurus_maculatus.5"
"8","Rupicapra_rupicapra","Rupicapra_rupicapra.2"
"9","Dasyurus_maculatus","Dasyurus_maculatus.6"
"10","Diplomesodon_pulchellum","Diplomesodon_pulchellum.1"
"11","Bos_taurus","Bos_taurus.1"
"12","Microgale_thomasi","Microgale_thomasi.1"
"13","Microgale_thomasi","Microgale_thomasi.2"
"14","Lama_guanicoe","Lama_guanicoe.1"
"15","Sus_scrofa","Sus_scrofa.1"
"16","Rattus_rattus","Rattus_rattus.1"
"17","Microgale_thomasi","Microgale_thomasi.3"
"18","Procavia_capensis","Procavia_capensis.1"
"19","Bos_taurus","Bos_taurus.2"
"20","Diplomesodon_pulchellum","Diplomesodon_pulchellum.2"
"21","Taxidea_taxus","Taxidea_taxus.1"
"22","Bos_taurus","Bos_taurus.3"
"23","Procyon_lotor","Procyon_lotor.1"
"24","Microgale_thomasi","Microgale_thomasi.4"
"25","Nyctereutes_procyonoides","Nyctereutes_procyonoides.1"
"26","Micropotamogale_euwenzorii","Micropotamogale_euwenzorii.1"
"27","Basilosaurus","Basilosaurus.1"
"28","Callophoca_obscura","Callophoca_obscura.1"
"29","Aptenodytes______","Aptenodytes______.1"
"30","Cryptoclidus","Cryptoclidus.1"
"31","Cricosaurus","Cricosaurus.1"
"32","Palaeospheniscus","Palaeospheniscus.1"
"33","Ornithorhynchus_anatinus","Ornithorhynchus_anatinus.1"
"34","Ichtyosaurus_","Ichtyosaurus_.1"
"35","Desmostylus_hesperus","Desmostylus_hesperus.1"
"36","Plesiosaurus","Plesiosaurus.1"
"37","Ichtyosaur_sp","Ichtyosaur_sp.1"
"38","large_eocene_stem_penguin","large_eocene_stem_penguin.1"
"39","Pistosaurus","Pistosaurus.1"
"40","Ichtyosaurus_","Ichtyosaurus_.2"
"41","Pistosaurus","Pistosaurus.2"
"42","Chironectes_minimus","Chironectes_minimus.1"
"43","Nothosaurus_102","Nothosaurus_102.1"
"44","Ichtyosaur_sp","Ichtyosaur_sp.2"
"45","Spinosaurus_","Spinosaurus_.1"
"46","Spinosaurus_","Spinosaurus_.2"
"47","Spinosaurus_","Spinosaurus_.3"
"48","Spinosaurus_","Spinosaurus_.4"
"49","Spinosaurus_","Spinosaurus_.5"
"50","Spinosaurus_","Spinosaurus_.6"
"51","Spinosaurus_","Spinosaurus_.7"
"52","Spinosaurus_","Spinosaurus_.8"
"53","Spinosaurus_","Spinosaurus_.9"
"54","Spinosaurus_","Spinosaurus_.10"
"55","Spinosaurus_","Spinosaurus_.11"
"56","Suchomimus","Suchomimus.1"
"57","Suchomimus","Suchomimus.2"
"58","Suchomimus","Suchomimus.3"
"59","Baryonyx","Baryonyx.1"
"60","Baryonyx","Baryonyx.2"
"61","Baryonyx","Baryonyx.3"
 
* Phylo tree and the main data and strata files have been modified to include duplicated taxa before the scaled random trees are generated.
* Selected categorical labels column: diving.or.not
* diving.or.equal column is identical to Diving column.
* Regression excludes flying taxa.
* Diving labels that are present in regression: 0,2
* lambda (calculated from a random tree) = : 0.08
* index-name alignment check: OK
