Logfile for a session of program: bootstrap_binary.r
-----------------------------------------------------
INPUT:
workDir: C:/dino_nature/output/2023-11-07-D1\bs/set_1873
Nbootstrapsets: 2000
phyloFDAfile: c:/dino_nature/code/phylo.fda.R
auxFile: c:/dino_nature/code/auxiliary.r
boneType: femur
regressionData.file: C:/dino_nature/output/2023-11-07-D1\bs/set_1873/femur_set_1873.csv
applyDataFilter: FALSE
addTreeTips: TRUE
Ntrees: 100
calculateTrees: TRUE
saveTrees: FALSE


OPERATIONAL CHECKS:
* Regression data contains multiple copies of some taxa (user added variants of existing test taxa 
   or replacements due to bootstrap are present) which are not in the phylo tree:
     original taxon,   duplicate   
"1","Dasyurus_maculatus","Dasyurus_maculatus.1"
"2","Procyon_lotor","Procyon_lotor.1"
"3","Procyon_lotor","Procyon_lotor.2"
"4","Raphus","Raphus.1"
"5","Megaloceros_sp","Megaloceros_sp.1"
"6","Apteryx_owenii_","Apteryx_owenii_.1"
"7","Tribonyx_mortieri","Tribonyx_mortieri.1"
"8","Rhynchocyon_petersi","Rhynchocyon_petersi.1"
"9","Monodelphis_domestica","Monodelphis_domestica.1"
"10","Cephalophus_silvicultor","Cephalophus_silvicultor.1"
"11","Alces_americanus","Alces_americanus.1"
"12","Monodelphis_domestica","Monodelphis_domestica.2"
"13","Caloenas_nicobarica","Caloenas_nicobarica.1"
"14","Paguma_larvata","Paguma_larvata.1"
"15","Alces_americanus","Alces_americanus.2"
"16","Paguma_larvata","Paguma_larvata.2"
"17","Tribonyx_mortieri","Tribonyx_mortieri.2"
"18","Elomeryx_borbonicus_","Elomeryx_borbonicus_.1"
"19","Dromaius_","Dromaius_.1"
"20","Tribonyx_mortieri","Tribonyx_mortieri.3"
"21","Rodhocetus","Rodhocetus.1"
"22","Nothosaurus_mirabilis_1","Nothosaurus_mirabilis_1.1"
"23","Micropotamogale_euwenzorii","Micropotamogale_euwenzorii.1"
"24","Metryorhynchus","Metryorhynchus.1"
"25","Champsosaurus","Champsosaurus.1"
"26","Desmostylus_hesperus","Desmostylus_hesperus.1"
"27","Chironectes_minimus","Chironectes_minimus.1"
"28","Metryorhynchus","Metryorhynchus.2"
"29","Castor_fiber","Castor_fiber.1"
"30","Protochampsidae","Protochampsidae.1"
"31","Palaeospheniscus","Palaeospheniscus.1"
"32","Indohyus","Indohyus.1"
"33","Ichtyosaurus_","Ichtyosaurus_.1"
"34","Desmostylus_hesperus","Desmostylus_hesperus.2"
"35","Paraplacodus","Paraplacodus.1"
"36","Anarosaurus","Anarosaurus.1"
"37","Otaria_byronia","Otaria_byronia.1"
"38","Callophoca_obscura","Callophoca_obscura.1"
"39","Micropotamogale_euwenzorii","Micropotamogale_euwenzorii.2"
"40","Anarosaurus","Anarosaurus.2"
"41","Phalacrocorax_harrisi","Phalacrocorax_harrisi.1"
"42","Simosaurus","Simosaurus.1"
"43","Remingtonocetus","Remingtonocetus.1"
"44","Spinosaurus_","Spinosaurus_.1"
"45","Spinosaurus_","Spinosaurus_.2"
"46","Spinosaurus_","Spinosaurus_.3"
"47","Spinosaurus_","Spinosaurus_.4"
"48","Spinosaurus_","Spinosaurus_.5"
"49","Spinosaurus_","Spinosaurus_.6"
"50","Spinosaurus_","Spinosaurus_.7"
"51","Spinosaurus_","Spinosaurus_.8"
"52","Spinosaurus_","Spinosaurus_.9"
"53","Spinosaurus_","Spinosaurus_.10"
"54","Spinosaurus_","Spinosaurus_.11"
"55","Suchomimus","Suchomimus.1"
"56","Suchomimus","Suchomimus.2"
"57","Suchomimus","Suchomimus.3"
"58","Baryonyx","Baryonyx.1"
"59","Baryonyx","Baryonyx.2"
"60","Baryonyx","Baryonyx.3"
 
* Phylo tree and the main data and strata files have been modified to include duplicated taxa before the scaled random trees are generated.
* Selected categorical labels column: diving.or.not
* diving.or.equal column is identical to Diving column.
* Regression excludes flying taxa.
* Diving labels that are present in regression: 0,2
* lambda (calculated from a random tree) = : 0.08
* index-name alignment check: OK
