Logfile for a session of program: bootstrap_binary.r
-----------------------------------------------------
INPUT:
workDir: C:/dino_nature/output/2023-11-07-D1\bs/set_1077
Nbootstrapsets: 2000
phyloFDAfile: c:/dino_nature/code/phylo.fda.R
auxFile: c:/dino_nature/code/auxiliary.r
boneType: femur
regressionData.file: C:/dino_nature/output/2023-11-07-D1\bs/set_1077/femur_set_1077.csv
applyDataFilter: FALSE
addTreeTips: TRUE
Ntrees: 100
calculateTrees: TRUE
saveTrees: FALSE


OPERATIONAL CHECKS:
* Regression data contains multiple copies of some taxa (user added variants of existing test taxa 
   or replacements due to bootstrap are present) which are not in the phylo tree:
     original taxon,   duplicate   
"1","Meles_meles","Meles_meles.1"
"2","Xenicus_giliventris","Xenicus_giliventris.1"
"3","Mammuthus_sp","Mammuthus_sp.1"
"4","Microgale_thomasi","Microgale_thomasi.1"
"5","Apteryx_australis","Apteryx_australis.1"
"6","Euroscaptor_micrura","Euroscaptor_micrura.1"
"7","Rangifer_tarandus","Rangifer_tarandus.1"
"8","Procavia_capensis","Procavia_capensis.1"
"9","Megaloceros_sp","Megaloceros_sp.1"
"10","Mammuthus_sp","Mammuthus_sp.2"
"11","Microgale_thomasi","Microgale_thomasi.2"
"12","Capreolus_capreolus","Capreolus_capreolus.1"
"13","Diplomesodon_pulchellum","Diplomesodon_pulchellum.1"
"14","Rangifer_tarandus","Rangifer_tarandus.2"
"15","Capreolus_capreolus","Capreolus_capreolus.2"
"16","Sus_scrofa","Sus_scrofa.1"
"17","Sus_scrofa","Sus_scrofa.2"
"18","Raphus","Raphus.1"
"19","Atlantisia_rogersi","Atlantisia_rogersi.1"
"20","Sphenodon_punctatus","Sphenodon_punctatus.1"
"21","Maiacetus","Maiacetus.1"
"22","Simosaurus_1","Simosaurus_1.1"
"23","Callophoca_obscura","Callophoca_obscura.1"
"24","Hydromys_chrysogaster","Hydromys_chrysogaster.1"
"25","Serpianosaurus","Serpianosaurus.1"
"26","Chapsosaurus_","Chapsosaurus_.1"
"27","Chapsosaurus_","Chapsosaurus_.2"
"28","Hexaprotodon_garyam","Hexaprotodon_garyam.1"
"29","Desmana_moschata","Desmana_moschata.1"
"30","Hexaprotodon_garyam","Hexaprotodon_garyam.2"
"31","Phocanella_pumila","Phocanella_pumila.1"
"32","Ornithorhynchus_anatinus","Ornithorhynchus_anatinus.1"
"33","Champsosaurus","Champsosaurus.1"
"34","Desmana_moschata","Desmana_moschata.2"
"35","Ornithorhynchus_anatinus","Ornithorhynchus_anatinus.2"
"36","Phocanella_pumila","Phocanella_pumila.2"
"37","Plesiosaurus","Plesiosaurus.1"
"38","Nothosaurus_102","Nothosaurus_102.1"
"39","Remingtonocetus","Remingtonocetus.1"
"40","Otaria_byronia","Otaria_byronia.1"
"41","Simosaurus","Simosaurus.1"
"42","Spinosaurus_","Spinosaurus_.1"
"43","Spinosaurus_","Spinosaurus_.2"
"44","Spinosaurus_","Spinosaurus_.3"
"45","Spinosaurus_","Spinosaurus_.4"
"46","Spinosaurus_","Spinosaurus_.5"
"47","Spinosaurus_","Spinosaurus_.6"
"48","Spinosaurus_","Spinosaurus_.7"
"49","Spinosaurus_","Spinosaurus_.8"
"50","Spinosaurus_","Spinosaurus_.9"
"51","Spinosaurus_","Spinosaurus_.10"
"52","Spinosaurus_","Spinosaurus_.11"
"53","Suchomimus","Suchomimus.1"
"54","Suchomimus","Suchomimus.2"
"55","Suchomimus","Suchomimus.3"
"56","Baryonyx","Baryonyx.1"
"57","Baryonyx","Baryonyx.2"
"58","Baryonyx","Baryonyx.3"
 
* Phylo tree and the main data and strata files have been modified to include duplicated taxa before the scaled random trees are generated.
* Selected categorical labels column: diving.or.not
* diving.or.equal column is identical to Diving column.
* Regression excludes flying taxa.
* Diving labels that are present in regression: 0,2
* lambda (calculated from a random tree) = : 0.08
* index-name alignment check: OK
