Logfile for a session of program: bootstrap_binary.r
-----------------------------------------------------
INPUT:
workDir: C:/dino_nature/output/2023-11-07-D1\bs/set_1339
Nbootstrapsets: 2000
phyloFDAfile: c:/dino_nature/code/phylo.fda.R
auxFile: c:/dino_nature/code/auxiliary.r
boneType: femur
regressionData.file: C:/dino_nature/output/2023-11-07-D1\bs/set_1339/femur_set_1339.csv
applyDataFilter: FALSE
addTreeTips: TRUE
Ntrees: 100
calculateTrees: TRUE
saveTrees: FALSE


OPERATIONAL CHECKS:
* Regression data contains multiple copies of some taxa (user added variants of existing test taxa 
   or replacements due to bootstrap are present) which are not in the phylo tree:
     original taxon,   duplicate   
"1","Mustela_nivalis","Mustela_nivalis.1"
"2","Alces_americanus","Alces_americanus.1"
"3","Diplomesodon_pulchellum","Diplomesodon_pulchellum.1"
"4","Euroscaptor_micrura","Euroscaptor_micrura.1"
"5","Procavia_capensis","Procavia_capensis.1"
"6","Pogona_viceps","Pogona_viceps.1"
"7","Alces_americanus","Alces_americanus.2"
"8","Caloenas_nicobarica","Caloenas_nicobarica.1"
"9","Alces_americanus","Alces_americanus.3"
"10","Hemiechinus_azurites","Hemiechinus_azurites.1"
"11","Pogona_viceps","Pogona_viceps.2"
"12","Sphenodon_punctatus","Sphenodon_punctatus.1"
"13","Meles_meles","Meles_meles.1"
"14","Dama_dama","Dama_dama.1"
"15","Rhinoceros_sondaicus","Rhinoceros_sondaicus.1"
"16","Procavia_capensis","Procavia_capensis.2"
"17","Rhinoceros_sondaicus","Rhinoceros_sondaicus.2"
"18","Dromaius_","Dromaius_.1"
"19","Remingtonocetus","Remingtonocetus.1"
"20","Hexaprotodon_garyam","Hexaprotodon_garyam.1"
"21","Remingtonocetus","Remingtonocetus.2"
"22","Indohyus","Indohyus.1"
"23","Hexaprotodon_garyam","Hexaprotodon_garyam.2"
"24","Palaeospheniscus","Palaeospheniscus.1"
"25","Indohyus","Indohyus.2"
"26","Basilosaurus","Basilosaurus.1"
"27","Leptophoca_proxima","Leptophoca_proxima.1"
"28","Callophoca_obscura","Callophoca_obscura.1"
"29","Nothosaurus_150","Nothosaurus_150.1"
"30","Rhaeticosaurus","Rhaeticosaurus.1"
"31","Nothosaurus_150","Nothosaurus_150.2"
"32","Hydromys_chrysogaster","Hydromys_chrysogaster.1"
"33","Noemys_fodies","Noemys_fodies.1"
"34","Hexaprotodon_garyam","Hexaprotodon_garyam.3"
"35","large_eocene_stem_penguin","large_eocene_stem_penguin.1"
"36","Desmana_moschata","Desmana_moschata.1"
"37","Protochampsidae","Protochampsidae.1"
"38","Protochampsidae","Protochampsidae.2"
"39","Basilosaurus","Basilosaurus.2"
"40","Ornithorhynchus_anatinus","Ornithorhynchus_anatinus.1"
"41","Ichtyosaurus_","Ichtyosaurus_.1"
"42","Spinosaurus_","Spinosaurus_.1"
"43","Spinosaurus_","Spinosaurus_.2"
"44","Spinosaurus_","Spinosaurus_.3"
"45","Spinosaurus_","Spinosaurus_.4"
"46","Spinosaurus_","Spinosaurus_.5"
"47","Spinosaurus_","Spinosaurus_.6"
"48","Spinosaurus_","Spinosaurus_.7"
"49","Spinosaurus_","Spinosaurus_.8"
"50","Spinosaurus_","Spinosaurus_.9"
"51","Spinosaurus_","Spinosaurus_.10"
"52","Spinosaurus_","Spinosaurus_.11"
"53","Suchomimus","Suchomimus.1"
"54","Suchomimus","Suchomimus.2"
"55","Suchomimus","Suchomimus.3"
"56","Baryonyx","Baryonyx.1"
"57","Baryonyx","Baryonyx.2"
"58","Baryonyx","Baryonyx.3"
 
* Phylo tree and the main data and strata files have been modified to include duplicated taxa before the scaled random trees are generated.
* Selected categorical labels column: diving.or.not
* diving.or.equal column is identical to Diving column.
* Regression excludes flying taxa.
* Diving labels that are present in regression: 0,2
* lambda (calculated from a random tree) = : 0.08
* index-name alignment check: OK
