Logfile for a session of program: bootstrap_binary.r
-----------------------------------------------------
INPUT:
workDir: C:/dino_nature/output/2023-11-07-D1\bs/set_1672
Nbootstrapsets: 2000
phyloFDAfile: c:/dino_nature/code/phylo.fda.R
auxFile: c:/dino_nature/code/auxiliary.r
boneType: femur
regressionData.file: C:/dino_nature/output/2023-11-07-D1\bs/set_1672/femur_set_1672.csv
applyDataFilter: FALSE
addTreeTips: TRUE
Ntrees: 100
calculateTrees: TRUE
saveTrees: FALSE


OPERATIONAL CHECKS:
* Regression data contains multiple copies of some taxa (user added variants of existing test taxa 
   or replacements due to bootstrap are present) which are not in the phylo tree:
     original taxon,   duplicate   
"1","Raphus","Raphus.1"
"2","Taxidea_taxus","Taxidea_taxus.1"
"3","Taxidea_taxus","Taxidea_taxus.2"
"4","Rhinoceros_sondaicus","Rhinoceros_sondaicus.1"
"5","Procyon_lotor","Procyon_lotor.1"
"6","Procavia_capensis","Procavia_capensis.1"
"7","Ceratotherium_simum","Ceratotherium_simum.1"
"8","Okapia_johnstoni","Okapia_johnstoni.1"
"9","Raphus","Raphus.2"
"10","Alces_americanus","Alces_americanus.1"
"11","Procyon_lotor","Procyon_lotor.2"
"12","Tenrec_ecaudatus","Tenrec_ecaudatus.1"
"13","Procavia_capensis","Procavia_capensis.2"
"14","Raphus","Raphus.3"
"15","Microgale_thomasi","Microgale_thomasi.1"
"16","Sphenodon_punctatus","Sphenodon_punctatus.1"
"17","Porphyrio_hochstetteri","Porphyrio_hochstetteri.1"
"18","Procyon_lotor","Procyon_lotor.3"
"19","Giraffa_camelopardalis","Giraffa_camelopardalis.1"
"20","Alces_americanus","Alces_americanus.2"
"21","Procyon_lotor","Procyon_lotor.4"
"22","Euroscaptor_micrura","Euroscaptor_micrura.1"
"23","Taxidea_taxus","Taxidea_taxus.3"
"24","Rhinoceros_sondaicus","Rhinoceros_sondaicus.2"
"25","Champsosaurus","Champsosaurus.1"
"26","Hexaprotodon_garyam","Hexaprotodon_garyam.1"
"27","Aptenodytes______","Aptenodytes______.1"
"28","Champsosaurus","Champsosaurus.2"
"29","Aptenodytes______","Aptenodytes______.2"
"30","Small_Eocene_penguin","Small_Eocene_penguin.1"
"31","Simosaurus","Simosaurus.1"
"32","Rodhocetus","Rodhocetus.1"
"33","Ornithorhynchus_anatinus","Ornithorhynchus_anatinus.1"
"34","Phocanella_pumila","Phocanella_pumila.1"
"35","Choeropsis_liberiensis","Choeropsis_liberiensis.1"
"36","Tapirus_terrestris","Tapirus_terrestris.1"
"37","Pistosaurus","Pistosaurus.1"
"38","Rodhocetus","Rodhocetus.2"
"39","Tapirus_terrestris","Tapirus_terrestris.2"
"40","Placodontia_indet_1","Placodontia_indet_1.1"
"41","Hexaprotodon_garyam","Hexaprotodon_garyam.2"
"42","Protochampsidae","Protochampsidae.1"
"43","Neusticosaurus","Neusticosaurus.1"
"44","Basilosaurus","Basilosaurus.1"
"45","Rhaeticosaurus","Rhaeticosaurus.1"
"46","Nanophoca_vitulinoides","Nanophoca_vitulinoides.1"
"47","Nothosaurus_mirabilis_1","Nothosaurus_mirabilis_1.1"
"48","Ornithorhynchus_anatinus","Ornithorhynchus_anatinus.2"
"49","Spinosaurus_","Spinosaurus_.1"
"50","Spinosaurus_","Spinosaurus_.2"
"51","Spinosaurus_","Spinosaurus_.3"
"52","Spinosaurus_","Spinosaurus_.4"
"53","Spinosaurus_","Spinosaurus_.5"
"54","Spinosaurus_","Spinosaurus_.6"
"55","Spinosaurus_","Spinosaurus_.7"
"56","Spinosaurus_","Spinosaurus_.8"
"57","Spinosaurus_","Spinosaurus_.9"
"58","Spinosaurus_","Spinosaurus_.10"
"59","Spinosaurus_","Spinosaurus_.11"
"60","Suchomimus","Suchomimus.1"
"61","Suchomimus","Suchomimus.2"
"62","Suchomimus","Suchomimus.3"
"63","Baryonyx","Baryonyx.1"
"64","Baryonyx","Baryonyx.2"
"65","Baryonyx","Baryonyx.3"
 
* Phylo tree and the main data and strata files have been modified to include duplicated taxa before the scaled random trees are generated.
* Selected categorical labels column: diving.or.not
* diving.or.equal column is identical to Diving column.
* Regression excludes flying taxa.
* Diving labels that are present in regression: 0,2
* lambda (calculated from a random tree) = : 0.09
* index-name alignment check: OK
