Logfile for a session of program: bootstrap_binary.r
-----------------------------------------------------
INPUT:
workDir: C:/dino_nature/output/2023-11-07-D1\bs/set_1056
Nbootstrapsets: 2000
phyloFDAfile: c:/dino_nature/code/phylo.fda.R
auxFile: c:/dino_nature/code/auxiliary.r
boneType: femur
regressionData.file: C:/dino_nature/output/2023-11-07-D1\bs/set_1056/femur_set_1056.csv
applyDataFilter: FALSE
addTreeTips: TRUE
Ntrees: 100
calculateTrees: TRUE
saveTrees: FALSE


OPERATIONAL CHECKS:
* Regression data contains multiple copies of some taxa (user added variants of existing test taxa 
   or replacements due to bootstrap are present) which are not in the phylo tree:
     original taxon,   duplicate   
"1","Capreolus_capreolus","Capreolus_capreolus.1"
"2","Dromaius_","Dromaius_.1"
"3","Elephas_maximus","Elephas_maximus.1"
"4","Rynochetus_jubatus","Rynochetus_jubatus.1"
"5","Rynochetus_jubatus","Rynochetus_jubatus.2"
"6","Strigiops_habroptilus","Strigiops_habroptilus.1"
"7","Elephas_maximus","Elephas_maximus.2"
"8","Rupicapra_rupicapra","Rupicapra_rupicapra.1"
"9","Strigiops_habroptilus","Strigiops_habroptilus.2"
"10","Mammuthus_sp","Mammuthus_sp.1"
"11","Tribonyx_mortieri","Tribonyx_mortieri.1"
"12","Dromaius_","Dromaius_.2"
"13","Rynochetus_jubatus","Rynochetus_jubatus.3"
"14","Lacerta_viridis","Lacerta_viridis.1"
"15","Alces_americanus","Alces_americanus.1"
"16","Tenrec_ecaudatus","Tenrec_ecaudatus.1"
"17","Ceratotherium_simum","Ceratotherium_simum.1"
"18","Rattus_rattus","Rattus_rattus.1"
"19","Dromaius_","Dromaius_.3"
"20","Mustela_nivalis","Mustela_nivalis.1"
"21","Uncia_uncia","Uncia_uncia.1"
"22","Uncia_uncia","Uncia_uncia.2"
"23","Rangifer_tarandus","Rangifer_tarandus.1"
"24","Hexaprotodon_garyam","Hexaprotodon_garyam.1"
"25","Choeropsis_liberiensis","Choeropsis_liberiensis.1"
"26","Nothosaurus_mirabilis_1","Nothosaurus_mirabilis_1.1"
"27","Nothosaurus_568","Nothosaurus_568.1"
"28","Nothosaurus_568","Nothosaurus_568.2"
"29","Cryptoclidus","Cryptoclidus.1"
"30","Hippopotamus_amphibius","Hippopotamus_amphibius.1"
"31","Desmostylus_hesperus","Desmostylus_hesperus.1"
"32","Choeropsis_liberiensis","Choeropsis_liberiensis.2"
"33","Nothosaurus_mirabilis_1","Nothosaurus_mirabilis_1.2"
"34","Paraplacodus","Paraplacodus.1"
"35","Nothosaurus_150","Nothosaurus_150.1"
"36","Protochampsidae","Protochampsidae.1"
"37","Hexaprotodon_garyam","Hexaprotodon_garyam.2"
"38","Ichtyosaur_sp","Ichtyosaur_sp.1"
"39","Cryptoclidus","Cryptoclidus.2"
"40","Protochampsidae","Protochampsidae.2"
"41","Tapirus_terrestris","Tapirus_terrestris.1"
"42","Cricosaurus","Cricosaurus.1"
"43","Nothosaurus_150","Nothosaurus_150.2"
"44","Palaeospheniscus","Palaeospheniscus.1"
"45","Callophoca_obscura","Callophoca_obscura.1"
"46","Spinosaurus_","Spinosaurus_.1"
"47","Spinosaurus_","Spinosaurus_.2"
"48","Spinosaurus_","Spinosaurus_.3"
"49","Spinosaurus_","Spinosaurus_.4"
"50","Spinosaurus_","Spinosaurus_.5"
"51","Spinosaurus_","Spinosaurus_.6"
"52","Spinosaurus_","Spinosaurus_.7"
"53","Spinosaurus_","Spinosaurus_.8"
"54","Spinosaurus_","Spinosaurus_.9"
"55","Spinosaurus_","Spinosaurus_.10"
"56","Spinosaurus_","Spinosaurus_.11"
"57","Suchomimus","Suchomimus.1"
"58","Suchomimus","Suchomimus.2"
"59","Suchomimus","Suchomimus.3"
"60","Baryonyx","Baryonyx.1"
"61","Baryonyx","Baryonyx.2"
"62","Baryonyx","Baryonyx.3"
 
* Phylo tree and the main data and strata files have been modified to include duplicated taxa before the scaled random trees are generated.
* Selected categorical labels column: diving.or.not
* diving.or.equal column is identical to Diving column.
* Regression excludes flying taxa.
* Diving labels that are present in regression: 0,2
* lambda (calculated from a random tree) = : 0.1
* index-name alignment check: OK
