Logfile for a session of program: bootstrap_binary.r
-----------------------------------------------------
INPUT:
workDir: C:/dino_nature/output/2023-11-07-D1\bs/set_126
Nbootstrapsets: 2000
phyloFDAfile: c:/dino_nature/code/phylo.fda.R
auxFile: c:/dino_nature/code/auxiliary.r
boneType: femur
regressionData.file: C:/dino_nature/output/2023-11-07-D1\bs/set_126/femur_set_126.csv
applyDataFilter: FALSE
addTreeTips: TRUE
Ntrees: 100
calculateTrees: TRUE
saveTrees: FALSE


OPERATIONAL CHECKS:
* Regression data contains multiple copies of some taxa (user added variants of existing test taxa 
   or replacements due to bootstrap are present) which are not in the phylo tree:
     original taxon,   duplicate   
"1","Xenicus_giliventris","Xenicus_giliventris.1"
"2","Dromaius_","Dromaius_.1"
"3","Syncerus_caffer","Syncerus_caffer.1"
"4","Mammuthus_sp","Mammuthus_sp.1"
"5","Dromaius_","Dromaius_.2"
"6","Alces_americanus","Alces_americanus.1"
"7","Brachyodus_onoideum","Brachyodus_onoideum.1"
"8","Mammuthus_sp","Mammuthus_sp.2"
"9","Dasyurus_maculatus","Dasyurus_maculatus.1"
"10","Dasyurus_maculatus","Dasyurus_maculatus.2"
"11","Meles_meles","Meles_meles.1"
"12","Euroscaptor_micrura","Euroscaptor_micrura.1"
"13","Rattus_rattus","Rattus_rattus.1"
"14","Dasyurus_maculatus","Dasyurus_maculatus.3"
"15","Mus_musculus","Mus_musculus.1"
"16","Vulpes_vulpes","Vulpes_vulpes.1"
"17","Elomeryx_borbonicus_","Elomeryx_borbonicus_.1"
"18","Elomeryx_borbonicus_","Elomeryx_borbonicus_.2"
"19","Rhynchocyon_petersi","Rhynchocyon_petersi.1"
"20","Dama_dama","Dama_dama.1"
"21","Okapia_johnstoni","Okapia_johnstoni.1"
"22","Rupicapra_rupicapra","Rupicapra_rupicapra.1"
"23","Dasyurus_maculatus","Dasyurus_maculatus.4"
"24","Caiman_yacare","Caiman_yacare.1"
"25","Ornithorhynchus_anatinus","Ornithorhynchus_anatinus.1"
"26","Nothosaurus_giganteus","Nothosaurus_giganteus.1"
"27","Nothosaurus_150","Nothosaurus_150.1"
"28","Ornithorhynchus_anatinus","Ornithorhynchus_anatinus.2"
"29","Hesperornis","Hesperornis.1"
"30","Metryorhynchus","Metryorhynchus.1"
"31","Otaria_byronia","Otaria_byronia.1"
"32","Pistosaurus","Pistosaurus.1"
"33","Placondontia_indet","Placondontia_indet.1"
"34","Ichtyosaur_sp","Ichtyosaur_sp.1"
"35","Phalacrocorax_harrisi","Phalacrocorax_harrisi.1"
"36","Choeropsis_liberiensis","Choeropsis_liberiensis.1"
"37","Ichtyosaur_sp","Ichtyosaur_sp.2"
"38","Cryptoclidus","Cryptoclidus.1"
"39","Metryorhynchus","Metryorhynchus.2"
"40","Hydromys_chrysogaster","Hydromys_chrysogaster.1"
"41","Otaria_byronia","Otaria_byronia.2"
"42","Nothosaurus_giganteus","Nothosaurus_giganteus.2"
"43","Castor_fiber","Castor_fiber.1"
"44","Placodontia_indet_1","Placodontia_indet_1.1"
"45","Placondontia_indet","Placondontia_indet.2"
"46","Spinosaurus_","Spinosaurus_.1"
"47","Spinosaurus_","Spinosaurus_.2"
"48","Spinosaurus_","Spinosaurus_.3"
"49","Spinosaurus_","Spinosaurus_.4"
"50","Spinosaurus_","Spinosaurus_.5"
"51","Spinosaurus_","Spinosaurus_.6"
"52","Spinosaurus_","Spinosaurus_.7"
"53","Spinosaurus_","Spinosaurus_.8"
"54","Spinosaurus_","Spinosaurus_.9"
"55","Spinosaurus_","Spinosaurus_.10"
"56","Spinosaurus_","Spinosaurus_.11"
"57","Suchomimus","Suchomimus.1"
"58","Suchomimus","Suchomimus.2"
"59","Suchomimus","Suchomimus.3"
"60","Baryonyx","Baryonyx.1"
"61","Baryonyx","Baryonyx.2"
"62","Baryonyx","Baryonyx.3"
 
* Phylo tree and the main data and strata files have been modified to include duplicated taxa before the scaled random trees are generated.
* Selected categorical labels column: diving.or.not
* diving.or.equal column is identical to Diving column.
* Regression excludes flying taxa.
* Diving labels that are present in regression: 0,2
* lambda (calculated from a random tree) = : 0.12
* index-name alignment check: OK
