Logfile for a session of program: bootstrap_binary.r
-----------------------------------------------------
INPUT:
workDir: C:/dino_nature/output/2023-11-07-D1\bs/set_1719
Nbootstrapsets: 2000
phyloFDAfile: c:/dino_nature/code/phylo.fda.R
auxFile: c:/dino_nature/code/auxiliary.r
boneType: femur
regressionData.file: C:/dino_nature/output/2023-11-07-D1\bs/set_1719/femur_set_1719.csv
applyDataFilter: FALSE
addTreeTips: TRUE
Ntrees: 100
calculateTrees: TRUE
saveTrees: FALSE


OPERATIONAL CHECKS:
* Regression data contains multiple copies of some taxa (user added variants of existing test taxa 
   or replacements due to bootstrap are present) which are not in the phylo tree:
     original taxon,   duplicate   
"1","Mus_musculus","Mus_musculus.1"
"2","Procavia_capensis","Procavia_capensis.1"
"3","Mus_musculus","Mus_musculus.2"
"4","Dicerorhinus_sumatrensis","Dicerorhinus_sumatrensis.1"
"5","Bos_taurus","Bos_taurus.1"
"6","Megaloceros_sp","Megaloceros_sp.1"
"7","Euroscaptor_micrura","Euroscaptor_micrura.1"
"8","Dicerorhinus_sumatrensis","Dicerorhinus_sumatrensis.2"
"9","Raphus","Raphus.1"
"10","Cephalophus_silvicultor","Cephalophus_silvicultor.1"
"11","Strigiops_habroptilus","Strigiops_habroptilus.1"
"12","Microgale_thomasi","Microgale_thomasi.1"
"13","Rhinoceros_sondaicus","Rhinoceros_sondaicus.1"
"14","Uncia_uncia","Uncia_uncia.1"
"15","Diplomesodon_pulchellum","Diplomesodon_pulchellum.1"
"16","Procavia_capensis","Procavia_capensis.2"
"17","Cephalophus_silvicultor","Cephalophus_silvicultor.2"
"18","Rattus_rattus","Rattus_rattus.1"
"19","Euroscaptor_micrura","Euroscaptor_micrura.2"
"20","Mustela_nivalis","Mustela_nivalis.1"
"21","Nothosaurus_568","Nothosaurus_568.1"
"22","Hippopotamus_amphibius","Hippopotamus_amphibius.1"
"23","Nothosaurus_568","Nothosaurus_568.2"
"24","Cryptoclidus","Cryptoclidus.1"
"25","Ichtyosaur_sp","Ichtyosaur_sp.1"
"26","Leptophoca_proxima","Leptophoca_proxima.1"
"27","Nothosaurus_150","Nothosaurus_150.1"
"28","Leptophoca_proxima","Leptophoca_proxima.2"
"29","Neusticosaurus","Neusticosaurus.1"
"30","Basilosaurus","Basilosaurus.1"
"31","Alligator","Alligator.1"
"32","Spheniscus","Spheniscus.1"
"33","Protochampsidae","Protochampsidae.1"
"34","Ichtyosaurus_","Ichtyosaurus_.1"
"35","Leptophoca_proxima","Leptophoca_proxima.3"
"36","Ornithorhynchus_anatinus","Ornithorhynchus_anatinus.1"
"37","Metryorhynchus","Metryorhynchus.1"
"38","Callophoca_obscura","Callophoca_obscura.1"
"39","Champsosaurus","Champsosaurus.1"
"40","Hydromys_chrysogaster","Hydromys_chrysogaster.1"
"41","Hexaprotodon_garyam","Hexaprotodon_garyam.1"
"42","Aptenodytes______","Aptenodytes______.1"
"43","Ichtyosaur_sp","Ichtyosaur_sp.2"
"44","Spinosaurus_","Spinosaurus_.1"
"45","Spinosaurus_","Spinosaurus_.2"
"46","Spinosaurus_","Spinosaurus_.3"
"47","Spinosaurus_","Spinosaurus_.4"
"48","Spinosaurus_","Spinosaurus_.5"
"49","Spinosaurus_","Spinosaurus_.6"
"50","Spinosaurus_","Spinosaurus_.7"
"51","Spinosaurus_","Spinosaurus_.8"
"52","Spinosaurus_","Spinosaurus_.9"
"53","Spinosaurus_","Spinosaurus_.10"
"54","Spinosaurus_","Spinosaurus_.11"
"55","Suchomimus","Suchomimus.1"
"56","Suchomimus","Suchomimus.2"
"57","Suchomimus","Suchomimus.3"
"58","Baryonyx","Baryonyx.1"
"59","Baryonyx","Baryonyx.2"
"60","Baryonyx","Baryonyx.3"
 
* Phylo tree and the main data and strata files have been modified to include duplicated taxa before the scaled random trees are generated.
* Selected categorical labels column: diving.or.not
* diving.or.equal column is identical to Diving column.
* Regression excludes flying taxa.
* Diving labels that are present in regression: 0,2
* lambda (calculated from a random tree) = : 0.11
* index-name alignment check: OK
