Logfile for a session of program: bootstrap_binary.r
-----------------------------------------------------
INPUT:
workDir: C:/dino_nature/output/2023-11-07-D1\bs/set_1492
Nbootstrapsets: 2000
phyloFDAfile: c:/dino_nature/code/phylo.fda.R
auxFile: c:/dino_nature/code/auxiliary.r
boneType: femur
regressionData.file: C:/dino_nature/output/2023-11-07-D1\bs/set_1492/femur_set_1492.csv
applyDataFilter: FALSE
addTreeTips: TRUE
Ntrees: 100
calculateTrees: TRUE
saveTrees: FALSE


OPERATIONAL CHECKS:
* Regression data contains multiple copies of some taxa (user added variants of existing test taxa 
   or replacements due to bootstrap are present) which are not in the phylo tree:
     original taxon,   duplicate   
"1","Capreolus_capreolus","Capreolus_capreolus.1"
"2","Apteryx_owenii_","Apteryx_owenii_.1"
"3","Rhinoceros_sondaicus","Rhinoceros_sondaicus.1"
"4","Sus_scrofa","Sus_scrofa.1"
"5","Tenrec_ecaudatus","Tenrec_ecaudatus.1"
"6","Paguma_larvata","Paguma_larvata.1"
"7","Xenicus_giliventris","Xenicus_giliventris.1"
"8","Rangifer_tarandus","Rangifer_tarandus.1"
"9","Apteryx_owenii_","Apteryx_owenii_.2"
"10","Monodelphis_domestica","Monodelphis_domestica.1"
"11","Sus_scrofa","Sus_scrofa.2"
"12","Dromaius_","Dromaius_.1"
"13","Euroscaptor_micrura","Euroscaptor_micrura.1"
"14","Cephalophus_silvicultor","Cephalophus_silvicultor.1"
"15","Syncerus_caffer","Syncerus_caffer.1"
"16","Felis_felis","Felis_felis.1"
"17","Rangifer_tarandus","Rangifer_tarandus.2"
"18","Bison_bonasus","Bison_bonasus.1"
"19","Tamandua_tetradactyla","Tamandua_tetradactyla.1"
"20","Mustela_nivalis","Mustela_nivalis.1"
"21","Pogona_viceps","Pogona_viceps.1"
"22","Apteryx_australis","Apteryx_australis.1"
"23","Vulpes_vulpes","Vulpes_vulpes.1"
"24","Metryorhynchus","Metryorhynchus.1"
"25","Dyrosaurid","Dyrosaurid.1"
"26","Indohyus","Indohyus.1"
"27","Ornithorhynchus_anatinus","Ornithorhynchus_anatinus.1"
"28","Metryorhynchus","Metryorhynchus.2"
"29","Nothosaurus_mirabilis","Nothosaurus_mirabilis.1"
"30","Small_Eocene_penguin","Small_Eocene_penguin.1"
"31","Indohyus","Indohyus.2"
"32","Nothosaurus_mirabilis","Nothosaurus_mirabilis.2"
"33","Noemys_fodies","Noemys_fodies.1"
"34","Maiacetus","Maiacetus.1"
"35","Caiman_yacare","Caiman_yacare.1"
"36","Rodhocetus","Rodhocetus.1"
"37","Leptophoca_proxima","Leptophoca_proxima.1"
"38","Dyrosaurid","Dyrosaurid.2"
"39","Paraplacodus","Paraplacodus.1"
"40","Nothosaurus_102","Nothosaurus_102.1"
"41","Dyrosaurid","Dyrosaurid.3"
"42","Caiman_yacare","Caiman_yacare.2"
"43","Neusticosaurus","Neusticosaurus.1"
"44","Psephoderma","Psephoderma.1"
"45","Paraplacodus","Paraplacodus.2"
"46","Nothosaurus_mirabilis","Nothosaurus_mirabilis.3"
"47","Paraplacodus","Paraplacodus.3"
"48","Spinosaurus_","Spinosaurus_.1"
"49","Spinosaurus_","Spinosaurus_.2"
"50","Spinosaurus_","Spinosaurus_.3"
"51","Spinosaurus_","Spinosaurus_.4"
"52","Spinosaurus_","Spinosaurus_.5"
"53","Spinosaurus_","Spinosaurus_.6"
"54","Spinosaurus_","Spinosaurus_.7"
"55","Spinosaurus_","Spinosaurus_.8"
"56","Spinosaurus_","Spinosaurus_.9"
"57","Spinosaurus_","Spinosaurus_.10"
"58","Spinosaurus_","Spinosaurus_.11"
"59","Suchomimus","Suchomimus.1"
"60","Suchomimus","Suchomimus.2"
"61","Suchomimus","Suchomimus.3"
"62","Baryonyx","Baryonyx.1"
"63","Baryonyx","Baryonyx.2"
"64","Baryonyx","Baryonyx.3"
 
* Phylo tree and the main data and strata files have been modified to include duplicated taxa before the scaled random trees are generated.
* Selected categorical labels column: diving.or.not
* diving.or.equal column is identical to Diving column.
* Regression excludes flying taxa.
* Diving labels that are present in regression: 0,2
* lambda (calculated from a random tree) = : 0.11
* index-name alignment check: OK
