Logfile for a session of program: bootstrap_binary.r
-----------------------------------------------------
INPUT:
workDir: C:/dino_nature/output/2023-11-07-D1\bs/set_1158
Nbootstrapsets: 2000
phyloFDAfile: c:/dino_nature/code/phylo.fda.R
auxFile: c:/dino_nature/code/auxiliary.r
boneType: femur
regressionData.file: C:/dino_nature/output/2023-11-07-D1\bs/set_1158/femur_set_1158.csv
applyDataFilter: FALSE
addTreeTips: TRUE
Ntrees: 100
calculateTrees: TRUE
saveTrees: FALSE


OPERATIONAL CHECKS:
* Regression data contains multiple copies of some taxa (user added variants of existing test taxa 
   or replacements due to bootstrap are present) which are not in the phylo tree:
     original taxon,   duplicate   
"1","Apteryx_owenii_","Apteryx_owenii_.1"
"2","Dromaius_","Dromaius_.1"
"3","Dasyurus_maculatus","Dasyurus_maculatus.1"
"4","Microgale_thomasi","Microgale_thomasi.1"
"5","Bison_bonasus","Bison_bonasus.1"
"6","Xenicus_giliventris","Xenicus_giliventris.1"
"7","Alces_americanus","Alces_americanus.1"
"8","Rhinoceros_sondaicus","Rhinoceros_sondaicus.1"
"9","Syncerus_caffer","Syncerus_caffer.1"
"10","Alces_americanus","Alces_americanus.2"
"11","Rangifer_tarandus","Rangifer_tarandus.1"
"12","Giraffa_camelopardalis","Giraffa_camelopardalis.1"
"13","Rattus_rattus","Rattus_rattus.1"
"14","Syncerus_caffer","Syncerus_caffer.2"
"15","Bos_taurus","Bos_taurus.1"
"16","Atlantisia_rogersi","Atlantisia_rogersi.1"
"17","Dromaius_","Dromaius_.2"
"18","Tribonyx_mortieri","Tribonyx_mortieri.1"
"19","Syncerus_caffer","Syncerus_caffer.3"
"20","Vulpes_vulpes","Vulpes_vulpes.1"
"21","Alces_americanus","Alces_americanus.3"
"22","Microgale_thomasi","Microgale_thomasi.2"
"23","Palaeospheniscus","Palaeospheniscus.1"
"24","Nothosaurus_102","Nothosaurus_102.1"
"25","Palaeospheniscus","Palaeospheniscus.2"
"26","Nothosaurus_102","Nothosaurus_102.2"
"27","Nothosaurus_568","Nothosaurus_568.1"
"28","Castor_fiber","Castor_fiber.1"
"29","Phocanella_pumila","Phocanella_pumila.1"
"30","Pistosaurus","Pistosaurus.1"
"31","Chapsosaurus_","Chapsosaurus_.1"
"32","Pistosaurus","Pistosaurus.2"
"33","Spheniscus","Spheniscus.1"
"34","Ichtyosaurus_","Ichtyosaurus_.1"
"35","Dyrosaurid","Dyrosaurid.1"
"36","Cryptoclidus","Cryptoclidus.1"
"37","Chironectes_minimus","Chironectes_minimus.1"
"38","Protochampsidae","Protochampsidae.1"
"39","Psephoderma","Psephoderma.1"
"40","Nothosaurus_mirabilis_1","Nothosaurus_mirabilis_1.1"
"41","Chapsosaurus_","Chapsosaurus_.2"
"42","Nothosaurus_568","Nothosaurus_568.2"
"43","Caiman_yacare","Caiman_yacare.1"
"44","Spinosaurus_","Spinosaurus_.1"
"45","Spinosaurus_","Spinosaurus_.2"
"46","Spinosaurus_","Spinosaurus_.3"
"47","Spinosaurus_","Spinosaurus_.4"
"48","Spinosaurus_","Spinosaurus_.5"
"49","Spinosaurus_","Spinosaurus_.6"
"50","Spinosaurus_","Spinosaurus_.7"
"51","Spinosaurus_","Spinosaurus_.8"
"52","Spinosaurus_","Spinosaurus_.9"
"53","Spinosaurus_","Spinosaurus_.10"
"54","Spinosaurus_","Spinosaurus_.11"
"55","Suchomimus","Suchomimus.1"
"56","Suchomimus","Suchomimus.2"
"57","Suchomimus","Suchomimus.3"
"58","Baryonyx","Baryonyx.1"
"59","Baryonyx","Baryonyx.2"
"60","Baryonyx","Baryonyx.3"
 
* Phylo tree and the main data and strata files have been modified to include duplicated taxa before the scaled random trees are generated.
* Selected categorical labels column: diving.or.not
* diving.or.equal column is identical to Diving column.
* Regression excludes flying taxa.
* Diving labels that are present in regression: 0,2
* lambda (calculated from a random tree) = : 0.15
* index-name alignment check: OK
