Logfile for a session of program: bootstrap_binary.r
-----------------------------------------------------
INPUT:
workDir: C:/dino_nature/output/2023-11-07-D1\bs/set_931
Nbootstrapsets: 2000
phyloFDAfile: c:/dino_nature/code/phylo.fda.R
auxFile: c:/dino_nature/code/auxiliary.r
boneType: femur
regressionData.file: C:/dino_nature/output/2023-11-07-D1\bs/set_931/femur_set_931.csv
applyDataFilter: FALSE
addTreeTips: TRUE
Ntrees: 100
calculateTrees: TRUE
saveTrees: FALSE


OPERATIONAL CHECKS:
* Regression data contains multiple copies of some taxa (user added variants of existing test taxa 
   or replacements due to bootstrap are present) which are not in the phylo tree:
     original taxon,   duplicate   
"1","Dicerorhinus_sumatrensis","Dicerorhinus_sumatrensis.1"
"2","Meles_meles","Meles_meles.1"
"3","Strigiops_habroptilus","Strigiops_habroptilus.1"
"4","Strigiops_habroptilus","Strigiops_habroptilus.2"
"5","Rhinoceros_sondaicus","Rhinoceros_sondaicus.1"
"6","Meles_meles","Meles_meles.2"
"7","Dasyurus_maculatus","Dasyurus_maculatus.1"
"8","Dicerorhinus_sumatrensis","Dicerorhinus_sumatrensis.2"
"9","Giraffa_camelopardalis","Giraffa_camelopardalis.1"
"10","Giraffa_camelopardalis","Giraffa_camelopardalis.2"
"11","Xenicus_giliventris","Xenicus_giliventris.1"
"12","Sphenodon_punctatus","Sphenodon_punctatus.1"
"13","Monodelphis_domestica","Monodelphis_domestica.1"
"14","Taxidea_taxus","Taxidea_taxus.1"
"15","Raphus","Raphus.1"
"16","Brachyodus_onoideum","Brachyodus_onoideum.1"
"17","Syncerus_caffer","Syncerus_caffer.1"
"18","Mus_musculus","Mus_musculus.1"
"19","Elomeryx_borbonicus_","Elomeryx_borbonicus_.1"
"20","Spheniscus","Spheniscus.1"
"21","Dyrosaurid","Dyrosaurid.1"
"22","Basilosaurus","Basilosaurus.1"
"23","Basilosaurus","Basilosaurus.2"
"24","Remingtonocetus","Remingtonocetus.1"
"25","Noemys_fodies","Noemys_fodies.1"
"26","Remingtonocetus","Remingtonocetus.2"
"27","Nothosaurus_giganteus","Nothosaurus_giganteus.1"
"28","Pistosaurus","Pistosaurus.1"
"29","Basilosaurus","Basilosaurus.3"
"30","Simosaurus_1","Simosaurus_1.1"
"31","Ichtyosaur_sp","Ichtyosaur_sp.1"
"32","Hesperornis","Hesperornis.1"
"33","Spheniscus","Spheniscus.2"
"34","Ornithorhynchus_anatinus","Ornithorhynchus_anatinus.1"
"35","Caiman_yacare","Caiman_yacare.1"
"36","Noemys_fodies","Noemys_fodies.2"
"37","Hexaprotodon_garyam","Hexaprotodon_garyam.1"
"38","Nothosaurus_mirabilis_1","Nothosaurus_mirabilis_1.1"
"39","Spheniscus","Spheniscus.3"
"40","Noemys_fodies","Noemys_fodies.3"
"41","Desmostylus_hesperus","Desmostylus_hesperus.1"
"42","Nothosaurus_150","Nothosaurus_150.1"
"43","Spinosaurus_","Spinosaurus_.1"
"44","Spinosaurus_","Spinosaurus_.2"
"45","Spinosaurus_","Spinosaurus_.3"
"46","Spinosaurus_","Spinosaurus_.4"
"47","Spinosaurus_","Spinosaurus_.5"
"48","Spinosaurus_","Spinosaurus_.6"
"49","Spinosaurus_","Spinosaurus_.7"
"50","Spinosaurus_","Spinosaurus_.8"
"51","Spinosaurus_","Spinosaurus_.9"
"52","Spinosaurus_","Spinosaurus_.10"
"53","Spinosaurus_","Spinosaurus_.11"
"54","Suchomimus","Suchomimus.1"
"55","Suchomimus","Suchomimus.2"
"56","Suchomimus","Suchomimus.3"
"57","Baryonyx","Baryonyx.1"
"58","Baryonyx","Baryonyx.2"
"59","Baryonyx","Baryonyx.3"
 
* Phylo tree and the main data and strata files have been modified to include duplicated taxa before the scaled random trees are generated.
* Selected categorical labels column: diving.or.not
* diving.or.equal column is identical to Diving column.
* Regression excludes flying taxa.
* Diving labels that are present in regression: 0,2
* lambda (calculated from a random tree) = : 0.08
* index-name alignment check: OK
