Logfile for a session of program: bootstrap_binary.r
-----------------------------------------------------
INPUT:
workDir: C:/dino_nature/output/2023-11-07-D1\bs/set_955
Nbootstrapsets: 2000
phyloFDAfile: c:/dino_nature/code/phylo.fda.R
auxFile: c:/dino_nature/code/auxiliary.r
boneType: femur
regressionData.file: C:/dino_nature/output/2023-11-07-D1\bs/set_955/femur_set_955.csv
applyDataFilter: FALSE
addTreeTips: TRUE
Ntrees: 100
calculateTrees: TRUE
saveTrees: FALSE


OPERATIONAL CHECKS:
* Regression data contains multiple copies of some taxa (user added variants of existing test taxa 
   or replacements due to bootstrap are present) which are not in the phylo tree:
     original taxon,   duplicate   
"1","Nyctereutes_procyonoides","Nyctereutes_procyonoides.1"
"2","Nyctereutes_procyonoides","Nyctereutes_procyonoides.2"
"3","Bos_taurus","Bos_taurus.1"
"4","Rattus_rattus","Rattus_rattus.1"
"5","Lacerta_viridis","Lacerta_viridis.1"
"6","Tenrec_ecaudatus","Tenrec_ecaudatus.1"
"7","Lacerta_viridis","Lacerta_viridis.2"
"8","Rhynchocyon_petersi","Rhynchocyon_petersi.1"
"9","Lacerta_viridis","Lacerta_viridis.3"
"10","Dama_dama","Dama_dama.1"
"11","Rhynchocyon_petersi","Rhynchocyon_petersi.2"
"12","Dama_dama","Dama_dama.2"
"13","Atlantisia_rogersi","Atlantisia_rogersi.1"
"14","Tribonyx_mortieri","Tribonyx_mortieri.1"
"15","Mus_musculus","Mus_musculus.1"
"16","Lama_guanicoe","Lama_guanicoe.1"
"17","Atlantisia_rogersi","Atlantisia_rogersi.2"
"18","Elephas_maximus","Elephas_maximus.1"
"19","Tribonyx_mortieri","Tribonyx_mortieri.2"
"20","Tribonyx_mortieri","Tribonyx_mortieri.3"
"21","Microgale_thomasi","Microgale_thomasi.1"
"22","Rhynchocyon_petersi","Rhynchocyon_petersi.3"
"23","Elomeryx_borbonicus_","Elomeryx_borbonicus_.1"
"24","Lama_guanicoe","Lama_guanicoe.2"
"25","Elomeryx_borbonicus_","Elomeryx_borbonicus_.2"
"26","Capreolus_capreolus","Capreolus_capreolus.1"
"27","Castor_fiber","Castor_fiber.1"
"28","Palaeospheniscus","Palaeospheniscus.1"
"29","Rodhocetus","Rodhocetus.1"
"30","Rodhocetus","Rodhocetus.2"
"31","Rhaeticosaurus","Rhaeticosaurus.1"
"32","Spheniscus","Spheniscus.1"
"33","Anarosaurus","Anarosaurus.1"
"34","Caiman_yacare","Caiman_yacare.1"
"35","Placodontia_indet_1","Placodontia_indet_1.1"
"36","Desmana_moschata","Desmana_moschata.1"
"37","Caiman_yacare","Caiman_yacare.2"
"38","Nanophoca_vitulinoides","Nanophoca_vitulinoides.1"
"39","Desmana_moschata","Desmana_moschata.2"
"40","Hexaprotodon_garyam","Hexaprotodon_garyam.1"
"41","Placodontia_indet_1","Placodontia_indet_1.2"
"42","Cryptoclidus","Cryptoclidus.1"
"43","Pistosaurus","Pistosaurus.1"
"44","Choeropsis_liberiensis","Choeropsis_liberiensis.1"
"45","Leptophoca_proxima","Leptophoca_proxima.1"
"46","Cryptoclidus","Cryptoclidus.2"
"47","Ichtyosaur_sp","Ichtyosaur_sp.1"
"48","Anarosaurus","Anarosaurus.2"
"49","Hydromys_chrysogaster","Hydromys_chrysogaster.1"
"50","Spinosaurus_","Spinosaurus_.1"
"51","Spinosaurus_","Spinosaurus_.2"
"52","Spinosaurus_","Spinosaurus_.3"
"53","Spinosaurus_","Spinosaurus_.4"
"54","Spinosaurus_","Spinosaurus_.5"
"55","Spinosaurus_","Spinosaurus_.6"
"56","Spinosaurus_","Spinosaurus_.7"
"57","Spinosaurus_","Spinosaurus_.8"
"58","Spinosaurus_","Spinosaurus_.9"
"59","Spinosaurus_","Spinosaurus_.10"
"60","Spinosaurus_","Spinosaurus_.11"
"61","Suchomimus","Suchomimus.1"
"62","Suchomimus","Suchomimus.2"
"63","Suchomimus","Suchomimus.3"
"64","Baryonyx","Baryonyx.1"
"65","Baryonyx","Baryonyx.2"
"66","Baryonyx","Baryonyx.3"
 
* Phylo tree and the main data and strata files have been modified to include duplicated taxa before the scaled random trees are generated.
* Selected categorical labels column: diving.or.not
* diving.or.equal column is identical to Diving column.
* Regression excludes flying taxa.
* Diving labels that are present in regression: 0,2
* lambda (calculated from a random tree) = : 0.04
* index-name alignment check: OK
