Logfile for a session of program: bootstrap_binary.r
-----------------------------------------------------
INPUT:
workDir: C:/dino_nature/output/2023-11-07-D1\bs/set_1121
Nbootstrapsets: 2000
phyloFDAfile: c:/dino_nature/code/phylo.fda.R
auxFile: c:/dino_nature/code/auxiliary.r
boneType: femur
regressionData.file: C:/dino_nature/output/2023-11-07-D1\bs/set_1121/femur_set_1121.csv
applyDataFilter: FALSE
addTreeTips: TRUE
Ntrees: 100
calculateTrees: TRUE
saveTrees: FALSE


OPERATIONAL CHECKS:
* Regression data contains multiple copies of some taxa (user added variants of existing test taxa 
   or replacements due to bootstrap are present) which are not in the phylo tree:
     original taxon,   duplicate   
"1","Hemiechinus_azurites","Hemiechinus_azurites.1"
"2","Microgale_thomasi","Microgale_thomasi.1"
"3","Lacerta_viridis","Lacerta_viridis.1"
"4","Alces_americanus","Alces_americanus.1"
"5","Procavia_capensis","Procavia_capensis.1"
"6","Rynochetus_jubatus","Rynochetus_jubatus.1"
"7","Atlantisia_rogersi","Atlantisia_rogersi.1"
"8","Tamandua_tetradactyla","Tamandua_tetradactyla.1"
"9","Megaloceros_sp","Megaloceros_sp.1"
"10","Alces_americanus","Alces_americanus.2"
"11","Tribonyx_mortieri","Tribonyx_mortieri.1"
"12","Rupicapra_rupicapra","Rupicapra_rupicapra.1"
"13","Raphus","Raphus.1"
"14","Alces_americanus","Alces_americanus.3"
"15","Tamandua_tetradactyla","Tamandua_tetradactyla.2"
"16","Strigiops_habroptilus","Strigiops_habroptilus.1"
"17","Tamandua_tetradactyla","Tamandua_tetradactyla.3"
"18","Giraffa_camelopardalis","Giraffa_camelopardalis.1"
"19","Porphyrio_hochstetteri","Porphyrio_hochstetteri.1"
"20","Pistosaurus","Pistosaurus.1"
"21","Rhaeticosaurus","Rhaeticosaurus.1"
"22","Alligator","Alligator.1"
"23","Simosaurus","Simosaurus.1"
"24","Caiman_yacare","Caiman_yacare.1"
"25","Alligator","Alligator.2"
"26","Nothosaurus_150","Nothosaurus_150.1"
"27","Nothosaurus_mirabilis_1","Nothosaurus_mirabilis_1.1"
"28","Nothosaurus_150","Nothosaurus_150.2"
"29","Basilosaurus","Basilosaurus.1"
"30","Micropotamogale_euwenzorii","Micropotamogale_euwenzorii.1"
"31","Maiacetus","Maiacetus.1"
"32","Remingtonocetus","Remingtonocetus.1"
"33","Chapsosaurus_","Chapsosaurus_.1"
"34","Chironectes_minimus","Chironectes_minimus.1"
"35","Cricosaurus","Cricosaurus.1"
"36","Hydromys_chrysogaster","Hydromys_chrysogaster.1"
"37","Serpianosaurus","Serpianosaurus.1"
"38","Caiman_yacare","Caiman_yacare.2"
"39","Simosaurus","Simosaurus.2"
"40","Maiacetus","Maiacetus.2"
"41","Remingtonocetus","Remingtonocetus.2"
"42","Spinosaurus_","Spinosaurus_.1"
"43","Spinosaurus_","Spinosaurus_.2"
"44","Spinosaurus_","Spinosaurus_.3"
"45","Spinosaurus_","Spinosaurus_.4"
"46","Spinosaurus_","Spinosaurus_.5"
"47","Spinosaurus_","Spinosaurus_.6"
"48","Spinosaurus_","Spinosaurus_.7"
"49","Spinosaurus_","Spinosaurus_.8"
"50","Spinosaurus_","Spinosaurus_.9"
"51","Spinosaurus_","Spinosaurus_.10"
"52","Spinosaurus_","Spinosaurus_.11"
"53","Suchomimus","Suchomimus.1"
"54","Suchomimus","Suchomimus.2"
"55","Suchomimus","Suchomimus.3"
"56","Baryonyx","Baryonyx.1"
"57","Baryonyx","Baryonyx.2"
"58","Baryonyx","Baryonyx.3"
 
* Phylo tree and the main data and strata files have been modified to include duplicated taxa before the scaled random trees are generated.
* Selected categorical labels column: diving.or.not
* diving.or.equal column is identical to Diving column.
* Regression excludes flying taxa.
* Diving labels that are present in regression: 0,2
* lambda (calculated from a random tree) = : 0.08
* index-name alignment check: OK
